diamond v2.0.11.149 (C) Max Planck Society for the Advancement of Science
Documentation, support and updates available at http://www.diamondsearch.org
Please cite: http://dx.doi.org/10.1038/s41592-021-01101-x Nature Methods (2021)

#CPU threads: 1
Scoring parameters: (Matrix=BLOSUM62 Lambda=0.267 K=0.041 Penalties=11/1)
Temporary directory: iphop_out/AOLZ01000012.1.fasta/Wdir
#Target sequences to report alignments for: 10000
Opening the database...  [0.849s]
Database: /bioinf/transfer/tal/iphop_db/db/rafah_data/RaFAH_ref_cds.dmnd (type: Diamond database, sequences: 1026285, letters: 229470696)
Block size = 2000000000
Opening the input file...  [0.003s]
Opening the output file...  [0.001s]
Loading query sequences...  [0s]
Masking queries...  [0.009s]
Algorithm: Double-indexed
Building query histograms...  [0.002s]
Allocating buffers...  [0s]
Loading reference sequences...  [4.895s]
Masking reference...  [12.162s]
Initializing temporary storage...  [0.081s]
Building reference histograms...  [4.982s]
Allocating buffers...  [0s]
Processing query block 1, reference block 1/1, shape 1/2, index chunk 1/4.
Building reference seed array...  [3.317s]
Building query seed array...  [0.002s]
Computing hash join...  [0.623s]
Building seed filter...  [0.001s]
Searching alignments...  [0.005s]
Processing query block 1, reference block 1/1, shape 1/2, index chunk 2/4.
Building reference seed array...  [4.101s]
Building query seed array...  [0.003s]
Computing hash join...  [0.623s]
Building seed filter...  [0.001s]
Searching alignments...  [0.002s]
Processing query block 1, reference block 1/1, shape 1/2, index chunk 3/4.
Building reference seed array...  [4.321s]
Building query seed array...  [0.003s]
Computing hash join...  [0.62s]
Building seed filter...  [0s]
Searching alignments...  [0.004s]
Processing query block 1, reference block 1/1, shape 1/2, index chunk 4/4.
Building reference seed array...  [3.251s]
Building query seed array...  [0.002s]
Computing hash join...  [0.625s]
Building seed filter...  [0.001s]
Searching alignments...  [0.002s]
Processing query block 1, reference block 1/1, shape 2/2, index chunk 1/4.
Building reference seed array...  [3.145s]
Building query seed array...  [0.002s]
Computing hash join...  [0.578s]
Building seed filter...  [0s]
Searching alignments...  [0.002s]
Processing query block 1, reference block 1/1, shape 2/2, index chunk 2/4.
Building reference seed array...  [4.042s]
Building query seed array...  [0.002s]
Computing hash join...  [0.614s]
Building seed filter...  [0s]
Searching alignments...  [0.003s]
Processing query block 1, reference block 1/1, shape 2/2, index chunk 3/4.
Building reference seed array...  [4.281s]
Building query seed array...  [0.002s]
Computing hash join...  [0.611s]
Building seed filter...  [0.001s]
Searching alignments...  [0.002s]
Processing query block 1, reference block 1/1, shape 2/2, index chunk 4/4.
Building reference seed array...  [3.151s]
Building query seed array...  [0.002s]
Computing hash join...  [0.614s]
Building seed filter...  [0s]
Searching alignments...  [0.002s]
Deallocating buffers...  [0.002s]
Clearing query masking...  [0s]
Computing alignments...  [0.094s]
Deallocating reference...  [0.003s]
Loading reference sequences...  [0s]
Deallocating buffers...  [0s]
Deallocating queries...  [0s]
Loading query sequences...  [0s]
Closing the input file...  [0s]
Closing the output file...  [0.002s]
Cleaning up...  [0s]
Total time = 57.793s
Reported 680 pairwise alignments, 680 HSPs.
41 queries aligned.
