#                                                                            --- full sequence --- -------------- this domain -------------   hmm coord   ali coord   env coord
# target name        accession   tlen query name           accession   qlen   E-value  score  bias   #  of  c-Evalue  i-Evalue  score  bias  from    to  from    to  from    to  acc description of target
#------------------- ---------- ----- -------------------- ---------- ----- --------- ------ ----- --- --- --------- --------- ------ ----- ----- ----- ----- ----- ----- ----- ---- ---------------------
54                   -            303 5evjA01-i2           -            235   0.00024   22.5   0.0   1   2   2.3e-06      0.15   13.3   0.0    31    80    96   146    82   167 0.87 -
54                   -            303 5evjA01-i2           -            235   0.00024   22.5   0.0   2   2    0.0002        13    7.0   0.0   166   191   249   279   230   291 0.72 -
49                   -            537 2z30A00-i2           -            320   1.1e-49  171.3  28.6   1   1   2.6e-54   1.7e-49  170.7  28.6    17   316   212   498   199   500 0.85 -
49                   -            537 4hvlA00-i2           -            377   4.9e-54  185.5  32.9   1   1   1.2e-58   7.5e-54  184.9  32.9    40   368   200   498   175   501 0.86 -
3                    -            594 3he5A00-i2           -             49    0.0001   23.9  12.9   1   4    0.0088   5.8e+02    2.3   0.0    17    42   313   338   312   341 0.80 -
3                    -            594 3he5A00-i2           -             49    0.0001   23.9  12.9   2   4   2.3e-07     0.015   17.0   0.6    10    44   379   413   375   414 0.90 -
3                    -            594 3he5A00-i2           -             49    0.0001   23.9  12.9   3   4    0.0069   4.5e+02    2.6   0.1    31    39   417   425   415   430 0.52 -
3                    -            594 3he5A00-i2           -             49    0.0001   23.9  12.9   4   4   0.00019        12    7.6   0.5    20    45   450   475   449   478 0.88 -
5                    -            114 3mq0A01-i2           -             79   0.00013   23.4   1.1   1   2      0.31     2e+04   -2.9   0.0    30    36    18    24    16    27 0.71 -
5                    -            114 3mq0A01-i2           -             79   0.00013   23.4   1.1   2   2   2.4e-09   0.00016   23.2   0.2    16    64    51    98    47   108 0.88 -
23                   -            420 1a0pA01-i2           -             98   2.6e-05   26.6   0.8   1   2   3.5e-09   0.00023   23.6   0.2    10    95   104   203    96   204 0.74 -
23                   -            420 1a0pA01-i2           -             98   2.6e-05   26.6   0.8   2   2     0.054   3.5e+03    0.6   0.0    25    68   362   406   361   413 0.74 -
54                   -            303 5n5dB00-i2           -            226   1.2e-05   26.7   0.0   1   2      0.07   4.5e+03   -1.3   0.0   159   181    15    37     9    60 0.76 -
54                   -            303 5n5dB00-i2           -            226   1.2e-05   26.7   0.0   2   2   9.6e-10   6.2e-05   24.4   0.0    35   110    72   148    65   167 0.87 -
54                   -            303 3cbgA00-i2           -            232   0.00011   23.6   0.0   1   2      0.13   8.4e+03   -2.2   0.0   171   191    15    35     7    62 0.72 -
54                   -            303 3cbgA00-i2           -            232   0.00011   23.6   0.0   2   2   4.3e-09   0.00028   22.2   0.0    49   120    75   147    55   171 0.85 -
5                    -            114 1r1tA00-i2           -             99   3.8e-09   38.0   0.3   1   1   1.9e-13   6.1e-09   37.4   0.3    21    83    44   107    15   112 0.93 -
3                    -            594 1r1tA00-i2           -             99   4.2e-06   28.2   0.2   1   1   3.9e-10   1.3e-05   26.7   0.2    22    89   515   585   500   591 0.85 -
54                   -            303 6aw4A00-i2           -            228   1.2e-05   26.6   0.0   1   2      0.15     1e+04   -2.6   0.0   159   175    16    32    10    62 0.66 -
54                   -            303 6aw4A00-i2           -            228   1.2e-05   26.6   0.0   2   2   6.1e-10     4e-05   24.9   0.0    36   107    76   148    65   168 0.84 -
49                   -            537 3f7mA00-i2           -            279   1.8e-50  173.7  23.1   1   1   4.7e-55     3e-50  172.9  23.1    16   255   206   472   198   485 0.81 -
54                   -            303 5c1iA00-i2           -            251   1.5e-05   26.5   0.0   1   1   3.5e-10   2.3e-05   25.8   0.0    86   139    96   149    80   285 0.85 -
41                   -            249 4ywkA01-i2           -            100   4.4e-15   57.7   0.1   1   1     2e-19   6.7e-15   57.1   0.1     6   100    10    95     6    95 0.87 -
27                   -            323 4ywkA01-i2           -            100   9.4e-10   40.6   0.0   1   1   5.3e-14   1.7e-09   39.7   0.0     7   100     6    97     1    97 0.81 -
54                   -            303 3c3pA00-i2           -            210   1.4e-05   26.7   0.0   1   2      0.29   1.9e+04   -3.1   0.0   148   163    14    29    10    40 0.77 -
54                   -            303 3c3pA00-i2           -            210   1.4e-05   26.7   0.0   2   2   9.1e-10     6e-05   24.6   0.0    29   104    71   147    56   162 0.86 -
54                   -            303 2o57D00-i2           -            268   0.00099   20.4   0.0   1   2   7.5e-05       4.9    8.3   0.0    50    98    96   146    59   166 0.86 -
54                   -            303 2o57D00-i2           -            268   0.00099   20.4   0.0   2   2   2.2e-05       1.4   10.0   0.0   157   204   251   284   232   299 0.73 -
49                   -            537 2gkoA00-i2           -            309   4.1e-54  185.8  28.9   1   1     1e-58   6.6e-54  185.1  28.9    16   280   212   473   201   487 0.86 -
5                    -            114 3cuoD00-i2           -             99   6.7e-09   37.3   0.6   1   2       1.2   2.6e+04   -3.1   0.0    27    33    18    24    10    30 0.52 -
5                    -            114 3cuoD00-i2           -             99   6.7e-09   37.3   0.6   2   2   3.9e-13   8.5e-09   37.0   0.2    21    85    43   107    32   111 0.92 -
3                    -            594 3cuoD00-i2           -             99   6.9e-06   27.6   0.1   1   1   9.8e-10   2.1e-05   26.1   0.1    28    92   520   586   498   591 0.85 -
52                   -            124 3cuoD00-i2           -             99   0.00074   21.1   0.0   1   1   4.2e-08   0.00091   20.8   0.0    18    85    28    97    18   111 0.81 -
5                    -            114 3echA01-i2           -            134   0.00028   22.6   0.4   1   1     7e-09   0.00046   22.0   0.2    28    84    45    98    20   107 0.88 -
5                    -            114 5dukB00-i2           -             77   3.7e-08   34.8   0.0   1   1   9.8e-13   6.4e-08   34.0   0.0     9    62    46    99    43   107 0.93 -
49                   -            537 2x8jB01-i2           -            312   1.4e-50  174.0  27.7   1   1   3.4e-55   2.2e-50  173.3  27.7    29   303   211   491   193   497 0.80 -
49                   -            537 3f7oA00-i2           -            284   1.9e-50  173.7  23.7   1   1   4.6e-55     3e-50  173.0  23.7    17   259   206   474   197   489 0.84 -
1                    -            420 5u91A02-i2           -            200   4.1e-20   74.3   0.6   1   2       0.3   9.7e+03   -2.0   0.0    87   100    47    60    15   109 0.57 -
1                    -            420 5u91A02-i2           -            200   4.1e-20   74.3   0.6   2   2     3e-24   9.9e-20   73.1   0.2    22   195   143   311   131   312 0.81 -
23                   -            420 5u91A02-i2           -            200   9.1e-10   40.6   0.2   1   2     0.012   3.8e+02    2.6   0.0    86   137   117   185    87   209 0.69 -
23                   -            420 5u91A02-i2           -            200   9.1e-10   40.6   0.2   2   2   8.3e-13   2.7e-08   35.8   0.0     7   152   226   351   221   358 0.80 -
49                   -            537 4kg7A00-i2           -            381   1.2e-53  184.4  33.0   1   1 