diamond v2.0.11.149 (C) Max Planck Society for the Advancement of Science
Documentation, support and updates available at http://www.diamondsearch.org
Please cite: http://dx.doi.org/10.1038/s41592-021-01101-x Nature Methods (2021)

#CPU threads: 1
Scoring parameters: (Matrix=BLOSUM62 Lambda=0.267 K=0.041 Penalties=11/1)
Temporary directory: iphop_out/AOJE01000051.1.fasta/Wdir
#Target sequences to report alignments for: 10000
Opening the database...  [0.757s]
Database: /bioinf/transfer/tal/iphop_db/db/rafah_data/RaFAH_ref_cds.dmnd (type: Diamond database, sequences: 1026285, letters: 229470696)
Block size = 2000000000
Opening the input file...  [0.001s]
Opening the output file...  [0.015s]
Loading query sequences...  [0s]
Masking queries...  [0.002s]
Algorithm: Double-indexed
Building query histograms...  [0.001s]
Allocating buffers...  [0s]
Loading reference sequences...  [3.551s]
Masking reference...  [11.957s]
Initializing temporary storage...  [0.042s]
Building reference histograms...  [5.019s]
Allocating buffers...  [0s]
Processing query block 1, reference block 1/1, shape 1/2, index chunk 1/4.
Building reference seed array...  [3.322s]
Building query seed array...  [0s]
Computing hash join...  [0.57s]
Building seed filter...  [0.001s]
Searching alignments...  [0.003s]
Processing query block 1, reference block 1/1, shape 1/2, index chunk 2/4.
Building reference seed array...  [4.104s]
Building query seed array...  [0.001s]
Computing hash join...  [0.572s]
Building seed filter...  [0.001s]
Searching alignments...  [0.001s]
Processing query block 1, reference block 1/1, shape 1/2, index chunk 3/4.
Building reference seed array...  [4.332s]
Building query seed array...  [0s]
Computing hash join...  [0.565s]
Building seed filter...  [0s]
Searching alignments...  [0.001s]
Processing query block 1, reference block 1/1, shape 1/2, index chunk 4/4.
Building reference seed array...  [3.182s]
Building query seed array...  [0s]
Computing hash join...  [0.567s]
Building seed filter...  [0.001s]
Searching alignments...  [0.001s]
Processing query block 1, reference block 1/1, shape 2/2, index chunk 1/4.
Building reference seed array...  [3.178s]
Building query seed array...  [0s]
Computing hash join...  [0.556s]
Building seed filter...  [0s]
Searching alignments...  [0s]
Processing query block 1, reference block 1/1, shape 2/2, index chunk 2/4.
Building reference seed array...  [4.032s]
Building query seed array...  [0s]
Computing hash join...  [0.559s]
Building seed filter...  [0s]
Searching alignments...  [0.001s]
Processing query block 1, reference block 1/1, shape 2/2, index chunk 3/4.
Building reference seed array...  [4.295s]
Building query seed array...  [0s]
Computing hash join...  [0.567s]
Building seed filter...  [0.001s]
Searching alignments...  [0.001s]
Processing query block 1, reference block 1/1, shape 2/2, index chunk 4/4.
Building reference seed array...  [3.182s]
Building query seed array...  [0s]
Computing hash join...  [0.553s]
Building seed filter...  [0s]
Searching alignments...  [0s]
Deallocating buffers...  [0.002s]
Clearing query masking...  [0s]
Computing alignments...  [0.041s]
Deallocating reference...  [0.003s]
Loading reference sequences...  [0s]
Deallocating buffers...  [0s]
Deallocating queries...  [0s]
Loading query sequences...  [0s]
Closing the input file...  [0s]
Closing the output file...  [0.001s]
Cleaning up...  [0s]
Total time = 55.714s
Reported 14 pairwise alignments, 14 HSPs.
6 queries aligned.
