/home/dlueckin/bin/miniconda3/envs/iphop_mamba/lib/python3.7/site-packages/iphop/utils/
Loading custom kmer counting
Processing Frome_NODE_15509_length_4607_cov_7.339851.fasta
Processing Torrens_NODE_2029_length_12012_cov_23.663126.fasta
Processing Kenyon_NODE_596_length_16493_cov_7.34451.fasta
Processing Gairdner_NODE_200_length_38460_cov_9.422054.fasta
Processing Eyre_NODE_3967_length_9655_cov_16.4747.fasta
Processing Gairdner_NODE_167_length_41210_cov_9.888325.fasta
Processing Tyrell_NODE_6051_length_7332_cov_4.201457.fasta
Processing Frome_NODE_5173_length_7875_cov_23.618542.fasta
Processing Frome_NODE_9768_length_5756_cov_4.674268.fasta
Processing Gairdner_NODE_2803_length_13236_cov_7.077763.fasta
Processing Eyre_NODE_24569_length_4005_cov_3.34962.fasta
Processing Gairdner_NODE_118_length_47723_cov_5.388856.fasta
Processing Eyre_NODE_32600_length_3487_cov_2.67279.fasta
Processing Frome_NODE_383_length_24936_cov_4.316346.fasta
Processing Gairdner_NODE_74_length_59309_cov_8.317565.fasta
Processing Eyresouth_NODE_101_length_48437_cov_7.17035.fasta
Processing Gairdner_NODE_35642_length_4302_cov_2.899223.fasta
Processing Gairdner_NODE_22520_length_5296_cov_5.021370.fasta
Processing Gairdner_NODE_4298_length_11003_cov_3.762240.fasta
Processing Frome_NODE_208_length_31991_cov_42.105993.fasta
Processing Eyresouth_NODE_218_length_34093_cov_9.73377.fasta
Processing Gairdner_NODE_217_length_37248_cov_7.812599.fasta
Processing Gairdner_NODE_29507_length_4689_cov_5.089555.fasta
Processing Eyre_NODE_236_length_33155_cov_19.932.fasta
Processing Frome_NODE_5768_length_7469_cov_22.360534.fasta
Processing Gairdner_NODE_144_length_43966_cov_7.457380.fasta
Processing Gairdner_NODE_22962_length_5252_cov_4.041755.fasta
Processing Tyrell_NODE_42_length_52436_cov_43.400050.fasta
Processing Gairdner_NODE_1649_length_16492_cov_7.650423.fasta
Processing Gairdner_NODE_107_length_49922_cov_74.384603.fasta
Preparing output file
bacteriaNum 60000
Counting score	 Gairdner_NODE_118_length_47723_cov_5.388856.fasta 1/30
Counting score	 Gairdner_NODE_167_length_41210_cov_9.888325.fasta 2/30
Counting score	 Eyresouth_NODE_101_length_48437_cov_7.17035.fasta 3/30
Counting score	 Gairdner_NODE_74_length_59309_cov_8.317565.fasta 4/30
Counting score	 Torrens_NODE_2029_length_12012_cov_23.663126.fasta 5/30
Counting score	 Eyre_NODE_32600_length_3487_cov_2.67279.fasta 6/30
Counting score	 Gairdner_NODE_200_length_38460_cov_9.422054.fasta 7/30
Counting score	 Gairdner_NODE_22962_length_5252_cov_4.041755.fasta 8/30
Counting score	 Frome_NODE_5768_length_7469_cov_22.360534.fasta 9/30
Counting score	 Frome_NODE_383_length_24936_cov_4.316346.fasta 10/30
Counting score	 Frome_NODE_208_length_31991_cov_42.105993.fasta 11/30
Counting score	 Frome_NODE_5173_length_7875_cov_23.618542.fasta 12/30
Counting score	 Gairdner_NODE_2803_length_13236_cov_7.077763.fasta 13/30
Counting score	 Kenyon_NODE_596_length_16493_cov_7.34451.fasta 14/30
Counting score	 Gairdner_NODE_1649_length_16492_cov_7.650423.fasta 15/30
Counting score	 Gairdner_NODE_22520_length_5296_cov_5.021370.fasta 16/30
Counting score	 Gairdner_NODE_217_length_37248_cov_7.812599.fasta 17/30
Counting score	 Eyresouth_NODE_218_length_34093_cov_9.73377.fasta 18/30
Counting score	 Eyre_NODE_3967_length_9655_cov_16.4747.fasta 19/30
Counting score	 Gairdner_NODE_29507_length_4689_cov_5.089555.fasta 20/30
Counting score	 Tyrell_NODE_6051_length_7332_cov_4.201457.fasta 21/30
Counting score	 Frome_NODE_15509_length_4607_cov_7.339851.fasta 22/30
Counting score	 Tyrell_NODE_42_length_52436_cov_43.400050.fasta 23/30
Counting score	 Frome_NODE_9768_length_5756_cov_4.674268.fasta 24/30
Counting score	 Gairdner_NODE_35642_length_4302_cov_2.899223.fasta 25/30
Counting score	 Gairdner_NODE_4298_length_11003_cov_3.762240.fasta 26/30
Counting score	 Gairdner_NODE_144_length_43966_cov_7.457380.fasta 27/30
Counting score	 Eyre_NODE_236_length_33155_cov_19.932.fasta 28/30
Counting score	 Eyre_NODE_24569_length_4005_cov_3.34962.fasta 29/30
Counting score	 Gairdner_NODE_107_length_49922_cov_74.384603.fasta 30/30
