diamond v2.0.11.149 (C) Max Planck Society for the Advancement of Science
Documentation, support and updates available at http://www.diamondsearch.org
Please cite: http://dx.doi.org/10.1038/s41592-021-01101-x Nature Methods (2021)

#CPU threads: 1
Scoring parameters: (Matrix=BLOSUM62 Lambda=0.267 K=0.041 Penalties=11/1)
Temporary directory: iphop_out/Frome_NODE_383_length_24936_cov_4.316346/Wdir
#Target sequences to report alignments for: 10000
Opening the database...  [0.305s]
Database: /bioinf/transfer/tal/iphop_db/db/rafah_data/RaFAH_ref_cds.dmnd (type: Diamond database, sequences: 1026285, letters: 229470696)
Block size = 2000000000
Opening the input file...  [0.001s]
Opening the output file...  [0.001s]
Loading query sequences...  [0s]
Masking queries...  [0.001s]
Algorithm: Double-indexed
Building query histograms...  [0s]
Allocating buffers...  [0s]
Loading reference sequences...  [1.712s]
Masking reference...  [10.931s]
Initializing temporary storage...  [0.043s]
Building reference histograms...  [4.778s]
Allocating buffers...  [0s]
Processing query block 1, reference block 1/1, shape 1/2, index chunk 1/4.
Building reference seed array...  [3.259s]
Building query seed array...  [0s]
Computing hash join...  [0.753s]
Building seed filter...  [0.001s]
Searching alignments...  [0.016s]
Processing query block 1, reference block 1/1, shape 1/2, index chunk 2/4.
Building reference seed array...  [4.026s]
Building query seed array...  [0s]
Computing hash join...  [0.727s]
Building seed filter...  [0.001s]
Searching alignments...  [0s]
Processing query block 1, reference block 1/1, shape 1/2, index chunk 3/4.
Building reference seed array...  [4.228s]
Building query seed array...  [0s]
Computing hash join...  [0.766s]
Building seed filter...  [0s]
Searching alignments...  [0.001s]
Processing query block 1, reference block 1/1, shape 1/2, index chunk 4/4.
Building reference seed array...  [3.254s]
Building query seed array...  [0s]
Computing hash join...  [0.738s]
Building seed filter...  [0s]
Searching alignments...  [0.001s]
Processing query block 1, reference block 1/1, shape 2/2, index chunk 1/4.
Building reference seed array...  [2.901s]
Building query seed array...  [0s]
Computing hash join...  [0.449s]
Building seed filter...  [0.001s]
Searching alignments...  [0s]
Processing query block 1, reference block 1/1, shape 2/2, index chunk 2/4.
Building reference seed array...  [4.004s]
Building query seed array...  [0s]
Computing hash join...  [0.765s]
Building seed filter...  [0s]
Searching alignments...  [0s]
Processing query block 1, reference block 1/1, shape 2/2, index chunk 3/4.
Building reference seed array...  [4.088s]
Building query seed array...  [0s]
Computing hash join...  [0.749s]
Building seed filter...  [0s]
Searching alignments...  [0.001s]
Processing query block 1, reference block 1/1, shape 2/2, index chunk 4/4.
Building reference seed array...  [3.245s]
Building query seed array...  [0s]
Computing hash join...  [0.751s]
Building seed filter...  [0.001s]
Searching alignments...  [0s]
Deallocating buffers...  [0.002s]
Clearing query masking...  [0s]
Computing alignments...  [0.026s]
Deallocating reference...  [0.002s]
Loading reference sequences...  [0s]
Deallocating buffers...  [0s]
Deallocating queries...  [0s]
Loading query sequences...  [0s]
Closing the input file...  [0s]
Closing the output file...  [0.007s]
Cleaning up...  [0s]
Total time = 52.748s
Reported 2 pairwise alignments, 2 HSPs.
2 queries aligned.
