lcl|NZ_KX687704.1_prot_WP_088901252.1_1	>NZ_KX687704.1_1	100	1143	0	0	6	1148	1	1143	0.0	2246
lcl|NZ_KX687704.1_prot_WP_088901252.1_1	>NZ_LOAJ01000002.1_66	84.5	1153	174	2	1	1148	1	1153	0.0	1930
lcl|NZ_KX687704.1_prot_WP_088901252.1_1	>NZ_CP019329.1_124	29.3	1170	679	40	3	1091	5	1107	9.70e-96	328
lcl|NZ_KX687704.1_prot_WP_088901252.1_1	>NZ_AOIO01000049.1_42	28.5	1069	649	28	27	1031	31	1048	1.85e-89	310
lcl|NZ_KX687704.1_prot_WP_088901252.1_1	>NZ_CP084476.1_89	29.7	1083	625	37	15	1013	12	1042	3.96e-85	298
lcl|NZ_KX687704.1_prot_WP_170933398.1_2	>NZ_KX687704.1_2	100	40	0	0	16	55	1	40	2.60e-21	75.1
lcl|NZ_KX687704.1_prot_WP_088901253.1_3	>NZ_KX687704.1_3	100	110	0	0	1	110	1	110	5.50e-79	225
lcl|NZ_KX687704.1_prot_WP_141104803.1_4	>NZ_KX687704.1_4	100	229	0	0	1	229	1	229	1.04e-168	461
lcl|NZ_KX687704.1_prot_WP_088901255.1_5	>NZ_KX687704.1_5	100	218	0	0	1	218	1	218	3.12e-160	439
lcl|NZ_KX687704.1_prot_WP_088901255.1_5	>NZ_AOJE01000051.1_58	89.9	218	22	0	1	218	1	218	6.14e-142	393
lcl|NZ_KX687704.1_prot_WP_088901255.1_5	>NZ_RJJW01000001.1_473	87.2	218	28	0	1	218	1	218	3.26e-137	381
lcl|NZ_KX687704.1_prot_WP_088901255.1_5	>NZ_LOAJ01000002.1_62	83.0	218	37	0	1	218	1	218	5.76e-131	365
lcl|NZ_KX687704.1_prot_WP_088901255.1_5	>NZ_CP100004.1_130	33.8	154	83	5	58	208	46	183	1.48e-14	67.0
lcl|NZ_KX687704.1_prot_WP_236996085.1_8	>NZ_KX687704.1_9	99.9	908	1	0	1	908	59	966	0.0	1762
lcl|NZ_KX687704.1_prot_WP_236996085.1_8	>NZ_AOJE01000051.1_55	79.0	794	165	1	115	908	1	792	0.0	1222
lcl|NZ_KX687704.1_prot_WP_236996085.1_8	>NZ_LOAJ01000002.1_60	52.0	946	337	16	27	906	538	1432	3.40e-294	853
lcl|NZ_KX687704.1_prot_WP_236996085.1_8	>NZ_CP084476.1_75	28.9	883	516	29	21	862	26	837	2.26e-74	259
lcl|NZ_KX687704.1_prot_WP_236996085.1_8	>NZ_AOLZ01000012.1_20	27.9	860	539	26	30	856	72	883	3.09e-74	259
lcl|NZ_KX687704.1_prot_WP_236996085.1_8	>NZ_CP095494.1_39	28.2	858	524	24	32	863	262	1053	3.23e-73	259
lcl|NZ_KX687704.1_prot_WP_236996085.1_8	>NC_015659.1_101	29.5	838	505	27	30	840	279	1057	2.53e-72	256
lcl|NZ_KX687704.1_prot_WP_236996085.1_8	>NZ_CP095494.1_38	27.9	872	535	28	20	863	339	1144	9.13e-72	255
lcl|NZ_KX687704.1_prot_WP_236996085.1_8	>NZ_FNFE01000011.1_18	28.9	852	515	29	32	855	282	1070	6.95e-68	243
lcl|NZ_KX687704.1_prot_WP_236996085.1_8	>NZ_JAAOHU010000009.1_4	27.2	846	522	26	30	852	348	1122	2.55e-66	239
lcl|NZ_KX687704.1_prot_WP_236996085.1_8	>NZ_CP100004.1_5	27.7	857	514	33	39	854	83	874	4.46e-65	233
lcl|NZ_KX687704.1_prot_WP_236996085.1_8	>NZ_CP100004.1_143	27.7	857	514	33	39	854	83	874	4.46e-65	233
lcl|NZ_KX687704.1_prot_WP_236996085.1_8	>NZ_JDTG01000019.1_68	27.9	875	528	31	33	863	212	1027	1.20e-64	233
lcl|NZ_KX687704.1_prot_WP_236996085.1_8	>NZ_AOLM01000007.1_57	28.4	894	545	34	34	893	258	1090	5.15e-63	229
lcl|NZ_KX687704.1_prot_WP_236996085.1_8	>NZ_CP119801.1_43	28.3	858	505	32	33	855	41	823	1.35e-62	225
lcl|NZ_KX687704.1_prot_WP_236996085.1_8	>NZ_BBJN01000020.1_32	26.5	849	520	22	32	852	573	1345	4.57e-62	227
lcl|NZ_KX687704.1_prot_WP_236996085.1_8	>NZ_AOIO01000049.1_92	26.1	858	542	24	30	861	266	1057	1.78e-61	224
lcl|NZ_KX687704.1_prot_WP_236996085.1_8	>NZ_RJJW01000001.1_513	27.7	845	520	32	33	855	234	1009	6.37e-58	213
lcl|NZ_KX687704.1_prot_WP_236996085.1_8	Gairdner_NODE_167_length_41210_cov_9.888325_42	25.8	836	501	31	72	862	25	786	4.45e-57	209
lcl|NZ_KX687704.1_prot_WP_236996085.1_8	>NZ_CP101158.1_74	25.6	851	555	26	30	854	333	1131	4.72e-57	211
lcl|NZ_KX687704.1_prot_WP_236996085.1_8	>NZ_JAJCVI010000002.1_556	25.0	877	567	36	36	870	529	1356	1.44e-47	182
lcl|NZ_KX687704.1_prot_WP_236996085.1_8	>CP050018.1_40	25.5	881	543	35	35	876	356	1162	2.02e-47	181
lcl|NZ_KX687704.1_prot_WP_236996085.1_8	>NZ_CP101158.1_30	24.8	847	521	30	33	854	288	1043	8.95e-37	147
lcl|NZ_KX687704.1_prot_WP_236996085.1_8	Eyresouth_NODE_101_length_48437_cov_7.17035_11	23.9	918	556	42	33	862	270	1132	1.32e-25	111
lcl|NZ_KX687704.1_prot_WP_236996085.1_8	Gairdner_NODE_107_length_49922_cov_74.384603_12	22.2	904	589	30	25	854	518	1381	1.79e-22	101
lcl|NZ_KX687704.1_prot_WP_088901257.1_9	>NZ_KX687704.1_10	100	551	0	0	1	551	1	551	0.0	1027
lcl|NZ_KX687704.1_prot_WP_088901257.1_9	>NZ_LOAJ01000002.1_59	77.9	548	115	4	8	551	13	558	2.46e-289	794
lcl|NZ_KX687704.1_prot_WP_088901257.1_9	>NZ_AOJE01000051.1_53	91.6	263	22	0	289	551	1	263	6.43e-158	449
lcl|NZ_KX687704.1_prot_WP_088901257.1_9	>NZ_AOJE01000051.1_54	87.1	271	32	1	1	268	1	271	1.04e-155	444
lcl|NZ_KX687704.1_prot_WP_088901257.1_9	>NZ_AOLZ01000012.1_21	45.9	364	175	8	198	551	146	497	1.09e-70	233
lcl|NZ_KX687704.1_prot_WP_088901257.1_9	>NZ_JAAOHU010000009.1_3	36.6	547	302	19	13	551	5	514	1.41e-65	219
lcl|NZ_KX687704.1_prot_WP_088901257.1_9	>NC_013748.1_11	36.5	490	252	12	72	535	53	509	4.30e-62	210
lcl|NZ_KX687704.1_prot_WP_088901257.1_9	>NZ_CP095494.1_40	44.4	297	158	4	255	548	232	524	2.04e-59	203
lcl|NZ_KX687704.1_prot_WP_088901257.1_9	>NC_015659.1_100	40.9	359	186	9	198	547	176	517	1.84e-56	195
lcl|NZ_KX687704.1_prot_WP_088901257.1_9	>NZ_CP019329.1_77	41.6	315	148	7	226	537	215	496	2.36e-53	186
lcl|NZ_KX687704.1_prot_WP_088901257.1_9	>NZ_CP099999.1_38	34.7	458	237	15	96	532	66	482	9.07e-53	185
lcl|NZ_KX687704.1_prot_WP_088901257.1_9	>CP050018.1_41	35.5	487	268	21	73	538	40	501	2.13e-51	181
lcl|NZ_KX687704.1_prot_WP_088901257.1_9	>NZ_FNFE01000011.1_19	42.6	319	148	8	218	533	204	490	4.11e-51	180
lcl|NZ_KX687704.1_prot_WP_088901257.1_9	>NZ_CP084476.1_73	32.5	517	294	16	36	532	15	496	1.44e-50	179
lcl|NZ_KX687704.1_prot_WP_088901257.1_9	Gairdner_NODE_167_length_41210_cov_9.888325_41	33.1	502	283	15	72	550	73	544	9.40e-48	172
lcl|NZ_KX687704.1_prot_WP_088901257.1_9	Eyresouth_NODE_101_length_48437_cov_7.17035_12	31.8	503	285	17	65	547	68	532	1.72e-46	168
lcl|NZ_KX687704.1_prot_WP_088901257.1_9	>NZ_BBJN01000020.1_33	32.2	509	279	22	66	548	59	527	1.42e-44	163
lcl|NZ_KX687704.1_prot_WP_088901257.1_9	Gairdner_NODE_107_length_49922_cov_74.384603_13	33.5	457	260	17	63	506	52	477	1.73e-41	154
lcl|NZ_KX687704.1_prot_WP_088901257.1_9	>NZ_CP101158.1_75	38.2	322	172	8	220	532	208	511	1.20e-39	149
lcl|NZ_KX687704.1_prot_WP_088901257.1_9	>NZ_SRIF01000015.1_79	31.3	502	286	19	63	536	48	518	9.53e-38	144
lcl|NZ_KX687704.1_prot_WP_088901257.1_9	>NZ_RJJW01000001.1_30	31.4	506	283	22	77	548	3	478	1.16e-36	140
lcl|NZ_KX687704.1_prot_WP_088901257.1_9	Frome_NODE_383_length_24936_cov_4.316346_2	31.9	423	234	16	65	471	68	452	2.87e-36	139
lcl|NZ_KX687704.1_prot_WP_088901257.1_9	Eyre_NODE_236_length_33155_cov_19.932_45	38.5	252	143	5	301	544	1	248	3.24e-33	125
lcl|NZ_KX687704.1_prot_WP_088901257.1_9	>NZ_LWLN01000003.1_17	37.8	341	178	15	221	544	214	537	6.87e-33	130
lcl|NZ_KX687704.1_prot_WP_088901257.1_9	>AOIR01000042.1_44	31.0	352	206	11	211	551	235	560	6.12e-26	109
lcl|NZ_KX687704.1_prot_WP_088901258.1_10	>NZ_KX687704.1_11	100	264	0	0	1	264	1	264	1.09e-201	548
lcl|NZ_KX687704.1_prot_WP_088901258.1_10	>NZ_AOJE01000051.1_52	86.7	270	30	1	1	264	1	270	6.33e-182	498
lcl|NZ_KX687704.1_prot_WP_088901258.1_10	>NZ_LOAJ01000002.1_58	82.0	266	46	1	1	264	1	266	2.00e-168	464
lcl|NZ_KX687704.1_prot_WP_088901932.1_11	>NZ_KX687704.1_12	100	452	0	0	51	502	51	502	4.73e-307	834
lcl|NZ_KX687704.1_prot_WP_088901932.1_11	>NZ_LOAJ01000002.1_57	79.0	447	93	1	57	502	57	503	9.58e-237	656
lcl|NZ_KX687704.1_prot_WP_088901932.1_11	>NZ_AOJE01000051.1_45	74.9	450	110	1	53	502	51	497	1.43e-215	602
lcl|NZ_KX687704.1_prot_WP_088901932.1_11	>NZ_AOLZ01000012.1_23	37.4	318	163	11	129	426	127	428	4.38e-31	123
lcl|NZ_KX687704.1_prot_WP_088901260.1_12	>NZ_KX687704.1_13	100	98	0	0	1	98	1	98	1.48e-75	215
lcl|NZ_KX687704.1_prot_WP_088901260.1_12	>NZ_AOJE01000051.1_44	82.8	93	16	0	6	98	4	96	5.10e-60	176
lcl|NZ_KX687704.1_prot_WP_088901260.1_12	>NZ_LOAJ01000002.1_56	75.3	93	23	0	6	98	4	96	5.51e-55	163
lcl|NZ_KX687704.1_prot_WP_088901261.1_13	>NZ_KX687704.1_15	99.8	425	1	0	1	425	10	434	0.0	871
lcl|NZ_KX687704.1_prot_WP_088901261.1_13	>NZ_CP019329.1_6	79.8	411	82	1	1	410	1	411	1.08e-242	664
lcl|NZ_KX687704.1_prot_WP_088901261.1_13	>NZ_CP019329.1_216	47.4	363	184	6	6	363	5	365	9.80e-106	317
lcl|NZ_KX687704.1_prot_WP_088901261.1_13	>NZ_AOLZ01000012.1_13	27.4	376	237	12	6	374	3	349	7.36e-28	110
lcl|NZ_KX687704.1_prot_WP_088901261.1_13	>NZ_AOLZ01000012.1_89	36.4	195	113	5	176	365	19	207	1.69e-25	101
lcl|NZ_KX687704.1_prot_WP_088901261.1_13	>NZ_CP019329.1_152	30.9	243	157	6	124	361	134	370	2.11e-22	96.3
lcl|NZ_KX687704.1_prot_WP_141104807.1_15	>NZ_KX687704.1_17	100	229	0	0	17	245	1	229	1.06e-163	449
lcl|NZ_KX687704.1_prot_WP_141104807.1_15	>NZ_LOAJ01000002.1_53	84.5	245	36	1	1	245	1	243	8.00e-144	400
lcl|NZ_KX687704.1_prot_WP_141104807.1_15	>NZ_AOJE01000051.1_39	72.6	241	66	0	1	241	1	241	7.75e-122	344
lcl|NZ_KX687704.1_prot_WP_088901263.1_16	>NZ_KX687704.1_18	100	127	0	0	1	127	1	127	2.02e-89	253
lcl|NZ_KX687704.1_prot_WP_088901263.1_16	>NZ_LOAJ01000002.1_52	91.3	127	11	0	1	127	1	127	1.47e-82	235
lcl|NZ_KX687704.1_prot_WP_088901263.1_16	>NZ_AOJE01000051.1_38	79.5	122	25	0	6	127	5	126	1.77e-67	197
lcl|NZ_KX687704.1_prot_WP_088901263.1_16	>NZ_CP101158.1_81	53.5	114	53	0	14	127	10	123	3.30e-39	125
lcl|NZ_KX687704.1_prot_WP_088901264.1_17	>NZ_KX687704.1_19	100	105	0	0	1	105	1	105	1.10e-69	201
lcl|NZ_KX687704.1_prot_WP_088901264.1_17	>NZ_LOAJ01000002.1_51	83.8	105	17	0	1	105	1	105	4.29e-58	172
lcl|NZ_KX687704.1_prot_WP_088901264.1_17	>NZ_AOJE01000051.1_37	78.1	105	23	0	1	105	1	105	2.19e-51	155
lcl|NZ_KX687704.1_prot_WP_088901264.1_17	>NZ_CP101158.1_82	51.7	87	42	0	6	92	3	89	4.10e-20	75.9
lcl|NZ_KX687704.1_prot_WP_176580076.1_18	>NZ_CP101161.1_2894	37.2	78	47	2	16	92	13	89	1.76e-07	43.9
lcl|NZ_KX687704.1_prot_WP_176580076.1_18	>NZ_CP101161.1_3462	40.0	65	35	1	32	96	79	139	2.63e-07	44.3
lcl|NZ_KX687704.1_prot_WP_176580076.1_18	>NZ_JAJCVI010000002.1_15	36.8	68	42	1	30	96	38	105	4.72e-07	43.1
lcl|NZ_KX687704.1_prot_WP_176580076.1_18	>NZ_CP101161.1_821	52.6	38	18	0	27	64	3	40	7.68e-07	41.6
lcl|NZ_KX687704.1_prot_WP_176580076.1_18	>NZ_CP101161.1_260	38.0	79	43	2	20	96	13	87	1.66e-06	41.2
lcl|NZ_KX687704.1_prot_WP_176580076.1_18	>NZ_JAJCVI010000002.1_389	38.1	63	38	1	27	89	45	106	3.91e-05	38.1
lcl|NZ_KX687704.1_prot_WP_176580077.1_19	>NZ_KX687704.1_21	100	305	0	0	1	305	1	305	2.70e-218	593
lcl|NZ_KX687704.1_prot_WP_176580077.1_19	>NZ_AOJE01000051.1_33	84.9	305	45	1	1	305	1	304	1.51e-185	510
lcl|NZ_KX687704.1_prot_WP_176580077.1_19	>NZ_LOAJ01000002.1_50	82.2	297	53	0	1	297	1	297	1.41e-176	488
lcl|NZ_KX687704.1_prot_WP_176580077.1_19	>NZ_CP101158.1_83	44.9	294	148	5	5	288	17	306	4.12e-77	236
lcl|NZ_KX687704.1_prot_WP_176580077.1_19	>CP050018.1_59	37.3	295	171	5	9	296	7	294	2.93e-48	161
lcl|NZ_KX687704.1_prot_WP_176580077.1_19	>NZ_CP100004.1_12	39.7	252	137	7	39	284	29	271	3.15e-45	153
lcl|NZ_KX687704.1_prot_WP_176580077.1_19	>NZ_CP100004.1_150	39.7	252	137	7	39	284	29	271	3.15e-45	153
lcl|NZ_KX687704.1_prot_WP_176580077.1_19	>NZ_SRIF01000015.1_68	34.1	302	184	5	11	304	10	304	3.11e-43	148
lcl|NZ_KX687704.1_prot_WP_176580077.1_19	>NZ_AOLZ01000012.1_28	35.0	294	167	9	9	290	123	404	1.65e-42	149
lcl|NZ_KX687704.1_prot_WP_176580077.1_19	>NZ_AOLM01000007.1_47	37.1	283	166	8	7	286	5	278	1.07e-41	144
lcl|NZ_KX687704.1_prot_WP_176580077.1_19	Frome_NODE_383_length_24936_cov_4.316346_12	32.2	295	177	10	10	290	19	304	7.36e-37	131
lcl|NZ_KX687704.1_prot_WP_176580077.1_19	>NZ_CP084476.1_58	34.6	295	171	10	7	294	3	282	7.36e-37	131
lcl|NZ_KX687704.1_prot_WP_176580077.1_19	>NZ_JAJCVI010000002.1_562	34.1	299	167	11	13	298	5	286	1.35e-36	130
lcl|NZ_KX687704.1_prot_WP_176580077.1_19	Eyresouth_NODE_101_length_48437_cov_7.17035_22	32.2	295	177	10	10	290	19	304	2.01e-36	130
lcl|NZ_KX687704.1_prot_WP_176580077.1_19	Eyre_NODE_236_length_33155_cov_19.932_34	31.6	275	177	8	21	290	4	272	5.29e-36	128
lcl|NZ_KX687704.1_prot_WP_176580077.1_19	>NC_015659.1_91	33.8	299	167	12	13	294	4	288	1.10e-35	128
lcl|NZ_KX687704.1_prot_WP_176580077.1_19	Gairdner_NODE_167_length_41210_cov_9.888325_36	32.6	239	151	6	10	243	12	245	3.17e-28	108
lcl|NZ_KX687704.1_prot_WP_176580078.1_20	>NZ_KX687704.1_22	100	80	0	0	1	80	1	80	2.12e-51	153
lcl|NZ_KX687704.1_prot_WP_176580078.1_20	>NZ_LOAJ01000002.1_49	81.3	80	15	0	1	80	1	80	3.16e-44	135
lcl|NZ_KX687704.1_prot_WP_176580078.1_20	>NZ_AOJE01000051.1_32	85.5	76	11	0	1	76	1	76	3.48e-43	132
lcl|NZ_KX687704.1_prot_WP_176580078.1_20	>NZ_CP101158.1_84	56.1	66	29	0	4	69	3	68	9.08e-21	75.9
lcl|NZ_KX687704.1_prot_WP_176580078.1_20	>CP050018.1_60	43.3	60	33	1	6	64	5	64	4.88e-10	48.5
lcl|NZ_KX687704.1_prot_WP_088901268.1_21	>NZ_KX687704.1_23	100	93	0	0	1	93	1	93	4.59e-61	178
lcl|NZ_KX687704.1_prot_WP_088901268.1_21	>NZ_AOJE01000051.1_31	89.4	85	9	0	9	93	1	85	8.53e-51	152
lcl|NZ_KX687704.1_prot_WP_088901268.1_21	>NZ_LOAJ01000002.1_48	80.2	91	18	0	1	91	1	91	2.80e-49	149
lcl|NZ_KX687704.1_prot_WP_088901268.1_21	>NZ_CP101158.1_85	46.5	86	46	0	4	89	3	88	6.53e-22	79.7
lcl|NZ_KX687704.1_prot_WP_088901268.1_21	>NZ_JAJCVI010000002.1_564	33.7	86	55	1	6	91	2	85	1.56e-08	45.4
lcl|NZ_KX687704.1_prot_WP_088901268.1_21	Gairdner_NODE_167_length_41210_cov_9.888325_34	38.2	76	42	3	12	84	6	79	2.79e-06	39.7
lcl|NZ_KX687704.1_prot_WP_088901269.1_22	>NZ_KX687704.1_24	100	78	0	0	1	78	1	78	6.66e-54	159
lcl|NZ_KX687704.1_prot_WP_088901269.1_22	>NZ_AOJE01000051.1_30	96.1	77	3	0	1	77	1	77	4.23e-50	149
lcl|NZ_KX687704.1_prot_WP_088901269.1_22	>NZ_LOAJ01000002.1_47	90.9	77	7	0	1	77	1	77	2.45e-49	147
lcl|NZ_KX687704.1_prot_WP_088901269.1_22	>NZ_CP101158.1_86	57.4	68	29	0	1	68	1	68	3.17e-23	82.0
lcl|NZ_KX687704.1_prot_WP_088901269.1_22	>NC_015659.1_88	42.6	68	37	2	2	67	3	70	4.46e-12	53.5
lcl|NZ_KX687704.1_prot_WP_088901269.1_22	>NZ_CP084476.1_55	44.1	59	32	1	10	67	12	70	1.27e-11	52.4
lcl|NZ_KX687704.1_prot_WP_088901269.1_22	>NZ_JDTG01000019.1_95	45.6	57	30	1	9	64	11	67	7.27e-11	50.4
lcl|NZ_KX687704.1_prot_WP_176580079.1_23	>NZ_KX687704.1_25	100	199	0	0	1	199	1	199	6.63e-148	406
lcl|NZ_KX687704.1_prot_WP_176580079.1_23	>NZ_AOJE01000051.1_29	91.6	190	16	0	6	195	5	194	3.92e-131	364
lcl|NZ_KX687704.1_prot_WP_176580079.1_23	>NZ_LOAJ01000002.1_46	83.5	194	31	1	7	199	11	204	3.10e-120	337
lcl|NZ_KX687704.1_prot_WP_176580079.1_23	>NZ_CP100004.1_17	33.7	166	102	3	23	180	17	182	3.74e-31	110
lcl|NZ_KX687704.1_prot_WP_176580079.1_23	>NZ_CP100004.1_155	33.7	166	102	3	23	180	17	182	3.74e-31	110
lcl|NZ_KX687704.1_prot_WP_176580079.1_23	>NZ_JAJCVI010000002.1_566	38.6	140	85	1	27	165	11	150	1.64e-28	103
lcl|NZ_KX687704.1_prot_WP_176580079.1_23	>NZ_AOLZ01000012.1_32	32.7	147	97	1	24	168	24	170	2.54e-25	95.9
lcl|NZ_KX687704.1_prot_WP_176580079.1_23	>NZ_CP095494.1_54	30.1	163	110	2	22	180	14	176	5.14e-24	92.8
lcl|NZ_KX687704.1_prot_WP_176580079.1_23	Eyre_NODE_236_length_33155_cov_19.932_30	30.5	151	105	0	23	173	23	173	1.38e-21	86.7
lcl|NZ_KX687704.1_prot_WP_176580079.1_23	Eyresouth_NODE_101_length_48437_cov_7.17035_26	31.1	151	104	0	23	173	23	173	2.69e-21	85.9
lcl|NZ_KX687704.1_prot_WP_176580079.1_23	Frome_NODE_383_length_24936_cov_4.316346_16	31.1	151	104	0	23	173	23	173	2.69e-21	85.9
lcl|NZ_KX687704.1_prot_WP_176580079.1_23	>NZ_CP099999.1_29	29.7	148	102	1	24	169	23	170	4.35e-21	84.7
lcl|NZ_KX687704.1_prot_WP_176580079.1_23	>NZ_CP101161.1_3086	33.1	130	86	1	37	165	24	153	7.99e-21	83.2
lcl|NZ_KX687704.1_prot_WP_176580079.1_23	>NZ_AOID01000019.1_122	31.0	145	98	1	27	169	26	170	1.26e-20	83.6
lcl|NZ_KX687704.1_prot_WP_176580079.1_23	>NZ_JAAOHU010000009.1_58	28.3	184	112	5	24	192	14	192	6.97e-20	82.0
lcl|NZ_KX687704.1_prot_WP_176580079.1_23	>NZ_FNFE01000011.1_32	29.9	147	101	1	24	168	21	167	4.68e-18	76.6
lcl|NZ_KX687704.1_prot_WP_176580079.1_23	>CP050018.1_64	25.8	186	129	3	21	197	18	203	8.19e-18	76.3
lcl|NZ_KX687704.1_prot_WP_176580079.1_23	>NZ_WSZK01000033.1_29	27.4	157	92	4	37	176	31	182	2.56e-15	69.3
lcl|NZ_KX687704.1_prot_WP_176580079.1_23	>NZ_SRIF01000015.1_63	25.7	187	130	3	21	198	18	204	1.09e-14	67.8
lcl|NZ_KX687704.1_prot_WP_088901271.1_24	>NZ_KX687704.1_26	100	340	0	0	1	340	1	340	8.51e-235	638
lcl|NZ_KX687704.1_prot_WP_088901271.1_24	>NZ_AOJE01000051.1_28	88.9	343	35	1	1	340	1	343	3.23e-210	576
lcl|NZ_KX687704.1_prot_WP_088901271.1_24	>NZ_LOAJ01000002.1_45	83.8	340	54	1	1	339	1	340	9.23e-198	544
lcl|NZ_KX687704.1_prot_WP_088901271.1_24	>NZ_CP101158.1_88	46.5	310	156	4	6	306	4	312	1.26e-89	270
lcl|NZ_KX687704.1_prot_WP_088901271.1_24	Gairdner_NODE_107_length_49922_cov_74.384603_29	31.2	292	191	3	10	295	10	297	2.77e-37	134
lcl|NZ_KX687704.1_prot_WP_088901271.1_24	>NZ_CP100004.1_18	33.5	224	143	5	62	282	65	285	1.72e-32	121
lcl|NZ_KX687704.1_prot_WP_088901271.1_24	>NZ_CP100004.1_156	33.5	224	143	5	62	282	65	285	1.72e-32	121
lcl|NZ_KX687704.1_prot_WP_088901271.1_24	>NZ_AOLM01000007.1_42	29.0	303	207	5	7	303	10	310	1.42e-29	114
lcl|NZ_KX687704.1_prot_WP_088901271.1_24	>NZ_CP084476.1_53	29.6	253	175	3	53	303	54	305	5.93e-29	112
lcl|NZ_KX687704.1_prot_WP_176580080.1_25	>NZ_KX687704.1_27	100	430	0	0	1	430	1	430	1.73e-300	811
lcl|NZ_KX687704.1_prot_WP_176580080.1_25	>NZ_LOAJ01000002.1_44	84.1	434	62	4	1	430	1	431	2.60e-247	677
lcl|NZ_KX687704.1_prot_WP_176580080.1_25	>NZ_AOJE01000051.1_26	96.0	248	10	0	183	430	1	248	1.24e-165	463
lcl|NZ_KX687704.1_prot_WP_176580080.1_25	>NZ_CP101158.1_89	46.7	430	218	6	7	430	13	437	7.08e-122	359
lcl|NZ_KX687704.1_prot_WP_176580080.1_25	>NZ_CP100004.1_19	38.7	351	207	4	76	423	57	402	6.90e-74	235
lcl|NZ_KX687704.1_prot_WP_176580080.1_25	>NZ_CP100004.1_157	38.7	351	207	4	76	423	57	402	6.90e-74	235
lcl|NZ_KX687704.1_prot_WP_176580080.1_25	Gairdner_NODE_107_length_49922_cov_74.384603_30	37.8	352	215	2	76	427	49	396	1.69e-69	223
lcl|NZ_KX687704.1_prot_WP_176580080.1_25	>NZ_CP084476.1_52	34.6	419	249	7	10	427	13	407	3.76e-61	202
lcl|NZ_KX687704.1_prot_WP_176580080.1_25	>NZ_WSZK01000033.1_27	36.0	361	219	6	69	424	65	418	1.97e-58	195
lcl|NZ_KX687704.1_prot_WP_176580080.1_25	>NZ_JDTG01000019.1_98	32.6	427	256	6	2	427	5	400	1.26e-54	184
lcl|NZ_KX687704.1_prot_WP_176580080.1_25	>NZ_CP101161.1_3088	33.6	354	229	2	73	425	68	416	1.58e-54	185
lcl|NZ_KX687704.1_prot_WP_176580080.1_25	>NZ_AOIO01000049.1_114	31.3	418	249	7	10	423	12	395	4.70e-54	183
lcl|NZ_KX687704.1_prot_WP_176580080.1_25	>NC_015659.1_85	31.3	419	262	5	10	427	12	405	4.03e-53	181
lcl|NZ_KX687704.1_prot_WP_176580080.1_25	>NZ_JAJCVI010000002.1_568	31.9	351	233	2	76	425	71	416	2.69e-49	171
lcl|NZ_KX687704.1_prot_WP_176580080.1_25	>NZ_LWLN01000003.1_31	32.7	361	221	8	75	419	53	407	8.00e-46	162
lcl|NZ_KX687704.1_prot_WP_176580080.1_25	>NZ_AOLM01000007.1_41	30.2	447	261	10	6	425	7	429	7.46e-45	159
lcl|NZ_KX687704.1_prot_WP_176580080.1_25	>AOIR01000042.1_55	28.7	356	240	7	72	425	79	422	6.86e-38	140
lcl|NZ_KX687704.1_prot_WP_176580080.1_25	>NZ_RJJW01000001.1_45	29.0	379	233	8	76	422	73	447	2.70e-36	136
lcl|NZ_KX687704.1_prot_WP_176580080.1_25	Eyre_NODE_236_length_33155_cov_19.932_28	29.4	432	273	11	10	425	16	431	2.48e-34	130
lcl|NZ_KX687704.1_prot_WP_176580080.1_25	>NZ_AOJE01000051.1_27	66.1	112	35	2	1	112	1	109	2.00e-32	119
lcl|NZ_KX687704.1_prot_WP_176580080.1_25	>NZ_CP095494.1_56	27.3	362	248	5	76	424	58	417	6.95e-32	124
lcl|NZ_KX687704.1_prot_WP_176580080.1_25	>NZ_QKNW01000002.1_22	30.0	267	184	3	75	341	53	316	7.05e-29	115
lcl|NZ_KX687704.1_prot_WP_176580081.1_26	>NZ_KX687704.1_28	100	567	0	0	1	567	1	567	0.0	1051
lcl|NZ_KX687704.1_prot_WP_176580081.1_26	>NZ_AOJE01000051.1_25	90.9	492	45	0	76	567	8	499	8.38e-317	862
lcl|NZ_KX687704.1_prot_WP_176580081.1_26	>NZ_LOAJ01000002.1_43	77.0	553	113	2	27	567	105	655	2.47e-291	803
lcl|NZ_KX687704.1_prot_WP_176580081.1_26	>NZ_CP101158.1_90	51.0	471	227	3	89	558	94	561	9.68e-157	458
lcl|NZ_KX687704.1_prot_WP_176580081.1_26	>NZ_CP100004.1_21	32.4	487	309	7	81	558	10	485	3.01e-58	200
lcl|NZ_KX687704.1_prot_WP_176580081.1_26	>NZ_CP100004.1_159	32.4	487	309	7	81	558	10	485	3.01e-58	200
lcl|NZ_KX687704.1_prot_WP_176580082.1_27	>NZ_KX687704.1_29	100	838	0	0	1	838	1	838	0.0	1647
lcl|NZ_KX687704.1_prot_WP_176580082.1_27	>NZ_LOAJ01000002.1_42	68.3	838	261	2	1	838	1	833	0.0	1125
lcl|NZ_KX687704.1_prot_WP_176580082.1_27	>NZ_CP101158.1_92	54.6	837	366	4	1	836	1	824	2.31e-307	862
lcl|NZ_KX687704.1_prot_WP_176580082.1_27	>NZ_AOJE01000051.1_23	62.7	649	238	1	190	838	1	645	1.24e-293	820
lcl|NZ_KX687704.1_prot_WP_176580082.1_27	>NZ_JAAOHU010000009.1_54	47.8	827	408	12	21	838	12	823	3.32e-249	714
lcl|NZ_KX687704.1_prot_WP_176580082.1_27	>NC_013748.1_30	43.2	821	401	16	22	831	9	775	6.57e-199	583
lcl|NZ_KX687704.1_prot_WP_176580082.1_27	>NZ_CP100004.1_23	40.9	817	445	10	21	835	7	787	5.50e-197	579
lcl|NZ_KX687704.1_prot_WP_176580082.1_27	>NZ_CP100004.1_161	40.9	817	445	10	21	835	7	787	5.50e-197	579
lcl|NZ_KX687704.1_prot_WP_176580082.1_27	>NZ_JDTG01000019.1_100	42.5	819	414	15	22	831	9	779	1.66e-194	572
lcl|NZ_KX687704.1_prot_WP_176580082.1_27	>NC_015659.1_83	42.1	817	421	14	22	831	8	779	8.29e-192	565
lcl|NZ_KX687704.1_prot_WP_176580082.1_27	>NZ_AOIO01000049.1_116	41.0	817	431	16	22	831	9	781	1.39e-190	562
lcl|NZ_KX687704.1_prot_WP_176580082.1_27	>NZ_SRIF01000015.1_58	40.9	804	416	14	53	835	43	808	4.97e-186	551
lcl|NZ_KX687704.1_prot_WP_176580082.1_27	>NZ_CP019329.1_56	39.7	827	446	13	21	831	19	808	2.95e-185	550
lcl|NZ_KX687704.1_prot_WP_176580082.1_27	>NZ_AOID01000019.1_117	39.5	835	456	14	15	831	4	807	9.18e-185	548
lcl|NZ_KX687704.1_prot_WP_176580082.1_27	>CP050018.1_69	41.0	796	419	12	53	831	43	804	1.10e-184	548
lcl|NZ_KX687704.1_prot_WP_176580082.1_27	>NZ_CP119801.1_23	40.0	828	451	17	21	835	13	807	9.11e-183	543
lcl|NZ_KX687704.1_prot_WP_176580082.1_27	>NZ_RJJW01000001.1_47	39.1	829	449	14	21	831	10	800	7.41e-177	528
lcl|NZ_KX687704.1_prot_WP_176580082.1_27	>NZ_FNFE01000011.1_37	38.9	831	456	13	27	834	13	814	1.21e-176	527
lcl|NZ_KX687704.1_prot_WP_176580082.1_27	>NZ_CP099999.1_25	39.0	825	473	14	20	835	10	813	1.45e-174	522
lcl|NZ_KX687704.1_prot_WP_176580082.1_27	Gairdner_NODE_107_length_49922_cov_74.384603_33	38.2	816	458	10	20	831	7	780	1.76e-174	521
lcl|NZ_KX687704.1_prot_WP_176580082.1_27	>NZ_WSZK01000033.1_25	39.1	820	464	11	19	835	14	801	3.30e-174	521
lcl|NZ_KX687704.1_prot_WP_176580082.1_27	>NZ_LWLN01000003.1_33	38.5	827	452	15	21	831	33	818	2.93e-172	516
lcl|NZ_KX687704.1_prot_WP_176580082.1_27	>NZ_AOLZ01000012.1_36	39.1	827	447	17	21	831	29	814	4.48e-170	511
lcl|NZ_KX687704.1_prot_WP_176580082.1_27	>NZ_CP095494.1_58	38.1	831	462	14	21	835	16	810	1.91e-169	509
lcl|NZ_KX687704.1_prot_WP_176580082.1_27	>NZ_BBJN01000020.1_48	38.4	826	455	11	21	835	8	790	6.97e-169	506
lcl|NZ_KX687704.1_prot_WP_176580084.1_29	>NZ_KX687704.1_31	99.8	526	1	0	1	526	52	577	0.0	1015
lcl|NZ_KX687704.1_prot_WP_176580084.1_29	>NZ_AOJE01000051.1_21	91.4	526	45	0	1	526	16	541	0.0	937
lcl|NZ_KX687704.1_prot_WP_176580084.1_29	>NZ_LOAJ01000002.1_38	87.7	522	64	0	1	522	17	538	0.0	899
lcl|NZ_KX687704.1_prot_WP_176580084.1_29	>NZ_CP101158.1_94	51.8	512	244	2	1	511	34	543	9.57e-175	501
lcl|NZ_KX687704.1_prot_WP_176580084.1_29	>NZ_CP100004.1_28	44.1	512	283	2	1	511	9	518	8.65e-137	404
lcl|NZ_KX687704.1_prot_WP_176580084.1_29	>NZ_WSZK01000033.1_22	42.7	517	288	4	1	511	10	524	4.39e-133	394
lcl|NZ_KX687704.1_prot_WP_176580084.1_29	Eyre_NODE_236_length_33155_cov_19.932_23	41.9	528	286	7	1	511	20	543	7.01e-130	387
lcl|NZ_KX687704.1_prot_WP_176580084.1_29	Frome_NODE_383_length_24936_cov_4.316346_23	41.6	529	286	9	1	511	20	543	4.43e-125	375
lcl|NZ_KX687704.1_prot_WP_176580084.1_29	Eyresouth_NODE_101_length_48437_cov_7.17035_32	40.9	528	291	7	1	511	20	543	7.01e-124	372
lcl|NZ_KX687704.1_prot_WP_176580084.1_29	>NZ_QKNW01000002.1_17	34.1	542	322	7	1	511	17	554	3.90e-97	303
lcl|NZ_KX687704.1_prot_WP_176580084.1_29	>NZ_CP100004.1_166	46.1	356	189	2	157	511	7	360	5.25e-89	275
lcl|NZ_KX687704.1_prot_WP_176580084.1_29	>NZ_CP100004.1_167	43.3	150	79	1	1	144	9	158	1.49e-39	139
lcl|NZ_KX687704.1_prot_WP_176580084.1_29	>CP050018.1_91	25.5	521	306	19	32	508	25	507	2.86e-26	109
lcl|NZ_KX687704.1_prot_WP_176580084.1_29	>NZ_RJJW01000001.1_51	79.6	49	9	1	1	49	16	63	1.40e-15	69.7
lcl|NZ_KX687704.1_prot_WP_176580084.1_29	>NZ_CP101158.1_96	53.7	41	19	0	1	41	17	57	4.82e-06	42.0
lcl|NZ_KX687704.1_prot_WP_088901276.1_30	>NZ_KX687704.1_32	100	415	0	0	1	415	64	478	1.22e-301	816
lcl|NZ_KX687704.1_prot_WP_088901276.1_30	>NZ_AOJE01000051.1_20	91.1	415	37	0	1	415	1	415	1.30e-276	750
lcl|NZ_KX687704.1_prot_WP_088901276.1_30	>NZ_CP095494.1_117	45.6	377	195	5	12	386	9	377	2.95e-102	307
lcl|NZ_KX687704.1_prot_WP_088901276.1_30	>NZ_FNFE01000011.1_9	45.5	376	195	5	13	386	10	377	8.35e-102	306
lcl|NZ_KX687704.1_prot_WP_088901276.1_30	>NZ_RJJW01000001.1_435	42.0	388	216	4	12	399	7	385	2.12e-99	300
lcl|NZ_KX687704.1_prot_WP_088901276.1_30	>NZ_AOIO01000049.1_37	41.2	403	224	6	5	406	3	393	2.21e-93	285
lcl|NZ_KX687704.1_prot_WP_088901276.1_30	>NZ_CP019329.1_155	40.9	396	224	5	4	399	25	410	2.52e-93	285
lcl|NZ_KX687704.1_prot_WP_088901276.1_30	>NZ_CP101158.1_20	41.1	387	219	4	13	399	12	389	2.87e-89	273
lcl|NZ_KX687704.1_prot_WP_088901276.1_30	>NZ_CP100004.1_78	40.3	395	224	7	7	399	37	421	6.04e-89	274
lcl|NZ_KX687704.1_prot_WP_088901276.1_30	>NZ_AOLM01000007.1_15	36.9	382	232	5	13	393	13	386	1.12e-74	236
lcl|NZ_KX687704.1_prot_WP_088901276.1_30	>NZ_RJJW01000001.1_613	35.2	412	237	12	3	405	16	406	1.74e-63	207
lcl|NZ_KX687704.1_prot_WP_088901276.1_30	>NZ_CP101161.1_1108	31.9	452	244	6	13	410	109	550	1.04e-59	201
lcl|NZ_KX687704.1_prot_WP_088901276.1_30	>CP050018.1_161	33.3	396	247	10	10	399	11	395	1.57e-55	186
lcl|NZ_KX687704.1_prot_WP_088901276.1_30	>NZ_QKNW01000002.1_86	30.9	395	249	9	25	406	39	422	4.42e-53	181
lcl|NZ_KX687704.1_prot_WP_088901276.1_30	>NZ_LOAJ01000002.1_37	33.9	392	238	10	11	393	12	391	1.32e-52	178
lcl|NZ_KX687704.1_prot_WP_088901276.1_30	>NZ_RJJW01000001.1_52	29.3	375	252	8	27	397	52	417	9.96e-40	144
lcl|NZ_KX687704.1_prot_WP_088901276.1_30	>NZ_AOIO01000049.1_69	23.6	394	257	10	13	399	1	357	2.13e-14	71.6
lcl|NZ_KX687704.1_prot_WP_088901277.1_31	>NZ_KX687704.1_33	100	229	0	0	1	229	1	229	1.68e-183	499
lcl|NZ_KX687704.1_prot_WP_088901277.1_31	>NZ_RJJW01000001.1_53	73.0	230	60	2	1	229	1	229	6.53e-131	366
lcl|NZ_KX687704.1_prot_WP_088901277.1_31	>NZ_AOJE01000051.1_17	71.1	228	61	3	1	227	1	224	2.31e-121	342
lcl|NZ_KX687704.1_prot_WP_088901277.1_31	>NZ_SRIF01000015.1_22	46.6	208	96	4	25	228	17	213	2.78e-62	192
lcl|NZ_KX687704.1_prot_WP_088901277.1_31	>NZ_CP019329.1_218	51.2	170	75	3	67	229	4	172	1.02e-60	186
lcl|NZ_KX687704.1_prot_WP_088901278.1_32	>NZ_KX687704.1_34	100	75	0	0	1	75	1	75	2.57e-52	155
lcl|NZ_KX687704.1_prot_WP_088901278.1_32	>NZ_AOJE01000051.1_12	67.1	73	24	0	1	73	1	73	2.14e-33	107
lcl|NZ_KX687704.1_prot_WP_088901278.1_32	>NZ_LOAJ01000002.1_27	66.2	74	25	0	1	74	1	74	3.04e-33	107
lcl|NZ_KX687704.1_prot_WP_088901278.1_32	>NZ_RJJW01000001.1_54	54.7	75	34	0	1	75	1	75	1.33e-27	92.8
lcl|NZ_KX687704.1_prot_WP_176580085.1_33	>NZ_KX687704.1_35	100	125	0	0	1	125	1	125	3.00e-90	254
lcl|NZ_KX687704.1_prot_WP_176580085.1_33	>NZ_AOJE01000051.1_11	67.5	123	40	0	1	123	1	123	3.97e-56	168
lcl|NZ_KX687704.1_prot_WP_176580085.1_33	>NZ_LOAJ01000002.1_26	57.8	116	49	0	6	121	112	227	7.05e-45	143
lcl|NZ_KX687704.1_prot_WP_012659191.1_34	>NZ_KX687704.1_36	100	445	0	0	1	445	1	445	0.0	873
lcl|NZ_KX687704.1_prot_WP_012659191.1_34	>NZ_AOLZ01000012.1_53	61.9	446	169	1	1	445	1	446	2.86e-195	546
lcl|NZ_KX687704.1_prot_WP_012660226.1_36	>NZ_KX687704.1_39	100	414	0	0	1	414	1	414	1.44e-309	833
lcl|NZ_KX687704.1_prot_WP_012660226.1_36	>NC_015659.1_77	47.1	408	206	3	8	413	14	413	3.58e-125	366
lcl|NZ_KX687704.1_prot_WP_012660226.1_36	>NZ_CP101158.1_100	45.5	407	211	4	7	411	8	405	1.91e-123	361
lcl|NZ_KX687704.1_prot_WP_012660226.1_36	>NZ_CP084476.1_40	45.3	413	207	6	7	412	8	408	6.21e-109	324
lcl|NZ_KX687704.1_prot_WP_012660226.1_36	>NZ_AOID01000019.1_111	45.3	413	205	8	7	411	9	408	8.22e-107	319
lcl|NZ_KX687704.1_prot_WP_012660226.1_36	>NZ_CP019329.1_45	41.0	420	228	9	7	412	9	422	1.05e-93	286
lcl|NZ_KX687704.1_prot_WP_012660226.1_36	Eyre_NODE_236_length_33155_cov_19.932_22	35.3	408	245	9	12	411	20	416	3.35e-71	228
lcl|NZ_KX687704.1_prot_WP_012660226.1_36	Frome_NODE_383_length_24936_cov_4.316346_24	34.8	408	247	8	12	411	20	416	4.88e-70	224
lcl|NZ_KX687704.1_prot_WP_012660226.1_36	Eyresouth_NODE_101_length_48437_cov_7.17035_33	34.8	408	247	8	12	411	20	416	6.86e-70	224
lcl|NZ_KX687704.1_prot_WP_012660224.1_38	>NZ_KX687704.1_42	99.7	375	1	0	16	390	1	375	1.56e-279	754
lcl|NZ_KX687704.1_prot_WP_012660223.1_39	>NZ_KX687704.1_46	100	264	0	0	32	295	1	264	1.13e-193	529
lcl|NZ_KX687704.1_prot_WP_012660223.1_39	>NZ_RJJW01000001.1_634	31.9	260	167	7	9	263	3	257	7.48e-34	122
lcl|NZ_KX687704.1_prot_WP_012660222.1_40	>NZ_KX687704.1_47	100	176	0	0	1	176	1	176	7.49e-111	311
lcl|NZ_KX687704.1_prot_WP_012660221.1_41	>NZ_KX687704.1_48	100	411	0	0	1	411	1	411	7.08e-304	818
lcl|NZ_KX687704.1_prot_WP_049933968.1_42	>NZ_KX687704.1_49	100	409	0	0	1	409	21	429	1.22e-292	791
lcl|NZ_KX687704.1_prot_WP_049933968.1_42	>NZ_RJJW01000001.1_52	43.9	412	218	6	4	406	12	419	5.54e-106	317
lcl|NZ_KX687704.1_prot_WP_049933968.1_42	>NZ_RJJW01000001.1_613	44.3	388	210	5	16	402	14	396	5.13e-101	304
lcl|NZ_KX687704.1_prot_WP_049933968.1_42	>CP050018.1_161	42.0	393	222	5	15	405	6	394	8.00e-100	300
lcl|NZ_KX687704.1_prot_WP_049933968.1_42	>NZ_LOAJ01000002.1_37	40.9	394	229	4	16	407	7	398	2.03e-97	294
lcl|NZ_KX687704.1_prot_WP_049933968.1_42	>NZ_CP101161.1_1108	33.3	417	219	9	23	386	109	519	5.13e-51	177
lcl|NZ_KX687704.1_prot_WP_049933968.1_42	>NZ_AOLM01000007.1_15	31.3	396	257	10	16	405	5	391	2.90e-50	172
lcl|NZ_KX687704.1_prot_WP_049933968.1_42	>NZ_CP101158.1_20	31.6	377	237	9	17	386	6	368	3.18e-50	172
lcl|NZ_KX687704.1_prot_WP_049933966.1_43	>NZ_CP101158.1_20	60.4	260	103	0	1	260	132	391	5.80e-105	308
lcl|NZ_KX687704.1_prot_WP_049933966.1_43	>NZ_KX687704.1_51	99.2	124	1	0	141	264	1	124	6.62e-83	242
lcl|NZ_KX687704.1_prot_WP_049933966.1_43	>NZ_CP019329.1_155	44.2	260	145	0	1	260	153	412	5.17e-78	240
lcl|NZ_KX687704.1_prot_WP_049933966.1_43	>NZ_AOIO01000049.1_37	44.8	261	144	0	1	261	131	391	2.11e-76	235
lcl|NZ_KX687704.1_prot_WP_049933966.1_43	>NZ_RJJW01000001.1_435	44.2	260	145	0	1	260	128	387	2.04e-73	228
lcl|NZ_KX687704.1_prot_WP_049933966.1_43	>NZ_CP100004.1_78	45.6	263	139	2	1	260	162	423	9.40e-73	227
lcl|NZ_KX687704.1_prot_WP_049933966.1_43	>NZ_FNFE01000011.1_9	38.3	248	150	2	1	245	130	377	3.32e-58	188
lcl|NZ_KX687704.1_prot_WP_049933966.1_43	>NZ_CP095494.1_117	37.5	248	152	2	1	245	130	377	1.01e-56	184
lcl|NZ_KX687704.1_prot_WP_049933966.1_43	>CP050018.1_161	38.0	250	152	2	13	260	149	397	2.73e-48	162
lcl|NZ_KX687704.1_prot_WP_049933966.1_43	>NZ_LOAJ01000002.1_37	39.4	236	139	2	13	245	150	384	1.58e-46	157
lcl|NZ_KX687704.1_prot_WP_049933966.1_43	>NZ_AOLM01000007.1_15	35.9	248	156	3	1	245	132	379	2.69e-46	157
lcl|NZ_KX687704.1_prot_WP_049933966.1_43	>NZ_RJJW01000001.1_613	36.9	249	154	3	11	258	154	400	3.48e-42	146
lcl|NZ_KX687704.1_prot_WP_049933966.1_43	>NZ_KX687704.1_49	35.7	238	147	4	11	245	179	413	2.01e-38	137
lcl|NZ_KX687704.1_prot_WP_049933966.1_43	>NZ_QKNW01000002.1_47	25.0	224	144	8	1	220	108	311	1.47e-06	46.2
lcl|NZ_KX687704.1_prot_WP_009486633.1_44	>NZ_KX687704.1_52	100	388	0	0	1	388	1	388	1.57e-293	790
lcl|NZ_KX687704.1_prot_WP_009486633.1_44	>NZ_RJJW01000001.1_3	82.7	388	67	0	1	388	1	388	5.28e-244	665
lcl|NZ_KX687704.1_prot_WP_009486633.1_44	>NZ_RJJW01000001.1_62	64.6	384	128	2	6	388	5	381	5.89e-181	505
lcl|NZ_KX687704.1_prot_WP_009486633.1_44	>NZ_RJJW01000001.1_429	64.6	384	128	2	6	388	5	381	5.89e-181	505
lcl|NZ_KX687704.1_prot_WP_009486633.1_44	>NZ_RJJW01000001.1_549	64.6	384	128	2	6	388	5	381	5.89e-181	505
lcl|NZ_KX687704.1_prot_WP_236996083.1_45	>NZ_KX687704.1_53	100	100	0	0	1	100	1	100	3.76e-70	202
lcl|NZ_KX687704.1_prot_WP_176580086.1_46	>NZ_KX687704.1_54	100	116	0	0	1	116	43	158	5.95e-79	227
lcl|NZ_KX687704.1_prot_WP_176580086.1_46	>NZ_JAJCVI010000002.1_519	43.1	116	63	2	1	114	1	115	5.11e-25	89.4
lcl|NZ_KX687704.1_prot_WP_176580086.1_46	>NZ_CP101161.1_1418	42.1	114	65	1	1	114	1	113	2.69e-24	87.4
