diamond v2.0.11.149 (C) Max Planck Society for the Advancement of Science
Documentation, support and updates available at http://www.diamondsearch.org
Please cite: http://dx.doi.org/10.1038/s41592-021-01101-x Nature Methods (2021)

#CPU threads: 1
Scoring parameters: (Matrix=BLOSUM62 Lambda=0.267 K=0.041 Penalties=11/1)
Temporary directory: iphop_out/Gairdner_NODE_107_length_49922_cov_74.384603/Wdir
#Target sequences to report alignments for: 10000
Opening the database...  [0.251s]
Database: /bioinf/transfer/tal/iphop_db/db/rafah_data/RaFAH_ref_cds.dmnd (type: Diamond database, sequences: 1026285, letters: 229470696)
Block size = 2000000000
Opening the input file...  [0.001s]
Opening the output file...  [0s]
Loading query sequences...  [0s]
Masking queries...  [0.003s]
Algorithm: Double-indexed
Building query histograms...  [0.001s]
Allocating buffers...  [0s]
Loading reference sequences...  [2.199s]
Masking reference...  [10.806s]
Initializing temporary storage...  [0.039s]
Building reference histograms...  [4.699s]
Allocating buffers...  [0s]
Processing query block 1, reference block 1/1, shape 1/2, index chunk 1/4.
Building reference seed array...  [3.258s]
Building query seed array...  [0.001s]
Computing hash join...  [0.742s]
Building seed filter...  [0.001s]
Searching alignments...  [0.003s]
Processing query block 1, reference block 1/1, shape 1/2, index chunk 2/4.
Building reference seed array...  [3.988s]
Building query seed array...  [0.001s]
Computing hash join...  [0.479s]
Building seed filter...  [0.001s]
Searching alignments...  [0.001s]
Processing query block 1, reference block 1/1, shape 1/2, index chunk 3/4.
Building reference seed array...  [4.256s]
Building query seed array...  [0.001s]
Computing hash join...  [0.787s]
Building seed filter...  [0s]
Searching alignments...  [0.001s]
Processing query block 1, reference block 1/1, shape 1/2, index chunk 4/4.
Building reference seed array...  [3.062s]
Building query seed array...  [0s]
Computing hash join...  [0.755s]
Building seed filter...  [0s]
Searching alignments...  [0.001s]
Processing query block 1, reference block 1/1, shape 2/2, index chunk 1/4.
Building reference seed array...  [3.15s]
Building query seed array...  [0.001s]
Computing hash join...  [0.472s]
Building seed filter...  [0.001s]
Searching alignments...  [0s]
Processing query block 1, reference block 1/1, shape 2/2, index chunk 2/4.
Building reference seed array...  [3.951s]
Building query seed array...  [0s]
Computing hash join...  [0.746s]
Building seed filter...  [0s]
Searching alignments...  [0s]
Processing query block 1, reference block 1/1, shape 2/2, index chunk 3/4.
Building reference seed array...  [4.197s]
Building query seed array...  [0.001s]
Computing hash join...  [0.739s]
Building seed filter...  [0s]
Searching alignments...  [0.001s]
Processing query block 1, reference block 1/1, shape 2/2, index chunk 4/4.
Building reference seed array...  [3.009s]
Building query seed array...  [0s]
Computing hash join...  [0.777s]
Building seed filter...  [0.001s]
Searching alignments...  [0s]
Deallocating buffers...  [0.002s]
Clearing query masking...  [0s]
Computing alignments...  [0.035s]
Deallocating reference...  [0.002s]
Loading reference sequences...  [0s]
Deallocating buffers...  [0s]
Deallocating queries...  [0s]
Loading query sequences...  [0s]
Closing the input file...  [0s]
Closing the output file...  [0s]
Cleaning up...  [0s]
Total time = 52.616s
Reported 22 pairwise alignments, 22 HSPs.
7 queries aligned.
