#                                                                            --- full sequence --- -------------- this domain -------------   hmm coord   ali coord   env coord
# target name        accession   tlen query name           accession   qlen   E-value  score  bias   #  of  c-Evalue  i-Evalue  score  bias  from    to  from    to  from    to  acc description of target
#------------------- ---------- ----- -------------------- ---------- ----- --------- ------ ----- --- --- --------- --------- ------ ----- ----- ----- ----- ----- ----- ----- ---- ---------------------
6                    -             81 3u1dB00-i2           -            151   1.4e-05   26.9   0.0   1   1   7.3e-10   1.6e-05   26.7   0.0    30   104    10    76     7    81 0.91 -
41                   -             78 3u1dB00-i2           -            151   0.00084   21.1   0.0   1   1   3.9e-08   0.00084   21.1   0.0    23    84    10    69     1    77 0.79 -
39                   -             82 3u1dB00-i2           -            151   0.00098   20.9   0.0   1   1   5.1e-08    0.0011   20.7   0.0    29    78    11    59     3    67 0.89 -
12                   -            522 2z30A00-i2           -            320   4.3e-44  152.9  18.8   1   1   9.1e-49     6e-44  152.4  18.8    29   317   198   485   178   487 0.84 -
12                   -            522 4hvlA00-i2           -            377   4.2e-43  149.5  21.2   1   1     9e-48   5.9e-43  149.0  21.2    60   368   196   484   162   487 0.82 -
39                   -             82 2w25A01-i2           -             52   4.1e-05   25.2   0.0   1   1   8.4e-10   5.5e-05   24.8   0.0     3    46    12    57    11    59 0.89 -
7                    -            183 3mq0A01-i2           -             79   0.00085   20.8   0.0   1   1   2.5e-08    0.0017   19.9   0.0    15    61   105   155    91   171 0.87 -
18                   -            295 3la6M00-i2           -            286   1.1e-24   88.9   0.3   1   1   2.3e-29   1.5e-24   88.5   0.3    95   269     4   206     2   215 0.81 -
6                    -             81 1r1tA00-i2           -             99   2.1e-05   26.0   0.0   1   1   7.1e-10   2.3e-05   25.9   0.0    36    84    25    74     9    80 0.80 -
25                   -             79 1r1tA00-i2           -             99   0.00036   22.0   0.0   1   1   1.5e-08   0.00048   21.6   0.0    27    76    22    71    18    78 0.91 -
18                   -            295 2ph1A00-i2           -            262   1.1e-22   82.5   0.2   1   1   2.3e-27   1.5e-22   82.1   0.2    22   204     5   213     3   231 0.73 -
7                    -            183 3broD00-i2           -            141   5.5e-07   31.4   0.0   1   1   2.3e-11   7.3e-07   30.9   0.0    26   106    93   176    75   182 0.83 -
6                    -             81 3broD00-i2           -            141   0.00033   22.4   0.0   1   1   1.1e-08   0.00037   22.2   0.0    35   105    10    78     2    80 0.87 -
12                   -            522 3f7mA00-i2           -            279   9.8e-41  141.7  14.4   1   1   2.2e-45   1.4e-40  141.2  14.4    21   257   187   461   175   471 0.78 -
7                    -            183 4b8xB00-i2           -            147   2.5e-11   45.3   0.7   1   1   1.2e-15   3.8e-11   44.8   0.7    16   107    80   176    70   180 0.84 -
6                    -             81 4b8xB00-i2           -            147   4.6e-06   28.3   0.0   1   1   1.7e-10   5.5e-06   28.0   0.0    35   105     9    77     3    80 0.92 -
12                   -            522 2gkoA00-i2           -            309   5.7e-45  155.7  18.4   1   1   1.3e-49   8.2e-45  155.2  18.4    23   286   195   465   181   479 0.83 -
6                    -             81 3cuoD00-i2           -             99     5e-05   24.9   0.0   1   1   1.8e-09   5.8e-05   24.7   0.0    41    85    28    73    10    79 0.79 -
25                   -             79 3cuoD00-i2           -             99    0.0005   21.7   0.0   1   1   1.8e-08   0.00058   21.5   0.0    28    78    22    71    17    79 0.88 -
7                    -            183 3echA01-i2           -            134   4.7e-10   41.3   0.2   1   1   2.1e-14   6.9e-10   40.8   0.2    15    99    86   176    76   180 0.83 -
6                    -             81 3echA01-i2           -            134   9.2e-05   24.2   0.0   1   1   2.8e-09   9.2e-05   24.2   0.0    44    98    26    78     2    81 0.82 -
5                    -            106 2bj7A01-i2           -             41   1.6e-07   32.6   0.1   1   2      0.19   1.3e+04   -2.2   0.0    28    34    36    42    35    45 0.56 -
5                    -            106 2bj7A01-i2           -             41   1.6e-07   32.6   0.1   2   2   6.8e-12   4.4e-07   31.2   0.0     5    34    73   102    71   105 0.93 -
6                    -             81 5dukB00-i2           -             77   5.6e-06   27.8   0.0   1   1   9.7e-11   6.3e-06   27.6   0.0    23    66    25    68     9    78 0.83 -
12                   -            522 2x8jB01-i2           -            312   8.7e-44  151.7  17.9   1   1     2e-48   1.3e-43  151.1  17.9    39   306   196   480   175   485 0.80 -
12                   -            522 3f7oA00-i2           -            284   3.2e-40  140.1  15.5   1   1   7.1e-45   4.6e-40  139.6  15.5    25   261   190   462   176   474 0.81 -
79                   -            387 5u91A02-i2           -            200   5.9e-13   51.0   0.1   1   1   3.5e-17   1.1e-12   50.1   0.1    22   195   173   363   155   364 0.75 -
3                    -            220 5u91A02-i2           -            200   1.4e-08   36.7   0.2   1   1   2.9e-12   9.4e-08   34.0   0.2     7   194     9   205     5   207 0.68 -
12                   -            522 4kg7A00-i2           -            381     1e-41  145.2  21.0   1   1   2.1e-46   1.4e-41  144.7  21.0    62   375   195   484   161   487 0.77 -
12                   -            522 5fbzA01-i2           -            316   1.5e-39  138.0  19.9   1   1   3.1e-44     2e-39  137.6  19.9    22   314   198   482   181   484 0.81 -
31                   -            785 4d2iA02-i1           -            270   9.3e-07   30.2   0.0   1   1   2.9e-11   1.9e-06   29.2   0.0   133   247   431   549   373   558 0.71 -
39                   -             82 4pcqA01-i2           -             50   0.00016   23.3   0.0   1   1   3.5e-09   0.00023   22.8   0.0     2    44    13    57    13    59 0.89 -
39                   -             82 3v8jA01-i2           -             70   0.00027   22.8   0.0   1   1   6.9e-09   0.00045   22.1   0.0    10    54    12    56     7    64 0.88 -
18                   -            295 3pg5A00-i2           -            327   1.9e-31  111.7   0.0   1   1   3.5e-36   2.3e-31  111.4   0.0     4   207     4   187     3   216 0.81 -
7                    -            183 5e1wA00-i2           -            180     1e-08   36.8   0.1   1   1   3.9e-13   1.3e-08   36.5   0.1    26   128    75   176    51   179 0.81 -
6                    -             81 5e1wA00-i2           -            180     5e-06   28.1   0.0   1   1   1.6e-10   5.3e-06   28.0   0.0    58   127    10    78     3    81 0.89 -
12                   -            522 1t1gA00-i2           -            364   3.6e-14   54.7  14.4   1   1     8e-19   5.2e-14   54.2  14.4    63   298   245   446   183   491 0.70 -
39                   -             82 2wteA02-i2           -             72    0.0002   23.0   0.0   1   1   3.9e-09   0.00026   22.6   0.0     9    53    15    61    11    68 0.87 -
7                    -            183 4zzlB01-i2           -            131   8.2e-11   43.8   0.3   1   1   3.8e-15   1.3e-10   43.2   0.3    15    99    86   176    76   180 0.81 -
6                    -             81 4zzlB01-i2           -            131   5.6e-05   25.0   0.0   1   1   1.9e-09   6.3e-05   24.8   0.0    30    97    10    77     2    80 0.81 -
79                   -            387 2kj5A00-i2           -            116   0.00041   22.5   0.0   1   1   1.7e-08    0.0011   21.1   0.0    55    99    73   126    35   130 0.77 -
25                   -             79 2p4wA01-i2           -            103   3.7e-05   25.4   0.0   1   1 