diamond v2.0.11.149 (C) Max Planck Society for the Advancement of Science
Documentation, support and updates available at http://www.diamondsearch.org
Please cite: http://dx.doi.org/10.1038/s41592-021-01101-x Nature Methods (2021)

#CPU threads: 1
Scoring parameters: (Matrix=BLOSUM62 Lambda=0.267 K=0.041 Penalties=11/1)
Temporary directory: iphop_out/BBJN01000020.1.fasta/Wdir
#Target sequences to report alignments for: 10000
Opening the database...  [0.897s]
Database: /bioinf/transfer/tal/iphop_db/db/rafah_data/RaFAH_ref_cds.dmnd (type: Diamond database, sequences: 1026285, letters: 229470696)
Block size = 2000000000
Opening the input file...  [0.002s]
Opening the output file...  [0.001s]
Loading query sequences...  [0s]
Masking queries...  [0.002s]
Algorithm: Double-indexed
Building query histograms...  [0.001s]
Allocating buffers...  [0s]
Loading reference sequences...  [4.86s]
Masking reference...  [12.189s]
Initializing temporary storage...  [0.043s]
Building reference histograms...  [5.069s]
Allocating buffers...  [0s]
Processing query block 1, reference block 1/1, shape 1/2, index chunk 1/4.
Building reference seed array...  [3.329s]
Building query seed array...  [0.001s]
Computing hash join...  [0.62s]
Building seed filter...  [0.001s]
Searching alignments...  [0.003s]
Processing query block 1, reference block 1/1, shape 1/2, index chunk 2/4.
Building reference seed array...  [4.064s]
Building query seed array...  [0.001s]
Computing hash join...  [0.61s]
Building seed filter...  [0s]
Searching alignments...  [0.001s]
Processing query block 1, reference block 1/1, shape 1/2, index chunk 3/4.
Building reference seed array...  [4.365s]
Building query seed array...  [0.001s]
Computing hash join...  [0.604s]
Building seed filter...  [0s]
Searching alignments...  [0.002s]
Processing query block 1, reference block 1/1, shape 1/2, index chunk 4/4.
Building reference seed array...  [3.17s]
Building query seed array...  [0.001s]
Computing hash join...  [0.61s]
Building seed filter...  [0.001s]
Searching alignments...  [0.002s]
Processing query block 1, reference block 1/1, shape 2/2, index chunk 1/4.
Building reference seed array...  [3.157s]
Building query seed array...  [0.001s]
Computing hash join...  [0.582s]
Building seed filter...  [0s]
Searching alignments...  [0.001s]
Processing query block 1, reference block 1/1, shape 2/2, index chunk 2/4.
Building reference seed array...  [3.98s]
Building query seed array...  [0.001s]
Computing hash join...  [0.609s]
Building seed filter...  [0s]
Searching alignments...  [0.002s]
Processing query block 1, reference block 1/1, shape 2/2, index chunk 3/4.
Building reference seed array...  [4.309s]
Building query seed array...  [0.002s]
Computing hash join...  [0.601s]
Building seed filter...  [0.001s]
Searching alignments...  [0.001s]
Processing query block 1, reference block 1/1, shape 2/2, index chunk 4/4.
Building reference seed array...  [3.152s]
Building query seed array...  [0.001s]
Computing hash join...  [0.603s]
Building seed filter...  [0s]
Searching alignments...  [0.002s]
Deallocating buffers...  [0.002s]
Clearing query masking...  [0s]
Computing alignments...  [0.085s]
Deallocating reference...  [0.002s]
Loading reference sequences...  [0s]
Deallocating buffers...  [0s]
Deallocating queries...  [0s]
Loading query sequences...  [0s]
Closing the input file...  [0s]
Closing the output file...  [0.002s]
Cleaning up...  [0s]
Total time = 57.688s
Reported 662 pairwise alignments, 662 HSPs.
35 queries aligned.
