#                                                                             --- full sequence --- -------------- this domain -------------   hmm coord   ali coord   env coord
# target name        accession   tlen query name            accession   qlen   E-value  score  bias   #  of  c-Evalue  i-Evalue  score  bias  from    to  from    to  from    to  acc description of target
#------------------- ---------- -----  -------------------- ---------- ----- --------- ------ ----- --- --- --------- --------- ------ ----- ----- ----- ----- ----- ----- ----- ---- ---------------------
90                   -            537 PTHR45527.orig.30.pir -           2955   1.3e-20   83.4   3.6   1   1   6.1e-28   3.9e-20   81.8   3.6   979  1362   101   537    89   537 0.85 -
90                   -            537 PTHR22754.orig.30.pir -           1295   8.1e-11   51.9   0.0   1   1   1.9e-16   1.3e-08   44.6   0.0   140   342    86   310    50   399 0.79 -
1                    -            271 PTHR24322.orig.30.pir -            306   8.5e-43  158.2   0.0   1   1   1.6e-50     1e-42  158.0   0.0    20   229    15   222     8   263 0.89 -
1                    -            271 PTHR42879.orig.30.pir -            254   2.4e-84  294.1   0.0   1   1   4.5e-92   2.9e-84  293.8   0.0     4   251    27   270    25   271 0.99 -
90                   -            537 PTHR43107.orig.30.pir -            651   4.2e-17   73.6   0.0   1   1   9.3e-23     6e-15   66.5   0.0   101   313   108   332    78   338 0.75 -
1                    -            271 PTHR44269.orig.30.pir -            323   5.9e-26  102.7   0.0   1   1   1.2e-33   8.1e-26  102.2   0.0    45   246    26   223    18   236 0.90 -
1                    -            271 PTHR43639.orig.30.pir -            258   1.3e-67  239.3   0.0   1   1   2.3e-75   1.5e-67  239.1   0.0     6   254    23   269    19   271 0.97 -
1                    -            271 PTHR47534.orig.30.pir -            318   0.00028   31.6   0.0   1   1   5.3e-12   0.00034   31.3   0.0    20   160    29   166    13   240 0.76 -
90                   -            537 PTHR44845.orig.30.pir -           1190   2.2e-27  106.8   0.0   1   1   4.2e-35   2.8e-27  106.5   0.0   211   606   101   536    83   537 0.81 -
1                    -            271 PTHR43180.orig.30.pir -            256     1e-42  157.8   0.0   1   1   1.8e-50   1.2e-42  157.6   0.0     9   250    24   269     4   271 0.89 -
90                   -            537 PTHR44394.orig.30.pir -           1144   1.2e-19   81.4   0.0   1   1   2.4e-27   1.5e-19   81.0   0.0    17   446    94   537    75   537 0.82 -
1                    -            271 PTHR43618.orig.30.pir -            268   4.2e-56  201.6   0.0   1   1   7.8e-64   5.1e-56  201.4   0.0    14   263    27   269    17   271 0.95 -
90                   -            537 PTHR43352.orig.30.pir -            517   9.3e-53  191.1   0.0   1   1   1.9e-60   1.3e-52  190.6   0.0     5   408    80   536    77   537 0.83 -
1                    -            271 PTHR24317.orig.30.pir -            304   5.2e-47  171.9   0.0   1   1   9.1e-55   5.9e-47  171.7   0.0    17   266    27   269    12   271 0.95 -
90                   -            537 PTHR42814.orig.30.pir -            558   2.6e-20   84.6   0.0   1   1   6.7e-28   4.3e-20   83.9   0.0    16   446    83   535    80   537 0.78 -
1                    -            271 PTHR44279.orig.30.pir -            291   2.6e-17   74.3   0.0   1   1   5.5e-25   3.6e-17   73.9   0.0    24   204    20   201     9   222 0.87 -
1                    -            271 PTHR43550.orig.30.pir -            329   1.6e-38  144.2   0.0   1   1   3.1e-46     2e-38  143.9   0.0    27   225    24   219    12   247 0.89 -
1                    -            271 PTHR24321.orig.30.pir -            260   2.8e-59  212.1   0.0   1   1   5.2e-67   3.4e-59  211.9   0.0     8   257    26   270    21   271 0.92 -
1                    -            271 PTHR43313.orig.30.pir -            340   1.4e-31  121.1   0.0   1   1   2.6e-39   1.7e-31  120.8   0.0    44   241    24   220     3   236 0.86 -
90                   -            537 PTHR42921.orig.30.pir -            676   6.2e-54  195.0   0.0   1   1   1.2e-61   7.5e-54  194.7   0.0    63   553    44   536    36   537 0.88 -
1                    -            271 PTHR44668.orig.30.pir -            311     2e-19   81.5   0.0   1   1     4e-27   2.6e-19   81.1   0.0    32   240    24   228    14   242 0.89 -
1                    -            271 PTHR44252.orig.30.pir -            244   1.9e-42  157.0   0.0   1   1     4e-50   2.6e-42  156.6   0.0     5   241    27   269    24   270 0.90 -
1                    -            271 PTHR43775.orig.30.pir -           2367   9.6e-16   68.0   0.0   1   1   1.8e-23   1.2e-15   67.7   0.0  1945  2117    21   190     5   201 0.86 -
90                   -            537 PTHR43605.orig.30.pir -            581   7.8e-63  224.2   0.0   1   1   1.5e-70   9.9e-63  223.8   0.0    53   480    81   536    66   537 0.91 -
1                    -            271 PTHR44169.orig.30.pir -            280   5.4e-34  129.5   0.0   1   1   1.1e-41   7.1e-34  129.1   0.0     5   194    29   223    19   239 0.91 -
1                    -            271 PTHR43647.orig.30.pir -            372   1.2e-06   39.4   0.1   1   1   1.7e-13   1.1e-05   36.2   0.1    12   275    27   224    12   233 0.85 -
90                   -            537 PTHR43813.orig.30.pir -            697   1.7e-05   35.1   0.0   1   1   2.2e-12   0.00014   32.1   0.0    74   253   109   281    76   309 0.72 -
1                    -            271 PTHR43544.orig.30.pir -            248   8.6e-34  128.4   0.0   1   1   1.5e-41   9.6e-34  128.2   0.0     6   209    30   222    12   263 0.88 -
1                    -            271 PTHR43963.orig.30.pir -            277   4.9e-25   99.6   0.0   1   1     3e-27   1.9e-19   81.3   0.0     4   143    29   170    27   175 0.92 -
1                    -            271 PTHR45274.orig.30.pir -            327   2.6e-15   68.1   0.0   1   1   4.9e-23   3.2e-15   67.7   0.0    37   236    23   217    13   239 0.84 -
1                    -            271 PTHR45681.orig.30.pir -           2385   5.5e-07   38.8   0.0   1   1     1e-14   6.5e-07   38.5   0.0  2033  2192    30   183    20   216 0.87 -
1                    -            271 PTHR44889.orig.30.pir -            330   2.4e-09   48.3   0.0   1   1   4.7e-17   3.1e-09   47.9   0.0    69   255    31   216    23   226 0.84 -
1                    -            271 PTHR43899.orig.30.pir -            308   4.5e-28  109.8   0.0   1   1   8.4e-36   5.5e-28  109.5   0.0    46   237    30   220    12   243 0.89 -
1                    -            271 PTHR24314.orig.30.pir -            352   1.6e-32  124.6   0.0   1   1     3e-40     2e-32  124.3   0.0    69   274    26   225     4   271 0.78 -
1                    -            271 PTHR45267.orig.30.pir -            241   8.5e-25   99.1   0.0   1   1   1.7e-32   1.1e-24   98.7   0.0    13   205    28   220    18   234 0.90 -
1                    -            271 PTHR43086.orig.30.pir -            314   8.3e-31  118.7   0.0   1   1   1.6e-38   1.1e-30  118.3   0.0    61   251    30   218     9   231 0.92 -
1                    -            271 PTHR45024.orig.30.pir -            324   5.3e-50  182.3   0.0   1   1     1e-57   6.7e-50  181.9   0.0     6   241    27   268    22   270 0.91 -
1                    -            271 PTHR44442.orig.30.pir -            343   3.8e-06   37.6   0.0   1   1   9.5e-13   6.2e-05   33.6   0.0    11   103    29   118     4   128 0.84 -
1                    -            271 PTHR43157.orig.30.pir -            303   5.2e-26  103.3   0.0   1   1   9.2e-34     6e-26  103.1   0.0    16   218    27   219    12   262 0.91 -
1                    -            271 PTHR44147.orig.30.pir -            321   4.8e-22   89.9   0.0   1   1   9.4e-30   6.1e-22   89.5   0.0     3   218    25   224    20   266 0.84 -
1                    -            271 PTHR44085.orig.30.pir -            267   9.3e-18   76.1   0.0   1   1   1.9e-25   1.2e-17   75.7   0.0    10   219    29   227    22   238 0.84 -
90                   -            537 PTHR24095.orig.30.pir -            672  2.9e-181  616.0   0.0   1   1  5.5e-189  3.6e-181  615.7   0.0    27   546    37   537    15   537 0.93 -
1                    -            271 PTHR42808.orig.30.pir -            412   7.7e-23   92.7   0.0   1   1   1.6e-30     1e-22   92.3   0.0     7   198    26   209    22   226 0.93 -
1                    -            271 PTHR44419.orig.30.pir -            398   1.5e-05   36.1   0.0   1   1   2.8e-13   1.8e-05   35.7   0.0    72   231    16   172     4   203 0.86 -
90                   -            537 PTHR43347.orig.30.pir -            652  2.2e-125  431.3   0.0   1   1  4.2e-133  2.8e-125  431.0   0.0    15   522    39   537    28   537 0.93 -
90                   -            537 PTHR45398.orig.30.pir -           4082   5.2e-26  100.8   0.0   1   1   9.7e-34   6.3e-26  100.5   0.0  2095  2472   110   536    91   537 0.90 -
1                    -            271 PTHR43490.orig.30.pir -            280   1.9e-27  107.8   0.0   1   1   1.1e-28   6.9e-21   86.2   0.1     4   155    32   170    25   176 0.89 -
90                   -            537 PTHR43859.orig.30.pir -            556   8.1e-17   72.5   0.0   1   1     2e-20   1.3e-12   58.6   0.0    38   290   111   372    84   393 0.79 -
1                    -            271 PTHR43296.orig.30.pir -            313   1.5e-32  124.8   0.0   1   1   2.7e-40   1.8e-32  124.5   0.0    37   287    28   269    13   271 0.92 -
1                    -            271 PTHR43391.orig.30.pir -            281   1.6e-47  173.9   0.0   1   1   3.2e-55   2.1e-47  173.6   0.0     3   196    29   222    25   264 0.88 -
90                   -            537 PTHR43272.orig.30.pir -            633   7.4e-24   95.8   0.0   1   2   2.5e-21   1.6e-13   61.7   0.0    43   257    81   307    27   342 0.77 -
90                   -            537 PTHR43272.orig.30.pir -            633   7.4e-24   95.8   0.0   2   2   2.1e-12   0.00014   32.2   0.0   370   504   386   534   380   536 0.81 -
1                    -            271 PTHR43431.orig.30.pir -            244   1.9e-18   78.3   0.0   1   1   3.6e-26   2.3e-18   78.1   0.0     8   224    29   251    23   262 0.85 -
1                    -            271 PTHR43669.orig.30.pir -            266   4.4e-54  195.4   0.0   1   1   8.9e-62   5.8e-54  195.0   0.0     9   260    24   269    18   270 0.96 -
1                    -            271 PTHR44196.orig.30.pir -            308   7.1e-49  178.1   0.0   1   1   1.3e-56   8.5e-49  177.8   0.0    38   265    22   251     3   265 0.90 -
1                    -            271 PTHR43975.orig.30.pir -            259   9.1e-51  184.2   0.0   1   1   1.8e-58   1.1e-50  183.9   0.0     5   254    27   270    24   271 0.93 -
1                    -            271 PTHR43115.orig.30.pir -           1063   1.1e-31  122.1   0.1   1   1   2.1e-39   1.4e-31  121.8   0.1    64   275    16   223     3   252 0.90 -
1                    -            271 PTHR42820.orig.30.pir -            263   5.4e-43  158.6   0.0   1   1     1e-50   6.5e-43  158.3   0.0     7   256    26   269    12   271 0.91 -
90                   -            537 PTHR44378.orig.30.pir -            725   1.1e-29  114.6   0.0   1   1     2e-37   1.3e-29  114.4   0.0   147   614    64   536    20   537 0.87 -
1                    -            271 PTHR44404.orig.30.pir -            321   5.8e-11   53.4   0.1   1   1   1.6e-18     1e-10   52.6   0.1    52   260    27   224     7   240 0.84 -
1                    -            271 PTHR43943.orig.30.pir -            253   1.4e-50  183.6   0.0   1   1   2.6e-58   1.7e-50  183.3   0.0     2   250    24   270     7   271 0.95 -
1                    -            271 PTHR45458.orig.30.pir -            229   3.5e-25  100.5   0.0   1   1   6.9e-33   4.5e-25  100.2   0.0     3   190    30   218    28   267 0.89 -
90                   -            537 PTHR43201.orig.30.pir -            531   3.7e-36  136.4   0.0   1   1   6.7e-44   4.4e-36  136.2   0.0    39   430    78   536    17   537 0.74 -
1                    -            271 PTHR44656.orig.30.pir -            322   4.6e-10   50.5   0.0   1   1   1.4e-17   9.1e-10   49.6   0.0    40   180    26   166     9   232 0.91 -
1                    -            271 PTHR42760.orig.30.pir -            255   9.4e-77  269.6   0.0   1   1   1.9e-84   1.2e-76  269.2   0.0     8   254    24   269    19   270 0.93 -
1                    -            271 PTHR48107.orig.30.pir -            271   1.1e-65  233.1   0.0   1   1   1.9e-73   1.2e-65  232.8   0.0    19   269    24   268     7   270 0.92 -
1                    -            271 PTHR42898.orig.30.pir -            255   1.4e-46  170.2   0.0   1   1   2.5e-54   1.6e-46  170.0   0.0     4   250    26   269    23   271 0.93 -
90                   -            537 PTHR24096.orig.30.pir -            490     6e-43  158.9   0.0   1   1   1.1e-50   7.1e-43  158.7   0.0    37   403   109   536    63   537 0.79 -
1                    -            271 PTHR44229.orig.30.pir -            269   1.7e-38  143.9   0.0   1   1   3.2e-46   2.1e-38  143.6   0.0     5   242    29   263    26   270 0.87 -
1                    -            271 PTHR43477.orig.30.pir -            253   6.2e-56  201.3   0.0   1   1   1.1e-63   7.5e-56  201.0   0.0    11   251    26   270    18   271 0.93 -
1                    -            271 PTHR42901.orig.30.pir -            269   3.2e-50  182.4   0.0   1   1   5.8e-58   3.8e-50  182.2   0.0    15   247    26   258    12   266 0.91 -
1                    -            271 PTHR43008.orig.30.pir -            265   1.7e-55  200.0   0.0   1   1   3.2e-63   2.1e-55  199.7   0.0    10   261    26   269    20   271 0.93 -
1                    -            271 PTHR44115.orig.30.pir -            277   5.8e-32  122.4   0.0   1   1   1.1e-39   7.2e-32  122.1   0.0     9   264    29   269    24   271 0.91 -
1                    -            271 PTHR43159.orig.30.pir -            385     8e-05   33.7   0.0   1   1   4.1e-11    0.0027   28.7   0.0   190   370    93   269    64   271 0.89 -
90                   -            537 PTHR43767.orig.30.pir -            988   4.2e-42  155.9   0.1   1   1   7.8e-50   5.1e-42  155.6   0.1   194   603   109   536    70   537 0.81 -
1                    -            271 PTHR44375.orig.30.pir -            276   1.4e-36  137.6   0.0   1   1   2.8e-44   1.8e-36  137.3   0.0     4   264    19   268    12   270 0.87 -
1                    -            271 PTHR43976.orig.30.pir -            287   1.7e-35  134.5   0.0   1   1   3.1e-43     2e-35  134.2   0.0     4   196    24   220    22   246 0.95 -
1                    -            271 PTHR43658.orig.30.pir -            252   1.6e-51  187.0   0.0   1   1   2.9e-59   1.9e-51  186.7   0.0     8   248    28   269    11   271 0.92 -
1                    -            271 PTHR24320.orig.30.pir -            284   2.5e-27  107.4   0.0   1   1   4.6e-35     3e-27  107.2   0.0    14   223    19   218     3   261 0.82 -
#
# Program:         hmmsearch
# Version:         3.3 (Nov 2019)
# Pipeline mode:   SEARCH
# Query file:      data/panther/17.0/famhmm/binHmm
# Target file:     /home/dlueckin/projects/pR1SE_australian_lakes/G_annotate_complete_relatives/scripts/../interpro_tmp/AOIR01000042.1.fasta.faa/hpc-node2_20230626_111205598_kyge//jobPanther/000000000001_000000000106.fasta
# Option settings: bin/hmmer/hmmer3/3.3/hmmsearch -o /home/dlueckin/projects/pR1SE_australian_lakes/G_annotate_complete_relatives/scripts/../interpro_tmp/AOIR01000042.1.fasta.faa/hpc-node2_20230626_111205598_kyge//jobPanther/000000000001_000000000106.raw.out --domtblout /home/dlueckin/projects/pR1SE_australian_lakes/G_annotate_complete_relatives/scripts/../interpro_tmp/AOIR01000042.1.fasta.faa/hpc-node2_20230626_111205598_kyge//jobPanther/000000000001_000000000106.raw.domtblout.out --notextw -E 0.001 --domE 0.00000001 --incdomE 0.00000001 -Z 65000000 --cpu 1 data/panther/17.0/famhmm/binHmm /home/dlueckin/projects/pR1SE_australian_lakes/G_annotate_complete_relatives/scripts/../interpro_tmp/AOIR01000042.1.fasta.faa/hpc-node2_20230626_111205598_kyge//jobPanther/000000000001_000000000106.fasta 
# Current dir:     /bioinf/home/dlueckin/dbs/interproscan-5.62-94.0
# Date:            Mon Jun 26 11:13:40 2023
# [ok]
