Started Tue Aug  8 04:58:35 PM CEST 2023
Total seqs 1784 in combined_relevant_proteins.faa
..........100 finished 41 clusters 129 passed 41/129 clstr/passed 7.23% done 7.45 cpu
..........200 finished 83 clusters 244 passed 42/115 clstr/passed 13.67% done 12.32 cpu
..........300 finished 130 clusters 361 passed 47/117 clstr/passed 20.23% done 14.73 cpu
..........400 finished 175 clusters 472 passed 45/111 clstr/passed 26.45% done 17.14 cpu
..........500 finished 216 clusters 575 passed 41/103 clstr/passed 32.23% done 18.8 cpu
..........600 finished 254 clusters 649 passed 38/74 clstr/passed 36.37% done 18.91 cpu
..........700 finished 301 clusters 743 passed 47/94 clstr/passed 41.64% done 20.45 cpu
..........800 finished 347 clusters 840 passed 46/97 clstr/passed 47.08% done 22 cpu
..........900 finished 404 clusters 939 passed 57/99 clstr/passed 52.63% done 22.83 cpu
..........1000 finished 468 clusters 1045 passed 64/106 clstr/passed 58.57% done 22.95 cpu
..........1100 finished 529 clusters 1140 passed 61/95 clstr/passed 63.9% done 23.94 cpu
..........1200 finished 591 clusters 1243 passed 62/103 clstr/passed 69.67% done 24.65 cpu
..........1300 finished 657 clusters 1347 passed 66/104 clstr/passed 75.5% done 25.53 cpu
..........1400 finished 710 clusters 1436 passed 53/89 clstr/passed 80.49% done 26.37 cpu
..........1500 finished 774 clusters 1526 passed 64/90 clstr/passed 85.53% done 27.2 cpu
..........1600 finished 836 clusters 1633 passed 62/107 clstr/passed 91.53% done 27.52 cpu
..........1700 finished 894 clusters 1707 passed 58/74 clstr/passed 95.68% done 28.49 cpu
........1784 finished 965 clusters 1784 passed 71/77 clstr/passed 100% done 30.79 cpu
Completed Tue Aug  8 05:00:47 PM CEST 2023

Total CPUs on remote hosts: 0
