#                                                               --- full sequence ---- --- best 1 domain ---- --- domain number estimation ----
# target name        accession  query name           accession    E-value  score  bias   E-value  score  bias   exp reg clu  ov env dom rep inc description of target
#------------------- ---------- -------------------- ---------- --------- ------ ----- --------- ------ -----   --- --- --- --- --- --- --- --- ---------------------
90                   -          MF_00593             -            6.6e-18   54.4   0.0   7.6e-14   41.0   0.0   2.7   1   1   0   1   1   1   1 -
90                   -          MF_00731             -            2.3e-26   82.3   0.0   4.4e-26   81.4   0.0   1.4   1   1   0   1   1   1   1 -
87                   -          MF_00803             -            0.00024   11.2   0.8   0.00034   10.7   0.1   1.5   2   0   0   2   2   2   2 -
90                   -          MF_01123             -           6.2e-206  675.7   0.1  7.4e-206  675.5   0.1   1.0   1   0   0   1   1   1   1 -
90                   -          MF_01162             -            1.7e-12   36.3   0.0   2.7e-12   35.6   0.0   1.3   1   0   0   1   1   1   1 -
90                   -          MF_01524             -            9.9e-15   44.0   0.0   3.2e-14   42.3   0.0   1.7   1   1   0   1   1   1   1 -
10                   -          MF_01576             -            0.00013   10.9   0.3   0.00013   10.9   0.3   1.0   1   0   0   1   1   1   1 -
1                    -          MF_01647             -            6.7e-14   42.1   0.1   2.3e-13   40.3   0.1   1.7   1   1   0   1   1   1   1 -
90                   -          MF_02247             -            1.6e-06   16.0   0.1   3.6e-06   14.9   0.1   1.4   1   1   0   1   1   1   1 -
1                    -          MF_03107             -            1.2e-21   67.1   0.0   1.5e-21   66.8   0.0   1.0   1   0   0   1   1   1   1 -
#
# Program:         hmmsearch
# Version:         3.3 (Nov 2019)
# Pipeline mode:   SEARCH
# Query file:      data/hamap/2023_01/hamap.hmm.lib
# Target file:     /home/dlueckin/projects/pR1SE_australian_lakes/G_annotate_complete_relatives/scripts/../interpro_tmp/AOIR01000042.1.fasta.faa/hpc-node2_20230626_111205598_kyge//jobHAMAP/000000000001_000000000106.fasta
# Option settings: bin/hmmer/hmmer3/3.3/hmmsearch -o /home/dlueckin/projects/pR1SE_australian_lakes/G_annotate_complete_relatives/scripts/../interpro_tmp/AOIR01000042.1.fasta.faa/hpc-node2_20230626_111205598_kyge//jobHAMAP/000000000001_000000000106.raw.out --tblout /home/dlueckin/projects/pR1SE_australian_lakes/G_annotate_complete_relatives/scripts/../interpro_tmp/AOIR01000042.1.fasta.faa/hpc-node2_20230626_111205598_kyge//jobHAMAP/000000000001_000000000106.raw.tblout.out -E 100 --domE 100 --incE 100 --incdomE 100 --cpu 1 data/hamap/2023_01/hamap.hmm.lib /home/dlueckin/projects/pR1SE_australian_lakes/G_annotate_complete_relatives/scripts/../interpro_tmp/AOIR01000042.1.fasta.faa/hpc-node2_20230626_111205598_kyge//jobHAMAP/000000000001_000000000106.fasta 
# Current dir:     /bioinf/home/dlueckin/dbs/interproscan-5.62-94.0
# Date:            Mon Jun 26 11:12:56 2023
# [ok]
