2023-06-27 18:47:06,617 - The log file is created at ../DRAM_out/SRIF01000015.1.fasta/annotate.log.
2023-06-27 18:47:06,617 - 1 FASTAs found
2023-06-27 18:47:06,669 - Starting the Annotation of Bins with database configuration: 
 

KOfam db:
    Citation: T. Aramaki, R. Blanc-Mathieu, H. Endo, K. Ohkubo, M. Kanehisa, S. Goto, and H. Ogata, "Kofamkoala: Kegg ortholog assignment based on profile hmm and adaptive score threshold," Bioinformatics, vol. 36, no. 7, pp. 2251–2252, 2020.
    Download Time: 01/03/2023, 11:27:38
    Origin: Downloaded by DRAM
KOfam KO list:
    Citation: T. Aramaki, R. Blanc-Mathieu, H. Endo, K. Ohkubo, M. Kanehisa, S. Goto, and H. Ogata, "Kofamkoala: Kegg ortholog assignment based on profile hmm and adaptive score threshold," Bioinformatics, vol. 36, no. 7, pp. 2251–2252, 2020.
    Download Time: 01/03/2023, 11:27:40
    Origin: Downloaded by DRAM
Pfam db:
    Citation: J. Mistry, S. Chuguransky, L. Williams, M. Qureshi, G. A. Salazar, E. L. Sonnhammer, S. C. Tosatto, L. Paladin, S. Raj, L. J. Richardson et al., "Pfam: The protein families database in 2021," Nucleic acids research, vol. 49, no. D1, pp. D412–D419, 2021.
    Download Time: 01/03/2023, 11:31:08
    Origin: Downloaded by DRAM
    Description_Db_Updated: 01/03/2023, 12:22:19
dbCAN db:
    Citation: Y. Yin, X. Mao, J. Yang, X. Chen, F. Mao, and Y. Xu, "dbcan: a web resource for automated carbohydrate-active enzyme annotation," Nucleic acids research, vol. 40, no. W1, pp. W445–W451, 2012.
    Version: 11
    Download Time: 01/03/2023, 11:31:16
    Origin: Downloaded by DRAM
    Description_Db_Updated: 01/03/2023, 12:22:20
MEROPS peptidase db:
    Description_Db_Updated: 01/03/2023, 12:22:19
    Citation: N. D. Rawlings, A. J. Barrett, P. D. Thomas, X. Huang, A. Bateman, and R. D. Finn, "The merops database of proteolytic enzymes, their substrates and inhibitors in 2017 and a comparison with peptidases in the panther database," Nucleic acids research, vol. 46, no. D1, pp. D624–D632, 2018.
    Download Time: 01/03/2023, 11:31:41
    Origin: Downloaded by DRAM

Pfam hmm dat:
    Description_Db_Updated: Unknown, or Never
    Citation: J. Mistry, S. Chuguransky, L. Williams, M. Qureshi, G. A. Salazar, E. L. Sonnhammer, S. C. Tosatto, L. Paladin, S. Raj, L. J. Richardson et al., "Pfam: The protein families database in 2021," Nucleic acids research, vol. 49, no. D1, pp. D412–D419, 2021.
    Download Time: 01/03/2023, 11:31:09
    Origin: Downloaded by DRAM
dbCAN family activities:
    Citation: Y. Yin, X. Mao, J. Yang, X. Chen, F. Mao, and Y. Xu, "dbcan: a web resource for automated carbohydrate-active enzyme annotation," Nucleic acids research, vol. 40, no. W1, pp. W445–W451, 2012.
    Version: 11
    Upload_Date: 08062022
    Download Time: 01/03/2023, 11:31:17
    Origin: Downloaded by DRAM
dbCAN subfamily EC numbers:
    Citation: Y. Yin, X. Mao, J. Yang, X. Chen, F. Mao, and Y. Xu, "dbcan: a web resource for automated carbohydrate-active enzyme annotation," Nucleic acids research, vol. 40, no. W1, pp. W445–W451, 2012.
    Version: 11
    Upload_Date: 08062022
    Download Time: 01/03/2023, 11:31:18
    Origin: Downloaded by DRAM
VOG annotations:
    Description_Db_Updated: Unknown, or Never
    Citation: J. Thannesberger, H.-J. Hellinger, I. Klymiuk, M.-T. Kastner, F. J. Rieder, M. Schneider, S. Fister, T. Lion, K. Kosulin, J. Laengle et al., "Viruses comprise an extensive pool of mobile genetic elements in eukaryote cell cultures and human clinical samples," The FASEB Journal, vol. 31, no. 5, pp. 1987–2000, 2017.
    Version: latest
    Download Time: 01/03/2023, 11:31:26
    Origin: Downloaded by DRAM

Genome summary form:
    Branch: master
    Download Time: 01/03/2023, 11:31:42
    Origin: Downloaded by DRAM
Module step form:
    Branch: master
    Download Time: 01/03/2023, 11:31:42
    Origin: Downloaded by DRAM
ETC module database:
    Branch: master
    Download Time: 01/03/2023, 11:31:43
    Origin: Downloaded by DRAM
Function heatmap form:
    Branch: master
    Download Time: 01/03/2023, 11:31:43
    Origin: Downloaded by DRAM
AMG database:
    Branch: master
    Download Time: 01/03/2023, 11:31:43
    Origin: Downloaded by DRAM
2023-06-27 18:47:06,673 - Retrieved database locations and descriptions
2023-06-27 18:47:06,674 - Annotating SRIF01000015.1
2023-06-27 18:47:07,995 - Turning genes from prodigal to mmseqs2 db
2023-06-27 18:47:18,683 - Getting hits from kofam
2023-06-27 18:50:44,101 - Getting forward best hits from peptidase
2023-06-27 18:50:46,387 - Getting reverse best hits from peptidase
2023-06-27 18:50:51,581 - Getting descriptions of hits from peptidase
2023-06-27 18:50:51,607 - Getting hits from pfam
2023-06-27 18:51:04,857 - Getting hits from dbCAN
2023-06-27 18:51:08,869 - Merging ORF annotations
2023-06-27 18:51:10,732 - No tRNAs were detected, no trnas.tsv file will be created.
2023-06-27 18:51:11,201 - No rRNAs were detected, no rrnas.tsv file will be created.
2023-06-27 18:51:11,782 - Annotations complete, processing annotations
2023-06-27 18:51:11,869 - Completed annotations
