diamond v2.0.11.149 (C) Max Planck Society for the Advancement of Science
Documentation, support and updates available at http://www.diamondsearch.org
Please cite: http://dx.doi.org/10.1038/s41592-021-01101-x Nature Methods (2021)

#CPU threads: 1
Scoring parameters: (Matrix=BLOSUM62 Lambda=0.267 K=0.041 Penalties=11/1)
Temporary directory: iphop_out/Gairdner_NODE_167_length_41210_cov_9.888325/Wdir
#Target sequences to report alignments for: 10000
Opening the database...  [0.094s]
Database: /bioinf/transfer/tal/iphop_db/db/rafah_data/RaFAH_ref_cds.dmnd (type: Diamond database, sequences: 1026285, letters: 229470696)
Block size = 2000000000
Opening the input file...  [0s]
Opening the output file...  [0.001s]
Loading query sequences...  [0s]
Masking queries...  [0.002s]
Algorithm: Double-indexed
Building query histograms...  [0s]
Allocating buffers...  [0s]
Loading reference sequences...  [1.704s]
Masking reference...  [11.013s]
Initializing temporary storage...  [0.037s]
Building reference histograms...  [4.911s]
Allocating buffers...  [0s]
Processing query block 1, reference block 1/1, shape 1/2, index chunk 1/4.
Building reference seed array...  [3.278s]
Building query seed array...  [0s]
Computing hash join...  [0.749s]
Building seed filter...  [0.001s]
Searching alignments...  [0.001s]
Processing query block 1, reference block 1/1, shape 1/2, index chunk 2/4.
Building reference seed array...  [3.743s]
Building query seed array...  [0.001s]
Computing hash join...  [0.763s]
Building seed filter...  [0.001s]
Searching alignments...  [0.001s]
Processing query block 1, reference block 1/1, shape 1/2, index chunk 3/4.
Building reference seed array...  [4.385s]
Building query seed array...  [0s]
Computing hash join...  [0.785s]
Building seed filter...  [0s]
Searching alignments...  [0.001s]
Processing query block 1, reference block 1/1, shape 1/2, index chunk 4/4.
Building reference seed array...  [3.248s]
Building query seed array...  [0s]
Computing hash join...  [0.774s]
Building seed filter...  [0s]
Searching alignments...  [0.001s]
Processing query block 1, reference block 1/1, shape 2/2, index chunk 1/4.
Building reference seed array...  [2.911s]
Building query seed array...  [0s]
Computing hash join...  [0.777s]
Building seed filter...  [0.001s]
Searching alignments...  [0s]
Processing query block 1, reference block 1/1, shape 2/2, index chunk 2/4.
Building reference seed array...  [3.977s]
Building query seed array...  [0s]
Computing hash join...  [0.756s]
Building seed filter...  [0s]
Searching alignments...  [0s]
Processing query block 1, reference block 1/1, shape 2/2, index chunk 3/4.
Building reference seed array...  [4.259s]
Building query seed array...  [0s]
Computing hash join...  [0.747s]
Building seed filter...  [0s]
Searching alignments...  [0.001s]
Processing query block 1, reference block 1/1, shape 2/2, index chunk 4/4.
Building reference seed array...  [3.217s]
Building query seed array...  [0s]
Computing hash join...  [0.762s]
Building seed filter...  [0.001s]
Searching alignments...  [0s]
Deallocating buffers...  [0.002s]
Clearing query masking...  [0s]
Computing alignments...  [0.048s]
Deallocating reference...  [0.002s]
Loading reference sequences...  [0s]
Deallocating buffers...  [0s]
Deallocating queries...  [0s]
Loading query sequences...  [0s]
Closing the input file...  [0s]
Closing the output file...  [0.001s]
Cleaning up...  [0s]
Total time = 53.184s
Reported 147 pairwise alignments, 147 HSPs.
7 queries aligned.
