Running host prediction mode
Indexing sequences from iphop_out/Eyre_NODE_236_length_33155_cov_19.932/Wdir/split_input/
Processing Eyre_NODE_236_length_33155_cov_19.932.fasta
Processed 1 Genomic Sequences
Running Prodigal
Indexing sequences from iphop_out/Eyre_NODE_236_length_33155_cov_19.932/Wdir/rafah_out/Full_CDS_Prediction.faa
Running hmmsearch. Query: iphop_out/Eyre_NODE_236_length_33155_cov_19.932/Wdir/rafah_out/Full_CDS_Prediction.faa DB: /bioinf/transfer/tal/iphop_db/db/rafah_data/HP_Ranger_Model_3_Filtered_0.9_Valids.hmm
Obtained 43644 ids from /bioinf/transfer/tal/iphop_db/db/rafah_data/HP_Ranger_Model_3_Valid_Cols.txt
Parsing iphop_out/Eyre_NODE_236_length_33155_cov_19.932/Wdir/rafah_out/Full_CDSxClusters_Prediction
Detected 7 OGs across 1 genomic sequences
Performing host prediction
[1] "Loading Model from  /bioinf/transfer/tal/iphop_db/db/rafah_data/MMSeqs_Clusters_Ranger_Model_1+2+3_Clean.RData"
[1] "Reading input file  iphop_out/Eyre_NODE_236_length_33155_cov_19.932/Wdir/rafah_out/Full_Genome_to_OG_Score_Min_Score_50-Max_evalue_1e-05_Prediction.tsv"
             used    (Mb) gc trigger    (Mb)   max used    (Mb)
Ncells    8268823   441.7   13377265   714.5   13377265   714.5
Vcells 2144904154 16364.4 2754466246 21015.0 2191232774 16717.8
[1] "Passing data to Random Forest using  1  threads"
[1] "Writing predictions to  iphop_out/Eyre_NODE_236_length_33155_cov_19.932/Wdir/rafah_out/Full_Host_Predictions.tsv"
Parsing output of host prediction iphop_out/Eyre_NODE_236_length_33155_cov_19.932/Wdir/rafah_out/Full_Host_Predictions.tsv
Printing results to iphop_out/Eyre_NODE_236_length_33155_cov_19.932/Wdir/rafah_out/Full_Seq_Info_Prediction.tsv
