Building DAG of jobs...
Using shell: /bin/bash
Provided cluster nodes: 1
Job stats:
job                 count    min threads    max threads
----------------  -------  -------------  -------------
iterative_blastp        1              1              1
total                   1              1              1

Select jobs to execute...

[Fri Apr 21 12:35:13 2023]
rule iterative_blastp:
    input: initial_proteins/ORF6_initial_proteins2.faa
    output: blastp_proteins/ORF6_blastp_proteins.faa
    log: log/ORF6_test.log
    jobid: 0
    wildcards: ORF=ORF6
    resources: tmpdir=/tmp, mem=50GB, threads=4, time=10:00:00, partition=CLUSTER

Submitted job 0 with external jobid 'Submitted batch job 61607'.
Waiting at most 50 seconds for missing files.
[Fri Apr 21 12:35:42 2023]
Finished job 0.
1 of 1 steps (100%) done
Complete log: /home/dlueckin/projects/pR1SE_australian_lakes/generate_protein_clusters/.snakemake/log/2023-04-21T123509.059105.snakemake.log
