Building DAG of jobs...
Using shell: /bin/bash
Provided cluster nodes: 7
Job stats:
job                 count    min threads    max threads
----------------  -------  -------------  -------------
all                     1              1              1
iterative_blastp        7              1              1
total                   8              1              1

Select jobs to execute...

[Fri Apr 21 16:21:46 2023]
rule iterative_blastp:
    input: initial_proteins/ORF6_initial_proteins.faa
    output: blastp_proteins/ORF6_blastp_proteins.faa
    log: log/ORF6_test.log
    jobid: 1
    wildcards: ORF=ORF6
    resources: tmpdir=/tmp, mem=50GB, threads=16, time=10:00:00, partition=CLUSTER

Submitted job 1 with external jobid 'Submitted batch job 61622'.

[Fri Apr 21 16:21:46 2023]
rule iterative_blastp:
    input: initial_proteins/ORF10_initial_proteins.faa
    output: blastp_proteins/ORF10_blastp_proteins.faa
    log: log/ORF10_test.log
    jobid: 3
    wildcards: ORF=ORF10
    resources: tmpdir=/tmp, mem=50GB, threads=16, time=10:00:00, partition=CLUSTER

Submitted job 3 with external jobid 'Submitted batch job 61623'.

[Fri Apr 21 16:21:46 2023]
rule iterative_blastp:
    input: initial_proteins/ORF17_initial_proteins.faa
    output: blastp_proteins/ORF17_blastp_proteins.faa
    log: log/ORF17_test.log
    jobid: 4
    wildcards: ORF=ORF17
    resources: tmpdir=/tmp, mem=50GB, threads=16, time=10:00:00, partition=CLUSTER

Submitted job 4 with external jobid 'Submitted batch job 61624'.

[Fri Apr 21 16:21:46 2023]
rule iterative_blastp:
    input: initial_proteins/ORF23_initial_proteins.faa
    output: blastp_proteins/ORF23_blastp_proteins.faa
    log: log/ORF23_test.log
    jobid: 6
    wildcards: ORF=ORF23
    resources: tmpdir=/tmp, mem=50GB, threads=16, time=10:00:00, partition=CLUSTER

Submitted job 6 with external jobid 'Submitted batch job 61625'.

[Fri Apr 21 16:21:46 2023]
rule iterative_blastp:
    input: initial_proteins/ORF8_initial_proteins.faa
    output: blastp_proteins/ORF8_blastp_proteins.faa
    log: log/ORF8_test.log
    jobid: 2
    wildcards: ORF=ORF8
    resources: tmpdir=/tmp, mem=50GB, threads=16, time=10:00:00, partition=CLUSTER

Submitted job 2 with external jobid 'Submitted batch job 61626'.

[Fri Apr 21 16:21:46 2023]
rule iterative_blastp:
    input: initial_proteins/ORF21_initial_proteins.faa
    output: blastp_proteins/ORF21_blastp_proteins.faa
    log: log/ORF21_test.log
    jobid: 5
    wildcards: ORF=ORF21
    resources: tmpdir=/tmp, mem=50GB, threads=16, time=10:00:00, partition=CLUSTER

Submitted job 5 with external jobid 'Submitted batch job 61627'.

[Fri Apr 21 16:21:47 2023]
rule iterative_blastp:
    input: initial_proteins/ORF24_initial_proteins.faa
    output: blastp_proteins/ORF24_blastp_proteins.faa
    log: log/ORF24_test.log
    jobid: 7
    wildcards: ORF=ORF24
    resources: tmpdir=/tmp, mem=50GB, threads=16, time=10:00:00, partition=CLUSTER

Submitted job 7 with external jobid 'Submitted batch job 61628'.
[Fri Apr 21 22:16:32 2023]
Finished job 5.
1 of 8 steps (12%) done
[Sat Apr 22 01:11:23 2023]
Finished job 2.
2 of 8 steps (25%) done
Terminating processes on user request, this might take some time.
Will exit after finishing currently running jobs.
Cancelling snakemake on user request.
