Building DAG of jobs...
Using shell: /bin/bash
Provided cluster nodes: 7
Job stats:
job                 count    min threads    max threads
----------------  -------  -------------  -------------
all                     1              1              1
iterative_blastp        7              1              1
total                   8              1              1

Select jobs to execute...

[Fri Apr 21 12:45:34 2023]
rule iterative_blastp:
    input: initial_proteins/ORF17_initial_proteins.faa
    output: blastp_proteins/ORF17_blastp_proteins.faa
    log: log/ORF17_test.log
    jobid: 4
    wildcards: ORF=ORF17
    resources: tmpdir=/tmp, mem=50GB, threads=16, time=10:00:00, partition=CLUSTER

Submitted job 4 with external jobid 'Submitted batch job 61615'.

[Fri Apr 21 12:45:34 2023]
rule iterative_blastp:
    input: initial_proteins/ORF6_initial_proteins.faa
    output: blastp_proteins/ORF6_blastp_proteins.faa
    log: log/ORF6_test.log
    jobid: 1
    wildcards: ORF=ORF6
    resources: tmpdir=/tmp, mem=50GB, threads=16, time=10:00:00, partition=CLUSTER

Submitted job 1 with external jobid 'Submitted batch job 61616'.

[Fri Apr 21 12:45:34 2023]
rule iterative_blastp:
    input: initial_proteins/ORF10_initial_proteins.faa
    output: blastp_proteins/ORF10_blastp_proteins.faa
    log: log/ORF10_test.log
    jobid: 3
    wildcards: ORF=ORF10
    resources: tmpdir=/tmp, mem=50GB, threads=16, time=10:00:00, partition=CLUSTER

Submitted job 3 with external jobid 'Submitted batch job 61617'.

[Fri Apr 21 12:45:34 2023]
rule iterative_blastp:
    input: initial_proteins/ORF23_initial_proteins.faa
    output: blastp_proteins/ORF23_blastp_proteins.faa
    log: log/ORF23_test.log
    jobid: 6
    wildcards: ORF=ORF23
    resources: tmpdir=/tmp, mem=50GB, threads=16, time=10:00:00, partition=CLUSTER

Submitted job 6 with external jobid 'Submitted batch job 61618'.

[Fri Apr 21 12:45:34 2023]
rule iterative_blastp:
    input: initial_proteins/ORF8_initial_proteins.faa
    output: blastp_proteins/ORF8_blastp_proteins.faa
    log: log/ORF8_test.log
    jobid: 2
    wildcards: ORF=ORF8
    resources: tmpdir=/tmp, mem=50GB, threads=16, time=10:00:00, partition=CLUSTER

Submitted job 2 with external jobid 'Submitted batch job 61619'.

[Fri Apr 21 12:45:34 2023]
rule iterative_blastp:
    input: initial_proteins/ORF21_initial_proteins.faa
    output: blastp_proteins/ORF21_blastp_proteins.faa
    log: log/ORF21_test.log
    jobid: 5
    wildcards: ORF=ORF21
    resources: tmpdir=/tmp, mem=50GB, threads=16, time=10:00:00, partition=CLUSTER

Submitted job 5 with external jobid 'Submitted batch job 61620'.

[Fri Apr 21 12:45:34 2023]
rule iterative_blastp:
    input: initial_proteins/ORF24_initial_proteins.faa
    output: blastp_proteins/ORF24_blastp_proteins.faa
    log: log/ORF24_test.log
    jobid: 7
    wildcards: ORF=ORF24
    resources: tmpdir=/tmp, mem=50GB, threads=16, time=10:00:00, partition=CLUSTER

Submitted job 7 with external jobid 'Submitted batch job 61621'.
[Fri Apr 21 15:49:26 2023]
Error in rule iterative_blastp:
    jobid: 6
    output: blastp_proteins/ORF23_blastp_proteins.faa
    log: log/ORF23_test.log (check log file(s) for error message)
    conda-env: diamond
    shell:
        
        python3 scripts/01_iterative_blast.py         initial_proteins/ORF23_initial_proteins.faa blastp_proteins/ORF23_blastp_proteins.faa --db /bioinf/home/dlueckin/dbs/diamond_nr/nr.dmnd         --evalue 1e-05         --bitscore 50 
        
        (one of the commands exited with non-zero exit code; note that snakemake uses bash strict mode!)
    cluster_jobid: Submitted batch job 61618

Error executing rule iterative_blastp on cluster (jobid: 6, external: Submitted batch job 61618, jobscript: /home/dlueckin/projects/pR1SE_australian_lakes/generate_protein_clusters/.snakemake/tmp.8e0e5e5j/snakejob.iterative_blastp.6.sh). For error details see the cluster log and the log files of the involved rule(s).
[Fri Apr 21 15:49:26 2023]
Error in rule iterative_blastp:
    jobid: 5
    output: blastp_proteins/ORF21_blastp_proteins.faa
    log: log/ORF21_test.log (check log file(s) for error message)
    conda-env: diamond
    shell:
        
        python3 scripts/01_iterative_blast.py         initial_proteins/ORF21_initial_proteins.faa blastp_proteins/ORF21_blastp_proteins.faa --db /bioinf/home/dlueckin/dbs/diamond_nr/nr.dmnd         --evalue 1e-05         --bitscore 50 
        
        (one of the commands exited with non-zero exit code; note that snakemake uses bash strict mode!)
    cluster_jobid: Submitted batch job 61620

Error executing rule iterative_blastp on cluster (jobid: 5, external: Submitted batch job 61620, jobscript: /home/dlueckin/projects/pR1SE_australian_lakes/generate_protein_clusters/.snakemake/tmp.8e0e5e5j/snakejob.iterative_blastp.5.sh). For error details see the cluster log and the log files of the involved rule(s).
[Fri Apr 21 15:49:26 2023]
Error in rule iterative_blastp:
    jobid: 7
    output: blastp_proteins/ORF24_blastp_proteins.faa
    log: log/ORF24_test.log (check log file(s) for error message)
    conda-env: diamond
    shell:
        
        python3 scripts/01_iterative_blast.py         initial_proteins/ORF24_initial_proteins.faa blastp_proteins/ORF24_blastp_proteins.faa --db /bioinf/home/dlueckin/dbs/diamond_nr/nr.dmnd         --evalue 1e-05         --bitscore 50 
        
        (one of the commands exited with non-zero exit code; note that snakemake uses bash strict mode!)
    cluster_jobid: Submitted batch job 61621

Error executing rule iterative_blastp on cluster (jobid: 7, external: Submitted batch job 61621, jobscript: /home/dlueckin/projects/pR1SE_australian_lakes/generate_protein_clusters/.snakemake/tmp.8e0e5e5j/snakejob.iterative_blastp.7.sh). For error details see the cluster log and the log files of the involved rule(s).
Terminating processes on user request, this might take some time.
Will exit after finishing currently running jobs.
Cancelling snakemake on user request.
