Building DAG of jobs...
Using shell: /bin/bash
Provided cluster nodes: 7
Job stats:
job                 count    min threads    max threads
----------------  -------  -------------  -------------
all                     1              1              1
iterative_blastp        5              1              1
total                   6              1              1

Select jobs to execute...

[Mon Apr 24 17:29:02 2023]
rule iterative_blastp:
    input: initial_proteins/ORF6_initial_proteins.faa
    output: blastp_proteins/ORF6_blastp_proteins.faa
    log: log/ORF6_test.log
    jobid: 1
    wildcards: ORF=ORF6
    resources: tmpdir=/tmp, mem=50GB, threads=16, time=10-10:00:00, partition=CLUSTER

Submitted job 1 with external jobid 'Submitted batch job 61660'.

[Mon Apr 24 17:29:02 2023]
rule iterative_blastp:
    input: initial_proteins/ORF10_initial_proteins.faa
    output: blastp_proteins/ORF10_blastp_proteins.faa
    log: log/ORF10_test.log
    jobid: 3
    wildcards: ORF=ORF10
    resources: tmpdir=/tmp, mem=50GB, threads=16, time=10-10:00:00, partition=CLUSTER

Submitted job 3 with external jobid 'Submitted batch job 61661'.

[Mon Apr 24 17:29:02 2023]
rule iterative_blastp:
    input: initial_proteins/ORF17_initial_proteins.faa
    output: blastp_proteins/ORF17_blastp_proteins.faa
    log: log/ORF17_test.log
    jobid: 4
    wildcards: ORF=ORF17
    resources: tmpdir=/tmp, mem=50GB, threads=16, time=10-10:00:00, partition=CLUSTER

Submitted job 4 with external jobid 'Submitted batch job 61662'.

[Mon Apr 24 17:29:02 2023]
rule iterative_blastp:
    input: initial_proteins/ORF23_initial_proteins.faa
    output: blastp_proteins/ORF23_blastp_proteins.faa
    log: log/ORF23_test.log
    jobid: 6
    wildcards: ORF=ORF23
    resources: tmpdir=/tmp, mem=50GB, threads=16, time=10-10:00:00, partition=CLUSTER

Submitted job 6 with external jobid 'Submitted batch job 61663'.

[Mon Apr 24 17:29:02 2023]
rule iterative_blastp:
    input: initial_proteins/ORF24_initial_proteins.faa
    output: blastp_proteins/ORF24_blastp_proteins.faa
    log: log/ORF24_test.log
    jobid: 7
    wildcards: ORF=ORF24
    resources: tmpdir=/tmp, mem=50GB, threads=16, time=10-10:00:00, partition=CLUSTER

Submitted job 7 with external jobid 'Submitted batch job 61664'.
[Tue Apr 25 04:44:27 2023]
Finished job 1.
1 of 6 steps (17%) done
[Tue Apr 25 05:32:10 2023]
Finished job 7.
2 of 6 steps (33%) done
[Tue Apr 25 08:33:02 2023]
Finished job 3.
3 of 6 steps (50%) done
[Tue Apr 25 08:33:04 2023]
Finished job 4.
4 of 6 steps (67%) done
[Tue Apr 25 08:33:07 2023]
Finished job 6.
5 of 6 steps (83%) done
Select jobs to execute...

[Tue Apr 25 08:33:07 2023]
localrule all:
    input: blastp_proteins/ORF6_blastp_proteins.faa, blastp_proteins/ORF8_blastp_proteins.faa, blastp_proteins/ORF10_blastp_proteins.faa, blastp_proteins/ORF17_blastp_proteins.faa, blastp_proteins/ORF21_blastp_proteins.faa, blastp_proteins/ORF23_blastp_proteins.faa, blastp_proteins/ORF24_blastp_proteins.faa
    jobid: 0
    resources: tmpdir=/tmp

[Tue Apr 25 08:33:07 2023]
Finished job 0.
6 of 6 steps (100%) done
Complete log: /home/dlueckin/projects/pR1SE_australian_lakes/generate_protein_clusters/.snakemake/log/2023-04-24T172857.139323.snakemake.log
