diamond v2.0.11.149 (C) Max Planck Society for the Advancement of Science
Documentation, support and updates available at http://www.diamondsearch.org
Please cite: http://dx.doi.org/10.1038/s41592-021-01101-x Nature Methods (2021)

#CPU threads: 1
Scoring parameters: (Matrix=BLOSUM62 Lambda=0.267 K=0.041 Penalties=11/1)
Temporary directory: iphop_out/CP084476.1.fasta/Wdir
#Target sequences to report alignments for: 10000
Opening the database...  [1.28s]
Database: /bioinf/transfer/tal/iphop_db/db/rafah_data/RaFAH_ref_cds.dmnd (type: Diamond database, sequences: 1026285, letters: 229470696)
Block size = 2000000000
Opening the input file...  [0.111s]
Opening the output file...  [0.001s]
Loading query sequences...  [0s]
Masking queries...  [0.004s]
Algorithm: Double-indexed
Building query histograms...  [0.001s]
Allocating buffers...  [0s]
Loading reference sequences...  [4.154s]
Masking reference...  [12.146s]
Initializing temporary storage...  [0.047s]
Building reference histograms...  [5.032s]
Allocating buffers...  [0s]
Processing query block 1, reference block 1/1, shape 1/2, index chunk 1/4.
Building reference seed array...  [3.33s]
Building query seed array...  [0.001s]
Computing hash join...  [0.568s]
Building seed filter...  [0.001s]
Searching alignments...  [0.003s]
Processing query block 1, reference block 1/1, shape 1/2, index chunk 2/4.
Building reference seed array...  [4.073s]
Building query seed array...  [0.001s]
Computing hash join...  [0.573s]
Building seed filter...  [0.001s]
Searching alignments...  [0.001s]
Processing query block 1, reference block 1/1, shape 1/2, index chunk 3/4.
Building reference seed array...  [4.363s]
Building query seed array...  [0.001s]
Computing hash join...  [0.58s]
Building seed filter...  [0s]
Searching alignments...  [0.002s]
Processing query block 1, reference block 1/1, shape 1/2, index chunk 4/4.
Building reference seed array...  [3.198s]
Building query seed array...  [0.001s]
Computing hash join...  [0.562s]
Building seed filter...  [0.001s]
Searching alignments...  [0.001s]
Processing query block 1, reference block 1/1, shape 2/2, index chunk 1/4.
Building reference seed array...  [3.192s]
Building query seed array...  [0.001s]
Computing hash join...  [0.564s]
Building seed filter...  [0s]
Searching alignments...  [0.001s]
Processing query block 1, reference block 1/1, shape 2/2, index chunk 2/4.
Building reference seed array...  [4.017s]
Building query seed array...  [0.001s]
Computing hash join...  [0.552s]
Building seed filter...  [0s]
Searching alignments...  [0.001s]
Processing query block 1, reference block 1/1, shape 2/2, index chunk 3/4.
Building reference seed array...  [4.308s]
Building query seed array...  [0.001s]
Computing hash join...  [0.567s]
Building seed filter...  [0.001s]
Searching alignments...  [0.001s]
Processing query block 1, reference block 1/1, shape 2/2, index chunk 4/4.
Building reference seed array...  [3.154s]
Building query seed array...  [0.001s]
Computing hash join...  [0.562s]
Building seed filter...  [0s]
Searching alignments...  [0.001s]
Deallocating buffers...  [0.002s]
Clearing query masking...  [0s]
Computing alignments...  [0.07s]
Deallocating reference...  [0.003s]
Loading reference sequences...  [0s]
Deallocating buffers...  [0s]
Deallocating queries...  [0s]
Loading query sequences...  [0s]
Closing the input file...  [0s]
Closing the output file...  [0.002s]
Cleaning up...  [0s]
Total time = 57.174s
Reported 389 pairwise alignments, 389 HSPs.
18 queries aligned.
