AOID01000019.1_71	eafa31197a71a68f812949d0d3c4f169	150	CDD	cd00085	HNHc	13	58	8.58724E-10	T	26-06-2023	IPR003615	HNH nuclease
AOID01000019.1_71	eafa31197a71a68f812949d0d3c4f169	150	SMART	SM00507	HNH_5	7	55	4.7E-9	T	26-06-2023	IPR003615	HNH nuclease
AOID01000019.1_71	eafa31197a71a68f812949d0d3c4f169	150	Gene3D	G3DSA:1.10.30.50	-	2	77	4.0E-6	T	26-06-2023	-	-
AOID01000019.1_71	eafa31197a71a68f812949d0d3c4f169	150	Pfam	PF01844	HNH endonuclease	20	58	6.7E-5	T	26-06-2023	IPR002711	HNH endonuclease
AOID01000019.1_41	42513bfaa248d78b750284759589a944	287	MobiDBLite	mobidb-lite	consensus disorder prediction	47	82	-	T	26-06-2023	-	-
AOID01000019.1_41	42513bfaa248d78b750284759589a944	287	MobiDBLite	mobidb-lite	consensus disorder prediction	51	65	-	T	26-06-2023	-	-
AOID01000019.1_52	d872ffe688a04bbf3ade56daa4a94b12	236	SUPERFAMILY	SSF46785	"Winged helix" DNA-binding domain	152	221	2.26E-5	T	26-06-2023	IPR036390	Winged helix DNA-binding domain superfamily
AOID01000019.1_74	bcfe01b15c2eba8f6c16728a7331f13e	66	MobiDBLite	mobidb-lite	consensus disorder prediction	42	66	-	T	26-06-2023	-	-
AOID01000019.1_74	bcfe01b15c2eba8f6c16728a7331f13e	66	MobiDBLite	mobidb-lite	consensus disorder prediction	1	23	-	T	26-06-2023	-	-
AOID01000019.1_20	870a7e22f85dc6816c89d1833d5069fc	168	MobiDBLite	mobidb-lite	consensus disorder prediction	7	24	-	T	26-06-2023	-	-
AOID01000019.1_20	870a7e22f85dc6816c89d1833d5069fc	168	MobiDBLite	mobidb-lite	consensus disorder prediction	1	24	-	T	26-06-2023	-	-
AOID01000019.1_62	9af12a9963b9548713ca27e42f1f5186	238	MobiDBLite	mobidb-lite	consensus disorder prediction	1	30	-	T	26-06-2023	-	-
AOID01000019.1_73	8ce9ecdbbdfd177dcc570a350ad7306e	66	Coils	Coil	Coil	19	46	-	T	26-06-2023	-	-
AOID01000019.1_46	5ac6ef27633cb215009daae2d49a3fe9	87	SUPERFAMILY	SSF46785	"Winged helix" DNA-binding domain	32	74	6.93E-5	T	26-06-2023	IPR036390	Winged helix DNA-binding domain superfamily
AOID01000019.1_46	5ac6ef27633cb215009daae2d49a3fe9	87	MobiDBLite	mobidb-lite	consensus disorder prediction	68	87	-	T	26-06-2023	-	-
AOID01000019.1_47	5c404c75fc3282ebd5e4ef25d820ad59	384	PRINTS	PR00508	S21 class N4 adenine-specific DNA methyltransferase signature	28	42	1.1E-32	T	26-06-2023	IPR001091	Restriction/modification DNA-methyltransferase
AOID01000019.1_47	5c404c75fc3282ebd5e4ef25d820ad59	384	PRINTS	PR00508	S21 class N4 adenine-specific DNA methyltransferase signature	66	86	1.1E-32	T	26-06-2023	IPR001091	Restriction/modification DNA-methyltransferase
AOID01000019.1_47	5c404c75fc3282ebd5e4ef25d820ad59	384	PRINTS	PR00508	S21 class N4 adenine-specific DNA methyltransferase signature	178	195	1.1E-32	T	26-06-2023	IPR001091	Restriction/modification DNA-methyltransferase
AOID01000019.1_47	5c404c75fc3282ebd5e4ef25d820ad59	384	PRINTS	PR00508	S21 class N4 adenine-specific DNA methyltransferase signature	314	332	1.1E-32	T	26-06-2023	IPR001091	Restriction/modification DNA-methyltransferase
AOID01000019.1_47	5c404c75fc3282ebd5e4ef25d820ad59	384	PRINTS	PR00508	S21 class N4 adenine-specific DNA methyltransferase signature	337	357	1.1E-32	T	26-06-2023	IPR001091	Restriction/modification DNA-methyltransferase
AOID01000019.1_47	5c404c75fc3282ebd5e4ef25d820ad59	384	SUPERFAMILY	SSF53335	S-adenosyl-L-methionine-dependent methyltransferases	8	197	1.17E-35	T	26-06-2023	IPR029063	S-adenosyl-L-methionine-dependent methyltransferase superfamily
AOID01000019.1_47	5c404c75fc3282ebd5e4ef25d820ad59	384	CDD	cd02440	AdoMet_MTases	318	355	6.50908E-4	T	26-06-2023	-	-
AOID01000019.1_47	5c404c75fc3282ebd5e4ef25d820ad59	384	Pfam	PF01555	DNA methylase	316	354	1.4E-12	T	26-06-2023	IPR002941	DNA methylase N-4/N-6
AOID01000019.1_47	5c404c75fc3282ebd5e4ef25d820ad59	384	Pfam	PF01555	DNA methylase	29	197	9.4E-28	T	26-06-2023	IPR002941	DNA methylase N-4/N-6
AOID01000019.1_47	5c404c75fc3282ebd5e4ef25d820ad59	384	Gene3D	G3DSA:3.40.50.150	Vaccinia Virus protein VP39	304	366	1.6E-16	T	26-06-2023	IPR029063	S-adenosyl-L-methionine-dependent methyltransferase superfamily
AOID01000019.1_47	5c404c75fc3282ebd5e4ef25d820ad59	384	Gene3D	G3DSA:3.40.50.150	Vaccinia Virus protein VP39	9	211	8.4E-45	T	26-06-2023	IPR029063	S-adenosyl-L-methionine-dependent methyltransferase superfamily
AOID01000019.1_47	5c404c75fc3282ebd5e4ef25d820ad59	384	SUPERFAMILY	SSF53335	S-adenosyl-L-methionine-dependent methyltransferases	314	357	2.17E-16	T	26-06-2023	IPR029063	S-adenosyl-L-methionine-dependent methyltransferase superfamily
AOID01000019.1_47	5c404c75fc3282ebd5e4ef25d820ad59	384	ProSitePatterns	PS00093	N-4 cytosine-specific DNA methylases signature.	33	38	-	T	26-06-2023	IPR017985	DNA methylase, N-4 cytosine-specific, conserved site
AOID01000019.1_50	9ac637498bc7b943c2f9795c8a2ce176	198	MobiDBLite	mobidb-lite	consensus disorder prediction	49	69	-	T	26-06-2023	-	-
AOID01000019.1_50	9ac637498bc7b943c2f9795c8a2ce176	198	SMART	SM00271	dnaj_3	143	197	5.0E-4	T	26-06-2023	IPR001623	DnaJ domain
AOID01000019.1_50	9ac637498bc7b943c2f9795c8a2ce176	198	MobiDBLite	mobidb-lite	consensus disorder prediction	1	22	-	T	26-06-2023	-	-
AOID01000019.1_50	9ac637498bc7b943c2f9795c8a2ce176	198	Pfam	PF00226	DnaJ domain	148	194	7.6E-7	T	26-06-2023	IPR001623	DnaJ domain
AOID01000019.1_50	9ac637498bc7b943c2f9795c8a2ce176	198	ProSiteProfiles	PS50076	dnaJ domain profile.	144	197	9.555295	T	26-06-2023	IPR001623	DnaJ domain
AOID01000019.1_50	9ac637498bc7b943c2f9795c8a2ce176	198	CDD	cd06257	DnaJ	148	192	1.17607E-7	T	26-06-2023	IPR001623	DnaJ domain
AOID01000019.1_50	9ac637498bc7b943c2f9795c8a2ce176	198	SUPERFAMILY	SSF46565	Chaperone J-domain	146	195	2.09E-11	T	26-06-2023	IPR036869	Chaperone J-domain superfamily
AOID01000019.1_50	9ac637498bc7b943c2f9795c8a2ce176	198	Gene3D	G3DSA:1.10.287.110	DnaJ domain	141	197	4.0E-11	T	26-06-2023	IPR036869	Chaperone J-domain superfamily
AOID01000019.1_26	1681264c643dee686c883ec48594a1f0	95	Pfam	PF03551	Transcriptional regulator PadR-like family	14	79	7.3E-17	T	26-06-2023	IPR005149	Transcription regulator PadR, N-terminal
AOID01000019.1_26	1681264c643dee686c883ec48594a1f0	95	SUPERFAMILY	SSF46785	"Winged helix" DNA-binding domain	2	88	1.28E-19	T	26-06-2023	IPR036390	Winged helix DNA-binding domain superfamily
AOID01000019.1_26	1681264c643dee686c883ec48594a1f0	95	Gene3D	G3DSA:1.10.10.10	-	6	94	1.9E-13	T	26-06-2023	IPR036388	Winged helix-like DNA-binding domain superfamily
AOID01000019.1_39	ea9142fb705b2ad61728b8a7eb0364d8	112	MobiDBLite	mobidb-lite	consensus disorder prediction	88	112	-	T	26-06-2023	-	-
AOID01000019.1_39	ea9142fb705b2ad61728b8a7eb0364d8	112	MobiDBLite	mobidb-lite	consensus disorder prediction	88	104	-	T	26-06-2023	-	-
AOID01000019.1_39	ea9142fb705b2ad61728b8a7eb0364d8	112	MobiDBLite	mobidb-lite	consensus disorder prediction	8	23	-	T	26-06-2023	-	-
AOID01000019.1_39	ea9142fb705b2ad61728b8a7eb0364d8	112	MobiDBLite	mobidb-lite	consensus disorder prediction	1	23	-	T	26-06-2023	-	-
AOID01000019.1_83	85a3e5b294e83de75b39998564c99c48	69	Pfam	PF01402	Ribbon-helix-helix protein, copG family	20	58	1.0E-5	T	26-06-2023	IPR002145	Ribbon-helix-helix protein, CopG
AOID01000019.1_83	85a3e5b294e83de75b39998564c99c48	69	SUPERFAMILY	SSF47598	Ribbon-helix-helix	17	60	6.0E-7	T	26-06-2023	IPR010985	Ribbon-helix-helix
AOID01000019.1_83	85a3e5b294e83de75b39998564c99c48	69	Gene3D	G3DSA:1.10.1220.10	-	18	61	2.9E-6	T	26-06-2023	IPR013321	Arc-type ribbon-helix-helix
AOID01000019.1_83	85a3e5b294e83de75b39998564c99c48	69	CDD	cd22231	RHH_NikR_HicB-like	19	62	2.25276E-8	T	26-06-2023	-	-
AOID01000019.1_48	279a49fc939957d8f3eb98eca2172c81	175	MobiDBLite	mobidb-lite	consensus disorder prediction	1	82	-	T	26-06-2023	-	-
AOID01000019.1_48	279a49fc939957d8f3eb98eca2172c81	175	MobiDBLite	mobidb-lite	consensus disorder prediction	1	27	-	T	26-06-2023	-	-
AOID01000019.1_48	279a49fc939957d8f3eb98eca2172c81	175	MobiDBLite	mobidb-lite	consensus disorder prediction	33	53	-	T	26-06-2023	-	-
AOID01000019.1_48	279a49fc939957d8f3eb98eca2172c81	175	MobiDBLite	mobidb-lite	consensus disorder prediction	138	175	-	T	26-06-2023	-	-
AOID01000019.1_14	b34a25735ee8dea5fce220c2386e38bd	260	ProSiteProfiles	PS51318	Twin arginine translocation (Tat) signal profile.	1	28	9.539577	T	26-06-2023	IPR006311	Twin-arginine translocation pathway, signal sequence
AOID01000019.1_14	b34a25735ee8dea5fce220c2386e38bd	260	Pfam	PF10518	TAT (twin-arginine translocation) pathway signal sequence	4	28	3.8E-5	T	26-06-2023	IPR019546	Twin-arginine translocation pathway, signal sequence, bacterial/archaeal
AOID01000019.1_14	b34a25735ee8dea5fce220c2386e38bd	260	NCBIfam	TIGR01409	twin-arginine translocation signal domain	4	28	0.0045	T	26-06-2023	IPR019546	Twin-arginine translocation pathway, signal sequence, bacterial/archaeal
AOID01000019.1_108	1250a9d12d8c1be7253ac4d183a1909c	76	MobiDBLite	mobidb-lite	consensus disorder prediction	47	76	-	T	26-06-2023	-	-
AOID01000019.1_107	0f51a7956af4fc69f15260245b1919b0	410	Pfam	PF00589	Phage integrase family	218	362	2.7E-6	T	26-06-2023	IPR002104	Integrase, catalytic domain
AOID01000019.1_107	0f51a7956af4fc69f15260245b1919b0	410	ProSiteProfiles	PS51898	Tyrosine recombinase domain profile.	212	409	15.064521	T	26-06-2023	IPR002104	Integrase, catalytic domain
AOID01000019.1_107	0f51a7956af4fc69f15260245b1919b0	410	SUPERFAMILY	SSF56349	DNA breaking-rejoining enzymes	151	362	9.71E-20	T	26-06-2023	IPR011010	DNA breaking-rejoining enzyme, catalytic core
AOID01000019.1_107	0f51a7956af4fc69f15260245b1919b0	410	Coils	Coil	Coil	94	114	-	T	26-06-2023	-	-
AOID01000019.1_107	0f51a7956af4fc69f15260245b1919b0	410	Gene3D	G3DSA:1.10.443.10	Intergrase catalytic core	210	404	1.1E-16	T	26-06-2023	IPR013762	Integrase-like, catalytic domain superfamily
AOID01000019.1_31	eddce29394b05726c919d60dd0494d80	128	MobiDBLite	mobidb-lite	consensus disorder prediction	1	24	-	T	26-06-2023	-	-
AOID01000019.1_49	edfd8affa5e14d854d72fca083c515bd	136	MobiDBLite	mobidb-lite	consensus disorder prediction	1	27	-	T	26-06-2023	-	-
AOID01000019.1_49	edfd8affa5e14d854d72fca083c515bd	136	Coils	Coil	Coil	38	58	-	T	26-06-2023	-	-
AOID01000019.1_86	ebd0ea708c6f7463c4c50a9785e1b17e	146	MobiDBLite	mobidb-lite	consensus disorder prediction	56	79	-	T	26-06-2023	-	-
AOID01000019.1_100	74f883e94f39e9c96c44a435b58be2bf	124	MobiDBLite	mobidb-lite	consensus disorder prediction	51	76	-	T	26-06-2023	-	-
AOID01000019.1_17	f1550c3a6b0a8acd9edd158d1be407d4	213	MobiDBLite	mobidb-lite	consensus disorder prediction	23	46	-	T	26-06-2023	-	-
AOID01000019.1_17	f1550c3a6b0a8acd9edd158d1be407d4	213	MobiDBLite	mobidb-lite	consensus disorder prediction	1	59	-	T	26-06-2023	-	-
AOID01000019.1_17	f1550c3a6b0a8acd9edd158d1be407d4	213	MobiDBLite	mobidb-lite	consensus disorder prediction	1	22	-	T	26-06-2023	-	-
AOID01000019.1_17	f1550c3a6b0a8acd9edd158d1be407d4	213	MobiDBLite	mobidb-lite	consensus disorder prediction	186	213	-	T	26-06-2023	-	-
AOID01000019.1_22	a01232fa13dc55c02203ce64a5d3458f	89	ProSiteProfiles	PS51257	Prokaryotic membrane lipoprotein lipid attachment site profile.	1	24	5.0	T	26-06-2023	-	-
AOID01000019.1_75	ff5f20caf1987e2bae463685b7bc7ad2	72	MobiDBLite	mobidb-lite	consensus disorder prediction	1	28	-	T	26-06-2023	-	-
AOID01000019.1_2	04fe870b6d938032dcf69b7c6559fa77	98	MobiDBLite	mobidb-lite	consensus disorder prediction	57	98	-	T	26-06-2023	-	-
AOID01000019.1_2	04fe870b6d938032dcf69b7c6559fa77	98	MobiDBLite	mobidb-lite	consensus disorder prediction	59	74	-	T	26-06-2023	-	-
AOID01000019.1_2	04fe870b6d938032dcf69b7c6559fa77	98	MobiDBLite	mobidb-lite	consensus disorder prediction	76	91	-	T	26-06-2023	-	-
AOID01000019.1_59	1ef07d1837930fb70e04f5e668efdd14	138	MobiDBLite	mobidb-lite	consensus disorder prediction	1	19	-	T	26-06-2023	-	-
AOID01000019.1_59	1ef07d1837930fb70e04f5e668efdd14	138	MobiDBLite	mobidb-lite	consensus disorder prediction	1	20	-	T	26-06-2023	-	-
AOID01000019.1_116	b36fc896ec7c4b6c0400b7353ccf49cd	328	Coils	Coil	Coil	244	271	-	T	26-06-2023	-	-
AOID01000019.1_116	b36fc896ec7c4b6c0400b7353ccf49cd	328	MobiDBLite	mobidb-lite	consensus disorder prediction	291	328	-	T	26-06-2023	-	-
AOID01000019.1_113	3b0fc4d09ae12882f97b7932533bab69	810	Coils	Coil	Coil	686	706	-	T	26-06-2023	-	-
AOID01000019.1_113	3b0fc4d09ae12882f97b7932533bab69	810	Gene3D	G3DSA:3.40.50.300	-	403	573	2.9E-8	T	26-06-2023	IPR027417	P-loop containing nucleoside triphosphate hydrolase
AOID01000019.1_113	3b0fc4d09ae12882f97b7932533bab69	810	Coils	Coil	Coil	22	42	-	T	26-06-2023	-	-
AOID01000019.1_113	3b0fc4d09ae12882f97b7932533bab69	810	MobiDBLite	mobidb-lite	consensus disorder prediction	1	20	-	T	26-06-2023	-	-
AOID01000019.1_114	d9bbc11f271fa35125d464a16847d911	693	Coils	Coil	Coil	264	291	-	T	26-06-2023	-	-
AOID01000019.1_114	d9bbc11f271fa35125d464a16847d911	693	MobiDBLite	mobidb-lite	consensus disorder prediction	175	192	-	T	26-06-2023	-	-
AOID01000019.1_114	d9bbc11f271fa35125d464a16847d911	693	MobiDBLite	mobidb-lite	consensus disorder prediction	636	664	-	T	26-06-2023	-	-
AOID01000019.1_114	d9bbc11f271fa35125d464a16847d911	693	MobiDBLite	mobidb-lite	consensus disorder prediction	636	693	-	T	26-06-2023	-	-
AOID01000019.1_114	d9bbc11f271fa35125d464a16847d911	693	MobiDBLite	mobidb-lite	consensus disorder prediction	159	202	-	T	26-06-2023	-	-
AOID01000019.1_28	fec049bc0cfdbf9cd8c1a7474288ef82	99	MobiDBLite	mobidb-lite	consensus disorder prediction	78	99	-	T	26-06-2023	-	-
AOID01000019.1_30	dc451b4c4b6a3d1e4f37def9c47293e4	118	MobiDBLite	mobidb-lite	consensus disorder prediction	97	118	-	T	26-06-2023	-	-
AOID01000019.1_30	dc451b4c4b6a3d1e4f37def9c47293e4	118	SUPERFAMILY	SSF46785	"Winged helix" DNA-binding domain	35	97	2.05E-7	T	26-06-2023	IPR036390	Winged helix DNA-binding domain superfamily
AOID01000019.1_30	dc451b4c4b6a3d1e4f37def9c47293e4	118	MobiDBLite	mobidb-lite	consensus disorder prediction	103	118	-	T	26-06-2023	-	-
AOID01000019.1_30	dc451b4c4b6a3d1e4f37def9c47293e4	118	Gene3D	G3DSA:1.10.10.10	-	21	106	7.6E-21	T	26-06-2023	IPR036388	Winged helix-like DNA-binding domain superfamily
AOID01000019.1_30	dc451b4c4b6a3d1e4f37def9c47293e4	118	MobiDBLite	mobidb-lite	consensus disorder prediction	1	20	-	T	26-06-2023	-	-
AOID01000019.1_78	0aaf6761c16b90336cd18618ba2ee09e	426	Pfam	PF07282	Putative transposase DNA-binding domain	356	419	1.4E-18	T	26-06-2023	IPR010095	Cas12f1-like, TNB domain
AOID01000019.1_78	0aaf6761c16b90336cd18618ba2ee09e	426	Coils	Coil	Coil	274	294	-	T	26-06-2023	-	-
AOID01000019.1_80	a3fdb632173c8fa3afd465799910500f	112	MobiDBLite	mobidb-lite	consensus disorder prediction	1	22	-	T	26-06-2023	-	-
AOID01000019.1_33	518c0c6336430963a7c262273e3dffa1	103	MobiDBLite	mobidb-lite	consensus disorder prediction	1	50	-	T	26-06-2023	-	-
AOID01000019.1_33	518c0c6336430963a7c262273e3dffa1	103	MobiDBLite	mobidb-lite	consensus disorder prediction	81	103	-	T	26-06-2023	-	-
AOID01000019.1_33	518c0c6336430963a7c262273e3dffa1	103	MobiDBLite	mobidb-lite	consensus disorder prediction	13	29	-	T	26-06-2023	-	-
AOID01000019.1_10	d967096475e740fa04d91304b4db76ac	55	MobiDBLite	mobidb-lite	consensus disorder prediction	32	55	-	T	26-06-2023	-	-
AOID01000019.1_10	d967096475e740fa04d91304b4db76ac	55	Gene3D	G3DSA:1.20.5.3310	-	1	53	1.1E-14	T	26-06-2023	-	-
AOID01000019.1_10	d967096475e740fa04d91304b4db76ac	55	Coils	Coil	Coil	34	54	-	T	26-06-2023	-	-
AOID01000019.1_10	d967096475e740fa04d91304b4db76ac	55	PANTHER	PTHR42982	SEC-INDEPENDENT PROTEIN TRANSLOCASE PROTEIN TATA	2	50	1.8E-12	T	26-06-2023	-	-
AOID01000019.1_10	d967096475e740fa04d91304b4db76ac	55	Pfam	PF02416	mttA/Hcf106 family	2	49	1.0E-14	T	26-06-2023	IPR003369	Sec-independent protein translocase protein TatA/B/E
AOID01000019.1_10	d967096475e740fa04d91304b4db76ac	55	NCBIfam	TIGR01411	twin-arginine translocase TatA/TatE family subunit	1	47	1.2E-16	T	26-06-2023	IPR006312	Sec-independent protein translocase protein TatA/E
AOID01000019.1_10	d967096475e740fa04d91304b4db76ac	55	MobiDBLite	mobidb-lite	consensus disorder prediction	31	55	-	T	26-06-2023	-	-
AOID01000019.1_15	bc8be55b5709103e0da1b4dcc68e4d55	522	PANTHER	PTHR43806	PEPTIDASE S8	185	468	5.2E-33	T	26-06-2023	-	-
AOID01000019.1_15	bc8be55b5709103e0da1b4dcc68e4d55	522	ProSitePatterns	PS00138	Serine proteases, subtilase family, serine active site.	428	438	-	T	26-06-2023	IPR023828	Peptidase S8, subtilisin, Ser-active site
AOID01000019.1_15	bc8be55b5709103e0da1b4dcc68e4d55	522	Gene3D	G3DSA:3.40.50.200	Peptidase S8/S53 domain	174	489	1.3E-49	T	26-06-2023	IPR036852	Peptidase S8/S53 domain superfamily
AOID01000019.1_15	bc8be55b5709103e0da1b4dcc68e4d55	522	SUPERFAMILY	SSF52743	Subtilisin-like	206	486	4.84E-46	T	26-06-2023	IPR036852	Peptidase S8/S53 domain superfamily
AOID01000019.1_15	bc8be55b5709103e0da1b4dcc68e4d55	522	Coils	Coil	Coil	522	522	-	T	26-06-2023	-	-
AOID01000019.1_15	bc8be55b5709103e0da1b4dcc68e4d55	522	PRINTS	PR00723	Subtilisin serine protease family (S8) signature	207	226	4.4E-8	T	26-06-2023	IPR015500	Peptidase S8, subtilisin-related
AOID01000019.1_15	bc8be55b5709103e0da1b4dcc68e4d55	522	PRINTS	PR00723	Subtilisin serine protease family (S8) signature	255	268	4.4E-8	T	26-06-2023	IPR015500	Peptidase S8, subtilisin-related
AOID01000019.1_15	bc8be55b5709103e0da1b4dcc68e4d55	522	PRINTS	PR00723	Subtilisin serine protease family (S8) signature	427	443	4.4E-8	T	26-06-2023	IPR015500	Peptidase S8, subtilisin-related
AOID01000019.1_15	bc8be55b5709103e0da1b4dcc68e4d55	522	MobiDBLite	mobidb-lite	consensus disorder prediction	475	508	-	T	26-06-2023	-	-
AOID01000019.1_15	bc8be55b5709103e0da1b4dcc68e4d55	522	Pfam	PF00082	Subtilase family	208	467	4.0E-38	T	26-06-2023	IPR000209	Peptidase S8/S53 domain
AOID01000019.1_15	bc8be55b5709103e0da1b4dcc68e4d55	522	ProSiteProfiles	PS51892	Serine proteases, subtilase domain profile.	185	485	29.553772	T	26-06-2023	-	-
AOID01000019.1_13	46a9fc9da5112818a4563353a0e46bef	326	SMART	SM00746	4TRASH	186	220	7.0	T	26-06-2023	IPR011017	TRASH domain
AOID01000019.1_13	46a9fc9da5112818a4563353a0e46bef	326	SMART	SM00746	4TRASH	136	170	0.017	T	26-06-2023	IPR011017	TRASH domain
AOID01000019.1_13	46a9fc9da5112818a4563353a0e46bef	326	Pfam	PF01844	HNH endonuclease	258	309	4.3E-8	T	26-06-2023	IPR002711	HNH endonuclease
AOID01000019.1_13	46a9fc9da5112818a4563353a0e46bef	326	Pfam	PF18780	Homing endonuclease associated repeat	5	56	3.8E-18	T	26-06-2023	IPR041025	Homing endonuclease associated repeat
AOID01000019.1_13	46a9fc9da5112818a4563353a0e46bef	326	Pfam	PF18780	Homing endonuclease associated repeat	70	123	3.6E-23	T	26-06-2023	IPR041025	Homing endonuclease associated repeat
AOID01000019.1_13	46a9fc9da5112818a4563353a0e46bef	326	CDD	cd00085	HNHc	246	308	1.01813E-7	T	26-06-2023	IPR003615	HNH nuclease
AOID01000019.1_13	46a9fc9da5112818a4563353a0e46bef	326	PANTHER	PTHR41286	HNH NUCLEASE YAJD-RELATED	203	315	4.9E-11	T	26-06-2023	-	-
AOID01000019.1_13	46a9fc9da5112818a4563353a0e46bef	326	Gene3D	G3DSA:1.10.30.50	-	241	324	4.0E-8	T	26-06-2023	-	-
AOID01000019.1_13	46a9fc9da5112818a4563353a0e46bef	326	SMART	SM00507	HNH_5	245	308	2.0E-8	T	26-06-2023	IPR003615	HNH nuclease
AOID01000019.1_6	9bc2ab57a67760e8710e2c53537b3054	236	Coils	Coil	Coil	175	195	-	T	26-06-2023	-	-
AOID01000019.1_6	9bc2ab57a67760e8710e2c53537b3054	236	ProSiteProfiles	PS51318	Twin arginine translocation (Tat) signal profile.	1	35	9.715891	T	26-06-2023	IPR006311	Twin-arginine translocation pathway, signal sequence
AOID01000019.1_27	181017a30caf720226f7dfca631af9d2	131	MobiDBLite	mobidb-lite	consensus disorder prediction	1	22	-	T	26-06-2023	-	-
AOID01000019.1_5	7f7baae6c572ebec0b3e5e5864abe4a2	63	MobiDBLite	mobidb-lite	consensus disorder prediction	1	33	-	T	26-06-2023	-	-
AOID01000019.1_88	6a7eece6681f2697302affcb0a327050	134	MobiDBLite	mobidb-lite	consensus disorder prediction	1	16	-	T	26-06-2023	-	-
AOID01000019.1_88	6a7eece6681f2697302affcb0a327050	134	MobiDBLite	mobidb-lite	consensus disorder prediction	1	48	-	T	26-06-2023	-	-
AOID01000019.1_72	214ea6e70367f8a275df795a8b3f7340	129	Pfam	PF07790	Archaeal Type IV pilin, N-terminal	7	90	1.7E-11	T	26-06-2023	IPR012859	Archaeal Type IV pilin, N-terminal
AOID01000019.1_72	214ea6e70367f8a275df795a8b3f7340	129	MobiDBLite	mobidb-lite	consensus disorder prediction	92	111	-	T	26-06-2023	-	-
AOID01000019.1_72	214ea6e70367f8a275df795a8b3f7340	129	NCBIfam	TIGR02537	archaeal flagellin N-terminal-like domain	7	27	0.0068	T	26-06-2023	IPR013373	Flagellin/pilin, N-terminal site, archaea
AOID01000019.1_72	214ea6e70367f8a275df795a8b3f7340	129	MobiDBLite	mobidb-lite	consensus disorder prediction	41	62	-	T	26-06-2023	-	-
AOID01000019.1_101	787757639d3ce0648040fb35ee3269ff	148	CDD	cd00085	HNHc	11	74	9.79737E-13	T	26-06-2023	IPR003615	HNH nuclease
AOID01000019.1_101	787757639d3ce0648040fb35ee3269ff	148	MobiDBLite	mobidb-lite	consensus disorder prediction	87	109	-	T	26-06-2023	-	-
AOID01000019.1_101	787757639d3ce0648040fb35ee3269ff	148	MobiDBLite	mobidb-lite	consensus disorder prediction	71	109	-	T	26-06-2023	-	-
AOID01000019.1_101	787757639d3ce0648040fb35ee3269ff	148	MobiDBLite	mobidb-lite	consensus disorder prediction	34	54	-	T	26-06-2023	-	-
AOID01000019.1_101	787757639d3ce0648040fb35ee3269ff	148	PANTHER	PTHR33877	SLL1193 PROTEIN	10	80	1.3E-9	T	26-06-2023	-	-
AOID01000019.1_101	787757639d3ce0648040fb35ee3269ff	148	SMART	SM00507	HNH_5	12	71	6.1E-13	T	26-06-2023	IPR003615	HNH nuclease
AOID01000019.1_101	787757639d3ce0648040fb35ee3269ff	148	MobiDBLite	mobidb-lite	consensus disorder prediction	34	59	-	T	26-06-2023	-	-
AOID01000019.1_101	787757639d3ce0648040fb35ee3269ff	148	Gene3D	G3DSA:1.10.30.50	-	3	95	1.2E-15	T	26-06-2023	-	-
AOID01000019.1_101	787757639d3ce0648040fb35ee3269ff	148	Pfam	PF01844	HNH endonuclease	25	75	1.4E-12	T	26-06-2023	IPR002711	HNH endonuclease
AOID01000019.1_101	787757639d3ce0648040fb35ee3269ff	148	Coils	Coil	Coil	110	137	-	T	26-06-2023	-	-
AOID01000019.1_44	cb3f61d45b695a5c19db463f2600eae7	199	MobiDBLite	mobidb-lite	consensus disorder prediction	1	27	-	T	26-06-2023	-	-
AOID01000019.1_44	cb3f61d45b695a5c19db463f2600eae7	199	MobiDBLite	mobidb-lite	consensus disorder prediction	1	19	-	T	26-06-2023	-	-
AOID01000019.1_44	cb3f61d45b695a5c19db463f2600eae7	199	Pfam	PF05869	DNA N-6-adenine-methyltransferase (Dam)	14	142	1.5E-19	T	26-06-2023	IPR008593	DNA N-6-adenine-methyltransferase
AOID01000019.1_53	6b5a3895bdf4efa9cfdc32b8f9af121f	71	MobiDBLite	mobidb-lite	consensus disorder prediction	1	22	-	T	26-06-2023	-	-
AOID01000019.1_109	c8e7dc48059a2b5d4b926c4e24bc90c6	418	MobiDBLite	mobidb-lite	consensus disorder prediction	274	290	-	T	26-06-2023	-	-
AOID01000019.1_109	c8e7dc48059a2b5d4b926c4e24bc90c6	418	MobiDBLite	mobidb-lite	consensus disorder prediction	242	263	-	T	26-06-2023	-	-
AOID01000019.1_109	c8e7dc48059a2b5d4b926c4e24bc90c6	418	MobiDBLite	mobidb-lite	consensus disorder prediction	225	241	-	T	26-06-2023	-	-
AOID01000019.1_109	c8e7dc48059a2b5d4b926c4e24bc90c6	418	MobiDBLite	mobidb-lite	consensus disorder prediction	204	300	-	T	26-06-2023	-	-
AOID01000019.1_9	1b213fd728654d87f0659b8992e4d4f5	254	MobiDBLite	mobidb-lite	consensus disorder prediction	152	180	-	T	26-06-2023	-	-
AOID01000019.1_9	1b213fd728654d87f0659b8992e4d4f5	254	Pfam	PF05050	Methyltransferase FkbM domain	93	235	2.7E-15	T	26-06-2023	IPR006342	Methyltransferase FkbM
AOID01000019.1_9	1b213fd728654d87f0659b8992e4d4f5	254	PANTHER	PTHR34203	METHYLTRANSFERASE, FKBM FAMILY PROTEIN	64	235	6.8E-26	T	26-06-2023	-	-
AOID01000019.1_9	1b213fd728654d87f0659b8992e4d4f5	254	SUPERFAMILY	SSF53335	S-adenosyl-L-methionine-dependent methyltransferases	76	236	1.82E-38	T	26-06-2023	IPR029063	S-adenosyl-L-methionine-dependent methyltransferase superfamily
AOID01000019.1_9	1b213fd728654d87f0659b8992e4d4f5	254	NCBIfam	TIGR01444	FkbM family methyltransferase	90	217	5.1E-25	T	26-06-2023	IPR006342	Methyltransferase FkbM
AOID01000019.1_9	1b213fd728654d87f0659b8992e4d4f5	254	Gene3D	G3DSA:3.40.50.150	Vaccinia Virus protein VP39	75	239	7.8E-30	T	26-06-2023	IPR029063	S-adenosyl-L-methionine-dependent methyltransferase superfamily
AOID01000019.1_90	1a4ea38295f2cb8cfe7f7464e6a40d68	96	MobiDBLite	mobidb-lite	consensus disorder prediction	1	21	-	T	26-06-2023	-	-
AOID01000019.1_98	f5ba7ccbc306a506144a6ef91994e48f	88	MobiDBLite	mobidb-lite	consensus disorder prediction	66	88	-	T	26-06-2023	-	-
AOID01000019.1_35	be3c1ea93519361f12e628ec5007a5c3	78	Pfam	PF13412	Winged helix-turn-helix DNA-binding	23	58	1.2E-5	T	26-06-2023	-	-
AOID01000019.1_35	be3c1ea93519361f12e628ec5007a5c3	78	SUPERFAMILY	SSF46785	"Winged helix" DNA-binding domain	7	75	1.9E-8	T	26-06-2023	IPR036390	Winged helix DNA-binding domain superfamily
AOID01000019.1_35	be3c1ea93519361f12e628ec5007a5c3	78	Gene3D	G3DSA:1.10.10.10	-	3	76	6.7E-7	T	26-06-2023	IPR036388	Winged helix-like DNA-binding domain superfamily
AOID01000019.1_66	fa4d156dcc9e7446cf7d8cc13d302f37	175	Coils	Coil	Coil	26	46	-	T	26-06-2023	-	-
AOID01000019.1_118	4db4fd1a3ef5e9982ba094a95b20fb5c	224	MobiDBLite	mobidb-lite	consensus disorder prediction	180	204	-	T	26-06-2023	-	-
AOID01000019.1_118	4db4fd1a3ef5e9982ba094a95b20fb5c	224	MobiDBLite	mobidb-lite	consensus disorder prediction	1	23	-	T	26-06-2023	-	-
AOID01000019.1_25	16b2ef4fe803ba39db149116e68dd367	349	Pfam	PF13401	AAA domain	41	150	6.2E-10	T	26-06-2023	IPR003593	AAA+ ATPase domain
AOID01000019.1_25	16b2ef4fe803ba39db149116e68dd367	349	SMART	SM00382	AAA_5	41	182	2.6E-4	T	26-06-2023	IPR003593	AAA+ ATPase domain
AOID01000019.1_25	16b2ef4fe803ba39db149116e68dd367	349	Gene3D	G3DSA:1.10.8.60	-	9	254	8.5E-47	T	26-06-2023	-	-
AOID01000019.1_25	16b2ef4fe803ba39db149116e68dd367	349	SUPERFAMILY	SSF52540	P-loop containing nucleoside triphosphate hydrolases	3	254	1.3E-29	T	26-06-2023	IPR027417	P-loop containing nucleoside triphosphate hydrolase
AOID01000019.1_25	16b2ef4fe803ba39db149116e68dd367	349	PANTHER	PTHR10763	CELL DIVISION CONTROL PROTEIN 6-RELATED	7	299	2.6E-24	T	26-06-2023	-	-
AOID01000019.1_25	16b2ef4fe803ba39db149116e68dd367	349	Gene3D	G3DSA:3.40.50.300	-	19	185	8.5E-47	T	26-06-2023	IPR027417	P-loop containing nucleoside triphosphate hydrolase
AOID01000019.1_29	62157be582b6b88ca7467433c5ee3a48	104	SUPERFAMILY	SSF46785	"Winged helix" DNA-binding domain	14	81	3.29E-5	T	26-06-2023	IPR036390	Winged helix DNA-binding domain superfamily
AOID01000019.1_105	288eff7343bb02777db6a378ceeb000b	183	Coils	Coil	Coil	149	169	-	T	26-06-2023	-	-
AOID01000019.1_105	288eff7343bb02777db6a378ceeb000b	183	MobiDBLite	mobidb-lite	consensus disorder prediction	8	25	-	T	26-06-2023	-	-
AOID01000019.1_105	288eff7343bb02777db6a378ceeb000b	183	MobiDBLite	mobidb-lite	consensus disorder prediction	1	25	-	T	26-06-2023	-	-
AOID01000019.1_105	288eff7343bb02777db6a378ceeb000b	183	Pfam	PF19122	Family of unknown function (DUF5806)	23	167	2.6E-53	T	26-06-2023	IPR043829	Protein of unknown function DUF5806
AOID01000019.1_18	7095e480e9c5c292d6761b1ccc5a888c	66	MobiDBLite	mobidb-lite	consensus disorder prediction	7	22	-	T	26-06-2023	-	-
AOID01000019.1_18	7095e480e9c5c292d6761b1ccc5a888c	66	MobiDBLite	mobidb-lite	consensus disorder prediction	1	22	-	T	26-06-2023	-	-
AOID01000019.1_18	7095e480e9c5c292d6761b1ccc5a888c	66	Coils	Coil	Coil	17	37	-	T	26-06-2023	-	-
AOID01000019.1_69	ca2e225e05a29de89ce4ccdcda9d4a12	281	Coils	Coil	Coil	169	189	-	T	26-06-2023	-	-
AOID01000019.1_69	ca2e225e05a29de89ce4ccdcda9d4a12	281	CDD	cd02042	ParAB_family	14	221	3.38813E-14	T	26-06-2023	-	-
AOID01000019.1_69	ca2e225e05a29de89ce4ccdcda9d4a12	281	Pfam	PF13614	AAA domain	11	189	1.9E-20	T	26-06-2023	IPR025669	AAA domain
AOID01000019.1_69	ca2e225e05a29de89ce4ccdcda9d4a12	281	Gene3D	G3DSA:3.40.50.300	-	6	281	6.6E-41	T	26-06-2023	IPR027417	P-loop containing nucleoside triphosphate hydrolase
AOID01000019.1_69	ca2e225e05a29de89ce4ccdcda9d4a12	281	PANTHER	PTHR13696	P-LOOP CONTAINING NUCLEOSIDE TRIPHOSPHATE HYDROLASE	6	249	6.3E-26	T	26-06-2023	-	-
AOID01000019.1_69	ca2e225e05a29de89ce4ccdcda9d4a12	281	SUPERFAMILY	SSF52540	P-loop containing nucleoside triphosphate hydrolases	13	279	7.34E-26	T	26-06-2023	IPR027417	P-loop containing nucleoside triphosphate hydrolase
AOID01000019.1_115	77e3fb980909624907c8c650890c3190	453	MobiDBLite	mobidb-lite	consensus disorder prediction	34	76	-	T	26-06-2023	-	-
AOID01000019.1_115	77e3fb980909624907c8c650890c3190	453	MobiDBLite	mobidb-lite	consensus disorder prediction	419	453	-	T	26-06-2023	-	-
AOID01000019.1_115	77e3fb980909624907c8c650890c3190	453	MobiDBLite	mobidb-lite	consensus disorder prediction	43	72	-	T	26-06-2023	-	-
AOID01000019.1_111	ed0ddf2408abc472f7c077be277d65f7	165	MobiDBLite	mobidb-lite	consensus disorder prediction	141	165	-	T	26-06-2023	-	-
AOID01000019.1_111	ed0ddf2408abc472f7c077be277d65f7	165	MobiDBLite	mobidb-lite	consensus disorder prediction	125	165	-	T	26-06-2023	-	-
AOID01000019.1_32	d5117287af7ea3f1e5c282ac00c5d4c2	403	MobiDBLite	mobidb-lite	consensus disorder prediction	82	116	-	T	26-06-2023	-	-
AOID01000019.1_58	8df2d59094083ad2ce4ca8aa20e2c0ec	140	MobiDBLite	mobidb-lite	consensus disorder prediction	101	140	-	T	26-06-2023	-	-
AOID01000019.1_54	24aa53faeae5e4fa768388ef047f9555	105	Gene3D	G3DSA:1.10.10.10	-	17	102	2.0E-9	T	26-06-2023	IPR036388	Winged helix-like DNA-binding domain superfamily
AOID01000019.1_54	24aa53faeae5e4fa768388ef047f9555	105	Pfam	PF03551	Transcriptional regulator PadR-like family	23	90	2.1E-12	T	26-06-2023	IPR005149	Transcription regulator PadR, N-terminal
AOID01000019.1_54	24aa53faeae5e4fa768388ef047f9555	105	SUPERFAMILY	SSF46785	"Winged helix" DNA-binding domain	14	97	8.9E-15	T	26-06-2023	IPR036390	Winged helix DNA-binding domain superfamily
AOID01000019.1_106	da186673c83394b2d2603dab3a2f87bc	210	CDD	cd00085	HNHc	123	185	5.45627E-9	T	26-06-2023	IPR003615	HNH nuclease
AOID01000019.1_106	da186673c83394b2d2603dab3a2f87bc	210	Pfam	PF01844	HNH endonuclease	136	187	9.2E-10	T	26-06-2023	IPR002711	HNH endonuclease
AOID01000019.1_106	da186673c83394b2d2603dab3a2f87bc	210	SMART	SM00507	HNH_5	124	186	0.0011	T	26-06-2023	IPR003615	HNH nuclease
AOID01000019.1_106	da186673c83394b2d2603dab3a2f87bc	210	Gene3D	G3DSA:1.10.30.50	-	98	204	2.8E-8	T	26-06-2023	-	-
AOID01000019.1_106	da186673c83394b2d2603dab3a2f87bc	210	PANTHER	PTHR41286	HNH NUCLEASE YAJD-RELATED	100	196	5.8E-10	T	26-06-2023	-	-
AOID01000019.1_119	51a5aeb46e418acf9bc20c400ce18f50	112	MobiDBLite	mobidb-lite	consensus disorder prediction	91	112	-	T	26-06-2023	-	-
AOID01000019.1_119	51a5aeb46e418acf9bc20c400ce18f50	112	MobiDBLite	mobidb-lite	consensus disorder prediction	90	112	-	T	26-06-2023	-	-
AOID01000019.1_64	e7aa9af2a3d5e55ec3e8c274295761bf	164	Gene3D	G3DSA:1.10.150.20	-	105	150	1.9E-5	T	26-06-2023	-	-
AOID01000019.1_24	1ed4ada2ab2917529209cf86d2629ca3	341	CDD	cd00085	HNHc	273	319	1.20961E-8	T	26-06-2023	IPR003615	HNH nuclease
AOID01000019.1_24	1ed4ada2ab2917529209cf86d2629ca3	341	Pfam	PF18780	Homing endonuclease associated repeat	190	242	1.6E-13	T	26-06-2023	IPR041025	Homing endonuclease associated repeat
AOID01000019.1_24	1ed4ada2ab2917529209cf86d2629ca3	341	Pfam	PF18780	Homing endonuclease associated repeat	5	58	9.7E-15	T	26-06-2023	IPR041025	Homing endonuclease associated repeat
AOID01000019.1_24	1ed4ada2ab2917529209cf86d2629ca3	341	Pfam	PF18780	Homing endonuclease associated repeat	67	119	1.2E-16	T	26-06-2023	IPR041025	Homing endonuclease associated repeat
AOID01000019.1_24	1ed4ada2ab2917529209cf86d2629ca3	341	Pfam	PF18780	Homing endonuclease associated repeat	127	178	1.7E-15	T	26-06-2023	IPR041025	Homing endonuclease associated repeat
AOID01000019.1_24	1ed4ada2ab2917529209cf86d2629ca3	341	Gene3D	G3DSA:1.10.30.50	-	253	335	2.1E-8	T	26-06-2023	-	-
AOID01000019.1_24	1ed4ada2ab2917529209cf86d2629ca3	341	Pfam	PF01844	HNH endonuclease	273	319	2.2E-8	T	26-06-2023	IPR002711	HNH endonuclease
AOID01000019.1_24	1ed4ada2ab2917529209cf86d2629ca3	341	SMART	SM00507	HNH_5	260	318	1.2E-4	T	26-06-2023	IPR003615	HNH nuclease
AOID01000019.1_76	43b4a08cecb0a9e1b0a39e92cfa80217	91	MobiDBLite	mobidb-lite	consensus disorder prediction	1	21	-	T	26-06-2023	-	-
AOID01000019.1_76	43b4a08cecb0a9e1b0a39e92cfa80217	91	MobiDBLite	mobidb-lite	consensus disorder prediction	1	18	-	T	26-06-2023	-	-
AOID01000019.1_70	30cb269773746148e71c84d266112a0b	139	MobiDBLite	mobidb-lite	consensus disorder prediction	7	30	-	T	26-06-2023	-	-
AOID01000019.1_70	30cb269773746148e71c84d266112a0b	139	MobiDBLite	mobidb-lite	consensus disorder prediction	120	139	-	T	26-06-2023	-	-
AOID01000019.1_70	30cb269773746148e71c84d266112a0b	139	MobiDBLite	mobidb-lite	consensus disorder prediction	115	139	-	T	26-06-2023	-	-
AOID01000019.1_70	30cb269773746148e71c84d266112a0b	139	MobiDBLite	mobidb-lite	consensus disorder prediction	1	40	-	T	26-06-2023	-	-
AOID01000019.1_11	6f3225469f0afa2301d36e6d8c6afd8e	557	MobiDBLite	mobidb-lite	consensus disorder prediction	496	510	-	T	26-06-2023	-	-
AOID01000019.1_11	6f3225469f0afa2301d36e6d8c6afd8e	557	MobiDBLite	mobidb-lite	consensus disorder prediction	489	516	-	T	26-06-2023	-	-
AOID01000019.1_63	78f070981588c9eea2b3f9cc0938bfd9	217	MobiDBLite	mobidb-lite	consensus disorder prediction	143	166	-	T	26-06-2023	-	-
AOID01000019.1_63	78f070981588c9eea2b3f9cc0938bfd9	217	MobiDBLite	mobidb-lite	consensus disorder prediction	143	174	-	T	26-06-2023	-	-
AOID01000019.1_36	3b98c95d96eae33dd488d5fdab853915	102	MobiDBLite	mobidb-lite	consensus disorder prediction	83	102	-	T	26-06-2023	-	-
AOID01000019.1_16	884c2540bb2d0f510a587223a6d45bbb	1226	MobiDBLite	mobidb-lite	consensus disorder prediction	1015	1038	-	T	26-06-2023	-	-
AOID01000019.1_16	884c2540bb2d0f510a587223a6d45bbb	1226	Coils	Coil	Coil	597	617	-	T	26-06-2023	-	-
AOID01000019.1_16	884c2540bb2d0f510a587223a6d45bbb	1226	Coils	Coil	Coil	725	745	-	T	26-06-2023	-	-
AOID01000019.1_16	884c2540bb2d0f510a587223a6d45bbb	1226	Gene3D	G3DSA:2.130.10.10	-	52	288	6.0E-19	T	26-06-2023	IPR015943	WD40/YVTN repeat-like-containing domain superfamily
AOID01000019.1_16	884c2540bb2d0f510a587223a6d45bbb	1226	Pfam	PF13360	PQQ-like domain	79	221	2.5E-13	T	26-06-2023	IPR002372	Pyrrolo-quinoline quinone repeat
AOID01000019.1_16	884c2540bb2d0f510a587223a6d45bbb	1226	SUPERFAMILY	SSF50998	Quinoprotein alcohol dehydrogenase-like	71	353	2.12E-24	T	26-06-2023	IPR011047	Quinoprotein alcohol dehydrogenase-like superfamily
AOID01000019.1_16	884c2540bb2d0f510a587223a6d45bbb	1226	SMART	SM00564	ire1_9	190	222	0.0012	T	26-06-2023	IPR018391	Pyrrolo-quinoline quinone beta-propeller repeat
AOID01000019.1_16	884c2540bb2d0f510a587223a6d45bbb	1226	SMART	SM00564	ire1_9	67	97	0.11	T	26-06-2023	IPR018391	Pyrrolo-quinoline quinone beta-propeller repeat
AOID01000019.1_16	884c2540bb2d0f510a587223a6d45bbb	1226	SMART	SM00564	ire1_9	322	354	1.0	T	26-06-2023	IPR018391	Pyrrolo-quinoline quinone beta-propeller repeat
AOID01000019.1_16	884c2540bb2d0f510a587223a6d45bbb	1226	SMART	SM00564	ire1_9	148	180	94.0	T	26-06-2023	IPR018391	Pyrrolo-quinoline quinone beta-propeller repeat
AOID01000019.1_93	ecbcbe1c9c1790fb3190465a33e0fd15	123	MobiDBLite	mobidb-lite	consensus disorder prediction	28	54	-	T	26-06-2023	-	-
