AOJE01000051.1_28	ba2e2f84f8acbe08b5b289aa6f531435	78	MobiDBLite	mobidb-lite	consensus disorder prediction	57	78	-	T	26-06-2023	-	-
AOJE01000051.1_18	a478081f4da5eb09ffe9b0cfa364ad8d	541	Coils	Coil	Coil	448	471	-	T	26-06-2023	-	-
AOJE01000051.1_18	a478081f4da5eb09ffe9b0cfa364ad8d	541	Coils	Coil	Coil	419	439	-	T	26-06-2023	-	-
AOJE01000051.1_18	a478081f4da5eb09ffe9b0cfa364ad8d	541	MobiDBLite	mobidb-lite	consensus disorder prediction	520	541	-	T	26-06-2023	-	-
AOJE01000051.1_18	a478081f4da5eb09ffe9b0cfa364ad8d	541	MobiDBLite	mobidb-lite	consensus disorder prediction	148	167	-	T	26-06-2023	-	-
AOJE01000051.1_18	a478081f4da5eb09ffe9b0cfa364ad8d	541	Coils	Coil	Coil	397	417	-	T	26-06-2023	-	-
AOJE01000051.1_41	1f4001d144fc5fa7b1c9ab83d4cd3552	255	Pfam	PF00589	Phage integrase family	10	242	9.5E-14	T	26-06-2023	IPR002104	Integrase, catalytic domain
AOJE01000051.1_41	1f4001d144fc5fa7b1c9ab83d4cd3552	255	SUPERFAMILY	SSF56349	DNA breaking-rejoining enzymes	7	249	8.83E-24	T	26-06-2023	IPR011010	DNA breaking-rejoining enzyme, catalytic core
AOJE01000051.1_41	1f4001d144fc5fa7b1c9ab83d4cd3552	255	CDD	cd00397	DNA_BRE_C	26	239	9.82574E-10	T	26-06-2023	-	-
AOJE01000051.1_41	1f4001d144fc5fa7b1c9ab83d4cd3552	255	Gene3D	G3DSA:1.10.443.10	Intergrase catalytic core	3	246	2.5E-25	T	26-06-2023	IPR013762	Integrase-like, catalytic domain superfamily
AOJE01000051.1_41	1f4001d144fc5fa7b1c9ab83d4cd3552	255	ProSiteProfiles	PS51898	Tyrosine recombinase domain profile.	5	251	20.976665	T	26-06-2023	IPR002104	Integrase, catalytic domain
AOJE01000051.1_16	1b5f1a0436b100b71504ac49a29956cb	269	SMART	SM00507	HNH_5	11	67	2.6E-8	T	26-06-2023	IPR003615	HNH nuclease
AOJE01000051.1_16	1b5f1a0436b100b71504ac49a29956cb	269	CDD	cd00085	HNHc	10	69	1.73404E-5	T	26-06-2023	IPR003615	HNH nuclease
AOJE01000051.1_16	1b5f1a0436b100b71504ac49a29956cb	269	Gene3D	G3DSA:1.10.30.50	-	3	90	3.4E-7	T	26-06-2023	-	-
AOJE01000051.1_6	abce7282c653d2698223f34fa20c969d	162	MobiDBLite	mobidb-lite	consensus disorder prediction	1	20	-	T	26-06-2023	-	-
AOJE01000051.1_23	2d660d12e2139ae6a7bdd0bd05092fdb	191	MobiDBLite	mobidb-lite	consensus disorder prediction	20	191	-	T	26-06-2023	-	-
AOJE01000051.1_23	2d660d12e2139ae6a7bdd0bd05092fdb	191	MobiDBLite	mobidb-lite	consensus disorder prediction	120	164	-	T	26-06-2023	-	-
AOJE01000051.1_23	2d660d12e2139ae6a7bdd0bd05092fdb	191	MobiDBLite	mobidb-lite	consensus disorder prediction	31	60	-	T	26-06-2023	-	-
AOJE01000051.1_19	6504532427f744c4b5cc082c113ccce1	671	MobiDBLite	mobidb-lite	consensus disorder prediction	206	221	-	T	26-06-2023	-	-
AOJE01000051.1_19	6504532427f744c4b5cc082c113ccce1	671	MobiDBLite	mobidb-lite	consensus disorder prediction	551	569	-	T	26-06-2023	-	-
AOJE01000051.1_19	6504532427f744c4b5cc082c113ccce1	671	Gene3D	G3DSA:3.40.50.300	-	234	430	1.8E-11	T	26-06-2023	IPR027417	P-loop containing nucleoside triphosphate hydrolase
AOJE01000051.1_19	6504532427f744c4b5cc082c113ccce1	671	MobiDBLite	mobidb-lite	consensus disorder prediction	1	22	-	T	26-06-2023	-	-
AOJE01000051.1_19	6504532427f744c4b5cc082c113ccce1	671	Coils	Coil	Coil	557	577	-	T	26-06-2023	-	-
AOJE01000051.1_19	6504532427f744c4b5cc082c113ccce1	671	SUPERFAMILY	SSF52540	P-loop containing nucleoside triphosphate hydrolases	27	420	3.61E-6	T	26-06-2023	IPR027417	P-loop containing nucleoside triphosphate hydrolase
AOJE01000051.1_19	6504532427f744c4b5cc082c113ccce1	671	MobiDBLite	mobidb-lite	consensus disorder prediction	198	221	-	T	26-06-2023	-	-
AOJE01000051.1_19	6504532427f744c4b5cc082c113ccce1	671	Coils	Coil	Coil	176	196	-	T	26-06-2023	-	-
AOJE01000051.1_19	6504532427f744c4b5cc082c113ccce1	671	MobiDBLite	mobidb-lite	consensus disorder prediction	543	569	-	T	26-06-2023	-	-
AOJE01000051.1_24	831e2a12bc35c6330fe124f42bbb6175	343	Coils	Coil	Coil	259	286	-	T	26-06-2023	-	-
AOJE01000051.1_24	831e2a12bc35c6330fe124f42bbb6175	343	MobiDBLite	mobidb-lite	consensus disorder prediction	301	343	-	T	26-06-2023	-	-
AOJE01000051.1_3	4a10f9ba9194ea6455684faa3dac7d13	193	Coils	Coil	Coil	125	145	-	T	26-06-2023	-	-
AOJE01000051.1_3	4a10f9ba9194ea6455684faa3dac7d13	193	Pfam	PF19122	Family of unknown function (DUF5806)	29	172	1.0E-47	T	26-06-2023	IPR043829	Protein of unknown function DUF5806
AOJE01000051.1_3	4a10f9ba9194ea6455684faa3dac7d13	193	MobiDBLite	mobidb-lite	consensus disorder prediction	1	23	-	T	26-06-2023	-	-
AOJE01000051.1_3	4a10f9ba9194ea6455684faa3dac7d13	193	MobiDBLite	mobidb-lite	consensus disorder prediction	174	193	-	T	26-06-2023	-	-
AOJE01000051.1_50	0f8e4a82d15bc26d16d957d49bdb795b	1274	Coils	Coil	Coil	412	439	-	T	26-06-2023	-	-
AOJE01000051.1_50	0f8e4a82d15bc26d16d957d49bdb795b	1274	Coils	Coil	Coil	848	868	-	T	26-06-2023	-	-
AOJE01000051.1_50	0f8e4a82d15bc26d16d957d49bdb795b	1274	Coils	Coil	Coil	807	837	-	T	26-06-2023	-	-
AOJE01000051.1_14	a000acf93b11eeead4e1ff822f93d726	226	Gene3D	G3DSA:3.40.630.30	-	75	206	4.5E-12	T	26-06-2023	-	-
AOJE01000051.1_14	a000acf93b11eeead4e1ff822f93d726	226	CDD	cd04301	NAT_SF	124	162	4.44212E-5	T	26-06-2023	-	-
AOJE01000051.1_14	a000acf93b11eeead4e1ff822f93d726	226	ProSiteProfiles	PS51186	Gcn5-related N-acetyltransferase (GNAT) domain profile.	19	208	11.03321	T	26-06-2023	IPR000182	GNAT domain
AOJE01000051.1_14	a000acf93b11eeead4e1ff822f93d726	226	SUPERFAMILY	SSF55729	Acyl-CoA N-acyltransferases (Nat)	20	200	7.43E-14	T	26-06-2023	IPR016181	Acyl-CoA N-acyltransferase
AOJE01000051.1_14	a000acf93b11eeead4e1ff822f93d726	226	Pfam	PF00583	Acetyltransferase (GNAT) family	125	185	2.1E-6	T	26-06-2023	IPR000182	GNAT domain
AOJE01000051.1_15	0e5eee4b0a057b35c3a7a55b1a81479e	225	Pfam	PF13482	RNase_H superfamily	15	121	6.7E-7	T	26-06-2023	IPR038720	YprB, ribonuclease H-like domain
AOJE01000051.1_15	0e5eee4b0a057b35c3a7a55b1a81479e	225	SUPERFAMILY	SSF53098	Ribonuclease H-like	11	121	5.2E-15	T	26-06-2023	IPR012337	Ribonuclease H-like superfamily
AOJE01000051.1_15	0e5eee4b0a057b35c3a7a55b1a81479e	225	Gene3D	G3DSA:3.30.420.10	-	10	145	5.5E-12	T	26-06-2023	IPR036397	Ribonuclease H superfamily
AOJE01000051.1_5	a5c19bd36194c13f28f7dcd61df6d60c	1279	Pfam	PF20473	MmeI, DNA-methyltransferase domain	505	605	7.1E-7	T	26-06-2023	IPR046816	MmeI-like, DNA-methyltransferase domain
AOJE01000051.1_5	a5c19bd36194c13f28f7dcd61df6d60c	1279	Coils	Coil	Coil	1209	1229	-	T	26-06-2023	-	-
AOJE01000051.1_5	a5c19bd36194c13f28f7dcd61df6d60c	1279	Gene3D	G3DSA:3.40.50.150	Vaccinia Virus protein VP39	418	923	9.9E-43	T	26-06-2023	IPR029063	S-adenosyl-L-methionine-dependent methyltransferase superfamily
AOJE01000051.1_5	a5c19bd36194c13f28f7dcd61df6d60c	1279	PRINTS	PR00507	N12 class N6 adenine-specific DNA methyltransferase signature	446	462	7.5E-11	T	26-06-2023	-	-
AOJE01000051.1_5	a5c19bd36194c13f28f7dcd61df6d60c	1279	PRINTS	PR00507	N12 class N6 adenine-specific DNA methyltransferase signature	518	532	7.5E-11	T	26-06-2023	-	-
AOJE01000051.1_5	a5c19bd36194c13f28f7dcd61df6d60c	1279	PRINTS	PR00507	N12 class N6 adenine-specific DNA methyltransferase signature	726	738	7.5E-11	T	26-06-2023	-	-
AOJE01000051.1_5	a5c19bd36194c13f28f7dcd61df6d60c	1279	ProSitePatterns	PS00092	N-6 Adenine-specific DNA methylases signature.	729	735	-	T	26-06-2023	IPR002052	DNA methylase, N-6 adenine-specific, conserved site
AOJE01000051.1_5	a5c19bd36194c13f28f7dcd61df6d60c	1279	PANTHER	PTHR33841	DNA METHYLTRANSFERASE YEEA-RELATED	151	905	9.6E-60	T	26-06-2023	-	-
AOJE01000051.1_5	a5c19bd36194c13f28f7dcd61df6d60c	1279	Coils	Coil	Coil	667	691	-	T	26-06-2023	-	-
AOJE01000051.1_5	a5c19bd36194c13f28f7dcd61df6d60c	1279	Pfam	PF20465	MmeI, helicase spacer domain	297	453	8.5E-8	T	26-06-2023	IPR046819	MmeI-like, helicase spacer domain
AOJE01000051.1_5	a5c19bd36194c13f28f7dcd61df6d60c	1279	SUPERFAMILY	SSF53335	S-adenosyl-L-methionine-dependent methyltransferases	294	895	2.8E-50	T	26-06-2023	IPR029063	S-adenosyl-L-methionine-dependent methyltransferase superfamily
AOJE01000051.1_31	5e6af4bfb4ecd8f980455bfe54ad3097	419	Pfam	PF07282	Putative transposase DNA-binding domain	311	378	3.5E-18	T	26-06-2023	IPR010095	Cas12f1-like, TNB domain
AOJE01000051.1_31	5e6af4bfb4ecd8f980455bfe54ad3097	419	Pfam	PF01385	Probable transposase	179	292	2.3E-26	T	26-06-2023	IPR001959	Probable transposase, IS891/IS1136/IS1341
AOJE01000051.1_31	5e6af4bfb4ecd8f980455bfe54ad3097	419	NCBIfam	NF040570	RNA-guided endonuclease TnpB family protein	13	376	3.6E-44	T	26-06-2023	-	-
AOJE01000051.1_20	0e061c640af0a145d93eb159da0b6338	148	MobiDBLite	mobidb-lite	consensus disorder prediction	94	148	-	T	26-06-2023	-	-
AOJE01000051.1_20	0e061c640af0a145d93eb159da0b6338	148	MobiDBLite	mobidb-lite	consensus disorder prediction	94	116	-	T	26-06-2023	-	-
AOJE01000051.1_20	0e061c640af0a145d93eb159da0b6338	148	MobiDBLite	mobidb-lite	consensus disorder prediction	1	30	-	T	26-06-2023	-	-
AOJE01000051.1_20	0e061c640af0a145d93eb159da0b6338	148	MobiDBLite	mobidb-lite	consensus disorder prediction	1	23	-	T	26-06-2023	-	-
AOJE01000051.1_20	0e061c640af0a145d93eb159da0b6338	148	Coils	Coil	Coil	39	59	-	T	26-06-2023	-	-
AOJE01000051.1_47	17fd9433856033eafc207eac01b4323c	270	MobiDBLite	mobidb-lite	consensus disorder prediction	30	54	-	T	26-06-2023	-	-
AOJE01000051.1_2	c807c52e1606036b13713fb50e956103	206	Pfam	PF01844	HNH endonuclease	131	181	5.5E-10	T	26-06-2023	IPR002711	HNH endonuclease
AOJE01000051.1_2	c807c52e1606036b13713fb50e956103	206	CDD	cd00085	HNHc	122	180	6.43953E-6	T	26-06-2023	IPR003615	HNH nuclease
AOJE01000051.1_2	c807c52e1606036b13713fb50e956103	206	Gene3D	G3DSA:1.10.30.50	-	108	202	7.2E-12	T	26-06-2023	-	-
AOJE01000051.1_42	0a913236b18a1bbce11327a38663e0d7	199	MobiDBLite	mobidb-lite	consensus disorder prediction	55	70	-	T	26-06-2023	-	-
AOJE01000051.1_42	0a913236b18a1bbce11327a38663e0d7	199	MobiDBLite	mobidb-lite	consensus disorder prediction	41	70	-	T	26-06-2023	-	-
AOJE01000051.1_45	0cc9ba6df4b86ffe4a80f969e7c14135	46	Gene3D	G3DSA:1.20.5.3310	-	1	46	2.4E-11	T	26-06-2023	-	-
AOJE01000051.1_45	0cc9ba6df4b86ffe4a80f969e7c14135	46	Pfam	PF02416	mttA/Hcf106 family	2	44	1.0E-9	T	26-06-2023	IPR003369	Sec-independent protein translocase protein TatA/B/E
AOJE01000051.1_1	ec3c5543bb67a4906251046b74017ad1	297	Gene3D	G3DSA:1.10.443.10	Intergrase catalytic core	208	297	2.5E-6	T	26-06-2023	IPR013762	Integrase-like, catalytic domain superfamily
AOJE01000051.1_1	ec3c5543bb67a4906251046b74017ad1	297	Gene3D	G3DSA:1.10.150.130	-	6	132	5.5E-6	T	26-06-2023	IPR010998	Integrase/recombinase, N-terminal
AOJE01000051.1_1	ec3c5543bb67a4906251046b74017ad1	297	MobiDBLite	mobidb-lite	consensus disorder prediction	127	147	-	T	26-06-2023	-	-
AOJE01000051.1_1	ec3c5543bb67a4906251046b74017ad1	297	SUPERFAMILY	SSF56349	DNA breaking-rejoining enzymes	218	296	2.24E-5	T	26-06-2023	IPR011010	DNA breaking-rejoining enzyme, catalytic core
AOJE01000051.1_17	1717bec323970457ba4753806cfd9a36	415	CDD	cd08768	Cdc6_C	307	393	4.52373E-13	T	26-06-2023	IPR015163	Cdc6, C-terminal
AOJE01000051.1_17	1717bec323970457ba4753806cfd9a36	415	Gene3D	G3DSA:1.10.10.10	-	306	406	8.6E-16	T	26-06-2023	IPR036388	Winged helix-like DNA-binding domain superfamily
AOJE01000051.1_17	1717bec323970457ba4753806cfd9a36	415	Pfam	PF09079	CDC6, C terminal winged helix domain	315	394	1.1E-12	T	26-06-2023	IPR015163	Cdc6, C-terminal
AOJE01000051.1_17	1717bec323970457ba4753806cfd9a36	415	Gene3D	G3DSA:3.40.50.300	-	29	218	1.0E-90	T	26-06-2023	IPR027417	P-loop containing nucleoside triphosphate hydrolase
AOJE01000051.1_17	1717bec323970457ba4753806cfd9a36	415	Hamap	MF_01407	ORC1-type DNA replication protein.	6	397	27.555134	T	26-06-2023	IPR014277	Orc1/Cdc6-type DNA replication protein, archaea
AOJE01000051.1_17	1717bec323970457ba4753806cfd9a36	415	SMART	SM01074	Cdc6_C_2	314	397	2.1E-5	T	26-06-2023	IPR015163	Cdc6, C-terminal
AOJE01000051.1_17	1717bec323970457ba4753806cfd9a36	415	NCBIfam	TIGR02928	orc1/cdc6 family replication initiation protein	13	386	6.9E-111	T	26-06-2023	IPR014277	Orc1/Cdc6-type DNA replication protein, archaea
AOJE01000051.1_17	1717bec323970457ba4753806cfd9a36	415	PANTHER	PTHR10763	CELL DIVISION CONTROL PROTEIN 6-RELATED	19	398	2.5E-39	T	26-06-2023	-	-
AOJE01000051.1_17	1717bec323970457ba4753806cfd9a36	415	SMART	SM00382	AAA_5	51	220	0.0038	T	26-06-2023	IPR003593	AAA+ ATPase domain
AOJE01000051.1_17	1717bec323970457ba4753806cfd9a36	415	FunFam	G3DSA:1.10.8.60:FF:000073	ORC1-type DNA replication protein	205	297	3.6E-24	T	26-06-2023	-	-
AOJE01000051.1_17	1717bec323970457ba4753806cfd9a36	415	Gene3D	G3DSA:1.10.8.60	-	13	296	1.0E-90	T	26-06-2023	-	-
AOJE01000051.1_17	1717bec323970457ba4753806cfd9a36	415	Pfam	PF13401	AAA domain	52	179	1.3E-8	T	26-06-2023	IPR003593	AAA+ ATPase domain
AOJE01000051.1_17	1717bec323970457ba4753806cfd9a36	415	SUPERFAMILY	SSF46785	"Winged helix" DNA-binding domain	301	401	2.07E-13	T	26-06-2023	IPR036390	Winged helix DNA-binding domain superfamily
AOJE01000051.1_17	1717bec323970457ba4753806cfd9a36	415	SUPERFAMILY	SSF52540	P-loop containing nucleoside triphosphate hydrolases	13	293	1.6E-40	T	26-06-2023	IPR027417	P-loop containing nucleoside triphosphate hydrolase
AOJE01000051.1_4	1eb255f5c1e8cf05a5991c06c5d7b27c	76	MobiDBLite	mobidb-lite	consensus disorder prediction	33	48	-	T	26-06-2023	-	-
AOJE01000051.1_4	1eb255f5c1e8cf05a5991c06c5d7b27c	76	MobiDBLite	mobidb-lite	consensus disorder prediction	29	52	-	T	26-06-2023	-	-
AOJE01000051.1_22	50177a6844ef8000245286fcc5bf279e	248	Coils	Coil	Coil	227	247	-	T	26-06-2023	-	-
AOJE01000051.1_13	f02b2b8d3f930c3acbc9bb9050301ba5	211	SUPERFAMILY	SSF46785	"Winged helix" DNA-binding domain	28	113	1.28E-15	T	26-06-2023	IPR036390	Winged helix DNA-binding domain superfamily
AOJE01000051.1_13	f02b2b8d3f930c3acbc9bb9050301ba5	211	Pfam	PF12840	Helix-turn-helix domain	33	87	3.2E-13	T	26-06-2023	-	-
AOJE01000051.1_13	f02b2b8d3f930c3acbc9bb9050301ba5	211	CDD	cd00090	HTH_ARSR	35	86	2.57035E-11	T	26-06-2023	IPR011991	ArsR-like helix-turn-helix domain
AOJE01000051.1_13	f02b2b8d3f930c3acbc9bb9050301ba5	211	SMART	SM00418	arsrmega2	33	117	5.5E-4	T	26-06-2023	IPR001845	HTH ArsR-type DNA-binding domain
AOJE01000051.1_13	f02b2b8d3f930c3acbc9bb9050301ba5	211	Gene3D	G3DSA:1.10.10.10	-	28	111	1.3E-14	T	26-06-2023	IPR036388	Winged helix-like DNA-binding domain superfamily
AOJE01000051.1_51	e2418c81109972c06a26a4c0e6384310	218	MobiDBLite	mobidb-lite	consensus disorder prediction	1	29	-	T	26-06-2023	-	-
AOJE01000051.1_51	e2418c81109972c06a26a4c0e6384310	218	MobiDBLite	mobidb-lite	consensus disorder prediction	34	53	-	T	26-06-2023	-	-
AOJE01000051.1_51	e2418c81109972c06a26a4c0e6384310	218	MobiDBLite	mobidb-lite	consensus disorder prediction	1	18	-	T	26-06-2023	-	-
AOJE01000051.1_43	6647d3cce656aab1c433e410ca5a712d	272	MobiDBLite	mobidb-lite	consensus disorder prediction	1	45	-	T	26-06-2023	-	-
AOJE01000051.1_48	d2a997d6bbe297c2ee4af8c881d126c6	263	Gene3D	G3DSA:3.40.50.200	Peptidase S8/S53 domain	1	241	1.3E-41	T	26-06-2023	IPR036852	Peptidase S8/S53 domain superfamily
AOJE01000051.1_48	d2a997d6bbe297c2ee4af8c881d126c6	263	ProSiteProfiles	PS51892	Serine proteases, subtilase domain profile.	1	224	24.155363	T	26-06-2023	-	-
AOJE01000051.1_48	d2a997d6bbe297c2ee4af8c881d126c6	263	Pfam	PF00082	Subtilase family	4	188	5.1E-27	T	26-06-2023	IPR000209	Peptidase S8/S53 domain
AOJE01000051.1_48	d2a997d6bbe297c2ee4af8c881d126c6	263	SUPERFAMILY	SSF52743	Subtilisin-like	4	225	4.32E-39	T	26-06-2023	IPR036852	Peptidase S8/S53 domain superfamily
AOJE01000051.1_48	d2a997d6bbe297c2ee4af8c881d126c6	263	PANTHER	PTHR43806	PEPTIDASE S8	5	237	1.5E-26	T	26-06-2023	-	-
AOJE01000051.1_48	d2a997d6bbe297c2ee4af8c881d126c6	263	ProSitePatterns	PS00138	Serine proteases, subtilase family, serine active site.	171	181	-	T	26-06-2023	IPR023828	Peptidase S8, subtilisin, Ser-active site
