AOJE01000025.1_37	7552b82b956001dbb36910cf79de1115	209	MobiDBLite	mobidb-lite	consensus disorder prediction	163	209	-	T	26-06-2023	-	-
AOJE01000025.1_12	e02c929f6c0b99f9d7e0eb9561198266	200	SUPERFAMILY	SSF55945	TATA-box binding protein-like	109	196	1.16E-17	T	26-06-2023	-	-
AOJE01000025.1_12	e02c929f6c0b99f9d7e0eb9561198266	200	Hamap	MF_00408	TATA-box-binding protein [tbp].	17	198	25.719212	T	26-06-2023	IPR000814	TATA-box binding protein
AOJE01000025.1_12	e02c929f6c0b99f9d7e0eb9561198266	200	Gene3D	G3DSA:3.30.310.10	-	23	184	1.5E-39	T	26-06-2023	IPR012295	TBP domain superfamily
AOJE01000025.1_12	e02c929f6c0b99f9d7e0eb9561198266	200	SUPERFAMILY	SSF55945	TATA-box binding protein-like	19	101	4.87E-17	T	26-06-2023	-	-
AOJE01000025.1_12	e02c929f6c0b99f9d7e0eb9561198266	200	Gene3D	G3DSA:3.30.310.10	-	28	115	1.5E-39	T	26-06-2023	IPR012295	TBP domain superfamily
AOJE01000025.1_12	e02c929f6c0b99f9d7e0eb9561198266	200	PANTHER	PTHR10126	TATA-BOX BINDING PROTEIN	111	193	1.1E-20	T	26-06-2023	IPR000814	TATA-box binding protein
AOJE01000025.1_12	e02c929f6c0b99f9d7e0eb9561198266	200	PRINTS	PR00686	Transcription initiation factor TFIID signature	23	38	2.1E-18	T	26-06-2023	IPR000814	TATA-box binding protein
AOJE01000025.1_12	e02c929f6c0b99f9d7e0eb9561198266	200	PRINTS	PR00686	Transcription initiation factor TFIID signature	47	66	2.1E-18	T	26-06-2023	IPR000814	TATA-box binding protein
AOJE01000025.1_12	e02c929f6c0b99f9d7e0eb9561198266	200	PRINTS	PR00686	Transcription initiation factor TFIID signature	66	84	2.1E-18	T	26-06-2023	IPR000814	TATA-box binding protein
AOJE01000025.1_12	e02c929f6c0b99f9d7e0eb9561198266	200	PRINTS	PR00686	Transcription initiation factor TFIID signature	115	131	2.1E-18	T	26-06-2023	IPR000814	TATA-box binding protein
AOJE01000025.1_12	e02c929f6c0b99f9d7e0eb9561198266	200	PRINTS	PR00686	Transcription initiation factor TFIID signature	140	155	2.1E-18	T	26-06-2023	IPR000814	TATA-box binding protein
AOJE01000025.1_12	e02c929f6c0b99f9d7e0eb9561198266	200	Pfam	PF00352	Transcription factor TFIID (or TATA-binding protein, TBP)	113	193	4.5E-17	T	26-06-2023	IPR000814	TATA-box binding protein
AOJE01000025.1_12	e02c929f6c0b99f9d7e0eb9561198266	200	Pfam	PF00352	Transcription factor TFIID (or TATA-binding protein, TBP)	21	99	4.1E-14	T	26-06-2023	IPR000814	TATA-box binding protein
AOJE01000025.1_51	6b2a284f10db2d96a2642f9470154315	599	NCBIfam	TIGR00181	oligoendopeptidase F	7	593	0.0	T	26-06-2023	IPR004438	Peptidase M3B, oligoendopeptidase F
AOJE01000025.1_51	6b2a284f10db2d96a2642f9470154315	599	SUPERFAMILY	SSF55486	Metalloproteases ("zincins"), catalytic domain	5	578	1.59E-113	T	26-06-2023	-	-
AOJE01000025.1_51	6b2a284f10db2d96a2642f9470154315	599	PANTHER	PTHR11804	PROTEASE M3 THIMET OLIGOPEPTIDASE-RELATED	369	566	2.0E-19	T	26-06-2023	IPR045090	Peptidase M3A/M3B
AOJE01000025.1_51	6b2a284f10db2d96a2642f9470154315	599	Gene3D	G3DSA:1.10.287.830	putative peptidase helix hairpin domain like	181	226	6.8E-12	T	26-06-2023	-	-
AOJE01000025.1_51	6b2a284f10db2d96a2642f9470154315	599	Gene3D	G3DSA:1.20.140.70	-	24	179	6.3E-45	T	26-06-2023	-	-
AOJE01000025.1_51	6b2a284f10db2d96a2642f9470154315	599	CDD	cd09608	M3B_PepF	34	592	0.0	T	26-06-2023	-	-
AOJE01000025.1_51	6b2a284f10db2d96a2642f9470154315	599	Gene3D	G3DSA:1.10.1370.20	-	228	598	2.3E-127	T	26-06-2023	IPR042088	Oligoendopeptidase F, C-terminal domain
AOJE01000025.1_51	6b2a284f10db2d96a2642f9470154315	599	Pfam	PF08439	Oligopeptidase F	114	183	1.3E-23	T	26-06-2023	IPR013647	Oligopeptidase F, N-terminal domain
AOJE01000025.1_51	6b2a284f10db2d96a2642f9470154315	599	Pfam	PF01432	Peptidase family M3	204	583	2.3E-68	T	26-06-2023	IPR001567	Peptidase M3A/M3B catalytic domain
AOJE01000025.1_13	52925604fcb00a98943b5140f5e25153	1243	ProSitePatterns	PS00092	N-6 Adenine-specific DNA methylases signature.	696	702	-	T	26-06-2023	IPR002052	DNA methylase, N-6 adenine-specific, conserved site
AOJE01000025.1_13	52925604fcb00a98943b5140f5e25153	1243	PRINTS	PR00507	N12 class N6 adenine-specific DNA methyltransferase signature	407	423	5.4E-20	T	26-06-2023	-	-
AOJE01000025.1_13	52925604fcb00a98943b5140f5e25153	1243	PRINTS	PR00507	N12 class N6 adenine-specific DNA methyltransferase signature	434	448	5.4E-20	T	26-06-2023	-	-
AOJE01000025.1_13	52925604fcb00a98943b5140f5e25153	1243	PRINTS	PR00507	N12 class N6 adenine-specific DNA methyltransferase signature	693	705	5.4E-20	T	26-06-2023	-	-
AOJE01000025.1_13	52925604fcb00a98943b5140f5e25153	1243	PRINTS	PR00507	N12 class N6 adenine-specific DNA methyltransferase signature	728	752	5.4E-20	T	26-06-2023	-	-
AOJE01000025.1_13	52925604fcb00a98943b5140f5e25153	1243	Pfam	PF13588	Type I restriction enzyme R protein N terminus (HSDR_N)	57	121	5.8E-6	T	26-06-2023	IPR029464	Type I restriction enzyme R protein, N-terminal domain
AOJE01000025.1_13	52925604fcb00a98943b5140f5e25153	1243	Gene3D	G3DSA:3.40.50.150	Vaccinia Virus protein VP39	611	822	2.0E-28	T	26-06-2023	IPR029063	S-adenosyl-L-methionine-dependent methyltransferase superfamily
AOJE01000025.1_13	52925604fcb00a98943b5140f5e25153	1243	Pfam	PF07669	Eco57I restriction-modification methylase	691	802	3.0E-12	T	26-06-2023	IPR011639	Type II restriction enzyme and methyltransferase RM.Eco57I-like
AOJE01000025.1_13	52925604fcb00a98943b5140f5e25153	1243	Pfam	PF12950	TaqI-like C-terminal specificity domain	912	1071	7.4E-14	T	26-06-2023	IPR025931	TaqI-like C-terminal specificity domain
AOJE01000025.1_13	52925604fcb00a98943b5140f5e25153	1243	Gene3D	G3DSA:3.40.50.150	Vaccinia Virus protein VP39	387	556	3.2E-24	T	26-06-2023	IPR029063	S-adenosyl-L-methionine-dependent methyltransferase superfamily
AOJE01000025.1_13	52925604fcb00a98943b5140f5e25153	1243	PANTHER	PTHR33841	DNA METHYLTRANSFERASE YEEA-RELATED	387	1107	1.2E-64	T	26-06-2023	-	-
AOJE01000025.1_13	52925604fcb00a98943b5140f5e25153	1243	Pfam	PF02384	N-6 DNA Methylase	391	466	3.2E-9	T	26-06-2023	IPR003356	DNA methylase, adenine-specific
AOJE01000025.1_13	52925604fcb00a98943b5140f5e25153	1243	SUPERFAMILY	SSF53335	S-adenosyl-L-methionine-dependent methyltransferases	257	833	3.24E-55	T	26-06-2023	IPR029063	S-adenosyl-L-methionine-dependent methyltransferase superfamily
AOJE01000025.1_52	57d446cd7e4c3ae5d78aea1498270c19	205	Gene3D	G3DSA:1.10.357.10	Tetracycline Repressor, domain 2	5	201	5.3E-26	T	26-06-2023	-	-
AOJE01000025.1_52	57d446cd7e4c3ae5d78aea1498270c19	205	PRINTS	PR00455	TetR bacterial regulatory protein HTH signature	16	29	5.8E-7	T	26-06-2023	IPR001647	DNA-binding HTH domain, TetR-type
AOJE01000025.1_52	57d446cd7e4c3ae5d78aea1498270c19	205	PRINTS	PR00455	TetR bacterial regulatory protein HTH signature	37	60	5.8E-7	T	26-06-2023	IPR001647	DNA-binding HTH domain, TetR-type
AOJE01000025.1_52	57d446cd7e4c3ae5d78aea1498270c19	205	Coils	Coil	Coil	60	80	-	T	26-06-2023	-	-
AOJE01000025.1_52	57d446cd7e4c3ae5d78aea1498270c19	205	PANTHER	PTHR43479	ACREF/ENVCD OPERON REPRESSOR-RELATED	1	113	7.7E-17	T	26-06-2023	-	-
AOJE01000025.1_52	57d446cd7e4c3ae5d78aea1498270c19	205	Pfam	PF00440	Bacterial regulatory proteins, tetR family	16	62	1.1E-12	T	26-06-2023	IPR001647	DNA-binding HTH domain, TetR-type
AOJE01000025.1_52	57d446cd7e4c3ae5d78aea1498270c19	205	SUPERFAMILY	SSF46689	Homeodomain-like	3	86	1.05E-17	T	26-06-2023	IPR009057	Homeobox-like domain superfamily
AOJE01000025.1_52	57d446cd7e4c3ae5d78aea1498270c19	205	ProSiteProfiles	PS50977	TetR-type HTH domain profile.	10	70	20.554642	T	26-06-2023	IPR001647	DNA-binding HTH domain, TetR-type
AOJE01000025.1_67	6a23d109afe79e551818360bdab6d501	432	Gene3D	G3DSA:3.40.190.10	-	210	426	2.8E-76	T	26-06-2023	-	-
AOJE01000025.1_67	6a23d109afe79e551818360bdab6d501	432	PANTHER	PTHR30006	THIAMINE-BINDING PERIPLASMIC PROTEIN-RELATED	95	430	4.8E-43	T	26-06-2023	-	-
AOJE01000025.1_67	6a23d109afe79e551818360bdab6d501	432	MobiDBLite	mobidb-lite	consensus disorder prediction	1	23	-	T	26-06-2023	-	-
AOJE01000025.1_67	6a23d109afe79e551818360bdab6d501	432	NCBIfam	TIGR01254	thiamine ABC transporter substrate-binding protein	99	425	4.7E-36	T	26-06-2023	IPR005948	Thiamine/thiamin pyrophosphate-binding periplasmic protein, ABC transporter
AOJE01000025.1_67	6a23d109afe79e551818360bdab6d501	432	SUPERFAMILY	SSF53850	Periplasmic binding protein-like II	100	429	3.61E-36	T	26-06-2023	-	-
AOJE01000025.1_67	6a23d109afe79e551818360bdab6d501	432	ProSiteProfiles	PS51318	Twin arginine translocation (Tat) signal profile.	1	60	7.631001	T	26-06-2023	IPR006311	Twin-arginine translocation pathway, signal sequence
AOJE01000025.1_67	6a23d109afe79e551818360bdab6d501	432	MobiDBLite	mobidb-lite	consensus disorder prediction	1	34	-	T	26-06-2023	-	-
AOJE01000025.1_67	6a23d109afe79e551818360bdab6d501	432	MobiDBLite	mobidb-lite	consensus disorder prediction	81	95	-	T	26-06-2023	-	-
AOJE01000025.1_67	6a23d109afe79e551818360bdab6d501	432	Gene3D	G3DSA:3.40.190.10	-	101	400	2.8E-76	T	26-06-2023	-	-
AOJE01000025.1_67	6a23d109afe79e551818360bdab6d501	432	MobiDBLite	mobidb-lite	consensus disorder prediction	53	99	-	T	26-06-2023	-	-
AOJE01000025.1_67	6a23d109afe79e551818360bdab6d501	432	Pfam	PF13416	Bacterial extracellular solute-binding protein	203	399	5.6E-19	T	26-06-2023	IPR006059	Bacterial extracellular solute-binding protein
AOJE01000025.1_31	ed8945a1ada19338fad45a421e141b64	57	MobiDBLite	mobidb-lite	consensus disorder prediction	38	57	-	T	26-06-2023	-	-
AOJE01000025.1_31	ed8945a1ada19338fad45a421e141b64	57	MobiDBLite	mobidb-lite	consensus disorder prediction	36	57	-	T	26-06-2023	-	-
AOJE01000025.1_60	e9eaf27e2970f35294cd48cbfd8d4fb1	517	PANTHER	PTHR32024	TRK SYSTEM POTASSIUM UPTAKE PROTEIN TRKG-RELATED	2	506	1.1E-128	T	26-06-2023	-	-
AOJE01000025.1_60	e9eaf27e2970f35294cd48cbfd8d4fb1	517	Pfam	PF02386	Cation transport protein	120	505	7.8E-67	T	26-06-2023	IPR003445	Cation transporter
AOJE01000025.1_69	c3cbb3f54ab92e97d7e9c01220359a11	252	PANTHER	PTHR43090	1-(5-PHOSPHORIBOSYL)-5-[(5-PHOSPHORIBOSYLAMINO)METHYLIDENEAMINO] IMIDAZOLE-4-CARBOXAMIDE ISOMERASE	8	240	5.0E-40	T	26-06-2023	IPR044524	Histidine biosynthesis, HisA-like
AOJE01000025.1_69	c3cbb3f54ab92e97d7e9c01220359a11	252	Pfam	PF00977	Histidine biosynthesis protein	8	241	1.2E-69	T	26-06-2023	IPR006062	Histidine biosynthesis protein
AOJE01000025.1_69	c3cbb3f54ab92e97d7e9c01220359a11	252	Gene3D	G3DSA:3.20.20.70	Aldolase class I	5	252	1.7E-77	T	26-06-2023	IPR013785	Aldolase-type TIM barrel
AOJE01000025.1_69	c3cbb3f54ab92e97d7e9c01220359a11	252	SUPERFAMILY	SSF51366	Ribulose-phoshate binding barrel	7	247	1.14E-67	T	26-06-2023	IPR011060	Ribulose-phosphate binding barrel
AOJE01000025.1_69	c3cbb3f54ab92e97d7e9c01220359a11	252	CDD	cd04732	HisA	8	245	2.10756E-93	T	26-06-2023	IPR023016	HisA/PriA, bacterial-type
AOJE01000025.1_69	c3cbb3f54ab92e97d7e9c01220359a11	252	ProSitePatterns	PS00912	Dihydroorotate dehydrogenase signature 2.	206	226	-	T	26-06-2023	IPR001295	Dihydroorotate dehydrogenase, conserved site
AOJE01000025.1_69	c3cbb3f54ab92e97d7e9c01220359a11	252	FunFam	G3DSA:3.20.20.70:FF:000009	1-(5-phosphoribosyl)-5-[(5-phosphoribosylamino)methylideneamino] imidazole-4-carboxamide isomerase	7	250	8.3E-70	T	26-06-2023	-	-
AOJE01000025.1_69	c3cbb3f54ab92e97d7e9c01220359a11	252	Hamap	MF_01014	1-(5-phosphoribosyl)-5-[(5-phosphoribosylamino)methylideneamino] imidazole-4-carboxamide isomerase [hisA].	8	248	32.380226	T	26-06-2023	IPR023016	HisA/PriA, bacterial-type
AOJE01000025.1_69	c3cbb3f54ab92e97d7e9c01220359a11	252	NCBIfam	TIGR00007	1-(5-phosphoribosyl)-5-[(5-phosphoribosylamino)methylideneamino]imidazole-4-carboxamide isomerase	9	244	9.2E-70	T	26-06-2023	IPR006063	HisA, bacterial-type
AOJE01000025.1_27	af4b6c781215c2174482ea50c6b75136	1150	SUPERFAMILY	SSF50998	Quinoprotein alcohol dehydrogenase-like	55	312	2.12E-10	T	26-06-2023	IPR011047	Quinoprotein alcohol dehydrogenase-like superfamily
AOJE01000025.1_27	af4b6c781215c2174482ea50c6b75136	1150	Gene3D	G3DSA:2.130.10.10	-	36	360	1.1E-13	T	26-06-2023	IPR015943	WD40/YVTN repeat-like-containing domain superfamily
AOJE01000025.1_27	af4b6c781215c2174482ea50c6b75136	1150	MobiDBLite	mobidb-lite	consensus disorder prediction	746	774	-	T	26-06-2023	-	-
AOJE01000025.1_53	459456158f4c8585acc63e4ce0c66b2f	550	Gene3D	G3DSA:2.60.40.10	Immunoglobulins	299	406	4.9E-6	T	26-06-2023	IPR013783	Immunoglobulin-like fold
AOJE01000025.1_53	459456158f4c8585acc63e4ce0c66b2f	550	Gene3D	G3DSA:2.60.40.10	Immunoglobulins	413	515	5.1E-8	T	26-06-2023	IPR013783	Immunoglobulin-like fold
AOJE01000025.1_53	459456158f4c8585acc63e4ce0c66b2f	550	MobiDBLite	mobidb-lite	consensus disorder prediction	1	24	-	T	26-06-2023	-	-
AOJE01000025.1_53	459456158f4c8585acc63e4ce0c66b2f	550	PANTHER	PTHR35902	S-LAYER DOMAIN-LIKE PROTEIN-RELATED	421	550	7.0E-51	T	26-06-2023	-	-
AOJE01000025.1_53	459456158f4c8585acc63e4ce0c66b2f	550	Pfam	PF07705	CARDB	415	493	1.1E-5	T	26-06-2023	IPR011635	CARDB domain
AOJE01000025.1_62	26fdd7ba90ab12b79bec1f59c074c614	158	MobiDBLite	mobidb-lite	consensus disorder prediction	18	51	-	T	26-06-2023	-	-
AOJE01000025.1_62	26fdd7ba90ab12b79bec1f59c074c614	158	MobiDBLite	mobidb-lite	consensus disorder prediction	26	47	-	T	26-06-2023	-	-
AOJE01000025.1_21	a1ac7d65c97cf5dbc34dffa2360d11af	134	SUPERFAMILY	SSF46785	"Winged helix" DNA-binding domain	27	80	6.43E-6	T	26-06-2023	IPR036390	Winged helix DNA-binding domain superfamily
AOJE01000025.1_72	750957578f6ad63667c681af4817d567	198	Hamap	MF_00076	Imidazoleglycerol-phosphate dehydratase [hisB].	6	198	39.856911	T	26-06-2023	IPR000807	Imidazoleglycerol-phosphate dehydratase
AOJE01000025.1_72	750957578f6ad63667c681af4817d567	198	CDD	cd07914	IGPD	8	198	1.39119E-82	T	26-06-2023	IPR000807	Imidazoleglycerol-phosphate dehydratase
AOJE01000025.1_72	750957578f6ad63667c681af4817d567	198	Gene3D	G3DSA:3.30.230.40	Imidazole glycerol phosphate dehydratase; domain 1	94	198	5.8E-33	T	26-06-2023	IPR038494	Imidazole glycerol phosphate dehydratase domain superfamily
AOJE01000025.1_72	750957578f6ad63667c681af4817d567	198	SUPERFAMILY	SSF54211	Ribosomal protein S5 domain 2-like	92	183	3.04E-28	T	26-06-2023	IPR020568	Ribosomal protein S5 domain 2-type fold
AOJE01000025.1_72	750957578f6ad63667c681af4817d567	198	PANTHER	PTHR23133	IMIDAZOLEGLYCEROL-PHOSPHATE DEHYDRATASE HIS7	3	198	5.4E-78	T	26-06-2023	IPR000807	Imidazoleglycerol-phosphate dehydratase
AOJE01000025.1_72	750957578f6ad63667c681af4817d567	198	FunFam	G3DSA:3.30.230.40:FF:000003	Imidazoleglycerol-phosphate dehydratase HisB	1	93	1.4E-36	T	26-06-2023	-	-
AOJE01000025.1_72	750957578f6ad63667c681af4817d567	198	SUPERFAMILY	SSF54211	Ribosomal protein S5 domain 2-like	6	90	2.53E-32	T	26-06-2023	IPR020568	Ribosomal protein S5 domain 2-type fold
AOJE01000025.1_72	750957578f6ad63667c681af4817d567	198	ProSitePatterns	PS00954	Imidazoleglycerol-phosphate dehydratase signature 1.	65	78	-	T	26-06-2023	IPR020565	Imidazoleglycerol-phosphate dehydratase, conserved site
AOJE01000025.1_72	750957578f6ad63667c681af4817d567	198	Gene3D	G3DSA:3.30.230.40	Imidazole glycerol phosphate dehydratase; domain 1	1	93	4.0E-37	T	26-06-2023	IPR038494	Imidazole glycerol phosphate dehydratase domain superfamily
AOJE01000025.1_72	750957578f6ad63667c681af4817d567	198	Pfam	PF00475	Imidazoleglycerol-phosphate dehydratase	35	178	9.7E-61	T	26-06-2023	IPR000807	Imidazoleglycerol-phosphate dehydratase
AOJE01000025.1_72	750957578f6ad63667c681af4817d567	198	ProSitePatterns	PS00955	Imidazoleglycerol-phosphate dehydratase signature 2.	160	172	-	T	26-06-2023	IPR020565	Imidazoleglycerol-phosphate dehydratase, conserved site
AOJE01000025.1_72	750957578f6ad63667c681af4817d567	198	FunFam	G3DSA:3.30.230.40:FF:000001	Imidazoleglycerol-phosphate dehydratase HisB	94	198	1.2E-33	T	26-06-2023	-	-
AOJE01000025.1_35	01730d3dd75964dec5df63e9f2372fcd	84	MobiDBLite	mobidb-lite	consensus disorder prediction	58	84	-	T	26-06-2023	-	-
AOJE01000025.1_28	1dfcc02f927ec582d6587c507ec82d74	501	PANTHER	PTHR43806	PEPTIDASE S8	160	425	1.6E-41	T	26-06-2023	-	-
AOJE01000025.1_28	1dfcc02f927ec582d6587c507ec82d74	501	Gene3D	G3DSA:3.40.50.200	Peptidase S8/S53 domain	171	462	3.2E-55	T	26-06-2023	IPR036852	Peptidase S8/S53 domain superfamily
AOJE01000025.1_28	1dfcc02f927ec582d6587c507ec82d74	501	Pfam	PF00082	Subtilase family	183	419	1.5E-37	T	26-06-2023	IPR000209	Peptidase S8/S53 domain
AOJE01000025.1_28	1dfcc02f927ec582d6587c507ec82d74	501	PRINTS	PR00723	Subtilisin serine protease family (S8) signature	183	202	1.3E-13	T	26-06-2023	IPR015500	Peptidase S8, subtilisin-related
AOJE01000025.1_28	1dfcc02f927ec582d6587c507ec82d74	501	PRINTS	PR00723	Subtilisin serine protease family (S8) signature	230	243	1.3E-13	T	26-06-2023	IPR015500	Peptidase S8, subtilisin-related
AOJE01000025.1_28	1dfcc02f927ec582d6587c507ec82d74	501	PRINTS	PR00723	Subtilisin serine protease family (S8) signature	397	413	1.3E-13	T	26-06-2023	IPR015500	Peptidase S8, subtilisin-related
AOJE01000025.1_28	1dfcc02f927ec582d6587c507ec82d74	501	ProSitePatterns	PS00138	Serine proteases, subtilase family, serine active site.	398	408	-	T	26-06-2023	IPR023828	Peptidase S8, subtilisin, Ser-active site
AOJE01000025.1_28	1dfcc02f927ec582d6587c507ec82d74	501	ProSitePatterns	PS00136	Serine proteases, subtilase family, aspartic acid active site.	188	198	-	T	26-06-2023	IPR023827	Peptidase S8, subtilisin, Asp-active site
AOJE01000025.1_28	1dfcc02f927ec582d6587c507ec82d74	501	SUPERFAMILY	SSF52743	Subtilisin-like	172	458	1.7E-53	T	26-06-2023	IPR036852	Peptidase S8/S53 domain superfamily
AOJE01000025.1_28	1dfcc02f927ec582d6587c507ec82d74	501	ProSiteProfiles	PS51892	Serine proteases, subtilase domain profile.	164	457	29.997477	T	26-06-2023	-	-
AOJE01000025.1_28	1dfcc02f927ec582d6587c507ec82d74	501	MobiDBLite	mobidb-lite	consensus disorder prediction	324	347	-	T	26-06-2023	-	-
AOJE01000025.1_44	f2c795a55eefff43781c92ef05a47077	164	MobiDBLite	mobidb-lite	consensus disorder prediction	62	87	-	T	26-06-2023	-	-
AOJE01000025.1_44	f2c795a55eefff43781c92ef05a47077	164	Coils	Coil	Coil	96	123	-	T	26-06-2023	-	-
AOJE01000025.1_25	730fcaa16963b37dc46f973a12b95fd5	102	ProSiteProfiles	PS50943	Cro/C1-type HTH domain profile.	38	51	9.366678	T	26-06-2023	IPR001387	Cro/C1-type helix-turn-helix domain
AOJE01000025.1_40	d691c1b7196cbc25dc42c85c07b023ec	480	MobiDBLite	mobidb-lite	consensus disorder prediction	146	178	-	T	26-06-2023	-	-
AOJE01000025.1_40	d691c1b7196cbc25dc42c85c07b023ec	480	MobiDBLite	mobidb-lite	consensus disorder prediction	156	175	-	T	26-06-2023	-	-
AOJE01000025.1_40	d691c1b7196cbc25dc42c85c07b023ec	480	MobiDBLite	mobidb-lite	consensus disorder prediction	88	111	-	T	26-06-2023	-	-
AOJE01000025.1_49	674d6d84a4aded63e0edf467a33de918	559	SUPERFAMILY	SSF55785	PYP-like sensor domain (PAS domain)	73	150	5.5E-10	T	26-06-2023	IPR035965	PAS domain superfamily
AOJE01000025.1_49	674d6d84a4aded63e0edf467a33de918	559	CDD	cd00082	HisKA	302	361	9.94076E-15	T	26-06-2023	IPR003661	Signal transduction histidine kinase, dimerisation/phosphoacceptor domain
AOJE01000025.1_49	674d6d84a4aded63e0edf467a33de918	559	MobiDBLite	mobidb-lite	consensus disorder prediction	8	33	-	T	26-06-2023	-	-
AOJE01000025.1_49	674d6d84a4aded63e0edf467a33de918	559	CDD	cd00130	PAS	188	288	1.39853E-13	T	26-06-2023	IPR000014	PAS domain
AOJE01000025.1_49	674d6d84a4aded63e0edf467a33de918	559	MobiDBLite	mobidb-lite	consensus disorder prediction	1	68	-	T	26-06-2023	-	-
AOJE01000025.1_49	674d6d84a4aded63e0edf467a33de918	559	ProSiteProfiles	PS50109	Histidine kinase domain profile.	311	548	28.152493	T	26-06-2023	IPR005467	Histidine kinase domain
AOJE01000025.1_49	674d6d84a4aded63e0edf467a33de918	559	Pfam	PF00512	His Kinase A (phospho-acceptor) domain	305	365	3.0E-12	T	26-06-2023	IPR003661	Signal transduction histidine kinase, dimerisation/phosphoacceptor domain
AOJE01000025.1_49	674d6d84a4aded63e0edf467a33de918	559	Gene3D	G3DSA:3.30.450.20	PAS domain	71	166	2.2E-13	T	26-06-2023	-	-
AOJE01000025.1_49	674d6d84a4aded63e0edf467a33de918	559	Gene3D	G3DSA:3.30.450.20	PAS domain	180	287	8.2E-25	T	26-06-2023	-	-
AOJE01000025.1_49	674d6d84a4aded63e0edf467a33de918	559	Pfam	PF08447	PAS fold	203	272	9.6E-17	T	26-06-2023	IPR013655	PAS fold-3
AOJE01000025.1_49	674d6d84a4aded63e0edf467a33de918	559	Pfam	PF08447	PAS fold	86	149	1.2E-8	T	26-06-2023	IPR013655	PAS fold-3
AOJE01000025.1_49	674d6d84a4aded63e0edf467a33de918	559	SMART	SM00388	HisKA_10	304	365	8.9E-15	T	26-06-2023	IPR003661	Signal transduction histidine kinase, dimerisation/phosphoacceptor domain
AOJE01000025.1_49	674d6d84a4aded63e0edf467a33de918	559	CDD	cd00130	PAS	75	151	2.99144E-8	T	26-06-2023	IPR000014	PAS domain
AOJE01000025.1_49	674d6d84a4aded63e0edf467a33de918	559	Gene3D	G3DSA:1.10.287.130	-	292	363	3.7E-14	T	26-06-2023	-	-
AOJE01000025.1_49	674d6d84a4aded63e0edf467a33de918	559	ProSiteProfiles	PS50112	PAS repeat profile.	175	245	18.923666	T	26-06-2023	IPR000014	PAS domain
AOJE01000025.1_49	674d6d84a4aded63e0edf467a33de918	559	SMART	SM00086	pac_2	132	167	450.0	T	26-06-2023	IPR001610	PAC motif
AOJE01000025.1_49	674d6d84a4aded63e0edf467a33de918	559	SMART	SM00086	pac_2	250	291	0.0011	T	26-06-2023	IPR001610	PAC motif
AOJE01000025.1_49	674d6d84a4aded63e0edf467a33de918	559	PRINTS	PR00344	Bacterial sensor protein C-terminal signature	468	482	1.7E-7	T	26-06-2023	IPR004358	Signal transduction histidine kinase-related protein, C-terminal
AOJE01000025.1_49	674d6d84a4aded63e0edf467a33de918	559	PRINTS	PR00344	Bacterial sensor protein C-terminal signature	486	496	1.7E-7	T	26-06-2023	IPR004358	Signal transduction histidine kinase-related protein, C-terminal
AOJE01000025.1_49	674d6d84a4aded63e0edf467a33de918	559	PRINTS	PR00344	Bacterial sensor protein C-terminal signature	497	515	1.7E-7	T	26-06-2023	IPR004358	Signal transduction histidine kinase-related protein, C-terminal
AOJE01000025.1_49	674d6d84a4aded63e0edf467a33de918	559	MobiDBLite	mobidb-lite	consensus disorder prediction	431	454	-	T	26-06-2023	-	-
AOJE01000025.1_49	674d6d84a4aded63e0edf467a33de918	559	PANTHER	PTHR43711	TWO-COMPONENT HISTIDINE KINASE	282	549	3.6E-41	T	26-06-2023	-	-
AOJE01000025.1_49	674d6d84a4aded63e0edf467a33de918	559	SUPERFAMILY	SSF55785	PYP-like sensor domain (PAS domain)	183	292	5.63E-22	T	26-06-2023	IPR035965	PAS domain superfamily
AOJE01000025.1_49	674d6d84a4aded63e0edf467a33de918	559	SUPERFAMILY	SSF47384	Homodimeric domain of signal transducing histidine kinase	295	365	1.1E-13	T	26-06-2023	IPR036097	Signal transduction histidine kinase, dimerisation/phosphoacceptor domain superfamily
AOJE01000025.1_49	674d6d84a4aded63e0edf467a33de918	559	NCBIfam	TIGR00229	PAS domain S-box protein	177	298	5.5E-21	T	26-06-2023	IPR000014	PAS domain
AOJE01000025.1_49	674d6d84a4aded63e0edf467a33de918	559	SMART	SM00387	HKATPase_4	402	548	4.5E-23	T	26-06-2023	IPR003594	Histidine kinase/HSP90-like ATPase
AOJE01000025.1_49	674d6d84a4aded63e0edf467a33de918	559	SUPERFAMILY	SSF55874	ATPase domain of HSP90 chaperone/DNA topoisomerase II/histidine kinase	389	520	8.25E-21	T	26-06-2023	IPR036890	Histidine kinase/HSP90-like ATPase superfamily
AOJE01000025.1_49	674d6d84a4aded63e0edf467a33de918	559	MobiDBLite	mobidb-lite	consensus disorder prediction	417	457	-	T	26-06-2023	-	-
AOJE01000025.1_49	674d6d84a4aded63e0edf467a33de918	559	Pfam	PF02518	Histidine kinase-, DNA gyrase B-, and HSP90-like ATPase	402	524	7.0E-12	T	26-06-2023	IPR003594	Histidine kinase/HSP90-like ATPase
AOJE01000025.1_49	674d6d84a4aded63e0edf467a33de918	559	SMART	SM00091	pas_2	177	243	3.1E-10	T	26-06-2023	IPR000014	PAS domain
AOJE01000025.1_49	674d6d84a4aded63e0edf467a33de918	559	SMART	SM00091	pas_2	61	129	0.0058	T	26-06-2023	IPR000014	PAS domain
AOJE01000025.1_49	674d6d84a4aded63e0edf467a33de918	559	ProSiteProfiles	PS50112	PAS repeat profile.	58	131	11.423233	T	26-06-2023	IPR000014	PAS domain
AOJE01000025.1_49	674d6d84a4aded63e0edf467a33de918	559	Gene3D	G3DSA:3.30.565.10	-	370	551	7.5E-26	T	26-06-2023	IPR036890	Histidine kinase/HSP90-like ATPase superfamily
AOJE01000025.1_49	674d6d84a4aded63e0edf467a33de918	559	ProSiteProfiles	PS50113	PAC domain profile.	249	300	9.603955	T	26-06-2023	IPR000700	PAS-associated, C-terminal
AOJE01000025.1_57	92524f799e112c427a81dd4b23581503	103	MobiDBLite	mobidb-lite	consensus disorder prediction	43	61	-	T	26-06-2023	-	-
AOJE01000025.1_57	92524f799e112c427a81dd4b23581503	103	MobiDBLite	mobidb-lite	consensus disorder prediction	37	70	-	T	26-06-2023	-	-
AOJE01000025.1_7	e744598e321dedfb4464fdf8ed9c5bdd	174	Pfam	PF13551	Winged helix-turn helix	27	89	1.4E-11	T	26-06-2023	-	-
AOJE01000025.1_7	e744598e321dedfb4464fdf8ed9c5bdd	174	MobiDBLite	mobidb-lite	consensus disorder prediction	71	87	-	T	26-06-2023	-	-
AOJE01000025.1_7	e744598e321dedfb4464fdf8ed9c5bdd	174	MobiDBLite	mobidb-lite	consensus disorder prediction	142	174	-	T	26-06-2023	-	-
AOJE01000025.1_7	e744598e321dedfb4464fdf8ed9c5bdd	174	Pfam	PF13592	Winged helix-turn helix	108	163	2.2E-16	T	26-06-2023	IPR025959	Winged helix-turn helix domain
AOJE01000025.1_7	e744598e321dedfb4464fdf8ed9c5bdd	174	Gene3D	G3DSA:1.10.10.10	-	1	103	1.6E-5	T	26-06-2023	IPR036388	Winged helix-like DNA-binding domain superfamily
AOJE01000025.1_7	e744598e321dedfb4464fdf8ed9c5bdd	174	NCBIfam	NF033545	IS630 family transposase	27	164	2.7E-32	T	26-06-2023	IPR047655	Transposase IS630-like
AOJE01000025.1_7	e744598e321dedfb4464fdf8ed9c5bdd	174	MobiDBLite	mobidb-lite	consensus disorder prediction	71	105	-	T	26-06-2023	-	-
AOJE01000025.1_7	e744598e321dedfb4464fdf8ed9c5bdd	174	SUPERFAMILY	SSF46689	Homeodomain-like	24	139	4.12E-14	T	26-06-2023	IPR009057	Homeobox-like domain superfamily
AOJE01000025.1_68	765cff66cc4b6ef5f51689fc794481c0	281	ProSiteProfiles	PS51318	Twin arginine translocation (Tat) signal profile.	1	50	7.688302	T	26-06-2023	IPR006311	Twin-arginine translocation pathway, signal sequence
AOJE01000025.1_38	ffcde550226a4b937890d4569f3d198a	339	Coils	Coil	Coil	260	287	-	T	26-06-2023	-	-
AOJE01000025.1_38	ffcde550226a4b937890d4569f3d198a	339	MobiDBLite	mobidb-lite	consensus disorder prediction	320	334	-	T	26-06-2023	-	-
AOJE01000025.1_38	ffcde550226a4b937890d4569f3d198a	339	Coils	Coil	Coil	289	309	-	T	26-06-2023	-	-
AOJE01000025.1_38	ffcde550226a4b937890d4569f3d198a	339	MobiDBLite	mobidb-lite	consensus disorder prediction	35	57	-	T	26-06-2023	-	-
AOJE01000025.1_38	ffcde550226a4b937890d4569f3d198a	339	MobiDBLite	mobidb-lite	consensus disorder prediction	314	339	-	T	26-06-2023	-	-
AOJE01000025.1_24	2e26b9b540b3caee1507c9abfcd86b4e	187	MobiDBLite	mobidb-lite	consensus disorder prediction	163	187	-	T	26-06-2023	-	-
AOJE01000025.1_24	2e26b9b540b3caee1507c9abfcd86b4e	187	MobiDBLite	mobidb-lite	consensus disorder prediction	155	187	-	T	26-06-2023	-	-
AOJE01000025.1_58	313d2f23dcf0ab03ceaf460eda954f73	373	Gene3D	G3DSA:3.90.1150.10	Aspartate Aminotransferase, domain 1	19	370	2.7E-102	T	26-06-2023	IPR015422	Pyridoxal phosphate-dependent transferase, small domain
AOJE01000025.1_58	313d2f23dcf0ab03ceaf460eda954f73	373	Pfam	PF00266	Aminotransferase class-V	39	289	3.1E-24	T	26-06-2023	IPR000192	Aminotransferase class V domain
AOJE01000025.1_58	313d2f23dcf0ab03ceaf460eda954f73	373	SUPERFAMILY	SSF53383	PLP-dependent transferases	18	371	1.53E-83	T	26-06-2023	IPR015424	Pyridoxal phosphate-dependent transferase
AOJE01000025.1_58	313d2f23dcf0ab03ceaf460eda954f73	373	ProSitePatterns	PS00595	Aminotransferases class-V pyridoxal-phosphate attachment site.	194	214	-	T	26-06-2023	IPR020578	Aminotransferase class-V, pyridoxal-phosphate binding site
AOJE01000025.1_58	313d2f23dcf0ab03ceaf460eda954f73	373	PIRSF	PIRSF000524	SPT	11	373	1.0E-87	T	26-06-2023	IPR024169	Serine-pyruvate aminotransferase/2-aminoethylphosphonate-pyruvate transaminase
AOJE01000025.1_58	313d2f23dcf0ab03ceaf460eda954f73	373	Gene3D	G3DSA:3.40.640.10	-	28	272	2.7E-102	T	26-06-2023	IPR015421	Pyridoxal phosphate-dependent transferase, major domain
AOJE01000025.1_58	313d2f23dcf0ab03ceaf460eda954f73	373	PANTHER	PTHR21152	AMINOTRANSFERASE CLASS V	14	370	2.7E-64	T	26-06-2023	-	-
AOJE01000025.1_58	313d2f23dcf0ab03ceaf460eda954f73	373	Coils	Coil	Coil	360	373	-	T	26-06-2023	-	-
AOJE01000025.1_6	9f99067d476899042fb18db55cc2e4a2	402	SUPERFAMILY	SSF53383	PLP-dependent transferases	28	367	1.79E-28	T	26-06-2023	IPR015424	Pyridoxal phosphate-dependent transferase
AOJE01000025.1_6	9f99067d476899042fb18db55cc2e4a2	402	PANTHER	PTHR32328	L-SERYL-TRNA(SEC) SELENIUM TRANSFERASE	270	397	3.6E-34	T	26-06-2023	-	-
AOJE01000025.1_6	9f99067d476899042fb18db55cc2e4a2	402	Gene3D	G3DSA:3.40.640.10	-	25	306	1.8E-63	T	26-06-2023	IPR015421	Pyridoxal phosphate-dependent transferase, major domain
AOJE01000025.1_6	9f99067d476899042fb18db55cc2e4a2	402	Pfam	PF03841	L-seryl-tRNA selenium transferase	16	244	7.5E-6	T	26-06-2023	IPR018319	L-seryl-tRNA selenium transferase-like
AOJE01000025.1_61	fb38273155b242d44ab51432a49d4926	235	Gene3D	G3DSA:3.40.50.720	-	1	135	7.1E-37	T	26-06-2023	-	-
AOJE01000025.1_61	fb38273155b242d44ab51432a49d4926	235	Pfam	PF02254	TrkA-N domain	3	117	2.9E-25	T	26-06-2023	IPR003148	Regulator of K+ conductance, N-terminal
AOJE01000025.1_61	fb38273155b242d44ab51432a49d4926	235	SUPERFAMILY	SSF116726	TrkA C-terminal domain-like	131	221	1.44E-11	T	26-06-2023	IPR036721	Regulator of K+ conductance, C-terminal domain superfamily
AOJE01000025.1_61	fb38273155b242d44ab51432a49d4926	235	PRINTS	PR00335	TrkA potassium uptake protein signature	2	16	9.7E-8	T	26-06-2023	IPR006036	Potassium uptake protein TrkA
AOJE01000025.1_61	fb38273155b242d44ab51432a49d4926	235	PRINTS	PR00335	TrkA potassium uptake protein signature	19	33	9.7E-8	T	26-06-2023	IPR006036	Potassium uptake protein TrkA
AOJE01000025.1_61	fb38273155b242d44ab51432a49d4926	235	PRINTS	PR00335	TrkA potassium uptake protein signature	60	70	9.7E-8	T	26-06-2023	IPR006036	Potassium uptake protein TrkA
AOJE01000025.1_61	fb38273155b242d44ab51432a49d4926	235	PRINTS	PR00335	TrkA potassium uptake protein signature	73	87	9.7E-8	T	26-06-2023	IPR006036	Potassium uptake protein TrkA
AOJE01000025.1_61	fb38273155b242d44ab51432a49d4926	235	ProSiteProfiles	PS51202	RCK C-terminal domain profile.	133	222	11.331785	T	26-06-2023	IPR006037	Regulator of K+ conductance, C-terminal
AOJE01000025.1_61	fb38273155b242d44ab51432a49d4926	235	SUPERFAMILY	SSF51735	NAD(P)-binding Rossmann-fold domains	1	142	4.98E-34	T	26-06-2023	IPR036291	NAD(P)-binding domain superfamily
AOJE01000025.1_61	fb38273155b242d44ab51432a49d4926	235	Gene3D	G3DSA:3.30.70.1450	-	136	220	2.6E-13	T	26-06-2023	IPR036721	Regulator of K+ conductance, C-terminal domain superfamily
AOJE01000025.1_61	fb38273155b242d44ab51432a49d4926	235	ProSiteProfiles	PS51201	RCK N-terminal domain profile.	2	124	15.150989	T	26-06-2023	IPR003148	Regulator of K+ conductance, N-terminal
AOJE01000025.1_61	fb38273155b242d44ab51432a49d4926	235	PANTHER	PTHR43833	POTASSIUM CHANNEL PROTEIN 2-RELATED-RELATED	2	220	1.2E-40	T	26-06-2023	-	-
AOJE01000025.1_61	fb38273155b242d44ab51432a49d4926	235	Pfam	PF02080	TrkA-C domain	147	221	2.1E-12	T	26-06-2023	IPR006037	Regulator of K+ conductance, C-terminal
AOJE01000025.1_18	5757c473ae65cca964a5c6033ea1b7ce	158	MobiDBLite	mobidb-lite	consensus disorder prediction	1	24	-	T	26-06-2023	-	-
AOJE01000025.1_70	f03e47f47fe9e706e52ae475c405014a	265	MobiDBLite	mobidb-lite	consensus disorder prediction	1	33	-	T	26-06-2023	-	-
AOJE01000025.1_70	f03e47f47fe9e706e52ae475c405014a	265	SUPERFAMILY	SSF52402	Adenine nucleotide alpha hydrolases-like	136	259	2.43E-6	T	26-06-2023	-	-
AOJE01000025.1_70	f03e47f47fe9e706e52ae475c405014a	265	Gene3D	G3DSA:3.40.50.12370	-	109	259	1.6E-10	T	26-06-2023	-	-
AOJE01000025.1_50	87ffaab7e462f2f8f3f57638a4816cdf	157	Gene3D	G3DSA:3.40.630.30	-	6	154	1.6E-39	T	26-06-2023	-	-
AOJE01000025.1_50	87ffaab7e462f2f8f3f57638a4816cdf	157	SUPERFAMILY	SSF55729	Acyl-CoA N-acyltransferases (Nat)	3	150	1.99E-34	T	26-06-2023	IPR016181	Acyl-CoA N-acyltransferase
AOJE01000025.1_50	87ffaab7e462f2f8f3f57638a4816cdf	157	PANTHER	PTHR43877	-	1	135	2.3E-18	T	26-06-2023	-	-
AOJE01000025.1_50	87ffaab7e462f2f8f3f57638a4816cdf	157	ProSiteProfiles	PS51186	Gcn5-related N-acetyltransferase (GNAT) domain profile.	6	151	25.11939	T	26-06-2023	IPR000182	GNAT domain
AOJE01000025.1_50	87ffaab7e462f2f8f3f57638a4816cdf	157	CDD	cd04301	NAT_SF	45	110	2.12025E-11	T	26-06-2023	-	-
AOJE01000025.1_50	87ffaab7e462f2f8f3f57638a4816cdf	157	Pfam	PF00583	Acetyltransferase (GNAT) family	17	127	3.8E-17	T	26-06-2023	IPR000182	GNAT domain
AOJE01000025.1_50	87ffaab7e462f2f8f3f57638a4816cdf	157	NCBIfam	TIGR01575	ribosomal protein S18-alanine N-acetyltransferase	16	145	2.5E-30	T	26-06-2023	IPR006464	N-acetyltransferase RimI/Ard1
AOJE01000025.1_46	dca19c468a81ee6f6ed0441582f3472d	480	Coils	Coil	Coil	50	89	-	T	26-06-2023	-	-
AOJE01000025.1_46	dca19c468a81ee6f6ed0441582f3472d	480	Coils	Coil	Coil	306	326	-	T	26-06-2023	-	-
AOJE01000025.1_46	dca19c468a81ee6f6ed0441582f3472d	480	Coils	Coil	Coil	228	248	-	T	26-06-2023	-	-
AOJE01000025.1_45	57354f409e14be107889dff7ef246ac5	286	MobiDBLite	mobidb-lite	consensus disorder prediction	198	224	-	T	26-06-2023	-	-
AOJE01000025.1_45	57354f409e14be107889dff7ef246ac5	286	MobiDBLite	mobidb-lite	consensus disorder prediction	1	26	-	T	26-06-2023	-	-
AOJE01000025.1_45	57354f409e14be107889dff7ef246ac5	286	MobiDBLite	mobidb-lite	consensus disorder prediction	121	155	-	T	26-06-2023	-	-
AOJE01000025.1_45	57354f409e14be107889dff7ef246ac5	286	MobiDBLite	mobidb-lite	consensus disorder prediction	9	23	-	T	26-06-2023	-	-
AOJE01000025.1_54	190d4837b70bc27efc16eaa24b2284f2	825	SUPERFAMILY	SSF82866	Multidrug efflux transporter AcrB transmembrane domain	654	810	4.71E-23	T	26-06-2023	-	-
AOJE01000025.1_54	190d4837b70bc27efc16eaa24b2284f2	825	SUPERFAMILY	SSF82866	Multidrug efflux transporter AcrB transmembrane domain	191	384	7.98E-32	T	26-06-2023	-	-
AOJE01000025.1_54	190d4837b70bc27efc16eaa24b2284f2	825	ProSiteProfiles	PS50156	Sterol-sensing domain (SSD) profile.	673	806	12.153115	T	26-06-2023	IPR000731	Sterol-sensing domain
AOJE01000025.1_54	190d4837b70bc27efc16eaa24b2284f2	825	Pfam	PF03176	MMPL family	61	383	4.5E-21	T	26-06-2023	IPR004869	Membrane transport protein MMPL domain
AOJE01000025.1_54	190d4837b70bc27efc16eaa24b2284f2	825	Pfam	PF03176	MMPL family	591	806	1.3E-10	T	26-06-2023	IPR004869	Membrane transport protein MMPL domain
AOJE01000025.1_54	190d4837b70bc27efc16eaa24b2284f2	825	Gene3D	G3DSA:1.20.1640.10	Multidrug efflux transporter AcrB transmembrane domain	198	390	2.1E-29	T	26-06-2023	-	-
AOJE01000025.1_54	190d4837b70bc27efc16eaa24b2284f2	825	PANTHER	PTHR33406	MEMBRANE PROTEIN MJ1562-RELATED	16	804	1.7E-36	T	26-06-2023	-	-
AOJE01000025.1_54	190d4837b70bc27efc16eaa24b2284f2	825	ProSiteProfiles	PS50156	Sterol-sensing domain (SSD) profile.	264	383	14.057378	T	26-06-2023	IPR000731	Sterol-sensing domain
AOJE01000025.1_54	190d4837b70bc27efc16eaa24b2284f2	825	Gene3D	G3DSA:1.20.1640.10	Multidrug efflux transporter AcrB transmembrane domain	615	812	5.2E-22	T	26-06-2023	-	-
AOJE01000025.1_11	fbbb1be8b0e965fd613b1cbc384fbe39	335	Pfam	PF00589	Phage integrase family	116	301	5.5E-8	T	26-06-2023	IPR002104	Integrase, catalytic domain
AOJE01000025.1_11	fbbb1be8b0e965fd613b1cbc384fbe39	335	Gene3D	G3DSA:1.10.150.130	-	1	112	4.4E-28	T	26-06-2023	IPR010998	Integrase/recombinase, N-terminal
AOJE01000025.1_11	fbbb1be8b0e965fd613b1cbc384fbe39	335	ProSiteProfiles	PS51898	Tyrosine recombinase domain profile.	112	332	14.983754	T	26-06-2023	IPR002104	Integrase, catalytic domain
AOJE01000025.1_11	fbbb1be8b0e965fd613b1cbc384fbe39	335	CDD	cd00397	DNA_BRE_C	121	302	7.80051E-12	T	26-06-2023	-	-
AOJE01000025.1_11	fbbb1be8b0e965fd613b1cbc384fbe39	335	SUPERFAMILY	SSF56349	DNA breaking-rejoining enzymes	6	302	9.42E-26	T	26-06-2023	IPR011010	DNA breaking-rejoining enzyme, catalytic core
AOJE01000025.1_11	fbbb1be8b0e965fd613b1cbc384fbe39	335	Gene3D	G3DSA:1.10.443.10	Intergrase catalytic core	113	330	6.0E-20	T	26-06-2023	IPR013762	Integrase-like, catalytic domain superfamily
AOJE01000025.1_11	fbbb1be8b0e965fd613b1cbc384fbe39	335	ProSiteProfiles	PS51900	Core-binding (CB) domain profile.	1	88	12.027468	T	26-06-2023	IPR044068	Core-binding (CB) domain
AOJE01000025.1_11	fbbb1be8b0e965fd613b1cbc384fbe39	335	Pfam	PF13495	Phage integrase, N-terminal SAM-like domain	15	89	1.6E-6	T	26-06-2023	IPR004107	Integrase, SAM-like, N-terminal
AOJE01000025.1_9	33f4450ed006520048ea429232c2ebf2	162	Gene3D	G3DSA:1.20.120.1870	Fic/DOC protein, Fido domain	5	139	3.7E-24	T	26-06-2023	-	-
AOJE01000025.1_9	33f4450ed006520048ea429232c2ebf2	162	Pfam	PF02661	Fic/DOC family	9	87	2.6E-7	T	26-06-2023	IPR003812	Fido domain
AOJE01000025.1_9	33f4450ed006520048ea429232c2ebf2	162	SUPERFAMILY	SSF140931	Fic-like	8	97	3.27E-6	T	26-06-2023	IPR036597	Fido-like domain superfamily
AOJE01000025.1_9	33f4450ed006520048ea429232c2ebf2	162	ProSiteProfiles	PS51459	Fido domain profile.	8	127	13.411514	T	26-06-2023	IPR003812	Fido domain
AOJE01000025.1_9	33f4450ed006520048ea429232c2ebf2	162	PANTHER	PTHR39426	HOMOLOGY TO DEATH-ON-CURING PROTEIN OF PHAGE P1	4	133	2.5E-13	T	26-06-2023	IPR006440	Death on curing protein
AOJE01000025.1_9	33f4450ed006520048ea429232c2ebf2	162	NCBIfam	TIGR01550	type II toxin-antitoxin system death-on-curing family toxin	9	126	8.1E-17	T	26-06-2023	IPR006440	Death on curing protein
AOJE01000025.1_56	c601d189ee43d871784c061d09cd5cd6	99	Pfam	PF04242	Protein of unknown function (DUF424)	7	99	2.2E-26	T	26-06-2023	IPR007355	Protein of unknown function DUF424
AOJE01000025.1_56	c601d189ee43d871784c061d09cd5cd6	99	Gene3D	G3DSA:3.30.1860.10	uncharacterized conserved protein from methanopyrus kandleri domain like	1	98	8.9E-24	T	26-06-2023	-	-
AOJE01000025.1_65	c5a3c690f0473aac5f351be68e6a418b	387	Gene3D	G3DSA:2.40.50.100	-	292	386	9.3E-9	T	26-06-2023	-	-
AOJE01000025.1_65	c5a3c690f0473aac5f351be68e6a418b	387	ProSiteProfiles	PS50893	ATP-binding cassette, ABC transporter-type domain profile.	23	254	30.859076	T	26-06-2023	IPR003439	ABC transporter-like, ATP-binding domain
AOJE01000025.1_65	c5a3c690f0473aac5f351be68e6a418b	387	ProSitePatterns	PS00211	ABC transporters family signature.	154	168	-	T	26-06-2023	IPR017871	ABC transporter-like, conserved site
AOJE01000025.1_65	c5a3c690f0473aac5f351be68e6a418b	387	FunFam	G3DSA:3.40.50.300:FF:000425	Probable ABC transporter, ATP-binding subunit	21	258	5.5E-91	T	26-06-2023	-	-
AOJE01000025.1_65	c5a3c690f0473aac5f351be68e6a418b	387	Gene3D	G3DSA:3.40.50.300	-	22	270	2.5E-73	T	26-06-2023	IPR027417	P-loop containing nucleoside triphosphate hydrolase
AOJE01000025.1_65	c5a3c690f0473aac5f351be68e6a418b	387	Pfam	PF08402	TOBE domain	318	381	2.5E-10	T	26-06-2023	IPR013611	Transport-associated OB, type 2
AOJE01000025.1_65	c5a3c690f0473aac5f351be68e6a418b	387	SUPERFAMILY	SSF52540	P-loop containing nucleoside triphosphate hydrolases	23	263	9.58E-83	T	26-06-2023	IPR027417	P-loop containing nucleoside triphosphate hydrolase
AOJE01000025.1_65	c5a3c690f0473aac5f351be68e6a418b	387	Gene3D	G3DSA:2.40.50.140	-	324	374	9.3E-9	T	26-06-2023	IPR012340	Nucleic acid-binding, OB-fold
AOJE01000025.1_65	c5a3c690f0473aac5f351be68e6a418b	387	Pfam	PF00005	ABC transporter	39	181	4.9E-34	T	26-06-2023	IPR003439	ABC transporter-like, ATP-binding domain
AOJE01000025.1_65	c5a3c690f0473aac5f351be68e6a418b	387	SUPERFAMILY	SSF50331	MOP-like	285	386	2.02E-13	T	26-06-2023	IPR008995	Molybdate/tungstate binding, C-terminal
AOJE01000025.1_65	c5a3c690f0473aac5f351be68e6a418b	387	PANTHER	PTHR42781	SPERMIDINE/PUTRESCINE IMPORT ATP-BINDING PROTEIN POTA	22	380	2.1E-102	T	26-06-2023	-	-
AOJE01000025.1_65	c5a3c690f0473aac5f351be68e6a418b	387	SMART	SM00382	AAA_5	47	231	8.9E-21	T	26-06-2023	IPR003593	AAA+ ATPase domain
AOJE01000025.1_65	c5a3c690f0473aac5f351be68e6a418b	387	MobiDBLite	mobidb-lite	consensus disorder prediction	1	25	-	T	26-06-2023	-	-
AOJE01000025.1_59	5dd8f4ce84026a32b2f0e8d369961125	794	Gene3D	G3DSA:3.40.50.12370	-	482	736	7.6E-33	T	26-06-2023	-	-
AOJE01000025.1_59	5dd8f4ce84026a32b2f0e8d369961125	794	SUPERFAMILY	SSF52402	Adenine nucleotide alpha hydrolases-like	621	735	1.51E-15	T	26-06-2023	-	-
AOJE01000025.1_59	5dd8f4ce84026a32b2f0e8d369961125	794	MobiDBLite	mobidb-lite	consensus disorder prediction	750	794	-	T	26-06-2023	-	-
AOJE01000025.1_59	5dd8f4ce84026a32b2f0e8d369961125	794	SUPERFAMILY	SSF52402	Adenine nucleotide alpha hydrolases-like	482	616	1.17E-13	T	26-06-2023	-	-
AOJE01000025.1_59	5dd8f4ce84026a32b2f0e8d369961125	794	Gene3D	G3DSA:1.20.1740.10	Amino acid/polyamine transporter I	7	452	3.5E-95	T	26-06-2023	-	-
AOJE01000025.1_59	5dd8f4ce84026a32b2f0e8d369961125	794	CDD	cd00293	USP_Like	623	736	9.66748E-11	T	26-06-2023	-	-
AOJE01000025.1_59	5dd8f4ce84026a32b2f0e8d369961125	794	Pfam	PF00582	Universal stress protein family	482	602	2.4E-9	T	26-06-2023	IPR006016	UspA
AOJE01000025.1_59	5dd8f4ce84026a32b2f0e8d369961125	794	Pfam	PF00582	Universal stress protein family	623	735	7.5E-7	T	26-06-2023	IPR006016	UspA
AOJE01000025.1_59	5dd8f4ce84026a32b2f0e8d369961125	794	Pfam	PF13520	Amino acid permease	11	417	3.3E-45	T	26-06-2023	IPR002293	Amino acid/polyamine transporter I
AOJE01000025.1_59	5dd8f4ce84026a32b2f0e8d369961125	794	PANTHER	PTHR42770	AMINO ACID TRANSPORTER-RELATED	5	445	1.1E-69	T	26-06-2023	-	-
AOJE01000025.1_74	c990b0fe954f74ed563432c9a0788070	190	Gene3D	G3DSA:3.30.2380.10	CGI121/TPRKB	16	162	1.0E-21	T	26-06-2023	IPR036504	CGI121/TPRKB superfamily
AOJE01000025.1_74	c990b0fe954f74ed563432c9a0788070	190	Pfam	PF08617	Kinase binding protein CGI-121	43	185	6.1E-10	T	26-06-2023	IPR013926	CGI121/TPRKB
AOJE01000025.1_74	c990b0fe954f74ed563432c9a0788070	190	SUPERFAMILY	SSF143870	PF0523-like	12	165	4.84E-23	T	26-06-2023	IPR036504	CGI121/TPRKB superfamily
AOJE01000025.1_74	c990b0fe954f74ed563432c9a0788070	190	PIRSF	PIRSF022062	UCP022062	10	190	4.7E-32	T	26-06-2023	IPR016799	Uncharacterised conserved protein UCP022062
AOJE01000025.1_20	53b53e967d9e5ca5fcff1bfb80ac0bc0	346	Pfam	PF14022	Protein of unknown function (DUF4238)	3	246	1.9E-19	T	26-06-2023	IPR025332	Protein of unknown function DUF4238
AOJE01000025.1_71	728a2b6ea2c7a41e0808563cbfb62081	471	Pfam	PF13520	Amino acid permease	38	443	4.8E-40	T	26-06-2023	IPR002293	Amino acid/polyamine transporter I
AOJE01000025.1_71	728a2b6ea2c7a41e0808563cbfb62081	471	Gene3D	G3DSA:1.20.1740.10	Amino acid/polyamine transporter I	34	468	6.1E-84	T	26-06-2023	-	-
AOJE01000025.1_71	728a2b6ea2c7a41e0808563cbfb62081	471	PANTHER	PTHR42770	AMINO ACID TRANSPORTER-RELATED	32	461	2.1E-60	T	26-06-2023	-	-
AOJE01000025.1_71	728a2b6ea2c7a41e0808563cbfb62081	471	PIRSF	PIRSF006060	AA_transporter	17	470	8.6E-75	T	26-06-2023	-	-
AOJE01000025.1_66	c08b0ca4e194c6a33d9755f1ae067f21	634	Pfam	PF00528	Binding-protein-dependent transport system inner membrane component	151	337	3.2E-17	T	26-06-2023	IPR000515	ABC transporter type 1, transmembrane domain MetI-like
AOJE01000025.1_66	c08b0ca4e194c6a33d9755f1ae067f21	634	Pfam	PF00528	Binding-protein-dependent transport system inner membrane component	445	621	3.9E-15	T	26-06-2023	IPR000515	ABC transporter type 1, transmembrane domain MetI-like
AOJE01000025.1_66	c08b0ca4e194c6a33d9755f1ae067f21	634	Gene3D	G3DSA:1.10.3720.10	-	367	626	4.6E-44	T	26-06-2023	IPR035906	MetI-like superfamily
AOJE01000025.1_66	c08b0ca4e194c6a33d9755f1ae067f21	634	SUPERFAMILY	SSF161098	MetI-like	367	628	1.23E-48	T	26-06-2023	IPR035906	MetI-like superfamily
AOJE01000025.1_66	c08b0ca4e194c6a33d9755f1ae067f21	634	ProSiteProfiles	PS50928	ABC transporter integral membrane type-1 domain profile.	430	624	26.869905	T	26-06-2023	IPR000515	ABC transporter type 1, transmembrane domain MetI-like
AOJE01000025.1_66	c08b0ca4e194c6a33d9755f1ae067f21	634	CDD	cd06261	TM_PBP2	136	333	3.45142E-18	T	26-06-2023	IPR000515	ABC transporter type 1, transmembrane domain MetI-like
AOJE01000025.1_66	c08b0ca4e194c6a33d9755f1ae067f21	634	Gene3D	G3DSA:1.10.3720.10	-	53	348	3.6E-49	T	26-06-2023	IPR035906	MetI-like superfamily
AOJE01000025.1_66	c08b0ca4e194c6a33d9755f1ae067f21	634	MobiDBLite	mobidb-lite	consensus disorder prediction	1	17	-	T	26-06-2023	-	-
AOJE01000025.1_66	c08b0ca4e194c6a33d9755f1ae067f21	634	CDD	cd06261	TM_PBP2	430	621	4.86224E-12	T	26-06-2023	IPR000515	ABC transporter type 1, transmembrane domain MetI-like
AOJE01000025.1_66	c08b0ca4e194c6a33d9755f1ae067f21	634	PANTHER	PTHR43357	INNER MEMBRANE ABC TRANSPORTER PERMEASE PROTEIN YDCV	73	632	6.9E-117	T	26-06-2023	-	-
AOJE01000025.1_66	c08b0ca4e194c6a33d9755f1ae067f21	634	MobiDBLite	mobidb-lite	consensus disorder prediction	1	44	-	T	26-06-2023	-	-
AOJE01000025.1_66	c08b0ca4e194c6a33d9755f1ae067f21	634	Coils	Coil	Coil	634	634	-	T	26-06-2023	-	-
AOJE01000025.1_66	c08b0ca4e194c6a33d9755f1ae067f21	634	SUPERFAMILY	SSF161098	MetI-like	52	344	4.19E-47	T	26-06-2023	IPR035906	MetI-like superfamily
AOJE01000025.1_66	c08b0ca4e194c6a33d9755f1ae067f21	634	ProSiteProfiles	PS50928	ABC transporter integral membrane type-1 domain profile.	133	336	28.80773	T	26-06-2023	IPR000515	ABC transporter type 1, transmembrane domain MetI-like
AOJE01000025.1_41	6fac438a0c45d63a3da6269164d324aa	789	Gene3D	G3DSA:3.40.50.300	-	373	570	4.9E-10	T	26-06-2023	IPR027417	P-loop containing nucleoside triphosphate hydrolase
AOJE01000025.1_41	6fac438a0c45d63a3da6269164d324aa	789	MobiDBLite	mobidb-lite	consensus disorder prediction	1	27	-	T	26-06-2023	-	-
AOJE01000025.1_41	6fac438a0c45d63a3da6269164d324aa	789	MobiDBLite	mobidb-lite	consensus disorder prediction	1	32	-	T	26-06-2023	-	-
AOJE01000025.1_41	6fac438a0c45d63a3da6269164d324aa	789	SUPERFAMILY	SSF52540	P-loop containing nucleoside triphosphate hydrolases	188	561	4.94E-7	T	26-06-2023	IPR027417	P-loop containing nucleoside triphosphate hydrolase
AOJE01000025.1_55	fabe7cec922fa3a6ef3da388d5c0cd76	303	PANTHER	PTHR44943	CELLULOSE SYNTHASE OPERON PROTEIN C	56	173	3.5E-19	T	26-06-2023	-	-
AOJE01000025.1_55	fabe7cec922fa3a6ef3da388d5c0cd76	303	Pfam	PF13424	Tetratricopeptide repeat	102	167	2.2E-8	T	26-06-2023	-	-
AOJE01000025.1_55	fabe7cec922fa3a6ef3da388d5c0cd76	303	Pfam	PF13432	Tetratricopeptide repeat	182	234	0.002	T	26-06-2023	-	-
AOJE01000025.1_55	fabe7cec922fa3a6ef3da388d5c0cd76	303	Coils	Coil	Coil	222	249	-	T	26-06-2023	-	-
AOJE01000025.1_55	fabe7cec922fa3a6ef3da388d5c0cd76	303	ProSiteProfiles	PS50005	TPR repeat profile.	101	134	11.328401	T	26-06-2023	IPR019734	Tetratricopeptide repeat
AOJE01000025.1_55	fabe7cec922fa3a6ef3da388d5c0cd76	303	ProSiteProfiles	PS50005	TPR repeat profile.	172	205	8.5554	T	26-06-2023	IPR019734	Tetratricopeptide repeat
AOJE01000025.1_55	fabe7cec922fa3a6ef3da388d5c0cd76	303	SMART	SM00028	tpr_5	138	171	0.24	T	26-06-2023	IPR019734	Tetratricopeptide repeat
AOJE01000025.1_55	fabe7cec922fa3a6ef3da388d5c0cd76	303	SMART	SM00028	tpr_5	172	205	0.3	T	26-06-2023	IPR019734	Tetratricopeptide repeat
AOJE01000025.1_55	fabe7cec922fa3a6ef3da388d5c0cd76	303	SMART	SM00028	tpr_5	101	134	9.9E-4	T	26-06-2023	IPR019734	Tetratricopeptide repeat
AOJE01000025.1_55	fabe7cec922fa3a6ef3da388d5c0cd76	303	SMART	SM00028	tpr_5	63	96	18.0	T	26-06-2023	IPR019734	Tetratricopeptide repeat
AOJE01000025.1_55	fabe7cec922fa3a6ef3da388d5c0cd76	303	SMART	SM00028	tpr_5	206	239	45.0	T	26-06-2023	IPR019734	Tetratricopeptide repeat
AOJE01000025.1_55	fabe7cec922fa3a6ef3da388d5c0cd76	303	MobiDBLite	mobidb-lite	consensus disorder prediction	282	303	-	T	26-06-2023	-	-
AOJE01000025.1_55	fabe7cec922fa3a6ef3da388d5c0cd76	303	MobiDBLite	mobidb-lite	consensus disorder prediction	1	17	-	T	26-06-2023	-	-
AOJE01000025.1_55	fabe7cec922fa3a6ef3da388d5c0cd76	303	MobiDBLite	mobidb-lite	consensus disorder prediction	1	22	-	T	26-06-2023	-	-
AOJE01000025.1_55	fabe7cec922fa3a6ef3da388d5c0cd76	303	ProSiteProfiles	PS50005	TPR repeat profile.	138	171	8.6439	T	26-06-2023	IPR019734	Tetratricopeptide repeat
AOJE01000025.1_55	fabe7cec922fa3a6ef3da388d5c0cd76	303	Gene3D	G3DSA:1.25.40.10	Tetratricopeptide repeat domain	139	250	8.6E-20	T	26-06-2023	IPR011990	Tetratricopeptide-like helical domain superfamily
AOJE01000025.1_55	fabe7cec922fa3a6ef3da388d5c0cd76	303	SUPERFAMILY	SSF48452	TPR-like	63	236	1.03E-29	T	26-06-2023	IPR011990	Tetratricopeptide-like helical domain superfamily
AOJE01000025.1_55	fabe7cec922fa3a6ef3da388d5c0cd76	303	ProSiteProfiles	PS50293	TPR repeat region circular profile.	101	133	8.654233	T	26-06-2023	-	-
AOJE01000025.1_55	fabe7cec922fa3a6ef3da388d5c0cd76	303	Gene3D	G3DSA:1.25.40.10	Tetratricopeptide repeat domain	62	138	1.8E-11	T	26-06-2023	IPR011990	Tetratricopeptide-like helical domain superfamily
AOJE01000025.1_55	fabe7cec922fa3a6ef3da388d5c0cd76	303	ProSiteProfiles	PS50005	TPR repeat profile.	63	96	8.8209	T	26-06-2023	IPR019734	Tetratricopeptide repeat
AOJE01000025.1_55	fabe7cec922fa3a6ef3da388d5c0cd76	303	MobiDBLite	mobidb-lite	consensus disorder prediction	217	303	-	T	26-06-2023	-	-
AOJE01000025.1_55	fabe7cec922fa3a6ef3da388d5c0cd76	303	MobiDBLite	mobidb-lite	consensus disorder prediction	217	244	-	T	26-06-2023	-	-
AOJE01000025.1_73	bc8d9ce25605dd3085af2fac329bb673	818	Gene3D	G3DSA:1.10.150.20	-	723	780	5.9E-14	T	26-06-2023	-	-
AOJE01000025.1_73	bc8d9ce25605dd3085af2fac329bb673	818	SMART	SM00490	helicmild6	304	392	1.2E-13	T	26-06-2023	IPR001650	Helicase, C-terminal
AOJE01000025.1_73	bc8d9ce25605dd3085af2fac329bb673	818	Hamap	MF_00442	ATP-dependent DNA helicase Hel308 [hel308].	10	780	30.76156	T	26-06-2023	IPR022965	ATP-dependent DNA helicase Hel308
AOJE01000025.1_73	bc8d9ce25605dd3085af2fac329bb673	818	Gene3D	G3DSA:1.10.3380.30	-	430	539	3.7E-27	T	26-06-2023	-	-
AOJE01000025.1_73	bc8d9ce25605dd3085af2fac329bb673	818	MobiDBLite	mobidb-lite	consensus disorder prediction	772	789	-	T	26-06-2023	-	-
AOJE01000025.1_73	bc8d9ce25605dd3085af2fac329bb673	818	CDD	cd18028	DEXHc_archSki2	24	200	9.15616E-92	T	26-06-2023	-	-
AOJE01000025.1_73	bc8d9ce25605dd3085af2fac329bb673	818	MobiDBLite	mobidb-lite	consensus disorder prediction	772	818	-	T	26-06-2023	-	-
AOJE01000025.1_73	bc8d9ce25605dd3085af2fac329bb673	818	CDD	cd18795	SF2_C_Ski2	202	403	2.58511E-52	T	26-06-2023	-	-
AOJE01000025.1_73	bc8d9ce25605dd3085af2fac329bb673	818	Gene3D	G3DSA:1.10.3380.30	-	578	721	3.4E-39	T	26-06-2023	-	-
AOJE01000025.1_73	bc8d9ce25605dd3085af2fac329bb673	818	Pfam	PF00271	Helicase conserved C-terminal domain	248	392	2.8E-5	T	26-06-2023	IPR001650	Helicase, C-terminal
AOJE01000025.1_73	bc8d9ce25605dd3085af2fac329bb673	818	PANTHER	PTHR47961	DNA POLYMERASE THETA, PUTATIVE (AFU_ORTHOLOGUE AFUA_1G05260)-RELATED	8	780	0.0	T	26-06-2023	-	-
AOJE01000025.1_73	bc8d9ce25605dd3085af2fac329bb673	818	ProSiteProfiles	PS51192	Superfamilies 1 and 2 helicase ATP-binding type-1 domain profile.	34	200	26.070398	T	26-06-2023	IPR014001	Helicase superfamily 1/2, ATP-binding domain
AOJE01000025.1_73	bc8d9ce25605dd3085af2fac329bb673	818	SMART	SM00487	ultradead3	21	207	5.0E-26	T	26-06-2023	IPR014001	Helicase superfamily 1/2, ATP-binding domain
AOJE01000025.1_73	bc8d9ce25605dd3085af2fac329bb673	818	SUPERFAMILY	SSF46785	"Winged helix" DNA-binding domain	423	514	7.62E-18	T	26-06-2023	IPR036390	Winged helix DNA-binding domain superfamily
AOJE01000025.1_73	bc8d9ce25605dd3085af2fac329bb673	818	MobiDBLite	mobidb-lite	consensus disorder prediction	536	592	-	T	26-06-2023	-	-
AOJE01000025.1_73	bc8d9ce25605dd3085af2fac329bb673	818	Gene3D	G3DSA:3.40.50.300	-	204	418	9.1E-54	T	26-06-2023	IPR027417	P-loop containing nucleoside triphosphate hydrolase
AOJE01000025.1_73	bc8d9ce25605dd3085af2fac329bb673	818	Pfam	PF00270	DEAD/DEAH box helicase	27	186	2.6E-20	T	26-06-2023	IPR011545	DEAD/DEAH box helicase domain
AOJE01000025.1_73	bc8d9ce25605dd3085af2fac329bb673	818	SUPERFAMILY	SSF52540	P-loop containing nucleoside triphosphate hydrolases	39	404	1.56E-44	T	26-06-2023	IPR027417	P-loop containing nucleoside triphosphate hydrolase
AOJE01000025.1_73	bc8d9ce25605dd3085af2fac329bb673	818	Pfam	PF14520	Helix-hairpin-helix domain	726	778	1.6E-5	T	26-06-2023	-	-
AOJE01000025.1_73	bc8d9ce25605dd3085af2fac329bb673	818	SUPERFAMILY	SSF158702	Sec63 N-terminal domain-like	588	781	6.28E-54	T	26-06-2023	-	-
AOJE01000025.1_73	bc8d9ce25605dd3085af2fac329bb673	818	ProSiteProfiles	PS51194	Superfamilies 1 and 2 helicase C-terminal domain profile.	237	440	12.112296	T	26-06-2023	IPR001650	Helicase, C-terminal
AOJE01000025.1_73	bc8d9ce25605dd3085af2fac329bb673	818	Gene3D	G3DSA:3.40.50.300	-	9	203	1.5E-64	T	26-06-2023	IPR027417	P-loop containing nucleoside triphosphate hydrolase
AOJE01000025.1_39	5a7389a75b9a1babe07ff40c0d2dbe40	432	MobiDBLite	mobidb-lite	consensus disorder prediction	27	98	-	T	26-06-2023	-	-
AOJE01000025.1_39	5a7389a75b9a1babe07ff40c0d2dbe40	432	MobiDBLite	mobidb-lite	consensus disorder prediction	45	98	-	T	26-06-2023	-	-
AOJE01000025.1_1	d087d109e76f6928cae8615d4360dae3	372	MobiDBLite	mobidb-lite	consensus disorder prediction	176	197	-	T	26-06-2023	-	-
AOJE01000025.1_16	06d3102de6f8a6a4a635059cfd8e71e6	301	Coils	Coil	Coil	117	137	-	T	26-06-2023	-	-
AOJE01000025.1_16	06d3102de6f8a6a4a635059cfd8e71e6	301	Coils	Coil	Coil	21	41	-	T	26-06-2023	-	-
AOJE01000025.1_43	5032139edfa6dca66cd2240fa2036232	301	MobiDBLite	mobidb-lite	consensus disorder prediction	277	301	-	T	26-06-2023	-	-
AOJE01000025.1_26	346a8aa64f7d61dbd03099dae45916d1	238	Coils	Coil	Coil	132	152	-	T	26-06-2023	-	-
AOJE01000025.1_26	346a8aa64f7d61dbd03099dae45916d1	238	Gene3D	G3DSA:3.40.50.1390	-	5	140	3.3E-9	T	26-06-2023	IPR036162	Resolvase-like, N-terminal catalytic domain superfamily
AOJE01000025.1_26	346a8aa64f7d61dbd03099dae45916d1	238	SMART	SM00857	resolvase_6	6	158	2.0E-5	T	26-06-2023	IPR006119	Resolvase, N-terminal catalytic domain
AOJE01000025.1_26	346a8aa64f7d61dbd03099dae45916d1	238	Pfam	PF00239	Resolvase, N terminal domain	10	156	4.7E-7	T	26-06-2023	IPR006119	Resolvase, N-terminal catalytic domain
AOJE01000025.1_26	346a8aa64f7d61dbd03099dae45916d1	238	Gene3D	G3DSA:3.90.1750.20	Putative Large Serine Recombinase; Chain B, Domain 2	143	224	5.8E-5	T	26-06-2023	IPR038109	DNA-binding recombinase domain superfamily
AOJE01000025.1_26	346a8aa64f7d61dbd03099dae45916d1	238	SUPERFAMILY	SSF53041	Resolvase-like	11	158	2.09E-7	T	26-06-2023	IPR036162	Resolvase-like, N-terminal catalytic domain superfamily
AOJE01000025.1_75	bff5ba1bae4a54d34b1ddc24ff033e1f	207	PIRSF	PIRSF004866	IMP_cclhdr_arch	1	200	9.0E-70	T	26-06-2023	IPR010191	IMP cyclohydrolase
AOJE01000025.1_75	bff5ba1bae4a54d34b1ddc24ff033e1f	207	Gene3D	G3DSA:3.60.20.20	-	1	199	1.6E-53	T	26-06-2023	IPR036795	Inosine monophosphate cyclohydrolase-like superfamily
AOJE01000025.1_75	bff5ba1bae4a54d34b1ddc24ff033e1f	207	SUPERFAMILY	SSF75569	Archaeal IMP cyclohydrolase PurO	1	197	3.14E-63	T	26-06-2023	IPR036795	Inosine monophosphate cyclohydrolase-like superfamily
AOJE01000025.1_75	bff5ba1bae4a54d34b1ddc24ff033e1f	207	MobiDBLite	mobidb-lite	consensus disorder prediction	25	48	-	T	26-06-2023	-	-
AOJE01000025.1_75	bff5ba1bae4a54d34b1ddc24ff033e1f	207	Hamap	MF_00705	IMP cyclohydrolase [purO].	1	202	88.033768	T	26-06-2023	IPR010191	IMP cyclohydrolase
AOJE01000025.1_75	bff5ba1bae4a54d34b1ddc24ff033e1f	207	Pfam	PF07826	IMP cyclohydrolase-like protein	2	191	1.4E-59	T	26-06-2023	IPR020600	Inosine monophosphate cyclohydrolase-like
AOJE01000025.1_75	bff5ba1bae4a54d34b1ddc24ff033e1f	207	NCBIfam	TIGR01922	IMP cyclohydrolase	1	196	1.2E-63	T	26-06-2023	IPR010191	IMP cyclohydrolase
AOJE01000025.1_63	228cd9b3a5c8e3258e33f27d9dd643dd	249	Gene3D	G3DSA:1.10.10.10	-	5	57	1.5E-13	T	26-06-2023	IPR036388	Winged helix-like DNA-binding domain superfamily
AOJE01000025.1_63	228cd9b3a5c8e3258e33f27d9dd643dd	249	Gene3D	G3DSA:3.30.70.1450	-	153	241	7.1E-13	T	26-06-2023	IPR036721	Regulator of K+ conductance, C-terminal domain superfamily
AOJE01000025.1_63	228cd9b3a5c8e3258e33f27d9dd643dd	249	SMART	SM00344	asnc	5	113	1.7E-5	T	26-06-2023	IPR019888	Transcription regulator AsnC-like
AOJE01000025.1_63	228cd9b3a5c8e3258e33f27d9dd643dd	249	ProSiteProfiles	PS51202	RCK C-terminal domain profile.	159	247	11.895035	T	26-06-2023	IPR006037	Regulator of K+ conductance, C-terminal
AOJE01000025.1_63	228cd9b3a5c8e3258e33f27d9dd643dd	249	ProSiteProfiles	PS50956	AsnC-type HTH domain profile.	5	68	21.240385	T	26-06-2023	IPR000485	AsnC-type HTH domain
AOJE01000025.1_63	228cd9b3a5c8e3258e33f27d9dd643dd	249	PANTHER	PTHR30154	LEUCINE-RESPONSIVE REGULATORY PROTEIN	1	153	1.1E-25	T	26-06-2023	-	-
AOJE01000025.1_63	228cd9b3a5c8e3258e33f27d9dd643dd	249	Pfam	PF13412	Winged helix-turn-helix DNA-binding	6	53	2.2E-6	T	26-06-2023	-	-
AOJE01000025.1_63	228cd9b3a5c8e3258e33f27d9dd643dd	249	PRINTS	PR00033	AsnC bacterial regulatory protein HTH signature	5	21	1.7E-6	T	26-06-2023	IPR000485	AsnC-type HTH domain
AOJE01000025.1_63	228cd9b3a5c8e3258e33f27d9dd643dd	249	PRINTS	PR00033	AsnC bacterial regulatory protein HTH signature	33	52	1.7E-6	T	26-06-2023	IPR000485	AsnC-type HTH domain
AOJE01000025.1_63	228cd9b3a5c8e3258e33f27d9dd643dd	249	SUPERFAMILY	SSF116726	TrkA C-terminal domain-like	159	234	4.45E-11	T	26-06-2023	IPR036721	Regulator of K+ conductance, C-terminal domain superfamily
AOJE01000025.1_63	228cd9b3a5c8e3258e33f27d9dd643dd	249	Pfam	PF02080	TrkA-C domain	173	232	7.5E-8	T	26-06-2023	IPR006037	Regulator of K+ conductance, C-terminal
AOJE01000025.1_63	228cd9b3a5c8e3258e33f27d9dd643dd	249	SUPERFAMILY	SSF46785	"Winged helix" DNA-binding domain	4	65	9.48E-11	T	26-06-2023	IPR036390	Winged helix DNA-binding domain superfamily
AOJE01000025.1_42	1ee873f4c2e2986f146526039b8d0807	134	SUPERFAMILY	SSF46785	"Winged helix" DNA-binding domain	5	58	1.6E-5	T	26-06-2023	IPR036390	Winged helix DNA-binding domain superfamily
AOJE01000025.1_42	1ee873f4c2e2986f146526039b8d0807	134	MobiDBLite	mobidb-lite	consensus disorder prediction	110	134	-	T	26-06-2023	-	-
AOJE01000025.1_42	1ee873f4c2e2986f146526039b8d0807	134	MobiDBLite	mobidb-lite	consensus disorder prediction	116	134	-	T	26-06-2023	-	-
AOJE01000025.1_42	1ee873f4c2e2986f146526039b8d0807	134	Gene3D	G3DSA:1.10.10.10	-	9	70	1.5E-5	T	26-06-2023	IPR036388	Winged helix-like DNA-binding domain superfamily
