AOJE01000038.1_12	880628a40871738777b07f148fa7756a	42	SUPERFAMILY	SSF57783	Zinc beta-ribbon	10	42	8.5E-5	T	26-06-2023	-	-
AOJE01000038.1_24	41352f49a8e6073efe1c43241b927abc	292	PANTHER	PTHR13696	P-LOOP CONTAINING NUCLEOSIDE TRIPHOSPHATE HYDROLASE	37	287	1.7E-20	T	26-06-2023	-	-
AOJE01000038.1_24	41352f49a8e6073efe1c43241b927abc	292	Pfam	PF13614	AAA domain	39	226	2.1E-16	T	26-06-2023	IPR025669	AAA domain
AOJE01000038.1_24	41352f49a8e6073efe1c43241b927abc	292	CDD	cd02042	ParAB_family	174	258	5.87833E-12	T	26-06-2023	-	-
AOJE01000038.1_24	41352f49a8e6073efe1c43241b927abc	292	Gene3D	G3DSA:3.40.50.300	-	34	292	1.1E-38	T	26-06-2023	IPR027417	P-loop containing nucleoside triphosphate hydrolase
AOJE01000038.1_24	41352f49a8e6073efe1c43241b927abc	292	SUPERFAMILY	SSF52540	P-loop containing nucleoside triphosphate hydrolases	35	290	3.22E-27	T	26-06-2023	IPR027417	P-loop containing nucleoside triphosphate hydrolase
AOJE01000038.1_3	0bca0b111dda2feab3e1ed836d22978c	181	Pfam	PF04307	LexA-binding, inner membrane-associated putative hydrolase	1	177	1.2E-12	T	26-06-2023	IPR007404	LexA-binding, inner membrane-associated putative hydrolase
AOJE01000038.1_15	f61d9b08fcd479076b753d3c6d57c313	246	MobiDBLite	mobidb-lite	consensus disorder prediction	1	23	-	T	26-06-2023	-	-
AOJE01000038.1_19	4353eb079b28935cb44e9ae000b8685b	223	MobiDBLite	mobidb-lite	consensus disorder prediction	1	32	-	T	26-06-2023	-	-
AOJE01000038.1_19	4353eb079b28935cb44e9ae000b8685b	223	MobiDBLite	mobidb-lite	consensus disorder prediction	1	24	-	T	26-06-2023	-	-
AOJE01000038.1_22	dc39cbed62f9478c3fe08972e81388a6	1044	SUPERFAMILY	SSF49464	Carboxypeptidase regulatory domain-like	227	326	2.88E-6	T	26-06-2023	IPR008969	Carboxypeptidase-like, regulatory domain superfamily
AOJE01000038.1_22	dc39cbed62f9478c3fe08972e81388a6	1044	Coils	Coil	Coil	605	632	-	T	26-06-2023	-	-
AOJE01000038.1_22	dc39cbed62f9478c3fe08972e81388a6	1044	Coils	Coil	Coil	642	662	-	T	26-06-2023	-	-
AOJE01000038.1_18	f864ea22aab3aef32dedc4d6226115eb	136	ProSitePatterns	PS00430	TonB-dependent receptor proteins signature 1.	1	111	-	T	26-06-2023	IPR010916	TonB box, conserved site
AOJE01000038.1_18	f864ea22aab3aef32dedc4d6226115eb	136	Pfam	PF07790	Archaeal Type IV pilin, N-terminal	12	85	5.7E-15	T	26-06-2023	IPR012859	Archaeal Type IV pilin, N-terminal
AOJE01000038.1_18	f864ea22aab3aef32dedc4d6226115eb	136	NCBIfam	TIGR02537	archaeal flagellin N-terminal-like domain	11	34	5.1E-7	T	26-06-2023	IPR013373	Flagellin/pilin, N-terminal site, archaea
AOJE01000038.1_8	5ca2b3a7da0276033c1725a7d9b1062b	261	Gene3D	G3DSA:3.40.50.150	Vaccinia Virus protein VP39	15	167	6.1E-11	T	26-06-2023	IPR029063	S-adenosyl-L-methionine-dependent methyltransferase superfamily
AOJE01000038.1_8	5ca2b3a7da0276033c1725a7d9b1062b	261	SUPERFAMILY	SSF53335	S-adenosyl-L-methionine-dependent methyltransferases	17	101	1.19E-10	T	26-06-2023	IPR029063	S-adenosyl-L-methionine-dependent methyltransferase superfamily
AOJE01000038.1_21	7713116e017720aa0e831dde9d69a12a	81	MobiDBLite	mobidb-lite	consensus disorder prediction	1	81	-	T	26-06-2023	-	-
AOJE01000038.1_21	7713116e017720aa0e831dde9d69a12a	81	MobiDBLite	mobidb-lite	consensus disorder prediction	37	81	-	T	26-06-2023	-	-
AOJE01000038.1_21	7713116e017720aa0e831dde9d69a12a	81	MobiDBLite	mobidb-lite	consensus disorder prediction	1	24	-	T	26-06-2023	-	-
AOJE01000038.1_9	c73bde3daa4015a9b435e7ef26387c74	127	MobiDBLite	mobidb-lite	consensus disorder prediction	99	115	-	T	26-06-2023	-	-
AOJE01000038.1_9	c73bde3daa4015a9b435e7ef26387c74	127	MobiDBLite	mobidb-lite	consensus disorder prediction	99	127	-	T	26-06-2023	-	-
AOJE01000038.1_13	909eeebd4e54d21b7e2a66725386742d	291	SUPERFAMILY	SSF53335	S-adenosyl-L-methionine-dependent methyltransferases	29	153	4.49E-5	T	26-06-2023	IPR029063	S-adenosyl-L-methionine-dependent methyltransferase superfamily
AOJE01000038.1_13	909eeebd4e54d21b7e2a66725386742d	291	Gene3D	G3DSA:3.40.50.150	Vaccinia Virus protein VP39	23	182	2.3E-5	T	26-06-2023	IPR029063	S-adenosyl-L-methionine-dependent methyltransferase superfamily
AOJE01000038.1_17	0e282904f0bb0bb2fc8f71b3f3d09543	162	PANTHER	PTHR38138	VNG6441H	5	152	3.4E-18	T	26-06-2023	-	-
AOJE01000038.1_17	0e282904f0bb0bb2fc8f71b3f3d09543	162	Pfam	PF07790	Archaeal Type IV pilin, N-terminal	12	90	1.2E-22	T	26-06-2023	IPR012859	Archaeal Type IV pilin, N-terminal
AOJE01000038.1_17	0e282904f0bb0bb2fc8f71b3f3d09543	162	NCBIfam	TIGR02537	archaeal flagellin N-terminal-like domain	11	34	1.0E-6	T	26-06-2023	IPR013373	Flagellin/pilin, N-terminal site, archaea
AOJE01000038.1_10	a119226f286aa1f96d10e6b8ed307de9	223	MobiDBLite	mobidb-lite	consensus disorder prediction	202	223	-	T	26-06-2023	-	-
AOJE01000038.1_10	a119226f286aa1f96d10e6b8ed307de9	223	MobiDBLite	mobidb-lite	consensus disorder prediction	1	24	-	T	26-06-2023	-	-
