AOMA01000019.1_5	6b23eabc1b8e57def381eeaaf6c1434f	772	Gene3D	G3DSA:3.40.50.300	-	307	535	1.7E-5	T	26-06-2023	IPR027417	P-loop containing nucleoside triphosphate hydrolase
AOMA01000019.1_5	6b23eabc1b8e57def381eeaaf6c1434f	772	SUPERFAMILY	SSF52540	P-loop containing nucleoside triphosphate hydrolases	179	519	6.91E-11	T	26-06-2023	IPR027417	P-loop containing nucleoside triphosphate hydrolase
AOMA01000019.1_5	6b23eabc1b8e57def381eeaaf6c1434f	772	Coils	Coil	Coil	316	336	-	T	26-06-2023	-	-
AOMA01000019.1_12	4d2045e002a73eb9cf0031c5d3a059cd	240	ProSiteProfiles	PS51318	Twin arginine translocation (Tat) signal profile.	1	43	8.83433	T	26-06-2023	IPR006311	Twin-arginine translocation pathway, signal sequence
AOMA01000019.1_12	4d2045e002a73eb9cf0031c5d3a059cd	240	Coils	Coil	Coil	173	193	-	T	26-06-2023	-	-
AOMA01000019.1_18	de308424c034f82ecc8cdf14025316f5	1157	Pfam	PF13360	PQQ-like domain	181	296	1.1E-7	T	26-06-2023	IPR002372	Pyrrolo-quinoline quinone repeat
AOMA01000019.1_18	de308424c034f82ecc8cdf14025316f5	1157	Coils	Coil	Coil	738	758	-	T	26-06-2023	-	-
AOMA01000019.1_18	de308424c034f82ecc8cdf14025316f5	1157	Gene3D	G3DSA:2.130.10.10	-	5	333	2.2E-19	T	26-06-2023	IPR015943	WD40/YVTN repeat-like-containing domain superfamily
AOMA01000019.1_18	de308424c034f82ecc8cdf14025316f5	1157	SMART	SM00564	ire1_9	266	298	15.0	T	26-06-2023	IPR018391	Pyrrolo-quinoline quinone beta-propeller repeat
AOMA01000019.1_18	de308424c034f82ecc8cdf14025316f5	1157	SMART	SM00564	ire1_9	186	217	48.0	T	26-06-2023	IPR018391	Pyrrolo-quinoline quinone beta-propeller repeat
AOMA01000019.1_18	de308424c034f82ecc8cdf14025316f5	1157	SMART	SM00564	ire1_9	224	258	120.0	T	26-06-2023	IPR018391	Pyrrolo-quinoline quinone beta-propeller repeat
AOMA01000019.1_18	de308424c034f82ecc8cdf14025316f5	1157	Coils	Coil	Coil	665	685	-	T	26-06-2023	-	-
AOMA01000019.1_18	de308424c034f82ecc8cdf14025316f5	1157	SUPERFAMILY	SSF50998	Quinoprotein alcohol dehydrogenase-like	30	306	5.81E-21	T	26-06-2023	IPR011047	Quinoprotein alcohol dehydrogenase-like superfamily
AOMA01000019.1_18	de308424c034f82ecc8cdf14025316f5	1157	Coils	Coil	Coil	353	380	-	T	26-06-2023	-	-
AOMA01000019.1_6	cb0978efc65f6606ebac03b75d83b122	186	MobiDBLite	mobidb-lite	consensus disorder prediction	165	186	-	T	26-06-2023	-	-
AOMA01000019.1_6	cb0978efc65f6606ebac03b75d83b122	186	MobiDBLite	mobidb-lite	consensus disorder prediction	159	186	-	T	26-06-2023	-	-
AOMA01000019.1_19	5f8366d32e4c5d910708e5af25313e51	223	MobiDBLite	mobidb-lite	consensus disorder prediction	13	44	-	T	26-06-2023	-	-
AOMA01000019.1_19	5f8366d32e4c5d910708e5af25313e51	223	MobiDBLite	mobidb-lite	consensus disorder prediction	127	141	-	T	26-06-2023	-	-
AOMA01000019.1_19	5f8366d32e4c5d910708e5af25313e51	223	Coils	Coil	Coil	177	197	-	T	26-06-2023	-	-
AOMA01000019.1_19	5f8366d32e4c5d910708e5af25313e51	223	MobiDBLite	mobidb-lite	consensus disorder prediction	124	143	-	T	26-06-2023	-	-
AOMA01000019.1_19	5f8366d32e4c5d910708e5af25313e51	223	MobiDBLite	mobidb-lite	consensus disorder prediction	1	44	-	T	26-06-2023	-	-
AOMA01000019.1_3	ce2acfc6cbe4da9688d94cb7be0de6b4	327	MobiDBLite	mobidb-lite	consensus disorder prediction	305	319	-	T	26-06-2023	-	-
AOMA01000019.1_3	ce2acfc6cbe4da9688d94cb7be0de6b4	327	Coils	Coil	Coil	230	264	-	T	26-06-2023	-	-
AOMA01000019.1_3	ce2acfc6cbe4da9688d94cb7be0de6b4	327	MobiDBLite	mobidb-lite	consensus disorder prediction	289	327	-	T	26-06-2023	-	-
AOMA01000019.1_4	1b44f57c7a3153c9c9e2010e83ca3c3a	111	MobiDBLite	mobidb-lite	consensus disorder prediction	95	111	-	T	26-06-2023	-	-
AOMA01000019.1_4	1b44f57c7a3153c9c9e2010e83ca3c3a	111	MobiDBLite	mobidb-lite	consensus disorder prediction	76	111	-	T	26-06-2023	-	-
AOMA01000019.1_17	45598cefebb80027a861891d94eb025e	515	PANTHER	PTHR43806	PEPTIDASE S8	123	444	1.2E-35	T	26-06-2023	-	-
AOMA01000019.1_17	45598cefebb80027a861891d94eb025e	515	Pfam	PF00082	Subtilase family	204	445	6.5E-35	T	26-06-2023	IPR000209	Peptidase S8/S53 domain
AOMA01000019.1_17	45598cefebb80027a861891d94eb025e	515	MobiDBLite	mobidb-lite	consensus disorder prediction	224	244	-	T	26-06-2023	-	-
AOMA01000019.1_17	45598cefebb80027a861891d94eb025e	515	Gene3D	G3DSA:3.40.50.200	Peptidase S8/S53 domain	185	473	3.2E-48	T	26-06-2023	IPR036852	Peptidase S8/S53 domain superfamily
AOMA01000019.1_17	45598cefebb80027a861891d94eb025e	515	SUPERFAMILY	SSF52743	Subtilisin-like	199	481	3.01E-44	T	26-06-2023	IPR036852	Peptidase S8/S53 domain superfamily
AOMA01000019.1_17	45598cefebb80027a861891d94eb025e	515	ProSitePatterns	PS00138	Serine proteases, subtilase family, serine active site.	425	435	-	T	26-06-2023	IPR023828	Peptidase S8, subtilisin, Ser-active site
AOMA01000019.1_17	45598cefebb80027a861891d94eb025e	515	ProSiteProfiles	PS51892	Serine proteases, subtilase domain profile.	180	480	22.121716	T	26-06-2023	-	-
AOMA01000019.1_17	45598cefebb80027a861891d94eb025e	515	PRINTS	PR00723	Subtilisin serine protease family (S8) signature	250	263	9.0E-6	T	26-06-2023	IPR015500	Peptidase S8, subtilisin-related
AOMA01000019.1_17	45598cefebb80027a861891d94eb025e	515	PRINTS	PR00723	Subtilisin serine protease family (S8) signature	424	440	9.0E-6	T	26-06-2023	IPR015500	Peptidase S8, subtilisin-related
AOMA01000019.1_13	b7698b575c3c959d36953a3bc99cde04	328	NCBIfam	TIGR00706	signal peptide peptidase SppA	65	270	1.5E-48	T	26-06-2023	IPR004635	Peptidase S49, SppA
AOMA01000019.1_13	b7698b575c3c959d36953a3bc99cde04	328	Gene3D	G3DSA:3.90.226.10	-	58	284	7.6E-32	T	26-06-2023	-	-
AOMA01000019.1_13	b7698b575c3c959d36953a3bc99cde04	328	SUPERFAMILY	SSF52096	ClpP/crotonase	49	260	3.69E-36	T	26-06-2023	IPR029045	ClpP/crotonase-like domain superfamily
AOMA01000019.1_13	b7698b575c3c959d36953a3bc99cde04	328	PANTHER	PTHR42987	PEPTIDASE S49	60	279	1.6E-48	T	26-06-2023	-	-
AOMA01000019.1_13	b7698b575c3c959d36953a3bc99cde04	328	CDD	cd07023	S49_Sppa_N_C	65	269	5.66675E-66	T	26-06-2023	IPR047272	Signal peptide peptidase A-like, C-terminal
AOMA01000019.1_13	b7698b575c3c959d36953a3bc99cde04	328	Gene3D	G3DSA:6.20.330.10	-	169	230	7.2E-17	T	26-06-2023	-	-
AOMA01000019.1_13	b7698b575c3c959d36953a3bc99cde04	328	Pfam	PF01343	Peptidase family S49	130	271	4.6E-36	T	26-06-2023	IPR002142	Peptidase S49
