BBJN01000020.1_114	110f15c22092b07e7d663519c6fdc072	413	Gene3D	G3DSA:3.40.50.1480	-	8	399	1.9E-125	T	26-06-2023	IPR042172	Adenosylhomocysteinase-like superfamily
BBJN01000020.1_114	110f15c22092b07e7d663519c6fdc072	413	PANTHER	PTHR23420	ADENOSYLHOMOCYSTEINASE	8	404	4.9E-94	T	26-06-2023	IPR000043	Adenosylhomocysteinase-like
BBJN01000020.1_114	110f15c22092b07e7d663519c6fdc072	413	SUPERFAMILY	SSF51735	NAD(P)-binding Rossmann-fold domains	175	333	1.35E-57	T	26-06-2023	IPR036291	NAD(P)-binding domain superfamily
BBJN01000020.1_114	110f15c22092b07e7d663519c6fdc072	413	SMART	SM00997	AdoHcyase_NAD_2	175	336	1.3E-85	T	26-06-2023	IPR015878	S-adenosyl-L-homocysteine hydrolase, NAD binding domain
BBJN01000020.1_114	110f15c22092b07e7d663519c6fdc072	413	SMART	SM00996	AdoHcyase_2	1	407	1.0E-64	T	26-06-2023	IPR000043	Adenosylhomocysteinase-like
BBJN01000020.1_114	110f15c22092b07e7d663519c6fdc072	413	Gene3D	G3DSA:3.40.50.720	-	177	338	1.9E-125	T	26-06-2023	-	-
BBJN01000020.1_114	110f15c22092b07e7d663519c6fdc072	413	SUPERFAMILY	SSF52283	Formate/glycerate dehydrogenase catalytic domain-like	8	407	6.8E-59	T	26-06-2023	-	-
BBJN01000020.1_114	110f15c22092b07e7d663519c6fdc072	413	Pfam	PF00670	S-adenosyl-L-homocysteine hydrolase, NAD binding domain	175	332	2.4E-46	T	26-06-2023	IPR015878	S-adenosyl-L-homocysteine hydrolase, NAD binding domain
BBJN01000020.1_114	110f15c22092b07e7d663519c6fdc072	413	PIRSF	PIRSF001109	SAHH	2	412	0.0	T	26-06-2023	IPR000043	Adenosylhomocysteinase-like
BBJN01000020.1_114	110f15c22092b07e7d663519c6fdc072	413	Pfam	PF05221	S-adenosyl-L-homocysteine hydrolase	125	403	6.8E-14	T	26-06-2023	IPR000043	Adenosylhomocysteinase-like
BBJN01000020.1_114	110f15c22092b07e7d663519c6fdc072	413	Pfam	PF05221	S-adenosyl-L-homocysteine hydrolase	11	120	1.7E-11	T	26-06-2023	IPR000043	Adenosylhomocysteinase-like
BBJN01000020.1_114	110f15c22092b07e7d663519c6fdc072	413	CDD	cd00401	SAHH	8	406	0.0	T	26-06-2023	IPR000043	Adenosylhomocysteinase-like
BBJN01000020.1_71	79384f4dc67d308073eab895314966a3	677	PANTHER	PTHR22674	NTPASE, KAP FAMILY P-LOOP DOMAIN-CONTAINING 1	77	352	1.7E-26	T	26-06-2023	-	-
BBJN01000020.1_71	79384f4dc67d308073eab895314966a3	677	MobiDBLite	mobidb-lite	consensus disorder prediction	1	24	-	T	26-06-2023	-	-
BBJN01000020.1_71	79384f4dc67d308073eab895314966a3	677	Coils	Coil	Coil	632	652	-	T	26-06-2023	-	-
BBJN01000020.1_71	79384f4dc67d308073eab895314966a3	677	Pfam	PF07693	KAP family P-loop domain	28	401	6.7E-32	T	26-06-2023	IPR011646	KAP family P-loop domain
BBJN01000020.1_71	79384f4dc67d308073eab895314966a3	677	SUPERFAMILY	SSF52540	P-loop containing nucleoside triphosphate hydrolases	48	349	1.27E-8	T	26-06-2023	IPR027417	P-loop containing nucleoside triphosphate hydrolase
BBJN01000020.1_57	2a410f6f1c1436cf91c87cf752e30f7b	96	MobiDBLite	mobidb-lite	consensus disorder prediction	63	96	-	T	26-06-2023	-	-
BBJN01000020.1_57	2a410f6f1c1436cf91c87cf752e30f7b	96	Pfam	PF11213	Protein of unknown function (DUF3006)	8	84	1.2E-17	T	26-06-2023	IPR021377	Protein of unknown function DUF3006
BBJN01000020.1_57	2a410f6f1c1436cf91c87cf752e30f7b	96	MobiDBLite	mobidb-lite	consensus disorder prediction	66	96	-	T	26-06-2023	-	-
BBJN01000020.1_27	63bb2712cd20f321f6160dd50e4a64b7	182	PANTHER	PTHR38138	VNG6441H	4	181	9.0E-14	T	26-06-2023	-	-
BBJN01000020.1_27	63bb2712cd20f321f6160dd50e4a64b7	182	Pfam	PF07790	Archaeal Type IV pilin, N-terminal	13	95	1.2E-22	T	26-06-2023	IPR012859	Archaeal Type IV pilin, N-terminal
BBJN01000020.1_27	63bb2712cd20f321f6160dd50e4a64b7	182	NCBIfam	TIGR02537	archaeal flagellin N-terminal-like domain	12	35	2.9E-7	T	26-06-2023	IPR013373	Flagellin/pilin, N-terminal site, archaea
BBJN01000020.1_97	20d37c7856450b4cd994f65b5142f1cb	75	Gene3D	G3DSA:2.40.10.230	Probable tRNA pseudouridine synthase domain	1	75	3.2E-22	T	26-06-2023	IPR038664	H/ACA RNP complex subunit Gar1/Naf1, Cbf5-binding domain
BBJN01000020.1_97	20d37c7856450b4cd994f65b5142f1cb	75	SUPERFAMILY	SSF50447	Translation proteins	1	74	1.77E-15	T	26-06-2023	IPR009000	Translation protein, beta-barrel domain superfamily
BBJN01000020.1_97	20d37c7856450b4cd994f65b5142f1cb	75	Pfam	PF04410	Gar1/Naf1 RNA binding region	2	74	2.4E-9	T	26-06-2023	IPR007504	H/ACA ribonucleoprotein complex, subunit Gar1/Naf1
BBJN01000020.1_59	d100c78492975d53b92d2f9a04d5c07e	200	SUPERFAMILY	SSF47413	lambda repressor-like DNA-binding domains	11	58	1.63E-7	T	26-06-2023	IPR010982	Lambda repressor-like, DNA-binding domain superfamily
BBJN01000020.1_59	d100c78492975d53b92d2f9a04d5c07e	200	CDD	cd00093	HTH_XRE	25	67	0.00978478	T	26-06-2023	IPR001387	Cro/C1-type helix-turn-helix domain
BBJN01000020.1_59	d100c78492975d53b92d2f9a04d5c07e	200	Gene3D	G3DSA:1.10.260.40	-	10	70	6.4E-9	T	26-06-2023	IPR010982	Lambda repressor-like, DNA-binding domain superfamily
BBJN01000020.1_5	a4459a5adc43c5c6df334016d9d4c23a	318	MobiDBLite	mobidb-lite	consensus disorder prediction	158	318	-	T	26-06-2023	-	-
BBJN01000020.1_5	a4459a5adc43c5c6df334016d9d4c23a	318	MobiDBLite	mobidb-lite	consensus disorder prediction	158	238	-	T	26-06-2023	-	-
BBJN01000020.1_5	a4459a5adc43c5c6df334016d9d4c23a	318	MobiDBLite	mobidb-lite	consensus disorder prediction	248	318	-	T	26-06-2023	-	-
BBJN01000020.1_67	adb560ac3b8b4ea312f171bcda528b6d	237	Coils	Coil	Coil	226	237	-	T	26-06-2023	-	-
BBJN01000020.1_67	adb560ac3b8b4ea312f171bcda528b6d	237	Pfam	PF10083	Uncharacterized protein conserved in bacteria (DUF2321)	4	81	1.4E-15	T	26-06-2023	IPR016891	Protein of unknown function DUF2321
BBJN01000020.1_75	48a44680a5280904a183ba1baf549d48	106	SUPERFAMILY	SSF56349	DNA breaking-rejoining enzymes	16	90	2.41E-8	T	26-06-2023	IPR011010	DNA breaking-rejoining enzyme, catalytic core
BBJN01000020.1_75	48a44680a5280904a183ba1baf549d48	106	Gene3D	G3DSA:1.10.443.10	Intergrase catalytic core	13	105	1.5E-8	T	26-06-2023	IPR013762	Integrase-like, catalytic domain superfamily
BBJN01000020.1_102	70df6b242e7578bcc99e970469554bba	290	NCBIfam	TIGR00674	4-hydroxy-tetrahydrodipicolinate synthase	1	278	2.4E-93	T	26-06-2023	IPR005263	4-hydroxy-tetrahydrodipicolinate synthase, DapA
BBJN01000020.1_102	70df6b242e7578bcc99e970469554bba	290	ProSitePatterns	PS00665	Dihydrodipicolinate synthase signature 1.	30	47	-	T	26-06-2023	IPR020624	Schiff base-forming aldolase, conserved site
BBJN01000020.1_102	70df6b242e7578bcc99e970469554bba	290	SUPERFAMILY	SSF51569	Aldolase	1	279	6.91E-90	T	26-06-2023	-	-
BBJN01000020.1_102	70df6b242e7578bcc99e970469554bba	290	Gene3D	G3DSA:3.20.20.70	Aldolase class I	1	281	1.8E-94	T	26-06-2023	IPR013785	Aldolase-type TIM barrel
BBJN01000020.1_102	70df6b242e7578bcc99e970469554bba	290	Hamap	MF_00418	4-hydroxy-tetrahydrodipicolinate synthase [dapA].	1	279	54.302536	T	26-06-2023	IPR005263	4-hydroxy-tetrahydrodipicolinate synthase, DapA
BBJN01000020.1_102	70df6b242e7578bcc99e970469554bba	290	PANTHER	PTHR12128	DIHYDRODIPICOLINATE SYNTHASE	2	281	2.0E-70	T	26-06-2023	IPR002220	DapA-like
BBJN01000020.1_102	70df6b242e7578bcc99e970469554bba	290	SMART	SM01130	DHDPS_2	1	281	1.9E-107	T	26-06-2023	IPR002220	DapA-like
BBJN01000020.1_102	70df6b242e7578bcc99e970469554bba	290	Pfam	PF00701	Dihydrodipicolinate synthetase family	1	279	4.1E-81	T	26-06-2023	IPR002220	DapA-like
BBJN01000020.1_102	70df6b242e7578bcc99e970469554bba	290	PIRSF	PIRSF001365	DHDPS	1	286	2.3E-85	T	26-06-2023	IPR002220	DapA-like
BBJN01000020.1_102	70df6b242e7578bcc99e970469554bba	290	CDD	cd00950	DHDPS	1	277	8.01247E-102	T	26-06-2023	IPR005263	4-hydroxy-tetrahydrodipicolinate synthase, DapA
BBJN01000020.1_102	70df6b242e7578bcc99e970469554bba	290	PRINTS	PR00146	Dihydrodipicolinate synthase signature	27	48	1.2E-32	T	26-06-2023	IPR002220	DapA-like
BBJN01000020.1_102	70df6b242e7578bcc99e970469554bba	290	PRINTS	PR00146	Dihydrodipicolinate synthase signature	62	80	1.2E-32	T	26-06-2023	IPR002220	DapA-like
BBJN01000020.1_102	70df6b242e7578bcc99e970469554bba	290	PRINTS	PR00146	Dihydrodipicolinate synthase signature	94	110	1.2E-32	T	26-06-2023	IPR002220	DapA-like
BBJN01000020.1_102	70df6b242e7578bcc99e970469554bba	290	PRINTS	PR00146	Dihydrodipicolinate synthase signature	119	136	1.2E-32	T	26-06-2023	IPR002220	DapA-like
BBJN01000020.1_83	6aacf377c0a9c975954d5849e6a05010	327	Coils	Coil	Coil	96	116	-	T	26-06-2023	-	-
BBJN01000020.1_70	b136218b9cc35871c7973d416bb50038	203	Gene3D	G3DSA:1.10.443.10	Intergrase catalytic core	17	200	5.1E-24	T	26-06-2023	IPR013762	Integrase-like, catalytic domain superfamily
BBJN01000020.1_70	b136218b9cc35871c7973d416bb50038	203	SUPERFAMILY	SSF56349	DNA breaking-rejoining enzymes	20	190	3.83E-23	T	26-06-2023	IPR011010	DNA breaking-rejoining enzyme, catalytic core
BBJN01000020.1_70	b136218b9cc35871c7973d416bb50038	203	CDD	cd00397	DNA_BRE_C	28	184	1.45197E-12	T	26-06-2023	-	-
BBJN01000020.1_70	b136218b9cc35871c7973d416bb50038	203	ProSiteProfiles	PS51898	Tyrosine recombinase domain profile.	19	198	19.240175	T	26-06-2023	IPR002104	Integrase, catalytic domain
BBJN01000020.1_70	b136218b9cc35871c7973d416bb50038	203	Pfam	PF00589	Phage integrase family	23	185	2.2E-13	T	26-06-2023	IPR002104	Integrase, catalytic domain
BBJN01000020.1_89	1663b882fc69d3efaf2fffab39c46324	95	Gene3D	G3DSA:1.10.10.10	-	4	90	7.4E-6	T	26-06-2023	IPR036388	Winged helix-like DNA-binding domain superfamily
BBJN01000020.1_89	1663b882fc69d3efaf2fffab39c46324	95	Pfam	PF01978	Sugar-specific transcriptional regulator TrmB	41	79	1.3E-6	T	26-06-2023	IPR002831	Transcription regulator TrmB, N-terminal
BBJN01000020.1_89	1663b882fc69d3efaf2fffab39c46324	95	SUPERFAMILY	SSF46785	"Winged helix" DNA-binding domain	36	72	1.32E-6	T	26-06-2023	IPR036390	Winged helix DNA-binding domain superfamily
BBJN01000020.1_52	c2cf2af0f32e2be77738de417d045aa8	397	SUPERFAMILY	SSF51126	Pectin lyase-like	70	324	2.51E-9	T	26-06-2023	IPR011050	Pectin lyase fold/virulence factor
BBJN01000020.1_52	c2cf2af0f32e2be77738de417d045aa8	397	MobiDBLite	mobidb-lite	consensus disorder prediction	21	35	-	T	26-06-2023	-	-
BBJN01000020.1_52	c2cf2af0f32e2be77738de417d045aa8	397	MobiDBLite	mobidb-lite	consensus disorder prediction	360	397	-	T	26-06-2023	-	-
BBJN01000020.1_52	c2cf2af0f32e2be77738de417d045aa8	397	MobiDBLite	mobidb-lite	consensus disorder prediction	13	61	-	T	26-06-2023	-	-
BBJN01000020.1_72	832323b7a15d0e4d2e70c3669acadbbe	181	SUPERFAMILY	SSF55307	Tubulin C-terminal domain-like	22	137	1.92E-32	T	26-06-2023	IPR008280	Tubulin/FtsZ, C-terminal
BBJN01000020.1_72	832323b7a15d0e4d2e70c3669acadbbe	181	SMART	SM00865	Tubulin_C_4	22	139	1.4E-27	T	26-06-2023	IPR018316	Tubulin/FtsZ, 2-layer sandwich domain
BBJN01000020.1_72	832323b7a15d0e4d2e70c3669acadbbe	181	Pfam	PF12327	FtsZ family, C-terminal domain	37	131	1.7E-30	T	26-06-2023	IPR024757	Cell division protein FtsZ, C-terminal
BBJN01000020.1_72	832323b7a15d0e4d2e70c3669acadbbe	181	FunFam	G3DSA:3.30.1330.20:FF:000008	Cell division protein FtsZ	37	149	5.0E-45	T	26-06-2023	-	-
BBJN01000020.1_72	832323b7a15d0e4d2e70c3669acadbbe	181	Gene3D	G3DSA:3.30.1330.20	-	1	131	5.0E-37	T	26-06-2023	IPR037103	Tubulin/FtsZ-like, C-terminal domain
BBJN01000020.1_72	832323b7a15d0e4d2e70c3669acadbbe	181	PANTHER	PTHR30314	CELL DIVISION PROTEIN FTSZ-RELATED	1	140	9.3E-31	T	26-06-2023	IPR045061	Tubulin-like protein FtsZ/CetZ
BBJN01000020.1_72	832323b7a15d0e4d2e70c3669acadbbe	181	MobiDBLite	mobidb-lite	consensus disorder prediction	151	166	-	T	26-06-2023	-	-
BBJN01000020.1_72	832323b7a15d0e4d2e70c3669acadbbe	181	PRINTS	PR00423	Cell division protein FtsZ signature	4	26	1.0E-10	T	26-06-2023	IPR003008	Tubulin/FtsZ, GTPase domain
BBJN01000020.1_72	832323b7a15d0e4d2e70c3669acadbbe	181	PRINTS	PR00423	Cell division protein FtsZ signature	27	48	1.0E-10	T	26-06-2023	IPR003008	Tubulin/FtsZ, GTPase domain
BBJN01000020.1_72	832323b7a15d0e4d2e70c3669acadbbe	181	MobiDBLite	mobidb-lite	consensus disorder prediction	143	181	-	T	26-06-2023	-	-
BBJN01000020.1_18	dbe74b2aaa8dafc725d5d00a0bcf1396	265	PANTHER	PTHR30481	DNA ADENINE METHYLASE	4	259	2.6E-29	T	26-06-2023	IPR012327	D12 class N6 adenine-specific DNA methyltransferase
BBJN01000020.1_18	dbe74b2aaa8dafc725d5d00a0bcf1396	265	Pfam	PF02086	D12 class N6 adenine-specific DNA methyltransferase	8	191	7.5E-16	T	26-06-2023	IPR012327	D12 class N6 adenine-specific DNA methyltransferase
BBJN01000020.1_18	dbe74b2aaa8dafc725d5d00a0bcf1396	265	PRINTS	PR00505	D12 class N6 adenine-specific DNA methyltransferase signature	8	24	4.4E-6	T	26-06-2023	IPR012327	D12 class N6 adenine-specific DNA methyltransferase
BBJN01000020.1_18	dbe74b2aaa8dafc725d5d00a0bcf1396	265	PRINTS	PR00505	D12 class N6 adenine-specific DNA methyltransferase signature	29	43	4.4E-6	T	26-06-2023	IPR012327	D12 class N6 adenine-specific DNA methyltransferase
BBJN01000020.1_18	dbe74b2aaa8dafc725d5d00a0bcf1396	265	PRINTS	PR00505	D12 class N6 adenine-specific DNA methyltransferase signature	176	188	4.4E-6	T	26-06-2023	IPR012327	D12 class N6 adenine-specific DNA methyltransferase
BBJN01000020.1_18	dbe74b2aaa8dafc725d5d00a0bcf1396	265	Gene3D	G3DSA:1.10.1020.10	-	58	156	6.1E-29	T	26-06-2023	IPR023095	Adenine-specific methyltransferase, domain 2
BBJN01000020.1_18	dbe74b2aaa8dafc725d5d00a0bcf1396	265	SUPERFAMILY	SSF53335	S-adenosyl-L-methionine-dependent methyltransferases	4	259	4.37E-41	T	26-06-2023	IPR029063	S-adenosyl-L-methionine-dependent methyltransferase superfamily
BBJN01000020.1_18	dbe74b2aaa8dafc725d5d00a0bcf1396	265	PIRSF	PIRSF000398	M_m6A_EcoRV	2	262	4.6E-36	T	26-06-2023	IPR012263	Adenine modification methylase, M.EcoRV-type
BBJN01000020.1_18	dbe74b2aaa8dafc725d5d00a0bcf1396	265	Gene3D	G3DSA:3.40.50.150	Vaccinia Virus protein VP39	7	215	6.1E-29	T	26-06-2023	IPR029063	S-adenosyl-L-methionine-dependent methyltransferase superfamily
BBJN01000020.1_103	52f4fdb8ac8dc2425803f33c4f3a2293	260	Hamap	MF_00102	4-hydroxy-tetrahydrodipicolinate reductase [dapB].	6	258	28.970747	T	26-06-2023	IPR023940	Dihydrodipicolinate reductase
BBJN01000020.1_103	52f4fdb8ac8dc2425803f33c4f3a2293	260	NCBIfam	TIGR00036	4-hydroxy-tetrahydrodipicolinate reductase	7	258	8.2E-60	T	26-06-2023	IPR023940	Dihydrodipicolinate reductase
BBJN01000020.1_103	52f4fdb8ac8dc2425803f33c4f3a2293	260	Gene3D	G3DSA:3.40.50.720	-	7	258	6.5E-68	T	26-06-2023	-	-
BBJN01000020.1_103	52f4fdb8ac8dc2425803f33c4f3a2293	260	SUPERFAMILY	SSF55347	Glyceraldehyde-3-phosphate dehydrogenase-like, C-terminal domain	127	230	3.05E-23	T	26-06-2023	-	-
BBJN01000020.1_103	52f4fdb8ac8dc2425803f33c4f3a2293	260	Gene3D	G3DSA:3.30.360.10	Dihydrodipicolinate Reductase; domain 2	125	228	6.5E-68	T	26-06-2023	-	-
BBJN01000020.1_103	52f4fdb8ac8dc2425803f33c4f3a2293	260	Pfam	PF01113	Dihydrodipicolinate reductase, N-terminus	7	123	2.9E-23	T	26-06-2023	IPR000846	Dihydrodipicolinate reductase, N-terminal
BBJN01000020.1_103	52f4fdb8ac8dc2425803f33c4f3a2293	260	MobiDBLite	mobidb-lite	consensus disorder prediction	175	194	-	T	26-06-2023	-	-
BBJN01000020.1_103	52f4fdb8ac8dc2425803f33c4f3a2293	260	ProSitePatterns	PS01298	Dihydrodipicolinate reductase signature.	147	164	-	T	26-06-2023	IPR022664	Dihydrodipicolinate reductase, conserved site
BBJN01000020.1_103	52f4fdb8ac8dc2425803f33c4f3a2293	260	Pfam	PF05173	Dihydrodipicolinate reductase, C-terminus	126	258	9.3E-36	T	26-06-2023	IPR022663	Dihydrodipicolinate reductase, C-terminal
BBJN01000020.1_103	52f4fdb8ac8dc2425803f33c4f3a2293	260	PANTHER	PTHR20836	DIHYDRODIPICOLINATE REDUCTASE	6	258	1.8E-39	T	26-06-2023	IPR023940	Dihydrodipicolinate reductase
BBJN01000020.1_103	52f4fdb8ac8dc2425803f33c4f3a2293	260	PIRSF	PIRSF000161	DHPR	4	260	2.6E-68	T	26-06-2023	IPR023940	Dihydrodipicolinate reductase
BBJN01000020.1_103	52f4fdb8ac8dc2425803f33c4f3a2293	260	SUPERFAMILY	SSF51735	NAD(P)-binding Rossmann-fold domains	5	258	5.13E-30	T	26-06-2023	IPR036291	NAD(P)-binding domain superfamily
BBJN01000020.1_34	ab338128dbf555b0befc6c56b068b39e	252	ProSiteProfiles	PS51318	Twin arginine translocation (Tat) signal profile.	1	27	8.164345	T	26-06-2023	IPR006311	Twin-arginine translocation pathway, signal sequence
BBJN01000020.1_88	518a8589467ced19b6e8485ada6279b7	180	MobiDBLite	mobidb-lite	consensus disorder prediction	151	180	-	T	26-06-2023	-	-
BBJN01000020.1_88	518a8589467ced19b6e8485ada6279b7	180	MobiDBLite	mobidb-lite	consensus disorder prediction	1	23	-	T	26-06-2023	-	-
BBJN01000020.1_8	d26492311db5dab4b8eb2881815ce888	117	MobiDBLite	mobidb-lite	consensus disorder prediction	1	25	-	T	26-06-2023	-	-
BBJN01000020.1_8	d26492311db5dab4b8eb2881815ce888	117	MobiDBLite	mobidb-lite	consensus disorder prediction	1	24	-	T	26-06-2023	-	-
BBJN01000020.1_48	f4eb3887146f96a749828aa4dbd93f81	791	Coils	Coil	Coil	671	691	-	T	26-06-2023	-	-
BBJN01000020.1_48	f4eb3887146f96a749828aa4dbd93f81	791	Gene3D	G3DSA:3.40.50.300	-	371	562	1.4E-8	T	26-06-2023	IPR027417	P-loop containing nucleoside triphosphate hydrolase
BBJN01000020.1_48	f4eb3887146f96a749828aa4dbd93f81	791	SUPERFAMILY	SSF52540	P-loop containing nucleoside triphosphate hydrolases	187	555	3.4E-6	T	26-06-2023	IPR027417	P-loop containing nucleoside triphosphate hydrolase
BBJN01000020.1_9	c90e51b7d615467f0974a7f8043197f4	71	Coils	Coil	Coil	13	40	-	T	26-06-2023	-	-
BBJN01000020.1_9	c90e51b7d615467f0974a7f8043197f4	71	Gene3D	G3DSA:1.10.287.1080	-	4	65	1.5E-6	T	26-06-2023	-	-
BBJN01000020.1_23	d70c4c3cc6b24ca73f596918d9e287c6	335	PANTHER	PTHR10763	CELL DIVISION CONTROL PROTEIN 6-RELATED	6	271	1.2E-14	T	26-06-2023	-	-
BBJN01000020.1_23	d70c4c3cc6b24ca73f596918d9e287c6	335	SUPERFAMILY	SSF52540	P-loop containing nucleoside triphosphate hydrolases	8	244	3.57E-28	T	26-06-2023	IPR027417	P-loop containing nucleoside triphosphate hydrolase
BBJN01000020.1_23	d70c4c3cc6b24ca73f596918d9e287c6	335	CDD	cd00009	AAA	46	131	5.43065E-7	T	26-06-2023	-	-
BBJN01000020.1_23	d70c4c3cc6b24ca73f596918d9e287c6	335	Gene3D	G3DSA:1.10.8.60	-	6	247	3.6E-40	T	26-06-2023	-	-
BBJN01000020.1_23	d70c4c3cc6b24ca73f596918d9e287c6	335	Pfam	PF13191	AAA ATPase domain	18	129	1.3E-10	T	26-06-2023	IPR041664	Orc1-like, AAA ATPase domain
BBJN01000020.1_23	d70c4c3cc6b24ca73f596918d9e287c6	335	Gene3D	G3DSA:3.40.50.300	-	17	175	3.6E-40	T	26-06-2023	IPR027417	P-loop containing nucleoside triphosphate hydrolase
BBJN01000020.1_101	ac5254e8ba815d43dfec25d6e3e17606	240	ProSiteProfiles	PS51257	Prokaryotic membrane lipoprotein lipid attachment site profile.	1	22	7.0	T	26-06-2023	-	-
BBJN01000020.1_101	ac5254e8ba815d43dfec25d6e3e17606	240	MobiDBLite	mobidb-lite	consensus disorder prediction	21	62	-	T	26-06-2023	-	-
BBJN01000020.1_101	ac5254e8ba815d43dfec25d6e3e17606	240	MobiDBLite	mobidb-lite	consensus disorder prediction	22	62	-	T	26-06-2023	-	-
BBJN01000020.1_32	39a37dc9aa4bd8d61518058dc204b658	1400	ProSiteProfiles	PS50853	Fibronectin type-III domain profile.	475	564	9.436297	T	26-06-2023	IPR003961	Fibronectin type III
BBJN01000020.1_32	39a37dc9aa4bd8d61518058dc204b658	1400	CDD	cd00063	FN3	497	547	4.68325E-4	T	26-06-2023	IPR003961	Fibronectin type III
BBJN01000020.1_32	39a37dc9aa4bd8d61518058dc204b658	1400	Gene3D	G3DSA:2.60.40.10	Immunoglobulins	482	564	1.3E-6	T	26-06-2023	IPR013783	Immunoglobulin-like fold
BBJN01000020.1_32	39a37dc9aa4bd8d61518058dc204b658	1400	CDD	cd00063	FN3	390	455	1.56456E-7	T	26-06-2023	IPR003961	Fibronectin type III
BBJN01000020.1_32	39a37dc9aa4bd8d61518058dc204b658	1400	ProSiteProfiles	PS50853	Fibronectin type-III domain profile.	388	474	14.272438	T	26-06-2023	IPR003961	Fibronectin type III
BBJN01000020.1_32	39a37dc9aa4bd8d61518058dc204b658	1400	Pfam	PF00041	Fibronectin type III domain	390	459	2.3E-7	T	26-06-2023	IPR003961	Fibronectin type III
BBJN01000020.1_32	39a37dc9aa4bd8d61518058dc204b658	1400	SUPERFAMILY	SSF49265	Fibronectin type III	392	562	1.91E-10	T	26-06-2023	IPR036116	Fibronectin type III superfamily
BBJN01000020.1_32	39a37dc9aa4bd8d61518058dc204b658	1400	Coils	Coil	Coil	934	961	-	T	26-06-2023	-	-
BBJN01000020.1_32	39a37dc9aa4bd8d61518058dc204b658	1400	Coils	Coil	Coil	980	1000	-	T	26-06-2023	-	-
BBJN01000020.1_32	39a37dc9aa4bd8d61518058dc204b658	1400	Gene3D	G3DSA:2.60.40.10	Immunoglobulins	385	477	2.9E-10	T	26-06-2023	IPR013783	Immunoglobulin-like fold
BBJN01000020.1_76	06936c2f467519312b9b5deddfb8f7ab	231	MobiDBLite	mobidb-lite	consensus disorder prediction	116	135	-	T	26-06-2023	-	-
BBJN01000020.1_86	6fbc72792540e7673f1efb795597a654	135	MobiDBLite	mobidb-lite	consensus disorder prediction	1	22	-	T	26-06-2023	-	-
BBJN01000020.1_111	b1c279df4119ac3ed628355aae66ba40	279	MobiDBLite	mobidb-lite	consensus disorder prediction	229	279	-	T	26-06-2023	-	-
BBJN01000020.1_111	b1c279df4119ac3ed628355aae66ba40	279	Gene3D	G3DSA:1.10.1760.20	-	9	186	2.6E-7	T	26-06-2023	-	-
BBJN01000020.1_111	b1c279df4119ac3ed628355aae66ba40	279	Pfam	PF06177	QueT transporter	15	178	2.7E-18	T	26-06-2023	IPR010387	Queuosine precursor transporter QueT
BBJN01000020.1_111	b1c279df4119ac3ed628355aae66ba40	279	MobiDBLite	mobidb-lite	consensus disorder prediction	237	263	-	T	26-06-2023	-	-
BBJN01000020.1_61	fd1d2316ce8f1764c16ac6f565a2cf48	593	MobiDBLite	mobidb-lite	consensus disorder prediction	1	43	-	T	26-06-2023	-	-
BBJN01000020.1_61	fd1d2316ce8f1764c16ac6f565a2cf48	593	CDD	cd00009	AAA	252	392	3.78378E-7	T	26-06-2023	-	-
BBJN01000020.1_61	fd1d2316ce8f1764c16ac6f565a2cf48	593	PANTHER	PTHR37291	5-METHYLCYTOSINE-SPECIFIC RESTRICTION ENZYME B	224	453	2.6E-27	T	26-06-2023	-	-
BBJN01000020.1_61	fd1d2316ce8f1764c16ac6f565a2cf48	593	MobiDBLite	mobidb-lite	consensus disorder prediction	21	43	-	T	26-06-2023	-	-
BBJN01000020.1_61	fd1d2316ce8f1764c16ac6f565a2cf48	593	SMART	SM00382	AAA_5	266	450	7.4E-5	T	26-06-2023	IPR003593	AAA+ ATPase domain
BBJN01000020.1_61	fd1d2316ce8f1764c16ac6f565a2cf48	593	Pfam	PF07728	AAA domain (dynein-related subfamily)	269	444	2.3E-11	T	26-06-2023	IPR011704	ATPase, dynein-related, AAA domain
BBJN01000020.1_61	fd1d2316ce8f1764c16ac6f565a2cf48	593	MobiDBLite	mobidb-lite	consensus disorder prediction	1	19	-	T	26-06-2023	-	-
BBJN01000020.1_61	fd1d2316ce8f1764c16ac6f565a2cf48	593	SUPERFAMILY	SSF52540	P-loop containing nucleoside triphosphate hydrolases	254	461	8.62E-20	T	26-06-2023	IPR027417	P-loop containing nucleoside triphosphate hydrolase
BBJN01000020.1_61	fd1d2316ce8f1764c16ac6f565a2cf48	593	Gene3D	G3DSA:3.40.50.300	-	252	460	2.4E-30	T	26-06-2023	IPR027417	P-loop containing nucleoside triphosphate hydrolase
BBJN01000020.1_106	f56723d8890785dc693e8ed7dcec2026	294	PANTHER	PTHR31689	DIAMINOPIMELATE EPIMERASE, CHLOROPLASTIC	3	288	5.1E-56	T	26-06-2023	IPR001653	Diaminopimelate epimerase, DapF
BBJN01000020.1_106	f56723d8890785dc693e8ed7dcec2026	294	MobiDBLite	mobidb-lite	consensus disorder prediction	256	294	-	T	26-06-2023	-	-
BBJN01000020.1_106	f56723d8890785dc693e8ed7dcec2026	294	SUPERFAMILY	SSF54506	Diaminopimelate epimerase-like	158	287	7.2E-31	T	26-06-2023	-	-
BBJN01000020.1_106	f56723d8890785dc693e8ed7dcec2026	294	SUPERFAMILY	SSF54506	Diaminopimelate epimerase-like	3	136	5.23E-30	T	26-06-2023	-	-
BBJN01000020.1_106	f56723d8890785dc693e8ed7dcec2026	294	Gene3D	G3DSA:3.10.310.10	Diaminopimelate Epimerase; Chain A, domain 1	1	129	4.6E-37	T	26-06-2023	-	-
BBJN01000020.1_106	f56723d8890785dc693e8ed7dcec2026	294	NCBIfam	TIGR00652	diaminopimelate epimerase	5	287	1.9E-60	T	26-06-2023	IPR001653	Diaminopimelate epimerase, DapF
BBJN01000020.1_106	f56723d8890785dc693e8ed7dcec2026	294	Gene3D	G3DSA:3.10.310.10	Diaminopimelate Epimerase; Chain A, domain 1	130	279	1.1E-39	T	26-06-2023	-	-
BBJN01000020.1_106	f56723d8890785dc693e8ed7dcec2026	294	Pfam	PF01678	Diaminopimelate epimerase	6	128	8.1E-21	T	26-06-2023	IPR001653	Diaminopimelate epimerase, DapF
BBJN01000020.1_106	f56723d8890785dc693e8ed7dcec2026	294	Pfam	PF01678	Diaminopimelate epimerase	162	277	5.8E-21	T	26-06-2023	IPR001653	Diaminopimelate epimerase, DapF
BBJN01000020.1_106	f56723d8890785dc693e8ed7dcec2026	294	Hamap	MF_00197	Diaminopimelate epimerase [dapF].	3	289	29.535769	T	26-06-2023	IPR001653	Diaminopimelate epimerase, DapF
BBJN01000020.1_112	b9c877599b7958c6a50255a1a74e8d96	415	Gene3D	G3DSA:3.40.50.300	-	117	383	1.9E-72	T	26-06-2023	IPR027417	P-loop containing nucleoside triphosphate hydrolase
BBJN01000020.1_112	b9c877599b7958c6a50255a1a74e8d96	415	MobiDBLite	mobidb-lite	consensus disorder prediction	392	415	-	T	26-06-2023	-	-
BBJN01000020.1_112	b9c877599b7958c6a50255a1a74e8d96	415	PANTHER	PTHR43553	HEAVY METAL TRANSPORTER	126	375	3.0E-76	T	26-06-2023	-	-
BBJN01000020.1_112	b9c877599b7958c6a50255a1a74e8d96	415	FunFam	G3DSA:3.40.50.300:FF:000224	Energy-coupling factor transporter ATP-binding protein EcfA	122	389	2.4E-85	T	26-06-2023	-	-
BBJN01000020.1_112	b9c877599b7958c6a50255a1a74e8d96	415	SMART	SM00382	AAA_5	153	339	1.3E-14	T	26-06-2023	IPR003593	AAA+ ATPase domain
BBJN01000020.1_112	b9c877599b7958c6a50255a1a74e8d96	415	SUPERFAMILY	SSF52540	P-loop containing nucleoside triphosphate hydrolases	123	356	2.66E-61	T	26-06-2023	IPR027417	P-loop containing nucleoside triphosphate hydrolase
BBJN01000020.1_112	b9c877599b7958c6a50255a1a74e8d96	415	Pfam	PF00005	ABC transporter	145	289	6.7E-30	T	26-06-2023	IPR003439	ABC transporter-like, ATP-binding domain
BBJN01000020.1_112	b9c877599b7958c6a50255a1a74e8d96	415	ProSitePatterns	PS00211	ABC transporters family signature.	262	276	-	T	26-06-2023	IPR017871	ABC transporter-like, conserved site
BBJN01000020.1_112	b9c877599b7958c6a50255a1a74e8d96	415	CDD	cd03225	ABC_cobalt_CbiO_domain1	126	338	1.28882E-97	T	26-06-2023	IPR015856	ABC transporter, CbiO/EcfA subunit
BBJN01000020.1_112	b9c877599b7958c6a50255a1a74e8d96	415	ProSiteProfiles	PS50893	ATP-binding cassette, ABC transporter-type domain profile.	125	362	25.036777	T	26-06-2023	IPR003439	ABC transporter-like, ATP-binding domain
BBJN01000020.1_33	ecbe4482d0ac5d3dfc05d9362bf2d718	534	ProSiteProfiles	PS51892	Serine proteases, subtilase domain profile.	180	485	35.303444	T	26-06-2023	-	-
BBJN01000020.1_33	ecbe4482d0ac5d3dfc05d9362bf2d718	534	Pfam	PF00082	Subtilase family	199	464	7.8E-43	T	26-06-2023	IPR000209	Peptidase S8/S53 domain
BBJN01000020.1_33	ecbe4482d0ac5d3dfc05d9362bf2d718	534	Gene3D	G3DSA:3.40.50.200	Peptidase S8/S53 domain	167	488	4.5E-64	T	26-06-2023	IPR036852	Peptidase S8/S53 domain superfamily
BBJN01000020.1_33	ecbe4482d0ac5d3dfc05d9362bf2d718	534	PRINTS	PR00723	Subtilisin serine protease family (S8) signature	199	218	6.2E-14	T	26-06-2023	IPR015500	Peptidase S8, subtilisin-related
BBJN01000020.1_33	ecbe4482d0ac5d3dfc05d9362bf2d718	534	PRINTS	PR00723	Subtilisin serine protease family (S8) signature	245	258	6.2E-14	T	26-06-2023	IPR015500	Peptidase S8, subtilisin-related
BBJN01000020.1_33	ecbe4482d0ac5d3dfc05d9362bf2d718	534	PRINTS	PR00723	Subtilisin serine protease family (S8) signature	427	443	6.2E-14	T	26-06-2023	IPR015500	Peptidase S8, subtilisin-related
BBJN01000020.1_33	ecbe4482d0ac5d3dfc05d9362bf2d718	534	PANTHER	PTHR43806	PEPTIDASE S8	156	471	3.8E-49	T	26-06-2023	-	-
BBJN01000020.1_33	ecbe4482d0ac5d3dfc05d9362bf2d718	534	ProSitePatterns	PS00136	Serine proteases, subtilase family, aspartic acid active site.	204	214	-	T	26-06-2023	IPR023827	Peptidase S8, subtilisin, Asp-active site
BBJN01000020.1_33	ecbe4482d0ac5d3dfc05d9362bf2d718	534	ProSitePatterns	PS00138	Serine proteases, subtilase family, serine active site.	428	438	-	T	26-06-2023	IPR023828	Peptidase S8, subtilisin, Ser-active site
BBJN01000020.1_33	ecbe4482d0ac5d3dfc05d9362bf2d718	534	SUPERFAMILY	SSF52743	Subtilisin-like	193	487	2.36E-61	T	26-06-2023	IPR036852	Peptidase S8/S53 domain superfamily
BBJN01000020.1_108	952cfe3862e265d186b5788c1c0f7b44	266	Gene3D	G3DSA:3.40.50.12370	-	20	264	1.0E-23	T	26-06-2023	-	-
BBJN01000020.1_108	952cfe3862e265d186b5788c1c0f7b44	266	CDD	cd00293	USP_Like	143	261	1.1045E-13	T	26-06-2023	-	-
BBJN01000020.1_108	952cfe3862e265d186b5788c1c0f7b44	266	MobiDBLite	mobidb-lite	consensus disorder prediction	1	24	-	T	26-06-2023	-	-
BBJN01000020.1_108	952cfe3862e265d186b5788c1c0f7b44	266	MobiDBLite	mobidb-lite	consensus disorder prediction	36	66	-	T	26-06-2023	-	-
BBJN01000020.1_108	952cfe3862e265d186b5788c1c0f7b44	266	SUPERFAMILY	SSF52402	Adenine nucleotide alpha hydrolases-like	142	262	2.18E-17	T	26-06-2023	-	-
BBJN01000020.1_108	952cfe3862e265d186b5788c1c0f7b44	266	Pfam	PF00582	Universal stress protein family	143	261	2.0E-9	T	26-06-2023	IPR006016	UspA
BBJN01000020.1_81	6b6a35fc6bfc428a7b665457d681b12e	268	SUPERFAMILY	SSF50494	Trypsin-like serine proteases	20	234	1.69E-16	T	26-06-2023	IPR009003	Peptidase S1, PA clan
BBJN01000020.1_81	6b6a35fc6bfc428a7b665457d681b12e	268	Gene3D	G3DSA:2.40.10.120	-	9	213	3.6E-7	T	26-06-2023	-	-
BBJN01000020.1_81	6b6a35fc6bfc428a7b665457d681b12e	268	Pfam	PF13365	Trypsin-like peptidase domain	34	205	1.7E-11	T	26-06-2023	-	-
BBJN01000020.1_73	3cb3cbd8f9bac124b447c530990e991c	179	ProSitePatterns	PS01135	FtsZ protein signature 2.	117	138	-	T	26-06-2023	IPR020805	Cell division protein FtsZ, conserved site
BBJN01000020.1_73	3cb3cbd8f9bac124b447c530990e991c	179	PRINTS	PR00423	Cell division protein FtsZ signature	146	167	1.1E-15	T	26-06-2023	IPR003008	Tubulin/FtsZ, GTPase domain
BBJN01000020.1_73	3cb3cbd8f9bac124b447c530990e991c	179	PRINTS	PR00423	Cell division protein FtsZ signature	118	138	1.1E-15	T	26-06-2023	IPR003008	Tubulin/FtsZ, GTPase domain
BBJN01000020.1_73	3cb3cbd8f9bac124b447c530990e991c	179	PANTHER	PTHR30314	CELL DIVISION PROTEIN FTSZ-RELATED	11	175	5.9E-54	T	26-06-2023	IPR045061	Tubulin-like protein FtsZ/CetZ
BBJN01000020.1_73	3cb3cbd8f9bac124b447c530990e991c	179	SUPERFAMILY	SSF52490	Tubulin nucleotide-binding domain-like	33	175	7.2E-42	T	26-06-2023	IPR036525	Tubulin/FtsZ, GTPase domain superfamily
BBJN01000020.1_73	3cb3cbd8f9bac124b447c530990e991c	179	Coils	Coil	Coil	2	25	-	T	26-06-2023	-	-
BBJN01000020.1_73	3cb3cbd8f9bac124b447c530990e991c	179	Pfam	PF00091	Tubulin/FtsZ family, GTPase domain	34	175	5.8E-29	T	26-06-2023	IPR003008	Tubulin/FtsZ, GTPase domain
BBJN01000020.1_73	3cb3cbd8f9bac124b447c530990e991c	179	Gene3D	G3DSA:3.40.50.1440	Tubulin/FtsZ, GTPase domain	22	177	1.9E-46	T	26-06-2023	IPR036525	Tubulin/FtsZ, GTPase domain superfamily
BBJN01000020.1_73	3cb3cbd8f9bac124b447c530990e991c	179	SMART	SM00864	Tubulin_4	33	178	4.0E-36	T	26-06-2023	IPR003008	Tubulin/FtsZ, GTPase domain
BBJN01000020.1_96	65cf216191c8f0ac6a9ee8a38ad95489	92	PANTHER	PTHR17453	SIGNAL RECOGNITION PARTICLE 19 KD PROTEIN	4	74	2.6E-21	T	26-06-2023	IPR002778	Signal recognition particle, SRP19 subunit
BBJN01000020.1_96	65cf216191c8f0ac6a9ee8a38ad95489	92	SUPERFAMILY	SSF69695	SRP19	4	91	1.7E-25	T	26-06-2023	IPR036521	Signal recognition particle, subunit SRP19-like superfamily
BBJN01000020.1_96	65cf216191c8f0ac6a9ee8a38ad95489	92	Gene3D	G3DSA:3.30.56.30	-	4	89	3.9E-26	T	26-06-2023	IPR036521	Signal recognition particle, subunit SRP19-like superfamily
BBJN01000020.1_96	65cf216191c8f0ac6a9ee8a38ad95489	92	Hamap	MF_00305	Signal recognition particle 19 kDa protein [srp19].	5	89	24.014412	T	26-06-2023	IPR022938	Signal recognition particle, SRP19 subunit, archaeal-type
BBJN01000020.1_96	65cf216191c8f0ac6a9ee8a38ad95489	92	Pfam	PF01922	SRP19 protein	5	87	1.1E-24	T	26-06-2023	IPR002778	Signal recognition particle, SRP19 subunit
BBJN01000020.1_96	65cf216191c8f0ac6a9ee8a38ad95489	92	NCBIfam	NF041311	signal recognition particle subunit SRP19	1	92	1.2E-46	T	26-06-2023	-	-
BBJN01000020.1_113	cfd650a343ab872c8030d395a300c77b	260	CDD	cd16914	EcfT	17	250	4.42146E-43	T	26-06-2023	-	-
BBJN01000020.1_113	cfd650a343ab872c8030d395a300c77b	260	PANTHER	PTHR33514	PROTEIN ABCI12, CHLOROPLASTIC	8	256	1.7E-31	T	26-06-2023	-	-
BBJN01000020.1_113	cfd650a343ab872c8030d395a300c77b	260	Pfam	PF02361	Cobalt transport protein	12	222	4.7E-30	T	26-06-2023	IPR003339	ABC/ECF transporter, transmembrane component
BBJN01000020.1_92	a9f971bc370773ebc232a89595ac2470	333	CDD	cd02440	AdoMet_MTases	184	256	4.56694E-7	T	26-06-2023	-	-
BBJN01000020.1_92	a9f971bc370773ebc232a89595ac2470	333	Gene3D	G3DSA:3.30.70.2580	-	4	61	4.8E-9	T	26-06-2023	-	-
BBJN01000020.1_92	a9f971bc370773ebc232a89595ac2470	333	Pfam	PF18093	tRNA methyltransferase 5 N-terminal domain	5	46	1.2E-10	T	26-06-2023	IPR040601	tRNA methyltransferase 5, N-terminal
BBJN01000020.1_92	a9f971bc370773ebc232a89595ac2470	333	Gene3D	G3DSA:3.40.50.150	Vaccinia Virus protein VP39	141	330	2.3E-52	T	26-06-2023	IPR029063	S-adenosyl-L-methionine-dependent methyltransferase superfamily
BBJN01000020.1_92	a9f971bc370773ebc232a89595ac2470	333	Pfam	PF02475	Met-10+ like-protein	79	277	7.8E-52	T	26-06-2023	IPR030382	SAM-dependent methyltransferase TRM5/TYW2-type
BBJN01000020.1_92	a9f971bc370773ebc232a89595ac2470	333	SUPERFAMILY	SSF53335	S-adenosyl-L-methionine-dependent methyltransferases	78	330	7.55E-55	T	26-06-2023	IPR029063	S-adenosyl-L-methionine-dependent methyltransferase superfamily
BBJN01000020.1_92	a9f971bc370773ebc232a89595ac2470	333	ProSiteProfiles	PS51684	SAM-dependent methyltransferase TRM5/TYW2-type domain profile.	79	331	60.622665	T	26-06-2023	IPR030382	SAM-dependent methyltransferase TRM5/TYW2-type
BBJN01000020.1_92	a9f971bc370773ebc232a89595ac2470	333	Gene3D	G3DSA:3.30.300.110	-	65	135	4.5E-9	T	26-06-2023	-	-
BBJN01000020.1_92	a9f971bc370773ebc232a89595ac2470	333	PANTHER	PTHR23245	TRNA METHYLTRANSFERASE	77	319	3.3E-45	T	26-06-2023	-	-
BBJN01000020.1_49	e207f34b28daf778cc14c4b4a33524dc	720	Gene3D	G3DSA:2.160.20.10	-	465	718	2.2E-5	T	26-06-2023	IPR012334	Pectin lyase fold
BBJN01000020.1_49	e207f34b28daf778cc14c4b4a33524dc	720	SUPERFAMILY	SSF51126	Pectin lyase-like	154	662	9.04E-24	T	26-06-2023	IPR011050	Pectin lyase fold/virulence factor
BBJN01000020.1_49	e207f34b28daf778cc14c4b4a33524dc	720	Gene3D	G3DSA:2.160.20.10	-	120	464	1.9E-7	T	26-06-2023	IPR012334	Pectin lyase fold
BBJN01000020.1_49	e207f34b28daf778cc14c4b4a33524dc	720	MobiDBLite	mobidb-lite	consensus disorder prediction	23	61	-	T	26-06-2023	-	-
BBJN01000020.1_49	e207f34b28daf778cc14c4b4a33524dc	720	ProSiteProfiles	PS51257	Prokaryotic membrane lipoprotein lipid attachment site profile.	1	23	6.0	T	26-06-2023	-	-
BBJN01000020.1_49	e207f34b28daf778cc14c4b4a33524dc	720	MobiDBLite	mobidb-lite	consensus disorder prediction	694	720	-	T	26-06-2023	-	-
BBJN01000020.1_49	e207f34b28daf778cc14c4b4a33524dc	720	SMART	SM00710	pbh1	412	434	440.0	T	26-06-2023	IPR006626	Parallel beta-helix repeat
BBJN01000020.1_49	e207f34b28daf778cc14c4b4a33524dc	720	SMART	SM00710	pbh1	577	607	120.0	T	26-06-2023	IPR006626	Parallel beta-helix repeat
BBJN01000020.1_49	e207f34b28daf778cc14c4b4a33524dc	720	SMART	SM00710	pbh1	521	543	190.0	T	26-06-2023	IPR006626	Parallel beta-helix repeat
BBJN01000020.1_49	e207f34b28daf778cc14c4b4a33524dc	720	SMART	SM00710	pbh1	379	410	8900.0	T	26-06-2023	IPR006626	Parallel beta-helix repeat
BBJN01000020.1_49	e207f34b28daf778cc14c4b4a33524dc	720	SMART	SM00710	pbh1	620	650	2200.0	T	26-06-2023	IPR006626	Parallel beta-helix repeat
BBJN01000020.1_58	06a4f42cdc8396a3b3a1c61e500cb4ef	484	Gene3D	G3DSA:3.60.15.10	-	57	315	1.0E-66	T	26-06-2023	IPR036866	Ribonuclease Z/Hydroxyacylglutathione hydrolase-like
BBJN01000020.1_58	06a4f42cdc8396a3b3a1c61e500cb4ef	484	SMART	SM00849	Lactamase_B_5a	67	270	5.3E-11	T	26-06-2023	IPR001279	Metallo-beta-lactamase
BBJN01000020.1_58	06a4f42cdc8396a3b3a1c61e500cb4ef	484	CDD	cd07731	ComA-like_MBL-fold	60	245	1.33613E-65	T	26-06-2023	IPR035681	ComA-like, MBL domain
BBJN01000020.1_58	06a4f42cdc8396a3b3a1c61e500cb4ef	484	Gene3D	G3DSA:2.60.40.1260	Lamin Tail domain	359	484	6.9E-20	T	26-06-2023	IPR036415	Lamin tail domain superfamily
BBJN01000020.1_58	06a4f42cdc8396a3b3a1c61e500cb4ef	484	MobiDBLite	mobidb-lite	consensus disorder prediction	355	373	-	T	26-06-2023	-	-
BBJN01000020.1_58	06a4f42cdc8396a3b3a1c61e500cb4ef	484	ProSiteProfiles	PS51841	Lamin-tail (LTD) domain profile.	365	484	19.111155	T	26-06-2023	IPR001322	Lamin tail domain
BBJN01000020.1_58	06a4f42cdc8396a3b3a1c61e500cb4ef	484	PANTHER	PTHR30619	DNA INTERNALIZATION/COMPETENCE PROTEIN COMEC/REC2	51	321	8.4E-60	T	26-06-2023	-	-
BBJN01000020.1_58	06a4f42cdc8396a3b3a1c61e500cb4ef	484	MobiDBLite	mobidb-lite	consensus disorder prediction	349	373	-	T	26-06-2023	-	-
BBJN01000020.1_58	06a4f42cdc8396a3b3a1c61e500cb4ef	484	Pfam	PF00753	Metallo-beta-lactamase superfamily	65	267	3.1E-15	T	26-06-2023	IPR001279	Metallo-beta-lactamase
BBJN01000020.1_58	06a4f42cdc8396a3b3a1c61e500cb4ef	484	SUPERFAMILY	SSF74853	Lamin A/C globular tail domain	394	479	1.16E-22	T	26-06-2023	IPR036415	Lamin tail domain superfamily
BBJN01000020.1_58	06a4f42cdc8396a3b3a1c61e500cb4ef	484	MobiDBLite	mobidb-lite	consensus disorder prediction	28	51	-	T	26-06-2023	-	-
BBJN01000020.1_58	06a4f42cdc8396a3b3a1c61e500cb4ef	484	SUPERFAMILY	SSF56281	Metallo-hydrolase/oxidoreductase	55	312	6.03E-46	T	26-06-2023	IPR036866	Ribonuclease Z/Hydroxyacylglutathione hydrolase-like
BBJN01000020.1_58	06a4f42cdc8396a3b3a1c61e500cb4ef	484	ProSiteProfiles	PS51257	Prokaryotic membrane lipoprotein lipid attachment site profile.	1	21	6.0	T	26-06-2023	-	-
BBJN01000020.1_58	06a4f42cdc8396a3b3a1c61e500cb4ef	484	MobiDBLite	mobidb-lite	consensus disorder prediction	27	55	-	T	26-06-2023	-	-
BBJN01000020.1_58	06a4f42cdc8396a3b3a1c61e500cb4ef	484	Pfam	PF00932	Lamin Tail Domain	380	481	6.4E-27	T	26-06-2023	IPR001322	Lamin tail domain
BBJN01000020.1_45	2e04106fee7b84a0953f1383fc63dff8	418	MobiDBLite	mobidb-lite	consensus disorder prediction	29	55	-	T	26-06-2023	-	-
BBJN01000020.1_45	2e04106fee7b84a0953f1383fc63dff8	418	MobiDBLite	mobidb-lite	consensus disorder prediction	29	65	-	T	26-06-2023	-	-
BBJN01000020.1_45	2e04106fee7b84a0953f1383fc63dff8	418	Coils	Coil	Coil	385	405	-	T	26-06-2023	-	-
BBJN01000020.1_45	2e04106fee7b84a0953f1383fc63dff8	418	Coils	Coil	Coil	255	285	-	T	26-06-2023	-	-
BBJN01000020.1_74	f34625582c34e8652a0e3f0860a45724	180	Pfam	PF02586	SOS response associated peptidase (SRAP)	4	155	2.0E-55	T	26-06-2023	IPR003738	SOS response associated peptidase (SRAP)
BBJN01000020.1_74	f34625582c34e8652a0e3f0860a45724	180	Gene3D	G3DSA:3.90.1680.10	-	1	171	7.7E-68	T	26-06-2023	IPR036590	SOS response associated peptidase-like
BBJN01000020.1_74	f34625582c34e8652a0e3f0860a45724	180	SUPERFAMILY	SSF143081	BB1717-like	4	167	4.97E-61	T	26-06-2023	IPR036590	SOS response associated peptidase-like
BBJN01000020.1_74	f34625582c34e8652a0e3f0860a45724	180	PANTHER	PTHR13604	DC12-RELATED	4	172	1.3E-56	T	26-06-2023	IPR003738	SOS response associated peptidase (SRAP)
BBJN01000020.1_63	b3384731f1d70f54996d5ad907f6a53b	275	Coils	Coil	Coil	209	229	-	T	26-06-2023	-	-
BBJN01000020.1_56	e371af3411f5ef9e75401fba006028ec	320	Gene3D	G3DSA:3.40.1350.10	-	16	117	5.5E-5	T	26-06-2023	IPR011856	tRNA endonuclease-like domain superfamily
BBJN01000020.1_56	e371af3411f5ef9e75401fba006028ec	320	Pfam	PF14088	Domain of unknown function (DUF4268)	173	311	1.4E-29	T	26-06-2023	IPR025364	Domain of unknown function DUF4268
BBJN01000020.1_87	1c5fff3192a1979af45c707922a5c54b	192	MobiDBLite	mobidb-lite	consensus disorder prediction	1	25	-	T	26-06-2023	-	-
BBJN01000020.1_87	1c5fff3192a1979af45c707922a5c54b	192	Pfam	PF05869	DNA N-6-adenine-methyltransferase (Dam)	15	145	7.3E-17	T	26-06-2023	IPR008593	DNA N-6-adenine-methyltransferase
BBJN01000020.1_87	1c5fff3192a1979af45c707922a5c54b	192	MobiDBLite	mobidb-lite	consensus disorder prediction	9	23	-	T	26-06-2023	-	-
BBJN01000020.1_116	ddc3662d79f535932629d82d16e48449	612	SUPERFAMILY	SSF51717	Dihydropteroate synthetase-like	570	606	2.51E-8	T	26-06-2023	IPR011005	Dihydropteroate synthase-like
BBJN01000020.1_116	ddc3662d79f535932629d82d16e48449	612	Gene3D	G3DSA:3.20.20.20	-	560	608	1.7E-10	T	26-06-2023	IPR011005	Dihydropteroate synthase-like
BBJN01000020.1_116	ddc3662d79f535932629d82d16e48449	612	Gene3D	G3DSA:3.90.190.20	-	315	447	3.7E-28	T	26-06-2023	IPR036615	Mur ligase, C-terminal domain superfamily
BBJN01000020.1_116	ddc3662d79f535932629d82d16e48449	612	PANTHER	PTHR11136	FOLYLPOLYGLUTAMATE SYNTHASE-RELATED	19	374	5.3E-69	T	26-06-2023	IPR001645	Folylpolyglutamate synthetase
BBJN01000020.1_116	ddc3662d79f535932629d82d16e48449	612	FunFam	G3DSA:3.40.1190.10:FF:000011	Folylpolyglutamate synthase/dihydrofolate synthase	1	313	8.4E-78	T	26-06-2023	-	-
BBJN01000020.1_116	ddc3662d79f535932629d82d16e48449	612	SUPERFAMILY	SSF53623	MurD-like peptide ligases, catalytic domain	1	313	2.75E-69	T	26-06-2023	IPR036565	Mur-like, catalytic domain superfamily
BBJN01000020.1_116	ddc3662d79f535932629d82d16e48449	612	NCBIfam	TIGR01499	bifunctional protein FolC	23	442	3.5E-95	T	26-06-2023	IPR001645	Folylpolyglutamate synthetase
BBJN01000020.1_116	ddc3662d79f535932629d82d16e48449	612	Pfam	PF08245	Mur ligase middle domain	134	287	3.0E-8	T	26-06-2023	IPR013221	Mur ligase, central
BBJN01000020.1_116	ddc3662d79f535932629d82d16e48449	612	ProSiteProfiles	PS50972	Pterin-binding domain profile.	574	612	13.523647	T	26-06-2023	IPR000489	Pterin-binding domain
BBJN01000020.1_116	ddc3662d79f535932629d82d16e48449	612	SUPERFAMILY	SSF53244	MurD-like peptide ligases, peptide-binding domain	313	445	6.41E-25	T	26-06-2023	IPR036615	Mur ligase, C-terminal domain superfamily
BBJN01000020.1_116	ddc3662d79f535932629d82d16e48449	612	Gene3D	G3DSA:3.40.1190.10	-	1	314	4.4E-80	T	26-06-2023	IPR036565	Mur-like, catalytic domain superfamily
BBJN01000020.1_116	ddc3662d79f535932629d82d16e48449	612	Pfam	PF02875	Mur ligase family, glutamate ligase domain	313	371	2.1E-5	T	26-06-2023	IPR004101	Mur ligase, C-terminal
BBJN01000020.1_116	ddc3662d79f535932629d82d16e48449	612	ProSitePatterns	PS00792	Dihydropteroate synthase signature 1.	576	591	-	T	26-06-2023	IPR000489	Pterin-binding domain
BBJN01000020.1_50	f29304f71c9b6624bc5ce9b6f5d787f1	484	Gene3D	G3DSA:1.20.1740.10	Amino acid/polyamine transporter I	10	472	1.1E-96	T	26-06-2023	-	-
BBJN01000020.1_50	f29304f71c9b6624bc5ce9b6f5d787f1	484	Pfam	PF13520	Amino acid permease	13	431	1.4E-52	T	26-06-2023	IPR002293	Amino acid/polyamine transporter I
BBJN01000020.1_50	f29304f71c9b6624bc5ce9b6f5d787f1	484	PANTHER	PTHR42770	AMINO ACID TRANSPORTER-RELATED	5	462	4.9E-77	T	26-06-2023	-	-
BBJN01000020.1_50	f29304f71c9b6624bc5ce9b6f5d787f1	484	PIRSF	PIRSF006060	AA_transporter	2	478	3.5E-88	T	26-06-2023	-	-
BBJN01000020.1_90	aecd4a8caf6796602e74befeabda79cb	98	SUPERFAMILY	SSF46785	"Winged helix" DNA-binding domain	36	74	4.03E-5	T	26-06-2023	IPR036390	Winged helix DNA-binding domain superfamily
BBJN01000020.1_90	aecd4a8caf6796602e74befeabda79cb	98	Gene3D	G3DSA:1.10.10.10	-	3	89	2.4E-5	T	26-06-2023	IPR036388	Winged helix-like DNA-binding domain superfamily
BBJN01000020.1_90	aecd4a8caf6796602e74befeabda79cb	98	Coils	Coil	Coil	46	66	-	T	26-06-2023	-	-
BBJN01000020.1_4	8c01e60ded0899dd8b02154742c10f50	183	Gene3D	G3DSA:2.10.109.10	Umud Fragment, subunit A	38	140	2.0E-7	T	26-06-2023	-	-
BBJN01000020.1_4	8c01e60ded0899dd8b02154742c10f50	183	SUPERFAMILY	SSF51306	LexA/Signal peptidase	40	132	5.23E-10	T	26-06-2023	IPR036286	LexA/Signal peptidase-like superfamily
BBJN01000020.1_4	8c01e60ded0899dd8b02154742c10f50	183	CDD	cd06530	S26_SPase_I	41	126	5.75845E-12	T	26-06-2023	IPR019533	Peptidase S26
BBJN01000020.1_4	8c01e60ded0899dd8b02154742c10f50	183	PRINTS	PR00728	Eukaryotic signal peptidase (S26B) family signature	43	58	1.9E-6	T	26-06-2023	IPR001733	Peptidase S26B
BBJN01000020.1_4	8c01e60ded0899dd8b02154742c10f50	183	PRINTS	PR00728	Eukaryotic signal peptidase (S26B) family signature	102	113	1.9E-6	T	26-06-2023	IPR001733	Peptidase S26B
BBJN01000020.1_4	8c01e60ded0899dd8b02154742c10f50	183	Pfam	PF10502	Signal peptidase, peptidase S26	20	91	5.0E-6	T	26-06-2023	IPR019533	Peptidase S26
BBJN01000020.1_4	8c01e60ded0899dd8b02154742c10f50	183	PANTHER	PTHR10806	SIGNAL PEPTIDASE COMPLEX CATALYTIC SUBUNIT SEC11	30	142	5.0E-17	T	26-06-2023	IPR001733	Peptidase S26B
BBJN01000020.1_4	8c01e60ded0899dd8b02154742c10f50	183	NCBIfam	TIGR02228	signal peptidase I	18	161	2.8E-29	T	26-06-2023	IPR001733	Peptidase S26B
BBJN01000020.1_91	70bc8967f320df115433f3eb3b38d9c4	180	ProSiteProfiles	PS51257	Prokaryotic membrane lipoprotein lipid attachment site profile.	1	35	6.0	T	26-06-2023	-	-
BBJN01000020.1_84	cfc3d61aa6a9abd25a8d08c6c2703850	142	MobiDBLite	mobidb-lite	consensus disorder prediction	1	26	-	T	26-06-2023	-	-
BBJN01000020.1_84	cfc3d61aa6a9abd25a8d08c6c2703850	142	MobiDBLite	mobidb-lite	consensus disorder prediction	1	40	-	T	26-06-2023	-	-
BBJN01000020.1_99	0a39b38d656f1a230b8c3c0c315388c2	161	Gene3D	G3DSA:2.30.130.10	PUA domain	77	154	1.3E-29	T	26-06-2023	IPR036974	PUA domain superfamily
BBJN01000020.1_99	0a39b38d656f1a230b8c3c0c315388c2	161	SUPERFAMILY	SSF88697	PUA domain-like	79	152	1.44E-18	T	26-06-2023	IPR015947	PUA-like superfamily
BBJN01000020.1_99	0a39b38d656f1a230b8c3c0c315388c2	161	ProSiteProfiles	PS50890	PUA domain profile.	79	154	14.71373	T	26-06-2023	-	-
BBJN01000020.1_99	0a39b38d656f1a230b8c3c0c315388c2	161	Pfam	PF14810	Patch-forming domain C2 of tRNA-guanine transglycosylase	9	78	1.8E-24	T	26-06-2023	IPR029402	tRNA-guanine transglycosylase, patch-forming domain C2
BBJN01000020.1_99	0a39b38d656f1a230b8c3c0c315388c2	161	SUPERFAMILY	SSF88802	Pre-PUA domain	8	75	4.32E-12	T	26-06-2023	-	-
BBJN01000020.1_99	0a39b38d656f1a230b8c3c0c315388c2	161	Pfam	PF01472	PUA domain	81	151	3.2E-13	T	26-06-2023	IPR002478	PUA domain
BBJN01000020.1_99	0a39b38d656f1a230b8c3c0c315388c2	161	CDD	cd21149	PUA_archaeosine_TGT	78	152	4.75139E-31	T	26-06-2023	-	-
BBJN01000020.1_99	0a39b38d656f1a230b8c3c0c315388c2	161	Gene3D	G3DSA:3.10.450.90	ArcTGT, C2 domain	3	75	3.6E-20	T	26-06-2023	IPR038250	TGT, patch-forming C2 domain superfamily
BBJN01000020.1_99	0a39b38d656f1a230b8c3c0c315388c2	161	SMART	SM00359	pua_5	80	154	9.7E-10	T	26-06-2023	IPR002478	PUA domain
BBJN01000020.1_31	637bb226040b14e0625177b88d9d8fb8	196	Coils	Coil	Coil	158	181	-	T	26-06-2023	-	-
BBJN01000020.1_6	5ae40e474b36f6f9683029c59fb3dead	405	MobiDBLite	mobidb-lite	consensus disorder prediction	112	131	-	T	26-06-2023	-	-
BBJN01000020.1_6	5ae40e474b36f6f9683029c59fb3dead	405	Pfam	PF00589	Phage integrase family	140	301	1.1E-18	T	26-06-2023	IPR002104	Integrase, catalytic domain
BBJN01000020.1_6	5ae40e474b36f6f9683029c59fb3dead	405	ProSiteProfiles	PS51898	Tyrosine recombinase domain profile.	131	310	23.133144	T	26-06-2023	IPR002104	Integrase, catalytic domain
BBJN01000020.1_6	5ae40e474b36f6f9683029c59fb3dead	405	Gene3D	G3DSA:1.10.443.10	Intergrase catalytic core	138	315	3.6E-23	T	26-06-2023	IPR013762	Integrase-like, catalytic domain superfamily
BBJN01000020.1_6	5ae40e474b36f6f9683029c59fb3dead	405	SUPERFAMILY	SSF56349	DNA breaking-rejoining enzymes	139	304	1.09E-26	T	26-06-2023	IPR011010	DNA breaking-rejoining enzyme, catalytic core
BBJN01000020.1_29	9f6b9280e89e4a507d1fd0b753ac351e	138	NCBIfam	TIGR02537	archaeal flagellin N-terminal-like domain	10	33	3.7E-7	T	26-06-2023	IPR013373	Flagellin/pilin, N-terminal site, archaea
BBJN01000020.1_29	9f6b9280e89e4a507d1fd0b753ac351e	138	Pfam	PF07790	Archaeal Type IV pilin, N-terminal	11	84	1.5E-22	T	26-06-2023	IPR012859	Archaeal Type IV pilin, N-terminal
BBJN01000020.1_29	9f6b9280e89e4a507d1fd0b753ac351e	138	PANTHER	PTHR38138	VNG6441H	5	137	1.0E-15	T	26-06-2023	-	-
BBJN01000020.1_82	3e2bf6b39f224f36920bce615ca5e094	201	Gene3D	G3DSA:3.90.70.10	Cysteine proteinases	23	194	1.6E-7	T	26-06-2023	-	-
BBJN01000020.1_44	6a14cbc225544f4ade9cb026fce4a544	338	Coils	Coil	Coil	268	295	-	T	26-06-2023	-	-
BBJN01000020.1_44	6a14cbc225544f4ade9cb026fce4a544	338	MobiDBLite	mobidb-lite	consensus disorder prediction	317	338	-	T	26-06-2023	-	-
BBJN01000020.1_25	2c9d046c3a09eb9bc7008fd7d0c5a9c0	1286	Gene3D	G3DSA:3.40.50.150	Vaccinia Virus protein VP39	419	931	4.1E-46	T	26-06-2023	IPR029063	S-adenosyl-L-methionine-dependent methyltransferase superfamily
BBJN01000020.1_25	2c9d046c3a09eb9bc7008fd7d0c5a9c0	1286	Pfam	PF20473	MmeI, DNA-methyltransferase domain	507	595	4.3E-8	T	26-06-2023	IPR046816	MmeI-like, DNA-methyltransferase domain
BBJN01000020.1_25	2c9d046c3a09eb9bc7008fd7d0c5a9c0	1286	PANTHER	PTHR33841	DNA METHYLTRANSFERASE YEEA-RELATED	267	1013	7.2E-63	T	26-06-2023	-	-
BBJN01000020.1_25	2c9d046c3a09eb9bc7008fd7d0c5a9c0	1286	SUPERFAMILY	SSF53335	S-adenosyl-L-methionine-dependent methyltransferases	293	914	3.85E-56	T	26-06-2023	IPR029063	S-adenosyl-L-methionine-dependent methyltransferase superfamily
BBJN01000020.1_25	2c9d046c3a09eb9bc7008fd7d0c5a9c0	1286	Coils	Coil	Coil	657	697	-	T	26-06-2023	-	-
BBJN01000020.1_25	2c9d046c3a09eb9bc7008fd7d0c5a9c0	1286	PRINTS	PR00507	N12 class N6 adenine-specific DNA methyltransferase signature	447	463	4.9E-12	T	26-06-2023	-	-
BBJN01000020.1_25	2c9d046c3a09eb9bc7008fd7d0c5a9c0	1286	PRINTS	PR00507	N12 class N6 adenine-specific DNA methyltransferase signature	519	533	4.9E-12	T	26-06-2023	-	-
BBJN01000020.1_25	2c9d046c3a09eb9bc7008fd7d0c5a9c0	1286	PRINTS	PR00507	N12 class N6 adenine-specific DNA methyltransferase signature	736	748	4.9E-12	T	26-06-2023	-	-
BBJN01000020.1_25	2c9d046c3a09eb9bc7008fd7d0c5a9c0	1286	ProSitePatterns	PS00092	N-6 Adenine-specific DNA methylases signature.	739	745	-	T	26-06-2023	IPR002052	DNA methylase, N-6 adenine-specific, conserved site
BBJN01000020.1_1	2427a2209bde6b7b6ce157d8a489a300	87	NCBIfam	TIGR04088	SipW-dependent-type signal peptide	21	53	3.3E-7	T	26-06-2023	IPR023833	SipW-dependent-type signal peptide
BBJN01000020.1_1	2427a2209bde6b7b6ce157d8a489a300	87	ProSiteProfiles	PS51318	Twin arginine translocation (Tat) signal profile.	1	35	8.071781	T	26-06-2023	IPR006311	Twin-arginine translocation pathway, signal sequence
BBJN01000020.1_1	2427a2209bde6b7b6ce157d8a489a300	87	MobiDBLite	mobidb-lite	consensus disorder prediction	60	87	-	T	26-06-2023	-	-
BBJN01000020.1_100	f8cc1cea64b64eecc5f2a6cf17c986c2	165	PANTHER	PTHR35458	SLR0755 PROTEIN	1	162	2.5E-48	T	26-06-2023	IPR047140	Low amplitude and bright protein LabA
BBJN01000020.1_100	f8cc1cea64b64eecc5f2a6cf17c986c2	165	Pfam	PF01936	NYN domain	9	156	9.1E-38	T	26-06-2023	IPR021139	NYN domain
BBJN01000020.1_100	f8cc1cea64b64eecc5f2a6cf17c986c2	165	Gene3D	G3DSA:3.40.50.1010	-	2	159	1.5E-44	T	26-06-2023	-	-
BBJN01000020.1_100	f8cc1cea64b64eecc5f2a6cf17c986c2	165	CDD	cd10911	PIN_LabA	8	155	3.71086E-56	T	26-06-2023	-	-
BBJN01000020.1_37	1d66ca01224da2d0fa3ab57ddc5f857c	181	MobiDBLite	mobidb-lite	consensus disorder prediction	1	24	-	T	26-06-2023	-	-
BBJN01000020.1_14	fb07248f802bdc089975a91c95e1fd3c	292	MobiDBLite	mobidb-lite	consensus disorder prediction	68	97	-	T	26-06-2023	-	-
BBJN01000020.1_14	fb07248f802bdc089975a91c95e1fd3c	292	SUPERFAMILY	SSF46785	"Winged helix" DNA-binding domain	209	275	1.67E-11	T	26-06-2023	IPR036390	Winged helix DNA-binding domain superfamily
BBJN01000020.1_14	fb07248f802bdc089975a91c95e1fd3c	292	Gene3D	G3DSA:1.10.10.10	-	196	283	2.7E-8	T	26-06-2023	IPR036388	Winged helix-like DNA-binding domain superfamily
BBJN01000020.1_14	fb07248f802bdc089975a91c95e1fd3c	292	Pfam	PF03551	Transcriptional regulator PadR-like family	209	269	2.7E-10	T	26-06-2023	IPR005149	Transcription regulator PadR, N-terminal
BBJN01000020.1_104	2896e3ebbaef830bb7a8f4a667bb992b	277	Pfam	PF14805	Tetrahydrodipicolinate N-succinyltransferase N-terminal	2	70	3.0E-20	T	26-06-2023	IPR023180	Tetrahydrodipicolinate-N-succinyltransferase, chain A, domain 1
BBJN01000020.1_104	2896e3ebbaef830bb7a8f4a667bb992b	277	SUPERFAMILY	SSF51161	Trimeric LpxA-like enzymes	6	230	5.41E-39	T	26-06-2023	IPR011004	Trimeric LpxA-like superfamily
BBJN01000020.1_104	2896e3ebbaef830bb7a8f4a667bb992b	277	CDD	cd03350	LbH_THP_succinylT	101	228	8.57601E-53	T	26-06-2023	-	-
BBJN01000020.1_104	2896e3ebbaef830bb7a8f4a667bb992b	277	Gene3D	G3DSA:1.10.166.10	-	1	71	8.1E-13	T	26-06-2023	IPR037133	Tetrahydrodipicolinate-N-succinyltransferase, N-terminal domain superfamily
BBJN01000020.1_104	2896e3ebbaef830bb7a8f4a667bb992b	277	Gene3D	G3DSA:2.160.10.10	Hexapeptide repeat proteins	90	257	9.4E-37	T	26-06-2023	-	-
BBJN01000020.1_19	4cbb897cd2336b0b2325ddd4748757b3	124	MobiDBLite	mobidb-lite	consensus disorder prediction	96	124	-	T	26-06-2023	-	-
BBJN01000020.1_95	0647752432608a45db634c1fa9bd8148	381	PANTHER	PTHR30535	VITAMIN B12-BINDING PROTEIN	5	322	7.5E-35	T	26-06-2023	-	-
BBJN01000020.1_95	0647752432608a45db634c1fa9bd8148	381	Gene3D	G3DSA:3.40.50.1980	Nitrogenase molybdenum iron protein domain	186	329	1.7E-18	T	26-06-2023	-	-
BBJN01000020.1_95	0647752432608a45db634c1fa9bd8148	381	Pfam	PF01497	Periplasmic binding protein	72	291	2.0E-12	T	26-06-2023	IPR002491	ABC transporter periplasmic binding domain
BBJN01000020.1_95	0647752432608a45db634c1fa9bd8148	381	SUPERFAMILY	SSF53807	"Helical backbone" metal receptor	54	316	7.06E-43	T	26-06-2023	-	-
BBJN01000020.1_95	0647752432608a45db634c1fa9bd8148	381	NCBIfam	TIGR04126	PGF-CTERM protein-sorting domain	354	381	2.8E-7	T	26-06-2023	IPR026371	PGF-CTERM archaeal protein-sorting signal
BBJN01000020.1_95	0647752432608a45db634c1fa9bd8148	381	Gene3D	G3DSA:3.40.50.1980	Nitrogenase molybdenum iron protein domain	52	184	2.7E-19	T	26-06-2023	-	-
BBJN01000020.1_95	0647752432608a45db634c1fa9bd8148	381	ProSiteProfiles	PS50983	Iron siderophore/cobalamin periplasmic-binding domain profile.	69	316	20.576488	T	26-06-2023	IPR002491	ABC transporter periplasmic binding domain
BBJN01000020.1_95	0647752432608a45db634c1fa9bd8148	381	MobiDBLite	mobidb-lite	consensus disorder prediction	327	356	-	T	26-06-2023	-	-
BBJN01000020.1_95	0647752432608a45db634c1fa9bd8148	381	MobiDBLite	mobidb-lite	consensus disorder prediction	327	362	-	T	26-06-2023	-	-
BBJN01000020.1_95	0647752432608a45db634c1fa9bd8148	381	NCBIfam	TIGR04281	PGF-CTERM-anchored ABC transporter substrate-binding protein	47	380	4.8E-113	T	26-06-2023	IPR026469	Putative ABC transporter PGF-CTERM-modified substrate-binding protein
BBJN01000020.1_107	df2bf72ccd04bc1e8cf250a4bf60db42	398	Pfam	PF01546	Peptidase family M20/M25/M40	60	380	1.3E-24	T	26-06-2023	IPR002933	Peptidase M20
BBJN01000020.1_107	df2bf72ccd04bc1e8cf250a4bf60db42	398	Pfam	PF07687	Peptidase dimerisation domain	170	272	2.9E-17	T	26-06-2023	IPR011650	Peptidase M20, dimerisation domain
BBJN01000020.1_107	df2bf72ccd04bc1e8cf250a4bf60db42	398	PANTHER	PTHR43808	ACETYLORNITHINE DEACETYLASE	4	384	4.3E-54	T	26-06-2023	-	-
BBJN01000020.1_107	df2bf72ccd04bc1e8cf250a4bf60db42	398	Gene3D	G3DSA:3.40.630.10	Zn peptidases	22	370	2.4E-53	T	26-06-2023	-	-
BBJN01000020.1_107	df2bf72ccd04bc1e8cf250a4bf60db42	398	Gene3D	G3DSA:3.30.70.360	-	173	287	2.4E-53	T	26-06-2023	-	-
BBJN01000020.1_107	df2bf72ccd04bc1e8cf250a4bf60db42	398	SUPERFAMILY	SSF55031	Bacterial exopeptidase dimerisation domain	176	284	6.73E-18	T	26-06-2023	IPR036264	Bacterial exopeptidase dimerisation domain
BBJN01000020.1_107	df2bf72ccd04bc1e8cf250a4bf60db42	398	SUPERFAMILY	SSF53187	Zn-dependent exopeptidases	6	384	5.19E-38	T	26-06-2023	-	-
BBJN01000020.1_16	7d6ab6d3d9a209814a909549934b3273	194	MobiDBLite	mobidb-lite	consensus disorder prediction	82	174	-	T	26-06-2023	-	-
BBJN01000020.1_16	7d6ab6d3d9a209814a909549934b3273	194	MobiDBLite	mobidb-lite	consensus disorder prediction	1	41	-	T	26-06-2023	-	-
BBJN01000020.1_16	7d6ab6d3d9a209814a909549934b3273	194	MobiDBLite	mobidb-lite	consensus disorder prediction	84	109	-	T	26-06-2023	-	-
BBJN01000020.1_30	46c1186bd902542c58929583204a971f	136	PANTHER	PTHR38138	VNG6441H	4	86	3.9E-17	T	26-06-2023	-	-
BBJN01000020.1_30	46c1186bd902542c58929583204a971f	136	Pfam	PF07790	Archaeal Type IV pilin, N-terminal	13	84	4.5E-25	T	26-06-2023	IPR012859	Archaeal Type IV pilin, N-terminal
BBJN01000020.1_30	46c1186bd902542c58929583204a971f	136	NCBIfam	TIGR02537	archaeal flagellin N-terminal-like domain	12	35	1.9E-7	T	26-06-2023	IPR013373	Flagellin/pilin, N-terminal site, archaea
BBJN01000020.1_94	a321bf997010399e9b5485b75d3f2767	357	Gene3D	G3DSA:1.10.3470.10	ABC transporter involved in vitamin B12 uptake, BtuC	5	355	8.8E-103	T	26-06-2023	IPR037294	ABC transporter, BtuC-like
BBJN01000020.1_94	a321bf997010399e9b5485b75d3f2767	357	PANTHER	PTHR30472	FERRIC ENTEROBACTIN TRANSPORT SYSTEM PERMEASE PROTEIN	8	353	4.4E-88	T	26-06-2023	IPR000522	ABC transporter, permease protein, BtuC-like
BBJN01000020.1_94	a321bf997010399e9b5485b75d3f2767	357	FunFam	G3DSA:1.10.3470.10:FF:000001	Vitamin B12 ABC transporter permease BtuC	5	355	1.2E-94	T	26-06-2023	-	-
BBJN01000020.1_94	a321bf997010399e9b5485b75d3f2767	357	Pfam	PF01032	FecCD transport family	21	351	4.3E-87	T	26-06-2023	IPR000522	ABC transporter, permease protein, BtuC-like
BBJN01000020.1_94	a321bf997010399e9b5485b75d3f2767	357	SUPERFAMILY	SSF81345	ABC transporter involved in vitamin B12 uptake, BtuC	4	351	1.31E-76	T	26-06-2023	IPR037294	ABC transporter, BtuC-like
BBJN01000020.1_94	a321bf997010399e9b5485b75d3f2767	357	CDD	cd06550	TM_ABC_iron-siderophores_like	82	349	5.13472E-54	T	26-06-2023	-	-
BBJN01000020.1_109	b60e5ae15f7efbb04bdd7c0a4b77d5a7	462	PANTHER	PTHR43411	ADENYLOSUCCINATE LYASE	8	460	0.0	T	26-06-2023	IPR047136	Adenylosuccinate lyase PurB, bacteria
BBJN01000020.1_109	b60e5ae15f7efbb04bdd7c0a4b77d5a7	462	SUPERFAMILY	SSF48557	L-aspartase-like	6	453	7.23E-88	T	26-06-2023	IPR008948	L-Aspartase-like
BBJN01000020.1_109	b60e5ae15f7efbb04bdd7c0a4b77d5a7	462	Gene3D	G3DSA:1.10.275.10	-	2	122	1.8E-31	T	26-06-2023	IPR024083	Fumarase/histidase, N-terminal
BBJN01000020.1_109	b60e5ae15f7efbb04bdd7c0a4b77d5a7	462	Pfam	PF08328	Adenylosuccinate lyase C-terminal	337	451	1.0E-42	T	26-06-2023	IPR013539	Adenylosuccinate lyase PurB, C-terminal
BBJN01000020.1_109	b60e5ae15f7efbb04bdd7c0a4b77d5a7	462	PRINTS	PR00149	Fumarate lyase superfamily signature	121	139	7.4E-16	T	26-06-2023	IPR000362	Fumarate lyase family
BBJN01000020.1_109	b60e5ae15f7efbb04bdd7c0a4b77d5a7	462	PRINTS	PR00149	Fumarate lyase superfamily signature	167	185	7.4E-16	T	26-06-2023	IPR000362	Fumarate lyase family
BBJN01000020.1_109	b60e5ae15f7efbb04bdd7c0a4b77d5a7	462	PRINTS	PR00149	Fumarate lyase superfamily signature	257	284	7.4E-16	T	26-06-2023	IPR000362	Fumarate lyase family
BBJN01000020.1_109	b60e5ae15f7efbb04bdd7c0a4b77d5a7	462	PRINTS	PR00149	Fumarate lyase superfamily signature	300	316	7.4E-16	T	26-06-2023	IPR000362	Fumarate lyase family
BBJN01000020.1_109	b60e5ae15f7efbb04bdd7c0a4b77d5a7	462	ProSitePatterns	PS00163	Fumarate lyases signature.	300	309	-	T	26-06-2023	IPR020557	Fumarate lyase, conserved site
BBJN01000020.1_109	b60e5ae15f7efbb04bdd7c0a4b77d5a7	462	Gene3D	G3DSA:1.10.40.30	-	388	451	1.7E-126	T	26-06-2023	-	-
BBJN01000020.1_109	b60e5ae15f7efbb04bdd7c0a4b77d5a7	462	Gene3D	G3DSA:1.20.200.10	Fumarase/aspartase (Central domain)	123	455	1.7E-126	T	26-06-2023	-	-
BBJN01000020.1_109	b60e5ae15f7efbb04bdd7c0a4b77d5a7	462	NCBIfam	TIGR00928	adenylosuccinate lyase	16	461	1.1E-97	T	26-06-2023	IPR004769	Adenylosuccinate lyase
BBJN01000020.1_109	b60e5ae15f7efbb04bdd7c0a4b77d5a7	462	Pfam	PF00206	Lyase	56	320	5.8E-51	T	26-06-2023	IPR022761	Fumarate lyase, N-terminal
BBJN01000020.1_105	2d2a7a2b42fe15c6c9ba57bc4b6d1992	326	SUPERFAMILY	SSF51419	PLP-binding barrel	25	184	2.99E-30	T	26-06-2023	IPR029066	PLP-binding barrel
BBJN01000020.1_105	2d2a7a2b42fe15c6c9ba57bc4b6d1992	326	PANTHER	PTHR43727	DIAMINOPIMELATE DECARBOXYLASE	43	310	9.3E-71	T	26-06-2023	-	-
BBJN01000020.1_105	2d2a7a2b42fe15c6c9ba57bc4b6d1992	326	Gene3D	G3DSA:2.40.37.10	Lyase, Ornithine Decarboxylase; Chain A, domain 1	178	309	5.6E-86	T	26-06-2023	IPR009006	Alanine racemase/group IV decarboxylase, C-terminal
BBJN01000020.1_105	2d2a7a2b42fe15c6c9ba57bc4b6d1992	326	MobiDBLite	mobidb-lite	consensus disorder prediction	303	326	-	T	26-06-2023	-	-
BBJN01000020.1_105	2d2a7a2b42fe15c6c9ba57bc4b6d1992	326	PRINTS	PR01179	Ornithine/diaminopimelate/arginine (ODA) decarboxylase family signature	89	102	2.5E-12	T	26-06-2023	IPR000183	Ornithine/DAP/Arg decarboxylase
BBJN01000020.1_105	2d2a7a2b42fe15c6c9ba57bc4b6d1992	326	PRINTS	PR01179	Ornithine/diaminopimelate/arginine (ODA) decarboxylase family signature	172	191	2.5E-12	T	26-06-2023	IPR000183	Ornithine/DAP/Arg decarboxylase
BBJN01000020.1_105	2d2a7a2b42fe15c6c9ba57bc4b6d1992	326	PRINTS	PR01179	Ornithine/diaminopimelate/arginine (ODA) decarboxylase family signature	273	286	2.5E-12	T	26-06-2023	IPR000183	Ornithine/DAP/Arg decarboxylase
BBJN01000020.1_105	2d2a7a2b42fe15c6c9ba57bc4b6d1992	326	SUPERFAMILY	SSF50621	Alanine racemase C-terminal domain-like	158	312	3.35E-47	T	26-06-2023	IPR009006	Alanine racemase/group IV decarboxylase, C-terminal
BBJN01000020.1_105	2d2a7a2b42fe15c6c9ba57bc4b6d1992	326	Coils	Coil	Coil	108	128	-	T	26-06-2023	-	-
BBJN01000020.1_105	2d2a7a2b42fe15c6c9ba57bc4b6d1992	326	CDD	cd06828	PLPDE_III_DapDC	3	294	1.10907E-111	T	26-06-2023	IPR002986	Diaminopimelate decarboxylase, LysA
BBJN01000020.1_105	2d2a7a2b42fe15c6c9ba57bc4b6d1992	326	Gene3D	G3DSA:3.20.20.10	Alanine racemase	32	177	5.6E-86	T	26-06-2023	IPR029066	PLP-binding barrel
BBJN01000020.1_105	2d2a7a2b42fe15c6c9ba57bc4b6d1992	326	Pfam	PF02784	Pyridoxal-dependent decarboxylase, pyridoxal binding domain	29	182	1.2E-22	T	26-06-2023	IPR022644	Orn/DAP/Arg decarboxylase 2, N-terminal
BBJN01000020.1_105	2d2a7a2b42fe15c6c9ba57bc4b6d1992	326	PRINTS	PR01181	Diaminopimelate decarboxylase signature	200	218	1.5E-6	T	26-06-2023	IPR002986	Diaminopimelate decarboxylase, LysA
BBJN01000020.1_105	2d2a7a2b42fe15c6c9ba57bc4b6d1992	326	PRINTS	PR01181	Diaminopimelate decarboxylase signature	283	305	1.5E-6	T	26-06-2023	IPR002986	Diaminopimelate decarboxylase, LysA
BBJN01000020.1_105	2d2a7a2b42fe15c6c9ba57bc4b6d1992	326	Pfam	PF00278	Pyridoxal-dependent decarboxylase, C-terminal sheet domain	183	273	7.5E-23	T	26-06-2023	IPR022643	Orn/DAP/Arg decarboxylase 2, C-terminal
BBJN01000020.1_2	1368af6b97476f6763061b1341b994d8	483	MobiDBLite	mobidb-lite	consensus disorder prediction	219	233	-	T	26-06-2023	-	-
BBJN01000020.1_2	1368af6b97476f6763061b1341b994d8	483	MobiDBLite	mobidb-lite	consensus disorder prediction	219	245	-	T	26-06-2023	-	-
BBJN01000020.1_2	1368af6b97476f6763061b1341b994d8	483	NCBIfam	TIGR04088	SipW-dependent-type signal peptide	48	79	1.1E-5	T	26-06-2023	IPR023833	SipW-dependent-type signal peptide
BBJN01000020.1_51	ff86508e567bf412623e2cabb0ed51bd	217	SUPERFAMILY	SSF51735	NAD(P)-binding Rossmann-fold domains	7	144	1.01E-29	T	26-06-2023	IPR036291	NAD(P)-binding domain superfamily
BBJN01000020.1_51	ff86508e567bf412623e2cabb0ed51bd	217	Gene3D	G3DSA:3.40.50.720	-	7	129	4.2E-31	T	26-06-2023	-	-
BBJN01000020.1_51	ff86508e567bf412623e2cabb0ed51bd	217	SUPERFAMILY	SSF116726	TrkA C-terminal domain-like	136	214	1.83E-5	T	26-06-2023	IPR036721	Regulator of K+ conductance, C-terminal domain superfamily
BBJN01000020.1_51	ff86508e567bf412623e2cabb0ed51bd	217	ProSiteProfiles	PS51202	RCK C-terminal domain profile.	136	217	11.130128	T	26-06-2023	IPR006037	Regulator of K+ conductance, C-terminal
BBJN01000020.1_51	ff86508e567bf412623e2cabb0ed51bd	217	PANTHER	PTHR43833	POTASSIUM CHANNEL PROTEIN 2-RELATED-RELATED	7	216	4.6E-37	T	26-06-2023	-	-
BBJN01000020.1_51	ff86508e567bf412623e2cabb0ed51bd	217	ProSiteProfiles	PS51201	RCK N-terminal domain profile.	6	117	13.823311	T	26-06-2023	IPR003148	Regulator of K+ conductance, N-terminal
BBJN01000020.1_51	ff86508e567bf412623e2cabb0ed51bd	217	PRINTS	PR00335	TrkA potassium uptake protein signature	6	20	8.3E-9	T	26-06-2023	IPR006036	Potassium uptake protein TrkA
BBJN01000020.1_51	ff86508e567bf412623e2cabb0ed51bd	217	PRINTS	PR00335	TrkA potassium uptake protein signature	23	37	8.3E-9	T	26-06-2023	IPR006036	Potassium uptake protein TrkA
BBJN01000020.1_51	ff86508e567bf412623e2cabb0ed51bd	217	PRINTS	PR00335	TrkA potassium uptake protein signature	53	63	8.3E-9	T	26-06-2023	IPR006036	Potassium uptake protein TrkA
BBJN01000020.1_51	ff86508e567bf412623e2cabb0ed51bd	217	PRINTS	PR00335	TrkA potassium uptake protein signature	64	74	8.3E-9	T	26-06-2023	IPR006036	Potassium uptake protein TrkA
BBJN01000020.1_51	ff86508e567bf412623e2cabb0ed51bd	217	Pfam	PF02080	TrkA-C domain	152	215	9.8E-9	T	26-06-2023	IPR006037	Regulator of K+ conductance, C-terminal
BBJN01000020.1_51	ff86508e567bf412623e2cabb0ed51bd	217	Gene3D	G3DSA:3.30.70.1450	-	130	217	3.5E-8	T	26-06-2023	IPR036721	Regulator of K+ conductance, C-terminal domain superfamily
BBJN01000020.1_51	ff86508e567bf412623e2cabb0ed51bd	217	Pfam	PF02254	TrkA-N domain	8	110	1.6E-25	T	26-06-2023	IPR003148	Regulator of K+ conductance, N-terminal
BBJN01000020.1_110	261b4f1a092606a813c4b753fce958ba	538	SUPERFAMILY	SSF53328	Formyltransferase	1	190	1.83E-45	T	26-06-2023	IPR036477	Formyl transferase, N-terminal domain superfamily
BBJN01000020.1_110	261b4f1a092606a813c4b753fce958ba	538	SUPERFAMILY	SSF53927	Cytidine deaminase-like	220	537	1.5E-113	T	26-06-2023	IPR016193	Cytidine deaminase-like
BBJN01000020.1_110	261b4f1a092606a813c4b753fce958ba	538	ProSitePatterns	PS00373	Phosphoribosylglycinamide formyltransferase active site.	129	152	-	T	26-06-2023	IPR001555	Phosphoribosylglycinamide formyltransferase, active site
BBJN01000020.1_110	261b4f1a092606a813c4b753fce958ba	538	Gene3D	G3DSA:3.40.50.170	-	1	195	1.0E-51	T	26-06-2023	-	-
BBJN01000020.1_110	261b4f1a092606a813c4b753fce958ba	538	SMART	SM00798	aicarft_impchas	163	467	3.1E-106	T	26-06-2023	IPR002695	Bifunctional purine biosynthesis protein PurH-like
BBJN01000020.1_110	261b4f1a092606a813c4b753fce958ba	538	Pfam	PF00551	Formyl transferase	23	178	9.0E-37	T	26-06-2023	IPR002376	Formyl transferase, N-terminal
BBJN01000020.1_110	261b4f1a092606a813c4b753fce958ba	538	Gene3D	G3DSA:3.40.140.20	-	215	369	2.3E-55	T	26-06-2023	IPR024051	AICAR transformylase, duplicated domain superfamily
BBJN01000020.1_110	261b4f1a092606a813c4b753fce958ba	538	FunFam	G3DSA:3.40.140.20:FF:000001	Bifunctional purine biosynthesis protein PurH	401	537	3.6E-54	T	26-06-2023	-	-
BBJN01000020.1_110	261b4f1a092606a813c4b753fce958ba	538	PIRSF	PIRSF000414	PurH	1	537	0.0	T	26-06-2023	IPR002695	Bifunctional purine biosynthesis protein PurH-like
BBJN01000020.1_110	261b4f1a092606a813c4b753fce958ba	538	PANTHER	PTHR11692	BIFUNCTIONAL PURINE BIOSYNTHESIS PROTEIN PURH	75	537	1.4E-112	T	26-06-2023	IPR002695	Bifunctional purine biosynthesis protein PurH-like
BBJN01000020.1_110	261b4f1a092606a813c4b753fce958ba	538	Pfam	PF01808	AICARFT/IMPCHase bienzyme	209	466	2.0E-87	T	26-06-2023	IPR002695	Bifunctional purine biosynthesis protein PurH-like
BBJN01000020.1_110	261b4f1a092606a813c4b753fce958ba	538	Hamap	MF_01930	Phosphoribosylglycinamide formyltransferase [purN].	2	184	24.9492	T	26-06-2023	IPR004607	Phosphoribosylglycinamide formyltransferase
BBJN01000020.1_110	261b4f1a092606a813c4b753fce958ba	538	CDD	cd08645	FMT_core_GART	2	181	9.04468E-64	T	26-06-2023	IPR004607	Phosphoribosylglycinamide formyltransferase
BBJN01000020.1_110	261b4f1a092606a813c4b753fce958ba	538	Gene3D	G3DSA:3.40.140.20	-	399	537	1.1E-54	T	26-06-2023	IPR024051	AICAR transformylase, duplicated domain superfamily
BBJN01000020.1_98	04b80911cad65f089eaf8be65da67085	326	SMART	SM00730	psh_8	41	316	3.8E-43	T	26-06-2023	IPR006639	Presenilin/signal peptide peptidase
BBJN01000020.1_98	04b80911cad65f089eaf8be65da67085	326	MobiDBLite	mobidb-lite	consensus disorder prediction	194	211	-	T	26-06-2023	-	-
BBJN01000020.1_98	04b80911cad65f089eaf8be65da67085	326	Pfam	PF06550	Signal-peptide peptidase, presenilin aspartyl protease	15	318	5.7E-85	T	26-06-2023	IPR010545	Signal-peptide peptidase, presenilin aspartyl protease
BBJN01000020.1_98	04b80911cad65f089eaf8be65da67085	326	MobiDBLite	mobidb-lite	consensus disorder prediction	194	223	-	T	26-06-2023	-	-
BBJN01000020.1_22	348df927a328cae35e54fc7eac818ae4	131	MobiDBLite	mobidb-lite	consensus disorder prediction	101	131	-	T	26-06-2023	-	-
BBJN01000020.1_22	348df927a328cae35e54fc7eac818ae4	131	MobiDBLite	mobidb-lite	consensus disorder prediction	113	131	-	T	26-06-2023	-	-
BBJN01000020.1_22	348df927a328cae35e54fc7eac818ae4	131	Coils	Coil	Coil	60	94	-	T	26-06-2023	-	-
BBJN01000020.1_20	8a18bed806ee3ffa61965ba79f31fa61	280	Coils	Coil	Coil	82	102	-	T	26-06-2023	-	-
BBJN01000020.1_20	8a18bed806ee3ffa61965ba79f31fa61	280	MobiDBLite	mobidb-lite	consensus disorder prediction	105	119	-	T	26-06-2023	-	-
BBJN01000020.1_20	8a18bed806ee3ffa61965ba79f31fa61	280	MobiDBLite	mobidb-lite	consensus disorder prediction	99	119	-	T	26-06-2023	-	-
BBJN01000020.1_46	eb74cc46f9fadd9be4454edddaec16e2	594	MobiDBLite	mobidb-lite	consensus disorder prediction	167	217	-	T	26-06-2023	-	-
BBJN01000020.1_46	eb74cc46f9fadd9be4454edddaec16e2	594	MobiDBLite	mobidb-lite	consensus disorder prediction	457	496	-	T	26-06-2023	-	-
BBJN01000020.1_64	74305cbb8fc78f2510fe8d7c61f1b3e0	295	MobiDBLite	mobidb-lite	consensus disorder prediction	149	173	-	T	26-06-2023	-	-
BBJN01000020.1_93	f6c7fe7de79e56b50a38fd28c2771787	428	Gene3D	G3DSA:3.40.50.300	-	10	270	1.5E-70	T	26-06-2023	IPR027417	P-loop containing nucleoside triphosphate hydrolase
BBJN01000020.1_93	f6c7fe7de79e56b50a38fd28c2771787	428	ProSiteProfiles	PS50893	ATP-binding cassette, ABC transporter-type domain profile.	19	254	23.709585	T	26-06-2023	IPR003439	ABC transporter-like, ATP-binding domain
BBJN01000020.1_93	f6c7fe7de79e56b50a38fd28c2771787	428	FunFam	G3DSA:3.40.50.300:FF:000134	Iron-enterobactin ABC transporter ATP-binding protein	18	267	2.8E-73	T	26-06-2023	-	-
BBJN01000020.1_93	f6c7fe7de79e56b50a38fd28c2771787	428	Pfam	PF00005	ABC transporter	34	183	1.6E-29	T	26-06-2023	IPR003439	ABC transporter-like, ATP-binding domain
BBJN01000020.1_93	f6c7fe7de79e56b50a38fd28c2771787	428	SUPERFAMILY	SSF52540	P-loop containing nucleoside triphosphate hydrolases	17	244	1.93E-60	T	26-06-2023	IPR027417	P-loop containing nucleoside triphosphate hydrolase
BBJN01000020.1_93	f6c7fe7de79e56b50a38fd28c2771787	428	PANTHER	PTHR42794	HEMIN IMPORT ATP-BINDING PROTEIN HMUV	19	272	7.9E-89	T	26-06-2023	-	-
BBJN01000020.1_93	f6c7fe7de79e56b50a38fd28c2771787	428	SMART	SM00382	AAA_5	43	230	1.8E-15	T	26-06-2023	IPR003593	AAA+ ATPase domain
BBJN01000020.1_93	f6c7fe7de79e56b50a38fd28c2771787	428	CDD	cd03214	ABC_Iron-Siderophores_B12_Hemin	20	236	1.65037E-78	T	26-06-2023	-	-
BBJN01000020.1_93	f6c7fe7de79e56b50a38fd28c2771787	428	ProSitePatterns	PS00211	ABC transporters family signature.	155	169	-	T	26-06-2023	IPR017871	ABC transporter-like, conserved site
BBJN01000020.1_115	2969596c2901eb2c61b7292249ffa565	429	CDD	cd14728	Ere-like	36	412	6.63488E-95	T	26-06-2023	IPR007815	Erythromycin esterase
BBJN01000020.1_115	2969596c2901eb2c61b7292249ffa565	429	Gene3D	G3DSA:1.20.1440.30	Biosynthetic Protein domain	147	273	3.5E-85	T	26-06-2023	-	-
BBJN01000020.1_115	2969596c2901eb2c61b7292249ffa565	429	Pfam	PF05139	Erythromycin esterase	66	412	5.9E-66	T	26-06-2023	IPR007815	Erythromycin esterase
BBJN01000020.1_115	2969596c2901eb2c61b7292249ffa565	429	PANTHER	PTHR31299	ESTERASE, PUTATIVE (AFU_ORTHOLOGUE AFUA_1G05850)-RELATED	4	420	9.9E-65	T	26-06-2023	-	-
BBJN01000020.1_115	2969596c2901eb2c61b7292249ffa565	429	PIRSF	PIRSF036794	UCP_erythr_ester	9	424	1.4E-66	T	26-06-2023	IPR014622	Uncharacterised conserved protein UCP036794, erythromycin esterase-type
BBJN01000020.1_115	2969596c2901eb2c61b7292249ffa565	429	Gene3D	G3DSA:3.40.1660.10	-	15	413	3.5E-85	T	26-06-2023	-	-
BBJN01000020.1_115	2969596c2901eb2c61b7292249ffa565	429	Gene3D	G3DSA:3.30.1870.10	-	68	146	3.5E-85	T	26-06-2023	-	-
BBJN01000020.1_115	2969596c2901eb2c61b7292249ffa565	429	SUPERFAMILY	SSF159501	EreA/ChaN-like	6	418	5.23E-86	T	26-06-2023	-	-
