BMCI01000011.1_14	35776e44cec3650c2270311cf6bd7075	829	SUPERFAMILY	SSF52540	P-loop containing nucleoside triphosphate hydrolases	169	572	1.54E-6	T	26-06-2023	IPR027417	P-loop containing nucleoside triphosphate hydrolase
BMCI01000011.1_14	35776e44cec3650c2270311cf6bd7075	829	Gene3D	G3DSA:3.40.50.300	-	428	582	1.9E-8	T	26-06-2023	IPR027417	P-loop containing nucleoside triphosphate hydrolase
BMCI01000011.1_19	0627e302cbc77a31f905411316888c1c	428	Pfam	PF08281	Sigma-70, region 4	46	87	8.7E-7	T	26-06-2023	IPR013249	RNA polymerase sigma factor 70, region 4 type 2
BMCI01000011.1_19	0627e302cbc77a31f905411316888c1c	428	SUPERFAMILY	SSF46894	C-terminal effector domain of the bipartite response regulators	42	88	1.5E-6	T	26-06-2023	IPR016032	Signal transduction response regulator, C-terminal effector
BMCI01000011.1_19	0627e302cbc77a31f905411316888c1c	428	Gene3D	G3DSA:1.10.10.10	-	44	111	1.1E-8	T	26-06-2023	IPR036388	Winged helix-like DNA-binding domain superfamily
BMCI01000011.1_19	0627e302cbc77a31f905411316888c1c	428	MobiDBLite	mobidb-lite	consensus disorder prediction	25	45	-	T	26-06-2023	-	-
BMCI01000011.1_19	0627e302cbc77a31f905411316888c1c	428	Coils	Coil	Coil	81	101	-	T	26-06-2023	-	-
BMCI01000011.1_19	0627e302cbc77a31f905411316888c1c	428	SMART	SM00421	luxrmega5	43	98	0.0039	T	26-06-2023	IPR000792	Transcription regulator LuxR, C-terminal
BMCI01000011.1_21	471c26de473dd6d03b7cda824aa6d0c4	113	SUPERFAMILY	SSF46785	"Winged helix" DNA-binding domain	30	85	1.5E-5	T	26-06-2023	IPR036390	Winged helix DNA-binding domain superfamily
BMCI01000011.1_21	471c26de473dd6d03b7cda824aa6d0c4	113	SMART	SM00418	arsrmega2	20	100	0.0066	T	26-06-2023	IPR001845	HTH ArsR-type DNA-binding domain
BMCI01000011.1_24	bd09f337bbff673ce3b2238a535ed54e	613	SUPERFAMILY	SSF53098	Ribonuclease H-like	486	555	8.34E-6	T	26-06-2023	IPR012337	Ribonuclease H-like superfamily
BMCI01000011.1_24	bd09f337bbff673ce3b2238a535ed54e	613	PANTHER	PTHR33258	TRANSPOSASE INSL FOR INSERTION SEQUENCE ELEMENT IS186A-RELATED	298	609	9.1E-17	T	26-06-2023	-	-
BMCI01000011.1_24	bd09f337bbff673ce3b2238a535ed54e	613	MobiDBLite	mobidb-lite	consensus disorder prediction	1	48	-	T	26-06-2023	-	-
BMCI01000011.1_24	bd09f337bbff673ce3b2238a535ed54e	613	MobiDBLite	mobidb-lite	consensus disorder prediction	1	40	-	T	26-06-2023	-	-
BMCI01000011.1_24	bd09f337bbff673ce3b2238a535ed54e	613	Pfam	PF01609	Transposase DDE domain	326	533	5.5E-9	T	26-06-2023	IPR002559	Transposase IS4-like domain
BMCI01000011.1_18	32fa99db58952d8c110a8a369a6f8d8d	400	ProSiteProfiles	PS51898	Tyrosine recombinase domain profile.	147	391	20.66975	T	26-06-2023	IPR002104	Integrase, catalytic domain
BMCI01000011.1_18	32fa99db58952d8c110a8a369a6f8d8d	400	SUPERFAMILY	SSF56349	DNA breaking-rejoining enzymes	81	388	2.94E-22	T	26-06-2023	IPR011010	DNA breaking-rejoining enzyme, catalytic core
BMCI01000011.1_18	32fa99db58952d8c110a8a369a6f8d8d	400	Pfam	PF00589	Phage integrase family	180	382	1.9E-9	T	26-06-2023	IPR002104	Integrase, catalytic domain
BMCI01000011.1_18	32fa99db58952d8c110a8a369a6f8d8d	400	Gene3D	G3DSA:1.10.443.10	Intergrase catalytic core	145	395	1.4E-23	T	26-06-2023	IPR013762	Integrase-like, catalytic domain superfamily
BMCI01000011.1_18	32fa99db58952d8c110a8a369a6f8d8d	400	Gene3D	G3DSA:1.10.150.130	-	55	139	5.5E-6	T	26-06-2023	IPR010998	Integrase/recombinase, N-terminal
BMCI01000011.1_12	268067d1115eccf2f966a66a5220a6e5	604	MobiDBLite	mobidb-lite	consensus disorder prediction	269	289	-	T	26-06-2023	-	-
BMCI01000011.1_28	f071fe1d632dbb5c2e6fba5d24e170a9	80	MobiDBLite	mobidb-lite	consensus disorder prediction	1	20	-	T	26-06-2023	-	-
BMCI01000011.1_36	c13df080722ec1b30b832a1c6c460f99	385	SUPERFAMILY	SSF46894	C-terminal effector domain of the bipartite response regulators	320	369	1.19E-5	T	26-06-2023	IPR016032	Signal transduction response regulator, C-terminal effector
BMCI01000011.1_36	c13df080722ec1b30b832a1c6c460f99	385	Gene3D	G3DSA:1.10.10.10	-	323	382	4.1E-6	T	26-06-2023	IPR036388	Winged helix-like DNA-binding domain superfamily
BMCI01000011.1_16	53dfd2c152b17bb2919f5a3a4a005a2c	524	MobiDBLite	mobidb-lite	consensus disorder prediction	160	201	-	T	26-06-2023	-	-
BMCI01000011.1_16	53dfd2c152b17bb2919f5a3a4a005a2c	524	Coils	Coil	Coil	522	524	-	T	26-06-2023	-	-
BMCI01000011.1_25	47cfe766d68d642be5e182fd842fd594	45	Coils	Coil	Coil	6	26	-	T	26-06-2023	-	-
BMCI01000011.1_25	47cfe766d68d642be5e182fd842fd594	45	MobiDBLite	mobidb-lite	consensus disorder prediction	25	45	-	T	26-06-2023	-	-
BMCI01000011.1_9	6de867912fbbd84411235086f25d1de6	230	Coils	Coil	Coil	206	230	-	T	26-06-2023	-	-
BMCI01000011.1_9	6de867912fbbd84411235086f25d1de6	230	MobiDBLite	mobidb-lite	consensus disorder prediction	1	24	-	T	26-06-2023	-	-
BMCI01000011.1_9	6de867912fbbd84411235086f25d1de6	230	MobiDBLite	mobidb-lite	consensus disorder prediction	208	222	-	T	26-06-2023	-	-
BMCI01000011.1_9	6de867912fbbd84411235086f25d1de6	230	MobiDBLite	mobidb-lite	consensus disorder prediction	201	230	-	T	26-06-2023	-	-
BMCI01000011.1_11	3f791732686f27207240193a49f2ea36	457	MobiDBLite	mobidb-lite	consensus disorder prediction	27	57	-	T	26-06-2023	-	-
BMCI01000011.1_11	3f791732686f27207240193a49f2ea36	457	MobiDBLite	mobidb-lite	consensus disorder prediction	426	457	-	T	26-06-2023	-	-
BMCI01000011.1_11	3f791732686f27207240193a49f2ea36	457	Coils	Coil	Coil	413	433	-	T	26-06-2023	-	-
BMCI01000011.1_15	242a9431c6c80417b50a17419e084670	325	Pfam	PF17207	MCM OB domain	104	226	7.6E-10	T	26-06-2023	IPR033762	MCM OB domain
BMCI01000011.1_15	242a9431c6c80417b50a17419e084670	325	Coils	Coil	Coil	292	312	-	T	26-06-2023	-	-
BMCI01000011.1_15	242a9431c6c80417b50a17419e084670	325	PANTHER	PTHR11630	DNA REPLICATION LICENSING FACTOR MCM FAMILY MEMBER	33	275	3.6E-14	T	26-06-2023	IPR031327	Mini-chromosome maintenance protein
BMCI01000011.1_15	242a9431c6c80417b50a17419e084670	325	Gene3D	G3DSA:2.40.50.140	-	104	233	2.5E-18	T	26-06-2023	IPR012340	Nucleic acid-binding, OB-fold
BMCI01000011.1_15	242a9431c6c80417b50a17419e084670	325	Gene3D	G3DSA:2.20.28.10	-	128	179	2.5E-18	T	26-06-2023	-	-
BMCI01000011.1_15	242a9431c6c80417b50a17419e084670	325	SUPERFAMILY	SSF50249	Nucleic acid-binding proteins	25	229	1.4E-21	T	26-06-2023	IPR012340	Nucleic acid-binding, OB-fold
BMCI01000011.1_15	242a9431c6c80417b50a17419e084670	325	Gene3D	G3DSA:3.30.1640.10	-	4	96	1.7E-8	T	26-06-2023	-	-
BMCI01000011.1_2	ce133d182b0edec3ffb0390dce9995a4	109	MobiDBLite	mobidb-lite	consensus disorder prediction	90	109	-	T	26-06-2023	-	-
BMCI01000011.1_17	595b7837a15f8d9555ec27079300ad61	122	Gene3D	G3DSA:1.10.150.20	-	61	122	5.6E-9	T	26-06-2023	-	-
BMCI01000011.1_17	595b7837a15f8d9555ec27079300ad61	122	Pfam	PF12826	Helix-hairpin-helix motif	78	119	1.4E-6	T	26-06-2023	IPR041663	DisA/LigA, helix-hairpin-helix motif
BMCI01000011.1_17	595b7837a15f8d9555ec27079300ad61	122	SUPERFAMILY	SSF47781	RuvA domain 2-like	64	120	7.63E-10	T	26-06-2023	IPR010994	RuvA domain 2-like
BMCI01000011.1_23	6dfd3b0fc18e2aec0141e9c4fd329ea9	238	Pfam	PF18780	Homing endonuclease associated repeat	68	118	2.3E-15	T	26-06-2023	IPR041025	Homing endonuclease associated repeat
BMCI01000011.1_23	6dfd3b0fc18e2aec0141e9c4fd329ea9	238	Pfam	PF18780	Homing endonuclease associated repeat	1	54	1.9E-9	T	26-06-2023	IPR041025	Homing endonuclease associated repeat
BMCI01000011.1_22	699fa4000ae406538f829418219227ba	222	Pfam	PF13482	RNase_H superfamily	16	118	9.4E-6	T	26-06-2023	IPR038720	YprB, ribonuclease H-like domain
BMCI01000011.1_22	699fa4000ae406538f829418219227ba	222	Gene3D	G3DSA:3.30.420.10	-	12	161	6.5E-10	T	26-06-2023	IPR036397	Ribonuclease H superfamily
BMCI01000011.1_22	699fa4000ae406538f829418219227ba	222	SUPERFAMILY	SSF53098	Ribonuclease H-like	12	121	3.2E-15	T	26-06-2023	IPR012337	Ribonuclease H-like superfamily
BMCI01000011.1_34	25e5d46216e4f15fe1f6ad89f42b0dac	228	Pfam	PF18780	Homing endonuclease associated repeat	62	115	7.5E-15	T	26-06-2023	IPR041025	Homing endonuclease associated repeat
BMCI01000011.1_34	25e5d46216e4f15fe1f6ad89f42b0dac	228	Pfam	PF18780	Homing endonuclease associated repeat	126	177	2.5E-18	T	26-06-2023	IPR041025	Homing endonuclease associated repeat
BMCI01000011.1_34	25e5d46216e4f15fe1f6ad89f42b0dac	228	Pfam	PF18780	Homing endonuclease associated repeat	3	56	2.9E-19	T	26-06-2023	IPR041025	Homing endonuclease associated repeat
BMCI01000011.1_29	b3672b5e58f5425f709f126772f6f963	137	MobiDBLite	mobidb-lite	consensus disorder prediction	29	55	-	T	26-06-2023	-	-
BMCI01000011.1_29	b3672b5e58f5425f709f126772f6f963	137	MobiDBLite	mobidb-lite	consensus disorder prediction	31	49	-	T	26-06-2023	-	-
BMCI01000011.1_10	fc070211ba6f2e07b343fdf21fb18bf7	353	MobiDBLite	mobidb-lite	consensus disorder prediction	313	353	-	T	26-06-2023	-	-
BMCI01000011.1_10	fc070211ba6f2e07b343fdf21fb18bf7	353	MobiDBLite	mobidb-lite	consensus disorder prediction	330	345	-	T	26-06-2023	-	-
BMCI01000011.1_10	fc070211ba6f2e07b343fdf21fb18bf7	353	Coils	Coil	Coil	252	293	-	T	26-06-2023	-	-
BMCI01000011.1_27	111745491d5d58fbead2bca521bf5ea5	87	MobiDBLite	mobidb-lite	consensus disorder prediction	1	21	-	T	26-06-2023	-	-
BMCI01000011.1_27	111745491d5d58fbead2bca521bf5ea5	87	Gene3D	G3DSA:1.10.10.10	-	25	81	8.0E-6	T	26-06-2023	IPR036388	Winged helix-like DNA-binding domain superfamily
BMCI01000011.1_27	111745491d5d58fbead2bca521bf5ea5	87	MobiDBLite	mobidb-lite	consensus disorder prediction	1	20	-	T	26-06-2023	-	-
BMCI01000011.1_27	111745491d5d58fbead2bca521bf5ea5	87	SUPERFAMILY	SSF46785	"Winged helix" DNA-binding domain	22	76	4.92E-6	T	26-06-2023	IPR036390	Winged helix DNA-binding domain superfamily
BMCI01000011.1_8	e003bc43480d4899cbff2d7c97005b18	97	MobiDBLite	mobidb-lite	consensus disorder prediction	72	97	-	T	26-06-2023	-	-
BMCI01000011.1_8	e003bc43480d4899cbff2d7c97005b18	97	MobiDBLite	mobidb-lite	consensus disorder prediction	59	97	-	T	26-06-2023	-	-
