BMCI01000010.1_49	67efbbcc34c6853653a90e53e351d939	270	MobiDBLite	mobidb-lite	consensus disorder prediction	1	21	-	T	26-06-2023	-	-
BMCI01000010.1_18	5f21d777fcb45eed91c4df41fab85ea9	109	MobiDBLite	mobidb-lite	consensus disorder prediction	82	109	-	T	26-06-2023	-	-
BMCI01000010.1_65	5b5d14ae525be995019f0aa2bc1677b7	257	ProSiteProfiles	PS51318	Twin arginine translocation (Tat) signal profile.	1	32	8.750582	T	26-06-2023	IPR006311	Twin-arginine translocation pathway, signal sequence
BMCI01000010.1_28	74e5d6a570a14438d415f247b18c3a48	145	MobiDBLite	mobidb-lite	consensus disorder prediction	123	145	-	T	26-06-2023	-	-
BMCI01000010.1_56	17d060aedd533800460cc515eeadc5a5	82	MobiDBLite	mobidb-lite	consensus disorder prediction	1	19	-	T	26-06-2023	-	-
BMCI01000010.1_56	17d060aedd533800460cc515eeadc5a5	82	MobiDBLite	mobidb-lite	consensus disorder prediction	1	24	-	T	26-06-2023	-	-
BMCI01000010.1_56	17d060aedd533800460cc515eeadc5a5	82	Gene3D	G3DSA:1.10.10.10	-	27	79	1.5E-5	T	26-06-2023	IPR036388	Winged helix-like DNA-binding domain superfamily
BMCI01000010.1_56	17d060aedd533800460cc515eeadc5a5	82	Pfam	PF04703	FaeA-like protein	33	71	1.8E-5	T	26-06-2023	IPR006793	FaeA-like protein
BMCI01000010.1_20	2cc59356a7f4e5ca0a0f0392cbc13ab7	71	MobiDBLite	mobidb-lite	consensus disorder prediction	44	71	-	T	26-06-2023	-	-
BMCI01000010.1_55	32514c91b5c0d88d1ff09bb944f0e58b	45	MobiDBLite	mobidb-lite	consensus disorder prediction	1	45	-	T	26-06-2023	-	-
BMCI01000010.1_55	32514c91b5c0d88d1ff09bb944f0e58b	45	MobiDBLite	mobidb-lite	consensus disorder prediction	1	15	-	T	26-06-2023	-	-
BMCI01000010.1_8	b351f2d6ac7766be21f444e1373be0b0	110	ProSiteProfiles	PS50966	Zinc finger SWIM-type profile.	51	83	8.258541	T	26-06-2023	IPR007527	Zinc finger, SWIM-type
BMCI01000010.1_12	96d643e1753a46ba8c5e363766bb1ca6	125	Gene3D	G3DSA:1.10.10.10	-	12	105	2.0E-5	T	26-06-2023	IPR036388	Winged helix-like DNA-binding domain superfamily
BMCI01000010.1_12	96d643e1753a46ba8c5e363766bb1ca6	125	SUPERFAMILY	SSF46785	"Winged helix" DNA-binding domain	26	100	7.69E-5	T	26-06-2023	IPR036390	Winged helix DNA-binding domain superfamily
BMCI01000010.1_37	7507dfd724ea005738b574a63d7d0e4f	166	PIRSF	PIRSF032209	UCP032209	5	162	8.1E-57	T	26-06-2023	IPR016992	Uncharacterised conserved protein UCP032209
BMCI01000010.1_37	7507dfd724ea005738b574a63d7d0e4f	166	Pfam	PF07799	Protein of unknown function (DUF1643)	20	150	5.0E-47	T	26-06-2023	IPR012441	Protein of unknown function DUF1643
BMCI01000010.1_47	b0806a2ae27ab7143e60a75cdd014efc	107	MobiDBLite	mobidb-lite	consensus disorder prediction	88	107	-	T	26-06-2023	-	-
BMCI01000010.1_47	b0806a2ae27ab7143e60a75cdd014efc	107	MobiDBLite	mobidb-lite	consensus disorder prediction	80	107	-	T	26-06-2023	-	-
BMCI01000010.1_17	9d7b359c9997545058fb6393606c3a16	283	Pfam	PF13614	AAA domain	11	196	5.4E-20	T	26-06-2023	IPR025669	AAA domain
BMCI01000010.1_17	9d7b359c9997545058fb6393606c3a16	283	SUPERFAMILY	SSF52540	P-loop containing nucleoside triphosphate hydrolases	1	253	1.67E-28	T	26-06-2023	IPR027417	P-loop containing nucleoside triphosphate hydrolase
BMCI01000010.1_17	9d7b359c9997545058fb6393606c3a16	283	Gene3D	G3DSA:3.40.50.300	-	1	283	4.5E-41	T	26-06-2023	IPR027417	P-loop containing nucleoside triphosphate hydrolase
BMCI01000010.1_17	9d7b359c9997545058fb6393606c3a16	283	ProSiteProfiles	PS51257	Prokaryotic membrane lipoprotein lipid attachment site profile.	1	33	6.0	T	26-06-2023	-	-
BMCI01000010.1_17	9d7b359c9997545058fb6393606c3a16	283	Coils	Coil	Coil	174	194	-	T	26-06-2023	-	-
BMCI01000010.1_17	9d7b359c9997545058fb6393606c3a16	283	PANTHER	PTHR13696	P-LOOP CONTAINING NUCLEOSIDE TRIPHOSPHATE HYDROLASE	2	230	5.7E-25	T	26-06-2023	-	-
BMCI01000010.1_17	9d7b359c9997545058fb6393606c3a16	283	Coils	Coil	Coil	260	280	-	T	26-06-2023	-	-
BMCI01000010.1_17	9d7b359c9997545058fb6393606c3a16	283	CDD	cd02042	ParAB_family	141	224	1.80103E-13	T	26-06-2023	-	-
BMCI01000010.1_15	728ee3334afd88ba0c1bf4d989b375ab	195	MobiDBLite	mobidb-lite	consensus disorder prediction	1	22	-	T	26-06-2023	-	-
BMCI01000010.1_19	f41d1ac5fd0f9d3b6195b7c815eb8ad3	87	MobiDBLite	mobidb-lite	consensus disorder prediction	73	87	-	T	26-06-2023	-	-
BMCI01000010.1_19	f41d1ac5fd0f9d3b6195b7c815eb8ad3	87	MobiDBLite	mobidb-lite	consensus disorder prediction	65	87	-	T	26-06-2023	-	-
BMCI01000010.1_57	d3b4a5e107d4915e3487d3420ebd8871	185	CDD	cd00085	HNHc	4	44	1.59204E-5	T	26-06-2023	IPR003615	HNH nuclease
BMCI01000010.1_57	d3b4a5e107d4915e3487d3420ebd8871	185	Pfam	PF01844	HNH endonuclease	5	45	3.9E-7	T	26-06-2023	IPR002711	HNH endonuclease
BMCI01000010.1_57	d3b4a5e107d4915e3487d3420ebd8871	185	Gene3D	G3DSA:1.10.30.50	-	2	68	4.3E-8	T	26-06-2023	-	-
BMCI01000010.1_50	5410b0ead1ce40717db0f50e1876b621	572	Gene3D	G3DSA:3.40.50.300	-	10	263	1.7E-49	T	26-06-2023	IPR027417	P-loop containing nucleoside triphosphate hydrolase
BMCI01000010.1_50	5410b0ead1ce40717db0f50e1876b621	572	Coils	Coil	Coil	427	454	-	T	26-06-2023	-	-
BMCI01000010.1_50	5410b0ead1ce40717db0f50e1876b621	572	Coils	Coil	Coil	283	324	-	T	26-06-2023	-	-
BMCI01000010.1_50	5410b0ead1ce40717db0f50e1876b621	572	Pfam	PF01935	Helicase HerA, central domain	15	78	5.4E-10	T	26-06-2023	IPR002789	Helicase HerA, central domain
BMCI01000010.1_50	5410b0ead1ce40717db0f50e1876b621	572	Coils	Coil	Coil	555	572	-	T	26-06-2023	-	-
BMCI01000010.1_50	5410b0ead1ce40717db0f50e1876b621	572	Coils	Coil	Coil	349	418	-	T	26-06-2023	-	-
BMCI01000010.1_50	5410b0ead1ce40717db0f50e1876b621	572	PANTHER	PTHR42957	HELICASE MJ1565-RELATED	101	236	2.0E-26	T	26-06-2023	-	-
BMCI01000010.1_50	5410b0ead1ce40717db0f50e1876b621	572	SUPERFAMILY	SSF52540	P-loop containing nucleoside triphosphate hydrolases	18	238	3.68E-25	T	26-06-2023	IPR027417	P-loop containing nucleoside triphosphate hydrolase
BMCI01000010.1_60	3232a061365e31fb1d562b806b24addb	1502	MobiDBLite	mobidb-lite	consensus disorder prediction	1361	1375	-	T	26-06-2023	-	-
BMCI01000010.1_60	3232a061365e31fb1d562b806b24addb	1502	MobiDBLite	mobidb-lite	consensus disorder prediction	1254	1280	-	T	26-06-2023	-	-
BMCI01000010.1_60	3232a061365e31fb1d562b806b24addb	1502	MobiDBLite	mobidb-lite	consensus disorder prediction	568	654	-	T	26-06-2023	-	-
BMCI01000010.1_60	3232a061365e31fb1d562b806b24addb	1502	MobiDBLite	mobidb-lite	consensus disorder prediction	1361	1448	-	T	26-06-2023	-	-
BMCI01000010.1_60	3232a061365e31fb1d562b806b24addb	1502	MobiDBLite	mobidb-lite	consensus disorder prediction	568	586	-	T	26-06-2023	-	-
BMCI01000010.1_60	3232a061365e31fb1d562b806b24addb	1502	MobiDBLite	mobidb-lite	consensus disorder prediction	355	373	-	T	26-06-2023	-	-
BMCI01000010.1_60	3232a061365e31fb1d562b806b24addb	1502	Coils	Coil	Coil	344	368	-	T	26-06-2023	-	-
BMCI01000010.1_60	3232a061365e31fb1d562b806b24addb	1502	MobiDBLite	mobidb-lite	consensus disorder prediction	1415	1430	-	T	26-06-2023	-	-
BMCI01000010.1_60	3232a061365e31fb1d562b806b24addb	1502	MobiDBLite	mobidb-lite	consensus disorder prediction	598	617	-	T	26-06-2023	-	-
BMCI01000010.1_60	3232a061365e31fb1d562b806b24addb	1502	MobiDBLite	mobidb-lite	consensus disorder prediction	355	374	-	T	26-06-2023	-	-
BMCI01000010.1_31	69fc208dfcf451e14a6e850525727ff8	202	ProSiteProfiles	PS51186	Gcn5-related N-acetyltransferase (GNAT) domain profile.	20	180	9.777465	T	26-06-2023	IPR000182	GNAT domain
BMCI01000010.1_31	69fc208dfcf451e14a6e850525727ff8	202	Gene3D	G3DSA:3.40.630.30	-	15	182	1.0E-11	T	26-06-2023	-	-
BMCI01000010.1_31	69fc208dfcf451e14a6e850525727ff8	202	SUPERFAMILY	SSF55729	Acyl-CoA N-acyltransferases (Nat)	18	173	6.69E-12	T	26-06-2023	IPR016181	Acyl-CoA N-acyltransferase
BMCI01000010.1_16	8d9eb7c15157f02fd5d5af274d600180	137	MobiDBLite	mobidb-lite	consensus disorder prediction	1	26	-	T	26-06-2023	-	-
BMCI01000010.1_16	8d9eb7c15157f02fd5d5af274d600180	137	MobiDBLite	mobidb-lite	consensus disorder prediction	1	38	-	T	26-06-2023	-	-
BMCI01000010.1_22	83a4a5dded0a01eb62a1ea0e353322ed	77	MobiDBLite	mobidb-lite	consensus disorder prediction	46	77	-	T	26-06-2023	-	-
BMCI01000010.1_22	83a4a5dded0a01eb62a1ea0e353322ed	77	MobiDBLite	mobidb-lite	consensus disorder prediction	46	71	-	T	26-06-2023	-	-
BMCI01000010.1_61	e6a338a518c8baa200f97fc5700fcd97	233	MobiDBLite	mobidb-lite	consensus disorder prediction	39	57	-	T	26-06-2023	-	-
BMCI01000010.1_61	e6a338a518c8baa200f97fc5700fcd97	233	MobiDBLite	mobidb-lite	consensus disorder prediction	1	71	-	T	26-06-2023	-	-
BMCI01000010.1_61	e6a338a518c8baa200f97fc5700fcd97	233	MobiDBLite	mobidb-lite	consensus disorder prediction	1	16	-	T	26-06-2023	-	-
BMCI01000010.1_64	72400c6fbbb72785c045b43120989b10	538	ProSitePatterns	PS00138	Serine proteases, subtilase family, serine active site.	435	445	-	T	26-06-2023	IPR023828	Peptidase S8, subtilisin, Ser-active site
BMCI01000010.1_64	72400c6fbbb72785c045b43120989b10	538	PRINTS	PR00723	Subtilisin serine protease family (S8) signature	201	220	2.4E-15	T	26-06-2023	IPR015500	Peptidase S8, subtilisin-related
BMCI01000010.1_64	72400c6fbbb72785c045b43120989b10	538	PRINTS	PR00723	Subtilisin serine protease family (S8) signature	246	259	2.4E-15	T	26-06-2023	IPR015500	Peptidase S8, subtilisin-related
BMCI01000010.1_64	72400c6fbbb72785c045b43120989b10	538	PRINTS	PR00723	Subtilisin serine protease family (S8) signature	434	450	2.4E-15	T	26-06-2023	IPR015500	Peptidase S8, subtilisin-related
BMCI01000010.1_64	72400c6fbbb72785c045b43120989b10	538	ProSiteProfiles	PS51892	Serine proteases, subtilase domain profile.	180	494	32.308437	T	26-06-2023	-	-
BMCI01000010.1_64	72400c6fbbb72785c045b43120989b10	538	ProSitePatterns	PS00137	Serine proteases, subtilase family, histidine active site.	250	260	-	T	26-06-2023	IPR022398	Peptidase S8, subtilisin, His-active site
BMCI01000010.1_64	72400c6fbbb72785c045b43120989b10	538	PANTHER	PTHR43806	PEPTIDASE S8	178	481	1.2E-42	T	26-06-2023	-	-
BMCI01000010.1_64	72400c6fbbb72785c045b43120989b10	538	SUPERFAMILY	SSF52743	Subtilisin-like	192	498	1.31E-54	T	26-06-2023	IPR036852	Peptidase S8/S53 domain superfamily
BMCI01000010.1_64	72400c6fbbb72785c045b43120989b10	538	Gene3D	G3DSA:3.40.50.200	Peptidase S8/S53 domain	188	505	3.8E-61	T	26-06-2023	IPR036852	Peptidase S8/S53 domain superfamily
BMCI01000010.1_64	72400c6fbbb72785c045b43120989b10	538	ProSitePatterns	PS00136	Serine proteases, subtilase family, aspartic acid active site.	206	217	-	T	26-06-2023	IPR023827	Peptidase S8, subtilisin, Asp-active site
BMCI01000010.1_64	72400c6fbbb72785c045b43120989b10	538	Pfam	PF00082	Subtilase family	201	477	1.2E-46	T	26-06-2023	IPR000209	Peptidase S8/S53 domain
BMCI01000010.1_25	c1a02e655f2cf3e69e21eae6b2d4c70c	870	CDD	cd00081	Hint	453	490	8.46908E-8	T	26-06-2023	-	-
BMCI01000010.1_25	c1a02e655f2cf3e69e21eae6b2d4c70c	870	SUPERFAMILY	SSF51294	Hedgehog/intein (Hint) domain	135	490	2.13E-23	T	26-06-2023	IPR036844	Hint domain superfamily
BMCI01000010.1_25	c1a02e655f2cf3e69e21eae6b2d4c70c	870	SUPERFAMILY	SSF53335	S-adenosyl-L-methionine-dependent methyltransferases	503	850	3.54E-35	T	26-06-2023	IPR029063	S-adenosyl-L-methionine-dependent methyltransferase superfamily
BMCI01000010.1_25	c1a02e655f2cf3e69e21eae6b2d4c70c	870	Gene3D	G3DSA:3.40.50.150	Vaccinia Virus protein VP39	3	183	9.5E-26	T	26-06-2023	IPR029063	S-adenosyl-L-methionine-dependent methyltransferase superfamily
BMCI01000010.1_25	c1a02e655f2cf3e69e21eae6b2d4c70c	870	Gene3D	G3DSA:3.10.28.10	Homing endonucleases	271	429	1.4E-27	T	26-06-2023	IPR027434	Homing endonuclease
BMCI01000010.1_25	c1a02e655f2cf3e69e21eae6b2d4c70c	870	Pfam	PF00145	C-5 cytosine-specific DNA methylase	800	849	8.4E-11	T	26-06-2023	IPR001525	C-5 cytosine methyltransferase
BMCI01000010.1_25	c1a02e655f2cf3e69e21eae6b2d4c70c	870	Pfam	PF00145	C-5 cytosine-specific DNA methylase	503	552	5.8E-10	T	26-06-2023	IPR001525	C-5 cytosine methyltransferase
BMCI01000010.1_25	c1a02e655f2cf3e69e21eae6b2d4c70c	870	Pfam	PF00145	C-5 cytosine-specific DNA methylase	12	135	1.1E-9	T	26-06-2023	IPR001525	C-5 cytosine methyltransferase
BMCI01000010.1_25	c1a02e655f2cf3e69e21eae6b2d4c70c	870	SMART	SM00305	HINTC_6	450	496	1.5E-8	T	26-06-2023	IPR003586	Hint domain C-terminal
BMCI01000010.1_25	c1a02e655f2cf3e69e21eae6b2d4c70c	870	NCBIfam	TIGR01443	intein C-terminal splicing region	470	491	1.9E-7	T	26-06-2023	IPR030934	Intein C-terminal splicing region
BMCI01000010.1_25	c1a02e655f2cf3e69e21eae6b2d4c70c	870	Gene3D	G3DSA:2.170.16.10	Hedgehog/Intein (Hint) domain	430	485	1.3E-5	T	26-06-2023	-	-
BMCI01000010.1_25	c1a02e655f2cf3e69e21eae6b2d4c70c	870	SMART	SM00306	hint_7	133	241	1.4E-4	T	26-06-2023	IPR003587	Hint domain N-terminal
BMCI01000010.1_25	c1a02e655f2cf3e69e21eae6b2d4c70c	870	ProSiteProfiles	PS50818	Intein C-terminal splicing motif profile.	469	491	10.905283	T	26-06-2023	IPR030934	Intein C-terminal splicing region
BMCI01000010.1_25	c1a02e655f2cf3e69e21eae6b2d4c70c	870	Gene3D	G3DSA:3.90.120.10	DNA Methylase, subunit A, domain 2	762	842	5.9E-15	T	26-06-2023	-	-
BMCI01000010.1_25	c1a02e655f2cf3e69e21eae6b2d4c70c	870	Gene3D	G3DSA:3.40.50.150	Vaccinia Virus protein VP39	486	575	1.8E-15	T	26-06-2023	IPR029063	S-adenosyl-L-methionine-dependent methyltransferase superfamily
BMCI01000010.1_25	c1a02e655f2cf3e69e21eae6b2d4c70c	870	Pfam	PF14528	LAGLIDADG-like domain	369	429	4.3E-7	T	26-06-2023	IPR004860	Homing endonuclease, LAGLIDADG
BMCI01000010.1_25	c1a02e655f2cf3e69e21eae6b2d4c70c	870	ProSiteProfiles	PS50819	Intein DOD-type homing endonuclease domain profile.	278	412	17.423243	T	26-06-2023	IPR004042	Intein DOD homing endonuclease
BMCI01000010.1_25	c1a02e655f2cf3e69e21eae6b2d4c70c	870	SUPERFAMILY	SSF55608	Homing endonucleases	355	435	5.67E-13	T	26-06-2023	IPR027434	Homing endonuclease
BMCI01000010.1_25	c1a02e655f2cf3e69e21eae6b2d4c70c	870	PRINTS	PR00379	Intein signature	188	201	1.3E-11	T	26-06-2023	IPR006142	Intein
BMCI01000010.1_25	c1a02e655f2cf3e69e21eae6b2d4c70c	870	PRINTS	PR00379	Intein signature	275	287	1.3E-11	T	26-06-2023	IPR006142	Intein
BMCI01000010.1_25	c1a02e655f2cf3e69e21eae6b2d4c70c	870	PRINTS	PR00379	Intein signature	372	384	1.3E-11	T	26-06-2023	IPR006142	Intein
BMCI01000010.1_25	c1a02e655f2cf3e69e21eae6b2d4c70c	870	PRINTS	PR00379	Intein signature	467	484	1.3E-11	T	26-06-2023	IPR006142	Intein
BMCI01000010.1_25	c1a02e655f2cf3e69e21eae6b2d4c70c	870	PRINTS	PR00379	Intein signature	485	494	1.3E-11	T	26-06-2023	IPR006142	Intein
BMCI01000010.1_25	c1a02e655f2cf3e69e21eae6b2d4c70c	870	SUPERFAMILY	SSF53335	S-adenosyl-L-methionine-dependent methyltransferases	10	137	3.87E-23	T	26-06-2023	IPR029063	S-adenosyl-L-methionine-dependent methyltransferase superfamily
BMCI01000010.1_25	c1a02e655f2cf3e69e21eae6b2d4c70c	870	CDD	cd00081	Hint	135	231	9.78569E-8	T	26-06-2023	-	-
BMCI01000010.1_25	c1a02e655f2cf3e69e21eae6b2d4c70c	870	Pfam	PF14890	Intein splicing domain	175	490	3.6E-9	T	26-06-2023	-	-
BMCI01000010.1_25	c1a02e655f2cf3e69e21eae6b2d4c70c	870	ProSitePatterns	PS00095	C-5 cytosine-specific DNA methylases C-terminal signature.	831	849	-	T	26-06-2023	IPR031303	DNA methylase, C-5 cytosine-specific, conserved site
BMCI01000010.1_25	c1a02e655f2cf3e69e21eae6b2d4c70c	870	ProSiteProfiles	PS50817	Intein N-terminal splicing motif profile.	135	201	11.287661	T	26-06-2023	IPR006141	Intein N-terminal splicing region
BMCI01000010.1_25	c1a02e655f2cf3e69e21eae6b2d4c70c	870	PANTHER	PTHR10629	CYTOSINE-SPECIFIC METHYLTRANSFERASE	505	849	2.5E-38	T	26-06-2023	-	-
BMCI01000010.1_44	39c4a21d46dc0648b948e79c4ab95b7e	125	MobiDBLite	mobidb-lite	consensus disorder prediction	16	36	-	T	26-06-2023	-	-
BMCI01000010.1_29	ab6d39f21030cb2c974190e4aa849182	194	MobiDBLite	mobidb-lite	consensus disorder prediction	151	171	-	T	26-06-2023	-	-
BMCI01000010.1_2	e7732badbbc24c2a8d9871e8a9944343	224	MobiDBLite	mobidb-lite	consensus disorder prediction	1	22	-	T	26-06-2023	-	-
BMCI01000010.1_1	f533dbe8d821b658a83d7786507a2592	391	Gene3D	G3DSA:3.40.50.300	-	29	210	7.3E-84	T	26-06-2023	IPR027417	P-loop containing nucleoside triphosphate hydrolase
BMCI01000010.1_1	f533dbe8d821b658a83d7786507a2592	391	PANTHER	PTHR10763	CELL DIVISION CONTROL PROTEIN 6-RELATED	15	369	2.1E-46	T	26-06-2023	-	-
BMCI01000010.1_1	f533dbe8d821b658a83d7786507a2592	391	NCBIfam	TIGR02928	orc1/cdc6 family replication initiation protein	13	379	1.7E-117	T	26-06-2023	IPR014277	Orc1/Cdc6-type DNA replication protein, archaea
BMCI01000010.1_1	f533dbe8d821b658a83d7786507a2592	391	Gene3D	G3DSA:1.10.8.60	-	13	288	7.3E-84	T	26-06-2023	-	-
BMCI01000010.1_1	f533dbe8d821b658a83d7786507a2592	391	Pfam	PF09079	CDC6, C terminal winged helix domain	306	386	1.8E-19	T	26-06-2023	IPR015163	Cdc6, C-terminal
BMCI01000010.1_1	f533dbe8d821b658a83d7786507a2592	391	Hamap	MF_01407	ORC1-type DNA replication protein.	6	390	26.616272	T	26-06-2023	IPR014277	Orc1/Cdc6-type DNA replication protein, archaea
BMCI01000010.1_1	f533dbe8d821b658a83d7786507a2592	391	CDD	cd08768	Cdc6_C	299	384	2.43817E-19	T	26-06-2023	IPR015163	Cdc6, C-terminal
BMCI01000010.1_1	f533dbe8d821b658a83d7786507a2592	391	Gene3D	G3DSA:1.10.10.10	-	298	391	2.7E-24	T	26-06-2023	IPR036388	Winged helix-like DNA-binding domain superfamily
BMCI01000010.1_1	f533dbe8d821b658a83d7786507a2592	391	SMART	SM01074	Cdc6_C_2	306	390	6.5E-13	T	26-06-2023	IPR015163	Cdc6, C-terminal
BMCI01000010.1_1	f533dbe8d821b658a83d7786507a2592	391	CDD	cd00009	AAA	40	186	1.00423E-6	T	26-06-2023	-	-
BMCI01000010.1_1	f533dbe8d821b658a83d7786507a2592	391	Pfam	PF13401	AAA domain	54	183	7.1E-13	T	26-06-2023	IPR003593	AAA+ ATPase domain
BMCI01000010.1_1	f533dbe8d821b658a83d7786507a2592	391	SUPERFAMILY	SSF46785	"Winged helix" DNA-binding domain	292	390	3.2E-16	T	26-06-2023	IPR036390	Winged helix DNA-binding domain superfamily
BMCI01000010.1_1	f533dbe8d821b658a83d7786507a2592	391	ProSitePatterns	PS00879	Orn/DAP/Arg decarboxylases family 2 signature 2.	249	266	-	T	26-06-2023	IPR022657	Orn/DAP/Arg decarboxylase 2, conserved site
BMCI01000010.1_1	f533dbe8d821b658a83d7786507a2592	391	SUPERFAMILY	SSF52540	P-loop containing nucleoside triphosphate hydrolases	14	284	4.37E-33	T	26-06-2023	IPR027417	P-loop containing nucleoside triphosphate hydrolase
BMCI01000010.1_21	2d6213c619ca252b23f4fc91865075bd	31	MobiDBLite	mobidb-lite	consensus disorder prediction	16	31	-	T	26-06-2023	-	-
BMCI01000010.1_21	2d6213c619ca252b23f4fc91865075bd	31	MobiDBLite	mobidb-lite	consensus disorder prediction	1	31	-	T	26-06-2023	-	-
BMCI01000010.1_63	505d96b2180dbee0c49ecaf7076bee1d	1092	Coils	Coil	Coil	631	658	-	T	26-06-2023	-	-
BMCI01000010.1_63	505d96b2180dbee0c49ecaf7076bee1d	1092	Coils	Coil	Coil	670	704	-	T	26-06-2023	-	-
BMCI01000010.1_63	505d96b2180dbee0c49ecaf7076bee1d	1092	MobiDBLite	mobidb-lite	consensus disorder prediction	784	816	-	T	26-06-2023	-	-
BMCI01000010.1_52	aa4444c641b1cc80476ce9b4bc774205	137	CDD	cd22231	RHH_NikR_HicB-like	7	51	1.06353E-12	T	26-06-2023	-	-
BMCI01000010.1_52	aa4444c641b1cc80476ce9b4bc774205	137	Gene3D	G3DSA:1.10.1220.10	-	6	53	2.6E-9	T	26-06-2023	IPR013321	Arc-type ribbon-helix-helix
BMCI01000010.1_52	aa4444c641b1cc80476ce9b4bc774205	137	SUPERFAMILY	SSF47598	Ribbon-helix-helix	5	52	8.01E-9	T	26-06-2023	IPR010985	Ribbon-helix-helix
BMCI01000010.1_52	aa4444c641b1cc80476ce9b4bc774205	137	Pfam	PF01402	Ribbon-helix-helix protein, copG family	8	47	3.6E-5	T	26-06-2023	IPR002145	Ribbon-helix-helix protein, CopG
BMCI01000010.1_26	6ec3e8c049ea0be59d7521964aba6cfa	97	MobiDBLite	mobidb-lite	consensus disorder prediction	75	97	-	T	26-06-2023	-	-
BMCI01000010.1_33	3478ecd21b00710256fb07bfee5b6422	149	MobiDBLite	mobidb-lite	consensus disorder prediction	1	21	-	T	26-06-2023	-	-
BMCI01000010.1_33	3478ecd21b00710256fb07bfee5b6422	149	MobiDBLite	mobidb-lite	consensus disorder prediction	1	25	-	T	26-06-2023	-	-
BMCI01000010.1_33	3478ecd21b00710256fb07bfee5b6422	149	Coils	Coil	Coil	106	129	-	T	26-06-2023	-	-
BMCI01000010.1_51	d0cabb9e5e1b0e346190866f7447a7a4	85	MobiDBLite	mobidb-lite	consensus disorder prediction	1	18	-	T	26-06-2023	-	-
BMCI01000010.1_51	d0cabb9e5e1b0e346190866f7447a7a4	85	MobiDBLite	mobidb-lite	consensus disorder prediction	1	28	-	T	26-06-2023	-	-
BMCI01000010.1_14	02a34384139f0c5c6ac4c61c0c1def16	291	Gene3D	G3DSA:1.10.472.10	-	210	290	1.1E-9	T	26-06-2023	-	-
BMCI01000010.1_14	02a34384139f0c5c6ac4c61c0c1def16	291	SUPERFAMILY	SSF47954	Cyclin-like	120	204	2.99E-11	T	26-06-2023	IPR036915	Cyclin-like superfamily
BMCI01000010.1_14	02a34384139f0c5c6ac4c61c0c1def16	291	PRINTS	PR00685	Transcription initiation factor IIB signature	27	47	1.3E-14	T	26-06-2023	IPR000812	Transcription factor TFIIB
BMCI01000010.1_14	02a34384139f0c5c6ac4c61c0c1def16	291	PRINTS	PR00685	Transcription initiation factor IIB signature	61	82	1.3E-14	T	26-06-2023	IPR000812	Transcription factor TFIIB
BMCI01000010.1_14	02a34384139f0c5c6ac4c61c0c1def16	291	PRINTS	PR00685	Transcription initiation factor IIB signature	160	179	1.3E-14	T	26-06-2023	IPR000812	Transcription factor TFIIB
BMCI01000010.1_14	02a34384139f0c5c6ac4c61c0c1def16	291	PRINTS	PR00685	Transcription initiation factor IIB signature	214	232	1.3E-14	T	26-06-2023	IPR000812	Transcription factor TFIIB
BMCI01000010.1_14	02a34384139f0c5c6ac4c61c0c1def16	291	PRINTS	PR00685	Transcription initiation factor IIB signature	248	264	1.3E-14	T	26-06-2023	IPR000812	Transcription factor TFIIB
BMCI01000010.1_14	02a34384139f0c5c6ac4c61c0c1def16	291	Pfam	PF00382	Transcription factor TFIIB repeat	121	190	1.3E-7	T	26-06-2023	IPR013150	Transcription factor TFIIB, cyclin-like domain
BMCI01000010.1_14	02a34384139f0c5c6ac4c61c0c1def16	291	Pfam	PF00382	Transcription factor TFIIB repeat	208	283	6.0E-8	T	26-06-2023	IPR013150	Transcription factor TFIIB, cyclin-like domain
BMCI01000010.1_14	02a34384139f0c5c6ac4c61c0c1def16	291	SUPERFAMILY	SSF47954	Cyclin-like	211	290	2.72E-11	T	26-06-2023	IPR036915	Cyclin-like superfamily
BMCI01000010.1_14	02a34384139f0c5c6ac4c61c0c1def16	291	SUPERFAMILY	SSF57783	Zinc beta-ribbon	13	55	5.7E-6	T	26-06-2023	-	-
BMCI01000010.1_14	02a34384139f0c5c6ac4c61c0c1def16	291	Gene3D	G3DSA:1.10.472.170	-	16	200	2.3E-29	T	26-06-2023	-	-
BMCI01000010.1_14	02a34384139f0c5c6ac4c61c0c1def16	291	PANTHER	PTHR11618	TRANSCRIPTION INITIATION FACTOR IIB-RELATED	17	288	6.3E-31	T	26-06-2023	IPR000812	Transcription factor TFIIB
BMCI01000010.1_45	f814eb472574aa318dd0b1f8040b544d	150	MobiDBLite	mobidb-lite	consensus disorder prediction	1	32	-	T	26-06-2023	-	-
