CP019330.1_78	016604f646c4c03ecc9e9c72b01e6118	1260	CDD	cd00200	WD40	108	371	1.42669E-50	T	26-06-2023	-	-
CP019330.1_78	016604f646c4c03ecc9e9c72b01e6118	1260	SMART	SM00564	ire1_9	102	134	5.7E-5	T	26-06-2023	IPR018391	Pyrrolo-quinoline quinone beta-propeller repeat
CP019330.1_78	016604f646c4c03ecc9e9c72b01e6118	1260	SMART	SM00564	ire1_9	269	301	0.088	T	26-06-2023	IPR018391	Pyrrolo-quinoline quinone beta-propeller repeat
CP019330.1_78	016604f646c4c03ecc9e9c72b01e6118	1260	SMART	SM00564	ire1_9	145	176	7.1E-6	T	26-06-2023	IPR018391	Pyrrolo-quinoline quinone beta-propeller repeat
CP019330.1_78	016604f646c4c03ecc9e9c72b01e6118	1260	SMART	SM00564	ire1_9	354	385	4.2E-5	T	26-06-2023	IPR018391	Pyrrolo-quinoline quinone beta-propeller repeat
CP019330.1_78	016604f646c4c03ecc9e9c72b01e6118	1260	SMART	SM00564	ire1_9	187	218	0.0051	T	26-06-2023	IPR018391	Pyrrolo-quinoline quinone beta-propeller repeat
CP019330.1_78	016604f646c4c03ecc9e9c72b01e6118	1260	SMART	SM00564	ire1_9	227	260	0.014	T	26-06-2023	IPR018391	Pyrrolo-quinoline quinone beta-propeller repeat
CP019330.1_78	016604f646c4c03ecc9e9c72b01e6118	1260	SMART	SM00564	ire1_9	312	343	0.006	T	26-06-2023	IPR018391	Pyrrolo-quinoline quinone beta-propeller repeat
CP019330.1_78	016604f646c4c03ecc9e9c72b01e6118	1260	Gene3D	G3DSA:2.130.10.10	-	264	429	1.2E-27	T	26-06-2023	IPR015943	WD40/YVTN repeat-like-containing domain superfamily
CP019330.1_78	016604f646c4c03ecc9e9c72b01e6118	1260	ProSiteProfiles	PS50082	Trp-Asp (WD) repeats profile.	342	383	8.971213	T	26-06-2023	IPR001680	WD40 repeat
CP019330.1_78	016604f646c4c03ecc9e9c72b01e6118	1260	ProSiteProfiles	PS50082	Trp-Asp (WD) repeats profile.	133	174	10.107432	T	26-06-2023	IPR001680	WD40 repeat
CP019330.1_78	016604f646c4c03ecc9e9c72b01e6118	1260	MobiDBLite	mobidb-lite	consensus disorder prediction	133	153	-	T	26-06-2023	-	-
CP019330.1_78	016604f646c4c03ecc9e9c72b01e6118	1260	Coils	Coil	Coil	780	800	-	T	26-06-2023	-	-
CP019330.1_78	016604f646c4c03ecc9e9c72b01e6118	1260	ProSiteProfiles	PS50082	Trp-Asp (WD) repeats profile.	175	216	11.07656	T	26-06-2023	IPR001680	WD40 repeat
CP019330.1_78	016604f646c4c03ecc9e9c72b01e6118	1260	MobiDBLite	mobidb-lite	consensus disorder prediction	172	200	-	T	26-06-2023	-	-
CP019330.1_78	016604f646c4c03ecc9e9c72b01e6118	1260	Coils	Coil	Coil	628	648	-	T	26-06-2023	-	-
CP019330.1_78	016604f646c4c03ecc9e9c72b01e6118	1260	MobiDBLite	mobidb-lite	consensus disorder prediction	996	1029	-	T	26-06-2023	-	-
CP019330.1_78	016604f646c4c03ecc9e9c72b01e6118	1260	ProSiteProfiles	PS50294	Trp-Asp (WD) repeats circular profile.	175	211	8.676514	T	26-06-2023	-	-
CP019330.1_78	016604f646c4c03ecc9e9c72b01e6118	1260	ProSiteProfiles	PS50082	Trp-Asp (WD) repeats profile.	300	341	8.503359	T	26-06-2023	IPR001680	WD40 repeat
CP019330.1_78	016604f646c4c03ecc9e9c72b01e6118	1260	SMART	SM00320	WD40_4	335	374	0.029	T	26-06-2023	IPR001680	WD40 repeat
CP019330.1_78	016604f646c4c03ecc9e9c72b01e6118	1260	SMART	SM00320	WD40_4	252	290	180.0	T	26-06-2023	IPR001680	WD40 repeat
CP019330.1_78	016604f646c4c03ecc9e9c72b01e6118	1260	SMART	SM00320	WD40_4	293	332	0.012	T	26-06-2023	IPR001680	WD40 repeat
CP019330.1_78	016604f646c4c03ecc9e9c72b01e6118	1260	SMART	SM00320	WD40_4	210	249	0.0093	T	26-06-2023	IPR001680	WD40 repeat
CP019330.1_78	016604f646c4c03ecc9e9c72b01e6118	1260	SMART	SM00320	WD40_4	168	207	3.2E-5	T	26-06-2023	IPR001680	WD40 repeat
CP019330.1_78	016604f646c4c03ecc9e9c72b01e6118	1260	SMART	SM00320	WD40_4	126	165	0.0032	T	26-06-2023	IPR001680	WD40 repeat
CP019330.1_78	016604f646c4c03ecc9e9c72b01e6118	1260	Gene3D	G3DSA:2.130.10.10	-	46	263	2.1E-39	T	26-06-2023	IPR015943	WD40/YVTN repeat-like-containing domain superfamily
CP019330.1_78	016604f646c4c03ecc9e9c72b01e6118	1260	Pfam	PF13360	PQQ-like domain	283	425	2.0E-15	T	26-06-2023	IPR002372	Pyrrolo-quinoline quinone repeat
CP019330.1_78	016604f646c4c03ecc9e9c72b01e6118	1260	Pfam	PF13360	PQQ-like domain	96	219	1.0E-19	T	26-06-2023	IPR002372	Pyrrolo-quinoline quinone repeat
CP019330.1_78	016604f646c4c03ecc9e9c72b01e6118	1260	Coils	Coil	Coil	434	458	-	T	26-06-2023	-	-
CP019330.1_78	016604f646c4c03ecc9e9c72b01e6118	1260	MobiDBLite	mobidb-lite	consensus disorder prediction	74	106	-	T	26-06-2023	-	-
CP019330.1_78	016604f646c4c03ecc9e9c72b01e6118	1260	MobiDBLite	mobidb-lite	consensus disorder prediction	968	1029	-	T	26-06-2023	-	-
CP019330.1_78	016604f646c4c03ecc9e9c72b01e6118	1260	Pfam	PF01011	PQQ enzyme repeat	234	265	8.4E-6	T	26-06-2023	IPR002372	Pyrrolo-quinoline quinone repeat
CP019330.1_78	016604f646c4c03ecc9e9c72b01e6118	1260	SUPERFAMILY	SSF50998	Quinoprotein alcohol dehydrogenase-like	106	395	3.92E-80	T	26-06-2023	IPR011047	Quinoprotein alcohol dehydrogenase-like superfamily
CP019330.1_78	016604f646c4c03ecc9e9c72b01e6118	1260	PANTHER	PTHR19848	WD40 REPEAT PROTEIN	221	397	1.3E-46	T	26-06-2023	-	-
CP019330.1_41	43860f3742fae9bbd9d202ef7262231d	135	MobiDBLite	mobidb-lite	consensus disorder prediction	1	22	-	T	26-06-2023	-	-
CP019330.1_41	43860f3742fae9bbd9d202ef7262231d	135	MobiDBLite	mobidb-lite	consensus disorder prediction	1	24	-	T	26-06-2023	-	-
CP019330.1_28	a848c014e7411eccdc9a3353d0dca633	88	MobiDBLite	mobidb-lite	consensus disorder prediction	37	56	-	T	26-06-2023	-	-
CP019330.1_32	e1abdcc65c1d25463f3e9e82c483c543	128	MobiDBLite	mobidb-lite	consensus disorder prediction	7	25	-	T	26-06-2023	-	-
CP019330.1_32	e1abdcc65c1d25463f3e9e82c483c543	128	MobiDBLite	mobidb-lite	consensus disorder prediction	1	64	-	T	26-06-2023	-	-
CP019330.1_47	67d3ff9025636b44d6d42f8677572874	59	MobiDBLite	mobidb-lite	consensus disorder prediction	1	33	-	T	26-06-2023	-	-
CP019330.1_47	67d3ff9025636b44d6d42f8677572874	59	MobiDBLite	mobidb-lite	consensus disorder prediction	1	23	-	T	26-06-2023	-	-
CP019330.1_43	a96c048d9ed67e41eedc8322967203f9	135	MobiDBLite	mobidb-lite	consensus disorder prediction	1	45	-	T	26-06-2023	-	-
CP019330.1_43	a96c048d9ed67e41eedc8322967203f9	135	MobiDBLite	mobidb-lite	consensus disorder prediction	15	37	-	T	26-06-2023	-	-
CP019330.1_43	a96c048d9ed67e41eedc8322967203f9	135	MobiDBLite	mobidb-lite	consensus disorder prediction	114	135	-	T	26-06-2023	-	-
CP019330.1_7	14f1775c69eff72ca6ec0bf2e44872c4	520	ProSiteProfiles	PS51892	Serine proteases, subtilase domain profile.	121	457	22.73181	T	26-06-2023	-	-
CP019330.1_7	14f1775c69eff72ca6ec0bf2e44872c4	520	SUPERFAMILY	SSF52743	Subtilisin-like	120	456	5.11E-56	T	26-06-2023	IPR036852	Peptidase S8/S53 domain superfamily
CP019330.1_7	14f1775c69eff72ca6ec0bf2e44872c4	520	Gene3D	G3DSA:3.40.50.200	Peptidase S8/S53 domain	122	462	5.8E-60	T	26-06-2023	IPR036852	Peptidase S8/S53 domain superfamily
CP019330.1_7	14f1775c69eff72ca6ec0bf2e44872c4	520	Pfam	PF00082	Subtilase family	140	402	2.3E-35	T	26-06-2023	IPR000209	Peptidase S8/S53 domain
CP019330.1_7	14f1775c69eff72ca6ec0bf2e44872c4	520	ProSitePatterns	PS00138	Serine proteases, subtilase family, serine active site.	378	388	-	T	26-06-2023	IPR023828	Peptidase S8, subtilisin, Ser-active site
CP019330.1_7	14f1775c69eff72ca6ec0bf2e44872c4	520	PANTHER	PTHR43806	PEPTIDASE S8	83	441	5.9E-34	T	26-06-2023	-	-
CP019330.1_7	14f1775c69eff72ca6ec0bf2e44872c4	520	PRINTS	PR00723	Subtilisin serine protease family (S8) signature	140	159	6.8E-12	T	26-06-2023	IPR015500	Peptidase S8, subtilisin-related
CP019330.1_7	14f1775c69eff72ca6ec0bf2e44872c4	520	PRINTS	PR00723	Subtilisin serine protease family (S8) signature	192	205	6.8E-12	T	26-06-2023	IPR015500	Peptidase S8, subtilisin-related
CP019330.1_7	14f1775c69eff72ca6ec0bf2e44872c4	520	PRINTS	PR00723	Subtilisin serine protease family (S8) signature	377	393	6.8E-12	T	26-06-2023	IPR015500	Peptidase S8, subtilisin-related
CP019330.1_46	e871edcd1f67e14e491095b3948e26c0	80	Pfam	PF08279	HTH domain	28	63	2.1E-4	T	26-06-2023	IPR013196	Helix-turn-helix, type 11
CP019330.1_46	e871edcd1f67e14e491095b3948e26c0	80	CDD	cd00090	HTH_ARSR	21	79	4.22526E-6	T	26-06-2023	IPR011991	ArsR-like helix-turn-helix domain
CP019330.1_46	e871edcd1f67e14e491095b3948e26c0	80	SUPERFAMILY	SSF46785	"Winged helix" DNA-binding domain	18	68	6.92E-9	T	26-06-2023	IPR036390	Winged helix DNA-binding domain superfamily
CP019330.1_46	e871edcd1f67e14e491095b3948e26c0	80	Gene3D	G3DSA:1.10.10.10	-	10	79	3.5E-10	T	26-06-2023	IPR036388	Winged helix-like DNA-binding domain superfamily
CP019330.1_38	a2a534348f96d3321dcdfc893383e8ed	301	PIRSF	PIRSF000398	M_m6A_EcoRV	10	283	4.9E-34	T	26-06-2023	IPR012263	Adenine modification methylase, M.EcoRV-type
CP019330.1_38	a2a534348f96d3321dcdfc893383e8ed	301	SUPERFAMILY	SSF53335	S-adenosyl-L-methionine-dependent methyltransferases	14	230	3.82E-42	T	26-06-2023	IPR029063	S-adenosyl-L-methionine-dependent methyltransferase superfamily
CP019330.1_38	a2a534348f96d3321dcdfc893383e8ed	301	PANTHER	PTHR30481	DNA ADENINE METHYLASE	13	278	4.9E-36	T	26-06-2023	IPR012327	D12 class N6 adenine-specific DNA methyltransferase
CP019330.1_38	a2a534348f96d3321dcdfc893383e8ed	301	PRINTS	PR00505	D12 class N6 adenine-specific DNA methyltransferase signature	18	34	8.6E-10	T	26-06-2023	IPR012327	D12 class N6 adenine-specific DNA methyltransferase
CP019330.1_38	a2a534348f96d3321dcdfc893383e8ed	301	PRINTS	PR00505	D12 class N6 adenine-specific DNA methyltransferase signature	39	53	8.6E-10	T	26-06-2023	IPR012327	D12 class N6 adenine-specific DNA methyltransferase
CP019330.1_38	a2a534348f96d3321dcdfc893383e8ed	301	PRINTS	PR00505	D12 class N6 adenine-specific DNA methyltransferase signature	59	72	8.6E-10	T	26-06-2023	IPR012327	D12 class N6 adenine-specific DNA methyltransferase
CP019330.1_38	a2a534348f96d3321dcdfc893383e8ed	301	PRINTS	PR00505	D12 class N6 adenine-specific DNA methyltransferase signature	185	197	8.6E-10	T	26-06-2023	IPR012327	D12 class N6 adenine-specific DNA methyltransferase
CP019330.1_38	a2a534348f96d3321dcdfc893383e8ed	301	Gene3D	G3DSA:3.40.50.150	Vaccinia Virus protein VP39	17	228	2.4E-34	T	26-06-2023	IPR029063	S-adenosyl-L-methionine-dependent methyltransferase superfamily
CP019330.1_38	a2a534348f96d3321dcdfc893383e8ed	301	Pfam	PF02086	D12 class N6 adenine-specific DNA methyltransferase	18	202	1.0E-20	T	26-06-2023	IPR012327	D12 class N6 adenine-specific DNA methyltransferase
CP019330.1_38	a2a534348f96d3321dcdfc893383e8ed	301	Gene3D	G3DSA:1.10.1020.10	-	66	165	2.4E-34	T	26-06-2023	IPR023095	Adenine-specific methyltransferase, domain 2
CP019330.1_62	47f21a78c2d6d4ab2594eed5e70501d0	200	MobiDBLite	mobidb-lite	consensus disorder prediction	177	200	-	T	26-06-2023	-	-
CP019330.1_62	47f21a78c2d6d4ab2594eed5e70501d0	200	MobiDBLite	mobidb-lite	consensus disorder prediction	107	122	-	T	26-06-2023	-	-
CP019330.1_62	47f21a78c2d6d4ab2594eed5e70501d0	200	MobiDBLite	mobidb-lite	consensus disorder prediction	8	29	-	T	26-06-2023	-	-
CP019330.1_62	47f21a78c2d6d4ab2594eed5e70501d0	200	MobiDBLite	mobidb-lite	consensus disorder prediction	1	31	-	T	26-06-2023	-	-
CP019330.1_62	47f21a78c2d6d4ab2594eed5e70501d0	200	MobiDBLite	mobidb-lite	consensus disorder prediction	75	122	-	T	26-06-2023	-	-
CP019330.1_68	9a4c3370507447a2c811f77aa9e6609a	98	SUPERFAMILY	SSF46785	"Winged helix" DNA-binding domain	43	87	1.14E-5	T	26-06-2023	IPR036390	Winged helix DNA-binding domain superfamily
CP019330.1_68	9a4c3370507447a2c811f77aa9e6609a	98	Gene3D	G3DSA:1.10.10.10	-	10	96	1.1E-17	T	26-06-2023	IPR036388	Winged helix-like DNA-binding domain superfamily
CP019330.1_69	a4a585ecc300436838a5d92e905a7330	346	Pfam	PF13401	AAA domain	46	143	1.1E-9	T	26-06-2023	IPR003593	AAA+ ATPase domain
CP019330.1_69	a4a585ecc300436838a5d92e905a7330	346	Gene3D	G3DSA:1.10.8.60	-	7	257	4.2E-43	T	26-06-2023	-	-
CP019330.1_69	a4a585ecc300436838a5d92e905a7330	346	PANTHER	PTHR10763	CELL DIVISION CONTROL PROTEIN 6-RELATED	19	301	5.0E-22	T	26-06-2023	-	-
CP019330.1_69	a4a585ecc300436838a5d92e905a7330	346	SUPERFAMILY	SSF52540	P-loop containing nucleoside triphosphate hydrolases	3	250	1.65E-27	T	26-06-2023	IPR027417	P-loop containing nucleoside triphosphate hydrolase
CP019330.1_69	a4a585ecc300436838a5d92e905a7330	346	Gene3D	G3DSA:3.40.50.300	-	19	182	4.2E-43	T	26-06-2023	IPR027417	P-loop containing nucleoside triphosphate hydrolase
CP019330.1_69	a4a585ecc300436838a5d92e905a7330	346	CDD	cd00009	AAA	27	173	8.18907E-8	T	26-06-2023	-	-
CP019330.1_69	a4a585ecc300436838a5d92e905a7330	346	SMART	SM00382	AAA_5	41	179	1.1E-5	T	26-06-2023	IPR003593	AAA+ ATPase domain
CP019330.1_25	125f4eb4312d55aa6d443f0f67730f65	369	Gene3D	G3DSA:1.10.150.130	-	13	120	9.9E-13	T	26-06-2023	IPR010998	Integrase/recombinase, N-terminal
CP019330.1_25	125f4eb4312d55aa6d443f0f67730f65	369	Pfam	PF00589	Phage integrase family	162	355	1.0E-11	T	26-06-2023	IPR002104	Integrase, catalytic domain
CP019330.1_25	125f4eb4312d55aa6d443f0f67730f65	369	Pfam	PF13102	Phage integrase SAM-like domain	27	112	8.8E-5	T	26-06-2023	IPR025269	Phage integrase SAM-like domain
CP019330.1_25	125f4eb4312d55aa6d443f0f67730f65	369	SUPERFAMILY	SSF56349	DNA breaking-rejoining enzymes	17	362	1.06E-25	T	26-06-2023	IPR011010	DNA breaking-rejoining enzyme, catalytic core
CP019330.1_25	125f4eb4312d55aa6d443f0f67730f65	369	Gene3D	G3DSA:1.10.443.10	Intergrase catalytic core	126	368	1.6E-22	T	26-06-2023	IPR013762	Integrase-like, catalytic domain superfamily
CP019330.1_25	125f4eb4312d55aa6d443f0f67730f65	369	ProSiteProfiles	PS51898	Tyrosine recombinase domain profile.	128	365	17.859058	T	26-06-2023	IPR002104	Integrase, catalytic domain
CP019330.1_25	125f4eb4312d55aa6d443f0f67730f65	369	ProSiteProfiles	PS51900	Core-binding (CB) domain profile.	16	102	10.414068	T	26-06-2023	IPR044068	Core-binding (CB) domain
CP019330.1_49	3062c9be980032700ef76045a83e1d97	54	SUPERFAMILY	SSF57783	Zinc beta-ribbon	5	48	7.37E-5	T	26-06-2023	-	-
CP019330.1_60	cdf1e9b93bef4028cc1b2669fc842840	220	MobiDBLite	mobidb-lite	consensus disorder prediction	130	156	-	T	26-06-2023	-	-
CP019330.1_60	cdf1e9b93bef4028cc1b2669fc842840	220	MobiDBLite	mobidb-lite	consensus disorder prediction	130	147	-	T	26-06-2023	-	-
CP019330.1_33	04db8427e9f9a7723cf77cf5c496b704	294	CDD	cd02042	ParAB_family	9	208	3.07731E-22	T	26-06-2023	-	-
CP019330.1_33	04db8427e9f9a7723cf77cf5c496b704	294	PANTHER	PTHR13696	P-LOOP CONTAINING NUCLEOSIDE TRIPHOSPHATE HYDROLASE	4	287	5.6E-37	T	26-06-2023	-	-
CP019330.1_33	04db8427e9f9a7723cf77cf5c496b704	294	SUPERFAMILY	SSF52540	P-loop containing nucleoside triphosphate hydrolases	7	287	4.94E-34	T	26-06-2023	IPR027417	P-loop containing nucleoside triphosphate hydrolase
CP019330.1_33	04db8427e9f9a7723cf77cf5c496b704	294	Pfam	PF13614	AAA domain	7	171	2.3E-28	T	26-06-2023	IPR025669	AAA domain
CP019330.1_33	04db8427e9f9a7723cf77cf5c496b704	294	Gene3D	G3DSA:3.40.50.300	-	2	288	1.9E-50	T	26-06-2023	IPR027417	P-loop containing nucleoside triphosphate hydrolase
CP019330.1_1	87b733513cb34b6a38846ed8c08acfc6	528	SUPERFAMILY	SSF52743	Subtilisin-like	203	490	1.31E-47	T	26-06-2023	IPR036852	Peptidase S8/S53 domain superfamily
CP019330.1_1	87b733513cb34b6a38846ed8c08acfc6	528	ProSiteProfiles	PS51892	Serine proteases, subtilase domain profile.	185	489	24.820921	T	26-06-2023	-	-
CP019330.1_1	87b733513cb34b6a38846ed8c08acfc6	528	PRINTS	PR00723	Subtilisin serine protease family (S8) signature	260	273	1.2E-10	T	26-06-2023	IPR015500	Peptidase S8, subtilisin-related
CP019330.1_1	87b733513cb34b6a38846ed8c08acfc6	528	PRINTS	PR00723	Subtilisin serine protease family (S8) signature	208	227	1.2E-10	T	26-06-2023	IPR015500	Peptidase S8, subtilisin-related
CP019330.1_1	87b733513cb34b6a38846ed8c08acfc6	528	PRINTS	PR00723	Subtilisin serine protease family (S8) signature	433	449	1.2E-10	T	26-06-2023	IPR015500	Peptidase S8, subtilisin-related
CP019330.1_1	87b733513cb34b6a38846ed8c08acfc6	528	MobiDBLite	mobidb-lite	consensus disorder prediction	229	249	-	T	26-06-2023	-	-
CP019330.1_1	87b733513cb34b6a38846ed8c08acfc6	528	ProSitePatterns	PS00138	Serine proteases, subtilase family, serine active site.	434	444	-	T	26-06-2023	IPR023828	Peptidase S8, subtilisin, Ser-active site
CP019330.1_1	87b733513cb34b6a38846ed8c08acfc6	528	PANTHER	PTHR43806	PEPTIDASE S8	169	467	1.2E-34	T	26-06-2023	-	-
CP019330.1_1	87b733513cb34b6a38846ed8c08acfc6	528	Pfam	PF00082	Subtilase family	208	451	1.1E-32	T	26-06-2023	IPR000209	Peptidase S8/S53 domain
CP019330.1_1	87b733513cb34b6a38846ed8c08acfc6	528	Gene3D	G3DSA:3.40.50.200	Peptidase S8/S53 domain	184	493	7.6E-51	T	26-06-2023	IPR036852	Peptidase S8/S53 domain superfamily
CP019330.1_21	159fa3b9e61c2c10c3f25fc21c7fd899	334	Coils	Coil	Coil	236	288	-	T	26-06-2023	-	-
CP019330.1_21	159fa3b9e61c2c10c3f25fc21c7fd899	334	MobiDBLite	mobidb-lite	consensus disorder prediction	293	334	-	T	26-06-2023	-	-
CP019330.1_21	159fa3b9e61c2c10c3f25fc21c7fd899	334	MobiDBLite	mobidb-lite	consensus disorder prediction	17	37	-	T	26-06-2023	-	-
CP019330.1_61	9599120f1b2ee4ab0345635a221c32d3	106	MobiDBLite	mobidb-lite	consensus disorder prediction	29	48	-	T	26-06-2023	-	-
CP019330.1_50	56817b6e85ef62f43d134c6e8573b173	223	CDD	cd00397	DNA_BRE_C	14	206	4.94611E-17	T	26-06-2023	-	-
CP019330.1_50	56817b6e85ef62f43d134c6e8573b173	223	Gene3D	G3DSA:1.10.443.10	Intergrase catalytic core	2	221	2.6E-24	T	26-06-2023	IPR013762	Integrase-like, catalytic domain superfamily
CP019330.1_50	56817b6e85ef62f43d134c6e8573b173	223	ProSiteProfiles	PS51898	Tyrosine recombinase domain profile.	5	218	23.6339	T	26-06-2023	IPR002104	Integrase, catalytic domain
CP019330.1_50	56817b6e85ef62f43d134c6e8573b173	223	Pfam	PF00589	Phage integrase family	10	208	4.1E-16	T	26-06-2023	IPR002104	Integrase, catalytic domain
CP019330.1_50	56817b6e85ef62f43d134c6e8573b173	223	SUPERFAMILY	SSF56349	DNA breaking-rejoining enzymes	5	221	3.83E-26	T	26-06-2023	IPR011010	DNA breaking-rejoining enzyme, catalytic core
CP019330.1_55	f819e9fc7a13906face7a2f2e0d7e940	157	MobiDBLite	mobidb-lite	consensus disorder prediction	1	16	-	T	26-06-2023	-	-
CP019330.1_55	f819e9fc7a13906face7a2f2e0d7e940	157	MobiDBLite	mobidb-lite	consensus disorder prediction	19	39	-	T	26-06-2023	-	-
CP019330.1_55	f819e9fc7a13906face7a2f2e0d7e940	157	MobiDBLite	mobidb-lite	consensus disorder prediction	1	72	-	T	26-06-2023	-	-
CP019330.1_63	251044058ee9c275d3a4760fe4c0c1eb	76	SUPERFAMILY	SSF46785	"Winged helix" DNA-binding domain	31	73	1.35E-6	T	26-06-2023	IPR036390	Winged helix DNA-binding domain superfamily
CP019330.1_63	251044058ee9c275d3a4760fe4c0c1eb	76	Gene3D	G3DSA:1.10.10.10	-	19	71	4.2E-7	T	26-06-2023	IPR036388	Winged helix-like DNA-binding domain superfamily
CP019330.1_63	251044058ee9c275d3a4760fe4c0c1eb	76	Pfam	PF12840	Helix-turn-helix domain	27	65	2.4E-6	T	26-06-2023	-	-
CP019330.1_63	251044058ee9c275d3a4760fe4c0c1eb	76	Coils	Coil	Coil	39	59	-	T	26-06-2023	-	-
CP019330.1_63	251044058ee9c275d3a4760fe4c0c1eb	76	MobiDBLite	mobidb-lite	consensus disorder prediction	1	20	-	T	26-06-2023	-	-
CP019330.1_74	7bd59b8bd571c1a91dbd59a94940cd70	185	PANTHER	PTHR38138	VNG6441H	12	175	7.2E-13	T	26-06-2023	-	-
CP019330.1_74	7bd59b8bd571c1a91dbd59a94940cd70	185	Pfam	PF07790	Archaeal Type IV pilin, N-terminal	17	101	2.4E-22	T	26-06-2023	IPR012859	Archaeal Type IV pilin, N-terminal
CP019330.1_74	7bd59b8bd571c1a91dbd59a94940cd70	185	NCBIfam	TIGR02537	archaeal flagellin N-terminal-like domain	17	39	6.5E-6	T	26-06-2023	IPR013373	Flagellin/pilin, N-terminal site, archaea
CP019330.1_71	a1316b679c6c958f10ace9f72fb3490b	133	MobiDBLite	mobidb-lite	consensus disorder prediction	1	38	-	T	26-06-2023	-	-
CP019330.1_71	a1316b679c6c958f10ace9f72fb3490b	133	MobiDBLite	mobidb-lite	consensus disorder prediction	1	18	-	T	26-06-2023	-	-
CP019330.1_20	ae00051dd238c392524e20743bd38e2e	108	MobiDBLite	mobidb-lite	consensus disorder prediction	84	108	-	T	26-06-2023	-	-
CP019330.1_20	ae00051dd238c392524e20743bd38e2e	108	MobiDBLite	mobidb-lite	consensus disorder prediction	94	108	-	T	26-06-2023	-	-
CP019330.1_20	ae00051dd238c392524e20743bd38e2e	108	MobiDBLite	mobidb-lite	consensus disorder prediction	1	22	-	T	26-06-2023	-	-
CP019330.1_20	ae00051dd238c392524e20743bd38e2e	108	MobiDBLite	mobidb-lite	consensus disorder prediction	1	23	-	T	26-06-2023	-	-
CP019330.1_56	e2754f3ae38eb138193ad1daa338b064	77	Gene3D	G3DSA:1.10.10.10	-	11	75	2.4E-10	T	26-06-2023	IPR036388	Winged helix-like DNA-binding domain superfamily
CP019330.1_56	e2754f3ae38eb138193ad1daa338b064	77	Pfam	PF12802	MarR family	15	67	2.1E-7	T	26-06-2023	IPR000835	MarR-type HTH domain
CP019330.1_56	e2754f3ae38eb138193ad1daa338b064	77	SUPERFAMILY	SSF46785	"Winged helix" DNA-binding domain	10	73	6.84E-11	T	26-06-2023	IPR036390	Winged helix DNA-binding domain superfamily
CP019330.1_19	9a3f63a41ed0a459dfe69eb08081da87	666	MobiDBLite	mobidb-lite	consensus disorder prediction	630	647	-	T	26-06-2023	-	-
CP019330.1_19	9a3f63a41ed0a459dfe69eb08081da87	666	MobiDBLite	mobidb-lite	consensus disorder prediction	595	651	-	T	26-06-2023	-	-
CP019330.1_19	9a3f63a41ed0a459dfe69eb08081da87	666	MobiDBLite	mobidb-lite	consensus disorder prediction	595	627	-	T	26-06-2023	-	-
CP019330.1_19	9a3f63a41ed0a459dfe69eb08081da87	666	MobiDBLite	mobidb-lite	consensus disorder prediction	1	20	-	T	26-06-2023	-	-
CP019330.1_11	ea43d229d988d0a4b006ef9408f17027	230	ProSiteProfiles	PS51318	Twin arginine translocation (Tat) signal profile.	1	34	9.601288	T	26-06-2023	IPR006311	Twin-arginine translocation pathway, signal sequence
CP019330.1_64	06efe7463f10d1d65d24a037fa9f068e	153	Coils	Coil	Coil	43	70	-	T	26-06-2023	-	-
CP019330.1_26	6cee5b894bdbb53374f28904aa8306f4	105	Coils	Coil	Coil	21	41	-	T	26-06-2023	-	-
CP019330.1_59	d2d56f180869843cfdda07b9c3f26884	97	SUPERFAMILY	SSF46785	"Winged helix" DNA-binding domain	27	75	2.73E-5	T	26-06-2023	IPR036390	Winged helix DNA-binding domain superfamily
CP019330.1_59	d2d56f180869843cfdda07b9c3f26884	97	MobiDBLite	mobidb-lite	consensus disorder prediction	78	97	-	T	26-06-2023	-	-
CP019330.1_77	5bebcc2ae663cf4a238d2fb205f55dde	238	MobiDBLite	mobidb-lite	consensus disorder prediction	127	154	-	T	26-06-2023	-	-
CP019330.1_77	5bebcc2ae663cf4a238d2fb205f55dde	238	MobiDBLite	mobidb-lite	consensus disorder prediction	17	77	-	T	26-06-2023	-	-
CP019330.1_77	5bebcc2ae663cf4a238d2fb205f55dde	238	MobiDBLite	mobidb-lite	consensus disorder prediction	134	152	-	T	26-06-2023	-	-
CP019330.1_77	5bebcc2ae663cf4a238d2fb205f55dde	238	MobiDBLite	mobidb-lite	consensus disorder prediction	47	77	-	T	26-06-2023	-	-
CP019330.1_30	b887e0febb6f12dd0c03353539f6e686	159	MobiDBLite	mobidb-lite	consensus disorder prediction	1	86	-	T	26-06-2023	-	-
CP019330.1_30	b887e0febb6f12dd0c03353539f6e686	159	MobiDBLite	mobidb-lite	consensus disorder prediction	34	49	-	T	26-06-2023	-	-
CP019330.1_67	05d0004403ce53542956dbf3178f18be	164	MobiDBLite	mobidb-lite	consensus disorder prediction	35	55	-	T	26-06-2023	-	-
CP019330.1_40	e6fbd45ef5c38bd6071b8d01c4029d74	63	MobiDBLite	mobidb-lite	consensus disorder prediction	1	17	-	T	26-06-2023	-	-
CP019330.1_40	e6fbd45ef5c38bd6071b8d01c4029d74	63	MobiDBLite	mobidb-lite	consensus disorder prediction	1	40	-	T	26-06-2023	-	-
CP019330.1_51	2be5c10e94a9513847ff27b62c050187	353	MobiDBLite	mobidb-lite	consensus disorder prediction	86	102	-	T	26-06-2023	-	-
CP019330.1_51	2be5c10e94a9513847ff27b62c050187	353	MobiDBLite	mobidb-lite	consensus disorder prediction	1	29	-	T	26-06-2023	-	-
CP019330.1_51	2be5c10e94a9513847ff27b62c050187	353	MobiDBLite	mobidb-lite	consensus disorder prediction	68	85	-	T	26-06-2023	-	-
CP019330.1_51	2be5c10e94a9513847ff27b62c050187	353	MobiDBLite	mobidb-lite	consensus disorder prediction	42	141	-	T	26-06-2023	-	-
CP019330.1_4	83c2735a0545c4dd7577345ba390fada	81	MobiDBLite	mobidb-lite	consensus disorder prediction	1	81	-	T	26-06-2023	-	-
CP019330.1_4	83c2735a0545c4dd7577345ba390fada	81	MobiDBLite	mobidb-lite	consensus disorder prediction	1	24	-	T	26-06-2023	-	-
CP019330.1_22	371bd8c8a38f3aa682611f3eab707a54	514	Coils	Coil	Coil	239	269	-	T	26-06-2023	-	-
CP019330.1_22	371bd8c8a38f3aa682611f3eab707a54	514	Coils	Coil	Coil	407	427	-	T	26-06-2023	-	-
CP019330.1_58	a3efc54945865c2478c7d18f95a187a1	88	MobiDBLite	mobidb-lite	consensus disorder prediction	56	88	-	T	26-06-2023	-	-
CP019330.1_58	a3efc54945865c2478c7d18f95a187a1	88	MobiDBLite	mobidb-lite	consensus disorder prediction	66	88	-	T	26-06-2023	-	-
CP019330.1_39	b73ad0aa2925fb95cc00eeb663b600ca	140	MobiDBLite	mobidb-lite	consensus disorder prediction	99	114	-	T	26-06-2023	-	-
CP019330.1_39	b73ad0aa2925fb95cc00eeb663b600ca	140	MobiDBLite	mobidb-lite	consensus disorder prediction	122	140	-	T	26-06-2023	-	-
CP019330.1_39	b73ad0aa2925fb95cc00eeb663b600ca	140	MobiDBLite	mobidb-lite	consensus disorder prediction	82	140	-	T	26-06-2023	-	-
CP019330.1_42	1241740f8c637b74de3c83c915835c55	65	MobiDBLite	mobidb-lite	consensus disorder prediction	18	65	-	T	26-06-2023	-	-
CP019330.1_42	1241740f8c637b74de3c83c915835c55	65	MobiDBLite	mobidb-lite	consensus disorder prediction	44	65	-	T	26-06-2023	-	-
CP019330.1_5	6fc6deda3301a34bbec624b7c81ed4dd	373	PANTHER	PTHR19932	WD REPEAT AND HMG-BOX DNA BINDING PROTEIN	13	166	8.8E-43	T	26-06-2023	-	-
CP019330.1_5	6fc6deda3301a34bbec624b7c81ed4dd	373	SMART	SM00320	WD40_4	171	212	8.1	T	26-06-2023	IPR001680	WD40 repeat
CP019330.1_5	6fc6deda3301a34bbec624b7c81ed4dd	373	SMART	SM00320	WD40_4	257	296	0.45	T	26-06-2023	IPR001680	WD40 repeat
CP019330.1_5	6fc6deda3301a34bbec624b7c81ed4dd	373	SMART	SM00320	WD40_4	87	126	0.85	T	26-06-2023	IPR001680	WD40 repeat
CP019330.1_5	6fc6deda3301a34bbec624b7c81ed4dd	373	SMART	SM00320	WD40_4	3	42	0.0017	T	26-06-2023	IPR001680	WD40 repeat
CP019330.1_5	6fc6deda3301a34bbec624b7c81ed4dd	373	SMART	SM00320	WD40_4	129	168	0.52	T	26-06-2023	IPR001680	WD40 repeat
CP019330.1_5	6fc6deda3301a34bbec624b7c81ed4dd	373	SMART	SM00320	WD40_4	45	84	0.35	T	26-06-2023	IPR001680	WD40 repeat
CP019330.1_5	6fc6deda3301a34bbec624b7c81ed4dd	373	SMART	SM00320	WD40_4	215	254	12.0	T	26-06-2023	IPR001680	WD40 repeat
CP019330.1_5	6fc6deda3301a34bbec624b7c81ed4dd	373	Pfam	PF07676	WD40-like Beta Propeller Repeat	101	124	0.0024	T	26-06-2023	IPR011659	WD40-like beta propeller
CP019330.1_5	6fc6deda3301a34bbec624b7c81ed4dd	373	Pfam	PF00400	WD domain, G-beta repeat	57	79	0.076	T	26-06-2023	IPR001680	WD40 repeat
CP019330.1_5	6fc6deda3301a34bbec624b7c81ed4dd	373	Pfam	PF00400	WD domain, G-beta repeat	182	210	0.24	T	26-06-2023	IPR001680	WD40 repeat
CP019330.1_5	6fc6deda3301a34bbec624b7c81ed4dd	373	Pfam	PF00400	WD domain, G-beta repeat	9	40	3.4E-4	T	26-06-2023	IPR001680	WD40 repeat
CP019330.1_5	6fc6deda3301a34bbec624b7c81ed4dd	373	SUPERFAMILY	SSF50978	WD40 repeat-like	4	295	3.36E-57	T	26-06-2023	IPR036322	WD40-repeat-containing domain superfamily
CP019330.1_5	6fc6deda3301a34bbec624b7c81ed4dd	373	MobiDBLite	mobidb-lite	consensus disorder prediction	352	373	-	T	26-06-2023	-	-
CP019330.1_5	6fc6deda3301a34bbec624b7c81ed4dd	373	Gene3D	G3DSA:2.130.10.10	-	1	167	1.2E-31	T	26-06-2023	IPR015943	WD40/YVTN repeat-like-containing domain superfamily
CP019330.1_5	6fc6deda3301a34bbec624b7c81ed4dd	373	Gene3D	G3DSA:2.130.10.10	-	168	311	4.3E-23	T	26-06-2023	IPR015943	WD40/YVTN repeat-like-containing domain superfamily
CP019330.1_45	9659b2d29ab587fbf4612652c1637c63	60	MobiDBLite	mobidb-lite	consensus disorder prediction	1	21	-	T	26-06-2023	-	-
CP019330.1_65	bfc9594952c9d13a842e1715bc6791ae	1031	Coils	Coil	Coil	47	67	-	T	26-06-2023	-	-
CP019330.1_34	434b3fe0eaf5c3bc9990373298f36988	169	Gene3D	G3DSA:1.10.10.10	-	77	167	2.8E-19	T	26-06-2023	IPR036388	Winged helix-like DNA-binding domain superfamily
CP019330.1_34	434b3fe0eaf5c3bc9990373298f36988	169	MobiDBLite	mobidb-lite	consensus disorder prediction	1	22	-	T	26-06-2023	-	-
CP019330.1_34	434b3fe0eaf5c3bc9990373298f36988	169	Coils	Coil	Coil	135	155	-	T	26-06-2023	-	-
CP019330.1_57	1c704c5e4f27edcaaef78b33f3d57d09	583	Gene3D	G3DSA:3.90.120.10	DNA Methylase, subunit A, domain 2	461	542	4.9E-10	T	26-06-2023	-	-
CP019330.1_57	1c704c5e4f27edcaaef78b33f3d57d09	583	SUPERFAMILY	SSF53335	S-adenosyl-L-methionine-dependent methyltransferases	4	549	7.6E-57	T	26-06-2023	IPR029063	S-adenosyl-L-methionine-dependent methyltransferase superfamily
CP019330.1_57	1c704c5e4f27edcaaef78b33f3d57d09	583	ProSiteProfiles	PS51679	C-5 cytosine-specific DNA methylase (Dnmt) domain profile.	5	556	28.039309	T	26-06-2023	IPR001525	C-5 cytosine methyltransferase
CP019330.1_57	1c704c5e4f27edcaaef78b33f3d57d09	583	Pfam	PF00145	C-5 cytosine-specific DNA methylase	8	244	8.3E-22	T	26-06-2023	IPR001525	C-5 cytosine methyltransferase
CP019330.1_57	1c704c5e4f27edcaaef78b33f3d57d09	583	Pfam	PF00145	C-5 cytosine-specific DNA methylase	498	548	1.1E-8	T	26-06-2023	IPR001525	C-5 cytosine methyltransferase
CP019330.1_57	1c704c5e4f27edcaaef78b33f3d57d09	583	PRINTS	PR00105	Cytosine-specific DNA methyltransferase signature	6	22	3.7E-10	T	26-06-2023	IPR001525	C-5 cytosine methyltransferase
CP019330.1_57	1c704c5e4f27edcaaef78b33f3d57d09	583	PRINTS	PR00105	Cytosine-specific DNA methyltransferase signature	142	156	3.7E-10	T	26-06-2023	IPR001525	C-5 cytosine methyltransferase
CP019330.1_57	1c704c5e4f27edcaaef78b33f3d57d09	583	PRINTS	PR00105	Cytosine-specific DNA methyltransferase signature	205	218	3.7E-10	T	26-06-2023	IPR001525	C-5 cytosine methyltransferase
CP019330.1_57	1c704c5e4f27edcaaef78b33f3d57d09	583	Gene3D	G3DSA:3.40.50.150	Vaccinia Virus protein VP39	1	252	8.3E-43	T	26-06-2023	IPR029063	S-adenosyl-L-methionine-dependent methyltransferase superfamily
CP019330.1_57	1c704c5e4f27edcaaef78b33f3d57d09	583	PANTHER	PTHR10629	CYTOSINE-SPECIFIC METHYLTRANSFERASE	3	549	3.1E-40	T	26-06-2023	-	-
CP019330.1_52	732f4b5a52da484227eb20e5591c44d0	318	MobiDBLite	mobidb-lite	consensus disorder prediction	292	318	-	T	26-06-2023	-	-
CP019330.1_52	732f4b5a52da484227eb20e5591c44d0	318	MobiDBLite	mobidb-lite	consensus disorder prediction	294	318	-	T	26-06-2023	-	-
