CP019286.1_132	4efc54c5a3dc7e40cedf15153a1f3ee2	875	Coils	Coil	Coil	166	186	-	T	26-06-2023	-	-
CP019286.1_132	4efc54c5a3dc7e40cedf15153a1f3ee2	875	Gene3D	G3DSA:3.40.50.150	Vaccinia Virus protein VP39	520	711	3.2E-8	T	26-06-2023	IPR029063	S-adenosyl-L-methionine-dependent methyltransferase superfamily
CP019286.1_132	4efc54c5a3dc7e40cedf15153a1f3ee2	875	ProSitePatterns	PS00092	N-6 Adenine-specific DNA methylases signature.	538	544	-	T	26-06-2023	IPR002052	DNA methylase, N-6 adenine-specific, conserved site
CP019286.1_132	4efc54c5a3dc7e40cedf15153a1f3ee2	875	Pfam	PF06634	Protein of unknown function (DUF1156)	18	75	1.1E-9	T	26-06-2023	IPR009537	Domain of unknown function DUF1156
CP019286.1_132	4efc54c5a3dc7e40cedf15153a1f3ee2	875	Gene3D	G3DSA:3.40.50.150	Vaccinia Virus protein VP39	80	210	1.7E-10	T	26-06-2023	IPR029063	S-adenosyl-L-methionine-dependent methyltransferase superfamily
CP019286.1_132	4efc54c5a3dc7e40cedf15153a1f3ee2	875	SUPERFAMILY	SSF53335	S-adenosyl-L-methionine-dependent methyltransferases	113	649	1.06E-15	T	26-06-2023	IPR029063	S-adenosyl-L-methionine-dependent methyltransferase superfamily
CP019286.1_28	6d24fd4542d0e45eaee5dd48bd132567	120	SUPERFAMILY	SSF47781	RuvA domain 2-like	45	119	2.28E-10	T	26-06-2023	IPR010994	RuvA domain 2-like
CP019286.1_28	6d24fd4542d0e45eaee5dd48bd132567	120	Gene3D	G3DSA:1.10.150.20	-	58	120	6.8E-11	T	26-06-2023	-	-
CP019286.1_28	6d24fd4542d0e45eaee5dd48bd132567	120	Pfam	PF14520	Helix-hairpin-helix domain	70	118	5.3E-10	T	26-06-2023	-	-
CP019286.1_28	6d24fd4542d0e45eaee5dd48bd132567	120	SMART	SM00278	HhH1_4	67	86	510.0	T	26-06-2023	IPR003583	Helix-hairpin-helix DNA-binding motif, class 1
CP019286.1_28	6d24fd4542d0e45eaee5dd48bd132567	120	SMART	SM00278	HhH1_4	99	118	0.1	T	26-06-2023	IPR003583	Helix-hairpin-helix DNA-binding motif, class 1
CP019286.1_75	4a47a9e0ee44f43ea75ad9eed102c129	39	MobiDBLite	mobidb-lite	consensus disorder prediction	1	23	-	T	26-06-2023	-	-
CP019286.1_75	4a47a9e0ee44f43ea75ad9eed102c129	39	MobiDBLite	mobidb-lite	consensus disorder prediction	1	15	-	T	26-06-2023	-	-
CP019286.1_79	e8ab67ca034aa657f2f17edcf024bc75	245	Pfam	PF12800	4Fe-4S binding domain	11	25	0.03	T	26-06-2023	IPR017896	4Fe-4S ferredoxin-type, iron-sulphur binding domain
CP019286.1_79	e8ab67ca034aa657f2f17edcf024bc75	245	ProSiteProfiles	PS51379	4Fe-4S ferredoxin-type iron-sulfur binding domain profile.	94	123	10.658645	T	26-06-2023	IPR017896	4Fe-4S ferredoxin-type, iron-sulphur binding domain
CP019286.1_79	e8ab67ca034aa657f2f17edcf024bc75	245	SUPERFAMILY	SSF54862	4Fe-4S ferredoxins	1	208	2.09E-66	T	26-06-2023	-	-
CP019286.1_79	e8ab67ca034aa657f2f17edcf024bc75	245	CDD	cd10551	PsrB	6	208	1.23339E-101	T	26-06-2023	-	-
CP019286.1_79	e8ab67ca034aa657f2f17edcf024bc75	245	Pfam	PF13247	4Fe-4S dicluster domain	64	122	2.6E-14	T	26-06-2023	IPR017896	4Fe-4S ferredoxin-type, iron-sulphur binding domain
CP019286.1_79	e8ab67ca034aa657f2f17edcf024bc75	245	Pfam	PF13247	4Fe-4S dicluster domain	138	175	8.8E-7	T	26-06-2023	IPR017896	4Fe-4S ferredoxin-type, iron-sulphur binding domain
CP019286.1_79	e8ab67ca034aa657f2f17edcf024bc75	245	ProSiteProfiles	PS51379	4Fe-4S ferredoxin-type iron-sulfur binding domain profile.	4	34	9.138101	T	26-06-2023	IPR017896	4Fe-4S ferredoxin-type, iron-sulphur binding domain
CP019286.1_79	e8ab67ca034aa657f2f17edcf024bc75	245	ProSitePatterns	PS00198	4Fe-4S ferredoxin-type iron-sulfur binding region signature.	103	114	-	T	26-06-2023	IPR017900	4Fe-4S ferredoxin, iron-sulphur binding, conserved site
CP019286.1_79	e8ab67ca034aa657f2f17edcf024bc75	245	PANTHER	PTHR43177	PROTEIN NRFC	2	211	4.1E-62	T	26-06-2023	-	-
CP019286.1_79	e8ab67ca034aa657f2f17edcf024bc75	245	MobiDBLite	mobidb-lite	consensus disorder prediction	212	234	-	T	26-06-2023	-	-
CP019286.1_79	e8ab67ca034aa657f2f17edcf024bc75	245	MobiDBLite	mobidb-lite	consensus disorder prediction	208	245	-	T	26-06-2023	-	-
CP019286.1_79	e8ab67ca034aa657f2f17edcf024bc75	245	Gene3D	G3DSA:3.30.70.20	-	77	146	2.0E-60	T	26-06-2023	-	-
CP019286.1_79	e8ab67ca034aa657f2f17edcf024bc75	245	Gene3D	G3DSA:3.30.70.20	-	4	208	2.0E-60	T	26-06-2023	-	-
CP019286.1_79	e8ab67ca034aa657f2f17edcf024bc75	245	ProSiteProfiles	PS51379	4Fe-4S ferredoxin-type iron-sulfur binding domain profile.	60	93	7.474742	T	26-06-2023	IPR017896	4Fe-4S ferredoxin-type, iron-sulphur binding domain
CP019286.1_5	558f209bbf4a5080b46b4b6d72042e21	193	Coils	Coil	Coil	139	159	-	T	26-06-2023	-	-
CP019286.1_120	b0b1b1a5c66c0ea9b4294397070ace49	478	Coils	Coil	Coil	8	56	-	T	26-06-2023	-	-
CP019286.1_120	b0b1b1a5c66c0ea9b4294397070ace49	478	PANTHER	PTHR33678	BLL1576 PROTEIN	21	462	4.8E-126	T	26-06-2023	-	-
CP019286.1_120	b0b1b1a5c66c0ea9b4294397070ace49	478	MobiDBLite	mobidb-lite	consensus disorder prediction	25	103	-	T	26-06-2023	-	-
CP019286.1_120	b0b1b1a5c66c0ea9b4294397070ace49	478	Pfam	PF03050	Transposase IS66 family	172	431	3.4E-48	T	26-06-2023	IPR004291	Transposase IS66, central domain
CP019286.1_120	b0b1b1a5c66c0ea9b4294397070ace49	478	NCBIfam	NF033517	IS66 family transposase	93	460	5.9E-95	T	26-06-2023	-	-
CP019286.1_189	b0b1b1a5c66c0ea9b4294397070ace49	478	Coils	Coil	Coil	8	56	-	T	26-06-2023	-	-
CP019286.1_189	b0b1b1a5c66c0ea9b4294397070ace49	478	PANTHER	PTHR33678	BLL1576 PROTEIN	21	462	4.8E-126	T	26-06-2023	-	-
CP019286.1_189	b0b1b1a5c66c0ea9b4294397070ace49	478	MobiDBLite	mobidb-lite	consensus disorder prediction	25	103	-	T	26-06-2023	-	-
CP019286.1_189	b0b1b1a5c66c0ea9b4294397070ace49	478	Pfam	PF03050	Transposase IS66 family	172	431	3.4E-48	T	26-06-2023	IPR004291	Transposase IS66, central domain
CP019286.1_189	b0b1b1a5c66c0ea9b4294397070ace49	478	NCBIfam	NF033517	IS66 family transposase	93	460	5.9E-95	T	26-06-2023	-	-
CP019286.1_68	b0b1b1a5c66c0ea9b4294397070ace49	478	Coils	Coil	Coil	8	56	-	T	26-06-2023	-	-
CP019286.1_68	b0b1b1a5c66c0ea9b4294397070ace49	478	PANTHER	PTHR33678	BLL1576 PROTEIN	21	462	4.8E-126	T	26-06-2023	-	-
CP019286.1_68	b0b1b1a5c66c0ea9b4294397070ace49	478	MobiDBLite	mobidb-lite	consensus disorder prediction	25	103	-	T	26-06-2023	-	-
CP019286.1_68	b0b1b1a5c66c0ea9b4294397070ace49	478	Pfam	PF03050	Transposase IS66 family	172	431	3.4E-48	T	26-06-2023	IPR004291	Transposase IS66, central domain
CP019286.1_68	b0b1b1a5c66c0ea9b4294397070ace49	478	NCBIfam	NF033517	IS66 family transposase	93	460	5.9E-95	T	26-06-2023	-	-
CP019286.1_166	4d985163f299c7204e1211bb9e7b6dfa	127	MobiDBLite	mobidb-lite	consensus disorder prediction	56	88	-	T	26-06-2023	-	-
CP019286.1_166	4d985163f299c7204e1211bb9e7b6dfa	127	Pfam	PF08271	TFIIB zinc-binding	25	62	7.5E-9	T	26-06-2023	IPR013137	Zinc finger, TFIIB-type
CP019286.1_166	4d985163f299c7204e1211bb9e7b6dfa	127	Gene3D	G3DSA:1.10.472.170	-	24	114	7.5E-11	T	26-06-2023	-	-
CP019286.1_166	4d985163f299c7204e1211bb9e7b6dfa	127	MobiDBLite	mobidb-lite	consensus disorder prediction	57	77	-	T	26-06-2023	-	-
CP019286.1_166	4d985163f299c7204e1211bb9e7b6dfa	127	SUPERFAMILY	SSF57783	Zinc beta-ribbon	22	66	4.51E-9	T	26-06-2023	-	-
CP019286.1_166	4d985163f299c7204e1211bb9e7b6dfa	127	MobiDBLite	mobidb-lite	consensus disorder prediction	1	28	-	T	26-06-2023	-	-
CP019286.1_110	0f8bc1616beca39b625a65e14f429cc8	209	MobiDBLite	mobidb-lite	consensus disorder prediction	188	209	-	T	26-06-2023	-	-
CP019286.1_41	dd2701cfc6fc3d3be9500e12a78175c3	103	MobiDBLite	mobidb-lite	consensus disorder prediction	77	103	-	T	26-06-2023	-	-
CP019286.1_41	dd2701cfc6fc3d3be9500e12a78175c3	103	MobiDBLite	mobidb-lite	consensus disorder prediction	59	74	-	T	26-06-2023	-	-
CP019286.1_41	dd2701cfc6fc3d3be9500e12a78175c3	103	MobiDBLite	mobidb-lite	consensus disorder prediction	57	103	-	T	26-06-2023	-	-
CP019286.1_59	acf985ab92887fbbebb6a0323c1abf8a	344	SUPERFAMILY	SSF52540	P-loop containing nucleoside triphosphate hydrolases	3	243	2.38E-31	T	26-06-2023	IPR027417	P-loop containing nucleoside triphosphate hydrolase
CP019286.1_59	acf985ab92887fbbebb6a0323c1abf8a	344	Gene3D	G3DSA:1.10.8.60	-	6	253	1.4E-44	T	26-06-2023	-	-
CP019286.1_59	acf985ab92887fbbebb6a0323c1abf8a	344	Gene3D	G3DSA:3.40.50.300	-	19	183	1.4E-44	T	26-06-2023	IPR027417	P-loop containing nucleoside triphosphate hydrolase
CP019286.1_59	acf985ab92887fbbebb6a0323c1abf8a	344	Pfam	PF13401	AAA domain	46	154	8.6E-10	T	26-06-2023	IPR003593	AAA+ ATPase domain
CP019286.1_59	acf985ab92887fbbebb6a0323c1abf8a	344	PANTHER	PTHR10763	CELL DIVISION CONTROL PROTEIN 6-RELATED	13	323	1.1E-27	T	26-06-2023	-	-
CP019286.1_115	f096864ca9e6f527836e325c23118074	862	Pfam	PF12705	PD-(D/E)XK nuclease superfamily	481	686	3.5E-11	T	26-06-2023	IPR038726	PD-(D/E)XK endonuclease-like domain, AddAB-type
CP019286.1_115	f096864ca9e6f527836e325c23118074	862	SUPERFAMILY	SSF52540	P-loop containing nucleoside triphosphate hydrolases	193	446	5.05E-7	T	26-06-2023	IPR027417	P-loop containing nucleoside triphosphate hydrolase
CP019286.1_122	77aa1aa1a403b71a0a3ea654e1119ef8	397	Coils	Coil	Coil	241	316	-	T	26-06-2023	-	-
CP019286.1_103	ede5f4016aed96694828971ed715c718	1086	MobiDBLite	mobidb-lite	consensus disorder prediction	111	132	-	T	26-06-2023	-	-
CP019286.1_103	ede5f4016aed96694828971ed715c718	1086	Pfam	PF13575	Domain of unknown function (DUF4135)	230	617	1.2E-96	T	26-06-2023	IPR025410	Lantibiotic biosynthesis protein, dehydration domain
CP019286.1_103	ede5f4016aed96694828971ed715c718	1086	SMART	SM01260	LANC_like_2	733	1084	5.7E-79	T	26-06-2023	IPR007822	Lanthionine synthetase C-like
CP019286.1_103	ede5f4016aed96694828971ed715c718	1086	Coils	Coil	Coil	245	265	-	T	26-06-2023	-	-
CP019286.1_103	ede5f4016aed96694828971ed715c718	1086	PANTHER	PTHR12736	LANC-LIKE PROTEIN	707	1076	9.4E-9	T	26-06-2023	-	-
CP019286.1_103	ede5f4016aed96694828971ed715c718	1086	MobiDBLite	mobidb-lite	consensus disorder prediction	485	504	-	T	26-06-2023	-	-
CP019286.1_103	ede5f4016aed96694828971ed715c718	1086	CDD	cd04792	LanM-like	196	1085	0.0	T	26-06-2023	IPR017146	Type 2 lantibiotic biosynthesis protein LanM
CP019286.1_103	ede5f4016aed96694828971ed715c718	1086	Gene3D	G3DSA:1.50.10.10	-	671	1080	5.9E-75	T	26-06-2023	IPR012341	Six-hairpin glycosidase-like superfamily
CP019286.1_103	ede5f4016aed96694828971ed715c718	1086	PIRSF	PIRSF037228	Lan_mod_RumM	65	1086	0.0	T	26-06-2023	IPR017146	Type 2 lantibiotic biosynthesis protein LanM
CP019286.1_103	ede5f4016aed96694828971ed715c718	1086	Pfam	PF05147	Lanthionine synthetase C-like protein	734	1084	2.3E-61	T	26-06-2023	IPR007822	Lanthionine synthetase C-like
CP019286.1_103	ede5f4016aed96694828971ed715c718	1086	PRINTS	PR01950	LanC-like protein superfamily signature	736	754	1.3E-12	T	26-06-2023	IPR007822	Lanthionine synthetase C-like
CP019286.1_103	ede5f4016aed96694828971ed715c718	1086	PRINTS	PR01950	LanC-like protein superfamily signature	836	851	1.3E-12	T	26-06-2023	IPR007822	Lanthionine synthetase C-like
CP019286.1_103	ede5f4016aed96694828971ed715c718	1086	PRINTS	PR01950	LanC-like protein superfamily signature	895	911	1.3E-12	T	26-06-2023	IPR007822	Lanthionine synthetase C-like
CP019286.1_103	ede5f4016aed96694828971ed715c718	1086	PRINTS	PR01950	LanC-like protein superfamily signature	955	975	1.3E-12	T	26-06-2023	IPR007822	Lanthionine synthetase C-like
CP019286.1_103	ede5f4016aed96694828971ed715c718	1086	PRINTS	PR01950	LanC-like protein superfamily signature	1056	1073	1.3E-12	T	26-06-2023	IPR007822	Lanthionine synthetase C-like
CP019286.1_103	ede5f4016aed96694828971ed715c718	1086	SUPERFAMILY	SSF158745	LanC-like	726	1086	2.48E-66	T	26-06-2023	-	-
CP019286.1_103	ede5f4016aed96694828971ed715c718	1086	NCBIfam	TIGR03897	type 2 lanthipeptide synthetase LanM	154	1076	0.0	T	26-06-2023	IPR017146	Type 2 lantibiotic biosynthesis protein LanM
CP019286.1_4	b1c3abef373981ad0b8aab29ba79229f	345	PANTHER	PTHR16222	ADP-RIBOSYLGLYCOHYDROLASE	46	343	2.4E-46	T	26-06-2023	-	-
CP019286.1_4	b1c3abef373981ad0b8aab29ba79229f	345	Pfam	PF03747	ADP-ribosylglycohydrolase	51	323	1.8E-67	T	26-06-2023	IPR005502	ADP-ribosylation/Crystallin J1
CP019286.1_4	b1c3abef373981ad0b8aab29ba79229f	345	SUPERFAMILY	SSF101478	ADP-ribosylglycohydrolase	46	344	2.09E-75	T	26-06-2023	IPR036705	ADP-ribosylation/Crystallin J1 superfamily
CP019286.1_4	b1c3abef373981ad0b8aab29ba79229f	345	MobiDBLite	mobidb-lite	consensus disorder prediction	1	25	-	T	26-06-2023	-	-
CP019286.1_4	b1c3abef373981ad0b8aab29ba79229f	345	Gene3D	G3DSA:1.10.4080.10	-	46	345	2.6E-84	T	26-06-2023	IPR036705	ADP-ribosylation/Crystallin J1 superfamily
CP019286.1_6	26421f6ccc374fe589aaf9dbd3a1b92e	157	Gene3D	G3DSA:1.10.10.10	-	5	151	8.3E-44	T	26-06-2023	IPR036388	Winged helix-like DNA-binding domain superfamily
CP019286.1_6	26421f6ccc374fe589aaf9dbd3a1b92e	157	MobiDBLite	mobidb-lite	consensus disorder prediction	123	157	-	T	26-06-2023	-	-
CP019286.1_6	26421f6ccc374fe589aaf9dbd3a1b92e	157	SUPERFAMILY	SSF46785	"Winged helix" DNA-binding domain	17	108	2.18E-8	T	26-06-2023	IPR036390	Winged helix DNA-binding domain superfamily
CP019286.1_6	26421f6ccc374fe589aaf9dbd3a1b92e	157	MobiDBLite	mobidb-lite	consensus disorder prediction	123	140	-	T	26-06-2023	-	-
CP019286.1_60	d5137c7017a273bd648d617e073dc3b5	388	SUPERFAMILY	SSF56349	DNA breaking-rejoining enzymes	11	193	1.29E-16	T	26-06-2023	IPR011010	DNA breaking-rejoining enzyme, catalytic core
CP019286.1_60	d5137c7017a273bd648d617e073dc3b5	388	Coils	Coil	Coil	219	239	-	T	26-06-2023	-	-
CP019286.1_60	d5137c7017a273bd648d617e073dc3b5	388	Pfam	PF00589	Phage integrase family	14	191	3.4E-10	T	26-06-2023	IPR002104	Integrase, catalytic domain
CP019286.1_60	d5137c7017a273bd648d617e073dc3b5	388	Gene3D	G3DSA:1.10.443.10	Intergrase catalytic core	9	204	5.7E-17	T	26-06-2023	IPR013762	Integrase-like, catalytic domain superfamily
CP019286.1_60	d5137c7017a273bd648d617e073dc3b5	388	CDD	cd00397	DNA_BRE_C	19	188	2.0819E-11	T	26-06-2023	-	-
CP019286.1_60	d5137c7017a273bd648d617e073dc3b5	388	ProSiteProfiles	PS51898	Tyrosine recombinase domain profile.	10	205	14.838373	T	26-06-2023	IPR002104	Integrase, catalytic domain
CP019286.1_61	ddcf38a7d6272c4f641a595aa6d84cda	129	PANTHER	PTHR33360	TRANSPOSASE FOR INSERTION SEQUENCE ELEMENT IS200	3	127	1.6E-38	T	26-06-2023	-	-
CP019286.1_61	ddcf38a7d6272c4f641a595aa6d84cda	129	SUPERFAMILY	SSF143422	Transposase IS200-like	4	126	2.09E-40	T	26-06-2023	IPR036515	Transposase IS200-like superfamily
CP019286.1_61	ddcf38a7d6272c4f641a595aa6d84cda	129	Gene3D	G3DSA:3.30.70.1290	-	2	127	3.0E-41	T	26-06-2023	IPR036515	Transposase IS200-like superfamily
CP019286.1_61	ddcf38a7d6272c4f641a595aa6d84cda	129	SMART	SM01321	Y1_Tnp_2	12	126	3.0E-40	T	26-06-2023	IPR002686	Transposase IS200-like
CP019286.1_61	ddcf38a7d6272c4f641a595aa6d84cda	129	Pfam	PF01797	Transposase IS200 like	12	126	5.8E-35	T	26-06-2023	IPR002686	Transposase IS200-like
CP019286.1_61	ddcf38a7d6272c4f641a595aa6d84cda	129	NCBIfam	NF033573	IS200/IS605 family transposase	6	124	3.5E-43	T	26-06-2023	-	-
CP019286.1_92	e7a7dff2654390802421c510873c75fb	341	NCBIfam	TIGR02590	type I-B CRISPR-associated protein Cas7/Csh2	6	305	3.4E-90	T	26-06-2023	IPR013419	Type I-B CRISPR-associated protein Cas7/Csh2
CP019286.1_92	e7a7dff2654390802421c510873c75fb	341	NCBIfam	TIGR01595	CRISPR-associated protein, CT1132 family	5	294	6.1E-38	T	26-06-2023	IPR006482	CRISPR-associated protein Cas7, subtype I-B/I-C
CP019286.1_92	e7a7dff2654390802421c510873c75fb	341	Pfam	PF05107	CRISPR-associated protein Cas7	5	277	7.1E-46	T	26-06-2023	IPR006482	CRISPR-associated protein Cas7, subtype I-B/I-C
CP019286.1_47	b4ed542cb1112ef99e0ecb1346746372	473	Pfam	PF10989	Protein of unknown function (DUF2808)	59	163	1.9E-7	T	26-06-2023	IPR021256	Protein of unknown function DUF2808
CP019286.1_177	15e117bd56ae2f215abc5eb691183b4c	330	Pfam	PF01609	Transposase DDE domain	131	308	4.3E-22	T	26-06-2023	IPR002559	Transposase IS4-like domain
CP019286.1_91	2bd92df81f71f56a0610f4fdbf60098a	266	NCBIfam	TIGR02593	CRISPR-associated protein Cas5	14	55	4.2E-9	T	26-06-2023	IPR013422	CRISPR-associated protein Cas5, N-terminal
CP019286.1_91	2bd92df81f71f56a0610f4fdbf60098a	266	Gene3D	G3DSA:3.30.70.2660	-	12	196	5.3E-18	T	26-06-2023	-	-
CP019286.1_91	2bd92df81f71f56a0610f4fdbf60098a	266	NCBIfam	TIGR02592	type I-B CRISPR-associated protein Cas5b	13	265	2.1E-46	T	26-06-2023	IPR013421	Type I-B CRISPR-associated protein Cas5, HALMA
CP019286.1_91	2bd92df81f71f56a0610f4fdbf60098a	266	Pfam	PF09704	CRISPR-associated protein (Cas_Cas5)	23	181	4.6E-9	T	26-06-2023	IPR021124	CRISPR-associated protein, Cas5
CP019286.1_163	83acaf0e412cac4ff034a696787744d1	179	CDD	cd00090	HTH_ARSR	18	87	4.50764E-5	T	26-06-2023	IPR011991	ArsR-like helix-turn-helix domain
CP019286.1_163	83acaf0e412cac4ff034a696787744d1	179	SUPERFAMILY	SSF46785	"Winged helix" DNA-binding domain	24	123	1.2E-5	T	26-06-2023	IPR036390	Winged helix DNA-binding domain superfamily
CP019286.1_163	83acaf0e412cac4ff034a696787744d1	179	Coils	Coil	Coil	91	111	-	T	26-06-2023	-	-
CP019286.1_163	83acaf0e412cac4ff034a696787744d1	179	Gene3D	G3DSA:1.10.10.10	-	11	111	4.0E-7	T	26-06-2023	IPR036388	Winged helix-like DNA-binding domain superfamily
CP019286.1_186	39e31b69910602363ae858ed2db300bf	124	MobiDBLite	mobidb-lite	consensus disorder prediction	1	29	-	T	26-06-2023	-	-
CP019286.1_186	39e31b69910602363ae858ed2db300bf	124	MobiDBLite	mobidb-lite	consensus disorder prediction	13	29	-	T	26-06-2023	-	-
CP019286.1_119	4d0ef7cea1ff097c298f5f9454967ac7	1579	MobiDBLite	mobidb-lite	consensus disorder prediction	279	293	-	T	26-06-2023	-	-
CP019286.1_119	4d0ef7cea1ff097c298f5f9454967ac7	1579	MobiDBLite	mobidb-lite	consensus disorder prediction	276	295	-	T	26-06-2023	-	-
CP019286.1_119	4d0ef7cea1ff097c298f5f9454967ac7	1579	MobiDBLite	mobidb-lite	consensus disorder prediction	308	326	-	T	26-06-2023	-	-
CP019286.1_119	4d0ef7cea1ff097c298f5f9454967ac7	1579	MobiDBLite	mobidb-lite	consensus disorder prediction	302	338	-	T	26-06-2023	-	-
CP019286.1_101	99e5513ab485a48c04d61e8148da047d	310	CDD	cd03230	ABC_DR_subfamily_A	4	208	1.29297E-83	T	26-06-2023	-	-
CP019286.1_101	99e5513ab485a48c04d61e8148da047d	310	Gene3D	G3DSA:3.40.50.300	-	1	231	1.1E-61	T	26-06-2023	IPR027417	P-loop containing nucleoside triphosphate hydrolase
CP019286.1_101	99e5513ab485a48c04d61e8148da047d	310	ProSiteProfiles	PS50893	ATP-binding cassette, ABC transporter-type domain profile.	4	230	21.955561	T	26-06-2023	IPR003439	ABC transporter-like, ATP-binding domain
CP019286.1_101	99e5513ab485a48c04d61e8148da047d	310	SUPERFAMILY	SSF52540	P-loop containing nucleoside triphosphate hydrolases	3	220	5.12E-60	T	26-06-2023	IPR027417	P-loop containing nucleoside triphosphate hydrolase
CP019286.1_101	99e5513ab485a48c04d61e8148da047d	310	SMART	SM00382	AAA_5	29	206	7.4E-12	T	26-06-2023	IPR003593	AAA+ ATPase domain
CP019286.1_101	99e5513ab485a48c04d61e8148da047d	310	Pfam	PF00005	ABC transporter	21	158	1.3E-27	T	26-06-2023	IPR003439	ABC transporter-like, ATP-binding domain
CP019286.1_101	99e5513ab485a48c04d61e8148da047d	310	PANTHER	PTHR43335	ABC TRANSPORTER, ATP-BINDING PROTEIN	2	303	1.6E-88	T	26-06-2023	-	-
CP019286.1_34	2d30750e309bd1fa1776d94df8d38685	826	Gene3D	G3DSA:3.40.50.300	-	417	586	4.9E-9	T	26-06-2023	IPR027417	P-loop containing nucleoside triphosphate hydrolase
CP019286.1_34	2d30750e309bd1fa1776d94df8d38685	826	Coils	Coil	Coil	41	61	-	T	26-06-2023	-	-
CP019286.1_36	3a357ae3f23eba4c1cbb20de020b7f2b	448	MobiDBLite	mobidb-lite	consensus disorder prediction	413	448	-	T	26-06-2023	-	-
CP019286.1_36	3a357ae3f23eba4c1cbb20de020b7f2b	448	MobiDBLite	mobidb-lite	consensus disorder prediction	413	432	-	T	26-06-2023	-	-
CP019286.1_36	3a357ae3f23eba4c1cbb20de020b7f2b	448	MobiDBLite	mobidb-lite	consensus disorder prediction	35	63	-	T	26-06-2023	-	-
CP019286.1_173	d0ae8ded440c4a6224c968a314dcb384	325	SMART	SM00385	cyclin_7	241	322	0.25	T	26-06-2023	IPR013763	Cyclin-like domain
CP019286.1_173	d0ae8ded440c4a6224c968a314dcb384	325	SMART	SM00385	cyclin_7	147	228	3.4E-5	T	26-06-2023	IPR013763	Cyclin-like domain
CP019286.1_173	d0ae8ded440c4a6224c968a314dcb384	325	PANTHER	PTHR11618	TRANSCRIPTION INITIATION FACTOR IIB-RELATED	40	318	1.2E-45	T	26-06-2023	IPR000812	Transcription factor TFIIB
CP019286.1_173	d0ae8ded440c4a6224c968a314dcb384	325	SUPERFAMILY	SSF47954	Cyclin-like	141	233	2.48E-22	T	26-06-2023	IPR036915	Cyclin-like superfamily
CP019286.1_173	d0ae8ded440c4a6224c968a314dcb384	325	SUPERFAMILY	SSF47954	Cyclin-like	237	317	1.84E-16	T	26-06-2023	IPR036915	Cyclin-like superfamily
CP019286.1_173	d0ae8ded440c4a6224c968a314dcb384	325	Hamap	MF_00383	Transcription initiation factor IIB [tfb].	35	325	34.835373	T	26-06-2023	IPR023484	Transcription initiation factor TFIIB, archaea
CP019286.1_173	d0ae8ded440c4a6224c968a314dcb384	325	Gene3D	G3DSA:1.10.472.170	-	40	228	1.1E-46	T	26-06-2023	-	-
CP019286.1_173	d0ae8ded440c4a6224c968a314dcb384	325	SUPERFAMILY	SSF57783	Zinc beta-ribbon	39	81	1.36E-9	T	26-06-2023	-	-
CP019286.1_173	d0ae8ded440c4a6224c968a314dcb384	325	Pfam	PF00382	Transcription factor TFIIB repeat	140	228	2.8E-19	T	26-06-2023	IPR013150	Transcription factor TFIIB, cyclin-like domain
CP019286.1_173	d0ae8ded440c4a6224c968a314dcb384	325	Pfam	PF00382	Transcription factor TFIIB repeat	235	316	5.8E-14	T	26-06-2023	IPR013150	Transcription factor TFIIB, cyclin-like domain
CP019286.1_173	d0ae8ded440c4a6224c968a314dcb384	325	PRINTS	PR00685	Transcription initiation factor IIB signature	50	70	3.1E-19	T	26-06-2023	IPR000812	Transcription factor TFIIB
CP019286.1_173	d0ae8ded440c4a6224c968a314dcb384	325	PRINTS	PR00685	Transcription initiation factor IIB signature	72	85	3.1E-19	T	26-06-2023	IPR000812	Transcription factor TFIIB
CP019286.1_173	d0ae8ded440c4a6224c968a314dcb384	325	PRINTS	PR00685	Transcription initiation factor IIB signature	189	208	3.1E-19	T	26-06-2023	IPR000812	Transcription factor TFIIB
CP019286.1_173	d0ae8ded440c4a6224c968a314dcb384	325	PRINTS	PR00685	Transcription initiation factor IIB signature	215	230	3.1E-19	T	26-06-2023	IPR000812	Transcription factor TFIIB
CP019286.1_173	d0ae8ded440c4a6224c968a314dcb384	325	PRINTS	PR00685	Transcription initiation factor IIB signature	242	260	3.1E-19	T	26-06-2023	IPR000812	Transcription factor TFIIB
CP019286.1_173	d0ae8ded440c4a6224c968a314dcb384	325	PRINTS	PR00685	Transcription initiation factor IIB signature	276	292	3.1E-19	T	26-06-2023	IPR000812	Transcription factor TFIIB
CP019286.1_173	d0ae8ded440c4a6224c968a314dcb384	325	Gene3D	G3DSA:1.10.472.10	-	238	325	1.2E-16	T	26-06-2023	-	-
CP019286.1_173	d0ae8ded440c4a6224c968a314dcb384	325	Pfam	PF08271	TFIIB zinc-binding	40	77	5.3E-11	T	26-06-2023	IPR013137	Zinc finger, TFIIB-type
CP019286.1_145	3f4e91920127a61bd561887d2241da5f	741	SUPERFAMILY	SSF52540	P-loop containing nucleoside triphosphate hydrolases	276	625	1.67E-14	T	26-06-2023	IPR027417	P-loop containing nucleoside triphosphate hydrolase
CP019286.1_145	3f4e91920127a61bd561887d2241da5f	741	MobiDBLite	mobidb-lite	consensus disorder prediction	702	741	-	T	26-06-2023	-	-
CP019286.1_145	3f4e91920127a61bd561887d2241da5f	741	Gene3D	G3DSA:1.10.8.730	-	388	512	1.0E-33	T	26-06-2023	-	-
CP019286.1_145	3f4e91920127a61bd561887d2241da5f	741	Gene3D	G3DSA:3.40.50.300	-	293	642	1.0E-33	T	26-06-2023	IPR027417	P-loop containing nucleoside triphosphate hydrolase
CP019286.1_145	3f4e91920127a61bd561887d2241da5f	741	Coils	Coil	Coil	207	227	-	T	26-06-2023	-	-
CP019286.1_145	3f4e91920127a61bd561887d2241da5f	741	MobiDBLite	mobidb-lite	consensus disorder prediction	722	741	-	T	26-06-2023	-	-
CP019286.1_54	9b707e7aecf8dbdb6a305b2485655dbf	65	MobiDBLite	mobidb-lite	consensus disorder prediction	1	21	-	T	26-06-2023	-	-
CP019286.1_54	9b707e7aecf8dbdb6a305b2485655dbf	65	MobiDBLite	mobidb-lite	consensus disorder prediction	1	15	-	T	26-06-2023	-	-
CP019286.1_167	3dc51e1381a0d702e5672205adf6fd9b	78	MobiDBLite	mobidb-lite	consensus disorder prediction	48	70	-	T	26-06-2023	-	-
CP019286.1_48	2aa34775e9be02f38b4d570f028f829c	270	MobiDBLite	mobidb-lite	consensus disorder prediction	1	44	-	T	26-06-2023	-	-
CP019286.1_48	2aa34775e9be02f38b4d570f028f829c	270	MobiDBLite	mobidb-lite	consensus disorder prediction	24	44	-	T	26-06-2023	-	-
CP019286.1_117	742f1846e0ec6096cd358f854d101879	34	MobiDBLite	mobidb-lite	consensus disorder prediction	14	34	-	T	26-06-2023	-	-
CP019286.1_114	8c93f17ead00bebfb5eaaf937c76d899	544	Coils	Coil	Coil	541	544	-	T	26-06-2023	-	-
CP019286.1_114	8c93f17ead00bebfb5eaaf937c76d899	544	Coils	Coil	Coil	398	425	-	T	26-06-2023	-	-
CP019286.1_114	8c93f17ead00bebfb5eaaf937c76d899	544	Coils	Coil	Coil	323	343	-	T	26-06-2023	-	-
CP019286.1_97	08b82dc69e2287acc782d908d22d1853	283	Pfam	PF13349	Putative adhesin	133	281	1.5E-11	T	26-06-2023	IPR025164	Putative adhesin
CP019286.1_97	08b82dc69e2287acc782d908d22d1853	283	ProSiteProfiles	PS51318	Twin arginine translocation (Tat) signal profile.	1	33	7.701526	T	26-06-2023	IPR006311	Twin-arginine translocation pathway, signal sequence
CP019286.1_14	6ebfb6a3da2e529b527587e97b2ee1a9	322	MobiDBLite	mobidb-lite	consensus disorder prediction	108	122	-	T	26-06-2023	-	-
CP019286.1_14	6ebfb6a3da2e529b527587e97b2ee1a9	322	Pfam	PF10926	Protein of unknown function (DUF2800)	146	235	1.9E-5	T	26-06-2023	IPR021229	Protein of unknown function DUF2800
CP019286.1_14	6ebfb6a3da2e529b527587e97b2ee1a9	322	MobiDBLite	mobidb-lite	consensus disorder prediction	108	131	-	T	26-06-2023	-	-
CP019286.1_14	6ebfb6a3da2e529b527587e97b2ee1a9	322	Coils	Coil	Coil	287	314	-	T	26-06-2023	-	-
CP019286.1_136	920cfe944e8d1b6202554ef970c53d5e	896	MobiDBLite	mobidb-lite	consensus disorder prediction	1	22	-	T	26-06-2023	-	-
CP019286.1_136	920cfe944e8d1b6202554ef970c53d5e	896	Pfam	PF06634	Protein of unknown function (DUF1156)	30	80	1.1E-10	T	26-06-2023	IPR009537	Domain of unknown function DUF1156
CP019286.1_136	920cfe944e8d1b6202554ef970c53d5e	896	SUPERFAMILY	SSF53335	S-adenosyl-L-methionine-dependent methyltransferases	131	656	1.41E-14	T	26-06-2023	IPR029063	S-adenosyl-L-methionine-dependent methyltransferase superfamily
CP019286.1_136	920cfe944e8d1b6202554ef970c53d5e	896	Coils	Coil	Coil	174	201	-	T	26-06-2023	-	-
CP019286.1_136	920cfe944e8d1b6202554ef970c53d5e	896	Gene3D	G3DSA:3.40.50.150	Vaccinia Virus protein VP39	90	203	1.9E-10	T	26-06-2023	IPR029063	S-adenosyl-L-methionine-dependent methyltransferase superfamily
CP019286.1_136	920cfe944e8d1b6202554ef970c53d5e	896	ProSitePatterns	PS00092	N-6 Adenine-specific DNA methylases signature.	545	551	-	T	26-06-2023	IPR002052	DNA methylase, N-6 adenine-specific, conserved site
CP019286.1_136	920cfe944e8d1b6202554ef970c53d5e	896	Gene3D	G3DSA:3.40.50.150	Vaccinia Virus protein VP39	526	752	2.1E-8	T	26-06-2023	IPR029063	S-adenosyl-L-methionine-dependent methyltransferase superfamily
CP019286.1_94	29856657465a41bb2074dd37ac905f0e	273	Gene3D	G3DSA:3.30.70.1900	-	140	265	2.4E-6	T	26-06-2023	-	-
CP019286.1_94	29856657465a41bb2074dd37ac905f0e	273	Pfam	PF01881	CRISPR associated protein Cas6, C-terminal	147	261	2.3E-8	T	26-06-2023	IPR010156	CRISPR-associated endoribonuclease Cas6
CP019286.1_94	29856657465a41bb2074dd37ac905f0e	273	PANTHER	PTHR36984	CRISPR-ASSOCIATED ENDORIBONUCLEASE CAS6 1	1	104	6.2E-13	T	26-06-2023	IPR010156	CRISPR-associated endoribonuclease Cas6
CP019286.1_94	29856657465a41bb2074dd37ac905f0e	273	Gene3D	G3DSA:3.30.70.1890	-	1	109	3.7E-7	T	26-06-2023	IPR045747	CRISPR-associated protein Cas6, N-terminal domain superfamily
CP019286.1_149	c12dfca3c30a123e2d9095749d514b45	146	MobiDBLite	mobidb-lite	consensus disorder prediction	111	146	-	T	26-06-2023	-	-
CP019286.1_149	c12dfca3c30a123e2d9095749d514b45	146	MobiDBLite	mobidb-lite	consensus disorder prediction	1	26	-	T	26-06-2023	-	-
CP019286.1_149	c12dfca3c30a123e2d9095749d514b45	146	MobiDBLite	mobidb-lite	consensus disorder prediction	1	23	-	T	26-06-2023	-	-
CP019286.1_32	3a6704f9cf7c01ffca0d98d7f1ad8422	269	MobiDBLite	mobidb-lite	consensus disorder prediction	136	162	-	T	26-06-2023	-	-
CP019286.1_172	b95b50dc764fe0eb4e3c73efe0176a7d	153	MobiDBLite	mobidb-lite	consensus disorder prediction	106	153	-	T	26-06-2023	-	-
CP019286.1_116	db8cb1106c6e858338891bf5960ea1b7	953	ProSiteProfiles	PS51217	UvrD-like DNA helicase C-terminal domain profile.	403	648	9.948143	T	26-06-2023	IPR014017	UvrD-like DNA helicase, C-terminal
CP019286.1_116	db8cb1106c6e858338891bf5960ea1b7	953	Gene3D	G3DSA:3.40.50.300	-	388	512	8.2E-11	T	26-06-2023	IPR027417	P-loop containing nucleoside triphosphate hydrolase
CP019286.1_116	db8cb1106c6e858338891bf5960ea1b7	953	Pfam	PF12705	PD-(D/E)XK nuclease superfamily	847	908	4.1E-5	T	26-06-2023	IPR038726	PD-(D/E)XK endonuclease-like domain, AddAB-type
CP019286.1_116	db8cb1106c6e858338891bf5960ea1b7	953	Pfam	PF00580	UvrD/REP helicase N-terminal domain	5	359	1.9E-49	T	26-06-2023	IPR014016	UvrD-like helicase, ATP-binding domain
CP019286.1_116	db8cb1106c6e858338891bf5960ea1b7	953	SUPERFAMILY	SSF52540	P-loop containing nucleoside triphosphate hydrolases	3	748	9.87E-90	T	26-06-2023	IPR027417	P-loop containing nucleoside triphosphate hydrolase
CP019286.1_116	db8cb1106c6e858338891bf5960ea1b7	953	PANTHER	PTHR11070	UVRD / RECB / PCRA DNA HELICASE FAMILY MEMBER	5	764	2.1E-80	T	26-06-2023	IPR000212	DNA helicase, UvrD/REP type
CP019286.1_116	db8cb1106c6e858338891bf5960ea1b7	953	Gene3D	G3DSA:3.40.50.300	-	1	154	7.1E-32	T	26-06-2023	IPR027417	P-loop containing nucleoside triphosphate hydrolase
CP019286.1_116	db8cb1106c6e858338891bf5960ea1b7	953	Gene3D	G3DSA:3.90.320.10	-	841	927	2.9E-8	T	26-06-2023	IPR011604	PD-(D/E)XK endonuclease-like domain superfamily
CP019286.1_116	db8cb1106c6e858338891bf5960ea1b7	953	SUPERFAMILY	SSF52980	Restriction endonuclease-like	795	912	1.02E-6	T	26-06-2023	IPR011335	Restriction endonuclease type II-like
CP019286.1_116	db8cb1106c6e858338891bf5960ea1b7	953	Gene3D	G3DSA:3.40.50.300	-	557	763	1.9E-20	T	26-06-2023	IPR027417	P-loop containing nucleoside triphosphate hydrolase
CP019286.1_116	db8cb1106c6e858338891bf5960ea1b7	953	ProSiteProfiles	PS51198	UvrD-like DNA helicase ATP-binding domain profile.	2	393	35.515846	T	26-06-2023	IPR014016	UvrD-like helicase, ATP-binding domain
CP019286.1_116	db8cb1106c6e858338891bf5960ea1b7	953	Gene3D	G3DSA:3.40.50.300	-	188	364	8.5E-20	T	26-06-2023	IPR027417	P-loop containing nucleoside triphosphate hydrolase
CP019286.1_116	db8cb1106c6e858338891bf5960ea1b7	953	Pfam	PF13361	UvrD-like helicase C-terminal domain	384	529	8.0E-10	T	26-06-2023	IPR014017	UvrD-like DNA helicase, C-terminal
CP019286.1_116	db8cb1106c6e858338891bf5960ea1b7	953	Pfam	PF13361	UvrD-like helicase C-terminal domain	597	736	2.9E-16	T	26-06-2023	IPR014017	UvrD-like DNA helicase, C-terminal
CP019286.1_179	d2e25e7f882301a47a4717ad620c4a6c	562	PANTHER	PTHR33295	ATPASE	279	488	1.9E-15	T	26-06-2023	-	-
CP019286.1_179	d2e25e7f882301a47a4717ad620c4a6c	562	Pfam	PF13173	AAA domain	60	180	1.4E-6	T	26-06-2023	IPR041682	AAA domain, group 14
CP019286.1_179	d2e25e7f882301a47a4717ad620c4a6c	562	Gene3D	G3DSA:3.40.50.300	-	25	196	1.4E-8	T	26-06-2023	IPR027417	P-loop containing nucleoside triphosphate hydrolase
CP019286.1_179	d2e25e7f882301a47a4717ad620c4a6c	562	SMART	SM00382	AAA_5	57	370	5.1E-4	T	26-06-2023	IPR003593	AAA+ ATPase domain
CP019286.1_179	d2e25e7f882301a47a4717ad620c4a6c	562	SUPERFAMILY	SSF52540	P-loop containing nucleoside triphosphate hydrolases	44	185	1.95E-8	T	26-06-2023	IPR027417	P-loop containing nucleoside triphosphate hydrolase
CP019286.1_11	08b62b3a066cc2f00ade6748ee57ee44	104	MobiDBLite	mobidb-lite	consensus disorder prediction	80	104	-	T	26-06-2023	-	-
CP019286.1_45	c57e9be474793fad6b38c2dd56e95b5c	63	MobiDBLite	mobidb-lite	consensus disorder prediction	1	32	-	T	26-06-2023	-	-
CP019286.1_90	97616dd49e7ef17127358fe4cc2a36c4	942	NCBIfam	TIGR01596	CRISPR-associated endonuclease Cas3''	31	236	2.7E-20	T	26-06-2023	IPR006483	CRISPR-associated Cas3-type HD domain
CP019286.1_90	97616dd49e7ef17127358fe4cc2a36c4	942	Gene3D	G3DSA:3.40.50.300	-	543	756	6.3E-9	T	26-06-2023	IPR027417	P-loop containing nucleoside triphosphate hydrolase
CP019286.1_90	97616dd49e7ef17127358fe4cc2a36c4	942	Gene3D	G3DSA:1.10.3210.30	-	31	198	1.5E-16	T	26-06-2023	IPR038257	CRISPR-associated Cas3-type HD domain superfamily
CP019286.1_90	97616dd49e7ef17127358fe4cc2a36c4	942	Pfam	PF04851	Type III restriction enzyme, res subunit	284	480	2.6E-5	T	26-06-2023	IPR006935	Helicase/UvrB, N-terminal
CP019286.1_90	97616dd49e7ef17127358fe4cc2a36c4	942	Pfam	PF18019	HD domain	36	188	2.6E-8	T	26-06-2023	IPR006483	CRISPR-associated Cas3-type HD domain
CP019286.1_90	97616dd49e7ef17127358fe4cc2a36c4	942	CDD	cd09641	Cas3''_I	31	198	5.14386E-18	T	26-06-2023	-	-
CP019286.1_90	97616dd49e7ef17127358fe4cc2a36c4	942	SUPERFAMILY	SSF109604	HD-domain/PDEase-like	32	126	1.33E-7	T	26-06-2023	-	-
CP019286.1_90	97616dd49e7ef17127358fe4cc2a36c4	942	Gene3D	G3DSA:3.40.50.300	-	276	498	3.7E-11	T	26-06-2023	IPR027417	P-loop containing nucleoside triphosphate hydrolase
CP019286.1_90	97616dd49e7ef17127358fe4cc2a36c4	942	SUPERFAMILY	SSF52540	P-loop containing nucleoside triphosphate hydrolases	295	729	3.79E-25	T	26-06-2023	IPR027417	P-loop containing nucleoside triphosphate hydrolase
CP019286.1_90	97616dd49e7ef17127358fe4cc2a36c4	942	ProSiteProfiles	PS51643	HD Cas3-type domain profile.	24	234	23.824121	T	26-06-2023	IPR006483	CRISPR-associated Cas3-type HD domain
CP019286.1_137	6de119bffc068cf6c990519f5e90e196	441	SUPERFAMILY	SSF53098	Ribonuclease H-like	117	403	8.34E-29	T	26-06-2023	IPR012337	Ribonuclease H-like superfamily
CP019286.1_137	6de119bffc068cf6c990519f5e90e196	441	Gene3D	G3DSA:3.90.350.10	Transposase Inhibitor Protein From Tn5; Chain A, domain 1	165	334	4.3E-9	T	26-06-2023	-	-
CP019286.1_137	6de119bffc068cf6c990519f5e90e196	441	Pfam	PF01609	Transposase DDE domain	117	352	1.5E-27	T	26-06-2023	IPR002559	Transposase IS4-like domain
CP019286.1_137	6de119bffc068cf6c990519f5e90e196	441	NCBIfam	NF033592	IS4 family transposase	14	357	4.8E-83	T	26-06-2023	-	-
CP019286.1_137	6de119bffc068cf6c990519f5e90e196	441	PANTHER	PTHR33258	TRANSPOSASE INSL FOR INSERTION SEQUENCE ELEMENT IS186A-RELATED	33	435	1.7E-103	T	26-06-2023	-	-
CP019286.1_23	ab9b827e4c5612fcbbfa32b77e4d0ede	380	Gene3D	G3DSA:1.10.443.10	Intergrase catalytic core	138	379	4.8E-25	T	26-06-2023	IPR013762	Integrase-like, catalytic domain superfamily
CP019286.1_23	ab9b827e4c5612fcbbfa32b77e4d0ede	380	ProSiteProfiles	PS51898	Tyrosine recombinase domain profile.	141	376	20.072075	T	26-06-2023	IPR002104	Integrase, catalytic domain
CP019286.1_23	ab9b827e4c5612fcbbfa32b77e4d0ede	380	ProSiteProfiles	PS51900	Core-binding (CB) domain profile.	28	115	12.198685	T	26-06-2023	IPR044068	Core-binding (CB) domain
CP019286.1_23	ab9b827e4c5612fcbbfa32b77e4d0ede	380	MobiDBLite	mobidb-lite	consensus disorder prediction	1	28	-	T	26-06-2023	-	-
CP019286.1_23	ab9b827e4c5612fcbbfa32b77e4d0ede	380	Pfam	PF00589	Phage integrase family	148	366	2.5E-12	T	26-06-2023	IPR002104	Integrase, catalytic domain
CP019286.1_23	ab9b827e4c5612fcbbfa32b77e4d0ede	380	Gene3D	G3DSA:1.10.150.130	-	24	133	2.0E-14	T	26-06-2023	IPR010998	Integrase/recombinase, N-terminal
CP019286.1_23	ab9b827e4c5612fcbbfa32b77e4d0ede	380	SUPERFAMILY	SSF56349	DNA breaking-rejoining enzymes	29	374	5.0E-28	T	26-06-2023	IPR011010	DNA breaking-rejoining enzyme, catalytic core
CP019286.1_23	ab9b827e4c5612fcbbfa32b77e4d0ede	380	CDD	cd00397	DNA_BRE_C	168	359	2.48785E-13	T	26-06-2023	-	-
CP019286.1_37	45e16b0b26aa27196a4dead51b9df985	331	Coils	Coil	Coil	245	293	-	T	26-06-2023	-	-
CP019286.1_37	45e16b0b26aa27196a4dead51b9df985	331	MobiDBLite	mobidb-lite	consensus disorder prediction	290	331	-	T	26-06-2023	-	-
CP019286.1_81	bf203c6ce96c4fe2d998bbfe62571d25	86	Pfam	PF16947	N-terminal region of 4Fe-4S ferredoxin iron-sulfur binding	21	80	8.2E-30	T	26-06-2023	IPR031604	4Fe-4S ferredoxin iron-sulfur binding domain-containing protein, N-terminal
CP019286.1_81	bf203c6ce96c4fe2d998bbfe62571d25	86	MobiDBLite	mobidb-lite	consensus disorder prediction	1	27	-	T	26-06-2023	-	-
CP019286.1_65	137ead304d856d41e316a8d3add6af6b	338	ProSiteProfiles	PS50109	Histidine kinase domain profile.	128	337	21.60891	T	26-06-2023	IPR005467	Histidine kinase domain
CP019286.1_65	137ead304d856d41e316a8d3add6af6b	338	Pfam	PF13426	PAS domain	11	114	7.2E-10	T	26-06-2023	IPR000014	PAS domain
CP019286.1_65	137ead304d856d41e316a8d3add6af6b	338	Gene3D	G3DSA:3.30.450.20	PAS domain	5	127	2.8E-20	T	26-06-2023	-	-
CP019286.1_65	137ead304d856d41e316a8d3add6af6b	338	PRINTS	PR00344	Bacterial sensor protein C-terminal signature	267	281	1.0E-4	T	26-06-2023	IPR004358	Signal transduction histidine kinase-related protein, C-terminal
CP019286.1_65	137ead304d856d41e316a8d3add6af6b	338	PRINTS	PR00344	Bacterial sensor protein C-terminal signature	297	315	1.0E-4	T	26-06-2023	IPR004358	Signal transduction histidine kinase-related protein, C-terminal
CP019286.1_65	137ead304d856d41e316a8d3add6af6b	338	PRINTS	PR00344	Bacterial sensor protein C-terminal signature	321	334	1.0E-4	T	26-06-2023	IPR004358	Signal transduction histidine kinase-related protein, C-terminal
CP019286.1_65	137ead304d856d41e316a8d3add6af6b	338	CDD	cd00130	PAS	11	95	5.185E-10	T	26-06-2023	IPR000014	PAS domain
CP019286.1_65	137ead304d856d41e316a8d3add6af6b	338	SMART	SM00387	HKATPase_4	227	337	1.1E-9	T	26-06-2023	IPR003594	Histidine kinase/HSP90-like ATPase
CP019286.1_65	137ead304d856d41e316a8d3add6af6b	338	Pfam	PF02518	Histidine kinase-, DNA gyrase B-, and HSP90-like ATPase	230	336	1.2E-11	T	26-06-2023	IPR003594	Histidine kinase/HSP90-like ATPase
CP019286.1_65	137ead304d856d41e316a8d3add6af6b	338	NCBIfam	TIGR00229	PAS domain S-box protein	8	120	1.0E-16	T	26-06-2023	IPR000014	PAS domain
CP019286.1_65	137ead304d856d41e316a8d3add6af6b	338	Gene3D	G3DSA:3.30.565.10	-	144	332	4.9E-18	T	26-06-2023	IPR036890	Histidine kinase/HSP90-like ATPase superfamily
CP019286.1_65	137ead304d856d41e316a8d3add6af6b	338	PANTHER	PTHR45453	PHOSPHATE REGULON SENSOR PROTEIN PHOR	90	336	1.6E-12	T	26-06-2023	-	-
CP019286.1_65	137ead304d856d41e316a8d3add6af6b	338	SMART	SM00091	pas_2	1	67	1.4E-4	T	26-06-2023	IPR000014	PAS domain
CP019286.1_65	137ead304d856d41e316a8d3add6af6b	338	SUPERFAMILY	SSF55874	ATPase domain of HSP90 chaperone/DNA topoisomerase II/histidine kinase	190	334	2.36E-17	T	26-06-2023	IPR036890	Histidine kinase/HSP90-like ATPase superfamily
CP019286.1_65	137ead304d856d41e316a8d3add6af6b	338	SUPERFAMILY	SSF55785	PYP-like sensor domain (PAS domain)	6	114	9.6E-19	T	26-06-2023	IPR035965	PAS domain superfamily
CP019286.1_65	137ead304d856d41e316a8d3add6af6b	338	ProSiteProfiles	PS50113	PAC domain profile.	74	124	9.550797	T	26-06-2023	IPR000700	PAS-associated, C-terminal
CP019286.1_135	efe618bbe62d9bc330b4a518305ab742	124	Coils	Coil	Coil	7	34	-	T	26-06-2023	-	-
CP019286.1_164	419f15ad03ca35a10313fdc2d4df7d43	441	SUPERFAMILY	SSF53098	Ribonuclease H-like	117	403	1.44E-29	T	26-06-2023	IPR012337	Ribonuclease H-like superfamily
CP019286.1_164	419f15ad03ca35a10313fdc2d4df7d43	441	Gene3D	G3DSA:3.90.350.10	Transposase Inhibitor Protein From Tn5; Chain A, domain 1	165	334	3.2E-10	T	26-06-2023	-	-
CP019286.1_164	419f15ad03ca35a10313fdc2d4df7d43	441	PANTHER	PTHR33258	TRANSPOSASE INSL FOR INSERTION SEQUENCE ELEMENT IS186A-RELATED	33	435	1.4E-103	T	26-06-2023	-	-
CP019286.1_164	419f15ad03ca35a10313fdc2d4df7d43	441	Pfam	PF01609	Transposase DDE domain	117	352	1.1E-27	T	26-06-2023	IPR002559	Transposase IS4-like domain
CP019286.1_164	419f15ad03ca35a10313fdc2d4df7d43	441	NCBIfam	NF033592	IS4 family transposase	14	357	1.6E-82	T	26-06-2023	-	-
CP019286.1_176	626901eed81115b0afa20f82dcd597a4	1391	MobiDBLite	mobidb-lite	consensus disorder prediction	115	137	-	T	26-06-2023	-	-
CP019286.1_176	626901eed81115b0afa20f82dcd597a4	1391	SUPERFAMILY	SSF48371	ARM repeat	439	1326	7.71E-6	T	26-06-2023	IPR016024	Armadillo-type fold
CP019286.1_176	626901eed81115b0afa20f82dcd597a4	1391	Gene3D	G3DSA:3.40.50.300	-	36	211	4.6E-5	T	26-06-2023	IPR027417	P-loop containing nucleoside triphosphate hydrolase
CP019286.1_176	626901eed81115b0afa20f82dcd597a4	1391	SUPERFAMILY	SSF52540	P-loop containing nucleoside triphosphate hydrolases	27	261	2.6E-9	T	26-06-2023	IPR027417	P-loop containing nucleoside triphosphate hydrolase
CP019286.1_183	cbae1f467c837b90ef20990bc1a0b19a	107	MobiDBLite	mobidb-lite	consensus disorder prediction	45	72	-	T	26-06-2023	-	-
CP019286.1_183	cbae1f467c837b90ef20990bc1a0b19a	107	Coils	Coil	Coil	31	51	-	T	26-06-2023	-	-
CP019286.1_192	3520633dd5d0102f13291218ec18a107	435	ProSiteProfiles	PS51900	Core-binding (CB) domain profile.	106	207	8.932377	T	26-06-2023	IPR044068	Core-binding (CB) domain
CP019286.1_192	3520633dd5d0102f13291218ec18a107	435	CDD	cd00397	DNA_BRE_C	240	410	2.9984E-8	T	26-06-2023	-	-
CP019286.1_192	3520633dd5d0102f13291218ec18a107	435	ProSiteProfiles	PS51898	Tyrosine recombinase domain profile.	231	423	16.486019	T	26-06-2023	IPR002104	Integrase, catalytic domain
CP019286.1_192	3520633dd5d0102f13291218ec18a107	435	SUPERFAMILY	SSF56349	DNA breaking-rejoining enzymes	177	373	1.15E-16	T	26-06-2023	IPR011010	DNA breaking-rejoining enzyme, catalytic core
CP019286.1_192	3520633dd5d0102f13291218ec18a107	435	Gene3D	G3DSA:1.10.443.10	Intergrase catalytic core	231	428	5.3E-13	T	26-06-2023	IPR013762	Integrase-like, catalytic domain superfamily
CP019286.1_155	2bac08171a16d93f152d1cafeeb7d2f6	86	Gene3D	G3DSA:1.10.10.10	-	1	83	8.3E-29	T	26-06-2023	IPR036388	Winged helix-like DNA-binding domain superfamily
CP019286.1_155	2bac08171a16d93f152d1cafeeb7d2f6	86	SUPERFAMILY	SSF46785	"Winged helix" DNA-binding domain	10	72	1.66E-5	T	26-06-2023	IPR036390	Winged helix DNA-binding domain superfamily
CP019286.1_134	93b4b1ad581298028ca3afd2f2dbed99	197	Coils	Coil	Coil	66	86	-	T	26-06-2023	-	-
CP019286.1_134	93b4b1ad581298028ca3afd2f2dbed99	197	Coils	Coil	Coil	179	197	-	T	26-06-2023	-	-
CP019286.1_105	a651443389fdee104a111e1a70f3f4e5	260	PANTHER	PTHR43229	NODULATION PROTEIN J	3	244	7.2E-14	T	26-06-2023	-	-
CP019286.1_72	79edf298623a7bfb480874e12b4ec269	144	Pfam	PF01850	PIN domain	5	129	4.6E-16	T	26-06-2023	IPR002716	PIN domain
CP019286.1_72	79edf298623a7bfb480874e12b4ec269	144	SUPERFAMILY	SSF88723	PIN domain-like	1	134	1.15E-20	T	26-06-2023	IPR029060	PIN-like domain superfamily
CP019286.1_72	79edf298623a7bfb480874e12b4ec269	144	FunFam	G3DSA:3.40.50.1010:FF:000042	Ribonuclease VapC	3	137	7.1E-52	T	26-06-2023	-	-
CP019286.1_72	79edf298623a7bfb480874e12b4ec269	144	PANTHER	PTHR42188	23S RRNA-SPECIFIC ENDONUCLEASE VAPC20	4	130	3.6E-35	T	26-06-2023	IPR039018	Endonuclease VapC20-like
CP019286.1_72	79edf298623a7bfb480874e12b4ec269	144	Hamap	MF_00265	tRNA(fMet)-specific endonuclease VapC [vapC].	4	135	9.72675	T	26-06-2023	IPR022907	VapC family
CP019286.1_72	79edf298623a7bfb480874e12b4ec269	144	Gene3D	G3DSA:3.40.50.1010	-	4	138	1.5E-23	T	26-06-2023	-	-
CP019286.1_84	6d0fef3cfbbe0dabaace6742d3bb77fd	176	MobiDBLite	mobidb-lite	consensus disorder prediction	118	143	-	T	26-06-2023	-	-
CP019286.1_123	feefad234ee1e0edec01d0e6e0db2ee9	585	CDD	cd18793	SF2_C_SNF	365	487	2.834E-41	T	26-06-2023	-	-
CP019286.1_123	feefad234ee1e0edec01d0e6e0db2ee9	585	PANTHER	PTHR10799	SNF2/RAD54 HELICASE FAMILY	61	546	5.6E-68	T	26-06-2023	-	-
CP019286.1_123	feefad234ee1e0edec01d0e6e0db2ee9	585	ProSiteProfiles	PS51194	Superfamilies 1 and 2 helicase C-terminal domain profile.	369	516	17.017006	T	26-06-2023	IPR001650	Helicase, C-terminal
CP019286.1_123	feefad234ee1e0edec01d0e6e0db2ee9	585	SMART	SM00490	helicmild6	397	477	7.1E-20	T	26-06-2023	IPR001650	Helicase, C-terminal
CP019286.1_123	feefad234ee1e0edec01d0e6e0db2ee9	585	ProSiteProfiles	PS51192	Superfamilies 1 and 2 helicase ATP-binding type-1 domain profile.	74	230	16.532413	T	26-06-2023	IPR014001	Helicase superfamily 1/2, ATP-binding domain
CP019286.1_123	feefad234ee1e0edec01d0e6e0db2ee9	585	SMART	SM00487	ultradead3	60	241	8.5E-18	T	26-06-2023	IPR014001	Helicase superfamily 1/2, ATP-binding domain
CP019286.1_123	feefad234ee1e0edec01d0e6e0db2ee9	585	Pfam	PF00176	SNF2-related domain	83	312	1.0E-31	T	26-06-2023	IPR000330	SNF2, N-terminal
CP019286.1_123	feefad234ee1e0edec01d0e6e0db2ee9	585	SUPERFAMILY	SSF52540	P-loop containing nucleoside triphosphate hydrolases	173	524	1.77E-52	T	26-06-2023	IPR027417	P-loop containing nucleoside triphosphate hydrolase
CP019286.1_123	feefad234ee1e0edec01d0e6e0db2ee9	585	Pfam	PF00271	Helicase conserved C-terminal domain	373	477	4.0E-20	T	26-06-2023	IPR001650	Helicase, C-terminal
CP019286.1_123	feefad234ee1e0edec01d0e6e0db2ee9	585	SUPERFAMILY	SSF52540	P-loop containing nucleoside triphosphate hydrolases	63	266	9.94E-41	T	26-06-2023	IPR027417	P-loop containing nucleoside triphosphate hydrolase
CP019286.1_123	feefad234ee1e0edec01d0e6e0db2ee9	585	CDD	cd18011	DEXDc_RapA	64	267	6.43198E-48	T	26-06-2023	-	-
CP019286.1_123	feefad234ee1e0edec01d0e6e0db2ee9	585	Gene3D	G3DSA:3.40.50.10810	-	66	268	1.1E-37	T	26-06-2023	IPR038718	SNF2-like, N-terminal domain superfamily
CP019286.1_123	feefad234ee1e0edec01d0e6e0db2ee9	585	Gene3D	G3DSA:3.40.50.300	-	279	571	1.3E-48	T	26-06-2023	IPR027417	P-loop containing nucleoside triphosphate hydrolase
CP019286.1_146	ce72d4f73f8c67be8436ff871a447e0d	1274	PANTHER	PTHR30121	UNCHARACTERIZED PROTEIN YJGR-RELATED	1	1270	3.2E-121	T	26-06-2023	-	-
CP019286.1_146	ce72d4f73f8c67be8436ff871a447e0d	1274	MobiDBLite	mobidb-lite	consensus disorder prediction	931	1044	-	T	26-06-2023	-	-
CP019286.1_146	ce72d4f73f8c67be8436ff871a447e0d	1274	MobiDBLite	mobidb-lite	consensus disorder prediction	874	919	-	T	26-06-2023	-	-
CP019286.1_146	ce72d4f73f8c67be8436ff871a447e0d	1274	SUPERFAMILY	SSF52540	P-loop containing nucleoside triphosphate hydrolases	458	877	5.84E-19	T	26-06-2023	IPR027417	P-loop containing nucleoside triphosphate hydrolase
CP019286.1_146	ce72d4f73f8c67be8436ff871a447e0d	1274	MobiDBLite	mobidb-lite	consensus disorder prediction	905	919	-	T	26-06-2023	-	-
CP019286.1_146	ce72d4f73f8c67be8436ff871a447e0d	1274	MobiDBLite	mobidb-lite	consensus disorder prediction	140	162	-	T	26-06-2023	-	-
CP019286.1_146	ce72d4f73f8c67be8436ff871a447e0d	1274	MobiDBLite	mobidb-lite	consensus disorder prediction	969	990	-	T	26-06-2023	-	-
CP019286.1_146	ce72d4f73f8c67be8436ff871a447e0d	1274	MobiDBLite	mobidb-lite	consensus disorder prediction	442	463	-	T	26-06-2023	-	-
CP019286.1_146	ce72d4f73f8c67be8436ff871a447e0d	1274	MobiDBLite	mobidb-lite	consensus disorder prediction	931	956	-	T	26-06-2023	-	-
CP019286.1_146	ce72d4f73f8c67be8436ff871a447e0d	1274	Gene3D	G3DSA:3.40.50.300	-	710	880	6.5E-12	T	26-06-2023	IPR027417	P-loop containing nucleoside triphosphate hydrolase
CP019286.1_146	ce72d4f73f8c67be8436ff871a447e0d	1274	Gene3D	G3DSA:3.40.50.300	-	409	621	7.7E-6	T	26-06-2023	IPR027417	P-loop containing nucleoside triphosphate hydrolase
CP019286.1_146	ce72d4f73f8c67be8436ff871a447e0d	1274	MobiDBLite	mobidb-lite	consensus disorder prediction	880	894	-	T	26-06-2023	-	-
CP019286.1_15	660072f06753a0623dcc564deaaf499d	446	Coils	Coil	Coil	321	341	-	T	26-06-2023	-	-
CP019286.1_24	de8ee5cb23fed3519cc81e3570a6ad62	58	SUPERFAMILY	SSF57783	Zinc beta-ribbon	12	40	2.38E-5	T	26-06-2023	-	-
CP019286.1_24	de8ee5cb23fed3519cc81e3570a6ad62	58	Gene3D	G3DSA:2.20.25.10	-	9	50	6.3E-8	T	26-06-2023	-	-
CP019286.1_182	e0247254c2e0250ce7be6010ef42b4c9	308	Gene3D	G3DSA:1.10.10.60	-	84	129	1.6E-5	T	26-06-2023	-	-
CP019286.1_182	e0247254c2e0250ce7be6010ef42b4c9	308	Pfam	PF12802	MarR family	6	54	6.8E-8	T	26-06-2023	IPR000835	MarR-type HTH domain
CP019286.1_182	e0247254c2e0250ce7be6010ef42b4c9	308	SUPERFAMILY	SSF46785	"Winged helix" DNA-binding domain	6	62	1.3E-8	T	26-06-2023	IPR036390	Winged helix DNA-binding domain superfamily
CP019286.1_182	e0247254c2e0250ce7be6010ef42b4c9	308	CDD	cd00090	HTH_ARSR	3	65	9.12023E-6	T	26-06-2023	IPR011991	ArsR-like helix-turn-helix domain
CP019286.1_182	e0247254c2e0250ce7be6010ef42b4c9	308	Gene3D	G3DSA:1.10.10.10	-	1	79	2.3E-8	T	26-06-2023	IPR036388	Winged helix-like DNA-binding domain superfamily
CP019286.1_182	e0247254c2e0250ce7be6010ef42b4c9	308	SUPERFAMILY	SSF46785	"Winged helix" DNA-binding domain	87	162	1.14E-6	T	26-06-2023	IPR036390	Winged helix DNA-binding domain superfamily
CP019286.1_159	b0d261586a0b7e3c9a44d2ca56f673a1	275	MobiDBLite	mobidb-lite	consensus disorder prediction	242	275	-	T	26-06-2023	-	-
CP019286.1_159	b0d261586a0b7e3c9a44d2ca56f673a1	275	MobiDBLite	mobidb-lite	consensus disorder prediction	260	275	-	T	26-06-2023	-	-
CP019286.1_161	50530bc5d1d39289fea6c5f88bd98036	116	Coils	Coil	Coil	78	98	-	T	26-06-2023	-	-
CP019286.1_18	64e703826c74a09e81f73a5b741db160	224	MobiDBLite	mobidb-lite	consensus disorder prediction	20	34	-	T	26-06-2023	-	-
CP019286.1_18	64e703826c74a09e81f73a5b741db160	224	MobiDBLite	mobidb-lite	consensus disorder prediction	67	111	-	T	26-06-2023	-	-
CP019286.1_18	64e703826c74a09e81f73a5b741db160	224	MobiDBLite	mobidb-lite	consensus disorder prediction	1	40	-	T	26-06-2023	-	-
CP019286.1_39	8ecca06a4e61fd7431df5603caaf312f	79	MobiDBLite	mobidb-lite	consensus disorder prediction	60	79	-	T	26-06-2023	-	-
CP019286.1_33	7406f1c439dec1b0849a4c61d7bb7bd9	312	Gene3D	G3DSA:3.30.1640.10	-	9	74	1.4E-5	T	26-06-2023	-	-
CP019286.1_33	7406f1c439dec1b0849a4c61d7bb7bd9	312	PANTHER	PTHR11630	DNA REPLICATION LICENSING FACTOR MCM FAMILY MEMBER	67	226	1.2E-21	T	26-06-2023	IPR031327	Mini-chromosome maintenance protein
CP019286.1_33	7406f1c439dec1b0849a4c61d7bb7bd9	312	SUPERFAMILY	SSF50249	Nucleic acid-binding proteins	23	217	6.68E-27	T	26-06-2023	IPR012340	Nucleic acid-binding, OB-fold
CP019286.1_33	7406f1c439dec1b0849a4c61d7bb7bd9	312	Gene3D	G3DSA:2.20.28.10	-	110	155	5.4E-12	T	26-06-2023	-	-
CP019286.1_33	7406f1c439dec1b0849a4c61d7bb7bd9	312	Gene3D	G3DSA:2.40.50.140	-	82	225	1.6E-13	T	26-06-2023	IPR012340	Nucleic acid-binding, OB-fold
CP019286.1_33	7406f1c439dec1b0849a4c61d7bb7bd9	312	FunFam	G3DSA:2.20.28.10:FF:000003	DNA helicase	109	156	1.4E-7	T	26-06-2023	-	-
CP019286.1_33	7406f1c439dec1b0849a4c61d7bb7bd9	312	Pfam	PF17207	MCM OB domain	85	203	9.0E-17	T	26-06-2023	IPR033762	MCM OB domain
CP019286.1_46	db1a98835ec72519c8948791998e57af	236	ProSiteProfiles	PS51318	Twin arginine translocation (Tat) signal profile.	1	34	8.856369	T	26-06-2023	IPR006311	Twin-arginine translocation pathway, signal sequence
CP019286.1_87	c06451a789d138ac68a9fe0fbf5193f5	98	Gene3D	G3DSA:3.30.70.240	-	13	76	1.1E-16	T	26-06-2023	-	-
CP019286.1_87	c06451a789d138ac68a9fe0fbf5193f5	98	SUPERFAMILY	SSF143430	TTP0101/SSO1404-like	13	90	7.46E-16	T	26-06-2023	-	-
CP019286.1_87	c06451a789d138ac68a9fe0fbf5193f5	98	CDD	cd09725	Cas2_I_II_III	15	89	5.17138E-19	T	26-06-2023	IPR021127	CRISPR-associated endonuclease Cas2
CP019286.1_87	c06451a789d138ac68a9fe0fbf5193f5	98	Pfam	PF09827	CRISPR associated protein Cas2	13	78	3.1E-15	T	26-06-2023	IPR019199	Virulence-associated protein D / CRISPR associated protein Cas2
CP019286.1_87	c06451a789d138ac68a9fe0fbf5193f5	98	Hamap	MF_01471	CRISPR-associated endoribonuclease Cas2 [cas2].	13	98	12.192249	T	26-06-2023	IPR021127	CRISPR-associated endonuclease Cas2
CP019286.1_87	c06451a789d138ac68a9fe0fbf5193f5	98	PANTHER	PTHR34405	CRISPR-ASSOCIATED ENDORIBONUCLEASE CAS2	13	93	3.4E-11	T	26-06-2023	IPR021127	CRISPR-associated endonuclease Cas2
CP019286.1_87	c06451a789d138ac68a9fe0fbf5193f5	98	NCBIfam	TIGR01573	CRISPR-associated endonuclease Cas2	13	77	1.3E-9	T	26-06-2023	IPR021127	CRISPR-associated endonuclease Cas2
CP019286.1_80	20b6e676b4c25ff06e9971732455f166	829	SUPERFAMILY	SSF53706	Formate dehydrogenase/DMSO reductase, domains 1-3	52	587	0.0	T	26-06-2023	-	-
CP019286.1_80	20b6e676b4c25ff06e9971732455f166	829	Gene3D	G3DSA:3.40.50.740	-	460	641	8.7E-54	T	26-06-2023	-	-
CP019286.1_80	20b6e676b4c25ff06e9971732455f166	829	Gene3D	G3DSA:3.40.50.12440	-	56	342	7.5E-72	T	26-06-2023	-	-
CP019286.1_80	20b6e676b4c25ff06e9971732455f166	829	Pfam	PF00384	Molybdopterin oxidoreductase	113	593	3.7E-48	T	26-06-2023	IPR006656	Molybdopterin oxidoreductase
CP019286.1_80	20b6e676b4c25ff06e9971732455f166	829	MobiDBLite	mobidb-lite	consensus disorder prediction	119	138	-	T	26-06-2023	-	-
CP019286.1_80	20b6e676b4c25ff06e9971732455f166	829	Pfam	PF01568	Molydopterin dinucleotide binding domain	687	792	4.5E-21	T	26-06-2023	IPR006657	Molybdopterin dinucleotide-binding domain
CP019286.1_80	20b6e676b4c25ff06e9971732455f166	829	MobiDBLite	mobidb-lite	consensus disorder prediction	804	829	-	T	26-06-2023	-	-
CP019286.1_80	20b6e676b4c25ff06e9971732455f166	829	Pfam	PF04879	Molybdopterin oxidoreductase Fe4S4 domain	56	110	2.8E-11	T	26-06-2023	IPR006963	Molybdopterin oxidoreductase, 4Fe-4S domain
CP019286.1_80	20b6e676b4c25ff06e9971732455f166	829	SMART	SM00926	Molybdop_Fe4S4_2	55	110	0.0027	T	26-06-2023	IPR006963	Molybdopterin oxidoreductase, 4Fe-4S domain
CP019286.1_80	20b6e676b4c25ff06e9971732455f166	829	Gene3D	G3DSA:2.40.40.20	-	665	807	7.5E-35	T	26-06-2023	-	-
CP019286.1_80	20b6e676b4c25ff06e9971732455f166	829	Gene3D	G3DSA:3.40.228.10	Dimethylsulfoxide Reductase, domain 2	374	652	8.7E-54	T	26-06-2023	-	-
CP019286.1_80	20b6e676b4c25ff06e9971732455f166	829	ProSiteProfiles	PS51318	Twin arginine translocation (Tat) signal profile.	1	43	8.252501	T	26-06-2023	IPR006311	Twin-arginine translocation pathway, signal sequence
CP019286.1_80	20b6e676b4c25ff06e9971732455f166	829	SUPERFAMILY	SSF50692	ADC-like	680	809	4.07E-35	T	26-06-2023	IPR009010	Aspartate decarboxylase-like domain superfamily
CP019286.1_80	20b6e676b4c25ff06e9971732455f166	829	ProSiteProfiles	PS51669	Prokaryotic molybdopterin oxidoreductases 4Fe-4S domain profile.	55	112	15.426398	T	26-06-2023	IPR006963	Molybdopterin oxidoreductase, 4Fe-4S domain
CP019286.1_80	20b6e676b4c25ff06e9971732455f166	829	PANTHER	PTHR43742	TRIMETHYLAMINE-N-OXIDE REDUCTASE	12	800	0.0	T	26-06-2023	-	-
CP019286.1_121	1144a01d8253bb357c4adbb501c514e4	425	SUPERFAMILY	SSF55874	ATPase domain of HSP90 chaperone/DNA topoisomerase II/histidine kinase	66	157	3.76E-9	T	26-06-2023	IPR036890	Histidine kinase/HSP90-like ATPase superfamily
CP019286.1_158	899dfd161dbab6e9cc5631cff4f7427b	286	SUPERFAMILY	SSF50249	Nucleic acid-binding proteins	188	283	1.26E-15	T	26-06-2023	IPR012340	Nucleic acid-binding, OB-fold
CP019286.1_158	899dfd161dbab6e9cc5631cff4f7427b	286	Gene3D	G3DSA:2.40.50.140	-	187	281	1.6E-17	T	26-06-2023	IPR012340	Nucleic acid-binding, OB-fold
CP019286.1_158	899dfd161dbab6e9cc5631cff4f7427b	286	MobiDBLite	mobidb-lite	consensus disorder prediction	41	65	-	T	26-06-2023	-	-
CP019286.1_158	899dfd161dbab6e9cc5631cff4f7427b	286	CDD	cd04491	SoSSB_OBF	203	277	4.3944E-13	T	26-06-2023	-	-
CP019286.1_71	dbcf039c4172513b4cbc20237d2b1e07	251	ProSiteProfiles	PS51257	Prokaryotic membrane lipoprotein lipid attachment site profile.	1	20	6.0	T	26-06-2023	-	-
CP019286.1_162	879d4784ece775febe11331d71805b8b	187	ProSiteProfiles	PS50966	Zinc finger SWIM-type profile.	140	174	9.940304	T	26-06-2023	IPR007527	Zinc finger, SWIM-type
CP019286.1_162	879d4784ece775febe11331d71805b8b	187	MobiDBLite	mobidb-lite	consensus disorder prediction	7	22	-	T	26-06-2023	-	-
CP019286.1_162	879d4784ece775febe11331d71805b8b	187	MobiDBLite	mobidb-lite	consensus disorder prediction	1	36	-	T	26-06-2023	-	-
CP019286.1_190	a4c2a4eb42e976b3710134bc181de94e	96	MobiDBLite	mobidb-lite	consensus disorder prediction	1	24	-	T	26-06-2023	-	-
CP019286.1_56	ddc96fc1356dbcb3ad8676c1fe7daaf1	352	NCBIfam	NF040570	RNA-guided endonuclease TnpB family protein	54	341	1.1E-44	T	26-06-2023	-	-
CP019286.1_56	ddc96fc1356dbcb3ad8676c1fe7daaf1	352	Pfam	PF07282	Putative transposase DNA-binding domain	275	341	1.8E-20	T	26-06-2023	IPR010095	Cas12f1-like, TNB domain
CP019286.1_56	ddc96fc1356dbcb3ad8676c1fe7daaf1	352	NCBIfam	TIGR01766	IS200/IS605 family accessory protein TnpB-like domain	227	302	1.3E-14	T	26-06-2023	IPR010095	Cas12f1-like, TNB domain
CP019286.1_58	04abead5342872b5deefbe662abef0a4	97	Gene3D	G3DSA:1.10.10.10	-	8	95	9.6E-13	T	26-06-2023	IPR036388	Winged helix-like DNA-binding domain superfamily
CP019286.1_58	04abead5342872b5deefbe662abef0a4	97	Pfam	PF03551	Transcriptional regulator PadR-like family	13	79	2.5E-17	T	26-06-2023	IPR005149	Transcription regulator PadR, N-terminal
CP019286.1_58	04abead5342872b5deefbe662abef0a4	97	SUPERFAMILY	SSF46785	"Winged helix" DNA-binding domain	2	94	7.96E-20	T	26-06-2023	IPR036390	Winged helix DNA-binding domain superfamily
CP019286.1_96	7aa067dc57b27451f99b8710b543d057	369	NCBIfam	NF033541	ISH3 family transposase	45	338	1.5E-98	T	26-06-2023	-	-
CP019286.1_96	7aa067dc57b27451f99b8710b543d057	369	PANTHER	PTHR33252	THIRD ORF IN TRANSPOSON ISC1160	85	339	8.4E-17	T	26-06-2023	-	-
CP019286.1_96	7aa067dc57b27451f99b8710b543d057	369	MobiDBLite	mobidb-lite	consensus disorder prediction	346	369	-	T	26-06-2023	-	-
CP019286.1_88	fab802c3808dcda23049a38a71f5e059	331	NCBIfam	TIGR00287	CRISPR-associated endonuclease Cas1	8	325	1.3E-81	T	26-06-2023	IPR002729	CRISPR-associated protein Cas1
CP019286.1_88	fab802c3808dcda23049a38a71f5e059	331	Hamap	MF_01470	CRISPR-associated endonuclease Cas1 [cas1].	1	316	24.93375	T	26-06-2023	IPR002729	CRISPR-associated protein Cas1
CP019286.1_88	fab802c3808dcda23049a38a71f5e059	331	Gene3D	G3DSA:1.20.120.920	-	84	328	1.7E-64	T	26-06-2023	IPR042206	CRISPR-associated endonuclease Cas1, C-terminal domain
CP019286.1_88	fab802c3808dcda23049a38a71f5e059	331	Pfam	PF01867	CRISPR associated protein Cas1	8	286	1.3E-83	T	26-06-2023	IPR002729	CRISPR-associated protein Cas1
CP019286.1_88	fab802c3808dcda23049a38a71f5e059	331	PANTHER	PTHR43219	CRISPR-ASSOCIATED ENDONUCLEASE CAS1	5	331	5.7E-101	T	26-06-2023	IPR019858	CRISPR-associated protein Cas1, HMARI/TNEAP subtype
CP019286.1_88	fab802c3808dcda23049a38a71f5e059	331	Gene3D	G3DSA:3.100.10.20	-	1	81	4.1E-22	T	26-06-2023	IPR042211	CRISPR-associated endonuclease Cas1, N-terminal domain
CP019286.1_88	fab802c3808dcda23049a38a71f5e059	331	NCBIfam	TIGR03641	type I-B CRISPR-associated endonuclease Cas1b	6	331	3.2E-115	T	26-06-2023	IPR019858	CRISPR-associated protein Cas1, HMARI/TNEAP subtype
CP019286.1_148	edf7aea79c8b931e4d8c092f59a3fd3b	508	NCBIfam	NF038197	primase-associated protein	6	501	0.0	T	26-06-2023	-	-
CP019286.1_78	a07d7ba47bbc9c4b53d4c22192e46a8f	458	Gene3D	G3DSA:1.20.1630.10	Formate dehydrogenase/DMSO reductase domain	49	349	7.2E-18	T	26-06-2023	-	-
CP019286.1_78	a07d7ba47bbc9c4b53d4c22192e46a8f	458	PANTHER	PTHR34856	PROTEIN NRFD	46	423	2.6E-81	T	26-06-2023	-	-
CP019286.1_78	a07d7ba47bbc9c4b53d4c22192e46a8f	458	MobiDBLite	mobidb-lite	consensus disorder prediction	419	458	-	T	26-06-2023	-	-
CP019286.1_78	a07d7ba47bbc9c4b53d4c22192e46a8f	458	Pfam	PF03916	Polysulphide reductase, NrfD	46	354	1.3E-63	T	26-06-2023	IPR005614	NrfD family
CP019286.1_9	dc9cd64a9048d63672ef07cfb20cb317	1222	Gene3D	G3DSA:3.90.320.10	-	1005	1196	1.2E-16	T	26-06-2023	IPR011604	PD-(D/E)XK endonuclease-like domain superfamily
CP019286.1_9	dc9cd64a9048d63672ef07cfb20cb317	1222	MobiDBLite	mobidb-lite	consensus disorder prediction	1028	1049	-	T	26-06-2023	-	-
CP019286.1_9	dc9cd64a9048d63672ef07cfb20cb317	1222	Coils	Coil	Coil	1207	1222	-	T	26-06-2023	-	-
CP019286.1_9	dc9cd64a9048d63672ef07cfb20cb317	1222	MobiDBLite	mobidb-lite	consensus disorder prediction	965	1014	-	T	26-06-2023	-	-
CP019286.1_9	dc9cd64a9048d63672ef07cfb20cb317	1222	Gene3D	G3DSA:3.40.50.300	-	809	972	2.8E-14	T	26-06-2023	IPR027417	P-loop containing nucleoside triphosphate hydrolase
CP019286.1_9	dc9cd64a9048d63672ef07cfb20cb317	1222	Gene3D	G3DSA:3.40.50.300	-	13	181	3.7E-34	T	26-06-2023	IPR027417	P-loop containing nucleoside triphosphate hydrolase
CP019286.1_9	dc9cd64a9048d63672ef07cfb20cb317	1222	ProSiteProfiles	PS51198	UvrD-like DNA helicase ATP-binding domain profile.	15	500	37.82642	T	26-06-2023	IPR014016	UvrD-like helicase, ATP-binding domain
CP019286.1_9	dc9cd64a9048d63672ef07cfb20cb317	1222	Pfam	PF00580	UvrD/REP helicase N-terminal domain	18	467	1.5E-60	T	26-06-2023	IPR014016	UvrD-like helicase, ATP-binding domain
CP019286.1_9	dc9cd64a9048d63672ef07cfb20cb317	1222	SUPERFAMILY	SSF52980	Restriction endonuclease-like	1025	1179	2.04E-11	T	26-06-2023	IPR011335	Restriction endonuclease type II-like
CP019286.1_9	dc9cd64a9048d63672ef07cfb20cb317	1222	SUPERFAMILY	SSF52540	P-loop containing nucleoside triphosphate hydrolases	15	924	7.12E-106	T	26-06-2023	IPR027417	P-loop containing nucleoside triphosphate hydrolase
CP019286.1_9	dc9cd64a9048d63672ef07cfb20cb317	1222	Gene3D	G3DSA:3.40.50.300	-	309	472	7.6E-31	T	26-06-2023	IPR027417	P-loop containing nucleoside triphosphate hydrolase
CP019286.1_9	dc9cd64a9048d63672ef07cfb20cb317	1222	Pfam	PF13361	UvrD-like helicase C-terminal domain	609	918	2.8E-19	T	26-06-2023	IPR014017	UvrD-like DNA helicase, C-terminal
CP019286.1_9	dc9cd64a9048d63672ef07cfb20cb317	1222	Gene3D	G3DSA:3.40.50.300	-	495	650	8.6E-8	T	26-06-2023	IPR027417	P-loop containing nucleoside triphosphate hydrolase
CP019286.1_9	dc9cd64a9048d63672ef07cfb20cb317	1222	ProSiteProfiles	PS51217	UvrD-like DNA helicase C-terminal domain profile.	540	826	16.531811	T	26-06-2023	IPR014017	UvrD-like DNA helicase, C-terminal
CP019286.1_9	dc9cd64a9048d63672ef07cfb20cb317	1222	Gene3D	G3DSA:1.10.486.10	PCRA; domain 4	651	808	1.7E-25	T	26-06-2023	-	-
CP019286.1_9	dc9cd64a9048d63672ef07cfb20cb317	1222	Pfam	PF12705	PD-(D/E)XK nuclease superfamily	1042	1182	7.1E-11	T	26-06-2023	IPR038726	PD-(D/E)XK endonuclease-like domain, AddAB-type
CP019286.1_9	dc9cd64a9048d63672ef07cfb20cb317	1222	PANTHER	PTHR11070	UVRD / RECB / PCRA DNA HELICASE FAMILY MEMBER	12	940	2.2E-91	T	26-06-2023	IPR000212	DNA helicase, UvrD/REP type
CP019286.1_147	db79c721dd4e4ea8621e7ece303ecc6d	294	Gene3D	G3DSA:3.90.920.10	DNA primase, PRIM domain	1	293	1.6E-18	T	26-06-2023	-	-
CP019286.1_147	db79c721dd4e4ea8621e7ece303ecc6d	294	SUPERFAMILY	SSF56747	Prim-pol domain	48	289	1.26E-26	T	26-06-2023	-	-
CP019286.1_51	e4e0efee2f821a3e7a27dd87bf8d0b8e	200	MobiDBLite	mobidb-lite	consensus disorder prediction	128	142	-	T	26-06-2023	-	-
CP019286.1_51	e4e0efee2f821a3e7a27dd87bf8d0b8e	200	ProSiteProfiles	PS51318	Twin arginine translocation (Tat) signal profile.	1	37	8.331841	T	26-06-2023	IPR006311	Twin-arginine translocation pathway, signal sequence
CP019286.1_51	e4e0efee2f821a3e7a27dd87bf8d0b8e	200	MobiDBLite	mobidb-lite	consensus disorder prediction	118	143	-	T	26-06-2023	-	-
CP019286.1_62	16723f478f437e9d8631e84c847ded03	390	MobiDBLite	mobidb-lite	consensus disorder prediction	362	390	-	T	26-06-2023	-	-
CP019286.1_62	16723f478f437e9d8631e84c847ded03	390	NCBIfam	TIGR01766	IS200/IS605 family accessory protein TnpB-like domain	218	296	1.0E-16	T	26-06-2023	IPR010095	Cas12f1-like, TNB domain
CP019286.1_62	16723f478f437e9d8631e84c847ded03	390	NCBIfam	NF040570	RNA-guided endonuclease TnpB family protein	89	337	6.0E-35	T	26-06-2023	-	-
CP019286.1_62	16723f478f437e9d8631e84c847ded03	390	Pfam	PF07282	Putative transposase DNA-binding domain	269	337	1.0E-15	T	26-06-2023	IPR010095	Cas12f1-like, TNB domain
CP019286.1_104	11ade7885bd69a302ddea8b3445ab0d1	348	ProSiteProfiles	PS50893	ATP-binding cassette, ABC transporter-type domain profile.	29	265	21.081881	T	26-06-2023	IPR003439	ABC transporter-like, ATP-binding domain
CP019286.1_104	11ade7885bd69a302ddea8b3445ab0d1	348	Gene3D	G3DSA:3.40.50.300	-	15	298	1.3E-66	T	26-06-2023	IPR027417	P-loop containing nucleoside triphosphate hydrolase
CP019286.1_104	11ade7885bd69a302ddea8b3445ab0d1	348	SMART	SM00382	AAA_5	57	242	3.2E-13	T	26-06-2023	IPR003593	AAA+ ATPase domain
CP019286.1_104	11ade7885bd69a302ddea8b3445ab0d1	348	PANTHER	PTHR42711	ABC TRANSPORTER ATP-BINDING PROTEIN	27	337	3.1E-78	T	26-06-2023	-	-
CP019286.1_104	11ade7885bd69a302ddea8b3445ab0d1	348	SUPERFAMILY	SSF52540	P-loop containing nucleoside triphosphate hydrolases	18	261	1.78E-60	T	26-06-2023	IPR027417	P-loop containing nucleoside triphosphate hydrolase
CP019286.1_104	11ade7885bd69a302ddea8b3445ab0d1	348	Pfam	PF00005	ABC transporter	49	192	1.9E-30	T	26-06-2023	IPR003439	ABC transporter-like, ATP-binding domain
CP019286.1_104	11ade7885bd69a302ddea8b3445ab0d1	348	MobiDBLite	mobidb-lite	consensus disorder prediction	1	25	-	T	26-06-2023	-	-
CP019286.1_104	11ade7885bd69a302ddea8b3445ab0d1	348	CDD	cd03230	ABC_DR_subfamily_A	29	243	5.68781E-63	T	26-06-2023	-	-
CP019286.1_1	236c58500f61ad2211d199e699a33dcf	345	Pfam	PF03050	Transposase IS66 family	172	338	1.4E-36	T	26-06-2023	IPR004291	Transposase IS66, central domain
CP019286.1_1	236c58500f61ad2211d199e699a33dcf	345	Coils	Coil	Coil	8	56	-	T	26-06-2023	-	-
CP019286.1_1	236c58500f61ad2211d199e699a33dcf	345	NCBIfam	NF033517	IS66 family transposase	93	338	2.7E-65	T	26-06-2023	-	-
CP019286.1_1	236c58500f61ad2211d199e699a33dcf	345	PANTHER	PTHR33678	BLL1576 PROTEIN	21	339	2.5E-90	T	26-06-2023	-	-
CP019286.1_1	236c58500f61ad2211d199e699a33dcf	345	MobiDBLite	mobidb-lite	consensus disorder prediction	25	103	-	T	26-06-2023	-	-
CP019286.1_70	9471bc53d64c1aafa8101dc65bbba48f	146	Gene3D	G3DSA:1.10.10.10	-	2	115	3.2E-7	T	26-06-2023	IPR036388	Winged helix-like DNA-binding domain superfamily
CP019286.1_70	9471bc53d64c1aafa8101dc65bbba48f	146	SUPERFAMILY	SSF46785	"Winged helix" DNA-binding domain	55	104	1.8E-7	T	26-06-2023	IPR036390	Winged helix DNA-binding domain superfamily
CP019286.1_133	d347db93bf03e5d5069bc14da394eb0b	1077	MobiDBLite	mobidb-lite	consensus disorder prediction	1007	1021	-	T	26-06-2023	-	-
CP019286.1_133	d347db93bf03e5d5069bc14da394eb0b	1077	Coils	Coil	Coil	573	600	-	T	26-06-2023	-	-
CP019286.1_133	d347db93bf03e5d5069bc14da394eb0b	1077	Pfam	PF04465	Protein of unknown function (DUF499)	233	333	1.5E-5	T	26-06-2023	IPR007555	Protein of unknown function DUF499
CP019286.1_133	d347db93bf03e5d5069bc14da394eb0b	1077	SUPERFAMILY	SSF52540	P-loop containing nucleoside triphosphate hydrolases	60	264	1.39E-7	T	26-06-2023	IPR027417	P-loop containing nucleoside triphosphate hydrolase
CP019286.1_133	d347db93bf03e5d5069bc14da394eb0b	1077	MobiDBLite	mobidb-lite	consensus disorder prediction	997	1030	-	T	26-06-2023	-	-
CP019286.1_174	d5123775e52b09053dc5eb679a28e08c	293	MobiDBLite	mobidb-lite	consensus disorder prediction	15	46	-	T	26-06-2023	-	-
CP019286.1_174	d5123775e52b09053dc5eb679a28e08c	293	MobiDBLite	mobidb-lite	consensus disorder prediction	15	33	-	T	26-06-2023	-	-
CP019286.1_19	117ae90c05fb7d7da99cf3fd83dedae7	47	MobiDBLite	mobidb-lite	consensus disorder prediction	24	47	-	T	26-06-2023	-	-
CP019286.1_69	53a7aae65ca8156d14683f8646672503	249	MobiDBLite	mobidb-lite	consensus disorder prediction	146	249	-	T	26-06-2023	-	-
CP019286.1_69	53a7aae65ca8156d14683f8646672503	249	MobiDBLite	mobidb-lite	consensus disorder prediction	199	213	-	T	26-06-2023	-	-
CP019286.1_69	53a7aae65ca8156d14683f8646672503	249	MobiDBLite	mobidb-lite	consensus disorder prediction	214	249	-	T	26-06-2023	-	-
CP019286.1_69	53a7aae65ca8156d14683f8646672503	249	Pfam	PF19865	Family of unknown function (DUF6338)	24	137	8.6E-10	T	26-06-2023	IPR045919	Protein of unknown function DUF6338
CP019286.1_69	53a7aae65ca8156d14683f8646672503	249	MobiDBLite	mobidb-lite	consensus disorder prediction	159	181	-	T	26-06-2023	-	-
CP019286.1_124	05c5c87be7235c535e154306e5139dd4	333	PANTHER	PTHR15852	PLASTID TRANSCRIPTIONALLY ACTIVE PROTEIN	80	186	5.9E-10	T	26-06-2023	-	-
CP019286.1_129	d2b92f8cfdcf07eb1a03691ef994f16a	411	Pfam	PF07728	AAA domain (dynein-related subfamily)	111	256	7.9E-14	T	26-06-2023	IPR011704	ATPase, dynein-related, AAA domain
CP019286.1_129	d2b92f8cfdcf07eb1a03691ef994f16a	411	SMART	SM00382	AAA_5	107	266	1.5E-8	T	26-06-2023	IPR003593	AAA+ ATPase domain
CP019286.1_129	d2b92f8cfdcf07eb1a03691ef994f16a	411	Gene3D	G3DSA:3.40.50.300	-	94	273	1.1E-26	T	26-06-2023	IPR027417	P-loop containing nucleoside triphosphate hydrolase
CP019286.1_129	d2b92f8cfdcf07eb1a03691ef994f16a	411	PANTHER	PTHR37291	5-METHYLCYTOSINE-SPECIFIC RESTRICTION ENZYME B	69	269	2.2E-28	T	26-06-2023	-	-
CP019286.1_129	d2b92f8cfdcf07eb1a03691ef994f16a	411	SUPERFAMILY	SSF52540	P-loop containing nucleoside triphosphate hydrolases	81	297	3.42E-24	T	26-06-2023	IPR027417	P-loop containing nucleoside triphosphate hydrolase
CP019286.1_77	4bc6a9f7fb235a174773c4393af2ec73	182	PANTHER	PTHR34227	CHAPERONE PROTEIN YCDY	22	181	6.3E-27	T	26-06-2023	-	-
CP019286.1_77	4bc6a9f7fb235a174773c4393af2ec73	182	SUPERFAMILY	SSF89155	TorD-like	23	181	6.67E-39	T	26-06-2023	IPR036411	TorD-like superfamily
CP019286.1_77	4bc6a9f7fb235a174773c4393af2ec73	182	Pfam	PF02613	Nitrate reductase delta subunit	38	154	1.0E-29	T	26-06-2023	IPR020945	DMSO/Nitrate reductase chaperone
CP019286.1_77	4bc6a9f7fb235a174773c4393af2ec73	182	Gene3D	G3DSA:1.10.3480.10	-	9	182	1.4E-46	T	26-06-2023	-	-
CP019286.1_138	fee24e6bf674ccbfd5ccbe504c869471	899	Gene3D	G3DSA:3.30.565.10	-	41	219	5.3E-6	T	26-06-2023	IPR036890	Histidine kinase/HSP90-like ATPase superfamily
CP019286.1_138	fee24e6bf674ccbfd5ccbe504c869471	899	PANTHER	PTHR32387	WU:FJ29H11	45	401	7.6E-24	T	26-06-2023	-	-
CP019286.1_138	fee24e6bf674ccbfd5ccbe504c869471	899	SUPERFAMILY	SSF55874	ATPase domain of HSP90 chaperone/DNA topoisomerase II/histidine kinase	45	209	8.36E-10	T	26-06-2023	IPR036890	Histidine kinase/HSP90-like ATPase superfamily
CP019286.1_138	fee24e6bf674ccbfd5ccbe504c869471	899	Pfam	PF13020	Protein NO VEIN, C-terminal	801	864	6.3E-6	T	26-06-2023	IPR024975	Protein NO VEIN, C-terminal
CP019286.1_49	71ffbd2ca5bfcf33e986677a73303c57	525	PANTHER	PTHR43806	PEPTIDASE S8	123	450	5.3E-37	T	26-06-2023	-	-
CP019286.1_49	71ffbd2ca5bfcf33e986677a73303c57	525	SUPERFAMILY	SSF52743	Subtilisin-like	198	486	1.83E-47	T	26-06-2023	IPR036852	Peptidase S8/S53 domain superfamily
CP019286.1_49	71ffbd2ca5bfcf33e986677a73303c57	525	Gene3D	G3DSA:3.40.50.200	Peptidase S8/S53 domain	182	486	8.2E-50	T	26-06-2023	IPR036852	Peptidase S8/S53 domain superfamily
CP019286.1_49	71ffbd2ca5bfcf33e986677a73303c57	525	ProSitePatterns	PS00138	Serine proteases, subtilase family, serine active site.	430	440	-	T	26-06-2023	IPR023828	Peptidase S8, subtilisin, Ser-active site
CP019286.1_49	71ffbd2ca5bfcf33e986677a73303c57	525	Pfam	PF00082	Subtilase family	204	447	2.9E-35	T	26-06-2023	IPR000209	Peptidase S8/S53 domain
CP019286.1_49	71ffbd2ca5bfcf33e986677a73303c57	525	PRINTS	PR00723	Subtilisin serine protease family (S8) signature	203	222	9.8E-10	T	26-06-2023	IPR015500	Peptidase S8, subtilisin-related
CP019286.1_49	71ffbd2ca5bfcf33e986677a73303c57	525	PRINTS	PR00723	Subtilisin serine protease family (S8) signature	255	268	9.8E-10	T	26-06-2023	IPR015500	Peptidase S8, subtilisin-related
CP019286.1_49	71ffbd2ca5bfcf33e986677a73303c57	525	PRINTS	PR00723	Subtilisin serine protease family (S8) signature	429	445	9.8E-10	T	26-06-2023	IPR015500	Peptidase S8, subtilisin-related
CP019286.1_49	71ffbd2ca5bfcf33e986677a73303c57	525	ProSiteProfiles	PS51892	Serine proteases, subtilase domain profile.	181	485	25.819256	T	26-06-2023	-	-
CP019286.1_8	74d59931c1722c029b7b36d977603040	1062	Gene3D	G3DSA:1.10.486.10	PCRA; domain 4	356	510	6.8E-13	T	26-06-2023	-	-
CP019286.1_8	74d59931c1722c029b7b36d977603040	1062	Gene3D	G3DSA:3.90.320.10	-	844	1026	2.1E-10	T	26-06-2023	IPR011604	PD-(D/E)XK endonuclease-like domain superfamily
CP019286.1_8	74d59931c1722c029b7b36d977603040	1062	Gene3D	G3DSA:3.40.50.300	-	293	558	6.8E-13	T	26-06-2023	IPR027417	P-loop containing nucleoside triphosphate hydrolase
CP019286.1_8	74d59931c1722c029b7b36d977603040	1062	SUPERFAMILY	SSF52540	P-loop containing nucleoside triphosphate hydrolases	288	620	7.04E-29	T	26-06-2023	IPR027417	P-loop containing nucleoside triphosphate hydrolase
CP019286.1_8	74d59931c1722c029b7b36d977603040	1062	PANTHER	PTHR30591	RECBCD ENZYME SUBUNIT RECC	410	773	1.9E-15	T	26-06-2023	-	-
CP019286.1_8	74d59931c1722c029b7b36d977603040	1062	Pfam	PF12705	PD-(D/E)XK nuclease superfamily	710	1024	6.2E-30	T	26-06-2023	IPR038726	PD-(D/E)XK endonuclease-like domain, AddAB-type
CP019286.1_8	74d59931c1722c029b7b36d977603040	1062	MobiDBLite	mobidb-lite	consensus disorder prediction	653	673	-	T	26-06-2023	-	-
CP019286.1_2	62bc85d993a2def2ac2aa28f695ad8aa	122	SUPERFAMILY	SSF101478	ADP-ribosylglycohydrolase	34	121	4.05E-25	T	26-06-2023	IPR036705	ADP-ribosylation/Crystallin J1 superfamily
CP019286.1_2	62bc85d993a2def2ac2aa28f695ad8aa	122	Gene3D	G3DSA:1.10.4080.10	-	2	122	4.8E-26	T	26-06-2023	IPR036705	ADP-ribosylation/Crystallin J1 superfamily
CP019286.1_2	62bc85d993a2def2ac2aa28f695ad8aa	122	Pfam	PF03747	ADP-ribosylglycohydrolase	35	100	1.1E-18	T	26-06-2023	IPR005502	ADP-ribosylation/Crystallin J1
CP019286.1_2	62bc85d993a2def2ac2aa28f695ad8aa	122	PANTHER	PTHR16222	ADP-RIBOSYLGLYCOHYDROLASE	39	120	2.4E-14	T	26-06-2023	-	-
CP019286.1_30	d6345bb8014b4e062c31dd1c1377614d	166	MobiDBLite	mobidb-lite	consensus disorder prediction	140	158	-	T	26-06-2023	-	-
CP019286.1_30	d6345bb8014b4e062c31dd1c1377614d	166	MobiDBLite	mobidb-lite	consensus disorder prediction	134	166	-	T	26-06-2023	-	-
CP019286.1_53	57f011327e35d3029baf404138b07cea	220	MobiDBLite	mobidb-lite	consensus disorder prediction	21	39	-	T	26-06-2023	-	-
CP019286.1_53	57f011327e35d3029baf404138b07cea	220	MobiDBLite	mobidb-lite	consensus disorder prediction	1	15	-	T	26-06-2023	-	-
CP019286.1_53	57f011327e35d3029baf404138b07cea	220	MobiDBLite	mobidb-lite	consensus disorder prediction	1	60	-	T	26-06-2023	-	-
CP019286.1_53	57f011327e35d3029baf404138b07cea	220	MobiDBLite	mobidb-lite	consensus disorder prediction	188	220	-	T	26-06-2023	-	-
CP019286.1_38	9449fe1ebc687562951431d5e1085ffb	222	MobiDBLite	mobidb-lite	consensus disorder prediction	179	203	-	T	26-06-2023	-	-
CP019286.1_38	9449fe1ebc687562951431d5e1085ffb	222	MobiDBLite	mobidb-lite	consensus disorder prediction	1	25	-	T	26-06-2023	-	-
CP019286.1_38	9449fe1ebc687562951431d5e1085ffb	222	MobiDBLite	mobidb-lite	consensus disorder prediction	179	196	-	T	26-06-2023	-	-
CP019286.1_169	edbc70f7bca2941e2c78cac35a33681d	395	Coils	Coil	Coil	158	178	-	T	26-06-2023	-	-
CP019286.1_169	edbc70f7bca2941e2c78cac35a33681d	395	Coils	Coil	Coil	56	94	-	T	26-06-2023	-	-
CP019286.1_112	cd45d0c556aacdc23996b08b614d07b3	407	NCBIfam	NF033540	IS701 family transposase	20	340	2.2E-86	T	26-06-2023	-	-
CP019286.1_112	cd45d0c556aacdc23996b08b614d07b3	407	SUPERFAMILY	SSF53098	Ribonuclease H-like	23	341	9.1E-25	T	26-06-2023	IPR012337	Ribonuclease H-like superfamily
CP019286.1_112	cd45d0c556aacdc23996b08b614d07b3	407	Pfam	PF13546	DDE superfamily endonuclease	17	217	4.6E-27	T	26-06-2023	IPR038721	Transposase IS701-like, DDE domain
CP019286.1_112	cd45d0c556aacdc23996b08b614d07b3	407	PANTHER	PTHR33627	TRANSPOSASE	22	243	2.3E-26	T	26-06-2023	IPR039365	Transposase IS701-like
CP019286.1_154	7c0bda38186ca03caf224294ab52c2a8	169	ProSitePatterns	PS00414	Profilin signature.	1	8	-	T	26-06-2023	IPR027310	Profilin conserved site
CP019286.1_3	129721f77b7712c3279bf56fd73cfe95	401	Coils	Coil	Coil	8	56	-	T	26-06-2023	-	-
CP019286.1_3	129721f77b7712c3279bf56fd73cfe95	401	PANTHER	PTHR33678	BLL1576 PROTEIN	21	389	6.5E-95	T	26-06-2023	-	-
CP019286.1_3	129721f77b7712c3279bf56fd73cfe95	401	MobiDBLite	mobidb-lite	consensus disorder prediction	25	103	-	T	26-06-2023	-	-
CP019286.1_3	129721f77b7712c3279bf56fd73cfe95	401	NCBIfam	NF033517	IS66 family transposase	93	374	1.3E-66	T	26-06-2023	-	-
CP019286.1_3	129721f77b7712c3279bf56fd73cfe95	401	Pfam	PF03050	Transposase IS66 family	172	365	3.1E-37	T	26-06-2023	IPR004291	Transposase IS66, central domain
CP019286.1_128	3637c9aae98c2f23f066d2d59e6cfdb8	618	Pfam	PF13173	AAA domain	56	230	3.5E-6	T	26-06-2023	IPR041682	AAA domain, group 14
CP019286.1_128	3637c9aae98c2f23f066d2d59e6cfdb8	618	PANTHER	PTHR33295	ATPASE	101	500	4.7E-9	T	26-06-2023	-	-
CP019286.1_128	3637c9aae98c2f23f066d2d59e6cfdb8	618	SUPERFAMILY	SSF52540	P-loop containing nucleoside triphosphate hydrolases	51	254	9.6E-8	T	26-06-2023	IPR027417	P-loop containing nucleoside triphosphate hydrolase
CP019286.1_128	3637c9aae98c2f23f066d2d59e6cfdb8	618	Gene3D	G3DSA:3.40.50.300	-	28	202	4.0E-5	T	26-06-2023	IPR027417	P-loop containing nucleoside triphosphate hydrolase
CP019286.1_85	784db518b3d161121b5511ab36d35dbc	231	MobiDBLite	mobidb-lite	consensus disorder prediction	209	231	-	T	26-06-2023	-	-
CP019286.1_111	b759f3c208a80c66d48f5d7428a6e340	410	SUPERFAMILY	SSF52833	Thioredoxin-like	179	333	3.54E-13	T	26-06-2023	IPR036249	Thioredoxin-like superfamily
CP019286.1_111	b759f3c208a80c66d48f5d7428a6e340	410	MobiDBLite	mobidb-lite	consensus disorder prediction	88	173	-	T	26-06-2023	-	-
CP019286.1_111	b759f3c208a80c66d48f5d7428a6e340	410	Coils	Coil	Coil	293	313	-	T	26-06-2023	-	-
CP019286.1_111	b759f3c208a80c66d48f5d7428a6e340	410	MobiDBLite	mobidb-lite	consensus disorder prediction	1	173	-	T	26-06-2023	-	-
CP019286.1_111	b759f3c208a80c66d48f5d7428a6e340	410	Gene3D	G3DSA:3.40.30.10	Glutaredoxin	178	320	1.0E-17	T	26-06-2023	-	-
CP019286.1_111	b759f3c208a80c66d48f5d7428a6e340	410	Pfam	PF01323	DSBA-like thioredoxin domain	180	313	6.2E-8	T	26-06-2023	IPR001853	DSBA-like thioredoxin domain
CP019286.1_170	4fd5d5bef4b9a91706298601af931ed5	480	SUPERFAMILY	SSF52402	Adenine nucleotide alpha hydrolases-like	161	357	2.88E-14	T	26-06-2023	-	-
CP019286.1_170	4fd5d5bef4b9a91706298601af931ed5	480	Gene3D	G3DSA:3.40.50.620	HUPs	158	372	7.0E-26	T	26-06-2023	IPR014729	Rossmann-like alpha/beta/alpha sandwich fold
CP019286.1_52	6144a2b8c83e74d453b67d9b105ce040	635	Gene3D	G3DSA:2.60.120.560	-	409	629	2.6E-5	T	26-06-2023	-	-
CP019286.1_52	6144a2b8c83e74d453b67d9b105ce040	635	Pfam	PF13517	FG-GAP-like repeat	23	85	1.1E-7	T	26-06-2023	IPR013517	FG-GAP repeat
CP019286.1_52	6144a2b8c83e74d453b67d9b105ce040	635	SUPERFAMILY	SSF69318	Integrin alpha N-terminal domain	13	382	7.85E-16	T	26-06-2023	IPR028994	Integrin alpha, N-terminal
CP019286.1_153	371b2428c2c6daa1bf4acaab255776f3	199	Gene3D	G3DSA:1.10.10.10	-	22	103	4.2E-7	T	26-06-2023	IPR036388	Winged helix-like DNA-binding domain superfamily
CP019286.1_153	371b2428c2c6daa1bf4acaab255776f3	199	SUPERFAMILY	SSF46785	"Winged helix" DNA-binding domain	11	84	1.9E-8	T	26-06-2023	IPR036390	Winged helix DNA-binding domain superfamily
CP019286.1_153	371b2428c2c6daa1bf4acaab255776f3	199	Pfam	PF01978	Sugar-specific transcriptional regulator TrmB	29	83	1.1E-8	T	26-06-2023	IPR002831	Transcription regulator TrmB, N-terminal
CP019286.1_29	bd9d263ec7886253009db248d9681d55	60	Coils	Coil	Coil	40	60	-	T	26-06-2023	-	-
CP019286.1_125	dcf3a26220f5245f67601804e701944e	889	ProSitePatterns	PS00092	N-6 Adenine-specific DNA methylases signature.	538	544	-	T	26-06-2023	IPR002052	DNA methylase, N-6 adenine-specific, conserved site
CP019286.1_125	dcf3a26220f5245f67601804e701944e	889	SUPERFAMILY	SSF53335	S-adenosyl-L-methionine-dependent methyltransferases	118	648	3.22E-14	T	26-06-2023	IPR029063	S-adenosyl-L-methionine-dependent methyltransferase superfamily
CP019286.1_125	dcf3a26220f5245f67601804e701944e	889	Gene3D	G3DSA:3.40.50.150	Vaccinia Virus protein VP39	84	190	1.5E-7	T	26-06-2023	IPR029063	S-adenosyl-L-methionine-dependent methyltransferase superfamily
CP019286.1_125	dcf3a26220f5245f67601804e701944e	889	Gene3D	G3DSA:3.40.50.150	Vaccinia Virus protein VP39	519	654	2.2E-8	T	26-06-2023	IPR029063	S-adenosyl-L-methionine-dependent methyltransferase superfamily
CP019286.1_125	dcf3a26220f5245f67601804e701944e	889	Coils	Coil	Coil	592	612	-	T	26-06-2023	-	-
CP019286.1_63	4cc577aaeab2d6353311b94950ce5809	187	MobiDBLite	mobidb-lite	consensus disorder prediction	115	137	-	T	26-06-2023	-	-
CP019286.1_20	f009bab94c9360d12197d4841e06314f	136	Coils	Coil	Coil	116	136	-	T	26-06-2023	-	-
CP019286.1_13	7ab563d7e1efc5ff2df94d6545b27a7b	426	Gene3D	G3DSA:1.10.8.60	-	15	308	1.1E-78	T	26-06-2023	-	-
CP019286.1_13	7ab563d7e1efc5ff2df94d6545b27a7b	426	CDD	cd00009	AAA	34	202	3.90808E-7	T	26-06-2023	-	-
CP019286.1_13	7ab563d7e1efc5ff2df94d6545b27a7b	426	Pfam	PF13401	AAA domain	56	159	1.3E-6	T	26-06-2023	IPR003593	AAA+ ATPase domain
CP019286.1_13	7ab563d7e1efc5ff2df94d6545b27a7b	426	SMART	SM00382	AAA_5	51	210	1.5E-4	T	26-06-2023	IPR003593	AAA+ ATPase domain
CP019286.1_13	7ab563d7e1efc5ff2df94d6545b27a7b	426	SUPERFAMILY	SSF52540	P-loop containing nucleoside triphosphate hydrolases	23	304	8.01E-33	T	26-06-2023	IPR027417	P-loop containing nucleoside triphosphate hydrolase
CP019286.1_13	7ab563d7e1efc5ff2df94d6545b27a7b	426	SMART	SM01074	Cdc6_C_2	325	408	0.0031	T	26-06-2023	IPR015163	Cdc6, C-terminal
CP019286.1_13	7ab563d7e1efc5ff2df94d6545b27a7b	426	Pfam	PF09079	CDC6, C terminal winged helix domain	325	405	7.2E-8	T	26-06-2023	IPR015163	Cdc6, C-terminal
CP019286.1_13	7ab563d7e1efc5ff2df94d6545b27a7b	426	SUPERFAMILY	SSF46785	"Winged helix" DNA-binding domain	311	410	6.8E-9	T	26-06-2023	IPR036390	Winged helix DNA-binding domain superfamily
CP019286.1_13	7ab563d7e1efc5ff2df94d6545b27a7b	426	Hamap	MF_01407	ORC1-type DNA replication protein.	3	408	23.694881	T	26-06-2023	IPR014277	Orc1/Cdc6-type DNA replication protein, archaea
CP019286.1_13	7ab563d7e1efc5ff2df94d6545b27a7b	426	PANTHER	PTHR10763	CELL DIVISION CONTROL PROTEIN 6-RELATED	23	379	1.9E-40	T	26-06-2023	-	-
CP019286.1_13	7ab563d7e1efc5ff2df94d6545b27a7b	426	Gene3D	G3DSA:1.10.10.10	-	318	419	2.2E-12	T	26-06-2023	IPR036388	Winged helix-like DNA-binding domain superfamily
CP019286.1_13	7ab563d7e1efc5ff2df94d6545b27a7b	426	Gene3D	G3DSA:3.40.50.300	-	29	208	1.1E-78	T	26-06-2023	IPR027417	P-loop containing nucleoside triphosphate hydrolase
CP019286.1_50	14b3bb57a2da308337693049fa243c24	1229	SMART	SM00320	WD40_4	180	220	1.2	T	26-06-2023	IPR001680	WD40 repeat
CP019286.1_50	14b3bb57a2da308337693049fa243c24	1229	SMART	SM00320	WD40_4	265	304	0.54	T	26-06-2023	IPR001680	WD40 repeat
CP019286.1_50	14b3bb57a2da308337693049fa243c24	1229	SMART	SM00320	WD40_4	223	262	110.0	T	26-06-2023	IPR001680	WD40 repeat
CP019286.1_50	14b3bb57a2da308337693049fa243c24	1229	SMART	SM00320	WD40_4	138	177	38.0	T	26-06-2023	IPR001680	WD40 repeat
CP019286.1_50	14b3bb57a2da308337693049fa243c24	1229	SMART	SM00320	WD40_4	307	346	6.4	T	26-06-2023	IPR001680	WD40 repeat
CP019286.1_50	14b3bb57a2da308337693049fa243c24	1229	SMART	SM00320	WD40_4	58	92	160.0	T	26-06-2023	IPR001680	WD40 repeat
CP019286.1_50	14b3bb57a2da308337693049fa243c24	1229	Coils	Coil	Coil	811	838	-	T	26-06-2023	-	-
CP019286.1_50	14b3bb57a2da308337693049fa243c24	1229	SMART	SM00564	ire1_9	115	146	37.0	T	26-06-2023	IPR018391	Pyrrolo-quinoline quinone beta-propeller repeat
CP019286.1_50	14b3bb57a2da308337693049fa243c24	1229	SMART	SM00564	ire1_9	72	103	1.3	T	26-06-2023	IPR018391	Pyrrolo-quinoline quinone beta-propeller repeat
CP019286.1_50	14b3bb57a2da308337693049fa243c24	1229	SMART	SM00564	ire1_9	155	188	1.4	T	26-06-2023	IPR018391	Pyrrolo-quinoline quinone beta-propeller repeat
CP019286.1_50	14b3bb57a2da308337693049fa243c24	1229	SMART	SM00564	ire1_9	326	357	0.075	T	26-06-2023	IPR018391	Pyrrolo-quinoline quinone beta-propeller repeat
CP019286.1_50	14b3bb57a2da308337693049fa243c24	1229	SMART	SM00564	ire1_9	240	273	54.0	T	26-06-2023	IPR018391	Pyrrolo-quinoline quinone beta-propeller repeat
CP019286.1_50	14b3bb57a2da308337693049fa243c24	1229	SMART	SM00564	ire1_9	284	315	1.2	T	26-06-2023	IPR018391	Pyrrolo-quinoline quinone beta-propeller repeat
CP019286.1_50	14b3bb57a2da308337693049fa243c24	1229	SMART	SM00564	ire1_9	198	231	51.0	T	26-06-2023	IPR018391	Pyrrolo-quinoline quinone beta-propeller repeat
CP019286.1_50	14b3bb57a2da308337693049fa243c24	1229	Coils	Coil	Coil	604	631	-	T	26-06-2023	-	-
CP019286.1_50	14b3bb57a2da308337693049fa243c24	1229	ProSiteProfiles	PS50082	Trp-Asp (WD) repeats profile.	188	229	8.770704	T	26-06-2023	IPR001680	WD40 repeat
CP019286.1_50	14b3bb57a2da308337693049fa243c24	1229	Coils	Coil	Coil	413	433	-	T	26-06-2023	-	-
CP019286.1_50	14b3bb57a2da308337693049fa243c24	1229	Pfam	PF13360	PQQ-like domain	85	230	5.6E-17	T	26-06-2023	IPR002372	Pyrrolo-quinoline quinone repeat
CP019286.1_50	14b3bb57a2da308337693049fa243c24	1229	PANTHER	PTHR19848	WD40 REPEAT PROTEIN	116	366	2.3E-27	T	26-06-2023	-	-
CP019286.1_50	14b3bb57a2da308337693049fa243c24	1229	Gene3D	G3DSA:2.130.10.10	-	46	233	1.7E-25	T	26-06-2023	IPR015943	WD40/YVTN repeat-like-containing domain superfamily
CP019286.1_50	14b3bb57a2da308337693049fa243c24	1229	Coils	Coil	Coil	769	796	-	T	26-06-2023	-	-
CP019286.1_50	14b3bb57a2da308337693049fa243c24	1229	MobiDBLite	mobidb-lite	consensus disorder prediction	96	117	-	T	26-06-2023	-	-
CP019286.1_50	14b3bb57a2da308337693049fa243c24	1229	SUPERFAMILY	SSF50998	Quinoprotein alcohol dehydrogenase-like	54	368	7.06E-55	T	26-06-2023	IPR011047	Quinoprotein alcohol dehydrogenase-like superfamily
CP019286.1_50	14b3bb57a2da308337693049fa243c24	1229	Gene3D	G3DSA:2.130.10.10	-	234	383	2.1E-17	T	26-06-2023	IPR015943	WD40/YVTN repeat-like-containing domain superfamily
CP019286.1_102	e2cf187c5d693303e52d8dadd4fe827b	280	PANTHER	PTHR43471	ABC TRANSPORTER PERMEASE	39	278	3.6E-17	T	26-06-2023	-	-
CP019286.1_102	e2cf187c5d693303e52d8dadd4fe827b	280	Pfam	PF12679	ABC-2 family transporter protein	5	278	1.4E-34	T	26-06-2023	IPR032688	ABC-2 family transporter protein
CP019286.1_64	a1f4b87baae0258beed9030a44d54ded	185	Pfam	PF07681	DoxX	30	121	2.7E-6	T	26-06-2023	IPR032808	DoxX family
CP019286.1_127	ed14d9b7ef8cb410fa02b56df301e36e	146	ProSiteProfiles	PS51516	Sox C-terminal domain profile.	61	146	8.700828	T	26-06-2023	IPR021934	Sox, C-terminal
CP019286.1_127	ed14d9b7ef8cb410fa02b56df301e36e	146	MobiDBLite	mobidb-lite	consensus disorder prediction	69	146	-	T	26-06-2023	-	-
CP019286.1_127	ed14d9b7ef8cb410fa02b56df301e36e	146	MobiDBLite	mobidb-lite	consensus disorder prediction	92	146	-	T	26-06-2023	-	-
CP019286.1_194	378436809ada776193ac9e4ecb534685	145	MobiDBLite	mobidb-lite	consensus disorder prediction	1	27	-	T	26-06-2023	-	-
CP019286.1_194	378436809ada776193ac9e4ecb534685	145	MobiDBLite	mobidb-lite	consensus disorder prediction	1	75	-	T	26-06-2023	-	-
CP019286.1_194	378436809ada776193ac9e4ecb534685	145	MobiDBLite	mobidb-lite	consensus disorder prediction	28	42	-	T	26-06-2023	-	-
CP019286.1_194	378436809ada776193ac9e4ecb534685	145	MobiDBLite	mobidb-lite	consensus disorder prediction	43	59	-	T	26-06-2023	-	-
CP019286.1_178	e9b0a3234b6e02a77f1ceefefa1f8082	759	MobiDBLite	mobidb-lite	consensus disorder prediction	462	486	-	T	26-06-2023	-	-
CP019286.1_178	e9b0a3234b6e02a77f1ceefefa1f8082	759	MobiDBLite	mobidb-lite	consensus disorder prediction	496	510	-	T	26-06-2023	-	-
CP019286.1_178	e9b0a3234b6e02a77f1ceefefa1f8082	759	Pfam	PF12706	Beta-lactamase superfamily domain	32	161	1.2E-8	T	26-06-2023	IPR001279	Metallo-beta-lactamase
CP019286.1_178	e9b0a3234b6e02a77f1ceefefa1f8082	759	SUPERFAMILY	SSF56281	Metallo-hydrolase/oxidoreductase	31	369	5.63E-31	T	26-06-2023	IPR036866	Ribonuclease Z/Hydroxyacylglutathione hydrolase-like
CP019286.1_178	e9b0a3234b6e02a77f1ceefefa1f8082	759	MobiDBLite	mobidb-lite	consensus disorder prediction	457	621	-	T	26-06-2023	-	-
CP019286.1_178	e9b0a3234b6e02a77f1ceefefa1f8082	759	PANTHER	PTHR11203	CLEAVAGE AND POLYADENYLATION SPECIFICITY FACTOR FAMILY MEMBER	49	163	4.4E-12	T	26-06-2023	-	-
CP019286.1_178	e9b0a3234b6e02a77f1ceefefa1f8082	759	SMART	SM00849	Lactamase_B_5a	13	203	1.3E-10	T	26-06-2023	IPR001279	Metallo-beta-lactamase
CP019286.1_178	e9b0a3234b6e02a77f1ceefefa1f8082	759	MobiDBLite	mobidb-lite	consensus disorder prediction	526	544	-	T	26-06-2023	-	-
CP019286.1_178	e9b0a3234b6e02a77f1ceefefa1f8082	759	MobiDBLite	mobidb-lite	consensus disorder prediction	545	566	-	T	26-06-2023	-	-
CP019286.1_178	e9b0a3234b6e02a77f1ceefefa1f8082	759	Gene3D	G3DSA:3.60.15.10	-	9	241	5.6E-27	T	26-06-2023	IPR036866	Ribonuclease Z/Hydroxyacylglutathione hydrolase-like
CP019286.1_27	210d43eb51927dc7a3f495801198fe0c	330	SUPERFAMILY	SSF48371	ARM repeat	150	327	2.94E-17	T	26-06-2023	IPR016024	Armadillo-type fold
CP019286.1_27	210d43eb51927dc7a3f495801198fe0c	330	Gene3D	G3DSA:1.25.10.10	-	144	330	2.9E-17	T	26-06-2023	IPR011989	Armadillo-like helical
CP019286.1_27	210d43eb51927dc7a3f495801198fe0c	330	Pfam	PF13646	HEAT repeats	266	326	1.6E-8	T	26-06-2023	-	-
CP019286.1_195	07769d4d362b67f19bf73daeaa800760	133	PANTHER	PTHR33678	BLL1576 PROTEIN	22	117	1.2E-23	T	26-06-2023	-	-
CP019286.1_195	07769d4d362b67f19bf73daeaa800760	133	Pfam	PF03050	Transposase IS66 family	26	86	4.2E-7	T	26-06-2023	IPR004291	Transposase IS66, central domain
CP019286.1_156	6fe2a358aff9603cb361463d392ada7e	84	Pfam	PF18545	Halobacterial output domain 1	16	73	2.3E-8	T	26-06-2023	IPR040624	Halobacterial output domain 1
CP019286.1_193	5a0d857b52753e17e862b496d6af715e	303	CDD	cd02042	ParAB_family	17	228	4.04873E-24	T	26-06-2023	-	-
CP019286.1_193	5a0d857b52753e17e862b496d6af715e	303	SUPERFAMILY	SSF52540	P-loop containing nucleoside triphosphate hydrolases	18	294	4.11E-37	T	26-06-2023	IPR027417	P-loop containing nucleoside triphosphate hydrolase
CP019286.1_193	5a0d857b52753e17e862b496d6af715e	303	PANTHER	PTHR13696	P-LOOP CONTAINING NUCLEOSIDE TRIPHOSPHATE HYDROLASE	17	282	4.6E-40	T	26-06-2023	-	-
CP019286.1_193	5a0d857b52753e17e862b496d6af715e	303	MobiDBLite	mobidb-lite	consensus disorder prediction	1	29	-	T	26-06-2023	-	-
CP019286.1_193	5a0d857b52753e17e862b496d6af715e	303	Pfam	PF13614	AAA domain	18	217	1.2E-35	T	26-06-2023	IPR025669	AAA domain
CP019286.1_193	5a0d857b52753e17e862b496d6af715e	303	Gene3D	G3DSA:3.40.50.300	-	15	291	6.9E-51	T	26-06-2023	IPR027417	P-loop containing nucleoside triphosphate hydrolase
CP019286.1_193	5a0d857b52753e17e862b496d6af715e	303	MobiDBLite	mobidb-lite	consensus disorder prediction	58	84	-	T	26-06-2023	-	-
CP019286.1_55	3e7d5f4de501f89cc909b440c1b20b68	68	MobiDBLite	mobidb-lite	consensus disorder prediction	51	68	-	T	26-06-2023	-	-
CP019286.1_55	3e7d5f4de501f89cc909b440c1b20b68	68	MobiDBLite	mobidb-lite	consensus disorder prediction	39	68	-	T	26-06-2023	-	-
CP019286.1_73	94ff2c2b7fb28de320ce14a6b0622751	83	Gene3D	G3DSA:2.10.260.10	-	10	49	1.1E-5	T	26-06-2023	-	-
CP019286.1_73	94ff2c2b7fb28de320ce14a6b0622751	83	SUPERFAMILY	SSF89447	AbrB/MazE/MraZ-like	14	44	2.79E-5	T	26-06-2023	IPR037914	SpoVT-AbrB domain superfamily
CP019286.1_143	889ec94f946741fa3f71f7af1ea03f82	478	Coils	Coil	Coil	8	56	-	T	26-06-2023	-	-
CP019286.1_143	889ec94f946741fa3f71f7af1ea03f82	478	Pfam	PF03050	Transposase IS66 family	172	431	7.5E-48	T	26-06-2023	IPR004291	Transposase IS66, central domain
CP019286.1_143	889ec94f946741fa3f71f7af1ea03f82	478	NCBIfam	NF033517	IS66 family transposase	93	460	5.8E-95	T	26-06-2023	-	-
CP019286.1_143	889ec94f946741fa3f71f7af1ea03f82	478	MobiDBLite	mobidb-lite	consensus disorder prediction	25	103	-	T	26-06-2023	-	-
CP019286.1_143	889ec94f946741fa3f71f7af1ea03f82	478	PANTHER	PTHR33678	BLL1576 PROTEIN	21	462	9.3E-126	T	26-06-2023	-	-
CP019286.1_89	115271e51eb0b59dabd73ee3d6dbe2b3	182	PANTHER	PTHR37168	CRISPR-ASSOCIATED EXONUCLEASE CAS4	21	182	2.7E-46	T	26-06-2023	-	-
CP019286.1_89	115271e51eb0b59dabd73ee3d6dbe2b3	182	Pfam	PF01930	Domain of unknown function DUF83	25	181	1.9E-43	T	26-06-2023	IPR022765	Dna2/Cas4, domain of unknown function DUF83
CP019286.1_89	115271e51eb0b59dabd73ee3d6dbe2b3	182	NCBIfam	TIGR00372	CRISPR-associated protein Cas4	24	181	7.3E-24	T	26-06-2023	IPR013343	CRISPR-associated protein Cas4
CP019286.1_89	115271e51eb0b59dabd73ee3d6dbe2b3	182	Gene3D	G3DSA:3.90.320.10	-	10	181	4.8E-16	T	26-06-2023	IPR011604	PD-(D/E)XK endonuclease-like domain superfamily
CP019286.1_17	e70ba8cd04c9834bd373775b9bf88ff8	271	Pfam	PF12679	ABC-2 family transporter protein	27	268	1.0E-11	T	26-06-2023	IPR032688	ABC-2 family transporter protein
CP019286.1_184	054bf9f948629dbd691c3447abe2725a	405	Hamap	MF_01407	ORC1-type DNA replication protein.	3	384	29.939405	T	26-06-2023	IPR014277	Orc1/Cdc6-type DNA replication protein, archaea
CP019286.1_184	054bf9f948629dbd691c3447abe2725a	405	Pfam	PF09079	CDC6, C terminal winged helix domain	301	383	1.6E-22	T	26-06-2023	IPR015163	Cdc6, C-terminal
CP019286.1_184	054bf9f948629dbd691c3447abe2725a	405	PANTHER	PTHR10763	CELL DIVISION CONTROL PROTEIN 6-RELATED	8	384	3.9E-51	T	26-06-2023	-	-
CP019286.1_184	054bf9f948629dbd691c3447abe2725a	405	SMART	SM01074	Cdc6_C_2	301	384	7.9E-22	T	26-06-2023	IPR015163	Cdc6, C-terminal
CP019286.1_184	054bf9f948629dbd691c3447abe2725a	405	Gene3D	G3DSA:1.10.10.10	-	293	391	1.0E-23	T	26-06-2023	IPR036388	Winged helix-like DNA-binding domain superfamily
CP019286.1_184	054bf9f948629dbd691c3447abe2725a	405	Gene3D	G3DSA:1.10.8.60	-	10	284	2.4E-95	T	26-06-2023	-	-
CP019286.1_184	054bf9f948629dbd691c3447abe2725a	405	FunFam	G3DSA:1.10.8.60:FF:000073	ORC1-type DNA replication protein	192	284	3.5E-25	T	26-06-2023	-	-
CP019286.1_184	054bf9f948629dbd691c3447abe2725a	405	CDD	cd08768	Cdc6_C	294	378	2.96198E-23	T	26-06-2023	IPR015163	Cdc6, C-terminal
CP019286.1_184	054bf9f948629dbd691c3447abe2725a	405	Gene3D	G3DSA:3.40.50.300	-	26	205	2.4E-95	T	26-06-2023	IPR027417	P-loop containing nucleoside triphosphate hydrolase
CP019286.1_184	054bf9f948629dbd691c3447abe2725a	405	NCBIfam	TIGR02928	orc1/cdc6 family replication initiation protein	10	373	0.0	T	26-06-2023	IPR014277	Orc1/Cdc6-type DNA replication protein, archaea
CP019286.1_184	054bf9f948629dbd691c3447abe2725a	405	SUPERFAMILY	SSF46785	"Winged helix" DNA-binding domain	285	387	5.44E-19	T	26-06-2023	IPR036390	Winged helix DNA-binding domain superfamily
CP019286.1_184	054bf9f948629dbd691c3447abe2725a	405	Pfam	PF13191	AAA ATPase domain	26	109	3.2E-11	T	26-06-2023	IPR041664	Orc1-like, AAA ATPase domain
CP019286.1_184	054bf9f948629dbd691c3447abe2725a	405	SUPERFAMILY	SSF52540	P-loop containing nucleoside triphosphate hydrolases	10	279	1.95E-44	T	26-06-2023	IPR027417	P-loop containing nucleoside triphosphate hydrolase
CP019286.1_184	054bf9f948629dbd691c3447abe2725a	405	SMART	SM00382	AAA_5	48	225	2.1E-4	T	26-06-2023	IPR003593	AAA+ ATPase domain
CP019286.1_35	df14d1285b9b5f79b05650ae719fad0d	673	Coils	Coil	Coil	248	275	-	T	26-06-2023	-	-
CP019286.1_35	df14d1285b9b5f79b05650ae719fad0d	673	Coils	Coil	Coil	198	218	-	T	26-06-2023	-	-
CP019286.1_35	df14d1285b9b5f79b05650ae719fad0d	673	MobiDBLite	mobidb-lite	consensus disorder prediction	1	20	-	T	26-06-2023	-	-
CP019286.1_57	07ddcaa9e3cad897e384b8101f03a2af	170	MobiDBLite	mobidb-lite	consensus disorder prediction	141	158	-	T	26-06-2023	-	-
CP019286.1_57	07ddcaa9e3cad897e384b8101f03a2af	170	MobiDBLite	mobidb-lite	consensus disorder prediction	28	43	-	T	26-06-2023	-	-
CP019286.1_57	07ddcaa9e3cad897e384b8101f03a2af	170	MobiDBLite	mobidb-lite	consensus disorder prediction	134	170	-	T	26-06-2023	-	-
CP019286.1_57	07ddcaa9e3cad897e384b8101f03a2af	170	MobiDBLite	mobidb-lite	consensus disorder prediction	1	52	-	T	26-06-2023	-	-
CP019286.1_126	b2578629b73cae61420890c257960112	340	Coils	Coil	Coil	206	226	-	T	26-06-2023	-	-
CP019286.1_16	2caa482a43921044934ba87762f274ae	302	ProSiteProfiles	PS50893	ATP-binding cassette, ABC transporter-type domain profile.	4	229	20.52166	T	26-06-2023	IPR003439	ABC transporter-like, ATP-binding domain
CP019286.1_16	2caa482a43921044934ba87762f274ae	302	SMART	SM00382	AAA_5	28	205	1.7E-12	T	26-06-2023	IPR003593	AAA+ ATPase domain
CP019286.1_16	2caa482a43921044934ba87762f274ae	302	ProSitePatterns	PS00211	ABC transporters family signature.	130	144	-	T	26-06-2023	IPR017871	ABC transporter-like, conserved site
CP019286.1_16	2caa482a43921044934ba87762f274ae	302	CDD	cd03230	ABC_DR_subfamily_A	4	207	7.81529E-79	T	26-06-2023	-	-
CP019286.1_16	2caa482a43921044934ba87762f274ae	302	PANTHER	PTHR43335	ABC TRANSPORTER, ATP-BINDING PROTEIN	1	300	2.8E-79	T	26-06-2023	-	-
CP019286.1_16	2caa482a43921044934ba87762f274ae	302	Pfam	PF00005	ABC transporter	21	157	4.0E-25	T	26-06-2023	IPR003439	ABC transporter-like, ATP-binding domain
CP019286.1_16	2caa482a43921044934ba87762f274ae	302	Gene3D	G3DSA:3.40.50.300	-	1	229	3.2E-58	T	26-06-2023	IPR027417	P-loop containing nucleoside triphosphate hydrolase
CP019286.1_16	2caa482a43921044934ba87762f274ae	302	SUPERFAMILY	SSF52540	P-loop containing nucleoside triphosphate hydrolases	3	227	3.33E-55	T	26-06-2023	IPR027417	P-loop containing nucleoside triphosphate hydrolase
CP019286.1_93	c467ce99d06fd003ca0e837cf685acca	711	Coils	Coil	Coil	152	172	-	T	26-06-2023	-	-
CP019286.1_93	c467ce99d06fd003ca0e837cf685acca	711	Pfam	PF09484	CRISPR-associated protein TM1802 (cas_TM1802)	480	681	2.7E-7	T	26-06-2023	IPR013389	CRISPR-associated protein Cas8b
CP019286.1_93	c467ce99d06fd003ca0e837cf685acca	711	NCBIfam	TIGR02591	type I-B CRISPR-associated protein Cas8b/Csh1	255	681	7.9E-78	T	26-06-2023	IPR013420	Type I-B CRISPR-associated protein Cas8b/Csh1, C-terminal
CP019286.1_82	673e9eee9f5e506ed9ff3aa3feaa2d68	72	MobiDBLite	mobidb-lite	consensus disorder prediction	1	25	-	T	26-06-2023	-	-
CP019286.1_82	673e9eee9f5e506ed9ff3aa3feaa2d68	72	Coils	Coil	Coil	27	51	-	T	26-06-2023	-	-
