CP026314.1_14	fd1672b33fc1ca18e3cfb7817a1e0124	292	Pfam	PF13614	AAA domain	7	172	1.2E-30	T	26-06-2023	IPR025669	AAA domain
CP026314.1_14	fd1672b33fc1ca18e3cfb7817a1e0124	292	CDD	cd02042	ParAB_family	14	207	9.75358E-22	T	26-06-2023	-	-
CP026314.1_14	fd1672b33fc1ca18e3cfb7817a1e0124	292	Gene3D	G3DSA:3.40.50.300	-	2	283	3.9E-48	T	26-06-2023	IPR027417	P-loop containing nucleoside triphosphate hydrolase
CP026314.1_14	fd1672b33fc1ca18e3cfb7817a1e0124	292	PANTHER	PTHR13696	P-LOOP CONTAINING NUCLEOSIDE TRIPHOSPHATE HYDROLASE	3	283	1.7E-35	T	26-06-2023	-	-
CP026314.1_14	fd1672b33fc1ca18e3cfb7817a1e0124	292	SUPERFAMILY	SSF52540	P-loop containing nucleoside triphosphate hydrolases	10	285	1.26E-35	T	26-06-2023	IPR027417	P-loop containing nucleoside triphosphate hydrolase
CP026314.1_45	40b4cd82a5c2f23b76ed593e1b158f1d	643	MobiDBLite	mobidb-lite	consensus disorder prediction	597	615	-	T	26-06-2023	-	-
CP026314.1_45	40b4cd82a5c2f23b76ed593e1b158f1d	643	MobiDBLite	mobidb-lite	consensus disorder prediction	597	643	-	T	26-06-2023	-	-
CP026314.1_45	40b4cd82a5c2f23b76ed593e1b158f1d	643	MobiDBLite	mobidb-lite	consensus disorder prediction	626	643	-	T	26-06-2023	-	-
CP026314.1_31	337d479e49a0ec01829fa72aa16c6645	380	Pfam	PF07728	AAA domain (dynein-related subfamily)	122	258	2.0E-20	T	26-06-2023	IPR011704	ATPase, dynein-related, AAA domain
CP026314.1_31	337d479e49a0ec01829fa72aa16c6645	380	Pfam	PF08406	CbbQ/NirQ/NorQ C-terminal	276	353	4.3E-7	T	26-06-2023	IPR013615	CbbQ/NirQ/NorQ, C-terminal
CP026314.1_31	337d479e49a0ec01829fa72aa16c6645	380	CDD	cd00009	AAA	122	212	1.13119E-9	T	26-06-2023	-	-
CP026314.1_31	337d479e49a0ec01829fa72aa16c6645	380	PANTHER	PTHR42759	MOXR FAMILY PROTEIN	121	267	2.2E-11	T	26-06-2023	-	-
CP026314.1_31	337d479e49a0ec01829fa72aa16c6645	380	Gene3D	G3DSA:3.40.50.300	-	105	271	6.4E-24	T	26-06-2023	IPR027417	P-loop containing nucleoside triphosphate hydrolase
CP026314.1_31	337d479e49a0ec01829fa72aa16c6645	380	SUPERFAMILY	SSF52540	P-loop containing nucleoside triphosphate hydrolases	120	332	3.88E-23	T	26-06-2023	IPR027417	P-loop containing nucleoside triphosphate hydrolase
CP026314.1_34	c44594ab8945b51f5fc3623481dfd16a	315	MobiDBLite	mobidb-lite	consensus disorder prediction	280	315	-	T	26-06-2023	-	-
CP026314.1_34	c44594ab8945b51f5fc3623481dfd16a	315	Coils	Coil	Coil	239	273	-	T	26-06-2023	-	-
CP026314.1_34	c44594ab8945b51f5fc3623481dfd16a	315	MobiDBLite	mobidb-lite	consensus disorder prediction	280	301	-	T	26-06-2023	-	-
CP026314.1_30	5b686c011a0e4ee8a2fb663409807ada	687	MobiDBLite	mobidb-lite	consensus disorder prediction	615	687	-	T	26-06-2023	-	-
CP026314.1_30	5b686c011a0e4ee8a2fb663409807ada	687	MobiDBLite	mobidb-lite	consensus disorder prediction	645	670	-	T	26-06-2023	-	-
CP026314.1_30	5b686c011a0e4ee8a2fb663409807ada	687	MobiDBLite	mobidb-lite	consensus disorder prediction	621	644	-	T	26-06-2023	-	-
CP026314.1_30	5b686c011a0e4ee8a2fb663409807ada	687	MobiDBLite	mobidb-lite	consensus disorder prediction	1	23	-	T	26-06-2023	-	-
CP026314.1_19	cc55e243fde3cddd276341eadb3cec95	542	PRINTS	PR00723	Subtilisin serine protease family (S8) signature	200	219	5.4E-15	T	26-06-2023	IPR015500	Peptidase S8, subtilisin-related
CP026314.1_19	cc55e243fde3cddd276341eadb3cec95	542	PRINTS	PR00723	Subtilisin serine protease family (S8) signature	245	258	5.4E-15	T	26-06-2023	IPR015500	Peptidase S8, subtilisin-related
CP026314.1_19	cc55e243fde3cddd276341eadb3cec95	542	PRINTS	PR00723	Subtilisin serine protease family (S8) signature	433	449	5.4E-15	T	26-06-2023	IPR015500	Peptidase S8, subtilisin-related
CP026314.1_19	cc55e243fde3cddd276341eadb3cec95	542	SUPERFAMILY	SSF52743	Subtilisin-like	195	495	2.23E-55	T	26-06-2023	IPR036852	Peptidase S8/S53 domain superfamily
CP026314.1_19	cc55e243fde3cddd276341eadb3cec95	542	Gene3D	G3DSA:3.40.50.200	Peptidase S8/S53 domain	182	512	1.0E-58	T	26-06-2023	IPR036852	Peptidase S8/S53 domain superfamily
CP026314.1_19	cc55e243fde3cddd276341eadb3cec95	542	PANTHER	PTHR43806	PEPTIDASE S8	167	489	3.3E-42	T	26-06-2023	-	-
CP026314.1_19	cc55e243fde3cddd276341eadb3cec95	542	ProSitePatterns	PS00137	Serine proteases, subtilase family, histidine active site.	249	259	-	T	26-06-2023	IPR022398	Peptidase S8, subtilisin, His-active site
CP026314.1_19	cc55e243fde3cddd276341eadb3cec95	542	ProSitePatterns	PS00136	Serine proteases, subtilase family, aspartic acid active site.	205	216	-	T	26-06-2023	IPR023827	Peptidase S8, subtilisin, Asp-active site
CP026314.1_19	cc55e243fde3cddd276341eadb3cec95	542	ProSiteProfiles	PS51892	Serine proteases, subtilase domain profile.	181	493	32.012634	T	26-06-2023	-	-
CP026314.1_19	cc55e243fde3cddd276341eadb3cec95	542	ProSitePatterns	PS00138	Serine proteases, subtilase family, serine active site.	434	444	-	T	26-06-2023	IPR023828	Peptidase S8, subtilisin, Ser-active site
CP026314.1_19	cc55e243fde3cddd276341eadb3cec95	542	Pfam	PF00082	Subtilase family	200	474	1.4E-41	T	26-06-2023	IPR000209	Peptidase S8/S53 domain
CP026314.1_7	8814add5f41f8c0411c26c9fdbab30b9	608	MobiDBLite	mobidb-lite	consensus disorder prediction	478	593	-	T	26-06-2023	-	-
CP026314.1_7	8814add5f41f8c0411c26c9fdbab30b9	608	MobiDBLite	mobidb-lite	consensus disorder prediction	494	508	-	T	26-06-2023	-	-
CP026314.1_7	8814add5f41f8c0411c26c9fdbab30b9	608	Gene3D	G3DSA:3.90.820.10	-	6	74	6.2E-5	T	26-06-2023	-	-
CP026314.1_7	8814add5f41f8c0411c26c9fdbab30b9	608	MobiDBLite	mobidb-lite	consensus disorder prediction	556	593	-	T	26-06-2023	-	-
CP026314.1_7	8814add5f41f8c0411c26c9fdbab30b9	608	MobiDBLite	mobidb-lite	consensus disorder prediction	516	530	-	T	26-06-2023	-	-
CP026314.1_7	8814add5f41f8c0411c26c9fdbab30b9	608	Pfam	PF19134	Domain of unknown function (DUF5817)	38	87	5.3E-13	T	26-06-2023	IPR043855	Domain of unknown function DUF5817
CP026314.1_1	f04ecb73789b2b820f14895d0be72809	112	MobiDBLite	mobidb-lite	consensus disorder prediction	41	66	-	T	26-06-2023	-	-
CP026314.1_43	28eedcab0ba0f5d2093e4c93ce779925	340	SUPERFAMILY	SSF52540	P-loop containing nucleoside triphosphate hydrolases	2	238	1.05E-29	T	26-06-2023	IPR027417	P-loop containing nucleoside triphosphate hydrolase
CP026314.1_43	28eedcab0ba0f5d2093e4c93ce779925	340	CDD	cd00267	ABC_ATPase	29	70	7.30909E-5	T	26-06-2023	-	-
CP026314.1_43	28eedcab0ba0f5d2093e4c93ce779925	340	Gene3D	G3DSA:3.40.50.300	-	17	180	1.4E-42	T	26-06-2023	IPR027417	P-loop containing nucleoside triphosphate hydrolase
CP026314.1_43	28eedcab0ba0f5d2093e4c93ce779925	340	MobiDBLite	mobidb-lite	consensus disorder prediction	320	340	-	T	26-06-2023	-	-
CP026314.1_43	28eedcab0ba0f5d2093e4c93ce779925	340	SMART	SM00382	AAA_5	39	200	2.2E-6	T	26-06-2023	IPR003593	AAA+ ATPase domain
CP026314.1_43	28eedcab0ba0f5d2093e4c93ce779925	340	Pfam	PF13401	AAA domain	40	145	1.6E-8	T	26-06-2023	IPR003593	AAA+ ATPase domain
CP026314.1_43	28eedcab0ba0f5d2093e4c93ce779925	340	PANTHER	PTHR10763	CELL DIVISION CONTROL PROTEIN 6-RELATED	6	317	1.9E-18	T	26-06-2023	-	-
CP026314.1_43	28eedcab0ba0f5d2093e4c93ce779925	340	Gene3D	G3DSA:1.10.8.60	-	6	252	1.4E-42	T	26-06-2023	-	-
CP026314.1_5	aebd9ccab07aebde7f469fec7391cd7b	67	Gene3D	G3DSA:1.10.1220.10	-	16	59	1.6E-7	T	26-06-2023	IPR013321	Arc-type ribbon-helix-helix
CP026314.1_5	aebd9ccab07aebde7f469fec7391cd7b	67	PANTHER	PTHR36215	BLL4998 PROTEIN	4	66	1.1E-11	T	26-06-2023	-	-
CP026314.1_5	aebd9ccab07aebde7f469fec7391cd7b	67	Pfam	PF01402	Ribbon-helix-helix protein, copG family	17	55	2.1E-5	T	26-06-2023	IPR002145	Ribbon-helix-helix protein, CopG
CP026314.1_5	aebd9ccab07aebde7f469fec7391cd7b	67	SUPERFAMILY	SSF47598	Ribbon-helix-helix	14	58	2.52E-10	T	26-06-2023	IPR010985	Ribbon-helix-helix
CP026314.1_36	274fd86c6871cea08b5c70b71de1606f	122	MobiDBLite	mobidb-lite	consensus disorder prediction	1	20	-	T	26-06-2023	-	-
CP026314.1_8	674c012c03b14a14a3dbceff66d8a43b	522	MobiDBLite	mobidb-lite	consensus disorder prediction	500	522	-	T	26-06-2023	-	-
CP026314.1_29	be3b44bb8f95e7b6a9039edaac839d61	162	Coils	Coil	Coil	126	146	-	T	26-06-2023	-	-
CP026314.1_44	42d68de8376414c171b2369ae2c300af	324	MobiDBLite	mobidb-lite	consensus disorder prediction	224	266	-	T	26-06-2023	-	-
CP026314.1_44	42d68de8376414c171b2369ae2c300af	324	MobiDBLite	mobidb-lite	consensus disorder prediction	305	324	-	T	26-06-2023	-	-
CP026314.1_44	42d68de8376414c171b2369ae2c300af	324	MobiDBLite	mobidb-lite	consensus disorder prediction	250	266	-	T	26-06-2023	-	-
CP026314.1_44	42d68de8376414c171b2369ae2c300af	324	MobiDBLite	mobidb-lite	consensus disorder prediction	235	249	-	T	26-06-2023	-	-
CP026314.1_15	d91998113b02ab7686a3636139bc8223	209	MobiDBLite	mobidb-lite	consensus disorder prediction	1	42	-	T	26-06-2023	-	-
CP026314.1_16	4ebec8115ad7a735add8d9344a076ffd	84	Gene3D	G3DSA:3.30.920.30	Hypothetical protein.	5	76	2.4E-12	T	26-06-2023	IPR038570	HicA superfamily
CP026314.1_16	4ebec8115ad7a735add8d9344a076ffd	84	Pfam	PF07927	HicA toxin of bacterial toxin-antitoxin,	9	69	2.4E-10	T	26-06-2023	IPR012933	HicA mRNA interferase family
CP026314.1_16	4ebec8115ad7a735add8d9344a076ffd	84	SUPERFAMILY	SSF54786	YcfA/nrd intein domain	6	71	1.26E-7	T	26-06-2023	-	-
CP026314.1_32	0abb34fa18b85f53378611ba4625a122	339	MobiDBLite	mobidb-lite	consensus disorder prediction	44	67	-	T	26-06-2023	-	-
CP026314.1_32	0abb34fa18b85f53378611ba4625a122	339	SUPERFAMILY	SSF53300	vWA-like	163	317	3.66E-12	T	26-06-2023	IPR036465	von Willebrand factor A-like domain superfamily
CP026314.1_32	0abb34fa18b85f53378611ba4625a122	339	Gene3D	G3DSA:3.40.50.410	von Willebrand factor, type A domain	161	338	3.4E-12	T	26-06-2023	IPR036465	von Willebrand factor A-like domain superfamily
CP026314.1_32	0abb34fa18b85f53378611ba4625a122	339	MobiDBLite	mobidb-lite	consensus disorder prediction	50	67	-	T	26-06-2023	-	-
CP026314.1_40	a92ee4b313e82d2674feea4201fcd493	151	PANTHER	PTHR38138	VNG6441H	4	117	5.0E-14	T	26-06-2023	-	-
CP026314.1_40	a92ee4b313e82d2674feea4201fcd493	151	Pfam	PF07790	Archaeal Type IV pilin, N-terminal	11	88	1.2E-25	T	26-06-2023	IPR012859	Archaeal Type IV pilin, N-terminal
CP026314.1_40	a92ee4b313e82d2674feea4201fcd493	151	NCBIfam	TIGR02537	archaeal flagellin N-terminal-like domain	10	33	9.4E-7	T	26-06-2023	IPR013373	Flagellin/pilin, N-terminal site, archaea
CP026314.1_35	cea223ce9a980ed90692c038f316bb3a	522	Coils	Coil	Coil	259	279	-	T	26-06-2023	-	-
CP026314.1_21	c07008b59039e1cd95730a566b86b93f	342	MobiDBLite	mobidb-lite	consensus disorder prediction	32	53	-	T	26-06-2023	-	-
CP026314.1_13	3ab4ea2193a43eddf8baf3fd4e8a4673	130	MobiDBLite	mobidb-lite	consensus disorder prediction	1	17	-	T	26-06-2023	-	-
CP026314.1_13	3ab4ea2193a43eddf8baf3fd4e8a4673	130	MobiDBLite	mobidb-lite	consensus disorder prediction	39	59	-	T	26-06-2023	-	-
CP026314.1_13	3ab4ea2193a43eddf8baf3fd4e8a4673	130	MobiDBLite	mobidb-lite	consensus disorder prediction	1	59	-	T	26-06-2023	-	-
CP026314.1_11	7c91c3aad4c23d339ce901ab033e390b	354	Pfam	PF00589	Phage integrase family	153	337	1.9E-11	T	26-06-2023	IPR002104	Integrase, catalytic domain
CP026314.1_11	7c91c3aad4c23d339ce901ab033e390b	354	Gene3D	G3DSA:1.10.443.10	Intergrase catalytic core	151	342	3.3E-24	T	26-06-2023	IPR013762	Integrase-like, catalytic domain superfamily
CP026314.1_11	7c91c3aad4c23d339ce901ab033e390b	354	CDD	cd00397	DNA_BRE_C	156	330	5.93002E-15	T	26-06-2023	-	-
CP026314.1_11	7c91c3aad4c23d339ce901ab033e390b	354	ProSiteProfiles	PS51898	Tyrosine recombinase domain profile.	134	346	19.539013	T	26-06-2023	IPR002104	Integrase, catalytic domain
CP026314.1_11	7c91c3aad4c23d339ce901ab033e390b	354	SUPERFAMILY	SSF56349	DNA breaking-rejoining enzymes	17	341	8.83E-24	T	26-06-2023	IPR011010	DNA breaking-rejoining enzyme, catalytic core
CP026314.1_9	c92170900b0c7dfb1a52abd1cf709292	302	SUPERFAMILY	SSF53335	S-adenosyl-L-methionine-dependent methyltransferases	15	232	1.08E-38	T	26-06-2023	IPR029063	S-adenosyl-L-methionine-dependent methyltransferase superfamily
CP026314.1_9	c92170900b0c7dfb1a52abd1cf709292	302	PRINTS	PR00505	D12 class N6 adenine-specific DNA methyltransferase signature	40	54	6.4E-10	T	26-06-2023	IPR012327	D12 class N6 adenine-specific DNA methyltransferase
CP026314.1_9	c92170900b0c7dfb1a52abd1cf709292	302	PRINTS	PR00505	D12 class N6 adenine-specific DNA methyltransferase signature	60	73	6.4E-10	T	26-06-2023	IPR012327	D12 class N6 adenine-specific DNA methyltransferase
CP026314.1_9	c92170900b0c7dfb1a52abd1cf709292	302	PRINTS	PR00505	D12 class N6 adenine-specific DNA methyltransferase signature	19	35	6.4E-10	T	26-06-2023	IPR012327	D12 class N6 adenine-specific DNA methyltransferase
CP026314.1_9	c92170900b0c7dfb1a52abd1cf709292	302	PRINTS	PR00505	D12 class N6 adenine-specific DNA methyltransferase signature	187	199	6.4E-10	T	26-06-2023	IPR012327	D12 class N6 adenine-specific DNA methyltransferase
CP026314.1_9	c92170900b0c7dfb1a52abd1cf709292	302	Coils	Coil	Coil	150	170	-	T	26-06-2023	-	-
CP026314.1_9	c92170900b0c7dfb1a52abd1cf709292	302	Gene3D	G3DSA:3.40.50.150	Vaccinia Virus protein VP39	17	212	1.4E-31	T	26-06-2023	IPR029063	S-adenosyl-L-methionine-dependent methyltransferase superfamily
CP026314.1_9	c92170900b0c7dfb1a52abd1cf709292	302	Gene3D	G3DSA:1.10.1020.10	-	67	165	1.4E-31	T	26-06-2023	IPR023095	Adenine-specific methyltransferase, domain 2
CP026314.1_9	c92170900b0c7dfb1a52abd1cf709292	302	Pfam	PF02086	D12 class N6 adenine-specific DNA methyltransferase	19	198	1.2E-19	T	26-06-2023	IPR012327	D12 class N6 adenine-specific DNA methyltransferase
CP026314.1_9	c92170900b0c7dfb1a52abd1cf709292	302	PANTHER	PTHR30481	DNA ADENINE METHYLASE	12	276	9.2E-31	T	26-06-2023	IPR012327	D12 class N6 adenine-specific DNA methyltransferase
CP026314.1_41	e0b29e9ffef4ab7dfae749e9448a3f92	156	PANTHER	PTHR38138	VNG6441H	4	101	7.0E-15	T	26-06-2023	-	-
CP026314.1_41	e0b29e9ffef4ab7dfae749e9448a3f92	156	Pfam	PF07790	Archaeal Type IV pilin, N-terminal	11	84	9.4E-26	T	26-06-2023	IPR012859	Archaeal Type IV pilin, N-terminal
CP026314.1_41	e0b29e9ffef4ab7dfae749e9448a3f92	156	NCBIfam	TIGR02537	archaeal flagellin N-terminal-like domain	10	33	9.9E-7	T	26-06-2023	IPR013373	Flagellin/pilin, N-terminal site, archaea
CP026314.1_4	358e45b7b441b6b1d20a16338391df85	247	MobiDBLite	mobidb-lite	consensus disorder prediction	62	86	-	T	26-06-2023	-	-
CP026314.1_17	64b5afcc4ec23142fde7ff9e95bf39c8	91	MobiDBLite	mobidb-lite	consensus disorder prediction	59	91	-	T	26-06-2023	-	-
CP026314.1_17	64b5afcc4ec23142fde7ff9e95bf39c8	91	MobiDBLite	mobidb-lite	consensus disorder prediction	61	75	-	T	26-06-2023	-	-
CP026314.1_18	915f5668275f21e226c3473b027045e2	1344	Coils	Coil	Coil	902	922	-	T	26-06-2023	-	-
CP026314.1_18	915f5668275f21e226c3473b027045e2	1344	MobiDBLite	mobidb-lite	consensus disorder prediction	210	233	-	T	26-06-2023	-	-
CP026314.1_18	915f5668275f21e226c3473b027045e2	1344	SUPERFAMILY	SSF50969	YVTN repeat-like/Quinoprotein amine dehydrogenase	203	379	4.63E-5	T	26-06-2023	IPR011044	Quinoprotein amine dehydrogenase, beta chain-like
CP026314.1_18	915f5668275f21e226c3473b027045e2	1344	Coils	Coil	Coil	860	887	-	T	26-06-2023	-	-
CP026314.1_18	915f5668275f21e226c3473b027045e2	1344	MobiDBLite	mobidb-lite	consensus disorder prediction	210	226	-	T	26-06-2023	-	-
CP026314.1_39	6553256d8dd589b651e7679099588394	122	SMART	SM00278	HhH1_4	102	121	0.018	T	26-06-2023	IPR003583	Helix-hairpin-helix DNA-binding motif, class 1
CP026314.1_39	6553256d8dd589b651e7679099588394	122	SMART	SM00278	HhH1_4	70	89	720.0	T	26-06-2023	IPR003583	Helix-hairpin-helix DNA-binding motif, class 1
CP026314.1_39	6553256d8dd589b651e7679099588394	122	SUPERFAMILY	SSF47781	RuvA domain 2-like	47	120	6.95E-12	T	26-06-2023	IPR010994	RuvA domain 2-like
CP026314.1_39	6553256d8dd589b651e7679099588394	122	Coils	Coil	Coil	36	63	-	T	26-06-2023	-	-
CP026314.1_39	6553256d8dd589b651e7679099588394	122	Pfam	PF14520	Helix-hairpin-helix domain	71	121	4.6E-9	T	26-06-2023	-	-
CP026314.1_39	6553256d8dd589b651e7679099588394	122	Gene3D	G3DSA:1.10.150.20	-	60	122	2.3E-12	T	26-06-2023	-	-
