CP031299.1_8	96d5d3e9d36503f508791a1b9ae9d7f5	158	MobiDBLite	mobidb-lite	consensus disorder prediction	127	158	-	T	26-06-2023	-	-
CP031299.1_99	571792831c64ef0046770c14c9b6c73f	89	MobiDBLite	mobidb-lite	consensus disorder prediction	56	89	-	T	26-06-2023	-	-
CP031299.1_99	571792831c64ef0046770c14c9b6c73f	89	MobiDBLite	mobidb-lite	consensus disorder prediction	60	76	-	T	26-06-2023	-	-
CP031299.1_99	571792831c64ef0046770c14c9b6c73f	89	MobiDBLite	mobidb-lite	consensus disorder prediction	1	20	-	T	26-06-2023	-	-
CP031299.1_62	cd5e298e3a7a6705d4a84a456567b062	189	Gene3D	G3DSA:1.10.1220.10	-	11	53	4.3E-8	T	26-06-2023	IPR013321	Arc-type ribbon-helix-helix
CP031299.1_62	cd5e298e3a7a6705d4a84a456567b062	189	SUPERFAMILY	SSF47598	Ribbon-helix-helix	11	54	1.33E-7	T	26-06-2023	IPR010985	Ribbon-helix-helix
CP031299.1_62	cd5e298e3a7a6705d4a84a456567b062	189	CDD	cd22231	RHH_NikR_HicB-like	12	54	6.22629E-8	T	26-06-2023	-	-
CP031299.1_108	c87900dc2fa908b5ec39f71de4d46a75	391	MobiDBLite	mobidb-lite	consensus disorder prediction	70	116	-	T	26-06-2023	-	-
CP031299.1_41	6cff16c5138be019104a61a518b9fbc7	215	CDD	cd00085	HNHc	127	192	8.94098E-5	T	26-06-2023	IPR003615	HNH nuclease
CP031299.1_41	6cff16c5138be019104a61a518b9fbc7	215	MobiDBLite	mobidb-lite	consensus disorder prediction	100	114	-	T	26-06-2023	-	-
CP031299.1_41	6cff16c5138be019104a61a518b9fbc7	215	MobiDBLite	mobidb-lite	consensus disorder prediction	95	114	-	T	26-06-2023	-	-
CP031299.1_41	6cff16c5138be019104a61a518b9fbc7	215	Gene3D	G3DSA:1.10.30.50	-	108	210	1.3E-7	T	26-06-2023	-	-
CP031299.1_41	6cff16c5138be019104a61a518b9fbc7	215	Pfam	PF01844	HNH endonuclease	141	192	2.2E-5	T	26-06-2023	IPR002711	HNH endonuclease
CP031299.1_47	a59689278ea53189d8a782c3251c633e	143	ProSiteProfiles	PS51257	Prokaryotic membrane lipoprotein lipid attachment site profile.	1	21	6.0	T	26-06-2023	-	-
CP031299.1_51	7c99ed7447ba0977cfabb02369004d09	80	SUPERFAMILY	SSF46785	"Winged helix" DNA-binding domain	16	72	2.97E-5	T	26-06-2023	IPR036390	Winged helix DNA-binding domain superfamily
CP031299.1_44	9f774b76c6cd45f2c76a33851c7471b1	81	Gene3D	G3DSA:1.10.10.10	-	2	79	2.7E-11	T	26-06-2023	IPR036388	Winged helix-like DNA-binding domain superfamily
CP031299.1_98	526e3327daf19b02b62126975eb52946	262	Pfam	PF07505	Protein of unknown function (DUF5131)	5	220	9.6E-83	T	26-06-2023	IPR011101	Protein of unknown function DUF5131
CP031299.1_50	85747ee1913466b28a2bf1e8b41acf0f	617	Pfam	PF01609	Transposase DDE domain	302	567	5.4E-12	T	26-06-2023	IPR002559	Transposase IS4-like domain
CP031299.1_3	eea031874ea51b2eeb1a2a1f535d6d31	117	Coils	Coil	Coil	39	59	-	T	26-06-2023	-	-
CP031299.1_26	e97481418ee629ab908990373aa3a4dd	413	Coils	Coil	Coil	254	281	-	T	26-06-2023	-	-
CP031299.1_26	e97481418ee629ab908990373aa3a4dd	413	MobiDBLite	mobidb-lite	consensus disorder prediction	24	58	-	T	26-06-2023	-	-
CP031299.1_26	e97481418ee629ab908990373aa3a4dd	413	Coils	Coil	Coil	382	402	-	T	26-06-2023	-	-
CP031299.1_26	e97481418ee629ab908990373aa3a4dd	413	MobiDBLite	mobidb-lite	consensus disorder prediction	36	57	-	T	26-06-2023	-	-
CP031299.1_93	274db213c9c3318910db1984f38705a5	71	MobiDBLite	mobidb-lite	consensus disorder prediction	1	26	-	T	26-06-2023	-	-
CP031299.1_109	75bf98f8383b2dabb5df227064c40a66	123	MobiDBLite	mobidb-lite	consensus disorder prediction	1	17	-	T	26-06-2023	-	-
CP031299.1_109	75bf98f8383b2dabb5df227064c40a66	123	MobiDBLite	mobidb-lite	consensus disorder prediction	1	38	-	T	26-06-2023	-	-
CP031299.1_7	5a8a06773c16ac51f4a79b29f7016c1c	150	MobiDBLite	mobidb-lite	consensus disorder prediction	62	79	-	T	26-06-2023	-	-
CP031299.1_7	5a8a06773c16ac51f4a79b29f7016c1c	150	MobiDBLite	mobidb-lite	consensus disorder prediction	53	79	-	T	26-06-2023	-	-
CP031299.1_7	5a8a06773c16ac51f4a79b29f7016c1c	150	MobiDBLite	mobidb-lite	consensus disorder prediction	1	24	-	T	26-06-2023	-	-
CP031299.1_111	2e164e0c1777f2cdb6d6bbf320dc57a1	93	Gene3D	G3DSA:1.10.10.10	-	1	84	1.5E-17	T	26-06-2023	IPR036388	Winged helix-like DNA-binding domain superfamily
CP031299.1_111	2e164e0c1777f2cdb6d6bbf320dc57a1	93	SUPERFAMILY	SSF46785	"Winged helix" DNA-binding domain	14	76	1.67E-5	T	26-06-2023	IPR036390	Winged helix DNA-binding domain superfamily
CP031299.1_115	6f281cb2401b77ed2d6df6e05b2be842	346	SUPERFAMILY	SSF52540	P-loop containing nucleoside triphosphate hydrolases	3	251	4.11E-35	T	26-06-2023	IPR027417	P-loop containing nucleoside triphosphate hydrolase
CP031299.1_115	6f281cb2401b77ed2d6df6e05b2be842	346	Gene3D	G3DSA:3.40.50.300	-	19	182	1.4E-54	T	26-06-2023	IPR027417	P-loop containing nucleoside triphosphate hydrolase
CP031299.1_115	6f281cb2401b77ed2d6df6e05b2be842	346	SMART	SM00382	AAA_5	41	203	1.2E-5	T	26-06-2023	IPR003593	AAA+ ATPase domain
CP031299.1_115	6f281cb2401b77ed2d6df6e05b2be842	346	Pfam	PF13401	AAA domain	46	143	1.5E-11	T	26-06-2023	IPR003593	AAA+ ATPase domain
CP031299.1_115	6f281cb2401b77ed2d6df6e05b2be842	346	PANTHER	PTHR10763	CELL DIVISION CONTROL PROTEIN 6-RELATED	6	331	1.0E-26	T	26-06-2023	-	-
CP031299.1_115	6f281cb2401b77ed2d6df6e05b2be842	346	Gene3D	G3DSA:1.10.8.60	-	8	257	1.4E-54	T	26-06-2023	-	-
CP031299.1_115	6f281cb2401b77ed2d6df6e05b2be842	346	Coils	Coil	Coil	218	238	-	T	26-06-2023	-	-
CP031299.1_21	8de8e6d0f634de2c70f619921358141a	79	MobiDBLite	mobidb-lite	consensus disorder prediction	56	79	-	T	26-06-2023	-	-
CP031299.1_21	8de8e6d0f634de2c70f619921358141a	79	MobiDBLite	mobidb-lite	consensus disorder prediction	64	79	-	T	26-06-2023	-	-
CP031299.1_54	aeed40f9d1e89d1b4ae1109680dd068a	219	SUPERFAMILY	SSF53098	Ribonuclease H-like	7	102	4.4E-12	T	26-06-2023	IPR012337	Ribonuclease H-like superfamily
CP031299.1_54	aeed40f9d1e89d1b4ae1109680dd068a	219	Gene3D	G3DSA:3.30.420.10	-	12	132	1.4E-6	T	26-06-2023	IPR036397	Ribonuclease H superfamily
CP031299.1_54	aeed40f9d1e89d1b4ae1109680dd068a	219	Pfam	PF13482	RNase_H superfamily	16	116	3.1E-9	T	26-06-2023	IPR038720	YprB, ribonuclease H-like domain
CP031299.1_25	b3c0c12ed2ee351382052baec0c4db07	341	Coils	Coil	Coil	246	273	-	T	26-06-2023	-	-
CP031299.1_25	b3c0c12ed2ee351382052baec0c4db07	341	MobiDBLite	mobidb-lite	consensus disorder prediction	304	341	-	T	26-06-2023	-	-
CP031299.1_16	2e6ce38136f4b0e1e7bd97b3730d5a5b	126	MobiDBLite	mobidb-lite	consensus disorder prediction	1	42	-	T	26-06-2023	-	-
CP031299.1_16	2e6ce38136f4b0e1e7bd97b3730d5a5b	126	MobiDBLite	mobidb-lite	consensus disorder prediction	25	41	-	T	26-06-2023	-	-
CP031299.1_42	f5ba117f74a02433c9929dc55b14f230	182	MobiDBLite	mobidb-lite	consensus disorder prediction	1	25	-	T	26-06-2023	-	-
CP031299.1_42	f5ba117f74a02433c9929dc55b14f230	182	Pfam	PF19122	Family of unknown function (DUF5806)	22	166	4.4E-53	T	26-06-2023	IPR043829	Protein of unknown function DUF5806
CP031299.1_32	eddad582b9bc021a1faae90cc41e28c9	199	Gene3D	G3DSA:3.40.630.30	-	12	184	2.2E-15	T	26-06-2023	-	-
CP031299.1_32	eddad582b9bc021a1faae90cc41e28c9	199	SUPERFAMILY	SSF55729	Acyl-CoA N-acyltransferases (Nat)	16	179	1.05E-15	T	26-06-2023	IPR016181	Acyl-CoA N-acyltransferase
CP031299.1_32	eddad582b9bc021a1faae90cc41e28c9	199	ProSiteProfiles	PS51186	Gcn5-related N-acetyltransferase (GNAT) domain profile.	14	199	12.118337	T	26-06-2023	IPR000182	GNAT domain
CP031299.1_32	eddad582b9bc021a1faae90cc41e28c9	199	Pfam	PF00583	Acetyltransferase (GNAT) family	56	164	1.9E-6	T	26-06-2023	IPR000182	GNAT domain
CP031299.1_83	85f190dd32376bb94fd6dc9aed3cb033	249	SUPERFAMILY	SSF52402	Adenine nucleotide alpha hydrolases-like	16	196	1.53E-25	T	26-06-2023	-	-
CP031299.1_83	85f190dd32376bb94fd6dc9aed3cb033	249	Gene3D	G3DSA:3.40.50.620	HUPs	18	196	1.2E-26	T	26-06-2023	IPR014729	Rossmann-like alpha/beta/alpha sandwich fold
CP031299.1_83	85f190dd32376bb94fd6dc9aed3cb033	249	PANTHER	PTHR43196	SULFATE ADENYLYLTRANSFERASE SUBUNIT 2	15	225	3.8E-19	T	26-06-2023	-	-
CP031299.1_83	85f190dd32376bb94fd6dc9aed3cb033	249	Pfam	PF01507	Phosphoadenosine phosphosulfate reductase family	39	198	1.9E-12	T	26-06-2023	IPR002500	Phosphoadenosine phosphosulphate reductase
CP031299.1_91	0da7238fe5a1ff11899d5463f482fb31	241	MobiDBLite	mobidb-lite	consensus disorder prediction	1	23	-	T	26-06-2023	-	-
CP031299.1_27	ca7a6346fc2b4b4f9f8b049b90f3d066	615	MobiDBLite	mobidb-lite	consensus disorder prediction	589	615	-	T	26-06-2023	-	-
CP031299.1_27	ca7a6346fc2b4b4f9f8b049b90f3d066	615	MobiDBLite	mobidb-lite	consensus disorder prediction	1	56	-	T	26-06-2023	-	-
CP031299.1_27	ca7a6346fc2b4b4f9f8b049b90f3d066	615	MobiDBLite	mobidb-lite	consensus disorder prediction	258	281	-	T	26-06-2023	-	-
CP031299.1_112	b17b87a827b901890eda0c38598ba2fb	104	SUPERFAMILY	SSF46785	"Winged helix" DNA-binding domain	7	85	8.03E-8	T	26-06-2023	IPR036390	Winged helix DNA-binding domain superfamily
CP031299.1_112	b17b87a827b901890eda0c38598ba2fb	104	Gene3D	G3DSA:1.10.10.10	-	2	99	5.4E-7	T	26-06-2023	IPR036388	Winged helix-like DNA-binding domain superfamily
CP031299.1_52	c08e11b0f7f97d5a1c79079f31b9cc6a	416	ProSitePatterns	PS00093	N-4 cytosine-specific DNA methylases signature.	32	37	-	T	26-06-2023	IPR017985	DNA methylase, N-4 cytosine-specific, conserved site
CP031299.1_52	c08e11b0f7f97d5a1c79079f31b9cc6a	416	MobiDBLite	mobidb-lite	consensus disorder prediction	189	208	-	T	26-06-2023	-	-
CP031299.1_52	c08e11b0f7f97d5a1c79079f31b9cc6a	416	MobiDBLite	mobidb-lite	consensus disorder prediction	389	416	-	T	26-06-2023	-	-
CP031299.1_52	c08e11b0f7f97d5a1c79079f31b9cc6a	416	MobiDBLite	mobidb-lite	consensus disorder prediction	216	232	-	T	26-06-2023	-	-
CP031299.1_52	c08e11b0f7f97d5a1c79079f31b9cc6a	416	Gene3D	G3DSA:3.40.50.150	Vaccinia Virus protein VP39	334	394	5.7E-16	T	26-06-2023	IPR029063	S-adenosyl-L-methionine-dependent methyltransferase superfamily
CP031299.1_52	c08e11b0f7f97d5a1c79079f31b9cc6a	416	Gene3D	G3DSA:3.40.50.150	Vaccinia Virus protein VP39	8	276	5.7E-45	T	26-06-2023	IPR029063	S-adenosyl-L-methionine-dependent methyltransferase superfamily
CP031299.1_52	c08e11b0f7f97d5a1c79079f31b9cc6a	416	PRINTS	PR00508	S21 class N4 adenine-specific DNA methyltransferase signature	27	41	6.4E-29	T	26-06-2023	IPR001091	Restriction/modification DNA-methyltransferase
CP031299.1_52	c08e11b0f7f97d5a1c79079f31b9cc6a	416	PRINTS	PR00508	S21 class N4 adenine-specific DNA methyltransferase signature	65	85	6.4E-29	T	26-06-2023	IPR001091	Restriction/modification DNA-methyltransferase
CP031299.1_52	c08e11b0f7f97d5a1c79079f31b9cc6a	416	PRINTS	PR00508	S21 class N4 adenine-specific DNA methyltransferase signature	251	268	6.4E-29	T	26-06-2023	IPR001091	Restriction/modification DNA-methyltransferase
CP031299.1_52	c08e11b0f7f97d5a1c79079f31b9cc6a	416	PRINTS	PR00508	S21 class N4 adenine-specific DNA methyltransferase signature	341	359	6.4E-29	T	26-06-2023	IPR001091	Restriction/modification DNA-methyltransferase
CP031299.1_52	c08e11b0f7f97d5a1c79079f31b9cc6a	416	PRINTS	PR00508	S21 class N4 adenine-specific DNA methyltransferase signature	364	384	6.4E-29	T	26-06-2023	IPR001091	Restriction/modification DNA-methyltransferase
CP031299.1_52	c08e11b0f7f97d5a1c79079f31b9cc6a	416	SUPERFAMILY	SSF53335	S-adenosyl-L-methionine-dependent methyltransferases	5	385	3.57E-47	T	26-06-2023	IPR029063	S-adenosyl-L-methionine-dependent methyltransferase superfamily
CP031299.1_52	c08e11b0f7f97d5a1c79079f31b9cc6a	416	CDD	cd02440	AdoMet_MTases	345	382	0.00104156	T	26-06-2023	-	-
CP031299.1_52	c08e11b0f7f97d5a1c79079f31b9cc6a	416	MobiDBLite	mobidb-lite	consensus disorder prediction	187	241	-	T	26-06-2023	-	-
CP031299.1_52	c08e11b0f7f97d5a1c79079f31b9cc6a	416	Pfam	PF01555	DNA methylase	28	270	2.8E-32	T	26-06-2023	IPR002941	DNA methylase N-4/N-6
CP031299.1_52	c08e11b0f7f97d5a1c79079f31b9cc6a	416	Pfam	PF01555	DNA methylase	340	381	2.9E-11	T	26-06-2023	IPR002941	DNA methylase N-4/N-6
CP031299.1_69	ecd0d9c191a9521c91f9c8ce7a7dc963	138	MobiDBLite	mobidb-lite	consensus disorder prediction	14	53	-	T	26-06-2023	-	-
CP031299.1_69	ecd0d9c191a9521c91f9c8ce7a7dc963	138	MobiDBLite	mobidb-lite	consensus disorder prediction	1	53	-	T	26-06-2023	-	-
CP031299.1_13	be6f5b74dee786355021926e82bb5920	512	MobiDBLite	mobidb-lite	consensus disorder prediction	1	39	-	T	26-06-2023	-	-
CP031299.1_6	44157a96d9e1c9f879c668cdce4b67b4	309	MobiDBLite	mobidb-lite	consensus disorder prediction	242	309	-	T	26-06-2023	-	-
CP031299.1_6	44157a96d9e1c9f879c668cdce4b67b4	309	MobiDBLite	mobidb-lite	consensus disorder prediction	282	298	-	T	26-06-2023	-	-
CP031299.1_6	44157a96d9e1c9f879c668cdce4b67b4	309	Coils	Coil	Coil	182	209	-	T	26-06-2023	-	-
CP031299.1_6	44157a96d9e1c9f879c668cdce4b67b4	309	MobiDBLite	mobidb-lite	consensus disorder prediction	263	281	-	T	26-06-2023	-	-
CP031299.1_6	44157a96d9e1c9f879c668cdce4b67b4	309	MobiDBLite	mobidb-lite	consensus disorder prediction	244	262	-	T	26-06-2023	-	-
CP031299.1_24	110eb8ccdaa2af9d55342a67b3a79ecd	192	Coils	Coil	Coil	142	162	-	T	26-06-2023	-	-
CP031299.1_24	110eb8ccdaa2af9d55342a67b3a79ecd	192	Coils	Coil	Coil	100	120	-	T	26-06-2023	-	-
CP031299.1_24	110eb8ccdaa2af9d55342a67b3a79ecd	192	MobiDBLite	mobidb-lite	consensus disorder prediction	173	192	-	T	26-06-2023	-	-
CP031299.1_96	7105e8cab42ecf3fac9e59db26108139	359	Gene3D	G3DSA:3.40.50.620	HUPs	4	240	7.9E-17	T	26-06-2023	IPR014729	Rossmann-like alpha/beta/alpha sandwich fold
CP031299.1_96	7105e8cab42ecf3fac9e59db26108139	359	Pfam	PF01507	Phosphoadenosine phosphosulfate reductase family	32	206	7.1E-5	T	26-06-2023	IPR002500	Phosphoadenosine phosphosulphate reductase
CP031299.1_96	7105e8cab42ecf3fac9e59db26108139	359	SUPERFAMILY	SSF52402	Adenine nucleotide alpha hydrolases-like	13	212	1.73E-15	T	26-06-2023	-	-
CP031299.1_39	563640d14fac82201566b1d229bc54f0	139	MobiDBLite	mobidb-lite	consensus disorder prediction	42	73	-	T	26-06-2023	-	-
CP031299.1_11	7ea43a01483234624985eafdb4e0b157	247	NCBIfam	TIGR01444	FkbM family methyltransferase	86	214	1.4E-26	T	26-06-2023	IPR006342	Methyltransferase FkbM
CP031299.1_11	7ea43a01483234624985eafdb4e0b157	247	PANTHER	PTHR34203	METHYLTRANSFERASE, FKBM FAMILY PROTEIN	65	232	1.3E-23	T	26-06-2023	-	-
CP031299.1_11	7ea43a01483234624985eafdb4e0b157	247	SUPERFAMILY	SSF53335	S-adenosyl-L-methionine-dependent methyltransferases	76	233	1.18E-38	T	26-06-2023	IPR029063	S-adenosyl-L-methionine-dependent methyltransferase superfamily
CP031299.1_11	7ea43a01483234624985eafdb4e0b157	247	Gene3D	G3DSA:3.40.50.150	Vaccinia Virus protein VP39	73	233	4.2E-30	T	26-06-2023	IPR029063	S-adenosyl-L-methionine-dependent methyltransferase superfamily
CP031299.1_11	7ea43a01483234624985eafdb4e0b157	247	Pfam	PF05050	Methyltransferase FkbM domain	89	232	2.1E-13	T	26-06-2023	IPR006342	Methyltransferase FkbM
CP031299.1_40	652f7055b6cef682b63cc0c16b21c113	384	Pfam	PF00589	Phage integrase family	154	367	2.1E-11	T	26-06-2023	IPR002104	Integrase, catalytic domain
CP031299.1_40	652f7055b6cef682b63cc0c16b21c113	384	ProSiteProfiles	PS51900	Core-binding (CB) domain profile.	28	117	10.624798	T	26-06-2023	IPR044068	Core-binding (CB) domain
CP031299.1_40	652f7055b6cef682b63cc0c16b21c113	384	MobiDBLite	mobidb-lite	consensus disorder prediction	9	29	-	T	26-06-2023	-	-
CP031299.1_40	652f7055b6cef682b63cc0c16b21c113	384	Gene3D	G3DSA:1.10.443.10	Intergrase catalytic core	141	382	2.6E-24	T	26-06-2023	IPR013762	Integrase-like, catalytic domain superfamily
CP031299.1_40	652f7055b6cef682b63cc0c16b21c113	384	MobiDBLite	mobidb-lite	consensus disorder prediction	10	24	-	T	26-06-2023	-	-
CP031299.1_40	652f7055b6cef682b63cc0c16b21c113	384	MobiDBLite	mobidb-lite	consensus disorder prediction	364	384	-	T	26-06-2023	-	-
CP031299.1_40	652f7055b6cef682b63cc0c16b21c113	384	ProSiteProfiles	PS51898	Tyrosine recombinase domain profile.	143	378	18.78788	T	26-06-2023	IPR002104	Integrase, catalytic domain
CP031299.1_40	652f7055b6cef682b63cc0c16b21c113	384	Gene3D	G3DSA:1.10.150.130	-	24	138	7.9E-12	T	26-06-2023	IPR010998	Integrase/recombinase, N-terminal
CP031299.1_40	652f7055b6cef682b63cc0c16b21c113	384	SUPERFAMILY	SSF56349	DNA breaking-rejoining enzymes	28	378	5.0E-25	T	26-06-2023	IPR011010	DNA breaking-rejoining enzyme, catalytic core
CP031299.1_18	64771fac7a1e26bd8726c40b24eee303	66	MobiDBLite	mobidb-lite	consensus disorder prediction	1	33	-	T	26-06-2023	-	-
CP031299.1_85	3e153ba2ac820553efec649042eaadd9	449	PANTHER	PTHR30083	UNCHARACTERIZED	1	421	1.8E-107	T	26-06-2023	-	-
CP031299.1_85	3e153ba2ac820553efec649042eaadd9	449	Pfam	PF01507	Phosphoadenosine phosphosulfate reductase family	30	245	1.9E-15	T	26-06-2023	IPR002500	Phosphoadenosine phosphosulphate reductase
CP031299.1_85	3e153ba2ac820553efec649042eaadd9	449	MobiDBLite	mobidb-lite	consensus disorder prediction	426	449	-	T	26-06-2023	-	-
CP031299.1_85	3e153ba2ac820553efec649042eaadd9	449	Pfam	PF11922	Domain of unknown function (DUF3440)	249	351	8.0E-22	T	26-06-2023	IPR021845	Protein of unknown function DUF3440
CP031299.1_85	3e153ba2ac820553efec649042eaadd9	449	SUPERFAMILY	SSF52402	Adenine nucleotide alpha hydrolases-like	5	243	5.86E-31	T	26-06-2023	-	-
CP031299.1_85	3e153ba2ac820553efec649042eaadd9	449	CDD	cd01713	PAPS_reductase	29	247	2.50701E-27	T	26-06-2023	IPR002500	Phosphoadenosine phosphosulphate reductase
CP031299.1_85	3e153ba2ac820553efec649042eaadd9	449	Gene3D	G3DSA:3.40.50.620	HUPs	2	267	4.5E-32	T	26-06-2023	IPR014729	Rossmann-like alpha/beta/alpha sandwich fold
CP031299.1_81	44df549a78444fcf1f05eb040f99ecc1	105	SUPERFAMILY	SSF46785	"Winged helix" DNA-binding domain	16	98	3.82E-17	T	26-06-2023	IPR036390	Winged helix DNA-binding domain superfamily
CP031299.1_81	44df549a78444fcf1f05eb040f99ecc1	105	Pfam	PF03551	Transcriptional regulator PadR-like family	22	90	1.2E-16	T	26-06-2023	IPR005149	Transcription regulator PadR, N-terminal
CP031299.1_81	44df549a78444fcf1f05eb040f99ecc1	105	Gene3D	G3DSA:1.10.10.10	-	17	104	7.8E-14	T	26-06-2023	IPR036388	Winged helix-like DNA-binding domain superfamily
CP031299.1_106	47fbb42c2f9536238010cd566d41623c	77	Gene3D	G3DSA:1.10.10.10	-	24	63	3.0E-5	T	26-06-2023	IPR036388	Winged helix-like DNA-binding domain superfamily
CP031299.1_106	47fbb42c2f9536238010cd566d41623c	77	SUPERFAMILY	SSF46785	"Winged helix" DNA-binding domain	16	71	1.52E-5	T	26-06-2023	IPR036390	Winged helix DNA-binding domain superfamily
CP031299.1_122	d0a46d06c08bd9a039ad9f4ac234f973	180	Pfam	PF18780	Homing endonuclease associated repeat	62	113	2.0E-17	T	26-06-2023	IPR041025	Homing endonuclease associated repeat
CP031299.1_122	d0a46d06c08bd9a039ad9f4ac234f973	180	Pfam	PF18780	Homing endonuclease associated repeat	3	55	1.7E-18	T	26-06-2023	IPR041025	Homing endonuclease associated repeat
CP031299.1_122	d0a46d06c08bd9a039ad9f4ac234f973	180	Pfam	PF18780	Homing endonuclease associated repeat	125	176	2.6E-17	T	26-06-2023	IPR041025	Homing endonuclease associated repeat
CP031299.1_116	729e811aeea5f30424c8141e4bdf5550	1304	Gene3D	G3DSA:2.130.10.10	-	199	318	1.3E-41	T	26-06-2023	IPR015943	WD40/YVTN repeat-like-containing domain superfamily
CP031299.1_116	729e811aeea5f30424c8141e4bdf5550	1304	Gene3D	G3DSA:2.130.10.10	-	319	475	1.1E-33	T	26-06-2023	IPR015943	WD40/YVTN repeat-like-containing domain superfamily
CP031299.1_116	729e811aeea5f30424c8141e4bdf5550	1304	Gene3D	G3DSA:2.130.10.10	-	90	198	1.4E-27	T	26-06-2023	IPR015943	WD40/YVTN repeat-like-containing domain superfamily
CP031299.1_116	729e811aeea5f30424c8141e4bdf5550	1304	Pfam	PF13360	PQQ-like domain	98	193	3.3E-14	T	26-06-2023	IPR002372	Pyrrolo-quinoline quinone repeat
CP031299.1_116	729e811aeea5f30424c8141e4bdf5550	1304	Pfam	PF13360	PQQ-like domain	201	351	2.5E-28	T	26-06-2023	IPR002372	Pyrrolo-quinoline quinone repeat
CP031299.1_116	729e811aeea5f30424c8141e4bdf5550	1304	Pfam	PF01011	PQQ enzyme repeat	368	403	1.8E-9	T	26-06-2023	IPR002372	Pyrrolo-quinoline quinone repeat
CP031299.1_116	729e811aeea5f30424c8141e4bdf5550	1304	SUPERFAMILY	SSF50998	Quinoprotein alcohol dehydrogenase-like	149	424	2.38E-74	T	26-06-2023	IPR011047	Quinoprotein alcohol dehydrogenase-like superfamily
CP031299.1_116	729e811aeea5f30424c8141e4bdf5550	1304	SMART	SM00564	ire1_9	201	233	5.0E-9	T	26-06-2023	IPR018391	Pyrrolo-quinoline quinone beta-propeller repeat
CP031299.1_116	729e811aeea5f30424c8141e4bdf5550	1304	SMART	SM00564	ire1_9	362	394	7.3E-9	T	26-06-2023	IPR018391	Pyrrolo-quinoline quinone beta-propeller repeat
CP031299.1_116	729e811aeea5f30424c8141e4bdf5550	1304	SMART	SM00564	ire1_9	281	313	2.0E-8	T	26-06-2023	IPR018391	Pyrrolo-quinoline quinone beta-propeller repeat
CP031299.1_116	729e811aeea5f30424c8141e4bdf5550	1304	SMART	SM00564	ire1_9	241	273	8.2E-10	T	26-06-2023	IPR018391	Pyrrolo-quinoline quinone beta-propeller repeat
CP031299.1_116	729e811aeea5f30424c8141e4bdf5550	1304	SMART	SM00564	ire1_9	403	439	7.6	T	26-06-2023	IPR018391	Pyrrolo-quinoline quinone beta-propeller repeat
CP031299.1_116	729e811aeea5f30424c8141e4bdf5550	1304	SMART	SM00564	ire1_9	161	193	2.0E-9	T	26-06-2023	IPR018391	Pyrrolo-quinoline quinone beta-propeller repeat
CP031299.1_116	729e811aeea5f30424c8141e4bdf5550	1304	SMART	SM00564	ire1_9	121	152	3.8E-7	T	26-06-2023	IPR018391	Pyrrolo-quinoline quinone beta-propeller repeat
CP031299.1_116	729e811aeea5f30424c8141e4bdf5550	1304	SMART	SM00564	ire1_9	323	354	1.1E-6	T	26-06-2023	IPR018391	Pyrrolo-quinoline quinone beta-propeller repeat
CP031299.1_116	729e811aeea5f30424c8141e4bdf5550	1304	PANTHER	PTHR34512	CELL SURFACE PROTEIN	200	438	7.2E-57	T	26-06-2023	-	-
CP031299.1_29	9e0e7f33970c4649f0d5cab5e768fb4b	313	Gene3D	G3DSA:2.20.28.10	-	120	170	5.9E-26	T	26-06-2023	-	-
CP031299.1_29	9e0e7f33970c4649f0d5cab5e768fb4b	313	Gene3D	G3DSA:3.30.1640.10	-	1	88	5.4E-19	T	26-06-2023	-	-
CP031299.1_29	9e0e7f33970c4649f0d5cab5e768fb4b	313	Pfam	PF17207	MCM OB domain	97	216	4.2E-16	T	26-06-2023	IPR033762	MCM OB domain
CP031299.1_29	9e0e7f33970c4649f0d5cab5e768fb4b	313	Gene3D	G3DSA:2.40.50.140	-	97	221	5.9E-26	T	26-06-2023	IPR012340	Nucleic acid-binding, OB-fold
CP031299.1_29	9e0e7f33970c4649f0d5cab5e768fb4b	313	PANTHER	PTHR11630	DNA REPLICATION LICENSING FACTOR MCM FAMILY MEMBER	8	241	9.6E-24	T	26-06-2023	IPR031327	Mini-chromosome maintenance protein
CP031299.1_29	9e0e7f33970c4649f0d5cab5e768fb4b	313	SUPERFAMILY	SSF50249	Nucleic acid-binding proteins	15	218	4.45E-30	T	26-06-2023	IPR012340	Nucleic acid-binding, OB-fold
CP031299.1_123	ceb5e5f2977755b9f381ec19ba637ec8	169	MobiDBLite	mobidb-lite	consensus disorder prediction	1	26	-	T	26-06-2023	-	-
CP031299.1_123	ceb5e5f2977755b9f381ec19ba637ec8	169	MobiDBLite	mobidb-lite	consensus disorder prediction	9	26	-	T	26-06-2023	-	-
CP031299.1_28	fd3fb3cb8a95a39f37a19925096b620a	787	MobiDBLite	mobidb-lite	consensus disorder prediction	659	678	-	T	26-06-2023	-	-
CP031299.1_28	fd3fb3cb8a95a39f37a19925096b620a	787	Coils	Coil	Coil	362	382	-	T	26-06-2023	-	-
CP031299.1_28	fd3fb3cb8a95a39f37a19925096b620a	787	SUPERFAMILY	SSF52540	P-loop containing nucleoside triphosphate hydrolases	366	562	1.33E-5	T	26-06-2023	IPR027417	P-loop containing nucleoside triphosphate hydrolase
CP031299.1_28	fd3fb3cb8a95a39f37a19925096b620a	787	Gene3D	G3DSA:3.40.50.300	-	370	564	2.3E-11	T	26-06-2023	IPR027417	P-loop containing nucleoside triphosphate hydrolase
CP031299.1_17	1917fab314394dc44db4f63a4bdf034a	227	ProSiteProfiles	PS51318	Twin arginine translocation (Tat) signal profile.	1	34	9.125245	T	26-06-2023	IPR006311	Twin-arginine translocation pathway, signal sequence
CP031299.1_95	377f8d8a99324d2419463224b8aa44cc	181	MobiDBLite	mobidb-lite	consensus disorder prediction	164	181	-	T	26-06-2023	-	-
CP031299.1_95	377f8d8a99324d2419463224b8aa44cc	181	MobiDBLite	mobidb-lite	consensus disorder prediction	74	88	-	T	26-06-2023	-	-
CP031299.1_95	377f8d8a99324d2419463224b8aa44cc	181	MobiDBLite	mobidb-lite	consensus disorder prediction	1	88	-	T	26-06-2023	-	-
CP031299.1_95	377f8d8a99324d2419463224b8aa44cc	181	MobiDBLite	mobidb-lite	consensus disorder prediction	157	181	-	T	26-06-2023	-	-
CP031299.1_95	377f8d8a99324d2419463224b8aa44cc	181	MobiDBLite	mobidb-lite	consensus disorder prediction	1	28	-	T	26-06-2023	-	-
CP031299.1_79	290b392a270b170b0c0e0f3cde23ca83	117	MobiDBLite	mobidb-lite	consensus disorder prediction	1	21	-	T	26-06-2023	-	-
CP031299.1_125	7837a32eb7b08d2add9cc31016027269	64	MobiDBLite	mobidb-lite	consensus disorder prediction	45	64	-	T	26-06-2023	-	-
CP031299.1_125	7837a32eb7b08d2add9cc31016027269	64	MobiDBLite	mobidb-lite	consensus disorder prediction	35	64	-	T	26-06-2023	-	-
CP031299.1_120	645de0d9266ed2225c12ba9642986137	138	Pfam	PF07790	Archaeal Type IV pilin, N-terminal	17	75	2.9E-17	T	26-06-2023	IPR012859	Archaeal Type IV pilin, N-terminal
CP031299.1_120	645de0d9266ed2225c12ba9642986137	138	PANTHER	PTHR38138	VNG6441H	12	109	7.1E-10	T	26-06-2023	-	-
CP031299.1_120	645de0d9266ed2225c12ba9642986137	138	NCBIfam	TIGR02537	archaeal flagellin N-terminal-like domain	17	39	3.1E-6	T	26-06-2023	IPR013373	Flagellin/pilin, N-terminal site, archaea
CP031299.1_30	5d40714190ceeb269563500119bba85a	494	MobiDBLite	mobidb-lite	consensus disorder prediction	138	161	-	T	26-06-2023	-	-
CP031299.1_88	22b4b6940137e4b2db13a457d1339c4f	254	MobiDBLite	mobidb-lite	consensus disorder prediction	81	116	-	T	26-06-2023	-	-
CP031299.1_88	22b4b6940137e4b2db13a457d1339c4f	254	MobiDBLite	mobidb-lite	consensus disorder prediction	83	106	-	T	26-06-2023	-	-
CP031299.1_68	13bd68b0fda61d115184afd02689ae32	129	Pfam	PF07790	Archaeal Type IV pilin, N-terminal	7	88	2.4E-13	T	26-06-2023	IPR012859	Archaeal Type IV pilin, N-terminal
CP031299.1_68	13bd68b0fda61d115184afd02689ae32	129	NCBIfam	TIGR02537	archaeal flagellin N-terminal-like domain	6	29	2.1E-5	T	26-06-2023	IPR013373	Flagellin/pilin, N-terminal site, archaea
CP031299.1_2	2afa17496b7636728a74f73682a7c5b2	104	MobiDBLite	mobidb-lite	consensus disorder prediction	1	22	-	T	26-06-2023	-	-
CP031299.1_92	0904c2764af5086b12e5f9bf37bd6491	278	MobiDBLite	mobidb-lite	consensus disorder prediction	89	126	-	T	26-06-2023	-	-
CP031299.1_92	0904c2764af5086b12e5f9bf37bd6491	278	MobiDBLite	mobidb-lite	consensus disorder prediction	107	123	-	T	26-06-2023	-	-
CP031299.1_92	0904c2764af5086b12e5f9bf37bd6491	278	Pfam	PF19472	Family of unknown function (DUF6009)	2	118	2.0E-23	T	26-06-2023	IPR046051	Protein of unknown function DUF6009
CP031299.1_92	0904c2764af5086b12e5f9bf37bd6491	278	Coils	Coil	Coil	211	231	-	T	26-06-2023	-	-
CP031299.1_82	9dbe7990d2313dcc1c5ee5eaefeac6a2	884	Coils	Coil	Coil	326	346	-	T	26-06-2023	-	-
CP031299.1_82	9dbe7990d2313dcc1c5ee5eaefeac6a2	884	Coils	Coil	Coil	458	478	-	T	26-06-2023	-	-
CP031299.1_82	9dbe7990d2313dcc1c5ee5eaefeac6a2	884	Coils	Coil	Coil	493	513	-	T	26-06-2023	-	-
CP031299.1_104	993754663a30bb6f5a554014d26dc93c	238	MobiDBLite	mobidb-lite	consensus disorder prediction	112	127	-	T	26-06-2023	-	-
CP031299.1_104	993754663a30bb6f5a554014d26dc93c	238	MobiDBLite	mobidb-lite	consensus disorder prediction	133	151	-	T	26-06-2023	-	-
CP031299.1_104	993754663a30bb6f5a554014d26dc93c	238	MobiDBLite	mobidb-lite	consensus disorder prediction	95	159	-	T	26-06-2023	-	-
CP031299.1_4	642239f04cfbb859088f651123c30877	253	MobiDBLite	mobidb-lite	consensus disorder prediction	50	74	-	T	26-06-2023	-	-
CP031299.1_4	642239f04cfbb859088f651123c30877	253	SUPERFAMILY	SSF50998	Quinoprotein alcohol dehydrogenase-like	55	251	5.49E-41	T	26-06-2023	IPR011047	Quinoprotein alcohol dehydrogenase-like superfamily
CP031299.1_4	642239f04cfbb859088f651123c30877	253	PANTHER	PTHR44006	U5 SMALL NUCLEAR RIBONUCLEOPROTEIN 40 KDA PROTEIN	73	218	1.9E-15	T	26-06-2023	-	-
CP031299.1_4	642239f04cfbb859088f651123c30877	253	Gene3D	G3DSA:2.130.10.10	-	148	252	5.9E-16	T	26-06-2023	IPR015943	WD40/YVTN repeat-like-containing domain superfamily
CP031299.1_4	642239f04cfbb859088f651123c30877	253	ProSiteProfiles	PS50082	Trp-Asp (WD) repeats profile.	185	226	8.570195	T	26-06-2023	IPR001680	WD40 repeat
CP031299.1_4	642239f04cfbb859088f651123c30877	253	SMART	SM00564	ire1_9	196	228	0.13	T	26-06-2023	IPR018391	Pyrrolo-quinoline quinone beta-propeller repeat
CP031299.1_4	642239f04cfbb859088f651123c30877	253	SMART	SM00564	ire1_9	71	103	6.4E-5	T	26-06-2023	IPR018391	Pyrrolo-quinoline quinone beta-propeller repeat
CP031299.1_4	642239f04cfbb859088f651123c30877	253	SMART	SM00564	ire1_9	113	145	0.014	T	26-06-2023	IPR018391	Pyrrolo-quinoline quinone beta-propeller repeat
CP031299.1_4	642239f04cfbb859088f651123c30877	253	SMART	SM00564	ire1_9	154	186	14.0	T	26-06-2023	IPR018391	Pyrrolo-quinoline quinone beta-propeller repeat
CP031299.1_4	642239f04cfbb859088f651123c30877	253	Pfam	PF13360	PQQ-like domain	72	185	4.3E-13	T	26-06-2023	IPR002372	Pyrrolo-quinoline quinone repeat
CP031299.1_4	642239f04cfbb859088f651123c30877	253	MobiDBLite	mobidb-lite	consensus disorder prediction	54	74	-	T	26-06-2023	-	-
CP031299.1_4	642239f04cfbb859088f651123c30877	253	Gene3D	G3DSA:2.40.10.480	-	70	145	6.2E-13	T	26-06-2023	-	-
CP031299.1_4	642239f04cfbb859088f651123c30877	253	SMART	SM00320	WD40_4	178	217	0.072	T	26-06-2023	IPR001680	WD40 repeat
CP031299.1_4	642239f04cfbb859088f651123c30877	253	SMART	SM00320	WD40_4	95	134	0.59	T	26-06-2023	IPR001680	WD40 repeat
CP031299.1_4	642239f04cfbb859088f651123c30877	253	SMART	SM00320	WD40_4	44	92	210.0	T	26-06-2023	IPR001680	WD40 repeat
CP031299.1_4	642239f04cfbb859088f651123c30877	253	SMART	SM00320	WD40_4	137	175	55.0	T	26-06-2023	IPR001680	WD40 repeat
CP031299.1_107	8abe6cfc77be8426cdb5298adb29d20c	395	PANTHER	PTHR11630	DNA REPLICATION LICENSING FACTOR MCM FAMILY MEMBER	4	346	3.4E-20	T	26-06-2023	IPR031327	Mini-chromosome maintenance protein
CP031299.1_107	8abe6cfc77be8426cdb5298adb29d20c	395	Gene3D	G3DSA:3.40.50.300	-	2	300	3.5E-27	T	26-06-2023	IPR027417	P-loop containing nucleoside triphosphate hydrolase
CP031299.1_107	8abe6cfc77be8426cdb5298adb29d20c	395	Pfam	PF17855	MCM AAA-lid domain	217	295	7.9E-7	T	26-06-2023	IPR041562	MCM, AAA-lid domain
CP031299.1_107	8abe6cfc77be8426cdb5298adb29d20c	395	Coils	Coil	Coil	327	347	-	T	26-06-2023	-	-
CP031299.1_107	8abe6cfc77be8426cdb5298adb29d20c	395	Gene3D	G3DSA:1.10.10.10	-	304	394	3.5E-23	T	26-06-2023	IPR036388	Winged helix-like DNA-binding domain superfamily
CP031299.1_107	8abe6cfc77be8426cdb5298adb29d20c	395	ProSiteProfiles	PS50051	MCM family domain profile.	5	186	16.336121	T	26-06-2023	IPR001208	MCM domain
CP031299.1_107	8abe6cfc77be8426cdb5298adb29d20c	395	Pfam	PF00493	MCM P-loop domain	3	189	4.7E-16	T	26-06-2023	IPR001208	MCM domain
CP031299.1_9	e303bcfc218079d17c2737737a82de04	309	Gene3D	G3DSA:3.40.50.200	Peptidase S8/S53 domain	6	264	1.8E-46	T	26-06-2023	IPR036852	Peptidase S8/S53 domain superfamily
CP031299.1_9	e303bcfc218079d17c2737737a82de04	309	ProSitePatterns	PS00138	Serine proteases, subtilase family, serine active site.	210	220	-	T	26-06-2023	IPR023828	Peptidase S8, subtilisin, Ser-active site
CP031299.1_9	e303bcfc218079d17c2737737a82de04	309	PRINTS	PR00723	Subtilisin serine protease family (S8) signature	37	50	5.0E-6	T	26-06-2023	IPR015500	Peptidase S8, subtilisin-related
CP031299.1_9	e303bcfc218079d17c2737737a82de04	309	PRINTS	PR00723	Subtilisin serine protease family (S8) signature	209	225	5.0E-6	T	26-06-2023	IPR015500	Peptidase S8, subtilisin-related
CP031299.1_9	e303bcfc218079d17c2737737a82de04	309	ProSiteProfiles	PS51892	Serine proteases, subtilase domain profile.	1	271	28.333584	T	26-06-2023	-	-
CP031299.1_9	e303bcfc218079d17c2737737a82de04	309	SUPERFAMILY	SSF52743	Subtilisin-like	19	248	2.09E-41	T	26-06-2023	IPR036852	Peptidase S8/S53 domain superfamily
CP031299.1_9	e303bcfc218079d17c2737737a82de04	309	Pfam	PF00082	Subtilase family	34	245	2.5E-33	T	26-06-2023	IPR000209	Peptidase S8/S53 domain
CP031299.1_9	e303bcfc218079d17c2737737a82de04	309	PANTHER	PTHR43806	PEPTIDASE S8	22	248	5.4E-30	T	26-06-2023	-	-
CP031299.1_105	d2bda7344140511567d671ded88dbaff	62	MobiDBLite	mobidb-lite	consensus disorder prediction	1	22	-	T	26-06-2023	-	-
CP031299.1_105	d2bda7344140511567d671ded88dbaff	62	MobiDBLite	mobidb-lite	consensus disorder prediction	1	34	-	T	26-06-2023	-	-
CP031299.1_43	83a63c9810c5c36bb269b51135f195f3	171	Coils	Coil	Coil	64	84	-	T	26-06-2023	-	-
CP031299.1_67	edd2298de9b664212e2daabcf30dca5b	84	MobiDBLite	mobidb-lite	consensus disorder prediction	1	26	-	T	26-06-2023	-	-
CP031299.1_78	be276294ed4120ae3819c1cb0da12ac8	81	MobiDBLite	mobidb-lite	consensus disorder prediction	1	26	-	T	26-06-2023	-	-
CP031299.1_70	a3c91cf343d5a268a8feaea9ff57076b	330	Gene3D	G3DSA:3.40.50.300	-	1	251	1.6E-35	T	26-06-2023	IPR027417	P-loop containing nucleoside triphosphate hydrolase
CP031299.1_70	a3c91cf343d5a268a8feaea9ff57076b	330	CDD	cd02042	ParAB_family	5	68	4.60339E-14	T	26-06-2023	-	-
CP031299.1_70	a3c91cf343d5a268a8feaea9ff57076b	330	SUPERFAMILY	SSF52540	P-loop containing nucleoside triphosphate hydrolases	4	244	1.97E-25	T	26-06-2023	IPR027417	P-loop containing nucleoside triphosphate hydrolase
CP031299.1_70	a3c91cf343d5a268a8feaea9ff57076b	330	Pfam	PF13614	AAA domain	5	190	5.4E-19	T	26-06-2023	IPR025669	AAA domain
CP031299.1_70	a3c91cf343d5a268a8feaea9ff57076b	330	PANTHER	PTHR13696	P-LOOP CONTAINING NUCLEOSIDE TRIPHOSPHATE HYDROLASE	3	268	6.2E-34	T	26-06-2023	-	-
CP031299.1_110	9daa533a9cdeecb989ea43520ae14ca8	103	Gene3D	G3DSA:1.10.10.10	-	1	98	2.4E-18	T	26-06-2023	IPR036388	Winged helix-like DNA-binding domain superfamily
CP031299.1_110	9daa533a9cdeecb989ea43520ae14ca8	103	SUPERFAMILY	SSF46785	"Winged helix" DNA-binding domain	41	87	1.56E-8	T	26-06-2023	IPR036390	Winged helix DNA-binding domain superfamily
CP031299.1_126	df0253686b1c0663f302b6af91f06842	282	MobiDBLite	mobidb-lite	consensus disorder prediction	258	274	-	T	26-06-2023	-	-
CP031299.1_126	df0253686b1c0663f302b6af91f06842	282	PANTHER	PTHR41286	HNH NUCLEASE YAJD-RELATED	3	78	2.8E-13	T	26-06-2023	-	-
CP031299.1_126	df0253686b1c0663f302b6af91f06842	282	Gene3D	G3DSA:1.10.30.50	-	2	74	5.0E-10	T	26-06-2023	-	-
CP031299.1_126	df0253686b1c0663f302b6af91f06842	282	MobiDBLite	mobidb-lite	consensus disorder prediction	258	282	-	T	26-06-2023	-	-
CP031299.1_126	df0253686b1c0663f302b6af91f06842	282	CDD	cd00085	HNHc	24	66	1.41534E-5	T	26-06-2023	IPR003615	HNH nuclease
CP031299.1_126	df0253686b1c0663f302b6af91f06842	282	SMART	SM00507	HNH_5	11	65	1.2E-6	T	26-06-2023	IPR003615	HNH nuclease
CP031299.1_126	df0253686b1c0663f302b6af91f06842	282	Pfam	PF01844	HNH endonuclease	24	66	1.5E-9	T	26-06-2023	IPR002711	HNH endonuclease
CP031299.1_84	6d6a6d1f10af08a8653debe47c5e33f3	242	MobiDBLite	mobidb-lite	consensus disorder prediction	1	26	-	T	26-06-2023	-	-
CP031299.1_84	6d6a6d1f10af08a8653debe47c5e33f3	242	Pfam	PF02195	ParB/Sulfiredoxin domain	74	167	2.9E-12	T	26-06-2023	IPR003115	ParB/Sulfiredoxin
CP031299.1_84	6d6a6d1f10af08a8653debe47c5e33f3	242	Gene3D	G3DSA:3.90.1530.10	-	65	170	1.1E-8	T	26-06-2023	-	-
CP031299.1_84	6d6a6d1f10af08a8653debe47c5e33f3	242	CDD	cd16397	IbrB_like	68	167	9.32796E-53	T	26-06-2023	-	-
CP031299.1_84	6d6a6d1f10af08a8653debe47c5e33f3	242	SMART	SM00470	ParB_7	73	168	1.3E-4	T	26-06-2023	IPR003115	ParB/Sulfiredoxin
CP031299.1_84	6d6a6d1f10af08a8653debe47c5e33f3	242	PANTHER	PTHR30083	UNCHARACTERIZED	48	181	1.8E-17	T	26-06-2023	-	-
CP031299.1_84	6d6a6d1f10af08a8653debe47c5e33f3	242	SUPERFAMILY	SSF110849	ParB/Sulfiredoxin	71	202	1.74E-25	T	26-06-2023	IPR036086	ParB/Sulfiredoxin superfamily
