CP040639.1_108	cab9138f4aeab4599e5d369024b451fe	344	MobiDBLite	mobidb-lite	consensus disorder prediction	22	61	-	T	26-06-2023	-	-
CP040639.1_108	cab9138f4aeab4599e5d369024b451fe	344	MobiDBLite	mobidb-lite	consensus disorder prediction	33	47	-	T	26-06-2023	-	-
CP040639.1_67	e1750b57933f269d0b5585089ada73d4	147	MobiDBLite	mobidb-lite	consensus disorder prediction	1	17	-	T	26-06-2023	-	-
CP040639.1_67	e1750b57933f269d0b5585089ada73d4	147	MobiDBLite	mobidb-lite	consensus disorder prediction	1	40	-	T	26-06-2023	-	-
CP040639.1_40	848c21747b47edc5e00821d44fd690f3	247	MobiDBLite	mobidb-lite	consensus disorder prediction	9	24	-	T	26-06-2023	-	-
CP040639.1_40	848c21747b47edc5e00821d44fd690f3	247	MobiDBLite	mobidb-lite	consensus disorder prediction	1	24	-	T	26-06-2023	-	-
CP040639.1_23	0edaf4fa8d78d03dfa93d0b0ef59231c	704	MobiDBLite	mobidb-lite	consensus disorder prediction	636	657	-	T	26-06-2023	-	-
CP040639.1_23	0edaf4fa8d78d03dfa93d0b0ef59231c	704	MobiDBLite	mobidb-lite	consensus disorder prediction	619	635	-	T	26-06-2023	-	-
CP040639.1_23	0edaf4fa8d78d03dfa93d0b0ef59231c	704	Coils	Coil	Coil	10	37	-	T	26-06-2023	-	-
CP040639.1_23	0edaf4fa8d78d03dfa93d0b0ef59231c	704	MobiDBLite	mobidb-lite	consensus disorder prediction	659	698	-	T	26-06-2023	-	-
CP040639.1_23	0edaf4fa8d78d03dfa93d0b0ef59231c	704	MobiDBLite	mobidb-lite	consensus disorder prediction	595	704	-	T	26-06-2023	-	-
CP040639.1_28	2524750a58cb4711664acae68415ccfe	333	Coils	Coil	Coil	232	280	-	T	26-06-2023	-	-
CP040639.1_28	2524750a58cb4711664acae68415ccfe	333	MobiDBLite	mobidb-lite	consensus disorder prediction	263	333	-	T	26-06-2023	-	-
CP040639.1_28	2524750a58cb4711664acae68415ccfe	333	MobiDBLite	mobidb-lite	consensus disorder prediction	263	285	-	T	26-06-2023	-	-
CP040639.1_12	85269fc1076deaefa13299e86a3f2d4b	260	ProSiteProfiles	PS51318	Twin arginine translocation (Tat) signal profile.	1	28	9.618918	T	26-06-2023	IPR006311	Twin-arginine translocation pathway, signal sequence
CP040639.1_51	4bf4179005466a6766ae8e67f69a8ea8	62	MobiDBLite	mobidb-lite	consensus disorder prediction	1	22	-	T	26-06-2023	-	-
CP040639.1_120	aebb76f4a4fab891932a2be1ba5e55dc	350	Gene3D	G3DSA:3.40.50.300	-	25	189	2.8E-48	T	26-06-2023	IPR027417	P-loop containing nucleoside triphosphate hydrolase
CP040639.1_120	aebb76f4a4fab891932a2be1ba5e55dc	350	SMART	SM00382	AAA_5	47	181	2.1E-4	T	26-06-2023	IPR003593	AAA+ ATPase domain
CP040639.1_120	aebb76f4a4fab891932a2be1ba5e55dc	350	Gene3D	G3DSA:1.10.8.60	-	13	266	2.8E-48	T	26-06-2023	-	-
CP040639.1_120	aebb76f4a4fab891932a2be1ba5e55dc	350	Pfam	PF13401	AAA domain	51	161	8.3E-11	T	26-06-2023	IPR003593	AAA+ ATPase domain
CP040639.1_120	aebb76f4a4fab891932a2be1ba5e55dc	350	PANTHER	PTHR10763	CELL DIVISION CONTROL PROTEIN 6-RELATED	12	303	7.0E-28	T	26-06-2023	-	-
CP040639.1_120	aebb76f4a4fab891932a2be1ba5e55dc	350	ProSitePatterns	PS00039	DEAD-box subfamily ATP-dependent helicases signature.	133	141	-	T	26-06-2023	IPR000629	ATP-dependent RNA helicase DEAD-box, conserved site
CP040639.1_120	aebb76f4a4fab891932a2be1ba5e55dc	350	CDD	cd00009	AAA	52	169	2.02854E-8	T	26-06-2023	-	-
CP040639.1_120	aebb76f4a4fab891932a2be1ba5e55dc	350	SUPERFAMILY	SSF52540	P-loop containing nucleoside triphosphate hydrolases	11	260	3.0E-32	T	26-06-2023	IPR027417	P-loop containing nucleoside triphosphate hydrolase
CP040639.1_78	12e5b95b23c9c404ccdf179913ef79a9	105	Gene3D	G3DSA:1.10.10.10	-	16	104	6.6E-10	T	26-06-2023	IPR036388	Winged helix-like DNA-binding domain superfamily
CP040639.1_78	12e5b95b23c9c404ccdf179913ef79a9	105	SUPERFAMILY	SSF46785	"Winged helix" DNA-binding domain	8	101	2.89E-15	T	26-06-2023	IPR036390	Winged helix DNA-binding domain superfamily
CP040639.1_78	12e5b95b23c9c404ccdf179913ef79a9	105	Pfam	PF03551	Transcriptional regulator PadR-like family	22	84	3.7E-12	T	26-06-2023	IPR005149	Transcription regulator PadR, N-terminal
CP040639.1_2	f96c6044a9055b4e3c08c6925e7abf0d	155	Pfam	PF07790	Archaeal Type IV pilin, N-terminal	18	77	8.7E-15	T	26-06-2023	IPR012859	Archaeal Type IV pilin, N-terminal
CP040639.1_2	f96c6044a9055b4e3c08c6925e7abf0d	155	MobiDBLite	mobidb-lite	consensus disorder prediction	82	107	-	T	26-06-2023	-	-
CP040639.1_2	f96c6044a9055b4e3c08c6925e7abf0d	155	MobiDBLite	mobidb-lite	consensus disorder prediction	92	107	-	T	26-06-2023	-	-
CP040639.1_2	f96c6044a9055b4e3c08c6925e7abf0d	155	NCBIfam	TIGR02537	archaeal flagellin N-terminal-like domain	18	40	2.7E-6	T	26-06-2023	IPR013373	Flagellin/pilin, N-terminal site, archaea
CP040639.1_114	e68777be9865840fff194a4fceec0b8e	391	Coils	Coil	Coil	256	276	-	T	26-06-2023	-	-
CP040639.1_114	e68777be9865840fff194a4fceec0b8e	391	MobiDBLite	mobidb-lite	consensus disorder prediction	79	116	-	T	26-06-2023	-	-
CP040639.1_25	9b2c01af95612e05419457dd738ed7f3	346	SUPERFAMILY	SSF53300	vWA-like	160	320	3.66E-16	T	26-06-2023	IPR036465	von Willebrand factor A-like domain superfamily
CP040639.1_25	9b2c01af95612e05419457dd738ed7f3	346	SMART	SM00327	VWA_4	158	335	1.2E-6	T	26-06-2023	IPR002035	von Willebrand factor, type A
CP040639.1_25	9b2c01af95612e05419457dd738ed7f3	346	MobiDBLite	mobidb-lite	consensus disorder prediction	69	93	-	T	26-06-2023	-	-
CP040639.1_25	9b2c01af95612e05419457dd738ed7f3	346	ProSiteProfiles	PS50234	VWFA domain profile.	249	338	8.632699	T	26-06-2023	IPR002035	von Willebrand factor, type A
CP040639.1_25	9b2c01af95612e05419457dd738ed7f3	346	Gene3D	G3DSA:3.40.50.410	von Willebrand factor, type A domain	161	340	4.3E-15	T	26-06-2023	IPR036465	von Willebrand factor A-like domain superfamily
CP040639.1_25	9b2c01af95612e05419457dd738ed7f3	346	Pfam	PF00092	von Willebrand factor type A domain	219	316	1.4E-5	T	26-06-2023	IPR002035	von Willebrand factor, type A
CP040639.1_83	e842157ee08f45c9cbcfadf5eda77c0c	183	MobiDBLite	mobidb-lite	consensus disorder prediction	1	20	-	T	26-06-2023	-	-
CP040639.1_37	3c8f9eb9537680091f9ed873aef1391d	408	Gene3D	G3DSA:1.10.443.10	Intergrase catalytic core	208	403	7.4E-19	T	26-06-2023	IPR013762	Integrase-like, catalytic domain superfamily
CP040639.1_37	3c8f9eb9537680091f9ed873aef1391d	408	Pfam	PF00589	Phage integrase family	215	358	9.1E-9	T	26-06-2023	IPR002104	Integrase, catalytic domain
CP040639.1_37	3c8f9eb9537680091f9ed873aef1391d	408	Coils	Coil	Coil	134	154	-	T	26-06-2023	-	-
CP040639.1_37	3c8f9eb9537680091f9ed873aef1391d	408	ProSiteProfiles	PS51898	Tyrosine recombinase domain profile.	210	399	17.237152	T	26-06-2023	IPR002104	Integrase, catalytic domain
CP040639.1_37	3c8f9eb9537680091f9ed873aef1391d	408	SUPERFAMILY	SSF56349	DNA breaking-rejoining enzymes	98	379	2.47E-22	T	26-06-2023	IPR011010	DNA breaking-rejoining enzyme, catalytic core
CP040639.1_55	b9a759d352adbbad18c98c028209660a	94	MobiDBLite	mobidb-lite	consensus disorder prediction	1	23	-	T	26-06-2023	-	-
CP040639.1_26	ead04442807936fb0180798c7be1f994	59	MobiDBLite	mobidb-lite	consensus disorder prediction	1	23	-	T	26-06-2023	-	-
CP040639.1_26	ead04442807936fb0180798c7be1f994	59	MobiDBLite	mobidb-lite	consensus disorder prediction	1	16	-	T	26-06-2023	-	-
CP040639.1_9	8fe94e2a1fab811d15f9cab442d41f44	213	MobiDBLite	mobidb-lite	consensus disorder prediction	1	48	-	T	26-06-2023	-	-
CP040639.1_9	8fe94e2a1fab811d15f9cab442d41f44	213	MobiDBLite	mobidb-lite	consensus disorder prediction	21	48	-	T	26-06-2023	-	-
CP040639.1_9	8fe94e2a1fab811d15f9cab442d41f44	213	MobiDBLite	mobidb-lite	consensus disorder prediction	194	213	-	T	26-06-2023	-	-
CP040639.1_9	8fe94e2a1fab811d15f9cab442d41f44	213	MobiDBLite	mobidb-lite	consensus disorder prediction	1	15	-	T	26-06-2023	-	-
CP040639.1_64	f8268352afc35d946b27d54fde550f30	120	Coils	Coil	Coil	30	50	-	T	26-06-2023	-	-
CP040639.1_90	63a7193d3f3117fac50cb71c418bc2c3	206	SUPERFAMILY	SSF53335	S-adenosyl-L-methionine-dependent methyltransferases	27	160	5.15E-6	T	26-06-2023	IPR029063	S-adenosyl-L-methionine-dependent methyltransferase superfamily
CP040639.1_90	63a7193d3f3117fac50cb71c418bc2c3	206	ProSitePatterns	PS00092	N-6 Adenine-specific DNA methylases signature.	117	123	-	T	26-06-2023	IPR002052	DNA methylase, N-6 adenine-specific, conserved site
CP040639.1_90	63a7193d3f3117fac50cb71c418bc2c3	206	MobiDBLite	mobidb-lite	consensus disorder prediction	1	42	-	T	26-06-2023	-	-
CP040639.1_90	63a7193d3f3117fac50cb71c418bc2c3	206	MobiDBLite	mobidb-lite	consensus disorder prediction	20	34	-	T	26-06-2023	-	-
CP040639.1_33	917bf89d3a530a7c4ea5516e7ec3d127	197	Pfam	PF00583	Acetyltransferase (GNAT) family	39	162	4.7E-5	T	26-06-2023	IPR000182	GNAT domain
CP040639.1_33	917bf89d3a530a7c4ea5516e7ec3d127	197	ProSiteProfiles	PS51186	Gcn5-related N-acetyltransferase (GNAT) domain profile.	13	197	12.125161	T	26-06-2023	IPR000182	GNAT domain
CP040639.1_33	917bf89d3a530a7c4ea5516e7ec3d127	197	Gene3D	G3DSA:3.40.630.30	-	10	184	4.9E-16	T	26-06-2023	-	-
CP040639.1_33	917bf89d3a530a7c4ea5516e7ec3d127	197	SUPERFAMILY	SSF55729	Acyl-CoA N-acyltransferases (Nat)	15	177	1.24E-14	T	26-06-2023	IPR016181	Acyl-CoA N-acyltransferase
CP040639.1_7	498cc03eecc9996dec0832942042cde8	66	Coils	Coil	Coil	17	44	-	T	26-06-2023	-	-
CP040639.1_11	9b3bbe3143fa1c5f999c6310a783d2da	520	PANTHER	PTHR43806	PEPTIDASE S8	191	464	6.1E-35	T	26-06-2023	-	-
CP040639.1_11	9b3bbe3143fa1c5f999c6310a783d2da	520	Pfam	PF00082	Subtilase family	206	461	4.8E-36	T	26-06-2023	IPR000209	Peptidase S8/S53 domain
CP040639.1_11	9b3bbe3143fa1c5f999c6310a783d2da	520	ProSitePatterns	PS00138	Serine proteases, subtilase family, serine active site.	426	436	-	T	26-06-2023	IPR023828	Peptidase S8, subtilisin, Ser-active site
CP040639.1_11	9b3bbe3143fa1c5f999c6310a783d2da	520	Gene3D	G3DSA:3.40.50.200	Peptidase S8/S53 domain	186	481	3.9E-51	T	26-06-2023	IPR036852	Peptidase S8/S53 domain superfamily
CP040639.1_11	9b3bbe3143fa1c5f999c6310a783d2da	520	SUPERFAMILY	SSF52743	Subtilisin-like	204	485	9.3E-47	T	26-06-2023	IPR036852	Peptidase S8/S53 domain superfamily
CP040639.1_11	9b3bbe3143fa1c5f999c6310a783d2da	520	PRINTS	PR00723	Subtilisin serine protease family (S8) signature	205	224	4.4E-8	T	26-06-2023	IPR015500	Peptidase S8, subtilisin-related
CP040639.1_11	9b3bbe3143fa1c5f999c6310a783d2da	520	PRINTS	PR00723	Subtilisin serine protease family (S8) signature	253	266	4.4E-8	T	26-06-2023	IPR015500	Peptidase S8, subtilisin-related
CP040639.1_11	9b3bbe3143fa1c5f999c6310a783d2da	520	PRINTS	PR00723	Subtilisin serine protease family (S8) signature	425	441	4.4E-8	T	26-06-2023	IPR015500	Peptidase S8, subtilisin-related
CP040639.1_11	9b3bbe3143fa1c5f999c6310a783d2da	520	ProSiteProfiles	PS51892	Serine proteases, subtilase domain profile.	183	483	29.831087	T	26-06-2023	-	-
CP040639.1_57	e3993301d5c43590ac1e6291f355fe8f	81	MobiDBLite	mobidb-lite	consensus disorder prediction	1	24	-	T	26-06-2023	-	-
CP040639.1_77	42243a0342be4dd7b60a1953f7a65aa5	119	MobiDBLite	mobidb-lite	consensus disorder prediction	1	26	-	T	26-06-2023	-	-
CP040639.1_104	624f78654769c737f44560a96d54ab28	107	MobiDBLite	mobidb-lite	consensus disorder prediction	75	107	-	T	26-06-2023	-	-
CP040639.1_104	624f78654769c737f44560a96d54ab28	107	MobiDBLite	mobidb-lite	consensus disorder prediction	75	95	-	T	26-06-2023	-	-
CP040639.1_104	624f78654769c737f44560a96d54ab28	107	Gene3D	G3DSA:1.10.10.10	-	23	97	8.2E-6	T	26-06-2023	IPR036388	Winged helix-like DNA-binding domain superfamily
CP040639.1_104	624f78654769c737f44560a96d54ab28	107	Pfam	PF08279	HTH domain	41	76	4.9E-7	T	26-06-2023	IPR013196	Helix-turn-helix, type 11
CP040639.1_104	624f78654769c737f44560a96d54ab28	107	SUPERFAMILY	SSF46785	"Winged helix" DNA-binding domain	27	86	9.46E-8	T	26-06-2023	IPR036390	Winged helix DNA-binding domain superfamily
CP040639.1_68	c99668221b0e2cce6ad712cd793e4d7a	285	Pfam	PF13614	AAA domain	6	191	5.3E-19	T	26-06-2023	IPR025669	AAA domain
CP040639.1_68	c99668221b0e2cce6ad712cd793e4d7a	285	Gene3D	G3DSA:3.40.50.300	-	2	285	1.3E-36	T	26-06-2023	IPR027417	P-loop containing nucleoside triphosphate hydrolase
CP040639.1_68	c99668221b0e2cce6ad712cd793e4d7a	285	SUPERFAMILY	SSF52540	P-loop containing nucleoside triphosphate hydrolases	1	255	1.96E-24	T	26-06-2023	IPR027417	P-loop containing nucleoside triphosphate hydrolase
CP040639.1_68	c99668221b0e2cce6ad712cd793e4d7a	285	PANTHER	PTHR13696	P-LOOP CONTAINING NUCLEOSIDE TRIPHOSPHATE HYDROLASE	5	276	6.4E-22	T	26-06-2023	-	-
CP040639.1_103	9ec2651b4f97cc1f94d69280d8dcf43a	172	MobiDBLite	mobidb-lite	consensus disorder prediction	45	60	-	T	26-06-2023	-	-
CP040639.1_103	9ec2651b4f97cc1f94d69280d8dcf43a	172	MobiDBLite	mobidb-lite	consensus disorder prediction	135	172	-	T	26-06-2023	-	-
CP040639.1_103	9ec2651b4f97cc1f94d69280d8dcf43a	172	MobiDBLite	mobidb-lite	consensus disorder prediction	1	25	-	T	26-06-2023	-	-
CP040639.1_103	9ec2651b4f97cc1f94d69280d8dcf43a	172	MobiDBLite	mobidb-lite	consensus disorder prediction	39	84	-	T	26-06-2023	-	-
CP040639.1_22	29091734eed17ca9f217e7f400a02f76	188	MobiDBLite	mobidb-lite	consensus disorder prediction	171	188	-	T	26-06-2023	-	-
CP040639.1_22	29091734eed17ca9f217e7f400a02f76	188	MobiDBLite	mobidb-lite	consensus disorder prediction	158	188	-	T	26-06-2023	-	-
CP040639.1_38	62190d5fcb65687cc7ea1990e33dc188	124	Coils	Coil	Coil	123	124	-	T	26-06-2023	-	-
CP040639.1_116	f8c63d523f887cd6ec96c21ef13bb4c5	88	Gene3D	G3DSA:1.10.10.10	-	1	82	3.9E-19	T	26-06-2023	IPR036388	Winged helix-like DNA-binding domain superfamily
CP040639.1_116	f8c63d523f887cd6ec96c21ef13bb4c5	88	SUPERFAMILY	SSF46785	"Winged helix" DNA-binding domain	7	73	1.14E-5	T	26-06-2023	IPR036390	Winged helix DNA-binding domain superfamily
CP040639.1_44	403bec2dbb1a872f02c5c54d3e2070b7	228	Gene3D	G3DSA:3.90.320.10	-	20	221	5.1E-25	T	26-06-2023	IPR011604	PD-(D/E)XK endonuclease-like domain superfamily
CP040639.1_1	b46f1f64f0a846d736f00f53cda841b5	167	NCBIfam	TIGR02537	archaeal flagellin N-terminal-like domain	15	37	3.0E-6	T	26-06-2023	IPR013373	Flagellin/pilin, N-terminal site, archaea
CP040639.1_1	b46f1f64f0a846d736f00f53cda841b5	167	PANTHER	PTHR38138	VNG6441H	11	129	6.9E-12	T	26-06-2023	-	-
CP040639.1_1	b46f1f64f0a846d736f00f53cda841b5	167	Pfam	PF07790	Archaeal Type IV pilin, N-terminal	15	70	2.9E-16	T	26-06-2023	IPR012859	Archaeal Type IV pilin, N-terminal
CP040639.1_62	c08288ec983926daaf958e726b642106	155	MobiDBLite	mobidb-lite	consensus disorder prediction	1	25	-	T	26-06-2023	-	-
CP040639.1_62	c08288ec983926daaf958e726b642106	155	MobiDBLite	mobidb-lite	consensus disorder prediction	1	18	-	T	26-06-2023	-	-
CP040639.1_62	c08288ec983926daaf958e726b642106	155	Coils	Coil	Coil	3	23	-	T	26-06-2023	-	-
CP040639.1_42	2397fe34094864374b9753bb109c2e07	74	Coils	Coil	Coil	51	74	-	T	26-06-2023	-	-
CP040639.1_42	2397fe34094864374b9753bb109c2e07	74	MobiDBLite	mobidb-lite	consensus disorder prediction	46	74	-	T	26-06-2023	-	-
CP040639.1_42	2397fe34094864374b9753bb109c2e07	74	MobiDBLite	mobidb-lite	consensus disorder prediction	49	74	-	T	26-06-2023	-	-
CP040639.1_110	50ac4902a5430f06e81f191456743170	239	MobiDBLite	mobidb-lite	consensus disorder prediction	82	106	-	T	26-06-2023	-	-
CP040639.1_110	50ac4902a5430f06e81f191456743170	239	MobiDBLite	mobidb-lite	consensus disorder prediction	216	239	-	T	26-06-2023	-	-
CP040639.1_99	e6cbd52893bb7666a8056b86efe3ad7d	427	MobiDBLite	mobidb-lite	consensus disorder prediction	404	427	-	T	26-06-2023	-	-
CP040639.1_99	e6cbd52893bb7666a8056b86efe3ad7d	427	ProSiteProfiles	PS50157	Zinc finger C2H2 type domain profile.	120	148	10.366926	T	26-06-2023	IPR013087	Zinc finger C2H2-type
CP040639.1_99	e6cbd52893bb7666a8056b86efe3ad7d	427	ProSitePatterns	PS00028	Zinc finger C2H2 type domain signature.	122	143	-	T	26-06-2023	IPR013087	Zinc finger C2H2-type
CP040639.1_95	ce647b99deebb553a74f73df5846b64e	81	Gene3D	G3DSA:1.10.10.10	-	6	80	1.0E-5	T	26-06-2023	IPR036388	Winged helix-like DNA-binding domain superfamily
CP040639.1_95	ce647b99deebb553a74f73df5846b64e	81	MobiDBLite	mobidb-lite	consensus disorder prediction	1	20	-	T	26-06-2023	-	-
CP040639.1_10	c4fca41f06a6e70f24524a39e814ebc6	1417	MobiDBLite	mobidb-lite	consensus disorder prediction	1168	1229	-	T	26-06-2023	-	-
CP040639.1_10	c4fca41f06a6e70f24524a39e814ebc6	1417	SUPERFAMILY	SSF50998	Quinoprotein alcohol dehydrogenase-like	242	482	1.49E-41	T	26-06-2023	IPR011047	Quinoprotein alcohol dehydrogenase-like superfamily
CP040639.1_10	c4fca41f06a6e70f24524a39e814ebc6	1417	SUPERFAMILY	SSF49464	Carboxypeptidase regulatory domain-like	561	597	2.82E-6	T	26-06-2023	IPR008969	Carboxypeptidase-like, regulatory domain superfamily
CP040639.1_10	c4fca41f06a6e70f24524a39e814ebc6	1417	Gene3D	G3DSA:2.130.10.10	-	189	360	7.4E-51	T	26-06-2023	IPR015943	WD40/YVTN repeat-like-containing domain superfamily
CP040639.1_10	c4fca41f06a6e70f24524a39e814ebc6	1417	Gene3D	G3DSA:2.130.10.10	-	410	576	5.1E-30	T	26-06-2023	IPR015943	WD40/YVTN repeat-like-containing domain superfamily
CP040639.1_10	c4fca41f06a6e70f24524a39e814ebc6	1417	Gene3D	G3DSA:2.40.10.480	-	363	409	3.7E-9	T	26-06-2023	-	-
CP040639.1_10	c4fca41f06a6e70f24524a39e814ebc6	1417	PANTHER	PTHR34512	CELL SURFACE PROTEIN	401	538	5.5E-48	T	26-06-2023	-	-
CP040639.1_10	c4fca41f06a6e70f24524a39e814ebc6	1417	MobiDBLite	mobidb-lite	consensus disorder prediction	1191	1206	-	T	26-06-2023	-	-
CP040639.1_10	c4fca41f06a6e70f24524a39e814ebc6	1417	Pfam	PF13360	PQQ-like domain	339	462	2.6E-21	T	26-06-2023	IPR002372	Pyrrolo-quinoline quinone repeat
CP040639.1_10	c4fca41f06a6e70f24524a39e814ebc6	1417	Pfam	PF13360	PQQ-like domain	202	326	1.3E-21	T	26-06-2023	IPR002372	Pyrrolo-quinoline quinone repeat
CP040639.1_10	c4fca41f06a6e70f24524a39e814ebc6	1417	Coils	Coil	Coil	916	936	-	T	26-06-2023	-	-
CP040639.1_10	c4fca41f06a6e70f24524a39e814ebc6	1417	SUPERFAMILY	SSF50998	Quinoprotein alcohol dehydrogenase-like	443	569	4.94E-13	T	26-06-2023	IPR011047	Quinoprotein alcohol dehydrogenase-like superfamily
CP040639.1_10	c4fca41f06a6e70f24524a39e814ebc6	1417	SMART	SM00564	ire1_9	203	235	3.8E-8	T	26-06-2023	IPR018391	Pyrrolo-quinoline quinone beta-propeller repeat
CP040639.1_10	c4fca41f06a6e70f24524a39e814ebc6	1417	SMART	SM00564	ire1_9	325	357	5.0E-8	T	26-06-2023	IPR018391	Pyrrolo-quinoline quinone beta-propeller repeat
CP040639.1_10	c4fca41f06a6e70f24524a39e814ebc6	1417	SMART	SM00564	ire1_9	406	437	1.2E-9	T	26-06-2023	IPR018391	Pyrrolo-quinoline quinone beta-propeller repeat
CP040639.1_10	c4fca41f06a6e70f24524a39e814ebc6	1417	SMART	SM00564	ire1_9	285	316	2.2E-8	T	26-06-2023	IPR018391	Pyrrolo-quinoline quinone beta-propeller repeat
CP040639.1_10	c4fca41f06a6e70f24524a39e814ebc6	1417	SMART	SM00564	ire1_9	245	276	8.6E-9	T	26-06-2023	IPR018391	Pyrrolo-quinoline quinone beta-propeller repeat
CP040639.1_10	c4fca41f06a6e70f24524a39e814ebc6	1417	SMART	SM00564	ire1_9	447	482	5.2E-6	T	26-06-2023	IPR018391	Pyrrolo-quinoline quinone beta-propeller repeat
CP040639.1_10	c4fca41f06a6e70f24524a39e814ebc6	1417	SMART	SM00564	ire1_9	366	397	3.0E-8	T	26-06-2023	IPR018391	Pyrrolo-quinoline quinone beta-propeller repeat
CP040639.1_10	c4fca41f06a6e70f24524a39e814ebc6	1417	SMART	SM00564	ire1_9	490	520	0.004	T	26-06-2023	IPR018391	Pyrrolo-quinoline quinone beta-propeller repeat
CP040639.1_10	c4fca41f06a6e70f24524a39e814ebc6	1417	Pfam	PF13570	PQQ-like domain	475	512	7.1E-5	T	26-06-2023	IPR002372	Pyrrolo-quinoline quinone repeat
CP040639.1_4	42fee939ce7cefe24a1038bd52579a1f	130	MobiDBLite	mobidb-lite	consensus disorder prediction	1	22	-	T	26-06-2023	-	-
CP040639.1_96	883228556121e2b7b1076c64b604b09e	41	MobiDBLite	mobidb-lite	consensus disorder prediction	21	41	-	T	26-06-2023	-	-
CP040639.1_109	7c948606294f81d28ec84dc373b7e9a2	242	MobiDBLite	mobidb-lite	consensus disorder prediction	72	93	-	T	26-06-2023	-	-
CP040639.1_109	7c948606294f81d28ec84dc373b7e9a2	242	MobiDBLite	mobidb-lite	consensus disorder prediction	163	179	-	T	26-06-2023	-	-
CP040639.1_109	7c948606294f81d28ec84dc373b7e9a2	242	MobiDBLite	mobidb-lite	consensus disorder prediction	163	190	-	T	26-06-2023	-	-
CP040639.1_61	c2536a82c3553e4c73e675d85f9ecde6	69	SUPERFAMILY	SSF47598	Ribbon-helix-helix	17	60	7.34E-7	T	26-06-2023	IPR010985	Ribbon-helix-helix
CP040639.1_61	c2536a82c3553e4c73e675d85f9ecde6	69	Gene3D	G3DSA:1.10.1220.10	-	19	63	7.6E-7	T	26-06-2023	IPR013321	Arc-type ribbon-helix-helix
CP040639.1_61	c2536a82c3553e4c73e675d85f9ecde6	69	Pfam	PF01402	Ribbon-helix-helix protein, copG family	30	57	4.1E-6	T	26-06-2023	IPR002145	Ribbon-helix-helix protein, CopG
CP040639.1_61	c2536a82c3553e4c73e675d85f9ecde6	69	CDD	cd22231	RHH_NikR_HicB-like	19	57	5.17279E-8	T	26-06-2023	-	-
CP040639.1_61	c2536a82c3553e4c73e675d85f9ecde6	69	MobiDBLite	mobidb-lite	consensus disorder prediction	1	20	-	T	26-06-2023	-	-
CP040639.1_121	fe8d40cccaea911c21bda2e4518e080f	96	Gene3D	G3DSA:1.10.10.10	-	7	95	3.3E-11	T	26-06-2023	IPR036388	Winged helix-like DNA-binding domain superfamily
CP040639.1_121	fe8d40cccaea911c21bda2e4518e080f	96	Pfam	PF03551	Transcriptional regulator PadR-like family	11	79	4.3E-16	T	26-06-2023	IPR005149	Transcription regulator PadR, N-terminal
CP040639.1_121	fe8d40cccaea911c21bda2e4518e080f	96	SUPERFAMILY	SSF46785	"Winged helix" DNA-binding domain	2	89	2.79E-18	T	26-06-2023	IPR036390	Winged helix DNA-binding domain superfamily
CP040639.1_113	1daa5616721c4f720fa311b76a7081e8	401	Gene3D	G3DSA:1.10.10.10	-	311	400	1.8E-21	T	26-06-2023	IPR036388	Winged helix-like DNA-binding domain superfamily
CP040639.1_113	1daa5616721c4f720fa311b76a7081e8	401	Pfam	PF00493	MCM P-loop domain	6	195	9.2E-11	T	26-06-2023	IPR001208	MCM domain
CP040639.1_113	1daa5616721c4f720fa311b76a7081e8	401	Coils	Coil	Coil	333	353	-	T	26-06-2023	-	-
CP040639.1_113	1daa5616721c4f720fa311b76a7081e8	401	Gene3D	G3DSA:3.40.50.300	-	1	310	1.8E-23	T	26-06-2023	IPR027417	P-loop containing nucleoside triphosphate hydrolase
CP040639.1_113	1daa5616721c4f720fa311b76a7081e8	401	PANTHER	PTHR11630	DNA REPLICATION LICENSING FACTOR MCM FAMILY MEMBER	9	359	1.8E-15	T	26-06-2023	IPR031327	Mini-chromosome maintenance protein
CP040639.1_113	1daa5616721c4f720fa311b76a7081e8	401	Pfam	PF17855	MCM AAA-lid domain	220	301	1.6E-6	T	26-06-2023	IPR041562	MCM, AAA-lid domain
CP040639.1_113	1daa5616721c4f720fa311b76a7081e8	401	ProSiteProfiles	PS50051	MCM family domain profile.	10	194	15.001728	T	26-06-2023	IPR001208	MCM domain
CP040639.1_88	41da0ec1d7838f737600a8a4baad9164	132	MobiDBLite	mobidb-lite	consensus disorder prediction	112	132	-	T	26-06-2023	-	-
CP040639.1_3	f873ce583eacb769050938440e5e770f	264	MobiDBLite	mobidb-lite	consensus disorder prediction	1	26	-	T	26-06-2023	-	-
CP040639.1_89	813720b275c5d2b5668bbdc45afb4f1d	104	MobiDBLite	mobidb-lite	consensus disorder prediction	83	104	-	T	26-06-2023	-	-
CP040639.1_24	2b77caec0607e1e1fb26eb2c317cb583	385	Pfam	PF08406	CbbQ/NirQ/NorQ C-terminal	275	349	1.2E-6	T	26-06-2023	IPR013615	CbbQ/NirQ/NorQ, C-terminal
CP040639.1_24	2b77caec0607e1e1fb26eb2c317cb583	385	Gene3D	G3DSA:3.40.50.300	-	99	271	2.5E-26	T	26-06-2023	IPR027417	P-loop containing nucleoside triphosphate hydrolase
CP040639.1_24	2b77caec0607e1e1fb26eb2c317cb583	385	PANTHER	PTHR42759	MOXR FAMILY PROTEIN	120	257	8.5E-12	T	26-06-2023	-	-
CP040639.1_24	2b77caec0607e1e1fb26eb2c317cb583	385	SMART	SM00382	AAA_5	115	268	0.008	T	26-06-2023	IPR003593	AAA+ ATPase domain
CP040639.1_24	2b77caec0607e1e1fb26eb2c317cb583	385	SUPERFAMILY	SSF52540	P-loop containing nucleoside triphosphate hydrolases	119	280	7.36E-25	T	26-06-2023	IPR027417	P-loop containing nucleoside triphosphate hydrolase
CP040639.1_24	2b77caec0607e1e1fb26eb2c317cb583	385	CDD	cd00009	AAA	121	211	2.69103E-10	T	26-06-2023	-	-
CP040639.1_24	2b77caec0607e1e1fb26eb2c317cb583	385	Pfam	PF07728	AAA domain (dynein-related subfamily)	121	257	5.4E-22	T	26-06-2023	IPR011704	ATPase, dynein-related, AAA domain
CP040639.1_43	945f60a99ecc16596912a7759fb344a0	97	MobiDBLite	mobidb-lite	consensus disorder prediction	1	18	-	T	26-06-2023	-	-
CP040639.1_43	945f60a99ecc16596912a7759fb344a0	97	MobiDBLite	mobidb-lite	consensus disorder prediction	1	20	-	T	26-06-2023	-	-
CP040639.1_15	91940e1305642f641a96d6579511241c	122	MobiDBLite	mobidb-lite	consensus disorder prediction	1	21	-	T	26-06-2023	-	-
CP040639.1_39	c557f9dc0ae08dec9243336bf656a32d	229	MobiDBLite	mobidb-lite	consensus disorder prediction	201	229	-	T	26-06-2023	-	-
CP040639.1_112	81650b8d62c66df2837aa9cfbe0a7796	90	SUPERFAMILY	SSF46785	"Winged helix" DNA-binding domain	19	87	2.24E-6	T	26-06-2023	IPR036390	Winged helix DNA-binding domain superfamily
CP040639.1_112	81650b8d62c66df2837aa9cfbe0a7796	90	Gene3D	G3DSA:1.10.10.10	-	30	87	5.3E-5	T	26-06-2023	IPR036388	Winged helix-like DNA-binding domain superfamily
CP040639.1_82	3b62decc9fe7b0b38ea284728b6d8226	122	Pfam	PF08281	Sigma-70, region 4	16	58	8.6E-10	T	26-06-2023	IPR013249	RNA polymerase sigma factor 70, region 4 type 2
CP040639.1_82	3b62decc9fe7b0b38ea284728b6d8226	122	Coils	Coil	Coil	52	72	-	T	26-06-2023	-	-
CP040639.1_82	3b62decc9fe7b0b38ea284728b6d8226	122	Gene3D	G3DSA:1.10.10.10	-	4	66	1.8E-10	T	26-06-2023	IPR036388	Winged helix-like DNA-binding domain superfamily
CP040639.1_82	3b62decc9fe7b0b38ea284728b6d8226	122	ProSiteProfiles	PS50114	GATA-type zinc finger domain profile.	80	105	9.064149	T	26-06-2023	IPR000679	Zinc finger, GATA-type
CP040639.1_82	3b62decc9fe7b0b38ea284728b6d8226	122	SUPERFAMILY	SSF88659	Sigma3 and sigma4 domains of RNA polymerase sigma factors	14	62	9.94E-9	T	26-06-2023	IPR013324	RNA polymerase sigma factor, region 3/4-like
CP040639.1_16	add1ce40b5d85b4a57e0b79b75bdf7ed	235	ProSiteProfiles	PS51318	Twin arginine translocation (Tat) signal profile.	1	35	9.795231	T	26-06-2023	IPR006311	Twin-arginine translocation pathway, signal sequence
CP040639.1_111	044b009d6d5bcab95ab4ddbbe9a0d01e	61	MobiDBLite	mobidb-lite	consensus disorder prediction	1	24	-	T	26-06-2023	-	-
CP040639.1_32	8e0ea61509100b556cb7510e4777a838	149	MobiDBLite	mobidb-lite	consensus disorder prediction	1	23	-	T	26-06-2023	-	-
CP040639.1_106	4207b0a3ff0fdc794ea55da1154abbcd	91	MobiDBLite	mobidb-lite	consensus disorder prediction	1	21	-	T	26-06-2023	-	-
CP040639.1_106	4207b0a3ff0fdc794ea55da1154abbcd	91	MobiDBLite	mobidb-lite	consensus disorder prediction	58	91	-	T	26-06-2023	-	-
CP040639.1_106	4207b0a3ff0fdc794ea55da1154abbcd	91	MobiDBLite	mobidb-lite	consensus disorder prediction	58	78	-	T	26-06-2023	-	-
CP040639.1_115	ba028c56a73764ab3b436876e2cd9b20	144	MobiDBLite	mobidb-lite	consensus disorder prediction	14	37	-	T	26-06-2023	-	-
CP040639.1_115	ba028c56a73764ab3b436876e2cd9b20	144	MobiDBLite	mobidb-lite	consensus disorder prediction	1	42	-	T	26-06-2023	-	-
