>CP050018.1_26	2b115355f3fdf234ce5b20a55694c20f	54	Pfam	PF06348	Protein of unknown function (DUF1059)	3	49	3.4E-8	T	21-06-2023	IPR009409	Protein of unknown function DUF1059
>CP050018.1_2	4a50c28d41c071e29c27d12de3248970	83	SUPERFAMILY	SSF143011	RelE-like	1	78	1.06E-10	T	21-06-2023	IPR035093	Toxin-antitoxin system, RelE/ParE toxin domain superfamily
>CP050018.1_2	4a50c28d41c071e29c27d12de3248970	83	Gene3D	G3DSA:3.30.2310.20	-	3	82	4.3E-10	T	21-06-2023	IPR035093	Toxin-antitoxin system, RelE/ParE toxin domain superfamily
>CP050018.1_2	4a50c28d41c071e29c27d12de3248970	83	Pfam	PF05016	ParE toxin of type II toxin-antitoxin system, parDE	9	78	2.9E-6	T	21-06-2023	IPR007712	Toxin-antitoxin system, RelE/ParE toxin family
>CP050018.1_43	89f89befed4620deb83be578ef476fb8	517	ProSitePatterns	PS00136	Serine proteases, subtilase family, aspartic acid active site.	184	195	-	T	21-06-2023	IPR023827	Peptidase S8, subtilisin, Asp-active site
>CP050018.1_43	89f89befed4620deb83be578ef476fb8	517	SUPERFAMILY	SSF52743	Subtilisin-like	168	477	1.31E-45	T	21-06-2023	IPR036852	Peptidase S8/S53 domain superfamily
>CP050018.1_43	89f89befed4620deb83be578ef476fb8	517	Pfam	PF00082	Subtilase family	180	443	1.6E-34	T	21-06-2023	IPR000209	Peptidase S8/S53 domain
>CP050018.1_43	89f89befed4620deb83be578ef476fb8	517	PRINTS	PR00723	Subtilisin serine protease family (S8) signature	179	198	2.5E-10	T	21-06-2023	IPR015500	Peptidase S8, subtilisin-related
>CP050018.1_43	89f89befed4620deb83be578ef476fb8	517	PRINTS	PR00723	Subtilisin serine protease family (S8) signature	234	247	2.5E-10	T	21-06-2023	IPR015500	Peptidase S8, subtilisin-related
>CP050018.1_43	89f89befed4620deb83be578ef476fb8	517	PRINTS	PR00723	Subtilisin serine protease family (S8) signature	416	432	2.5E-10	T	21-06-2023	IPR015500	Peptidase S8, subtilisin-related
>CP050018.1_43	89f89befed4620deb83be578ef476fb8	517	Gene3D	G3DSA:3.40.50.200	Peptidase S8/S53 domain	163	481	4.6E-50	T	21-06-2023	IPR036852	Peptidase S8/S53 domain superfamily
>CP050018.1_43	89f89befed4620deb83be578ef476fb8	517	PANTHER	PTHR43806	PEPTIDASE S8	96	442	7.6E-33	T	21-06-2023	-	-
>CP050018.1_43	89f89befed4620deb83be578ef476fb8	517	ProSitePatterns	PS00138	Serine proteases, subtilase family, serine active site.	417	427	-	T	21-06-2023	IPR023828	Peptidase S8, subtilisin, Ser-active site
>CP050018.1_43	89f89befed4620deb83be578ef476fb8	517	ProSiteProfiles	PS51892	Serine proteases, subtilase domain profile.	160	476	27.612562	T	21-06-2023	-	-
>CP050018.1_88	1c68cb105ebad24f7015c5b9c90a9526	226	SUPERFAMILY	SSF51735	NAD(P)-binding Rossmann-fold domains	7	139	2.6E-31	T	21-06-2023	IPR036291	NAD(P)-binding domain superfamily
>CP050018.1_88	1c68cb105ebad24f7015c5b9c90a9526	226	Gene3D	G3DSA:3.40.50.720	-	2	133	2.7E-38	T	21-06-2023	-	-
>CP050018.1_88	1c68cb105ebad24f7015c5b9c90a9526	226	Pfam	PF02254	TrkA-N domain	7	117	8.7E-31	T	21-06-2023	IPR003148	Regulator of K+ conductance, N-terminal
>CP050018.1_88	1c68cb105ebad24f7015c5b9c90a9526	226	Gene3D	G3DSA:3.30.70.1450	-	143	218	5.2E-6	T	21-06-2023	IPR036721	Regulator of K+ conductance, C-terminal domain superfamily
>CP050018.1_88	1c68cb105ebad24f7015c5b9c90a9526	226	PRINTS	PR00335	TrkA potassium uptake protein signature	4	18	5.4E-10	T	21-06-2023	IPR006036	Potassium uptake protein TrkA
>CP050018.1_88	1c68cb105ebad24f7015c5b9c90a9526	226	PRINTS	PR00335	TrkA potassium uptake protein signature	21	35	5.4E-10	T	21-06-2023	IPR006036	Potassium uptake protein TrkA
>CP050018.1_88	1c68cb105ebad24f7015c5b9c90a9526	226	PRINTS	PR00335	TrkA potassium uptake protein signature	50	60	5.4E-10	T	21-06-2023	IPR006036	Potassium uptake protein TrkA
>CP050018.1_88	1c68cb105ebad24f7015c5b9c90a9526	226	PRINTS	PR00335	TrkA potassium uptake protein signature	61	71	5.4E-10	T	21-06-2023	IPR006036	Potassium uptake protein TrkA
>CP050018.1_88	1c68cb105ebad24f7015c5b9c90a9526	226	PRINTS	PR00335	TrkA potassium uptake protein signature	74	88	5.4E-10	T	21-06-2023	IPR006036	Potassium uptake protein TrkA
>CP050018.1_88	1c68cb105ebad24f7015c5b9c90a9526	226	Pfam	PF02080	TrkA-C domain	150	212	1.9E-6	T	21-06-2023	IPR006037	Regulator of K+ conductance, C-terminal
>CP050018.1_88	1c68cb105ebad24f7015c5b9c90a9526	226	SUPERFAMILY	SSF116726	TrkA C-terminal domain-like	143	218	1.57E-7	T	21-06-2023	IPR036721	Regulator of K+ conductance, C-terminal domain superfamily
>CP050018.1_88	1c68cb105ebad24f7015c5b9c90a9526	226	ProSiteProfiles	PS51201	RCK N-terminal domain profile.	4	117	17.548996	T	21-06-2023	IPR003148	Regulator of K+ conductance, N-terminal
>CP050018.1_88	1c68cb105ebad24f7015c5b9c90a9526	226	ProSiteProfiles	PS51202	RCK C-terminal domain profile.	136	219	8.814546	T	21-06-2023	IPR006037	Regulator of K+ conductance, C-terminal
>CP050018.1_88	1c68cb105ebad24f7015c5b9c90a9526	226	PANTHER	PTHR43833	POTASSIUM CHANNEL PROTEIN 2-RELATED-RELATED	7	216	3.9E-35	T	21-06-2023	-	-
>CP050018.1_27	d9bd47a0a710465de8e9190e77f22186	228	SUPERFAMILY	SSF52540	P-loop containing nucleoside triphosphate hydrolases	20	144	5.19E-14	T	21-06-2023	IPR027417	P-loop containing nucleoside triphosphate hydrolase
>CP050018.1_27	d9bd47a0a710465de8e9190e77f22186	228	Gene3D	G3DSA:3.40.50.300	-	32	187	1.6E-14	T	21-06-2023	IPR027417	P-loop containing nucleoside triphosphate hydrolase
>CP050018.1_27	d9bd47a0a710465de8e9190e77f22186	228	Pfam	PF13401	AAA domain	55	145	3.3E-6	T	21-06-2023	IPR003593	AAA+ ATPase domain
>CP050018.1_29	22684fcf3f5fb86ef49c3f23f9567d36	360	ProSiteProfiles	PS51281	TAP C-terminal (TAP-C) domain profile.	27	84	8.691986	T	21-06-2023	IPR005637	TAP C-terminal (TAP-C) domain
>CP050018.1_85	f88b58da2e2d5acd79f57bdb7ba1a953	598	Gene3D	G3DSA:3.10.105.10	-	31	172	9.0E-17	T	21-06-2023	-	-
>CP050018.1_85	f88b58da2e2d5acd79f57bdb7ba1a953	598	Gene3D	G3DSA:3.40.190.10	-	205	482	7.8E-45	T	21-06-2023	-	-
>CP050018.1_85	f88b58da2e2d5acd79f57bdb7ba1a953	598	Gene3D	G3DSA:3.10.105.10	-	485	595	6.6E-14	T	21-06-2023	-	-
>CP050018.1_85	f88b58da2e2d5acd79f57bdb7ba1a953	598	ProSiteProfiles	PS51257	Prokaryotic membrane lipoprotein lipid attachment site profile.	1	26	5.0	T	21-06-2023	-	-
>CP050018.1_85	f88b58da2e2d5acd79f57bdb7ba1a953	598	SUPERFAMILY	SSF53850	Periplasmic binding protein-like II	212	593	4.52E-57	T	21-06-2023	-	-
>CP050018.1_85	f88b58da2e2d5acd79f57bdb7ba1a953	598	SUPERFAMILY	SSF53850	Periplasmic binding protein-like II	35	194	1.77E-14	T	21-06-2023	-	-
>CP050018.1_85	f88b58da2e2d5acd79f57bdb7ba1a953	598	Pfam	PF00496	Bacterial extracellular solute-binding proteins, family 5 Middle	259	593	1.0E-37	T	21-06-2023	IPR000914	Solute-binding protein family 5 domain
>CP050018.1_85	f88b58da2e2d5acd79f57bdb7ba1a953	598	CDD	cd00995	PBP2_NikA_DppA_OppA_like	216	592	4.22893E-47	T	21-06-2023	-	-
>CP050018.1_85	f88b58da2e2d5acd79f57bdb7ba1a953	598	PANTHER	PTHR30290	PERIPLASMIC BINDING COMPONENT OF ABC TRANSPORTER	41	188	4.1E-49	T	21-06-2023	IPR039424	Solute-binding protein family 5
>CP050018.1_163	8d7cc22ab533bfcdbf213bee3ad7a6da	98	MobiDBLite	mobidb-lite	consensus disorder prediction	1	22	-	T	21-06-2023	-	-
>CP050018.1_49	5e419e9dc23854dbb33727f315f1c278	349	MobiDBLite	mobidb-lite	consensus disorder prediction	30	49	-	T	21-06-2023	-	-
>CP050018.1_73	cb165734d3eab8660492b0305be8e6f0	159	Gene3D	G3DSA:3.40.30.10	Glutaredoxin	1	156	8.1E-40	T	21-06-2023	-	-
>CP050018.1_73	cb165734d3eab8660492b0305be8e6f0	159	SUPERFAMILY	SSF52833	Thioredoxin-like	1	157	6.41E-37	T	21-06-2023	IPR036249	Thioredoxin-like superfamily
>CP050018.1_73	cb165734d3eab8660492b0305be8e6f0	159	PIRSF	PIRSF000239	AHPC	1	156	1.5E-23	T	21-06-2023	IPR024706	Peroxiredoxin, AhpC-type
>CP050018.1_73	cb165734d3eab8660492b0305be8e6f0	159	ProSiteProfiles	PS51352	Thioredoxin domain profile.	2	159	13.785814	T	21-06-2023	IPR013766	Thioredoxin domain
>CP050018.1_73	cb165734d3eab8660492b0305be8e6f0	159	Pfam	PF00578	AhpC/TSA family	5	134	4.3E-29	T	21-06-2023	IPR000866	Alkyl hydroperoxide reductase subunit C/ Thiol specific antioxidant
>CP050018.1_73	cb165734d3eab8660492b0305be8e6f0	159	PANTHER	PTHR43110	THIOL PEROXIDASE	1	156	1.5E-23	T	21-06-2023	-	-
>CP050018.1_90	d0fa9a8565cd6b1cdbef721643018de4	65	MobiDBLite	mobidb-lite	consensus disorder prediction	1	22	-	T	21-06-2023	-	-
>CP050018.1_11	87b29744150322a263c178752c7207f1	115	MobiDBLite	mobidb-lite	consensus disorder prediction	81	115	-	T	21-06-2023	-	-
>CP050018.1_69	6d53d28675c142e6201bcf02adec9524	107	MobiDBLite	mobidb-lite	consensus disorder prediction	1	22	-	T	21-06-2023	-	-
>CP050018.1_69	6d53d28675c142e6201bcf02adec9524	107	MobiDBLite	mobidb-lite	consensus disorder prediction	84	107	-	T	21-06-2023	-	-
>CP050018.1_150	972cc689ac68f62279beb505903124ae	443	Pfam	PF03471	Transporter associated domain	359	435	2.7E-21	T	21-06-2023	IPR005170	Transporter-associated domain
>CP050018.1_150	972cc689ac68f62279beb505903124ae	443	SUPERFAMILY	SSF56176	FAD-binding/transporter-associated domain-like	356	439	1.01E-20	T	21-06-2023	IPR036318	FAD-binding, type PCMH-like superfamily
>CP050018.1_150	972cc689ac68f62279beb505903124ae	443	ProSiteProfiles	PS51846	CNNM transmembrane domain profile.	3	205	32.108097	T	21-06-2023	IPR002550	CNNM, transmembrane domain
>CP050018.1_150	972cc689ac68f62279beb505903124ae	443	ProSiteProfiles	PS51371	CBS domain profile.	224	285	13.548052	T	21-06-2023	IPR000644	CBS domain
>CP050018.1_150	972cc689ac68f62279beb505903124ae	443	CDD	cd04590	CBS_pair_CorC_HlyC_assoc	219	338	1.78308E-38	T	21-06-2023	IPR044751	Ion transporter-like, CBS domain
>CP050018.1_150	972cc689ac68f62279beb505903124ae	443	Gene3D	G3DSA:3.30.465.10	-	352	441	3.1E-22	T	21-06-2023	IPR016169	FAD-binding, type PCMH, subdomain 2
>CP050018.1_150	972cc689ac68f62279beb505903124ae	443	ProSiteProfiles	PS51371	CBS domain profile.	290	347	10.410414	T	21-06-2023	IPR000644	CBS domain
>CP050018.1_150	972cc689ac68f62279beb505903124ae	443	Pfam	PF01595	Cyclin M transmembrane N-terminal domain	13	205	5.7E-50	T	21-06-2023	IPR002550	CNNM, transmembrane domain
>CP050018.1_150	972cc689ac68f62279beb505903124ae	443	SMART	SM00116	cbs_1	293	341	11.0	T	21-06-2023	IPR000644	CBS domain
>CP050018.1_150	972cc689ac68f62279beb505903124ae	443	SMART	SM00116	cbs_1	229	279	4.3E-6	T	21-06-2023	IPR000644	CBS domain
>CP050018.1_150	972cc689ac68f62279beb505903124ae	443	SUPERFAMILY	SSF54631	CBS-domain pair	209	351	3.54E-29	T	21-06-2023	IPR046342	CBS domain superfamily
>CP050018.1_150	972cc689ac68f62279beb505903124ae	443	SMART	SM01091	CorC_HlyC_2	358	436	2.2E-23	T	21-06-2023	IPR005170	Transporter-associated domain
>CP050018.1_150	972cc689ac68f62279beb505903124ae	443	Gene3D	G3DSA:3.10.580.10	-	199	351	6.2E-44	T	21-06-2023	IPR046342	CBS domain superfamily
>CP050018.1_150	972cc689ac68f62279beb505903124ae	443	PANTHER	PTHR43099	UPF0053 PROTEIN YRKA	8	439	0.0	T	21-06-2023	-	-
>CP050018.1_150	972cc689ac68f62279beb505903124ae	443	Pfam	PF00571	CBS domain	220	278	8.9E-8	T	21-06-2023	IPR000644	CBS domain
>CP050018.1_150	972cc689ac68f62279beb505903124ae	443	Pfam	PF00571	CBS domain	287	341	8.6E-4	T	21-06-2023	IPR000644	CBS domain
>CP050018.1_50	d68f21ff78fe90f10efd61239bf5a4af	263	Gene3D	G3DSA:3.40.50.150	Vaccinia Virus protein VP39	53	258	3.6E-19	T	21-06-2023	IPR029063	S-adenosyl-L-methionine-dependent methyltransferase superfamily
>CP050018.1_50	d68f21ff78fe90f10efd61239bf5a4af	263	Pfam	PF13578	Methyltransferase domain	104	233	7.5E-15	T	21-06-2023	-	-
>CP050018.1_50	d68f21ff78fe90f10efd61239bf5a4af	263	SUPERFAMILY	SSF53335	S-adenosyl-L-methionine-dependent methyltransferases	48	236	8.31E-12	T	21-06-2023	IPR029063	S-adenosyl-L-methionine-dependent methyltransferase superfamily
>CP050018.1_62	6d4e9d93d4d66e2c970c1c84b0d1aed3	105	MobiDBLite	mobidb-lite	consensus disorder prediction	82	105	-	T	21-06-2023	-	-
>CP050018.1_81	2ddf3d7061939ad011961ca9895c5aca	438	Gene3D	G3DSA:2.120.10.30	-	85	336	4.9E-9	T	21-06-2023	IPR011042	Six-bladed beta-propeller, TolB-like
>CP050018.1_81	2ddf3d7061939ad011961ca9895c5aca	438	PANTHER	PTHR35340	PQQ ENZYME REPEAT PROTEIN-RELATED	150	326	4.6E-9	T	21-06-2023	-	-
>CP050018.1_81	2ddf3d7061939ad011961ca9895c5aca	438	SUPERFAMILY	SSF101898	NHL repeat	57	327	3.92E-16	T	21-06-2023	-	-
>CP050018.1_81	2ddf3d7061939ad011961ca9895c5aca	438	Pfam	PF14269	Arylsulfotransferase (ASST)	174	323	1.4E-7	T	21-06-2023	IPR039535	Arylsulfotransferase-like
>CP050018.1_79	e51bf8fa43d6793a8b93ff8dfed2e187	471	MobiDBLite	mobidb-lite	consensus disorder prediction	83	99	-	T	21-06-2023	-	-
>CP050018.1_79	e51bf8fa43d6793a8b93ff8dfed2e187	471	MobiDBLite	mobidb-lite	consensus disorder prediction	83	105	-	T	21-06-2023	-	-
>CP050018.1_79	e51bf8fa43d6793a8b93ff8dfed2e187	471	SUPERFAMILY	SSF53098	Ribonuclease H-like	275	452	1.82E-9	T	21-06-2023	IPR012337	Ribonuclease H-like superfamily
>CP050018.1_79	e51bf8fa43d6793a8b93ff8dfed2e187	471	Coils	Coil	Coil	270	290	-	T	21-06-2023	-	-
>CP050018.1_79	e51bf8fa43d6793a8b93ff8dfed2e187	471	Pfam	PF01609	Transposase DDE domain	264	409	3.1E-6	T	21-06-2023	IPR002559	Transposase IS4-like domain
>CP050018.1_79	e51bf8fa43d6793a8b93ff8dfed2e187	471	PANTHER	PTHR33252	THIRD ORF IN TRANSPOSON ISC1160	217	446	2.3E-10	T	21-06-2023	-	-
>CP050018.1_173	202253100f6d7c41c3c38df95e5aebd5	122	Gene3D	G3DSA:1.10.10.10	-	29	122	7.0E-7	T	21-06-2023	IPR036388	Winged helix-like DNA-binding domain superfamily
>CP050018.1_70	7903a84963689d4d89609224c83e6358	816	Gene3D	G3DSA:3.40.50.300	-	389	570	3.4E-8	T	21-06-2023	IPR027417	P-loop containing nucleoside triphosphate hydrolase
>CP050018.1_94	c306bd8e592f76fb8728db645cb35585	127	MobiDBLite	mobidb-lite	consensus disorder prediction	105	127	-	T	21-06-2023	-	-
>CP050018.1_91	cf94af1ed023c009e8af3a8df96b477f	186	ProSiteProfiles	PS51318	Twin arginine translocation (Tat) signal profile.	1	30	8.243685	T	21-06-2023	IPR006311	Twin-arginine translocation pathway, signal sequence
>CP050018.1_9	0a7d8f47237c024085ff4decae63e18a	100	MobiDBLite	mobidb-lite	consensus disorder prediction	1	26	-	T	21-06-2023	-	-
>CP050018.1_9	0a7d8f47237c024085ff4decae63e18a	100	MobiDBLite	mobidb-lite	consensus disorder prediction	10	26	-	T	21-06-2023	-	-
>CP050018.1_111	4fe63ac117a86f4fb9c535e62950c0a5	177	MobiDBLite	mobidb-lite	consensus disorder prediction	139	177	-	T	21-06-2023	-	-
>CP050018.1_111	4fe63ac117a86f4fb9c535e62950c0a5	177	MobiDBLite	mobidb-lite	consensus disorder prediction	154	168	-	T	21-06-2023	-	-
>CP050018.1_151	01c7eb0d9d2874954a9545b419b2f633	289	Gene3D	G3DSA:3.40.50.620	HUPs	142	287	1.1E-31	T	21-06-2023	IPR014729	Rossmann-like alpha/beta/alpha sandwich fold
>CP050018.1_151	01c7eb0d9d2874954a9545b419b2f633	289	SUPERFAMILY	SSF52402	Adenine nucleotide alpha hydrolases-like	1	138	4.26E-35	T	21-06-2023	-	-
>CP050018.1_151	01c7eb0d9d2874954a9545b419b2f633	289	CDD	cd00293	USP_Like	5	135	2.2847E-21	T	21-06-2023	-	-
>CP050018.1_151	01c7eb0d9d2874954a9545b419b2f633	289	CDD	cd00293	USP_Like	151	285	1.55452E-24	T	21-06-2023	-	-
>CP050018.1_151	01c7eb0d9d2874954a9545b419b2f633	289	Gene3D	G3DSA:3.40.50.620	HUPs	1	139	8.9E-36	T	21-06-2023	IPR014729	Rossmann-like alpha/beta/alpha sandwich fold
>CP050018.1_151	01c7eb0d9d2874954a9545b419b2f633	289	PRINTS	PR01438	Universal stress protein signature	2	20	3.7E-14	T	21-06-2023	IPR006015	Universal stress protein A family
>CP050018.1_151	01c7eb0d9d2874954a9545b419b2f633	289	PRINTS	PR01438	Universal stress protein signature	98	110	3.7E-14	T	21-06-2023	IPR006015	Universal stress protein A family
>CP050018.1_151	01c7eb0d9d2874954a9545b419b2f633	289	PRINTS	PR01438	Universal stress protein signature	116	138	3.7E-14	T	21-06-2023	IPR006015	Universal stress protein A family
>CP050018.1_151	01c7eb0d9d2874954a9545b419b2f633	289	PANTHER	PTHR46268	STRESS RESPONSE PROTEIN NHAX	45	138	1.3E-43	T	21-06-2023	-	-
>CP050018.1_151	01c7eb0d9d2874954a9545b419b2f633	289	Pfam	PF00582	Universal stress protein family	149	285	2.5E-27	T	21-06-2023	IPR006016	UspA
>CP050018.1_151	01c7eb0d9d2874954a9545b419b2f633	289	Pfam	PF00582	Universal stress protein family	1	137	1.5E-31	T	21-06-2023	IPR006016	UspA
>CP050018.1_151	01c7eb0d9d2874954a9545b419b2f633	289	SUPERFAMILY	SSF52402	Adenine nucleotide alpha hydrolases-like	149	286	1.47E-29	T	21-06-2023	-	-
>CP050018.1_87	b76efd89c815a8e620a3aad66d5eb308	166	SMART	SM00506	YBR022w_8	2	131	7.7E-11	T	21-06-2023	IPR002589	Macro domain
>CP050018.1_87	b76efd89c815a8e620a3aad66d5eb308	166	PANTHER	PTHR11106	GANGLIOSIDE INDUCED DIFFERENTIATION ASSOCIATED PROTEIN 2-RELATED	5	155	6.8E-9	T	21-06-2023	-	-
>CP050018.1_87	b76efd89c815a8e620a3aad66d5eb308	166	ProSiteProfiles	PS51154	Macro domain profile.	1	166	19.113832	T	21-06-2023	IPR002589	Macro domain
>CP050018.1_87	b76efd89c815a8e620a3aad66d5eb308	166	Pfam	PF01661	Macro domain	19	131	2.3E-17	T	21-06-2023	IPR002589	Macro domain
>CP050018.1_87	b76efd89c815a8e620a3aad66d5eb308	166	SUPERFAMILY	SSF52949	Macro domain-like	2	163	6.39E-28	T	21-06-2023	IPR043472	Macro domain-like
>CP050018.1_87	b76efd89c815a8e620a3aad66d5eb308	166	Gene3D	G3DSA:3.40.220.10	Leucine Aminopeptidase, subunit E, domain 1	1	166	1.3E-32	T	21-06-2023	IPR043472	Macro domain-like
>CP050018.1_120	73b347bc4e0fd9da0a3d82f3f6c13d74	134	MobiDBLite	mobidb-lite	consensus disorder prediction	1	39	-	T	21-06-2023	-	-
>CP050018.1_119	c4f5466e0e2c7e815a3adb23dac30919	238	SUPERFAMILY	SSF55729	Acyl-CoA N-acyltransferases (Nat)	16	181	4.12E-15	T	21-06-2023	IPR016181	Acyl-CoA N-acyltransferase
>CP050018.1_119	c4f5466e0e2c7e815a3adb23dac30919	238	Gene3D	G3DSA:3.40.630.30	-	18	188	1.8E-13	T	21-06-2023	-	-
>CP050018.1_119	c4f5466e0e2c7e815a3adb23dac30919	238	Pfam	PF00583	Acetyltransferase (GNAT) family	69	167	7.4E-5	T	21-06-2023	IPR000182	GNAT domain
>CP050018.1_119	c4f5466e0e2c7e815a3adb23dac30919	238	CDD	cd04301	NAT_SF	71	144	1.08713E-5	T	21-06-2023	-	-
>CP050018.1_119	c4f5466e0e2c7e815a3adb23dac30919	238	ProSiteProfiles	PS51186	Gcn5-related N-acetyltransferase (GNAT) domain profile.	15	189	11.456341	T	21-06-2023	IPR000182	GNAT domain
>CP050018.1_152	0356d5226bb2f85a625f192ae39cfabb	292	Gene3D	G3DSA:3.40.50.620	HUPs	1	138	7.4E-38	T	21-06-2023	IPR014729	Rossmann-like alpha/beta/alpha sandwich fold
>CP050018.1_152	0356d5226bb2f85a625f192ae39cfabb	292	Pfam	PF00582	Universal stress protein family	1	137	9.9E-34	T	21-06-2023	IPR006016	UspA
>CP050018.1_152	0356d5226bb2f85a625f192ae39cfabb	292	Pfam	PF00582	Universal stress protein family	151	285	2.7E-25	T	21-06-2023	IPR006016	UspA
>CP050018.1_152	0356d5226bb2f85a625f192ae39cfabb	292	PANTHER	PTHR46268	STRESS RESPONSE PROTEIN NHAX	57	138	8.4E-48	T	21-06-2023	-	-
>CP050018.1_152	0356d5226bb2f85a625f192ae39cfabb	292	SUPERFAMILY	SSF52402	Adenine nucleotide alpha hydrolases-like	1	139	4.4E-35	T	21-06-2023	-	-
>CP050018.1_152	0356d5226bb2f85a625f192ae39cfabb	292	CDD	cd00293	USP_Like	5	137	7.64019E-32	T	21-06-2023	-	-
>CP050018.1_152	0356d5226bb2f85a625f192ae39cfabb	292	Gene3D	G3DSA:3.40.50.620	HUPs	146	288	3.8E-32	T	21-06-2023	IPR014729	Rossmann-like alpha/beta/alpha sandwich fold
>CP050018.1_152	0356d5226bb2f85a625f192ae39cfabb	292	PRINTS	PR01438	Universal stress protein signature	2	20	8.0E-15	T	21-06-2023	IPR006015	Universal stress protein A family
>CP050018.1_152	0356d5226bb2f85a625f192ae39cfabb	292	PRINTS	PR01438	Universal stress protein signature	98	110	8.0E-15	T	21-06-2023	IPR006015	Universal stress protein A family
>CP050018.1_152	0356d5226bb2f85a625f192ae39cfabb	292	PRINTS	PR01438	Universal stress protein signature	116	138	8.0E-15	T	21-06-2023	IPR006015	Universal stress protein A family
>CP050018.1_152	0356d5226bb2f85a625f192ae39cfabb	292	CDD	cd00293	USP_Like	151	284	2.66428E-26	T	21-06-2023	-	-
>CP050018.1_152	0356d5226bb2f85a625f192ae39cfabb	292	SUPERFAMILY	SSF52402	Adenine nucleotide alpha hydrolases-like	149	287	6.35E-29	T	21-06-2023	-	-
>CP050018.1_101	3772dc62be6bb1e5e2982b641f509b25	178	Gene3D	G3DSA:1.10.30.50	-	34	172	1.3E-12	T	21-06-2023	-	-
>CP050018.1_101	3772dc62be6bb1e5e2982b641f509b25	178	CDD	cd00085	HNHc	102	156	5.09632E-7	T	21-06-2023	IPR003615	HNH nuclease
>CP050018.1_101	3772dc62be6bb1e5e2982b641f509b25	178	Pfam	PF01844	HNH endonuclease	123	157	1.4E-10	T	21-06-2023	IPR002711	HNH endonuclease
>CP050018.1_101	3772dc62be6bb1e5e2982b641f509b25	178	MobiDBLite	mobidb-lite	consensus disorder prediction	157	178	-	T	21-06-2023	-	-
>CP050018.1_101	3772dc62be6bb1e5e2982b641f509b25	178	SMART	SM00507	HNH_5	105	153	9.8E-7	T	21-06-2023	IPR003615	HNH nuclease
>CP050018.1_136	bd43a361a297caa19ec07d86adea93fe	267	Gene3D	G3DSA:3.30.70.1900	-	135	254	1.4E-8	T	21-06-2023	-	-
>CP050018.1_136	bd43a361a297caa19ec07d86adea93fe	267	NCBIfam	TIGR01877	CRISPR-associated endoribonuclease Cas6	39	250	3.9E-25	T	21-06-2023	IPR010156	CRISPR-associated endoribonuclease Cas6
>CP050018.1_136	bd43a361a297caa19ec07d86adea93fe	267	Pfam	PF01881	CRISPR associated protein Cas6, C-terminal	118	252	1.4E-17	T	21-06-2023	IPR010156	CRISPR-associated endoribonuclease Cas6
>CP050018.1_136	bd43a361a297caa19ec07d86adea93fe	267	PANTHER	PTHR36984	CRISPR-ASSOCIATED ENDORIBONUCLEASE CAS6 1	1	255	1.5E-15	T	21-06-2023	IPR010156	CRISPR-associated endoribonuclease Cas6
>CP050018.1_136	bd43a361a297caa19ec07d86adea93fe	267	Gene3D	G3DSA:3.30.70.1890	-	1	108	2.4E-8	T	21-06-2023	IPR045747	CRISPR-associated protein Cas6, N-terminal domain superfamily
>CP050018.1_140	6a28705959f1cdabec7ae0a3bc67b408	873	NCBIfam	TIGR01596	CRISPR-associated endonuclease Cas3''	20	228	1.5E-17	T	21-06-2023	IPR006483	CRISPR-associated Cas3-type HD domain
>CP050018.1_140	6a28705959f1cdabec7ae0a3bc67b408	873	SMART	SM00487	ultradead3	273	501	0.0078	T	21-06-2023	IPR014001	Helicase superfamily 1/2, ATP-binding domain
>CP050018.1_140	6a28705959f1cdabec7ae0a3bc67b408	873	SUPERFAMILY	SSF52540	P-loop containing nucleoside triphosphate hydrolases	298	680	1.84E-24	T	21-06-2023	IPR027417	P-loop containing nucleoside triphosphate hydrolase
>CP050018.1_140	6a28705959f1cdabec7ae0a3bc67b408	873	SUPERFAMILY	SSF109604	HD-domain/PDEase-like	11	121	7.07E-6	T	21-06-2023	-	-
>CP050018.1_140	6a28705959f1cdabec7ae0a3bc67b408	873	CDD	cd09641	Cas3''_I	14	189	1.62156E-21	T	21-06-2023	-	-
>CP050018.1_140	6a28705959f1cdabec7ae0a3bc67b408	873	ProSiteProfiles	PS51643	HD Cas3-type domain profile.	13	226	22.303875	T	21-06-2023	IPR006483	CRISPR-associated Cas3-type HD domain
>CP050018.1_140	6a28705959f1cdabec7ae0a3bc67b408	873	Coils	Coil	Coil	140	160	-	T	21-06-2023	-	-
>CP050018.1_140	6a28705959f1cdabec7ae0a3bc67b408	873	CDD	cd17930	DEXHc_cas3	301	483	2.6525E-32	T	21-06-2023	-	-
>CP050018.1_140	6a28705959f1cdabec7ae0a3bc67b408	873	Gene3D	G3DSA:1.10.3210.30	-	19	178	6.9E-17	T	21-06-2023	IPR038257	CRISPR-associated Cas3-type HD domain superfamily
>CP050018.1_140	6a28705959f1cdabec7ae0a3bc67b408	873	Gene3D	G3DSA:3.40.50.300	-	284	480	5.1E-12	T	21-06-2023	IPR027417	P-loop containing nucleoside triphosphate hydrolase
>CP050018.1_140	6a28705959f1cdabec7ae0a3bc67b408	873	Pfam	PF00270	DEAD/DEAH box helicase	302	472	3.4E-6	T	21-06-2023	IPR011545	DEAD/DEAH box helicase domain
>CP050018.1_140	6a28705959f1cdabec7ae0a3bc67b408	873	ProSiteProfiles	PS51192	Superfamilies 1 and 2 helicase ATP-binding type-1 domain profile.	291	488	9.93693	T	21-06-2023	IPR014001	Helicase superfamily 1/2, ATP-binding domain
>CP050018.1_84	1731bac48b246b7f30834345a940e6b3	206	Pfam	PF04307	LexA-binding, inner membrane-associated putative hydrolase	56	178	2.5E-18	T	21-06-2023	IPR007404	LexA-binding, inner membrane-associated putative hydrolase
>CP050018.1_84	1731bac48b246b7f30834345a940e6b3	206	PANTHER	PTHR35531	INNER MEMBRANE PROTEIN YBCI-RELATED	56	194	3.6E-9	T	21-06-2023	-	-
>CP050018.1_146	ad7b280a78aba2b149c35d3e75d3a4bf	375	Gene3D	G3DSA:1.10.150.130	-	13	132	3.8E-6	T	21-06-2023	IPR010998	Integrase/recombinase, N-terminal
>CP050018.1_146	ad7b280a78aba2b149c35d3e75d3a4bf	375	SUPERFAMILY	SSF56349	DNA breaking-rejoining enzymes	15	366	2.38E-29	T	21-06-2023	IPR011010	DNA breaking-rejoining enzyme, catalytic core
>CP050018.1_146	ad7b280a78aba2b149c35d3e75d3a4bf	375	Pfam	PF00589	Phage integrase family	170	360	1.6E-13	T	21-06-2023	IPR002104	Integrase, catalytic domain
>CP050018.1_146	ad7b280a78aba2b149c35d3e75d3a4bf	375	ProSiteProfiles	PS51898	Tyrosine recombinase domain profile.	147	369	20.225533	T	21-06-2023	IPR002104	Integrase, catalytic domain
>CP050018.1_146	ad7b280a78aba2b149c35d3e75d3a4bf	375	CDD	cd00397	DNA_BRE_C	162	356	2.9156E-16	T	21-06-2023	-	-
>CP050018.1_146	ad7b280a78aba2b149c35d3e75d3a4bf	375	Gene3D	G3DSA:1.10.443.10	Intergrase catalytic core	135	373	3.8E-27	T	21-06-2023	IPR013762	Integrase-like, catalytic domain superfamily
>CP050018.1_146	ad7b280a78aba2b149c35d3e75d3a4bf	375	ProSiteProfiles	PS51900	Core-binding (CB) domain profile.	13	109	9.031156	T	21-06-2023	IPR044068	Core-binding (CB) domain
>CP050018.1_146	ad7b280a78aba2b149c35d3e75d3a4bf	375	MobiDBLite	mobidb-lite	consensus disorder prediction	345	375	-	T	21-06-2023	-	-
>CP050018.1_106	acea427de9f3f7d0d67ebd92b51b6db7	71	MobiDBLite	mobidb-lite	consensus disorder prediction	50	71	-	T	21-06-2023	-	-
>CP050018.1_131	4059264fea3ff3f12f29e48d55cf3a49	108	MobiDBLite	mobidb-lite	consensus disorder prediction	83	108	-	T	21-06-2023	-	-
>CP050018.1_117	08bf6de75be21c4ab19c43d8db68e5f2	297	Pfam	PF14216	Domain of unknown function (DUF4326)	10	106	1.4E-17	T	21-06-2023	IPR025475	Protein of unknown function DUF4326)
>CP050018.1_76	b3014bf857d0c129ed2c0e9d5ad64856	80	Pfam	PF18545	Halobacterial output domain 1	6	70	5.4E-10	T	21-06-2023	IPR040624	Halobacterial output domain 1
>CP050018.1_154	fe68c6fe0fb5b25ab54cadfc1279ff32	135	MobiDBLite	mobidb-lite	consensus disorder prediction	1	26	-	T	21-06-2023	-	-
>CP050018.1_23	ab214993493cf08ed0b729d4d6a170d5	67	PANTHER	PTHR39324	CALCIUM DODECIN	3	67	1.4E-13	T	21-06-2023	IPR009923	Dodecin
>CP050018.1_23	ab214993493cf08ed0b729d4d6a170d5	67	Gene3D	G3DSA:3.30.1660.10	-	2	67	1.3E-18	T	21-06-2023	IPR025543	Dodecin-like
>CP050018.1_23	ab214993493cf08ed0b729d4d6a170d5	67	Pfam	PF07311	Dodecin	3	66	2.7E-17	T	21-06-2023	IPR009923	Dodecin
>CP050018.1_23	ab214993493cf08ed0b729d4d6a170d5	67	SUPERFAMILY	SSF89807	Dodecin-like	1	66	2.62E-15	T	21-06-2023	IPR036694	Dodecin-like superfamily
>CP050018.1_64	f01b511a25d5271a1d03d723d5979676	110	MobiDBLite	mobidb-lite	consensus disorder prediction	66	110	-	T	21-06-2023	-	-
>CP050018.1_64	f01b511a25d5271a1d03d723d5979676	110	MobiDBLite	mobidb-lite	consensus disorder prediction	71	110	-	T	21-06-2023	-	-
>CP050018.1_153	4d9fdfc44e8ff3e787619c5fbd26cdd1	95	Coils	Coil	Coil	1	21	-	T	21-06-2023	-	-
>CP050018.1_153	4d9fdfc44e8ff3e787619c5fbd26cdd1	95	NCBIfam	TIGR04354	amphi-Trp domain	5	76	2.3E-14	T	21-06-2023	IPR027598	Amphi-Trp domain
>CP050018.1_153	4d9fdfc44e8ff3e787619c5fbd26cdd1	95	Pfam	PF20068	Amphi-Trp domain	4	84	1.0E-20	T	21-06-2023	IPR027598	Amphi-Trp domain
>CP050018.1_168	cda73aab04c8cb6802e26fbe520ff572	514	MobiDBLite	mobidb-lite	consensus disorder prediction	236	284	-	T	21-06-2023	-	-
>CP050018.1_168	cda73aab04c8cb6802e26fbe520ff572	514	MobiDBLite	mobidb-lite	consensus disorder prediction	265	284	-	T	21-06-2023	-	-
>CP050018.1_168	cda73aab04c8cb6802e26fbe520ff572	514	MobiDBLite	mobidb-lite	consensus disorder prediction	208	227	-	T	21-06-2023	-	-
>CP050018.1_168	cda73aab04c8cb6802e26fbe520ff572	514	MobiDBLite	mobidb-lite	consensus disorder prediction	48	67	-	T	21-06-2023	-	-
>CP050018.1_178	ba01c138f5592c14423b010330d82e23	471	PANTHER	PTHR30354	GNT FAMILY GLUCONATE TRANSPORTER	16	468	1.5E-123	T	21-06-2023	IPR003474	Gluconate transporter
>CP050018.1_178	ba01c138f5592c14423b010330d82e23	471	Pfam	PF02447	GntP family permease	16	466	1.4E-97	T	21-06-2023	IPR003474	Gluconate transporter
>CP050018.1_178	ba01c138f5592c14423b010330d82e23	471	NCBIfam	TIGR00791	gluconate:H+ symporter	16	468	4.7E-90	T	21-06-2023	IPR003474	Gluconate transporter
>CP050018.1_77	dc301b949ef77b961b91b5e6ff8902fa	274	Gene3D	G3DSA:3.30.2010.10	Metalloproteases ("zincins"), catalytic domain	63	152	4.2E-25	T	21-06-2023	-	-
>CP050018.1_77	dc301b949ef77b961b91b5e6ff8902fa	274	PANTHER	PTHR43221	PROTEASE HTPX	10	273	1.1E-56	T	21-06-2023	-	-
>CP050018.1_77	dc301b949ef77b961b91b5e6ff8902fa	274	Pfam	PF01435	Peptidase family M48	70	273	2.8E-37	T	21-06-2023	IPR001915	Peptidase M48
>CP050018.1_137	aaf5bcf27a5adc82b715d35e99924f92	711	NCBIfam	TIGR02591	type I-B CRISPR-associated protein Cas8b/Csh1	259	689	2.4E-56	T	21-06-2023	IPR013420	Type I-B CRISPR-associated protein Cas8b/Csh1, C-terminal
>CP050018.1_137	aaf5bcf27a5adc82b715d35e99924f92	711	MobiDBLite	mobidb-lite	consensus disorder prediction	696	711	-	T	21-06-2023	-	-
>CP050018.1_137	aaf5bcf27a5adc82b715d35e99924f92	711	MobiDBLite	mobidb-lite	consensus disorder prediction	692	711	-	T	21-06-2023	-	-
>CP050018.1_137	aaf5bcf27a5adc82b715d35e99924f92	711	Pfam	PF09484	CRISPR-associated protein TM1802 (cas_TM1802)	468	689	2.7E-11	T	21-06-2023	IPR013389	CRISPR-associated protein Cas8b
>CP050018.1_7	da8c0ba1b57ddca9b34c1174b14612ce	243	SUPERFAMILY	SSF56059	Glutathione synthetase ATP-binding domain-like	77	231	3.81E-8	T	21-06-2023	-	-
>CP050018.1_45	67ba418e084002a41879d4d468f2b02f	44	Gene3D	G3DSA:1.20.5.3310	-	1	42	9.3E-12	T	21-06-2023	-	-
>CP050018.1_45	67ba418e084002a41879d4d468f2b02f	44	Pfam	PF02416	mttA/Hcf106 family	2	34	7.6E-10	T	21-06-2023	IPR003369	Sec-independent protein translocase protein TatA/B/E
>CP050018.1_58	286815a206ae75b6b998b89edbe9a88e	115	MobiDBLite	mobidb-lite	consensus disorder prediction	96	115	-	T	21-06-2023	-	-
>CP050018.1_172	e337de0fdb4ec9dba39c34fbec9ba588	105	MobiDBLite	mobidb-lite	consensus disorder prediction	1	74	-	T	21-06-2023	-	-
>CP050018.1_172	e337de0fdb4ec9dba39c34fbec9ba588	105	MobiDBLite	mobidb-lite	consensus disorder prediction	29	53	-	T	21-06-2023	-	-
>CP050018.1_172	e337de0fdb4ec9dba39c34fbec9ba588	105	MobiDBLite	mobidb-lite	consensus disorder prediction	60	74	-	T	21-06-2023	-	-
>CP050018.1_183	016193fb308b17a4879ed5ac04d60052	126	ProSiteProfiles	PS51257	Prokaryotic membrane lipoprotein lipid attachment site profile.	1	25	6.0	T	21-06-2023	-	-
>CP050018.1_66	febda49d0f28e1584c50ebe4e1eb5098	356	Coils	Coil	Coil	258	285	-	T	21-06-2023	-	-
>CP050018.1_66	febda49d0f28e1584c50ebe4e1eb5098	356	Coils	Coil	Coil	290	310	-	T	21-06-2023	-	-
>CP050018.1_66	febda49d0f28e1584c50ebe4e1eb5098	356	MobiDBLite	mobidb-lite	consensus disorder prediction	320	356	-	T	21-06-2023	-	-
>CP050018.1_179	cb977db29b13076ca97708ccd536f241	100	Pfam	PF12760	Transposase zinc-ribbon domain	14	59	3.7E-6	T	21-06-2023	IPR024442	Transposase, zinc-ribbon
>CP050018.1_71	4fb0aad9804e12f1644dc5bd28e1a651	319	Gene3D	G3DSA:2.40.50.140	-	95	219	4.0E-21	T	21-06-2023	IPR012340	Nucleic acid-binding, OB-fold
>CP050018.1_71	4fb0aad9804e12f1644dc5bd28e1a651	319	PANTHER	PTHR11630	DNA REPLICATION LICENSING FACTOR MCM FAMILY MEMBER	31	247	6.1E-16	T	21-06-2023	IPR031327	Mini-chromosome maintenance protein
>CP050018.1_71	4fb0aad9804e12f1644dc5bd28e1a651	319	SUPERFAMILY	SSF50249	Nucleic acid-binding proteins	21	234	4.63E-23	T	21-06-2023	IPR012340	Nucleic acid-binding, OB-fold
>CP050018.1_71	4fb0aad9804e12f1644dc5bd28e1a651	319	Gene3D	G3DSA:3.30.1640.10	-	2	88	3.4E-10	T	21-06-2023	-	-
>CP050018.1_71	4fb0aad9804e12f1644dc5bd28e1a651	319	Gene3D	G3DSA:2.20.28.10	-	120	172	4.0E-21	T	21-06-2023	-	-
>CP050018.1_71	4fb0aad9804e12f1644dc5bd28e1a651	319	Pfam	PF17207	MCM OB domain	95	218	1.0E-13	T	21-06-2023	IPR033762	MCM OB domain
>CP050018.1_180	52a03c57a8ba0fc0fa80538ea92f4109	135	ProSiteProfiles	PS51257	Prokaryotic membrane lipoprotein lipid attachment site profile.	1	22	6.0	T	21-06-2023	-	-
>CP050018.1_132	6bf04727e561b764f10fbfe0f4737e53	105	Gene3D	G3DSA:1.10.10.10	-	14	98	5.2E-14	T	21-06-2023	IPR036388	Winged helix-like DNA-binding domain superfamily
>CP050018.1_132	6bf04727e561b764f10fbfe0f4737e53	105	PANTHER	PTHR43252	TRANSCRIPTIONAL REGULATOR YQJI	18	95	7.4E-11	T	21-06-2023	-	-
>CP050018.1_132	6bf04727e561b764f10fbfe0f4737e53	105	Pfam	PF03551	Transcriptional regulator PadR-like family	24	90	7.7E-18	T	21-06-2023	IPR005149	Transcription regulator PadR, N-terminal
>CP050018.1_132	6bf04727e561b764f10fbfe0f4737e53	105	SUPERFAMILY	SSF46785	"Winged helix" DNA-binding domain	6	97	4.29E-19	T	21-06-2023	IPR036390	Winged helix DNA-binding domain superfamily
>CP050018.1_6	50ecc1eebb57202d94e26424bb6bf4e4	95	MobiDBLite	mobidb-lite	consensus disorder prediction	75	95	-	T	21-06-2023	-	-
>CP050018.1_6	50ecc1eebb57202d94e26424bb6bf4e4	95	NCBIfam	TIGR04354	amphi-Trp domain	7	79	1.3E-21	T	21-06-2023	IPR027598	Amphi-Trp domain
>CP050018.1_6	50ecc1eebb57202d94e26424bb6bf4e4	95	Pfam	PF20068	Amphi-Trp domain	1	95	1.3E-34	T	21-06-2023	IPR027598	Amphi-Trp domain
>CP050018.1_41	1892871906308509308b44a7ea15ecdf	216	MobiDBLite	mobidb-lite	consensus disorder prediction	1	40	-	T	21-06-2023	-	-
>CP050018.1_159	67995a728e20dab6ccf82a7f33bc2862	94	ProSiteProfiles	PS51725	ABM domain profile.	1	88	10.429117	T	21-06-2023	IPR007138	Antibiotic biosynthesis monooxygenase domain
>CP050018.1_159	67995a728e20dab6ccf82a7f33bc2862	94	Pfam	PF03992	Antibiotic biosynthesis monooxygenase	14	70	6.9E-6	T	21-06-2023	IPR007138	Antibiotic biosynthesis monooxygenase domain
>CP050018.1_159	67995a728e20dab6ccf82a7f33bc2862	94	Gene3D	G3DSA:3.30.70.100	-	7	91	1.5E-7	T	21-06-2023	-	-
>CP050018.1_159	67995a728e20dab6ccf82a7f33bc2862	94	SUPERFAMILY	SSF54909	Dimeric alpha+beta barrel	11	81	7.16E-11	T	21-06-2023	IPR011008	Dimeric alpha-beta barrel
>CP050018.1_162	b1b5899807cfe5295d7083720fd56c2f	250	Coils	Coil	Coil	18	59	-	T	21-06-2023	-	-
>CP050018.1_30	dfafaf212995057bc0f408e802ef8d98	382	MobiDBLite	mobidb-lite	consensus disorder prediction	34	57	-	T	21-06-2023	-	-
>CP050018.1_143	654a9701c1087b22871d3b5732dd89dc	87	Gene3D	G3DSA:3.30.70.240	-	1	65	2.5E-17	T	21-06-2023	-	-
>CP050018.1_143	654a9701c1087b22871d3b5732dd89dc	87	SUPERFAMILY	SSF143430	TTP0101/SSO1404-like	3	81	7.72E-20	T	21-06-2023	-	-
>CP050018.1_143	654a9701c1087b22871d3b5732dd89dc	87	Hamap	MF_01471	CRISPR-associated endoribonuclease Cas2 [cas2].	2	87	14.522762	T	21-06-2023	IPR021127	CRISPR-associated endonuclease Cas2
>CP050018.1_143	654a9701c1087b22871d3b5732dd89dc	87	Pfam	PF09827	CRISPR associated protein Cas2	1	71	7.1E-18	T	21-06-2023	IPR019199	Virulence-associated protein D / CRISPR associated protein Cas2
>CP050018.1_143	654a9701c1087b22871d3b5732dd89dc	87	PANTHER	PTHR34405	CRISPR-ASSOCIATED ENDORIBONUCLEASE CAS2	1	84	1.5E-15	T	21-06-2023	IPR021127	CRISPR-associated endonuclease Cas2
>CP050018.1_143	654a9701c1087b22871d3b5732dd89dc	87	CDD	cd09725	Cas2_I_II_III	5	80	1.34451E-24	T	21-06-2023	IPR021127	CRISPR-associated endonuclease Cas2
>CP050018.1_143	654a9701c1087b22871d3b5732dd89dc	87	NCBIfam	TIGR01573	CRISPR-associated endonuclease Cas2	3	83	1.6E-12	T	21-06-2023	IPR021127	CRISPR-associated endonuclease Cas2
>CP050018.1_19	d21e0388df93db06e0200c8b853e7704	98	Pfam	PF14520	Helix-hairpin-helix domain	50	98	2.2E-12	T	21-06-2023	-	-
>CP050018.1_19	d21e0388df93db06e0200c8b853e7704	98	Gene3D	G3DSA:1.10.150.20	-	48	98	3.8E-12	T	21-06-2023	-	-
>CP050018.1_19	d21e0388df93db06e0200c8b853e7704	98	SUPERFAMILY	SSF47781	RuvA domain 2-like	46	96	1.16E-10	T	21-06-2023	IPR010994	RuvA domain 2-like
>CP050018.1_19	d21e0388df93db06e0200c8b853e7704	98	SMART	SM00278	HhH1_4	46	65	1700.0	T	21-06-2023	IPR003583	Helix-hairpin-helix DNA-binding motif, class 1
>CP050018.1_19	d21e0388df93db06e0200c8b853e7704	98	SMART	SM00278	HhH1_4	78	97	0.0011	T	21-06-2023	IPR003583	Helix-hairpin-helix DNA-binding motif, class 1
>CP050018.1_116	9a0fc491f382cc9efddf7a1b35b38aa7	263	Gene3D	G3DSA:3.70.10.10	-	24	256	7.1E-17	T	21-06-2023	-	-
>CP050018.1_116	9a0fc491f382cc9efddf7a1b35b38aa7	263	MobiDBLite	mobidb-lite	consensus disorder prediction	110	147	-	T	21-06-2023	-	-
>CP050018.1_116	9a0fc491f382cc9efddf7a1b35b38aa7	263	MobiDBLite	mobidb-lite	consensus disorder prediction	127	142	-	T	21-06-2023	-	-
>CP050018.1_116	9a0fc491f382cc9efddf7a1b35b38aa7	263	SUPERFAMILY	SSF55979	DNA clamp	29	251	7.8E-10	T	21-06-2023	IPR046938	DNA clamp superfamily
>CP050018.1_78	10d25a14f096dbe19dc73670b7fa8bc8	65	MobiDBLite	mobidb-lite	consensus disorder prediction	1	65	-	T	21-06-2023	-	-
>CP050018.1_78	10d25a14f096dbe19dc73670b7fa8bc8	65	MobiDBLite	mobidb-lite	consensus disorder prediction	8	30	-	T	21-06-2023	-	-
>CP050018.1_142	f36632468c81cc2972004762bec1bb44	330	Gene3D	G3DSA:1.20.120.920	-	83	330	4.9E-72	T	21-06-2023	IPR042206	CRISPR-associated endonuclease Cas1, C-terminal domain
>CP050018.1_142	f36632468c81cc2972004762bec1bb44	330	NCBIfam	TIGR00287	CRISPR-associated endonuclease Cas1	6	323	1.7E-90	T	21-06-2023	IPR002729	CRISPR-associated protein Cas1
>CP050018.1_142	f36632468c81cc2972004762bec1bb44	330	PANTHER	PTHR43219	CRISPR-ASSOCIATED ENDONUCLEASE CAS1	1	330	2.5E-109	T	21-06-2023	IPR019858	CRISPR-associated protein Cas1, HMARI/TNEAP subtype
>CP050018.1_142	f36632468c81cc2972004762bec1bb44	330	CDD	cd09722	Cas1_I-B	4	327	0.0	T	21-06-2023	IPR019858	CRISPR-associated protein Cas1, HMARI/TNEAP subtype
>CP050018.1_142	f36632468c81cc2972004762bec1bb44	330	Hamap	MF_01470	CRISPR-associated endonuclease Cas1 [cas1].	1	315	26.049782	T	21-06-2023	IPR002729	CRISPR-associated protein Cas1
>CP050018.1_142	f36632468c81cc2972004762bec1bb44	330	NCBIfam	TIGR03641	type I-B CRISPR-associated endonuclease Cas1b	4	330	0.0	T	21-06-2023	IPR019858	CRISPR-associated protein Cas1, HMARI/TNEAP subtype
>CP050018.1_142	f36632468c81cc2972004762bec1bb44	330	Coils	Coil	Coil	134	154	-	T	21-06-2023	-	-
>CP050018.1_142	f36632468c81cc2972004762bec1bb44	330	Pfam	PF01867	CRISPR associated protein Cas1	6	285	1.1E-88	T	21-06-2023	IPR002729	CRISPR-associated protein Cas1
>CP050018.1_142	f36632468c81cc2972004762bec1bb44	330	Gene3D	G3DSA:3.100.10.20	-	2	80	1.4E-19	T	21-06-2023	IPR042211	CRISPR-associated endonuclease Cas1, N-terminal domain
>CP050018.1_149	81555c06106e7f8eb745fdbaba038768	668	Gene3D	G3DSA:3.30.70.1450	-	385	463	9.8E-11	T	21-06-2023	IPR036721	Regulator of K+ conductance, C-terminal domain superfamily
>CP050018.1_149	81555c06106e7f8eb745fdbaba038768	668	Gene3D	G3DSA:3.30.70.1450	-	248	321	9.3E-10	T	21-06-2023	IPR036721	Regulator of K+ conductance, C-terminal domain superfamily
>CP050018.1_149	81555c06106e7f8eb745fdbaba038768	668	ProSiteProfiles	PS51202	RCK C-terminal domain profile.	376	460	12.771201	T	21-06-2023	IPR006037	Regulator of K+ conductance, C-terminal
>CP050018.1_149	81555c06106e7f8eb745fdbaba038768	668	MobiDBLite	mobidb-lite	consensus disorder prediction	349	364	-	T	21-06-2023	-	-
>CP050018.1_149	81555c06106e7f8eb745fdbaba038768	668	SUPERFAMILY	SSF116726	TrkA C-terminal domain-like	244	324	1.96E-12	T	21-06-2023	IPR036721	Regulator of K+ conductance, C-terminal domain superfamily
>CP050018.1_149	81555c06106e7f8eb745fdbaba038768	668	PANTHER	PTHR43652	BASIC AMINO ACID ANTIPORTER YFCC-RELATED	28	666	5.0E-123	T	21-06-2023	-	-
>CP050018.1_149	81555c06106e7f8eb745fdbaba038768	668	MobiDBLite	mobidb-lite	consensus disorder prediction	333	388	-	T	21-06-2023	-	-
>CP050018.1_149	81555c06106e7f8eb745fdbaba038768	668	MobiDBLite	mobidb-lite	consensus disorder prediction	365	388	-	T	21-06-2023	-	-
>CP050018.1_149	81555c06106e7f8eb745fdbaba038768	668	SUPERFAMILY	SSF116726	TrkA C-terminal domain-like	376	459	6.28E-13	T	21-06-2023	IPR036721	Regulator of K+ conductance, C-terminal domain superfamily
>CP050018.1_149	81555c06106e7f8eb745fdbaba038768	668	ProSiteProfiles	PS51202	RCK C-terminal domain profile.	238	322	11.742053	T	21-06-2023	IPR006037	Regulator of K+ conductance, C-terminal
>CP050018.1_149	81555c06106e7f8eb745fdbaba038768	668	Pfam	PF03600	Citrate transporter	40	612	6.4E-59	T	21-06-2023	IPR004680	Citrate transporter-like domain
>CP050018.1_149	81555c06106e7f8eb745fdbaba038768	668	Pfam	PF02080	TrkA-C domain	252	318	2.3E-7	T	21-06-2023	IPR006037	Regulator of K+ conductance, C-terminal
>CP050018.1_67	f0d289d1cedb04ed30b1a36618511452	469	MobiDBLite	mobidb-lite	consensus disorder prediction	428	457	-	T	21-06-2023	-	-
>CP050018.1_67	f0d289d1cedb04ed30b1a36618511452	469	MobiDBLite	mobidb-lite	consensus disorder prediction	428	469	-	T	21-06-2023	-	-
>CP050018.1_67	f0d289d1cedb04ed30b1a36618511452	469	Coils	Coil	Coil	271	296	-	T	21-06-2023	-	-
>CP050018.1_99	7707c8a95887f94964250b984f4a8c18	269	MobiDBLite	mobidb-lite	consensus disorder prediction	244	269	-	T	21-06-2023	-	-
>CP050018.1_138	426816fd25352bc2e8551ca5af2b23ad	364	NCBIfam	TIGR02590	type I-B CRISPR-associated protein Cas7/Csh2	11	321	2.3E-108	T	21-06-2023	IPR013419	Type I-B CRISPR-associated protein Cas7/Csh2
>CP050018.1_138	426816fd25352bc2e8551ca5af2b23ad	364	Pfam	PF05107	CRISPR-associated protein Cas7	10	295	4.8E-47	T	21-06-2023	IPR006482	CRISPR-associated protein Cas7, subtype I-B/I-C
>CP050018.1_138	426816fd25352bc2e8551ca5af2b23ad	364	NCBIfam	TIGR01595	CRISPR-associated protein, CT1132 family	8	310	3.2E-38	T	21-06-2023	IPR006482	CRISPR-associated protein Cas7, subtype I-B/I-C
>CP050018.1_124	f185fb205ace334f27dabb38f2bf2ddb	544	SUPERFAMILY	SSF53335	S-adenosyl-L-methionine-dependent methyltransferases	7	517	1.04E-52	T	21-06-2023	IPR029063	S-adenosyl-L-methionine-dependent methyltransferase superfamily
>CP050018.1_124	f185fb205ace334f27dabb38f2bf2ddb	544	Gene3D	G3DSA:3.40.50.150	Vaccinia Virus protein VP39	2	246	3.2E-38	T	21-06-2023	IPR029063	S-adenosyl-L-methionine-dependent methyltransferase superfamily
>CP050018.1_124	f185fb205ace334f27dabb38f2bf2ddb	544	Pfam	PF00145	C-5 cytosine-specific DNA methylase	469	516	3.4E-7	T	21-06-2023	IPR001525	C-5 cytosine methyltransferase
>CP050018.1_124	f185fb205ace334f27dabb38f2bf2ddb	544	Pfam	PF00145	C-5 cytosine-specific DNA methylase	9	223	3.1E-15	T	21-06-2023	IPR001525	C-5 cytosine methyltransferase
>CP050018.1_124	f185fb205ace334f27dabb38f2bf2ddb	544	ProSitePatterns	PS00095	C-5 cytosine-specific DNA methylases C-terminal signature.	498	516	-	T	21-06-2023	IPR031303	DNA methylase, C-5 cytosine-specific, conserved site
>CP050018.1_124	f185fb205ace334f27dabb38f2bf2ddb	544	Gene3D	G3DSA:3.90.120.10	DNA Methylase, subunit A, domain 2	382	509	5.7E-9	T	21-06-2023	-	-
>CP050018.1_124	f185fb205ace334f27dabb38f2bf2ddb	544	ProSiteProfiles	PS51679	C-5 cytosine-specific DNA methylase (Dnmt) domain profile.	7	523	27.148636	T	21-06-2023	IPR001525	C-5 cytosine methyltransferase
>CP050018.1_124	f185fb205ace334f27dabb38f2bf2ddb	544	PRINTS	PR00105	Cytosine-specific DNA methyltransferase signature	8	24	3.1E-9	T	21-06-2023	IPR001525	C-5 cytosine methyltransferase
>CP050018.1_124	f185fb205ace334f27dabb38f2bf2ddb	544	PRINTS	PR00105	Cytosine-specific DNA methyltransferase signature	144	158	3.1E-9	T	21-06-2023	IPR001525	C-5 cytosine methyltransferase
>CP050018.1_124	f185fb205ace334f27dabb38f2bf2ddb	544	PRINTS	PR00105	Cytosine-specific DNA methyltransferase signature	205	218	3.1E-9	T	21-06-2023	IPR001525	C-5 cytosine methyltransferase
>CP050018.1_124	f185fb205ace334f27dabb38f2bf2ddb	544	PANTHER	PTHR10629	CYTOSINE-SPECIFIC METHYLTRANSFERASE	3	233	1.4E-35	T	21-06-2023	-	-
>CP050018.1_124	f185fb205ace334f27dabb38f2bf2ddb	544	MobiDBLite	mobidb-lite	consensus disorder prediction	523	544	-	T	21-06-2023	-	-
>CP050018.1_141	140febb06a072af1360954f7c5cdae33	193	PANTHER	PTHR37168	CRISPR-ASSOCIATED EXONUCLEASE CAS4	31	192	3.6E-42	T	21-06-2023	-	-
>CP050018.1_141	140febb06a072af1360954f7c5cdae33	193	Gene3D	G3DSA:3.90.320.10	-	16	192	1.5E-12	T	21-06-2023	IPR011604	PD-(D/E)XK endonuclease-like domain superfamily
>CP050018.1_141	140febb06a072af1360954f7c5cdae33	193	NCBIfam	TIGR00372	CRISPR-associated protein Cas4	35	191	8.5E-19	T	21-06-2023	IPR013343	CRISPR-associated protein Cas4
>CP050018.1_141	140febb06a072af1360954f7c5cdae33	193	Pfam	PF01930	Domain of unknown function DUF83	35	191	1.3E-46	T	21-06-2023	IPR022765	Dna2/Cas4, domain of unknown function DUF83
>CP050018.1_47	6fb616fe5ec2f435e3d98945f2c50f91	374	MobiDBLite	mobidb-lite	consensus disorder prediction	353	374	-	T	21-06-2023	-	-
>CP050018.1_47	6fb616fe5ec2f435e3d98945f2c50f91	374	MobiDBLite	mobidb-lite	consensus disorder prediction	354	368	-	T	21-06-2023	-	-
>CP050018.1_109	0250a7a6ea68bf01c04b17f29fe33997	100	MobiDBLite	mobidb-lite	consensus disorder prediction	1	37	-	T	21-06-2023	-	-
>CP050018.1_109	0250a7a6ea68bf01c04b17f29fe33997	100	MobiDBLite	mobidb-lite	consensus disorder prediction	1	15	-	T	21-06-2023	-	-
>CP050018.1_156	26e1d541f5887ed58511fb3331aa2276	125	MobiDBLite	mobidb-lite	consensus disorder prediction	1	65	-	T	21-06-2023	-	-
>CP050018.1_37	aecc321fd31958edada33f0e92a5f5b7	156	Pfam	PF07790	Archaeal Type IV pilin, N-terminal	12	88	9.7E-26	T	21-06-2023	IPR012859	Archaeal Type IV pilin, N-terminal
>CP050018.1_37	aecc321fd31958edada33f0e92a5f5b7	156	PANTHER	PTHR38138	VNG6441H	4	135	6.6E-17	T	21-06-2023	-	-
>CP050018.1_37	aecc321fd31958edada33f0e92a5f5b7	156	NCBIfam	TIGR02537	archaeal flagellin N-terminal-like domain	13	34	0.0015	T	21-06-2023	IPR013373	Flagellin/pilin, N-terminal site, archaea
>CP050018.1_51	5c5c541e5d676154d5bd2e46479ef5d8	215	MobiDBLite	mobidb-lite	consensus disorder prediction	41	55	-	T	21-06-2023	-	-
>CP050018.1_51	5c5c541e5d676154d5bd2e46479ef5d8	215	MobiDBLite	mobidb-lite	consensus disorder prediction	19	60	-	T	21-06-2023	-	-
>CP050018.1_51	5c5c541e5d676154d5bd2e46479ef5d8	215	MobiDBLite	mobidb-lite	consensus disorder prediction	19	36	-	T	21-06-2023	-	-
>CP050018.1_42	4954fb296f57cdb447ac41acf46f80ee	1164	MobiDBLite	mobidb-lite	consensus disorder prediction	335	360	-	T	21-06-2023	-	-
>CP050018.1_42	4954fb296f57cdb447ac41acf46f80ee	1164	Coils	Coil	Coil	760	787	-	T	21-06-2023	-	-
>CP050018.1_42	4954fb296f57cdb447ac41acf46f80ee	1164	SUPERFAMILY	SSF50969	YVTN repeat-like/Quinoprotein amine dehydrogenase	52	303	2.04E-18	T	21-06-2023	IPR011044	Quinoprotein amine dehydrogenase, beta chain-like
>CP050018.1_42	4954fb296f57cdb447ac41acf46f80ee	1164	Gene3D	G3DSA:2.130.10.10	-	23	297	9.5E-11	T	21-06-2023	IPR015943	WD40/YVTN repeat-like-containing domain superfamily
>CP050018.1_42	4954fb296f57cdb447ac41acf46f80ee	1164	MobiDBLite	mobidb-lite	consensus disorder prediction	330	362	-	T	21-06-2023	-	-
>CP050018.1_96	de3896da80dcde72a975a16bbbf5c05f	77	SUPERFAMILY	SSF46785	"Winged helix" DNA-binding domain	3	65	8.13E-7	T	21-06-2023	IPR036390	Winged helix DNA-binding domain superfamily
>CP050018.1_96	de3896da80dcde72a975a16bbbf5c05f	77	Gene3D	G3DSA:1.10.10.10	-	3	72	3.0E-11	T	21-06-2023	IPR036388	Winged helix-like DNA-binding domain superfamily
>CP050018.1_65	628025b678e6b0c6d7589037afd105a6	234	MobiDBLite	mobidb-lite	consensus disorder prediction	184	210	-	T	21-06-2023	-	-
>CP050018.1_56	c14483f97f06beb93eb44dcf608276c0	128	MobiDBLite	mobidb-lite	consensus disorder prediction	114	128	-	T	21-06-2023	-	-
>CP050018.1_56	c14483f97f06beb93eb44dcf608276c0	128	MobiDBLite	mobidb-lite	consensus disorder prediction	1	42	-	T	21-06-2023	-	-
>CP050018.1_56	c14483f97f06beb93eb44dcf608276c0	128	MobiDBLite	mobidb-lite	consensus disorder prediction	107	128	-	T	21-06-2023	-	-
>CP050018.1_56	c14483f97f06beb93eb44dcf608276c0	128	MobiDBLite	mobidb-lite	consensus disorder prediction	10	29	-	T	21-06-2023	-	-
>CP050018.1_28	4009e8f85fc6ea0e1de0e087c848bfab	488	SUPERFAMILY	SSF141571	Pentapeptide repeat-like	79	244	2.62E-32	T	21-06-2023	-	-
>CP050018.1_28	4009e8f85fc6ea0e1de0e087c848bfab	488	Gene3D	G3DSA:2.160.20.80	-	123	257	3.6E-24	T	21-06-2023	-	-
>CP050018.1_28	4009e8f85fc6ea0e1de0e087c848bfab	488	Pfam	PF13599	Pentapeptide repeats (9 copies)	121	189	1.2E-6	T	21-06-2023	IPR001646	Pentapeptide repeat
>CP050018.1_28	4009e8f85fc6ea0e1de0e087c848bfab	488	Pfam	PF00805	Pentapeptide repeats (8 copies)	88	119	9.6E-7	T	21-06-2023	IPR001646	Pentapeptide repeat
>CP050018.1_28	4009e8f85fc6ea0e1de0e087c848bfab	488	Pfam	PF00805	Pentapeptide repeats (8 copies)	193	232	1.3E-9	T	21-06-2023	IPR001646	Pentapeptide repeat
>CP050018.1_28	4009e8f85fc6ea0e1de0e087c848bfab	488	Gene3D	G3DSA:2.160.20.80	-	61	122	4.3E-6	T	21-06-2023	-	-
>CP050018.1_28	4009e8f85fc6ea0e1de0e087c848bfab	488	MobiDBLite	mobidb-lite	consensus disorder prediction	267	289	-	T	21-06-2023	-	-
>CP050018.1_28	4009e8f85fc6ea0e1de0e087c848bfab	488	PANTHER	PTHR47485	THYLAKOID LUMENAL 17.4 KDA PROTEIN, CHLOROPLASTIC	122	203	7.8E-23	T	21-06-2023	IPR044195	Pentapeptide repeat containing protein TL17-like
>CP050018.1_83	abfd990383bf773d93de866376c28ea4	462	SUPERFAMILY	SSF101898	NHL repeat	87	360	2.14E-15	T	21-06-2023	-	-
>CP050018.1_83	abfd990383bf773d93de866376c28ea4	462	Gene3D	G3DSA:2.120.10.30	-	84	366	1.5E-8	T	21-06-2023	IPR011042	Six-bladed beta-propeller, TolB-like
>CP050018.1_110	ed97e9e4ea7248f30b373757abab59a1	85	MobiDBLite	mobidb-lite	consensus disorder prediction	1	31	-	T	21-06-2023	-	-
>CP050018.1_155	21a120f16ef94668c5ace1ceba0ad373	269	Coils	Coil	Coil	251	269	-	T	21-06-2023	-	-
>CP050018.1_155	21a120f16ef94668c5ace1ceba0ad373	269	Gene3D	G3DSA:3.40.50.300	-	1	265	3.3E-52	T	21-06-2023	IPR027417	P-loop containing nucleoside triphosphate hydrolase
>CP050018.1_155	21a120f16ef94668c5ace1ceba0ad373	269	Pfam	PF13614	AAA domain	2	177	4.0E-34	T	21-06-2023	IPR025669	AAA domain
>CP050018.1_155	21a120f16ef94668c5ace1ceba0ad373	269	SUPERFAMILY	SSF52540	P-loop containing nucleoside triphosphate hydrolases	1	266	2.66E-42	T	21-06-2023	IPR027417	P-loop containing nucleoside triphosphate hydrolase
>CP050018.1_155	21a120f16ef94668c5ace1ceba0ad373	269	PANTHER	PTHR13696	P-LOOP CONTAINING NUCLEOSIDE TRIPHOSPHATE HYDROLASE	3	238	3.5E-38	T	21-06-2023	-	-
>CP050018.1_155	21a120f16ef94668c5ace1ceba0ad373	269	CDD	cd02042	ParAB_family	4	206	2.6423E-28	T	21-06-2023	-	-
>CP050018.1_86	718953eb4dda1d5255bc9d134bdb7abb	279	SUPERFAMILY	SSF48317	Acid phosphatase/Vanadium-dependent haloperoxidase	76	271	2.22E-17	T	21-06-2023	IPR036938	Phosphatidic acid phosphatase type 2/haloperoxidase superfamily
>CP050018.1_86	718953eb4dda1d5255bc9d134bdb7abb	279	CDD	cd03386	PAP2_Aur1_like	84	259	1.54723E-23	T	21-06-2023	-	-
>CP050018.1_86	718953eb4dda1d5255bc9d134bdb7abb	279	Gene3D	G3DSA:1.20.144.10	Phosphatidic acid phosphatase type 2/haloperoxidase	69	275	1.5E-12	T	21-06-2023	-	-
>CP050018.1_86	718953eb4dda1d5255bc9d134bdb7abb	279	Pfam	PF14378	PAP2 superfamily	94	252	3.8E-20	T	21-06-2023	IPR026841	Inositolphosphotransferase Aur1/Ipt1
>CP050018.1_86	718953eb4dda1d5255bc9d134bdb7abb	279	PANTHER	PTHR31310	-	83	258	4.2E-10	T	21-06-2023	-	-
>CP050018.1_86	718953eb4dda1d5255bc9d134bdb7abb	279	SMART	SM00014	acid_phosph_2	139	256	8.5E-7	T	21-06-2023	IPR000326	Phosphatidic acid phosphatase type 2/haloperoxidase
>CP050018.1_5	b90acc99eb89047bdb2c501f30f7b532	410	ProSiteProfiles	PS51318	Twin arginine translocation (Tat) signal profile.	1	43	8.909263	T	21-06-2023	IPR006311	Twin-arginine translocation pathway, signal sequence
>CP050018.1_5	b90acc99eb89047bdb2c501f30f7b532	410	ProSiteProfiles	PS50234	VWFA domain profile.	54	282	10.11198	T	21-06-2023	IPR002035	von Willebrand factor, type A
>CP050018.1_5	b90acc99eb89047bdb2c501f30f7b532	410	MobiDBLite	mobidb-lite	consensus disorder prediction	167	190	-	T	21-06-2023	-	-
>CP050018.1_5	b90acc99eb89047bdb2c501f30f7b532	410	SUPERFAMILY	SSF53300	vWA-like	52	167	1.44E-11	T	21-06-2023	IPR036465	von Willebrand factor A-like domain superfamily
>CP050018.1_5	b90acc99eb89047bdb2c501f30f7b532	410	MobiDBLite	mobidb-lite	consensus disorder prediction	105	130	-	T	21-06-2023	-	-
>CP050018.1_5	b90acc99eb89047bdb2c501f30f7b532	410	Gene3D	G3DSA:3.40.50.410	von Willebrand factor, type A domain	38	177	2.0E-13	T	21-06-2023	IPR036465	von Willebrand factor A-like domain superfamily
>CP050018.1_5	b90acc99eb89047bdb2c501f30f7b532	410	Pfam	PF00092	von Willebrand factor type A domain	54	167	4.6E-8	T	21-06-2023	IPR002035	von Willebrand factor, type A
>CP050018.1_5	b90acc99eb89047bdb2c501f30f7b532	410	MobiDBLite	mobidb-lite	consensus disorder prediction	97	130	-	T	21-06-2023	-	-
>CP050018.1_10	5ef020431e06a99b722217b8d628a67b	82	MobiDBLite	mobidb-lite	consensus disorder prediction	48	82	-	T	21-06-2023	-	-
>CP050018.1_10	5ef020431e06a99b722217b8d628a67b	82	MobiDBLite	mobidb-lite	consensus disorder prediction	54	82	-	T	21-06-2023	-	-
>CP050018.1_164	9062c8ff26dda8a52f9f1e70094a1f52	90	MobiDBLite	mobidb-lite	consensus disorder prediction	1	22	-	T	21-06-2023	-	-
>CP050018.1_161	efe94674a9f1933d80fab1f6e184af2f	398	Pfam	PF13401	AAA domain	56	168	4.3E-14	T	21-06-2023	IPR003593	AAA+ ATPase domain
>CP050018.1_161	efe94674a9f1933d80fab1f6e184af2f	398	PANTHER	PTHR10763	CELL DIVISION CONTROL PROTEIN 6-RELATED	12	356	5.5E-45	T	21-06-2023	-	-
>CP050018.1_161	efe94674a9f1933d80fab1f6e184af2f	398	Gene3D	G3DSA:1.10.8.60	-	14	292	2.3E-92	T	21-06-2023	-	-
>CP050018.1_161	efe94674a9f1933d80fab1f6e184af2f	398	FunFam	G3DSA:3.40.50.300:FF:000930	ORC1-type DNA replication protein	32	213	3.9E-58	T	21-06-2023	-	-
>CP050018.1_161	efe94674a9f1933d80fab1f6e184af2f	398	SUPERFAMILY	SSF52540	P-loop containing nucleoside triphosphate hydrolases	14	286	6.46E-41	T	21-06-2023	IPR027417	P-loop containing nucleoside triphosphate hydrolase
>CP050018.1_161	efe94674a9f1933d80fab1f6e184af2f	398	CDD	cd08768	Cdc6_C	301	389	2.11772E-19	T	21-06-2023	IPR015163	Cdc6, C-terminal
>CP050018.1_161	efe94674a9f1933d80fab1f6e184af2f	398	Pfam	PF09079	CDC6, C terminal winged helix domain	312	391	1.1E-18	T	21-06-2023	IPR015163	Cdc6, C-terminal
>CP050018.1_161	efe94674a9f1933d80fab1f6e184af2f	398	FunFam	G3DSA:1.10.8.60:FF:000073	ORC1-type DNA replication protein	200	291	9.7E-26	T	21-06-2023	-	-
>CP050018.1_161	efe94674a9f1933d80fab1f6e184af2f	398	NCBIfam	TIGR02928	orc1/cdc6 family replication initiation protein	14	382	4.2E-128	T	21-06-2023	IPR014277	Orc1/Cdc6-type DNA replication protein, archaea
>CP050018.1_161	efe94674a9f1933d80fab1f6e184af2f	398	SUPERFAMILY	SSF46785	"Winged helix" DNA-binding domain	293	395	7.21E-13	T	21-06-2023	IPR036390	Winged helix DNA-binding domain superfamily
>CP050018.1_161	efe94674a9f1933d80fab1f6e184af2f	398	Hamap	MF_01407	ORC1-type DNA replication protein.	7	393	29.096613	T	21-06-2023	IPR014277	Orc1/Cdc6-type DNA replication protein, archaea
>CP050018.1_161	efe94674a9f1933d80fab1f6e184af2f	398	Gene3D	G3DSA:3.40.50.300	-	32	213	2.3E-92	T	21-06-2023	IPR027417	P-loop containing nucleoside triphosphate hydrolase
>CP050018.1_161	efe94674a9f1933d80fab1f6e184af2f	398	Gene3D	G3DSA:1.10.10.10	-	301	398	2.5E-20	T	21-06-2023	IPR036388	Winged helix-like DNA-binding domain superfamily
>CP050018.1_161	efe94674a9f1933d80fab1f6e184af2f	398	SMART	SM00382	AAA_5	54	215	2.8E-4	T	21-06-2023	IPR003593	AAA+ ATPase domain
>CP050018.1_161	efe94674a9f1933d80fab1f6e184af2f	398	SMART	SM01074	Cdc6_C_2	308	393	2.1E-11	T	21-06-2023	IPR015163	Cdc6, C-terminal
>CP050018.1_115	576147254323ed3d01610731d4fb0a16	99	MobiDBLite	mobidb-lite	consensus disorder prediction	1	26	-	T	21-06-2023	-	-
>CP050018.1_15	158024b865504553227e60eb77793c85	329	Coils	Coil	Coil	289	316	-	T	21-06-2023	-	-
>CP050018.1_15	158024b865504553227e60eb77793c85	329	MobiDBLite	mobidb-lite	consensus disorder prediction	100	132	-	T	21-06-2023	-	-
>CP050018.1_39	3386a07cdf1e7a26b451dc078befa63f	158	MobiDBLite	mobidb-lite	consensus disorder prediction	63	92	-	T	21-06-2023	-	-
>CP050018.1_39	3386a07cdf1e7a26b451dc078befa63f	158	MobiDBLite	mobidb-lite	consensus disorder prediction	63	103	-	T	21-06-2023	-	-
>CP050018.1_39	3386a07cdf1e7a26b451dc078befa63f	158	PANTHER	PTHR38138	VNG6441H	3	79	2.9E-14	T	21-06-2023	-	-
>CP050018.1_39	3386a07cdf1e7a26b451dc078befa63f	158	Pfam	PF07790	Archaeal Type IV pilin, N-terminal	11	83	8.3E-26	T	21-06-2023	IPR012859	Archaeal Type IV pilin, N-terminal
>CP050018.1_39	3386a07cdf1e7a26b451dc078befa63f	158	NCBIfam	TIGR02537	archaeal flagellin N-terminal-like domain	12	33	0.0015	T	21-06-2023	IPR013373	Flagellin/pilin, N-terminal site, archaea
>CP050018.1_82	88e63b93c040d01d9da1c990c9fde6b3	526	PANTHER	PTHR33908	MANNOSYLTRANSFERASE YKCB-RELATED	30	501	2.8E-16	T	21-06-2023	-	-
>CP050018.1_82	88e63b93c040d01d9da1c990c9fde6b3	526	Pfam	PF13231	Dolichyl-phosphate-mannose-protein mannosyltransferase	95	255	1.8E-9	T	21-06-2023	IPR038731	Glycosyltransferase RgtA/B/C/D-like
>CP050018.1_1	bb208db472e93006dee700f2154ed08e	305	Gene3D	G3DSA:3.40.50.300	-	16	176	3.2E-41	T	21-06-2023	IPR027417	P-loop containing nucleoside triphosphate hydrolase
>CP050018.1_1	bb208db472e93006dee700f2154ed08e	305	Gene3D	G3DSA:1.10.8.60	-	14	247	3.2E-41	T	21-06-2023	-	-
>CP050018.1_1	bb208db472e93006dee700f2154ed08e	305	Pfam	PF13191	AAA ATPase domain	18	137	2.3E-8	T	21-06-2023	IPR041664	Orc1-like, AAA ATPase domain
>CP050018.1_1	bb208db472e93006dee700f2154ed08e	305	SUPERFAMILY	SSF52540	P-loop containing nucleoside triphosphate hydrolases	15	244	1.13E-27	T	21-06-2023	IPR027417	P-loop containing nucleoside triphosphate hydrolase
>CP050018.1_1	bb208db472e93006dee700f2154ed08e	305	SMART	SM00382	AAA_5	38	169	4.7E-5	T	21-06-2023	IPR003593	AAA+ ATPase domain
>CP050018.1_1	bb208db472e93006dee700f2154ed08e	305	CDD	cd00009	AAA	33	140	4.39902E-7	T	21-06-2023	-	-
>CP050018.1_125	f87f14db0fcd7cf9990f28d099da9b29	143	ProSiteProfiles	PS51318	Twin arginine translocation (Tat) signal profile.	1	37	7.930731	T	21-06-2023	IPR006311	Twin-arginine translocation pathway, signal sequence
>CP050018.1_125	f87f14db0fcd7cf9990f28d099da9b29	143	ProSiteProfiles	PS51257	Prokaryotic membrane lipoprotein lipid attachment site profile.	1	25	5.0	T	21-06-2023	-	-
>CP050018.1_121	db14cf31c3a7af7056f28cc415b5a973	47	MobiDBLite	mobidb-lite	consensus disorder prediction	1	20	-	T	21-06-2023	-	-
>CP050018.1_139	66d436bbbd13ec9387b9dabd9ac9386a	262	Pfam	PF09704	CRISPR-associated protein (Cas_Cas5)	19	189	7.2E-10	T	21-06-2023	IPR021124	CRISPR-associated protein, Cas5
>CP050018.1_139	66d436bbbd13ec9387b9dabd9ac9386a	262	NCBIfam	TIGR02592	type I-B CRISPR-associated protein Cas5b	19	261	3.6E-63	T	21-06-2023	IPR013421	Type I-B CRISPR-associated protein Cas5, HALMA
>CP050018.1_139	66d436bbbd13ec9387b9dabd9ac9386a	262	Gene3D	G3DSA:3.30.70.2660	-	17	222	1.3E-18	T	21-06-2023	-	-
>CP050018.1_139	66d436bbbd13ec9387b9dabd9ac9386a	262	NCBIfam	TIGR02593	CRISPR-associated protein Cas5	19	61	2.5E-9	T	21-06-2023	IPR013422	CRISPR-associated protein Cas5, N-terminal
>CP050018.1_133	d860f2fb51528c5f46df18d687856827	96	Coils	Coil	Coil	72	96	-	T	21-06-2023	-	-
>CP050018.1_133	d860f2fb51528c5f46df18d687856827	96	MobiDBLite	mobidb-lite	consensus disorder prediction	10	36	-	T	21-06-2023	-	-
>CP050018.1_133	d860f2fb51528c5f46df18d687856827	96	MobiDBLite	mobidb-lite	consensus disorder prediction	1	40	-	T	21-06-2023	-	-
>CP050018.1_112	88abfd77d71644fdc8c315ab547b99a1	284	Pfam	PF07505	Protein of unknown function (DUF5131)	3	244	2.4E-61	T	21-06-2023	IPR011101	Protein of unknown function DUF5131
>CP050018.1_32	34d332dc8d42879bef453652b33ede4f	202	Gene3D	G3DSA:1.10.150.20	-	141	200	1.5E-10	T	21-06-2023	-	-
>CP050018.1_32	34d332dc8d42879bef453652b33ede4f	202	SUPERFAMILY	SSF47794	Rad51 N-terminal domain-like	150	197	3.3E-5	T	21-06-2023	IPR010995	DNA repair Rad51/transcription factor NusA, alpha-helical
>CP050018.1_32	34d332dc8d42879bef453652b33ede4f	202	Gene3D	G3DSA:1.10.30.50	-	4	78	7.0E-12	T	21-06-2023	-	-
>CP050018.1_32	34d332dc8d42879bef453652b33ede4f	202	CDD	cd00085	HNHc	13	51	5.93906E-10	T	21-06-2023	IPR003615	HNH nuclease
>CP050018.1_32	34d332dc8d42879bef453652b33ede4f	202	Pfam	PF14520	Helix-hairpin-helix domain	149	195	9.7E-6	T	21-06-2023	-	-
>CP050018.1_32	34d332dc8d42879bef453652b33ede4f	202	Gene3D	G3DSA:1.10.150.20	-	87	140	9.6E-6	T	21-06-2023	-	-
>CP050018.1_32	34d332dc8d42879bef453652b33ede4f	202	Pfam	PF01844	HNH endonuclease	13	52	1.5E-10	T	21-06-2023	IPR002711	HNH endonuclease
>CP050018.1_32	34d332dc8d42879bef453652b33ede4f	202	SMART	SM00507	HNH_5	2	50	3.5E-9	T	21-06-2023	IPR003615	HNH nuclease
>CP050018.1_68	d7c4fa62a7f25b92c4a4a3feb1be3986	661	MobiDBLite	mobidb-lite	consensus disorder prediction	161	237	-	T	21-06-2023	-	-
>CP050018.1_118	9fabf250dc3fdae31546a7f57d9b185e	165	Coils	Coil	Coil	48	96	-	T	21-06-2023	-	-
>CP050018.1_21	d6a9a26824f84c7ae0ef1faccf9ac324	90	SUPERFAMILY	SSF47598	Ribbon-helix-helix	14	56	1.72E-10	T	21-06-2023	IPR010985	Ribbon-helix-helix
>CP050018.1_21	d6a9a26824f84c7ae0ef1faccf9ac324	90	Pfam	PF01402	Ribbon-helix-helix protein, copG family	16	52	7.6E-6	T	21-06-2023	IPR002145	Ribbon-helix-helix protein, CopG
>CP050018.1_21	d6a9a26824f84c7ae0ef1faccf9ac324	90	Gene3D	G3DSA:1.10.1220.10	-	15	55	2.7E-12	T	21-06-2023	IPR013321	Arc-type ribbon-helix-helix
>CP050018.1_21	d6a9a26824f84c7ae0ef1faccf9ac324	90	CDD	cd22231	RHH_NikR_HicB-like	14	54	2.88532E-11	T	21-06-2023	-	-
