CP099999.1_24	ca97aed24cd7e7d5777733d9865c0919	42	ProSitePatterns	PS00430	TonB-dependent receptor proteins signature 1.	1	28	-	T	26-06-2023	IPR010916	TonB box, conserved site
CP099999.1_36	c1cfbff0598fbc9a90426bf680816fc1	224	NCBIfam	TIGR01409	twin-arginine translocation signal domain	5	27	5.1E-4	T	26-06-2023	IPR019546	Twin-arginine translocation pathway, signal sequence, bacterial/archaeal
CP099999.1_36	c1cfbff0598fbc9a90426bf680816fc1	224	ProSiteProfiles	PS51318	Twin arginine translocation (Tat) signal profile.	1	29	8.860777	T	26-06-2023	IPR006311	Twin-arginine translocation pathway, signal sequence
CP099999.1_41	905ee2cbf817a1e68910041a723a4c50	1209	Coils	Coil	Coil	710	778	-	T	26-06-2023	-	-
CP099999.1_41	905ee2cbf817a1e68910041a723a4c50	1209	Coils	Coil	Coil	372	399	-	T	26-06-2023	-	-
CP099999.1_41	905ee2cbf817a1e68910041a723a4c50	1209	Coils	Coil	Coil	786	809	-	T	26-06-2023	-	-
CP099999.1_41	905ee2cbf817a1e68910041a723a4c50	1209	Coils	Coil	Coil	572	592	-	T	26-06-2023	-	-
CP099999.1_41	905ee2cbf817a1e68910041a723a4c50	1209	SUPERFAMILY	SSF50998	Quinoprotein alcohol dehydrogenase-like	209	339	1.14E-6	T	26-06-2023	IPR011047	Quinoprotein alcohol dehydrogenase-like superfamily
CP099999.1_41	905ee2cbf817a1e68910041a723a4c50	1209	SUPERFAMILY	SSF50998	Quinoprotein alcohol dehydrogenase-like	37	167	1.8E-6	T	26-06-2023	IPR011047	Quinoprotein alcohol dehydrogenase-like superfamily
CP099999.1_1	0bd54104364b4db59ce2fb38032187ea	280	PANTHER	PTHR13696	P-LOOP CONTAINING NUCLEOSIDE TRIPHOSPHATE HYDROLASE	7	271	8.6E-23	T	26-06-2023	-	-
CP099999.1_1	0bd54104364b4db59ce2fb38032187ea	280	Coils	Coil	Coil	168	188	-	T	26-06-2023	-	-
CP099999.1_1	0bd54104364b4db59ce2fb38032187ea	280	Pfam	PF13614	AAA domain	10	188	5.9E-17	T	26-06-2023	IPR025669	AAA domain
CP099999.1_1	0bd54104364b4db59ce2fb38032187ea	280	SUPERFAMILY	SSF52540	P-loop containing nucleoside triphosphate hydrolases	10	278	3.92E-20	T	26-06-2023	IPR027417	P-loop containing nucleoside triphosphate hydrolase
CP099999.1_1	0bd54104364b4db59ce2fb38032187ea	280	Gene3D	G3DSA:3.40.50.300	-	1	279	1.6E-35	T	26-06-2023	IPR027417	P-loop containing nucleoside triphosphate hydrolase
CP099999.1_49	70f9bdc639d71261d8c9317c467d0349	93	Gene3D	G3DSA:1.10.10.10	-	1	86	3.4E-19	T	26-06-2023	IPR036388	Winged helix-like DNA-binding domain superfamily
CP099999.1_49	70f9bdc639d71261d8c9317c467d0349	93	SUPERFAMILY	SSF46785	"Winged helix" DNA-binding domain	5	78	2.52E-7	T	26-06-2023	IPR036390	Winged helix DNA-binding domain superfamily
CP099999.1_54	774a6319698faaf330687d7f382565ac	191	MobiDBLite	mobidb-lite	consensus disorder prediction	1	20	-	T	26-06-2023	-	-
CP099999.1_28	ef4fa003a78d27baff1f72cc745797ca	444	MobiDBLite	mobidb-lite	consensus disorder prediction	416	444	-	T	26-06-2023	-	-
CP099999.1_48	324f0798a85be4c0447189eb258aa55a	347	SUPERFAMILY	SSF52540	P-loop containing nucleoside triphosphate hydrolases	3	251	8.5E-29	T	26-06-2023	IPR027417	P-loop containing nucleoside triphosphate hydrolase
CP099999.1_48	324f0798a85be4c0447189eb258aa55a	347	SMART	SM00382	AAA_5	41	185	4.1E-4	T	26-06-2023	IPR003593	AAA+ ATPase domain
CP099999.1_48	324f0798a85be4c0447189eb258aa55a	347	Gene3D	G3DSA:1.10.8.60	-	7	259	1.9E-47	T	26-06-2023	-	-
CP099999.1_48	324f0798a85be4c0447189eb258aa55a	347	Gene3D	G3DSA:3.40.50.300	-	19	183	1.9E-47	T	26-06-2023	IPR027417	P-loop containing nucleoside triphosphate hydrolase
CP099999.1_48	324f0798a85be4c0447189eb258aa55a	347	Pfam	PF13191	AAA ATPase domain	19	153	3.9E-10	T	26-06-2023	IPR041664	Orc1-like, AAA ATPase domain
CP099999.1_48	324f0798a85be4c0447189eb258aa55a	347	PANTHER	PTHR10763	CELL DIVISION CONTROL PROTEIN 6-RELATED	9	283	4.0E-21	T	26-06-2023	-	-
CP099999.1_68	06a127c0e83f3ec5ba2374834eed1184	272	Gene3D	G3DSA:3.70.10.10	-	15	266	1.4E-20	T	26-06-2023	-	-
CP099999.1_68	06a127c0e83f3ec5ba2374834eed1184	272	SUPERFAMILY	SSF55979	DNA clamp	15	114	5.56E-11	T	26-06-2023	IPR046938	DNA clamp superfamily
CP099999.1_11	33053606fdc3ab5f94cf3a3d008258e2	64	MobiDBLite	mobidb-lite	consensus disorder prediction	37	64	-	T	26-06-2023	-	-
CP099999.1_11	33053606fdc3ab5f94cf3a3d008258e2	64	MobiDBLite	mobidb-lite	consensus disorder prediction	38	53	-	T	26-06-2023	-	-
CP099999.1_39	9c4dfa7a930585d058e57385b48aa04a	255	ProSiteProfiles	PS51318	Twin arginine translocation (Tat) signal profile.	1	27	8.512561	T	26-06-2023	IPR006311	Twin-arginine translocation pathway, signal sequence
CP099999.1_52	f697f4ce98c6ce8dd0e35c0c37a8c2d7	689	Gene3D	G3DSA:3.40.50.300	-	259	604	3.7E-97	T	26-06-2023	IPR027417	P-loop containing nucleoside triphosphate hydrolase
CP099999.1_52	f697f4ce98c6ce8dd0e35c0c37a8c2d7	689	Pfam	PF00493	MCM P-loop domain	263	488	1.8E-71	T	26-06-2023	IPR001208	MCM domain
CP099999.1_52	f697f4ce98c6ce8dd0e35c0c37a8c2d7	689	Pfam	PF14551	MCM N-terminal domain	12	75	1.2E-7	T	26-06-2023	IPR027925	MCM N-terminal domain
CP099999.1_52	f697f4ce98c6ce8dd0e35c0c37a8c2d7	689	SUPERFAMILY	SSF50249	Nucleic acid-binding proteins	14	225	3.26E-32	T	26-06-2023	IPR012340	Nucleic acid-binding, OB-fold
CP099999.1_52	f697f4ce98c6ce8dd0e35c0c37a8c2d7	689	Gene3D	G3DSA:2.40.50.140	-	103	229	2.8E-24	T	26-06-2023	IPR012340	Nucleic acid-binding, OB-fold
CP099999.1_52	f697f4ce98c6ce8dd0e35c0c37a8c2d7	689	ProSiteProfiles	PS50051	MCM family domain profile.	294	485	56.965195	T	26-06-2023	IPR001208	MCM domain
CP099999.1_52	f697f4ce98c6ce8dd0e35c0c37a8c2d7	689	PRINTS	PR01657	Mini-chromosome maintenance (MCM) protein family signature	319	334	3.0E-23	T	26-06-2023	IPR001208	MCM domain
CP099999.1_52	f697f4ce98c6ce8dd0e35c0c37a8c2d7	689	PRINTS	PR01657	Mini-chromosome maintenance (MCM) protein family signature	380	394	3.0E-23	T	26-06-2023	IPR001208	MCM domain
CP099999.1_52	f697f4ce98c6ce8dd0e35c0c37a8c2d7	689	PRINTS	PR01657	Mini-chromosome maintenance (MCM) protein family signature	408	421	3.0E-23	T	26-06-2023	IPR001208	MCM domain
CP099999.1_52	f697f4ce98c6ce8dd0e35c0c37a8c2d7	689	PRINTS	PR01657	Mini-chromosome maintenance (MCM) protein family signature	432	444	3.0E-23	T	26-06-2023	IPR001208	MCM domain
CP099999.1_52	f697f4ce98c6ce8dd0e35c0c37a8c2d7	689	PRINTS	PR01657	Mini-chromosome maintenance (MCM) protein family signature	459	467	3.0E-23	T	26-06-2023	IPR001208	MCM domain
CP099999.1_52	f697f4ce98c6ce8dd0e35c0c37a8c2d7	689	PANTHER	PTHR11630	DNA REPLICATION LICENSING FACTOR MCM FAMILY MEMBER	9	651	0.0	T	26-06-2023	IPR031327	Mini-chromosome maintenance protein
CP099999.1_52	f697f4ce98c6ce8dd0e35c0c37a8c2d7	689	Gene3D	G3DSA:3.30.1640.10	-	2	96	2.2E-24	T	26-06-2023	-	-
CP099999.1_52	f697f4ce98c6ce8dd0e35c0c37a8c2d7	689	Gene3D	G3DSA:2.20.28.10	-	128	178	2.8E-24	T	26-06-2023	-	-
CP099999.1_52	f697f4ce98c6ce8dd0e35c0c37a8c2d7	689	SUPERFAMILY	SSF52540	P-loop containing nucleoside triphosphate hydrolases	315	611	1.43E-29	T	26-06-2023	IPR027417	P-loop containing nucleoside triphosphate hydrolase
CP099999.1_52	f697f4ce98c6ce8dd0e35c0c37a8c2d7	689	Pfam	PF17207	MCM OB domain	103	225	1.3E-15	T	26-06-2023	IPR033762	MCM OB domain
CP099999.1_52	f697f4ce98c6ce8dd0e35c0c37a8c2d7	689	Pfam	PF17855	MCM AAA-lid domain	513	599	2.4E-20	T	26-06-2023	IPR041562	MCM, AAA-lid domain
CP099999.1_52	f697f4ce98c6ce8dd0e35c0c37a8c2d7	689	FunFam	G3DSA:2.20.28.10:FF:000003	DNA helicase	128	178	7.4E-7	T	26-06-2023	-	-
CP099999.1_52	f697f4ce98c6ce8dd0e35c0c37a8c2d7	689	Gene3D	G3DSA:1.10.10.10	-	605	687	1.6E-26	T	26-06-2023	IPR036388	Winged helix-like DNA-binding domain superfamily
CP099999.1_52	f697f4ce98c6ce8dd0e35c0c37a8c2d7	689	SMART	SM00350	mcm	97	600	3.4E-56	T	26-06-2023	IPR031327	Mini-chromosome maintenance protein
CP099999.1_44	519869f520b63df95cf6888f88d0048a	121	Pfam	PF07790	Archaeal Type IV pilin, N-terminal	1	51	2.5E-6	T	26-06-2023	IPR012859	Archaeal Type IV pilin, N-terminal
CP099999.1_27	7a8528f70171b3b2538fae62b46375fd	611	MobiDBLite	mobidb-lite	consensus disorder prediction	564	611	-	T	26-06-2023	-	-
CP099999.1_27	7a8528f70171b3b2538fae62b46375fd	611	MobiDBLite	mobidb-lite	consensus disorder prediction	564	585	-	T	26-06-2023	-	-
CP099999.1_27	7a8528f70171b3b2538fae62b46375fd	611	MobiDBLite	mobidb-lite	consensus disorder prediction	162	184	-	T	26-06-2023	-	-
CP099999.1_26	cb77e6001e239fb325843e18ded2495a	813	Gene3D	G3DSA:3.40.50.300	-	401	575	2.7E-7	T	26-06-2023	IPR027417	P-loop containing nucleoside triphosphate hydrolase
CP099999.1_26	cb77e6001e239fb325843e18ded2495a	813	MobiDBLite	mobidb-lite	consensus disorder prediction	1	20	-	T	26-06-2023	-	-
CP099999.1_66	3906cec627392963c10cbf253c5f5073	150	Gene3D	G3DSA:3.30.1130.10	-	20	148	1.3E-19	T	26-06-2023	IPR043133	GTP cyclohydrolase I, C-terminal/NADPH-dependent 7-cyano-7-deazaguanine reductase
CP099999.1_66	3906cec627392963c10cbf253c5f5073	150	PANTHER	PTHR34354	NADPH-DEPENDENT 7-CYANO-7-DEAZAGUANINE REDUCTASE	49	143	2.7E-16	T	26-06-2023	-	-
CP099999.1_66	3906cec627392963c10cbf253c5f5073	150	SUPERFAMILY	SSF55620	Tetrahydrobiopterin biosynthesis enzymes-like	46	140	6.37E-13	T	26-06-2023	-	-
CP099999.1_66	3906cec627392963c10cbf253c5f5073	150	Pfam	PF14489	QueF-like protein	71	144	4.7E-15	T	26-06-2023	IPR029500	NADPH-dependent 7-cyano-7-deazaguanine reductase QueF
CP099999.1_2	09272549e0f45fedf23874211e199d01	136	Coils	Coil	Coil	126	136	-	T	26-06-2023	-	-
CP099999.1_2	09272549e0f45fedf23874211e199d01	136	MobiDBLite	mobidb-lite	consensus disorder prediction	1	38	-	T	26-06-2023	-	-
CP099999.1_2	09272549e0f45fedf23874211e199d01	136	MobiDBLite	mobidb-lite	consensus disorder prediction	1	28	-	T	26-06-2023	-	-
CP099999.1_37	9f20325f5defcbcc4c30baf86165e85a	134	MobiDBLite	mobidb-lite	consensus disorder prediction	1	22	-	T	26-06-2023	-	-
CP099999.1_75	a2925a7773400891540bd6e33c44f45d	58	MobiDBLite	mobidb-lite	consensus disorder prediction	20	39	-	T	26-06-2023	-	-
CP099999.1_75	a2925a7773400891540bd6e33c44f45d	58	MobiDBLite	mobidb-lite	consensus disorder prediction	20	58	-	T	26-06-2023	-	-
CP099999.1_6	c06cb5e6a802bdc8cf357894c61442aa	99	MobiDBLite	mobidb-lite	consensus disorder prediction	13	48	-	T	26-06-2023	-	-
CP099999.1_6	c06cb5e6a802bdc8cf357894c61442aa	99	Coils	Coil	Coil	73	99	-	T	26-06-2023	-	-
CP099999.1_6	c06cb5e6a802bdc8cf357894c61442aa	99	MobiDBLite	mobidb-lite	consensus disorder prediction	1	48	-	T	26-06-2023	-	-
CP099999.1_33	2b118cc4a66d35a6203b323178efb6c6	95	MobiDBLite	mobidb-lite	consensus disorder prediction	75	95	-	T	26-06-2023	-	-
CP099999.1_33	2b118cc4a66d35a6203b323178efb6c6	95	MobiDBLite	mobidb-lite	consensus disorder prediction	56	95	-	T	26-06-2023	-	-
CP099999.1_33	2b118cc4a66d35a6203b323178efb6c6	95	MobiDBLite	mobidb-lite	consensus disorder prediction	59	74	-	T	26-06-2023	-	-
CP099999.1_55	0a86bc362125563eecc11d6805580d21	102	Gene3D	G3DSA:1.10.10.10	-	15	97	2.7E-6	T	26-06-2023	IPR036388	Winged helix-like DNA-binding domain superfamily
CP099999.1_55	0a86bc362125563eecc11d6805580d21	102	SUPERFAMILY	SSF46785	"Winged helix" DNA-binding domain	34	89	3.96E-7	T	26-06-2023	IPR036390	Winged helix DNA-binding domain superfamily
CP099999.1_55	0a86bc362125563eecc11d6805580d21	102	MobiDBLite	mobidb-lite	consensus disorder prediction	79	102	-	T	26-06-2023	-	-
CP099999.1_58	66c577755a5dbe8b153011773ba94746	518	ProSiteProfiles	PS51679	C-5 cytosine-specific DNA methylase (Dnmt) domain profile.	6	492	30.143135	T	26-06-2023	IPR001525	C-5 cytosine methyltransferase
CP099999.1_58	66c577755a5dbe8b153011773ba94746	518	Pfam	PF00145	C-5 cytosine-specific DNA methylase	7	485	1.7E-31	T	26-06-2023	IPR001525	C-5 cytosine methyltransferase
CP099999.1_58	66c577755a5dbe8b153011773ba94746	518	PRINTS	PR00105	Cytosine-specific DNA methyltransferase signature	7	23	8.5E-11	T	26-06-2023	IPR001525	C-5 cytosine methyltransferase
CP099999.1_58	66c577755a5dbe8b153011773ba94746	518	PRINTS	PR00105	Cytosine-specific DNA methyltransferase signature	120	134	8.5E-11	T	26-06-2023	IPR001525	C-5 cytosine methyltransferase
CP099999.1_58	66c577755a5dbe8b153011773ba94746	518	PRINTS	PR00105	Cytosine-specific DNA methyltransferase signature	183	196	8.5E-11	T	26-06-2023	IPR001525	C-5 cytosine methyltransferase
CP099999.1_58	66c577755a5dbe8b153011773ba94746	518	PANTHER	PTHR10629	CYTOSINE-SPECIFIC METHYLTRANSFERASE	4	485	1.6E-36	T	26-06-2023	-	-
CP099999.1_58	66c577755a5dbe8b153011773ba94746	518	Gene3D	G3DSA:3.90.120.10	DNA Methylase, subunit A, domain 2	309	478	2.0E-9	T	26-06-2023	-	-
CP099999.1_58	66c577755a5dbe8b153011773ba94746	518	Gene3D	G3DSA:3.40.50.150	Vaccinia Virus protein VP39	6	262	6.3E-44	T	26-06-2023	IPR029063	S-adenosyl-L-methionine-dependent methyltransferase superfamily
CP099999.1_58	66c577755a5dbe8b153011773ba94746	518	MobiDBLite	mobidb-lite	consensus disorder prediction	196	215	-	T	26-06-2023	-	-
CP099999.1_58	66c577755a5dbe8b153011773ba94746	518	SUPERFAMILY	SSF53335	S-adenosyl-L-methionine-dependent methyltransferases	6	486	6.32E-59	T	26-06-2023	IPR029063	S-adenosyl-L-methionine-dependent methyltransferase superfamily
CP099999.1_40	577636c2be82284dce0759f335c20c0f	505	Gene3D	G3DSA:3.40.50.200	Peptidase S8/S53 domain	157	466	1.2E-56	T	26-06-2023	IPR036852	Peptidase S8/S53 domain superfamily
CP099999.1_40	577636c2be82284dce0759f335c20c0f	505	SUPERFAMILY	SSF52743	Subtilisin-like	178	464	3.14E-52	T	26-06-2023	IPR036852	Peptidase S8/S53 domain superfamily
CP099999.1_40	577636c2be82284dce0759f335c20c0f	505	PRINTS	PR00723	Subtilisin serine protease family (S8) signature	184	203	1.2E-9	T	26-06-2023	IPR015500	Peptidase S8, subtilisin-related
CP099999.1_40	577636c2be82284dce0759f335c20c0f	505	PRINTS	PR00723	Subtilisin serine protease family (S8) signature	227	240	1.2E-9	T	26-06-2023	IPR015500	Peptidase S8, subtilisin-related
CP099999.1_40	577636c2be82284dce0759f335c20c0f	505	PRINTS	PR00723	Subtilisin serine protease family (S8) signature	404	420	1.2E-9	T	26-06-2023	IPR015500	Peptidase S8, subtilisin-related
CP099999.1_40	577636c2be82284dce0759f335c20c0f	505	ProSitePatterns	PS00138	Serine proteases, subtilase family, serine active site.	405	415	-	T	26-06-2023	IPR023828	Peptidase S8, subtilisin, Ser-active site
CP099999.1_40	577636c2be82284dce0759f335c20c0f	505	ProSiteProfiles	PS51892	Serine proteases, subtilase domain profile.	165	462	28.851238	T	26-06-2023	-	-
CP099999.1_40	577636c2be82284dce0759f335c20c0f	505	PANTHER	PTHR43806	PEPTIDASE S8	36	445	3.1E-36	T	26-06-2023	-	-
CP099999.1_40	577636c2be82284dce0759f335c20c0f	505	Pfam	PF00082	Subtilase family	185	447	1.1E-40	T	26-06-2023	IPR000209	Peptidase S8/S53 domain
CP099999.1_29	05bb026190c2b2666033b27acf35eccd	326	Coils	Coil	Coil	244	292	-	T	26-06-2023	-	-
CP099999.1_29	05bb026190c2b2666033b27acf35eccd	326	MobiDBLite	mobidb-lite	consensus disorder prediction	300	326	-	T	26-06-2023	-	-
CP099999.1_29	05bb026190c2b2666033b27acf35eccd	326	MobiDBLite	mobidb-lite	consensus disorder prediction	298	326	-	T	26-06-2023	-	-
CP099999.1_30	e77d1c4c0400fa2b23f216f1bdf8e094	221	MobiDBLite	mobidb-lite	consensus disorder prediction	1	21	-	T	26-06-2023	-	-
CP099999.1_30	e77d1c4c0400fa2b23f216f1bdf8e094	221	MobiDBLite	mobidb-lite	consensus disorder prediction	1	22	-	T	26-06-2023	-	-
CP099999.1_16	96796edbba645e41a36ce853b0c85d44	110	Coils	Coil	Coil	11	31	-	T	26-06-2023	-	-
CP099999.1_51	ebeb57aef41e907db70bedbcc9c184a5	205	MobiDBLite	mobidb-lite	consensus disorder prediction	65	84	-	T	26-06-2023	-	-
CP099999.1_51	ebeb57aef41e907db70bedbcc9c184a5	205	MobiDBLite	mobidb-lite	consensus disorder prediction	174	197	-	T	26-06-2023	-	-
CP099999.1_51	ebeb57aef41e907db70bedbcc9c184a5	205	MobiDBLite	mobidb-lite	consensus disorder prediction	163	205	-	T	26-06-2023	-	-
CP099999.1_51	ebeb57aef41e907db70bedbcc9c184a5	205	Coils	Coil	Coil	53	115	-	T	26-06-2023	-	-
CP099999.1_53	dad26a03345d559443cba86a3f2c7817	76	Coils	Coil	Coil	73	76	-	T	26-06-2023	-	-
CP099999.1_53	dad26a03345d559443cba86a3f2c7817	76	SUPERFAMILY	SSF46785	"Winged helix" DNA-binding domain	34	74	4.62E-5	T	26-06-2023	IPR036390	Winged helix DNA-binding domain superfamily
CP099999.1_53	dad26a03345d559443cba86a3f2c7817	76	Gene3D	G3DSA:1.10.10.10	-	24	70	2.4E-5	T	26-06-2023	IPR036388	Winged helix-like DNA-binding domain superfamily
CP099999.1_62	67aa0e1f3af8e2dab8aca5f0cafdefdd	95	MobiDBLite	mobidb-lite	consensus disorder prediction	73	95	-	T	26-06-2023	-	-
CP099999.1_62	67aa0e1f3af8e2dab8aca5f0cafdefdd	95	MobiDBLite	mobidb-lite	consensus disorder prediction	72	95	-	T	26-06-2023	-	-
CP099999.1_67	d5cf23956a502fe5b3651668d5af804e	231	MobiDBLite	mobidb-lite	consensus disorder prediction	205	231	-	T	26-06-2023	-	-
CP099999.1_67	d5cf23956a502fe5b3651668d5af804e	231	Pfam	PF20314	Family of unknown function (DUF6610)	6	199	4.0E-43	T	26-06-2023	IPR046718	Protein of unknown function DUF6610
CP099999.1_25	09ac29eab137d17ee6ccffb18323989a	123	Gene3D	G3DSA:1.10.150.20	-	59	121	1.2E-12	T	26-06-2023	-	-
CP099999.1_25	09ac29eab137d17ee6ccffb18323989a	123	SUPERFAMILY	SSF47781	RuvA domain 2-like	46	120	2.75E-12	T	26-06-2023	IPR010994	RuvA domain 2-like
CP099999.1_25	09ac29eab137d17ee6ccffb18323989a	123	SMART	SM00278	HhH1_4	70	89	220.0	T	26-06-2023	IPR003583	Helix-hairpin-helix DNA-binding motif, class 1
CP099999.1_25	09ac29eab137d17ee6ccffb18323989a	123	SMART	SM00278	HhH1_4	102	121	2.1	T	26-06-2023	IPR003583	Helix-hairpin-helix DNA-binding motif, class 1
CP099999.1_25	09ac29eab137d17ee6ccffb18323989a	123	Coils	Coil	Coil	36	56	-	T	26-06-2023	-	-
CP099999.1_25	09ac29eab137d17ee6ccffb18323989a	123	Pfam	PF12826	Helix-hairpin-helix motif	76	119	8.8E-11	T	26-06-2023	IPR041663	DisA/LigA, helix-hairpin-helix motif
CP099999.1_5	56ad7c61ff9df850379f4d25e007b485	382	Gene3D	G3DSA:1.10.443.10	Intergrase catalytic core	125	380	1.6E-27	T	26-06-2023	IPR013762	Integrase-like, catalytic domain superfamily
CP099999.1_5	56ad7c61ff9df850379f4d25e007b485	382	CDD	cd00397	DNA_BRE_C	154	358	7.61481E-14	T	26-06-2023	-	-
CP099999.1_5	56ad7c61ff9df850379f4d25e007b485	382	Pfam	PF00589	Phage integrase family	161	366	1.5E-15	T	26-06-2023	IPR002104	Integrase, catalytic domain
CP099999.1_5	56ad7c61ff9df850379f4d25e007b485	382	SUPERFAMILY	SSF56349	DNA breaking-rejoining enzymes	16	372	6.83E-29	T	26-06-2023	IPR011010	DNA breaking-rejoining enzyme, catalytic core
CP099999.1_5	56ad7c61ff9df850379f4d25e007b485	382	Gene3D	G3DSA:1.10.150.130	-	11	117	6.1E-16	T	26-06-2023	IPR010998	Integrase/recombinase, N-terminal
CP099999.1_5	56ad7c61ff9df850379f4d25e007b485	382	Pfam	PF13102	Phage integrase SAM-like domain	24	111	5.5E-5	T	26-06-2023	IPR025269	Phage integrase SAM-like domain
CP099999.1_5	56ad7c61ff9df850379f4d25e007b485	382	ProSiteProfiles	PS51900	Core-binding (CB) domain profile.	15	100	13.891108	T	26-06-2023	IPR044068	Core-binding (CB) domain
CP099999.1_5	56ad7c61ff9df850379f4d25e007b485	382	ProSiteProfiles	PS51898	Tyrosine recombinase domain profile.	126	375	21.711645	T	26-06-2023	IPR002104	Integrase, catalytic domain
