Eyre_NODE_236_length_33155_cov_19.932_33	7d9c313b1ecefd4e7bcb09e8c7f219ac	90	MobiDBLite	mobidb-lite	consensus disorder prediction	76	90	-	T	21-06-2023	-	-
Eyre_NODE_236_length_33155_cov_19.932_33	7d9c313b1ecefd4e7bcb09e8c7f219ac	90	MobiDBLite	mobidb-lite	consensus disorder prediction	55	90	-	T	21-06-2023	-	-
Eyre_NODE_236_length_33155_cov_19.932_44	214b6121f02e6a9d13dd404ae20ae1e5	255	MobiDBLite	mobidb-lite	consensus disorder prediction	223	241	-	T	21-06-2023	-	-
Eyre_NODE_236_length_33155_cov_19.932_44	214b6121f02e6a9d13dd404ae20ae1e5	255	ProSitePatterns	PS00138	Serine proteases, subtilase family, serine active site.	157	167	-	T	21-06-2023	IPR023828	Peptidase S8, subtilisin, Ser-active site
Eyre_NODE_236_length_33155_cov_19.932_44	214b6121f02e6a9d13dd404ae20ae1e5	255	ProSiteProfiles	PS51892	Serine proteases, subtilase domain profile.	1	216	21.918352	T	21-06-2023	-	-
Eyre_NODE_236_length_33155_cov_19.932_44	214b6121f02e6a9d13dd404ae20ae1e5	255	PANTHER	PTHR43806	PEPTIDASE S8	3	194	1.0E-22	T	21-06-2023	-	-
Eyre_NODE_236_length_33155_cov_19.932_44	214b6121f02e6a9d13dd404ae20ae1e5	255	MobiDBLite	mobidb-lite	consensus disorder prediction	84	134	-	T	21-06-2023	-	-
Eyre_NODE_236_length_33155_cov_19.932_44	214b6121f02e6a9d13dd404ae20ae1e5	255	Pfam	PF00082	Subtilase family	2	174	2.3E-22	T	21-06-2023	IPR000209	Peptidase S8/S53 domain
Eyre_NODE_236_length_33155_cov_19.932_44	214b6121f02e6a9d13dd404ae20ae1e5	255	SUPERFAMILY	SSF52743	Subtilisin-like	2	217	5.37E-34	T	21-06-2023	IPR036852	Peptidase S8/S53 domain superfamily
Eyre_NODE_236_length_33155_cov_19.932_44	214b6121f02e6a9d13dd404ae20ae1e5	255	MobiDBLite	mobidb-lite	consensus disorder prediction	219	241	-	T	21-06-2023	-	-
Eyre_NODE_236_length_33155_cov_19.932_44	214b6121f02e6a9d13dd404ae20ae1e5	255	Gene3D	G3DSA:3.40.50.200	Peptidase S8/S53 domain	1	213	1.3E-38	T	21-06-2023	IPR036852	Peptidase S8/S53 domain superfamily
Eyre_NODE_236_length_33155_cov_19.932_16	796accfd014f78be248d9ef658a75b05	85	SUPERFAMILY	SSF46785	"Winged helix" DNA-binding domain	25	82	1.67E-5	T	21-06-2023	IPR036390	Winged helix DNA-binding domain superfamily
Eyre_NODE_236_length_33155_cov_19.932_16	796accfd014f78be248d9ef658a75b05	85	MobiDBLite	mobidb-lite	consensus disorder prediction	1	24	-	T	21-06-2023	-	-
Eyre_NODE_236_length_33155_cov_19.932_23	ded91aa063be520b02d2b79027c7f337	422	ProSiteProfiles	PS51898	Tyrosine recombinase domain profile.	220	408	13.287647	T	21-06-2023	IPR002104	Integrase, catalytic domain
Eyre_NODE_236_length_33155_cov_19.932_23	ded91aa063be520b02d2b79027c7f337	422	Pfam	PF00589	Phage integrase family	225	349	8.2E-7	T	21-06-2023	IPR002104	Integrase, catalytic domain
Eyre_NODE_236_length_33155_cov_19.932_23	ded91aa063be520b02d2b79027c7f337	422	Gene3D	G3DSA:1.10.150.130	-	96	211	5.8E-6	T	21-06-2023	IPR010998	Integrase/recombinase, N-terminal
Eyre_NODE_236_length_33155_cov_19.932_23	ded91aa063be520b02d2b79027c7f337	422	ProSiteProfiles	PS51900	Core-binding (CB) domain profile.	97	193	8.563599	T	21-06-2023	IPR044068	Core-binding (CB) domain
Eyre_NODE_236_length_33155_cov_19.932_23	ded91aa063be520b02d2b79027c7f337	422	Gene3D	G3DSA:1.10.443.10	Intergrase catalytic core	218	410	4.7E-17	T	21-06-2023	IPR013762	Integrase-like, catalytic domain superfamily
Eyre_NODE_236_length_33155_cov_19.932_23	ded91aa063be520b02d2b79027c7f337	422	SUPERFAMILY	SSF56349	DNA breaking-rejoining enzymes	103	345	2.68E-23	T	21-06-2023	IPR011010	DNA breaking-rejoining enzyme, catalytic core
Eyre_NODE_236_length_33155_cov_19.932_22	2892729573b31daa306e6969153a0c19	106	ProSiteProfiles	PS50987	ArsR-type HTH domain profile.	6	103	14.008961	T	21-06-2023	IPR001845	HTH ArsR-type DNA-binding domain
Eyre_NODE_236_length_33155_cov_19.932_22	2892729573b31daa306e6969153a0c19	106	Pfam	PF12840	Helix-turn-helix domain	18	74	1.2E-8	T	21-06-2023	-	-
Eyre_NODE_236_length_33155_cov_19.932_22	2892729573b31daa306e6969153a0c19	106	SUPERFAMILY	SSF46785	"Winged helix" DNA-binding domain	15	89	2.04E-13	T	21-06-2023	IPR036390	Winged helix DNA-binding domain superfamily
Eyre_NODE_236_length_33155_cov_19.932_22	2892729573b31daa306e6969153a0c19	106	SMART	SM00418	arsrmega2	16	97	2.6E-5	T	21-06-2023	IPR001845	HTH ArsR-type DNA-binding domain
Eyre_NODE_236_length_33155_cov_19.932_22	2892729573b31daa306e6969153a0c19	106	CDD	cd00090	HTH_ARSR	18	87	7.83281E-10	T	21-06-2023	IPR011991	ArsR-like helix-turn-helix domain
Eyre_NODE_236_length_33155_cov_19.932_22	2892729573b31daa306e6969153a0c19	106	Gene3D	G3DSA:1.10.10.10	-	2	103	4.2E-14	T	21-06-2023	IPR036388	Winged helix-like DNA-binding domain superfamily
Eyre_NODE_236_length_33155_cov_19.932_14	2946f5020b32138d1e01e5f68570e1d1	238	Gene3D	G3DSA:3.30.420.10	-	3	217	2.3E-6	T	21-06-2023	IPR036397	Ribonuclease H superfamily
Eyre_NODE_236_length_33155_cov_19.932_14	2946f5020b32138d1e01e5f68570e1d1	238	SUPERFAMILY	SSF53098	Ribonuclease H-like	2	144	3.59E-11	T	21-06-2023	IPR012337	Ribonuclease H-like superfamily
Eyre_NODE_236_length_33155_cov_19.932_41	85d76d4f041950341cf6acc6064d5c7f	234	MobiDBLite	mobidb-lite	consensus disorder prediction	75	125	-	T	21-06-2023	-	-
Eyre_NODE_236_length_33155_cov_19.932_41	85d76d4f041950341cf6acc6064d5c7f	234	MobiDBLite	mobidb-lite	consensus disorder prediction	90	113	-	T	21-06-2023	-	-
Eyre_NODE_236_length_33155_cov_19.932_26	f4e7adc33f5a94248574755920c9e4a2	826	Gene3D	G3DSA:3.40.50.300	-	405	594	1.1E-8	T	21-06-2023	IPR027417	P-loop containing nucleoside triphosphate hydrolase
Eyre_NODE_236_length_33155_cov_19.932_26	f4e7adc33f5a94248574755920c9e4a2	826	MobiDBLite	mobidb-lite	consensus disorder prediction	1	41	-	T	21-06-2023	-	-
Eyre_NODE_236_length_33155_cov_19.932_26	f4e7adc33f5a94248574755920c9e4a2	826	SUPERFAMILY	SSF52540	P-loop containing nucleoside triphosphate hydrolases	285	586	1.33E-5	T	21-06-2023	IPR027417	P-loop containing nucleoside triphosphate hydrolase
Eyre_NODE_236_length_33155_cov_19.932_26	f4e7adc33f5a94248574755920c9e4a2	826	Coils	Coil	Coil	825	826	-	T	21-06-2023	-	-
Eyre_NODE_236_length_33155_cov_19.932_28	54414d9f5e892b373b20ff3f533cd06c	456	MobiDBLite	mobidb-lite	consensus disorder prediction	38	81	-	T	21-06-2023	-	-
Eyre_NODE_236_length_33155_cov_19.932_11	ae0a2309bfa2fe14f60d2451a5e5626a	197	MobiDBLite	mobidb-lite	consensus disorder prediction	1	27	-	T	21-06-2023	-	-
Eyre_NODE_236_length_33155_cov_19.932_11	ae0a2309bfa2fe14f60d2451a5e5626a	197	MobiDBLite	mobidb-lite	consensus disorder prediction	7	27	-	T	21-06-2023	-	-
Eyre_NODE_236_length_33155_cov_19.932_11	ae0a2309bfa2fe14f60d2451a5e5626a	197	MobiDBLite	mobidb-lite	consensus disorder prediction	88	107	-	T	21-06-2023	-	-
Eyre_NODE_236_length_33155_cov_19.932_11	ae0a2309bfa2fe14f60d2451a5e5626a	197	MobiDBLite	mobidb-lite	consensus disorder prediction	83	108	-	T	21-06-2023	-	-
Eyre_NODE_236_length_33155_cov_19.932_24	0f3b3870d43b8889f2cb35d3232f9376	553	Coils	Coil	Coil	436	456	-	T	21-06-2023	-	-
Eyre_NODE_236_length_33155_cov_19.932_24	0f3b3870d43b8889f2cb35d3232f9376	553	Coils	Coil	Coil	27	47	-	T	21-06-2023	-	-
Eyre_NODE_236_length_33155_cov_19.932_27	f4acd8131ae828b2cab346aacf551d47	632	MobiDBLite	mobidb-lite	consensus disorder prediction	274	306	-	T	21-06-2023	-	-
Eyre_NODE_236_length_33155_cov_19.932_27	f4acd8131ae828b2cab346aacf551d47	632	MobiDBLite	mobidb-lite	consensus disorder prediction	285	300	-	T	21-06-2023	-	-
Eyre_NODE_236_length_33155_cov_19.932_27	f4acd8131ae828b2cab346aacf551d47	632	MobiDBLite	mobidb-lite	consensus disorder prediction	605	632	-	T	21-06-2023	-	-
Eyre_NODE_236_length_33155_cov_19.932_29	6777fa34a5998a703df1dcb0268631ce	356	MobiDBLite	mobidb-lite	consensus disorder prediction	319	334	-	T	21-06-2023	-	-
Eyre_NODE_236_length_33155_cov_19.932_29	6777fa34a5998a703df1dcb0268631ce	356	Coils	Coil	Coil	260	290	-	T	21-06-2023	-	-
Eyre_NODE_236_length_33155_cov_19.932_29	6777fa34a5998a703df1dcb0268631ce	356	MobiDBLite	mobidb-lite	consensus disorder prediction	319	356	-	T	21-06-2023	-	-
Eyre_NODE_236_length_33155_cov_19.932_30	dabffac24c7706f25215b1c83a51c53a	250	MobiDBLite	mobidb-lite	consensus disorder prediction	1	21	-	T	21-06-2023	-	-
Eyre_NODE_236_length_33155_cov_19.932_30	dabffac24c7706f25215b1c83a51c53a	250	MobiDBLite	mobidb-lite	consensus disorder prediction	198	213	-	T	21-06-2023	-	-
Eyre_NODE_236_length_33155_cov_19.932_30	dabffac24c7706f25215b1c83a51c53a	250	MobiDBLite	mobidb-lite	consensus disorder prediction	198	250	-	T	21-06-2023	-	-
Eyre_NODE_236_length_33155_cov_19.932_2	592741df1855a0ae6d16afadb7696413	59	Coils	Coil	Coil	38	58	-	T	21-06-2023	-	-
Eyre_NODE_236_length_33155_cov_19.932_31	17b5c4654bd809b857b999e8e6f01f08	90	MobiDBLite	mobidb-lite	consensus disorder prediction	65	90	-	T	21-06-2023	-	-
Eyre_NODE_236_length_33155_cov_19.932_25	19847149b1786faf4ac051d66ffff417	323	Pfam	PF17207	MCM OB domain	108	227	9.9E-19	T	21-06-2023	IPR033762	MCM OB domain
Eyre_NODE_236_length_33155_cov_19.932_25	19847149b1786faf4ac051d66ffff417	323	Gene3D	G3DSA:3.30.1640.10	-	1	99	1.8E-15	T	21-06-2023	-	-
Eyre_NODE_236_length_33155_cov_19.932_25	19847149b1786faf4ac051d66ffff417	323	MobiDBLite	mobidb-lite	consensus disorder prediction	299	323	-	T	21-06-2023	-	-
Eyre_NODE_236_length_33155_cov_19.932_25	19847149b1786faf4ac051d66ffff417	323	Gene3D	G3DSA:2.20.28.10	-	131	180	1.1E-23	T	21-06-2023	-	-
Eyre_NODE_236_length_33155_cov_19.932_25	19847149b1786faf4ac051d66ffff417	323	SUPERFAMILY	SSF50249	Nucleic acid-binding proteins	28	241	4.97E-33	T	21-06-2023	IPR012340	Nucleic acid-binding, OB-fold
Eyre_NODE_236_length_33155_cov_19.932_25	19847149b1786faf4ac051d66ffff417	323	Gene3D	G3DSA:2.40.50.140	-	108	232	1.1E-23	T	21-06-2023	IPR012340	Nucleic acid-binding, OB-fold
Eyre_NODE_236_length_33155_cov_19.932_25	19847149b1786faf4ac051d66ffff417	323	Coils	Coil	Coil	295	315	-	T	21-06-2023	-	-
Eyre_NODE_236_length_33155_cov_19.932_25	19847149b1786faf4ac051d66ffff417	323	PANTHER	PTHR11630	DNA REPLICATION LICENSING FACTOR MCM FAMILY MEMBER	8	245	6.8E-25	T	21-06-2023	IPR031327	Mini-chromosome maintenance protein
Eyre_NODE_236_length_33155_cov_19.932_25	19847149b1786faf4ac051d66ffff417	323	MobiDBLite	mobidb-lite	consensus disorder prediction	299	315	-	T	21-06-2023	-	-
Eyre_NODE_236_length_33155_cov_19.932_25	19847149b1786faf4ac051d66ffff417	323	FunFam	G3DSA:2.20.28.10:FF:000003	DNA helicase	132	180	2.6E-8	T	21-06-2023	-	-
Eyre_NODE_236_length_33155_cov_19.932_15	b773c9dc7e83579f72acd72a79740b6a	136	Pfam	PF18780	Homing endonuclease associated repeat	1	29	2.2E-9	T	21-06-2023	IPR041025	Homing endonuclease associated repeat
Eyre_NODE_236_length_33155_cov_19.932_36	2de732b30cb26dec9120444ebc2f9125	46	MobiDBLite	mobidb-lite	consensus disorder prediction	1	22	-	T	21-06-2023	-	-
Eyre_NODE_236_length_33155_cov_19.932_6	5af44b854534feef9b187ef8bc92e441	174	MobiDBLite	mobidb-lite	consensus disorder prediction	145	174	-	T	21-06-2023	-	-
Eyre_NODE_236_length_33155_cov_19.932_6	5af44b854534feef9b187ef8bc92e441	174	Pfam	PF07799	Protein of unknown function (DUF1643)	24	153	6.2E-40	T	21-06-2023	IPR012441	Protein of unknown function DUF1643
Eyre_NODE_236_length_33155_cov_19.932_5	80375a8e37d4971f6debf45e9142b6ec	594	Gene3D	G3DSA:1.10.10.10	-	496	593	3.9E-6	T	21-06-2023	IPR036388	Winged helix-like DNA-binding domain superfamily
Eyre_NODE_236_length_33155_cov_19.932_5	80375a8e37d4971f6debf45e9142b6ec	594	Coils	Coil	Coil	315	349	-	T	21-06-2023	-	-
Eyre_NODE_236_length_33155_cov_19.932_5	80375a8e37d4971f6debf45e9142b6ec	594	MobiDBLite	mobidb-lite	consensus disorder prediction	465	491	-	T	21-06-2023	-	-
Eyre_NODE_236_length_33155_cov_19.932_5	80375a8e37d4971f6debf45e9142b6ec	594	SUPERFAMILY	SSF46785	"Winged helix" DNA-binding domain	506	587	1.52E-6	T	21-06-2023	IPR036390	Winged helix DNA-binding domain superfamily
Eyre_NODE_236_length_33155_cov_19.932_5	80375a8e37d4971f6debf45e9142b6ec	594	PANTHER	PTHR42957	HELICASE MJ1565-RELATED	105	255	3.1E-19	T	21-06-2023	-	-
Eyre_NODE_236_length_33155_cov_19.932_5	80375a8e37d4971f6debf45e9142b6ec	594	Coils	Coil	Coil	449	476	-	T	21-06-2023	-	-
Eyre_NODE_236_length_33155_cov_19.932_5	80375a8e37d4971f6debf45e9142b6ec	594	SUPERFAMILY	SSF52540	P-loop containing nucleoside triphosphate hydrolases	26	269	4.89E-20	T	21-06-2023	IPR027417	P-loop containing nucleoside triphosphate hydrolase
Eyre_NODE_236_length_33155_cov_19.932_5	80375a8e37d4971f6debf45e9142b6ec	594	Gene3D	G3DSA:3.40.50.300	-	11	277	1.3E-43	T	21-06-2023	IPR027417	P-loop containing nucleoside triphosphate hydrolase
Eyre_NODE_236_length_33155_cov_19.932_5	80375a8e37d4971f6debf45e9142b6ec	594	Pfam	PF01935	Helicase HerA, central domain	41	81	2.8E-7	T	21-06-2023	IPR002789	Helicase HerA, central domain
Eyre_NODE_236_length_33155_cov_19.932_5	80375a8e37d4971f6debf45e9142b6ec	594	Coils	Coil	Coil	374	441	-	T	21-06-2023	-	-
Eyre_NODE_236_length_33155_cov_19.932_5	80375a8e37d4971f6debf45e9142b6ec	594	Coils	Coil	Coil	570	590	-	T	21-06-2023	-	-
