Eyresouth_NODE_218_length_34093_cov_9.73377_23	0bb62ac2f2c7dd0c9ac69e54dc55f5ee	1383	MobiDBLite	mobidb-lite	consensus disorder prediction	1047	1075	-	T	26-06-2023	-	-
Eyresouth_NODE_218_length_34093_cov_9.73377_23	0bb62ac2f2c7dd0c9ac69e54dc55f5ee	1383	MobiDBLite	mobidb-lite	consensus disorder prediction	947	984	-	T	26-06-2023	-	-
Eyresouth_NODE_218_length_34093_cov_9.73377_34	e9369a5dbc6cb87a05684f661211448f	107	MobiDBLite	mobidb-lite	consensus disorder prediction	1	22	-	T	26-06-2023	-	-
Eyresouth_NODE_218_length_34093_cov_9.73377_34	e9369a5dbc6cb87a05684f661211448f	107	MobiDBLite	mobidb-lite	consensus disorder prediction	1	30	-	T	26-06-2023	-	-
Eyresouth_NODE_218_length_34093_cov_9.73377_9	208db1088c48b24f94efce71f7252e01	756	MobiDBLite	mobidb-lite	consensus disorder prediction	736	756	-	T	26-06-2023	-	-
Eyresouth_NODE_218_length_34093_cov_9.73377_9	208db1088c48b24f94efce71f7252e01	756	Gene3D	G3DSA:3.40.50.300	-	362	545	1.8E-6	T	26-06-2023	IPR027417	P-loop containing nucleoside triphosphate hydrolase
Eyresouth_NODE_218_length_34093_cov_9.73377_9	208db1088c48b24f94efce71f7252e01	756	MobiDBLite	mobidb-lite	consensus disorder prediction	1	24	-	T	26-06-2023	-	-
Eyresouth_NODE_218_length_34093_cov_9.73377_9	208db1088c48b24f94efce71f7252e01	756	SUPERFAMILY	SSF52540	P-loop containing nucleoside triphosphate hydrolases	184	532	7.43E-9	T	26-06-2023	IPR027417	P-loop containing nucleoside triphosphate hydrolase
Eyresouth_NODE_218_length_34093_cov_9.73377_9	208db1088c48b24f94efce71f7252e01	756	MobiDBLite	mobidb-lite	consensus disorder prediction	621	649	-	T	26-06-2023	-	-
Eyresouth_NODE_218_length_34093_cov_9.73377_22	f18200220f609fd753b056f66c73aa77	519	PRINTS	PR00723	Subtilisin serine protease family (S8) signature	420	436	4.4E-5	T	26-06-2023	IPR015500	Peptidase S8, subtilisin-related
Eyresouth_NODE_218_length_34093_cov_9.73377_22	f18200220f609fd753b056f66c73aa77	519	PRINTS	PR00723	Subtilisin serine protease family (S8) signature	247	260	4.4E-5	T	26-06-2023	IPR015500	Peptidase S8, subtilisin-related
Eyresouth_NODE_218_length_34093_cov_9.73377_22	f18200220f609fd753b056f66c73aa77	519	MobiDBLite	mobidb-lite	consensus disorder prediction	494	513	-	T	26-06-2023	-	-
Eyresouth_NODE_218_length_34093_cov_9.73377_22	f18200220f609fd753b056f66c73aa77	519	ProSitePatterns	PS00138	Serine proteases, subtilase family, serine active site.	421	431	-	T	26-06-2023	IPR023828	Peptidase S8, subtilisin, Ser-active site
Eyresouth_NODE_218_length_34093_cov_9.73377_22	f18200220f609fd753b056f66c73aa77	519	MobiDBLite	mobidb-lite	consensus disorder prediction	480	519	-	T	26-06-2023	-	-
Eyresouth_NODE_218_length_34093_cov_9.73377_22	f18200220f609fd753b056f66c73aa77	519	Pfam	PF00082	Subtilase family	202	442	4.4E-29	T	26-06-2023	IPR000209	Peptidase S8/S53 domain
Eyresouth_NODE_218_length_34093_cov_9.73377_22	f18200220f609fd753b056f66c73aa77	519	SUPERFAMILY	SSF52743	Subtilisin-like	199	482	5.24E-41	T	26-06-2023	IPR036852	Peptidase S8/S53 domain superfamily
Eyresouth_NODE_218_length_34093_cov_9.73377_22	f18200220f609fd753b056f66c73aa77	519	PANTHER	PTHR43806	PEPTIDASE S8	100	456	1.8E-30	T	26-06-2023	-	-
Eyresouth_NODE_218_length_34093_cov_9.73377_22	f18200220f609fd753b056f66c73aa77	519	Gene3D	G3DSA:3.40.50.200	Peptidase S8/S53 domain	185	475	1.4E-44	T	26-06-2023	IPR036852	Peptidase S8/S53 domain superfamily
Eyresouth_NODE_218_length_34093_cov_9.73377_22	f18200220f609fd753b056f66c73aa77	519	ProSiteProfiles	PS51892	Serine proteases, subtilase domain profile.	168	480	24.044437	T	26-06-2023	-	-
Eyresouth_NODE_218_length_34093_cov_9.73377_22	f18200220f609fd753b056f66c73aa77	519	ProSiteProfiles	PS51318	Twin arginine translocation (Tat) signal profile.	1	30	8.111451	T	26-06-2023	IPR006311	Twin-arginine translocation pathway, signal sequence
Eyresouth_NODE_218_length_34093_cov_9.73377_22	f18200220f609fd753b056f66c73aa77	519	MobiDBLite	mobidb-lite	consensus disorder prediction	350	388	-	T	26-06-2023	-	-
Eyresouth_NODE_218_length_34093_cov_9.73377_2	6a2bb4873add3045acbe3bc4eaa5b300	128	Pfam	PF14520	Helix-hairpin-helix domain	78	124	4.0E-6	T	26-06-2023	-	-
Eyresouth_NODE_218_length_34093_cov_9.73377_2	6a2bb4873add3045acbe3bc4eaa5b300	128	SUPERFAMILY	SSF47781	RuvA domain 2-like	57	126	2.3E-7	T	26-06-2023	IPR010994	RuvA domain 2-like
Eyresouth_NODE_218_length_34093_cov_9.73377_2	6a2bb4873add3045acbe3bc4eaa5b300	128	SMART	SM00278	HhH1_4	108	127	32.0	T	26-06-2023	IPR003583	Helix-hairpin-helix DNA-binding motif, class 1
Eyresouth_NODE_218_length_34093_cov_9.73377_2	6a2bb4873add3045acbe3bc4eaa5b300	128	SMART	SM00278	HhH1_4	75	94	54.0	T	26-06-2023	IPR003583	Helix-hairpin-helix DNA-binding motif, class 1
Eyresouth_NODE_218_length_34093_cov_9.73377_2	6a2bb4873add3045acbe3bc4eaa5b300	128	Gene3D	G3DSA:1.10.150.20	-	72	126	3.8E-8	T	26-06-2023	-	-
Eyresouth_NODE_218_length_34093_cov_9.73377_27	66522a66288bb0b2529a0ef6b8c36443	118	CDD	cd00085	HNHc	41	94	1.54286E-8	T	26-06-2023	IPR003615	HNH nuclease
Eyresouth_NODE_218_length_34093_cov_9.73377_27	66522a66288bb0b2529a0ef6b8c36443	118	PANTHER	PTHR41286	HNH NUCLEASE YAJD-RELATED	25	105	8.3E-12	T	26-06-2023	-	-
Eyresouth_NODE_218_length_34093_cov_9.73377_27	66522a66288bb0b2529a0ef6b8c36443	118	Gene3D	G3DSA:1.10.30.50	-	21	118	8.5E-12	T	26-06-2023	-	-
Eyresouth_NODE_218_length_34093_cov_9.73377_27	66522a66288bb0b2529a0ef6b8c36443	118	SMART	SM00507	HNH_5	35	95	1.4E-8	T	26-06-2023	IPR003615	HNH nuclease
Eyresouth_NODE_218_length_34093_cov_9.73377_27	66522a66288bb0b2529a0ef6b8c36443	118	Pfam	PF01844	HNH endonuclease	48	96	8.4E-10	T	26-06-2023	IPR002711	HNH endonuclease
Eyresouth_NODE_218_length_34093_cov_9.73377_20	fce67019268ee59f4826aa395c989f4d	29	MobiDBLite	mobidb-lite	consensus disorder prediction	1	29	-	T	26-06-2023	-	-
Eyresouth_NODE_218_length_34093_cov_9.73377_24	f3e1134b74e3b47b2b35ec751505b2a0	222	MobiDBLite	mobidb-lite	consensus disorder prediction	1	22	-	T	26-06-2023	-	-
Eyresouth_NODE_218_length_34093_cov_9.73377_24	f3e1134b74e3b47b2b35ec751505b2a0	222	MobiDBLite	mobidb-lite	consensus disorder prediction	1	62	-	T	26-06-2023	-	-
Eyresouth_NODE_218_length_34093_cov_9.73377_24	f3e1134b74e3b47b2b35ec751505b2a0	222	MobiDBLite	mobidb-lite	consensus disorder prediction	25	62	-	T	26-06-2023	-	-
Eyresouth_NODE_218_length_34093_cov_9.73377_4	6d4778939824cc2471d80acc8a2abc2a	215	MobiDBLite	mobidb-lite	consensus disorder prediction	168	197	-	T	26-06-2023	-	-
Eyresouth_NODE_218_length_34093_cov_9.73377_4	6d4778939824cc2471d80acc8a2abc2a	215	MobiDBLite	mobidb-lite	consensus disorder prediction	183	197	-	T	26-06-2023	-	-
Eyresouth_NODE_218_length_34093_cov_9.73377_6	bbc587f5e8be6560c488a92079980269	538	MobiDBLite	mobidb-lite	consensus disorder prediction	35	61	-	T	26-06-2023	-	-
Eyresouth_NODE_218_length_34093_cov_9.73377_6	bbc587f5e8be6560c488a92079980269	538	MobiDBLite	mobidb-lite	consensus disorder prediction	35	57	-	T	26-06-2023	-	-
Eyresouth_NODE_218_length_34093_cov_9.73377_7	d43ae32f82d22c980e6dd709d9f50107	327	Coils	Coil	Coil	234	261	-	T	26-06-2023	-	-
Eyresouth_NODE_218_length_34093_cov_9.73377_19	0711a86bfa7bf576604fa79dfeb2bbc8	339	MobiDBLite	mobidb-lite	consensus disorder prediction	37	56	-	T	26-06-2023	-	-
Eyresouth_NODE_218_length_34093_cov_9.73377_19	0711a86bfa7bf576604fa79dfeb2bbc8	339	MobiDBLite	mobidb-lite	consensus disorder prediction	37	58	-	T	26-06-2023	-	-
Eyresouth_NODE_218_length_34093_cov_9.73377_21	2eb61fc6821bc3c7c9f49047391b387a	260	ProSiteProfiles	PS51318	Twin arginine translocation (Tat) signal profile.	1	27	8.089412	T	26-06-2023	IPR006311	Twin-arginine translocation pathway, signal sequence
Eyresouth_NODE_218_length_34093_cov_9.73377_11	6fd2db229a485e4c5aaed55d7f02d650	188	MobiDBLite	mobidb-lite	consensus disorder prediction	161	182	-	T	26-06-2023	-	-
Eyresouth_NODE_218_length_34093_cov_9.73377_11	6fd2db229a485e4c5aaed55d7f02d650	188	MobiDBLite	mobidb-lite	consensus disorder prediction	161	188	-	T	26-06-2023	-	-
Eyresouth_NODE_218_length_34093_cov_9.73377_32	97d0e87618fc4e73865c71d8abc79c99	89	MobiDBLite	mobidb-lite	consensus disorder prediction	16	30	-	T	26-06-2023	-	-
Eyresouth_NODE_218_length_34093_cov_9.73377_32	97d0e87618fc4e73865c71d8abc79c99	89	MobiDBLite	mobidb-lite	consensus disorder prediction	1	34	-	T	26-06-2023	-	-
Eyresouth_NODE_218_length_34093_cov_9.73377_18	2b7bcf263477000565b3153831079e5f	229	ProSiteProfiles	PS51318	Twin arginine translocation (Tat) signal profile.	1	34	8.173161	T	26-06-2023	IPR006311	Twin-arginine translocation pathway, signal sequence
Eyresouth_NODE_218_length_34093_cov_9.73377_25	591dc20abae56b21bf748a716c698660	335	Gene3D	G3DSA:3.40.50.300	-	17	180	9.9E-39	T	26-06-2023	IPR027417	P-loop containing nucleoside triphosphate hydrolase
Eyresouth_NODE_218_length_34093_cov_9.73377_25	591dc20abae56b21bf748a716c698660	335	CDD	cd18139	HLD_clamp_RarA	181	250	2.46831E-8	T	26-06-2023	-	-
Eyresouth_NODE_218_length_34093_cov_9.73377_25	591dc20abae56b21bf748a716c698660	335	Gene3D	G3DSA:1.10.8.60	-	2	248	9.9E-39	T	26-06-2023	-	-
Eyresouth_NODE_218_length_34093_cov_9.73377_25	591dc20abae56b21bf748a716c698660	335	SMART	SM00382	AAA_5	38	204	4.6E-6	T	26-06-2023	IPR003593	AAA+ ATPase domain
Eyresouth_NODE_218_length_34093_cov_9.73377_25	591dc20abae56b21bf748a716c698660	335	Pfam	PF13401	AAA domain	41	151	5.2E-10	T	26-06-2023	IPR003593	AAA+ ATPase domain
Eyresouth_NODE_218_length_34093_cov_9.73377_25	591dc20abae56b21bf748a716c698660	335	PANTHER	PTHR10763	CELL DIVISION CONTROL PROTEIN 6-RELATED	5	253	8.9E-19	T	26-06-2023	-	-
Eyresouth_NODE_218_length_34093_cov_9.73377_25	591dc20abae56b21bf748a716c698660	335	SUPERFAMILY	SSF52540	P-loop containing nucleoside triphosphate hydrolases	2	248	1.25E-30	T	26-06-2023	IPR027417	P-loop containing nucleoside triphosphate hydrolase
Eyresouth_NODE_218_length_34093_cov_9.73377_31	63b238ca53a792d9dff272674b9ae94a	353	Gene3D	G3DSA:1.10.10.10	-	249	335	8.1E-7	T	26-06-2023	IPR036388	Winged helix-like DNA-binding domain superfamily
Eyresouth_NODE_218_length_34093_cov_9.73377_31	63b238ca53a792d9dff272674b9ae94a	353	MobiDBLite	mobidb-lite	consensus disorder prediction	21	39	-	T	26-06-2023	-	-
Eyresouth_NODE_218_length_34093_cov_9.73377_31	63b238ca53a792d9dff272674b9ae94a	353	MobiDBLite	mobidb-lite	consensus disorder prediction	1	43	-	T	26-06-2023	-	-
Eyresouth_NODE_218_length_34093_cov_9.73377_31	63b238ca53a792d9dff272674b9ae94a	353	SUPERFAMILY	SSF46785	"Winged helix" DNA-binding domain	257	329	2.2E-6	T	26-06-2023	IPR036390	Winged helix DNA-binding domain superfamily
Eyresouth_NODE_218_length_34093_cov_9.73377_29	7f56fe9b088ce977d3db080603f3f13c	92	Coils	Coil	Coil	77	92	-	T	26-06-2023	-	-
Eyresouth_NODE_218_length_34093_cov_9.73377_29	7f56fe9b088ce977d3db080603f3f13c	92	Gene3D	G3DSA:1.10.10.10	-	1	89	4.7E-27	T	26-06-2023	IPR036388	Winged helix-like DNA-binding domain superfamily
Eyresouth_NODE_218_length_34093_cov_9.73377_29	7f56fe9b088ce977d3db080603f3f13c	92	SUPERFAMILY	SSF46785	"Winged helix" DNA-binding domain	9	82	8.25E-5	T	26-06-2023	IPR036390	Winged helix DNA-binding domain superfamily
Eyresouth_NODE_218_length_34093_cov_9.73377_39	7469eb18c76443804aeaaa64eb59961c	1252	MobiDBLite	mobidb-lite	consensus disorder prediction	119	138	-	T	26-06-2023	-	-
Eyresouth_NODE_218_length_34093_cov_9.73377_39	7469eb18c76443804aeaaa64eb59961c	1252	MobiDBLite	mobidb-lite	consensus disorder prediction	563	588	-	T	26-06-2023	-	-
Eyresouth_NODE_218_length_34093_cov_9.73377_39	7469eb18c76443804aeaaa64eb59961c	1252	MobiDBLite	mobidb-lite	consensus disorder prediction	1231	1252	-	T	26-06-2023	-	-
Eyresouth_NODE_218_length_34093_cov_9.73377_39	7469eb18c76443804aeaaa64eb59961c	1252	MobiDBLite	mobidb-lite	consensus disorder prediction	119	137	-	T	26-06-2023	-	-
Eyresouth_NODE_218_length_34093_cov_9.73377_39	7469eb18c76443804aeaaa64eb59961c	1252	MobiDBLite	mobidb-lite	consensus disorder prediction	1237	1252	-	T	26-06-2023	-	-
Eyresouth_NODE_218_length_34093_cov_9.73377_30	01ae3ea804467d1759c267a790bba90d	91	SUPERFAMILY	SSF46785	"Winged helix" DNA-binding domain	8	80	2.41E-6	T	26-06-2023	IPR036390	Winged helix DNA-binding domain superfamily
Eyresouth_NODE_218_length_34093_cov_9.73377_30	01ae3ea804467d1759c267a790bba90d	91	Gene3D	G3DSA:1.10.10.10	-	1	88	6.2E-26	T	26-06-2023	IPR036388	Winged helix-like DNA-binding domain superfamily
Eyresouth_NODE_218_length_34093_cov_9.73377_5	6004d18895a538a10f96039538a9aa4c	648	Coils	Coil	Coil	561	581	-	T	26-06-2023	-	-
Eyresouth_NODE_218_length_34093_cov_9.73377_1	e745bfe748af77525b75a9d1eb6f0600	402	Gene3D	G3DSA:1.10.150.130	-	31	134	3.1E-9	T	26-06-2023	IPR010998	Integrase/recombinase, N-terminal
Eyresouth_NODE_218_length_34093_cov_9.73377_1	e745bfe748af77525b75a9d1eb6f0600	402	MobiDBLite	mobidb-lite	consensus disorder prediction	371	402	-	T	26-06-2023	-	-
Eyresouth_NODE_218_length_34093_cov_9.73377_1	e745bfe748af77525b75a9d1eb6f0600	402	Pfam	PF00589	Phage integrase family	178	370	2.6E-9	T	26-06-2023	IPR002104	Integrase, catalytic domain
Eyresouth_NODE_218_length_34093_cov_9.73377_1	e745bfe748af77525b75a9d1eb6f0600	402	CDD	cd00397	DNA_BRE_C	180	364	5.23936E-12	T	26-06-2023	-	-
Eyresouth_NODE_218_length_34093_cov_9.73377_1	e745bfe748af77525b75a9d1eb6f0600	402	Gene3D	G3DSA:1.10.443.10	Intergrase catalytic core	166	379	8.2E-22	T	26-06-2023	IPR013762	Integrase-like, catalytic domain superfamily
Eyresouth_NODE_218_length_34093_cov_9.73377_1	e745bfe748af77525b75a9d1eb6f0600	402	ProSiteProfiles	PS51898	Tyrosine recombinase domain profile.	141	382	16.130646	T	26-06-2023	IPR002104	Integrase, catalytic domain
Eyresouth_NODE_218_length_34093_cov_9.73377_1	e745bfe748af77525b75a9d1eb6f0600	402	MobiDBLite	mobidb-lite	consensus disorder prediction	371	385	-	T	26-06-2023	-	-
Eyresouth_NODE_218_length_34093_cov_9.73377_1	e745bfe748af77525b75a9d1eb6f0600	402	MobiDBLite	mobidb-lite	consensus disorder prediction	11	40	-	T	26-06-2023	-	-
Eyresouth_NODE_218_length_34093_cov_9.73377_1	e745bfe748af77525b75a9d1eb6f0600	402	SUPERFAMILY	SSF56349	DNA breaking-rejoining enzymes	52	380	2.62E-23	T	26-06-2023	IPR011010	DNA breaking-rejoining enzyme, catalytic core
Eyresouth_NODE_218_length_34093_cov_9.73377_1	e745bfe748af77525b75a9d1eb6f0600	402	MobiDBLite	mobidb-lite	consensus disorder prediction	386	402	-	T	26-06-2023	-	-
Eyresouth_NODE_218_length_34093_cov_9.73377_36	552bae5805a6f107696c8d3162e8dd0e	74	Coils	Coil	Coil	48	71	-	T	26-06-2023	-	-
