Eyresouth_NODE_101_length_48437_cov_7.17035_3	5e356cd1508b4fb550eefeda7d69587b	420	Gene3D	G3DSA:1.10.443.10	Intergrase catalytic core	129	325	1.1E-22	T	26-06-2023	IPR013762	Integrase-like, catalytic domain superfamily
Eyresouth_NODE_101_length_48437_cov_7.17035_3	5e356cd1508b4fb550eefeda7d69587b	420	MobiDBLite	mobidb-lite	consensus disorder prediction	392	409	-	T	26-06-2023	-	-
Eyresouth_NODE_101_length_48437_cov_7.17035_3	5e356cd1508b4fb550eefeda7d69587b	420	CDD	cd00397	DNA_BRE_C	149	309	2.07748E-13	T	26-06-2023	-	-
Eyresouth_NODE_101_length_48437_cov_7.17035_3	5e356cd1508b4fb550eefeda7d69587b	420	ProSiteProfiles	PS51898	Tyrosine recombinase domain profile.	117	323	24.166962	T	26-06-2023	IPR002104	Integrase, catalytic domain
Eyresouth_NODE_101_length_48437_cov_7.17035_3	5e356cd1508b4fb550eefeda7d69587b	420	SUPERFAMILY	SSF56349	DNA breaking-rejoining enzymes	133	316	1.56E-21	T	26-06-2023	IPR011010	DNA breaking-rejoining enzyme, catalytic core
Eyresouth_NODE_101_length_48437_cov_7.17035_3	5e356cd1508b4fb550eefeda7d69587b	420	MobiDBLite	mobidb-lite	consensus disorder prediction	382	420	-	T	26-06-2023	-	-
Eyresouth_NODE_101_length_48437_cov_7.17035_3	5e356cd1508b4fb550eefeda7d69587b	420	Pfam	PF00589	Phage integrase family	133	312	3.0E-16	T	26-06-2023	IPR002104	Integrase, catalytic domain
Eyresouth_NODE_101_length_48437_cov_7.17035_50	1c063faf93ce2a560c55d06c719dcade	594	Coils	Coil	Coil	374	432	-	T	26-06-2023	-	-
Eyresouth_NODE_101_length_48437_cov_7.17035_50	1c063faf93ce2a560c55d06c719dcade	594	Gene3D	G3DSA:1.10.10.10	-	496	593	3.2E-6	T	26-06-2023	IPR036388	Winged helix-like DNA-binding domain superfamily
Eyresouth_NODE_101_length_48437_cov_7.17035_50	1c063faf93ce2a560c55d06c719dcade	594	Coils	Coil	Coil	315	349	-	T	26-06-2023	-	-
Eyresouth_NODE_101_length_48437_cov_7.17035_50	1c063faf93ce2a560c55d06c719dcade	594	Pfam	PF01935	Helicase HerA, central domain	41	81	5.4E-5	T	26-06-2023	IPR002789	Helicase HerA, central domain
Eyresouth_NODE_101_length_48437_cov_7.17035_50	1c063faf93ce2a560c55d06c719dcade	594	Coils	Coil	Coil	449	476	-	T	26-06-2023	-	-
Eyresouth_NODE_101_length_48437_cov_7.17035_50	1c063faf93ce2a560c55d06c719dcade	594	SUPERFAMILY	SSF52540	P-loop containing nucleoside triphosphate hydrolases	30	269	1.13E-18	T	26-06-2023	IPR027417	P-loop containing nucleoside triphosphate hydrolase
Eyresouth_NODE_101_length_48437_cov_7.17035_50	1c063faf93ce2a560c55d06c719dcade	594	PANTHER	PTHR42957	HELICASE MJ1565-RELATED	104	253	9.6E-18	T	26-06-2023	-	-
Eyresouth_NODE_101_length_48437_cov_7.17035_50	1c063faf93ce2a560c55d06c719dcade	594	SUPERFAMILY	SSF46785	"Winged helix" DNA-binding domain	506	587	1.33E-6	T	26-06-2023	IPR036390	Winged helix DNA-binding domain superfamily
Eyresouth_NODE_101_length_48437_cov_7.17035_50	1c063faf93ce2a560c55d06c719dcade	594	Gene3D	G3DSA:3.40.50.300	-	12	276	1.6E-42	T	26-06-2023	IPR027417	P-loop containing nucleoside triphosphate hydrolase
Eyresouth_NODE_101_length_48437_cov_7.17035_50	1c063faf93ce2a560c55d06c719dcade	594	Coils	Coil	Coil	570	590	-	T	26-06-2023	-	-
Eyresouth_NODE_101_length_48437_cov_7.17035_30	727bc57a93edec727ede1eb0e2651e4d	553	Coils	Coil	Coil	436	456	-	T	26-06-2023	-	-
Eyresouth_NODE_101_length_48437_cov_7.17035_30	727bc57a93edec727ede1eb0e2651e4d	553	Coils	Coil	Coil	27	47	-	T	26-06-2023	-	-
Eyresouth_NODE_101_length_48437_cov_7.17035_36	a7d76efcd507cbf9738e45504927c0ff	114	CDD	cd00090	HTH_ARSR	40	113	4.39789E-6	T	26-06-2023	IPR011991	ArsR-like helix-turn-helix domain
Eyresouth_NODE_101_length_48437_cov_7.17035_36	a7d76efcd507cbf9738e45504927c0ff	114	Pfam	PF01022	Bacterial regulatory protein, arsR family	45	91	2.5E-7	T	26-06-2023	IPR001845	HTH ArsR-type DNA-binding domain
Eyresouth_NODE_101_length_48437_cov_7.17035_36	a7d76efcd507cbf9738e45504927c0ff	114	SUPERFAMILY	SSF46785	"Winged helix" DNA-binding domain	41	107	9.91E-10	T	26-06-2023	IPR036390	Winged helix DNA-binding domain superfamily
Eyresouth_NODE_101_length_48437_cov_7.17035_36	a7d76efcd507cbf9738e45504927c0ff	114	Gene3D	G3DSA:1.10.10.10	-	37	111	4.0E-10	T	26-06-2023	IPR036388	Winged helix-like DNA-binding domain superfamily
Eyresouth_NODE_101_length_48437_cov_7.17035_23	ba9d2ee399a6cd6950a06a3fde9947c8	90	MobiDBLite	mobidb-lite	consensus disorder prediction	64	90	-	T	26-06-2023	-	-
Eyresouth_NODE_101_length_48437_cov_7.17035_12	6c5b964c8c4d84f8d7245eeff9448835	319	MobiDBLite	mobidb-lite	consensus disorder prediction	176	197	-	T	26-06-2023	-	-
Eyresouth_NODE_101_length_48437_cov_7.17035_12	6c5b964c8c4d84f8d7245eeff9448835	319	MobiDBLite	mobidb-lite	consensus disorder prediction	83	101	-	T	26-06-2023	-	-
Eyresouth_NODE_101_length_48437_cov_7.17035_12	6c5b964c8c4d84f8d7245eeff9448835	319	MobiDBLite	mobidb-lite	consensus disorder prediction	82	101	-	T	26-06-2023	-	-
Eyresouth_NODE_101_length_48437_cov_7.17035_26	bceed52d16bb9f07c73f42af77f96d73	455	MobiDBLite	mobidb-lite	consensus disorder prediction	37	51	-	T	26-06-2023	-	-
Eyresouth_NODE_101_length_48437_cov_7.17035_26	bceed52d16bb9f07c73f42af77f96d73	455	MobiDBLite	mobidb-lite	consensus disorder prediction	37	80	-	T	26-06-2023	-	-
Eyresouth_NODE_101_length_48437_cov_7.17035_26	bceed52d16bb9f07c73f42af77f96d73	455	MobiDBLite	mobidb-lite	consensus disorder prediction	436	455	-	T	26-06-2023	-	-
Eyresouth_NODE_101_length_48437_cov_7.17035_28	f7531e40fae4c2a143ef2c2091ba9737	826	Gene3D	G3DSA:3.40.50.300	-	402	594	1.3E-8	T	26-06-2023	IPR027417	P-loop containing nucleoside triphosphate hydrolase
Eyresouth_NODE_101_length_48437_cov_7.17035_28	f7531e40fae4c2a143ef2c2091ba9737	826	MobiDBLite	mobidb-lite	consensus disorder prediction	1	55	-	T	26-06-2023	-	-
Eyresouth_NODE_101_length_48437_cov_7.17035_28	f7531e40fae4c2a143ef2c2091ba9737	826	SUPERFAMILY	SSF52540	P-loop containing nucleoside triphosphate hydrolases	397	586	9.03E-5	T	26-06-2023	IPR027417	P-loop containing nucleoside triphosphate hydrolase
Eyresouth_NODE_101_length_48437_cov_7.17035_46	c8d3feffe60df267952d713640a75603	263	Coils	Coil	Coil	217	237	-	T	26-06-2023	-	-
Eyresouth_NODE_101_length_48437_cov_7.17035_45	35ab951a3a669f3f1369274f71e5d7f8	101	Coils	Coil	Coil	83	101	-	T	26-06-2023	-	-
Eyresouth_NODE_101_length_48437_cov_7.17035_34	87ec70cef92c8bc95223c9a38f70d478	45	MobiDBLite	mobidb-lite	consensus disorder prediction	1	26	-	T	26-06-2023	-	-
Eyresouth_NODE_101_length_48437_cov_7.17035_55	2ea9004a53a7bf202c9b2e38940b81b3	104	MobiDBLite	mobidb-lite	consensus disorder prediction	79	104	-	T	26-06-2023	-	-
Eyresouth_NODE_101_length_48437_cov_7.17035_55	2ea9004a53a7bf202c9b2e38940b81b3	104	MobiDBLite	mobidb-lite	consensus disorder prediction	90	104	-	T	26-06-2023	-	-
Eyresouth_NODE_101_length_48437_cov_7.17035_56	dde2848d452ab11ee31c0624baea8203	511	MobiDBLite	mobidb-lite	consensus disorder prediction	36	60	-	T	26-06-2023	-	-
Eyresouth_NODE_101_length_48437_cov_7.17035_41	5b6c0d0f042ea6bc5ec1a94ee74574f3	241	Gene3D	G3DSA:3.30.420.10	-	3	198	9.1E-6	T	26-06-2023	IPR036397	Ribonuclease H superfamily
Eyresouth_NODE_101_length_48437_cov_7.17035_41	5b6c0d0f042ea6bc5ec1a94ee74574f3	241	SUPERFAMILY	SSF53098	Ribonuclease H-like	2	146	3.61E-8	T	26-06-2023	IPR012337	Ribonuclease H-like superfamily
Eyresouth_NODE_101_length_48437_cov_7.17035_31	d4d2a54ace2538f612c67110d90c6237	420	ProSiteProfiles	PS51900	Core-binding (CB) domain profile.	97	193	8.563599	T	26-06-2023	IPR044068	Core-binding (CB) domain
Eyresouth_NODE_101_length_48437_cov_7.17035_31	d4d2a54ace2538f612c67110d90c6237	420	Gene3D	G3DSA:1.10.443.10	Intergrase catalytic core	218	410	2.8E-16	T	26-06-2023	IPR013762	Integrase-like, catalytic domain superfamily
Eyresouth_NODE_101_length_48437_cov_7.17035_31	d4d2a54ace2538f612c67110d90c6237	420	Gene3D	G3DSA:1.10.150.130	-	96	211	5.7E-6	T	26-06-2023	IPR010998	Integrase/recombinase, N-terminal
Eyresouth_NODE_101_length_48437_cov_7.17035_31	d4d2a54ace2538f612c67110d90c6237	420	SUPERFAMILY	SSF56349	DNA breaking-rejoining enzymes	103	345	1.24E-22	T	26-06-2023	IPR011010	DNA breaking-rejoining enzyme, catalytic core
Eyresouth_NODE_101_length_48437_cov_7.17035_31	d4d2a54ace2538f612c67110d90c6237	420	ProSiteProfiles	PS51898	Tyrosine recombinase domain profile.	220	408	13.441104	T	26-06-2023	IPR002104	Integrase, catalytic domain
Eyresouth_NODE_101_length_48437_cov_7.17035_31	d4d2a54ace2538f612c67110d90c6237	420	Pfam	PF00589	Phage integrase family	225	349	2.8E-6	T	26-06-2023	IPR002104	Integrase, catalytic domain
Eyresouth_NODE_101_length_48437_cov_7.17035_21	1b04a57199012c95726f897e7d14f6ae	90	MobiDBLite	mobidb-lite	consensus disorder prediction	54	90	-	T	26-06-2023	-	-
Eyresouth_NODE_101_length_48437_cov_7.17035_29	a6db229dfabcce9baeae057956406f91	323	Gene3D	G3DSA:3.30.1640.10	-	1	99	6.4E-16	T	26-06-2023	-	-
Eyresouth_NODE_101_length_48437_cov_7.17035_29	a6db229dfabcce9baeae057956406f91	323	Pfam	PF17207	MCM OB domain	108	227	7.7E-19	T	26-06-2023	IPR033762	MCM OB domain
Eyresouth_NODE_101_length_48437_cov_7.17035_29	a6db229dfabcce9baeae057956406f91	323	Gene3D	G3DSA:2.20.28.10	-	131	180	4.4E-24	T	26-06-2023	-	-
Eyresouth_NODE_101_length_48437_cov_7.17035_29	a6db229dfabcce9baeae057956406f91	323	Gene3D	G3DSA:2.40.50.140	-	108	232	4.4E-24	T	26-06-2023	IPR012340	Nucleic acid-binding, OB-fold
Eyresouth_NODE_101_length_48437_cov_7.17035_29	a6db229dfabcce9baeae057956406f91	323	SUPERFAMILY	SSF50249	Nucleic acid-binding proteins	27	241	1.59E-34	T	26-06-2023	IPR012340	Nucleic acid-binding, OB-fold
Eyresouth_NODE_101_length_48437_cov_7.17035_29	a6db229dfabcce9baeae057956406f91	323	Coils	Coil	Coil	295	315	-	T	26-06-2023	-	-
Eyresouth_NODE_101_length_48437_cov_7.17035_29	a6db229dfabcce9baeae057956406f91	323	PANTHER	PTHR11630	DNA REPLICATION LICENSING FACTOR MCM FAMILY MEMBER	8	245	6.3E-26	T	26-06-2023	IPR031327	Mini-chromosome maintenance protein
Eyresouth_NODE_101_length_48437_cov_7.17035_29	a6db229dfabcce9baeae057956406f91	323	FunFam	G3DSA:2.20.28.10:FF:000003	DNA helicase	132	180	2.5E-9	T	26-06-2023	-	-
Eyresouth_NODE_101_length_48437_cov_7.17035_24	559a9084ff63bedbf1156984720d5fb6	250	MobiDBLite	mobidb-lite	consensus disorder prediction	199	250	-	T	26-06-2023	-	-
Eyresouth_NODE_101_length_48437_cov_7.17035_24	559a9084ff63bedbf1156984720d5fb6	250	MobiDBLite	mobidb-lite	consensus disorder prediction	199	229	-	T	26-06-2023	-	-
Eyresouth_NODE_101_length_48437_cov_7.17035_24	559a9084ff63bedbf1156984720d5fb6	250	MobiDBLite	mobidb-lite	consensus disorder prediction	1	20	-	T	26-06-2023	-	-
Eyresouth_NODE_101_length_48437_cov_7.17035_14	7984a49ef8880b1d6f2cc2cb4bce39ee	365	PANTHER	PTHR45460	SIMILAR TO CYSTEINE PROTEINASE	8	358	3.0E-15	T	26-06-2023	-	-
Eyresouth_NODE_101_length_48437_cov_7.17035_14	7984a49ef8880b1d6f2cc2cb4bce39ee	365	Pfam	PF13517	FG-GAP-like repeat	70	132	1.0E-8	T	26-06-2023	IPR013517	FG-GAP repeat
Eyresouth_NODE_101_length_48437_cov_7.17035_14	7984a49ef8880b1d6f2cc2cb4bce39ee	365	SUPERFAMILY	SSF69318	Integrin alpha N-terminal domain	16	359	2.79E-23	T	26-06-2023	IPR028994	Integrin alpha, N-terminal
Eyresouth_NODE_101_length_48437_cov_7.17035_14	7984a49ef8880b1d6f2cc2cb4bce39ee	365	Gene3D	G3DSA:2.130.10.130	-	6	168	1.4E-8	T	26-06-2023	IPR028994	Integrin alpha, N-terminal
Eyresouth_NODE_101_length_48437_cov_7.17035_49	9bba4fa5a8d3928026e3f975b7bfac13	174	Pfam	PF07799	Protein of unknown function (DUF1643)	24	153	1.9E-39	T	26-06-2023	IPR012441	Protein of unknown function DUF1643
Eyresouth_NODE_101_length_48437_cov_7.17035_49	9bba4fa5a8d3928026e3f975b7bfac13	174	MobiDBLite	mobidb-lite	consensus disorder prediction	147	174	-	T	26-06-2023	-	-
Eyresouth_NODE_101_length_48437_cov_7.17035_9	8309d366c960a3965f06a690e9e3d254	1176	MobiDBLite	mobidb-lite	consensus disorder prediction	82	98	-	T	26-06-2023	-	-
Eyresouth_NODE_101_length_48437_cov_7.17035_9	8309d366c960a3965f06a690e9e3d254	1176	Coils	Coil	Coil	484	504	-	T	26-06-2023	-	-
Eyresouth_NODE_101_length_48437_cov_7.17035_9	8309d366c960a3965f06a690e9e3d254	1176	MobiDBLite	mobidb-lite	consensus disorder prediction	82	110	-	T	26-06-2023	-	-
Eyresouth_NODE_101_length_48437_cov_7.17035_9	8309d366c960a3965f06a690e9e3d254	1176	Gene3D	G3DSA:2.60.120.200	-	53	270	2.2E-5	T	26-06-2023	-	-
Eyresouth_NODE_101_length_48437_cov_7.17035_44	9daf278a64d3cb35efc8253f1e3a4df8	197	MobiDBLite	mobidb-lite	consensus disorder prediction	90	107	-	T	26-06-2023	-	-
Eyresouth_NODE_101_length_48437_cov_7.17035_44	9daf278a64d3cb35efc8253f1e3a4df8	197	MobiDBLite	mobidb-lite	consensus disorder prediction	81	107	-	T	26-06-2023	-	-
Eyresouth_NODE_101_length_48437_cov_7.17035_27	054d109fc4ba6f085a5c831405b94095	627	MobiDBLite	mobidb-lite	consensus disorder prediction	600	627	-	T	26-06-2023	-	-
Eyresouth_NODE_101_length_48437_cov_7.17035_27	054d109fc4ba6f085a5c831405b94095	627	MobiDBLite	mobidb-lite	consensus disorder prediction	280	296	-	T	26-06-2023	-	-
Eyresouth_NODE_101_length_48437_cov_7.17035_27	054d109fc4ba6f085a5c831405b94095	627	MobiDBLite	mobidb-lite	consensus disorder prediction	610	627	-	T	26-06-2023	-	-
Eyresouth_NODE_101_length_48437_cov_7.17035_27	054d109fc4ba6f085a5c831405b94095	627	MobiDBLite	mobidb-lite	consensus disorder prediction	268	301	-	T	26-06-2023	-	-
Eyresouth_NODE_101_length_48437_cov_7.17035_1	b81cb8e17b26c1ca850b8709f348030d	249	PANTHER	PTHR11630	DNA REPLICATION LICENSING FACTOR MCM FAMILY MEMBER	12	242	9.3E-32	T	26-06-2023	IPR031327	Mini-chromosome maintenance protein
Eyresouth_NODE_101_length_48437_cov_7.17035_1	b81cb8e17b26c1ca850b8709f348030d	249	Gene3D	G3DSA:3.30.1640.10	-	1	96	3.4E-28	T	26-06-2023	-	-
Eyresouth_NODE_101_length_48437_cov_7.17035_1	b81cb8e17b26c1ca850b8709f348030d	249	Pfam	PF14551	MCM N-terminal domain	19	81	5.5E-9	T	26-06-2023	IPR027925	MCM N-terminal domain
Eyresouth_NODE_101_length_48437_cov_7.17035_1	b81cb8e17b26c1ca850b8709f348030d	249	Gene3D	G3DSA:2.40.50.140	-	106	235	1.7E-28	T	26-06-2023	IPR012340	Nucleic acid-binding, OB-fold
Eyresouth_NODE_101_length_48437_cov_7.17035_1	b81cb8e17b26c1ca850b8709f348030d	249	Gene3D	G3DSA:2.20.28.10	-	129	177	1.7E-28	T	26-06-2023	-	-
Eyresouth_NODE_101_length_48437_cov_7.17035_1	b81cb8e17b26c1ca850b8709f348030d	249	Pfam	PF17207	MCM OB domain	108	224	5.6E-23	T	26-06-2023	IPR033762	MCM OB domain
Eyresouth_NODE_101_length_48437_cov_7.17035_1	b81cb8e17b26c1ca850b8709f348030d	249	SUPERFAMILY	SSF50249	Nucleic acid-binding proteins	16	227	7.02E-39	T	26-06-2023	IPR012340	Nucleic acid-binding, OB-fold
Eyresouth_NODE_101_length_48437_cov_7.17035_2	6c9c2683446242f91896074ce566d48d	174	Coils	Coil	Coil	14	69	-	T	26-06-2023	-	-
Eyresouth_NODE_101_length_48437_cov_7.17035_2	6c9c2683446242f91896074ce566d48d	174	SUPERFAMILY	SSF57997	Tropomyosin	15	68	2.16E-5	T	26-06-2023	-	-
Eyresouth_NODE_101_length_48437_cov_7.17035_32	96b612ed16bee575a6763720541bb9f1	430	Gene3D	G3DSA:1.10.390.10	Neutral Protease Domain 2	224	388	1.3E-5	T	26-06-2023	IPR027268	Peptidase M4/M1, CTD superfamily
Eyresouth_NODE_101_length_48437_cov_7.17035_11	5947828824f6802f29d8df7abbc9f204	269	ProSiteProfiles	PS51318	Twin arginine translocation (Tat) signal profile.	1	37	8.499338	T	26-06-2023	IPR006311	Twin-arginine translocation pathway, signal sequence
Eyresouth_NODE_101_length_48437_cov_7.17035_18	25c1db71042eee26328bf568927f3cd9	46	MobiDBLite	mobidb-lite	consensus disorder prediction	1	22	-	T	26-06-2023	-	-
Eyresouth_NODE_101_length_48437_cov_7.17035_10	5e54495ec74a7d2391df88e611e93084	537	SUPERFAMILY	SSF52743	Subtilisin-like	210	498	1.07E-48	T	26-06-2023	IPR036852	Peptidase S8/S53 domain superfamily
Eyresouth_NODE_101_length_48437_cov_7.17035_10	5e54495ec74a7d2391df88e611e93084	537	ProSiteProfiles	PS51892	Serine proteases, subtilase domain profile.	200	497	32.881557	T	26-06-2023	-	-
Eyresouth_NODE_101_length_48437_cov_7.17035_10	5e54495ec74a7d2391df88e611e93084	537	Pfam	PF00082	Subtilase family	223	472	2.4E-37	T	26-06-2023	IPR000209	Peptidase S8/S53 domain
Eyresouth_NODE_101_length_48437_cov_7.17035_10	5e54495ec74a7d2391df88e611e93084	537	PRINTS	PR00723	Subtilisin serine protease family (S8) signature	268	281	4.2E-11	T	26-06-2023	IPR015500	Peptidase S8, subtilisin-related
Eyresouth_NODE_101_length_48437_cov_7.17035_10	5e54495ec74a7d2391df88e611e93084	537	PRINTS	PR00723	Subtilisin serine protease family (S8) signature	439	455	4.2E-11	T	26-06-2023	IPR015500	Peptidase S8, subtilisin-related
Eyresouth_NODE_101_length_48437_cov_7.17035_10	5e54495ec74a7d2391df88e611e93084	537	PRINTS	PR00723	Subtilisin serine protease family (S8) signature	221	240	4.2E-11	T	26-06-2023	IPR015500	Peptidase S8, subtilisin-related
Eyresouth_NODE_101_length_48437_cov_7.17035_10	5e54495ec74a7d2391df88e611e93084	537	Gene3D	G3DSA:3.40.50.200	Peptidase S8/S53 domain	186	502	4.8E-54	T	26-06-2023	IPR036852	Peptidase S8/S53 domain superfamily
Eyresouth_NODE_101_length_48437_cov_7.17035_10	5e54495ec74a7d2391df88e611e93084	537	MobiDBLite	mobidb-lite	consensus disorder prediction	401	416	-	T	26-06-2023	-	-
Eyresouth_NODE_101_length_48437_cov_7.17035_10	5e54495ec74a7d2391df88e611e93084	537	MobiDBLite	mobidb-lite	consensus disorder prediction	503	524	-	T	26-06-2023	-	-
Eyresouth_NODE_101_length_48437_cov_7.17035_10	5e54495ec74a7d2391df88e611e93084	537	MobiDBLite	mobidb-lite	consensus disorder prediction	397	429	-	T	26-06-2023	-	-
Eyresouth_NODE_101_length_48437_cov_7.17035_10	5e54495ec74a7d2391df88e611e93084	537	PANTHER	PTHR43806	PEPTIDASE S8	117	479	2.7E-40	T	26-06-2023	-	-
Eyresouth_NODE_101_length_48437_cov_7.17035_10	5e54495ec74a7d2391df88e611e93084	537	ProSitePatterns	PS00138	Serine proteases, subtilase family, serine active site.	440	450	-	T	26-06-2023	IPR023828	Peptidase S8, subtilisin, Ser-active site
Eyresouth_NODE_101_length_48437_cov_7.17035_10	5e54495ec74a7d2391df88e611e93084	537	MobiDBLite	mobidb-lite	consensus disorder prediction	497	537	-	T	26-06-2023	-	-
Eyresouth_NODE_101_length_48437_cov_7.17035_10	5e54495ec74a7d2391df88e611e93084	537	ProSiteProfiles	PS51318	Twin arginine translocation (Tat) signal profile.	1	55	8.397959	T	26-06-2023	IPR006311	Twin-arginine translocation pathway, signal sequence
Eyresouth_NODE_101_length_48437_cov_7.17035_40	6a5e09dd0d51e74a2f6a981bd6ee336e	85	MobiDBLite	mobidb-lite	consensus disorder prediction	1	22	-	T	26-06-2023	-	-
Eyresouth_NODE_101_length_48437_cov_7.17035_40	6a5e09dd0d51e74a2f6a981bd6ee336e	85	SUPERFAMILY	SSF46785	"Winged helix" DNA-binding domain	25	81	1.26E-5	T	26-06-2023	IPR036390	Winged helix DNA-binding domain superfamily
Eyresouth_NODE_101_length_48437_cov_7.17035_25	085d4773e613e0cd4ef7243357e7a737	357	MobiDBLite	mobidb-lite	consensus disorder prediction	320	357	-	T	26-06-2023	-	-
Eyresouth_NODE_101_length_48437_cov_7.17035_25	085d4773e613e0cd4ef7243357e7a737	357	Coils	Coil	Coil	261	281	-	T	26-06-2023	-	-
Eyresouth_NODE_101_length_48437_cov_7.17035_25	085d4773e613e0cd4ef7243357e7a737	357	MobiDBLite	mobidb-lite	consensus disorder prediction	320	335	-	T	26-06-2023	-	-
Eyresouth_NODE_101_length_48437_cov_7.17035_25	085d4773e613e0cd4ef7243357e7a737	357	MobiDBLite	mobidb-lite	consensus disorder prediction	343	357	-	T	26-06-2023	-	-
Eyresouth_NODE_101_length_48437_cov_7.17035_5	e939bbdb4634bac6d768269714bf99bc	124	SUPERFAMILY	SSF46785	"Winged helix" DNA-binding domain	25	93	1.36E-5	T	26-06-2023	IPR036390	Winged helix DNA-binding domain superfamily
Eyresouth_NODE_101_length_48437_cov_7.17035_5	e939bbdb4634bac6d768269714bf99bc	124	Gene3D	G3DSA:1.10.10.10	-	23	122	1.8E-5	T	26-06-2023	IPR036388	Winged helix-like DNA-binding domain superfamily
Eyresouth_NODE_101_length_48437_cov_7.17035_39	22848c6a11d9950e45fd43067a83ffae	303	Gene3D	G3DSA:3.40.50.150	Vaccinia Virus protein VP39	90	290	1.0E-35	T	26-06-2023	IPR029063	S-adenosyl-L-methionine-dependent methyltransferase superfamily
Eyresouth_NODE_101_length_48437_cov_7.17035_39	22848c6a11d9950e45fd43067a83ffae	303	Pfam	PF05050	Methyltransferase FkbM domain	105	278	3.2E-24	T	26-06-2023	IPR006342	Methyltransferase FkbM
Eyresouth_NODE_101_length_48437_cov_7.17035_39	22848c6a11d9950e45fd43067a83ffae	303	NCBIfam	TIGR01444	FkbM family methyltransferase	102	254	2.7E-31	T	26-06-2023	IPR006342	Methyltransferase FkbM
Eyresouth_NODE_101_length_48437_cov_7.17035_39	22848c6a11d9950e45fd43067a83ffae	303	SUPERFAMILY	SSF53335	S-adenosyl-L-methionine-dependent methyltransferases	86	284	9.9E-45	T	26-06-2023	IPR029063	S-adenosyl-L-methionine-dependent methyltransferase superfamily
Eyresouth_NODE_101_length_48437_cov_7.17035_39	22848c6a11d9950e45fd43067a83ffae	303	PANTHER	PTHR34203	METHYLTRANSFERASE, FKBM FAMILY PROTEIN	33	282	3.0E-32	T	26-06-2023	-	-
Eyresouth_NODE_101_length_48437_cov_7.17035_54	2e6bc1369f48c06d277446941b6c45bf	113	MobiDBLite	mobidb-lite	consensus disorder prediction	82	101	-	T	26-06-2023	-	-
Eyresouth_NODE_101_length_48437_cov_7.17035_8	5de382df1246bfc7f98470de3c44bbab	221	MobiDBLite	mobidb-lite	consensus disorder prediction	1	24	-	T	26-06-2023	-	-
Eyresouth_NODE_101_length_48437_cov_7.17035_8	5de382df1246bfc7f98470de3c44bbab	221	MobiDBLite	mobidb-lite	consensus disorder prediction	8	24	-	T	26-06-2023	-	-
