FNFE01000011.1_3	545d7874df3df785e03514e0585e499c	59	MobiDBLite	mobidb-lite	consensus disorder prediction	22	40	-	T	26-06-2023	-	-
FNFE01000011.1_3	545d7874df3df785e03514e0585e499c	59	MobiDBLite	mobidb-lite	consensus disorder prediction	14	59	-	T	26-06-2023	-	-
FNFE01000011.1_3	545d7874df3df785e03514e0585e499c	59	MobiDBLite	mobidb-lite	consensus disorder prediction	42	59	-	T	26-06-2023	-	-
FNFE01000011.1_20	05754265f2463839ddd0682cfd71e1bb	500	PANTHER	PTHR43806	PEPTIDASE S8	120	456	3.7E-37	T	26-06-2023	-	-
FNFE01000011.1_20	05754265f2463839ddd0682cfd71e1bb	500	MobiDBLite	mobidb-lite	consensus disorder prediction	357	391	-	T	26-06-2023	-	-
FNFE01000011.1_20	05754265f2463839ddd0682cfd71e1bb	500	SUPERFAMILY	SSF52743	Subtilisin-like	201	470	1.7E-45	T	26-06-2023	IPR036852	Peptidase S8/S53 domain superfamily
FNFE01000011.1_20	05754265f2463839ddd0682cfd71e1bb	500	PRINTS	PR00723	Subtilisin serine protease family (S8) signature	207	226	1.6E-9	T	26-06-2023	IPR015500	Peptidase S8, subtilisin-related
FNFE01000011.1_20	05754265f2463839ddd0682cfd71e1bb	500	PRINTS	PR00723	Subtilisin serine protease family (S8) signature	250	263	1.6E-9	T	26-06-2023	IPR015500	Peptidase S8, subtilisin-related
FNFE01000011.1_20	05754265f2463839ddd0682cfd71e1bb	500	PRINTS	PR00723	Subtilisin serine protease family (S8) signature	412	428	1.6E-9	T	26-06-2023	IPR015500	Peptidase S8, subtilisin-related
FNFE01000011.1_20	05754265f2463839ddd0682cfd71e1bb	500	ProSiteProfiles	PS51318	Twin arginine translocation (Tat) signal profile.	1	29	8.071781	T	26-06-2023	IPR006311	Twin-arginine translocation pathway, signal sequence
FNFE01000011.1_20	05754265f2463839ddd0682cfd71e1bb	500	ProSiteProfiles	PS51892	Serine proteases, subtilase domain profile.	185	469	24.044437	T	26-06-2023	-	-
FNFE01000011.1_20	05754265f2463839ddd0682cfd71e1bb	500	Gene3D	G3DSA:3.40.50.200	Peptidase S8/S53 domain	179	474	2.5E-52	T	26-06-2023	IPR036852	Peptidase S8/S53 domain superfamily
FNFE01000011.1_20	05754265f2463839ddd0682cfd71e1bb	500	Pfam	PF00082	Subtilase family	209	431	2.9E-33	T	26-06-2023	IPR000209	Peptidase S8/S53 domain
FNFE01000011.1_52	edf3a690087cd4248228b55cec867d38	132	MobiDBLite	mobidb-lite	consensus disorder prediction	1	35	-	T	26-06-2023	-	-
FNFE01000011.1_52	edf3a690087cd4248228b55cec867d38	132	MobiDBLite	mobidb-lite	consensus disorder prediction	1	28	-	T	26-06-2023	-	-
FNFE01000011.1_84	b1aa446053b1ffd3611a6a2555c6a0ae	402	Coils	Coil	Coil	332	352	-	T	26-06-2023	-	-
FNFE01000011.1_84	b1aa446053b1ffd3611a6a2555c6a0ae	402	Pfam	PF17855	MCM AAA-lid domain	223	306	1.5E-7	T	26-06-2023	IPR041562	MCM, AAA-lid domain
FNFE01000011.1_84	b1aa446053b1ffd3611a6a2555c6a0ae	402	Gene3D	G3DSA:3.40.50.300	-	5	314	5.2E-32	T	26-06-2023	IPR027417	P-loop containing nucleoside triphosphate hydrolase
FNFE01000011.1_84	b1aa446053b1ffd3611a6a2555c6a0ae	402	ProSiteProfiles	PS50051	MCM family domain profile.	36	199	18.013641	T	26-06-2023	IPR001208	MCM domain
FNFE01000011.1_84	b1aa446053b1ffd3611a6a2555c6a0ae	402	Gene3D	G3DSA:1.10.10.10	-	315	394	7.7E-22	T	26-06-2023	IPR036388	Winged helix-like DNA-binding domain superfamily
FNFE01000011.1_84	b1aa446053b1ffd3611a6a2555c6a0ae	402	Coils	Coil	Coil	365	385	-	T	26-06-2023	-	-
FNFE01000011.1_84	b1aa446053b1ffd3611a6a2555c6a0ae	402	Pfam	PF00493	MCM P-loop domain	12	201	5.3E-17	T	26-06-2023	IPR001208	MCM domain
FNFE01000011.1_84	b1aa446053b1ffd3611a6a2555c6a0ae	402	PANTHER	PTHR11630	DNA REPLICATION LICENSING FACTOR MCM FAMILY MEMBER	12	363	3.9E-26	T	26-06-2023	IPR031327	Mini-chromosome maintenance protein
FNFE01000011.1_84	b1aa446053b1ffd3611a6a2555c6a0ae	402	MobiDBLite	mobidb-lite	consensus disorder prediction	382	402	-	T	26-06-2023	-	-
FNFE01000011.1_13	bc7a0cbc24911eadfcccf3ccbaeb7a63	121	SUPERFAMILY	SSF46785	"Winged helix" DNA-binding domain	43	105	1.29E-8	T	26-06-2023	IPR036390	Winged helix DNA-binding domain superfamily
FNFE01000011.1_13	bc7a0cbc24911eadfcccf3ccbaeb7a63	121	Gene3D	G3DSA:1.10.10.10	-	41	103	1.7E-7	T	26-06-2023	IPR036388	Winged helix-like DNA-binding domain superfamily
FNFE01000011.1_68	5c9b830b866e19a8f1c1f2ae1b75572e	196	SMART	SM00271	dnaj_3	139	193	4.1E-11	T	26-06-2023	IPR001623	DnaJ domain
FNFE01000011.1_68	5c9b830b866e19a8f1c1f2ae1b75572e	196	CDD	cd06257	DnaJ	145	188	5.06227E-12	T	26-06-2023	IPR001623	DnaJ domain
FNFE01000011.1_68	5c9b830b866e19a8f1c1f2ae1b75572e	196	MobiDBLite	mobidb-lite	consensus disorder prediction	39	66	-	T	26-06-2023	-	-
FNFE01000011.1_68	5c9b830b866e19a8f1c1f2ae1b75572e	196	MobiDBLite	mobidb-lite	consensus disorder prediction	111	153	-	T	26-06-2023	-	-
FNFE01000011.1_68	5c9b830b866e19a8f1c1f2ae1b75572e	196	PANTHER	PTHR44240	DNAJ DOMAIN (PROKARYOTIC HEAT SHOCK PROTEIN)-RELATED	52	192	3.3E-10	T	26-06-2023	-	-
FNFE01000011.1_68	5c9b830b866e19a8f1c1f2ae1b75572e	196	Pfam	PF00226	DnaJ domain	144	192	4.9E-12	T	26-06-2023	IPR001623	DnaJ domain
FNFE01000011.1_68	5c9b830b866e19a8f1c1f2ae1b75572e	196	MobiDBLite	mobidb-lite	consensus disorder prediction	9	25	-	T	26-06-2023	-	-
FNFE01000011.1_68	5c9b830b866e19a8f1c1f2ae1b75572e	196	PRINTS	PR00625	DnaJ domain signature	142	160	1.2E-6	T	26-06-2023	IPR001623	DnaJ domain
FNFE01000011.1_68	5c9b830b866e19a8f1c1f2ae1b75572e	196	PRINTS	PR00625	DnaJ domain signature	173	193	1.2E-6	T	26-06-2023	IPR001623	DnaJ domain
FNFE01000011.1_68	5c9b830b866e19a8f1c1f2ae1b75572e	196	ProSiteProfiles	PS50076	dnaJ domain profile.	140	193	13.419676	T	26-06-2023	IPR001623	DnaJ domain
FNFE01000011.1_68	5c9b830b866e19a8f1c1f2ae1b75572e	196	Gene3D	G3DSA:1.10.287.110	DnaJ domain	135	194	1.4E-16	T	26-06-2023	IPR036869	Chaperone J-domain superfamily
FNFE01000011.1_68	5c9b830b866e19a8f1c1f2ae1b75572e	196	MobiDBLite	mobidb-lite	consensus disorder prediction	1	25	-	T	26-06-2023	-	-
FNFE01000011.1_68	5c9b830b866e19a8f1c1f2ae1b75572e	196	SUPERFAMILY	SSF46565	Chaperone J-domain	142	191	1.7E-16	T	26-06-2023	IPR036869	Chaperone J-domain superfamily
FNFE01000011.1_12	9ade1c2dda4c46817f645bc488ddd022	353	SUPERFAMILY	SSF52540	P-loop containing nucleoside triphosphate hydrolases	3	250	6.0E-34	T	26-06-2023	IPR027417	P-loop containing nucleoside triphosphate hydrolase
FNFE01000011.1_12	9ade1c2dda4c46817f645bc488ddd022	353	SMART	SM00382	AAA_5	39	174	1.4E-5	T	26-06-2023	IPR003593	AAA+ ATPase domain
FNFE01000011.1_12	9ade1c2dda4c46817f645bc488ddd022	353	MobiDBLite	mobidb-lite	consensus disorder prediction	317	341	-	T	26-06-2023	-	-
FNFE01000011.1_12	9ade1c2dda4c46817f645bc488ddd022	353	NCBIfam	TIGR02928	orc1/cdc6 family replication initiation protein	3	326	2.1E-54	T	26-06-2023	IPR014277	Orc1/Cdc6-type DNA replication protein, archaea
FNFE01000011.1_12	9ade1c2dda4c46817f645bc488ddd022	353	Gene3D	G3DSA:1.10.8.60	-	6	251	2.5E-58	T	26-06-2023	-	-
FNFE01000011.1_12	9ade1c2dda4c46817f645bc488ddd022	353	PANTHER	PTHR10763	CELL DIVISION CONTROL PROTEIN 6-RELATED	5	280	2.7E-32	T	26-06-2023	-	-
FNFE01000011.1_12	9ade1c2dda4c46817f645bc488ddd022	353	CDD	cd18139	HLD_clamp_RarA	183	251	1.60638E-6	T	26-06-2023	-	-
FNFE01000011.1_12	9ade1c2dda4c46817f645bc488ddd022	353	Gene3D	G3DSA:3.40.50.300	-	17	182	2.5E-58	T	26-06-2023	IPR027417	P-loop containing nucleoside triphosphate hydrolase
FNFE01000011.1_12	9ade1c2dda4c46817f645bc488ddd022	353	MobiDBLite	mobidb-lite	consensus disorder prediction	317	353	-	T	26-06-2023	-	-
FNFE01000011.1_12	9ade1c2dda4c46817f645bc488ddd022	353	Pfam	PF13401	AAA domain	44	146	7.4E-14	T	26-06-2023	IPR003593	AAA+ ATPase domain
FNFE01000011.1_26	c0c394360c35474c8fa4db1e467960c5	97	MobiDBLite	mobidb-lite	consensus disorder prediction	16	30	-	T	26-06-2023	-	-
FNFE01000011.1_26	c0c394360c35474c8fa4db1e467960c5	97	MobiDBLite	mobidb-lite	consensus disorder prediction	1	34	-	T	26-06-2023	-	-
FNFE01000011.1_66	e9991c962cbcc7359a92d4ea95d341e2	112	SUPERFAMILY	SSF47781	RuvA domain 2-like	28	76	4.34E-5	T	26-06-2023	IPR010994	RuvA domain 2-like
FNFE01000011.1_66	e9991c962cbcc7359a92d4ea95d341e2	112	Gene3D	G3DSA:1.10.150.20	-	25	76	5.3E-7	T	26-06-2023	-	-
FNFE01000011.1_66	e9991c962cbcc7359a92d4ea95d341e2	112	Pfam	PF12826	Helix-hairpin-helix motif	27	76	7.7E-7	T	26-06-2023	IPR041663	DisA/LigA, helix-hairpin-helix motif
FNFE01000011.1_11	614e2bda347b4d84df820dc7ea47f343	412	FunFam	G3DSA:1.10.8.60:FF:000073	ORC1-type DNA replication protein	194	286	3.1E-26	T	26-06-2023	-	-
FNFE01000011.1_11	614e2bda347b4d84df820dc7ea47f343	412	SUPERFAMILY	SSF52540	P-loop containing nucleoside triphosphate hydrolases	10	279	6.91E-43	T	26-06-2023	IPR027417	P-loop containing nucleoside triphosphate hydrolase
FNFE01000011.1_11	614e2bda347b4d84df820dc7ea47f343	412	Pfam	PF13401	AAA domain	49	174	2.2E-11	T	26-06-2023	IPR003593	AAA+ ATPase domain
FNFE01000011.1_11	614e2bda347b4d84df820dc7ea47f343	412	Pfam	PF09079	CDC6, C terminal winged helix domain	303	385	1.7E-16	T	26-06-2023	IPR015163	Cdc6, C-terminal
FNFE01000011.1_11	614e2bda347b4d84df820dc7ea47f343	412	SUPERFAMILY	SSF46785	"Winged helix" DNA-binding domain	287	390	3.81E-14	T	26-06-2023	IPR036390	Winged helix DNA-binding domain superfamily
FNFE01000011.1_11	614e2bda347b4d84df820dc7ea47f343	412	CDD	cd08768	Cdc6_C	296	382	1.72156E-16	T	26-06-2023	IPR015163	Cdc6, C-terminal
FNFE01000011.1_11	614e2bda347b4d84df820dc7ea47f343	412	SMART	SM01074	Cdc6_C_2	303	388	1.7E-11	T	26-06-2023	IPR015163	Cdc6, C-terminal
FNFE01000011.1_11	614e2bda347b4d84df820dc7ea47f343	412	PANTHER	PTHR10763	CELL DIVISION CONTROL PROTEIN 6-RELATED	8	365	1.1E-53	T	26-06-2023	-	-
FNFE01000011.1_11	614e2bda347b4d84df820dc7ea47f343	412	FunFam	G3DSA:3.40.50.300:FF:000930	ORC1-type DNA replication protein	26	207	7.1E-58	T	26-06-2023	-	-
FNFE01000011.1_11	614e2bda347b4d84df820dc7ea47f343	412	Hamap	MF_01407	ORC1-type DNA replication protein.	3	388	30.393553	T	26-06-2023	IPR014277	Orc1/Cdc6-type DNA replication protein, archaea
FNFE01000011.1_11	614e2bda347b4d84df820dc7ea47f343	412	Gene3D	G3DSA:1.10.10.10	-	297	405	4.7E-18	T	26-06-2023	IPR036388	Winged helix-like DNA-binding domain superfamily
FNFE01000011.1_11	614e2bda347b4d84df820dc7ea47f343	412	SMART	SM00382	AAA_5	48	209	9.6E-6	T	26-06-2023	IPR003593	AAA+ ATPase domain
FNFE01000011.1_11	614e2bda347b4d84df820dc7ea47f343	412	Gene3D	G3DSA:1.10.8.60	-	10	286	1.4E-98	T	26-06-2023	-	-
FNFE01000011.1_11	614e2bda347b4d84df820dc7ea47f343	412	CDD	cd00009	AAA	32	207	7.51261E-9	T	26-06-2023	-	-
FNFE01000011.1_11	614e2bda347b4d84df820dc7ea47f343	412	NCBIfam	TIGR02928	orc1/cdc6 family replication initiation protein	10	376	0.0	T	26-06-2023	IPR014277	Orc1/Cdc6-type DNA replication protein, archaea
FNFE01000011.1_11	614e2bda347b4d84df820dc7ea47f343	412	Gene3D	G3DSA:3.40.50.300	-	26	207	1.4E-98	T	26-06-2023	IPR027417	P-loop containing nucleoside triphosphate hydrolase
FNFE01000011.1_67	8f1da233f7bc9455f35ce17a14f1f8c7	199	Gene3D	G3DSA:1.10.10.10	-	18	102	4.0E-10	T	26-06-2023	IPR036388	Winged helix-like DNA-binding domain superfamily
FNFE01000011.1_67	8f1da233f7bc9455f35ce17a14f1f8c7	199	Pfam	PF03551	Transcriptional regulator PadR-like family	30	90	2.8E-13	T	26-06-2023	IPR005149	Transcription regulator PadR, N-terminal
FNFE01000011.1_67	8f1da233f7bc9455f35ce17a14f1f8c7	199	SUPERFAMILY	SSF46785	"Winged helix" DNA-binding domain	17	97	5.89E-17	T	26-06-2023	IPR036390	Winged helix DNA-binding domain superfamily
FNFE01000011.1_23	0d229e4d6131f4a304c319e0c11b30e9	618	SUPERFAMILY	SSF49899	Concanavalin A-like lectins/glucanases	410	605	4.43E-6	T	26-06-2023	IPR013320	Concanavalin A-like lectin/glucanase domain superfamily
FNFE01000011.1_82	34c3a33e8fc9e05a0b136325a78170ba	229	MobiDBLite	mobidb-lite	consensus disorder prediction	201	229	-	T	26-06-2023	-	-
FNFE01000011.1_82	34c3a33e8fc9e05a0b136325a78170ba	229	MobiDBLite	mobidb-lite	consensus disorder prediction	1	22	-	T	26-06-2023	-	-
FNFE01000011.1_82	34c3a33e8fc9e05a0b136325a78170ba	229	MobiDBLite	mobidb-lite	consensus disorder prediction	201	222	-	T	26-06-2023	-	-
FNFE01000011.1_82	34c3a33e8fc9e05a0b136325a78170ba	229	MobiDBLite	mobidb-lite	consensus disorder prediction	1	20	-	T	26-06-2023	-	-
FNFE01000011.1_61	6d8f043fe1582c68bc8d5ebf7b8a6d17	182	MobiDBLite	mobidb-lite	consensus disorder prediction	1	25	-	T	26-06-2023	-	-
FNFE01000011.1_61	6d8f043fe1582c68bc8d5ebf7b8a6d17	182	MobiDBLite	mobidb-lite	consensus disorder prediction	1	16	-	T	26-06-2023	-	-
FNFE01000011.1_39	c81d32bb07173c6618ce47aea8953051	814	Coils	Coil	Coil	9	43	-	T	26-06-2023	-	-
FNFE01000011.1_39	c81d32bb07173c6618ce47aea8953051	814	Gene3D	G3DSA:3.40.50.300	-	399	573	1.9E-7	T	26-06-2023	IPR027417	P-loop containing nucleoside triphosphate hydrolase
FNFE01000011.1_39	c81d32bb07173c6618ce47aea8953051	814	MobiDBLite	mobidb-lite	consensus disorder prediction	1	21	-	T	26-06-2023	-	-
FNFE01000011.1_48	4b0cc02ee3fcf0878a24b6902c7032e2	194	SUPERFAMILY	SSF52309	N-(deoxy)ribosyltransferase-like	10	104	2.01E-5	T	26-06-2023	-	-
FNFE01000011.1_48	4b0cc02ee3fcf0878a24b6902c7032e2	194	Gene3D	G3DSA:3.40.50.450	-	4	134	7.5E-8	T	26-06-2023	-	-
FNFE01000011.1_32	9ef9b63e9e85778186e75c8e7d601bf9	104	MobiDBLite	mobidb-lite	consensus disorder prediction	81	104	-	T	26-06-2023	-	-
FNFE01000011.1_15	e3da28c7f4424a877f9e6b166161df29	413	Gene3D	G3DSA:3.40.720.10	Alkaline Phosphatase, subunit A	251	408	3.6E-21	T	26-06-2023	IPR017850	Alkaline-phosphatase-like, core domain superfamily
FNFE01000011.1_15	e3da28c7f4424a877f9e6b166161df29	413	PANTHER	PTHR42693	ARYLSULFATASE FAMILY MEMBER	2	388	2.4E-40	T	26-06-2023	-	-
FNFE01000011.1_15	e3da28c7f4424a877f9e6b166161df29	413	Coils	Coil	Coil	376	396	-	T	26-06-2023	-	-
FNFE01000011.1_15	e3da28c7f4424a877f9e6b166161df29	413	Gene3D	G3DSA:3.40.720.10	Alkaline Phosphatase, subunit A	1	244	6.7E-38	T	26-06-2023	IPR017850	Alkaline-phosphatase-like, core domain superfamily
FNFE01000011.1_15	e3da28c7f4424a877f9e6b166161df29	413	SUPERFAMILY	SSF53649	Alkaline phosphatase-like	2	390	5.63E-66	T	26-06-2023	IPR017850	Alkaline-phosphatase-like, core domain superfamily
FNFE01000011.1_15	e3da28c7f4424a877f9e6b166161df29	413	Pfam	PF00884	Sulfatase	2	301	9.5E-36	T	26-06-2023	IPR000917	Sulfatase, N-terminal
FNFE01000011.1_76	2bcff269d4235208998c6e06050453bc	583	Gene3D	G3DSA:3.90.120.10	DNA Methylase, subunit A, domain 2	461	542	4.2E-9	T	26-06-2023	-	-
FNFE01000011.1_76	2bcff269d4235208998c6e06050453bc	583	MobiDBLite	mobidb-lite	consensus disorder prediction	383	403	-	T	26-06-2023	-	-
FNFE01000011.1_76	2bcff269d4235208998c6e06050453bc	583	ProSiteProfiles	PS51679	C-5 cytosine-specific DNA methylase (Dnmt) domain profile.	5	556	27.087212	T	26-06-2023	IPR001525	C-5 cytosine methyltransferase
FNFE01000011.1_76	2bcff269d4235208998c6e06050453bc	583	Gene3D	G3DSA:3.40.50.150	Vaccinia Virus protein VP39	1	251	1.3E-42	T	26-06-2023	IPR029063	S-adenosyl-L-methionine-dependent methyltransferase superfamily
FNFE01000011.1_76	2bcff269d4235208998c6e06050453bc	583	PANTHER	PTHR10629	CYTOSINE-SPECIFIC METHYLTRANSFERASE	500	549	1.8E-39	T	26-06-2023	-	-
FNFE01000011.1_76	2bcff269d4235208998c6e06050453bc	583	PRINTS	PR00105	Cytosine-specific DNA methyltransferase signature	6	22	6.5E-10	T	26-06-2023	IPR001525	C-5 cytosine methyltransferase
FNFE01000011.1_76	2bcff269d4235208998c6e06050453bc	583	PRINTS	PR00105	Cytosine-specific DNA methyltransferase signature	142	156	6.5E-10	T	26-06-2023	IPR001525	C-5 cytosine methyltransferase
FNFE01000011.1_76	2bcff269d4235208998c6e06050453bc	583	PRINTS	PR00105	Cytosine-specific DNA methyltransferase signature	205	218	6.5E-10	T	26-06-2023	IPR001525	C-5 cytosine methyltransferase
FNFE01000011.1_76	2bcff269d4235208998c6e06050453bc	583	SUPERFAMILY	SSF53335	S-adenosyl-L-methionine-dependent methyltransferases	4	549	2.38E-55	T	26-06-2023	IPR029063	S-adenosyl-L-methionine-dependent methyltransferase superfamily
FNFE01000011.1_76	2bcff269d4235208998c6e06050453bc	583	Pfam	PF00145	C-5 cytosine-specific DNA methylase	498	548	2.5E-8	T	26-06-2023	IPR001525	C-5 cytosine methyltransferase
FNFE01000011.1_76	2bcff269d4235208998c6e06050453bc	583	Pfam	PF00145	C-5 cytosine-specific DNA methylase	8	230	1.0E-19	T	26-06-2023	IPR001525	C-5 cytosine methyltransferase
FNFE01000011.1_27	10c750abe8c38c8a036b113b5eef35ac	233	ProSiteProfiles	PS51318	Twin arginine translocation (Tat) signal profile.	1	36	7.683894	T	26-06-2023	IPR006311	Twin-arginine translocation pathway, signal sequence
FNFE01000011.1_79	2d343b95a40d3d64a86de7474fdccc39	208	MobiDBLite	mobidb-lite	consensus disorder prediction	183	208	-	T	26-06-2023	-	-
FNFE01000011.1_79	2d343b95a40d3d64a86de7474fdccc39	208	MobiDBLite	mobidb-lite	consensus disorder prediction	70	85	-	T	26-06-2023	-	-
FNFE01000011.1_79	2d343b95a40d3d64a86de7474fdccc39	208	MobiDBLite	mobidb-lite	consensus disorder prediction	65	131	-	T	26-06-2023	-	-
FNFE01000011.1_65	d59ac7d6dc0db6f91b59238161901058	133	MobiDBLite	mobidb-lite	consensus disorder prediction	1	21	-	T	26-06-2023	-	-
FNFE01000011.1_65	d59ac7d6dc0db6f91b59238161901058	133	MobiDBLite	mobidb-lite	consensus disorder prediction	86	110	-	T	26-06-2023	-	-
FNFE01000011.1_65	d59ac7d6dc0db6f91b59238161901058	133	MobiDBLite	mobidb-lite	consensus disorder prediction	96	110	-	T	26-06-2023	-	-
FNFE01000011.1_81	d8e94db988a6947618a11fe7e0aede1f	87	SUPERFAMILY	SSF46785	"Winged helix" DNA-binding domain	21	82	6.67E-7	T	26-06-2023	IPR036390	Winged helix DNA-binding domain superfamily
FNFE01000011.1_81	d8e94db988a6947618a11fe7e0aede1f	87	Gene3D	G3DSA:1.10.10.10	-	28	82	4.3E-6	T	26-06-2023	IPR036388	Winged helix-like DNA-binding domain superfamily
FNFE01000011.1_71	35bd5b016e19bd2aa150127ea40804b9	68	MobiDBLite	mobidb-lite	consensus disorder prediction	40	68	-	T	26-06-2023	-	-
FNFE01000011.1_71	35bd5b016e19bd2aa150127ea40804b9	68	MobiDBLite	mobidb-lite	consensus disorder prediction	48	68	-	T	26-06-2023	-	-
FNFE01000011.1_19	45de67d7645ae01b1be8d82380a8a9a6	1110	MobiDBLite	mobidb-lite	consensus disorder prediction	1	19	-	T	26-06-2023	-	-
FNFE01000011.1_19	45de67d7645ae01b1be8d82380a8a9a6	1110	MobiDBLite	mobidb-lite	consensus disorder prediction	1	22	-	T	26-06-2023	-	-
FNFE01000011.1_19	45de67d7645ae01b1be8d82380a8a9a6	1110	MobiDBLite	mobidb-lite	consensus disorder prediction	66	86	-	T	26-06-2023	-	-
FNFE01000011.1_19	45de67d7645ae01b1be8d82380a8a9a6	1110	Coils	Coil	Coil	301	328	-	T	26-06-2023	-	-
FNFE01000011.1_19	45de67d7645ae01b1be8d82380a8a9a6	1110	MobiDBLite	mobidb-lite	consensus disorder prediction	66	84	-	T	26-06-2023	-	-
FNFE01000011.1_50	7368aa2e065616bd4393214b7d7a9937	91	MobiDBLite	mobidb-lite	consensus disorder prediction	1	37	-	T	26-06-2023	-	-
FNFE01000011.1_50	7368aa2e065616bd4393214b7d7a9937	91	MobiDBLite	mobidb-lite	consensus disorder prediction	1	25	-	T	26-06-2023	-	-
FNFE01000011.1_28	75638e346de8164eb1f826f6b27025d4	62	MobiDBLite	mobidb-lite	consensus disorder prediction	1	30	-	T	26-06-2023	-	-
FNFE01000011.1_18	1f93e6ce67c966392024ea235cd31bd3	198	MobiDBLite	mobidb-lite	consensus disorder prediction	1	43	-	T	26-06-2023	-	-
FNFE01000011.1_18	1f93e6ce67c966392024ea235cd31bd3	198	MobiDBLite	mobidb-lite	consensus disorder prediction	11	43	-	T	26-06-2023	-	-
FNFE01000011.1_45	e24cd89961f93f294279a5a717849e69	130	MobiDBLite	mobidb-lite	consensus disorder prediction	1	25	-	T	26-06-2023	-	-
FNFE01000011.1_4	13822585c50e273d16786f9ff06da8a6	58	MobiDBLite	mobidb-lite	consensus disorder prediction	37	51	-	T	26-06-2023	-	-
FNFE01000011.1_4	13822585c50e273d16786f9ff06da8a6	58	MobiDBLite	mobidb-lite	consensus disorder prediction	1	58	-	T	26-06-2023	-	-
FNFE01000011.1_80	be74c7a9e69b72b10adbbcfa9fac88ce	112	MobiDBLite	mobidb-lite	consensus disorder prediction	52	89	-	T	26-06-2023	-	-
FNFE01000011.1_85	a82002c53d52452e115ff9b225944488	385	MobiDBLite	mobidb-lite	consensus disorder prediction	68	102	-	T	26-06-2023	-	-
FNFE01000011.1_37	83adfd9345c2404e2cc8347c98723a1e	658	Coils	Coil	Coil	248	275	-	T	26-06-2023	-	-
FNFE01000011.1_87	591b6d91445045c25f3d5a8be1908053	59	Gene3D	G3DSA:1.10.10.10	-	1	59	9.7E-12	T	26-06-2023	IPR036388	Winged helix-like DNA-binding domain superfamily
FNFE01000011.1_87	591b6d91445045c25f3d5a8be1908053	59	Pfam	PF08461	Ribonuclease R winged-helix domain	15	59	1.1E-5	T	26-06-2023	IPR013668	Ribonuclease R winged-helix domain
FNFE01000011.1_36	07072051d5689c40802864105f79c6af	452	MobiDBLite	mobidb-lite	consensus disorder prediction	39	62	-	T	26-06-2023	-	-
FNFE01000011.1_36	07072051d5689c40802864105f79c6af	452	MobiDBLite	mobidb-lite	consensus disorder prediction	35	76	-	T	26-06-2023	-	-
FNFE01000011.1_36	07072051d5689c40802864105f79c6af	452	MobiDBLite	mobidb-lite	consensus disorder prediction	422	452	-	T	26-06-2023	-	-
FNFE01000011.1_51	d9f68cc17f7c0309111a9273c9253ac3	210	MobiDBLite	mobidb-lite	consensus disorder prediction	115	134	-	T	26-06-2023	-	-
FNFE01000011.1_51	d9f68cc17f7c0309111a9273c9253ac3	210	SUPERFAMILY	SSF109604	HD-domain/PDEase-like	75	199	1.57E-8	T	26-06-2023	-	-
FNFE01000011.1_51	d9f68cc17f7c0309111a9273c9253ac3	210	Pfam	PF01966	HD domain	77	181	2.6E-5	T	26-06-2023	IPR006674	HD domain
FNFE01000011.1_73	9e07cea08e13c9e06f5bdee7c63a55fd	172	MobiDBLite	mobidb-lite	consensus disorder prediction	1	87	-	T	26-06-2023	-	-
FNFE01000011.1_73	9e07cea08e13c9e06f5bdee7c63a55fd	172	MobiDBLite	mobidb-lite	consensus disorder prediction	1	23	-	T	26-06-2023	-	-
FNFE01000011.1_73	9e07cea08e13c9e06f5bdee7c63a55fd	172	MobiDBLite	mobidb-lite	consensus disorder prediction	136	172	-	T	26-06-2023	-	-
FNFE01000011.1_47	d09dcf4bdb85878c8674bc985a3764d9	150	Coils	Coil	Coil	10	30	-	T	26-06-2023	-	-
FNFE01000011.1_69	70a389bc22ab3f8c7fa685b40973668b	69	MobiDBLite	mobidb-lite	consensus disorder prediction	1	24	-	T	26-06-2023	-	-
FNFE01000011.1_60	100da43ecea3e36f318b8215bf817d9b	60	MobiDBLite	mobidb-lite	consensus disorder prediction	34	60	-	T	26-06-2023	-	-
FNFE01000011.1_60	100da43ecea3e36f318b8215bf817d9b	60	MobiDBLite	mobidb-lite	consensus disorder prediction	39	53	-	T	26-06-2023	-	-
FNFE01000011.1_8	97fb5123f45f1bc39b3bfc8eef564e12	204	Coils	Coil	Coil	69	98	-	T	26-06-2023	-	-
FNFE01000011.1_7	194fcc0bafb9ef76891a930bd78890a0	95	SUPERFAMILY	SSF46785	"Winged helix" DNA-binding domain	2	88	5.81E-20	T	26-06-2023	IPR036390	Winged helix DNA-binding domain superfamily
FNFE01000011.1_7	194fcc0bafb9ef76891a930bd78890a0	95	Pfam	PF03551	Transcriptional regulator PadR-like family	14	79	6.4E-17	T	26-06-2023	IPR005149	Transcription regulator PadR, N-terminal
FNFE01000011.1_7	194fcc0bafb9ef76891a930bd78890a0	95	Gene3D	G3DSA:1.10.10.10	-	6	93	2.2E-13	T	26-06-2023	IPR036388	Winged helix-like DNA-binding domain superfamily
FNFE01000011.1_55	20a51cf561cdbf96c43fce213ff7ffd5	76	MobiDBLite	mobidb-lite	consensus disorder prediction	56	76	-	T	26-06-2023	-	-
FNFE01000011.1_53	5af96131ddf7a711839b76e29e0174f3	281	Coils	Coil	Coil	169	189	-	T	26-06-2023	-	-
FNFE01000011.1_53	5af96131ddf7a711839b76e29e0174f3	281	CDD	cd02042	ParAB_family	14	221	2.6775E-16	T	26-06-2023	-	-
FNFE01000011.1_53	5af96131ddf7a711839b76e29e0174f3	281	SUPERFAMILY	SSF52540	P-loop containing nucleoside triphosphate hydrolases	13	279	1.13E-25	T	26-06-2023	IPR027417	P-loop containing nucleoside triphosphate hydrolase
FNFE01000011.1_53	5af96131ddf7a711839b76e29e0174f3	281	Pfam	PF13614	AAA domain	13	189	1.4E-19	T	26-06-2023	IPR025669	AAA domain
FNFE01000011.1_53	5af96131ddf7a711839b76e29e0174f3	281	Gene3D	G3DSA:3.40.50.300	-	9	281	1.8E-41	T	26-06-2023	IPR027417	P-loop containing nucleoside triphosphate hydrolase
FNFE01000011.1_53	5af96131ddf7a711839b76e29e0174f3	281	PANTHER	PTHR13696	P-LOOP CONTAINING NUCLEOSIDE TRIPHOSPHATE HYDROLASE	11	274	1.5E-26	T	26-06-2023	-	-
FNFE01000011.1_17	5767d2529743703d171f3d31e16b8e94	64	MobiDBLite	mobidb-lite	consensus disorder prediction	1	25	-	T	26-06-2023	-	-
FNFE01000011.1_59	e4b81f2a49dc50b9de5b978866928103	60	MobiDBLite	mobidb-lite	consensus disorder prediction	1	22	-	T	26-06-2023	-	-
FNFE01000011.1_1	691e038041ef69b244f3c902da5ab641	66	Gene3D	G3DSA:1.10.10.10	-	3	62	5.4E-16	T	26-06-2023	IPR036388	Winged helix-like DNA-binding domain superfamily
FNFE01000011.1_1	691e038041ef69b244f3c902da5ab641	66	SUPERFAMILY	SSF46785	"Winged helix" DNA-binding domain	12	53	3.17E-8	T	26-06-2023	IPR036390	Winged helix DNA-binding domain superfamily
FNFE01000011.1_1	691e038041ef69b244f3c902da5ab641	66	Pfam	PF08461	Ribonuclease R winged-helix domain	6	51	2.9E-5	T	26-06-2023	IPR013668	Ribonuclease R winged-helix domain
FNFE01000011.1_34	c3c5bde29ac8d1aadd3e4420ff91b746	220	MobiDBLite	mobidb-lite	consensus disorder prediction	1	18	-	T	26-06-2023	-	-
FNFE01000011.1_34	c3c5bde29ac8d1aadd3e4420ff91b746	220	MobiDBLite	mobidb-lite	consensus disorder prediction	176	205	-	T	26-06-2023	-	-
FNFE01000011.1_34	c3c5bde29ac8d1aadd3e4420ff91b746	220	Coils	Coil	Coil	11	31	-	T	26-06-2023	-	-
FNFE01000011.1_34	c3c5bde29ac8d1aadd3e4420ff91b746	220	MobiDBLite	mobidb-lite	consensus disorder prediction	1	20	-	T	26-06-2023	-	-
FNFE01000011.1_40	0cb89837c109fefa0228e6721a2bd62f	124	SUPERFAMILY	SSF47781	RuvA domain 2-like	58	123	2.7E-9	T	26-06-2023	IPR010994	RuvA domain 2-like
FNFE01000011.1_40	0cb89837c109fefa0228e6721a2bd62f	124	Gene3D	G3DSA:1.10.150.20	-	61	124	2.6E-11	T	26-06-2023	-	-
FNFE01000011.1_40	0cb89837c109fefa0228e6721a2bd62f	124	Pfam	PF14520	Helix-hairpin-helix domain	73	120	2.3E-9	T	26-06-2023	-	-
FNFE01000011.1_22	92de497cbc2330a63901ed09bbc9867f	395	ProSiteProfiles	PS51318	Twin arginine translocation (Tat) signal profile.	1	45	8.437628	T	26-06-2023	IPR006311	Twin-arginine translocation pathway, signal sequence
FNFE01000011.1_77	a4f42245143c9031340993563eae97a8	88	MobiDBLite	mobidb-lite	consensus disorder prediction	58	88	-	T	26-06-2023	-	-
FNFE01000011.1_44	4fb401a27b54204f03caf0536e4936a5	362	CDD	cd00397	DNA_BRE_C	144	343	9.3622E-13	T	26-06-2023	-	-
FNFE01000011.1_44	4fb401a27b54204f03caf0536e4936a5	362	SUPERFAMILY	SSF56349	DNA breaking-rejoining enzymes	10	352	1.8E-26	T	26-06-2023	IPR011010	DNA breaking-rejoining enzyme, catalytic core
FNFE01000011.1_44	4fb401a27b54204f03caf0536e4936a5	362	Gene3D	G3DSA:1.10.150.130	-	6	116	1.2E-11	T	26-06-2023	IPR010998	Integrase/recombinase, N-terminal
FNFE01000011.1_44	4fb401a27b54204f03caf0536e4936a5	362	ProSiteProfiles	PS51898	Tyrosine recombinase domain profile.	122	360	17.608681	T	26-06-2023	IPR002104	Integrase, catalytic domain
FNFE01000011.1_44	4fb401a27b54204f03caf0536e4936a5	362	Pfam	PF00589	Phage integrase family	156	347	2.1E-9	T	26-06-2023	IPR002104	Integrase, catalytic domain
FNFE01000011.1_44	4fb401a27b54204f03caf0536e4936a5	362	Gene3D	G3DSA:1.10.443.10	Intergrase catalytic core	128	353	6.3E-25	T	26-06-2023	IPR013762	Integrase-like, catalytic domain superfamily
FNFE01000011.1_44	4fb401a27b54204f03caf0536e4936a5	362	ProSiteProfiles	PS51900	Core-binding (CB) domain profile.	10	95	13.746231	T	26-06-2023	IPR044068	Core-binding (CB) domain
FNFE01000011.1_44	4fb401a27b54204f03caf0536e4936a5	362	Pfam	PF13102	Phage integrase SAM-like domain	23	106	1.1E-6	T	26-06-2023	IPR025269	Phage integrase SAM-like domain
FNFE01000011.1_44	4fb401a27b54204f03caf0536e4936a5	362	MobiDBLite	mobidb-lite	consensus disorder prediction	104	124	-	T	26-06-2023	-	-
FNFE01000011.1_31	f83a7189b6f02c2c31d7a6706ac6b248	100	MobiDBLite	mobidb-lite	consensus disorder prediction	68	100	-	T	26-06-2023	-	-
FNFE01000011.1_31	f83a7189b6f02c2c31d7a6706ac6b248	100	MobiDBLite	mobidb-lite	consensus disorder prediction	57	100	-	T	26-06-2023	-	-
FNFE01000011.1_2	a3fd7140650769382067f06a64ee763c	259	Coils	Coil	Coil	27	47	-	T	26-06-2023	-	-
FNFE01000011.1_25	ab65015181d1b0a79c0186eb02e82a18	132	Coils	Coil	Coil	104	124	-	T	26-06-2023	-	-
FNFE01000011.1_35	558ba573302c9a5e289a670d3f025828	326	Coils	Coil	Coil	240	274	-	T	26-06-2023	-	-
FNFE01000011.1_35	558ba573302c9a5e289a670d3f025828	326	MobiDBLite	mobidb-lite	consensus disorder prediction	285	326	-	T	26-06-2023	-	-
