FOIS01000007.1_50	426a496d82bbb1fa45f570276db95cc0	160	Gene3D	G3DSA:1.10.30.50	-	2	107	1.2E-11	T	26-06-2023	-	-
FOIS01000007.1_50	426a496d82bbb1fa45f570276db95cc0	160	CDD	cd00085	HNHc	12	72	2.7404E-9	T	26-06-2023	IPR003615	HNH nuclease
FOIS01000007.1_50	426a496d82bbb1fa45f570276db95cc0	160	SMART	SM00507	HNH_5	13	72	2.8E-10	T	26-06-2023	IPR003615	HNH nuclease
FOIS01000007.1_50	426a496d82bbb1fa45f570276db95cc0	160	Pfam	PF01844	HNH endonuclease	26	74	3.7E-8	T	26-06-2023	IPR002711	HNH endonuclease
FOIS01000007.1_38	27ed4ba73b911851dcfbb13f0c6e8766	83	CDD	cd00090	HTH_ARSR	18	76	3.44861E-7	T	26-06-2023	IPR011991	ArsR-like helix-turn-helix domain
FOIS01000007.1_38	27ed4ba73b911851dcfbb13f0c6e8766	83	SUPERFAMILY	SSF46785	"Winged helix" DNA-binding domain	20	78	3.35E-8	T	26-06-2023	IPR036390	Winged helix DNA-binding domain superfamily
FOIS01000007.1_38	27ed4ba73b911851dcfbb13f0c6e8766	83	Gene3D	G3DSA:1.10.10.10	-	10	83	8.4E-11	T	26-06-2023	IPR036388	Winged helix-like DNA-binding domain superfamily
FOIS01000007.1_38	27ed4ba73b911851dcfbb13f0c6e8766	83	Pfam	PF13412	Winged helix-turn-helix DNA-binding	17	62	1.1E-5	T	26-06-2023	-	-
FOIS01000007.1_14	0519a3b5a4755dcd7b6db6b11b12b66f	241	MobiDBLite	mobidb-lite	consensus disorder prediction	215	241	-	T	26-06-2023	-	-
FOIS01000007.1_14	0519a3b5a4755dcd7b6db6b11b12b66f	241	MobiDBLite	mobidb-lite	consensus disorder prediction	215	235	-	T	26-06-2023	-	-
FOIS01000007.1_45	ec38b64e5f716fa268dfda3a7b472d91	384	Gene3D	G3DSA:1.10.443.10	Intergrase catalytic core	149	377	8.9E-27	T	26-06-2023	IPR013762	Integrase-like, catalytic domain superfamily
FOIS01000007.1_45	ec38b64e5f716fa268dfda3a7b472d91	384	ProSiteProfiles	PS51898	Tyrosine recombinase domain profile.	140	380	18.2952	T	26-06-2023	IPR002104	Integrase, catalytic domain
FOIS01000007.1_45	ec38b64e5f716fa268dfda3a7b472d91	384	SUPERFAMILY	SSF56349	DNA breaking-rejoining enzymes	15	377	1.09E-31	T	26-06-2023	IPR011010	DNA breaking-rejoining enzyme, catalytic core
FOIS01000007.1_45	ec38b64e5f716fa268dfda3a7b472d91	384	MobiDBLite	mobidb-lite	consensus disorder prediction	115	136	-	T	26-06-2023	-	-
FOIS01000007.1_45	ec38b64e5f716fa268dfda3a7b472d91	384	ProSiteProfiles	PS51900	Core-binding (CB) domain profile.	14	106	13.0877	T	26-06-2023	IPR044068	Core-binding (CB) domain
FOIS01000007.1_45	ec38b64e5f716fa268dfda3a7b472d91	384	CDD	cd00397	DNA_BRE_C	161	363	1.84162E-13	T	26-06-2023	-	-
FOIS01000007.1_45	ec38b64e5f716fa268dfda3a7b472d91	384	MobiDBLite	mobidb-lite	consensus disorder prediction	354	384	-	T	26-06-2023	-	-
FOIS01000007.1_45	ec38b64e5f716fa268dfda3a7b472d91	384	Pfam	PF00589	Phage integrase family	166	371	6.0E-14	T	26-06-2023	IPR002104	Integrase, catalytic domain
FOIS01000007.1_45	ec38b64e5f716fa268dfda3a7b472d91	384	Gene3D	G3DSA:1.10.150.130	-	10	123	3.8E-14	T	26-06-2023	IPR010998	Integrase/recombinase, N-terminal
FOIS01000007.1_45	ec38b64e5f716fa268dfda3a7b472d91	384	MobiDBLite	mobidb-lite	consensus disorder prediction	349	384	-	T	26-06-2023	-	-
FOIS01000007.1_65	0b7f9e4926840d5eaf37f3f2ada4bf89	45	MobiDBLite	mobidb-lite	consensus disorder prediction	21	45	-	T	26-06-2023	-	-
FOIS01000007.1_37	36d208a0f845491519588032fca13aa1	699	SUPERFAMILY	SSF52540	P-loop containing nucleoside triphosphate hydrolases	194	518	1.29E-6	T	26-06-2023	IPR027417	P-loop containing nucleoside triphosphate hydrolase
FOIS01000007.1_3	b370e13bc089502f3cd480bcf82e8782	163	MobiDBLite	mobidb-lite	consensus disorder prediction	126	163	-	T	26-06-2023	-	-
FOIS01000007.1_3	b370e13bc089502f3cd480bcf82e8782	163	MobiDBLite	mobidb-lite	consensus disorder prediction	1	24	-	T	26-06-2023	-	-
FOIS01000007.1_21	f4587f1b57caeb90c53471ff9c79d4ff	93	MobiDBLite	mobidb-lite	consensus disorder prediction	62	79	-	T	26-06-2023	-	-
FOIS01000007.1_21	f4587f1b57caeb90c53471ff9c79d4ff	93	MobiDBLite	mobidb-lite	consensus disorder prediction	1	27	-	T	26-06-2023	-	-
FOIS01000007.1_21	f4587f1b57caeb90c53471ff9c79d4ff	93	MobiDBLite	mobidb-lite	consensus disorder prediction	62	93	-	T	26-06-2023	-	-
FOIS01000007.1_47	53f931b58e7bc205a559cfe96f3f1c43	295	CDD	cd02042	ParAB_family	10	209	5.555E-22	T	26-06-2023	-	-
FOIS01000007.1_47	53f931b58e7bc205a559cfe96f3f1c43	295	Pfam	PF13614	AAA domain	8	172	9.6E-30	T	26-06-2023	IPR025669	AAA domain
FOIS01000007.1_47	53f931b58e7bc205a559cfe96f3f1c43	295	PANTHER	PTHR13696	P-LOOP CONTAINING NUCLEOSIDE TRIPHOSPHATE HYDROLASE	4	286	5.9E-37	T	26-06-2023	-	-
FOIS01000007.1_47	53f931b58e7bc205a559cfe96f3f1c43	295	SUPERFAMILY	SSF52540	P-loop containing nucleoside triphosphate hydrolases	8	288	4.77E-35	T	26-06-2023	IPR027417	P-loop containing nucleoside triphosphate hydrolase
FOIS01000007.1_47	53f931b58e7bc205a559cfe96f3f1c43	295	Gene3D	G3DSA:3.40.50.300	-	2	289	5.7E-51	T	26-06-2023	IPR027417	P-loop containing nucleoside triphosphate hydrolase
FOIS01000007.1_61	9023c091a0eda5be5e41a9f1b83b797e	192	Gene3D	G3DSA:3.90.75.20	-	25	145	3.2E-8	T	26-06-2023	-	-
FOIS01000007.1_61	9023c091a0eda5be5e41a9f1b83b797e	192	Pfam	PF13392	HNH endonuclease	95	139	3.8E-9	T	26-06-2023	IPR003615	HNH nuclease
FOIS01000007.1_61	9023c091a0eda5be5e41a9f1b83b797e	192	SUPERFAMILY	SSF54060	His-Me finger endonucleases	71	140	7.3E-9	T	26-06-2023	IPR044925	His-Me finger superfamily
FOIS01000007.1_44	a2fc2ba81e8826f1f348bcbe78e7655d	189	Pfam	PF04307	LexA-binding, inner membrane-associated putative hydrolase	1	183	4.7E-11	T	26-06-2023	IPR007404	LexA-binding, inner membrane-associated putative hydrolase
FOIS01000007.1_18	02f942235a69808737037243e5a1c745	1078	Coils	Coil	Coil	614	648	-	T	26-06-2023	-	-
FOIS01000007.1_18	02f942235a69808737037243e5a1c745	1078	Coils	Coil	Coil	658	678	-	T	26-06-2023	-	-
FOIS01000007.1_18	02f942235a69808737037243e5a1c745	1078	Coils	Coil	Coil	579	606	-	T	26-06-2023	-	-
FOIS01000007.1_18	02f942235a69808737037243e5a1c745	1078	MobiDBLite	mobidb-lite	consensus disorder prediction	68	91	-	T	26-06-2023	-	-
FOIS01000007.1_73	475c0eca8f97d55db7ecd86ae686042b	90	MobiDBLite	mobidb-lite	consensus disorder prediction	69	90	-	T	26-06-2023	-	-
FOIS01000007.1_70	da8381c4c67ef2ce8f898f91796126c7	65	MobiDBLite	mobidb-lite	consensus disorder prediction	46	65	-	T	26-06-2023	-	-
FOIS01000007.1_70	da8381c4c67ef2ce8f898f91796126c7	65	SUPERFAMILY	SSF57783	Zinc beta-ribbon	4	41	9.18E-5	T	26-06-2023	-	-
FOIS01000007.1_63	7215e2ade854d3d3389a91e46f7fb6aa	350	MobiDBLite	mobidb-lite	consensus disorder prediction	200	215	-	T	26-06-2023	-	-
FOIS01000007.1_63	7215e2ade854d3d3389a91e46f7fb6aa	350	MobiDBLite	mobidb-lite	consensus disorder prediction	42	57	-	T	26-06-2023	-	-
FOIS01000007.1_63	7215e2ade854d3d3389a91e46f7fb6aa	350	MobiDBLite	mobidb-lite	consensus disorder prediction	200	250	-	T	26-06-2023	-	-
FOIS01000007.1_63	7215e2ade854d3d3389a91e46f7fb6aa	350	MobiDBLite	mobidb-lite	consensus disorder prediction	37	61	-	T	26-06-2023	-	-
FOIS01000007.1_11	2443a63e67b8f0584749d6c229e71a2d	104	SUPERFAMILY	SSF46785	"Winged helix" DNA-binding domain	40	91	2.0E-8	T	26-06-2023	IPR036390	Winged helix DNA-binding domain superfamily
FOIS01000007.1_11	2443a63e67b8f0584749d6c229e71a2d	104	Gene3D	G3DSA:1.10.10.10	-	1	101	3.0E-23	T	26-06-2023	IPR036388	Winged helix-like DNA-binding domain superfamily
FOIS01000007.1_30	b90e577f8cf2cc3cf75050bceaae2494	136	MobiDBLite	mobidb-lite	consensus disorder prediction	1	21	-	T	26-06-2023	-	-
FOIS01000007.1_28	dce197dcee6bb56b880262e21426578c	318	Gene3D	G3DSA:3.40.720.10	Alkaline Phosphatase, subunit A	56	299	4.1E-11	T	26-06-2023	IPR017850	Alkaline-phosphatase-like, core domain superfamily
FOIS01000007.1_28	dce197dcee6bb56b880262e21426578c	318	SUPERFAMILY	SSF53649	Alkaline phosphatase-like	123	265	3.66E-9	T	26-06-2023	IPR017850	Alkaline-phosphatase-like, core domain superfamily
FOIS01000007.1_26	f815716f1e9c953e916c969de1baa567	177	Pfam	PF08241	Methyltransferase domain	17	85	2.3E-8	T	26-06-2023	IPR013216	Methyltransferase type 11
FOIS01000007.1_26	f815716f1e9c953e916c969de1baa567	177	Gene3D	G3DSA:3.40.50.150	Vaccinia Virus protein VP39	5	130	2.1E-12	T	26-06-2023	IPR029063	S-adenosyl-L-methionine-dependent methyltransferase superfamily
FOIS01000007.1_26	f815716f1e9c953e916c969de1baa567	177	SUPERFAMILY	SSF53335	S-adenosyl-L-methionine-dependent methyltransferases	34	164	5.17E-14	T	26-06-2023	IPR029063	S-adenosyl-L-methionine-dependent methyltransferase superfamily
FOIS01000007.1_31	8a89053f4e7dde257eb23cecaf94b89b	236	ProSiteProfiles	PS51318	Twin arginine translocation (Tat) signal profile.	1	34	8.746174	T	26-06-2023	IPR006311	Twin-arginine translocation pathway, signal sequence
FOIS01000007.1_7	36d49b36d00dc4f1e0511046ca09b069	277	Coils	Coil	Coil	94	117	-	T	26-06-2023	-	-
FOIS01000007.1_23	8aa6d21ba103b68910d72d541e08f3d2	125	SUPERFAMILY	SSF53335	S-adenosyl-L-methionine-dependent methyltransferases	75	104	9.57E-5	T	26-06-2023	IPR029063	S-adenosyl-L-methionine-dependent methyltransferase superfamily
FOIS01000007.1_40	bc1b9b499afd5fd92f1a824adf152b95	524	MobiDBLite	mobidb-lite	consensus disorder prediction	331	351	-	T	26-06-2023	-	-
FOIS01000007.1_40	bc1b9b499afd5fd92f1a824adf152b95	524	Coils	Coil	Coil	488	508	-	T	26-06-2023	-	-
FOIS01000007.1_16	48de355ca37619da6552b0ad6cb73603	66	MobiDBLite	mobidb-lite	consensus disorder prediction	1	21	-	T	26-06-2023	-	-
FOIS01000007.1_76	6cbd6c6f47964629cd8acfe47f494727	389	MobiDBLite	mobidb-lite	consensus disorder prediction	1	29	-	T	26-06-2023	-	-
FOIS01000007.1_67	38e1703daf7a13d6b2767f9ea1843415	115	SUPERFAMILY	SSF88659	Sigma3 and sigma4 domains of RNA polymerase sigma factors	14	63	2.28E-7	T	26-06-2023	IPR013324	RNA polymerase sigma factor, region 3/4-like
FOIS01000007.1_67	38e1703daf7a13d6b2767f9ea1843415	115	Coils	Coil	Coil	45	72	-	T	26-06-2023	-	-
FOIS01000007.1_67	38e1703daf7a13d6b2767f9ea1843415	115	Pfam	PF08281	Sigma-70, region 4	16	58	2.3E-7	T	26-06-2023	IPR013249	RNA polymerase sigma factor 70, region 4 type 2
FOIS01000007.1_67	38e1703daf7a13d6b2767f9ea1843415	115	Gene3D	G3DSA:1.10.10.10	-	4	69	1.1E-8	T	26-06-2023	IPR036388	Winged helix-like DNA-binding domain superfamily
FOIS01000007.1_6	e0dd3bf09edb0be349db09f3f6fe3d9c	64	MobiDBLite	mobidb-lite	consensus disorder prediction	1	26	-	T	26-06-2023	-	-
FOIS01000007.1_6	e0dd3bf09edb0be349db09f3f6fe3d9c	64	MobiDBLite	mobidb-lite	consensus disorder prediction	9	26	-	T	26-06-2023	-	-
FOIS01000007.1_39	cffdbedf9d145ec0a9e5f3c02fcbcc06	322	MobiDBLite	mobidb-lite	consensus disorder prediction	300	322	-	T	26-06-2023	-	-
FOIS01000007.1_39	cffdbedf9d145ec0a9e5f3c02fcbcc06	322	Coils	Coil	Coil	239	276	-	T	26-06-2023	-	-
FOIS01000007.1_39	cffdbedf9d145ec0a9e5f3c02fcbcc06	322	MobiDBLite	mobidb-lite	consensus disorder prediction	1	49	-	T	26-06-2023	-	-
FOIS01000007.1_39	cffdbedf9d145ec0a9e5f3c02fcbcc06	322	MobiDBLite	mobidb-lite	consensus disorder prediction	17	49	-	T	26-06-2023	-	-
FOIS01000007.1_58	67c03ee4a56a9e90dbc3a9d324538a68	187	MobiDBLite	mobidb-lite	consensus disorder prediction	1	17	-	T	26-06-2023	-	-
FOIS01000007.1_58	67c03ee4a56a9e90dbc3a9d324538a68	187	MobiDBLite	mobidb-lite	consensus disorder prediction	1	29	-	T	26-06-2023	-	-
FOIS01000007.1_58	67c03ee4a56a9e90dbc3a9d324538a68	187	Pfam	PF05869	DNA N-6-adenine-methyltransferase (Dam)	21	160	1.1E-26	T	26-06-2023	IPR008593	DNA N-6-adenine-methyltransferase
FOIS01000007.1_24	b00c8fadf64658e34df67fe2412b7f9a	323	Pfam	PF00535	Glycosyl transferase family 2	19	120	2.5E-16	T	26-06-2023	IPR001173	Glycosyltransferase 2-like
FOIS01000007.1_24	b00c8fadf64658e34df67fe2412b7f9a	323	SUPERFAMILY	SSF53448	Nucleotide-diphospho-sugar transferases	3	230	3.13E-38	T	26-06-2023	IPR029044	Nucleotide-diphospho-sugar transferases
FOIS01000007.1_24	b00c8fadf64658e34df67fe2412b7f9a	323	Gene3D	G3DSA:3.90.550.10	Spore Coat Polysaccharide Biosynthesis Protein SpsA; Chain A	2	228	1.4E-35	T	26-06-2023	IPR029044	Nucleotide-diphospho-sugar transferases
FOIS01000007.1_24	b00c8fadf64658e34df67fe2412b7f9a	323	PANTHER	PTHR43685	GLYCOSYLTRANSFERASE	6	238	1.4E-23	T	26-06-2023	-	-
FOIS01000007.1_22	08ab0f82f90182ab4b1131b2045330f2	674	SUPERFAMILY	SSF51126	Pectin lyase-like	184	455	1.19E-10	T	26-06-2023	IPR011050	Pectin lyase fold/virulence factor
FOIS01000007.1_22	08ab0f82f90182ab4b1131b2045330f2	674	Gene3D	G3DSA:2.160.20.10	-	180	568	1.5E-5	T	26-06-2023	IPR012334	Pectin lyase fold
FOIS01000007.1_42	57ae40dca6723f74ef0797674d25c5c9	126	Gene3D	G3DSA:1.10.150.20	-	55	123	2.9E-10	T	26-06-2023	-	-
FOIS01000007.1_42	57ae40dca6723f74ef0797674d25c5c9	126	Pfam	PF14520	Helix-hairpin-helix domain	70	119	1.0E-8	T	26-06-2023	-	-
FOIS01000007.1_42	57ae40dca6723f74ef0797674d25c5c9	126	SUPERFAMILY	SSF47781	RuvA domain 2-like	39	121	3.71E-10	T	26-06-2023	IPR010994	RuvA domain 2-like
FOIS01000007.1_9	841126bd81a5fceb3eed1a47700ce863	294	Coils	Coil	Coil	16	50	-	T	26-06-2023	-	-
FOIS01000007.1_9	841126bd81a5fceb3eed1a47700ce863	294	MobiDBLite	mobidb-lite	consensus disorder prediction	279	294	-	T	26-06-2023	-	-
FOIS01000007.1_9	841126bd81a5fceb3eed1a47700ce863	294	MobiDBLite	mobidb-lite	consensus disorder prediction	272	294	-	T	26-06-2023	-	-
FOIS01000007.1_46	0870ef94deecdd13b07c0c178552168d	117	MobiDBLite	mobidb-lite	consensus disorder prediction	1	54	-	T	26-06-2023	-	-
FOIS01000007.1_46	0870ef94deecdd13b07c0c178552168d	117	MobiDBLite	mobidb-lite	consensus disorder prediction	17	38	-	T	26-06-2023	-	-
FOIS01000007.1_8	72705ea173a856ee9c93604ab4590de1	155	Coils	Coil	Coil	121	141	-	T	26-06-2023	-	-
FOIS01000007.1_8	72705ea173a856ee9c93604ab4590de1	155	Gene3D	G3DSA:1.10.10.10	-	73	154	1.7E-13	T	26-06-2023	IPR036388	Winged helix-like DNA-binding domain superfamily
FOIS01000007.1_8	72705ea173a856ee9c93604ab4590de1	155	Coils	Coil	Coil	87	107	-	T	26-06-2023	-	-
FOIS01000007.1_8	72705ea173a856ee9c93604ab4590de1	155	Coils	Coil	Coil	1	35	-	T	26-06-2023	-	-
FOIS01000007.1_19	56c2f73310b90c39acc1e7ddf5cdbed1	525	ProSitePatterns	PS00137	Serine proteases, subtilase family, histidine active site.	241	251	-	T	26-06-2023	IPR022398	Peptidase S8, subtilisin, His-active site
FOIS01000007.1_19	56c2f73310b90c39acc1e7ddf5cdbed1	525	ProSiteProfiles	PS51892	Serine proteases, subtilase domain profile.	154	486	26.577251	T	26-06-2023	-	-
FOIS01000007.1_19	56c2f73310b90c39acc1e7ddf5cdbed1	525	PANTHER	PTHR43806	PEPTIDASE S8	97	445	7.0E-41	T	26-06-2023	-	-
FOIS01000007.1_19	56c2f73310b90c39acc1e7ddf5cdbed1	525	Pfam	PF00082	Subtilase family	187	461	7.3E-37	T	26-06-2023	IPR000209	Peptidase S8/S53 domain
FOIS01000007.1_19	56c2f73310b90c39acc1e7ddf5cdbed1	525	ProSitePatterns	PS00136	Serine proteases, subtilase family, aspartic acid active site.	192	203	-	T	26-06-2023	IPR023827	Peptidase S8, subtilisin, Asp-active site
FOIS01000007.1_19	56c2f73310b90c39acc1e7ddf5cdbed1	525	SUPERFAMILY	SSF52743	Subtilisin-like	177	447	8.77E-45	T	26-06-2023	IPR036852	Peptidase S8/S53 domain superfamily
FOIS01000007.1_19	56c2f73310b90c39acc1e7ddf5cdbed1	525	ProSitePatterns	PS00138	Serine proteases, subtilase family, serine active site.	421	431	-	T	26-06-2023	IPR023828	Peptidase S8, subtilisin, Ser-active site
FOIS01000007.1_19	56c2f73310b90c39acc1e7ddf5cdbed1	525	PRINTS	PR00723	Subtilisin serine protease family (S8) signature	187	206	1.8E-10	T	26-06-2023	IPR015500	Peptidase S8, subtilisin-related
FOIS01000007.1_19	56c2f73310b90c39acc1e7ddf5cdbed1	525	PRINTS	PR00723	Subtilisin serine protease family (S8) signature	237	250	1.8E-10	T	26-06-2023	IPR015500	Peptidase S8, subtilisin-related
FOIS01000007.1_19	56c2f73310b90c39acc1e7ddf5cdbed1	525	PRINTS	PR00723	Subtilisin serine protease family (S8) signature	420	436	1.8E-10	T	26-06-2023	IPR015500	Peptidase S8, subtilisin-related
FOIS01000007.1_19	56c2f73310b90c39acc1e7ddf5cdbed1	525	Gene3D	G3DSA:3.40.50.200	Peptidase S8/S53 domain	172	500	1.5E-51	T	26-06-2023	IPR036852	Peptidase S8/S53 domain superfamily
FOIS01000007.1_25	837252f8c6778a5fcfc917b23e33c130	390	PANTHER	PTHR45947	SULFOQUINOVOSYL TRANSFERASE SQD2	145	354	7.5E-25	T	26-06-2023	-	-
FOIS01000007.1_25	837252f8c6778a5fcfc917b23e33c130	390	SUPERFAMILY	SSF53756	UDP-Glycosyltransferase/glycogen phosphorylase	10	355	2.35E-47	T	26-06-2023	-	-
FOIS01000007.1_25	837252f8c6778a5fcfc917b23e33c130	390	Gene3D	G3DSA:3.40.50.2000	Glycogen Phosphorylase B;	189	337	1.3E-22	T	26-06-2023	-	-
FOIS01000007.1_25	837252f8c6778a5fcfc917b23e33c130	390	Pfam	PF00534	Glycosyl transferases group 1	191	321	4.0E-20	T	26-06-2023	IPR001296	Glycosyl transferase, family 1
FOIS01000007.1_25	837252f8c6778a5fcfc917b23e33c130	390	Pfam	PF13439	Glycosyltransferase Family 4	15	182	1.7E-11	T	26-06-2023	IPR028098	Glycosyltransferase subfamily 4-like, N-terminal domain
FOIS01000007.1_25	837252f8c6778a5fcfc917b23e33c130	390	Gene3D	G3DSA:3.40.50.2000	Glycogen Phosphorylase B;	3	188	7.2E-13	T	26-06-2023	-	-
FOIS01000007.1_36	661be612e6881196c00cfabd34d4f5b6	162	Coils	Coil	Coil	28	48	-	T	26-06-2023	-	-
FOIS01000007.1_48	93ed22f523065ae357610e871e09698c	66	MobiDBLite	mobidb-lite	consensus disorder prediction	26	57	-	T	26-06-2023	-	-
FOIS01000007.1_48	93ed22f523065ae357610e871e09698c	66	ProSiteProfiles	PS50157	Zinc finger C2H2 type domain profile.	7	37	9.888914	T	26-06-2023	IPR013087	Zinc finger C2H2-type
FOIS01000007.1_48	93ed22f523065ae357610e871e09698c	66	MobiDBLite	mobidb-lite	consensus disorder prediction	26	66	-	T	26-06-2023	-	-
FOIS01000007.1_17	7e03cde7dda97ca9bec7dece53f39f76	198	MobiDBLite	mobidb-lite	consensus disorder prediction	15	42	-	T	26-06-2023	-	-
FOIS01000007.1_17	7e03cde7dda97ca9bec7dece53f39f76	198	MobiDBLite	mobidb-lite	consensus disorder prediction	1	42	-	T	26-06-2023	-	-
FOIS01000007.1_5	ae88a4769893e7ad089545d16313dbdb	231	MobiDBLite	mobidb-lite	consensus disorder prediction	117	140	-	T	26-06-2023	-	-
FOIS01000007.1_5	ae88a4769893e7ad089545d16313dbdb	231	MobiDBLite	mobidb-lite	consensus disorder prediction	78	151	-	T	26-06-2023	-	-
FOIS01000007.1_5	ae88a4769893e7ad089545d16313dbdb	231	MobiDBLite	mobidb-lite	consensus disorder prediction	1	20	-	T	26-06-2023	-	-
FOIS01000007.1_12	02086976827613a25d826b26a832d151	361	Gene3D	G3DSA:3.40.50.300	-	19	194	5.0E-47	T	26-06-2023	IPR027417	P-loop containing nucleoside triphosphate hydrolase
FOIS01000007.1_12	02086976827613a25d826b26a832d151	361	PANTHER	PTHR10763	CELL DIVISION CONTROL PROTEIN 6-RELATED	17	342	2.2E-31	T	26-06-2023	-	-
FOIS01000007.1_12	02086976827613a25d826b26a832d151	361	SMART	SM00382	AAA_5	41	291	6.0E-4	T	26-06-2023	IPR003593	AAA+ ATPase domain
FOIS01000007.1_12	02086976827613a25d826b26a832d151	361	Gene3D	G3DSA:1.10.8.60	-	6	265	5.0E-47	T	26-06-2023	-	-
FOIS01000007.1_12	02086976827613a25d826b26a832d151	361	Pfam	PF13401	AAA domain	45	157	1.3E-13	T	26-06-2023	IPR003593	AAA+ ATPase domain
FOIS01000007.1_12	02086976827613a25d826b26a832d151	361	SUPERFAMILY	SSF52540	P-loop containing nucleoside triphosphate hydrolases	2	263	2.12E-29	T	26-06-2023	IPR027417	P-loop containing nucleoside triphosphate hydrolase
FOIS01000007.1_12	02086976827613a25d826b26a832d151	361	Coils	Coil	Coil	230	250	-	T	26-06-2023	-	-
FOIS01000007.1_75	29f8866395817469a05f7420aab56a79	78	Gene3D	G3DSA:1.10.10.10	-	6	77	2.5E-5	T	26-06-2023	IPR036388	Winged helix-like DNA-binding domain superfamily
FOIS01000007.1_75	29f8866395817469a05f7420aab56a79	78	SUPERFAMILY	SSF46785	"Winged helix" DNA-binding domain	17	71	4.42E-5	T	26-06-2023	IPR036390	Winged helix DNA-binding domain superfamily
FOIS01000007.1_74	c9373be452419060647985643cde287a	192	MobiDBLite	mobidb-lite	consensus disorder prediction	171	192	-	T	26-06-2023	-	-
FOIS01000007.1_10	74751eb2a7c98bdf7faa6a42afda19e9	174	MobiDBLite	mobidb-lite	consensus disorder prediction	29	55	-	T	26-06-2023	-	-
FOIS01000007.1_55	ebe11609b946282a3e555dcaeff7d5c1	70	MobiDBLite	mobidb-lite	consensus disorder prediction	1	22	-	T	26-06-2023	-	-
