FOXI01000019.1_11	2543e7e28cee61758c95d6cdcdfec174	82	Gene3D	G3DSA:1.10.10.10	-	9	82	1.3E-10	T	26-06-2023	IPR036388	Winged helix-like DNA-binding domain superfamily
FOXI01000019.1_11	2543e7e28cee61758c95d6cdcdfec174	82	SUPERFAMILY	SSF46785	"Winged helix" DNA-binding domain	15	70	1.81E-5	T	26-06-2023	IPR036390	Winged helix DNA-binding domain superfamily
FOXI01000019.1_25	1e6d1f3c2ca476dfb91ec494a1e54d18	220	Pfam	PF19865	Family of unknown function (DUF6338)	5	205	1.6E-11	T	26-06-2023	IPR045919	Protein of unknown function DUF6338
FOXI01000019.1_36	7493ee7934f2101ab0c4ef265fa408d9	340	Coils	Coil	Coil	238	272	-	T	26-06-2023	-	-
FOXI01000019.1_36	7493ee7934f2101ab0c4ef265fa408d9	340	MobiDBLite	mobidb-lite	consensus disorder prediction	296	328	-	T	26-06-2023	-	-
FOXI01000019.1_36	7493ee7934f2101ab0c4ef265fa408d9	340	MobiDBLite	mobidb-lite	consensus disorder prediction	266	285	-	T	26-06-2023	-	-
FOXI01000019.1_36	7493ee7934f2101ab0c4ef265fa408d9	340	MobiDBLite	mobidb-lite	consensus disorder prediction	290	340	-	T	26-06-2023	-	-
FOXI01000019.1_36	7493ee7934f2101ab0c4ef265fa408d9	340	Coils	Coil	Coil	321	340	-	T	26-06-2023	-	-
FOXI01000019.1_5	f485f9b60b07c1ba48d892fbc8e7e32a	186	Coils	Coil	Coil	170	186	-	T	26-06-2023	-	-
FOXI01000019.1_5	f485f9b60b07c1ba48d892fbc8e7e32a	186	MobiDBLite	mobidb-lite	consensus disorder prediction	91	121	-	T	26-06-2023	-	-
FOXI01000019.1_3	2a489dc8e29874711d1ad80865f769a8	217	MobiDBLite	mobidb-lite	consensus disorder prediction	119	138	-	T	26-06-2023	-	-
FOXI01000019.1_3	2a489dc8e29874711d1ad80865f769a8	217	MobiDBLite	mobidb-lite	consensus disorder prediction	60	79	-	T	26-06-2023	-	-
FOXI01000019.1_3	2a489dc8e29874711d1ad80865f769a8	217	Coils	Coil	Coil	28	48	-	T	26-06-2023	-	-
FOXI01000019.1_47	cbb906a2b72564385b488071debe68ae	356	ProSitePatterns	PS00138	Serine proteases, subtilase family, serine active site.	243	253	-	T	26-06-2023	IPR023828	Peptidase S8, subtilisin, Ser-active site
FOXI01000019.1_47	cbb906a2b72564385b488071debe68ae	356	ProSiteProfiles	PS51892	Serine proteases, subtilase domain profile.	1	312	32.493313	T	26-06-2023	-	-
FOXI01000019.1_47	cbb906a2b72564385b488071debe68ae	356	PANTHER	PTHR43806	PEPTIDASE S8	10	308	4.5E-42	T	26-06-2023	-	-
FOXI01000019.1_47	cbb906a2b72564385b488071debe68ae	356	PRINTS	PR00723	Subtilisin serine protease family (S8) signature	11	30	6.3E-11	T	26-06-2023	IPR015500	Peptidase S8, subtilisin-related
FOXI01000019.1_47	cbb906a2b72564385b488071debe68ae	356	PRINTS	PR00723	Subtilisin serine protease family (S8) signature	65	78	6.3E-11	T	26-06-2023	IPR015500	Peptidase S8, subtilisin-related
FOXI01000019.1_47	cbb906a2b72564385b488071debe68ae	356	PRINTS	PR00723	Subtilisin serine protease family (S8) signature	242	258	6.3E-11	T	26-06-2023	IPR015500	Peptidase S8, subtilisin-related
FOXI01000019.1_47	cbb906a2b72564385b488071debe68ae	356	Pfam	PF00082	Subtilase family	11	293	1.9E-39	T	26-06-2023	IPR000209	Peptidase S8/S53 domain
FOXI01000019.1_47	cbb906a2b72564385b488071debe68ae	356	SUPERFAMILY	SSF52743	Subtilisin-like	8	312	2.36E-52	T	26-06-2023	IPR036852	Peptidase S8/S53 domain superfamily
FOXI01000019.1_47	cbb906a2b72564385b488071debe68ae	356	Gene3D	G3DSA:3.40.50.200	Peptidase S8/S53 domain	3	314	6.1E-54	T	26-06-2023	IPR036852	Peptidase S8/S53 domain superfamily
FOXI01000019.1_19	118a316b2aa9acb620fa977ac7f04bc7	100	MobiDBLite	mobidb-lite	consensus disorder prediction	1	17	-	T	26-06-2023	-	-
FOXI01000019.1_19	118a316b2aa9acb620fa977ac7f04bc7	100	MobiDBLite	mobidb-lite	consensus disorder prediction	1	28	-	T	26-06-2023	-	-
FOXI01000019.1_27	3a1a2f4d526c86327a27bc97a4aecb9f	411	Gene3D	G3DSA:1.10.443.10	Intergrase catalytic core	209	404	3.2E-15	T	26-06-2023	IPR013762	Integrase-like, catalytic domain superfamily
FOXI01000019.1_27	3a1a2f4d526c86327a27bc97a4aecb9f	411	MobiDBLite	mobidb-lite	consensus disorder prediction	370	394	-	T	26-06-2023	-	-
FOXI01000019.1_27	3a1a2f4d526c86327a27bc97a4aecb9f	411	MobiDBLite	mobidb-lite	consensus disorder prediction	380	394	-	T	26-06-2023	-	-
FOXI01000019.1_27	3a1a2f4d526c86327a27bc97a4aecb9f	411	Coils	Coil	Coil	380	400	-	T	26-06-2023	-	-
FOXI01000019.1_27	3a1a2f4d526c86327a27bc97a4aecb9f	411	Pfam	PF00589	Phage integrase family	215	359	1.8E-7	T	26-06-2023	IPR002104	Integrase, catalytic domain
FOXI01000019.1_27	3a1a2f4d526c86327a27bc97a4aecb9f	411	SUPERFAMILY	SSF56349	DNA breaking-rejoining enzymes	94	359	2.18E-17	T	26-06-2023	IPR011010	DNA breaking-rejoining enzyme, catalytic core
FOXI01000019.1_27	3a1a2f4d526c86327a27bc97a4aecb9f	411	ProSiteProfiles	PS51898	Tyrosine recombinase domain profile.	210	398	16.025648	T	26-06-2023	IPR002104	Integrase, catalytic domain
FOXI01000019.1_30	71099308f798a9d8b806f993ccf54248	269	Gene3D	G3DSA:2.160.10.10	Hexapeptide repeat proteins	3	178	1.5E-5	T	26-06-2023	-	-
FOXI01000019.1_30	71099308f798a9d8b806f993ccf54248	269	MobiDBLite	mobidb-lite	consensus disorder prediction	183	203	-	T	26-06-2023	-	-
FOXI01000019.1_30	71099308f798a9d8b806f993ccf54248	269	Coils	Coil	Coil	221	241	-	T	26-06-2023	-	-
FOXI01000019.1_10	381b7b035eda38381e535678e7cfc56f	85	Pfam	PF08461	Ribonuclease R winged-helix domain	14	79	4.2E-8	T	26-06-2023	IPR013668	Ribonuclease R winged-helix domain
FOXI01000019.1_10	381b7b035eda38381e535678e7cfc56f	85	SUPERFAMILY	SSF46785	"Winged helix" DNA-binding domain	12	83	1.19E-6	T	26-06-2023	IPR036390	Winged helix DNA-binding domain superfamily
FOXI01000019.1_10	381b7b035eda38381e535678e7cfc56f	85	Gene3D	G3DSA:1.10.10.10	-	2	85	8.0E-13	T	26-06-2023	IPR036388	Winged helix-like DNA-binding domain superfamily
FOXI01000019.1_44	7e43c52aaca2ad33fbbc44ba0ab98b1c	211	Coils	Coil	Coil	71	91	-	T	26-06-2023	-	-
FOXI01000019.1_38	6fae3c1eb0af81ca39d027b7aeb39b20	785	MobiDBLite	mobidb-lite	consensus disorder prediction	255	279	-	T	26-06-2023	-	-
FOXI01000019.1_38	6fae3c1eb0af81ca39d027b7aeb39b20	785	MobiDBLite	mobidb-lite	consensus disorder prediction	1	27	-	T	26-06-2023	-	-
FOXI01000019.1_28	51e4c4f2f452890888efb689a5543f0a	570	MobiDBLite	mobidb-lite	consensus disorder prediction	239	258	-	T	26-06-2023	-	-
FOXI01000019.1_28	51e4c4f2f452890888efb689a5543f0a	570	Coils	Coil	Coil	248	275	-	T	26-06-2023	-	-
FOXI01000019.1_28	51e4c4f2f452890888efb689a5543f0a	570	Coils	Coil	Coil	502	522	-	T	26-06-2023	-	-
FOXI01000019.1_28	51e4c4f2f452890888efb689a5543f0a	570	Coils	Coil	Coil	446	480	-	T	26-06-2023	-	-
FOXI01000019.1_28	51e4c4f2f452890888efb689a5543f0a	570	Coils	Coil	Coil	381	408	-	T	26-06-2023	-	-
FOXI01000019.1_28	51e4c4f2f452890888efb689a5543f0a	570	MobiDBLite	mobidb-lite	consensus disorder prediction	493	537	-	T	26-06-2023	-	-
FOXI01000019.1_28	51e4c4f2f452890888efb689a5543f0a	570	MobiDBLite	mobidb-lite	consensus disorder prediction	493	542	-	T	26-06-2023	-	-
FOXI01000019.1_17	2e5a94552ab0c0ccd67683860b4cd95e	84	Pfam	PF07927	HicA toxin of bacterial toxin-antitoxin,	8	69	7.9E-10	T	26-06-2023	IPR012933	HicA mRNA interferase family
FOXI01000019.1_17	2e5a94552ab0c0ccd67683860b4cd95e	84	Gene3D	G3DSA:3.30.920.30	Hypothetical protein.	5	76	4.8E-11	T	26-06-2023	IPR038570	HicA superfamily
FOXI01000019.1_17	2e5a94552ab0c0ccd67683860b4cd95e	84	SUPERFAMILY	SSF54786	YcfA/nrd intein domain	6	71	1.45E-7	T	26-06-2023	-	-
FOXI01000019.1_16	7209a910e89abd71689af83206f4ea56	94	Gene3D	G3DSA:3.30.160.250	-	16	75	1.9E-6	T	26-06-2023	-	-
FOXI01000019.1_16	7209a910e89abd71689af83206f4ea56	94	SUPERFAMILY	SSF143100	TTHA1013/TTHA0281-like	22	59	1.1E-6	T	26-06-2023	IPR035069	TTHA1013/TTHA0281-like
FOXI01000019.1_16	7209a910e89abd71689af83206f4ea56	94	MobiDBLite	mobidb-lite	consensus disorder prediction	64	94	-	T	26-06-2023	-	-
FOXI01000019.1_29	d6943e0fadb90674eab1fa253eb217b2	316	Coils	Coil	Coil	10	30	-	T	26-06-2023	-	-
FOXI01000019.1_29	d6943e0fadb90674eab1fa253eb217b2	316	Coils	Coil	Coil	72	117	-	T	26-06-2023	-	-
FOXI01000019.1_29	d6943e0fadb90674eab1fa253eb217b2	316	Coils	Coil	Coil	38	58	-	T	26-06-2023	-	-
FOXI01000019.1_26	691801c95d1a2afdd04cc710ac5130e1	86	MobiDBLite	mobidb-lite	consensus disorder prediction	1	49	-	T	26-06-2023	-	-
FOXI01000019.1_26	691801c95d1a2afdd04cc710ac5130e1	86	MobiDBLite	mobidb-lite	consensus disorder prediction	1	86	-	T	26-06-2023	-	-
FOXI01000019.1_26	691801c95d1a2afdd04cc710ac5130e1	86	MobiDBLite	mobidb-lite	consensus disorder prediction	70	86	-	T	26-06-2023	-	-
FOXI01000019.1_9	ab4c376fe9b49a84a031d3ff0a0b45e8	138	Pfam	PF18902	Domain of unknown function (DUF5658)	53	132	2.9E-6	T	26-06-2023	IPR043717	Domain of unknown function DUF5658
FOXI01000019.1_22	6b9350e64989e466573f9cadb7a97bc3	172	Coils	Coil	Coil	62	82	-	T	26-06-2023	-	-
FOXI01000019.1_32	453186317c7dc3b5568cf5e0a4661832	119	Gene3D	G3DSA:1.10.150.20	-	55	117	4.9E-8	T	26-06-2023	-	-
FOXI01000019.1_32	453186317c7dc3b5568cf5e0a4661832	119	Pfam	PF12826	Helix-hairpin-helix motif	71	114	6.8E-9	T	26-06-2023	IPR041663	DisA/LigA, helix-hairpin-helix motif
FOXI01000019.1_32	453186317c7dc3b5568cf5e0a4661832	119	SUPERFAMILY	SSF47781	RuvA domain 2-like	65	117	1.68E-6	T	26-06-2023	IPR010994	RuvA domain 2-like
FOXI01000019.1_21	d4de81171cb0c89aa62a7091b9b79599	134	MobiDBLite	mobidb-lite	consensus disorder prediction	1	27	-	T	26-06-2023	-	-
FOXI01000019.1_21	d4de81171cb0c89aa62a7091b9b79599	134	MobiDBLite	mobidb-lite	consensus disorder prediction	1	20	-	T	26-06-2023	-	-
FOXI01000019.1_39	5fc30d161b5f4a02e4d994f3217ef7c0	191	Coils	Coil	Coil	3	23	-	T	26-06-2023	-	-
FOXI01000019.1_39	5fc30d161b5f4a02e4d994f3217ef7c0	191	MobiDBLite	mobidb-lite	consensus disorder prediction	172	191	-	T	26-06-2023	-	-
FOXI01000019.1_18	3f597f3a86d48763429b8b424a2d27d5	97	MobiDBLite	mobidb-lite	consensus disorder prediction	76	97	-	T	26-06-2023	-	-
FOXI01000019.1_18	3f597f3a86d48763429b8b424a2d27d5	97	Coils	Coil	Coil	28	48	-	T	26-06-2023	-	-
FOXI01000019.1_20	1c70e195cfd3ba4404fd94f29529905b	286	Gene3D	G3DSA:3.40.50.300	-	6	286	7.5E-43	T	26-06-2023	IPR027417	P-loop containing nucleoside triphosphate hydrolase
FOXI01000019.1_20	1c70e195cfd3ba4404fd94f29529905b	286	Pfam	PF13614	AAA domain	11	182	6.2E-15	T	26-06-2023	IPR025669	AAA domain
FOXI01000019.1_20	1c70e195cfd3ba4404fd94f29529905b	286	PANTHER	PTHR13696	P-LOOP CONTAINING NUCLEOSIDE TRIPHOSPHATE HYDROLASE	5	272	2.2E-24	T	26-06-2023	-	-
FOXI01000019.1_20	1c70e195cfd3ba4404fd94f29529905b	286	SUPERFAMILY	SSF52540	P-loop containing nucleoside triphosphate hydrolases	13	284	2.66E-28	T	26-06-2023	IPR027417	P-loop containing nucleoside triphosphate hydrolase
FOXI01000019.1_1	1d94d09b95486453c04402937bad3f7b	412	Gene3D	G3DSA:1.10.8.60	-	13	287	6.6E-91	T	26-06-2023	-	-
FOXI01000019.1_1	1d94d09b95486453c04402937bad3f7b	412	Gene3D	G3DSA:3.40.50.300	-	28	208	6.6E-91	T	26-06-2023	IPR027417	P-loop containing nucleoside triphosphate hydrolase
FOXI01000019.1_1	1d94d09b95486453c04402937bad3f7b	412	SMART	SM01074	Cdc6_C_2	304	387	5.4E-11	T	26-06-2023	IPR015163	Cdc6, C-terminal
FOXI01000019.1_1	1d94d09b95486453c04402937bad3f7b	412	Pfam	PF13401	AAA domain	52	168	4.8E-12	T	26-06-2023	IPR003593	AAA+ ATPase domain
FOXI01000019.1_1	1d94d09b95486453c04402937bad3f7b	412	Hamap	MF_01407	ORC1-type DNA replication protein.	5	387	29.362989	T	26-06-2023	IPR014277	Orc1/Cdc6-type DNA replication protein, archaea
FOXI01000019.1_1	1d94d09b95486453c04402937bad3f7b	412	Pfam	PF09079	CDC6, C terminal winged helix domain	304	386	5.9E-16	T	26-06-2023	IPR015163	Cdc6, C-terminal
FOXI01000019.1_1	1d94d09b95486453c04402937bad3f7b	412	PANTHER	PTHR10763	CELL DIVISION CONTROL PROTEIN 6-RELATED	12	387	4.1E-55	T	26-06-2023	-	-
FOXI01000019.1_1	1d94d09b95486453c04402937bad3f7b	412	SMART	SM00382	AAA_5	50	205	6.6E-7	T	26-06-2023	IPR003593	AAA+ ATPase domain
FOXI01000019.1_1	1d94d09b95486453c04402937bad3f7b	412	NCBIfam	TIGR02928	orc1/cdc6 family replication initiation protein	12	376	2.2E-128	T	26-06-2023	IPR014277	Orc1/Cdc6-type DNA replication protein, archaea
FOXI01000019.1_1	1d94d09b95486453c04402937bad3f7b	412	CDD	cd00009	AAA	29	208	7.44085E-9	T	26-06-2023	-	-
FOXI01000019.1_1	1d94d09b95486453c04402937bad3f7b	412	Gene3D	G3DSA:1.10.10.10	-	296	394	1.8E-21	T	26-06-2023	IPR036388	Winged helix-like DNA-binding domain superfamily
FOXI01000019.1_1	1d94d09b95486453c04402937bad3f7b	412	SUPERFAMILY	SSF46785	"Winged helix" DNA-binding domain	289	389	5.17E-16	T	26-06-2023	IPR036390	Winged helix DNA-binding domain superfamily
FOXI01000019.1_1	1d94d09b95486453c04402937bad3f7b	412	CDD	cd08768	Cdc6_C	299	383	2.96078E-16	T	26-06-2023	IPR015163	Cdc6, C-terminal
FOXI01000019.1_1	1d94d09b95486453c04402937bad3f7b	412	MobiDBLite	mobidb-lite	consensus disorder prediction	1	20	-	T	26-06-2023	-	-
FOXI01000019.1_1	1d94d09b95486453c04402937bad3f7b	412	SUPERFAMILY	SSF52540	P-loop containing nucleoside triphosphate hydrolases	13	283	5.55E-46	T	26-06-2023	IPR027417	P-loop containing nucleoside triphosphate hydrolase
FOXI01000019.1_8	2764f96f13b3ad5f2c83af3cff9745ed	126	Pfam	PF00382	Transcription factor TFIIB repeat	24	92	9.5E-8	T	26-06-2023	IPR013150	Transcription factor TFIIB, cyclin-like domain
FOXI01000019.1_8	2764f96f13b3ad5f2c83af3cff9745ed	126	SUPERFAMILY	SSF47954	Cyclin-like	24	94	3.49E-10	T	26-06-2023	IPR036915	Cyclin-like superfamily
FOXI01000019.1_8	2764f96f13b3ad5f2c83af3cff9745ed	126	MobiDBLite	mobidb-lite	consensus disorder prediction	100	126	-	T	26-06-2023	-	-
FOXI01000019.1_8	2764f96f13b3ad5f2c83af3cff9745ed	126	Gene3D	G3DSA:1.10.472.10	-	15	103	3.2E-9	T	26-06-2023	-	-
