Frome_NODE_383_length_24936_cov_4.316346_3	4a73eacdcdd0a212f04e96aa99a7f535	270	ProSiteProfiles	PS51318	Twin arginine translocation (Tat) signal profile.	1	38	8.609532	T	21-06-2023	IPR006311	Twin-arginine translocation pathway, signal sequence
Frome_NODE_383_length_24936_cov_4.316346_17	fc1f1587741b368ad8ba57a0d504301c	357	MobiDBLite	mobidb-lite	consensus disorder prediction	320	357	-	T	21-06-2023	-	-
Frome_NODE_383_length_24936_cov_4.316346_17	fc1f1587741b368ad8ba57a0d504301c	357	Coils	Coil	Coil	261	281	-	T	21-06-2023	-	-
Frome_NODE_383_length_24936_cov_4.316346_17	fc1f1587741b368ad8ba57a0d504301c	357	MobiDBLite	mobidb-lite	consensus disorder prediction	320	335	-	T	21-06-2023	-	-
Frome_NODE_383_length_24936_cov_4.316346_17	fc1f1587741b368ad8ba57a0d504301c	357	MobiDBLite	mobidb-lite	consensus disorder prediction	343	357	-	T	21-06-2023	-	-
Frome_NODE_383_length_24936_cov_4.316346_1	4d0921fd3b638f7e51319481d0c059ca	558	MobiDBLite	mobidb-lite	consensus disorder prediction	109	150	-	T	21-06-2023	-	-
Frome_NODE_383_length_24936_cov_4.316346_19	23a194981ec5442396c65d9c8c40afd5	627	MobiDBLite	mobidb-lite	consensus disorder prediction	600	627	-	T	21-06-2023	-	-
Frome_NODE_383_length_24936_cov_4.316346_19	23a194981ec5442396c65d9c8c40afd5	627	MobiDBLite	mobidb-lite	consensus disorder prediction	280	295	-	T	21-06-2023	-	-
Frome_NODE_383_length_24936_cov_4.316346_19	23a194981ec5442396c65d9c8c40afd5	627	MobiDBLite	mobidb-lite	consensus disorder prediction	610	627	-	T	21-06-2023	-	-
Frome_NODE_383_length_24936_cov_4.316346_19	23a194981ec5442396c65d9c8c40afd5	627	Coils	Coil	Coil	626	627	-	T	21-06-2023	-	-
Frome_NODE_383_length_24936_cov_4.316346_19	23a194981ec5442396c65d9c8c40afd5	627	MobiDBLite	mobidb-lite	consensus disorder prediction	267	301	-	T	21-06-2023	-	-
Frome_NODE_383_length_24936_cov_4.316346_10	25c1db71042eee26328bf568927f3cd9	46	MobiDBLite	mobidb-lite	consensus disorder prediction	1	22	-	T	21-06-2023	-	-
Frome_NODE_383_length_24936_cov_4.316346_16	dd53ab65d0154cbd374077436943ad44	250	MobiDBLite	mobidb-lite	consensus disorder prediction	199	250	-	T	21-06-2023	-	-
Frome_NODE_383_length_24936_cov_4.316346_16	dd53ab65d0154cbd374077436943ad44	250	MobiDBLite	mobidb-lite	consensus disorder prediction	199	216	-	T	21-06-2023	-	-
Frome_NODE_383_length_24936_cov_4.316346_16	dd53ab65d0154cbd374077436943ad44	250	MobiDBLite	mobidb-lite	consensus disorder prediction	1	20	-	T	21-06-2023	-	-
Frome_NODE_383_length_24936_cov_4.316346_20	5d80be80347b2008e879bf6f31ff2457	826	Gene3D	G3DSA:3.40.50.300	-	402	594	1.3E-8	T	21-06-2023	IPR027417	P-loop containing nucleoside triphosphate hydrolase
Frome_NODE_383_length_24936_cov_4.316346_20	5d80be80347b2008e879bf6f31ff2457	826	Coils	Coil	Coil	825	826	-	T	21-06-2023	-	-
Frome_NODE_383_length_24936_cov_4.316346_20	5d80be80347b2008e879bf6f31ff2457	826	MobiDBLite	mobidb-lite	consensus disorder prediction	1	55	-	T	21-06-2023	-	-
Frome_NODE_383_length_24936_cov_4.316346_20	5d80be80347b2008e879bf6f31ff2457	826	SUPERFAMILY	SSF52540	P-loop containing nucleoside triphosphate hydrolases	397	586	9.03E-5	T	21-06-2023	IPR027417	P-loop containing nucleoside triphosphate hydrolase
Frome_NODE_383_length_24936_cov_4.316346_15	ba9d2ee399a6cd6950a06a3fde9947c8	90	MobiDBLite	mobidb-lite	consensus disorder prediction	64	90	-	T	21-06-2023	-	-
Frome_NODE_383_length_24936_cov_4.316346_18	e1c1d062da9aebda3fae311a6883e399	455	MobiDBLite	mobidb-lite	consensus disorder prediction	37	51	-	T	21-06-2023	-	-
Frome_NODE_383_length_24936_cov_4.316346_18	e1c1d062da9aebda3fae311a6883e399	455	MobiDBLite	mobidb-lite	consensus disorder prediction	37	80	-	T	21-06-2023	-	-
Frome_NODE_383_length_24936_cov_4.316346_18	e1c1d062da9aebda3fae311a6883e399	455	MobiDBLite	mobidb-lite	consensus disorder prediction	436	455	-	T	21-06-2023	-	-
Frome_NODE_383_length_24936_cov_4.316346_4	b6ef0ee054252ca0e73829bb16da9a81	319	MobiDBLite	mobidb-lite	consensus disorder prediction	82	102	-	T	21-06-2023	-	-
Frome_NODE_383_length_24936_cov_4.316346_22	4fdd9d1ab7f0c10ba395887b4bcbe1d6	553	Coils	Coil	Coil	436	456	-	T	21-06-2023	-	-
Frome_NODE_383_length_24936_cov_4.316346_22	4fdd9d1ab7f0c10ba395887b4bcbe1d6	553	Coils	Coil	Coil	27	47	-	T	21-06-2023	-	-
Frome_NODE_383_length_24936_cov_4.316346_2	46b695229295d39708ae26c302a78554	537	SUPERFAMILY	SSF52743	Subtilisin-like	208	498	2.49E-48	T	21-06-2023	IPR036852	Peptidase S8/S53 domain superfamily
Frome_NODE_383_length_24936_cov_4.316346_2	46b695229295d39708ae26c302a78554	537	PANTHER	PTHR43806	PEPTIDASE S8	117	480	2.7E-40	T	21-06-2023	-	-
Frome_NODE_383_length_24936_cov_4.316346_2	46b695229295d39708ae26c302a78554	537	Gene3D	G3DSA:3.40.50.200	Peptidase S8/S53 domain	186	502	5.7E-54	T	21-06-2023	IPR036852	Peptidase S8/S53 domain superfamily
Frome_NODE_383_length_24936_cov_4.316346_2	46b695229295d39708ae26c302a78554	537	MobiDBLite	mobidb-lite	consensus disorder prediction	498	528	-	T	21-06-2023	-	-
Frome_NODE_383_length_24936_cov_4.316346_2	46b695229295d39708ae26c302a78554	537	Pfam	PF00082	Subtilase family	223	471	3.5E-36	T	21-06-2023	IPR000209	Peptidase S8/S53 domain
Frome_NODE_383_length_24936_cov_4.316346_2	46b695229295d39708ae26c302a78554	537	MobiDBLite	mobidb-lite	consensus disorder prediction	401	416	-	T	21-06-2023	-	-
Frome_NODE_383_length_24936_cov_4.316346_2	46b695229295d39708ae26c302a78554	537	MobiDBLite	mobidb-lite	consensus disorder prediction	395	433	-	T	21-06-2023	-	-
Frome_NODE_383_length_24936_cov_4.316346_2	46b695229295d39708ae26c302a78554	537	PRINTS	PR00723	Subtilisin serine protease family (S8) signature	439	455	6.9E-11	T	21-06-2023	IPR015500	Peptidase S8, subtilisin-related
Frome_NODE_383_length_24936_cov_4.316346_2	46b695229295d39708ae26c302a78554	537	PRINTS	PR00723	Subtilisin serine protease family (S8) signature	268	281	6.9E-11	T	21-06-2023	IPR015500	Peptidase S8, subtilisin-related
Frome_NODE_383_length_24936_cov_4.316346_2	46b695229295d39708ae26c302a78554	537	PRINTS	PR00723	Subtilisin serine protease family (S8) signature	221	240	6.9E-11	T	21-06-2023	IPR015500	Peptidase S8, subtilisin-related
Frome_NODE_383_length_24936_cov_4.316346_2	46b695229295d39708ae26c302a78554	537	ProSiteProfiles	PS51892	Serine proteases, subtilase domain profile.	200	497	33.417698	T	21-06-2023	-	-
Frome_NODE_383_length_24936_cov_4.316346_2	46b695229295d39708ae26c302a78554	537	ProSitePatterns	PS00138	Serine proteases, subtilase family, serine active site.	440	450	-	T	21-06-2023	IPR023828	Peptidase S8, subtilisin, Ser-active site
Frome_NODE_383_length_24936_cov_4.316346_2	46b695229295d39708ae26c302a78554	537	ProSiteProfiles	PS51318	Twin arginine translocation (Tat) signal profile.	1	44	8.874001	T	21-06-2023	IPR006311	Twin-arginine translocation pathway, signal sequence
Frome_NODE_383_length_24936_cov_4.316346_21	f84ac95be8f9f7ae52b25cfe269932d5	323	Gene3D	G3DSA:2.20.28.10	-	131	180	4.4E-24	T	21-06-2023	-	-
Frome_NODE_383_length_24936_cov_4.316346_21	f84ac95be8f9f7ae52b25cfe269932d5	323	Pfam	PF17207	MCM OB domain	108	227	7.7E-19	T	21-06-2023	IPR033762	MCM OB domain
Frome_NODE_383_length_24936_cov_4.316346_21	f84ac95be8f9f7ae52b25cfe269932d5	323	Gene3D	G3DSA:3.30.1640.10	-	1	99	9.3E-16	T	21-06-2023	-	-
Frome_NODE_383_length_24936_cov_4.316346_21	f84ac95be8f9f7ae52b25cfe269932d5	323	Gene3D	G3DSA:2.40.50.140	-	108	232	4.4E-24	T	21-06-2023	IPR012340	Nucleic acid-binding, OB-fold
Frome_NODE_383_length_24936_cov_4.316346_21	f84ac95be8f9f7ae52b25cfe269932d5	323	PANTHER	PTHR11630	DNA REPLICATION LICENSING FACTOR MCM FAMILY MEMBER	8	245	3.4E-26	T	21-06-2023	IPR031327	Mini-chromosome maintenance protein
Frome_NODE_383_length_24936_cov_4.316346_21	f84ac95be8f9f7ae52b25cfe269932d5	323	Coils	Coil	Coil	295	315	-	T	21-06-2023	-	-
Frome_NODE_383_length_24936_cov_4.316346_21	f84ac95be8f9f7ae52b25cfe269932d5	323	FunFam	G3DSA:2.20.28.10:FF:000003	DNA helicase	132	180	2.5E-9	T	21-06-2023	-	-
Frome_NODE_383_length_24936_cov_4.316346_21	f84ac95be8f9f7ae52b25cfe269932d5	323	SUPERFAMILY	SSF50249	Nucleic acid-binding proteins	27	241	1.11E-34	T	21-06-2023	IPR012340	Nucleic acid-binding, OB-fold
Frome_NODE_383_length_24936_cov_4.316346_23	05d00266bddc5a92dd252b42a22e3424	420	ProSiteProfiles	PS51900	Core-binding (CB) domain profile.	97	193	8.563599	T	21-06-2023	IPR044068	Core-binding (CB) domain
Frome_NODE_383_length_24936_cov_4.316346_23	05d00266bddc5a92dd252b42a22e3424	420	Gene3D	G3DSA:1.10.443.10	Intergrase catalytic core	218	410	2.8E-16	T	21-06-2023	IPR013762	Integrase-like, catalytic domain superfamily
Frome_NODE_383_length_24936_cov_4.316346_23	05d00266bddc5a92dd252b42a22e3424	420	Gene3D	G3DSA:1.10.150.130	-	96	211	5.7E-6	T	21-06-2023	IPR010998	Integrase/recombinase, N-terminal
Frome_NODE_383_length_24936_cov_4.316346_23	05d00266bddc5a92dd252b42a22e3424	420	SUPERFAMILY	SSF56349	DNA breaking-rejoining enzymes	103	345	1.24E-22	T	21-06-2023	IPR011010	DNA breaking-rejoining enzyme, catalytic core
Frome_NODE_383_length_24936_cov_4.316346_23	05d00266bddc5a92dd252b42a22e3424	420	ProSiteProfiles	PS51898	Tyrosine recombinase domain profile.	220	408	13.441104	T	21-06-2023	IPR002104	Integrase, catalytic domain
Frome_NODE_383_length_24936_cov_4.316346_23	05d00266bddc5a92dd252b42a22e3424	420	Pfam	PF00589	Phage integrase family	225	349	2.8E-6	T	21-06-2023	IPR002104	Integrase, catalytic domain
Frome_NODE_383_length_24936_cov_4.316346_13	1b04a57199012c95726f897e7d14f6ae	90	MobiDBLite	mobidb-lite	consensus disorder prediction	54	90	-	T	21-06-2023	-	-
Frome_NODE_383_length_24936_cov_4.316346_6	fe39878cb39f3fa5b5fbb61a51d6f98f	365	Pfam	PF13517	FG-GAP-like repeat	70	132	1.1E-8	T	21-06-2023	IPR013517	FG-GAP repeat
Frome_NODE_383_length_24936_cov_4.316346_6	fe39878cb39f3fa5b5fbb61a51d6f98f	365	SUPERFAMILY	SSF69318	Integrin alpha N-terminal domain	47	359	4.97E-20	T	21-06-2023	IPR028994	Integrin alpha, N-terminal
Frome_NODE_383_length_24936_cov_4.316346_6	fe39878cb39f3fa5b5fbb61a51d6f98f	365	PANTHER	PTHR45460	SIMILAR TO CYSTEINE PROTEINASE	8	358	6.8E-13	T	21-06-2023	-	-
Frome_NODE_383_length_24936_cov_4.316346_6	fe39878cb39f3fa5b5fbb61a51d6f98f	365	Gene3D	G3DSA:2.130.10.130	-	6	172	8.9E-9	T	21-06-2023	IPR028994	Integrin alpha, N-terminal
