Frome_NODE_208_length_31991_cov_42.105993_42	d1e6a336392208bd65b939566c538470	76	MobiDBLite	mobidb-lite	consensus disorder prediction	48	76	-	T	26-06-2023	-	-
Frome_NODE_208_length_31991_cov_42.105993_38	3ea059689ce408f53095baeba1c70fc3	1167	SUPERFAMILY	SSF56747	Prim-pol domain	46	190	1.05E-6	T	26-06-2023	-	-
Frome_NODE_208_length_31991_cov_42.105993_38	3ea059689ce408f53095baeba1c70fc3	1167	SMART	SM00943	Prim_Pol_2_a	11	183	0.0074	T	26-06-2023	IPR015330	DNA primase/polymerase, bifunctional, N-terminal
Frome_NODE_208_length_31991_cov_42.105993_38	3ea059689ce408f53095baeba1c70fc3	1167	MobiDBLite	mobidb-lite	consensus disorder prediction	187	216	-	T	26-06-2023	-	-
Frome_NODE_208_length_31991_cov_42.105993_38	3ea059689ce408f53095baeba1c70fc3	1167	Gene3D	G3DSA:3.30.2250.10	Bifunctional DNA primase/polymerase domain	55	193	1.9E-6	T	26-06-2023	-	-
Frome_NODE_208_length_31991_cov_42.105993_38	3ea059689ce408f53095baeba1c70fc3	1167	MobiDBLite	mobidb-lite	consensus disorder prediction	1051	1108	-	T	26-06-2023	-	-
Frome_NODE_208_length_31991_cov_42.105993_45	258f52f007cef26df06da66fc08fea83	259	Pfam	PF07505	Protein of unknown function (DUF5131)	3	224	1.0E-81	T	26-06-2023	IPR011101	Protein of unknown function DUF5131
Frome_NODE_208_length_31991_cov_42.105993_31	a22a22424ecae05a20b24859314238a9	116	MobiDBLite	mobidb-lite	consensus disorder prediction	21	48	-	T	26-06-2023	-	-
Frome_NODE_208_length_31991_cov_42.105993_31	a22a22424ecae05a20b24859314238a9	116	SUPERFAMILY	SSF57802	Rubredoxin-like	85	108	3.83E-5	T	26-06-2023	-	-
Frome_NODE_208_length_31991_cov_42.105993_31	a22a22424ecae05a20b24859314238a9	116	MobiDBLite	mobidb-lite	consensus disorder prediction	27	48	-	T	26-06-2023	-	-
Frome_NODE_208_length_31991_cov_42.105993_1	6f3526197af2f0c4dea7fc39700aeef3	134	MobiDBLite	mobidb-lite	consensus disorder prediction	109	134	-	T	26-06-2023	-	-
Frome_NODE_208_length_31991_cov_42.105993_27	badb1691017a3569bb59ae1da21b1f36	1422	Gene3D	G3DSA:2.130.10.10	-	191	484	3.2E-12	T	26-06-2023	IPR015943	WD40/YVTN repeat-like-containing domain superfamily
Frome_NODE_208_length_31991_cov_42.105993_27	badb1691017a3569bb59ae1da21b1f36	1422	MobiDBLite	mobidb-lite	consensus disorder prediction	1088	1129	-	T	26-06-2023	-	-
Frome_NODE_208_length_31991_cov_42.105993_27	badb1691017a3569bb59ae1da21b1f36	1422	SUPERFAMILY	SSF75011	3-carboxy-cis,cis-mucoante lactonizing enzyme	205	467	1.29E-20	T	26-06-2023	-	-
Frome_NODE_208_length_31991_cov_42.105993_27	badb1691017a3569bb59ae1da21b1f36	1422	Coils	Coil	Coil	703	730	-	T	26-06-2023	-	-
Frome_NODE_208_length_31991_cov_42.105993_27	badb1691017a3569bb59ae1da21b1f36	1422	MobiDBLite	mobidb-lite	consensus disorder prediction	1107	1129	-	T	26-06-2023	-	-
Frome_NODE_208_length_31991_cov_42.105993_10	992031f5e289562d6e5fb6a1a5e38dbc	723	MobiDBLite	mobidb-lite	consensus disorder prediction	1	29	-	T	26-06-2023	-	-
Frome_NODE_208_length_31991_cov_42.105993_10	992031f5e289562d6e5fb6a1a5e38dbc	723	SUPERFAMILY	SSF52540	P-loop containing nucleoside triphosphate hydrolases	145	515	2.66E-8	T	26-06-2023	IPR027417	P-loop containing nucleoside triphosphate hydrolase
Frome_NODE_208_length_31991_cov_42.105993_10	992031f5e289562d6e5fb6a1a5e38dbc	723	Gene3D	G3DSA:3.40.50.300	-	377	533	4.0E-6	T	26-06-2023	IPR027417	P-loop containing nucleoside triphosphate hydrolase
Frome_NODE_208_length_31991_cov_42.105993_25	900b9b9e8d803230100aac6aa581bd81	240	ProSiteProfiles	PS51318	Twin arginine translocation (Tat) signal profile.	1	26	7.73238	T	26-06-2023	IPR006311	Twin-arginine translocation pathway, signal sequence
Frome_NODE_208_length_31991_cov_42.105993_5	0be39433d0912fa4602c7e9b38d88784	43	Gene3D	G3DSA:2.20.28.30	RNA polymerase ii, chain L	5	42	3.9E-5	T	26-06-2023	-	-
Frome_NODE_208_length_31991_cov_42.105993_28	22978c67f69d9c1535973ffff7df3626	177	MobiDBLite	mobidb-lite	consensus disorder prediction	1	16	-	T	26-06-2023	-	-
Frome_NODE_208_length_31991_cov_42.105993_28	22978c67f69d9c1535973ffff7df3626	177	MobiDBLite	mobidb-lite	consensus disorder prediction	1	40	-	T	26-06-2023	-	-
Frome_NODE_208_length_31991_cov_42.105993_8	3c9d83315702847557944fae78b89c9d	321	MobiDBLite	mobidb-lite	consensus disorder prediction	307	321	-	T	26-06-2023	-	-
Frome_NODE_208_length_31991_cov_42.105993_8	3c9d83315702847557944fae78b89c9d	321	Coils	Coil	Coil	235	287	-	T	26-06-2023	-	-
Frome_NODE_208_length_31991_cov_42.105993_8	3c9d83315702847557944fae78b89c9d	321	MobiDBLite	mobidb-lite	consensus disorder prediction	290	321	-	T	26-06-2023	-	-
Frome_NODE_208_length_31991_cov_42.105993_8	3c9d83315702847557944fae78b89c9d	321	MobiDBLite	mobidb-lite	consensus disorder prediction	248	274	-	T	26-06-2023	-	-
Frome_NODE_208_length_31991_cov_42.105993_11	7ce79d8bb7f373d7e793443f0077670f	178	MobiDBLite	mobidb-lite	consensus disorder prediction	159	178	-	T	26-06-2023	-	-
Frome_NODE_208_length_31991_cov_42.105993_13	b46ce9d3c75c8e429c310377c0a84989	315	Gene3D	G3DSA:3.40.720.10	Alkaline Phosphatase, subunit A	101	263	1.7E-9	T	26-06-2023	IPR017850	Alkaline-phosphatase-like, core domain superfamily
Frome_NODE_208_length_31991_cov_42.105993_13	b46ce9d3c75c8e429c310377c0a84989	315	Pfam	PF01663	Type I phosphodiesterase / nucleotide pyrophosphatase	188	245	5.9E-8	T	26-06-2023	IPR002591	Type I phosphodiesterase/nucleotide pyrophosphatase/phosphate transferase
Frome_NODE_208_length_31991_cov_42.105993_13	b46ce9d3c75c8e429c310377c0a84989	315	SUPERFAMILY	SSF53649	Alkaline phosphatase-like	173	245	8.6E-10	T	26-06-2023	IPR017850	Alkaline-phosphatase-like, core domain superfamily
Frome_NODE_208_length_31991_cov_42.105993_29	e4013fc27059da1349a0315d1b5b7b68	81	Gene3D	G3DSA:1.10.10.10	-	1	81	2.2E-13	T	26-06-2023	IPR036388	Winged helix-like DNA-binding domain superfamily
Frome_NODE_208_length_31991_cov_42.105993_29	e4013fc27059da1349a0315d1b5b7b68	81	Pfam	PF08461	Ribonuclease R winged-helix domain	8	73	2.1E-5	T	26-06-2023	IPR013668	Ribonuclease R winged-helix domain
Frome_NODE_208_length_31991_cov_42.105993_29	e4013fc27059da1349a0315d1b5b7b68	81	SUPERFAMILY	SSF46785	"Winged helix" DNA-binding domain	6	68	4.33E-6	T	26-06-2023	IPR036390	Winged helix DNA-binding domain superfamily
Frome_NODE_208_length_31991_cov_42.105993_26	55d5d7aedb8001daa26adeaf1f623dbb	543	Pfam	PF00082	Subtilase family	200	475	2.5E-37	T	26-06-2023	IPR000209	Peptidase S8/S53 domain
Frome_NODE_208_length_31991_cov_42.105993_26	55d5d7aedb8001daa26adeaf1f623dbb	543	PRINTS	PR00723	Subtilisin serine protease family (S8) signature	198	217	1.2E-7	T	26-06-2023	IPR015500	Peptidase S8, subtilisin-related
Frome_NODE_208_length_31991_cov_42.105993_26	55d5d7aedb8001daa26adeaf1f623dbb	543	PRINTS	PR00723	Subtilisin serine protease family (S8) signature	254	267	1.2E-7	T	26-06-2023	IPR015500	Peptidase S8, subtilisin-related
Frome_NODE_208_length_31991_cov_42.105993_26	55d5d7aedb8001daa26adeaf1f623dbb	543	PRINTS	PR00723	Subtilisin serine protease family (S8) signature	437	453	1.2E-7	T	26-06-2023	IPR015500	Peptidase S8, subtilisin-related
Frome_NODE_208_length_31991_cov_42.105993_26	55d5d7aedb8001daa26adeaf1f623dbb	543	ProSiteProfiles	PS51892	Serine proteases, subtilase domain profile.	172	497	29.683186	T	26-06-2023	-	-
Frome_NODE_208_length_31991_cov_42.105993_26	55d5d7aedb8001daa26adeaf1f623dbb	543	PANTHER	PTHR43806	PEPTIDASE S8	15	481	1.3E-41	T	26-06-2023	-	-
Frome_NODE_208_length_31991_cov_42.105993_26	55d5d7aedb8001daa26adeaf1f623dbb	543	MobiDBLite	mobidb-lite	consensus disorder prediction	28	52	-	T	26-06-2023	-	-
Frome_NODE_208_length_31991_cov_42.105993_26	55d5d7aedb8001daa26adeaf1f623dbb	543	SUPERFAMILY	SSF52743	Subtilisin-like	200	502	1.96E-46	T	26-06-2023	IPR036852	Peptidase S8/S53 domain superfamily
Frome_NODE_208_length_31991_cov_42.105993_26	55d5d7aedb8001daa26adeaf1f623dbb	543	MobiDBLite	mobidb-lite	consensus disorder prediction	28	50	-	T	26-06-2023	-	-
Frome_NODE_208_length_31991_cov_42.105993_26	55d5d7aedb8001daa26adeaf1f623dbb	543	Gene3D	G3DSA:3.40.50.200	Peptidase S8/S53 domain	162	504	2.1E-52	T	26-06-2023	IPR036852	Peptidase S8/S53 domain superfamily
Frome_NODE_208_length_31991_cov_42.105993_26	55d5d7aedb8001daa26adeaf1f623dbb	543	ProSitePatterns	PS00138	Serine proteases, subtilase family, serine active site.	438	448	-	T	26-06-2023	IPR023828	Peptidase S8, subtilisin, Ser-active site
Frome_NODE_208_length_31991_cov_42.105993_3	ae779a9ba25f7dd0f3f199efae1941b8	218	SMART	SM00857	resolvase_6	3	153	8.7E-34	T	26-06-2023	IPR006119	Resolvase, N-terminal catalytic domain
Frome_NODE_208_length_31991_cov_42.105993_3	ae779a9ba25f7dd0f3f199efae1941b8	218	Pfam	PF00239	Resolvase, N terminal domain	4	150	1.4E-32	T	26-06-2023	IPR006119	Resolvase, N-terminal catalytic domain
Frome_NODE_208_length_31991_cov_42.105993_3	ae779a9ba25f7dd0f3f199efae1941b8	218	ProSitePatterns	PS00397	Site-specific recombinases active site.	6	14	-	T	26-06-2023	IPR006118	Recombinase, conserved site
Frome_NODE_208_length_31991_cov_42.105993_3	ae779a9ba25f7dd0f3f199efae1941b8	218	PANTHER	PTHR30461	DNA-INVERTASE FROM LAMBDOID PROPHAGE	2	204	5.4E-27	T	26-06-2023	-	-
Frome_NODE_208_length_31991_cov_42.105993_3	ae779a9ba25f7dd0f3f199efae1941b8	218	Gene3D	G3DSA:3.40.50.1390	-	3	153	1.6E-33	T	26-06-2023	IPR036162	Resolvase-like, N-terminal catalytic domain superfamily
Frome_NODE_208_length_31991_cov_42.105993_3	ae779a9ba25f7dd0f3f199efae1941b8	218	ProSiteProfiles	PS51736	Resolvase/invertase-type recombinase catalytic domain profile.	2	151	26.275162	T	26-06-2023	IPR006119	Resolvase, N-terminal catalytic domain
Frome_NODE_208_length_31991_cov_42.105993_3	ae779a9ba25f7dd0f3f199efae1941b8	218	CDD	cd03768	SR_ResInv	6	143	1.94796E-30	T	26-06-2023	-	-
Frome_NODE_208_length_31991_cov_42.105993_3	ae779a9ba25f7dd0f3f199efae1941b8	218	SUPERFAMILY	SSF53041	Resolvase-like	1	149	7.06E-31	T	26-06-2023	IPR036162	Resolvase-like, N-terminal catalytic domain superfamily
Frome_NODE_208_length_31991_cov_42.105993_7	42f2f9b285e4c824c07ea5a146562c48	515	Coils	Coil	Coil	244	264	-	T	26-06-2023	-	-
Frome_NODE_208_length_31991_cov_42.105993_34	d4cb96f2dfefd45077c3dc272cd442f1	41	MobiDBLite	mobidb-lite	consensus disorder prediction	15	41	-	T	26-06-2023	-	-
Frome_NODE_208_length_31991_cov_42.105993_34	d4cb96f2dfefd45077c3dc272cd442f1	41	MobiDBLite	mobidb-lite	consensus disorder prediction	15	31	-	T	26-06-2023	-	-
Frome_NODE_208_length_31991_cov_42.105993_36	301f1920c4b44102e1a3083e0af7ddcd	117	MobiDBLite	mobidb-lite	consensus disorder prediction	1	117	-	T	26-06-2023	-	-
Frome_NODE_208_length_31991_cov_42.105993_36	301f1920c4b44102e1a3083e0af7ddcd	117	MobiDBLite	mobidb-lite	consensus disorder prediction	60	117	-	T	26-06-2023	-	-
Frome_NODE_208_length_31991_cov_42.105993_36	301f1920c4b44102e1a3083e0af7ddcd	117	MobiDBLite	mobidb-lite	consensus disorder prediction	18	54	-	T	26-06-2023	-	-
Frome_NODE_208_length_31991_cov_42.105993_30	e707d1eb262c28a9944f8c859a7a35bd	72	Pfam	PF12802	MarR family	15	62	2.5E-8	T	26-06-2023	IPR000835	MarR-type HTH domain
Frome_NODE_208_length_31991_cov_42.105993_30	e707d1eb262c28a9944f8c859a7a35bd	72	Gene3D	G3DSA:1.10.10.10	-	10	67	6.7E-11	T	26-06-2023	IPR036388	Winged helix-like DNA-binding domain superfamily
Frome_NODE_208_length_31991_cov_42.105993_30	e707d1eb262c28a9944f8c859a7a35bd	72	SUPERFAMILY	SSF46785	"Winged helix" DNA-binding domain	9	62	4.62E-11	T	26-06-2023	IPR036390	Winged helix DNA-binding domain superfamily
