Gairdner_NODE_107_length_49922_cov_74.384603_51	47a1aad474aa6a439aa829db7864dfa2	220	Pfam	PF00589	Phage integrase family	7	206	2.0E-9	T	21-06-2023	IPR002104	Integrase, catalytic domain
Gairdner_NODE_107_length_49922_cov_74.384603_51	47a1aad474aa6a439aa829db7864dfa2	220	ProSiteProfiles	PS51898	Tyrosine recombinase domain profile.	3	217	15.84796	T	21-06-2023	IPR002104	Integrase, catalytic domain
Gairdner_NODE_107_length_49922_cov_74.384603_51	47a1aad474aa6a439aa829db7864dfa2	220	SUPERFAMILY	SSF56349	DNA breaking-rejoining enzymes	3	214	5.3E-15	T	21-06-2023	IPR011010	DNA breaking-rejoining enzyme, catalytic core
Gairdner_NODE_107_length_49922_cov_74.384603_51	47a1aad474aa6a439aa829db7864dfa2	220	Gene3D	G3DSA:1.10.443.10	Intergrase catalytic core	2	219	7.5E-15	T	21-06-2023	IPR013762	Integrase-like, catalytic domain superfamily
Gairdner_NODE_107_length_49922_cov_74.384603_80	a302457c7a4876a4a762b0992cec1e69	106	CDD	cd22231	RHH_NikR_HicB-like	63	100	1.16255E-6	T	21-06-2023	-	-
Gairdner_NODE_107_length_49922_cov_74.384603_80	a302457c7a4876a4a762b0992cec1e69	106	SUPERFAMILY	SSF47598	Ribbon-helix-helix	61	103	9.23E-6	T	21-06-2023	IPR010985	Ribbon-helix-helix
Gairdner_NODE_107_length_49922_cov_74.384603_80	a302457c7a4876a4a762b0992cec1e69	106	Gene3D	G3DSA:1.10.1220.10	-	71	105	4.4E-7	T	21-06-2023	IPR013321	Arc-type ribbon-helix-helix
Gairdner_NODE_107_length_49922_cov_74.384603_2	a6902aa829218e0f0a079fb96b69e3e4	81	SUPERFAMILY	SSF46785	"Winged helix" DNA-binding domain	10	78	3.41E-9	T	21-06-2023	IPR036390	Winged helix DNA-binding domain superfamily
Gairdner_NODE_107_length_49922_cov_74.384603_2	a6902aa829218e0f0a079fb96b69e3e4	81	Gene3D	G3DSA:1.10.10.10	-	3	81	8.6E-7	T	21-06-2023	IPR036388	Winged helix-like DNA-binding domain superfamily
Gairdner_NODE_107_length_49922_cov_74.384603_1	e4f000d69e10336410ab88c25214c7e7	183	Gene3D	G3DSA:1.10.10.10	-	63	179	6.6E-13	T	21-06-2023	IPR036388	Winged helix-like DNA-binding domain superfamily
Gairdner_NODE_107_length_49922_cov_74.384603_1	e4f000d69e10336410ab88c25214c7e7	183	MobiDBLite	mobidb-lite	consensus disorder prediction	32	87	-	T	21-06-2023	-	-
Gairdner_NODE_107_length_49922_cov_74.384603_1	e4f000d69e10336410ab88c25214c7e7	183	SUPERFAMILY	SSF46785	"Winged helix" DNA-binding domain	93	176	2.67E-9	T	21-06-2023	IPR036390	Winged helix DNA-binding domain superfamily
Gairdner_NODE_107_length_49922_cov_74.384603_52	85267b0811818f46b71df822c2452c74	81	Coils	Coil	Coil	77	81	-	T	21-06-2023	-	-
Gairdner_NODE_107_length_49922_cov_74.384603_76	e197b6bca6da006322e9cb1cfd80cd74	155	ProSitePatterns	PS00028	Zinc finger C2H2 type domain signature.	104	125	-	T	21-06-2023	IPR013087	Zinc finger C2H2-type
Gairdner_NODE_107_length_49922_cov_74.384603_13	ac35b817d93fb64d2d3dd87784424c6e	522	MobiDBLite	mobidb-lite	consensus disorder prediction	484	498	-	T	21-06-2023	-	-
Gairdner_NODE_107_length_49922_cov_74.384603_13	ac35b817d93fb64d2d3dd87784424c6e	522	Pfam	PF00082	Subtilase family	204	461	5.0E-30	T	21-06-2023	IPR000209	Peptidase S8/S53 domain
Gairdner_NODE_107_length_49922_cov_74.384603_13	ac35b817d93fb64d2d3dd87784424c6e	522	MobiDBLite	mobidb-lite	consensus disorder prediction	499	514	-	T	21-06-2023	-	-
Gairdner_NODE_107_length_49922_cov_74.384603_13	ac35b817d93fb64d2d3dd87784424c6e	522	SUPERFAMILY	SSF52743	Subtilisin-like	195	485	9.03E-43	T	21-06-2023	IPR036852	Peptidase S8/S53 domain superfamily
Gairdner_NODE_107_length_49922_cov_74.384603_13	ac35b817d93fb64d2d3dd87784424c6e	522	PRINTS	PR00723	Subtilisin serine protease family (S8) signature	197	216	7.9E-8	T	21-06-2023	IPR015500	Peptidase S8, subtilisin-related
Gairdner_NODE_107_length_49922_cov_74.384603_13	ac35b817d93fb64d2d3dd87784424c6e	522	PRINTS	PR00723	Subtilisin serine protease family (S8) signature	251	264	7.9E-8	T	21-06-2023	IPR015500	Peptidase S8, subtilisin-related
Gairdner_NODE_107_length_49922_cov_74.384603_13	ac35b817d93fb64d2d3dd87784424c6e	522	PRINTS	PR00723	Subtilisin serine protease family (S8) signature	423	439	7.9E-8	T	21-06-2023	IPR015500	Peptidase S8, subtilisin-related
Gairdner_NODE_107_length_49922_cov_74.384603_13	ac35b817d93fb64d2d3dd87784424c6e	522	Gene3D	G3DSA:3.40.50.200	Peptidase S8/S53 domain	172	491	4.6E-47	T	21-06-2023	IPR036852	Peptidase S8/S53 domain superfamily
Gairdner_NODE_107_length_49922_cov_74.384603_13	ac35b817d93fb64d2d3dd87784424c6e	522	ProSiteProfiles	PS51892	Serine proteases, subtilase domain profile.	176	483	25.87472	T	21-06-2023	-	-
Gairdner_NODE_107_length_49922_cov_74.384603_13	ac35b817d93fb64d2d3dd87784424c6e	522	PANTHER	PTHR43806	PEPTIDASE S8	101	444	2.8E-27	T	21-06-2023	-	-
Gairdner_NODE_107_length_49922_cov_74.384603_13	ac35b817d93fb64d2d3dd87784424c6e	522	ProSitePatterns	PS00138	Serine proteases, subtilase family, serine active site.	424	434	-	T	21-06-2023	IPR023828	Peptidase S8, subtilisin, Ser-active site
Gairdner_NODE_107_length_49922_cov_74.384603_13	ac35b817d93fb64d2d3dd87784424c6e	522	Coils	Coil	Coil	522	522	-	T	21-06-2023	-	-
Gairdner_NODE_107_length_49922_cov_74.384603_13	ac35b817d93fb64d2d3dd87784424c6e	522	MobiDBLite	mobidb-lite	consensus disorder prediction	483	522	-	T	21-06-2023	-	-
Gairdner_NODE_107_length_49922_cov_74.384603_29	59c0c78845c8bab8b520488f1df7e317	564	MobiDBLite	mobidb-lite	consensus disorder prediction	220	263	-	T	21-06-2023	-	-
Gairdner_NODE_107_length_49922_cov_74.384603_29	59c0c78845c8bab8b520488f1df7e317	564	MobiDBLite	mobidb-lite	consensus disorder prediction	220	239	-	T	21-06-2023	-	-
Gairdner_NODE_107_length_49922_cov_74.384603_64	e47d2c3eab9265b9a49dacfe08d1bc58	295	Gene3D	G3DSA:3.40.50.300	-	2	273	2.9E-34	T	21-06-2023	IPR027417	P-loop containing nucleoside triphosphate hydrolase
Gairdner_NODE_107_length_49922_cov_74.384603_64	e47d2c3eab9265b9a49dacfe08d1bc58	295	SUPERFAMILY	SSF52540	P-loop containing nucleoside triphosphate hydrolases	1	217	3.22E-28	T	21-06-2023	IPR027417	P-loop containing nucleoside triphosphate hydrolase
Gairdner_NODE_107_length_49922_cov_74.384603_64	e47d2c3eab9265b9a49dacfe08d1bc58	295	MobiDBLite	mobidb-lite	consensus disorder prediction	273	295	-	T	21-06-2023	-	-
Gairdner_NODE_107_length_49922_cov_74.384603_64	e47d2c3eab9265b9a49dacfe08d1bc58	295	CDD	cd02042	ParAB_family	4	213	1.55006E-11	T	21-06-2023	-	-
Gairdner_NODE_107_length_49922_cov_74.384603_64	e47d2c3eab9265b9a49dacfe08d1bc58	295	Pfam	PF13614	AAA domain	5	181	3.8E-18	T	21-06-2023	IPR025669	AAA domain
Gairdner_NODE_107_length_49922_cov_74.384603_64	e47d2c3eab9265b9a49dacfe08d1bc58	295	PANTHER	PTHR13696	P-LOOP CONTAINING NUCLEOSIDE TRIPHOSPHATE HYDROLASE	4	263	6.5E-26	T	21-06-2023	-	-
Gairdner_NODE_107_length_49922_cov_74.384603_65	c32c333e95a2ca22002295e1b548e090	138	MobiDBLite	mobidb-lite	consensus disorder prediction	1	73	-	T	21-06-2023	-	-
Gairdner_NODE_107_length_49922_cov_74.384603_65	c32c333e95a2ca22002295e1b548e090	138	MobiDBLite	mobidb-lite	consensus disorder prediction	24	38	-	T	21-06-2023	-	-
Gairdner_NODE_107_length_49922_cov_74.384603_41	15d3b52f637165afec49563c2e1214d9	79	Gene3D	G3DSA:1.10.10.10	-	11	76	8.8E-7	T	21-06-2023	IPR036388	Winged helix-like DNA-binding domain superfamily
Gairdner_NODE_107_length_49922_cov_74.384603_41	15d3b52f637165afec49563c2e1214d9	79	SUPERFAMILY	SSF46785	"Winged helix" DNA-binding domain	18	75	7.45E-8	T	21-06-2023	IPR036390	Winged helix DNA-binding domain superfamily
Gairdner_NODE_107_length_49922_cov_74.384603_42	a74bc5477e95f4a31ceb0068c4c3fc36	71	MobiDBLite	mobidb-lite	consensus disorder prediction	1	23	-	T	21-06-2023	-	-
Gairdner_NODE_107_length_49922_cov_74.384603_42	a74bc5477e95f4a31ceb0068c4c3fc36	71	MobiDBLite	mobidb-lite	consensus disorder prediction	1	19	-	T	21-06-2023	-	-
Gairdner_NODE_107_length_49922_cov_74.384603_31	bcbb1cdaa3b86e45c87bb647834e9324	785	Coils	Coil	Coil	25	49	-	T	21-06-2023	-	-
Gairdner_NODE_107_length_49922_cov_74.384603_31	bcbb1cdaa3b86e45c87bb647834e9324	785	MobiDBLite	mobidb-lite	consensus disorder prediction	1	15	-	T	21-06-2023	-	-
Gairdner_NODE_107_length_49922_cov_74.384603_31	bcbb1cdaa3b86e45c87bb647834e9324	785	Gene3D	G3DSA:3.40.50.300	-	378	558	8.3E-9	T	21-06-2023	IPR027417	P-loop containing nucleoside triphosphate hydrolase
Gairdner_NODE_107_length_49922_cov_74.384603_31	bcbb1cdaa3b86e45c87bb647834e9324	785	MobiDBLite	mobidb-lite	consensus disorder prediction	1	20	-	T	21-06-2023	-	-
Gairdner_NODE_107_length_49922_cov_74.384603_12	4f61dfbb6e75d280f3ee219f76498718	1413	MobiDBLite	mobidb-lite	consensus disorder prediction	544	565	-	T	21-06-2023	-	-
Gairdner_NODE_107_length_49922_cov_74.384603_12	4f61dfbb6e75d280f3ee219f76498718	1413	SUPERFAMILY	SSF63829	Calcium-dependent phosphotriesterase	325	520	1.63E-6	T	21-06-2023	-	-
Gairdner_NODE_107_length_49922_cov_74.384603_12	4f61dfbb6e75d280f3ee219f76498718	1413	MobiDBLite	mobidb-lite	consensus disorder prediction	1005	1043	-	T	21-06-2023	-	-
Gairdner_NODE_107_length_49922_cov_74.384603_72	90998191b1020ab21d4962b2ab703b65	58	MobiDBLite	mobidb-lite	consensus disorder prediction	39	58	-	T	21-06-2023	-	-
Gairdner_NODE_107_length_49922_cov_74.384603_59	3e1b33f208008eed7b54633d9a7ea3c0	116	MobiDBLite	mobidb-lite	consensus disorder prediction	74	116	-	T	21-06-2023	-	-
Gairdner_NODE_107_length_49922_cov_74.384603_28	1a0d3d48f97a792f7ccbd5f0affefead	411	Coils	Coil	Coil	248	275	-	T	21-06-2023	-	-
Gairdner_NODE_107_length_49922_cov_74.384603_28	1a0d3d48f97a792f7ccbd5f0affefead	411	MobiDBLite	mobidb-lite	consensus disorder prediction	26	52	-	T	21-06-2023	-	-
Gairdner_NODE_107_length_49922_cov_74.384603_28	1a0d3d48f97a792f7ccbd5f0affefead	411	Coils	Coil	Coil	378	398	-	T	21-06-2023	-	-
Gairdner_NODE_107_length_49922_cov_74.384603_3	c87eb8b2bb360d890a2eae625829094c	82	Pfam	PF08279	HTH domain	15	60	9.4E-6	T	21-06-2023	IPR013196	Helix-turn-helix, type 11
Gairdner_NODE_107_length_49922_cov_74.384603_3	c87eb8b2bb360d890a2eae625829094c	82	SUPERFAMILY	SSF46785	"Winged helix" DNA-binding domain	14	71	9.23E-7	T	21-06-2023	IPR036390	Winged helix DNA-binding domain superfamily
Gairdner_NODE_107_length_49922_cov_74.384603_3	c87eb8b2bb360d890a2eae625829094c	82	Gene3D	G3DSA:1.10.10.10	-	11	57	1.6E-5	T	21-06-2023	IPR036388	Winged helix-like DNA-binding domain superfamily
Gairdner_NODE_107_length_49922_cov_74.384603_3	c87eb8b2bb360d890a2eae625829094c	82	ProSitePatterns	PS00519	AsnC-type HTH domain signature.	29	55	-	T	21-06-2023	IPR019885	Transcription regulator HTH, AsnC-type, conserved site
Gairdner_NODE_107_length_49922_cov_74.384603_54	8dbcc115010e2437a8089daf5faf020f	78	SUPERFAMILY	SSF46785	"Winged helix" DNA-binding domain	19	73	2.62E-5	T	21-06-2023	IPR036390	Winged helix DNA-binding domain superfamily
Gairdner_NODE_107_length_49922_cov_74.384603_54	8dbcc115010e2437a8089daf5faf020f	78	MobiDBLite	mobidb-lite	consensus disorder prediction	1	23	-	T	21-06-2023	-	-
Gairdner_NODE_107_length_49922_cov_74.384603_11	e95bd16e3d5340368c3a89aa4c2f2dce	212	MobiDBLite	mobidb-lite	consensus disorder prediction	1	21	-	T	21-06-2023	-	-
Gairdner_NODE_107_length_49922_cov_74.384603_11	e95bd16e3d5340368c3a89aa4c2f2dce	212	MobiDBLite	mobidb-lite	consensus disorder prediction	1	16	-	T	21-06-2023	-	-
Gairdner_NODE_107_length_49922_cov_74.384603_71	98201088666ef687e69276c66cd5090e	100	MobiDBLite	mobidb-lite	consensus disorder prediction	75	100	-	T	21-06-2023	-	-
Gairdner_NODE_107_length_49922_cov_74.384603_71	98201088666ef687e69276c66cd5090e	100	MobiDBLite	mobidb-lite	consensus disorder prediction	1	20	-	T	21-06-2023	-	-
Gairdner_NODE_107_length_49922_cov_74.384603_71	98201088666ef687e69276c66cd5090e	100	MobiDBLite	mobidb-lite	consensus disorder prediction	42	63	-	T	21-06-2023	-	-
Gairdner_NODE_107_length_49922_cov_74.384603_9	00242742f46eb6b9e7ed82c71ab6b961	197	Pfam	PF07790	Archaeal Type IV pilin, N-terminal	11	93	4.8E-24	T	21-06-2023	IPR012859	Archaeal Type IV pilin, N-terminal
Gairdner_NODE_107_length_49922_cov_74.384603_9	00242742f46eb6b9e7ed82c71ab6b961	197	NCBIfam	TIGR02537	archaeal flagellin N-terminal-like domain	12	33	0.002	T	21-06-2023	IPR013373	Flagellin/pilin, N-terminal site, archaea
Gairdner_NODE_107_length_49922_cov_74.384603_9	00242742f46eb6b9e7ed82c71ab6b961	197	PANTHER	PTHR38138	VNG6441H	5	112	9.3E-13	T	21-06-2023	-	-
Gairdner_NODE_107_length_49922_cov_74.384603_69	a00d976cfb3d8e70e3ac758d2871cd6e	93	MobiDBLite	mobidb-lite	consensus disorder prediction	37	70	-	T	21-06-2023	-	-
Gairdner_NODE_107_length_49922_cov_74.384603_47	0ad11023d6756efd921059975bf6eb50	51	MobiDBLite	mobidb-lite	consensus disorder prediction	1	22	-	T	21-06-2023	-	-
Gairdner_NODE_107_length_49922_cov_74.384603_43	aaa8a86466ee0b0631709bfcd6300eaf	85	MobiDBLite	mobidb-lite	consensus disorder prediction	58	85	-	T	21-06-2023	-	-
Gairdner_NODE_107_length_49922_cov_74.384603_63	63fb139591175b2d90b33da230f0eb5a	107	Coils	Coil	Coil	79	106	-	T	21-06-2023	-	-
Gairdner_NODE_107_length_49922_cov_74.384603_24	e292349d7594ce33f0597c7f6f2714f2	88	Coils	Coil	Coil	86	88	-	T	21-06-2023	-	-
Gairdner_NODE_107_length_49922_cov_74.384603_70	43ffe980b3fa4fb696b55bc1e152d7f5	81	Coils	Coil	Coil	50	70	-	T	21-06-2023	-	-
Gairdner_NODE_107_length_49922_cov_74.384603_70	43ffe980b3fa4fb696b55bc1e152d7f5	81	Coils	Coil	Coil	79	81	-	T	21-06-2023	-	-
Gairdner_NODE_107_length_49922_cov_74.384603_68	080bad670908878ac7af030baa5b990f	383	Coils	Coil	Coil	131	162	-	T	21-06-2023	-	-
Gairdner_NODE_107_length_49922_cov_74.384603_7	dd9cfa05334e74eb8260eee80160ee38	90	MobiDBLite	mobidb-lite	consensus disorder prediction	1	24	-	T	21-06-2023	-	-
Gairdner_NODE_107_length_49922_cov_74.384603_58	ca6382df5cd040c9bf774913c8392be6	98	MobiDBLite	mobidb-lite	consensus disorder prediction	1	24	-	T	21-06-2023	-	-
Gairdner_NODE_107_length_49922_cov_74.384603_10	165b418c235f48c7894f454cc22f0317	147	Pfam	PF07790	Archaeal Type IV pilin, N-terminal	1	67	1.2E-16	T	21-06-2023	IPR012859	Archaeal Type IV pilin, N-terminal
Gairdner_NODE_107_length_49922_cov_74.384603_27	d66076a38dd3790a12d5a85f7ffb9ab2	336	Coils	Coil	Coil	261	281	-	T	21-06-2023	-	-
Gairdner_NODE_107_length_49922_cov_74.384603_27	d66076a38dd3790a12d5a85f7ffb9ab2	336	MobiDBLite	mobidb-lite	consensus disorder prediction	309	336	-	T	21-06-2023	-	-
Gairdner_NODE_107_length_49922_cov_74.384603_27	d66076a38dd3790a12d5a85f7ffb9ab2	336	MobiDBLite	mobidb-lite	consensus disorder prediction	300	336	-	T	21-06-2023	-	-
Gairdner_NODE_107_length_49922_cov_74.384603_19	7a7db75c5181b06f1f71879fab5d985d	176	MobiDBLite	mobidb-lite	consensus disorder prediction	1	25	-	T	21-06-2023	-	-
Gairdner_NODE_107_length_49922_cov_74.384603_32	4d47ea04a2aa278f301b472d9a4fb0b5	125	Gene3D	G3DSA:1.10.150.20	-	67	125	8.6E-9	T	21-06-2023	-	-
Gairdner_NODE_107_length_49922_cov_74.384603_32	4d47ea04a2aa278f301b472d9a4fb0b5	125	SUPERFAMILY	SSF47781	RuvA domain 2-like	73	124	2.72E-7	T	21-06-2023	IPR010994	RuvA domain 2-like
Gairdner_NODE_107_length_49922_cov_74.384603_35	4d6eba6525f38925088e8436d03e66f0	387	MobiDBLite	mobidb-lite	consensus disorder prediction	1	26	-	T	21-06-2023	-	-
Gairdner_NODE_107_length_49922_cov_74.384603_35	4d6eba6525f38925088e8436d03e66f0	387	ProSiteProfiles	PS51898	Tyrosine recombinase domain profile.	142	374	18.553656	T	21-06-2023	IPR002104	Integrase, catalytic domain
Gairdner_NODE_107_length_49922_cov_74.384603_35	4d6eba6525f38925088e8436d03e66f0	387	CDD	cd00397	DNA_BRE_C	178	362	1.67827E-11	T	21-06-2023	-	-
Gairdner_NODE_107_length_49922_cov_74.384603_35	4d6eba6525f38925088e8436d03e66f0	387	Gene3D	G3DSA:1.10.443.10	Intergrase catalytic core	141	381	2.8E-23	T	21-06-2023	IPR013762	Integrase-like, catalytic domain superfamily
Gairdner_NODE_107_length_49922_cov_74.384603_35	4d6eba6525f38925088e8436d03e66f0	387	Gene3D	G3DSA:1.10.150.130	-	25	133	4.1E-6	T	21-06-2023	IPR010998	Integrase/recombinase, N-terminal
Gairdner_NODE_107_length_49922_cov_74.384603_35	4d6eba6525f38925088e8436d03e66f0	387	ProSiteProfiles	PS51900	Core-binding (CB) domain profile.	24	114	10.249435	T	21-06-2023	IPR044068	Core-binding (CB) domain
Gairdner_NODE_107_length_49922_cov_74.384603_35	4d6eba6525f38925088e8436d03e66f0	387	MobiDBLite	mobidb-lite	consensus disorder prediction	1	15	-	T	21-06-2023	-	-
Gairdner_NODE_107_length_49922_cov_74.384603_35	4d6eba6525f38925088e8436d03e66f0	387	Pfam	PF00589	Phage integrase family	175	365	9.6E-12	T	21-06-2023	IPR002104	Integrase, catalytic domain
Gairdner_NODE_107_length_49922_cov_74.384603_35	4d6eba6525f38925088e8436d03e66f0	387	SUPERFAMILY	SSF56349	DNA breaking-rejoining enzymes	30	372	2.24E-27	T	21-06-2023	IPR011010	DNA breaking-rejoining enzyme, catalytic core
