Gairdner_NODE_74_length_59309_cov_8.317565_48	f3a6670849438e5be22b7ff04aff46ab	152	MobiDBLite	mobidb-lite	consensus disorder prediction	1	21	-	T	26-06-2023	-	-
Gairdner_NODE_74_length_59309_cov_8.317565_67	1871b9e793096edeb0c2fba8c06b8a5c	226	MobiDBLite	mobidb-lite	consensus disorder prediction	44	64	-	T	26-06-2023	-	-
Gairdner_NODE_74_length_59309_cov_8.317565_67	1871b9e793096edeb0c2fba8c06b8a5c	226	MobiDBLite	mobidb-lite	consensus disorder prediction	42	64	-	T	26-06-2023	-	-
Gairdner_NODE_74_length_59309_cov_8.317565_36	f1f713433a444b6ed8dc00e52eb50d54	170	MobiDBLite	mobidb-lite	consensus disorder prediction	1	20	-	T	26-06-2023	-	-
Gairdner_NODE_74_length_59309_cov_8.317565_3	a94b336c36fe7bb956969b25aa629ced	284	MobiDBLite	mobidb-lite	consensus disorder prediction	1	15	-	T	26-06-2023	-	-
Gairdner_NODE_74_length_59309_cov_8.317565_3	a94b336c36fe7bb956969b25aa629ced	284	ProSiteProfiles	PS51318	Twin arginine translocation (Tat) signal profile.	1	48	7.891061	T	26-06-2023	IPR006311	Twin-arginine translocation pathway, signal sequence
Gairdner_NODE_74_length_59309_cov_8.317565_3	a94b336c36fe7bb956969b25aa629ced	284	MobiDBLite	mobidb-lite	consensus disorder prediction	1	22	-	T	26-06-2023	-	-
Gairdner_NODE_74_length_59309_cov_8.317565_61	f48ef437c32ecd5d5bea0142cb7ac680	145	MobiDBLite	mobidb-lite	consensus disorder prediction	118	145	-	T	26-06-2023	-	-
Gairdner_NODE_74_length_59309_cov_8.317565_16	1dcefc1472705b8f3a3091f5ac186efb	135	MobiDBLite	mobidb-lite	consensus disorder prediction	1	29	-	T	26-06-2023	-	-
Gairdner_NODE_74_length_59309_cov_8.317565_68	4035fad630c1aa0283933588f921e604	122	MobiDBLite	mobidb-lite	consensus disorder prediction	13	32	-	T	26-06-2023	-	-
Gairdner_NODE_74_length_59309_cov_8.317565_68	4035fad630c1aa0283933588f921e604	122	MobiDBLite	mobidb-lite	consensus disorder prediction	1	34	-	T	26-06-2023	-	-
Gairdner_NODE_74_length_59309_cov_8.317565_2	69dfe48d758c2dd83df22cd6a32ba122	560	ProSitePatterns	PS00136	Serine proteases, subtilase family, aspartic acid active site.	218	229	-	T	26-06-2023	IPR023827	Peptidase S8, subtilisin, Asp-active site
Gairdner_NODE_74_length_59309_cov_8.317565_2	69dfe48d758c2dd83df22cd6a32ba122	560	PANTHER	PTHR43806	PEPTIDASE S8	195	497	8.2E-36	T	26-06-2023	-	-
Gairdner_NODE_74_length_59309_cov_8.317565_2	69dfe48d758c2dd83df22cd6a32ba122	560	Pfam	PF00082	Subtilase family	213	492	3.7E-32	T	26-06-2023	IPR000209	Peptidase S8/S53 domain
Gairdner_NODE_74_length_59309_cov_8.317565_2	69dfe48d758c2dd83df22cd6a32ba122	560	SUPERFAMILY	SSF52743	Subtilisin-like	205	517	6.28E-48	T	26-06-2023	IPR036852	Peptidase S8/S53 domain superfamily
Gairdner_NODE_74_length_59309_cov_8.317565_2	69dfe48d758c2dd83df22cd6a32ba122	560	Coils	Coil	Coil	560	560	-	T	26-06-2023	-	-
Gairdner_NODE_74_length_59309_cov_8.317565_2	69dfe48d758c2dd83df22cd6a32ba122	560	ProSitePatterns	PS00138	Serine proteases, subtilase family, serine active site.	455	465	-	T	26-06-2023	IPR023828	Peptidase S8, subtilisin, Ser-active site
Gairdner_NODE_74_length_59309_cov_8.317565_2	69dfe48d758c2dd83df22cd6a32ba122	560	Gene3D	G3DSA:3.40.50.200	Peptidase S8/S53 domain	177	519	2.3E-50	T	26-06-2023	IPR036852	Peptidase S8/S53 domain superfamily
Gairdner_NODE_74_length_59309_cov_8.317565_2	69dfe48d758c2dd83df22cd6a32ba122	560	PRINTS	PR00723	Subtilisin serine protease family (S8) signature	454	470	2.4E-13	T	26-06-2023	IPR015500	Peptidase S8, subtilisin-related
Gairdner_NODE_74_length_59309_cov_8.317565_2	69dfe48d758c2dd83df22cd6a32ba122	560	PRINTS	PR00723	Subtilisin serine protease family (S8) signature	274	287	2.4E-13	T	26-06-2023	IPR015500	Peptidase S8, subtilisin-related
Gairdner_NODE_74_length_59309_cov_8.317565_2	69dfe48d758c2dd83df22cd6a32ba122	560	PRINTS	PR00723	Subtilisin serine protease family (S8) signature	213	232	2.4E-13	T	26-06-2023	IPR015500	Peptidase S8, subtilisin-related
Gairdner_NODE_74_length_59309_cov_8.317565_2	69dfe48d758c2dd83df22cd6a32ba122	560	ProSiteProfiles	PS51892	Serine proteases, subtilase domain profile.	187	514	28.037781	T	26-06-2023	-	-
Gairdner_NODE_74_length_59309_cov_8.317565_18	d9a4c9856210537334c13822308f5c4b	105	MobiDBLite	mobidb-lite	consensus disorder prediction	1	21	-	T	26-06-2023	-	-
Gairdner_NODE_74_length_59309_cov_8.317565_18	d9a4c9856210537334c13822308f5c4b	105	MobiDBLite	mobidb-lite	consensus disorder prediction	1	17	-	T	26-06-2023	-	-
Gairdner_NODE_74_length_59309_cov_8.317565_42	a2495216d00ddcfcb843cab7f70d1287	160	MobiDBLite	mobidb-lite	consensus disorder prediction	128	160	-	T	26-06-2023	-	-
Gairdner_NODE_74_length_59309_cov_8.317565_20	067ac8073b79221fbb1b797d7995d9b1	162	MobiDBLite	mobidb-lite	consensus disorder prediction	45	61	-	T	26-06-2023	-	-
Gairdner_NODE_74_length_59309_cov_8.317565_20	067ac8073b79221fbb1b797d7995d9b1	162	MobiDBLite	mobidb-lite	consensus disorder prediction	37	61	-	T	26-06-2023	-	-
Gairdner_NODE_74_length_59309_cov_8.317565_20	067ac8073b79221fbb1b797d7995d9b1	162	MobiDBLite	mobidb-lite	consensus disorder prediction	87	110	-	T	26-06-2023	-	-
Gairdner_NODE_74_length_59309_cov_8.317565_20	067ac8073b79221fbb1b797d7995d9b1	162	MobiDBLite	mobidb-lite	consensus disorder prediction	88	106	-	T	26-06-2023	-	-
Gairdner_NODE_74_length_59309_cov_8.317565_43	ae312159253cd4de01fd539f7b2c0f3b	93	MobiDBLite	mobidb-lite	consensus disorder prediction	66	93	-	T	26-06-2023	-	-
Gairdner_NODE_74_length_59309_cov_8.317565_55	e57ca9e76065f73937d662e392be154b	534	MobiDBLite	mobidb-lite	consensus disorder prediction	336	364	-	T	26-06-2023	-	-
Gairdner_NODE_74_length_59309_cov_8.317565_55	e57ca9e76065f73937d662e392be154b	534	MobiDBLite	mobidb-lite	consensus disorder prediction	350	364	-	T	26-06-2023	-	-
Gairdner_NODE_74_length_59309_cov_8.317565_55	e57ca9e76065f73937d662e392be154b	534	Coils	Coil	Coil	240	260	-	T	26-06-2023	-	-
Gairdner_NODE_74_length_59309_cov_8.317565_62	99f4ef206a4b6164073cf7063d4c8593	138	Pfam	PF07790	Archaeal Type IV pilin, N-terminal	16	93	3.2E-15	T	26-06-2023	IPR012859	Archaeal Type IV pilin, N-terminal
Gairdner_NODE_74_length_59309_cov_8.317565_62	99f4ef206a4b6164073cf7063d4c8593	138	NCBIfam	TIGR02537	archaeal flagellin N-terminal-like domain	16	38	3.0E-6	T	26-06-2023	IPR013373	Flagellin/pilin, N-terminal site, archaea
Gairdner_NODE_74_length_59309_cov_8.317565_69	ab33f4491e2fcc054bd3a9684e70840b	276	ProSiteProfiles	PS51898	Tyrosine recombinase domain profile.	6	270	21.760105	T	26-06-2023	IPR002104	Integrase, catalytic domain
Gairdner_NODE_74_length_59309_cov_8.317565_69	ab33f4491e2fcc054bd3a9684e70840b	276	CDD	cd00397	DNA_BRE_C	15	258	3.26267E-8	T	26-06-2023	-	-
Gairdner_NODE_74_length_59309_cov_8.317565_69	ab33f4491e2fcc054bd3a9684e70840b	276	SUPERFAMILY	SSF56349	DNA breaking-rejoining enzymes	6	268	2.83E-20	T	26-06-2023	IPR011010	DNA breaking-rejoining enzyme, catalytic core
Gairdner_NODE_74_length_59309_cov_8.317565_69	ab33f4491e2fcc054bd3a9684e70840b	276	MobiDBLite	mobidb-lite	consensus disorder prediction	98	119	-	T	26-06-2023	-	-
Gairdner_NODE_74_length_59309_cov_8.317565_69	ab33f4491e2fcc054bd3a9684e70840b	276	Pfam	PF00589	Phage integrase family	11	260	5.5E-17	T	26-06-2023	IPR002104	Integrase, catalytic domain
Gairdner_NODE_74_length_59309_cov_8.317565_69	ab33f4491e2fcc054bd3a9684e70840b	276	MobiDBLite	mobidb-lite	consensus disorder prediction	98	129	-	T	26-06-2023	-	-
Gairdner_NODE_74_length_59309_cov_8.317565_69	ab33f4491e2fcc054bd3a9684e70840b	276	Gene3D	G3DSA:1.10.443.10	Intergrase catalytic core	5	273	4.4E-24	T	26-06-2023	IPR013762	Integrase-like, catalytic domain superfamily
Gairdner_NODE_74_length_59309_cov_8.317565_56	6bfe7a7409b22c877543ab674fcf204e	335	MobiDBLite	mobidb-lite	consensus disorder prediction	15	30	-	T	26-06-2023	-	-
Gairdner_NODE_74_length_59309_cov_8.317565_56	6bfe7a7409b22c877543ab674fcf204e	335	MobiDBLite	mobidb-lite	consensus disorder prediction	307	327	-	T	26-06-2023	-	-
Gairdner_NODE_74_length_59309_cov_8.317565_56	6bfe7a7409b22c877543ab674fcf204e	335	Coils	Coil	Coil	258	278	-	T	26-06-2023	-	-
Gairdner_NODE_74_length_59309_cov_8.317565_56	6bfe7a7409b22c877543ab674fcf204e	335	MobiDBLite	mobidb-lite	consensus disorder prediction	304	335	-	T	26-06-2023	-	-
Gairdner_NODE_74_length_59309_cov_8.317565_56	6bfe7a7409b22c877543ab674fcf204e	335	MobiDBLite	mobidb-lite	consensus disorder prediction	1	47	-	T	26-06-2023	-	-
Gairdner_NODE_74_length_59309_cov_8.317565_12	2f2d3d703a9f5d8f2be568fb9f1aa556	254	MobiDBLite	mobidb-lite	consensus disorder prediction	225	254	-	T	26-06-2023	-	-
Gairdner_NODE_74_length_59309_cov_8.317565_12	2f2d3d703a9f5d8f2be568fb9f1aa556	254	MobiDBLite	mobidb-lite	consensus disorder prediction	129	181	-	T	26-06-2023	-	-
Gairdner_NODE_74_length_59309_cov_8.317565_40	7c424bd235cb7bf2a38eb9c6de7e6b7f	510	CDD	cd08368	LIM	201	238	7.24095E-4	T	26-06-2023	-	-
Gairdner_NODE_74_length_59309_cov_8.317565_40	7c424bd235cb7bf2a38eb9c6de7e6b7f	510	MobiDBLite	mobidb-lite	consensus disorder prediction	454	483	-	T	26-06-2023	-	-
Gairdner_NODE_74_length_59309_cov_8.317565_40	7c424bd235cb7bf2a38eb9c6de7e6b7f	510	MobiDBLite	mobidb-lite	consensus disorder prediction	176	196	-	T	26-06-2023	-	-
Gairdner_NODE_74_length_59309_cov_8.317565_40	7c424bd235cb7bf2a38eb9c6de7e6b7f	510	MobiDBLite	mobidb-lite	consensus disorder prediction	334	374	-	T	26-06-2023	-	-
Gairdner_NODE_74_length_59309_cov_8.317565_40	7c424bd235cb7bf2a38eb9c6de7e6b7f	510	MobiDBLite	mobidb-lite	consensus disorder prediction	86	103	-	T	26-06-2023	-	-
Gairdner_NODE_74_length_59309_cov_8.317565_40	7c424bd235cb7bf2a38eb9c6de7e6b7f	510	MobiDBLite	mobidb-lite	consensus disorder prediction	33	52	-	T	26-06-2023	-	-
Gairdner_NODE_74_length_59309_cov_8.317565_40	7c424bd235cb7bf2a38eb9c6de7e6b7f	510	MobiDBLite	mobidb-lite	consensus disorder prediction	57	76	-	T	26-06-2023	-	-
Gairdner_NODE_74_length_59309_cov_8.317565_40	7c424bd235cb7bf2a38eb9c6de7e6b7f	510	MobiDBLite	mobidb-lite	consensus disorder prediction	86	112	-	T	26-06-2023	-	-
Gairdner_NODE_74_length_59309_cov_8.317565_29	ec54d29d1f258c2dd0dc1e2149d923e6	170	MobiDBLite	mobidb-lite	consensus disorder prediction	1	24	-	T	26-06-2023	-	-
Gairdner_NODE_74_length_59309_cov_8.317565_29	ec54d29d1f258c2dd0dc1e2149d923e6	170	MobiDBLite	mobidb-lite	consensus disorder prediction	1	20	-	T	26-06-2023	-	-
Gairdner_NODE_74_length_59309_cov_8.317565_60	8d5da2fa057ad4073f4803d590a6d4e3	417	CDD	cd00009	AAA	30	190	7.72146E-7	T	26-06-2023	-	-
Gairdner_NODE_74_length_59309_cov_8.317565_60	8d5da2fa057ad4073f4803d590a6d4e3	417	Pfam	PF09079	CDC6, C terminal winged helix domain	313	391	3.2E-9	T	26-06-2023	IPR015163	Cdc6, C-terminal
Gairdner_NODE_74_length_59309_cov_8.317565_60	8d5da2fa057ad4073f4803d590a6d4e3	417	NCBIfam	TIGR02928	orc1/cdc6 family replication initiation protein	13	383	3.0E-88	T	26-06-2023	IPR014277	Orc1/Cdc6-type DNA replication protein, archaea
Gairdner_NODE_74_length_59309_cov_8.317565_60	8d5da2fa057ad4073f4803d590a6d4e3	417	Pfam	PF13191	AAA ATPase domain	29	168	3.8E-10	T	26-06-2023	IPR041664	Orc1-like, AAA ATPase domain
Gairdner_NODE_74_length_59309_cov_8.317565_60	8d5da2fa057ad4073f4803d590a6d4e3	417	Hamap	MF_01407	ORC1-type DNA replication protein.	6	394	23.04423	T	26-06-2023	IPR014277	Orc1/Cdc6-type DNA replication protein, archaea
Gairdner_NODE_74_length_59309_cov_8.317565_60	8d5da2fa057ad4073f4803d590a6d4e3	417	Gene3D	G3DSA:1.10.10.10	-	307	401	6.3E-15	T	26-06-2023	IPR036388	Winged helix-like DNA-binding domain superfamily
Gairdner_NODE_74_length_59309_cov_8.317565_60	8d5da2fa057ad4073f4803d590a6d4e3	417	SUPERFAMILY	SSF52540	P-loop containing nucleoside triphosphate hydrolases	14	291	2.58E-36	T	26-06-2023	IPR027417	P-loop containing nucleoside triphosphate hydrolase
Gairdner_NODE_74_length_59309_cov_8.317565_60	8d5da2fa057ad4073f4803d590a6d4e3	417	SUPERFAMILY	SSF46785	"Winged helix" DNA-binding domain	300	398	1.9E-8	T	26-06-2023	IPR036390	Winged helix DNA-binding domain superfamily
Gairdner_NODE_74_length_59309_cov_8.317565_60	8d5da2fa057ad4073f4803d590a6d4e3	417	Gene3D	G3DSA:3.40.50.300	-	29	206	1.5E-65	T	26-06-2023	IPR027417	P-loop containing nucleoside triphosphate hydrolase
Gairdner_NODE_74_length_59309_cov_8.317565_60	8d5da2fa057ad4073f4803d590a6d4e3	417	Gene3D	G3DSA:1.10.8.60	-	13	294	1.5E-65	T	26-06-2023	-	-
Gairdner_NODE_74_length_59309_cov_8.317565_60	8d5da2fa057ad4073f4803d590a6d4e3	417	PANTHER	PTHR10763	CELL DIVISION CONTROL PROTEIN 6-RELATED	16	396	4.0E-42	T	26-06-2023	-	-
Gairdner_NODE_74_length_59309_cov_8.317565_60	8d5da2fa057ad4073f4803d590a6d4e3	417	SMART	SM00382	AAA_5	52	208	5.3E-7	T	26-06-2023	IPR003593	AAA+ ATPase domain
Gairdner_NODE_74_length_59309_cov_8.317565_60	8d5da2fa057ad4073f4803d590a6d4e3	417	SMART	SM01074	Cdc6_C_2	313	394	0.0013	T	26-06-2023	IPR015163	Cdc6, C-terminal
Gairdner_NODE_74_length_59309_cov_8.317565_15	7afe18fd99eb8e156c04b05349d37ef9	900	MobiDBLite	mobidb-lite	consensus disorder prediction	650	676	-	T	26-06-2023	-	-
Gairdner_NODE_74_length_59309_cov_8.317565_15	7afe18fd99eb8e156c04b05349d37ef9	900	MobiDBLite	mobidb-lite	consensus disorder prediction	770	798	-	T	26-06-2023	-	-
Gairdner_NODE_74_length_59309_cov_8.317565_15	7afe18fd99eb8e156c04b05349d37ef9	900	MobiDBLite	mobidb-lite	consensus disorder prediction	657	672	-	T	26-06-2023	-	-
Gairdner_NODE_74_length_59309_cov_8.317565_15	7afe18fd99eb8e156c04b05349d37ef9	900	MobiDBLite	mobidb-lite	consensus disorder prediction	834	849	-	T	26-06-2023	-	-
Gairdner_NODE_74_length_59309_cov_8.317565_15	7afe18fd99eb8e156c04b05349d37ef9	900	MobiDBLite	mobidb-lite	consensus disorder prediction	753	865	-	T	26-06-2023	-	-
Gairdner_NODE_74_length_59309_cov_8.317565_15	7afe18fd99eb8e156c04b05349d37ef9	900	MobiDBLite	mobidb-lite	consensus disorder prediction	799	825	-	T	26-06-2023	-	-
Gairdner_NODE_74_length_59309_cov_8.317565_33	52f998d5ffbd61ee79c60d416c84049e	151	Gene3D	G3DSA:1.10.30.50	-	43	132	2.0E-9	T	26-06-2023	-	-
Gairdner_NODE_74_length_59309_cov_8.317565_33	52f998d5ffbd61ee79c60d416c84049e	151	Pfam	PF01844	HNH endonuclease	74	121	1.1E-9	T	26-06-2023	IPR002711	HNH endonuclease
Gairdner_NODE_74_length_59309_cov_8.317565_33	52f998d5ffbd61ee79c60d416c84049e	151	CDD	cd00085	HNHc	61	120	3.02436E-6	T	26-06-2023	IPR003615	HNH nuclease
Gairdner_NODE_74_length_59309_cov_8.317565_33	52f998d5ffbd61ee79c60d416c84049e	151	SMART	SM00507	HNH_5	61	117	4.8E-6	T	26-06-2023	IPR003615	HNH nuclease
Gairdner_NODE_74_length_59309_cov_8.317565_23	5af118fa736986836f8f4f2955593c86	80	MobiDBLite	mobidb-lite	consensus disorder prediction	59	80	-	T	26-06-2023	-	-
Gairdner_NODE_74_length_59309_cov_8.317565_32	89e7e0d0b8f7f0a7e1e3cbc8effc906c	371	MobiDBLite	mobidb-lite	consensus disorder prediction	299	371	-	T	26-06-2023	-	-
Gairdner_NODE_74_length_59309_cov_8.317565_54	a978a3ed43afcaea71bacad68029e736	734	MobiDBLite	mobidb-lite	consensus disorder prediction	304	369	-	T	26-06-2023	-	-
Gairdner_NODE_74_length_59309_cov_8.317565_54	a978a3ed43afcaea71bacad68029e736	734	MobiDBLite	mobidb-lite	consensus disorder prediction	329	349	-	T	26-06-2023	-	-
Gairdner_NODE_74_length_59309_cov_8.317565_54	a978a3ed43afcaea71bacad68029e736	734	MobiDBLite	mobidb-lite	consensus disorder prediction	310	328	-	T	26-06-2023	-	-
Gairdner_NODE_74_length_59309_cov_8.317565_70	a4c05504752bde3dc21de4bd14e0c256	895	Gene3D	G3DSA:2.130.10.10	-	34	257	1.6E-19	T	26-06-2023	IPR015943	WD40/YVTN repeat-like-containing domain superfamily
Gairdner_NODE_74_length_59309_cov_8.317565_70	a4c05504752bde3dc21de4bd14e0c256	895	PANTHER	PTHR34512	CELL SURFACE PROTEIN	53	443	1.1E-20	T	26-06-2023	-	-
Gairdner_NODE_74_length_59309_cov_8.317565_70	a4c05504752bde3dc21de4bd14e0c256	895	Coils	Coil	Coil	804	838	-	T	26-06-2023	-	-
Gairdner_NODE_74_length_59309_cov_8.317565_70	a4c05504752bde3dc21de4bd14e0c256	895	MobiDBLite	mobidb-lite	consensus disorder prediction	871	895	-	T	26-06-2023	-	-
Gairdner_NODE_74_length_59309_cov_8.317565_70	a4c05504752bde3dc21de4bd14e0c256	895	MobiDBLite	mobidb-lite	consensus disorder prediction	406	429	-	T	26-06-2023	-	-
Gairdner_NODE_74_length_59309_cov_8.317565_70	a4c05504752bde3dc21de4bd14e0c256	895	Coils	Coil	Coil	854	874	-	T	26-06-2023	-	-
Gairdner_NODE_74_length_59309_cov_8.317565_70	a4c05504752bde3dc21de4bd14e0c256	895	SMART	SM00564	ire1_9	287	327	0.075	T	26-06-2023	IPR018391	Pyrrolo-quinoline quinone beta-propeller repeat
Gairdner_NODE_74_length_59309_cov_8.317565_70	a4c05504752bde3dc21de4bd14e0c256	895	SMART	SM00564	ire1_9	240	278	0.0041	T	26-06-2023	IPR018391	Pyrrolo-quinoline quinone beta-propeller repeat
Gairdner_NODE_74_length_59309_cov_8.317565_70	a4c05504752bde3dc21de4bd14e0c256	895	SMART	SM00564	ire1_9	114	155	100.0	T	26-06-2023	IPR018391	Pyrrolo-quinoline quinone beta-propeller repeat
Gairdner_NODE_74_length_59309_cov_8.317565_70	a4c05504752bde3dc21de4bd14e0c256	895	SMART	SM00564	ire1_9	65	100	2.7	T	26-06-2023	IPR018391	Pyrrolo-quinoline quinone beta-propeller repeat
Gairdner_NODE_74_length_59309_cov_8.317565_70	a4c05504752bde3dc21de4bd14e0c256	895	SMART	SM00564	ire1_9	200	232	140.0	T	26-06-2023	IPR018391	Pyrrolo-quinoline quinone beta-propeller repeat
Gairdner_NODE_74_length_59309_cov_8.317565_70	a4c05504752bde3dc21de4bd14e0c256	895	SMART	SM00564	ire1_9	343	374	0.0022	T	26-06-2023	IPR018391	Pyrrolo-quinoline quinone beta-propeller repeat
Gairdner_NODE_74_length_59309_cov_8.317565_70	a4c05504752bde3dc21de4bd14e0c256	895	SUPERFAMILY	SSF50998	Quinoprotein alcohol dehydrogenase-like	50	235	1.2E-14	T	26-06-2023	IPR011047	Quinoprotein alcohol dehydrogenase-like superfamily
Gairdner_NODE_74_length_59309_cov_8.317565_70	a4c05504752bde3dc21de4bd14e0c256	895	Gene3D	G3DSA:2.40.10.480	-	341	415	7.2E-8	T	26-06-2023	-	-
Gairdner_NODE_74_length_59309_cov_8.317565_70	a4c05504752bde3dc21de4bd14e0c256	895	Gene3D	G3DSA:2.40.10.480	-	258	327	2.9E-10	T	26-06-2023	-	-
Gairdner_NODE_74_length_59309_cov_8.317565_70	a4c05504752bde3dc21de4bd14e0c256	895	Pfam	PF13360	PQQ-like domain	214	404	6.4E-16	T	26-06-2023	IPR002372	Pyrrolo-quinoline quinone repeat
Gairdner_NODE_74_length_59309_cov_8.317565_70	a4c05504752bde3dc21de4bd14e0c256	895	Pfam	PF13360	PQQ-like domain	48	185	2.7E-6	T	26-06-2023	IPR002372	Pyrrolo-quinoline quinone repeat
Gairdner_NODE_74_length_59309_cov_8.317565_70	a4c05504752bde3dc21de4bd14e0c256	895	SUPERFAMILY	SSF50998	Quinoprotein alcohol dehydrogenase-like	201	401	9.42E-27	T	26-06-2023	IPR011047	Quinoprotein alcohol dehydrogenase-like superfamily
Gairdner_NODE_74_length_59309_cov_8.317565_38	b7539bb636be51141b6b037661acd07d	40	MobiDBLite	mobidb-lite	consensus disorder prediction	1	40	-	T	26-06-2023	-	-
Gairdner_NODE_74_length_59309_cov_8.317565_53	c66c20af708005c2d9ea7e6f6635c4f5	437	MobiDBLite	mobidb-lite	consensus disorder prediction	112	131	-	T	26-06-2023	-	-
Gairdner_NODE_74_length_59309_cov_8.317565_53	c66c20af708005c2d9ea7e6f6635c4f5	437	MobiDBLite	mobidb-lite	consensus disorder prediction	345	360	-	T	26-06-2023	-	-
Gairdner_NODE_74_length_59309_cov_8.317565_53	c66c20af708005c2d9ea7e6f6635c4f5	437	MobiDBLite	mobidb-lite	consensus disorder prediction	391	437	-	T	26-06-2023	-	-
Gairdner_NODE_74_length_59309_cov_8.317565_53	c66c20af708005c2d9ea7e6f6635c4f5	437	Coils	Coil	Coil	14	41	-	T	26-06-2023	-	-
Gairdner_NODE_74_length_59309_cov_8.317565_53	c66c20af708005c2d9ea7e6f6635c4f5	437	MobiDBLite	mobidb-lite	consensus disorder prediction	345	377	-	T	26-06-2023	-	-
Gairdner_NODE_74_length_59309_cov_8.317565_39	1e9b6fbfecd048850454c4e06948a7ef	159	ProSiteProfiles	PS51257	Prokaryotic membrane lipoprotein lipid attachment site profile.	1	24	5.0	T	26-06-2023	-	-
Gairdner_NODE_74_length_59309_cov_8.317565_39	1e9b6fbfecd048850454c4e06948a7ef	159	MobiDBLite	mobidb-lite	consensus disorder prediction	24	51	-	T	26-06-2023	-	-
Gairdner_NODE_74_length_59309_cov_8.317565_39	1e9b6fbfecd048850454c4e06948a7ef	159	MobiDBLite	mobidb-lite	consensus disorder prediction	24	50	-	T	26-06-2023	-	-
Gairdner_NODE_74_length_59309_cov_8.317565_63	5793e280a5ab95d09bbbcc4803289070	584	MobiDBLite	mobidb-lite	consensus disorder prediction	1	21	-	T	26-06-2023	-	-
Gairdner_NODE_74_length_59309_cov_8.317565_63	5793e280a5ab95d09bbbcc4803289070	584	MobiDBLite	mobidb-lite	consensus disorder prediction	405	451	-	T	26-06-2023	-	-
Gairdner_NODE_74_length_59309_cov_8.317565_44	9267ab4ffaa9046de3de9e8e86f1bc4f	377	ProSiteProfiles	PS50157	Zinc finger C2H2 type domain profile.	340	371	9.182289	T	26-06-2023	IPR013087	Zinc finger C2H2-type
Gairdner_NODE_74_length_59309_cov_8.317565_44	9267ab4ffaa9046de3de9e8e86f1bc4f	377	MobiDBLite	mobidb-lite	consensus disorder prediction	356	377	-	T	26-06-2023	-	-
Gairdner_NODE_74_length_59309_cov_8.317565_44	9267ab4ffaa9046de3de9e8e86f1bc4f	377	MobiDBLite	mobidb-lite	consensus disorder prediction	1	22	-	T	26-06-2023	-	-
Gairdner_NODE_74_length_59309_cov_8.317565_21	f1b0b42fe36ce04cba9fbfd518d5b78b	272	Pfam	PF05869	DNA N-6-adenine-methyltransferase (Dam)	4	123	7.3E-20	T	26-06-2023	IPR008593	DNA N-6-adenine-methyltransferase
Gairdner_NODE_74_length_59309_cov_8.317565_59	1a81f93000bc73635eabbc282e20fdb3	100	MobiDBLite	mobidb-lite	consensus disorder prediction	80	100	-	T	26-06-2023	-	-
Gairdner_NODE_74_length_59309_cov_8.317565_45	7645a79769c0f7915ffdf0c79cff3393	656	MobiDBLite	mobidb-lite	consensus disorder prediction	625	656	-	T	26-06-2023	-	-
Gairdner_NODE_74_length_59309_cov_8.317565_45	7645a79769c0f7915ffdf0c79cff3393	656	MobiDBLite	mobidb-lite	consensus disorder prediction	353	372	-	T	26-06-2023	-	-
Gairdner_NODE_74_length_59309_cov_8.317565_45	7645a79769c0f7915ffdf0c79cff3393	656	MobiDBLite	mobidb-lite	consensus disorder prediction	353	371	-	T	26-06-2023	-	-
Gairdner_NODE_74_length_59309_cov_8.317565_58	5d604ae9d08df317c4598c37c63c7cbc	185	MobiDBLite	mobidb-lite	consensus disorder prediction	1	36	-	T	26-06-2023	-	-
Gairdner_NODE_74_length_59309_cov_8.317565_28	cd20e2cca20dc6ecb2ad52e48fd89a58	430	MobiDBLite	mobidb-lite	consensus disorder prediction	189	233	-	T	26-06-2023	-	-
Gairdner_NODE_74_length_59309_cov_8.317565_27	8e80ed718bf534141083100c4e7a5100	650	MobiDBLite	mobidb-lite	consensus disorder prediction	634	650	-	T	26-06-2023	-	-
Gairdner_NODE_74_length_59309_cov_8.317565_27	8e80ed718bf534141083100c4e7a5100	650	MobiDBLite	mobidb-lite	consensus disorder prediction	278	304	-	T	26-06-2023	-	-
Gairdner_NODE_74_length_59309_cov_8.317565_27	8e80ed718bf534141083100c4e7a5100	650	MobiDBLite	mobidb-lite	consensus disorder prediction	609	650	-	T	26-06-2023	-	-
Gairdner_NODE_74_length_59309_cov_8.317565_27	8e80ed718bf534141083100c4e7a5100	650	MobiDBLite	mobidb-lite	consensus disorder prediction	176	197	-	T	26-06-2023	-	-
Gairdner_NODE_74_length_59309_cov_8.317565_27	8e80ed718bf534141083100c4e7a5100	650	MobiDBLite	mobidb-lite	consensus disorder prediction	278	298	-	T	26-06-2023	-	-
Gairdner_NODE_74_length_59309_cov_8.317565_52	29609003814e5d721f8af092634d6329	200	Pfam	PF14216	Domain of unknown function (DUF4326)	103	193	3.8E-13	T	26-06-2023	IPR025475	Protein of unknown function DUF4326)
Gairdner_NODE_74_length_59309_cov_8.317565_49	f92bcaecd3edfd7fc24ada29ac3f7745	175	MobiDBLite	mobidb-lite	consensus disorder prediction	1	26	-	T	26-06-2023	-	-
Gairdner_NODE_74_length_59309_cov_8.317565_22	7f71f3b4a3afcb5fc859bc1b29550788	935	MobiDBLite	mobidb-lite	consensus disorder prediction	437	458	-	T	26-06-2023	-	-
Gairdner_NODE_74_length_59309_cov_8.317565_22	7f71f3b4a3afcb5fc859bc1b29550788	935	MobiDBLite	mobidb-lite	consensus disorder prediction	81	97	-	T	26-06-2023	-	-
Gairdner_NODE_74_length_59309_cov_8.317565_22	7f71f3b4a3afcb5fc859bc1b29550788	935	MobiDBLite	mobidb-lite	consensus disorder prediction	146	167	-	T	26-06-2023	-	-
Gairdner_NODE_74_length_59309_cov_8.317565_22	7f71f3b4a3afcb5fc859bc1b29550788	935	MobiDBLite	mobidb-lite	consensus disorder prediction	509	523	-	T	26-06-2023	-	-
Gairdner_NODE_74_length_59309_cov_8.317565_22	7f71f3b4a3afcb5fc859bc1b29550788	935	MobiDBLite	mobidb-lite	consensus disorder prediction	81	186	-	T	26-06-2023	-	-
Gairdner_NODE_74_length_59309_cov_8.317565_22	7f71f3b4a3afcb5fc859bc1b29550788	935	MobiDBLite	mobidb-lite	consensus disorder prediction	406	523	-	T	26-06-2023	-	-
Gairdner_NODE_74_length_59309_cov_8.317565_22	7f71f3b4a3afcb5fc859bc1b29550788	935	MobiDBLite	mobidb-lite	consensus disorder prediction	224	253	-	T	26-06-2023	-	-
Gairdner_NODE_74_length_59309_cov_8.317565_22	7f71f3b4a3afcb5fc859bc1b29550788	935	MobiDBLite	mobidb-lite	consensus disorder prediction	625	651	-	T	26-06-2023	-	-
Gairdner_NODE_74_length_59309_cov_8.317565_22	7f71f3b4a3afcb5fc859bc1b29550788	935	MobiDBLite	mobidb-lite	consensus disorder prediction	406	426	-	T	26-06-2023	-	-
Gairdner_NODE_74_length_59309_cov_8.317565_22	7f71f3b4a3afcb5fc859bc1b29550788	935	MobiDBLite	mobidb-lite	consensus disorder prediction	169	185	-	T	26-06-2023	-	-
Gairdner_NODE_74_length_59309_cov_8.317565_22	7f71f3b4a3afcb5fc859bc1b29550788	935	MobiDBLite	mobidb-lite	consensus disorder prediction	123	145	-	T	26-06-2023	-	-
Gairdner_NODE_74_length_59309_cov_8.317565_35	e774945b149dcc2b17fa690bef15fea6	186	MobiDBLite	mobidb-lite	consensus disorder prediction	143	168	-	T	26-06-2023	-	-
Gairdner_NODE_74_length_59309_cov_8.317565_35	e774945b149dcc2b17fa690bef15fea6	186	MobiDBLite	mobidb-lite	consensus disorder prediction	1	15	-	T	26-06-2023	-	-
Gairdner_NODE_74_length_59309_cov_8.317565_35	e774945b149dcc2b17fa690bef15fea6	186	MobiDBLite	mobidb-lite	consensus disorder prediction	1	36	-	T	26-06-2023	-	-
Gairdner_NODE_74_length_59309_cov_8.317565_35	e774945b149dcc2b17fa690bef15fea6	186	MobiDBLite	mobidb-lite	consensus disorder prediction	143	186	-	T	26-06-2023	-	-
