Gairdner_NODE_2803_length_13236_cov_7.077763_12	1d523bb722fbee2f0be1cc2e5efe6fb1	281	ProSiteProfiles	PS51318	Twin arginine translocation (Tat) signal profile.	1	47	8.724135	T	26-06-2023	IPR006311	Twin-arginine translocation pathway, signal sequence
Gairdner_NODE_2803_length_13236_cov_7.077763_12	1d523bb722fbee2f0be1cc2e5efe6fb1	281	MobiDBLite	mobidb-lite	consensus disorder prediction	1	23	-	T	26-06-2023	-	-
Gairdner_NODE_2803_length_13236_cov_7.077763_2	6b09be6d37508842be6eba12f283fa2a	224	MobiDBLite	mobidb-lite	consensus disorder prediction	1	17	-	T	26-06-2023	-	-
Gairdner_NODE_2803_length_13236_cov_7.077763_2	6b09be6d37508842be6eba12f283fa2a	224	MobiDBLite	mobidb-lite	consensus disorder prediction	1	41	-	T	26-06-2023	-	-
Gairdner_NODE_2803_length_13236_cov_7.077763_2	6b09be6d37508842be6eba12f283fa2a	224	MobiDBLite	mobidb-lite	consensus disorder prediction	179	224	-	T	26-06-2023	-	-
Gairdner_NODE_2803_length_13236_cov_7.077763_15	673acc2f8ad6aad93655144d4bb0e7cf	254	ProSiteProfiles	PS51898	Tyrosine recombinase domain profile.	3	248	22.277014	T	26-06-2023	IPR002104	Integrase, catalytic domain
Gairdner_NODE_2803_length_13236_cov_7.077763_15	673acc2f8ad6aad93655144d4bb0e7cf	254	CDD	cd00397	DNA_BRE_C	12	236	1.32146E-10	T	26-06-2023	-	-
Gairdner_NODE_2803_length_13236_cov_7.077763_15	673acc2f8ad6aad93655144d4bb0e7cf	254	SUPERFAMILY	SSF56349	DNA breaking-rejoining enzymes	7	246	3.53E-23	T	26-06-2023	IPR011010	DNA breaking-rejoining enzyme, catalytic core
Gairdner_NODE_2803_length_13236_cov_7.077763_15	673acc2f8ad6aad93655144d4bb0e7cf	254	Pfam	PF00589	Phage integrase family	175	238	2.1E-9	T	26-06-2023	IPR002104	Integrase, catalytic domain
Gairdner_NODE_2803_length_13236_cov_7.077763_15	673acc2f8ad6aad93655144d4bb0e7cf	254	Gene3D	G3DSA:1.10.443.10	Intergrase catalytic core	3	251	3.8E-24	T	26-06-2023	IPR013762	Integrase-like, catalytic domain superfamily
Gairdner_NODE_2803_length_13236_cov_7.077763_13	d5949626a78a2041ebacbb766c853859	550	Gene3D	G3DSA:3.40.50.200	Peptidase S8/S53 domain	173	509	4.8E-50	T	26-06-2023	IPR036852	Peptidase S8/S53 domain superfamily
Gairdner_NODE_2803_length_13236_cov_7.077763_13	d5949626a78a2041ebacbb766c853859	550	MobiDBLite	mobidb-lite	consensus disorder prediction	399	419	-	T	26-06-2023	-	-
Gairdner_NODE_2803_length_13236_cov_7.077763_13	d5949626a78a2041ebacbb766c853859	550	PRINTS	PR00723	Subtilisin serine protease family (S8) signature	203	222	7.0E-13	T	26-06-2023	IPR015500	Peptidase S8, subtilisin-related
Gairdner_NODE_2803_length_13236_cov_7.077763_13	d5949626a78a2041ebacbb766c853859	550	PRINTS	PR00723	Subtilisin serine protease family (S8) signature	264	277	7.0E-13	T	26-06-2023	IPR015500	Peptidase S8, subtilisin-related
Gairdner_NODE_2803_length_13236_cov_7.077763_13	d5949626a78a2041ebacbb766c853859	550	PRINTS	PR00723	Subtilisin serine protease family (S8) signature	444	460	7.0E-13	T	26-06-2023	IPR015500	Peptidase S8, subtilisin-related
Gairdner_NODE_2803_length_13236_cov_7.077763_13	d5949626a78a2041ebacbb766c853859	550	MobiDBLite	mobidb-lite	consensus disorder prediction	504	527	-	T	26-06-2023	-	-
Gairdner_NODE_2803_length_13236_cov_7.077763_13	d5949626a78a2041ebacbb766c853859	550	ProSiteProfiles	PS51892	Serine proteases, subtilase domain profile.	184	504	27.705002	T	26-06-2023	-	-
Gairdner_NODE_2803_length_13236_cov_7.077763_13	d5949626a78a2041ebacbb766c853859	550	SUPERFAMILY	SSF52743	Subtilisin-like	196	506	2.36E-48	T	26-06-2023	IPR036852	Peptidase S8/S53 domain superfamily
Gairdner_NODE_2803_length_13236_cov_7.077763_13	d5949626a78a2041ebacbb766c853859	550	Coils	Coil	Coil	549	550	-	T	26-06-2023	-	-
Gairdner_NODE_2803_length_13236_cov_7.077763_13	d5949626a78a2041ebacbb766c853859	550	ProSitePatterns	PS00136	Serine proteases, subtilase family, aspartic acid active site.	208	219	-	T	26-06-2023	IPR023827	Peptidase S8, subtilisin, Asp-active site
Gairdner_NODE_2803_length_13236_cov_7.077763_13	d5949626a78a2041ebacbb766c853859	550	PANTHER	PTHR43806	PEPTIDASE S8	160	491	1.1E-36	T	26-06-2023	-	-
Gairdner_NODE_2803_length_13236_cov_7.077763_13	d5949626a78a2041ebacbb766c853859	550	Pfam	PF00082	Subtilase family	203	482	3.8E-34	T	26-06-2023	IPR000209	Peptidase S8/S53 domain
Gairdner_NODE_2803_length_13236_cov_7.077763_14	e1da58d2ddbb54a632528629ca5e24f0	1431	Pfam	PF13360	PQQ-like domain	247	385	1.3E-16	T	26-06-2023	IPR002372	Pyrrolo-quinoline quinone repeat
Gairdner_NODE_2803_length_13236_cov_7.077763_14	e1da58d2ddbb54a632528629ca5e24f0	1431	MobiDBLite	mobidb-lite	consensus disorder prediction	564	589	-	T	26-06-2023	-	-
Gairdner_NODE_2803_length_13236_cov_7.077763_14	e1da58d2ddbb54a632528629ca5e24f0	1431	SMART	SM00564	ire1_9	397	429	87.0	T	26-06-2023	IPR018391	Pyrrolo-quinoline quinone beta-propeller repeat
Gairdner_NODE_2803_length_13236_cov_7.077763_14	e1da58d2ddbb54a632528629ca5e24f0	1431	SMART	SM00564	ire1_9	313	345	26.0	T	26-06-2023	IPR018391	Pyrrolo-quinoline quinone beta-propeller repeat
Gairdner_NODE_2803_length_13236_cov_7.077763_14	e1da58d2ddbb54a632528629ca5e24f0	1431	SMART	SM00564	ire1_9	354	385	770.0	T	26-06-2023	IPR018391	Pyrrolo-quinoline quinone beta-propeller repeat
Gairdner_NODE_2803_length_13236_cov_7.077763_14	e1da58d2ddbb54a632528629ca5e24f0	1431	SMART	SM00564	ire1_9	269	300	2.5	T	26-06-2023	IPR018391	Pyrrolo-quinoline quinone beta-propeller repeat
Gairdner_NODE_2803_length_13236_cov_7.077763_14	e1da58d2ddbb54a632528629ca5e24f0	1431	SMART	SM00564	ire1_9	226	260	54.0	T	26-06-2023	IPR018391	Pyrrolo-quinoline quinone beta-propeller repeat
Gairdner_NODE_2803_length_13236_cov_7.077763_14	e1da58d2ddbb54a632528629ca5e24f0	1431	Coils	Coil	Coil	949	983	-	T	26-06-2023	-	-
Gairdner_NODE_2803_length_13236_cov_7.077763_14	e1da58d2ddbb54a632528629ca5e24f0	1431	Gene3D	G3DSA:2.130.10.10	-	182	353	1.5E-17	T	26-06-2023	IPR015943	WD40/YVTN repeat-like-containing domain superfamily
Gairdner_NODE_2803_length_13236_cov_7.077763_14	e1da58d2ddbb54a632528629ca5e24f0	1431	SUPERFAMILY	SSF50998	Quinoprotein alcohol dehydrogenase-like	251	535	4.91E-21	T	26-06-2023	IPR011047	Quinoprotein alcohol dehydrogenase-like superfamily
Gairdner_NODE_2803_length_13236_cov_7.077763_14	e1da58d2ddbb54a632528629ca5e24f0	1431	Gene3D	G3DSA:2.130.10.10	-	371	560	5.6E-18	T	26-06-2023	IPR015943	WD40/YVTN repeat-like-containing domain superfamily
Gairdner_NODE_2803_length_13236_cov_7.077763_14	e1da58d2ddbb54a632528629ca5e24f0	1431	PANTHER	PTHR34512	CELL SURFACE PROTEIN	349	540	1.2E-24	T	26-06-2023	-	-
Gairdner_NODE_2803_length_13236_cov_7.077763_14	e1da58d2ddbb54a632528629ca5e24f0	1431	MobiDBLite	mobidb-lite	consensus disorder prediction	973	999	-	T	26-06-2023	-	-
