Gairdner_NODE_1649_length_16492_cov_7.650423_16	c5598d9011d66d7de983ff45d3e684db	566	ProSiteProfiles	PS51892	Serine proteases, subtilase domain profile.	193	517	31.605906	T	26-06-2023	-	-
Gairdner_NODE_1649_length_16492_cov_7.650423_16	c5598d9011d66d7de983ff45d3e684db	566	SUPERFAMILY	SSF52743	Subtilisin-like	206	516	4.97E-53	T	26-06-2023	IPR036852	Peptidase S8/S53 domain superfamily
Gairdner_NODE_1649_length_16492_cov_7.650423_16	c5598d9011d66d7de983ff45d3e684db	566	Gene3D	G3DSA:3.40.50.200	Peptidase S8/S53 domain	189	522	6.6E-59	T	26-06-2023	IPR036852	Peptidase S8/S53 domain superfamily
Gairdner_NODE_1649_length_16492_cov_7.650423_16	c5598d9011d66d7de983ff45d3e684db	566	ProSitePatterns	PS00138	Serine proteases, subtilase family, serine active site.	458	468	-	T	26-06-2023	IPR023828	Peptidase S8, subtilisin, Ser-active site
Gairdner_NODE_1649_length_16492_cov_7.650423_16	c5598d9011d66d7de983ff45d3e684db	566	ProSitePatterns	PS00137	Serine proteases, subtilase family, histidine active site.	278	288	-	T	26-06-2023	IPR022398	Peptidase S8, subtilisin, His-active site
Gairdner_NODE_1649_length_16492_cov_7.650423_16	c5598d9011d66d7de983ff45d3e684db	566	Pfam	PF00082	Subtilase family	214	496	6.6E-46	T	26-06-2023	IPR000209	Peptidase S8/S53 domain
Gairdner_NODE_1649_length_16492_cov_7.650423_16	c5598d9011d66d7de983ff45d3e684db	566	PRINTS	PR00723	Subtilisin serine protease family (S8) signature	457	473	5.2E-11	T	26-06-2023	IPR015500	Peptidase S8, subtilisin-related
Gairdner_NODE_1649_length_16492_cov_7.650423_16	c5598d9011d66d7de983ff45d3e684db	566	PRINTS	PR00723	Subtilisin serine protease family (S8) signature	214	233	5.2E-11	T	26-06-2023	IPR015500	Peptidase S8, subtilisin-related
Gairdner_NODE_1649_length_16492_cov_7.650423_16	c5598d9011d66d7de983ff45d3e684db	566	PRINTS	PR00723	Subtilisin serine protease family (S8) signature	274	287	5.2E-11	T	26-06-2023	IPR015500	Peptidase S8, subtilisin-related
Gairdner_NODE_1649_length_16492_cov_7.650423_16	c5598d9011d66d7de983ff45d3e684db	566	PANTHER	PTHR43399	SUBTILISIN-RELATED	161	471	2.1E-36	T	26-06-2023	-	-
Gairdner_NODE_1649_length_16492_cov_7.650423_14	04d891e7ed30716c4bb71d9f81bd1fcf	308	MobiDBLite	mobidb-lite	consensus disorder prediction	125	155	-	T	26-06-2023	-	-
Gairdner_NODE_1649_length_16492_cov_7.650423_1	421f7b620a3d2b17fdeeb40b1c287ae8	672	Gene3D	G3DSA:3.40.50.300	-	334	533	4.6E-6	T	26-06-2023	IPR027417	P-loop containing nucleoside triphosphate hydrolase
Gairdner_NODE_1649_length_16492_cov_7.650423_1	421f7b620a3d2b17fdeeb40b1c287ae8	672	Pfam	PF01935	Helicase HerA, central domain	169	386	1.5E-6	T	26-06-2023	IPR002789	Helicase HerA, central domain
Gairdner_NODE_1649_length_16492_cov_7.650423_1	421f7b620a3d2b17fdeeb40b1c287ae8	672	MobiDBLite	mobidb-lite	consensus disorder prediction	652	672	-	T	26-06-2023	-	-
Gairdner_NODE_1649_length_16492_cov_7.650423_1	421f7b620a3d2b17fdeeb40b1c287ae8	672	SUPERFAMILY	SSF52540	P-loop containing nucleoside triphosphate hydrolases	160	517	7.4E-10	T	26-06-2023	IPR027417	P-loop containing nucleoside triphosphate hydrolase
Gairdner_NODE_1649_length_16492_cov_7.650423_12	f2bde9c2f49fbd38b8494a092a0f85bb	238	Gene3D	G3DSA:1.10.443.10	Intergrase catalytic core	16	236	4.6E-18	T	26-06-2023	IPR013762	Integrase-like, catalytic domain superfamily
Gairdner_NODE_1649_length_16492_cov_7.650423_12	f2bde9c2f49fbd38b8494a092a0f85bb	238	SUPERFAMILY	SSF56349	DNA breaking-rejoining enzymes	36	230	6.47E-18	T	26-06-2023	IPR011010	DNA breaking-rejoining enzyme, catalytic core
Gairdner_NODE_1649_length_16492_cov_7.650423_12	f2bde9c2f49fbd38b8494a092a0f85bb	238	CDD	cd00397	DNA_BRE_C	51	221	1.01523E-12	T	26-06-2023	-	-
Gairdner_NODE_1649_length_16492_cov_7.650423_12	f2bde9c2f49fbd38b8494a092a0f85bb	238	ProSiteProfiles	PS51898	Tyrosine recombinase domain profile.	16	236	15.75104	T	26-06-2023	IPR002104	Integrase, catalytic domain
Gairdner_NODE_1649_length_16492_cov_7.650423_12	f2bde9c2f49fbd38b8494a092a0f85bb	238	Pfam	PF00589	Phage integrase family	23	222	2.5E-15	T	26-06-2023	IPR002104	Integrase, catalytic domain
Gairdner_NODE_1649_length_16492_cov_7.650423_15	f9805f5c3805d4e7a77a9d8b2cfcc886	240	ProSiteProfiles	PS51318	Twin arginine translocation (Tat) signal profile.	1	28	8.622756	T	26-06-2023	IPR006311	Twin-arginine translocation pathway, signal sequence
Gairdner_NODE_1649_length_16492_cov_7.650423_17	a0d125510a9e8616c731fae01237c174	1298	Coils	Coil	Coil	615	635	-	T	26-06-2023	-	-
Gairdner_NODE_1649_length_16492_cov_7.650423_17	a0d125510a9e8616c731fae01237c174	1298	MobiDBLite	mobidb-lite	consensus disorder prediction	819	875	-	T	26-06-2023	-	-
Gairdner_NODE_1649_length_16492_cov_7.650423_13	c363f15431ae383a8aa67606e750fbcd	298	SUPERFAMILY	SSF56300	Metallo-dependent phosphatases	105	288	1.26E-7	T	26-06-2023	IPR029052	Metallo-dependent phosphatase-like
Gairdner_NODE_1649_length_16492_cov_7.650423_13	c363f15431ae383a8aa67606e750fbcd	298	MobiDBLite	mobidb-lite	consensus disorder prediction	1	20	-	T	26-06-2023	-	-
Gairdner_NODE_1649_length_16492_cov_7.650423_11	f02c8438ad0fc4dd02812caf220666fe	364	MobiDBLite	mobidb-lite	consensus disorder prediction	36	58	-	T	26-06-2023	-	-
