Gairdner_NODE_167_length_41210_cov_9.888325_19	88d37a7cab4f6dd75b21002219f4ab9e	755	MobiDBLite	mobidb-lite	consensus disorder prediction	268	300	-	T	26-06-2023	-	-
Gairdner_NODE_167_length_41210_cov_9.888325_19	88d37a7cab4f6dd75b21002219f4ab9e	755	MobiDBLite	mobidb-lite	consensus disorder prediction	722	755	-	T	26-06-2023	-	-
Gairdner_NODE_167_length_41210_cov_9.888325_19	88d37a7cab4f6dd75b21002219f4ab9e	755	Coils	Coil	Coil	235	269	-	T	26-06-2023	-	-
Gairdner_NODE_167_length_41210_cov_9.888325_19	88d37a7cab4f6dd75b21002219f4ab9e	755	Coils	Coil	Coil	180	207	-	T	26-06-2023	-	-
Gairdner_NODE_167_length_41210_cov_9.888325_19	88d37a7cab4f6dd75b21002219f4ab9e	755	MobiDBLite	mobidb-lite	consensus disorder prediction	390	425	-	T	26-06-2023	-	-
Gairdner_NODE_167_length_41210_cov_9.888325_19	88d37a7cab4f6dd75b21002219f4ab9e	755	MobiDBLite	mobidb-lite	consensus disorder prediction	159	178	-	T	26-06-2023	-	-
Gairdner_NODE_167_length_41210_cov_9.888325_32	82bb8f9363b743ba8b4fe5ee12cceecf	1425	Coils	Coil	Coil	947	974	-	T	26-06-2023	-	-
Gairdner_NODE_167_length_41210_cov_9.888325_32	82bb8f9363b743ba8b4fe5ee12cceecf	1425	MobiDBLite	mobidb-lite	consensus disorder prediction	1003	1033	-	T	26-06-2023	-	-
Gairdner_NODE_167_length_41210_cov_9.888325_32	82bb8f9363b743ba8b4fe5ee12cceecf	1425	Pfam	PF13620	Carboxypeptidase regulatory-like domain	492	570	3.8E-15	T	26-06-2023	-	-
Gairdner_NODE_167_length_41210_cov_9.888325_32	82bb8f9363b743ba8b4fe5ee12cceecf	1425	SUPERFAMILY	SSF50969	YVTN repeat-like/Quinoprotein amine dehydrogenase	221	443	4.0E-24	T	26-06-2023	IPR011044	Quinoprotein amine dehydrogenase, beta chain-like
Gairdner_NODE_167_length_41210_cov_9.888325_32	82bb8f9363b743ba8b4fe5ee12cceecf	1425	SUPERFAMILY	SSF49464	Carboxypeptidase regulatory domain-like	492	577	1.02E-15	T	26-06-2023	IPR008969	Carboxypeptidase-like, regulatory domain superfamily
Gairdner_NODE_167_length_41210_cov_9.888325_32	82bb8f9363b743ba8b4fe5ee12cceecf	1425	Coils	Coil	Coil	988	1015	-	T	26-06-2023	-	-
Gairdner_NODE_167_length_41210_cov_9.888325_32	82bb8f9363b743ba8b4fe5ee12cceecf	1425	Gene3D	G3DSA:2.130.10.10	-	180	484	5.4E-17	T	26-06-2023	IPR015943	WD40/YVTN repeat-like-containing domain superfamily
Gairdner_NODE_167_length_41210_cov_9.888325_32	82bb8f9363b743ba8b4fe5ee12cceecf	1425	MobiDBLite	mobidb-lite	consensus disorder prediction	970	989	-	T	26-06-2023	-	-
Gairdner_NODE_167_length_41210_cov_9.888325_32	82bb8f9363b743ba8b4fe5ee12cceecf	1425	SMART	SM00320	WD40_4	246	284	0.0042	T	26-06-2023	IPR001680	WD40 repeat
Gairdner_NODE_167_length_41210_cov_9.888325_32	82bb8f9363b743ba8b4fe5ee12cceecf	1425	SMART	SM00320	WD40_4	404	442	400.0	T	26-06-2023	IPR001680	WD40 repeat
Gairdner_NODE_167_length_41210_cov_9.888325_32	82bb8f9363b743ba8b4fe5ee12cceecf	1425	Gene3D	G3DSA:2.60.40.1120	-	492	571	2.9E-16	T	26-06-2023	-	-
Gairdner_NODE_167_length_41210_cov_9.888325_17	97edc19ef540997ec489575458fc8a9c	95	SUPERFAMILY	SSF89447	AbrB/MazE/MraZ-like	9	76	2.92E-5	T	26-06-2023	IPR037914	SpoVT-AbrB domain superfamily
Gairdner_NODE_167_length_41210_cov_9.888325_23	7a7051602a908b45f7a43e03c713414f	116	MobiDBLite	mobidb-lite	consensus disorder prediction	102	116	-	T	26-06-2023	-	-
Gairdner_NODE_167_length_41210_cov_9.888325_23	7a7051602a908b45f7a43e03c713414f	116	MobiDBLite	mobidb-lite	consensus disorder prediction	75	116	-	T	26-06-2023	-	-
Gairdner_NODE_167_length_41210_cov_9.888325_23	7a7051602a908b45f7a43e03c713414f	116	MobiDBLite	mobidb-lite	consensus disorder prediction	77	96	-	T	26-06-2023	-	-
Gairdner_NODE_167_length_41210_cov_9.888325_35	f422f4adfc4317ef3ecf292ac6242c31	130	MobiDBLite	mobidb-lite	consensus disorder prediction	1	21	-	T	26-06-2023	-	-
Gairdner_NODE_167_length_41210_cov_9.888325_15	b76c28f2b1df8565835019a07d6448ad	114	Pfam	PF01844	HNH endonuclease	46	95	4.7E-9	T	26-06-2023	IPR002711	HNH endonuclease
Gairdner_NODE_167_length_41210_cov_9.888325_15	b76c28f2b1df8565835019a07d6448ad	114	SMART	SM00507	HNH_5	33	93	1.4E-8	T	26-06-2023	IPR003615	HNH nuclease
Gairdner_NODE_167_length_41210_cov_9.888325_15	b76c28f2b1df8565835019a07d6448ad	114	Gene3D	G3DSA:1.10.30.50	-	25	111	1.8E-10	T	26-06-2023	-	-
Gairdner_NODE_167_length_41210_cov_9.888325_15	b76c28f2b1df8565835019a07d6448ad	114	PANTHER	PTHR41286	HNH NUCLEASE YAJD-RELATED	26	103	1.3E-12	T	26-06-2023	-	-
Gairdner_NODE_167_length_41210_cov_9.888325_15	b76c28f2b1df8565835019a07d6448ad	114	CDD	cd00085	HNHc	33	92	1.97873E-8	T	26-06-2023	IPR003615	HNH nuclease
Gairdner_NODE_167_length_41210_cov_9.888325_18	2c1ea15e06532b01a201cd4c5bc69a96	791	Coils	Coil	Coil	15	43	-	T	26-06-2023	-	-
Gairdner_NODE_167_length_41210_cov_9.888325_18	2c1ea15e06532b01a201cd4c5bc69a96	791	ProSiteProfiles	PS50179	VHS domain profile.	1	118	8.599633	T	26-06-2023	IPR002014	VHS domain
Gairdner_NODE_167_length_41210_cov_9.888325_50	100c45098248b6347704b53273985a2c	182	Gene3D	G3DSA:3.40.1440.10	-	2	92	9.0E-14	T	26-06-2023	IPR035901	GIY-YIG endonuclease superfamily
Gairdner_NODE_167_length_41210_cov_9.888325_50	100c45098248b6347704b53273985a2c	182	Pfam	PF01541	GIY-YIG catalytic domain	6	75	3.7E-8	T	26-06-2023	IPR000305	GIY-YIG endonuclease
Gairdner_NODE_167_length_41210_cov_9.888325_50	100c45098248b6347704b53273985a2c	182	ProSiteProfiles	PS50164	GIY-YIG domain profile.	2	83	12.0198	T	26-06-2023	IPR000305	GIY-YIG endonuclease
Gairdner_NODE_167_length_41210_cov_9.888325_50	100c45098248b6347704b53273985a2c	182	SUPERFAMILY	SSF82771	GIY-YIG endonuclease	17	77	7.98E-6	T	26-06-2023	IPR035901	GIY-YIG endonuclease superfamily
Gairdner_NODE_167_length_41210_cov_9.888325_9	f64444bd0c9e4c37c036e0408593979a	70	Gene3D	G3DSA:3.30.2310.20	-	2	57	4.3E-9	T	26-06-2023	IPR035093	Toxin-antitoxin system, RelE/ParE toxin domain superfamily
Gairdner_NODE_167_length_41210_cov_9.888325_9	f64444bd0c9e4c37c036e0408593979a	70	SUPERFAMILY	SSF143011	RelE-like	13	53	2.22E-6	T	26-06-2023	IPR035093	Toxin-antitoxin system, RelE/ParE toxin domain superfamily
Gairdner_NODE_167_length_41210_cov_9.888325_4	205dc0b0b4de4e9a0a29ddcbf6c0cf8d	261	SUPERFAMILY	SSF57783	Zinc beta-ribbon	12	54	4.87E-5	T	26-06-2023	-	-
Gairdner_NODE_167_length_41210_cov_9.888325_4	205dc0b0b4de4e9a0a29ddcbf6c0cf8d	261	CDD	cd00043	CYCLIN_SF	80	160	3.78433E-4	T	26-06-2023	-	-
Gairdner_NODE_167_length_41210_cov_9.888325_4	205dc0b0b4de4e9a0a29ddcbf6c0cf8d	261	SUPERFAMILY	SSF47954	Cyclin-like	173	253	4.63E-16	T	26-06-2023	IPR036915	Cyclin-like superfamily
Gairdner_NODE_167_length_41210_cov_9.888325_4	205dc0b0b4de4e9a0a29ddcbf6c0cf8d	261	PANTHER	PTHR11618	TRANSCRIPTION INITIATION FACTOR IIB-RELATED	14	250	2.0E-23	T	26-06-2023	IPR000812	Transcription factor TFIIB
Gairdner_NODE_167_length_41210_cov_9.888325_4	205dc0b0b4de4e9a0a29ddcbf6c0cf8d	261	Gene3D	G3DSA:1.10.472.170	-	14	164	1.9E-14	T	26-06-2023	-	-
Gairdner_NODE_167_length_41210_cov_9.888325_4	205dc0b0b4de4e9a0a29ddcbf6c0cf8d	261	SUPERFAMILY	SSF47954	Cyclin-like	81	168	5.27E-7	T	26-06-2023	IPR036915	Cyclin-like superfamily
Gairdner_NODE_167_length_41210_cov_9.888325_4	205dc0b0b4de4e9a0a29ddcbf6c0cf8d	261	PRINTS	PR00685	Transcription initiation factor IIB signature	212	228	2.4E-7	T	26-06-2023	IPR000812	Transcription factor TFIIB
Gairdner_NODE_167_length_41210_cov_9.888325_4	205dc0b0b4de4e9a0a29ddcbf6c0cf8d	261	PRINTS	PR00685	Transcription initiation factor IIB signature	27	47	2.4E-7	T	26-06-2023	IPR000812	Transcription factor TFIIB
Gairdner_NODE_167_length_41210_cov_9.888325_4	205dc0b0b4de4e9a0a29ddcbf6c0cf8d	261	PRINTS	PR00685	Transcription initiation factor IIB signature	178	196	2.4E-7	T	26-06-2023	IPR000812	Transcription factor TFIIB
Gairdner_NODE_167_length_41210_cov_9.888325_4	205dc0b0b4de4e9a0a29ddcbf6c0cf8d	261	Pfam	PF00382	Transcription factor TFIIB repeat	174	251	6.4E-12	T	26-06-2023	IPR013150	Transcription factor TFIIB, cyclin-like domain
Gairdner_NODE_167_length_41210_cov_9.888325_4	205dc0b0b4de4e9a0a29ddcbf6c0cf8d	261	Gene3D	G3DSA:1.10.472.10	-	174	258	4.8E-14	T	26-06-2023	-	-
Gairdner_NODE_167_length_41210_cov_9.888325_47	ae30def7dba1d8f13fe6bfd7662a78fa	130	Pfam	PF12826	Helix-hairpin-helix motif	77	119	6.8E-8	T	26-06-2023	IPR041663	DisA/LigA, helix-hairpin-helix motif
Gairdner_NODE_167_length_41210_cov_9.888325_47	ae30def7dba1d8f13fe6bfd7662a78fa	130	Gene3D	G3DSA:1.10.150.20	-	66	126	3.2E-11	T	26-06-2023	-	-
Gairdner_NODE_167_length_41210_cov_9.888325_47	ae30def7dba1d8f13fe6bfd7662a78fa	130	SUPERFAMILY	SSF47781	RuvA domain 2-like	70	123	4.45E-9	T	26-06-2023	IPR010994	RuvA domain 2-like
Gairdner_NODE_167_length_41210_cov_9.888325_31	e33bde1c7e3df296d6ade6e49e2be00e	556	Gene3D	G3DSA:3.40.50.200	Peptidase S8/S53 domain	194	501	4.4E-50	T	26-06-2023	IPR036852	Peptidase S8/S53 domain superfamily
Gairdner_NODE_167_length_41210_cov_9.888325_31	e33bde1c7e3df296d6ade6e49e2be00e	556	Pfam	PF00082	Subtilase family	214	498	3.5E-42	T	26-06-2023	IPR000209	Peptidase S8/S53 domain
Gairdner_NODE_167_length_41210_cov_9.888325_31	e33bde1c7e3df296d6ade6e49e2be00e	556	ProSitePatterns	PS00137	Serine proteases, subtilase family, histidine active site.	264	274	-	T	26-06-2023	IPR022398	Peptidase S8, subtilisin, His-active site
Gairdner_NODE_167_length_41210_cov_9.888325_31	e33bde1c7e3df296d6ade6e49e2be00e	556	PANTHER	PTHR43806	PEPTIDASE S8	77	477	7.8E-35	T	26-06-2023	-	-
Gairdner_NODE_167_length_41210_cov_9.888325_31	e33bde1c7e3df296d6ade6e49e2be00e	556	SUPERFAMILY	SSF52743	Subtilisin-like	198	505	7.33E-48	T	26-06-2023	IPR036852	Peptidase S8/S53 domain superfamily
Gairdner_NODE_167_length_41210_cov_9.888325_31	e33bde1c7e3df296d6ade6e49e2be00e	556	ProSiteProfiles	PS51318	Twin arginine translocation (Tat) signal profile.	1	48	8.159937	T	26-06-2023	IPR006311	Twin-arginine translocation pathway, signal sequence
Gairdner_NODE_167_length_41210_cov_9.888325_31	e33bde1c7e3df296d6ade6e49e2be00e	556	ProSiteProfiles	PS51892	Serine proteases, subtilase domain profile.	190	506	23.78561	T	26-06-2023	-	-
Gairdner_NODE_167_length_41210_cov_9.888325_31	e33bde1c7e3df296d6ade6e49e2be00e	556	ProSitePatterns	PS00138	Serine proteases, subtilase family, serine active site.	443	453	-	T	26-06-2023	IPR023828	Peptidase S8, subtilisin, Ser-active site
Gairdner_NODE_167_length_41210_cov_9.888325_31	e33bde1c7e3df296d6ade6e49e2be00e	556	PRINTS	PR00723	Subtilisin serine protease family (S8) signature	210	229	9.9E-10	T	26-06-2023	IPR015500	Peptidase S8, subtilisin-related
Gairdner_NODE_167_length_41210_cov_9.888325_31	e33bde1c7e3df296d6ade6e49e2be00e	556	PRINTS	PR00723	Subtilisin serine protease family (S8) signature	260	273	9.9E-10	T	26-06-2023	IPR015500	Peptidase S8, subtilisin-related
Gairdner_NODE_167_length_41210_cov_9.888325_31	e33bde1c7e3df296d6ade6e49e2be00e	556	PRINTS	PR00723	Subtilisin serine protease family (S8) signature	442	458	9.9E-10	T	26-06-2023	IPR015500	Peptidase S8, subtilisin-related
Gairdner_NODE_167_length_41210_cov_9.888325_31	e33bde1c7e3df296d6ade6e49e2be00e	556	MobiDBLite	mobidb-lite	consensus disorder prediction	175	202	-	T	26-06-2023	-	-
Gairdner_NODE_167_length_41210_cov_9.888325_30	c6c8e7891ef6e19034a95a53707816a5	291	ProSiteProfiles	PS51318	Twin arginine translocation (Tat) signal profile.	1	44	9.477869	T	26-06-2023	IPR006311	Twin-arginine translocation pathway, signal sequence
Gairdner_NODE_167_length_41210_cov_9.888325_13	e65e36b40c134280d1e984290482c3c9	336	SUPERFAMILY	SSF52540	P-loop containing nucleoside triphosphate hydrolases	11	253	1.18E-33	T	26-06-2023	IPR027417	P-loop containing nucleoside triphosphate hydrolase
Gairdner_NODE_167_length_41210_cov_9.888325_13	e65e36b40c134280d1e984290482c3c9	336	Gene3D	G3DSA:3.40.50.300	-	22	183	3.1E-51	T	26-06-2023	IPR027417	P-loop containing nucleoside triphosphate hydrolase
Gairdner_NODE_167_length_41210_cov_9.888325_13	e65e36b40c134280d1e984290482c3c9	336	SMART	SM00382	AAA_5	44	185	5.8E-6	T	26-06-2023	IPR003593	AAA+ ATPase domain
Gairdner_NODE_167_length_41210_cov_9.888325_13	e65e36b40c134280d1e984290482c3c9	336	PANTHER	PTHR10763	CELL DIVISION CONTROL PROTEIN 6-RELATED	11	258	1.9E-29	T	26-06-2023	-	-
Gairdner_NODE_167_length_41210_cov_9.888325_13	e65e36b40c134280d1e984290482c3c9	336	Gene3D	G3DSA:1.10.8.60	-	12	258	3.1E-51	T	26-06-2023	-	-
Gairdner_NODE_167_length_41210_cov_9.888325_13	e65e36b40c134280d1e984290482c3c9	336	Pfam	PF13401	AAA domain	45	145	9.8E-8	T	26-06-2023	IPR003593	AAA+ ATPase domain
Gairdner_NODE_167_length_41210_cov_9.888325_13	e65e36b40c134280d1e984290482c3c9	336	CDD	cd18139	HLD_clamp_RarA	184	253	5.45857E-5	T	26-06-2023	-	-
Gairdner_NODE_167_length_41210_cov_9.888325_13	e65e36b40c134280d1e984290482c3c9	336	CDD	cd00009	AAA	28	170	1.12127E-7	T	26-06-2023	-	-
Gairdner_NODE_167_length_41210_cov_9.888325_46	65784ddca60fdbf8bba166a7ddaafa5c	216	MobiDBLite	mobidb-lite	consensus disorder prediction	168	216	-	T	26-06-2023	-	-
Gairdner_NODE_167_length_41210_cov_9.888325_46	65784ddca60fdbf8bba166a7ddaafa5c	216	MobiDBLite	mobidb-lite	consensus disorder prediction	197	216	-	T	26-06-2023	-	-
Gairdner_NODE_167_length_41210_cov_9.888325_40	ff847a297151cd89e27b34606e8e4175	125	MobiDBLite	mobidb-lite	consensus disorder prediction	9	24	-	T	26-06-2023	-	-
Gairdner_NODE_167_length_41210_cov_9.888325_40	ff847a297151cd89e27b34606e8e4175	125	MobiDBLite	mobidb-lite	consensus disorder prediction	103	125	-	T	26-06-2023	-	-
Gairdner_NODE_167_length_41210_cov_9.888325_40	ff847a297151cd89e27b34606e8e4175	125	MobiDBLite	mobidb-lite	consensus disorder prediction	1	24	-	T	26-06-2023	-	-
Gairdner_NODE_167_length_41210_cov_9.888325_40	ff847a297151cd89e27b34606e8e4175	125	MobiDBLite	mobidb-lite	consensus disorder prediction	107	125	-	T	26-06-2023	-	-
Gairdner_NODE_167_length_41210_cov_9.888325_48	04a58245882e650daa3c8e749f319cf0	308	Gene3D	G3DSA:3.40.50.300	-	40	220	4.0E-6	T	26-06-2023	IPR027417	P-loop containing nucleoside triphosphate hydrolase
Gairdner_NODE_167_length_41210_cov_9.888325_48	04a58245882e650daa3c8e749f319cf0	308	PANTHER	PTHR35894	GENERAL SECRETION PATHWAY PROTEIN A-RELATED	29	290	2.4E-9	T	26-06-2023	-	-
Gairdner_NODE_167_length_41210_cov_9.888325_48	04a58245882e650daa3c8e749f319cf0	308	SUPERFAMILY	SSF52540	P-loop containing nucleoside triphosphate hydrolases	48	290	2.75E-5	T	26-06-2023	IPR027417	P-loop containing nucleoside triphosphate hydrolase
Gairdner_NODE_167_length_41210_cov_9.888325_34	e257afa605c286ea953a0f2e1b3d57ab	130	MobiDBLite	mobidb-lite	consensus disorder prediction	111	130	-	T	26-06-2023	-	-
Gairdner_NODE_167_length_41210_cov_9.888325_5	d1d0f73ca4a67794cdbbd8359c0d7bac	306	Gene3D	G3DSA:3.90.1750.20	Putative Large Serine Recombinase; Chain B, Domain 2	147	271	6.2E-21	T	26-06-2023	IPR038109	DNA-binding recombinase domain superfamily
Gairdner_NODE_167_length_41210_cov_9.888325_5	d1d0f73ca4a67794cdbbd8359c0d7bac	306	ProSiteProfiles	PS51737	DNA-binding recombinase domain profile.	169	266	12.468218	T	26-06-2023	IPR011109	DNA-binding recombinase domain
Gairdner_NODE_167_length_41210_cov_9.888325_5	d1d0f73ca4a67794cdbbd8359c0d7bac	306	ProSiteProfiles	PS51736	Resolvase/invertase-type recombinase catalytic domain profile.	15	161	29.757505	T	26-06-2023	IPR006119	Resolvase, N-terminal catalytic domain
Gairdner_NODE_167_length_41210_cov_9.888325_5	d1d0f73ca4a67794cdbbd8359c0d7bac	306	Pfam	PF00239	Resolvase, N terminal domain	16	158	3.5E-33	T	26-06-2023	IPR006119	Resolvase, N-terminal catalytic domain
Gairdner_NODE_167_length_41210_cov_9.888325_5	d1d0f73ca4a67794cdbbd8359c0d7bac	306	SUPERFAMILY	SSF53041	Resolvase-like	15	160	4.58E-34	T	26-06-2023	IPR036162	Resolvase-like, N-terminal catalytic domain superfamily
Gairdner_NODE_167_length_41210_cov_9.888325_5	d1d0f73ca4a67794cdbbd8359c0d7bac	306	CDD	cd00338	Ser_Recombinase	18	151	1.05218E-36	T	26-06-2023	-	-
Gairdner_NODE_167_length_41210_cov_9.888325_5	d1d0f73ca4a67794cdbbd8359c0d7bac	306	SMART	SM00857	resolvase_6	16	163	2.0E-46	T	26-06-2023	IPR006119	Resolvase, N-terminal catalytic domain
Gairdner_NODE_167_length_41210_cov_9.888325_5	d1d0f73ca4a67794cdbbd8359c0d7bac	306	Gene3D	G3DSA:3.40.50.1390	-	10	144	4.7E-35	T	26-06-2023	IPR036162	Resolvase-like, N-terminal catalytic domain superfamily
Gairdner_NODE_167_length_41210_cov_9.888325_5	d1d0f73ca4a67794cdbbd8359c0d7bac	306	PANTHER	PTHR30461	DNA-INVERTASE FROM LAMBDOID PROPHAGE	14	241	7.5E-32	T	26-06-2023	-	-
Gairdner_NODE_167_length_41210_cov_9.888325_5	d1d0f73ca4a67794cdbbd8359c0d7bac	306	Pfam	PF07508	Recombinase	184	253	3.7E-16	T	26-06-2023	IPR011109	DNA-binding recombinase domain
Gairdner_NODE_167_length_41210_cov_9.888325_16	8721ba4618ca03f829442623d591638d	102	MobiDBLite	mobidb-lite	consensus disorder prediction	83	102	-	T	26-06-2023	-	-
Gairdner_NODE_167_length_41210_cov_9.888325_20	41704d741a52a9d5849ef01394a173ab	452	MobiDBLite	mobidb-lite	consensus disorder prediction	416	439	-	T	26-06-2023	-	-
Gairdner_NODE_167_length_41210_cov_9.888325_20	41704d741a52a9d5849ef01394a173ab	452	MobiDBLite	mobidb-lite	consensus disorder prediction	31	69	-	T	26-06-2023	-	-
Gairdner_NODE_167_length_41210_cov_9.888325_20	41704d741a52a9d5849ef01394a173ab	452	MobiDBLite	mobidb-lite	consensus disorder prediction	416	452	-	T	26-06-2023	-	-
Gairdner_NODE_167_length_41210_cov_9.888325_20	41704d741a52a9d5849ef01394a173ab	452	MobiDBLite	mobidb-lite	consensus disorder prediction	31	76	-	T	26-06-2023	-	-
Gairdner_NODE_167_length_41210_cov_9.888325_27	935bbdd8924db94ef22526cee5089a37	140	MobiDBLite	mobidb-lite	consensus disorder prediction	1	18	-	T	26-06-2023	-	-
Gairdner_NODE_167_length_41210_cov_9.888325_27	935bbdd8924db94ef22526cee5089a37	140	MobiDBLite	mobidb-lite	consensus disorder prediction	1	24	-	T	26-06-2023	-	-
Gairdner_NODE_167_length_41210_cov_9.888325_27	935bbdd8924db94ef22526cee5089a37	140	MobiDBLite	mobidb-lite	consensus disorder prediction	117	140	-	T	26-06-2023	-	-
Gairdner_NODE_167_length_41210_cov_9.888325_27	935bbdd8924db94ef22526cee5089a37	140	Coils	Coil	Coil	7	27	-	T	26-06-2023	-	-
Gairdner_NODE_167_length_41210_cov_9.888325_2	83d07aa726270812e8ddddd9a3a6778a	85	SUPERFAMILY	SSF46785	"Winged helix" DNA-binding domain	13	65	5.31E-7	T	26-06-2023	IPR036390	Winged helix DNA-binding domain superfamily
Gairdner_NODE_167_length_41210_cov_9.888325_2	83d07aa726270812e8ddddd9a3a6778a	85	Pfam	PF13412	Winged helix-turn-helix DNA-binding	12	58	3.6E-5	T	26-06-2023	-	-
Gairdner_NODE_167_length_41210_cov_9.888325_33	b6e4b12255ad22e6ae89d284868fe98a	185	MobiDBLite	mobidb-lite	consensus disorder prediction	157	185	-	T	26-06-2023	-	-
Gairdner_NODE_167_length_41210_cov_9.888325_33	b6e4b12255ad22e6ae89d284868fe98a	185	MobiDBLite	mobidb-lite	consensus disorder prediction	163	185	-	T	26-06-2023	-	-
Gairdner_NODE_167_length_41210_cov_9.888325_1	f29cfdfc69dea5cd07a44dedbc1cb4ac	989	Pfam	PF02384	N-6 DNA Methylase	456	576	9.3E-5	T	26-06-2023	IPR003356	DNA methylase, adenine-specific
Gairdner_NODE_167_length_41210_cov_9.888325_1	f29cfdfc69dea5cd07a44dedbc1cb4ac	989	Pfam	PF02384	N-6 DNA Methylase	280	398	7.3E-7	T	26-06-2023	IPR003356	DNA methylase, adenine-specific
Gairdner_NODE_167_length_41210_cov_9.888325_1	f29cfdfc69dea5cd07a44dedbc1cb4ac	989	SUPERFAMILY	SSF53335	S-adenosyl-L-methionine-dependent methyltransferases	205	585	1.03E-39	T	26-06-2023	IPR029063	S-adenosyl-L-methionine-dependent methyltransferase superfamily
Gairdner_NODE_167_length_41210_cov_9.888325_1	f29cfdfc69dea5cd07a44dedbc1cb4ac	989	ProSitePatterns	PS00092	N-6 Adenine-specific DNA methylases signature.	462	468	-	T	26-06-2023	IPR002052	DNA methylase, N-6 adenine-specific, conserved site
Gairdner_NODE_167_length_41210_cov_9.888325_1	f29cfdfc69dea5cd07a44dedbc1cb4ac	989	PRINTS	PR00507	N12 class N6 adenine-specific DNA methyltransferase signature	324	338	4.8E-13	T	26-06-2023	-	-
Gairdner_NODE_167_length_41210_cov_9.888325_1	f29cfdfc69dea5cd07a44dedbc1cb4ac	989	PRINTS	PR00507	N12 class N6 adenine-specific DNA methyltransferase signature	459	471	4.8E-13	T	26-06-2023	-	-
Gairdner_NODE_167_length_41210_cov_9.888325_1	f29cfdfc69dea5cd07a44dedbc1cb4ac	989	PRINTS	PR00507	N12 class N6 adenine-specific DNA methyltransferase signature	503	527	4.8E-13	T	26-06-2023	-	-
Gairdner_NODE_167_length_41210_cov_9.888325_1	f29cfdfc69dea5cd07a44dedbc1cb4ac	989	PRINTS	PR00507	N12 class N6 adenine-specific DNA methyltransferase signature	300	316	4.8E-13	T	26-06-2023	-	-
Gairdner_NODE_167_length_41210_cov_9.888325_1	f29cfdfc69dea5cd07a44dedbc1cb4ac	989	PANTHER	PTHR33841	DNA METHYLTRANSFERASE YEEA-RELATED	274	583	3.5E-25	T	26-06-2023	-	-
Gairdner_NODE_167_length_41210_cov_9.888325_1	f29cfdfc69dea5cd07a44dedbc1cb4ac	989	Gene3D	G3DSA:3.40.50.150	Vaccinia Virus protein VP39	280	648	8.7E-42	T	26-06-2023	IPR029063	S-adenosyl-L-methionine-dependent methyltransferase superfamily
Gairdner_NODE_167_length_41210_cov_9.888325_1	f29cfdfc69dea5cd07a44dedbc1cb4ac	989	Coils	Coil	Coil	974	989	-	T	26-06-2023	-	-
Gairdner_NODE_167_length_41210_cov_9.888325_8	f828973c5b47cb46b0298d76d41f52af	474	ProSiteProfiles	PS51736	Resolvase/invertase-type recombinase catalytic domain profile.	121	271	13.305294	T	26-06-2023	IPR006119	Resolvase, N-terminal catalytic domain
Gairdner_NODE_167_length_41210_cov_9.888325_8	f828973c5b47cb46b0298d76d41f52af	474	MobiDBLite	mobidb-lite	consensus disorder prediction	68	122	-	T	26-06-2023	-	-
Gairdner_NODE_167_length_41210_cov_9.888325_8	f828973c5b47cb46b0298d76d41f52af	474	CDD	cd00338	Ser_Recombinase	124	263	1.48299E-20	T	26-06-2023	-	-
Gairdner_NODE_167_length_41210_cov_9.888325_8	f828973c5b47cb46b0298d76d41f52af	474	ProSiteProfiles	PS51737	DNA-binding recombinase domain profile.	281	392	11.81399	T	26-06-2023	IPR011109	DNA-binding recombinase domain
Gairdner_NODE_167_length_41210_cov_9.888325_8	f828973c5b47cb46b0298d76d41f52af	474	PANTHER	PTHR30461	DNA-INVERTASE FROM LAMBDOID PROPHAGE	123	362	5.5E-15	T	26-06-2023	-	-
Gairdner_NODE_167_length_41210_cov_9.888325_8	f828973c5b47cb46b0298d76d41f52af	474	Gene3D	G3DSA:3.40.50.1390	-	121	256	2.5E-26	T	26-06-2023	IPR036162	Resolvase-like, N-terminal catalytic domain superfamily
Gairdner_NODE_167_length_41210_cov_9.888325_8	f828973c5b47cb46b0298d76d41f52af	474	Pfam	PF00239	Resolvase, N terminal domain	123	270	1.2E-19	T	26-06-2023	IPR006119	Resolvase, N-terminal catalytic domain
Gairdner_NODE_167_length_41210_cov_9.888325_8	f828973c5b47cb46b0298d76d41f52af	474	Pfam	PF07508	Recombinase	296	388	2.4E-6	T	26-06-2023	IPR011109	DNA-binding recombinase domain
Gairdner_NODE_167_length_41210_cov_9.888325_8	f828973c5b47cb46b0298d76d41f52af	474	SUPERFAMILY	SSF53041	Resolvase-like	123	269	3.01E-19	T	26-06-2023	IPR036162	Resolvase-like, N-terminal catalytic domain superfamily
Gairdner_NODE_167_length_41210_cov_9.888325_8	f828973c5b47cb46b0298d76d41f52af	474	SMART	SM00857	resolvase_6	122	273	4.3E-26	T	26-06-2023	IPR006119	Resolvase, N-terminal catalytic domain
Gairdner_NODE_167_length_41210_cov_9.888325_8	f828973c5b47cb46b0298d76d41f52af	474	Gene3D	G3DSA:3.90.1750.20	Putative Large Serine Recombinase; Chain B, Domain 2	257	389	2.1E-16	T	26-06-2023	IPR038109	DNA-binding recombinase domain superfamily
Gairdner_NODE_167_length_41210_cov_9.888325_8	f828973c5b47cb46b0298d76d41f52af	474	MobiDBLite	mobidb-lite	consensus disorder prediction	70	122	-	T	26-06-2023	-	-
Gairdner_NODE_167_length_41210_cov_9.888325_7	6272b6afd7db41fa25a3c6cb8219830a	457	Pfam	PF01966	HD domain	70	227	4.7E-15	T	26-06-2023	IPR006674	HD domain
Gairdner_NODE_167_length_41210_cov_9.888325_7	6272b6afd7db41fa25a3c6cb8219830a	457	SUPERFAMILY	SSF109604	HD-domain/PDEase-like	22	251	5.03E-47	T	26-06-2023	-	-
Gairdner_NODE_167_length_41210_cov_9.888325_7	6272b6afd7db41fa25a3c6cb8219830a	457	NCBIfam	TIGR01353	dNTP triphosphohydrolase	31	443	2.2E-70	T	26-06-2023	IPR006261	dNTP triphosphohydrolase
Gairdner_NODE_167_length_41210_cov_9.888325_7	6272b6afd7db41fa25a3c6cb8219830a	457	Gene3D	G3DSA:1.10.3210.10	Hypothetical protein af1432	3	444	3.3E-81	T	26-06-2023	-	-
Gairdner_NODE_167_length_41210_cov_9.888325_7	6272b6afd7db41fa25a3c6cb8219830a	457	SMART	SM00471	hd_13	64	238	5.1E-10	T	26-06-2023	IPR003607	HD/PDEase domain
Gairdner_NODE_167_length_41210_cov_9.888325_7	6272b6afd7db41fa25a3c6cb8219830a	457	PANTHER	PTHR11373	DEOXYNUCLEOSIDE TRIPHOSPHATE TRIPHOSPHOHYDROLASE	21	248	1.0E-16	T	26-06-2023	-	-
Gairdner_NODE_167_length_41210_cov_9.888325_7	6272b6afd7db41fa25a3c6cb8219830a	457	MobiDBLite	mobidb-lite	consensus disorder prediction	13	32	-	T	26-06-2023	-	-
Gairdner_NODE_167_length_41210_cov_9.888325_7	6272b6afd7db41fa25a3c6cb8219830a	457	ProSiteProfiles	PS51831	HD domain profile.	68	229	12.606086	T	26-06-2023	IPR006674	HD domain
Gairdner_NODE_167_length_41210_cov_9.888325_7	6272b6afd7db41fa25a3c6cb8219830a	457	Pfam	PF13286	Phosphohydrolase-associated domain	342	441	1.8E-11	T	26-06-2023	IPR026875	Phosphohydrolase-associated domain
Gairdner_NODE_167_length_41210_cov_9.888325_7	6272b6afd7db41fa25a3c6cb8219830a	457	CDD	cd00077	HDc	66	127	4.66492E-5	T	26-06-2023	IPR003607	HD/PDEase domain
Gairdner_NODE_167_length_41210_cov_9.888325_22	59aa4c3ed1cbed73dfba2269f002e5e4	236	Coils	Coil	Coil	99	119	-	T	26-06-2023	-	-
Gairdner_NODE_167_length_41210_cov_9.888325_22	59aa4c3ed1cbed73dfba2269f002e5e4	236	MobiDBLite	mobidb-lite	consensus disorder prediction	166	181	-	T	26-06-2023	-	-
Gairdner_NODE_167_length_41210_cov_9.888325_22	59aa4c3ed1cbed73dfba2269f002e5e4	236	MobiDBLite	mobidb-lite	consensus disorder prediction	158	236	-	T	26-06-2023	-	-
Gairdner_NODE_167_length_41210_cov_9.888325_21	942bd4e1064cffbad38a3c53bf739f33	337	MobiDBLite	mobidb-lite	consensus disorder prediction	318	337	-	T	26-06-2023	-	-
Gairdner_NODE_167_length_41210_cov_9.888325_21	942bd4e1064cffbad38a3c53bf739f33	337	Coils	Coil	Coil	284	304	-	T	26-06-2023	-	-
Gairdner_NODE_167_length_41210_cov_9.888325_21	942bd4e1064cffbad38a3c53bf739f33	337	MobiDBLite	mobidb-lite	consensus disorder prediction	33	55	-	T	26-06-2023	-	-
Gairdner_NODE_167_length_41210_cov_9.888325_21	942bd4e1064cffbad38a3c53bf739f33	337	MobiDBLite	mobidb-lite	consensus disorder prediction	33	52	-	T	26-06-2023	-	-
Gairdner_NODE_167_length_41210_cov_9.888325_49	d07b6cae21ad7eb7bf1a2eb4a0618605	104	MobiDBLite	mobidb-lite	consensus disorder prediction	15	34	-	T	26-06-2023	-	-
Gairdner_NODE_167_length_41210_cov_9.888325_49	d07b6cae21ad7eb7bf1a2eb4a0618605	104	MobiDBLite	mobidb-lite	consensus disorder prediction	1	46	-	T	26-06-2023	-	-
