Gairdner_NODE_4298_length_11003_cov_3.762240_7	fe4ecd859271eef53a74e849d6fa5b78	651	Coils	Coil	Coil	236	263	-	T	26-06-2023	-	-
Gairdner_NODE_4298_length_11003_cov_3.762240_7	fe4ecd859271eef53a74e849d6fa5b78	651	Coils	Coil	Coil	174	218	-	T	26-06-2023	-	-
Gairdner_NODE_4298_length_11003_cov_3.762240_11	2a804261a885fa6c40ddf9394d28f03a	159	Coils	Coil	Coil	150	159	-	T	26-06-2023	-	-
Gairdner_NODE_4298_length_11003_cov_3.762240_5	80b97cfaaf6b0a098e635d186f0cc325	238	ProSiteProfiles	PS51318	Twin arginine translocation (Tat) signal profile.	1	35	8.702097	T	26-06-2023	IPR006311	Twin-arginine translocation pathway, signal sequence
Gairdner_NODE_4298_length_11003_cov_3.762240_6	84ccec6039062a4b8eb208e5b1157523	397	ProSitePatterns	PS00138	Serine proteases, subtilase family, serine active site.	301	311	-	T	26-06-2023	IPR023828	Peptidase S8, subtilisin, Ser-active site
Gairdner_NODE_4298_length_11003_cov_3.762240_6	84ccec6039062a4b8eb208e5b1157523	397	MobiDBLite	mobidb-lite	consensus disorder prediction	368	382	-	T	26-06-2023	-	-
Gairdner_NODE_4298_length_11003_cov_3.762240_6	84ccec6039062a4b8eb208e5b1157523	397	Pfam	PF00082	Subtilase family	120	327	4.5E-36	T	26-06-2023	IPR000209	Peptidase S8/S53 domain
Gairdner_NODE_4298_length_11003_cov_3.762240_6	84ccec6039062a4b8eb208e5b1157523	397	SUPERFAMILY	SSF52743	Subtilisin-like	118	360	3.53E-44	T	26-06-2023	IPR036852	Peptidase S8/S53 domain superfamily
Gairdner_NODE_4298_length_11003_cov_3.762240_6	84ccec6039062a4b8eb208e5b1157523	397	PANTHER	PTHR43806	PEPTIDASE S8	92	334	1.4E-32	T	26-06-2023	-	-
Gairdner_NODE_4298_length_11003_cov_3.762240_6	84ccec6039062a4b8eb208e5b1157523	397	ProSiteProfiles	PS51892	Serine proteases, subtilase domain profile.	1	357	26.595739	T	26-06-2023	-	-
Gairdner_NODE_4298_length_11003_cov_3.762240_6	84ccec6039062a4b8eb208e5b1157523	397	MobiDBLite	mobidb-lite	consensus disorder prediction	355	385	-	T	26-06-2023	-	-
Gairdner_NODE_4298_length_11003_cov_3.762240_6	84ccec6039062a4b8eb208e5b1157523	397	Gene3D	G3DSA:3.40.50.200	Peptidase S8/S53 domain	45	363	7.3E-47	T	26-06-2023	IPR036852	Peptidase S8/S53 domain superfamily
Gairdner_NODE_4298_length_11003_cov_3.762240_6	84ccec6039062a4b8eb208e5b1157523	397	PRINTS	PR00723	Subtilisin serine protease family (S8) signature	300	316	2.3E-5	T	26-06-2023	IPR015500	Peptidase S8, subtilisin-related
Gairdner_NODE_4298_length_11003_cov_3.762240_6	84ccec6039062a4b8eb208e5b1157523	397	PRINTS	PR00723	Subtilisin serine protease family (S8) signature	120	133	2.3E-5	T	26-06-2023	IPR015500	Peptidase S8, subtilisin-related
Gairdner_NODE_4298_length_11003_cov_3.762240_10	1eee4f3006649c09cb96a40ee9647e1a	231	Coils	Coil	Coil	128	148	-	T	26-06-2023	-	-
Gairdner_NODE_4298_length_11003_cov_3.762240_10	1eee4f3006649c09cb96a40ee9647e1a	231	SMART	SM00857	resolvase_6	5	150	5.2E-19	T	26-06-2023	IPR006119	Resolvase, N-terminal catalytic domain
Gairdner_NODE_4298_length_11003_cov_3.762240_10	1eee4f3006649c09cb96a40ee9647e1a	231	CDD	cd00338	Ser_Recombinase	8	105	2.25033E-15	T	26-06-2023	-	-
Gairdner_NODE_4298_length_11003_cov_3.762240_10	1eee4f3006649c09cb96a40ee9647e1a	231	PANTHER	PTHR30461	DNA-INVERTASE FROM LAMBDOID PROPHAGE	4	172	1.2E-13	T	26-06-2023	-	-
Gairdner_NODE_4298_length_11003_cov_3.762240_10	1eee4f3006649c09cb96a40ee9647e1a	231	Gene3D	G3DSA:3.40.50.1390	-	4	157	6.0E-25	T	26-06-2023	IPR036162	Resolvase-like, N-terminal catalytic domain superfamily
Gairdner_NODE_4298_length_11003_cov_3.762240_10	1eee4f3006649c09cb96a40ee9647e1a	231	Pfam	PF00239	Resolvase, N terminal domain	5	144	2.5E-20	T	26-06-2023	IPR006119	Resolvase, N-terminal catalytic domain
Gairdner_NODE_4298_length_11003_cov_3.762240_10	1eee4f3006649c09cb96a40ee9647e1a	231	MobiDBLite	mobidb-lite	consensus disorder prediction	106	169	-	T	26-06-2023	-	-
Gairdner_NODE_4298_length_11003_cov_3.762240_10	1eee4f3006649c09cb96a40ee9647e1a	231	SUPERFAMILY	SSF53041	Resolvase-like	5	119	7.59E-21	T	26-06-2023	IPR036162	Resolvase-like, N-terminal catalytic domain superfamily
Gairdner_NODE_4298_length_11003_cov_3.762240_10	1eee4f3006649c09cb96a40ee9647e1a	231	MobiDBLite	mobidb-lite	consensus disorder prediction	125	152	-	T	26-06-2023	-	-
Gairdner_NODE_4298_length_11003_cov_3.762240_10	1eee4f3006649c09cb96a40ee9647e1a	231	ProSiteProfiles	PS51736	Resolvase/invertase-type recombinase catalytic domain profile.	4	153	13.33011	T	26-06-2023	IPR006119	Resolvase, N-terminal catalytic domain
Gairdner_NODE_4298_length_11003_cov_3.762240_8	278129bca02f6a2f2abff8a11d8610a4	676	Gene3D	G3DSA:2.60.40.1120	-	381	458	2.2E-17	T	26-06-2023	-	-
Gairdner_NODE_4298_length_11003_cov_3.762240_8	278129bca02f6a2f2abff8a11d8610a4	676	MobiDBLite	mobidb-lite	consensus disorder prediction	489	520	-	T	26-06-2023	-	-
Gairdner_NODE_4298_length_11003_cov_3.762240_8	278129bca02f6a2f2abff8a11d8610a4	676	SUPERFAMILY	SSF49464	Carboxypeptidase regulatory domain-like	381	458	4.32E-15	T	26-06-2023	IPR008969	Carboxypeptidase-like, regulatory domain superfamily
Gairdner_NODE_4298_length_11003_cov_3.762240_8	278129bca02f6a2f2abff8a11d8610a4	676	MobiDBLite	mobidb-lite	consensus disorder prediction	634	676	-	T	26-06-2023	-	-
Gairdner_NODE_4298_length_11003_cov_3.762240_8	278129bca02f6a2f2abff8a11d8610a4	676	MobiDBLite	mobidb-lite	consensus disorder prediction	648	676	-	T	26-06-2023	-	-
Gairdner_NODE_4298_length_11003_cov_3.762240_8	278129bca02f6a2f2abff8a11d8610a4	676	Pfam	PF13620	Carboxypeptidase regulatory-like domain	381	457	5.0E-15	T	26-06-2023	-	-
