Gairdner_NODE_144_length_43966_cov_7.457380_8	52a762a431c05523e967e28f10eb4962	559	MobiDBLite	mobidb-lite	consensus disorder prediction	543	559	-	T	26-06-2023	-	-
Gairdner_NODE_144_length_43966_cov_7.457380_8	52a762a431c05523e967e28f10eb4962	559	MobiDBLite	mobidb-lite	consensus disorder prediction	537	559	-	T	26-06-2023	-	-
Gairdner_NODE_144_length_43966_cov_7.457380_8	52a762a431c05523e967e28f10eb4962	559	SUPERFAMILY	SSF51126	Pectin lyase-like	189	465	2.98E-5	T	26-06-2023	IPR011050	Pectin lyase fold/virulence factor
Gairdner_NODE_144_length_43966_cov_7.457380_63	a9e885e20417dde3c918311cb49a0607	83	Coils	Coil	Coil	41	61	-	T	26-06-2023	-	-
Gairdner_NODE_144_length_43966_cov_7.457380_56	6e4c3fa4ad69a6110994b67799a662ed	272	CDD	cd02042	ParAB_family	13	212	3.87589E-30	T	26-06-2023	-	-
Gairdner_NODE_144_length_43966_cov_7.457380_56	6e4c3fa4ad69a6110994b67799a662ed	272	Pfam	PF13614	AAA domain	13	181	6.1E-40	T	26-06-2023	IPR025669	AAA domain
Gairdner_NODE_144_length_43966_cov_7.457380_56	6e4c3fa4ad69a6110994b67799a662ed	272	Gene3D	G3DSA:3.40.50.300	-	7	259	5.1E-59	T	26-06-2023	IPR027417	P-loop containing nucleoside triphosphate hydrolase
Gairdner_NODE_144_length_43966_cov_7.457380_56	6e4c3fa4ad69a6110994b67799a662ed	272	SUPERFAMILY	SSF52540	P-loop containing nucleoside triphosphate hydrolases	13	264	4.76E-49	T	26-06-2023	IPR027417	P-loop containing nucleoside triphosphate hydrolase
Gairdner_NODE_144_length_43966_cov_7.457380_56	6e4c3fa4ad69a6110994b67799a662ed	272	PANTHER	PTHR13696	P-LOOP CONTAINING NUCLEOSIDE TRIPHOSPHATE HYDROLASE	13	259	5.0E-44	T	26-06-2023	-	-
Gairdner_NODE_144_length_43966_cov_7.457380_7	b1ab7e4d263750570fafd95abbe223b0	59	Gene3D	G3DSA:1.20.5.3310	-	2	52	2.1E-8	T	26-06-2023	-	-
Gairdner_NODE_144_length_43966_cov_7.457380_45	75974e72edb501090313807df48af248	82	MobiDBLite	mobidb-lite	consensus disorder prediction	1	24	-	T	26-06-2023	-	-
Gairdner_NODE_144_length_43966_cov_7.457380_52	44ba90bf53cd2da38fbed184ce3692cd	164	MobiDBLite	mobidb-lite	consensus disorder prediction	1	22	-	T	26-06-2023	-	-
Gairdner_NODE_144_length_43966_cov_7.457380_52	44ba90bf53cd2da38fbed184ce3692cd	164	MobiDBLite	mobidb-lite	consensus disorder prediction	51	74	-	T	26-06-2023	-	-
Gairdner_NODE_144_length_43966_cov_7.457380_52	44ba90bf53cd2da38fbed184ce3692cd	164	MobiDBLite	mobidb-lite	consensus disorder prediction	57	71	-	T	26-06-2023	-	-
Gairdner_NODE_144_length_43966_cov_7.457380_59	399a519351138e0ba1be22500f6e99e0	590	MobiDBLite	mobidb-lite	consensus disorder prediction	153	176	-	T	26-06-2023	-	-
Gairdner_NODE_144_length_43966_cov_7.457380_59	399a519351138e0ba1be22500f6e99e0	590	MobiDBLite	mobidb-lite	consensus disorder prediction	1	27	-	T	26-06-2023	-	-
Gairdner_NODE_144_length_43966_cov_7.457380_59	399a519351138e0ba1be22500f6e99e0	590	Coils	Coil	Coil	492	512	-	T	26-06-2023	-	-
Gairdner_NODE_144_length_43966_cov_7.457380_59	399a519351138e0ba1be22500f6e99e0	590	Pfam	PF05598	Transposase domain (DUF772)	75	139	3.7E-10	T	26-06-2023	IPR008490	Transposase InsH, N-terminal
Gairdner_NODE_144_length_43966_cov_7.457380_59	399a519351138e0ba1be22500f6e99e0	590	MobiDBLite	mobidb-lite	consensus disorder prediction	160	176	-	T	26-06-2023	-	-
Gairdner_NODE_144_length_43966_cov_7.457380_4	0f38ac4ec4ecdd49a6cbf2c0de3cecbb	89	Gene3D	G3DSA:1.10.287.1080	-	5	89	1.2E-5	T	26-06-2023	-	-
Gairdner_NODE_144_length_43966_cov_7.457380_4	0f38ac4ec4ecdd49a6cbf2c0de3cecbb	89	SUPERFAMILY	SSF101386	all-alpha NTP pyrophosphatases	4	71	6.35E-7	T	26-06-2023	-	-
Gairdner_NODE_144_length_43966_cov_7.457380_13	d3170b0f82241484bf92b5c7477080d5	238	ProSiteProfiles	PS51318	Twin arginine translocation (Tat) signal profile.	1	28	9.398529	T	26-06-2023	IPR006311	Twin-arginine translocation pathway, signal sequence
Gairdner_NODE_144_length_43966_cov_7.457380_29	3548a678ad1ef6949a2c72ac310fec0f	543	MobiDBLite	mobidb-lite	consensus disorder prediction	26	57	-	T	26-06-2023	-	-
Gairdner_NODE_144_length_43966_cov_7.457380_29	3548a678ad1ef6949a2c72ac310fec0f	543	MobiDBLite	mobidb-lite	consensus disorder prediction	24	57	-	T	26-06-2023	-	-
Gairdner_NODE_144_length_43966_cov_7.457380_29	3548a678ad1ef6949a2c72ac310fec0f	543	MobiDBLite	mobidb-lite	consensus disorder prediction	517	543	-	T	26-06-2023	-	-
Gairdner_NODE_144_length_43966_cov_7.457380_29	3548a678ad1ef6949a2c72ac310fec0f	543	MobiDBLite	mobidb-lite	consensus disorder prediction	517	531	-	T	26-06-2023	-	-
Gairdner_NODE_144_length_43966_cov_7.457380_14	f2c379f813d690f7b4faa2bb2b8b1bb0	364	MobiDBLite	mobidb-lite	consensus disorder prediction	38	61	-	T	26-06-2023	-	-
Gairdner_NODE_144_length_43966_cov_7.457380_53	4dd051bf25f6590b66a2390314d53630	125	CDD	cd00085	HNHc	19	68	3.4678E-5	T	26-06-2023	IPR003615	HNH nuclease
Gairdner_NODE_144_length_43966_cov_7.457380_60	080dffcbd223ff4c40d704fe4bc5e8b6	205	SUPERFAMILY	SSF53041	Resolvase-like	1	146	2.88E-34	T	26-06-2023	IPR036162	Resolvase-like, N-terminal catalytic domain superfamily
Gairdner_NODE_144_length_43966_cov_7.457380_60	080dffcbd223ff4c40d704fe4bc5e8b6	205	Gene3D	G3DSA:3.40.50.1390	-	1	156	6.2E-41	T	26-06-2023	IPR036162	Resolvase-like, N-terminal catalytic domain superfamily
Gairdner_NODE_144_length_43966_cov_7.457380_60	080dffcbd223ff4c40d704fe4bc5e8b6	205	SMART	SM00857	resolvase_6	3	147	7.0E-46	T	26-06-2023	IPR006119	Resolvase, N-terminal catalytic domain
Gairdner_NODE_144_length_43966_cov_7.457380_60	080dffcbd223ff4c40d704fe4bc5e8b6	205	ProSitePatterns	PS00397	Site-specific recombinases active site.	6	14	-	T	26-06-2023	IPR006118	Recombinase, conserved site
Gairdner_NODE_144_length_43966_cov_7.457380_60	080dffcbd223ff4c40d704fe4bc5e8b6	205	CDD	cd03768	SR_ResInv	3	136	6.74838E-36	T	26-06-2023	-	-
Gairdner_NODE_144_length_43966_cov_7.457380_60	080dffcbd223ff4c40d704fe4bc5e8b6	205	PANTHER	PTHR30461	DNA-INVERTASE FROM LAMBDOID PROPHAGE	3	159	1.0E-32	T	26-06-2023	-	-
Gairdner_NODE_144_length_43966_cov_7.457380_60	080dffcbd223ff4c40d704fe4bc5e8b6	205	ProSiteProfiles	PS51736	Resolvase/invertase-type recombinase catalytic domain profile.	2	145	25.927755	T	26-06-2023	IPR006119	Resolvase, N-terminal catalytic domain
Gairdner_NODE_144_length_43966_cov_7.457380_60	080dffcbd223ff4c40d704fe4bc5e8b6	205	Pfam	PF00239	Resolvase, N terminal domain	3	146	8.2E-39	T	26-06-2023	IPR006119	Resolvase, N-terminal catalytic domain
Gairdner_NODE_144_length_43966_cov_7.457380_55	9cb2c3d0cfa2a1c51634414e272b4bb0	1143	SUPERFAMILY	SSF50249	Nucleic acid-binding proteins	960	1045	2.06E-5	T	26-06-2023	IPR012340	Nucleic acid-binding, OB-fold
Gairdner_NODE_144_length_43966_cov_7.457380_55	9cb2c3d0cfa2a1c51634414e272b4bb0	1143	MobiDBLite	mobidb-lite	consensus disorder prediction	1053	1082	-	T	26-06-2023	-	-
Gairdner_NODE_144_length_43966_cov_7.457380_55	9cb2c3d0cfa2a1c51634414e272b4bb0	1143	Gene3D	G3DSA:2.40.50.140	-	958	1059	9.8E-7	T	26-06-2023	IPR012340	Nucleic acid-binding, OB-fold
Gairdner_NODE_144_length_43966_cov_7.457380_55	9cb2c3d0cfa2a1c51634414e272b4bb0	1143	MobiDBLite	mobidb-lite	consensus disorder prediction	296	311	-	T	26-06-2023	-	-
Gairdner_NODE_144_length_43966_cov_7.457380_55	9cb2c3d0cfa2a1c51634414e272b4bb0	1143	Pfam	PF08707	Primase C terminal 2 (PriCT-2)	219	294	6.9E-15	T	26-06-2023	IPR014819	Primase, C-terminal 2
Gairdner_NODE_144_length_43966_cov_7.457380_55	9cb2c3d0cfa2a1c51634414e272b4bb0	1143	Coils	Coil	Coil	1140	1143	-	T	26-06-2023	-	-
Gairdner_NODE_144_length_43966_cov_7.457380_55	9cb2c3d0cfa2a1c51634414e272b4bb0	1143	MobiDBLite	mobidb-lite	consensus disorder prediction	296	319	-	T	26-06-2023	-	-
Gairdner_NODE_144_length_43966_cov_7.457380_49	2c565162a4e3dca8939ae991e5344ccc	147	MobiDBLite	mobidb-lite	consensus disorder prediction	1	34	-	T	26-06-2023	-	-
Gairdner_NODE_144_length_43966_cov_7.457380_50	43ec3c9fc75bf37be8b3fc58fb60abf6	125	MobiDBLite	mobidb-lite	consensus disorder prediction	1	18	-	T	26-06-2023	-	-
Gairdner_NODE_144_length_43966_cov_7.457380_50	43ec3c9fc75bf37be8b3fc58fb60abf6	125	ProSitePatterns	PS00028	Zinc finger C2H2 type domain signature.	85	105	-	T	26-06-2023	IPR013087	Zinc finger C2H2-type
Gairdner_NODE_144_length_43966_cov_7.457380_50	43ec3c9fc75bf37be8b3fc58fb60abf6	125	MobiDBLite	mobidb-lite	consensus disorder prediction	1	20	-	T	26-06-2023	-	-
Gairdner_NODE_144_length_43966_cov_7.457380_30	0e1246d9dd35930e40da05a76b88bea2	312	Coils	Coil	Coil	222	263	-	T	26-06-2023	-	-
Gairdner_NODE_144_length_43966_cov_7.457380_30	0e1246d9dd35930e40da05a76b88bea2	312	MobiDBLite	mobidb-lite	consensus disorder prediction	12	36	-	T	26-06-2023	-	-
Gairdner_NODE_144_length_43966_cov_7.457380_30	0e1246d9dd35930e40da05a76b88bea2	312	MobiDBLite	mobidb-lite	consensus disorder prediction	1	36	-	T	26-06-2023	-	-
Gairdner_NODE_144_length_43966_cov_7.457380_25	126bd5a3726afd5691ab8f424c1e3c82	763	SUPERFAMILY	SSF52540	P-loop containing nucleoside triphosphate hydrolases	183	504	2.52E-7	T	26-06-2023	IPR027417	P-loop containing nucleoside triphosphate hydrolase
Gairdner_NODE_144_length_43966_cov_7.457380_25	126bd5a3726afd5691ab8f424c1e3c82	763	MobiDBLite	mobidb-lite	consensus disorder prediction	631	658	-	T	26-06-2023	-	-
Gairdner_NODE_144_length_43966_cov_7.457380_25	126bd5a3726afd5691ab8f424c1e3c82	763	MobiDBLite	mobidb-lite	consensus disorder prediction	1	20	-	T	26-06-2023	-	-
Gairdner_NODE_144_length_43966_cov_7.457380_64	277d485eca14257114d2cb3d3f26b748	33	MobiDBLite	mobidb-lite	consensus disorder prediction	1	33	-	T	26-06-2023	-	-
Gairdner_NODE_144_length_43966_cov_7.457380_43	ee5b1c58d381096bab45d4cf24989b7c	201	MobiDBLite	mobidb-lite	consensus disorder prediction	1	22	-	T	26-06-2023	-	-
Gairdner_NODE_144_length_43966_cov_7.457380_57	b073d84d2de7f4653c30f6fa24f02852	119	Coils	Coil	Coil	1	21	-	T	26-06-2023	-	-
Gairdner_NODE_144_length_43966_cov_7.457380_57	b073d84d2de7f4653c30f6fa24f02852	119	MobiDBLite	mobidb-lite	consensus disorder prediction	15	32	-	T	26-06-2023	-	-
Gairdner_NODE_144_length_43966_cov_7.457380_57	b073d84d2de7f4653c30f6fa24f02852	119	MobiDBLite	mobidb-lite	consensus disorder prediction	1	44	-	T	26-06-2023	-	-
Gairdner_NODE_144_length_43966_cov_7.457380_48	92132b5a4938d1fbb729870d67e2aee0	173	SUPERFAMILY	SSF50129	GroES-like	78	124	8.31E-5	T	26-06-2023	IPR011032	GroES-like superfamily
Gairdner_NODE_144_length_43966_cov_7.457380_35	177edb2df1d9ec73ac2af1a2dfbc3547	156	Pfam	PF07790	Archaeal Type IV pilin, N-terminal	1	70	8.0E-14	T	26-06-2023	IPR012859	Archaeal Type IV pilin, N-terminal
Gairdner_NODE_144_length_43966_cov_7.457380_35	177edb2df1d9ec73ac2af1a2dfbc3547	156	PANTHER	PTHR38138	VNG6441H	1	155	4.7E-9	T	26-06-2023	-	-
Gairdner_NODE_144_length_43966_cov_7.457380_24	1eb03a1d459ede84ed2376607fc91367	197	MobiDBLite	mobidb-lite	consensus disorder prediction	174	197	-	T	26-06-2023	-	-
Gairdner_NODE_144_length_43966_cov_7.457380_54	43aaa025a754d4e1c8a4c7289abb6161	46	MobiDBLite	mobidb-lite	consensus disorder prediction	1	20	-	T	26-06-2023	-	-
Gairdner_NODE_144_length_43966_cov_7.457380_42	b82f09ee4a0ee77e19b2e4a28a06bdb9	104	Gene3D	G3DSA:1.10.10.10	-	7	86	1.2E-8	T	26-06-2023	IPR036388	Winged helix-like DNA-binding domain superfamily
Gairdner_NODE_144_length_43966_cov_7.457380_51	5fa738defff8d8263c85cbb35831f4fe	135	MobiDBLite	mobidb-lite	consensus disorder prediction	50	83	-	T	26-06-2023	-	-
Gairdner_NODE_144_length_43966_cov_7.457380_9	3993ca1ce0e92a87d6e4d4a28f185d2a	208	SUPERFAMILY	SSF56349	DNA breaking-rejoining enzymes	10	205	1.06E-20	T	26-06-2023	IPR011010	DNA breaking-rejoining enzyme, catalytic core
Gairdner_NODE_144_length_43966_cov_7.457380_9	3993ca1ce0e92a87d6e4d4a28f185d2a	208	CDD	cd00397	DNA_BRE_C	2	191	9.7158E-15	T	26-06-2023	-	-
Gairdner_NODE_144_length_43966_cov_7.457380_9	3993ca1ce0e92a87d6e4d4a28f185d2a	208	ProSiteProfiles	PS51898	Tyrosine recombinase domain profile.	1	204	16.437561	T	26-06-2023	IPR002104	Integrase, catalytic domain
Gairdner_NODE_144_length_43966_cov_7.457380_9	3993ca1ce0e92a87d6e4d4a28f185d2a	208	Gene3D	G3DSA:1.10.443.10	Intergrase catalytic core	4	206	1.4E-19	T	26-06-2023	IPR013762	Integrase-like, catalytic domain superfamily
Gairdner_NODE_144_length_43966_cov_7.457380_9	3993ca1ce0e92a87d6e4d4a28f185d2a	208	Pfam	PF00589	Phage integrase family	15	194	3.1E-14	T	26-06-2023	IPR002104	Integrase, catalytic domain
Gairdner_NODE_144_length_43966_cov_7.457380_32	8de6398219948f27d82150a020ff22b6	36	MobiDBLite	mobidb-lite	consensus disorder prediction	14	36	-	T	26-06-2023	-	-
Gairdner_NODE_144_length_43966_cov_7.457380_11	bd7f6a1d8aa1cdf198f41fe17f8aedf9	538	PRINTS	PR00723	Subtilisin serine protease family (S8) signature	435	451	3.2E-14	T	26-06-2023	IPR015500	Peptidase S8, subtilisin-related
Gairdner_NODE_144_length_43966_cov_7.457380_11	bd7f6a1d8aa1cdf198f41fe17f8aedf9	538	PRINTS	PR00723	Subtilisin serine protease family (S8) signature	196	215	3.2E-14	T	26-06-2023	IPR015500	Peptidase S8, subtilisin-related
Gairdner_NODE_144_length_43966_cov_7.457380_11	bd7f6a1d8aa1cdf198f41fe17f8aedf9	538	PRINTS	PR00723	Subtilisin serine protease family (S8) signature	253	266	3.2E-14	T	26-06-2023	IPR015500	Peptidase S8, subtilisin-related
Gairdner_NODE_144_length_43966_cov_7.457380_11	bd7f6a1d8aa1cdf198f41fe17f8aedf9	538	MobiDBLite	mobidb-lite	consensus disorder prediction	142	164	-	T	26-06-2023	-	-
Gairdner_NODE_144_length_43966_cov_7.457380_11	bd7f6a1d8aa1cdf198f41fe17f8aedf9	538	Pfam	PF00082	Subtilase family	196	476	3.2E-42	T	26-06-2023	IPR000209	Peptidase S8/S53 domain
Gairdner_NODE_144_length_43966_cov_7.457380_11	bd7f6a1d8aa1cdf198f41fe17f8aedf9	538	Gene3D	G3DSA:3.40.50.200	Peptidase S8/S53 domain	140	501	1.3E-54	T	26-06-2023	IPR036852	Peptidase S8/S53 domain superfamily
Gairdner_NODE_144_length_43966_cov_7.457380_11	bd7f6a1d8aa1cdf198f41fe17f8aedf9	538	ProSitePatterns	PS00138	Serine proteases, subtilase family, serine active site.	436	446	-	T	26-06-2023	IPR023828	Peptidase S8, subtilisin, Ser-active site
Gairdner_NODE_144_length_43966_cov_7.457380_11	bd7f6a1d8aa1cdf198f41fe17f8aedf9	538	ProSitePatterns	PS00137	Serine proteases, subtilase family, histidine active site.	257	267	-	T	26-06-2023	IPR022398	Peptidase S8, subtilisin, His-active site
Gairdner_NODE_144_length_43966_cov_7.457380_11	bd7f6a1d8aa1cdf198f41fe17f8aedf9	538	ProSiteProfiles	PS51892	Serine proteases, subtilase domain profile.	174	496	30.903374	T	26-06-2023	-	-
Gairdner_NODE_144_length_43966_cov_7.457380_11	bd7f6a1d8aa1cdf198f41fe17f8aedf9	538	SUPERFAMILY	SSF52743	Subtilisin-like	75	506	7.46E-52	T	26-06-2023	IPR036852	Peptidase S8/S53 domain superfamily
Gairdner_NODE_144_length_43966_cov_7.457380_11	bd7f6a1d8aa1cdf198f41fe17f8aedf9	538	PANTHER	PTHR43806	PEPTIDASE S8	14	460	2.8E-45	T	26-06-2023	-	-
Gairdner_NODE_144_length_43966_cov_7.457380_10	e32269adbd6532adfd802e7db43cb061	1197	Coils	Coil	Coil	555	582	-	T	26-06-2023	-	-
Gairdner_NODE_144_length_43966_cov_7.457380_10	e32269adbd6532adfd802e7db43cb061	1197	SUPERFAMILY	SSF50969	YVTN repeat-like/Quinoprotein amine dehydrogenase	125	327	6.2E-18	T	26-06-2023	IPR011044	Quinoprotein amine dehydrogenase, beta chain-like
Gairdner_NODE_144_length_43966_cov_7.457380_10	e32269adbd6532adfd802e7db43cb061	1197	Coils	Coil	Coil	376	396	-	T	26-06-2023	-	-
Gairdner_NODE_144_length_43966_cov_7.457380_10	e32269adbd6532adfd802e7db43cb061	1197	Coils	Coil	Coil	748	768	-	T	26-06-2023	-	-
Gairdner_NODE_144_length_43966_cov_7.457380_10	e32269adbd6532adfd802e7db43cb061	1197	Coils	Coil	Coil	700	737	-	T	26-06-2023	-	-
Gairdner_NODE_144_length_43966_cov_7.457380_10	e32269adbd6532adfd802e7db43cb061	1197	Gene3D	G3DSA:2.130.10.10	-	90	388	3.3E-13	T	26-06-2023	IPR015943	WD40/YVTN repeat-like-containing domain superfamily
