Gairdner_NODE_200_length_38460_cov_9.422054_2	63057fd7f631821e4189212d9a307727	164	Pfam	PF14221	Domain of unknown function (DUF4330)	23	163	3.3E-14	T	26-06-2023	IPR025480	Protein of unknown function DUF4330
Gairdner_NODE_200_length_38460_cov_9.422054_30	8cc166199781d467d739b8fd4bb7d257	518	Coils	Coil	Coil	233	253	-	T	26-06-2023	-	-
Gairdner_NODE_200_length_38460_cov_9.422054_30	8cc166199781d467d739b8fd4bb7d257	518	MobiDBLite	mobidb-lite	consensus disorder prediction	499	518	-	T	26-06-2023	-	-
Gairdner_NODE_200_length_38460_cov_9.422054_42	eb84ec80cffd6afb93cffd34b9d1f7f6	569	ProSiteProfiles	PS51892	Serine proteases, subtilase domain profile.	203	526	22.047766	T	26-06-2023	-	-
Gairdner_NODE_200_length_38460_cov_9.422054_42	eb84ec80cffd6afb93cffd34b9d1f7f6	569	Pfam	PF00082	Subtilase family	267	510	3.3E-27	T	26-06-2023	IPR000209	Peptidase S8/S53 domain
Gairdner_NODE_200_length_38460_cov_9.422054_42	eb84ec80cffd6afb93cffd34b9d1f7f6	569	SUPERFAMILY	SSF52743	Subtilisin-like	212	527	1.44E-37	T	26-06-2023	IPR036852	Peptidase S8/S53 domain superfamily
Gairdner_NODE_200_length_38460_cov_9.422054_42	eb84ec80cffd6afb93cffd34b9d1f7f6	569	Gene3D	G3DSA:3.40.50.200	Peptidase S8/S53 domain	193	526	2.1E-40	T	26-06-2023	IPR036852	Peptidase S8/S53 domain superfamily
Gairdner_NODE_200_length_38460_cov_9.422054_42	eb84ec80cffd6afb93cffd34b9d1f7f6	569	PRINTS	PR00723	Subtilisin serine protease family (S8) signature	466	482	8.5E-8	T	26-06-2023	IPR015500	Peptidase S8, subtilisin-related
Gairdner_NODE_200_length_38460_cov_9.422054_42	eb84ec80cffd6afb93cffd34b9d1f7f6	569	PRINTS	PR00723	Subtilisin serine protease family (S8) signature	224	243	8.5E-8	T	26-06-2023	IPR015500	Peptidase S8, subtilisin-related
Gairdner_NODE_200_length_38460_cov_9.422054_42	eb84ec80cffd6afb93cffd34b9d1f7f6	569	PRINTS	PR00723	Subtilisin serine protease family (S8) signature	283	296	8.5E-8	T	26-06-2023	IPR015500	Peptidase S8, subtilisin-related
Gairdner_NODE_200_length_38460_cov_9.422054_42	eb84ec80cffd6afb93cffd34b9d1f7f6	569	MobiDBLite	mobidb-lite	consensus disorder prediction	522	546	-	T	26-06-2023	-	-
Gairdner_NODE_200_length_38460_cov_9.422054_42	eb84ec80cffd6afb93cffd34b9d1f7f6	569	ProSitePatterns	PS00138	Serine proteases, subtilase family, serine active site.	467	477	-	T	26-06-2023	IPR023828	Peptidase S8, subtilisin, Ser-active site
Gairdner_NODE_200_length_38460_cov_9.422054_42	eb84ec80cffd6afb93cffd34b9d1f7f6	569	PANTHER	PTHR43806	PEPTIDASE S8	203	504	9.5E-27	T	26-06-2023	-	-
Gairdner_NODE_200_length_38460_cov_9.422054_15	45c8b763e43fde999392916996805f76	127	MobiDBLite	mobidb-lite	consensus disorder prediction	1	32	-	T	26-06-2023	-	-
Gairdner_NODE_200_length_38460_cov_9.422054_41	eef36faafb10c84ea655c533d2f61266	257	ProSiteProfiles	PS51318	Twin arginine translocation (Tat) signal profile.	1	35	8.323025	T	26-06-2023	IPR006311	Twin-arginine translocation pathway, signal sequence
Gairdner_NODE_200_length_38460_cov_9.422054_43	c6d0c40904452c9fb923ea31eacc0492	1160	Gene3D	G3DSA:2.60.40.1120	-	247	322	1.4E-16	T	26-06-2023	-	-
Gairdner_NODE_200_length_38460_cov_9.422054_43	c6d0c40904452c9fb923ea31eacc0492	1160	Pfam	PF13620	Carboxypeptidase regulatory-like domain	247	321	1.7E-15	T	26-06-2023	-	-
Gairdner_NODE_200_length_38460_cov_9.422054_43	c6d0c40904452c9fb923ea31eacc0492	1160	SUPERFAMILY	SSF49464	Carboxypeptidase regulatory domain-like	324	357	4.71E-6	T	26-06-2023	IPR008969	Carboxypeptidase-like, regulatory domain superfamily
Gairdner_NODE_200_length_38460_cov_9.422054_43	c6d0c40904452c9fb923ea31eacc0492	1160	MobiDBLite	mobidb-lite	consensus disorder prediction	369	391	-	T	26-06-2023	-	-
Gairdner_NODE_200_length_38460_cov_9.422054_43	c6d0c40904452c9fb923ea31eacc0492	1160	Coils	Coil	Coil	725	759	-	T	26-06-2023	-	-
Gairdner_NODE_200_length_38460_cov_9.422054_43	c6d0c40904452c9fb923ea31eacc0492	1160	SUPERFAMILY	SSF49464	Carboxypeptidase regulatory domain-like	247	321	1.49E-14	T	26-06-2023	IPR008969	Carboxypeptidase-like, regulatory domain superfamily
Gairdner_NODE_200_length_38460_cov_9.422054_17	02f206f468a0b3b5c2f63dac0e1ef1e0	145	MobiDBLite	mobidb-lite	consensus disorder prediction	88	145	-	T	26-06-2023	-	-
Gairdner_NODE_200_length_38460_cov_9.422054_17	02f206f468a0b3b5c2f63dac0e1ef1e0	145	MobiDBLite	mobidb-lite	consensus disorder prediction	88	115	-	T	26-06-2023	-	-
Gairdner_NODE_200_length_38460_cov_9.422054_19	ce8c4e36b0818089c6c96240f720f95b	367	SUPERFAMILY	SSF53335	S-adenosyl-L-methionine-dependent methyltransferases	186	320	4.16E-6	T	26-06-2023	IPR029063	S-adenosyl-L-methionine-dependent methyltransferase superfamily
Gairdner_NODE_200_length_38460_cov_9.422054_19	ce8c4e36b0818089c6c96240f720f95b	367	MobiDBLite	mobidb-lite	consensus disorder prediction	80	109	-	T	26-06-2023	-	-
Gairdner_NODE_200_length_38460_cov_9.422054_19	ce8c4e36b0818089c6c96240f720f95b	367	Gene3D	G3DSA:3.40.50.150	Vaccinia Virus protein VP39	161	265	1.0E-5	T	26-06-2023	IPR029063	S-adenosyl-L-methionine-dependent methyltransferase superfamily
Gairdner_NODE_200_length_38460_cov_9.422054_19	ce8c4e36b0818089c6c96240f720f95b	367	MobiDBLite	mobidb-lite	consensus disorder prediction	90	104	-	T	26-06-2023	-	-
Gairdner_NODE_200_length_38460_cov_9.422054_23	4f845795bb25fe857922952e31b43342	585	SUPERFAMILY	SSF46785	"Winged helix" DNA-binding domain	385	456	1.67E-6	T	26-06-2023	IPR036390	Winged helix DNA-binding domain superfamily
Gairdner_NODE_200_length_38460_cov_9.422054_23	4f845795bb25fe857922952e31b43342	585	Gene3D	G3DSA:1.10.10.10	-	385	441	2.1E-5	T	26-06-2023	IPR036388	Winged helix-like DNA-binding domain superfamily
Gairdner_NODE_200_length_38460_cov_9.422054_23	4f845795bb25fe857922952e31b43342	585	CDD	cd00090	HTH_ARSR	390	458	1.32065E-4	T	26-06-2023	IPR011991	ArsR-like helix-turn-helix domain
Gairdner_NODE_200_length_38460_cov_9.422054_23	4f845795bb25fe857922952e31b43342	585	MobiDBLite	mobidb-lite	consensus disorder prediction	464	546	-	T	26-06-2023	-	-
Gairdner_NODE_200_length_38460_cov_9.422054_25	fb34f016d3e82cc3213c8d0d3b718166	102	SUPERFAMILY	SSF46785	"Winged helix" DNA-binding domain	5	81	3.2E-10	T	26-06-2023	IPR036390	Winged helix DNA-binding domain superfamily
Gairdner_NODE_200_length_38460_cov_9.422054_25	fb34f016d3e82cc3213c8d0d3b718166	102	CDD	cd00090	HTH_ARSR	4	52	3.18834E-7	T	26-06-2023	IPR011991	ArsR-like helix-turn-helix domain
Gairdner_NODE_200_length_38460_cov_9.422054_25	fb34f016d3e82cc3213c8d0d3b718166	102	Pfam	PF12802	MarR family	15	55	1.9E-6	T	26-06-2023	IPR000835	MarR-type HTH domain
Gairdner_NODE_200_length_38460_cov_9.422054_25	fb34f016d3e82cc3213c8d0d3b718166	102	Gene3D	G3DSA:1.10.10.10	-	3	82	1.2E-8	T	26-06-2023	IPR036388	Winged helix-like DNA-binding domain superfamily
Gairdner_NODE_200_length_38460_cov_9.422054_24	7a6303f77dee479d64fcc5d3d214b881	203	Gene3D	G3DSA:3.90.1530.10	-	3	103	7.3E-10	T	26-06-2023	-	-
Gairdner_NODE_200_length_38460_cov_9.422054_24	7a6303f77dee479d64fcc5d3d214b881	203	Pfam	PF02195	ParB/Sulfiredoxin domain	22	103	1.5E-10	T	26-06-2023	IPR003115	ParB/Sulfiredoxin
Gairdner_NODE_200_length_38460_cov_9.422054_24	7a6303f77dee479d64fcc5d3d214b881	203	SUPERFAMILY	SSF110849	ParB/Sulfiredoxin	20	104	4.88E-12	T	26-06-2023	IPR036086	ParB/Sulfiredoxin superfamily
Gairdner_NODE_200_length_38460_cov_9.422054_24	7a6303f77dee479d64fcc5d3d214b881	203	CDD	cd16387	ParB_N_Srx	42	78	1.12426E-5	T	26-06-2023	-	-
Gairdner_NODE_200_length_38460_cov_9.422054_24	7a6303f77dee479d64fcc5d3d214b881	203	SMART	SM00470	ParB_7	19	104	5.7E-10	T	26-06-2023	IPR003115	ParB/Sulfiredoxin
Gairdner_NODE_200_length_38460_cov_9.422054_4	fdd4c069e1f1cd5c198b0af1ba99b82a	577	Coils	Coil	Coil	426	446	-	T	26-06-2023	-	-
Gairdner_NODE_200_length_38460_cov_9.422054_4	fdd4c069e1f1cd5c198b0af1ba99b82a	577	Coils	Coil	Coil	279	320	-	T	26-06-2023	-	-
Gairdner_NODE_200_length_38460_cov_9.422054_4	fdd4c069e1f1cd5c198b0af1ba99b82a	577	Gene3D	G3DSA:3.40.50.300	-	5	256	7.9E-44	T	26-06-2023	IPR027417	P-loop containing nucleoside triphosphate hydrolase
Gairdner_NODE_200_length_38460_cov_9.422054_4	fdd4c069e1f1cd5c198b0af1ba99b82a	577	SUPERFAMILY	SSF52540	P-loop containing nucleoside triphosphate hydrolases	12	253	8.51E-21	T	26-06-2023	IPR027417	P-loop containing nucleoside triphosphate hydrolase
Gairdner_NODE_200_length_38460_cov_9.422054_4	fdd4c069e1f1cd5c198b0af1ba99b82a	577	Coils	Coil	Coil	355	396	-	T	26-06-2023	-	-
Gairdner_NODE_200_length_38460_cov_9.422054_4	fdd4c069e1f1cd5c198b0af1ba99b82a	577	PANTHER	PTHR42957	HELICASE MJ1565-RELATED	103	241	2.1E-24	T	26-06-2023	-	-
Gairdner_NODE_200_length_38460_cov_9.422054_4	fdd4c069e1f1cd5c198b0af1ba99b82a	577	Pfam	PF01935	Helicase HerA, central domain	14	122	7.5E-7	T	26-06-2023	IPR002789	Helicase HerA, central domain
Gairdner_NODE_200_length_38460_cov_9.422054_4	fdd4c069e1f1cd5c198b0af1ba99b82a	577	Gene3D	G3DSA:1.10.287.1490	-	260	450	7.4E-6	T	26-06-2023	-	-
Gairdner_NODE_200_length_38460_cov_9.422054_28	d455748afe47e1a95ace4a1e9654ce2b	100	SUPERFAMILY	SSF89447	AbrB/MazE/MraZ-like	6	37	3.66E-5	T	26-06-2023	IPR037914	SpoVT-AbrB domain superfamily
Gairdner_NODE_200_length_38460_cov_9.422054_28	d455748afe47e1a95ace4a1e9654ce2b	100	Gene3D	G3DSA:2.10.260.10	-	60	97	1.8E-5	T	26-06-2023	-	-
Gairdner_NODE_200_length_38460_cov_9.422054_28	d455748afe47e1a95ace4a1e9654ce2b	100	SUPERFAMILY	SSF89447	AbrB/MazE/MraZ-like	61	90	2.09E-5	T	26-06-2023	IPR037914	SpoVT-AbrB domain superfamily
Gairdner_NODE_200_length_38460_cov_9.422054_28	d455748afe47e1a95ace4a1e9654ce2b	100	PANTHER	PTHR34860	REPRESSOR-LIKE PROTEIN SSO7C3	5	30	9.8E-9	T	26-06-2023	-	-
Gairdner_NODE_200_length_38460_cov_9.422054_26	ad14bea8893212f866724e77326b34e2	132	MobiDBLite	mobidb-lite	consensus disorder prediction	68	87	-	T	26-06-2023	-	-
Gairdner_NODE_200_length_38460_cov_9.422054_26	ad14bea8893212f866724e77326b34e2	132	MobiDBLite	mobidb-lite	consensus disorder prediction	1	24	-	T	26-06-2023	-	-
Gairdner_NODE_200_length_38460_cov_9.422054_44	3c38812ecb74fa8cbab9fcb1d0911252	220	CDD	cd00397	DNA_BRE_C	25	211	2.12095E-22	T	26-06-2023	-	-
Gairdner_NODE_200_length_38460_cov_9.422054_44	3c38812ecb74fa8cbab9fcb1d0911252	220	ProSiteProfiles	PS51898	Tyrosine recombinase domain profile.	16	220	31.016005	T	26-06-2023	IPR002104	Integrase, catalytic domain
Gairdner_NODE_200_length_38460_cov_9.422054_44	3c38812ecb74fa8cbab9fcb1d0911252	220	Pfam	PF00589	Phage integrase family	20	216	3.4E-25	T	26-06-2023	IPR002104	Integrase, catalytic domain
Gairdner_NODE_200_length_38460_cov_9.422054_44	3c38812ecb74fa8cbab9fcb1d0911252	220	SUPERFAMILY	SSF56349	DNA breaking-rejoining enzymes	19	217	8.24E-28	T	26-06-2023	IPR011010	DNA breaking-rejoining enzyme, catalytic core
Gairdner_NODE_200_length_38460_cov_9.422054_44	3c38812ecb74fa8cbab9fcb1d0911252	220	Gene3D	G3DSA:1.10.443.10	Intergrase catalytic core	19	219	7.0E-30	T	26-06-2023	IPR013762	Integrase-like, catalytic domain superfamily
Gairdner_NODE_200_length_38460_cov_9.422054_31	fe71a6caa5ff2544c744f66a8d6d235c	155	MobiDBLite	mobidb-lite	consensus disorder prediction	58	79	-	T	26-06-2023	-	-
Gairdner_NODE_200_length_38460_cov_9.422054_7	53239039a9bb9fdf18933a69ef974534	133	Coils	Coil	Coil	102	129	-	T	26-06-2023	-	-
Gairdner_NODE_200_length_38460_cov_9.422054_5	6cc1237e31c6a20d697a71b5a8479d12	152	Pfam	PF08281	Sigma-70, region 4	25	65	1.9E-6	T	26-06-2023	IPR013249	RNA polymerase sigma factor 70, region 4 type 2
Gairdner_NODE_200_length_38460_cov_9.422054_5	6cc1237e31c6a20d697a71b5a8479d12	152	Gene3D	G3DSA:1.10.10.10	-	22	70	2.3E-5	T	26-06-2023	IPR036388	Winged helix-like DNA-binding domain superfamily
Gairdner_NODE_200_length_38460_cov_9.422054_5	6cc1237e31c6a20d697a71b5a8479d12	152	PANTHER	PTHR43214	TWO-COMPONENT RESPONSE REGULATOR	16	62	6.2E-9	T	26-06-2023	IPR039420	Transcriptional regulatory protein WalR-like
Gairdner_NODE_200_length_38460_cov_9.422054_5	6cc1237e31c6a20d697a71b5a8479d12	152	SUPERFAMILY	SSF46894	C-terminal effector domain of the bipartite response regulators	21	62	1.11E-5	T	26-06-2023	IPR016032	Signal transduction response regulator, C-terminal effector
Gairdner_NODE_200_length_38460_cov_9.422054_5	6cc1237e31c6a20d697a71b5a8479d12	152	Coils	Coil	Coil	134	152	-	T	26-06-2023	-	-
Gairdner_NODE_200_length_38460_cov_9.422054_5	6cc1237e31c6a20d697a71b5a8479d12	152	PRINTS	PR00038	LuxR bacterial regulatory protein HTH signature	99	113	4.1E-5	T	26-06-2023	IPR000792	Transcription regulator LuxR, C-terminal
Gairdner_NODE_200_length_38460_cov_9.422054_5	6cc1237e31c6a20d697a71b5a8479d12	152	PRINTS	PR00038	LuxR bacterial regulatory protein HTH signature	129	141	4.1E-5	T	26-06-2023	IPR000792	Transcription regulator LuxR, C-terminal
Gairdner_NODE_200_length_38460_cov_9.422054_5	6cc1237e31c6a20d697a71b5a8479d12	152	PRINTS	PR00038	LuxR bacterial regulatory protein HTH signature	113	129	4.1E-5	T	26-06-2023	IPR000792	Transcription regulator LuxR, C-terminal
Gairdner_NODE_200_length_38460_cov_9.422054_5	6cc1237e31c6a20d697a71b5a8479d12	152	SUPERFAMILY	SSF46894	C-terminal effector domain of the bipartite response regulators	92	142	6.8E-7	T	26-06-2023	IPR016032	Signal transduction response regulator, C-terminal effector
Gairdner_NODE_200_length_38460_cov_9.422054_5	6cc1237e31c6a20d697a71b5a8479d12	152	Gene3D	G3DSA:1.10.10.10	-	84	151	3.1E-5	T	26-06-2023	IPR036388	Winged helix-like DNA-binding domain superfamily
Gairdner_NODE_200_length_38460_cov_9.422054_11	1ae33a60e8b978cf5152868a145bd4f4	98	Pfam	PF18902	Domain of unknown function (DUF5658)	14	92	3.3E-7	T	26-06-2023	IPR043717	Domain of unknown function DUF5658
Gairdner_NODE_200_length_38460_cov_9.422054_12	07b1a6a724b7b5cdd06c4b0c73eaa566	361	MobiDBLite	mobidb-lite	consensus disorder prediction	342	361	-	T	26-06-2023	-	-
Gairdner_NODE_200_length_38460_cov_9.422054_29	2af0eb727db6aceefe7c2d86cd966ae4	339	Coils	Coil	Coil	248	268	-	T	26-06-2023	-	-
Gairdner_NODE_200_length_38460_cov_9.422054_29	2af0eb727db6aceefe7c2d86cd966ae4	339	MobiDBLite	mobidb-lite	consensus disorder prediction	11	46	-	T	26-06-2023	-	-
Gairdner_NODE_200_length_38460_cov_9.422054_29	2af0eb727db6aceefe7c2d86cd966ae4	339	MobiDBLite	mobidb-lite	consensus disorder prediction	1	48	-	T	26-06-2023	-	-
Gairdner_NODE_200_length_38460_cov_9.422054_33	e203c736295915fd4b497fe52df9f6a9	722	Coils	Coil	Coil	718	722	-	T	26-06-2023	-	-
Gairdner_NODE_200_length_38460_cov_9.422054_33	e203c736295915fd4b497fe52df9f6a9	722	Pfam	PF03288	Poxvirus D5 protein-like	641	686	3.2E-5	T	26-06-2023	IPR004968	DNA primase/nucleoside triphosphatase, C-terminal
Gairdner_NODE_200_length_38460_cov_9.422054_6	3b234f76f080111bdc77f48b2b33dd97	202	MobiDBLite	mobidb-lite	consensus disorder prediction	1	38	-	T	26-06-2023	-	-
