Gairdner_NODE_217_length_37248_cov_7.812599_10	e4922b73aebe482b529e0b88781e1e98	60	Gene3D	G3DSA:1.10.1220.10	-	16	55	1.0E-5	T	26-06-2023	IPR013321	Arc-type ribbon-helix-helix
Gairdner_NODE_217_length_37248_cov_7.812599_10	e4922b73aebe482b529e0b88781e1e98	60	CDD	cd22231	RHH_NikR_HicB-like	16	52	1.12306E-5	T	26-06-2023	-	-
Gairdner_NODE_217_length_37248_cov_7.812599_10	e4922b73aebe482b529e0b88781e1e98	60	Pfam	PF01402	Ribbon-helix-helix protein, copG family	17	52	3.7E-5	T	26-06-2023	IPR002145	Ribbon-helix-helix protein, CopG
Gairdner_NODE_217_length_37248_cov_7.812599_10	e4922b73aebe482b529e0b88781e1e98	60	SUPERFAMILY	SSF47598	Ribbon-helix-helix	16	53	1.82E-5	T	26-06-2023	IPR010985	Ribbon-helix-helix
Gairdner_NODE_217_length_37248_cov_7.812599_26	fb2b97bd98d90beaf306202ed36a6144	785	MobiDBLite	mobidb-lite	consensus disorder prediction	350	376	-	T	26-06-2023	-	-
Gairdner_NODE_217_length_37248_cov_7.812599_9	d1962fe2972fd94d007a89cc8c80e165	94	MobiDBLite	mobidb-lite	consensus disorder prediction	13	29	-	T	26-06-2023	-	-
Gairdner_NODE_217_length_37248_cov_7.812599_9	d1962fe2972fd94d007a89cc8c80e165	94	MobiDBLite	mobidb-lite	consensus disorder prediction	72	94	-	T	26-06-2023	-	-
Gairdner_NODE_217_length_37248_cov_7.812599_9	d1962fe2972fd94d007a89cc8c80e165	94	MobiDBLite	mobidb-lite	consensus disorder prediction	1	36	-	T	26-06-2023	-	-
Gairdner_NODE_217_length_37248_cov_7.812599_2	10a81d916699f73801f296267438058c	308	MobiDBLite	mobidb-lite	consensus disorder prediction	128	150	-	T	26-06-2023	-	-
Gairdner_NODE_217_length_37248_cov_7.812599_2	10a81d916699f73801f296267438058c	308	MobiDBLite	mobidb-lite	consensus disorder prediction	1	27	-	T	26-06-2023	-	-
Gairdner_NODE_217_length_37248_cov_7.812599_2	10a81d916699f73801f296267438058c	308	MobiDBLite	mobidb-lite	consensus disorder prediction	97	150	-	T	26-06-2023	-	-
Gairdner_NODE_217_length_37248_cov_7.812599_2	10a81d916699f73801f296267438058c	308	MobiDBLite	mobidb-lite	consensus disorder prediction	99	123	-	T	26-06-2023	-	-
Gairdner_NODE_217_length_37248_cov_7.812599_2	10a81d916699f73801f296267438058c	308	MobiDBLite	mobidb-lite	consensus disorder prediction	1	15	-	T	26-06-2023	-	-
Gairdner_NODE_217_length_37248_cov_7.812599_7	8cd9a9b25ca8153740c0dc74f2d6e97a	688	Gene3D	G3DSA:2.20.28.10	-	130	179	1.6E-31	T	26-06-2023	-	-
Gairdner_NODE_217_length_37248_cov_7.812599_7	8cd9a9b25ca8153740c0dc74f2d6e97a	688	SMART	SM00350	mcm	99	597	2.3E-107	T	26-06-2023	IPR031327	Mini-chromosome maintenance protein
Gairdner_NODE_217_length_37248_cov_7.812599_7	8cd9a9b25ca8153740c0dc74f2d6e97a	688	Pfam	PF00493	MCM P-loop domain	265	483	1.2E-78	T	26-06-2023	IPR001208	MCM domain
Gairdner_NODE_217_length_37248_cov_7.812599_7	8cd9a9b25ca8153740c0dc74f2d6e97a	688	Gene3D	G3DSA:3.40.50.300	-	253	601	3.7E-110	T	26-06-2023	IPR027417	P-loop containing nucleoside triphosphate hydrolase
Gairdner_NODE_217_length_37248_cov_7.812599_7	8cd9a9b25ca8153740c0dc74f2d6e97a	688	Pfam	PF17855	MCM AAA-lid domain	510	596	7.5E-25	T	26-06-2023	IPR041562	MCM, AAA-lid domain
Gairdner_NODE_217_length_37248_cov_7.812599_7	8cd9a9b25ca8153740c0dc74f2d6e97a	688	Gene3D	G3DSA:2.40.50.140	-	107	232	1.6E-31	T	26-06-2023	IPR012340	Nucleic acid-binding, OB-fold
Gairdner_NODE_217_length_37248_cov_7.812599_7	8cd9a9b25ca8153740c0dc74f2d6e97a	688	FunFam	G3DSA:2.20.28.10:FF:000003	DNA helicase	130	179	1.0E-9	T	26-06-2023	-	-
Gairdner_NODE_217_length_37248_cov_7.812599_7	8cd9a9b25ca8153740c0dc74f2d6e97a	688	FunFam	G3DSA:3.40.50.300:FF:002469	Cell division control protein 21	259	602	8.7E-91	T	26-06-2023	-	-
Gairdner_NODE_217_length_37248_cov_7.812599_7	8cd9a9b25ca8153740c0dc74f2d6e97a	688	PANTHER	PTHR11630	DNA REPLICATION LICENSING FACTOR MCM FAMILY MEMBER	14	654	4.2E-159	T	26-06-2023	IPR031327	Mini-chromosome maintenance protein
Gairdner_NODE_217_length_37248_cov_7.812599_7	8cd9a9b25ca8153740c0dc74f2d6e97a	688	SMART	SM00382	AAA_5	315	468	3.6E-5	T	26-06-2023	IPR003593	AAA+ ATPase domain
Gairdner_NODE_217_length_37248_cov_7.812599_7	8cd9a9b25ca8153740c0dc74f2d6e97a	688	Pfam	PF14551	MCM N-terminal domain	20	77	1.6E-5	T	26-06-2023	IPR027925	MCM N-terminal domain
Gairdner_NODE_217_length_37248_cov_7.812599_7	8cd9a9b25ca8153740c0dc74f2d6e97a	688	PRINTS	PR01657	Mini-chromosome maintenance (MCM) protein family signature	314	329	2.8E-24	T	26-06-2023	IPR001208	MCM domain
Gairdner_NODE_217_length_37248_cov_7.812599_7	8cd9a9b25ca8153740c0dc74f2d6e97a	688	PRINTS	PR01657	Mini-chromosome maintenance (MCM) protein family signature	403	416	2.8E-24	T	26-06-2023	IPR001208	MCM domain
Gairdner_NODE_217_length_37248_cov_7.812599_7	8cd9a9b25ca8153740c0dc74f2d6e97a	688	PRINTS	PR01657	Mini-chromosome maintenance (MCM) protein family signature	427	439	2.8E-24	T	26-06-2023	IPR001208	MCM domain
Gairdner_NODE_217_length_37248_cov_7.812599_7	8cd9a9b25ca8153740c0dc74f2d6e97a	688	PRINTS	PR01657	Mini-chromosome maintenance (MCM) protein family signature	375	389	2.8E-24	T	26-06-2023	IPR001208	MCM domain
Gairdner_NODE_217_length_37248_cov_7.812599_7	8cd9a9b25ca8153740c0dc74f2d6e97a	688	PRINTS	PR01657	Mini-chromosome maintenance (MCM) protein family signature	454	462	2.8E-24	T	26-06-2023	IPR001208	MCM domain
Gairdner_NODE_217_length_37248_cov_7.812599_7	8cd9a9b25ca8153740c0dc74f2d6e97a	688	Gene3D	G3DSA:3.30.1640.10	-	4	97	7.6E-19	T	26-06-2023	-	-
Gairdner_NODE_217_length_37248_cov_7.812599_7	8cd9a9b25ca8153740c0dc74f2d6e97a	688	SUPERFAMILY	SSF50249	Nucleic acid-binding proteins	17	230	8.39E-40	T	26-06-2023	IPR012340	Nucleic acid-binding, OB-fold
Gairdner_NODE_217_length_37248_cov_7.812599_7	8cd9a9b25ca8153740c0dc74f2d6e97a	688	ProSiteProfiles	PS50051	MCM family domain profile.	273	480	67.843674	T	26-06-2023	IPR001208	MCM domain
Gairdner_NODE_217_length_37248_cov_7.812599_7	8cd9a9b25ca8153740c0dc74f2d6e97a	688	Coils	Coil	Coil	618	638	-	T	26-06-2023	-	-
Gairdner_NODE_217_length_37248_cov_7.812599_7	8cd9a9b25ca8153740c0dc74f2d6e97a	688	Gene3D	G3DSA:1.10.10.10	-	602	686	8.7E-24	T	26-06-2023	IPR036388	Winged helix-like DNA-binding domain superfamily
Gairdner_NODE_217_length_37248_cov_7.812599_7	8cd9a9b25ca8153740c0dc74f2d6e97a	688	Pfam	PF17207	MCM OB domain	107	227	1.5E-24	T	26-06-2023	IPR033762	MCM OB domain
Gairdner_NODE_217_length_37248_cov_7.812599_7	8cd9a9b25ca8153740c0dc74f2d6e97a	688	SUPERFAMILY	SSF52540	P-loop containing nucleoside triphosphate hydrolases	284	604	4.9E-39	T	26-06-2023	IPR027417	P-loop containing nucleoside triphosphate hydrolase
Gairdner_NODE_217_length_37248_cov_7.812599_18	7a3d4bdaf6d6aaa605d898330b433a28	194	Coils	Coil	Coil	13	33	-	T	26-06-2023	-	-
Gairdner_NODE_217_length_37248_cov_7.812599_18	7a3d4bdaf6d6aaa605d898330b433a28	194	MobiDBLite	mobidb-lite	consensus disorder prediction	1	31	-	T	26-06-2023	-	-
Gairdner_NODE_217_length_37248_cov_7.812599_18	7a3d4bdaf6d6aaa605d898330b433a28	194	MobiDBLite	mobidb-lite	consensus disorder prediction	1	48	-	T	26-06-2023	-	-
Gairdner_NODE_217_length_37248_cov_7.812599_20	4f47c1f7858e5abbc11456193dcfe375	1099	MobiDBLite	mobidb-lite	consensus disorder prediction	663	682	-	T	26-06-2023	-	-
Gairdner_NODE_217_length_37248_cov_7.812599_20	4f47c1f7858e5abbc11456193dcfe375	1099	MobiDBLite	mobidb-lite	consensus disorder prediction	697	721	-	T	26-06-2023	-	-
Gairdner_NODE_217_length_37248_cov_7.812599_20	4f47c1f7858e5abbc11456193dcfe375	1099	MobiDBLite	mobidb-lite	consensus disorder prediction	840	868	-	T	26-06-2023	-	-
Gairdner_NODE_217_length_37248_cov_7.812599_37	e28e324d1f63fbef865acda3cb340545	662	Pfam	PF01935	Helicase HerA, central domain	158	379	7.9E-11	T	26-06-2023	IPR002789	Helicase HerA, central domain
Gairdner_NODE_217_length_37248_cov_7.812599_37	e28e324d1f63fbef865acda3cb340545	662	Gene3D	G3DSA:3.40.50.300	-	323	526	4.5E-9	T	26-06-2023	IPR027417	P-loop containing nucleoside triphosphate hydrolase
Gairdner_NODE_217_length_37248_cov_7.812599_37	e28e324d1f63fbef865acda3cb340545	662	SUPERFAMILY	SSF52540	P-loop containing nucleoside triphosphate hydrolases	155	511	2.92E-9	T	26-06-2023	IPR027417	P-loop containing nucleoside triphosphate hydrolase
Gairdner_NODE_217_length_37248_cov_7.812599_8	5544056411b068a58dbdf491c56e0cc1	200	MobiDBLite	mobidb-lite	consensus disorder prediction	1	23	-	T	26-06-2023	-	-
Gairdner_NODE_217_length_37248_cov_7.812599_8	5544056411b068a58dbdf491c56e0cc1	200	Coils	Coil	Coil	31	79	-	T	26-06-2023	-	-
Gairdner_NODE_217_length_37248_cov_7.812599_39	c04c6b3558f8770ba0c542a3c87d4a6e	499	MobiDBLite	mobidb-lite	consensus disorder prediction	326	345	-	T	26-06-2023	-	-
Gairdner_NODE_217_length_37248_cov_7.812599_39	c04c6b3558f8770ba0c542a3c87d4a6e	499	Coils	Coil	Coil	231	263	-	T	26-06-2023	-	-
Gairdner_NODE_217_length_37248_cov_7.812599_15	192e26094f7d0dd73fefff4de7c03de6	87	Gene3D	G3DSA:1.10.10.10	-	10	87	2.5E-6	T	26-06-2023	IPR036388	Winged helix-like DNA-binding domain superfamily
Gairdner_NODE_217_length_37248_cov_7.812599_19	c04445b6d6d0d33a52a03a9cc99f831e	206	MobiDBLite	mobidb-lite	consensus disorder prediction	20	39	-	T	26-06-2023	-	-
Gairdner_NODE_217_length_37248_cov_7.812599_19	c04445b6d6d0d33a52a03a9cc99f831e	206	MobiDBLite	mobidb-lite	consensus disorder prediction	172	206	-	T	26-06-2023	-	-
Gairdner_NODE_217_length_37248_cov_7.812599_21	2d0ceec069f7430ae982c9e157ff6561	201	Gene3D	G3DSA:3.40.50.150	Vaccinia Virus protein VP39	14	129	1.7E-12	T	26-06-2023	IPR029063	S-adenosyl-L-methionine-dependent methyltransferase superfamily
Gairdner_NODE_217_length_37248_cov_7.812599_21	2d0ceec069f7430ae982c9e157ff6561	201	Pfam	PF08241	Methyltransferase domain	45	93	4.1E-8	T	26-06-2023	IPR013216	Methyltransferase type 11
Gairdner_NODE_217_length_37248_cov_7.812599_21	2d0ceec069f7430ae982c9e157ff6561	201	CDD	cd02440	AdoMet_MTases	19	91	4.36402E-4	T	26-06-2023	-	-
Gairdner_NODE_217_length_37248_cov_7.812599_21	2d0ceec069f7430ae982c9e157ff6561	201	SUPERFAMILY	SSF53335	S-adenosyl-L-methionine-dependent methyltransferases	11	131	5.08E-15	T	26-06-2023	IPR029063	S-adenosyl-L-methionine-dependent methyltransferase superfamily
Gairdner_NODE_217_length_37248_cov_7.812599_43	f2d4d657fb026df63b46ceaf33ff1368	103	MobiDBLite	mobidb-lite	consensus disorder prediction	1	22	-	T	26-06-2023	-	-
Gairdner_NODE_217_length_37248_cov_7.812599_22	1cfac0c5e404e0881f4b2920e4b34ce3	530	PRINTS	PR00723	Subtilisin serine protease family (S8) signature	192	211	3.6E-5	T	26-06-2023	IPR015500	Peptidase S8, subtilisin-related
Gairdner_NODE_217_length_37248_cov_7.812599_22	1cfac0c5e404e0881f4b2920e4b34ce3	530	PRINTS	PR00723	Subtilisin serine protease family (S8) signature	239	252	3.6E-5	T	26-06-2023	IPR015500	Peptidase S8, subtilisin-related
Gairdner_NODE_217_length_37248_cov_7.812599_22	1cfac0c5e404e0881f4b2920e4b34ce3	530	PRINTS	PR00723	Subtilisin serine protease family (S8) signature	425	441	3.6E-5	T	26-06-2023	IPR015500	Peptidase S8, subtilisin-related
Gairdner_NODE_217_length_37248_cov_7.812599_22	1cfac0c5e404e0881f4b2920e4b34ce3	530	MobiDBLite	mobidb-lite	consensus disorder prediction	489	516	-	T	26-06-2023	-	-
Gairdner_NODE_217_length_37248_cov_7.812599_22	1cfac0c5e404e0881f4b2920e4b34ce3	530	Gene3D	G3DSA:3.40.50.200	Peptidase S8/S53 domain	179	491	2.6E-39	T	26-06-2023	IPR036852	Peptidase S8/S53 domain superfamily
Gairdner_NODE_217_length_37248_cov_7.812599_22	1cfac0c5e404e0881f4b2920e4b34ce3	530	PANTHER	PTHR43806	PEPTIDASE S8	77	472	8.4E-23	T	26-06-2023	-	-
Gairdner_NODE_217_length_37248_cov_7.812599_22	1cfac0c5e404e0881f4b2920e4b34ce3	530	SUPERFAMILY	SSF52743	Subtilisin-like	184	486	1.02E-36	T	26-06-2023	IPR036852	Peptidase S8/S53 domain superfamily
Gairdner_NODE_217_length_37248_cov_7.812599_22	1cfac0c5e404e0881f4b2920e4b34ce3	530	MobiDBLite	mobidb-lite	consensus disorder prediction	489	503	-	T	26-06-2023	-	-
Gairdner_NODE_217_length_37248_cov_7.812599_22	1cfac0c5e404e0881f4b2920e4b34ce3	530	Pfam	PF00082	Subtilase family	193	469	3.8E-25	T	26-06-2023	IPR000209	Peptidase S8/S53 domain
Gairdner_NODE_217_length_37248_cov_7.812599_22	1cfac0c5e404e0881f4b2920e4b34ce3	530	ProSiteProfiles	PS51892	Serine proteases, subtilase domain profile.	159	491	21.030943	T	26-06-2023	-	-
Gairdner_NODE_217_length_37248_cov_7.812599_5	717bd1aaa9c4cf34320de8f3a8202a31	138	MobiDBLite	mobidb-lite	consensus disorder prediction	1	53	-	T	26-06-2023	-	-
Gairdner_NODE_217_length_37248_cov_7.812599_5	717bd1aaa9c4cf34320de8f3a8202a31	138	MobiDBLite	mobidb-lite	consensus disorder prediction	26	53	-	T	26-06-2023	-	-
Gairdner_NODE_217_length_37248_cov_7.812599_5	717bd1aaa9c4cf34320de8f3a8202a31	138	MobiDBLite	mobidb-lite	consensus disorder prediction	1	25	-	T	26-06-2023	-	-
Gairdner_NODE_217_length_37248_cov_7.812599_41	8fb6ada85e494a780783db62631cceec	81	Pfam	PF13338	Transcriptional regulator, AbiEi antitoxin	33	76	1.0E-6	T	26-06-2023	IPR025159	Transcriptional regulator, AbiEi antitoxin
Gairdner_NODE_217_length_37248_cov_7.812599_41	8fb6ada85e494a780783db62631cceec	81	SUPERFAMILY	SSF46785	"Winged helix" DNA-binding domain	11	68	1.72E-5	T	26-06-2023	IPR036390	Winged helix DNA-binding domain superfamily
Gairdner_NODE_217_length_37248_cov_7.812599_1	2b393747e01d7226dedfc0e49c122419	363	MobiDBLite	mobidb-lite	consensus disorder prediction	343	363	-	T	26-06-2023	-	-
Gairdner_NODE_217_length_37248_cov_7.812599_1	2b393747e01d7226dedfc0e49c122419	363	Gene3D	G3DSA:1.10.150.130	-	9	109	7.1E-8	T	26-06-2023	IPR010998	Integrase/recombinase, N-terminal
Gairdner_NODE_217_length_37248_cov_7.812599_1	2b393747e01d7226dedfc0e49c122419	363	Pfam	PF00589	Phage integrase family	146	348	1.0E-8	T	26-06-2023	IPR002104	Integrase, catalytic domain
Gairdner_NODE_217_length_37248_cov_7.812599_1	2b393747e01d7226dedfc0e49c122419	363	ProSiteProfiles	PS51900	Core-binding (CB) domain profile.	1	90	9.689686	T	26-06-2023	IPR044068	Core-binding (CB) domain
Gairdner_NODE_217_length_37248_cov_7.812599_1	2b393747e01d7226dedfc0e49c122419	363	SUPERFAMILY	SSF56349	DNA breaking-rejoining enzymes	44	357	2.65E-20	T	26-06-2023	IPR011010	DNA breaking-rejoining enzyme, catalytic core
Gairdner_NODE_217_length_37248_cov_7.812599_1	2b393747e01d7226dedfc0e49c122419	363	CDD	cd00397	DNA_BRE_C	137	341	1.60325E-9	T	26-06-2023	-	-
Gairdner_NODE_217_length_37248_cov_7.812599_1	2b393747e01d7226dedfc0e49c122419	363	Gene3D	G3DSA:1.10.443.10	Intergrase catalytic core	114	360	5.4E-20	T	26-06-2023	IPR013762	Integrase-like, catalytic domain superfamily
Gairdner_NODE_217_length_37248_cov_7.812599_1	2b393747e01d7226dedfc0e49c122419	363	ProSiteProfiles	PS51898	Tyrosine recombinase domain profile.	124	358	17.850983	T	26-06-2023	IPR002104	Integrase, catalytic domain
Gairdner_NODE_217_length_37248_cov_7.812599_6	6a7640e8cf3d74a91961bc7788fe3210	272	Pfam	PF13614	AAA domain	5	168	4.0E-35	T	26-06-2023	IPR025669	AAA domain
Gairdner_NODE_217_length_37248_cov_7.812599_6	6a7640e8cf3d74a91961bc7788fe3210	272	Gene3D	G3DSA:3.40.50.300	-	2	265	5.1E-56	T	26-06-2023	IPR027417	P-loop containing nucleoside triphosphate hydrolase
Gairdner_NODE_217_length_37248_cov_7.812599_6	6a7640e8cf3d74a91961bc7788fe3210	272	CDD	cd02042	ParAB_family	7	204	1.37827E-29	T	26-06-2023	-	-
Gairdner_NODE_217_length_37248_cov_7.812599_6	6a7640e8cf3d74a91961bc7788fe3210	272	PANTHER	PTHR13696	P-LOOP CONTAINING NUCLEOSIDE TRIPHOSPHATE HYDROLASE	4	265	1.6E-43	T	26-06-2023	-	-
Gairdner_NODE_217_length_37248_cov_7.812599_6	6a7640e8cf3d74a91961bc7788fe3210	272	SUPERFAMILY	SSF52540	P-loop containing nucleoside triphosphate hydrolases	5	267	1.82E-40	T	26-06-2023	IPR027417	P-loop containing nucleoside triphosphate hydrolase
Gairdner_NODE_217_length_37248_cov_7.812599_11	6d0f3d0b5d6abaafc9c29627f9ffb8cb	71	MobiDBLite	mobidb-lite	consensus disorder prediction	1	35	-	T	26-06-2023	-	-
Gairdner_NODE_217_length_37248_cov_7.812599_11	6d0f3d0b5d6abaafc9c29627f9ffb8cb	71	MobiDBLite	mobidb-lite	consensus disorder prediction	1	40	-	T	26-06-2023	-	-
Gairdner_NODE_217_length_37248_cov_7.812599_38	877fa8e7657ac908a598315e8b2341d8	335	Coils	Coil	Coil	250	277	-	T	26-06-2023	-	-
Gairdner_NODE_217_length_37248_cov_7.812599_38	877fa8e7657ac908a598315e8b2341d8	335	MobiDBLite	mobidb-lite	consensus disorder prediction	294	335	-	T	26-06-2023	-	-
Gairdner_NODE_217_length_37248_cov_7.812599_38	877fa8e7657ac908a598315e8b2341d8	335	MobiDBLite	mobidb-lite	consensus disorder prediction	294	318	-	T	26-06-2023	-	-
Gairdner_NODE_217_length_37248_cov_7.812599_24	3f676542cefe5716dc72e20a66b91b7f	363	MobiDBLite	mobidb-lite	consensus disorder prediction	262	305	-	T	26-06-2023	-	-
Gairdner_NODE_217_length_37248_cov_7.812599_24	3f676542cefe5716dc72e20a66b91b7f	363	Gene3D	G3DSA:2.120.10.30	-	34	197	1.6E-7	T	26-06-2023	IPR011042	Six-bladed beta-propeller, TolB-like
Gairdner_NODE_217_length_37248_cov_7.812599_24	3f676542cefe5716dc72e20a66b91b7f	363	MobiDBLite	mobidb-lite	consensus disorder prediction	324	339	-	T	26-06-2023	-	-
Gairdner_NODE_217_length_37248_cov_7.812599_24	3f676542cefe5716dc72e20a66b91b7f	363	SUPERFAMILY	SSF101898	NHL repeat	51	257	4.97E-10	T	26-06-2023	-	-
Gairdner_NODE_217_length_37248_cov_7.812599_24	3f676542cefe5716dc72e20a66b91b7f	363	MobiDBLite	mobidb-lite	consensus disorder prediction	268	294	-	T	26-06-2023	-	-
Gairdner_NODE_217_length_37248_cov_7.812599_24	3f676542cefe5716dc72e20a66b91b7f	363	MobiDBLite	mobidb-lite	consensus disorder prediction	317	353	-	T	26-06-2023	-	-
