Gairdner_NODE_118_length_47723_cov_5.388856_34	b01cce0937b5cda2d6bd5674c625f6dd	111	SUPERFAMILY	SSF55729	Acyl-CoA N-acyltransferases (Nat)	21	100	2.57E-9	T	26-06-2023	IPR016181	Acyl-CoA N-acyltransferase
Gairdner_NODE_118_length_47723_cov_5.388856_34	b01cce0937b5cda2d6bd5674c625f6dd	111	Gene3D	G3DSA:3.40.630.30	-	8	105	1.0E-7	T	26-06-2023	-	-
Gairdner_NODE_118_length_47723_cov_5.388856_34	b01cce0937b5cda2d6bd5674c625f6dd	111	ProSiteProfiles	PS51186	Gcn5-related N-acetyltransferase (GNAT) domain profile.	1	111	10.050452	T	26-06-2023	IPR000182	GNAT domain
Gairdner_NODE_118_length_47723_cov_5.388856_22	e954704e13c2bbd003bb8f3744ab3fab	169	Pfam	PF07799	Protein of unknown function (DUF1643)	22	151	4.6E-41	T	26-06-2023	IPR012441	Protein of unknown function DUF1643
Gairdner_NODE_118_length_47723_cov_5.388856_3	f8574432d8a088ff054b15cb4447484f	371	Coils	Coil	Coil	337	357	-	T	26-06-2023	-	-
Gairdner_NODE_118_length_47723_cov_5.388856_24	25c15b4aec9464fb6424c81e7075f2aa	154	Pfam	PF14221	Domain of unknown function (DUF4330)	1	141	1.9E-20	T	26-06-2023	IPR025480	Protein of unknown function DUF4330
Gairdner_NODE_118_length_47723_cov_5.388856_9	5233bfe9e601102ae513999c800a8f4e	93	MobiDBLite	mobidb-lite	consensus disorder prediction	1	25	-	T	26-06-2023	-	-
Gairdner_NODE_118_length_47723_cov_5.388856_9	5233bfe9e601102ae513999c800a8f4e	93	MobiDBLite	mobidb-lite	consensus disorder prediction	1	31	-	T	26-06-2023	-	-
Gairdner_NODE_118_length_47723_cov_5.388856_25	6750cea6bc72a7b35ca52fda2fac4dd8	58	MobiDBLite	mobidb-lite	consensus disorder prediction	39	58	-	T	26-06-2023	-	-
Gairdner_NODE_118_length_47723_cov_5.388856_4	2a2b43422e37aaa6822a743f58e02d84	32	MobiDBLite	mobidb-lite	consensus disorder prediction	1	32	-	T	26-06-2023	-	-
Gairdner_NODE_118_length_47723_cov_5.388856_20	f5ce2dc2fbf85fcd26ea529e4d5ca74c	82	MobiDBLite	mobidb-lite	consensus disorder prediction	1	82	-	T	26-06-2023	-	-
Gairdner_NODE_118_length_47723_cov_5.388856_20	f5ce2dc2fbf85fcd26ea529e4d5ca74c	82	MobiDBLite	mobidb-lite	consensus disorder prediction	28	43	-	T	26-06-2023	-	-
Gairdner_NODE_118_length_47723_cov_5.388856_55	5a461aa5853df07192c109b35cfea48d	534	ProSitePatterns	PS00136	Serine proteases, subtilase family, aspartic acid active site.	200	211	-	T	26-06-2023	IPR023827	Peptidase S8, subtilisin, Asp-active site
Gairdner_NODE_118_length_47723_cov_5.388856_55	5a461aa5853df07192c109b35cfea48d	534	ProSiteProfiles	PS51892	Serine proteases, subtilase domain profile.	174	490	31.199177	T	26-06-2023	-	-
Gairdner_NODE_118_length_47723_cov_5.388856_55	5a461aa5853df07192c109b35cfea48d	534	MobiDBLite	mobidb-lite	consensus disorder prediction	485	511	-	T	26-06-2023	-	-
Gairdner_NODE_118_length_47723_cov_5.388856_55	5a461aa5853df07192c109b35cfea48d	534	ProSitePatterns	PS00138	Serine proteases, subtilase family, serine active site.	433	443	-	T	26-06-2023	IPR023828	Peptidase S8, subtilisin, Ser-active site
Gairdner_NODE_118_length_47723_cov_5.388856_55	5a461aa5853df07192c109b35cfea48d	534	PANTHER	PTHR43806	PEPTIDASE S8	170	460	8.3E-42	T	26-06-2023	-	-
Gairdner_NODE_118_length_47723_cov_5.388856_55	5a461aa5853df07192c109b35cfea48d	534	SUPERFAMILY	SSF52743	Subtilisin-like	189	489	2.88E-52	T	26-06-2023	IPR036852	Peptidase S8/S53 domain superfamily
Gairdner_NODE_118_length_47723_cov_5.388856_55	5a461aa5853df07192c109b35cfea48d	534	Coils	Coil	Coil	534	534	-	T	26-06-2023	-	-
Gairdner_NODE_118_length_47723_cov_5.388856_55	5a461aa5853df07192c109b35cfea48d	534	Gene3D	G3DSA:3.40.50.200	Peptidase S8/S53 domain	182	495	9.8E-57	T	26-06-2023	IPR036852	Peptidase S8/S53 domain superfamily
Gairdner_NODE_118_length_47723_cov_5.388856_55	5a461aa5853df07192c109b35cfea48d	534	PRINTS	PR00723	Subtilisin serine protease family (S8) signature	195	214	1.0E-11	T	26-06-2023	IPR015500	Peptidase S8, subtilisin-related
Gairdner_NODE_118_length_47723_cov_5.388856_55	5a461aa5853df07192c109b35cfea48d	534	PRINTS	PR00723	Subtilisin serine protease family (S8) signature	432	448	1.0E-11	T	26-06-2023	IPR015500	Peptidase S8, subtilisin-related
Gairdner_NODE_118_length_47723_cov_5.388856_55	5a461aa5853df07192c109b35cfea48d	534	PRINTS	PR00723	Subtilisin serine protease family (S8) signature	251	264	1.0E-11	T	26-06-2023	IPR015500	Peptidase S8, subtilisin-related
Gairdner_NODE_118_length_47723_cov_5.388856_55	5a461aa5853df07192c109b35cfea48d	534	Pfam	PF00082	Subtilase family	195	460	6.8E-36	T	26-06-2023	IPR000209	Peptidase S8/S53 domain
Gairdner_NODE_118_length_47723_cov_5.388856_54	79dd79e3a10bc3fe6fad158191408cf9	1255	Pfam	PF13620	Carboxypeptidase regulatory-like domain	348	421	1.1E-11	T	26-06-2023	-	-
Gairdner_NODE_118_length_47723_cov_5.388856_54	79dd79e3a10bc3fe6fad158191408cf9	1255	Coils	Coil	Coil	779	828	-	T	26-06-2023	-	-
Gairdner_NODE_118_length_47723_cov_5.388856_54	79dd79e3a10bc3fe6fad158191408cf9	1255	Gene3D	G3DSA:2.40.128.630	-	44	166	3.9E-7	T	26-06-2023	-	-
Gairdner_NODE_118_length_47723_cov_5.388856_54	79dd79e3a10bc3fe6fad158191408cf9	1255	MobiDBLite	mobidb-lite	consensus disorder prediction	357	379	-	T	26-06-2023	-	-
Gairdner_NODE_118_length_47723_cov_5.388856_54	79dd79e3a10bc3fe6fad158191408cf9	1255	SUPERFAMILY	SSF63829	Calcium-dependent phosphotriesterase	92	291	8.5E-11	T	26-06-2023	-	-
Gairdner_NODE_118_length_47723_cov_5.388856_54	79dd79e3a10bc3fe6fad158191408cf9	1255	SUPERFAMILY	SSF49464	Carboxypeptidase regulatory domain-like	348	433	2.35E-12	T	26-06-2023	IPR008969	Carboxypeptidase-like, regulatory domain superfamily
Gairdner_NODE_118_length_47723_cov_5.388856_54	79dd79e3a10bc3fe6fad158191408cf9	1255	MobiDBLite	mobidb-lite	consensus disorder prediction	821	840	-	T	26-06-2023	-	-
Gairdner_NODE_118_length_47723_cov_5.388856_54	79dd79e3a10bc3fe6fad158191408cf9	1255	MobiDBLite	mobidb-lite	consensus disorder prediction	477	500	-	T	26-06-2023	-	-
Gairdner_NODE_118_length_47723_cov_5.388856_54	79dd79e3a10bc3fe6fad158191408cf9	1255	MobiDBLite	mobidb-lite	consensus disorder prediction	365	379	-	T	26-06-2023	-	-
Gairdner_NODE_118_length_47723_cov_5.388856_54	79dd79e3a10bc3fe6fad158191408cf9	1255	Coils	Coil	Coil	842	869	-	T	26-06-2023	-	-
Gairdner_NODE_118_length_47723_cov_5.388856_54	79dd79e3a10bc3fe6fad158191408cf9	1255	Gene3D	G3DSA:2.60.40.1120	-	349	432	5.9E-14	T	26-06-2023	-	-
Gairdner_NODE_118_length_47723_cov_5.388856_87	5363763d3908499a47c439aa34c03b68	81	MobiDBLite	mobidb-lite	consensus disorder prediction	1	81	-	T	26-06-2023	-	-
Gairdner_NODE_118_length_47723_cov_5.388856_87	5363763d3908499a47c439aa34c03b68	81	MobiDBLite	mobidb-lite	consensus disorder prediction	46	81	-	T	26-06-2023	-	-
Gairdner_NODE_118_length_47723_cov_5.388856_87	5363763d3908499a47c439aa34c03b68	81	MobiDBLite	mobidb-lite	consensus disorder prediction	1	27	-	T	26-06-2023	-	-
Gairdner_NODE_118_length_47723_cov_5.388856_11	69d8050e93d71efe29fd15e953834182	352	MobiDBLite	mobidb-lite	consensus disorder prediction	323	352	-	T	26-06-2023	-	-
Gairdner_NODE_118_length_47723_cov_5.388856_53	bb8859f05e8391b72c46c5fe2c572c1f	209	MobiDBLite	mobidb-lite	consensus disorder prediction	62	87	-	T	26-06-2023	-	-
Gairdner_NODE_118_length_47723_cov_5.388856_53	bb8859f05e8391b72c46c5fe2c572c1f	209	MobiDBLite	mobidb-lite	consensus disorder prediction	62	77	-	T	26-06-2023	-	-
Gairdner_NODE_118_length_47723_cov_5.388856_66	5dc31ca7a45ed6ddf6c4c72e8fe242cf	173	Coils	Coil	Coil	123	143	-	T	26-06-2023	-	-
Gairdner_NODE_118_length_47723_cov_5.388856_35	f19b8946b5d9f4c86234168aa1056b0e	73	MobiDBLite	mobidb-lite	consensus disorder prediction	50	73	-	T	26-06-2023	-	-
Gairdner_NODE_118_length_47723_cov_5.388856_46	b48a8d7fbbdada034f94cec658b476dc	245	ProSiteProfiles	PS51898	Tyrosine recombinase domain profile.	7	242	16.421406	T	26-06-2023	IPR002104	Integrase, catalytic domain
Gairdner_NODE_118_length_47723_cov_5.388856_46	b48a8d7fbbdada034f94cec658b476dc	245	SUPERFAMILY	SSF56349	DNA breaking-rejoining enzymes	8	240	4.41E-24	T	26-06-2023	IPR011010	DNA breaking-rejoining enzyme, catalytic core
Gairdner_NODE_118_length_47723_cov_5.388856_46	b48a8d7fbbdada034f94cec658b476dc	245	Gene3D	G3DSA:1.10.443.10	Intergrase catalytic core	5	244	2.1E-23	T	26-06-2023	IPR013762	Integrase-like, catalytic domain superfamily
Gairdner_NODE_118_length_47723_cov_5.388856_46	b48a8d7fbbdada034f94cec658b476dc	245	CDD	cd00397	DNA_BRE_C	32	230	3.11052E-13	T	26-06-2023	-	-
Gairdner_NODE_118_length_47723_cov_5.388856_46	b48a8d7fbbdada034f94cec658b476dc	245	Pfam	PF00589	Phage integrase family	12	231	2.3E-14	T	26-06-2023	IPR002104	Integrase, catalytic domain
Gairdner_NODE_118_length_47723_cov_5.388856_16	2ae9b4b3f430a49f5c8c90038d50520d	108	MobiDBLite	mobidb-lite	consensus disorder prediction	89	108	-	T	26-06-2023	-	-
Gairdner_NODE_118_length_47723_cov_5.388856_2	040953c726b056e38d0d24ab681444e7	105	Gene3D	G3DSA:1.10.10.10	-	22	102	1.1E-10	T	26-06-2023	IPR036388	Winged helix-like DNA-binding domain superfamily
Gairdner_NODE_118_length_47723_cov_5.388856_2	040953c726b056e38d0d24ab681444e7	105	SUPERFAMILY	SSF46785	"Winged helix" DNA-binding domain	21	99	1.31E-15	T	26-06-2023	IPR036390	Winged helix DNA-binding domain superfamily
Gairdner_NODE_118_length_47723_cov_5.388856_2	040953c726b056e38d0d24ab681444e7	105	Pfam	PF03551	Transcriptional regulator PadR-like family	31	91	2.7E-14	T	26-06-2023	IPR005149	Transcription regulator PadR, N-terminal
Gairdner_NODE_118_length_47723_cov_5.388856_21	336d6a185e25a1d9d99c332ccce2ea0d	193	Coils	Coil	Coil	7	27	-	T	26-06-2023	-	-
Gairdner_NODE_118_length_47723_cov_5.388856_21	336d6a185e25a1d9d99c332ccce2ea0d	193	Pfam	PF14216	Domain of unknown function (DUF4326)	103	179	5.7E-22	T	26-06-2023	IPR025475	Protein of unknown function DUF4326)
Gairdner_NODE_118_length_47723_cov_5.388856_70	2768a300b88aee445505fdaca4628f4c	129	MobiDBLite	mobidb-lite	consensus disorder prediction	1	28	-	T	26-06-2023	-	-
Gairdner_NODE_118_length_47723_cov_5.388856_72	c6b2f35d19ee57898e85006ba9a3455b	730	SUPERFAMILY	SSF52540	P-loop containing nucleoside triphosphate hydrolases	195	540	5.31E-6	T	26-06-2023	IPR027417	P-loop containing nucleoside triphosphate hydrolase
Gairdner_NODE_118_length_47723_cov_5.388856_72	c6b2f35d19ee57898e85006ba9a3455b	730	Gene3D	G3DSA:3.40.50.300	-	339	561	1.8E-6	T	26-06-2023	IPR027417	P-loop containing nucleoside triphosphate hydrolase
Gairdner_NODE_118_length_47723_cov_5.388856_72	c6b2f35d19ee57898e85006ba9a3455b	730	MobiDBLite	mobidb-lite	consensus disorder prediction	1	23	-	T	26-06-2023	-	-
Gairdner_NODE_118_length_47723_cov_5.388856_37	5ecf99360cc7df97c52257258d2e23c7	133	SUPERFAMILY	SSF88659	Sigma3 and sigma4 domains of RNA polymerase sigma factors	92	130	5.79E-5	T	26-06-2023	IPR013324	RNA polymerase sigma factor, region 3/4-like
Gairdner_NODE_118_length_47723_cov_5.388856_40	4510fb1966b68b2e69f1a28f62b197ee	115	Coils	Coil	Coil	107	115	-	T	26-06-2023	-	-
Gairdner_NODE_118_length_47723_cov_5.388856_12	c423027ef75d34adf09c464f9de50365	84	MobiDBLite	mobidb-lite	consensus disorder prediction	26	84	-	T	26-06-2023	-	-
Gairdner_NODE_118_length_47723_cov_5.388856_12	c423027ef75d34adf09c464f9de50365	84	MobiDBLite	mobidb-lite	consensus disorder prediction	26	52	-	T	26-06-2023	-	-
Gairdner_NODE_118_length_47723_cov_5.388856_12	c423027ef75d34adf09c464f9de50365	84	MobiDBLite	mobidb-lite	consensus disorder prediction	54	84	-	T	26-06-2023	-	-
Gairdner_NODE_118_length_47723_cov_5.388856_51	a708fe175a3e1f68c3a16df77dda6e39	277	MobiDBLite	mobidb-lite	consensus disorder prediction	126	167	-	T	26-06-2023	-	-
Gairdner_NODE_118_length_47723_cov_5.388856_7	4f20fdb01b1cdf309b65598dad0f7353	526	Coils	Coil	Coil	505	525	-	T	26-06-2023	-	-
Gairdner_NODE_118_length_47723_cov_5.388856_88	42403e7e1c9632980c90933381e3b26a	145	CDD	cd00093	HTH_XRE	85	134	5.92349E-12	T	26-06-2023	IPR001387	Cro/C1-type helix-turn-helix domain
Gairdner_NODE_118_length_47723_cov_5.388856_88	42403e7e1c9632980c90933381e3b26a	145	SMART	SM00530	mbf_short4	86	140	4.5E-8	T	26-06-2023	IPR001387	Cro/C1-type helix-turn-helix domain
Gairdner_NODE_118_length_47723_cov_5.388856_88	42403e7e1c9632980c90933381e3b26a	145	SUPERFAMILY	SSF47413	lambda repressor-like DNA-binding domains	85	134	4.56E-12	T	26-06-2023	IPR010982	Lambda repressor-like, DNA-binding domain superfamily
Gairdner_NODE_118_length_47723_cov_5.388856_88	42403e7e1c9632980c90933381e3b26a	145	Gene3D	G3DSA:1.10.260.40	-	83	135	1.5E-12	T	26-06-2023	IPR010982	Lambda repressor-like, DNA-binding domain superfamily
Gairdner_NODE_118_length_47723_cov_5.388856_88	42403e7e1c9632980c90933381e3b26a	145	Pfam	PF01381	Helix-turn-helix	90	131	6.1E-11	T	26-06-2023	IPR001387	Cro/C1-type helix-turn-helix domain
Gairdner_NODE_118_length_47723_cov_5.388856_88	42403e7e1c9632980c90933381e3b26a	145	ProSiteProfiles	PS50943	Cro/C1-type HTH domain profile.	87	134	12.680143	T	26-06-2023	IPR001387	Cro/C1-type helix-turn-helix domain
Gairdner_NODE_118_length_47723_cov_5.388856_88	42403e7e1c9632980c90933381e3b26a	145	MobiDBLite	mobidb-lite	consensus disorder prediction	56	71	-	T	26-06-2023	-	-
Gairdner_NODE_118_length_47723_cov_5.388856_88	42403e7e1c9632980c90933381e3b26a	145	MobiDBLite	mobidb-lite	consensus disorder prediction	49	83	-	T	26-06-2023	-	-
Gairdner_NODE_118_length_47723_cov_5.388856_8	c646054cb59104d911c893b3d11cd07a	329	MobiDBLite	mobidb-lite	consensus disorder prediction	1	42	-	T	26-06-2023	-	-
Gairdner_NODE_118_length_47723_cov_5.388856_8	c646054cb59104d911c893b3d11cd07a	329	MobiDBLite	mobidb-lite	consensus disorder prediction	297	329	-	T	26-06-2023	-	-
Gairdner_NODE_118_length_47723_cov_5.388856_8	c646054cb59104d911c893b3d11cd07a	329	Coils	Coil	Coil	237	281	-	T	26-06-2023	-	-
Gairdner_NODE_118_length_47723_cov_5.388856_8	c646054cb59104d911c893b3d11cd07a	329	MobiDBLite	mobidb-lite	consensus disorder prediction	13	42	-	T	26-06-2023	-	-
Gairdner_NODE_118_length_47723_cov_5.388856_45	2fe347b39a012cf02b87a48816e3b2e1	148	Gene3D	G3DSA:3.90.75.20	-	12	123	7.3E-6	T	26-06-2023	-	-
Gairdner_NODE_118_length_47723_cov_5.388856_52	72e634ead84ee9a6b10943114ecd5eef	74	MobiDBLite	mobidb-lite	consensus disorder prediction	7	24	-	T	26-06-2023	-	-
Gairdner_NODE_118_length_47723_cov_5.388856_52	72e634ead84ee9a6b10943114ecd5eef	74	MobiDBLite	mobidb-lite	consensus disorder prediction	1	24	-	T	26-06-2023	-	-
Gairdner_NODE_118_length_47723_cov_5.388856_76	9ac80e37b475ef2cd8d15163885d9efd	90	MobiDBLite	mobidb-lite	consensus disorder prediction	25	59	-	T	26-06-2023	-	-
Gairdner_NODE_118_length_47723_cov_5.388856_38	adf64a5be76b74737e73bde3fc1e7181	114	MobiDBLite	mobidb-lite	consensus disorder prediction	94	114	-	T	26-06-2023	-	-
Gairdner_NODE_118_length_47723_cov_5.388856_38	adf64a5be76b74737e73bde3fc1e7181	114	MobiDBLite	mobidb-lite	consensus disorder prediction	95	114	-	T	26-06-2023	-	-
Gairdner_NODE_118_length_47723_cov_5.388856_47	d2582a94ddbcd1b545008b93f7640360	77	MobiDBLite	mobidb-lite	consensus disorder prediction	38	52	-	T	26-06-2023	-	-
Gairdner_NODE_118_length_47723_cov_5.388856_47	d2582a94ddbcd1b545008b93f7640360	77	MobiDBLite	mobidb-lite	consensus disorder prediction	37	60	-	T	26-06-2023	-	-
