JAANTI010000009.1_54	947080d8a0f71583f4885d4bd06cfa18	351	Gene3D	G3DSA:3.40.50.1980	Nitrogenase molybdenum iron protein domain	219	336	3.2E-10	T	26-06-2023	-	-
JAANTI010000009.1_54	947080d8a0f71583f4885d4bd06cfa18	351	SUPERFAMILY	SSF53807	"Helical backbone" metal receptor	44	316	2.6E-45	T	26-06-2023	-	-
JAANTI010000009.1_54	947080d8a0f71583f4885d4bd06cfa18	351	Gene3D	G3DSA:3.40.50.1980	Nitrogenase molybdenum iron protein domain	36	213	5.5E-33	T	26-06-2023	-	-
JAANTI010000009.1_54	947080d8a0f71583f4885d4bd06cfa18	351	ProSiteProfiles	PS51318	Twin arginine translocation (Tat) signal profile.	1	41	8.190792	T	26-06-2023	IPR006311	Twin-arginine translocation pathway, signal sequence
JAANTI010000009.1_54	947080d8a0f71583f4885d4bd06cfa18	351	ProSiteProfiles	PS51257	Prokaryotic membrane lipoprotein lipid attachment site profile.	1	33	5.0	T	26-06-2023	-	-
JAANTI010000009.1_54	947080d8a0f71583f4885d4bd06cfa18	351	Pfam	PF01297	Zinc-uptake complex component A periplasmic	48	292	1.8E-35	T	26-06-2023	IPR006127	Periplasmic solute binding protein, ZnuA-like
JAANTI010000009.1_54	947080d8a0f71583f4885d4bd06cfa18	351	PANTHER	PTHR42953	HIGH-AFFINITY ZINC UPTAKE SYSTEM PROTEIN ZNUA-RELATED	29	331	1.8E-49	T	26-06-2023	-	-
JAANTI010000009.1_70	dd05d080c16a44fce456546d243565ba	304	Pfam	PF06267	Family of unknown function (DUF1028)	2	194	2.8E-67	T	26-06-2023	IPR010430	Protein of unknown function DUF1028
JAANTI010000009.1_70	dd05d080c16a44fce456546d243565ba	304	PANTHER	PTHR39328	BLL2871 PROTEIN	1	303	3.7E-99	T	26-06-2023	-	-
JAANTI010000009.1_70	dd05d080c16a44fce456546d243565ba	304	Pfam	PF08823	Putative peptidoglycan binding domain	205	295	2.5E-12	T	26-06-2023	IPR014927	Putative peptidoglycan binding
JAANTI010000009.1_70	dd05d080c16a44fce456546d243565ba	304	SUPERFAMILY	SSF56235	N-terminal nucleophile aminohydrolases (Ntn hydrolases)	1	206	4.09E-65	T	26-06-2023	IPR029055	Nucleophile aminohydrolases, N-terminal
JAANTI010000009.1_70	dd05d080c16a44fce456546d243565ba	304	Gene3D	G3DSA:3.60.20.10	Glutamine Phosphoribosylpyrophosphate, subunit 1, domain 1	1	213	4.5E-71	T	26-06-2023	IPR029055	Nucleophile aminohydrolases, N-terminal
JAANTI010000009.1_84	f9d103d35bab8d025813e1ac61f1ad7f	162	ProSiteProfiles	PS51459	Fido domain profile.	8	127	13.603877	T	26-06-2023	IPR003812	Fido domain
JAANTI010000009.1_84	f9d103d35bab8d025813e1ac61f1ad7f	162	Pfam	PF02661	Fic/DOC family	10	87	2.0E-7	T	26-06-2023	IPR003812	Fido domain
JAANTI010000009.1_84	f9d103d35bab8d025813e1ac61f1ad7f	162	SUPERFAMILY	SSF140931	Fic-like	9	98	1.83E-6	T	26-06-2023	IPR036597	Fido-like domain superfamily
JAANTI010000009.1_84	f9d103d35bab8d025813e1ac61f1ad7f	162	Gene3D	G3DSA:1.20.120.1870	Fic/DOC protein, Fido domain	6	139	2.2E-22	T	26-06-2023	-	-
JAANTI010000009.1_84	f9d103d35bab8d025813e1ac61f1ad7f	162	PANTHER	PTHR39426	HOMOLOGY TO DEATH-ON-CURING PROTEIN OF PHAGE P1	5	122	1.2E-11	T	26-06-2023	IPR006440	Death on curing protein
JAANTI010000009.1_84	f9d103d35bab8d025813e1ac61f1ad7f	162	NCBIfam	TIGR01550	type II toxin-antitoxin system death-on-curing family toxin	9	126	3.4E-18	T	26-06-2023	IPR006440	Death on curing protein
JAANTI010000009.1_43	cb0577c7c8f863b383f50fea96801e23	161	MobiDBLite	mobidb-lite	consensus disorder prediction	72	96	-	T	26-06-2023	-	-
JAANTI010000009.1_43	cb0577c7c8f863b383f50fea96801e23	161	Pfam	PF19129	Family of unknown function (DUF5812)	11	150	4.4E-63	T	26-06-2023	IPR043850	Protein of unknown function DUF5812
JAANTI010000009.1_95	90ad9c7b855828a3f1c9e7dc8ae76393	94	Pfam	PF19091	Family of unknown function (DUF5779)	1	94	2.7E-43	T	26-06-2023	IPR043931	Protein of unknown function DUF5779
JAANTI010000009.1_33	c493a5e2f5888821b3c6e1289d1b2f12	346	MobiDBLite	mobidb-lite	consensus disorder prediction	1	26	-	T	26-06-2023	-	-
JAANTI010000009.1_33	c493a5e2f5888821b3c6e1289d1b2f12	346	Pfam	PF00107	Zinc-binding dehydrogenase	178	304	4.3E-32	T	26-06-2023	IPR013149	Alcohol dehydrogenase-like, C-terminal
JAANTI010000009.1_33	c493a5e2f5888821b3c6e1289d1b2f12	346	SMART	SM00829	PKS_ER_names_mod	10	340	2.6E-30	T	26-06-2023	IPR020843	Polyketide synthase, enoylreductase domain
JAANTI010000009.1_33	c493a5e2f5888821b3c6e1289d1b2f12	346	Pfam	PF08240	Alcohol dehydrogenase GroES-like domain	27	135	1.5E-25	T	26-06-2023	IPR013154	Alcohol dehydrogenase-like, N-terminal
JAANTI010000009.1_33	c493a5e2f5888821b3c6e1289d1b2f12	346	SUPERFAMILY	SSF51735	NAD(P)-binding Rossmann-fold domains	142	314	2.2E-47	T	26-06-2023	IPR036291	NAD(P)-binding domain superfamily
JAANTI010000009.1_33	c493a5e2f5888821b3c6e1289d1b2f12	346	CDD	cd08266	Zn_ADH_like1	1	342	0.0	T	26-06-2023	-	-
JAANTI010000009.1_33	c493a5e2f5888821b3c6e1289d1b2f12	346	PANTHER	PTHR44154	QUINONE OXIDOREDUCTASE	1	342	5.3E-87	T	26-06-2023	-	-
JAANTI010000009.1_33	c493a5e2f5888821b3c6e1289d1b2f12	346	Gene3D	G3DSA:3.90.180.10	-	1	344	2.6E-111	T	26-06-2023	-	-
JAANTI010000009.1_33	c493a5e2f5888821b3c6e1289d1b2f12	346	SUPERFAMILY	SSF50129	GroES-like	1	171	1.13E-47	T	26-06-2023	IPR011032	GroES-like superfamily
JAANTI010000009.1_81	f62db2764bc1e0515e3acc5942577851	67	Pfam	PF19115	Family of unknown function (DUF5800)	1	64	2.9E-40	T	26-06-2023	IPR043823	Protein of unknown function DUF5800
JAANTI010000009.1_59	f60dfa80751dd5633ed1962fbecd1a33	339	SUPERFAMILY	SSF51556	Metallo-dependent hydrolases	45	291	2.64E-47	T	26-06-2023	IPR032466	Metal-dependent hydrolase
JAANTI010000009.1_59	f60dfa80751dd5633ed1962fbecd1a33	339	Gene3D	G3DSA:3.20.20.140	-	46	129	7.3E-7	T	26-06-2023	-	-
JAANTI010000009.1_59	f60dfa80751dd5633ed1962fbecd1a33	339	Gene3D	G3DSA:3.20.20.140	-	166	295	2.1E-29	T	26-06-2023	-	-
JAANTI010000009.1_59	f60dfa80751dd5633ed1962fbecd1a33	339	SUPERFAMILY	SSF51338	Composite domain of metallo-dependent hydrolases	7	55	8.64E-6	T	26-06-2023	IPR011059	Metal-dependent hydrolase, composite domain superfamily
JAANTI010000009.1_59	f60dfa80751dd5633ed1962fbecd1a33	339	Gene3D	G3DSA:2.30.40.10	Urease, subunit C, domain 1	296	337	2.1E-29	T	26-06-2023	IPR011059	Metal-dependent hydrolase, composite domain superfamily
JAANTI010000009.1_59	f60dfa80751dd5633ed1962fbecd1a33	339	Gene3D	G3DSA:2.30.40.10	Urease, subunit C, domain 1	20	45	7.3E-7	T	26-06-2023	IPR011059	Metal-dependent hydrolase, composite domain superfamily
JAANTI010000009.1_59	f60dfa80751dd5633ed1962fbecd1a33	339	PANTHER	PTHR43794	AMINOHYDROLASE SSNA-RELATED	19	339	1.5E-39	T	26-06-2023	-	-
JAANTI010000009.1_59	f60dfa80751dd5633ed1962fbecd1a33	339	SUPERFAMILY	SSF51338	Composite domain of metallo-dependent hydrolases	268	337	1.23E-7	T	26-06-2023	IPR011059	Metal-dependent hydrolase, composite domain superfamily
JAANTI010000009.1_59	f60dfa80751dd5633ed1962fbecd1a33	339	Pfam	PF01979	Amidohydrolase family	42	322	3.2E-26	T	26-06-2023	IPR006680	Amidohydrolase-related
JAANTI010000009.1_40	50e491504882b10260712a322232dba4	218	Gene3D	G3DSA:1.10.150.240	Putative phosphatase; domain 2	18	85	6.0E-27	T	26-06-2023	IPR023198	Phosphoglycolate phosphatase-like, domain 2
JAANTI010000009.1_40	50e491504882b10260712a322232dba4	218	Pfam	PF13419	Haloacid dehalogenase-like hydrolase	6	188	1.1E-19	T	26-06-2023	IPR041492	Haloacid dehalogenase-like hydrolase
JAANTI010000009.1_40	50e491504882b10260712a322232dba4	218	Gene3D	G3DSA:3.40.50.1000	-	6	190	6.0E-27	T	26-06-2023	IPR023214	HAD superfamily
JAANTI010000009.1_40	50e491504882b10260712a322232dba4	218	PANTHER	PTHR43434	PHOSPHOGLYCOLATE PHOSPHATASE	4	214	5.6E-25	T	26-06-2023	-	-
JAANTI010000009.1_40	50e491504882b10260712a322232dba4	218	SFLD	SFLDS00003	Haloacid Dehalogenase	2	215	5.0E-22	T	26-06-2023	-	-
JAANTI010000009.1_40	50e491504882b10260712a322232dba4	218	SUPERFAMILY	SSF56784	HAD-like	1	215	1.62E-35	T	26-06-2023	IPR036412	HAD-like superfamily
JAANTI010000009.1_40	50e491504882b10260712a322232dba4	218	SFLD	SFLDG01129	C1.5: HAD, Beta-PGM, Phosphatase Like	2	215	5.0E-22	T	26-06-2023	-	-
JAANTI010000009.1_40	50e491504882b10260712a322232dba4	218	NCBIfam	TIGR01549	HAD-IA family hydrolase	93	183	6.3E-9	T	26-06-2023	IPR006439	HAD hydrolase, subfamily IA
JAANTI010000009.1_90	549708461447a1c7c0adc1a3d3242102	511	Gene3D	G3DSA:3.30.590.20	-	41	495	7.6E-39	T	26-06-2023	-	-
JAANTI010000009.1_90	549708461447a1c7c0adc1a3d3242102	511	PANTHER	PTHR36510	GLUTAMATE--CYSTEINE LIGASE 2-RELATED	29	493	2.8E-29	T	26-06-2023	-	-
JAANTI010000009.1_90	549708461447a1c7c0adc1a3d3242102	511	SUPERFAMILY	SSF55931	Glutamine synthetase/guanido kinase	39	485	1.18E-25	T	26-06-2023	IPR014746	Glutamine synthetase/guanido kinase, catalytic domain
JAANTI010000009.1_15	71e8b38af8a9d41b9a7e5928fe3b6a24	424	Coils	Coil	Coil	261	291	-	T	26-06-2023	-	-
JAANTI010000009.1_15	71e8b38af8a9d41b9a7e5928fe3b6a24	424	MobiDBLite	mobidb-lite	consensus disorder prediction	31	68	-	T	26-06-2023	-	-
JAANTI010000009.1_15	71e8b38af8a9d41b9a7e5928fe3b6a24	424	Coils	Coil	Coil	391	411	-	T	26-06-2023	-	-
JAANTI010000009.1_15	71e8b38af8a9d41b9a7e5928fe3b6a24	424	MobiDBLite	mobidb-lite	consensus disorder prediction	31	70	-	T	26-06-2023	-	-
JAANTI010000009.1_28	28bb8cd446681e6d1b48f67a114db01a	658	PRINTS	PR00077	NAD-dependent glycerol-3-phosphate dehydrogenase signature	11	28	6.7E-6	T	26-06-2023	IPR006168	Glycerol-3-phosphate dehydrogenase, NAD-dependent
JAANTI010000009.1_28	28bb8cd446681e6d1b48f67a114db01a	658	PRINTS	PR00077	NAD-dependent glycerol-3-phosphate dehydrogenase signature	71	98	6.7E-6	T	26-06-2023	IPR006168	Glycerol-3-phosphate dehydrogenase, NAD-dependent
JAANTI010000009.1_28	28bb8cd446681e6d1b48f67a114db01a	658	PRINTS	PR00077	NAD-dependent glycerol-3-phosphate dehydrogenase signature	157	177	6.7E-6	T	26-06-2023	IPR006168	Glycerol-3-phosphate dehydrogenase, NAD-dependent
JAANTI010000009.1_28	28bb8cd446681e6d1b48f67a114db01a	658	Pfam	PF02737	3-hydroxyacyl-CoA dehydrogenase, NAD binding domain	9	188	1.7E-67	T	26-06-2023	IPR006176	3-hydroxyacyl-CoA dehydrogenase, NAD binding
JAANTI010000009.1_28	28bb8cd446681e6d1b48f67a114db01a	658	FunFam	G3DSA:3.40.50.720:FF:000009	Fatty oxidation complex, alpha subunit	6	193	3.2E-59	T	26-06-2023	-	-
JAANTI010000009.1_28	28bb8cd446681e6d1b48f67a114db01a	658	Gene3D	G3DSA:1.10.1040.10	-	300	390	9.0E-20	T	26-06-2023	IPR013328	6-phosphogluconate dehydrogenase, domain 2
JAANTI010000009.1_28	28bb8cd446681e6d1b48f67a114db01a	658	Pfam	PF00725	3-hydroxyacyl-CoA dehydrogenase, C-terminal domain	191	286	8.5E-33	T	26-06-2023	IPR006108	3-hydroxyacyl-CoA dehydrogenase, C-terminal
JAANTI010000009.1_28	28bb8cd446681e6d1b48f67a114db01a	658	Pfam	PF00725	3-hydroxyacyl-CoA dehydrogenase, C-terminal domain	304	384	9.8E-15	T	26-06-2023	IPR006108	3-hydroxyacyl-CoA dehydrogenase, C-terminal
JAANTI010000009.1_28	28bb8cd446681e6d1b48f67a114db01a	658	SUPERFAMILY	SSF51735	NAD(P)-binding Rossmann-fold domains	5	187	6.29E-62	T	26-06-2023	IPR036291	NAD(P)-binding domain superfamily
JAANTI010000009.1_28	28bb8cd446681e6d1b48f67a114db01a	658	PANTHER	PTHR43612	TRIFUNCTIONAL ENZYME SUBUNIT ALPHA	5	387	2.3E-123	T	26-06-2023	-	-
JAANTI010000009.1_28	28bb8cd446681e6d1b48f67a114db01a	658	FunFam	G3DSA:3.90.226.10:FF:000009	Carnitinyl-CoA dehydratase	397	599	1.6E-59	T	26-06-2023	-	-
JAANTI010000009.1_28	28bb8cd446681e6d1b48f67a114db01a	658	SUPERFAMILY	SSF48179	6-phosphogluconate dehydrogenase C-terminal domain-like	190	314	2.3E-33	T	26-06-2023	IPR008927	6-phosphogluconate dehydrogenase-like, C-terminal domain superfamily
JAANTI010000009.1_28	28bb8cd446681e6d1b48f67a114db01a	658	ProSitePatterns	PS00166	Enoyl-CoA hydratase/isomerase signature.	500	520	-	T	26-06-2023	IPR018376	Enoyl-CoA hydratase/isomerase, conserved site
JAANTI010000009.1_28	28bb8cd446681e6d1b48f67a114db01a	658	SUPERFAMILY	SSF52096	ClpP/crotonase	398	657	7.47E-80	T	26-06-2023	IPR029045	ClpP/crotonase-like domain superfamily
JAANTI010000009.1_28	28bb8cd446681e6d1b48f67a114db01a	658	Gene3D	G3DSA:3.40.50.720	-	4	193	1.5E-70	T	26-06-2023	-	-
JAANTI010000009.1_28	28bb8cd446681e6d1b48f67a114db01a	658	Gene3D	G3DSA:3.90.226.10	-	397	658	1.1E-81	T	26-06-2023	-	-
JAANTI010000009.1_28	28bb8cd446681e6d1b48f67a114db01a	658	SUPERFAMILY	SSF48179	6-phosphogluconate dehydrogenase C-terminal domain-like	299	387	1.45E-16	T	26-06-2023	IPR008927	6-phosphogluconate dehydrogenase-like, C-terminal domain superfamily
JAANTI010000009.1_28	28bb8cd446681e6d1b48f67a114db01a	658	Pfam	PF00378	Enoyl-CoA hydratase/isomerase	410	657	3.6E-56	T	26-06-2023	IPR001753	Enoyl-CoA hydratase/isomerase
JAANTI010000009.1_28	28bb8cd446681e6d1b48f67a114db01a	658	Gene3D	G3DSA:1.10.1040.10	-	194	299	3.4E-34	T	26-06-2023	IPR013328	6-phosphogluconate dehydrogenase, domain 2
JAANTI010000009.1_28	28bb8cd446681e6d1b48f67a114db01a	658	Coils	Coil	Coil	426	446	-	T	26-06-2023	-	-
JAANTI010000009.1_28	28bb8cd446681e6d1b48f67a114db01a	658	CDD	cd06558	crotonase-like	403	598	9.70419E-69	T	26-06-2023	-	-
JAANTI010000009.1_34	7262f5ceca759ada03ae0010f013fa1d	92	MobiDBLite	mobidb-lite	consensus disorder prediction	1	32	-	T	26-06-2023	-	-
JAANTI010000009.1_56	6716439d1a9e48d40d383c0baa77a4f3	227	ProSiteProfiles	PS51318	Twin arginine translocation (Tat) signal profile.	1	34	8.362696	T	26-06-2023	IPR006311	Twin-arginine translocation pathway, signal sequence
JAANTI010000009.1_56	6716439d1a9e48d40d383c0baa77a4f3	227	MobiDBLite	mobidb-lite	consensus disorder prediction	65	100	-	T	26-06-2023	-	-
JAANTI010000009.1_56	6716439d1a9e48d40d383c0baa77a4f3	227	MobiDBLite	mobidb-lite	consensus disorder prediction	71	97	-	T	26-06-2023	-	-
JAANTI010000009.1_56	6716439d1a9e48d40d383c0baa77a4f3	227	Pfam	PF14321	Domain of unknown function (DUF4382)	35	202	1.6E-18	T	26-06-2023	IPR025491	Domain of unknown function DUF4382
JAANTI010000009.1_56	6716439d1a9e48d40d383c0baa77a4f3	227	MobiDBLite	mobidb-lite	consensus disorder prediction	198	227	-	T	26-06-2023	-	-
JAANTI010000009.1_65	27843690d9ebfbe1c4495b7b5a6e902d	486	Pfam	PF02518	Histidine kinase-, DNA gyrase B-, and HSP90-like ATPase	378	481	9.7E-11	T	26-06-2023	IPR003594	Histidine kinase/HSP90-like ATPase
JAANTI010000009.1_65	27843690d9ebfbe1c4495b7b5a6e902d	486	CDD	cd00075	HATPase	379	472	3.57413E-12	T	26-06-2023	-	-
JAANTI010000009.1_65	27843690d9ebfbe1c4495b7b5a6e902d	486	SUPERFAMILY	SSF55874	ATPase domain of HSP90 chaperone/DNA topoisomerase II/histidine kinase	342	480	3.01E-18	T	26-06-2023	IPR036890	Histidine kinase/HSP90-like ATPase superfamily
JAANTI010000009.1_65	27843690d9ebfbe1c4495b7b5a6e902d	486	PANTHER	PTHR44936	SENSOR PROTEIN CREC	263	480	3.3E-16	T	26-06-2023	-	-
JAANTI010000009.1_65	27843690d9ebfbe1c4495b7b5a6e902d	486	SMART	SM00387	HKATPase_4	374	484	4.5E-15	T	26-06-2023	IPR003594	Histidine kinase/HSP90-like ATPase
JAANTI010000009.1_65	27843690d9ebfbe1c4495b7b5a6e902d	486	Pfam	PF08448	PAS fold	151	260	3.5E-5	T	26-06-2023	IPR013656	PAS fold-4
JAANTI010000009.1_65	27843690d9ebfbe1c4495b7b5a6e902d	486	PRINTS	PR00344	Bacterial sensor protein C-terminal signature	415	429	8.1E-6	T	26-06-2023	IPR004358	Signal transduction histidine kinase-related protein, C-terminal
JAANTI010000009.1_65	27843690d9ebfbe1c4495b7b5a6e902d	486	PRINTS	PR00344	Bacterial sensor protein C-terminal signature	445	463	8.1E-6	T	26-06-2023	IPR004358	Signal transduction histidine kinase-related protein, C-terminal
JAANTI010000009.1_65	27843690d9ebfbe1c4495b7b5a6e902d	486	Gene3D	G3DSA:3.30.450.20	PAS domain	140	273	1.8E-11	T	26-06-2023	-	-
JAANTI010000009.1_65	27843690d9ebfbe1c4495b7b5a6e902d	486	Gene3D	G3DSA:3.30.565.10	-	306	477	5.2E-19	T	26-06-2023	IPR036890	Histidine kinase/HSP90-like ATPase superfamily
JAANTI010000009.1_65	27843690d9ebfbe1c4495b7b5a6e902d	486	ProSiteProfiles	PS50109	Histidine kinase domain profile.	274	484	21.83526	T	26-06-2023	IPR005467	Histidine kinase domain
JAANTI010000009.1_65	27843690d9ebfbe1c4495b7b5a6e902d	486	MobiDBLite	mobidb-lite	consensus disorder prediction	113	136	-	T	26-06-2023	-	-
JAANTI010000009.1_65	27843690d9ebfbe1c4495b7b5a6e902d	486	SUPERFAMILY	SSF55785	PYP-like sensor domain (PAS domain)	138	259	1.35E-9	T	26-06-2023	IPR035965	PAS domain superfamily
JAANTI010000009.1_45	f09c6568b3e0d8ccffe15d8d3763f91b	562	Pfam	PF02080	TrkA-C domain	485	549	3.8E-10	T	26-06-2023	IPR006037	Regulator of K+ conductance, C-terminal
JAANTI010000009.1_45	f09c6568b3e0d8ccffe15d8d3763f91b	562	Pfam	PF02080	TrkA-C domain	270	338	9.5E-12	T	26-06-2023	IPR006037	Regulator of K+ conductance, C-terminal
JAANTI010000009.1_45	f09c6568b3e0d8ccffe15d8d3763f91b	562	ProSiteProfiles	PS51201	RCK N-terminal domain profile.	123	464	13.78237	T	26-06-2023	IPR003148	Regulator of K+ conductance, N-terminal
JAANTI010000009.1_45	f09c6568b3e0d8ccffe15d8d3763f91b	562	PANTHER	PTHR43833	POTASSIUM CHANNEL PROTEIN 2-RELATED-RELATED	13	341	3.0E-89	T	26-06-2023	-	-
JAANTI010000009.1_45	f09c6568b3e0d8ccffe15d8d3763f91b	562	Pfam	PF02254	TrkA-N domain	124	237	1.6E-17	T	26-06-2023	IPR003148	Regulator of K+ conductance, N-terminal
JAANTI010000009.1_45	f09c6568b3e0d8ccffe15d8d3763f91b	562	Pfam	PF02254	TrkA-N domain	351	457	7.4E-17	T	26-06-2023	IPR003148	Regulator of K+ conductance, N-terminal
JAANTI010000009.1_45	f09c6568b3e0d8ccffe15d8d3763f91b	562	Gene3D	G3DSA:3.40.50.720	-	118	251	1.8E-27	T	26-06-2023	-	-
JAANTI010000009.1_45	f09c6568b3e0d8ccffe15d8d3763f91b	562	SUPERFAMILY	SSF116726	TrkA C-terminal domain-like	474	553	6.15E-11	T	26-06-2023	IPR036721	Regulator of K+ conductance, C-terminal domain superfamily
JAANTI010000009.1_45	f09c6568b3e0d8ccffe15d8d3763f91b	562	ProSiteProfiles	PS51202	RCK C-terminal domain profile.	470	553	10.288731	T	26-06-2023	IPR006037	Regulator of K+ conductance, C-terminal
JAANTI010000009.1_45	f09c6568b3e0d8ccffe15d8d3763f91b	562	Gene3D	G3DSA:3.30.70.1450	-	481	551	2.4E-11	T	26-06-2023	IPR036721	Regulator of K+ conductance, C-terminal domain superfamily
JAANTI010000009.1_45	f09c6568b3e0d8ccffe15d8d3763f91b	562	Gene3D	G3DSA:3.30.70.1450	-	266	341	6.6E-19	T	26-06-2023	IPR036721	Regulator of K+ conductance, C-terminal domain superfamily
JAANTI010000009.1_45	f09c6568b3e0d8ccffe15d8d3763f91b	562	SUPERFAMILY	SSF81324	Voltage-gated potassium channels	15	145	1.13E-8	T	26-06-2023	-	-
JAANTI010000009.1_45	f09c6568b3e0d8ccffe15d8d3763f91b	562	SUPERFAMILY	SSF51735	NAD(P)-binding Rossmann-fold domains	120	256	1.73E-21	T	26-06-2023	IPR036291	NAD(P)-binding domain superfamily
JAANTI010000009.1_45	f09c6568b3e0d8ccffe15d8d3763f91b	562	Gene3D	G3DSA:3.40.50.720	-	347	477	1.9E-24	T	26-06-2023	-	-
JAANTI010000009.1_45	f09c6568b3e0d8ccffe15d8d3763f91b	562	SUPERFAMILY	SSF116726	TrkA C-terminal domain-like	257	338	1.31E-16	T	26-06-2023	IPR036721	Regulator of K+ conductance, C-terminal domain superfamily
JAANTI010000009.1_45	f09c6568b3e0d8ccffe15d8d3763f91b	562	Gene3D	G3DSA:1.10.287.70	-	9	112	2.4E-6	T	26-06-2023	-	-
JAANTI010000009.1_45	f09c6568b3e0d8ccffe15d8d3763f91b	562	ProSiteProfiles	PS51202	RCK C-terminal domain profile.	256	341	13.556969	T	26-06-2023	IPR006037	Regulator of K+ conductance, C-terminal
JAANTI010000009.1_45	f09c6568b3e0d8ccffe15d8d3763f91b	562	SUPERFAMILY	SSF51735	NAD(P)-binding Rossmann-fold domains	348	477	2.59E-25	T	26-06-2023	IPR036291	NAD(P)-binding domain superfamily
JAANTI010000009.1_19	de9710bbbba6e3533fa00756b71d82ac	784	Coils	Coil	Coil	664	684	-	T	26-06-2023	-	-
JAANTI010000009.1_19	de9710bbbba6e3533fa00756b71d82ac	784	Gene3D	G3DSA:3.40.50.300	-	375	555	7.1E-9	T	26-06-2023	IPR027417	P-loop containing nucleoside triphosphate hydrolase
JAANTI010000009.1_19	de9710bbbba6e3533fa00756b71d82ac	784	SUPERFAMILY	SSF52540	P-loop containing nucleoside triphosphate hydrolases	187	548	2.28E-6	T	26-06-2023	IPR027417	P-loop containing nucleoside triphosphate hydrolase
JAANTI010000009.1_49	cdd83dee1f89868e2636ae108cfa65e4	123	Pfam	PF00011	Hsp20/alpha crystallin family	33	121	3.5E-14	T	26-06-2023	IPR002068	Alpha crystallin/Hsp20 domain
JAANTI010000009.1_49	cdd83dee1f89868e2636ae108cfa65e4	123	ProSiteProfiles	PS01031	Small heat shock protein (sHSP) domain profile.	20	123	20.505388	T	26-06-2023	IPR002068	Alpha crystallin/Hsp20 domain
JAANTI010000009.1_49	cdd83dee1f89868e2636ae108cfa65e4	123	Gene3D	G3DSA:2.60.40.790	-	7	123	2.4E-23	T	26-06-2023	IPR008978	HSP20-like chaperone
JAANTI010000009.1_49	cdd83dee1f89868e2636ae108cfa65e4	123	CDD	cd06464	ACD_sHsps-like	30	107	8.11366E-19	T	26-06-2023	-	-
JAANTI010000009.1_49	cdd83dee1f89868e2636ae108cfa65e4	123	SUPERFAMILY	SSF49764	HSP20-like chaperones	23	122	6.54E-23	T	26-06-2023	IPR008978	HSP20-like chaperone
JAANTI010000009.1_49	cdd83dee1f89868e2636ae108cfa65e4	123	PANTHER	PTHR46733	26.5 KDA HEAT SHOCK PROTEIN, MITOCHONDRIAL	9	122	3.1E-12	T	26-06-2023	IPR044587	Heat shock protein 21-like
JAANTI010000009.1_79	dc54f452406b2a0d82b6e16bf02f548a	393	FunFam	G3DSA:3.10.20.30:FF:000002	GTP pyrophosphokinase (RelA/SpoT)	316	393	3.3E-20	T	26-06-2023	-	-
JAANTI010000009.1_79	dc54f452406b2a0d82b6e16bf02f548a	393	Pfam	PF08438	GTPase of unknown function C-terminal	221	323	5.1E-31	T	26-06-2023	IPR013646	Obg-like GTPase YGR210-like, G4 motif-containing domain
JAANTI010000009.1_79	dc54f452406b2a0d82b6e16bf02f548a	393	CDD	cd01669	TGS_MJ1332_like	313	390	6.0319E-40	T	26-06-2023	-	-
JAANTI010000009.1_79	dc54f452406b2a0d82b6e16bf02f548a	393	Gene3D	G3DSA:3.40.50.300	-	3	314	2.7E-61	T	26-06-2023	IPR027417	P-loop containing nucleoside triphosphate hydrolase
JAANTI010000009.1_79	dc54f452406b2a0d82b6e16bf02f548a	393	SUPERFAMILY	SSF52540	P-loop containing nucleoside triphosphate hydrolases	2	282	6.33E-60	T	26-06-2023	IPR027417	P-loop containing nucleoside triphosphate hydrolase
JAANTI010000009.1_79	dc54f452406b2a0d82b6e16bf02f548a	393	SUPERFAMILY	SSF81271	TGS-like	318	390	2.75E-19	T	26-06-2023	IPR012676	TGS-like
JAANTI010000009.1_79	dc54f452406b2a0d82b6e16bf02f548a	393	Pfam	PF01926	50S ribosome-binding GTPase	4	121	1.2E-20	T	26-06-2023	IPR006073	GTP binding domain
JAANTI010000009.1_79	dc54f452406b2a0d82b6e16bf02f548a	393	Gene3D	G3DSA:3.10.20.30	-	315	393	2.4E-30	T	26-06-2023	IPR012675	Beta-grasp domain superfamily
JAANTI010000009.1_79	dc54f452406b2a0d82b6e16bf02f548a	393	ProSiteProfiles	PS51710	OBG-type guanine nucleotide-binding (G) domain profile.	2	238	23.859943	T	26-06-2023	IPR031167	OBG-type guanine nucleotide-binding (G) domain
JAANTI010000009.1_79	dc54f452406b2a0d82b6e16bf02f548a	393	Pfam	PF02824	TGS domain	334	389	1.5E-13	T	26-06-2023	IPR004095	TGS
JAANTI010000009.1_79	dc54f452406b2a0d82b6e16bf02f548a	393	PRINTS	PR00326	GTP1/OBG GTP-binding protein family signature	4	24	1.4E-28	T	26-06-2023	IPR006073	GTP binding domain
JAANTI010000009.1_79	dc54f452406b2a0d82b6e16bf02f548a	393	PRINTS	PR00326	GTP1/OBG GTP-binding protein family signature	25	43	1.4E-28	T	26-06-2023	IPR006073	GTP binding domain
JAANTI010000009.1_79	dc54f452406b2a0d82b6e16bf02f548a	393	PRINTS	PR00326	GTP1/OBG GTP-binding protein family signature	74	89	1.4E-28	T	26-06-2023	IPR006073	GTP binding domain
JAANTI010000009.1_79	dc54f452406b2a0d82b6e16bf02f548a	393	PRINTS	PR00326	GTP1/OBG GTP-binding protein family signature	91	109	1.4E-28	T	26-06-2023	IPR006073	GTP binding domain
JAANTI010000009.1_79	dc54f452406b2a0d82b6e16bf02f548a	393	PANTHER	PTHR23305	OBG GTPASE FAMILY	2	367	4.9E-58	T	26-06-2023	-	-
JAANTI010000009.1_79	dc54f452406b2a0d82b6e16bf02f548a	393	CDD	cd01899	Ygr210	4	313	0.0	T	26-06-2023	-	-
JAANTI010000009.1_79	dc54f452406b2a0d82b6e16bf02f548a	393	Gene3D	G3DSA:1.10.8.470	-	127	216	2.5E-20	T	26-06-2023	-	-
JAANTI010000009.1_86	0833978086622012afa655de800cc15b	316	SUPERFAMILY	SSF51735	NAD(P)-binding Rossmann-fold domains	1	306	3.19E-75	T	26-06-2023	IPR036291	NAD(P)-binding domain superfamily
JAANTI010000009.1_86	0833978086622012afa655de800cc15b	316	Gene3D	G3DSA:3.40.50.720	-	7	292	1.2E-72	T	26-06-2023	-	-
JAANTI010000009.1_86	0833978086622012afa655de800cc15b	316	PRINTS	PR01713	Nucleotide sugar epimerase signature	207	222	5.3E-8	T	26-06-2023	-	-
JAANTI010000009.1_86	0833978086622012afa655de800cc15b	316	PRINTS	PR01713	Nucleotide sugar epimerase signature	228	243	5.3E-8	T	26-06-2023	-	-
JAANTI010000009.1_86	0833978086622012afa655de800cc15b	316	PRINTS	PR01713	Nucleotide sugar epimerase signature	268	285	5.3E-8	T	26-06-2023	-	-
JAANTI010000009.1_86	0833978086622012afa655de800cc15b	316	Gene3D	G3DSA:3.90.25.10	-	169	303	1.2E-72	T	26-06-2023	-	-
JAANTI010000009.1_86	0833978086622012afa655de800cc15b	316	PANTHER	PTHR43245	BIFUNCTIONAL POLYMYXIN RESISTANCE PROTEIN ARNA	4	305	4.0E-43	T	26-06-2023	-	-
JAANTI010000009.1_86	0833978086622012afa655de800cc15b	316	Pfam	PF01370	NAD dependent epimerase/dehydratase family	6	234	1.0E-42	T	26-06-2023	IPR001509	NAD-dependent epimerase/dehydratase
JAANTI010000009.1_18	34e88a2fdca5167a4dade26636361bc3	243	SUPERFAMILY	SSF56059	Glutathione synthetase ATP-binding domain-like	77	231	5.5E-8	T	26-06-2023	-	-
JAANTI010000009.1_69	1eda926fd336a4a1e1366eb0d80c71db	148	MobiDBLite	mobidb-lite	consensus disorder prediction	126	148	-	T	26-06-2023	-	-
JAANTI010000009.1_37	74ce5133b56b0ae6f1626664fe1e215f	138	Pfam	PF13404	AsnC-type helix-turn-helix domain	1	39	3.8E-17	T	26-06-2023	IPR000485	AsnC-type HTH domain
JAANTI010000009.1_37	74ce5133b56b0ae6f1626664fe1e215f	138	Gene3D	G3DSA:3.30.70.920	-	56	136	2.0E-12	T	26-06-2023	-	-
JAANTI010000009.1_37	74ce5133b56b0ae6f1626664fe1e215f	138	Gene3D	G3DSA:1.10.10.10	-	1	51	7.3E-21	T	26-06-2023	IPR036388	Winged helix-like DNA-binding domain superfamily
JAANTI010000009.1_37	74ce5133b56b0ae6f1626664fe1e215f	138	Pfam	PF01037	Lrp/AsnC ligand binding domain	64	133	4.7E-10	T	26-06-2023	IPR019887	Transcription regulator AsnC/Lrp, ligand binding domain
JAANTI010000009.1_37	74ce5133b56b0ae6f1626664fe1e215f	138	PANTHER	PTHR43413	TRANSCRIPTIONAL REGULATOR, ASNC FAMILY	1	134	3.8E-28	T	26-06-2023	-	-
JAANTI010000009.1_37	74ce5133b56b0ae6f1626664fe1e215f	138	SMART	SM00344	asnc	1	104	5.0E-19	T	26-06-2023	IPR019888	Transcription regulator AsnC-like
JAANTI010000009.1_37	74ce5133b56b0ae6f1626664fe1e215f	138	SUPERFAMILY	SSF54909	Dimeric alpha+beta barrel	58	135	5.5E-11	T	26-06-2023	IPR011008	Dimeric alpha-beta barrel
JAANTI010000009.1_37	74ce5133b56b0ae6f1626664fe1e215f	138	PRINTS	PR00033	AsnC bacterial regulatory protein HTH signature	1	17	2.3E-14	T	26-06-2023	IPR000485	AsnC-type HTH domain
JAANTI010000009.1_37	74ce5133b56b0ae6f1626664fe1e215f	138	PRINTS	PR00033	AsnC bacterial regulatory protein HTH signature	17	28	2.3E-14	T	26-06-2023	IPR000485	AsnC-type HTH domain
JAANTI010000009.1_37	74ce5133b56b0ae6f1626664fe1e215f	138	PRINTS	PR00033	AsnC bacterial regulatory protein HTH signature	28	47	2.3E-14	T	26-06-2023	IPR000485	AsnC-type HTH domain
JAANTI010000009.1_37	74ce5133b56b0ae6f1626664fe1e215f	138	SUPERFAMILY	SSF46785	"Winged helix" DNA-binding domain	1	53	6.62E-14	T	26-06-2023	IPR036390	Winged helix DNA-binding domain superfamily
JAANTI010000009.1_37	74ce5133b56b0ae6f1626664fe1e215f	138	CDD	cd00090	HTH_ARSR	2	49	4.07646E-6	T	26-06-2023	IPR011991	ArsR-like helix-turn-helix domain
JAANTI010000009.1_37	74ce5133b56b0ae6f1626664fe1e215f	138	ProSiteProfiles	PS50956	AsnC-type HTH domain profile.	1	79	32.026917	T	26-06-2023	IPR000485	AsnC-type HTH domain
JAANTI010000009.1_37	74ce5133b56b0ae6f1626664fe1e215f	138	ProSitePatterns	PS00519	AsnC-type HTH domain signature.	19	45	-	T	26-06-2023	IPR019885	Transcription regulator HTH, AsnC-type, conserved site
JAANTI010000009.1_96	468f5d3ff866089513b2cf2bfe098a35	159	CDD	cd07820	SRPBCC_3	4	152	3.3841E-44	T	26-06-2023	-	-
JAANTI010000009.1_96	468f5d3ff866089513b2cf2bfe098a35	159	SUPERFAMILY	SSF55961	Bet v1-like	1	159	5.5E-22	T	26-06-2023	-	-
JAANTI010000009.1_96	468f5d3ff866089513b2cf2bfe098a35	159	Gene3D	G3DSA:3.30.530.20	-	3	159	4.0E-34	T	26-06-2023	IPR023393	START-like domain superfamily
JAANTI010000009.1_96	468f5d3ff866089513b2cf2bfe098a35	159	Pfam	PF03364	Polyketide cyclase / dehydrase and lipid transport	10	129	1.3E-8	T	26-06-2023	IPR005031	Coenzyme Q-binding protein COQ10, START domain
JAANTI010000009.1_55	cfccfcf5e2c039ffcf79589eb87af802	384	SUPERFAMILY	SSF47203	Acyl-CoA dehydrogenase C-terminal domain-like	229	382	3.22E-58	T	26-06-2023	IPR036250	Acyl-CoA dehydrogenase-like, C-terminal
JAANTI010000009.1_55	cfccfcf5e2c039ffcf79589eb87af802	384	Gene3D	G3DSA:1.20.140.10	-	235	384	3.1E-59	T	26-06-2023	-	-
JAANTI010000009.1_55	cfccfcf5e2c039ffcf79589eb87af802	384	Pfam	PF02771	Acyl-CoA dehydrogenase, N-terminal domain	6	117	2.4E-36	T	26-06-2023	IPR013786	Acyl-CoA dehydrogenase/oxidase, N-terminal
JAANTI010000009.1_55	cfccfcf5e2c039ffcf79589eb87af802	384	Gene3D	G3DSA:2.40.110.10	-	121	234	4.7E-40	T	26-06-2023	IPR046373	Acyl-CoA oxidase/dehydrogenase, middle domain superfamily
JAANTI010000009.1_55	cfccfcf5e2c039ffcf79589eb87af802	384	FunFam	G3DSA:1.20.140.10:FF:000011	Medium-chain specific acyl-CoA dehydrogenase, mitochondrial	236	383	1.6E-56	T	26-06-2023	-	-
JAANTI010000009.1_55	cfccfcf5e2c039ffcf79589eb87af802	384	FunFam	G3DSA:2.40.110.10:FF:000001	Acyl-CoA dehydrogenase, mitochondrial	120	234	1.5E-39	T	26-06-2023	-	-
JAANTI010000009.1_55	cfccfcf5e2c039ffcf79589eb87af802	384	PANTHER	PTHR43884	ACYL-COA DEHYDROGENASE	5	381	0.0	T	26-06-2023	-	-
JAANTI010000009.1_55	cfccfcf5e2c039ffcf79589eb87af802	384	Pfam	PF02770	Acyl-CoA dehydrogenase, middle domain	122	218	2.8E-25	T	26-06-2023	IPR006091	Acyl-CoA oxidase/dehydrogenase, middle domain
JAANTI010000009.1_55	cfccfcf5e2c039ffcf79589eb87af802	384	FunFam	G3DSA:1.10.540.10:FF:000002	Acyl-CoA dehydrogenase FadE19	1	119	6.1E-36	T	26-06-2023	-	-
JAANTI010000009.1_55	cfccfcf5e2c039ffcf79589eb87af802	384	Pfam	PF00441	Acyl-CoA dehydrogenase, C-terminal domain	230	379	4.0E-51	T	26-06-2023	IPR009075	Acyl-CoA dehydrogenase/oxidase C-terminal
JAANTI010000009.1_55	cfccfcf5e2c039ffcf79589eb87af802	384	PIRSF	PIRSF016578	PIGM	3	383	1.9E-17	T	26-06-2023	-	-
JAANTI010000009.1_55	cfccfcf5e2c039ffcf79589eb87af802	384	Gene3D	G3DSA:1.10.540.10	-	1	118	1.9E-42	T	26-06-2023	IPR037069	Acyl-CoA dehydrogenase/oxidase, N-terminal domain superfamily
JAANTI010000009.1_55	cfccfcf5e2c039ffcf79589eb87af802	384	ProSitePatterns	PS00072	Acyl-CoA dehydrogenases signature 1.	123	135	-	T	26-06-2023	IPR006089	Acyl-CoA dehydrogenase, conserved site
JAANTI010000009.1_55	cfccfcf5e2c039ffcf79589eb87af802	384	SUPERFAMILY	SSF56645	Acyl-CoA dehydrogenase NM domain-like	2	241	5.63E-83	T	26-06-2023	IPR009100	Acyl-CoA dehydrogenase/oxidase, N-terminal and middle domain superfamily
JAANTI010000009.1_55	cfccfcf5e2c039ffcf79589eb87af802	384	ProSitePatterns	PS00073	Acyl-CoA dehydrogenases signature 2.	338	357	-	T	26-06-2023	IPR006089	Acyl-CoA dehydrogenase, conserved site
JAANTI010000009.1_101	f2764fcba3ce905f9b52a37df90a27af	203	MobiDBLite	mobidb-lite	consensus disorder prediction	1	47	-	T	26-06-2023	-	-
JAANTI010000009.1_66	733203349a7c00f5c0e9d415435f179d	305	Gene3D	G3DSA:3.40.50.10860	Leucine Dehydrogenase, chain A, domain 1	17	292	2.2E-109	T	26-06-2023	-	-
JAANTI010000009.1_66	733203349a7c00f5c0e9d415435f179d	305	Gene3D	G3DSA:3.40.50.720	-	15	274	2.2E-109	T	26-06-2023	-	-
JAANTI010000009.1_66	733203349a7c00f5c0e9d415435f179d	305	FunFam	G3DSA:3.40.50.720:FF:000094	Bifunctional protein FolD	146	274	6.2E-43	T	26-06-2023	-	-
JAANTI010000009.1_66	733203349a7c00f5c0e9d415435f179d	305	Hamap	MF_01576	Bifunctional protein FolD [folD].	12	298	36.772621	T	26-06-2023	IPR000672	Tetrahydrofolate dehydrogenase/cyclohydrolase
JAANTI010000009.1_66	733203349a7c00f5c0e9d415435f179d	305	SUPERFAMILY	SSF53223	Aminoacid dehydrogenase-like, N-terminal domain	13	130	2.97E-35	T	26-06-2023	IPR046346	Aminoacid dehydrogenase-like, N-terminal domain superfamily
JAANTI010000009.1_66	733203349a7c00f5c0e9d415435f179d	305	Pfam	PF00763	Tetrahydrofolate dehydrogenase/cyclohydrolase, catalytic domain	15	129	4.3E-36	T	26-06-2023	IPR020630	Tetrahydrofolate dehydrogenase/cyclohydrolase, catalytic domain
JAANTI010000009.1_66	733203349a7c00f5c0e9d415435f179d	305	CDD	cd01080	NAD_bind_m-THF_DH_Cyclohyd	124	294	7.50329E-80	T	26-06-2023	IPR020631	Tetrahydrofolate dehydrogenase/cyclohydrolase, NAD(P)-binding domain
JAANTI010000009.1_66	733203349a7c00f5c0e9d415435f179d	305	Pfam	PF02882	Tetrahydrofolate dehydrogenase/cyclohydrolase, NAD(P)-binding domain	132	297	2.1E-65	T	26-06-2023	IPR020631	Tetrahydrofolate dehydrogenase/cyclohydrolase, NAD(P)-binding domain
JAANTI010000009.1_66	733203349a7c00f5c0e9d415435f179d	305	PRINTS	PR00085	Tetrahydrofolate dehydrogenase/cyclohydrolase family signature	42	64	5.4E-76	T	26-06-2023	IPR000672	Tetrahydrofolate dehydrogenase/cyclohydrolase
JAANTI010000009.1_66	733203349a7c00f5c0e9d415435f179d	305	PRINTS	PR00085	Tetrahydrofolate dehydrogenase/cyclohydrolase family signature	83	110	5.4E-76	T	26-06-2023	IPR000672	Tetrahydrofolate dehydrogenase/cyclohydrolase
JAANTI010000009.1_66	733203349a7c00f5c0e9d415435f179d	305	PRINTS	PR00085	Tetrahydrofolate dehydrogenase/cyclohydrolase family signature	118	139	5.4E-76	T	26-06-2023	IPR000672	Tetrahydrofolate dehydrogenase/cyclohydrolase
JAANTI010000009.1_66	733203349a7c00f5c0e9d415435f179d	305	PRINTS	PR00085	Tetrahydrofolate dehydrogenase/cyclohydrolase family signature	163	183	5.4E-76	T	26-06-2023	IPR000672	Tetrahydrofolate dehydrogenase/cyclohydrolase
JAANTI010000009.1_66	733203349a7c00f5c0e9d415435f179d	305	PRINTS	PR00085	Tetrahydrofolate dehydrogenase/cyclohydrolase family signature	216	245	5.4E-76	T	26-06-2023	IPR000672	Tetrahydrofolate dehydrogenase/cyclohydrolase
JAANTI010000009.1_66	733203349a7c00f5c0e9d415435f179d	305	PRINTS	PR00085	Tetrahydrofolate dehydrogenase/cyclohydrolase family signature	254	270	5.4E-76	T	26-06-2023	IPR000672	Tetrahydrofolate dehydrogenase/cyclohydrolase
JAANTI010000009.1_66	733203349a7c00f5c0e9d415435f179d	305	PRINTS	PR00085	Tetrahydrofolate dehydrogenase/cyclohydrolase family signature	271	289	5.4E-76	T	26-06-2023	IPR000672	Tetrahydrofolate dehydrogenase/cyclohydrolase
JAANTI010000009.1_66	733203349a7c00f5c0e9d415435f179d	305	PANTHER	PTHR48099	C-1-TETRAHYDROFOLATE SYNTHASE, CYTOPLASMIC-RELATED	12	296	2.5E-93	T	26-06-2023	-	-
JAANTI010000009.1_66	733203349a7c00f5c0e9d415435f179d	305	SUPERFAMILY	SSF51735	NAD(P)-binding Rossmann-fold domains	131	295	8.26E-45	T	26-06-2023	IPR036291	NAD(P)-binding domain superfamily
JAANTI010000009.1_66	733203349a7c00f5c0e9d415435f179d	305	FunFam	G3DSA:3.40.50.10860:FF:000005	C-1-tetrahydrofolate synthase, cytoplasmic, putative	17	159	4.9E-35	T	26-06-2023	-	-
JAANTI010000009.1_31	7282108522b46b8d50a9dd02db622c44	620	ProSitePatterns	PS00188	Biotin-requiring enzymes attachment site.	576	593	-	T	26-06-2023	IPR001882	Biotin-binding site
JAANTI010000009.1_31	7282108522b46b8d50a9dd02db622c44	620	Gene3D	G3DSA:3.30.470.20	-	1	462	0.0	T	26-06-2023	-	-
JAANTI010000009.1_31	7282108522b46b8d50a9dd02db622c44	620	MobiDBLite	mobidb-lite	consensus disorder prediction	472	491	-	T	26-06-2023	-	-
JAANTI010000009.1_31	7282108522b46b8d50a9dd02db622c44	620	ProSiteProfiles	PS50979	Biotin carboxylation domain profile.	1	461	47.012714	T	26-06-2023	IPR011764	Biotin carboxylation domain
JAANTI010000009.1_31	7282108522b46b8d50a9dd02db622c44	620	SUPERFAMILY	SSF51246	Rudiment single hybrid motif	345	460	4.76E-33	T	26-06-2023	IPR011054	Rudiment single hybrid motif
JAANTI010000009.1_31	7282108522b46b8d50a9dd02db622c44	620	Pfam	PF02785	Biotin carboxylase C-terminal domain	350	458	4.3E-31	T	26-06-2023	IPR005482	Biotin carboxylase, C-terminal
JAANTI010000009.1_31	7282108522b46b8d50a9dd02db622c44	620	ProSiteProfiles	PS50975	ATP-grasp fold profile.	121	331	45.581421	T	26-06-2023	IPR011761	ATP-grasp fold
JAANTI010000009.1_31	7282108522b46b8d50a9dd02db622c44	620	ProSiteProfiles	PS50968	Biotinyl/lipoyl domain profile.	542	620	22.402922	T	26-06-2023	IPR000089	Biotin/lipoyl attachment
JAANTI010000009.1_31	7282108522b46b8d50a9dd02db622c44	620	Pfam	PF00289	Biotin carboxylase, N-terminal domain	1	111	1.1E-42	T	26-06-2023	IPR005481	Biotin carboxylase-like, N-terminal domain
JAANTI010000009.1_31	7282108522b46b8d50a9dd02db622c44	620	PANTHER	PTHR18866	CARBOXYLASE:PYRUVATE/ACETYL-COA/PROPIONYL-COA CARBOXYLASE	2	463	0.0	T	26-06-2023	-	-
JAANTI010000009.1_31	7282108522b46b8d50a9dd02db622c44	620	FunFam	G3DSA:3.40.50.20:FF:000010	Propionyl-CoA carboxylase subunit alpha	1	132	7.0E-54	T	26-06-2023	-	-
JAANTI010000009.1_31	7282108522b46b8d50a9dd02db622c44	620	CDD	cd06850	biotinyl_domain	558	619	3.68447E-25	T	26-06-2023	-	-
JAANTI010000009.1_31	7282108522b46b8d50a9dd02db622c44	620	MobiDBLite	mobidb-lite	consensus disorder prediction	497	551	-	T	26-06-2023	-	-
JAANTI010000009.1_31	7282108522b46b8d50a9dd02db622c44	620	SUPERFAMILY	SSF51230	Single hybrid motif	547	620	4.45E-20	T	26-06-2023	IPR011053	Single hybrid motif
JAANTI010000009.1_31	7282108522b46b8d50a9dd02db622c44	620	SUPERFAMILY	SSF56059	Glutathione synthetase ATP-binding domain-like	83	357	1.77E-61	T	26-06-2023	-	-
JAANTI010000009.1_31	7282108522b46b8d50a9dd02db622c44	620	ProSitePatterns	PS00867	Carbamoyl-phosphate synthase subdomain signature 2.	300	307	-	T	26-06-2023	IPR005479	Carbamoyl-phosphate synthetase large subunit-like, ATP-binding domain
JAANTI010000009.1_31	7282108522b46b8d50a9dd02db622c44	620	SMART	SM00878	Biotin_carb_C_2	350	457	1.1E-43	T	26-06-2023	IPR005482	Biotin carboxylase, C-terminal
JAANTI010000009.1_31	7282108522b46b8d50a9dd02db622c44	620	Gene3D	G3DSA:2.40.50.100	-	546	619	6.9E-22	T	26-06-2023	-	-
JAANTI010000009.1_31	7282108522b46b8d50a9dd02db622c44	620	Pfam	PF00364	Biotin-requiring enzyme	557	619	2.8E-16	T	26-06-2023	IPR000089	Biotin/lipoyl attachment
JAANTI010000009.1_31	7282108522b46b8d50a9dd02db622c44	620	Pfam	PF02786	Carbamoyl-phosphate synthase L chain, ATP binding domain	117	336	1.8E-69	T	26-06-2023	IPR005479	Carbamoyl-phosphate synthetase large subunit-like, ATP-binding domain
JAANTI010000009.1_31	7282108522b46b8d50a9dd02db622c44	620	FunFam	G3DSA:2.40.50.100:FF:000003	Acetyl-CoA carboxylase biotin carboxyl carrier protein	547	620	3.9E-23	T	26-06-2023	-	-
JAANTI010000009.1_31	7282108522b46b8d50a9dd02db622c44	620	FunFam	G3DSA:3.30.1490.20:FF:000003	acetyl-CoA carboxylase isoform X1	133	203	4.4E-15	T	26-06-2023	-	-
JAANTI010000009.1_31	7282108522b46b8d50a9dd02db622c44	620	SUPERFAMILY	SSF52440	PreATP-grasp domain	1	114	2.66E-44	T	26-06-2023	IPR016185	Pre-ATP-grasp domain superfamily
JAANTI010000009.1_91	cfb345eda55e9a453cc2126cf54be530	241	PRINTS	PR00141	Proteasome component signature	55	70	1.1E-8	T	26-06-2023	IPR000243	Peptidase T1A, proteasome beta-subunit
JAANTI010000009.1_91	cfb345eda55e9a453cc2126cf54be530	241	PRINTS	PR00141	Proteasome component signature	174	185	1.1E-8	T	26-06-2023	IPR000243	Peptidase T1A, proteasome beta-subunit
JAANTI010000009.1_91	cfb345eda55e9a453cc2126cf54be530	241	PRINTS	PR00141	Proteasome component signature	185	196	1.1E-8	T	26-06-2023	IPR000243	Peptidase T1A, proteasome beta-subunit
JAANTI010000009.1_91	cfb345eda55e9a453cc2126cf54be530	241	PRINTS	PR00141	Proteasome component signature	210	221	1.1E-8	T	26-06-2023	IPR000243	Peptidase T1A, proteasome beta-subunit
JAANTI010000009.1_91	cfb345eda55e9a453cc2126cf54be530	241	ProSiteProfiles	PS51476	Proteasome beta-type subunit profile.	47	224	52.239956	T	26-06-2023	IPR023333	Proteasome B-type subunit
JAANTI010000009.1_91	cfb345eda55e9a453cc2126cf54be530	241	FunFam	G3DSA:3.60.20.10:FF:000049	Proteasome subunit beta	42	241	2.7E-77	T	26-06-2023	-	-
JAANTI010000009.1_91	cfb345eda55e9a453cc2126cf54be530	241	Hamap	MF_02113_A	Proteasome subunit beta [prcB].	43	236	32.163971	T	26-06-2023	IPR019983	Peptidase T1A, proteasome beta-subunit, archaeal
JAANTI010000009.1_91	cfb345eda55e9a453cc2126cf54be530	241	MobiDBLite	mobidb-lite	consensus disorder prediction	26	40	-	T	26-06-2023	-	-
JAANTI010000009.1_91	cfb345eda55e9a453cc2126cf54be530	241	NCBIfam	TIGR03634	archaeal proteasome endopeptidase complex subunit beta	47	229	1.2E-71	T	26-06-2023	IPR019983	Peptidase T1A, proteasome beta-subunit, archaeal
JAANTI010000009.1_91	cfb345eda55e9a453cc2126cf54be530	241	Gene3D	G3DSA:3.60.20.10	Glutamine Phosphoribosylpyrophosphate, subunit 1, domain 1	25	241	2.5E-56	T	26-06-2023	IPR029055	Nucleophile aminohydrolases, N-terminal
JAANTI010000009.1_91	cfb345eda55e9a453cc2126cf54be530	241	MobiDBLite	mobidb-lite	consensus disorder prediction	1	47	-	T	26-06-2023	-	-
JAANTI010000009.1_91	cfb345eda55e9a453cc2126cf54be530	241	PANTHER	PTHR32194	METALLOPROTEASE TLDD	36	231	1.1E-37	T	26-06-2023	IPR023333	Proteasome B-type subunit
JAANTI010000009.1_91	cfb345eda55e9a453cc2126cf54be530	241	Pfam	PF00227	Proteasome subunit	44	224	5.3E-46	T	26-06-2023	IPR001353	Proteasome, subunit alpha/beta
JAANTI010000009.1_91	cfb345eda55e9a453cc2126cf54be530	241	SUPERFAMILY	SSF56235	N-terminal nucleophile aminohydrolases (Ntn hydrolases)	41	240	3.66E-54	T	26-06-2023	IPR029055	Nucleophile aminohydrolases, N-terminal
JAANTI010000009.1_30	de459e70ef26f41dcf6b093b58d234c2	148	PIRSF	PIRSF006595	UCP006595	1	148	1.3E-47	T	26-06-2023	IPR005369	Uncharacterised protein family UPF0179
JAANTI010000009.1_30	de459e70ef26f41dcf6b093b58d234c2	148	PANTHER	PTHR40699	UPF0179 PROTEIN MJ1627	1	147	9.2E-40	T	26-06-2023	IPR005369	Uncharacterised protein family UPF0179
JAANTI010000009.1_30	de459e70ef26f41dcf6b093b58d234c2	148	Pfam	PF03684	Uncharacterised protein family (UPF0179)	4	144	7.5E-47	T	26-06-2023	IPR005369	Uncharacterised protein family UPF0179
JAANTI010000009.1_30	de459e70ef26f41dcf6b093b58d234c2	148	Hamap	MF_00498	UPF0179 protein <locus_tag>.	2	146	23.73064	T	26-06-2023	IPR005369	Uncharacterised protein family UPF0179
JAANTI010000009.1_53	977ef91d9383b1deacd54a051338fbde	247	Pfam	PF00005	ABC transporter	23	168	1.4E-32	T	26-06-2023	IPR003439	ABC transporter-like, ATP-binding domain
JAANTI010000009.1_53	977ef91d9383b1deacd54a051338fbde	247	Gene3D	G3DSA:3.40.50.300	-	1	237	6.5E-65	T	26-06-2023	IPR027417	P-loop containing nucleoside triphosphate hydrolase
JAANTI010000009.1_53	977ef91d9383b1deacd54a051338fbde	247	SMART	SM00382	AAA_5	31	223	3.3E-14	T	26-06-2023	IPR003593	AAA+ ATPase domain
JAANTI010000009.1_53	977ef91d9383b1deacd54a051338fbde	247	PANTHER	PTHR42734	METAL TRANSPORT SYSTEM ATP-BINDING PROTEIN TM_0124-RELATED	1	240	2.5E-69	T	26-06-2023	-	-
JAANTI010000009.1_53	977ef91d9383b1deacd54a051338fbde	247	SUPERFAMILY	SSF52540	P-loop containing nucleoside triphosphate hydrolases	4	229	3.42E-59	T	26-06-2023	IPR027417	P-loop containing nucleoside triphosphate hydrolase
JAANTI010000009.1_53	977ef91d9383b1deacd54a051338fbde	247	ProSiteProfiles	PS50893	ATP-binding cassette, ABC transporter-type domain profile.	7	239	21.535393	T	26-06-2023	IPR003439	ABC transporter-like, ATP-binding domain
JAANTI010000009.1_53	977ef91d9383b1deacd54a051338fbde	247	FunFam	G3DSA:3.40.50.300:FF:000134	Iron-enterobactin ABC transporter ATP-binding protein	6	246	5.4E-74	T	26-06-2023	-	-
JAANTI010000009.1_53	977ef91d9383b1deacd54a051338fbde	247	ProSitePatterns	PS00211	ABC transporters family signature.	141	155	-	T	26-06-2023	IPR017871	ABC transporter-like, conserved site
JAANTI010000009.1_53	977ef91d9383b1deacd54a051338fbde	247	CDD	cd03235	ABC_Metallic_Cations	9	221	6.65052E-112	T	26-06-2023	-	-
JAANTI010000009.1_46	2ef4d260a8388ae177996f179bdb4b1e	447	Gene3D	G3DSA:3.30.9.10	-	95	255	1.0E-23	T	26-06-2023	-	-
JAANTI010000009.1_46	2ef4d260a8388ae177996f179bdb4b1e	447	PANTHER	PTHR43104	L-2-HYDROXYGLUTARATE DEHYDROGENASE, MITOCHONDRIAL	2	420	3.9E-49	T	26-06-2023	-	-
JAANTI010000009.1_46	2ef4d260a8388ae177996f179bdb4b1e	447	Gene3D	G3DSA:3.50.50.60	-	7	237	1.0E-23	T	26-06-2023	IPR036188	FAD/NAD(P)-binding domain superfamily
JAANTI010000009.1_46	2ef4d260a8388ae177996f179bdb4b1e	447	Pfam	PF01266	FAD dependent oxidoreductase	6	388	5.8E-28	T	26-06-2023	IPR006076	FAD dependent oxidoreductase
JAANTI010000009.1_46	2ef4d260a8388ae177996f179bdb4b1e	447	SUPERFAMILY	SSF51905	FAD/NAD(P)-binding domain	4	378	3.15E-28	T	26-06-2023	IPR036188	FAD/NAD(P)-binding domain superfamily
JAANTI010000009.1_52	6c0ed76ee71bb641902124c97f65f090	344	Pfam	PF00950	ABC 3 transport family	42	304	1.9E-57	T	26-06-2023	IPR001626	ABC transporter, TroCD-like
JAANTI010000009.1_52	6c0ed76ee71bb641902124c97f65f090	344	CDD	cd06550	TM_ABC_iron-siderophores_like	48	282	3.70662E-26	T	26-06-2023	-	-
JAANTI010000009.1_52	6c0ed76ee71bb641902124c97f65f090	344	MobiDBLite	mobidb-lite	consensus disorder prediction	329	344	-	T	26-06-2023	-	-
JAANTI010000009.1_52	6c0ed76ee71bb641902124c97f65f090	344	SUPERFAMILY	SSF81345	ABC transporter involved in vitamin B12 uptake, BtuC	24	299	4.84E-30	T	26-06-2023	IPR037294	ABC transporter, BtuC-like
JAANTI010000009.1_52	6c0ed76ee71bb641902124c97f65f090	344	MobiDBLite	mobidb-lite	consensus disorder prediction	317	344	-	T	26-06-2023	-	-
JAANTI010000009.1_52	6c0ed76ee71bb641902124c97f65f090	344	Gene3D	G3DSA:1.10.3470.10	ABC transporter involved in vitamin B12 uptake, BtuC	78	309	1.9E-17	T	26-06-2023	IPR037294	ABC transporter, BtuC-like
JAANTI010000009.1_52	6c0ed76ee71bb641902124c97f65f090	344	PANTHER	PTHR30477	ABC-TRANSPORTER METAL-BINDING PROTEIN	39	312	1.3E-78	T	26-06-2023	IPR001626	ABC transporter, TroCD-like
JAANTI010000009.1_27	3989802ea5384452b0312cecffde9297	160	PANTHER	PTHR43877	-	2	148	1.3E-18	T	26-06-2023	-	-
JAANTI010000009.1_27	3989802ea5384452b0312cecffde9297	160	Gene3D	G3DSA:3.40.630.30	-	2	155	6.5E-31	T	26-06-2023	-	-
JAANTI010000009.1_27	3989802ea5384452b0312cecffde9297	160	ProSiteProfiles	PS51186	Gcn5-related N-acetyltransferase (GNAT) domain profile.	1	160	20.88125	T	26-06-2023	IPR000182	GNAT domain
JAANTI010000009.1_27	3989802ea5384452b0312cecffde9297	160	SUPERFAMILY	SSF55729	Acyl-CoA N-acyltransferases (Nat)	1	145	2.4E-29	T	26-06-2023	IPR016181	Acyl-CoA N-acyltransferase
JAANTI010000009.1_27	3989802ea5384452b0312cecffde9297	160	CDD	cd04301	NAT_SF	61	123	3.73558E-9	T	26-06-2023	-	-
JAANTI010000009.1_27	3989802ea5384452b0312cecffde9297	160	Pfam	PF00583	Acetyltransferase (GNAT) family	48	140	4.0E-19	T	26-06-2023	IPR000182	GNAT domain
JAANTI010000009.1_74	7e514203d72bcb325e0fc5c49d680c7b	433	Pfam	PF02308	MgtC family	21	144	7.5E-21	T	26-06-2023	IPR003416	MgtC/SapB/SrpB/YhiD family
JAANTI010000009.1_74	7e514203d72bcb325e0fc5c49d680c7b	433	Pfam	PF13194	Domain of unknown function (DUF4010)	193	398	2.4E-48	T	26-06-2023	IPR025105	Domain of unknown function DUF4010
JAANTI010000009.1_74	7e514203d72bcb325e0fc5c49d680c7b	433	PRINTS	PR01837	MgtC/SapB protein signature	24	43	1.1E-12	T	26-06-2023	IPR003416	MgtC/SapB/SrpB/YhiD family
JAANTI010000009.1_74	7e514203d72bcb325e0fc5c49d680c7b	433	PRINTS	PR01837	MgtC/SapB protein signature	43	61	1.1E-12	T	26-06-2023	IPR003416	MgtC/SapB/SrpB/YhiD family
JAANTI010000009.1_74	7e514203d72bcb325e0fc5c49d680c7b	433	PRINTS	PR01837	MgtC/SapB protein signature	98	122	1.1E-12	T	26-06-2023	IPR003416	MgtC/SapB/SrpB/YhiD family
JAANTI010000009.1_74	7e514203d72bcb325e0fc5c49d680c7b	433	PANTHER	PTHR39084	MEMBRANE PROTEIN-RELATED	16	423	1.7E-103	T	26-06-2023	-	-
JAANTI010000009.1_17	46aafc25714ca200d9d7599fdea93218	192	PANTHER	PTHR12608	TRANSMEMBRANE PROTEIN HTP-1 RELATED	93	180	4.0E-18	T	26-06-2023	IPR001727	Gdt1 family
JAANTI010000009.1_17	46aafc25714ca200d9d7599fdea93218	192	Pfam	PF01169	Uncharacterized protein family UPF0016	1	57	5.3E-10	T	26-06-2023	IPR001727	Gdt1 family
JAANTI010000009.1_17	46aafc25714ca200d9d7599fdea93218	192	Pfam	PF01169	Uncharacterized protein family UPF0016	103	176	3.8E-17	T	26-06-2023	IPR001727	Gdt1 family
JAANTI010000009.1_100	8e16aca9ae2cf744d4bf867140f0c048	634	Coils	Coil	Coil	23	47	-	T	26-06-2023	-	-
JAANTI010000009.1_100	8e16aca9ae2cf744d4bf867140f0c048	634	Hamap	MF_01489	Putative DNA helicase Rad25 [rad25].	3	601	53.350815	T	26-06-2023	IPR030882	Putative DNA helicase Rad25, archaea
JAANTI010000009.1_100	8e16aca9ae2cf744d4bf867140f0c048	634	PANTHER	PTHR11274	RAD25/XP-B DNA REPAIR HELICASE	149	609	2.2E-89	T	26-06-2023	-	-
JAANTI010000009.1_100	8e16aca9ae2cf744d4bf867140f0c048	634	MobiDBLite	mobidb-lite	consensus disorder prediction	596	634	-	T	26-06-2023	-	-
JAANTI010000009.1_100	8e16aca9ae2cf744d4bf867140f0c048	634	ProSiteProfiles	PS51192	Superfamilies 1 and 2 helicase ATP-binding type-1 domain profile.	257	406	20.656946	T	26-06-2023	IPR014001	Helicase superfamily 1/2, ATP-binding domain
JAANTI010000009.1_100	8e16aca9ae2cf744d4bf867140f0c048	634	MobiDBLite	mobidb-lite	consensus disorder prediction	607	634	-	T	26-06-2023	-	-
JAANTI010000009.1_100	8e16aca9ae2cf744d4bf867140f0c048	634	Pfam	PF04851	Type III restriction enzyme, res subunit	248	389	4.5E-17	T	26-06-2023	IPR006935	Helicase/UvrB, N-terminal
JAANTI010000009.1_100	8e16aca9ae2cf744d4bf867140f0c048	634	PRINTS	PR00851	Xeroderma pigmentosum group B protein signature	258	280	1.4E-12	T	26-06-2023	-	-
JAANTI010000009.1_100	8e16aca9ae2cf744d4bf867140f0c048	634	PRINTS	PR00851	Xeroderma pigmentosum group B protein signature	455	470	1.4E-12	T	26-06-2023	-	-
JAANTI010000009.1_100	8e16aca9ae2cf744d4bf867140f0c048	634	PRINTS	PR00851	Xeroderma pigmentosum group B protein signature	517	535	1.4E-12	T	26-06-2023	-	-
JAANTI010000009.1_100	8e16aca9ae2cf744d4bf867140f0c048	634	PRINTS	PR00851	Xeroderma pigmentosum group B protein signature	536	561	1.4E-12	T	26-06-2023	-	-
JAANTI010000009.1_100	8e16aca9ae2cf744d4bf867140f0c048	634	Pfam	PF16203	ERCC3/RAD25/XPB C-terminal helicase	439	603	1.3E-21	T	26-06-2023	IPR032438	ERCC3/RAD25/XPB helicase, C-terminal domain
JAANTI010000009.1_100	8e16aca9ae2cf744d4bf867140f0c048	634	Gene3D	G3DSA:3.40.50.300	-	241	409	7.3E-43	T	26-06-2023	IPR027417	P-loop containing nucleoside triphosphate hydrolase
JAANTI010000009.1_100	8e16aca9ae2cf744d4bf867140f0c048	634	ProSiteProfiles	PS51194	Superfamilies 1 and 2 helicase C-terminal domain profile.	458	605	12.321431	T	26-06-2023	IPR001650	Helicase, C-terminal
JAANTI010000009.1_100	8e16aca9ae2cf744d4bf867140f0c048	634	SMART	SM00490	helicmild6	484	561	3.1E-8	T	26-06-2023	IPR001650	Helicase, C-terminal
JAANTI010000009.1_100	8e16aca9ae2cf744d4bf867140f0c048	634	SUPERFAMILY	SSF52540	P-loop containing nucleoside triphosphate hydrolases	289	581	2.76E-39	T	26-06-2023	IPR027417	P-loop containing nucleoside triphosphate hydrolase
JAANTI010000009.1_100	8e16aca9ae2cf744d4bf867140f0c048	634	SMART	SM00487	ultradead3	245	410	2.0E-25	T	26-06-2023	IPR014001	Helicase superfamily 1/2, ATP-binding domain
JAANTI010000009.1_100	8e16aca9ae2cf744d4bf867140f0c048	634	Gene3D	G3DSA:3.40.50.300	-	412	623	6.2E-36	T	26-06-2023	IPR027417	P-loop containing nucleoside triphosphate hydrolase
JAANTI010000009.1_98	c1fc1f907f5ea62354486c70c6859aea	307	Pfam	PF00892	EamA-like transporter family	16	143	5.4E-15	T	26-06-2023	IPR000620	EamA domain
JAANTI010000009.1_98	c1fc1f907f5ea62354486c70c6859aea	307	Pfam	PF00892	EamA-like transporter family	166	300	7.5E-17	T	26-06-2023	IPR000620	EamA domain
JAANTI010000009.1_98	c1fc1f907f5ea62354486c70c6859aea	307	SUPERFAMILY	SSF103481	Multidrug resistance efflux transporter EmrE	203	302	1.03E-10	T	26-06-2023	-	-
JAANTI010000009.1_98	c1fc1f907f5ea62354486c70c6859aea	307	PANTHER	PTHR22911	ACYL-MALONYL CONDENSING ENZYME-RELATED	14	302	5.3E-29	T	26-06-2023	-	-
JAANTI010000009.1_98	c1fc1f907f5ea62354486c70c6859aea	307	SUPERFAMILY	SSF103481	Multidrug resistance efflux transporter EmrE	43	146	4.58E-16	T	26-06-2023	-	-
JAANTI010000009.1_82	68867fe35b65770646ed901d4cac13ae	81	MobiDBLite	mobidb-lite	consensus disorder prediction	1	31	-	T	26-06-2023	-	-
JAANTI010000009.1_82	68867fe35b65770646ed901d4cac13ae	81	MobiDBLite	mobidb-lite	consensus disorder prediction	8	31	-	T	26-06-2023	-	-
JAANTI010000009.1_87	2e6e95a9553d40a0df7a9b2c5d77803a	177	Pfam	PF03444	Winged helix-turn-helix transcription repressor, HrcA DNA-binding	5	82	4.8E-35	T	26-06-2023	IPR005104	Winged helix-turn-helix transcription repressor, HrcA DNA-binding domain
JAANTI010000009.1_87	2e6e95a9553d40a0df7a9b2c5d77803a	177	Gene3D	G3DSA:1.10.10.10	-	5	76	1.2E-9	T	26-06-2023	IPR036388	Winged helix-like DNA-binding domain superfamily
JAANTI010000009.1_87	2e6e95a9553d40a0df7a9b2c5d77803a	177	SUPERFAMILY	SSF46785	"Winged helix" DNA-binding domain	14	134	9.58E-15	T	26-06-2023	IPR036390	Winged helix DNA-binding domain superfamily
JAANTI010000009.1_87	2e6e95a9553d40a0df7a9b2c5d77803a	177	PANTHER	PTHR33221	WINGED HELIX-TURN-HELIX TRANSCRIPTIONAL REGULATOR, RRF2 FAMILY	5	73	5.4E-9	T	26-06-2023	IPR000944	Transcription regulator Rrf2
JAANTI010000009.1_102	709c4e5460cff325fc715ac975b55667	186	Gene3D	G3DSA:3.30.310.10	-	10	176	1.9E-62	T	26-06-2023	IPR012295	TBP domain superfamily
JAANTI010000009.1_102	709c4e5460cff325fc715ac975b55667	186	SUPERFAMILY	SSF55945	TATA-box binding protein-like	95	183	6.6E-28	T	26-06-2023	-	-
JAANTI010000009.1_102	709c4e5460cff325fc715ac975b55667	186	Hamap	MF_00408	TATA-box-binding protein [tbp].	4	185	39.421608	T	26-06-2023	IPR000814	TATA-box binding protein
JAANTI010000009.1_102	709c4e5460cff325fc715ac975b55667	186	FunFam	G3DSA:3.30.310.10:FF:000007	TATA-box-binding protein	100	176	1.8E-36	T	26-06-2023	-	-
JAANTI010000009.1_102	709c4e5460cff325fc715ac975b55667	186	PANTHER	PTHR10126	TATA-BOX BINDING PROTEIN	9	177	5.0E-43	T	26-06-2023	IPR000814	TATA-box binding protein
JAANTI010000009.1_102	709c4e5460cff325fc715ac975b55667	186	SUPERFAMILY	SSF55945	TATA-box binding protein-like	7	92	2.36E-28	T	26-06-2023	-	-
JAANTI010000009.1_102	709c4e5460cff325fc715ac975b55667	186	CDD	cd04518	TBP_archaea	7	182	1.79494E-94	T	26-06-2023	IPR033711	TATA-box binding protein, archaea
JAANTI010000009.1_102	709c4e5460cff325fc715ac975b55667	186	FunFam	G3DSA:3.30.310.10:FF:000010	TATA-box-binding protein	15	99	3.6E-38	T	26-06-2023	-	-
JAANTI010000009.1_102	709c4e5460cff325fc715ac975b55667	186	Pfam	PF00352	Transcription factor TFIID (or TATA-binding protein, TBP)	8	88	1.2E-27	T	26-06-2023	IPR000814	TATA-box binding protein
JAANTI010000009.1_102	709c4e5460cff325fc715ac975b55667	186	Pfam	PF00352	Transcription factor TFIID (or TATA-binding protein, TBP)	99	180	2.6E-28	T	26-06-2023	IPR000814	TATA-box binding protein
JAANTI010000009.1_102	709c4e5460cff325fc715ac975b55667	186	Gene3D	G3DSA:3.30.310.10	-	15	101	1.9E-62	T	26-06-2023	IPR012295	TBP domain superfamily
JAANTI010000009.1_102	709c4e5460cff325fc715ac975b55667	186	PRINTS	PR00686	Transcription initiation factor TFIID signature	10	25	7.9E-43	T	26-06-2023	IPR000814	TATA-box binding protein
JAANTI010000009.1_102	709c4e5460cff325fc715ac975b55667	186	PRINTS	PR00686	Transcription initiation factor TFIID signature	34	53	7.9E-43	T	26-06-2023	IPR000814	TATA-box binding protein
JAANTI010000009.1_102	709c4e5460cff325fc715ac975b55667	186	PRINTS	PR00686	Transcription initiation factor TFIID signature	53	71	7.9E-43	T	26-06-2023	IPR000814	TATA-box binding protein
JAANTI010000009.1_102	709c4e5460cff325fc715ac975b55667	186	PRINTS	PR00686	Transcription initiation factor TFIID signature	101	117	7.9E-43	T	26-06-2023	IPR000814	TATA-box binding protein
JAANTI010000009.1_102	709c4e5460cff325fc715ac975b55667	186	PRINTS	PR00686	Transcription initiation factor TFIID signature	126	141	7.9E-43	T	26-06-2023	IPR000814	TATA-box binding protein
JAANTI010000009.1_102	709c4e5460cff325fc715ac975b55667	186	PRINTS	PR00686	Transcription initiation factor TFIID signature	145	161	7.9E-43	T	26-06-2023	IPR000814	TATA-box binding protein
JAANTI010000009.1_97	4b2ba98eb74593f78299d32d52011baa	171	Pfam	PF04240	Carotenoid biosynthesis protein	43	167	5.5E-10	T	26-06-2023	IPR007354	Bisanhydrobacterioruberin hydratase CruF-like
JAANTI010000009.1_39	f96aaf9afe07997c66cff47c02da08dd	593	PANTHER	PTHR21496	FERREDOXIN-RELATED	9	111	2.3E-16	T	26-06-2023	-	-
JAANTI010000009.1_39	f96aaf9afe07997c66cff47c02da08dd	593	ProSiteProfiles	PS51296	Rieske [2Fe-2S] iron-sulfur domain profile.	11	106	26.341604	T	26-06-2023	IPR017941	Rieske [2Fe-2S] iron-sulphur domain
JAANTI010000009.1_39	f96aaf9afe07997c66cff47c02da08dd	593	Gene3D	G3DSA:2.102.10.10	-	9	114	2.6E-26	T	26-06-2023	IPR036922	Rieske [2Fe-2S] iron-sulphur domain superfamily
JAANTI010000009.1_39	f96aaf9afe07997c66cff47c02da08dd	593	Pfam	PF00355	Rieske [2Fe-2S] domain	13	95	6.0E-14	T	26-06-2023	IPR017941	Rieske [2Fe-2S] iron-sulphur domain
JAANTI010000009.1_39	f96aaf9afe07997c66cff47c02da08dd	593	CDD	cd03467	Rieske	11	106	4.69281E-20	T	26-06-2023	-	-
JAANTI010000009.1_39	f96aaf9afe07997c66cff47c02da08dd	593	SUPERFAMILY	SSF50022	ISP domain	10	113	5.5E-26	T	26-06-2023	IPR036922	Rieske [2Fe-2S] iron-sulphur domain superfamily
JAANTI010000009.1_75	e6aa737eb544f7e8b65362eae9c13f0e	445	PIRSF	PIRSF000521	Transaminase_4ab_Lys_Orn	153	443	3.8E-48	T	26-06-2023	IPR005814	Aminotransferase class-III
JAANTI010000009.1_75	e6aa737eb544f7e8b65362eae9c13f0e	445	PIRSF	PIRSF000521	Transaminase_4ab_Lys_Orn	1	157	3.1E-12	T	26-06-2023	IPR005814	Aminotransferase class-III
JAANTI010000009.1_75	e6aa737eb544f7e8b65362eae9c13f0e	445	Gene3D	G3DSA:3.90.1150.10	Aspartate Aminotransferase, domain 1	46	435	5.5E-96	T	26-06-2023	IPR015422	Pyridoxal phosphate-dependent transferase, small domain
JAANTI010000009.1_75	e6aa737eb544f7e8b65362eae9c13f0e	445	Gene3D	G3DSA:3.40.640.10	-	75	351	5.5E-96	T	26-06-2023	IPR015421	Pyridoxal phosphate-dependent transferase, major domain
JAANTI010000009.1_75	e6aa737eb544f7e8b65362eae9c13f0e	445	Pfam	PF00202	Aminotransferase class-III	46	441	1.0E-75	T	26-06-2023	IPR005814	Aminotransferase class-III
JAANTI010000009.1_75	e6aa737eb544f7e8b65362eae9c13f0e	445	SUPERFAMILY	SSF53383	PLP-dependent transferases	20	442	1.81E-79	T	26-06-2023	IPR015424	Pyridoxal phosphate-dependent transferase
JAANTI010000009.1_75	e6aa737eb544f7e8b65362eae9c13f0e	445	PANTHER	PTHR43206	AMINOTRANSFERASE	10	442	5.5E-76	T	26-06-2023	-	-
JAANTI010000009.1_75	e6aa737eb544f7e8b65362eae9c13f0e	445	CDD	cd00610	OAT_like	36	441	1.72697E-108	T	26-06-2023	IPR005814	Aminotransferase class-III
JAANTI010000009.1_75	e6aa737eb544f7e8b65362eae9c13f0e	445	ProSitePatterns	PS00600	Aminotransferases class-III pyridoxal-phosphate attachment site.	272	309	-	T	26-06-2023	IPR005814	Aminotransferase class-III
JAANTI010000009.1_58	ba930f8cfc08a30a7aac0f160ec6fb1c	448	PANTHER	PTHR43806	PEPTIDASE S8	109	426	3.5E-42	T	26-06-2023	-	-
JAANTI010000009.1_58	ba930f8cfc08a30a7aac0f160ec6fb1c	448	Gene3D	G3DSA:3.40.50.200	Peptidase S8/S53 domain	76	448	8.2E-69	T	26-06-2023	IPR036852	Peptidase S8/S53 domain superfamily
JAANTI010000009.1_58	ba930f8cfc08a30a7aac0f160ec6fb1c	448	SUPERFAMILY	SSF52743	Subtilisin-like	109	448	2.49E-61	T	26-06-2023	IPR036852	Peptidase S8/S53 domain superfamily
JAANTI010000009.1_58	ba930f8cfc08a30a7aac0f160ec6fb1c	448	ProSiteProfiles	PS51892	Serine proteases, subtilase domain profile.	112	448	35.76564	T	26-06-2023	-	-
JAANTI010000009.1_58	ba930f8cfc08a30a7aac0f160ec6fb1c	448	ProSitePatterns	PS00136	Serine proteases, subtilase family, aspartic acid active site.	134	145	-	T	26-06-2023	IPR023827	Peptidase S8, subtilisin, Asp-active site
JAANTI010000009.1_58	ba930f8cfc08a30a7aac0f160ec6fb1c	448	PRINTS	PR00723	Subtilisin serine protease family (S8) signature	129	148	2.2E-19	T	26-06-2023	IPR015500	Peptidase S8, subtilisin-related
JAANTI010000009.1_58	ba930f8cfc08a30a7aac0f160ec6fb1c	448	PRINTS	PR00723	Subtilisin serine protease family (S8) signature	171	184	2.2E-19	T	26-06-2023	IPR015500	Peptidase S8, subtilisin-related
JAANTI010000009.1_58	ba930f8cfc08a30a7aac0f160ec6fb1c	448	PRINTS	PR00723	Subtilisin serine protease family (S8) signature	390	406	2.2E-19	T	26-06-2023	IPR015500	Peptidase S8, subtilisin-related
JAANTI010000009.1_58	ba930f8cfc08a30a7aac0f160ec6fb1c	448	ProSitePatterns	PS00138	Serine proteases, subtilase family, serine active site.	391	401	-	T	26-06-2023	IPR023828	Peptidase S8, subtilisin, Ser-active site
JAANTI010000009.1_58	ba930f8cfc08a30a7aac0f160ec6fb1c	448	ProSitePatterns	PS00137	Serine proteases, subtilase family, histidine active site.	175	185	-	T	26-06-2023	IPR022398	Peptidase S8, subtilisin, His-active site
JAANTI010000009.1_58	ba930f8cfc08a30a7aac0f160ec6fb1c	448	Pfam	PF00082	Subtilase family	129	427	4.2E-46	T	26-06-2023	IPR000209	Peptidase S8/S53 domain
JAANTI010000009.1_72	67c0021af39a91d0d94ebc33fc2b236f	92	Gene3D	G3DSA:1.10.10.10	-	7	91	7.7E-14	T	26-06-2023	IPR036388	Winged helix-like DNA-binding domain superfamily
JAANTI010000009.1_72	67c0021af39a91d0d94ebc33fc2b236f	92	Pfam	PF03551	Transcriptional regulator PadR-like family	11	79	5.7E-18	T	26-06-2023	IPR005149	Transcription regulator PadR, N-terminal
JAANTI010000009.1_72	67c0021af39a91d0d94ebc33fc2b236f	92	SUPERFAMILY	SSF46785	"Winged helix" DNA-binding domain	2	89	1.78E-20	T	26-06-2023	IPR036390	Winged helix DNA-binding domain superfamily
JAANTI010000009.1_50	aeff20f84f99f2e76c2dc67574209bae	214	MobiDBLite	mobidb-lite	consensus disorder prediction	200	214	-	T	26-06-2023	-	-
JAANTI010000009.1_50	aeff20f84f99f2e76c2dc67574209bae	214	MobiDBLite	mobidb-lite	consensus disorder prediction	99	199	-	T	26-06-2023	-	-
JAANTI010000009.1_50	aeff20f84f99f2e76c2dc67574209bae	214	MobiDBLite	mobidb-lite	consensus disorder prediction	89	214	-	T	26-06-2023	-	-
JAANTI010000009.1_21	2c4f1d07e4aa6d78e89a2a7844ac9a37	195	Gene3D	G3DSA:1.10.443.10	Intergrase catalytic core	9	192	5.9E-25	T	26-06-2023	IPR013762	Integrase-like, catalytic domain superfamily
JAANTI010000009.1_21	2c4f1d07e4aa6d78e89a2a7844ac9a37	195	Pfam	PF00589	Phage integrase family	15	177	4.2E-14	T	26-06-2023	IPR002104	Integrase, catalytic domain
JAANTI010000009.1_21	2c4f1d07e4aa6d78e89a2a7844ac9a37	195	ProSiteProfiles	PS51898	Tyrosine recombinase domain profile.	11	190	19.749006	T	26-06-2023	IPR002104	Integrase, catalytic domain
JAANTI010000009.1_21	2c4f1d07e4aa6d78e89a2a7844ac9a37	195	CDD	cd00397	DNA_BRE_C	20	176	1.45165E-13	T	26-06-2023	-	-
JAANTI010000009.1_21	2c4f1d07e4aa6d78e89a2a7844ac9a37	195	SUPERFAMILY	SSF56349	DNA breaking-rejoining enzymes	10	180	1.68E-23	T	26-06-2023	IPR011010	DNA breaking-rejoining enzyme, catalytic core
JAANTI010000009.1_93	e981b3207fa87f70c6d6a2a4887671a3	146	Coils	Coil	Coil	113	133	-	T	26-06-2023	-	-
JAANTI010000009.1_93	e981b3207fa87f70c6d6a2a4887671a3	146	MobiDBLite	mobidb-lite	consensus disorder prediction	75	114	-	T	26-06-2023	-	-
JAANTI010000009.1_93	e981b3207fa87f70c6d6a2a4887671a3	146	Pfam	PF19113	Family of unknown function (DUF5799)	1	145	8.7E-60	T	26-06-2023	IPR043821	Protein of unknown function DUF5799
JAANTI010000009.1_67	2bb029e3fab142d7b4ce869fed5ffc12	148	CDD	cd00293	USP_Like	5	146	4.12271E-13	T	26-06-2023	-	-
JAANTI010000009.1_67	2bb029e3fab142d7b4ce869fed5ffc12	148	Pfam	PF00582	Universal stress protein family	3	146	1.0E-14	T	26-06-2023	IPR006016	UspA
JAANTI010000009.1_67	2bb029e3fab142d7b4ce869fed5ffc12	148	SUPERFAMILY	SSF52402	Adenine nucleotide alpha hydrolases-like	2	146	2.01E-15	T	26-06-2023	-	-
JAANTI010000009.1_67	2bb029e3fab142d7b4ce869fed5ffc12	148	Gene3D	G3DSA:3.40.50.620	HUPs	1	148	2.4E-15	T	26-06-2023	IPR014729	Rossmann-like alpha/beta/alpha sandwich fold
JAANTI010000009.1_35	1810a0d06213b961fa38495d29836442	206	ProSiteProfiles	PS51462	Nudix hydrolase domain profile.	48	186	14.820841	T	26-06-2023	IPR000086	NUDIX hydrolase domain
JAANTI010000009.1_35	1810a0d06213b961fa38495d29836442	206	PIRSF	PIRSF018427	Isopentenyldiphpt_isom	4	201	6.6E-48	T	26-06-2023	IPR011876	Isopentenyl-diphosphate delta-isomerase, type 1
JAANTI010000009.1_35	1810a0d06213b961fa38495d29836442	206	SUPERFAMILY	SSF55811	Nudix	24	191	4.06E-34	T	26-06-2023	IPR015797	NUDIX hydrolase-like domain superfamily
JAANTI010000009.1_35	1810a0d06213b961fa38495d29836442	206	Gene3D	G3DSA:3.90.79.10	Nucleoside Triphosphate Pyrophosphohydrolase	20	198	3.2E-37	T	26-06-2023	-	-
JAANTI010000009.1_35	1810a0d06213b961fa38495d29836442	206	Pfam	PF00293	NUDIX domain	49	183	2.5E-12	T	26-06-2023	IPR000086	NUDIX hydrolase domain
JAANTI010000009.1_35	1810a0d06213b961fa38495d29836442	206	PANTHER	PTHR10885	ISOPENTENYL-DIPHOSPHATE DELTA-ISOMERASE	23	189	1.3E-27	T	26-06-2023	-	-
JAANTI010000009.1_35	1810a0d06213b961fa38495d29836442	206	Hamap	MF_00202	Isopentenyl-diphosphate Delta-isomerase [idi].	22	199	28.033852	T	26-06-2023	IPR011876	Isopentenyl-diphosphate delta-isomerase, type 1
JAANTI010000009.1_35	1810a0d06213b961fa38495d29836442	206	MobiDBLite	mobidb-lite	consensus disorder prediction	1	45	-	T	26-06-2023	-	-
JAANTI010000009.1_51	ce60719ece6732593066d460a39f947f	391	PANTHER	PTHR11101	PHOSPHATE TRANSPORTER	3	150	2.2E-32	T	26-06-2023	IPR001204	Phosphate transporter
JAANTI010000009.1_51	ce60719ece6732593066d460a39f947f	391	Pfam	PF01384	Phosphate transporter family	21	307	8.5E-34	T	26-06-2023	IPR001204	Phosphate transporter
JAANTI010000009.1_99	ac07ab35f6ce3789d5967b281cd92a5c	253	MobiDBLite	mobidb-lite	consensus disorder prediction	232	253	-	T	26-06-2023	-	-
JAANTI010000009.1_99	ac07ab35f6ce3789d5967b281cd92a5c	253	Gene3D	G3DSA:1.20.272.10	-	36	137	5.0E-14	T	26-06-2023	-	-
JAANTI010000009.1_99	ac07ab35f6ce3789d5967b281cd92a5c	253	SUPERFAMILY	SSF48019	post-AAA+ oligomerization domain-like	44	241	7.94E-21	T	26-06-2023	IPR008921	DNA polymerase III, clamp loader complex, gamma/delta/delta subunit, C-terminal
JAANTI010000009.1_99	ac07ab35f6ce3789d5967b281cd92a5c	253	MobiDBLite	mobidb-lite	consensus disorder prediction	1	41	-	T	26-06-2023	-	-
JAANTI010000009.1_61	10bcffbfc235cbf4e103ece53a5f7c19	273	Pfam	PF19138	Family of unknown function (DUF5821)	52	268	2.0E-98	T	26-06-2023	IPR043859	Protein of unknown function DUF5821
JAANTI010000009.1_71	dfcbe4262c0facbaec17e153702cd672	48	Coils	Coil	Coil	4	24	-	T	26-06-2023	-	-
JAANTI010000009.1_60	7e4697b087966d97b283ec8b44a9b2bb	571	NCBIfam	TIGR03604	thiazole/oxazole-forming peptide maturase, SagD family component	232	571	1.7E-69	T	26-06-2023	IPR027624	Thiazole/oxazole-forming peptide maturase, SagD family component
JAANTI010000009.1_60	7e4697b087966d97b283ec8b44a9b2bb	571	Gene3D	G3DSA:3.30.1330.230	-	296	419	2.0E-21	T	26-06-2023	-	-
JAANTI010000009.1_60	7e4697b087966d97b283ec8b44a9b2bb	571	ProSiteProfiles	PS51664	YcaO domain profile.	232	571	56.737061	T	26-06-2023	IPR003776	YcaO-like domain
JAANTI010000009.1_60	7e4697b087966d97b283ec8b44a9b2bb	571	Pfam	PF02624	YcaO cyclodehydratase, ATP-ad Mg2+-binding	232	536	1.1E-51	T	26-06-2023	IPR003776	YcaO-like domain
JAANTI010000009.1_60	7e4697b087966d97b283ec8b44a9b2bb	571	PANTHER	PTHR37809	RIBOSOMAL PROTEIN S12 METHYLTHIOTRANSFERASE ACCESSORY FACTOR YCAO	230	569	2.1E-49	T	26-06-2023	-	-
JAANTI010000009.1_25	96b651be2137e794838a76b0560694b2	95	Gene3D	G3DSA:1.10.10.10	-	29	90	6.7E-6	T	26-06-2023	IPR036388	Winged helix-like DNA-binding domain superfamily
JAANTI010000009.1_25	96b651be2137e794838a76b0560694b2	95	Pfam	PF01978	Sugar-specific transcriptional regulator TrmB	41	79	2.0E-6	T	26-06-2023	IPR002831	Transcription regulator TrmB, N-terminal
JAANTI010000009.1_25	96b651be2137e794838a76b0560694b2	95	SUPERFAMILY	SSF46785	"Winged helix" DNA-binding domain	33	72	1.04E-6	T	26-06-2023	IPR036390	Winged helix DNA-binding domain superfamily
JAANTI010000009.1_32	48a356d06b196f0a5888b4d07702fce4	202	CDD	cd00886	MogA_MoaB	37	184	1.49936E-56	T	26-06-2023	IPR001453	MoaB/Mog domain
JAANTI010000009.1_32	48a356d06b196f0a5888b4d07702fce4	202	Pfam	PF00994	Probable molybdopterin binding domain	38	175	1.3E-31	T	26-06-2023	IPR001453	MoaB/Mog domain
JAANTI010000009.1_32	48a356d06b196f0a5888b4d07702fce4	202	SMART	SM00852	MoCF_biosynth_3a	38	181	1.1E-27	T	26-06-2023	IPR001453	MoaB/Mog domain
JAANTI010000009.1_32	48a356d06b196f0a5888b4d07702fce4	202	MobiDBLite	mobidb-lite	consensus disorder prediction	182	202	-	T	26-06-2023	-	-
JAANTI010000009.1_32	48a356d06b196f0a5888b4d07702fce4	202	MobiDBLite	mobidb-lite	consensus disorder prediction	1	55	-	T	26-06-2023	-	-
JAANTI010000009.1_32	48a356d06b196f0a5888b4d07702fce4	202	SUPERFAMILY	SSF53218	Molybdenum cofactor biosynthesis proteins	33	185	1.7E-41	T	26-06-2023	IPR036425	MoaB/Mog-like domain superfamily
JAANTI010000009.1_32	48a356d06b196f0a5888b4d07702fce4	202	Gene3D	G3DSA:3.40.980.10	-	23	183	8.9E-45	T	26-06-2023	IPR036425	MoaB/Mog-like domain superfamily
JAANTI010000009.1_32	48a356d06b196f0a5888b4d07702fce4	202	ProSitePatterns	PS01078	Molybdenum cofactor biosynthesis proteins signature 1.	96	109	-	T	26-06-2023	IPR008284	Molybdenum cofactor biosynthesis, conserved site
JAANTI010000009.1_32	48a356d06b196f0a5888b4d07702fce4	202	MobiDBLite	mobidb-lite	consensus disorder prediction	1	34	-	T	26-06-2023	-	-
JAANTI010000009.1_32	48a356d06b196f0a5888b4d07702fce4	202	NCBIfam	TIGR00177	molybdenum cofactor biosynthesis domain	37	175	2.5E-33	T	26-06-2023	IPR001453	MoaB/Mog domain
JAANTI010000009.1_32	48a356d06b196f0a5888b4d07702fce4	202	PANTHER	PTHR43232	MOLYBDENUM COFACTOR BIOSYNTHESIS PROTEIN B	24	185	4.2E-55	T	26-06-2023	IPR012245	Molybdenum cofactor biosynthesis protein MoaB
JAANTI010000009.1_29	e40d208ccb49035d7d8a8a209b7a2254	127	Pfam	PF19137	Family of unknown function (DUF5820)	9	125	1.6E-51	T	26-06-2023	IPR043858	Protein of unknown function DUF5820
JAANTI010000009.1_38	471a1888c77d37c2153b92bf2859ab80	352	PANTHER	PTHR11405	CARBAMOYLTRANSFERASE FAMILY MEMBER	165	328	8.8E-23	T	26-06-2023	-	-
JAANTI010000009.1_38	471a1888c77d37c2153b92bf2859ab80	352	Hamap	MF_01209	Carbamoyl-phosphate synthase small chain [carA].	1	346	38.751587	T	26-06-2023	IPR006274	Carbamoyl-phosphate synthase, small subunit
JAANTI010000009.1_38	471a1888c77d37c2153b92bf2859ab80	352	SUPERFAMILY	SSF52021	Carbamoyl phosphate synthetase, small subunit N-terminal domain	1	127	1.31E-36	T	26-06-2023	IPR036480	Carbamoyl-phosphate synthase small subunit, N-terminal domain superfamily
JAANTI010000009.1_38	471a1888c77d37c2153b92bf2859ab80	352	SMART	SM01097	CPSase_sm_chain_2	1	121	2.2E-49	T	26-06-2023	IPR002474	Carbamoyl-phosphate synthase small subunit, N-terminal domain
JAANTI010000009.1_38	471a1888c77d37c2153b92bf2859ab80	352	PRINTS	PR00096	Glutamine amidotransferase superfamily signature	208	217	1.4E-9	T	26-06-2023	-	-
JAANTI010000009.1_38	471a1888c77d37c2153b92bf2859ab80	352	PRINTS	PR00096	Glutamine amidotransferase superfamily signature	235	246	1.4E-9	T	26-06-2023	-	-
JAANTI010000009.1_38	471a1888c77d37c2153b92bf2859ab80	352	PRINTS	PR00096	Glutamine amidotransferase superfamily signature	317	330	1.4E-9	T	26-06-2023	-	-
JAANTI010000009.1_38	471a1888c77d37c2153b92bf2859ab80	352	PRINTS	PR00099	Carbamoyl-phosphate synthase protein GATase domain signature	166	180	2.8E-28	T	26-06-2023	-	-
JAANTI010000009.1_38	471a1888c77d37c2153b92bf2859ab80	352	PRINTS	PR00099	Carbamoyl-phosphate synthase protein GATase domain signature	205	219	2.8E-28	T	26-06-2023	-	-
JAANTI010000009.1_38	471a1888c77d37c2153b92bf2859ab80	352	PRINTS	PR00099	Carbamoyl-phosphate synthase protein GATase domain signature	235	251	2.8E-28	T	26-06-2023	-	-
JAANTI010000009.1_38	471a1888c77d37c2153b92bf2859ab80	352	PRINTS	PR00099	Carbamoyl-phosphate synthase protein GATase domain signature	252	269	2.8E-28	T	26-06-2023	-	-
JAANTI010000009.1_38	471a1888c77d37c2153b92bf2859ab80	352	PRINTS	PR00099	Carbamoyl-phosphate synthase protein GATase domain signature	277	288	2.8E-28	T	26-06-2023	-	-
JAANTI010000009.1_38	471a1888c77d37c2153b92bf2859ab80	352	Pfam	PF00988	Carbamoyl-phosphate synthase small chain, CPSase domain	6	118	1.9E-33	T	26-06-2023	IPR002474	Carbamoyl-phosphate synthase small subunit, N-terminal domain
JAANTI010000009.1_38	471a1888c77d37c2153b92bf2859ab80	352	Gene3D	G3DSA:3.50.30.20	-	1	138	4.2E-36	T	26-06-2023	IPR036480	Carbamoyl-phosphate synthase small subunit, N-terminal domain superfamily
JAANTI010000009.1_38	471a1888c77d37c2153b92bf2859ab80	352	ProSiteProfiles	PS51273	Glutamine amidotransferase type 1 domain profile.	165	348	27.101532	T	26-06-2023	-	-
JAANTI010000009.1_38	471a1888c77d37c2153b92bf2859ab80	352	Gene3D	G3DSA:3.40.50.880	-	171	340	3.3E-24	T	26-06-2023	IPR029062	Class I glutamine amidotransferase-like
JAANTI010000009.1_38	471a1888c77d37c2153b92bf2859ab80	352	NCBIfam	TIGR01368	glutamine-hydrolyzing carbamoyl-phosphate synthase small subunit	3	341	2.6E-105	T	26-06-2023	IPR006274	Carbamoyl-phosphate synthase, small subunit
JAANTI010000009.1_38	471a1888c77d37c2153b92bf2859ab80	352	SUPERFAMILY	SSF52317	Class I glutamine amidotransferase-like	145	342	9.17E-46	T	26-06-2023	IPR029062	Class I glutamine amidotransferase-like
JAANTI010000009.1_38	471a1888c77d37c2153b92bf2859ab80	352	CDD	cd01744	GATase1_CPSase	166	337	3.33852E-82	T	26-06-2023	IPR035686	Carbamoyl-phosphate synthase small subunit, GATase1 domain
JAANTI010000009.1_38	471a1888c77d37c2153b92bf2859ab80	352	Pfam	PF00117	Glutamine amidotransferase class-I	168	339	2.3E-32	T	26-06-2023	IPR017926	Glutamine amidotransferase
JAANTI010000009.1_41	e6f9c265555cd397b9611d4589638437	134	Gene3D	G3DSA:2.170.150.20	Peptide methionine sulfoxide reductase.	1	134	4.8E-58	T	26-06-2023	-	-
JAANTI010000009.1_41	e6f9c265555cd397b9611d4589638437	134	SUPERFAMILY	SSF51316	Mss4-like	10	132	6.8E-56	T	26-06-2023	IPR011057	Mss4-like superfamily
JAANTI010000009.1_41	e6f9c265555cd397b9611d4589638437	134	FunFam	G3DSA:2.170.150.20:FF:000001	Peptide methionine sulfoxide reductase MsrB	4	134	6.1E-54	T	26-06-2023	-	-
JAANTI010000009.1_41	e6f9c265555cd397b9611d4589638437	134	ProSiteProfiles	PS51790	Methionine-R-sulfoxide reductase (MsrB) domain profile.	12	133	66.169968	T	26-06-2023	IPR002579	Peptide methionine sulphoxide reductase MrsB domain
JAANTI010000009.1_41	e6f9c265555cd397b9611d4589638437	134	Pfam	PF01641	SelR domain	14	131	1.7E-51	T	26-06-2023	IPR002579	Peptide methionine sulphoxide reductase MrsB domain
JAANTI010000009.1_41	e6f9c265555cd397b9611d4589638437	134	NCBIfam	TIGR00357	peptide-methionine (R)-S-oxide reductase MsrB	10	132	4.5E-51	T	26-06-2023	IPR002579	Peptide methionine sulphoxide reductase MrsB domain
JAANTI010000009.1_41	e6f9c265555cd397b9611d4589638437	134	PANTHER	PTHR10173	METHIONINE SULFOXIDE REDUCTASE	8	132	4.3E-53	T	26-06-2023	IPR028427	Peptide methionine sulfoxide reductase MsrB
JAANTI010000009.1_16	09f2d5b27ad4376bfec49b31c47fade5	528	MobiDBLite	mobidb-lite	consensus disorder prediction	168	218	-	T	26-06-2023	-	-
JAANTI010000009.1_36	8454db48896943aeecec6c62304ea3c6	228	PANTHER	PTHR48094	PROTEIN/NUCLEIC ACID DEGLYCASE DJ-1-RELATED	4	224	3.3E-23	T	26-06-2023	-	-
JAANTI010000009.1_36	8454db48896943aeecec6c62304ea3c6	228	Pfam	PF01965	DJ-1/PfpI family	5	223	8.1E-12	T	26-06-2023	IPR002818	DJ-1/PfpI
JAANTI010000009.1_36	8454db48896943aeecec6c62304ea3c6	228	SUPERFAMILY	SSF52317	Class I glutamine amidotransferase-like	3	224	4.8E-48	T	26-06-2023	IPR029062	Class I glutamine amidotransferase-like
JAANTI010000009.1_36	8454db48896943aeecec6c62304ea3c6	228	CDD	cd03141	GATase1_Hsp31_like	12	224	1.86165E-49	T	26-06-2023	-	-
JAANTI010000009.1_36	8454db48896943aeecec6c62304ea3c6	228	Gene3D	G3DSA:3.40.50.880	-	2	227	1.4E-55	T	26-06-2023	IPR029062	Class I glutamine amidotransferase-like
JAANTI010000009.1_23	0ae6c5d8882266ee963a25f1d6510548	180	MobiDBLite	mobidb-lite	consensus disorder prediction	151	180	-	T	26-06-2023	-	-
JAANTI010000009.1_23	0ae6c5d8882266ee963a25f1d6510548	180	MobiDBLite	mobidb-lite	consensus disorder prediction	1	28	-	T	26-06-2023	-	-
JAANTI010000009.1_77	6e04178dae9cbb0ffd13ae36cef2c41d	316	Gene3D	G3DSA:1.10.1670.10	-	30	230	1.6E-69	T	26-06-2023	IPR023170	Helix-hairpin-helix, base-excision DNA repair, C-terminal
JAANTI010000009.1_77	6e04178dae9cbb0ffd13ae36cef2c41d	316	PANTHER	PTHR42944	ADENINE DNA GLYCOSYLASE	22	235	3.8E-70	T	26-06-2023	IPR044298	Adenine/Thymine-DNA glycosylase
JAANTI010000009.1_77	6e04178dae9cbb0ffd13ae36cef2c41d	316	SUPERFAMILY	SSF48150	DNA-glycosylase	24	233	1.1E-60	T	26-06-2023	IPR011257	DNA glycosylase
JAANTI010000009.1_77	6e04178dae9cbb0ffd13ae36cef2c41d	316	Pfam	PF00633	Helix-hairpin-helix motif	121	150	6.5E-8	T	26-06-2023	IPR000445	Helix-hairpin-helix motif
JAANTI010000009.1_77	6e04178dae9cbb0ffd13ae36cef2c41d	316	CDD	cd00056	ENDO3c	51	204	2.33893E-48	T	26-06-2023	IPR003265	HhH-GPD domain
JAANTI010000009.1_77	6e04178dae9cbb0ffd13ae36cef2c41d	316	Gene3D	G3DSA:1.10.340.30	Hypothetical protein; domain 2	41	154	1.6E-69	T	26-06-2023	-	-
JAANTI010000009.1_77	6e04178dae9cbb0ffd13ae36cef2c41d	316	SMART	SM00478	endo3end	59	206	5.4E-41	T	26-06-2023	IPR003265	HhH-GPD domain
JAANTI010000009.1_77	6e04178dae9cbb0ffd13ae36cef2c41d	316	MobiDBLite	mobidb-lite	consensus disorder prediction	1	20	-	T	26-06-2023	-	-
JAANTI010000009.1_77	6e04178dae9cbb0ffd13ae36cef2c41d	316	Pfam	PF00730	HhH-GPD superfamily base excision DNA repair protein	55	188	1.3E-16	T	26-06-2023	IPR003265	HhH-GPD domain
JAANTI010000009.1_73	de946e1958f071028e3be23283e1966b	393	Pfam	PF01594	AI-2E family transporter	18	346	1.6E-27	T	26-06-2023	IPR002549	Transmembrane protein TqsA-like
JAANTI010000009.1_73	de946e1958f071028e3be23283e1966b	393	PANTHER	PTHR21716	TRANSMEMBRANE PROTEIN	146	350	3.5E-12	T	26-06-2023	IPR002549	Transmembrane protein TqsA-like
JAANTI010000009.1_64	6418115e50f5d0774edcd089e2165086	415	ProSitePatterns	PS00096	Serine hydroxymethyltransferase pyridoxal-phosphate attachment site.	220	236	-	T	26-06-2023	IPR019798	Serine hydroxymethyltransferase, pyridoxal phosphate binding site
JAANTI010000009.1_64	6418115e50f5d0774edcd089e2165086	415	PIRSF	PIRSF000412	SHMT	1	411	0.0	T	26-06-2023	IPR001085	Serine hydroxymethyltransferase
JAANTI010000009.1_64	6418115e50f5d0774edcd089e2165086	415	FunFam	G3DSA:3.40.640.10:FF:000001	Serine hydroxymethyltransferase	35	276	4.4E-110	T	26-06-2023	-	-
JAANTI010000009.1_64	6418115e50f5d0774edcd089e2165086	415	PANTHER	PTHR11680	SERINE HYDROXYMETHYLTRANSFERASE	6	389	0.0	T	26-06-2023	IPR001085	Serine hydroxymethyltransferase
JAANTI010000009.1_64	6418115e50f5d0774edcd089e2165086	415	Gene3D	G3DSA:3.40.640.10	-	35	276	0.0	T	26-06-2023	IPR015421	Pyridoxal phosphate-dependent transferase, major domain
JAANTI010000009.1_64	6418115e50f5d0774edcd089e2165086	415	Pfam	PF00464	Serine hydroxymethyltransferase	9	384	0.0	T	26-06-2023	IPR039429	Serine hydroxymethyltransferase-like domain
JAANTI010000009.1_64	6418115e50f5d0774edcd089e2165086	415	Hamap	MF_00051	Serine hydroxymethyltransferase [glyA].	5	415	47.83326	T	26-06-2023	IPR001085	Serine hydroxymethyltransferase
JAANTI010000009.1_64	6418115e50f5d0774edcd089e2165086	415	CDD	cd00378	SHMT	9	407	0.0	T	26-06-2023	IPR001085	Serine hydroxymethyltransferase
JAANTI010000009.1_64	6418115e50f5d0774edcd089e2165086	415	SUPERFAMILY	SSF53383	PLP-dependent transferases	3	414	0.0	T	26-06-2023	IPR015424	Pyridoxal phosphate-dependent transferase
JAANTI010000009.1_64	6418115e50f5d0774edcd089e2165086	415	Gene3D	G3DSA:3.90.1150.10	Aspartate Aminotransferase, domain 1	9	414	0.0	T	26-06-2023	IPR015422	Pyridoxal phosphate-dependent transferase, small domain
JAANTI010000009.1_80	100c5200afe46943e9418a95023d8201	295	Gene3D	G3DSA:2.160.10.10	Hexapeptide repeat proteins	8	125	2.8E-6	T	26-06-2023	-	-
JAANTI010000009.1_80	100c5200afe46943e9418a95023d8201	295	MobiDBLite	mobidb-lite	consensus disorder prediction	268	295	-	T	26-06-2023	-	-
JAANTI010000009.1_80	100c5200afe46943e9418a95023d8201	295	SUPERFAMILY	SSF51161	Trimeric LpxA-like enzymes	63	250	5.02E-12	T	26-06-2023	IPR011004	Trimeric LpxA-like superfamily
JAANTI010000009.1_80	100c5200afe46943e9418a95023d8201	295	Pfam	PF04519	Polymer-forming cytoskeletal	184	267	9.7E-11	T	26-06-2023	IPR007607	Bactofilin A/B
JAANTI010000009.1_80	100c5200afe46943e9418a95023d8201	295	Gene3D	G3DSA:2.160.10.10	Hexapeptide repeat proteins	161	276	2.0E-6	T	26-06-2023	-	-
JAANTI010000009.1_83	bed5499f81277be6c15a2b6450b8bda5	253	Gene3D	G3DSA:3.30.420.10	-	82	251	5.6E-10	T	26-06-2023	IPR036397	Ribonuclease H superfamily
JAANTI010000009.1_83	bed5499f81277be6c15a2b6450b8bda5	253	SUPERFAMILY	SSF53098	Ribonuclease H-like	92	240	8.29E-23	T	26-06-2023	IPR012337	Ribonuclease H-like superfamily
JAANTI010000009.1_83	bed5499f81277be6c15a2b6450b8bda5	253	PANTHER	PTHR38462	EXONUCLEASE-LIKE PROTEIN	10	248	2.7E-64	T	26-06-2023	-	-
JAANTI010000009.1_83	bed5499f81277be6c15a2b6450b8bda5	253	Pfam	PF13482	RNase_H superfamily	92	240	1.6E-35	T	26-06-2023	IPR038720	YprB, ribonuclease H-like domain
JAANTI010000009.1_89	177c2c62382be80bc6a7adf0c268986e	602	NCBIfam	TIGR00574	ATP-dependent DNA ligase	74	569	9.3E-99	T	26-06-2023	IPR000977	DNA ligase, ATP-dependent
JAANTI010000009.1_89	177c2c62382be80bc6a7adf0c268986e	602	MobiDBLite	mobidb-lite	consensus disorder prediction	585	602	-	T	26-06-2023	-	-
JAANTI010000009.1_89	177c2c62382be80bc6a7adf0c268986e	602	ProSitePatterns	PS00697	ATP-dependent DNA ligase AMP-binding site.	254	262	-	T	26-06-2023	IPR016059	DNA ligase, ATP-dependent, conserved site
JAANTI010000009.1_89	177c2c62382be80bc6a7adf0c268986e	602	SUPERFAMILY	SSF117018	ATP-dependent DNA ligase DNA-binding domain	2	239	1.24E-51	T	26-06-2023	IPR036599	DNA ligase, ATP-dependent, N-terminal domain superfamily
JAANTI010000009.1_89	177c2c62382be80bc6a7adf0c268986e	602	CDD	cd07901	Adenylation_DNA_ligase_Arch_LigB	227	447	2.25022E-77	T	26-06-2023	-	-
JAANTI010000009.1_89	177c2c62382be80bc6a7adf0c268986e	602	SUPERFAMILY	SSF50249	Nucleic acid-binding proteins	448	570	1.71E-34	T	26-06-2023	IPR012340	Nucleic acid-binding, OB-fold
JAANTI010000009.1_89	177c2c62382be80bc6a7adf0c268986e	602	FunFam	G3DSA:1.10.3260.10:FF:000007	DNA ligase	1	229	3.4E-59	T	26-06-2023	-	-
JAANTI010000009.1_89	177c2c62382be80bc6a7adf0c268986e	602	CDD	cd07972	OBF_DNA_ligase_Arch_LigB	449	568	1.40884E-55	T	26-06-2023	-	-
JAANTI010000009.1_89	177c2c62382be80bc6a7adf0c268986e	602	Gene3D	G3DSA:1.10.3260.10	-	1	229	6.9E-55	T	26-06-2023	IPR036599	DNA ligase, ATP-dependent, N-terminal domain superfamily
JAANTI010000009.1_89	177c2c62382be80bc6a7adf0c268986e	602	Pfam	PF04679	ATP dependent DNA ligase C terminal region	466	555	6.9E-18	T	26-06-2023	IPR012309	DNA ligase, ATP-dependent, C-terminal
JAANTI010000009.1_89	177c2c62382be80bc6a7adf0c268986e	602	SUPERFAMILY	SSF56091	DNA ligase/mRNA capping enzyme, catalytic domain	227	445	3.74E-45	T	26-06-2023	-	-
JAANTI010000009.1_89	177c2c62382be80bc6a7adf0c268986e	602	PANTHER	PTHR45674	DNA LIGASE 1/3 FAMILY MEMBER	2	571	3.4E-99	T	26-06-2023	-	-
JAANTI010000009.1_89	177c2c62382be80bc6a7adf0c268986e	602	Pfam	PF04675	DNA ligase N terminus	3	185	6.6E-33	T	26-06-2023	IPR012308	DNA ligase, ATP-dependent, N-terminal
JAANTI010000009.1_89	177c2c62382be80bc6a7adf0c268986e	602	Gene3D	G3DSA:3.30.470.30	DNA ligase/mRNA capping enzyme	230	445	3.3E-49	T	26-06-2023	-	-
JAANTI010000009.1_89	177c2c62382be80bc6a7adf0c268986e	602	MobiDBLite	mobidb-lite	consensus disorder prediction	568	602	-	T	26-06-2023	-	-
JAANTI010000009.1_89	177c2c62382be80bc6a7adf0c268986e	602	NCBIfam	NF041331	ATP-dependent DNA ligase LigA	1	570	0.0	T	26-06-2023	-	-
JAANTI010000009.1_89	177c2c62382be80bc6a7adf0c268986e	602	Gene3D	G3DSA:2.40.50.140	-	446	573	2.0E-41	T	26-06-2023	IPR012340	Nucleic acid-binding, OB-fold
JAANTI010000009.1_89	177c2c62382be80bc6a7adf0c268986e	602	Hamap	MF_00407	DNA ligase [lig].	1	571	29.255219	T	26-06-2023	IPR022865	DNA ligase, ATP-dependent, bacterial/archaeal
JAANTI010000009.1_89	177c2c62382be80bc6a7adf0c268986e	602	ProSiteProfiles	PS50160	ATP-dependent DNA ligase family profile.	349	478	18.303936	T	26-06-2023	IPR012310	DNA ligase, ATP-dependent, central
JAANTI010000009.1_89	177c2c62382be80bc6a7adf0c268986e	602	Pfam	PF01068	ATP dependent DNA ligase domain	284	445	4.2E-33	T	26-06-2023	IPR012310	DNA ligase, ATP-dependent, central
JAANTI010000009.1_88	303557f31b1d324765846d27b28d252f	253	Gene3D	G3DSA:3.60.15.10	-	1	242	8.9E-29	T	26-06-2023	IPR036866	Ribonuclease Z/Hydroxyacylglutathione hydrolase-like
JAANTI010000009.1_88	303557f31b1d324765846d27b28d252f	253	Pfam	PF13483	Beta-lactamase superfamily domain	9	221	2.9E-18	T	26-06-2023	-	-
JAANTI010000009.1_88	303557f31b1d324765846d27b28d252f	253	PANTHER	PTHR43546	UPF0173 METAL-DEPENDENT HYDROLASE MJ1163-RELATED	1	246	3.8E-29	T	26-06-2023	-	-
JAANTI010000009.1_88	303557f31b1d324765846d27b28d252f	253	SUPERFAMILY	SSF56281	Metallo-hydrolase/oxidoreductase	8	239	1.41E-14	T	26-06-2023	IPR036866	Ribonuclease Z/Hydroxyacylglutathione hydrolase-like
JAANTI010000009.1_13	46c9f5f829b67dfb38ab64bc1f1d312d	338	MobiDBLite	mobidb-lite	consensus disorder prediction	317	338	-	T	26-06-2023	-	-
JAANTI010000009.1_13	46c9f5f829b67dfb38ab64bc1f1d312d	338	Coils	Coil	Coil	268	295	-	T	26-06-2023	-	-
JAANTI010000009.1_6	a5bbb27cb5f50c026e27a62e7cb3c14d	181	MobiDBLite	mobidb-lite	consensus disorder prediction	1	24	-	T	26-06-2023	-	-
JAANTI010000009.1_42	f17242138345e6b2cb4ed8ea128109ad	314	Gene3D	G3DSA:3.40.50.720	-	27	304	9.7E-91	T	26-06-2023	-	-
JAANTI010000009.1_42	f17242138345e6b2cb4ed8ea128109ad	314	SUPERFAMILY	SSF51735	NAD(P)-binding Rossmann-fold domains	103	282	4.2E-53	T	26-06-2023	IPR036291	NAD(P)-binding domain superfamily
JAANTI010000009.1_42	f17242138345e6b2cb4ed8ea128109ad	314	PANTHER	PTHR43333	2-HACID_DH_C DOMAIN-CONTAINING PROTEIN	64	312	3.2E-78	T	26-06-2023	-	-
JAANTI010000009.1_42	f17242138345e6b2cb4ed8ea128109ad	314	Gene3D	G3DSA:3.40.50.720	-	100	285	9.7E-91	T	26-06-2023	-	-
JAANTI010000009.1_42	f17242138345e6b2cb4ed8ea128109ad	314	Pfam	PF02826	D-isomer specific 2-hydroxyacid dehydrogenase, NAD binding domain	109	282	2.7E-55	T	26-06-2023	IPR006140	D-isomer specific 2-hydroxyacid dehydrogenase, NAD-binding domain
JAANTI010000009.1_42	f17242138345e6b2cb4ed8ea128109ad	314	ProSitePatterns	PS00065	D-isomer specific 2-hydroxyacid dehydrogenases NAD-binding signature.	143	170	-	T	26-06-2023	IPR029752	D-isomer specific 2-hydroxyacid dehydrogenase, NAD-binding domain conserved site 1
JAANTI010000009.1_42	f17242138345e6b2cb4ed8ea128109ad	314	Pfam	PF00389	D-isomer specific 2-hydroxyacid dehydrogenase, catalytic domain	7	308	8.7E-12	T	26-06-2023	IPR006139	D-isomer specific 2-hydroxyacid dehydrogenase, catalytic domain
JAANTI010000009.1_42	f17242138345e6b2cb4ed8ea128109ad	314	SUPERFAMILY	SSF52283	Formate/glycerate dehydrogenase catalytic domain-like	18	154	1.4E-12	T	26-06-2023	-	-
JAANTI010000009.1_42	f17242138345e6b2cb4ed8ea128109ad	314	CDD	cd05300	2-Hacid_dh_1	12	313	2.83167E-123	T	26-06-2023	-	-
JAANTI010000009.1_1	07ee19922f12ae659e3e7cd057d8f7ba	462	Gene3D	G3DSA:3.40.50.200	Peptidase S8/S53 domain	92	422	4.2E-53	T	26-06-2023	IPR036852	Peptidase S8/S53 domain superfamily
JAANTI010000009.1_1	07ee19922f12ae659e3e7cd057d8f7ba	462	ProSitePatterns	PS00138	Serine proteases, subtilase family, serine active site.	349	359	-	T	26-06-2023	IPR023828	Peptidase S8, subtilisin, Ser-active site
JAANTI010000009.1_1	07ee19922f12ae659e3e7cd057d8f7ba	462	Pfam	PF00082	Subtilase family	117	399	1.2E-39	T	26-06-2023	IPR000209	Peptidase S8/S53 domain
JAANTI010000009.1_1	07ee19922f12ae659e3e7cd057d8f7ba	462	PRINTS	PR00723	Subtilisin serine protease family (S8) signature	117	136	1.2E-10	T	26-06-2023	IPR015500	Peptidase S8, subtilisin-related
JAANTI010000009.1_1	07ee19922f12ae659e3e7cd057d8f7ba	462	PRINTS	PR00723	Subtilisin serine protease family (S8) signature	171	184	1.2E-10	T	26-06-2023	IPR015500	Peptidase S8, subtilisin-related
JAANTI010000009.1_1	07ee19922f12ae659e3e7cd057d8f7ba	462	PRINTS	PR00723	Subtilisin serine protease family (S8) signature	348	364	1.2E-10	T	26-06-2023	IPR015500	Peptidase S8, subtilisin-related
JAANTI010000009.1_1	07ee19922f12ae659e3e7cd057d8f7ba	462	MobiDBLite	mobidb-lite	consensus disorder prediction	413	439	-	T	26-06-2023	-	-
JAANTI010000009.1_1	07ee19922f12ae659e3e7cd057d8f7ba	462	SUPERFAMILY	SSF52743	Subtilisin-like	112	418	6.41E-51	T	26-06-2023	IPR036852	Peptidase S8/S53 domain superfamily
JAANTI010000009.1_1	07ee19922f12ae659e3e7cd057d8f7ba	462	PANTHER	PTHR43806	PEPTIDASE S8	36	400	7.4E-45	T	26-06-2023	-	-
JAANTI010000009.1_1	07ee19922f12ae659e3e7cd057d8f7ba	462	MobiDBLite	mobidb-lite	consensus disorder prediction	414	439	-	T	26-06-2023	-	-
JAANTI010000009.1_1	07ee19922f12ae659e3e7cd057d8f7ba	462	ProSiteProfiles	PS51892	Serine proteases, subtilase domain profile.	95	418	30.68152	T	26-06-2023	-	-
