JAAOHU010000009.1_35	15ebae46e883255c983a42f75c060e54	164	MobiDBLite	mobidb-lite	consensus disorder prediction	1	16	-	T	26-06-2023	-	-
JAAOHU010000009.1_35	15ebae46e883255c983a42f75c060e54	164	MobiDBLite	mobidb-lite	consensus disorder prediction	1	41	-	T	26-06-2023	-	-
JAAOHU010000009.1_35	15ebae46e883255c983a42f75c060e54	164	MobiDBLite	mobidb-lite	consensus disorder prediction	17	41	-	T	26-06-2023	-	-
JAAOHU010000009.1_54	de04a6191f01b1befe7f028556a62431	823	SUPERFAMILY	SSF52540	P-loop containing nucleoside triphosphate hydrolases	195	580	2.23E-6	T	26-06-2023	IPR027417	P-loop containing nucleoside triphosphate hydrolase
JAAOHU010000009.1_54	de04a6191f01b1befe7f028556a62431	823	Gene3D	G3DSA:3.40.50.300	-	403	589	2.0E-11	T	26-06-2023	IPR027417	P-loop containing nucleoside triphosphate hydrolase
JAAOHU010000009.1_54	de04a6191f01b1befe7f028556a62431	823	Coils	Coil	Coil	324	344	-	T	26-06-2023	-	-
JAAOHU010000009.1_37	b518f62e16cf8fd5acffcf869385b1e6	176	CDD	cd04301	NAT_SF	40	118	0.0024171	T	26-06-2023	-	-
JAAOHU010000009.1_37	b518f62e16cf8fd5acffcf869385b1e6	176	ProSiteProfiles	PS51186	Gcn5-related N-acetyltransferase (GNAT) domain profile.	1	161	15.394193	T	26-06-2023	IPR000182	GNAT domain
JAAOHU010000009.1_37	b518f62e16cf8fd5acffcf869385b1e6	176	Pfam	PF00583	Acetyltransferase (GNAT) family	9	139	1.3E-9	T	26-06-2023	IPR000182	GNAT domain
JAAOHU010000009.1_37	b518f62e16cf8fd5acffcf869385b1e6	176	Gene3D	G3DSA:3.40.630.30	-	1	166	6.4E-16	T	26-06-2023	-	-
JAAOHU010000009.1_37	b518f62e16cf8fd5acffcf869385b1e6	176	SUPERFAMILY	SSF55729	Acyl-CoA N-acyltransferases (Nat)	6	149	5.06E-17	T	26-06-2023	IPR016181	Acyl-CoA N-acyltransferase
JAAOHU010000009.1_27	def36d4ed88c06d3a0abb8c1487952b2	137	MobiDBLite	mobidb-lite	consensus disorder prediction	116	137	-	T	26-06-2023	-	-
JAAOHU010000009.1_42	3462d092b2209abaedff68ab37440c74	108	Coils	Coil	Coil	75	100	-	T	26-06-2023	-	-
JAAOHU010000009.1_42	3462d092b2209abaedff68ab37440c74	108	MobiDBLite	mobidb-lite	consensus disorder prediction	79	99	-	T	26-06-2023	-	-
JAAOHU010000009.1_9	2eba4248656fab9439b441d532578e1d	121	MobiDBLite	mobidb-lite	consensus disorder prediction	25	46	-	T	26-06-2023	-	-
JAAOHU010000009.1_9	2eba4248656fab9439b441d532578e1d	121	MobiDBLite	mobidb-lite	consensus disorder prediction	14	48	-	T	26-06-2023	-	-
JAAOHU010000009.1_50	45cd534d5a10b265ab50240dd93d1cf8	105	MobiDBLite	mobidb-lite	consensus disorder prediction	82	105	-	T	26-06-2023	-	-
JAAOHU010000009.1_50	45cd534d5a10b265ab50240dd93d1cf8	105	Coils	Coil	Coil	6	33	-	T	26-06-2023	-	-
JAAOHU010000009.1_15	82b62f5111971e1182356e739bbcd81c	116	SMART	SM00507	HNH_5	34	95	5.5E-10	T	26-06-2023	IPR003615	HNH nuclease
JAAOHU010000009.1_15	82b62f5111971e1182356e739bbcd81c	116	CDD	cd00085	HNHc	34	94	6.12366E-9	T	26-06-2023	IPR003615	HNH nuclease
JAAOHU010000009.1_15	82b62f5111971e1182356e739bbcd81c	116	PANTHER	PTHR41286	HNH NUCLEASE YAJD-RELATED	25	103	7.1E-16	T	26-06-2023	-	-
JAAOHU010000009.1_15	82b62f5111971e1182356e739bbcd81c	116	Gene3D	G3DSA:1.10.30.50	-	24	116	5.5E-11	T	26-06-2023	-	-
JAAOHU010000009.1_15	82b62f5111971e1182356e739bbcd81c	116	Pfam	PF01844	HNH endonuclease	47	96	2.5E-9	T	26-06-2023	IPR002711	HNH endonuclease
JAAOHU010000009.1_55	647adbd05551cd2d9849a569d9d2015d	572	MobiDBLite	mobidb-lite	consensus disorder prediction	214	241	-	T	26-06-2023	-	-
JAAOHU010000009.1_55	647adbd05551cd2d9849a569d9d2015d	572	MobiDBLite	mobidb-lite	consensus disorder prediction	551	572	-	T	26-06-2023	-	-
JAAOHU010000009.1_55	647adbd05551cd2d9849a569d9d2015d	572	CDD	cd03493	SQR_QFR_TM	42	105	0.00697604	T	26-06-2023	-	-
JAAOHU010000009.1_68	17c5b2cc617cda5b1a4402e17deacfd1	494	MobiDBLite	mobidb-lite	consensus disorder prediction	1	59	-	T	26-06-2023	-	-
JAAOHU010000009.1_68	17c5b2cc617cda5b1a4402e17deacfd1	494	Gene3D	G3DSA:2.60.120.40	-	366	489	7.1E-7	T	26-06-2023	IPR008983	Tumour necrosis factor-like domain superfamily
JAAOHU010000009.1_68	17c5b2cc617cda5b1a4402e17deacfd1	494	MobiDBLite	mobidb-lite	consensus disorder prediction	1	28	-	T	26-06-2023	-	-
JAAOHU010000009.1_68	17c5b2cc617cda5b1a4402e17deacfd1	494	Coils	Coil	Coil	492	494	-	T	26-06-2023	-	-
JAAOHU010000009.1_68	17c5b2cc617cda5b1a4402e17deacfd1	494	MobiDBLite	mobidb-lite	consensus disorder prediction	43	58	-	T	26-06-2023	-	-
JAAOHU010000009.1_68	17c5b2cc617cda5b1a4402e17deacfd1	494	SUPERFAMILY	SSF75005	Arabinanase/levansucrase/invertase	75	227	6.11E-8	T	26-06-2023	IPR023296	Glycosyl hydrolase, five-bladed beta-propellor domain superfamily
JAAOHU010000009.1_68	17c5b2cc617cda5b1a4402e17deacfd1	494	SUPERFAMILY	SSF49842	TNF-like	374	476	1.04E-5	T	26-06-2023	IPR008983	Tumour necrosis factor-like domain superfamily
JAAOHU010000009.1_3	a7761369da7fe1f95a50b647ef5728ef	515	ProSiteProfiles	PS51318	Twin arginine translocation (Tat) signal profile.	1	31	8.59631	T	26-06-2023	IPR006311	Twin-arginine translocation pathway, signal sequence
JAAOHU010000009.1_3	a7761369da7fe1f95a50b647ef5728ef	515	ProSitePatterns	PS00137	Serine proteases, subtilase family, histidine active site.	244	254	-	T	26-06-2023	IPR022398	Peptidase S8, subtilisin, His-active site
JAAOHU010000009.1_3	a7761369da7fe1f95a50b647ef5728ef	515	Pfam	PF00082	Subtilase family	192	453	5.4E-30	T	26-06-2023	IPR000209	Peptidase S8/S53 domain
JAAOHU010000009.1_3	a7761369da7fe1f95a50b647ef5728ef	515	ProSitePatterns	PS00138	Serine proteases, subtilase family, serine active site.	418	428	-	T	26-06-2023	IPR023828	Peptidase S8, subtilisin, Ser-active site
JAAOHU010000009.1_3	a7761369da7fe1f95a50b647ef5728ef	515	CDD	cd00306	Peptidases_S8_S53	194	421	1.15377E-17	T	26-06-2023	-	-
JAAOHU010000009.1_3	a7761369da7fe1f95a50b647ef5728ef	515	Gene3D	G3DSA:3.40.50.200	Peptidase S8/S53 domain	173	472	2.8E-50	T	26-06-2023	IPR036852	Peptidase S8/S53 domain superfamily
JAAOHU010000009.1_3	a7761369da7fe1f95a50b647ef5728ef	515	PRINTS	PR00723	Subtilisin serine protease family (S8) signature	190	209	1.1E-7	T	26-06-2023	IPR015500	Peptidase S8, subtilisin-related
JAAOHU010000009.1_3	a7761369da7fe1f95a50b647ef5728ef	515	PRINTS	PR00723	Subtilisin serine protease family (S8) signature	240	253	1.1E-7	T	26-06-2023	IPR015500	Peptidase S8, subtilisin-related
JAAOHU010000009.1_3	a7761369da7fe1f95a50b647ef5728ef	515	PRINTS	PR00723	Subtilisin serine protease family (S8) signature	417	433	1.1E-7	T	26-06-2023	IPR015500	Peptidase S8, subtilisin-related
JAAOHU010000009.1_3	a7761369da7fe1f95a50b647ef5728ef	515	ProSiteProfiles	PS51892	Serine proteases, subtilase domain profile.	171	475	23.21249	T	26-06-2023	-	-
JAAOHU010000009.1_3	a7761369da7fe1f95a50b647ef5728ef	515	MobiDBLite	mobidb-lite	consensus disorder prediction	374	418	-	T	26-06-2023	-	-
JAAOHU010000009.1_3	a7761369da7fe1f95a50b647ef5728ef	515	SUPERFAMILY	SSF52743	Subtilisin-like	181	476	1.44E-45	T	26-06-2023	IPR036852	Peptidase S8/S53 domain superfamily
JAAOHU010000009.1_3	a7761369da7fe1f95a50b647ef5728ef	515	PANTHER	PTHR43806	PEPTIDASE S8	163	453	3.3E-34	T	26-06-2023	-	-
JAAOHU010000009.1_51	ce51963f32bb5c2127d03593bd819aad	369	ProSiteProfiles	PS51898	Tyrosine recombinase domain profile.	144	363	18.424429	T	26-06-2023	IPR002104	Integrase, catalytic domain
JAAOHU010000009.1_51	ce51963f32bb5c2127d03593bd819aad	369	Pfam	PF13102	Phage integrase SAM-like domain	46	119	4.2E-6	T	26-06-2023	IPR025269	Phage integrase SAM-like domain
JAAOHU010000009.1_51	ce51963f32bb5c2127d03593bd819aad	369	MobiDBLite	mobidb-lite	consensus disorder prediction	1	23	-	T	26-06-2023	-	-
JAAOHU010000009.1_51	ce51963f32bb5c2127d03593bd819aad	369	Gene3D	G3DSA:1.10.150.130	-	20	132	1.9E-7	T	26-06-2023	IPR010998	Integrase/recombinase, N-terminal
JAAOHU010000009.1_51	ce51963f32bb5c2127d03593bd819aad	369	CDD	cd00397	DNA_BRE_C	158	346	4.07755E-11	T	26-06-2023	-	-
JAAOHU010000009.1_51	ce51963f32bb5c2127d03593bd819aad	369	Gene3D	G3DSA:1.10.443.10	Intergrase catalytic core	153	360	3.5E-23	T	26-06-2023	IPR013762	Integrase-like, catalytic domain superfamily
JAAOHU010000009.1_51	ce51963f32bb5c2127d03593bd819aad	369	Pfam	PF00589	Phage integrase family	172	352	1.1E-7	T	26-06-2023	IPR002104	Integrase, catalytic domain
JAAOHU010000009.1_51	ce51963f32bb5c2127d03593bd819aad	369	SUPERFAMILY	SSF56349	DNA breaking-rejoining enzymes	25	362	1.5E-23	T	26-06-2023	IPR011010	DNA breaking-rejoining enzyme, catalytic core
JAAOHU010000009.1_45	c8cefd814311642c00bac67547246101	164	MobiDBLite	mobidb-lite	consensus disorder prediction	31	48	-	T	26-06-2023	-	-
JAAOHU010000009.1_45	c8cefd814311642c00bac67547246101	164	MobiDBLite	mobidb-lite	consensus disorder prediction	28	48	-	T	26-06-2023	-	-
JAAOHU010000009.1_20	2aa36091f387810886a1f3318c67871a	78	Gene3D	G3DSA:1.10.10.10	-	12	78	4.2E-5	T	26-06-2023	IPR036388	Winged helix-like DNA-binding domain superfamily
JAAOHU010000009.1_20	2aa36091f387810886a1f3318c67871a	78	SUPERFAMILY	SSF46785	"Winged helix" DNA-binding domain	19	70	5.55E-5	T	26-06-2023	IPR036390	Winged helix DNA-binding domain superfamily
JAAOHU010000009.1_49	6e0279019aa6682dbcd92297c4208faa	132	Pfam	PF08281	Sigma-70, region 4	14	60	3.5E-7	T	26-06-2023	IPR013249	RNA polymerase sigma factor 70, region 4 type 2
JAAOHU010000009.1_49	6e0279019aa6682dbcd92297c4208faa	132	SUPERFAMILY	SSF46894	C-terminal effector domain of the bipartite response regulators	10	61	1.24E-5	T	26-06-2023	IPR016032	Signal transduction response regulator, C-terminal effector
JAAOHU010000009.1_49	6e0279019aa6682dbcd92297c4208faa	132	Gene3D	G3DSA:1.10.10.10	-	2	61	1.1E-5	T	26-06-2023	IPR036388	Winged helix-like DNA-binding domain superfamily
JAAOHU010000009.1_19	4ea01a9e6eb29a7e423b3d5e7253028d	706	Gene3D	G3DSA:2.40.50.140	-	185	272	9.3E-10	T	26-06-2023	IPR012340	Nucleic acid-binding, OB-fold
JAAOHU010000009.1_19	4ea01a9e6eb29a7e423b3d5e7253028d	706	SUPERFAMILY	SSF52540	P-loop containing nucleoside triphosphate hydrolases	306	629	4.47E-35	T	26-06-2023	IPR027417	P-loop containing nucleoside triphosphate hydrolase
JAAOHU010000009.1_19	4ea01a9e6eb29a7e423b3d5e7253028d	706	FunFam	G3DSA:3.40.50.300:FF:002469	Cell division control protein 21	279	622	8.8E-85	T	26-06-2023	-	-
JAAOHU010000009.1_19	4ea01a9e6eb29a7e423b3d5e7253028d	706	ProSiteProfiles	PS50051	MCM family domain profile.	294	502	61.336918	T	26-06-2023	IPR001208	MCM domain
JAAOHU010000009.1_19	4ea01a9e6eb29a7e423b3d5e7253028d	706	SMART	SM00350	mcm	123	617	6.9E-89	T	26-06-2023	IPR031327	Mini-chromosome maintenance protein
JAAOHU010000009.1_19	4ea01a9e6eb29a7e423b3d5e7253028d	706	PANTHER	PTHR11630	DNA REPLICATION LICENSING FACTOR MCM FAMILY MEMBER	16	689	0.0	T	26-06-2023	IPR031327	Mini-chromosome maintenance protein
JAAOHU010000009.1_19	4ea01a9e6eb29a7e423b3d5e7253028d	706	Gene3D	G3DSA:3.40.50.300	-	273	621	4.1E-115	T	26-06-2023	IPR027417	P-loop containing nucleoside triphosphate hydrolase
JAAOHU010000009.1_19	4ea01a9e6eb29a7e423b3d5e7253028d	706	Gene3D	G3DSA:1.10.10.10	-	622	705	1.2E-26	T	26-06-2023	IPR036388	Winged helix-like DNA-binding domain superfamily
JAAOHU010000009.1_19	4ea01a9e6eb29a7e423b3d5e7253028d	706	Gene3D	G3DSA:2.20.28.10	-	142	184	2.5E-13	T	26-06-2023	-	-
JAAOHU010000009.1_19	4ea01a9e6eb29a7e423b3d5e7253028d	706	Pfam	PF17207	MCM OB domain	123	241	3.9E-16	T	26-06-2023	IPR033762	MCM OB domain
JAAOHU010000009.1_19	4ea01a9e6eb29a7e423b3d5e7253028d	706	SUPERFAMILY	SSF50249	Nucleic acid-binding proteins	39	239	2.23E-23	T	26-06-2023	IPR012340	Nucleic acid-binding, OB-fold
JAAOHU010000009.1_19	4ea01a9e6eb29a7e423b3d5e7253028d	706	PRINTS	PR01657	Mini-chromosome maintenance (MCM) protein family signature	335	350	9.1E-20	T	26-06-2023	IPR001208	MCM domain
JAAOHU010000009.1_19	4ea01a9e6eb29a7e423b3d5e7253028d	706	PRINTS	PR01657	Mini-chromosome maintenance (MCM) protein family signature	396	410	9.1E-20	T	26-06-2023	IPR001208	MCM domain
JAAOHU010000009.1_19	4ea01a9e6eb29a7e423b3d5e7253028d	706	PRINTS	PR01657	Mini-chromosome maintenance (MCM) protein family signature	424	437	9.1E-20	T	26-06-2023	IPR001208	MCM domain
JAAOHU010000009.1_19	4ea01a9e6eb29a7e423b3d5e7253028d	706	PRINTS	PR01657	Mini-chromosome maintenance (MCM) protein family signature	449	461	9.1E-20	T	26-06-2023	IPR001208	MCM domain
JAAOHU010000009.1_19	4ea01a9e6eb29a7e423b3d5e7253028d	706	PRINTS	PR01657	Mini-chromosome maintenance (MCM) protein family signature	476	484	9.1E-20	T	26-06-2023	IPR001208	MCM domain
JAAOHU010000009.1_19	4ea01a9e6eb29a7e423b3d5e7253028d	706	FunFam	G3DSA:2.20.28.10:FF:000003	DNA helicase	142	190	2.3E-9	T	26-06-2023	-	-
JAAOHU010000009.1_19	4ea01a9e6eb29a7e423b3d5e7253028d	706	Pfam	PF17855	MCM AAA-lid domain	531	616	6.8E-27	T	26-06-2023	IPR041562	MCM, AAA-lid domain
JAAOHU010000009.1_19	4ea01a9e6eb29a7e423b3d5e7253028d	706	Pfam	PF00493	MCM P-loop domain	283	504	6.5E-76	T	26-06-2023	IPR001208	MCM domain
JAAOHU010000009.1_19	4ea01a9e6eb29a7e423b3d5e7253028d	706	Gene3D	G3DSA:3.30.1640.10	-	5	105	7.4E-21	T	26-06-2023	-	-
JAAOHU010000009.1_26	90eb5b45a9912c5216e65988f24980b1	101	CDD	cd22231	RHH_NikR_HicB-like	14	43	7.99976E-9	T	26-06-2023	-	-
JAAOHU010000009.1_26	90eb5b45a9912c5216e65988f24980b1	101	Gene3D	G3DSA:1.10.1220.10	-	13	45	1.9E-7	T	26-06-2023	IPR013321	Arc-type ribbon-helix-helix
JAAOHU010000009.1_26	90eb5b45a9912c5216e65988f24980b1	101	SUPERFAMILY	SSF47598	Ribbon-helix-helix	14	43	3.45E-5	T	26-06-2023	IPR010985	Ribbon-helix-helix
JAAOHU010000009.1_26	90eb5b45a9912c5216e65988f24980b1	101	Pfam	PF01402	Ribbon-helix-helix protein, copG family	15	43	1.7E-4	T	26-06-2023	IPR002145	Ribbon-helix-helix protein, CopG
JAAOHU010000009.1_57	7c0708af4c475bc1377d4e695f225bf9	377	MobiDBLite	mobidb-lite	consensus disorder prediction	356	377	-	T	26-06-2023	-	-
JAAOHU010000009.1_57	7c0708af4c475bc1377d4e695f225bf9	377	Coils	Coil	Coil	270	304	-	T	26-06-2023	-	-
JAAOHU010000009.1_57	7c0708af4c475bc1377d4e695f225bf9	377	MobiDBLite	mobidb-lite	consensus disorder prediction	334	377	-	T	26-06-2023	-	-
JAAOHU010000009.1_10	08a782f0467204d39687f300ba8b95d7	80	SUPERFAMILY	SSF46785	"Winged helix" DNA-binding domain	10	64	1.8E-7	T	26-06-2023	IPR036390	Winged helix DNA-binding domain superfamily
JAAOHU010000009.1_10	08a782f0467204d39687f300ba8b95d7	80	Gene3D	G3DSA:1.10.10.10	-	9	78	2.5E-10	T	26-06-2023	IPR036388	Winged helix-like DNA-binding domain superfamily
JAAOHU010000009.1_10	08a782f0467204d39687f300ba8b95d7	80	Pfam	PF13412	Winged helix-turn-helix DNA-binding	15	56	7.2E-6	T	26-06-2023	-	-
JAAOHU010000009.1_4	5da2d2d9c8da5836d2d201b7f9199ea8	1247	Coils	Coil	Coil	752	772	-	T	26-06-2023	-	-
JAAOHU010000009.1_4	5da2d2d9c8da5836d2d201b7f9199ea8	1247	Gene3D	G3DSA:2.130.10.10	-	225	540	1.7E-28	T	26-06-2023	IPR015943	WD40/YVTN repeat-like-containing domain superfamily
JAAOHU010000009.1_4	5da2d2d9c8da5836d2d201b7f9199ea8	1247	PANTHER	PTHR34512	CELL SURFACE PROTEIN	44	244	7.3E-49	T	26-06-2023	-	-
JAAOHU010000009.1_4	5da2d2d9c8da5836d2d201b7f9199ea8	1247	Pfam	PF13360	PQQ-like domain	44	143	8.0E-8	T	26-06-2023	IPR002372	Pyrrolo-quinoline quinone repeat
JAAOHU010000009.1_4	5da2d2d9c8da5836d2d201b7f9199ea8	1247	Pfam	PF13360	PQQ-like domain	234	387	2.3E-17	T	26-06-2023	IPR002372	Pyrrolo-quinoline quinone repeat
JAAOHU010000009.1_4	5da2d2d9c8da5836d2d201b7f9199ea8	1247	Pfam	PF13360	PQQ-like domain	152	224	7.0E-13	T	26-06-2023	IPR002372	Pyrrolo-quinoline quinone repeat
JAAOHU010000009.1_4	5da2d2d9c8da5836d2d201b7f9199ea8	1247	MobiDBLite	mobidb-lite	consensus disorder prediction	1035	1057	-	T	26-06-2023	-	-
JAAOHU010000009.1_4	5da2d2d9c8da5836d2d201b7f9199ea8	1247	SMART	SM00564	ire1_9	232	270	6.2	T	26-06-2023	IPR018391	Pyrrolo-quinoline quinone beta-propeller repeat
JAAOHU010000009.1_4	5da2d2d9c8da5836d2d201b7f9199ea8	1247	SMART	SM00564	ire1_9	194	225	1.2E-6	T	26-06-2023	IPR018391	Pyrrolo-quinoline quinone beta-propeller repeat
JAAOHU010000009.1_4	5da2d2d9c8da5836d2d201b7f9199ea8	1247	SMART	SM00564	ire1_9	324	354	1.5E-4	T	26-06-2023	IPR018391	Pyrrolo-quinoline quinone beta-propeller repeat
JAAOHU010000009.1_4	5da2d2d9c8da5836d2d201b7f9199ea8	1247	SMART	SM00564	ire1_9	279	314	9.2E-4	T	26-06-2023	IPR018391	Pyrrolo-quinoline quinone beta-propeller repeat
JAAOHU010000009.1_4	5da2d2d9c8da5836d2d201b7f9199ea8	1247	SMART	SM00564	ire1_9	364	400	57.0	T	26-06-2023	IPR018391	Pyrrolo-quinoline quinone beta-propeller repeat
JAAOHU010000009.1_4	5da2d2d9c8da5836d2d201b7f9199ea8	1247	SMART	SM00564	ire1_9	153	185	3.8E-7	T	26-06-2023	IPR018391	Pyrrolo-quinoline quinone beta-propeller repeat
JAAOHU010000009.1_4	5da2d2d9c8da5836d2d201b7f9199ea8	1247	SMART	SM00564	ire1_9	112	144	2.4E-5	T	26-06-2023	IPR018391	Pyrrolo-quinoline quinone beta-propeller repeat
JAAOHU010000009.1_4	5da2d2d9c8da5836d2d201b7f9199ea8	1247	SMART	SM00564	ire1_9	67	104	0.28	T	26-06-2023	IPR018391	Pyrrolo-quinoline quinone beta-propeller repeat
JAAOHU010000009.1_4	5da2d2d9c8da5836d2d201b7f9199ea8	1247	SUPERFAMILY	SSF50998	Quinoprotein alcohol dehydrogenase-like	41	228	8.05E-35	T	26-06-2023	IPR011047	Quinoprotein alcohol dehydrogenase-like superfamily
JAAOHU010000009.1_4	5da2d2d9c8da5836d2d201b7f9199ea8	1247	Coils	Coil	Coil	623	643	-	T	26-06-2023	-	-
JAAOHU010000009.1_4	5da2d2d9c8da5836d2d201b7f9199ea8	1247	Gene3D	G3DSA:2.40.128.630	-	146	224	1.7E-22	T	26-06-2023	-	-
JAAOHU010000009.1_4	5da2d2d9c8da5836d2d201b7f9199ea8	1247	Gene3D	G3DSA:2.40.128.630	-	31	145	1.7E-19	T	26-06-2023	-	-
JAAOHU010000009.1_4	5da2d2d9c8da5836d2d201b7f9199ea8	1247	SUPERFAMILY	SSF50998	Quinoprotein alcohol dehydrogenase-like	235	420	2.75E-22	T	26-06-2023	IPR011047	Quinoprotein alcohol dehydrogenase-like superfamily
JAAOHU010000009.1_32	288df2bc84b4afb7d4fad2826b12d9ba	64	Coils	Coil	Coil	59	64	-	T	26-06-2023	-	-
JAAOHU010000009.1_56	4016a44d204a524299e85060a3293c91	471	MobiDBLite	mobidb-lite	consensus disorder prediction	444	471	-	T	26-06-2023	-	-
JAAOHU010000009.1_56	4016a44d204a524299e85060a3293c91	471	MobiDBLite	mobidb-lite	consensus disorder prediction	436	471	-	T	26-06-2023	-	-
JAAOHU010000009.1_56	4016a44d204a524299e85060a3293c91	471	MobiDBLite	mobidb-lite	consensus disorder prediction	42	88	-	T	26-06-2023	-	-
JAAOHU010000009.1_56	4016a44d204a524299e85060a3293c91	471	MobiDBLite	mobidb-lite	consensus disorder prediction	42	56	-	T	26-06-2023	-	-
JAAOHU010000009.1_56	4016a44d204a524299e85060a3293c91	471	Coils	Coil	Coil	403	423	-	T	26-06-2023	-	-
JAAOHU010000009.1_56	4016a44d204a524299e85060a3293c91	471	MobiDBLite	mobidb-lite	consensus disorder prediction	66	83	-	T	26-06-2023	-	-
JAAOHU010000009.1_2	06393595375ad04eb3ed76063d2d8442	252	ProSiteProfiles	PS51318	Twin arginine translocation (Tat) signal profile.	1	30	9.328004	T	26-06-2023	IPR006311	Twin-arginine translocation pathway, signal sequence
JAAOHU010000009.1_48	20c3cce6792773bf5145679a951453f8	269	Gene3D	G3DSA:3.40.50.300	-	2	263	1.1E-62	T	26-06-2023	IPR027417	P-loop containing nucleoside triphosphate hydrolase
JAAOHU010000009.1_48	20c3cce6792773bf5145679a951453f8	269	PANTHER	PTHR13696	P-LOOP CONTAINING NUCLEOSIDE TRIPHOSPHATE HYDROLASE	7	258	1.5E-46	T	26-06-2023	-	-
JAAOHU010000009.1_48	20c3cce6792773bf5145679a951453f8	269	Pfam	PF13614	AAA domain	7	178	2.2E-42	T	26-06-2023	IPR025669	AAA domain
JAAOHU010000009.1_48	20c3cce6792773bf5145679a951453f8	269	SUPERFAMILY	SSF52540	P-loop containing nucleoside triphosphate hydrolases	3	243	1.8E-49	T	26-06-2023	IPR027417	P-loop containing nucleoside triphosphate hydrolase
JAAOHU010000009.1_48	20c3cce6792773bf5145679a951453f8	269	CDD	cd02042	ParAB_family	7	210	2.74977E-34	T	26-06-2023	-	-
JAAOHU010000009.1_65	d50a6aaad51245ed13aa38d66f655215	253	MobiDBLite	mobidb-lite	consensus disorder prediction	30	55	-	T	26-06-2023	-	-
JAAOHU010000009.1_1	ef1806ff1ce9935700f81177b06d2ea6	325	ProSiteProfiles	PS51318	Twin arginine translocation (Tat) signal profile.	1	130	7.807313	T	26-06-2023	IPR006311	Twin-arginine translocation pathway, signal sequence
JAAOHU010000009.1_13	a3c6588be0cadddf0e2ae0dc6d56ddca	125	SUPERFAMILY	SSF46785	"Winged helix" DNA-binding domain	37	94	3.72E-5	T	26-06-2023	IPR036390	Winged helix DNA-binding domain superfamily
JAAOHU010000009.1_18	9a06e6ae276d1833a46c33dcdefee1ef	196	MobiDBLite	mobidb-lite	consensus disorder prediction	161	176	-	T	26-06-2023	-	-
JAAOHU010000009.1_18	9a06e6ae276d1833a46c33dcdefee1ef	196	MobiDBLite	mobidb-lite	consensus disorder prediction	61	80	-	T	26-06-2023	-	-
JAAOHU010000009.1_18	9a06e6ae276d1833a46c33dcdefee1ef	196	MobiDBLite	mobidb-lite	consensus disorder prediction	177	196	-	T	26-06-2023	-	-
JAAOHU010000009.1_18	9a06e6ae276d1833a46c33dcdefee1ef	196	Coils	Coil	Coil	29	67	-	T	26-06-2023	-	-
JAAOHU010000009.1_18	9a06e6ae276d1833a46c33dcdefee1ef	196	MobiDBLite	mobidb-lite	consensus disorder prediction	161	196	-	T	26-06-2023	-	-
JAAOHU010000009.1_58	2e8ec02f9d9de8e972747406aa8ee0ac	246	MobiDBLite	mobidb-lite	consensus disorder prediction	203	222	-	T	26-06-2023	-	-
JAAOHU010000009.1_58	2e8ec02f9d9de8e972747406aa8ee0ac	246	MobiDBLite	mobidb-lite	consensus disorder prediction	199	246	-	T	26-06-2023	-	-
JAAOHU010000009.1_46	56109745ed8e600a356990dc94228743	101	MobiDBLite	mobidb-lite	consensus disorder prediction	1	26	-	T	26-06-2023	-	-
JAAOHU010000009.1_34	9e08288dceebd17cea41dcc73e99a710	96	MobiDBLite	mobidb-lite	consensus disorder prediction	1	31	-	T	26-06-2023	-	-
JAAOHU010000009.1_64	56d5ca50f9ead92684a2124ca05bc568	60	MobiDBLite	mobidb-lite	consensus disorder prediction	1	16	-	T	26-06-2023	-	-
JAAOHU010000009.1_64	56d5ca50f9ead92684a2124ca05bc568	60	MobiDBLite	mobidb-lite	consensus disorder prediction	17	33	-	T	26-06-2023	-	-
JAAOHU010000009.1_64	56d5ca50f9ead92684a2124ca05bc568	60	MobiDBLite	mobidb-lite	consensus disorder prediction	1	33	-	T	26-06-2023	-	-
JAAOHU010000009.1_47	5a7869c2d271c0c7c8d13dc88a61d3f7	129	MobiDBLite	mobidb-lite	consensus disorder prediction	1	27	-	T	26-06-2023	-	-
JAAOHU010000009.1_47	5a7869c2d271c0c7c8d13dc88a61d3f7	129	MobiDBLite	mobidb-lite	consensus disorder prediction	1	67	-	T	26-06-2023	-	-
JAAOHU010000009.1_47	5a7869c2d271c0c7c8d13dc88a61d3f7	129	MobiDBLite	mobidb-lite	consensus disorder prediction	28	42	-	T	26-06-2023	-	-
JAAOHU010000009.1_39	7c8b36709196d15e4c4b1798d446c8c7	76	MobiDBLite	mobidb-lite	consensus disorder prediction	1	22	-	T	26-06-2023	-	-
JAAOHU010000009.1_16	8c06de1ccc2b0be68be19e31f1d34e5c	97	SUPERFAMILY	SSF46785	"Winged helix" DNA-binding domain	9	94	4.39E-7	T	26-06-2023	IPR036390	Winged helix DNA-binding domain superfamily
JAAOHU010000009.1_16	8c06de1ccc2b0be68be19e31f1d34e5c	97	Gene3D	G3DSA:1.10.10.10	-	1	91	1.7E-19	T	26-06-2023	IPR036388	Winged helix-like DNA-binding domain superfamily
JAAOHU010000009.1_36	db4d97c441ec54a9f3d3ba289971a177	240	Gene3D	G3DSA:3.40.50.150	Vaccinia Virus protein VP39	1	229	8.0E-21	T	26-06-2023	IPR029063	S-adenosyl-L-methionine-dependent methyltransferase superfamily
JAAOHU010000009.1_36	db4d97c441ec54a9f3d3ba289971a177	240	SUPERFAMILY	SSF53335	S-adenosyl-L-methionine-dependent methyltransferases	3	228	8.95E-22	T	26-06-2023	IPR029063	S-adenosyl-L-methionine-dependent methyltransferase superfamily
