JABUQZ010000003.1_122	76e05eb403f3444053f88a6bb4081cbe	47	Coils	Coil	Coil	26	46	-	T	26-06-2023	-	-
JABUQZ010000003.1_122	76e05eb403f3444053f88a6bb4081cbe	47	Pfam	PF02416	mttA/Hcf106 family	2	38	8.1E-11	T	26-06-2023	IPR003369	Sec-independent protein translocase protein TatA/B/E
JABUQZ010000003.1_122	76e05eb403f3444053f88a6bb4081cbe	47	Gene3D	G3DSA:1.20.5.3310	-	1	46	6.2E-12	T	26-06-2023	-	-
JABUQZ010000003.1_23	07789075cd851e7cd54a6b42d690b061	79	MobiDBLite	mobidb-lite	consensus disorder prediction	58	79	-	T	26-06-2023	-	-
JABUQZ010000003.1_33	7959b6413109c5ec245c63bb9cc94fd0	1051	SUPERFAMILY	SSF63825	YWTD domain	53	246	3.01E-12	T	26-06-2023	-	-
JABUQZ010000003.1_33	7959b6413109c5ec245c63bb9cc94fd0	1051	MobiDBLite	mobidb-lite	consensus disorder prediction	29	55	-	T	26-06-2023	-	-
JABUQZ010000003.1_124	d70943c64ea62a6dbe77bedb20af9c47	234	Gene3D	G3DSA:2.60.120.560	-	5	229	2.8E-6	T	26-06-2023	-	-
JABUQZ010000003.1_31	b2e684e7ea084907705a3277fc42db8e	103	MobiDBLite	mobidb-lite	consensus disorder prediction	1	23	-	T	26-06-2023	-	-
JABUQZ010000003.1_4	aec460eb65ad85f3ef98a01aa75b901d	1201	Gene3D	G3DSA:2.40.128.630	-	238	359	2.9E-16	T	26-06-2023	-	-
JABUQZ010000003.1_4	aec460eb65ad85f3ef98a01aa75b901d	1201	ProSiteProfiles	PS50082	Trp-Asp (WD) repeats profile.	228	269	9.873505	T	26-06-2023	IPR001680	WD40 repeat
JABUQZ010000003.1_4	aec460eb65ad85f3ef98a01aa75b901d	1201	ProSiteProfiles	PS50082	Trp-Asp (WD) repeats profile.	186	218	9.271977	T	26-06-2023	IPR001680	WD40 repeat
JABUQZ010000003.1_4	aec460eb65ad85f3ef98a01aa75b901d	1201	Gene3D	G3DSA:2.130.10.10	-	140	237	7.0E-16	T	26-06-2023	IPR015943	WD40/YVTN repeat-like-containing domain superfamily
JABUQZ010000003.1_4	aec460eb65ad85f3ef98a01aa75b901d	1201	SMART	SM00320	WD40_4	263	302	86.0	T	26-06-2023	IPR001680	WD40 repeat
JABUQZ010000003.1_4	aec460eb65ad85f3ef98a01aa75b901d	1201	SMART	SM00320	WD40_4	221	260	0.0052	T	26-06-2023	IPR001680	WD40 repeat
JABUQZ010000003.1_4	aec460eb65ad85f3ef98a01aa75b901d	1201	SMART	SM00320	WD40_4	95	134	0.07	T	26-06-2023	IPR001680	WD40 repeat
JABUQZ010000003.1_4	aec460eb65ad85f3ef98a01aa75b901d	1201	SMART	SM00320	WD40_4	137	176	0.48	T	26-06-2023	IPR001680	WD40 repeat
JABUQZ010000003.1_4	aec460eb65ad85f3ef98a01aa75b901d	1201	SMART	SM00320	WD40_4	179	218	8.2E-4	T	26-06-2023	IPR001680	WD40 repeat
JABUQZ010000003.1_4	aec460eb65ad85f3ef98a01aa75b901d	1201	ProSiteProfiles	PS50082	Trp-Asp (WD) repeats profile.	102	131	8.603614	T	26-06-2023	IPR001680	WD40 repeat
JABUQZ010000003.1_4	aec460eb65ad85f3ef98a01aa75b901d	1201	PANTHER	PTHR19848	WD40 REPEAT PROTEIN	122	278	2.1E-26	T	26-06-2023	-	-
JABUQZ010000003.1_4	aec460eb65ad85f3ef98a01aa75b901d	1201	SUPERFAMILY	SSF50998	Quinoprotein alcohol dehydrogenase-like	76	361	1.7E-52	T	26-06-2023	IPR011047	Quinoprotein alcohol dehydrogenase-like superfamily
JABUQZ010000003.1_4	aec460eb65ad85f3ef98a01aa75b901d	1201	Pfam	PF13360	PQQ-like domain	72	188	2.1E-13	T	26-06-2023	IPR002372	Pyrrolo-quinoline quinone repeat
JABUQZ010000003.1_4	aec460eb65ad85f3ef98a01aa75b901d	1201	Pfam	PF13360	PQQ-like domain	201	314	3.2E-11	T	26-06-2023	IPR002372	Pyrrolo-quinoline quinone repeat
JABUQZ010000003.1_4	aec460eb65ad85f3ef98a01aa75b901d	1201	Gene3D	G3DSA:2.40.10.480	-	73	139	1.3E-10	T	26-06-2023	-	-
JABUQZ010000003.1_4	aec460eb65ad85f3ef98a01aa75b901d	1201	SMART	SM00564	ire1_9	113	145	0.018	T	26-06-2023	IPR018391	Pyrrolo-quinoline quinone beta-propeller repeat
JABUQZ010000003.1_4	aec460eb65ad85f3ef98a01aa75b901d	1201	SMART	SM00564	ire1_9	154	187	0.013	T	26-06-2023	IPR018391	Pyrrolo-quinoline quinone beta-propeller repeat
JABUQZ010000003.1_4	aec460eb65ad85f3ef98a01aa75b901d	1201	SMART	SM00564	ire1_9	72	103	3.8E-5	T	26-06-2023	IPR018391	Pyrrolo-quinoline quinone beta-propeller repeat
JABUQZ010000003.1_4	aec460eb65ad85f3ef98a01aa75b901d	1201	SMART	SM00564	ire1_9	281	313	2.3	T	26-06-2023	IPR018391	Pyrrolo-quinoline quinone beta-propeller repeat
JABUQZ010000003.1_4	aec460eb65ad85f3ef98a01aa75b901d	1201	SMART	SM00564	ire1_9	325	355	67.0	T	26-06-2023	IPR018391	Pyrrolo-quinoline quinone beta-propeller repeat
JABUQZ010000003.1_4	aec460eb65ad85f3ef98a01aa75b901d	1201	SMART	SM00564	ire1_9	239	271	0.56	T	26-06-2023	IPR018391	Pyrrolo-quinoline quinone beta-propeller repeat
JABUQZ010000003.1_4	aec460eb65ad85f3ef98a01aa75b901d	1201	SMART	SM00564	ire1_9	197	229	0.0075	T	26-06-2023	IPR018391	Pyrrolo-quinoline quinone beta-propeller repeat
JABUQZ010000003.1_92	61139907608b0ec2598c0ad4f850fe3f	171	MobiDBLite	mobidb-lite	consensus disorder prediction	1	25	-	T	26-06-2023	-	-
JABUQZ010000003.1_92	61139907608b0ec2598c0ad4f850fe3f	171	Gene3D	G3DSA:1.10.10.10	-	61	165	2.9E-7	T	26-06-2023	IPR036388	Winged helix-like DNA-binding domain superfamily
JABUQZ010000003.1_114	2d01f94ae79f915f7b6ae012f3dabeb9	232	ProSiteProfiles	PS51318	Twin arginine translocation (Tat) signal profile.	1	34	9.41616	T	26-06-2023	IPR006311	Twin-arginine translocation pathway, signal sequence
JABUQZ010000003.1_54	3cd619adf4cb3cc03b5afc09d6e77fea	59	MobiDBLite	mobidb-lite	consensus disorder prediction	1	23	-	T	26-06-2023	-	-
JABUQZ010000003.1_69	1c0f15c51468db43b6ca429b1f771ac5	209	MobiDBLite	mobidb-lite	consensus disorder prediction	86	121	-	T	26-06-2023	-	-
JABUQZ010000003.1_69	1c0f15c51468db43b6ca429b1f771ac5	209	ProSitePatterns	PS00028	Zinc finger C2H2 type domain signature.	48	70	-	T	26-06-2023	IPR013087	Zinc finger C2H2-type
JABUQZ010000003.1_10	40cee5879c490c83180a8030e77202a1	53	MobiDBLite	mobidb-lite	consensus disorder prediction	1	27	-	T	26-06-2023	-	-
JABUQZ010000003.1_10	40cee5879c490c83180a8030e77202a1	53	MobiDBLite	mobidb-lite	consensus disorder prediction	1	53	-	T	26-06-2023	-	-
JABUQZ010000003.1_10	40cee5879c490c83180a8030e77202a1	53	MobiDBLite	mobidb-lite	consensus disorder prediction	38	53	-	T	26-06-2023	-	-
JABUQZ010000003.1_14	aa59604bb397ddb5b14a54e6836593a7	83	Gene3D	G3DSA:1.10.10.10	-	1	77	1.2E-18	T	26-06-2023	IPR036388	Winged helix-like DNA-binding domain superfamily
JABUQZ010000003.1_5	7a2cd24a1d43f2acc20a22819b848cea	210	MobiDBLite	mobidb-lite	consensus disorder prediction	1	15	-	T	26-06-2023	-	-
JABUQZ010000003.1_5	7a2cd24a1d43f2acc20a22819b848cea	210	MobiDBLite	mobidb-lite	consensus disorder prediction	23	53	-	T	26-06-2023	-	-
JABUQZ010000003.1_5	7a2cd24a1d43f2acc20a22819b848cea	210	MobiDBLite	mobidb-lite	consensus disorder prediction	1	53	-	T	26-06-2023	-	-
JABUQZ010000003.1_16	fcab833769e7a796b3a34b9d781d7b5b	1154	MobiDBLite	mobidb-lite	consensus disorder prediction	191	210	-	T	26-06-2023	-	-
JABUQZ010000003.1_16	fcab833769e7a796b3a34b9d781d7b5b	1154	MobiDBLite	mobidb-lite	consensus disorder prediction	562	578	-	T	26-06-2023	-	-
JABUQZ010000003.1_16	fcab833769e7a796b3a34b9d781d7b5b	1154	MobiDBLite	mobidb-lite	consensus disorder prediction	548	592	-	T	26-06-2023	-	-
JABUQZ010000003.1_21	be1fd6b4b85b9d36ab88640c81ccc55b	217	MobiDBLite	mobidb-lite	consensus disorder prediction	195	217	-	T	26-06-2023	-	-
JABUQZ010000003.1_21	be1fd6b4b85b9d36ab88640c81ccc55b	217	MobiDBLite	mobidb-lite	consensus disorder prediction	1	26	-	T	26-06-2023	-	-
JABUQZ010000003.1_21	be1fd6b4b85b9d36ab88640c81ccc55b	217	MobiDBLite	mobidb-lite	consensus disorder prediction	88	124	-	T	26-06-2023	-	-
JABUQZ010000003.1_1	eccc1a67e0527a818c516831404d4335	424	SUPERFAMILY	SSF51126	Pectin lyase-like	276	416	3.14E-7	T	26-06-2023	IPR011050	Pectin lyase fold/virulence factor
JABUQZ010000003.1_1	eccc1a67e0527a818c516831404d4335	424	Gene3D	G3DSA:2.160.20.10	-	192	423	4.3E-6	T	26-06-2023	IPR012334	Pectin lyase fold
JABUQZ010000003.1_1	eccc1a67e0527a818c516831404d4335	424	MobiDBLite	mobidb-lite	consensus disorder prediction	1	20	-	T	26-06-2023	-	-
JABUQZ010000003.1_55	b1345cea89b25a906daa998b08ed99f2	54	MobiDBLite	mobidb-lite	consensus disorder prediction	1	15	-	T	26-06-2023	-	-
JABUQZ010000003.1_55	b1345cea89b25a906daa998b08ed99f2	54	MobiDBLite	mobidb-lite	consensus disorder prediction	19	33	-	T	26-06-2023	-	-
JABUQZ010000003.1_55	b1345cea89b25a906daa998b08ed99f2	54	MobiDBLite	mobidb-lite	consensus disorder prediction	1	54	-	T	26-06-2023	-	-
JABUQZ010000003.1_18	aebfce34ab67a0c7c4467c5d33e30fb9	167	MobiDBLite	mobidb-lite	consensus disorder prediction	1	23	-	T	26-06-2023	-	-
JABUQZ010000003.1_57	7924e1fbbb6785016e5863ac0b74a4d7	82	Coils	Coil	Coil	51	81	-	T	26-06-2023	-	-
JABUQZ010000003.1_57	7924e1fbbb6785016e5863ac0b74a4d7	82	MobiDBLite	mobidb-lite	consensus disorder prediction	1	20	-	T	26-06-2023	-	-
JABUQZ010000003.1_25	96bf368627877dbc36957fb10b229985	358	SUPERFAMILY	SSF51713	tRNA-guanine transglycosylase	111	278	1.05E-5	T	26-06-2023	IPR036511	Queuine tRNA-ribosyltransferase-like
JABUQZ010000003.1_25	96bf368627877dbc36957fb10b229985	358	Gene3D	G3DSA:3.20.20.105	-	85	288	2.7E-9	T	26-06-2023	IPR036511	Queuine tRNA-ribosyltransferase-like
JABUQZ010000003.1_25	96bf368627877dbc36957fb10b229985	358	MobiDBLite	mobidb-lite	consensus disorder prediction	1	24	-	T	26-06-2023	-	-
JABUQZ010000003.1_25	96bf368627877dbc36957fb10b229985	358	Coils	Coil	Coil	320	340	-	T	26-06-2023	-	-
JABUQZ010000003.1_27	61d8b0b43d055c314f56b3b15f93c361	155	MobiDBLite	mobidb-lite	consensus disorder prediction	123	155	-	T	26-06-2023	-	-
JABUQZ010000003.1_27	61d8b0b43d055c314f56b3b15f93c361	155	MobiDBLite	mobidb-lite	consensus disorder prediction	1	26	-	T	26-06-2023	-	-
JABUQZ010000003.1_19	46ecef0d244d819197c78ce750027781	76	Coils	Coil	Coil	39	66	-	T	26-06-2023	-	-
JABUQZ010000003.1_19	46ecef0d244d819197c78ce750027781	76	Gene3D	G3DSA:1.10.10.10	-	16	69	6.4E-8	T	26-06-2023	IPR036388	Winged helix-like DNA-binding domain superfamily
JABUQZ010000003.1_19	46ecef0d244d819197c78ce750027781	76	Pfam	PF12840	Helix-turn-helix domain	22	68	6.6E-8	T	26-06-2023	-	-
JABUQZ010000003.1_19	46ecef0d244d819197c78ce750027781	76	SUPERFAMILY	SSF46785	"Winged helix" DNA-binding domain	14	66	1.13E-8	T	26-06-2023	IPR036390	Winged helix DNA-binding domain superfamily
JABUQZ010000003.1_105	f58853c01d2a99249fe4bc469f459c1e	577	ProSiteProfiles	PS51318	Twin arginine translocation (Tat) signal profile.	1	28	7.626593	T	26-06-2023	IPR006311	Twin-arginine translocation pathway, signal sequence
JABUQZ010000003.1_105	f58853c01d2a99249fe4bc469f459c1e	577	MobiDBLite	mobidb-lite	consensus disorder prediction	528	577	-	T	26-06-2023	-	-
JABUQZ010000003.1_105	f58853c01d2a99249fe4bc469f459c1e	577	MobiDBLite	mobidb-lite	consensus disorder prediction	144	178	-	T	26-06-2023	-	-
JABUQZ010000003.1_105	f58853c01d2a99249fe4bc469f459c1e	577	MobiDBLite	mobidb-lite	consensus disorder prediction	528	550	-	T	26-06-2023	-	-
JABUQZ010000003.1_105	f58853c01d2a99249fe4bc469f459c1e	577	MobiDBLite	mobidb-lite	consensus disorder prediction	151	178	-	T	26-06-2023	-	-
JABUQZ010000003.1_3	296a77924bde9de0b1ee169dfa29d9f3	517	SUPERFAMILY	SSF52743	Subtilisin-like	202	488	4.71E-47	T	26-06-2023	IPR036852	Peptidase S8/S53 domain superfamily
JABUQZ010000003.1_3	296a77924bde9de0b1ee169dfa29d9f3	517	Gene3D	G3DSA:3.40.50.200	Peptidase S8/S53 domain	178	493	3.7E-52	T	26-06-2023	IPR036852	Peptidase S8/S53 domain superfamily
JABUQZ010000003.1_3	296a77924bde9de0b1ee169dfa29d9f3	517	Pfam	PF00082	Subtilase family	212	449	4.9E-36	T	26-06-2023	IPR000209	Peptidase S8/S53 domain
JABUQZ010000003.1_3	296a77924bde9de0b1ee169dfa29d9f3	517	MobiDBLite	mobidb-lite	consensus disorder prediction	388	407	-	T	26-06-2023	-	-
JABUQZ010000003.1_3	296a77924bde9de0b1ee169dfa29d9f3	517	ProSitePatterns	PS00138	Serine proteases, subtilase family, serine active site.	431	441	-	T	26-06-2023	IPR023828	Peptidase S8, subtilisin, Ser-active site
JABUQZ010000003.1_3	296a77924bde9de0b1ee169dfa29d9f3	517	ProSiteProfiles	PS51892	Serine proteases, subtilase domain profile.	189	486	25.449503	T	26-06-2023	-	-
JABUQZ010000003.1_3	296a77924bde9de0b1ee169dfa29d9f3	517	PANTHER	PTHR43806	PEPTIDASE S8	188	473	1.5E-38	T	26-06-2023	-	-
JABUQZ010000003.1_3	296a77924bde9de0b1ee169dfa29d9f3	517	MobiDBLite	mobidb-lite	consensus disorder prediction	486	517	-	T	26-06-2023	-	-
JABUQZ010000003.1_3	296a77924bde9de0b1ee169dfa29d9f3	517	MobiDBLite	mobidb-lite	consensus disorder prediction	492	509	-	T	26-06-2023	-	-
JABUQZ010000003.1_3	296a77924bde9de0b1ee169dfa29d9f3	517	PRINTS	PR00723	Subtilisin serine protease family (S8) signature	211	230	7.4E-11	T	26-06-2023	IPR015500	Peptidase S8, subtilisin-related
JABUQZ010000003.1_3	296a77924bde9de0b1ee169dfa29d9f3	517	PRINTS	PR00723	Subtilisin serine protease family (S8) signature	259	272	7.4E-11	T	26-06-2023	IPR015500	Peptidase S8, subtilisin-related
JABUQZ010000003.1_3	296a77924bde9de0b1ee169dfa29d9f3	517	PRINTS	PR00723	Subtilisin serine protease family (S8) signature	430	446	7.4E-11	T	26-06-2023	IPR015500	Peptidase S8, subtilisin-related
JABUQZ010000003.1_107	69d18057573f5101a619a6e2a86ba995	79	Gene3D	G3DSA:1.10.10.10	-	13	74	1.6E-12	T	26-06-2023	IPR036388	Winged helix-like DNA-binding domain superfamily
JABUQZ010000003.1_107	69d18057573f5101a619a6e2a86ba995	79	CDD	cd00090	HTH_ARSR	18	72	3.7511E-7	T	26-06-2023	IPR011991	ArsR-like helix-turn-helix domain
JABUQZ010000003.1_107	69d18057573f5101a619a6e2a86ba995	79	Pfam	PF12802	MarR family	25	65	1.2E-6	T	26-06-2023	IPR000835	MarR-type HTH domain
JABUQZ010000003.1_107	69d18057573f5101a619a6e2a86ba995	79	SUPERFAMILY	SSF46785	"Winged helix" DNA-binding domain	19	69	1.6E-8	T	26-06-2023	IPR036390	Winged helix DNA-binding domain superfamily
JABUQZ010000003.1_77	0d5d8c606e5bb360d6b9288877d03ed1	122	CDD	cd06552	ASCH_yqfb_like	1	109	8.31254E-21	T	26-06-2023	-	-
JABUQZ010000003.1_77	0d5d8c606e5bb360d6b9288877d03ed1	122	SUPERFAMILY	SSF88697	PUA domain-like	2	110	6.06E-12	T	26-06-2023	IPR015947	PUA-like superfamily
JABUQZ010000003.1_77	0d5d8c606e5bb360d6b9288877d03ed1	122	SMART	SM01022	ASCH_2	1	111	1.9E-8	T	26-06-2023	IPR007374	ASCH domain
JABUQZ010000003.1_77	0d5d8c606e5bb360d6b9288877d03ed1	122	Pfam	PF04266	ASCH domain	11	109	1.8E-12	T	26-06-2023	IPR007374	ASCH domain
JABUQZ010000003.1_77	0d5d8c606e5bb360d6b9288877d03ed1	122	Gene3D	G3DSA:3.10.400.10	Sulfate adenylyltransferase	3	120	1.3E-9	T	26-06-2023	-	-
JABUQZ010000003.1_64	3c28b83c5049fbe942e372b84040978c	153	MobiDBLite	mobidb-lite	consensus disorder prediction	1	87	-	T	26-06-2023	-	-
JABUQZ010000003.1_64	3c28b83c5049fbe942e372b84040978c	153	MobiDBLite	mobidb-lite	consensus disorder prediction	18	44	-	T	26-06-2023	-	-
JABUQZ010000003.1_64	3c28b83c5049fbe942e372b84040978c	153	MobiDBLite	mobidb-lite	consensus disorder prediction	49	63	-	T	26-06-2023	-	-
JABUQZ010000003.1_123	b612c7246319a1e2b7de7557ce44f826	284	Gene3D	G3DSA:3.40.50.150	Vaccinia Virus protein VP39	109	269	4.7E-25	T	26-06-2023	IPR029063	S-adenosyl-L-methionine-dependent methyltransferase superfamily
JABUQZ010000003.1_123	b612c7246319a1e2b7de7557ce44f826	284	SUPERFAMILY	SSF53335	S-adenosyl-L-methionine-dependent methyltransferases	57	242	1.22E-23	T	26-06-2023	IPR029063	S-adenosyl-L-methionine-dependent methyltransferase superfamily
JABUQZ010000003.1_123	b612c7246319a1e2b7de7557ce44f826	284	Pfam	PF13578	Methyltransferase domain	127	238	3.3E-14	T	26-06-2023	-	-
JABUQZ010000003.1_123	b612c7246319a1e2b7de7557ce44f826	284	PANTHER	PTHR40048	RHAMNOSYL O-METHYLTRANSFERASE	92	253	1.5E-19	T	26-06-2023	-	-
JABUQZ010000003.1_121	196b1a15fc45cf53073da1b2c500a357	324	Pfam	PF00535	Glycosyl transferase family 2	20	173	3.9E-18	T	26-06-2023	IPR001173	Glycosyltransferase 2-like
JABUQZ010000003.1_121	196b1a15fc45cf53073da1b2c500a357	324	PANTHER	PTHR43179	RHAMNOSYLTRANSFERASE WBBL	3	231	1.3E-22	T	26-06-2023	-	-
JABUQZ010000003.1_121	196b1a15fc45cf53073da1b2c500a357	324	MobiDBLite	mobidb-lite	consensus disorder prediction	303	324	-	T	26-06-2023	-	-
JABUQZ010000003.1_121	196b1a15fc45cf53073da1b2c500a357	324	SUPERFAMILY	SSF53448	Nucleotide-diphospho-sugar transferases	4	247	2.73E-40	T	26-06-2023	IPR029044	Nucleotide-diphospho-sugar transferases
JABUQZ010000003.1_121	196b1a15fc45cf53073da1b2c500a357	324	Gene3D	G3DSA:3.90.550.10	Spore Coat Polysaccharide Biosynthesis Protein SpsA; Chain A	2	229	1.3E-35	T	26-06-2023	IPR029044	Nucleotide-diphospho-sugar transferases
JABUQZ010000003.1_121	196b1a15fc45cf53073da1b2c500a357	324	MobiDBLite	mobidb-lite	consensus disorder prediction	310	324	-	T	26-06-2023	-	-
JABUQZ010000003.1_44	031b41e87b84a410f1f4cec9aed91a71	122	MobiDBLite	mobidb-lite	consensus disorder prediction	1	21	-	T	26-06-2023	-	-
JABUQZ010000003.1_67	a2e07b948ac2965564fe45bea37ac524	105	MobiDBLite	mobidb-lite	consensus disorder prediction	1	31	-	T	26-06-2023	-	-
JABUQZ010000003.1_71	a4b5706cee9a4e9bcec75509494b4a43	107	MobiDBLite	mobidb-lite	consensus disorder prediction	1	27	-	T	26-06-2023	-	-
JABUQZ010000003.1_71	a4b5706cee9a4e9bcec75509494b4a43	107	Coils	Coil	Coil	8	28	-	T	26-06-2023	-	-
JABUQZ010000003.1_71	a4b5706cee9a4e9bcec75509494b4a43	107	MobiDBLite	mobidb-lite	consensus disorder prediction	7	27	-	T	26-06-2023	-	-
JABUQZ010000003.1_95	a834c22138f54c63d8f8d6d6ca8c871b	376	Gene3D	G3DSA:1.10.443.10	Intergrase catalytic core	142	369	1.1E-27	T	26-06-2023	IPR013762	Integrase-like, catalytic domain superfamily
JABUQZ010000003.1_95	a834c22138f54c63d8f8d6d6ca8c871b	376	MobiDBLite	mobidb-lite	consensus disorder prediction	346	376	-	T	26-06-2023	-	-
JABUQZ010000003.1_95	a834c22138f54c63d8f8d6d6ca8c871b	376	CDD	cd00397	DNA_BRE_C	153	355	6.20182E-15	T	26-06-2023	-	-
JABUQZ010000003.1_95	a834c22138f54c63d8f8d6d6ca8c871b	376	Gene3D	G3DSA:1.10.150.130	-	6	116	8.8E-16	T	26-06-2023	IPR010998	Integrase/recombinase, N-terminal
JABUQZ010000003.1_95	a834c22138f54c63d8f8d6d6ca8c871b	376	Pfam	PF00589	Phage integrase family	155	362	9.0E-16	T	26-06-2023	IPR002104	Integrase, catalytic domain
JABUQZ010000003.1_95	a834c22138f54c63d8f8d6d6ca8c871b	376	SUPERFAMILY	SSF56349	DNA breaking-rejoining enzymes	11	366	1.88E-30	T	26-06-2023	IPR011010	DNA breaking-rejoining enzyme, catalytic core
JABUQZ010000003.1_95	a834c22138f54c63d8f8d6d6ca8c871b	376	ProSiteProfiles	PS51900	Core-binding (CB) domain profile.	10	98	13.924034	T	26-06-2023	IPR044068	Core-binding (CB) domain
JABUQZ010000003.1_95	a834c22138f54c63d8f8d6d6ca8c871b	376	ProSiteProfiles	PS51898	Tyrosine recombinase domain profile.	135	372	18.949413	T	26-06-2023	IPR002104	Integrase, catalytic domain
JABUQZ010000003.1_13	f892852d8f5137f0f9f19732bdad9abc	123	Gene3D	G3DSA:1.10.10.10	-	21	117	2.6E-6	T	26-06-2023	IPR036388	Winged helix-like DNA-binding domain superfamily
JABUQZ010000003.1_13	f892852d8f5137f0f9f19732bdad9abc	123	SUPERFAMILY	SSF46785	"Winged helix" DNA-binding domain	31	107	1.77E-6	T	26-06-2023	IPR036390	Winged helix DNA-binding domain superfamily
JABUQZ010000003.1_98	3ddf45b4a75906678d1488d663c1dd3b	226	ProSiteProfiles	PS51257	Prokaryotic membrane lipoprotein lipid attachment site profile.	1	21	7.0	T	26-06-2023	-	-
JABUQZ010000003.1_98	3ddf45b4a75906678d1488d663c1dd3b	226	MobiDBLite	mobidb-lite	consensus disorder prediction	24	50	-	T	26-06-2023	-	-
JABUQZ010000003.1_83	2bd2c6e3aee98d692a906f3378a73f83	74	MobiDBLite	mobidb-lite	consensus disorder prediction	10	30	-	T	26-06-2023	-	-
JABUQZ010000003.1_83	2bd2c6e3aee98d692a906f3378a73f83	74	MobiDBLite	mobidb-lite	consensus disorder prediction	1	30	-	T	26-06-2023	-	-
JABUQZ010000003.1_106	2eb41607f7b8b9e94e34ee6563b8b827	334	MobiDBLite	mobidb-lite	consensus disorder prediction	1	59	-	T	26-06-2023	-	-
JABUQZ010000003.1_106	2eb41607f7b8b9e94e34ee6563b8b827	334	MobiDBLite	mobidb-lite	consensus disorder prediction	1	16	-	T	26-06-2023	-	-
JABUQZ010000003.1_106	2eb41607f7b8b9e94e34ee6563b8b827	334	Coils	Coil	Coil	243	280	-	T	26-06-2023	-	-
JABUQZ010000003.1_106	2eb41607f7b8b9e94e34ee6563b8b827	334	MobiDBLite	mobidb-lite	consensus disorder prediction	298	334	-	T	26-06-2023	-	-
JABUQZ010000003.1_106	2eb41607f7b8b9e94e34ee6563b8b827	334	MobiDBLite	mobidb-lite	consensus disorder prediction	33	56	-	T	26-06-2023	-	-
JABUQZ010000003.1_120	5365d8a124c7571bdd1d08bda3430c89	402	Gene3D	G3DSA:3.40.50.2000	Glycogen Phosphorylase B;	5	202	2.3E-7	T	26-06-2023	-	-
JABUQZ010000003.1_120	5365d8a124c7571bdd1d08bda3430c89	402	SUPERFAMILY	SSF53756	UDP-Glycosyltransferase/glycogen phosphorylase	105	363	2.13E-48	T	26-06-2023	-	-
JABUQZ010000003.1_120	5365d8a124c7571bdd1d08bda3430c89	402	MobiDBLite	mobidb-lite	consensus disorder prediction	365	402	-	T	26-06-2023	-	-
JABUQZ010000003.1_120	5365d8a124c7571bdd1d08bda3430c89	402	Gene3D	G3DSA:3.40.50.2000	Glycogen Phosphorylase B;	203	376	4.7E-26	T	26-06-2023	-	-
JABUQZ010000003.1_120	5365d8a124c7571bdd1d08bda3430c89	402	Pfam	PF00534	Glycosyl transferases group 1	202	325	7.3E-25	T	26-06-2023	IPR001296	Glycosyl transferase, family 1
JABUQZ010000003.1_120	5365d8a124c7571bdd1d08bda3430c89	402	PANTHER	PTHR45947	SULFOQUINOVOSYL TRANSFERASE SQD2	156	368	3.6E-27	T	26-06-2023	-	-
JABUQZ010000003.1_120	5365d8a124c7571bdd1d08bda3430c89	402	Pfam	PF13439	Glycosyltransferase Family 4	18	193	1.3E-7	T	26-06-2023	IPR028098	Glycosyltransferase subfamily 4-like, N-terminal domain
JABUQZ010000003.1_52	3c28bab35534896cb5b597f3f5f89c87	140	MobiDBLite	mobidb-lite	consensus disorder prediction	9	36	-	T	26-06-2023	-	-
JABUQZ010000003.1_52	3c28bab35534896cb5b597f3f5f89c87	140	MobiDBLite	mobidb-lite	consensus disorder prediction	1	42	-	T	26-06-2023	-	-
JABUQZ010000003.1_68	4a7ac542b2af6c69f929700a6cba076d	218	SUPERFAMILY	SSF53098	Ribonuclease H-like	12	114	1.94E-16	T	26-06-2023	IPR012337	Ribonuclease H-like superfamily
JABUQZ010000003.1_68	4a7ac542b2af6c69f929700a6cba076d	218	Gene3D	G3DSA:3.30.420.10	-	11	134	9.1E-12	T	26-06-2023	IPR036397	Ribonuclease H superfamily
JABUQZ010000003.1_68	4a7ac542b2af6c69f929700a6cba076d	218	Pfam	PF13482	RNase_H superfamily	16	116	6.6E-9	T	26-06-2023	IPR038720	YprB, ribonuclease H-like domain
JABUQZ010000003.1_118	1267152669807daf992c21d0a3699e4e	326	MobiDBLite	mobidb-lite	consensus disorder prediction	294	326	-	T	26-06-2023	-	-
JABUQZ010000003.1_118	1267152669807daf992c21d0a3699e4e	326	SUPERFAMILY	SSF53649	Alkaline phosphatase-like	144	280	5.45E-7	T	26-06-2023	IPR017850	Alkaline-phosphatase-like, core domain superfamily
JABUQZ010000003.1_118	1267152669807daf992c21d0a3699e4e	326	Gene3D	G3DSA:3.40.720.10	Alkaline Phosphatase, subunit A	88	325	1.9E-7	T	26-06-2023	IPR017850	Alkaline-phosphatase-like, core domain superfamily
JABUQZ010000003.1_118	1267152669807daf992c21d0a3699e4e	326	MobiDBLite	mobidb-lite	consensus disorder prediction	312	326	-	T	26-06-2023	-	-
JABUQZ010000003.1_70	8f91b12bc252d0c2aaa0b1f639d55ace	132	MobiDBLite	mobidb-lite	consensus disorder prediction	43	63	-	T	26-06-2023	-	-
JABUQZ010000003.1_34	8efd08e1e0f4bdfc19f1808f07000620	96	Gene3D	G3DSA:1.10.10.10	-	9	93	1.7E-11	T	26-06-2023	IPR036388	Winged helix-like DNA-binding domain superfamily
JABUQZ010000003.1_34	8efd08e1e0f4bdfc19f1808f07000620	96	SUPERFAMILY	SSF46785	"Winged helix" DNA-binding domain	8	90	4.55E-16	T	26-06-2023	IPR036390	Winged helix DNA-binding domain superfamily
JABUQZ010000003.1_34	8efd08e1e0f4bdfc19f1808f07000620	96	Pfam	PF03551	Transcriptional regulator PadR-like family	15	82	1.6E-14	T	26-06-2023	IPR005149	Transcription regulator PadR, N-terminal
JABUQZ010000003.1_26	fdd0ca17876cdfadfb88b95ce17578a8	82	Pfam	PF12802	MarR family	19	70	1.5E-7	T	26-06-2023	IPR000835	MarR-type HTH domain
JABUQZ010000003.1_26	fdd0ca17876cdfadfb88b95ce17578a8	82	SUPERFAMILY	SSF46785	"Winged helix" DNA-binding domain	14	79	6.12E-10	T	26-06-2023	IPR036390	Winged helix DNA-binding domain superfamily
JABUQZ010000003.1_26	fdd0ca17876cdfadfb88b95ce17578a8	82	Gene3D	G3DSA:1.10.10.10	-	1	82	5.8E-9	T	26-06-2023	IPR036388	Winged helix-like DNA-binding domain superfamily
JABUQZ010000003.1_24	52558676a0be4df844f1a362e5c4d044	601	ProSitePatterns	PS00092	N-6 Adenine-specific DNA methylases signature.	398	404	-	T	26-06-2023	IPR002052	DNA methylase, N-6 adenine-specific, conserved site
JABUQZ010000003.1_24	52558676a0be4df844f1a362e5c4d044	601	MobiDBLite	mobidb-lite	consensus disorder prediction	571	601	-	T	26-06-2023	-	-
JABUQZ010000003.1_24	52558676a0be4df844f1a362e5c4d044	601	MobiDBLite	mobidb-lite	consensus disorder prediction	120	147	-	T	26-06-2023	-	-
JABUQZ010000003.1_24	52558676a0be4df844f1a362e5c4d044	601	SUPERFAMILY	SSF53335	S-adenosyl-L-methionine-dependent methyltransferases	327	441	8.62E-7	T	26-06-2023	IPR029063	S-adenosyl-L-methionine-dependent methyltransferase superfamily
JABUQZ010000003.1_50	e775c0bccf22aae15e21a65e1f1055e8	128	PANTHER	PTHR33877	SLL1193 PROTEIN	8	70	2.1E-9	T	26-06-2023	-	-
JABUQZ010000003.1_50	e775c0bccf22aae15e21a65e1f1055e8	128	SMART	SM00507	HNH_5	8	69	9.9E-11	T	26-06-2023	IPR003615	HNH nuclease
JABUQZ010000003.1_50	e775c0bccf22aae15e21a65e1f1055e8	128	CDD	cd00085	HNHc	21	71	3.53131E-6	T	26-06-2023	IPR003615	HNH nuclease
JABUQZ010000003.1_50	e775c0bccf22aae15e21a65e1f1055e8	128	Gene3D	G3DSA:1.10.30.50	-	5	99	4.6E-14	T	26-06-2023	-	-
JABUQZ010000003.1_50	e775c0bccf22aae15e21a65e1f1055e8	128	Pfam	PF01844	HNH endonuclease	21	70	2.1E-9	T	26-06-2023	IPR002711	HNH endonuclease
JABUQZ010000003.1_108	e4c764c47e49128cd457fadcdc962e89	699	MobiDBLite	mobidb-lite	consensus disorder prediction	641	660	-	T	26-06-2023	-	-
JABUQZ010000003.1_108	e4c764c47e49128cd457fadcdc962e89	699	Gene3D	G3DSA:3.40.50.300	-	352	553	1.2E-5	T	26-06-2023	IPR027417	P-loop containing nucleoside triphosphate hydrolase
JABUQZ010000003.1_108	e4c764c47e49128cd457fadcdc962e89	699	SUPERFAMILY	SSF52540	P-loop containing nucleoside triphosphate hydrolases	171	539	5.42E-8	T	26-06-2023	IPR027417	P-loop containing nucleoside triphosphate hydrolase
JABUQZ010000003.1_53	22044cedbac4adb6992b3317ae43b4de	128	Pfam	PF07790	Archaeal Type IV pilin, N-terminal	7	86	2.2E-13	T	26-06-2023	IPR012859	Archaeal Type IV pilin, N-terminal
JABUQZ010000003.1_53	22044cedbac4adb6992b3317ae43b4de	128	MobiDBLite	mobidb-lite	consensus disorder prediction	40	63	-	T	26-06-2023	-	-
JABUQZ010000003.1_53	22044cedbac4adb6992b3317ae43b4de	128	NCBIfam	TIGR02537	archaeal flagellin N-terminal-like domain	7	29	0.01	T	26-06-2023	IPR013373	Flagellin/pilin, N-terminal site, archaea
JABUQZ010000003.1_63	524902195f751bfe8d96713da82ea454	114	MobiDBLite	mobidb-lite	consensus disorder prediction	1	28	-	T	26-06-2023	-	-
JABUQZ010000003.1_63	524902195f751bfe8d96713da82ea454	114	MobiDBLite	mobidb-lite	consensus disorder prediction	1	36	-	T	26-06-2023	-	-
JABUQZ010000003.1_51	31fcf12d88656189a9247f4a7be5eebd	280	Gene3D	G3DSA:3.40.50.300	-	2	280	3.2E-37	T	26-06-2023	IPR027417	P-loop containing nucleoside triphosphate hydrolase
JABUQZ010000003.1_51	31fcf12d88656189a9247f4a7be5eebd	280	Pfam	PF13614	AAA domain	11	188	7.9E-16	T	26-06-2023	IPR025669	AAA domain
JABUQZ010000003.1_51	31fcf12d88656189a9247f4a7be5eebd	280	PANTHER	PTHR13696	P-LOOP CONTAINING NUCLEOSIDE TRIPHOSPHATE HYDROLASE	9	274	4.0E-23	T	26-06-2023	-	-
JABUQZ010000003.1_51	31fcf12d88656189a9247f4a7be5eebd	280	SUPERFAMILY	SSF52540	P-loop containing nucleoside triphosphate hydrolases	12	279	3.38E-21	T	26-06-2023	IPR027417	P-loop containing nucleoside triphosphate hydrolase
JABUQZ010000003.1_39	94da654a5ccc5b01150d84e4cafd8a83	235	MobiDBLite	mobidb-lite	consensus disorder prediction	1	26	-	T	26-06-2023	-	-
JABUQZ010000003.1_45	829f3093ed442a506b3d112dbb9dd1be	184	Pfam	PF01844	HNH endonuclease	130	164	6.1E-10	T	26-06-2023	IPR002711	HNH endonuclease
JABUQZ010000003.1_45	829f3093ed442a506b3d112dbb9dd1be	184	CDD	cd00085	HNHc	123	163	3.19746E-7	T	26-06-2023	IPR003615	HNH nuclease
JABUQZ010000003.1_45	829f3093ed442a506b3d112dbb9dd1be	184	SMART	SM00507	HNH_5	109	160	0.0022	T	26-06-2023	IPR003615	HNH nuclease
JABUQZ010000003.1_45	829f3093ed442a506b3d112dbb9dd1be	184	Gene3D	G3DSA:1.10.30.50	-	38	175	4.7E-11	T	26-06-2023	-	-
JABUQZ010000003.1_37	a870bd1e47fb0044fe15c42a4ed58cfe	112	MobiDBLite	mobidb-lite	consensus disorder prediction	1	22	-	T	26-06-2023	-	-
JABUQZ010000003.1_73	2ca1e807e0d00eaff541e2bcf7697e6f	554	Pfam	PF01609	Transposase DDE domain	323	515	4.2E-6	T	26-06-2023	IPR002559	Transposase IS4-like domain
JABUQZ010000003.1_73	2ca1e807e0d00eaff541e2bcf7697e6f	554	MobiDBLite	mobidb-lite	consensus disorder prediction	1	26	-	T	26-06-2023	-	-
JABUQZ010000003.1_109	8f6569792ff4b2e242bed52b649e8b5c	199	MobiDBLite	mobidb-lite	consensus disorder prediction	13	31	-	T	26-06-2023	-	-
JABUQZ010000003.1_109	8f6569792ff4b2e242bed52b649e8b5c	199	MobiDBLite	mobidb-lite	consensus disorder prediction	1	31	-	T	26-06-2023	-	-
JABUQZ010000003.1_109	8f6569792ff4b2e242bed52b649e8b5c	199	MobiDBLite	mobidb-lite	consensus disorder prediction	152	199	-	T	26-06-2023	-	-
JABUQZ010000003.1_11	0e77bfc537892bd538958f1e426f3b62	118	MobiDBLite	mobidb-lite	consensus disorder prediction	96	118	-	T	26-06-2023	-	-
JABUQZ010000003.1_103	28c438f83a6262557a50640c7015dedf	76	Pfam	PF08273	Zinc-binding domain of primase-helicase	27	59	3.4E-5	T	26-06-2023	IPR013237	Bacteriophage T7, Gp4, DNA primase/helicase, N-terminal
JABUQZ010000003.1_103	28c438f83a6262557a50640c7015dedf	76	SUPERFAMILY	SSF57783	Zinc beta-ribbon	20	62	8.84E-5	T	26-06-2023	-	-
JABUQZ010000003.1_97	a5a382188d3a33ea8e8171cf15adb868	121	Pfam	PF12826	Helix-hairpin-helix motif	74	116	1.5E-9	T	26-06-2023	IPR041663	DisA/LigA, helix-hairpin-helix motif
JABUQZ010000003.1_97	a5a382188d3a33ea8e8171cf15adb868	121	Gene3D	G3DSA:1.10.150.20	-	58	121	3.7E-11	T	26-06-2023	-	-
JABUQZ010000003.1_97	a5a382188d3a33ea8e8171cf15adb868	121	Coils	Coil	Coil	33	53	-	T	26-06-2023	-	-
JABUQZ010000003.1_97	a5a382188d3a33ea8e8171cf15adb868	121	SUPERFAMILY	SSF47781	RuvA domain 2-like	48	120	2.67E-10	T	26-06-2023	IPR010994	RuvA domain 2-like
JABUQZ010000003.1_20	111d00b1ac3bd0138597bf146ea7578c	62	MobiDBLite	mobidb-lite	consensus disorder prediction	1	32	-	T	26-06-2023	-	-
JABUQZ010000003.1_20	111d00b1ac3bd0138597bf146ea7578c	62	MobiDBLite	mobidb-lite	consensus disorder prediction	1	62	-	T	26-06-2023	-	-
JABUQZ010000003.1_46	1ab5bb599887142745acebdf4089ef59	162	MobiDBLite	mobidb-lite	consensus disorder prediction	140	162	-	T	26-06-2023	-	-
JABUQZ010000003.1_82	fc03a2aef373f791c123d4057b644d0e	144	MobiDBLite	mobidb-lite	consensus disorder prediction	119	144	-	T	26-06-2023	-	-
JABUQZ010000003.1_82	fc03a2aef373f791c123d4057b644d0e	144	MobiDBLite	mobidb-lite	consensus disorder prediction	1	29	-	T	26-06-2023	-	-
JABUQZ010000003.1_8	3a0968a18ca577f2c2dc2e0b63e87a72	164	MobiDBLite	mobidb-lite	consensus disorder prediction	1	20	-	T	26-06-2023	-	-
JABUQZ010000003.1_8	3a0968a18ca577f2c2dc2e0b63e87a72	164	MobiDBLite	mobidb-lite	consensus disorder prediction	1	18	-	T	26-06-2023	-	-
JABUQZ010000003.1_112	2da6d8ef0931fd1c529ec00e0b762c65	319	MobiDBLite	mobidb-lite	consensus disorder prediction	297	319	-	T	26-06-2023	-	-
JABUQZ010000003.1_40	77fb5da2a18071239d3edf9f013017bd	82	MobiDBLite	mobidb-lite	consensus disorder prediction	1	23	-	T	26-06-2023	-	-
