JAJNEG010000028.1_20	12c0e41a954035b55524bb84f42953fc	80	Coils	Coil	Coil	60	80	-	T	26-06-2023	-	-
JAJNEG010000028.1_20	12c0e41a954035b55524bb84f42953fc	80	MobiDBLite	mobidb-lite	consensus disorder prediction	55	80	-	T	26-06-2023	-	-
JAJNEG010000028.1_20	12c0e41a954035b55524bb84f42953fc	80	MobiDBLite	mobidb-lite	consensus disorder prediction	65	80	-	T	26-06-2023	-	-
JAJNEG010000028.1_10	0499acfc5a62980a89f25811fdcd24e4	415	SMART	SM01074	Cdc6_C_2	314	397	0.0018	T	26-06-2023	IPR015163	Cdc6, C-terminal
JAJNEG010000028.1_10	0499acfc5a62980a89f25811fdcd24e4	415	SUPERFAMILY	SSF46785	"Winged helix" DNA-binding domain	301	405	1.18E-11	T	26-06-2023	IPR036390	Winged helix DNA-binding domain superfamily
JAJNEG010000028.1_10	0499acfc5a62980a89f25811fdcd24e4	415	Gene3D	G3DSA:1.10.10.10	-	306	406	1.8E-14	T	26-06-2023	IPR036388	Winged helix-like DNA-binding domain superfamily
JAJNEG010000028.1_10	0499acfc5a62980a89f25811fdcd24e4	415	FunFam	G3DSA:1.10.8.60:FF:000073	ORC1-type DNA replication protein	205	297	2.2E-24	T	26-06-2023	-	-
JAJNEG010000028.1_10	0499acfc5a62980a89f25811fdcd24e4	415	SUPERFAMILY	SSF52540	P-loop containing nucleoside triphosphate hydrolases	13	293	2.63E-39	T	26-06-2023	IPR027417	P-loop containing nucleoside triphosphate hydrolase
JAJNEG010000028.1_10	0499acfc5a62980a89f25811fdcd24e4	415	Hamap	MF_01407	ORC1-type DNA replication protein.	6	397	27.25819	T	26-06-2023	IPR014277	Orc1/Cdc6-type DNA replication protein, archaea
JAJNEG010000028.1_10	0499acfc5a62980a89f25811fdcd24e4	415	Pfam	PF09079	CDC6, C terminal winged helix domain	315	394	4.5E-11	T	26-06-2023	IPR015163	Cdc6, C-terminal
JAJNEG010000028.1_10	0499acfc5a62980a89f25811fdcd24e4	415	PANTHER	PTHR10763	CELL DIVISION CONTROL PROTEIN 6-RELATED	18	400	2.3E-38	T	26-06-2023	-	-
JAJNEG010000028.1_10	0499acfc5a62980a89f25811fdcd24e4	415	Gene3D	G3DSA:1.10.8.60	-	13	296	6.7E-89	T	26-06-2023	-	-
JAJNEG010000028.1_10	0499acfc5a62980a89f25811fdcd24e4	415	Pfam	PF13401	AAA domain	52	179	1.2E-8	T	26-06-2023	IPR003593	AAA+ ATPase domain
JAJNEG010000028.1_10	0499acfc5a62980a89f25811fdcd24e4	415	Gene3D	G3DSA:3.40.50.300	-	29	218	6.7E-89	T	26-06-2023	IPR027417	P-loop containing nucleoside triphosphate hydrolase
JAJNEG010000028.1_10	0499acfc5a62980a89f25811fdcd24e4	415	NCBIfam	TIGR02928	orc1/cdc6 family replication initiation protein	13	386	1.3E-109	T	26-06-2023	IPR014277	Orc1/Cdc6-type DNA replication protein, archaea
JAJNEG010000028.1_9	3fd44b4524b67b57e9c6c458e9308413	229	CDD	cd04301	NAT_SF	127	165	4.39126E-5	T	26-06-2023	-	-
JAJNEG010000028.1_9	3fd44b4524b67b57e9c6c458e9308413	229	SUPERFAMILY	SSF55729	Acyl-CoA N-acyltransferases (Nat)	128	205	1.66E-13	T	26-06-2023	IPR016181	Acyl-CoA N-acyltransferase
JAJNEG010000028.1_9	3fd44b4524b67b57e9c6c458e9308413	229	Gene3D	G3DSA:3.40.630.30	-	67	210	8.8E-13	T	26-06-2023	-	-
JAJNEG010000028.1_9	3fd44b4524b67b57e9c6c458e9308413	229	ProSiteProfiles	PS51186	Gcn5-related N-acetyltransferase (GNAT) domain profile.	70	229	11.58601	T	26-06-2023	IPR000182	GNAT domain
JAJNEG010000028.1_9	3fd44b4524b67b57e9c6c458e9308413	229	Pfam	PF00583	Acetyltransferase (GNAT) family	128	188	7.5E-7	T	26-06-2023	IPR000182	GNAT domain
JAJNEG010000028.1_16	7a74df52798c3bd36c8375ad16ef5ede	340	Coils	Coil	Coil	259	286	-	T	26-06-2023	-	-
JAJNEG010000028.1_16	7a74df52798c3bd36c8375ad16ef5ede	340	MobiDBLite	mobidb-lite	consensus disorder prediction	300	340	-	T	26-06-2023	-	-
JAJNEG010000028.1_13	8f6fe644680bd69ae9cac194ca864be3	832	Gene3D	G3DSA:3.40.50.300	-	395	591	2.6E-11	T	26-06-2023	IPR027417	P-loop containing nucleoside triphosphate hydrolase
JAJNEG010000028.1_13	8f6fe644680bd69ae9cac194ca864be3	832	MobiDBLite	mobidb-lite	consensus disorder prediction	367	382	-	T	26-06-2023	-	-
JAJNEG010000028.1_13	8f6fe644680bd69ae9cac194ca864be3	832	MobiDBLite	mobidb-lite	consensus disorder prediction	1	23	-	T	26-06-2023	-	-
JAJNEG010000028.1_13	8f6fe644680bd69ae9cac194ca864be3	832	MobiDBLite	mobidb-lite	consensus disorder prediction	712	726	-	T	26-06-2023	-	-
JAJNEG010000028.1_13	8f6fe644680bd69ae9cac194ca864be3	832	Coils	Coil	Coil	337	357	-	T	26-06-2023	-	-
JAJNEG010000028.1_13	8f6fe644680bd69ae9cac194ca864be3	832	MobiDBLite	mobidb-lite	consensus disorder prediction	104	126	-	T	26-06-2023	-	-
JAJNEG010000028.1_13	8f6fe644680bd69ae9cac194ca864be3	832	MobiDBLite	mobidb-lite	consensus disorder prediction	359	382	-	T	26-06-2023	-	-
JAJNEG010000028.1_13	8f6fe644680bd69ae9cac194ca864be3	832	MobiDBLite	mobidb-lite	consensus disorder prediction	104	119	-	T	26-06-2023	-	-
JAJNEG010000028.1_13	8f6fe644680bd69ae9cac194ca864be3	832	Coils	Coil	Coil	39	59	-	T	26-06-2023	-	-
JAJNEG010000028.1_13	8f6fe644680bd69ae9cac194ca864be3	832	SUPERFAMILY	SSF52540	P-loop containing nucleoside triphosphate hydrolases	188	581	4.41E-6	T	26-06-2023	IPR027417	P-loop containing nucleoside triphosphate hydrolase
JAJNEG010000028.1_13	8f6fe644680bd69ae9cac194ca864be3	832	Coils	Coil	Coil	718	738	-	T	26-06-2023	-	-
JAJNEG010000028.1_13	8f6fe644680bd69ae9cac194ca864be3	832	MobiDBLite	mobidb-lite	consensus disorder prediction	702	726	-	T	26-06-2023	-	-
JAJNEG010000028.1_13	8f6fe644680bd69ae9cac194ca864be3	832	MobiDBLite	mobidb-lite	consensus disorder prediction	1	30	-	T	26-06-2023	-	-
JAJNEG010000028.1_18	753cb04f9515068a07bd14faf95d3a22	78	ProSiteProfiles	PS51257	Prokaryotic membrane lipoprotein lipid attachment site profile.	1	25	5.0	T	26-06-2023	-	-
JAJNEG010000028.1_11	0c2f6410e025153731218cb754da3cde	541	MobiDBLite	mobidb-lite	consensus disorder prediction	520	541	-	T	26-06-2023	-	-
JAJNEG010000028.1_11	0c2f6410e025153731218cb754da3cde	541	Coils	Coil	Coil	397	439	-	T	26-06-2023	-	-
JAJNEG010000028.1_11	0c2f6410e025153731218cb754da3cde	541	MobiDBLite	mobidb-lite	consensus disorder prediction	136	173	-	T	26-06-2023	-	-
JAJNEG010000028.1_15	0cf777e08a732703273f86acb1aa8a44	430	MobiDBLite	mobidb-lite	consensus disorder prediction	30	60	-	T	26-06-2023	-	-
JAJNEG010000028.1_15	0cf777e08a732703273f86acb1aa8a44	430	Coils	Coil	Coil	409	429	-	T	26-06-2023	-	-
JAJNEG010000028.1_15	0cf777e08a732703273f86acb1aa8a44	430	MobiDBLite	mobidb-lite	consensus disorder prediction	25	81	-	T	26-06-2023	-	-
JAJNEG010000028.1_1	358d27a117ad7d1be46387339fe4bb43	1167	PANTHER	PTHR33841	DNA METHYLTRANSFERASE YEEA-RELATED	215	1101	3.5E-59	T	26-06-2023	-	-
JAJNEG010000028.1_1	358d27a117ad7d1be46387339fe4bb43	1167	PRINTS	PR00507	N12 class N6 adenine-specific DNA methyltransferase signature	446	462	4.1E-11	T	26-06-2023	-	-
JAJNEG010000028.1_1	358d27a117ad7d1be46387339fe4bb43	1167	PRINTS	PR00507	N12 class N6 adenine-specific DNA methyltransferase signature	518	532	4.1E-11	T	26-06-2023	-	-
JAJNEG010000028.1_1	358d27a117ad7d1be46387339fe4bb43	1167	PRINTS	PR00507	N12 class N6 adenine-specific DNA methyltransferase signature	726	738	4.1E-11	T	26-06-2023	-	-
JAJNEG010000028.1_1	358d27a117ad7d1be46387339fe4bb43	1167	Coils	Coil	Coil	667	691	-	T	26-06-2023	-	-
JAJNEG010000028.1_1	358d27a117ad7d1be46387339fe4bb43	1167	Gene3D	G3DSA:3.40.50.150	Vaccinia Virus protein VP39	418	927	1.0E-42	T	26-06-2023	IPR029063	S-adenosyl-L-methionine-dependent methyltransferase superfamily
JAJNEG010000028.1_1	358d27a117ad7d1be46387339fe4bb43	1167	ProSitePatterns	PS00092	N-6 Adenine-specific DNA methylases signature.	729	735	-	T	26-06-2023	IPR002052	DNA methylase, N-6 adenine-specific, conserved site
JAJNEG010000028.1_1	358d27a117ad7d1be46387339fe4bb43	1167	Pfam	PF20473	MmeI, DNA-methyltransferase domain	505	605	3.6E-7	T	26-06-2023	IPR046816	MmeI-like, DNA-methyltransferase domain
JAJNEG010000028.1_1	358d27a117ad7d1be46387339fe4bb43	1167	Pfam	PF20465	MmeI, helicase spacer domain	297	453	5.1E-8	T	26-06-2023	IPR046819	MmeI-like, helicase spacer domain
JAJNEG010000028.1_1	358d27a117ad7d1be46387339fe4bb43	1167	SUPERFAMILY	SSF53335	S-adenosyl-L-methionine-dependent methyltransferases	294	896	8.51E-51	T	26-06-2023	IPR029063	S-adenosyl-L-methionine-dependent methyltransferase superfamily
JAJNEG010000028.1_14	883b8577dbaecfbd189f624d025bf4f6	567	CDD	cd01610	PAP2_like	300	346	0.00517605	T	26-06-2023	-	-
JAJNEG010000028.1_14	883b8577dbaecfbd189f624d025bf4f6	567	MobiDBLite	mobidb-lite	consensus disorder prediction	1	50	-	T	26-06-2023	-	-
JAJNEG010000028.1_14	883b8577dbaecfbd189f624d025bf4f6	567	MobiDBLite	mobidb-lite	consensus disorder prediction	1	24	-	T	26-06-2023	-	-
