JAJNEG010000027.1_22	420e59f6264118513cc714e70f022993	32	MobiDBLite	mobidb-lite	consensus disorder prediction	14	32	-	T	26-06-2023	-	-
JAJNEG010000027.1_22	420e59f6264118513cc714e70f022993	32	MobiDBLite	mobidb-lite	consensus disorder prediction	1	32	-	T	26-06-2023	-	-
JAJNEG010000027.1_14	5e8fb2150adc7aba138f23dbec173d42	73	Gene3D	G3DSA:1.10.10.10	-	4	62	4.3E-7	T	26-06-2023	IPR036388	Winged helix-like DNA-binding domain superfamily
JAJNEG010000027.1_14	5e8fb2150adc7aba138f23dbec173d42	73	SUPERFAMILY	SSF46785	"Winged helix" DNA-binding domain	5	62	2.04E-6	T	26-06-2023	IPR036390	Winged helix DNA-binding domain superfamily
JAJNEG010000027.1_5	d489110a5a698d534654c88ec1e24378	551	ProSitePatterns	PS00138	Serine proteases, subtilase family, serine active site.	459	469	-	T	26-06-2023	IPR023828	Peptidase S8, subtilisin, Ser-active site
JAJNEG010000027.1_5	d489110a5a698d534654c88ec1e24378	551	Pfam	PF00082	Subtilase family	221	476	1.7E-31	T	26-06-2023	IPR000209	Peptidase S8/S53 domain
JAJNEG010000027.1_5	d489110a5a698d534654c88ec1e24378	551	Gene3D	G3DSA:3.40.50.200	Peptidase S8/S53 domain	196	528	2.4E-47	T	26-06-2023	IPR036852	Peptidase S8/S53 domain superfamily
JAJNEG010000027.1_5	d489110a5a698d534654c88ec1e24378	551	PRINTS	PR00723	Subtilisin serine protease family (S8) signature	221	240	6.1E-12	T	26-06-2023	IPR015500	Peptidase S8, subtilisin-related
JAJNEG010000027.1_5	d489110a5a698d534654c88ec1e24378	551	PRINTS	PR00723	Subtilisin serine protease family (S8) signature	281	294	6.1E-12	T	26-06-2023	IPR015500	Peptidase S8, subtilisin-related
JAJNEG010000027.1_5	d489110a5a698d534654c88ec1e24378	551	PRINTS	PR00723	Subtilisin serine protease family (S8) signature	458	474	6.1E-12	T	26-06-2023	IPR015500	Peptidase S8, subtilisin-related
JAJNEG010000027.1_5	d489110a5a698d534654c88ec1e24378	551	SUPERFAMILY	SSF52743	Subtilisin-like	216	513	9.69E-45	T	26-06-2023	IPR036852	Peptidase S8/S53 domain superfamily
JAJNEG010000027.1_5	d489110a5a698d534654c88ec1e24378	551	ProSiteProfiles	PS51892	Serine proteases, subtilase domain profile.	199	512	28.462997	T	26-06-2023	-	-
JAJNEG010000027.1_5	d489110a5a698d534654c88ec1e24378	551	ProSiteProfiles	PS51318	Twin arginine translocation (Tat) signal profile.	1	40	8.371511	T	26-06-2023	IPR006311	Twin-arginine translocation pathway, signal sequence
JAJNEG010000027.1_5	d489110a5a698d534654c88ec1e24378	551	PANTHER	PTHR43806	PEPTIDASE S8	132	525	2.8E-34	T	26-06-2023	-	-
JAJNEG010000027.1_11	fe78e4b98baae805985107bdf02baf52	1148	MobiDBLite	mobidb-lite	consensus disorder prediction	524	544	-	T	26-06-2023	-	-
JAJNEG010000027.1_11	fe78e4b98baae805985107bdf02baf52	1148	MobiDBLite	mobidb-lite	consensus disorder prediction	393	414	-	T	26-06-2023	-	-
JAJNEG010000027.1_11	fe78e4b98baae805985107bdf02baf52	1148	MobiDBLite	mobidb-lite	consensus disorder prediction	1094	1148	-	T	26-06-2023	-	-
JAJNEG010000027.1_11	fe78e4b98baae805985107bdf02baf52	1148	Pfam	PF19134	Domain of unknown function (DUF5817)	41	92	6.5E-8	T	26-06-2023	IPR043855	Domain of unknown function DUF5817
JAJNEG010000027.1_11	fe78e4b98baae805985107bdf02baf52	1148	MobiDBLite	mobidb-lite	consensus disorder prediction	1113	1129	-	T	26-06-2023	-	-
JAJNEG010000027.1_28	a01954ae45ff5207d44b3901405554f3	450	MobiDBLite	mobidb-lite	consensus disorder prediction	1	34	-	T	26-06-2023	-	-
JAJNEG010000027.1_28	a01954ae45ff5207d44b3901405554f3	450	Pfam	PF12704	MacB-like periplasmic core domain	91	291	5.9E-21	T	26-06-2023	IPR025857	MacB-like periplasmic core domain
JAJNEG010000027.1_28	a01954ae45ff5207d44b3901405554f3	450	Pfam	PF02687	FtsX-like permease family	326	441	2.5E-18	T	26-06-2023	IPR003838	ABC3 transporter permease protein domain
JAJNEG010000027.1_28	a01954ae45ff5207d44b3901405554f3	450	PANTHER	PTHR30572	MEMBRANE COMPONENT OF TRANSPORTER-RELATED	77	449	2.7E-46	T	26-06-2023	-	-
JAJNEG010000027.1_18	ab87460751c352423e7ead40805a7097	45	MobiDBLite	mobidb-lite	consensus disorder prediction	1	45	-	T	26-06-2023	-	-
JAJNEG010000027.1_7	3013ad25a0998f930ba842d0b43a1f6d	218	MobiDBLite	mobidb-lite	consensus disorder prediction	1	57	-	T	26-06-2023	-	-
JAJNEG010000027.1_7	3013ad25a0998f930ba842d0b43a1f6d	218	MobiDBLite	mobidb-lite	consensus disorder prediction	30	57	-	T	26-06-2023	-	-
JAJNEG010000027.1_7	3013ad25a0998f930ba842d0b43a1f6d	218	MobiDBLite	mobidb-lite	consensus disorder prediction	1	15	-	T	26-06-2023	-	-
JAJNEG010000027.1_25	42a89e7901e63beb2cc7ef89f9e64fde	342	PANTHER	PTHR11548	THYMIDYLATE SYNTHASE 1	2	103	2.0E-58	T	26-06-2023	IPR045097	Thymidylate synthase/dCMP hydroxymethylase
JAJNEG010000027.1_25	42a89e7901e63beb2cc7ef89f9e64fde	342	SUPERFAMILY	SSF55831	Thymidylate synthase/dCMP hydroxymethylase	1	242	9.42E-72	T	26-06-2023	IPR036926	Thymidylate synthase/dCMP hydroxymethylase superfamily
JAJNEG010000027.1_25	42a89e7901e63beb2cc7ef89f9e64fde	342	SUPERFAMILY	SSF55831	Thymidylate synthase/dCMP hydroxymethylase	291	341	1.18E-6	T	26-06-2023	IPR036926	Thymidylate synthase/dCMP hydroxymethylase superfamily
JAJNEG010000027.1_25	42a89e7901e63beb2cc7ef89f9e64fde	342	NCBIfam	TIGR03284	thymidylate synthase	2	241	2.3E-60	T	26-06-2023	IPR000398	Thymidylate synthase
JAJNEG010000027.1_25	42a89e7901e63beb2cc7ef89f9e64fde	342	PRINTS	PR00108	Thymidylate synthase family signature	45	66	6.7E-25	T	26-06-2023	IPR000398	Thymidylate synthase
JAJNEG010000027.1_25	42a89e7901e63beb2cc7ef89f9e64fde	342	PRINTS	PR00108	Thymidylate synthase family signature	145	164	6.7E-25	T	26-06-2023	IPR000398	Thymidylate synthase
JAJNEG010000027.1_25	42a89e7901e63beb2cc7ef89f9e64fde	342	PRINTS	PR00108	Thymidylate synthase family signature	171	186	6.7E-25	T	26-06-2023	IPR000398	Thymidylate synthase
JAJNEG010000027.1_25	42a89e7901e63beb2cc7ef89f9e64fde	342	PRINTS	PR00108	Thymidylate synthase family signature	189	215	6.7E-25	T	26-06-2023	IPR000398	Thymidylate synthase
JAJNEG010000027.1_25	42a89e7901e63beb2cc7ef89f9e64fde	342	PRINTS	PR00108	Thymidylate synthase family signature	227	244	6.7E-25	T	26-06-2023	IPR000398	Thymidylate synthase
JAJNEG010000027.1_25	42a89e7901e63beb2cc7ef89f9e64fde	342	Gene3D	G3DSA:3.30.572.10	Thymidylate synthase/dCMP hydroxymethylase domain	290	341	6.5E-7	T	26-06-2023	IPR036926	Thymidylate synthase/dCMP hydroxymethylase superfamily
JAJNEG010000027.1_25	42a89e7901e63beb2cc7ef89f9e64fde	342	Pfam	PF00303	Thymidylate synthase	2	341	7.9E-96	T	26-06-2023	IPR023451	Thymidylate synthase/dCMP hydroxymethylase domain
JAJNEG010000027.1_25	42a89e7901e63beb2cc7ef89f9e64fde	342	CDD	cd00351	TS_Pyrimidine_HMase	3	245	8.84218E-72	T	26-06-2023	IPR023451	Thymidylate synthase/dCMP hydroxymethylase domain
JAJNEG010000027.1_25	42a89e7901e63beb2cc7ef89f9e64fde	342	Hamap	MF_00008	Thymidylate synthase [thyA].	1	342	33.284031	T	26-06-2023	IPR000398	Thymidylate synthase
JAJNEG010000027.1_25	42a89e7901e63beb2cc7ef89f9e64fde	342	Gene3D	G3DSA:3.30.572.10	Thymidylate synthase/dCMP hydroxymethylase domain	1	281	5.2E-78	T	26-06-2023	IPR036926	Thymidylate synthase/dCMP hydroxymethylase superfamily
JAJNEG010000027.1_26	7e08633d99936dfb456d24b61f604279	194	ProSitePatterns	PS00075	Dihydrofolate reductase (DHFR) domain signature.	32	54	-	T	26-06-2023	IPR017925	Dihydrofolate reductase conserved site
JAJNEG010000027.1_26	7e08633d99936dfb456d24b61f604279	194	PIRSF	PIRSF000194	DHFR	16	193	6.6E-57	T	26-06-2023	IPR012259	Dihydrofolate reductase
JAJNEG010000027.1_26	7e08633d99936dfb456d24b61f604279	194	ProSiteProfiles	PS51330	Dihydrofolate reductase (DHFR) domain profile.	20	191	49.427525	T	26-06-2023	IPR001796	Dihydrofolate reductase domain
JAJNEG010000027.1_26	7e08633d99936dfb456d24b61f604279	194	SUPERFAMILY	SSF53597	Dihydrofolate reductase-like	21	192	1.3E-50	T	26-06-2023	IPR024072	Dihydrofolate reductase-like domain superfamily
JAJNEG010000027.1_26	7e08633d99936dfb456d24b61f604279	194	Pfam	PF00186	Dihydrofolate reductase	21	191	6.6E-47	T	26-06-2023	IPR001796	Dihydrofolate reductase domain
JAJNEG010000027.1_26	7e08633d99936dfb456d24b61f604279	194	CDD	cd00209	DHFR	21	190	8.72661E-68	T	26-06-2023	IPR001796	Dihydrofolate reductase domain
JAJNEG010000027.1_26	7e08633d99936dfb456d24b61f604279	194	Gene3D	G3DSA:3.40.430.10	Dihydrofolate Reductase, subunit A	19	193	8.2E-51	T	26-06-2023	IPR024072	Dihydrofolate reductase-like domain superfamily
JAJNEG010000027.1_26	7e08633d99936dfb456d24b61f604279	194	PANTHER	PTHR48069	DIHYDROFOLATE REDUCTASE	21	171	1.2E-31	T	26-06-2023	IPR012259	Dihydrofolate reductase
JAJNEG010000027.1_26	7e08633d99936dfb456d24b61f604279	194	PRINTS	PR00070	Dihydrofolate reductase signature	32	42	1.8E-13	T	26-06-2023	-	-
JAJNEG010000027.1_26	7e08633d99936dfb456d24b61f604279	194	PRINTS	PR00070	Dihydrofolate reductase signature	46	54	1.8E-13	T	26-06-2023	-	-
JAJNEG010000027.1_26	7e08633d99936dfb456d24b61f604279	194	PRINTS	PR00070	Dihydrofolate reductase signature	59	70	1.8E-13	T	26-06-2023	-	-
JAJNEG010000027.1_26	7e08633d99936dfb456d24b61f604279	194	PRINTS	PR00070	Dihydrofolate reductase signature	120	134	1.8E-13	T	26-06-2023	-	-
JAJNEG010000027.1_24	cdad645268aff11b5469b9b8a2ab7292	350	MobiDBLite	mobidb-lite	consensus disorder prediction	1	38	-	T	26-06-2023	-	-
JAJNEG010000027.1_9	5ed761d53b946f51c58ecd2f683faa06	110	Pfam	PF05016	ParE toxin of type II toxin-antitoxin system, parDE	8	92	6.2E-5	T	26-06-2023	IPR007712	Toxin-antitoxin system, RelE/ParE toxin family
JAJNEG010000027.1_9	5ed761d53b946f51c58ecd2f683faa06	110	SUPERFAMILY	SSF143011	RelE-like	7	94	5.3E-8	T	26-06-2023	IPR035093	Toxin-antitoxin system, RelE/ParE toxin domain superfamily
JAJNEG010000027.1_9	5ed761d53b946f51c58ecd2f683faa06	110	Gene3D	G3DSA:3.30.2310.20	-	7	98	9.4E-7	T	26-06-2023	IPR035093	Toxin-antitoxin system, RelE/ParE toxin domain superfamily
JAJNEG010000027.1_19	05098e49b3cb70ca5f7467648b5aefe6	142	MobiDBLite	mobidb-lite	consensus disorder prediction	116	142	-	T	26-06-2023	-	-
JAJNEG010000027.1_19	05098e49b3cb70ca5f7467648b5aefe6	142	MobiDBLite	mobidb-lite	consensus disorder prediction	1	43	-	T	26-06-2023	-	-
JAJNEG010000027.1_19	05098e49b3cb70ca5f7467648b5aefe6	142	MobiDBLite	mobidb-lite	consensus disorder prediction	1	19	-	T	26-06-2023	-	-
JAJNEG010000027.1_4	8f053eded682bfd6d9628532366c37fd	264	ProSiteProfiles	PS51318	Twin arginine translocation (Tat) signal profile.	1	29	7.65304	T	26-06-2023	IPR006311	Twin-arginine translocation pathway, signal sequence
JAJNEG010000027.1_13	e137afa60a97426cd9795c03657d4c99	74	Gene3D	G3DSA:1.10.10.10	-	17	73	2.2E-6	T	26-06-2023	IPR036388	Winged helix-like DNA-binding domain superfamily
JAJNEG010000027.1_13	e137afa60a97426cd9795c03657d4c99	74	SUPERFAMILY	SSF46785	"Winged helix" DNA-binding domain	9	65	8.28E-9	T	26-06-2023	IPR036390	Winged helix DNA-binding domain superfamily
JAJNEG010000027.1_20	88da5656a7f38a775fc48d5f3f517fea	273	SUPERFAMILY	SSF55979	DNA clamp	17	137	1.53E-18	T	26-06-2023	IPR046938	DNA clamp superfamily
JAJNEG010000027.1_20	88da5656a7f38a775fc48d5f3f517fea	273	CDD	cd00577	PCNA	31	270	5.98268E-29	T	26-06-2023	-	-
JAJNEG010000027.1_20	88da5656a7f38a775fc48d5f3f517fea	273	Gene3D	G3DSA:3.70.10.10	-	18	273	8.4E-60	T	26-06-2023	-	-
JAJNEG010000027.1_20	88da5656a7f38a775fc48d5f3f517fea	273	SUPERFAMILY	SSF55979	DNA clamp	137	270	1.44E-14	T	26-06-2023	IPR046938	DNA clamp superfamily
JAJNEG010000027.1_20	88da5656a7f38a775fc48d5f3f517fea	273	Hamap	MF_00317	DNA polymerase sliding clamp [pcn].	16	270	19.694084	T	26-06-2023	IPR000730	Proliferating cell nuclear antigen, PCNA
JAJNEG010000027.1_20	88da5656a7f38a775fc48d5f3f517fea	273	PANTHER	PTHR11352	PROLIFERATING CELL NUCLEAR ANTIGEN	27	271	5.4E-12	T	26-06-2023	IPR000730	Proliferating cell nuclear antigen, PCNA
JAJNEG010000027.1_6	1e8116b121a12c746870ae4a05ee61a8	1384	ProSiteProfiles	PS50082	Trp-Asp (WD) repeats profile.	265	294	9.138305	T	26-06-2023	IPR001680	WD40 repeat
JAJNEG010000027.1_6	1e8116b121a12c746870ae4a05ee61a8	1384	Gene3D	G3DSA:2.130.10.10	-	177	353	9.1E-25	T	26-06-2023	IPR015943	WD40/YVTN repeat-like-containing domain superfamily
JAJNEG010000027.1_6	1e8116b121a12c746870ae4a05ee61a8	1384	MobiDBLite	mobidb-lite	consensus disorder prediction	656	675	-	T	26-06-2023	-	-
JAJNEG010000027.1_6	1e8116b121a12c746870ae4a05ee61a8	1384	SMART	SM00564	ire1_9	361	393	4.5	T	26-06-2023	IPR018391	Pyrrolo-quinoline quinone beta-propeller repeat
JAJNEG010000027.1_6	1e8116b121a12c746870ae4a05ee61a8	1384	SMART	SM00564	ire1_9	190	224	63.0	T	26-06-2023	IPR018391	Pyrrolo-quinoline quinone beta-propeller repeat
JAJNEG010000027.1_6	1e8116b121a12c746870ae4a05ee61a8	1384	SMART	SM00564	ire1_9	275	308	0.24	T	26-06-2023	IPR018391	Pyrrolo-quinoline quinone beta-propeller repeat
JAJNEG010000027.1_6	1e8116b121a12c746870ae4a05ee61a8	1384	SMART	SM00564	ire1_9	400	430	14.0	T	26-06-2023	IPR018391	Pyrrolo-quinoline quinone beta-propeller repeat
JAJNEG010000027.1_6	1e8116b121a12c746870ae4a05ee61a8	1384	SMART	SM00564	ire1_9	441	473	0.19	T	26-06-2023	IPR018391	Pyrrolo-quinoline quinone beta-propeller repeat
JAJNEG010000027.1_6	1e8116b121a12c746870ae4a05ee61a8	1384	SMART	SM00564	ire1_9	234	266	0.02	T	26-06-2023	IPR018391	Pyrrolo-quinoline quinone beta-propeller repeat
JAJNEG010000027.1_6	1e8116b121a12c746870ae4a05ee61a8	1384	ProSiteProfiles	PS50082	Trp-Asp (WD) repeats profile.	223	264	11.410742	T	26-06-2023	IPR001680	WD40 repeat
JAJNEG010000027.1_6	1e8116b121a12c746870ae4a05ee61a8	1384	Coils	Coil	Coil	958	978	-	T	26-06-2023	-	-
JAJNEG010000027.1_6	1e8116b121a12c746870ae4a05ee61a8	1384	Pfam	PF13360	PQQ-like domain	366	469	4.4E-4	T	26-06-2023	IPR002372	Pyrrolo-quinoline quinone repeat
JAJNEG010000027.1_6	1e8116b121a12c746870ae4a05ee61a8	1384	Pfam	PF13360	PQQ-like domain	248	348	8.3E-10	T	26-06-2023	IPR002372	Pyrrolo-quinoline quinone repeat
JAJNEG010000027.1_6	1e8116b121a12c746870ae4a05ee61a8	1384	ProSiteProfiles	PS50294	Trp-Asp (WD) repeats circular profile.	223	260	8.781968	T	26-06-2023	-	-
JAJNEG010000027.1_6	1e8116b121a12c746870ae4a05ee61a8	1384	SMART	SM00320	WD40_4	422	462	170.0	T	26-06-2023	IPR001680	WD40 repeat
JAJNEG010000027.1_6	1e8116b121a12c746870ae4a05ee61a8	1384	SMART	SM00320	WD40_4	216	255	8.1E-5	T	26-06-2023	IPR001680	WD40 repeat
JAJNEG010000027.1_6	1e8116b121a12c746870ae4a05ee61a8	1384	SMART	SM00320	WD40_4	258	297	1.7E-4	T	26-06-2023	IPR001680	WD40 repeat
JAJNEG010000027.1_6	1e8116b121a12c746870ae4a05ee61a8	1384	MobiDBLite	mobidb-lite	consensus disorder prediction	656	677	-	T	26-06-2023	-	-
JAJNEG010000027.1_6	1e8116b121a12c746870ae4a05ee61a8	1384	SUPERFAMILY	SSF50969	YVTN repeat-like/Quinoprotein amine dehydrogenase	197	485	1.88E-33	T	26-06-2023	IPR011044	Quinoprotein amine dehydrogenase, beta chain-like
JAJNEG010000027.1_6	1e8116b121a12c746870ae4a05ee61a8	1384	PANTHER	PTHR44019	WD REPEAT-CONTAINING PROTEIN 55	190	416	6.8E-23	T	26-06-2023	-	-
JAJNEG010000027.1_6	1e8116b121a12c746870ae4a05ee61a8	1384	Gene3D	G3DSA:2.130.10.10	-	364	535	1.4E-7	T	26-06-2023	IPR015943	WD40/YVTN repeat-like-containing domain superfamily
JAJNEG010000027.1_6	1e8116b121a12c746870ae4a05ee61a8	1384	Coils	Coil	Coil	520	551	-	T	26-06-2023	-	-
JAJNEG010000027.1_6	1e8116b121a12c746870ae4a05ee61a8	1384	Coils	Coil	Coil	920	947	-	T	26-06-2023	-	-
JAJNEG010000027.1_6	1e8116b121a12c746870ae4a05ee61a8	1384	MobiDBLite	mobidb-lite	consensus disorder prediction	1106	1127	-	T	26-06-2023	-	-
JAJNEG010000027.1_12	6d47699ecf859c2a56af1a648759e468	187	MobiDBLite	mobidb-lite	consensus disorder prediction	162	187	-	T	26-06-2023	-	-
JAJNEG010000027.1_12	6d47699ecf859c2a56af1a648759e468	187	MobiDBLite	mobidb-lite	consensus disorder prediction	135	187	-	T	26-06-2023	-	-
JAJNEG010000027.1_12	6d47699ecf859c2a56af1a648759e468	187	MobiDBLite	mobidb-lite	consensus disorder prediction	58	85	-	T	26-06-2023	-	-
