JAKRVX010000010.1_32	585cba11c663bd5a456e38199aef95b7	269	Gene3D	G3DSA:1.10.10.10	-	29	124	2.6E-12	T	26-06-2023	IPR036388	Winged helix-like DNA-binding domain superfamily
JAKRVX010000010.1_32	585cba11c663bd5a456e38199aef95b7	269	Pfam	PF03551	Transcriptional regulator PadR-like family	44	104	8.7E-13	T	26-06-2023	IPR005149	Transcription regulator PadR, N-terminal
JAKRVX010000010.1_32	585cba11c663bd5a456e38199aef95b7	269	SUPERFAMILY	SSF46785	"Winged helix" DNA-binding domain	39	112	2.03E-14	T	26-06-2023	IPR036390	Winged helix DNA-binding domain superfamily
JAKRVX010000010.1_47	6abbddc57e9ac955205b78c32bd07e82	724	Pfam	PF09484	CRISPR-associated protein TM1802 (cas_TM1802)	58	695	2.6E-26	T	26-06-2023	IPR013389	CRISPR-associated protein Cas8b
JAKRVX010000010.1_47	6abbddc57e9ac955205b78c32bd07e82	724	NCBIfam	TIGR02591	type I-B CRISPR-associated protein Cas8b/Csh1	268	696	1.4E-37	T	26-06-2023	IPR013420	Type I-B CRISPR-associated protein Cas8b/Csh1, C-terminal
JAKRVX010000010.1_26	03e0f8179cca2a13b5d6745078a5d31e	392	CDD	cd08768	Cdc6_C	299	385	5.30936E-19	T	26-06-2023	IPR015163	Cdc6, C-terminal
JAKRVX010000010.1_26	03e0f8179cca2a13b5d6745078a5d31e	392	Gene3D	G3DSA:3.40.50.300	-	28	210	1.1E-91	T	26-06-2023	IPR027417	P-loop containing nucleoside triphosphate hydrolase
JAKRVX010000010.1_26	03e0f8179cca2a13b5d6745078a5d31e	392	PANTHER	PTHR10763	CELL DIVISION CONTROL PROTEIN 6-RELATED	11	363	1.0E-44	T	26-06-2023	-	-
JAKRVX010000010.1_26	03e0f8179cca2a13b5d6745078a5d31e	392	Hamap	MF_01407	ORC1-type DNA replication protein.	5	389	29.21015	T	26-06-2023	IPR014277	Orc1/Cdc6-type DNA replication protein, archaea
JAKRVX010000010.1_26	03e0f8179cca2a13b5d6745078a5d31e	392	Pfam	PF09079	CDC6, C terminal winged helix domain	306	388	5.2E-16	T	26-06-2023	IPR015163	Cdc6, C-terminal
JAKRVX010000010.1_26	03e0f8179cca2a13b5d6745078a5d31e	392	NCBIfam	TIGR02928	orc1/cdc6 family replication initiation protein	12	378	2.8E-121	T	26-06-2023	IPR014277	Orc1/Cdc6-type DNA replication protein, archaea
JAKRVX010000010.1_26	03e0f8179cca2a13b5d6745078a5d31e	392	SMART	SM01074	Cdc6_C_2	306	389	3.1E-13	T	26-06-2023	IPR015163	Cdc6, C-terminal
JAKRVX010000010.1_26	03e0f8179cca2a13b5d6745078a5d31e	392	FunFam	G3DSA:1.10.8.60:FF:000073	ORC1-type DNA replication protein	197	289	8.8E-22	T	26-06-2023	-	-
JAKRVX010000010.1_26	03e0f8179cca2a13b5d6745078a5d31e	392	Gene3D	G3DSA:1.10.10.10	-	298	392	3.5E-20	T	26-06-2023	IPR036388	Winged helix-like DNA-binding domain superfamily
JAKRVX010000010.1_26	03e0f8179cca2a13b5d6745078a5d31e	392	CDD	cd00009	AAA	40	210	1.4077E-6	T	26-06-2023	-	-
JAKRVX010000010.1_26	03e0f8179cca2a13b5d6745078a5d31e	392	Gene3D	G3DSA:1.10.8.60	-	12	288	1.1E-91	T	26-06-2023	-	-
JAKRVX010000010.1_26	03e0f8179cca2a13b5d6745078a5d31e	392	SUPERFAMILY	SSF46785	"Winged helix" DNA-binding domain	292	389	1.81E-15	T	26-06-2023	IPR036390	Winged helix DNA-binding domain superfamily
JAKRVX010000010.1_26	03e0f8179cca2a13b5d6745078a5d31e	392	Pfam	PF13401	AAA domain	53	169	2.4E-11	T	26-06-2023	IPR003593	AAA+ ATPase domain
JAKRVX010000010.1_26	03e0f8179cca2a13b5d6745078a5d31e	392	SUPERFAMILY	SSF52540	P-loop containing nucleoside triphosphate hydrolases	12	283	9.57E-40	T	26-06-2023	IPR027417	P-loop containing nucleoside triphosphate hydrolase
JAKRVX010000010.1_26	03e0f8179cca2a13b5d6745078a5d31e	392	SMART	SM00382	AAA_5	50	207	5.8E-6	T	26-06-2023	IPR003593	AAA+ ATPase domain
JAKRVX010000010.1_5	f1749d9db57bf7133b89089e32b8fcc2	517	Pfam	PF19865	Family of unknown function (DUF6338)	6	209	7.3E-7	T	26-06-2023	IPR045919	Protein of unknown function DUF6338
JAKRVX010000010.1_34	57c64c3a4514253badaff06b96f8f2ab	140	MobiDBLite	mobidb-lite	consensus disorder prediction	1	17	-	T	26-06-2023	-	-
JAKRVX010000010.1_34	57c64c3a4514253badaff06b96f8f2ab	140	MobiDBLite	mobidb-lite	consensus disorder prediction	1	25	-	T	26-06-2023	-	-
JAKRVX010000010.1_3	cd43ec353626eb8ae386305b4d14146a	362	PANTHER	PTHR10763	CELL DIVISION CONTROL PROTEIN 6-RELATED	17	293	1.4E-22	T	26-06-2023	-	-
JAKRVX010000010.1_3	cd43ec353626eb8ae386305b4d14146a	362	SUPERFAMILY	SSF52540	P-loop containing nucleoside triphosphate hydrolases	15	262	1.61E-38	T	26-06-2023	IPR027417	P-loop containing nucleoside triphosphate hydrolase
JAKRVX010000010.1_3	cd43ec353626eb8ae386305b4d14146a	362	SMART	SM00382	AAA_5	52	196	2.4E-6	T	26-06-2023	IPR003593	AAA+ ATPase domain
JAKRVX010000010.1_3	cd43ec353626eb8ae386305b4d14146a	362	Pfam	PF13401	AAA domain	57	161	4.4E-14	T	26-06-2023	IPR003593	AAA+ ATPase domain
JAKRVX010000010.1_3	cd43ec353626eb8ae386305b4d14146a	362	Gene3D	G3DSA:3.40.50.300	-	30	194	8.5E-45	T	26-06-2023	IPR027417	P-loop containing nucleoside triphosphate hydrolase
JAKRVX010000010.1_3	cd43ec353626eb8ae386305b4d14146a	362	Gene3D	G3DSA:1.10.8.60	-	15	262	8.5E-45	T	26-06-2023	-	-
JAKRVX010000010.1_3	cd43ec353626eb8ae386305b4d14146a	362	CDD	cd00009	AAA	37	192	1.70662E-10	T	26-06-2023	-	-
JAKRVX010000010.1_21	cdc88f80cfcbc875766f89d4629d9520	362	MobiDBLite	mobidb-lite	consensus disorder prediction	17	82	-	T	26-06-2023	-	-
JAKRVX010000010.1_21	cdc88f80cfcbc875766f89d4629d9520	362	SUPERFAMILY	SSF53300	vWA-like	176	340	6.36E-13	T	26-06-2023	IPR036465	von Willebrand factor A-like domain superfamily
JAKRVX010000010.1_21	cdc88f80cfcbc875766f89d4629d9520	362	Gene3D	G3DSA:3.40.50.410	von Willebrand factor, type A domain	175	350	1.4E-10	T	26-06-2023	IPR036465	von Willebrand factor A-like domain superfamily
JAKRVX010000010.1_68	e47be34c131997f752537db3b228100a	245	MobiDBLite	mobidb-lite	consensus disorder prediction	81	100	-	T	26-06-2023	-	-
JAKRVX010000010.1_68	e47be34c131997f752537db3b228100a	245	MobiDBLite	mobidb-lite	consensus disorder prediction	1	17	-	T	26-06-2023	-	-
JAKRVX010000010.1_68	e47be34c131997f752537db3b228100a	245	MobiDBLite	mobidb-lite	consensus disorder prediction	51	100	-	T	26-06-2023	-	-
JAKRVX010000010.1_68	e47be34c131997f752537db3b228100a	245	MobiDBLite	mobidb-lite	consensus disorder prediction	1	22	-	T	26-06-2023	-	-
JAKRVX010000010.1_68	e47be34c131997f752537db3b228100a	245	MobiDBLite	mobidb-lite	consensus disorder prediction	224	245	-	T	26-06-2023	-	-
JAKRVX010000010.1_40	035e00a778032f827cfad3e0080bf004	143	MobiDBLite	mobidb-lite	consensus disorder prediction	38	60	-	T	26-06-2023	-	-
JAKRVX010000010.1_40	035e00a778032f827cfad3e0080bf004	143	MobiDBLite	mobidb-lite	consensus disorder prediction	1	24	-	T	26-06-2023	-	-
JAKRVX010000010.1_40	035e00a778032f827cfad3e0080bf004	143	MobiDBLite	mobidb-lite	consensus disorder prediction	1	84	-	T	26-06-2023	-	-
JAKRVX010000010.1_59	d8fdace29c2f14a6e23a76dba3ceeeaf	146	Coils	Coil	Coil	77	97	-	T	26-06-2023	-	-
JAKRVX010000010.1_59	d8fdace29c2f14a6e23a76dba3ceeeaf	146	SUPERFAMILY	SSF57783	Zinc beta-ribbon	35	73	5.67E-5	T	26-06-2023	-	-
JAKRVX010000010.1_42	348078dfaf0775b07369d4ab554313a6	119	MobiDBLite	mobidb-lite	consensus disorder prediction	50	79	-	T	26-06-2023	-	-
JAKRVX010000010.1_42	348078dfaf0775b07369d4ab554313a6	119	MobiDBLite	mobidb-lite	consensus disorder prediction	52	74	-	T	26-06-2023	-	-
JAKRVX010000010.1_42	348078dfaf0775b07369d4ab554313a6	119	MobiDBLite	mobidb-lite	consensus disorder prediction	1	20	-	T	26-06-2023	-	-
JAKRVX010000010.1_7	3c43deb8d5dae21c0dba520d1c68d4ec	1425	ProSiteProfiles	PS50082	Trp-Asp (WD) repeats profile.	362	403	10.307941	T	26-06-2023	IPR001680	WD40 repeat
JAKRVX010000010.1_7	3c43deb8d5dae21c0dba520d1c68d4ec	1425	Coils	Coil	Coil	983	1010	-	T	26-06-2023	-	-
JAKRVX010000010.1_7	3c43deb8d5dae21c0dba520d1c68d4ec	1425	SMART	SM00320	WD40_4	397	436	26.0	T	26-06-2023	IPR001680	WD40 repeat
JAKRVX010000010.1_7	3c43deb8d5dae21c0dba520d1c68d4ec	1425	SMART	SM00320	WD40_4	355	394	1.9E-5	T	26-06-2023	IPR001680	WD40 repeat
JAKRVX010000010.1_7	3c43deb8d5dae21c0dba520d1c68d4ec	1425	SMART	SM00320	WD40_4	226	267	0.079	T	26-06-2023	IPR001680	WD40 repeat
JAKRVX010000010.1_7	3c43deb8d5dae21c0dba520d1c68d4ec	1425	SMART	SM00320	WD40_4	315	352	0.66	T	26-06-2023	IPR001680	WD40 repeat
JAKRVX010000010.1_7	3c43deb8d5dae21c0dba520d1c68d4ec	1425	SUPERFAMILY	SSF50998	Quinoprotein alcohol dehydrogenase-like	208	481	1.18E-43	T	26-06-2023	IPR011047	Quinoprotein alcohol dehydrogenase-like superfamily
JAKRVX010000010.1_7	3c43deb8d5dae21c0dba520d1c68d4ec	1425	Coils	Coil	Coil	541	564	-	T	26-06-2023	-	-
JAKRVX010000010.1_7	3c43deb8d5dae21c0dba520d1c68d4ec	1425	Coils	Coil	Coil	725	745	-	T	26-06-2023	-	-
JAKRVX010000010.1_7	3c43deb8d5dae21c0dba520d1c68d4ec	1425	PANTHER	PTHR22847	WD40 REPEAT PROTEIN	208	522	2.1E-16	T	26-06-2023	-	-
JAKRVX010000010.1_7	3c43deb8d5dae21c0dba520d1c68d4ec	1425	Pfam	PF13360	PQQ-like domain	291	374	6.6E-9	T	26-06-2023	IPR002372	Pyrrolo-quinoline quinone repeat
JAKRVX010000010.1_7	3c43deb8d5dae21c0dba520d1c68d4ec	1425	Gene3D	G3DSA:2.130.10.10	-	331	543	1.1E-21	T	26-06-2023	IPR015943	WD40/YVTN repeat-like-containing domain superfamily
JAKRVX010000010.1_7	3c43deb8d5dae21c0dba520d1c68d4ec	1425	Gene3D	G3DSA:2.130.10.10	-	199	330	3.1E-15	T	26-06-2023	IPR015943	WD40/YVTN repeat-like-containing domain superfamily
JAKRVX010000010.1_7	3c43deb8d5dae21c0dba520d1c68d4ec	1425	SMART	SM00564	ire1_9	416	447	5.2	T	26-06-2023	IPR018391	Pyrrolo-quinoline quinone beta-propeller repeat
JAKRVX010000010.1_7	3c43deb8d5dae21c0dba520d1c68d4ec	1425	SMART	SM00564	ire1_9	288	323	2.8	T	26-06-2023	IPR018391	Pyrrolo-quinoline quinone beta-propeller repeat
JAKRVX010000010.1_7	3c43deb8d5dae21c0dba520d1c68d4ec	1425	SMART	SM00564	ire1_9	331	363	0.11	T	26-06-2023	IPR018391	Pyrrolo-quinoline quinone beta-propeller repeat
JAKRVX010000010.1_7	3c43deb8d5dae21c0dba520d1c68d4ec	1425	SMART	SM00564	ire1_9	243	278	53.0	T	26-06-2023	IPR018391	Pyrrolo-quinoline quinone beta-propeller repeat
JAKRVX010000010.1_7	3c43deb8d5dae21c0dba520d1c68d4ec	1425	SMART	SM00564	ire1_9	374	405	0.053	T	26-06-2023	IPR018391	Pyrrolo-quinoline quinone beta-propeller repeat
JAKRVX010000010.1_7	3c43deb8d5dae21c0dba520d1c68d4ec	1425	SMART	SM00564	ire1_9	202	234	0.44	T	26-06-2023	IPR018391	Pyrrolo-quinoline quinone beta-propeller repeat
JAKRVX010000010.1_45	c96c4afb6a65275017a6b92a0ed3d018	280	Gene3D	G3DSA:3.30.70.2660	-	30	214	2.2E-16	T	26-06-2023	-	-
JAKRVX010000010.1_45	c96c4afb6a65275017a6b92a0ed3d018	280	NCBIfam	TIGR02592	type I-B CRISPR-associated protein Cas5b	31	279	1.3E-52	T	26-06-2023	IPR013421	Type I-B CRISPR-associated protein Cas5, HALMA
JAKRVX010000010.1_45	c96c4afb6a65275017a6b92a0ed3d018	280	Pfam	PF09704	CRISPR-associated protein (Cas_Cas5)	33	186	5.9E-11	T	26-06-2023	IPR021124	CRISPR-associated protein, Cas5
JAKRVX010000010.1_45	c96c4afb6a65275017a6b92a0ed3d018	280	NCBIfam	TIGR02593	CRISPR-associated protein Cas5	32	73	4.0E-9	T	26-06-2023	IPR013422	CRISPR-associated protein Cas5, N-terminal
JAKRVX010000010.1_46	83dfd9bb74d68a1f81bea27587b9ce74	358	Pfam	PF05107	CRISPR-associated protein Cas7	11	280	1.4E-47	T	26-06-2023	IPR006482	CRISPR-associated protein Cas7, subtype I-B/I-C
JAKRVX010000010.1_46	83dfd9bb74d68a1f81bea27587b9ce74	358	NCBIfam	TIGR01595	CRISPR-associated protein, CT1132 family	8	261	9.7E-39	T	26-06-2023	IPR006482	CRISPR-associated protein Cas7, subtype I-B/I-C
JAKRVX010000010.1_46	83dfd9bb74d68a1f81bea27587b9ce74	358	NCBIfam	TIGR02590	type I-B CRISPR-associated protein Cas7/Csh2	11	318	3.7E-87	T	26-06-2023	IPR013419	Type I-B CRISPR-associated protein Cas7/Csh2
JAKRVX010000010.1_60	cd654fd56d8d90b69e34df0e94567656	109	MobiDBLite	mobidb-lite	consensus disorder prediction	14	32	-	T	26-06-2023	-	-
JAKRVX010000010.1_60	cd654fd56d8d90b69e34df0e94567656	109	MobiDBLite	mobidb-lite	consensus disorder prediction	1	32	-	T	26-06-2023	-	-
JAKRVX010000010.1_60	cd654fd56d8d90b69e34df0e94567656	109	MobiDBLite	mobidb-lite	consensus disorder prediction	71	109	-	T	26-06-2023	-	-
JAKRVX010000010.1_60	cd654fd56d8d90b69e34df0e94567656	109	MobiDBLite	mobidb-lite	consensus disorder prediction	81	109	-	T	26-06-2023	-	-
JAKRVX010000010.1_50	4b1fa7ca78d959b5b8466591cecf7402	331	Gene3D	G3DSA:3.100.10.20	-	1	82	4.8E-23	T	26-06-2023	IPR042211	CRISPR-associated endonuclease Cas1, N-terminal domain
JAKRVX010000010.1_50	4b1fa7ca78d959b5b8466591cecf7402	331	Gene3D	G3DSA:1.20.120.920	-	84	331	2.4E-68	T	26-06-2023	IPR042206	CRISPR-associated endonuclease Cas1, C-terminal domain
JAKRVX010000010.1_50	4b1fa7ca78d959b5b8466591cecf7402	331	Pfam	PF01867	CRISPR associated protein Cas1	8	286	1.3E-86	T	26-06-2023	IPR002729	CRISPR-associated protein Cas1
JAKRVX010000010.1_50	4b1fa7ca78d959b5b8466591cecf7402	331	PANTHER	PTHR43219	CRISPR-ASSOCIATED ENDONUCLEASE CAS1	3	331	9.7E-106	T	26-06-2023	IPR019858	CRISPR-associated protein Cas1, HMARI/TNEAP subtype
JAKRVX010000010.1_50	4b1fa7ca78d959b5b8466591cecf7402	331	NCBIfam	TIGR00287	CRISPR-associated endonuclease Cas1	8	326	1.0E-85	T	26-06-2023	IPR002729	CRISPR-associated protein Cas1
JAKRVX010000010.1_50	4b1fa7ca78d959b5b8466591cecf7402	331	Hamap	MF_01470	CRISPR-associated endonuclease Cas1 [cas1].	3	316	25.366016	T	26-06-2023	IPR002729	CRISPR-associated protein Cas1
JAKRVX010000010.1_50	4b1fa7ca78d959b5b8466591cecf7402	331	NCBIfam	TIGR03641	type I-B CRISPR-associated endonuclease Cas1b	5	331	5.3E-119	T	26-06-2023	IPR019858	CRISPR-associated protein Cas1, HMARI/TNEAP subtype
JAKRVX010000010.1_70	635fdfc9d2d35de0699f3bf0672875ad	87	SUPERFAMILY	SSF46785	"Winged helix" DNA-binding domain	13	78	2.05E-5	T	26-06-2023	IPR036390	Winged helix DNA-binding domain superfamily
JAKRVX010000010.1_70	635fdfc9d2d35de0699f3bf0672875ad	87	Gene3D	G3DSA:1.10.10.10	-	1	85	6.9E-25	T	26-06-2023	IPR036388	Winged helix-like DNA-binding domain superfamily
JAKRVX010000010.1_24	d95d33c83f733a264282bc1bd3e69708	526	Coils	Coil	Coil	257	284	-	T	26-06-2023	-	-
JAKRVX010000010.1_80	733438fd001a948ff79fe41242b6c365	115	Gene3D	G3DSA:1.10.10.10	-	35	105	2.2E-5	T	26-06-2023	IPR036388	Winged helix-like DNA-binding domain superfamily
JAKRVX010000010.1_80	733438fd001a948ff79fe41242b6c365	115	SUPERFAMILY	SSF46785	"Winged helix" DNA-binding domain	37	99	5.92E-7	T	26-06-2023	IPR036390	Winged helix DNA-binding domain superfamily
JAKRVX010000010.1_86	56f79bf2d9409576b7d1514a511f0ebe	849	Gene3D	G3DSA:3.40.50.300	-	537	735	9.8E-32	T	26-06-2023	IPR027417	P-loop containing nucleoside triphosphate hydrolase
JAKRVX010000010.1_86	56f79bf2d9409576b7d1514a511f0ebe	849	PANTHER	PTHR37291	5-METHYLCYTOSINE-SPECIFIC RESTRICTION ENZYME B	540	765	3.5E-31	T	26-06-2023	-	-
JAKRVX010000010.1_86	56f79bf2d9409576b7d1514a511f0ebe	849	SUPERFAMILY	SSF52540	P-loop containing nucleoside triphosphate hydrolases	528	779	8.76E-24	T	26-06-2023	IPR027417	P-loop containing nucleoside triphosphate hydrolase
JAKRVX010000010.1_86	56f79bf2d9409576b7d1514a511f0ebe	849	CDD	cd00009	AAA	540	643	2.63275E-9	T	26-06-2023	-	-
JAKRVX010000010.1_86	56f79bf2d9409576b7d1514a511f0ebe	849	SMART	SM00382	AAA_5	551	725	1.4E-5	T	26-06-2023	IPR003593	AAA+ ATPase domain
JAKRVX010000010.1_86	56f79bf2d9409576b7d1514a511f0ebe	849	Pfam	PF12102	MrcB-like, N-terminal domain	113	278	6.3E-28	T	26-06-2023	IPR021961	Type IV methyl-directed restriction enzyme EcoKMcrB subunit, DNA-binding domain
JAKRVX010000010.1_86	56f79bf2d9409576b7d1514a511f0ebe	849	Pfam	PF07728	AAA domain (dynein-related subfamily)	554	719	6.4E-17	T	26-06-2023	IPR011704	ATPase, dynein-related, AAA domain
JAKRVX010000010.1_86	56f79bf2d9409576b7d1514a511f0ebe	849	MobiDBLite	mobidb-lite	consensus disorder prediction	486	506	-	T	26-06-2023	-	-
JAKRVX010000010.1_86	56f79bf2d9409576b7d1514a511f0ebe	849	Gene3D	G3DSA:3.30.920.90	-	110	291	7.5E-21	T	26-06-2023	-	-
JAKRVX010000010.1_18	8d6d4f0678e031dad7aeddd3ab1ca165	148	MobiDBLite	mobidb-lite	consensus disorder prediction	1	18	-	T	26-06-2023	-	-
JAKRVX010000010.1_18	8d6d4f0678e031dad7aeddd3ab1ca165	148	Coils	Coil	Coil	27	47	-	T	26-06-2023	-	-
JAKRVX010000010.1_18	8d6d4f0678e031dad7aeddd3ab1ca165	148	MobiDBLite	mobidb-lite	consensus disorder prediction	1	20	-	T	26-06-2023	-	-
JAKRVX010000010.1_77	f481cc22b04be7956e797b0a3f3c7e5f	139	Coils	Coil	Coil	45	65	-	T	26-06-2023	-	-
JAKRVX010000010.1_77	f481cc22b04be7956e797b0a3f3c7e5f	139	MobiDBLite	mobidb-lite	consensus disorder prediction	1	24	-	T	26-06-2023	-	-
JAKRVX010000010.1_82	0305838ae6d3f341ef0a48bdfdb6b79c	328	Pfam	PF14470	Bacterial PH domain	41	104	2.2E-6	T	26-06-2023	IPR039519	YokE-like, PH domain
JAKRVX010000010.1_23	159871e96e2b38b138d7706a3c69d29c	314	Coils	Coil	Coil	237	289	-	T	26-06-2023	-	-
JAKRVX010000010.1_23	159871e96e2b38b138d7706a3c69d29c	314	MobiDBLite	mobidb-lite	consensus disorder prediction	294	314	-	T	26-06-2023	-	-
JAKRVX010000010.1_72	943710afc05037f505f91cd072903545	406	SMART	SM00382	AAA_5	181	318	6.6E-23	T	26-06-2023	IPR003593	AAA+ ATPase domain
JAKRVX010000010.1_72	943710afc05037f505f91cd072903545	406	SUPERFAMILY	SSF52540	P-loop containing nucleoside triphosphate hydrolases	144	389	1.18E-60	T	26-06-2023	IPR027417	P-loop containing nucleoside triphosphate hydrolase
JAKRVX010000010.1_72	943710afc05037f505f91cd072903545	406	Pfam	PF17862	AAA+ lid domain	342	384	4.1E-7	T	26-06-2023	IPR041569	AAA ATPase, AAA+ lid domain
JAKRVX010000010.1_72	943710afc05037f505f91cd072903545	406	Pfam	PF00004	ATPase family associated with various cellular activities (AAA)	185	315	1.9E-46	T	26-06-2023	IPR003959	ATPase, AAA-type, core
JAKRVX010000010.1_72	943710afc05037f505f91cd072903545	406	ProSitePatterns	PS00674	AAA-protein family signature.	286	304	-	T	26-06-2023	IPR003960	ATPase, AAA-type, conserved site
JAKRVX010000010.1_72	943710afc05037f505f91cd072903545	406	Gene3D	G3DSA:3.40.50.300	-	134	316	1.0E-65	T	26-06-2023	IPR027417	P-loop containing nucleoside triphosphate hydrolase
JAKRVX010000010.1_72	943710afc05037f505f91cd072903545	406	PANTHER	PTHR23077	AAA-FAMILY ATPASE	140	395	7.0E-78	T	26-06-2023	-	-
JAKRVX010000010.1_72	943710afc05037f505f91cd072903545	406	PRINTS	PR00819	CbxX/CfqX superfamily signature	146	160	6.5E-5	T	26-06-2023	IPR000641	CbxX/CfxQ
JAKRVX010000010.1_72	943710afc05037f505f91cd072903545	406	PRINTS	PR00819	CbxX/CfqX superfamily signature	184	199	6.5E-5	T	26-06-2023	IPR000641	CbxX/CfxQ
JAKRVX010000010.1_72	943710afc05037f505f91cd072903545	406	PRINTS	PR00819	CbxX/CfqX superfamily signature	234	253	6.5E-5	T	26-06-2023	IPR000641	CbxX/CfxQ
JAKRVX010000010.1_72	943710afc05037f505f91cd072903545	406	Gene3D	G3DSA:1.10.8.60	-	320	399	1.6E-13	T	26-06-2023	-	-
JAKRVX010000010.1_72	943710afc05037f505f91cd072903545	406	FunFam	G3DSA:3.40.50.300:FF:001025	ATPase family, AAA domain-containing 2B	143	316	7.2E-64	T	26-06-2023	-	-
JAKRVX010000010.1_61	1bbecfa111e21fee1433628fcc046c45	83	MobiDBLite	mobidb-lite	consensus disorder prediction	1	25	-	T	26-06-2023	-	-
JAKRVX010000010.1_12	5cbab7566b5d24231405c9e3deeabac1	246	ProSiteProfiles	PS51318	Twin arginine translocation (Tat) signal profile.	1	46	8.446444	T	26-06-2023	IPR006311	Twin-arginine translocation pathway, signal sequence
JAKRVX010000010.1_73	78beededbc4b58763fe3edc7fa6299aa	413	Coils	Coil	Coil	284	304	-	T	26-06-2023	-	-
JAKRVX010000010.1_73	78beededbc4b58763fe3edc7fa6299aa	413	Coils	Coil	Coil	377	397	-	T	26-06-2023	-	-
JAKRVX010000010.1_28	2e0a29deaf8e44a04b1746087c0ee593	145	MobiDBLite	mobidb-lite	consensus disorder prediction	1	54	-	T	26-06-2023	-	-
JAKRVX010000010.1_28	2e0a29deaf8e44a04b1746087c0ee593	145	MobiDBLite	mobidb-lite	consensus disorder prediction	13	53	-	T	26-06-2023	-	-
JAKRVX010000010.1_31	f5e94c434f72e6147def9380c49187e2	530	Coils	Coil	Coil	281	301	-	T	26-06-2023	-	-
JAKRVX010000010.1_37	1bfc890347c97eedf10a7edb22101680	127	MobiDBLite	mobidb-lite	consensus disorder prediction	1	23	-	T	26-06-2023	-	-
JAKRVX010000010.1_1	e0906e650a3d3a1ac260d8b5bc60c551	47	MobiDBLite	mobidb-lite	consensus disorder prediction	26	47	-	T	26-06-2023	-	-
JAKRVX010000010.1_19	503627dd8ef67426a4a886a2cd9707fd	666	MobiDBLite	mobidb-lite	consensus disorder prediction	585	627	-	T	26-06-2023	-	-
JAKRVX010000010.1_19	503627dd8ef67426a4a886a2cd9707fd	666	MobiDBLite	mobidb-lite	consensus disorder prediction	629	646	-	T	26-06-2023	-	-
JAKRVX010000010.1_19	503627dd8ef67426a4a886a2cd9707fd	666	MobiDBLite	mobidb-lite	consensus disorder prediction	585	646	-	T	26-06-2023	-	-
JAKRVX010000010.1_57	f55a6d1688a26c4241bd97ae8db0d739	160	MobiDBLite	mobidb-lite	consensus disorder prediction	13	39	-	T	26-06-2023	-	-
JAKRVX010000010.1_57	f55a6d1688a26c4241bd97ae8db0d739	160	MobiDBLite	mobidb-lite	consensus disorder prediction	13	29	-	T	26-06-2023	-	-
JAKRVX010000010.1_69	9f0dcface3385d3291d150414cc23e00	95	SUPERFAMILY	SSF46785	"Winged helix" DNA-binding domain	20	87	6.23E-7	T	26-06-2023	IPR036390	Winged helix DNA-binding domain superfamily
JAKRVX010000010.1_69	9f0dcface3385d3291d150414cc23e00	95	Gene3D	G3DSA:1.10.10.10	-	8	92	1.2E-23	T	26-06-2023	IPR036388	Winged helix-like DNA-binding domain superfamily
JAKRVX010000010.1_39	b26eb2016d36186fe24d009dd6233fc9	50	Pfam	PF01402	Ribbon-helix-helix protein, copG family	12	46	3.7E-7	T	26-06-2023	IPR002145	Ribbon-helix-helix protein, CopG
JAKRVX010000010.1_39	b26eb2016d36186fe24d009dd6233fc9	50	PANTHER	PTHR36215	BLL4998 PROTEIN	6	47	4.4E-9	T	26-06-2023	-	-
JAKRVX010000010.1_39	b26eb2016d36186fe24d009dd6233fc9	50	CDD	cd22231	RHH_NikR_HicB-like	11	45	4.99187E-10	T	26-06-2023	-	-
JAKRVX010000010.1_39	b26eb2016d36186fe24d009dd6233fc9	50	Gene3D	G3DSA:1.10.1220.10	-	11	49	1.8E-11	T	26-06-2023	IPR013321	Arc-type ribbon-helix-helix
JAKRVX010000010.1_39	b26eb2016d36186fe24d009dd6233fc9	50	SUPERFAMILY	SSF47598	Ribbon-helix-helix	11	47	2.37E-10	T	26-06-2023	IPR010985	Ribbon-helix-helix
JAKRVX010000010.1_30	d176fe5c8177dc68413d5d8c8f7a102c	400	Coils	Coil	Coil	134	154	-	T	26-06-2023	-	-
JAKRVX010000010.1_30	d176fe5c8177dc68413d5d8c8f7a102c	400	Pfam	PF00589	Phage integrase family	207	340	5.8E-7	T	26-06-2023	IPR002104	Integrase, catalytic domain
JAKRVX010000010.1_30	d176fe5c8177dc68413d5d8c8f7a102c	400	SUPERFAMILY	SSF56349	DNA breaking-rejoining enzymes	84	342	1.88E-18	T	26-06-2023	IPR011010	DNA breaking-rejoining enzyme, catalytic core
JAKRVX010000010.1_30	d176fe5c8177dc68413d5d8c8f7a102c	400	Gene3D	G3DSA:1.10.443.10	Intergrase catalytic core	200	392	1.9E-14	T	26-06-2023	IPR013762	Integrase-like, catalytic domain superfamily
JAKRVX010000010.1_30	d176fe5c8177dc68413d5d8c8f7a102c	400	ProSiteProfiles	PS51898	Tyrosine recombinase domain profile.	202	389	12.794968	T	26-06-2023	IPR002104	Integrase, catalytic domain
JAKRVX010000010.1_48	2b7a81f33ea49ae43a4134b45eeb46af	271	NCBIfam	TIGR01877	CRISPR-associated endoribonuclease Cas6	39	251	1.9E-22	T	26-06-2023	IPR010156	CRISPR-associated endoribonuclease Cas6
JAKRVX010000010.1_48	2b7a81f33ea49ae43a4134b45eeb46af	271	PANTHER	PTHR36984	CRISPR-ASSOCIATED ENDORIBONUCLEASE CAS6 1	1	255	1.0E-12	T	26-06-2023	IPR010156	CRISPR-associated endoribonuclease Cas6
JAKRVX010000010.1_48	2b7a81f33ea49ae43a4134b45eeb46af	271	Gene3D	G3DSA:3.30.70.1890	-	1	108	4.3E-6	T	26-06-2023	IPR045747	CRISPR-associated protein Cas6, N-terminal domain superfamily
JAKRVX010000010.1_48	2b7a81f33ea49ae43a4134b45eeb46af	271	CDD	cd21140	Cas6_I-like	2	252	6.93277E-15	T	26-06-2023	-	-
JAKRVX010000010.1_48	2b7a81f33ea49ae43a4134b45eeb46af	271	Pfam	PF01881	CRISPR associated protein Cas6, C-terminal	117	252	3.6E-14	T	26-06-2023	IPR010156	CRISPR-associated endoribonuclease Cas6
JAKRVX010000010.1_48	2b7a81f33ea49ae43a4134b45eeb46af	271	Gene3D	G3DSA:3.30.70.1900	-	119	253	2.4E-8	T	26-06-2023	-	-
JAKRVX010000010.1_49	79a026fe0028a0727a7db861a2c5ea19	188	NCBIfam	TIGR00372	CRISPR-associated protein Cas4	30	187	4.7E-20	T	26-06-2023	IPR013343	CRISPR-associated protein Cas4
JAKRVX010000010.1_49	79a026fe0028a0727a7db861a2c5ea19	188	Pfam	PF01930	Domain of unknown function DUF83	31	187	8.6E-45	T	26-06-2023	IPR022765	Dna2/Cas4, domain of unknown function DUF83
JAKRVX010000010.1_49	79a026fe0028a0727a7db861a2c5ea19	188	Gene3D	G3DSA:3.90.320.10	-	8	187	3.3E-16	T	26-06-2023	IPR011604	PD-(D/E)XK endonuclease-like domain superfamily
JAKRVX010000010.1_49	79a026fe0028a0727a7db861a2c5ea19	188	PANTHER	PTHR37168	CRISPR-ASSOCIATED EXONUCLEASE CAS4	27	188	1.7E-47	T	26-06-2023	-	-
JAKRVX010000010.1_20	d6b6bc0a618e3d00089140732af04d0f	388	PANTHER	PTHR42759	MOXR FAMILY PROTEIN	122	252	4.2E-14	T	26-06-2023	-	-
JAKRVX010000010.1_20	d6b6bc0a618e3d00089140732af04d0f	388	Gene3D	G3DSA:3.40.50.300	-	109	271	7.4E-26	T	26-06-2023	IPR027417	P-loop containing nucleoside triphosphate hydrolase
JAKRVX010000010.1_20	d6b6bc0a618e3d00089140732af04d0f	388	Pfam	PF07728	AAA domain (dynein-related subfamily)	123	259	2.6E-25	T	26-06-2023	IPR011704	ATPase, dynein-related, AAA domain
JAKRVX010000010.1_20	d6b6bc0a618e3d00089140732af04d0f	388	SMART	SM00382	AAA_5	117	270	8.1E-4	T	26-06-2023	IPR003593	AAA+ ATPase domain
JAKRVX010000010.1_20	d6b6bc0a618e3d00089140732af04d0f	388	Pfam	PF08406	CbbQ/NirQ/NorQ C-terminal	277	366	5.6E-5	T	26-06-2023	IPR013615	CbbQ/NirQ/NorQ, C-terminal
JAKRVX010000010.1_20	d6b6bc0a618e3d00089140732af04d0f	388	SUPERFAMILY	SSF52540	P-loop containing nucleoside triphosphate hydrolases	121	281	5.12E-25	T	26-06-2023	IPR027417	P-loop containing nucleoside triphosphate hydrolase
JAKRVX010000010.1_20	d6b6bc0a618e3d00089140732af04d0f	388	CDD	cd00009	AAA	123	213	1.61663E-10	T	26-06-2023	-	-
JAKRVX010000010.1_62	a9a46519b4cdffddb714d86b6b510a3a	64	Gene3D	G3DSA:1.10.10.10	-	2	62	1.2E-5	T	26-06-2023	IPR036388	Winged helix-like DNA-binding domain superfamily
JAKRVX010000010.1_62	a9a46519b4cdffddb714d86b6b510a3a	64	SUPERFAMILY	SSF46785	"Winged helix" DNA-binding domain	8	59	6.34E-6	T	26-06-2023	IPR036390	Winged helix DNA-binding domain superfamily
JAKRVX010000010.1_41	04df9e986a62a15631e437fcd670d54c	256	PIRSF	PIRSF009320	Nuc_binding_HP_1000	94	256	5.6E-8	T	26-06-2023	-	-
JAKRVX010000010.1_41	04df9e986a62a15631e437fcd670d54c	256	PIRSF	PIRSF009320	Nuc_binding_HP_1000	2	47	1.2E-14	T	26-06-2023	-	-
JAKRVX010000010.1_41	04df9e986a62a15631e437fcd670d54c	256	Pfam	PF13614	AAA domain	5	176	9.0E-45	T	26-06-2023	IPR025669	AAA domain
JAKRVX010000010.1_41	04df9e986a62a15631e437fcd670d54c	256	PANTHER	PTHR13696	P-LOOP CONTAINING NUCLEOSIDE TRIPHOSPHATE HYDROLASE	3	251	2.3E-48	T	26-06-2023	-	-
JAKRVX010000010.1_41	04df9e986a62a15631e437fcd670d54c	256	SUPERFAMILY	SSF52540	P-loop containing nucleoside triphosphate hydrolases	1	253	2.1E-47	T	26-06-2023	IPR027417	P-loop containing nucleoside triphosphate hydrolase
JAKRVX010000010.1_41	04df9e986a62a15631e437fcd670d54c	256	CDD	cd02042	ParAB_family	5	202	3.54963E-34	T	26-06-2023	-	-
JAKRVX010000010.1_41	04df9e986a62a15631e437fcd670d54c	256	Gene3D	G3DSA:3.40.50.300	-	1	252	2.3E-62	T	26-06-2023	IPR027417	P-loop containing nucleoside triphosphate hydrolase
JAKRVX010000010.1_67	a19f1bba548dcf010043b53f033eab2d	249	MobiDBLite	mobidb-lite	consensus disorder prediction	202	249	-	T	26-06-2023	-	-
JAKRVX010000010.1_67	a19f1bba548dcf010043b53f033eab2d	249	MobiDBLite	mobidb-lite	consensus disorder prediction	84	153	-	T	26-06-2023	-	-
JAKRVX010000010.1_67	a19f1bba548dcf010043b53f033eab2d	249	MobiDBLite	mobidb-lite	consensus disorder prediction	126	153	-	T	26-06-2023	-	-
JAKRVX010000010.1_67	a19f1bba548dcf010043b53f033eab2d	249	MobiDBLite	mobidb-lite	consensus disorder prediction	204	240	-	T	26-06-2023	-	-
JAKRVX010000010.1_67	a19f1bba548dcf010043b53f033eab2d	249	MobiDBLite	mobidb-lite	consensus disorder prediction	84	125	-	T	26-06-2023	-	-
JAKRVX010000010.1_35	a6cb1bef316284d02f725c1802723823	101	MobiDBLite	mobidb-lite	consensus disorder prediction	66	101	-	T	26-06-2023	-	-
JAKRVX010000010.1_44	6af99d8f2101a7272ad95970fdfdcec6	948	ProSiteProfiles	PS51643	HD Cas3-type domain profile.	11	227	24.893383	T	26-06-2023	IPR006483	CRISPR-associated Cas3-type HD domain
JAKRVX010000010.1_44	6af99d8f2101a7272ad95970fdfdcec6	948	Gene3D	G3DSA:1.10.3210.30	-	9	183	1.2E-20	T	26-06-2023	IPR038257	CRISPR-associated Cas3-type HD domain superfamily
JAKRVX010000010.1_44	6af99d8f2101a7272ad95970fdfdcec6	948	CDD	cd09641	Cas3''_I	11	231	3.47313E-24	T	26-06-2023	-	-
JAKRVX010000010.1_44	6af99d8f2101a7272ad95970fdfdcec6	948	SUPERFAMILY	SSF52540	P-loop containing nucleoside triphosphate hydrolases	304	739	1.93E-18	T	26-06-2023	IPR027417	P-loop containing nucleoside triphosphate hydrolase
JAKRVX010000010.1_44	6af99d8f2101a7272ad95970fdfdcec6	948	Gene3D	G3DSA:3.40.50.300	-	282	504	3.2E-10	T	26-06-2023	IPR027417	P-loop containing nucleoside triphosphate hydrolase
JAKRVX010000010.1_44	6af99d8f2101a7272ad95970fdfdcec6	948	Pfam	PF04851	Type III restriction enzyme, res subunit	283	489	7.3E-6	T	26-06-2023	IPR006935	Helicase/UvrB, N-terminal
JAKRVX010000010.1_44	6af99d8f2101a7272ad95970fdfdcec6	948	NCBIfam	TIGR01596	CRISPR-associated endonuclease Cas3''	18	229	2.7E-21	T	26-06-2023	IPR006483	CRISPR-associated Cas3-type HD domain
JAKRVX010000010.1_78	a3b5a101aa042d64abd16fdb6173333b	296	PANTHER	PTHR30337	COMPONENT OF ATP-DEPENDENT DSDNA EXONUCLEASE	20	145	2.5E-12	T	26-06-2023	-	-
JAKRVX010000010.1_78	a3b5a101aa042d64abd16fdb6173333b	296	Gene3D	G3DSA:3.60.21.10	-	4	192	4.7E-17	T	26-06-2023	IPR029052	Metallo-dependent phosphatase-like
JAKRVX010000010.1_78	a3b5a101aa042d64abd16fdb6173333b	296	Pfam	PF00149	Calcineurin-like phosphoesterase	5	165	3.6E-12	T	26-06-2023	IPR004843	Calcineurin-like phosphoesterase domain, ApaH type
JAKRVX010000010.1_78	a3b5a101aa042d64abd16fdb6173333b	296	CDD	cd00838	MPP_superfamily	8	80	1.63411E-4	T	26-06-2023	-	-
JAKRVX010000010.1_78	a3b5a101aa042d64abd16fdb6173333b	296	SUPERFAMILY	SSF56300	Metallo-dependent phosphatases	2	171	6.05E-21	T	26-06-2023	IPR029052	Metallo-dependent phosphatase-like
JAKRVX010000010.1_55	4c9c223895374ee60041c7deba5361d8	260	MobiDBLite	mobidb-lite	consensus disorder prediction	161	178	-	T	26-06-2023	-	-
JAKRVX010000010.1_55	4c9c223895374ee60041c7deba5361d8	260	MobiDBLite	mobidb-lite	consensus disorder prediction	155	178	-	T	26-06-2023	-	-
JAKRVX010000010.1_58	fc556d12a015579c1c7b6462febc2c1b	100	MobiDBLite	mobidb-lite	consensus disorder prediction	1	28	-	T	26-06-2023	-	-
JAKRVX010000010.1_74	2ed4d277fa87327ec92285ed0b1e76ab	79	SUPERFAMILY	SSF46785	"Winged helix" DNA-binding domain	19	68	4.08E-9	T	26-06-2023	IPR036390	Winged helix DNA-binding domain superfamily
JAKRVX010000010.1_74	2ed4d277fa87327ec92285ed0b1e76ab	79	Gene3D	G3DSA:1.10.10.10	-	1	76	2.4E-25	T	26-06-2023	IPR036388	Winged helix-like DNA-binding domain superfamily
JAKRVX010000010.1_74	2ed4d277fa87327ec92285ed0b1e76ab	79	Pfam	PF14947	Winged helix-turn-helix	8	67	3.0E-6	T	26-06-2023	IPR038723	ArnR1-like, winged helix-turn-helix domain
JAKRVX010000010.1_51	0e17cb8b3c0f694603c636b3cc1d71cb	86	Pfam	PF09827	CRISPR associated protein Cas2	1	63	3.2E-15	T	26-06-2023	IPR019199	Virulence-associated protein D / CRISPR associated protein Cas2
JAKRVX010000010.1_51	0e17cb8b3c0f694603c636b3cc1d71cb	86	NCBIfam	TIGR01573	CRISPR-associated endonuclease Cas2	1	66	5.7E-10	T	26-06-2023	IPR021127	CRISPR-associated endonuclease Cas2
JAKRVX010000010.1_51	0e17cb8b3c0f694603c636b3cc1d71cb	86	Gene3D	G3DSA:3.30.70.240	-	1	64	1.3E-14	T	26-06-2023	-	-
JAKRVX010000010.1_51	0e17cb8b3c0f694603c636b3cc1d71cb	86	Hamap	MF_01471	CRISPR-associated endoribonuclease Cas2 [cas2].	1	86	10.832784	T	26-06-2023	IPR021127	CRISPR-associated endonuclease Cas2
JAKRVX010000010.1_51	0e17cb8b3c0f694603c636b3cc1d71cb	86	CDD	cd09725	Cas2_I_II_III	3	62	1.96192E-13	T	26-06-2023	IPR021127	CRISPR-associated endonuclease Cas2
JAKRVX010000010.1_51	0e17cb8b3c0f694603c636b3cc1d71cb	86	SUPERFAMILY	SSF143430	TTP0101/SSO1404-like	1	79	1.57E-16	T	26-06-2023	-	-
JAKRVX010000010.1_51	0e17cb8b3c0f694603c636b3cc1d71cb	86	PANTHER	PTHR34405	CRISPR-ASSOCIATED ENDORIBONUCLEASE CAS2	1	81	1.2E-10	T	26-06-2023	IPR021127	CRISPR-associated endonuclease Cas2
JAKRVX010000010.1_8	a1f4b5c13a8b75bb00e17f897bb9f400	528	PANTHER	PTHR43806	PEPTIDASE S8	106	473	9.5E-44	T	26-06-2023	-	-
JAKRVX010000010.1_8	a1f4b5c13a8b75bb00e17f897bb9f400	528	ProSiteProfiles	PS51892	Serine proteases, subtilase domain profile.	172	490	27.020956	T	26-06-2023	-	-
JAKRVX010000010.1_8	a1f4b5c13a8b75bb00e17f897bb9f400	528	ProSiteProfiles	PS51318	Twin arginine translocation (Tat) signal profile.	1	27	8.318618	T	26-06-2023	IPR006311	Twin-arginine translocation pathway, signal sequence
JAKRVX010000010.1_8	a1f4b5c13a8b75bb00e17f897bb9f400	528	PRINTS	PR00723	Subtilisin serine protease family (S8) signature	202	221	2.2E-11	T	26-06-2023	IPR015500	Peptidase S8, subtilisin-related
JAKRVX010000010.1_8	a1f4b5c13a8b75bb00e17f897bb9f400	528	PRINTS	PR00723	Subtilisin serine protease family (S8) signature	251	264	2.2E-11	T	26-06-2023	IPR015500	Peptidase S8, subtilisin-related
JAKRVX010000010.1_8	a1f4b5c13a8b75bb00e17f897bb9f400	528	PRINTS	PR00723	Subtilisin serine protease family (S8) signature	430	446	2.2E-11	T	26-06-2023	IPR015500	Peptidase S8, subtilisin-related
JAKRVX010000010.1_8	a1f4b5c13a8b75bb00e17f897bb9f400	528	Pfam	PF00082	Subtilase family	203	448	4.8E-40	T	26-06-2023	IPR000209	Peptidase S8/S53 domain
JAKRVX010000010.1_8	a1f4b5c13a8b75bb00e17f897bb9f400	528	ProSitePatterns	PS00138	Serine proteases, subtilase family, serine active site.	431	441	-	T	26-06-2023	IPR023828	Peptidase S8, subtilisin, Ser-active site
JAKRVX010000010.1_8	a1f4b5c13a8b75bb00e17f897bb9f400	528	SUPERFAMILY	SSF52743	Subtilisin-like	199	492	1.06E-55	T	26-06-2023	IPR036852	Peptidase S8/S53 domain superfamily
JAKRVX010000010.1_8	a1f4b5c13a8b75bb00e17f897bb9f400	528	ProSitePatterns	PS00137	Serine proteases, subtilase family, histidine active site.	255	265	-	T	26-06-2023	IPR022398	Peptidase S8, subtilisin, His-active site
JAKRVX010000010.1_8	a1f4b5c13a8b75bb00e17f897bb9f400	528	Gene3D	G3DSA:3.40.50.200	Peptidase S8/S53 domain	180	494	3.6E-57	T	26-06-2023	IPR036852	Peptidase S8/S53 domain superfamily
JAKRVX010000010.1_75	8d1006255960b98519ef9ea256121861	231	Pfam	PF12686	Protein of unknown function (DUF3800)	5	206	2.7E-10	T	26-06-2023	IPR024524	Protein of unknown function DUF3800
