Kenyon_NODE_596_length_16493_cov_7.34451_3	25c540983859bd71ef734688cf74f476	358	Coils	Coil	Coil	264	291	-	T	26-06-2023	-	-
Kenyon_NODE_596_length_16493_cov_7.34451_3	25c540983859bd71ef734688cf74f476	358	MobiDBLite	mobidb-lite	consensus disorder prediction	322	344	-	T	26-06-2023	-	-
Kenyon_NODE_596_length_16493_cov_7.34451_3	25c540983859bd71ef734688cf74f476	358	MobiDBLite	mobidb-lite	consensus disorder prediction	201	221	-	T	26-06-2023	-	-
Kenyon_NODE_596_length_16493_cov_7.34451_3	25c540983859bd71ef734688cf74f476	358	MobiDBLite	mobidb-lite	consensus disorder prediction	1	73	-	T	26-06-2023	-	-
Kenyon_NODE_596_length_16493_cov_7.34451_3	25c540983859bd71ef734688cf74f476	358	MobiDBLite	mobidb-lite	consensus disorder prediction	43	70	-	T	26-06-2023	-	-
Kenyon_NODE_596_length_16493_cov_7.34451_3	25c540983859bd71ef734688cf74f476	358	MobiDBLite	mobidb-lite	consensus disorder prediction	329	343	-	T	26-06-2023	-	-
Kenyon_NODE_596_length_16493_cov_7.34451_6	385f4d5e6bc485b62a589813575b9220	196	Coils	Coil	Coil	165	185	-	T	26-06-2023	-	-
Kenyon_NODE_596_length_16493_cov_7.34451_4	151ef7e21d806196dba57fdf6a18235a	129	CDD	cd00090	HTH_ARSR	47	103	3.31425E-7	T	26-06-2023	IPR011991	ArsR-like helix-turn-helix domain
Kenyon_NODE_596_length_16493_cov_7.34451_4	151ef7e21d806196dba57fdf6a18235a	129	Gene3D	G3DSA:1.10.10.10	-	39	112	7.3E-8	T	26-06-2023	IPR036388	Winged helix-like DNA-binding domain superfamily
Kenyon_NODE_596_length_16493_cov_7.34451_4	151ef7e21d806196dba57fdf6a18235a	129	SUPERFAMILY	SSF46785	"Winged helix" DNA-binding domain	48	97	1.73E-6	T	26-06-2023	IPR036390	Winged helix DNA-binding domain superfamily
Kenyon_NODE_596_length_16493_cov_7.34451_4	151ef7e21d806196dba57fdf6a18235a	129	MobiDBLite	mobidb-lite	consensus disorder prediction	105	129	-	T	26-06-2023	-	-
Kenyon_NODE_596_length_16493_cov_7.34451_4	151ef7e21d806196dba57fdf6a18235a	129	Pfam	PF01022	Bacterial regulatory protein, arsR family	50	91	5.3E-5	T	26-06-2023	IPR001845	HTH ArsR-type DNA-binding domain
Kenyon_NODE_596_length_16493_cov_7.34451_4	151ef7e21d806196dba57fdf6a18235a	129	MobiDBLite	mobidb-lite	consensus disorder prediction	1	25	-	T	26-06-2023	-	-
Kenyon_NODE_596_length_16493_cov_7.34451_18	2ffcc4785e7805140918d0f9aeac2a4e	428	SUPERFAMILY	SSF49899	Concanavalin A-like lectins/glucanases	144	332	1.27E-19	T	26-06-2023	IPR013320	Concanavalin A-like lectin/glucanase domain superfamily
Kenyon_NODE_596_length_16493_cov_7.34451_18	2ffcc4785e7805140918d0f9aeac2a4e	428	MobiDBLite	mobidb-lite	consensus disorder prediction	150	170	-	T	26-06-2023	-	-
Kenyon_NODE_596_length_16493_cov_7.34451_18	2ffcc4785e7805140918d0f9aeac2a4e	428	MobiDBLite	mobidb-lite	consensus disorder prediction	54	84	-	T	26-06-2023	-	-
Kenyon_NODE_596_length_16493_cov_7.34451_18	2ffcc4785e7805140918d0f9aeac2a4e	428	Pfam	PF13385	Concanavalin A-like lectin/glucanases superfamily	182	328	1.9E-8	T	26-06-2023	-	-
Kenyon_NODE_596_length_16493_cov_7.34451_18	2ffcc4785e7805140918d0f9aeac2a4e	428	MobiDBLite	mobidb-lite	consensus disorder prediction	59	79	-	T	26-06-2023	-	-
Kenyon_NODE_596_length_16493_cov_7.34451_18	2ffcc4785e7805140918d0f9aeac2a4e	428	MobiDBLite	mobidb-lite	consensus disorder prediction	138	175	-	T	26-06-2023	-	-
Kenyon_NODE_596_length_16493_cov_7.34451_18	2ffcc4785e7805140918d0f9aeac2a4e	428	Gene3D	G3DSA:2.60.120.200	-	140	332	7.2E-19	T	26-06-2023	-	-
Kenyon_NODE_596_length_16493_cov_7.34451_20	b0b448587300915a73a45f90254deb96	510	ProSitePatterns	PS00138	Serine proteases, subtilase family, serine active site.	410	420	-	T	26-06-2023	IPR023828	Peptidase S8, subtilisin, Ser-active site
Kenyon_NODE_596_length_16493_cov_7.34451_20	b0b448587300915a73a45f90254deb96	510	SUPERFAMILY	SSF52743	Subtilisin-like	162	471	1.83E-58	T	26-06-2023	IPR036852	Peptidase S8/S53 domain superfamily
Kenyon_NODE_596_length_16493_cov_7.34451_20	b0b448587300915a73a45f90254deb96	510	MobiDBLite	mobidb-lite	consensus disorder prediction	358	380	-	T	26-06-2023	-	-
Kenyon_NODE_596_length_16493_cov_7.34451_20	b0b448587300915a73a45f90254deb96	510	Gene3D	G3DSA:3.40.50.200	Peptidase S8/S53 domain	147	475	2.8E-61	T	26-06-2023	IPR036852	Peptidase S8/S53 domain superfamily
Kenyon_NODE_596_length_16493_cov_7.34451_20	b0b448587300915a73a45f90254deb96	510	PANTHER	PTHR43806	PEPTIDASE S8	75	448	1.0E-47	T	26-06-2023	-	-
Kenyon_NODE_596_length_16493_cov_7.34451_20	b0b448587300915a73a45f90254deb96	510	PRINTS	PR00723	Subtilisin serine protease family (S8) signature	173	192	1.6E-12	T	26-06-2023	IPR015500	Peptidase S8, subtilisin-related
Kenyon_NODE_596_length_16493_cov_7.34451_20	b0b448587300915a73a45f90254deb96	510	PRINTS	PR00723	Subtilisin serine protease family (S8) signature	229	242	1.6E-12	T	26-06-2023	IPR015500	Peptidase S8, subtilisin-related
Kenyon_NODE_596_length_16493_cov_7.34451_20	b0b448587300915a73a45f90254deb96	510	PRINTS	PR00723	Subtilisin serine protease family (S8) signature	409	425	1.6E-12	T	26-06-2023	IPR015500	Peptidase S8, subtilisin-related
Kenyon_NODE_596_length_16493_cov_7.34451_20	b0b448587300915a73a45f90254deb96	510	ProSiteProfiles	PS51892	Serine proteases, subtilase domain profile.	153	470	32.678192	T	26-06-2023	-	-
Kenyon_NODE_596_length_16493_cov_7.34451_20	b0b448587300915a73a45f90254deb96	510	Pfam	PF00082	Subtilase family	174	441	2.8E-46	T	26-06-2023	IPR000209	Peptidase S8/S53 domain
Kenyon_NODE_596_length_16493_cov_7.34451_20	b0b448587300915a73a45f90254deb96	510	ProSitePatterns	PS00137	Serine proteases, subtilase family, histidine active site.	233	243	-	T	26-06-2023	IPR022398	Peptidase S8, subtilisin, His-active site
Kenyon_NODE_596_length_16493_cov_7.34451_5	f32061ae8d7429baed3b31fe1f362381	707	SUPERFAMILY	SSF52540	P-loop containing nucleoside triphosphate hydrolases	186	530	4.51E-5	T	26-06-2023	IPR027417	P-loop containing nucleoside triphosphate hydrolase
Kenyon_NODE_596_length_16493_cov_7.34451_5	f32061ae8d7429baed3b31fe1f362381	707	MobiDBLite	mobidb-lite	consensus disorder prediction	1	32	-	T	26-06-2023	-	-
Kenyon_NODE_596_length_16493_cov_7.34451_5	f32061ae8d7429baed3b31fe1f362381	707	MobiDBLite	mobidb-lite	consensus disorder prediction	16	32	-	T	26-06-2023	-	-
