>KX687704.1_5	3c568beee81ad8f0df0e64da2cfba8e8	248	MobiDBLite	mobidb-lite	consensus disorder prediction	60	84	-	T	21-06-2023	-	-
>KX687704.1_5	3c568beee81ad8f0df0e64da2cfba8e8	248	MobiDBLite	mobidb-lite	consensus disorder prediction	1	16	-	T	21-06-2023	-	-
>KX687704.1_5	3c568beee81ad8f0df0e64da2cfba8e8	248	MobiDBLite	mobidb-lite	consensus disorder prediction	1	84	-	T	21-06-2023	-	-
>KX687704.1_29	0499acfc5a62980a89f25811fdcd24e4	415	SMART	SM01074	Cdc6_C_2	314	397	0.0018	T	21-06-2023	IPR015163	Cdc6, C-terminal
>KX687704.1_29	0499acfc5a62980a89f25811fdcd24e4	415	SUPERFAMILY	SSF46785	"Winged helix" DNA-binding domain	301	405	1.18E-11	T	21-06-2023	IPR036390	Winged helix DNA-binding domain superfamily
>KX687704.1_29	0499acfc5a62980a89f25811fdcd24e4	415	Gene3D	G3DSA:1.10.10.10	-	306	406	1.8E-14	T	21-06-2023	IPR036388	Winged helix-like DNA-binding domain superfamily
>KX687704.1_29	0499acfc5a62980a89f25811fdcd24e4	415	FunFam	G3DSA:1.10.8.60:FF:000073	ORC1-type DNA replication protein	205	297	2.2E-24	T	21-06-2023	-	-
>KX687704.1_29	0499acfc5a62980a89f25811fdcd24e4	415	SUPERFAMILY	SSF52540	P-loop containing nucleoside triphosphate hydrolases	13	293	2.63E-39	T	21-06-2023	IPR027417	P-loop containing nucleoside triphosphate hydrolase
>KX687704.1_29	0499acfc5a62980a89f25811fdcd24e4	415	Hamap	MF_01407	ORC1-type DNA replication protein.	6	397	27.25819	T	21-06-2023	IPR014277	Orc1/Cdc6-type DNA replication protein, archaea
>KX687704.1_29	0499acfc5a62980a89f25811fdcd24e4	415	Pfam	PF09079	CDC6, C terminal winged helix domain	315	394	4.5E-11	T	21-06-2023	IPR015163	Cdc6, C-terminal
>KX687704.1_29	0499acfc5a62980a89f25811fdcd24e4	415	PANTHER	PTHR10763	CELL DIVISION CONTROL PROTEIN 6-RELATED	18	400	2.3E-38	T	21-06-2023	-	-
>KX687704.1_29	0499acfc5a62980a89f25811fdcd24e4	415	Gene3D	G3DSA:1.10.8.60	-	13	296	6.7E-89	T	21-06-2023	-	-
>KX687704.1_29	0499acfc5a62980a89f25811fdcd24e4	415	Pfam	PF13401	AAA domain	52	179	1.2E-8	T	21-06-2023	IPR003593	AAA+ ATPase domain
>KX687704.1_29	0499acfc5a62980a89f25811fdcd24e4	415	Gene3D	G3DSA:3.40.50.300	-	29	218	6.7E-89	T	21-06-2023	IPR027417	P-loop containing nucleoside triphosphate hydrolase
>KX687704.1_29	0499acfc5a62980a89f25811fdcd24e4	415	NCBIfam	TIGR02928	orc1/cdc6 family replication initiation protein	13	386	1.3E-109	T	21-06-2023	IPR014277	Orc1/Cdc6-type DNA replication protein, archaea
>KX687704.1_37	92a46d8f39bfcffc0ff2a75a09db1af4	295	Pfam	PF13614	AAA domain	14	174	1.2E-33	T	21-06-2023	IPR025669	AAA domain
>KX687704.1_37	92a46d8f39bfcffc0ff2a75a09db1af4	295	SUPERFAMILY	SSF52540	P-loop containing nucleoside triphosphate hydrolases	14	213	6.35E-28	T	21-06-2023	IPR027417	P-loop containing nucleoside triphosphate hydrolase
>KX687704.1_37	92a46d8f39bfcffc0ff2a75a09db1af4	295	CDD	cd02042	ParAB_family	14	217	1.28512E-17	T	21-06-2023	-	-
>KX687704.1_37	92a46d8f39bfcffc0ff2a75a09db1af4	295	PANTHER	PTHR13696	P-LOOP CONTAINING NUCLEOSIDE TRIPHOSPHATE HYDROLASE	9	264	9.8E-31	T	21-06-2023	-	-
>KX687704.1_37	92a46d8f39bfcffc0ff2a75a09db1af4	295	Gene3D	G3DSA:3.40.50.300	-	13	266	2.1E-39	T	21-06-2023	IPR027417	P-loop containing nucleoside triphosphate hydrolase
>KX687704.1_36	f8ab65727eb49f982c01e1e034b1632b	390	Pfam	PF01609	Transposase DDE domain	149	302	6.5E-7	T	21-06-2023	IPR002559	Transposase IS4-like domain
>KX687704.1_36	f8ab65727eb49f982c01e1e034b1632b	390	PANTHER	PTHR33252	THIRD ORF IN TRANSPOSON ISC1160	71	352	4.4E-22	T	21-06-2023	-	-
>KX687704.1_36	f8ab65727eb49f982c01e1e034b1632b	390	NCBIfam	NF033541	ISH3 family transposase	40	333	1.7E-124	T	21-06-2023	-	-
>KX687704.1_30	3fd44b4524b67b57e9c6c458e9308413	229	CDD	cd04301	NAT_SF	127	165	4.39126E-5	T	21-06-2023	-	-
>KX687704.1_30	3fd44b4524b67b57e9c6c458e9308413	229	SUPERFAMILY	SSF55729	Acyl-CoA N-acyltransferases (Nat)	128	205	1.66E-13	T	21-06-2023	IPR016181	Acyl-CoA N-acyltransferase
>KX687704.1_30	3fd44b4524b67b57e9c6c458e9308413	229	Gene3D	G3DSA:3.40.630.30	-	67	210	8.8E-13	T	21-06-2023	-	-
>KX687704.1_30	3fd44b4524b67b57e9c6c458e9308413	229	ProSiteProfiles	PS51186	Gcn5-related N-acetyltransferase (GNAT) domain profile.	70	229	11.58601	T	21-06-2023	IPR000182	GNAT domain
>KX687704.1_30	3fd44b4524b67b57e9c6c458e9308413	229	Pfam	PF00583	Acetyltransferase (GNAT) family	128	188	7.5E-7	T	21-06-2023	IPR000182	GNAT domain
>KX687704.1_8	d489110a5a698d534654c88ec1e24378	551	ProSitePatterns	PS00138	Serine proteases, subtilase family, serine active site.	459	469	-	T	21-06-2023	IPR023828	Peptidase S8, subtilisin, Ser-active site
>KX687704.1_8	d489110a5a698d534654c88ec1e24378	551	Pfam	PF00082	Subtilase family	221	476	1.7E-31	T	21-06-2023	IPR000209	Peptidase S8/S53 domain
>KX687704.1_8	d489110a5a698d534654c88ec1e24378	551	Gene3D	G3DSA:3.40.50.200	Peptidase S8/S53 domain	196	528	2.4E-47	T	21-06-2023	IPR036852	Peptidase S8/S53 domain superfamily
>KX687704.1_8	d489110a5a698d534654c88ec1e24378	551	PRINTS	PR00723	Subtilisin serine protease family (S8) signature	221	240	6.1E-12	T	21-06-2023	IPR015500	Peptidase S8, subtilisin-related
>KX687704.1_8	d489110a5a698d534654c88ec1e24378	551	PRINTS	PR00723	Subtilisin serine protease family (S8) signature	281	294	6.1E-12	T	21-06-2023	IPR015500	Peptidase S8, subtilisin-related
>KX687704.1_8	d489110a5a698d534654c88ec1e24378	551	PRINTS	PR00723	Subtilisin serine protease family (S8) signature	458	474	6.1E-12	T	21-06-2023	IPR015500	Peptidase S8, subtilisin-related
>KX687704.1_8	d489110a5a698d534654c88ec1e24378	551	SUPERFAMILY	SSF52743	Subtilisin-like	216	513	9.69E-45	T	21-06-2023	IPR036852	Peptidase S8/S53 domain superfamily
>KX687704.1_8	d489110a5a698d534654c88ec1e24378	551	ProSiteProfiles	PS51892	Serine proteases, subtilase domain profile.	199	512	28.462997	T	21-06-2023	-	-
>KX687704.1_8	d489110a5a698d534654c88ec1e24378	551	ProSiteProfiles	PS51318	Twin arginine translocation (Tat) signal profile.	1	40	8.371511	T	21-06-2023	IPR006311	Twin-arginine translocation pathway, signal sequence
>KX687704.1_8	d489110a5a698d534654c88ec1e24378	551	PANTHER	PTHR43806	PEPTIDASE S8	132	525	2.8E-34	T	21-06-2023	-	-
>KX687704.1_40	1c0af2fc42abffc297ea64c47dc18a18	429	CDD	cd00009	AAA	62	245	7.11474E-9	T	21-06-2023	-	-
>KX687704.1_40	1c0af2fc42abffc297ea64c47dc18a18	429	SMART	SM01074	Cdc6_C_2	339	424	4.2E-11	T	21-06-2023	IPR015163	Cdc6, C-terminal
>KX687704.1_40	1c0af2fc42abffc297ea64c47dc18a18	429	SMART	SM00382	AAA_5	83	246	3.0E-12	T	21-06-2023	IPR003593	AAA+ ATPase domain
>KX687704.1_40	1c0af2fc42abffc297ea64c47dc18a18	429	CDD	cd08768	Cdc6_C	332	420	1.54649E-18	T	21-06-2023	IPR015163	Cdc6, C-terminal
>KX687704.1_40	1c0af2fc42abffc297ea64c47dc18a18	429	SUPERFAMILY	SSF46785	"Winged helix" DNA-binding domain	324	424	3.08E-12	T	21-06-2023	IPR036390	Winged helix DNA-binding domain superfamily
>KX687704.1_40	1c0af2fc42abffc297ea64c47dc18a18	429	Hamap	MF_01407	ORC1-type DNA replication protein.	36	424	26.668673	T	21-06-2023	IPR014277	Orc1/Cdc6-type DNA replication protein, archaea
>KX687704.1_40	1c0af2fc42abffc297ea64c47dc18a18	429	FunFam	G3DSA:1.10.8.60:FF:000073	ORC1-type DNA replication protein	230	322	1.6E-23	T	21-06-2023	-	-
>KX687704.1_40	1c0af2fc42abffc297ea64c47dc18a18	429	Gene3D	G3DSA:3.40.50.300	-	61	244	7.2E-84	T	21-06-2023	IPR027417	P-loop containing nucleoside triphosphate hydrolase
>KX687704.1_40	1c0af2fc42abffc297ea64c47dc18a18	429	PANTHER	PTHR10763	CELL DIVISION CONTROL PROTEIN 6-RELATED	38	390	4.9E-45	T	21-06-2023	-	-
>KX687704.1_40	1c0af2fc42abffc297ea64c47dc18a18	429	Gene3D	G3DSA:1.10.10.10	-	332	428	2.2E-20	T	21-06-2023	IPR036388	Winged helix-like DNA-binding domain superfamily
>KX687704.1_40	1c0af2fc42abffc297ea64c47dc18a18	429	Gene3D	G3DSA:1.10.8.60	-	43	322	7.2E-84	T	21-06-2023	-	-
>KX687704.1_40	1c0af2fc42abffc297ea64c47dc18a18	429	SUPERFAMILY	SSF52540	P-loop containing nucleoside triphosphate hydrolases	44	318	7.22E-40	T	21-06-2023	IPR027417	P-loop containing nucleoside triphosphate hydrolase
>KX687704.1_40	1c0af2fc42abffc297ea64c47dc18a18	429	Pfam	PF13401	AAA domain	87	216	2.1E-11	T	21-06-2023	IPR003593	AAA+ ATPase domain
>KX687704.1_40	1c0af2fc42abffc297ea64c47dc18a18	429	Pfam	PF09079	CDC6, C terminal winged helix domain	339	422	3.0E-16	T	21-06-2023	IPR015163	Cdc6, C-terminal
>KX687704.1_40	1c0af2fc42abffc297ea64c47dc18a18	429	NCBIfam	TIGR02928	orc1/cdc6 family replication initiation protein	43	412	6.0E-109	T	21-06-2023	IPR014277	Orc1/Cdc6-type DNA replication protein, archaea
>KX687704.1_23	7a74df52798c3bd36c8375ad16ef5ede	340	Coils	Coil	Coil	259	286	-	T	21-06-2023	-	-
>KX687704.1_23	7a74df52798c3bd36c8375ad16ef5ede	340	MobiDBLite	mobidb-lite	consensus disorder prediction	300	340	-	T	21-06-2023	-	-
>KX687704.1_39	4a931b5f3406cde452d86a5096b256e6	411	Coils	Coil	Coil	112	132	-	T	21-06-2023	-	-
>KX687704.1_28	405157b37914b0b06b612335ba2e2db6	541	Coils	Coil	Coil	397	439	-	T	21-06-2023	-	-
>KX687704.1_28	405157b37914b0b06b612335ba2e2db6	541	MobiDBLite	mobidb-lite	consensus disorder prediction	521	541	-	T	21-06-2023	-	-
>KX687704.1_28	405157b37914b0b06b612335ba2e2db6	541	MobiDBLite	mobidb-lite	consensus disorder prediction	136	173	-	T	21-06-2023	-	-
>KX687704.1_38	7177028fe1f74395767cc3cacc20848c	176	MobiDBLite	mobidb-lite	consensus disorder prediction	31	46	-	T	21-06-2023	-	-
>KX687704.1_38	7177028fe1f74395767cc3cacc20848c	176	MobiDBLite	mobidb-lite	consensus disorder prediction	1	99	-	T	21-06-2023	-	-
>KX687704.1_38	7177028fe1f74395767cc3cacc20848c	176	MobiDBLite	mobidb-lite	consensus disorder prediction	49	71	-	T	21-06-2023	-	-
>KX687704.1_38	7177028fe1f74395767cc3cacc20848c	176	MobiDBLite	mobidb-lite	consensus disorder prediction	8	22	-	T	21-06-2023	-	-
>KX687704.1_19	67724d05594c4401cf111879f5b5597d	80	Coils	Coil	Coil	60	80	-	T	21-06-2023	-	-
>KX687704.1_19	67724d05594c4401cf111879f5b5597d	80	MobiDBLite	mobidb-lite	consensus disorder prediction	56	80	-	T	21-06-2023	-	-
>KX687704.1_19	67724d05594c4401cf111879f5b5597d	80	MobiDBLite	mobidb-lite	consensus disorder prediction	65	80	-	T	21-06-2023	-	-
>KX687704.1_21	753cb04f9515068a07bd14faf95d3a22	78	ProSiteProfiles	PS51257	Prokaryotic membrane lipoprotein lipid attachment site profile.	1	25	5.0	T	21-06-2023	-	-
>KX687704.1_24	eb13f19881688ccae0b604d102bf4b54	430	MobiDBLite	mobidb-lite	consensus disorder prediction	30	57	-	T	21-06-2023	-	-
>KX687704.1_24	eb13f19881688ccae0b604d102bf4b54	430	Coils	Coil	Coil	409	429	-	T	21-06-2023	-	-
>KX687704.1_24	eb13f19881688ccae0b604d102bf4b54	430	MobiDBLite	mobidb-lite	consensus disorder prediction	25	81	-	T	21-06-2023	-	-
>KX687704.1_43	757b961fe7f46fe8eb02067fd4e9367d	264	Gene3D	G3DSA:1.10.10.10	-	166	263	3.3E-21	T	21-06-2023	IPR036388	Winged helix-like DNA-binding domain superfamily
>KX687704.1_43	757b961fe7f46fe8eb02067fd4e9367d	264	SUPERFAMILY	SSF52540	P-loop containing nucleoside triphosphate hydrolases	8	152	1.49E-19	T	21-06-2023	IPR027417	P-loop containing nucleoside triphosphate hydrolase
>KX687704.1_43	757b961fe7f46fe8eb02067fd4e9367d	264	NCBIfam	TIGR02928	orc1/cdc6 family replication initiation protein	1	245	1.6E-79	T	21-06-2023	IPR014277	Orc1/Cdc6-type DNA replication protein, archaea
>KX687704.1_43	757b961fe7f46fe8eb02067fd4e9367d	264	Gene3D	G3DSA:3.40.50.300	-	1	77	2.0E-50	T	21-06-2023	IPR027417	P-loop containing nucleoside triphosphate hydrolase
>KX687704.1_43	757b961fe7f46fe8eb02067fd4e9367d	264	PANTHER	PTHR10763	CELL DIVISION CONTROL PROTEIN 6-RELATED	11	259	1.7E-32	T	21-06-2023	-	-
>KX687704.1_43	757b961fe7f46fe8eb02067fd4e9367d	264	FunFam	G3DSA:1.10.8.60:FF:000073	ORC1-type DNA replication protein	63	156	1.7E-23	T	21-06-2023	-	-
>KX687704.1_43	757b961fe7f46fe8eb02067fd4e9367d	264	CDD	cd08768	Cdc6_C	181	252	2.26231E-13	T	21-06-2023	IPR015163	Cdc6, C-terminal
>KX687704.1_43	757b961fe7f46fe8eb02067fd4e9367d	264	Pfam	PF09079	CDC6, C terminal winged helix domain	173	253	5.4E-18	T	21-06-2023	IPR015163	Cdc6, C-terminal
>KX687704.1_43	757b961fe7f46fe8eb02067fd4e9367d	264	SMART	SM01074	Cdc6_C_2	173	256	1.4E-11	T	21-06-2023	IPR015163	Cdc6, C-terminal
>KX687704.1_43	757b961fe7f46fe8eb02067fd4e9367d	264	Gene3D	G3DSA:1.10.8.60	-	78	155	2.0E-50	T	21-06-2023	-	-
>KX687704.1_43	757b961fe7f46fe8eb02067fd4e9367d	264	SUPERFAMILY	SSF46785	"Winged helix" DNA-binding domain	158	260	1.63E-18	T	21-06-2023	IPR036390	Winged helix DNA-binding domain superfamily
>KX687704.1_44	fc5d0cb684b08eff458319db2eecef32	388	NCBIfam	NF033541	ISH3 family transposase	40	336	3.0E-113	T	21-06-2023	-	-
>KX687704.1_44	fc5d0cb684b08eff458319db2eecef32	388	PANTHER	PTHR33252	THIRD ORF IN TRANSPOSON ISC1160	90	388	4.9E-51	T	21-06-2023	-	-
>KX687704.1_17	efbf3c2d30c4853fbe370e4f62b55032	124	Pfam	PF18545	Halobacterial output domain 1	26	97	1.7E-21	T	21-06-2023	IPR040624	Halobacterial output domain 1
>KX687704.1_26	b6ae85796381f6db5f835ba601062061	838	MobiDBLite	mobidb-lite	consensus disorder prediction	1	29	-	T	21-06-2023	-	-
>KX687704.1_26	b6ae85796381f6db5f835ba601062061	838	SUPERFAMILY	SSF52540	P-loop containing nucleoside triphosphate hydrolases	167	587	2.02E-7	T	21-06-2023	IPR027417	P-loop containing nucleoside triphosphate hydrolase
>KX687704.1_26	b6ae85796381f6db5f835ba601062061	838	MobiDBLite	mobidb-lite	consensus disorder prediction	1	27	-	T	21-06-2023	-	-
>KX687704.1_26	b6ae85796381f6db5f835ba601062061	838	Gene3D	G3DSA:3.40.50.300	-	402	597	2.0E-13	T	21-06-2023	IPR027417	P-loop containing nucleoside triphosphate hydrolase
>KX687704.1_26	b6ae85796381f6db5f835ba601062061	838	Coils	Coil	Coil	42	62	-	T	21-06-2023	-	-
>KX687704.1_46	5f7a3fcd3a9f20dd8e4aaf86338eec44	116	MobiDBLite	mobidb-lite	consensus disorder prediction	1	42	-	T	21-06-2023	-	-
>KX687704.1_46	5f7a3fcd3a9f20dd8e4aaf86338eec44	116	MobiDBLite	mobidb-lite	consensus disorder prediction	25	42	-	T	21-06-2023	-	-
>KX687704.1_46	5f7a3fcd3a9f20dd8e4aaf86338eec44	116	Gene3D	G3DSA:3.30.110.150	-	36	114	3.1E-17	T	21-06-2023	IPR038594	SepF-like superfamily
>KX687704.1_46	5f7a3fcd3a9f20dd8e4aaf86338eec44	116	Pfam	PF04472	Cell division protein SepF	38	111	9.1E-11	T	21-06-2023	IPR007561	Cell division protein SepF/SepF-related
>KX687704.1_6	89510a40f763b15c1cd1c41e94e5cc30	60	MobiDBLite	mobidb-lite	consensus disorder prediction	1	28	-	T	21-06-2023	-	-
>KX687704.1_3	5ed761d53b946f51c58ecd2f683faa06	110	Pfam	PF05016	ParE toxin of type II toxin-antitoxin system, parDE	8	92	6.2E-5	T	21-06-2023	IPR007712	Toxin-antitoxin system, RelE/ParE toxin family
>KX687704.1_3	5ed761d53b946f51c58ecd2f683faa06	110	SUPERFAMILY	SSF143011	RelE-like	7	94	5.3E-8	T	21-06-2023	IPR035093	Toxin-antitoxin system, RelE/ParE toxin domain superfamily
>KX687704.1_3	5ed761d53b946f51c58ecd2f683faa06	110	Gene3D	G3DSA:3.30.2310.20	-	7	98	9.4E-7	T	21-06-2023	IPR035093	Toxin-antitoxin system, RelE/ParE toxin domain superfamily
>KX687704.1_1	605a397b39a276504b6155149c1e2d04	1143	MobiDBLite	mobidb-lite	consensus disorder prediction	519	539	-	T	21-06-2023	-	-
>KX687704.1_1	605a397b39a276504b6155149c1e2d04	1143	Coils	Coil	Coil	1142	1143	-	T	21-06-2023	-	-
>KX687704.1_1	605a397b39a276504b6155149c1e2d04	1143	MobiDBLite	mobidb-lite	consensus disorder prediction	1089	1143	-	T	21-06-2023	-	-
>KX687704.1_1	605a397b39a276504b6155149c1e2d04	1143	MobiDBLite	mobidb-lite	consensus disorder prediction	388	409	-	T	21-06-2023	-	-
>KX687704.1_1	605a397b39a276504b6155149c1e2d04	1143	MobiDBLite	mobidb-lite	consensus disorder prediction	1108	1124	-	T	21-06-2023	-	-
>KX687704.1_1	605a397b39a276504b6155149c1e2d04	1143	Pfam	PF19134	Domain of unknown function (DUF5817)	36	87	6.5E-8	T	21-06-2023	IPR043855	Domain of unknown function DUF5817
>KX687704.1_9	8f053eded682bfd6d9628532366c37fd	264	ProSiteProfiles	PS51318	Twin arginine translocation (Tat) signal profile.	1	29	7.65304	T	21-06-2023	IPR006311	Twin-arginine translocation pathway, signal sequence
>KX687704.1_25	35f4d430e565c1090d28aae95ba09995	567	CDD	cd01610	PAP2_like	300	346	0.00345692	T	21-06-2023	-	-
>KX687704.1_25	35f4d430e565c1090d28aae95ba09995	567	MobiDBLite	mobidb-lite	consensus disorder prediction	1	17	-	T	21-06-2023	-	-
>KX687704.1_25	35f4d430e565c1090d28aae95ba09995	567	MobiDBLite	mobidb-lite	consensus disorder prediction	1	50	-	T	21-06-2023	-	-
>KX687704.1_12	53b99b138ba230216176559ff5accc0b	434	MobiDBLite	mobidb-lite	consensus disorder prediction	387	426	-	T	21-06-2023	-	-
>KX687704.1_12	53b99b138ba230216176559ff5accc0b	434	NCBIfam	TIGR01766	IS200/IS605 family accessory protein TnpB-like domain	249	329	9.6E-26	T	21-06-2023	IPR010095	Cas12f1-like, TNB domain
>KX687704.1_12	53b99b138ba230216176559ff5accc0b	434	NCBIfam	NF040570	RNA-guided endonuclease TnpB family protein	29	370	4.7E-40	T	21-06-2023	-	-
>KX687704.1_12	53b99b138ba230216176559ff5accc0b	434	MobiDBLite	mobidb-lite	consensus disorder prediction	381	434	-	T	21-06-2023	-	-
>KX687704.1_12	53b99b138ba230216176559ff5accc0b	434	Pfam	PF07282	Putative transposase DNA-binding domain	302	371	7.1E-22	T	21-06-2023	IPR010095	Cas12f1-like, TNB domain
>KX687704.1_35	314c631928ab87d6efeffd4fa480e310	202	Pfam	PF19663	Family of unknown function (DUF6166)	37	126	1.2E-14	T	21-06-2023	IPR046164	Protein of unknown function DUF6166
>KX687704.1_35	314c631928ab87d6efeffd4fa480e310	202	MobiDBLite	mobidb-lite	consensus disorder prediction	162	202	-	T	21-06-2023	-	-
>KX687704.1_35	314c631928ab87d6efeffd4fa480e310	202	MobiDBLite	mobidb-lite	consensus disorder prediction	162	180	-	T	21-06-2023	-	-
>KX687704.1_7	1e8116b121a12c746870ae4a05ee61a8	1384	ProSiteProfiles	PS50082	Trp-Asp (WD) repeats profile.	265	294	9.138305	T	21-06-2023	IPR001680	WD40 repeat
>KX687704.1_7	1e8116b121a12c746870ae4a05ee61a8	1384	Gene3D	G3DSA:2.130.10.10	-	177	353	9.1E-25	T	21-06-2023	IPR015943	WD40/YVTN repeat-like-containing domain superfamily
>KX687704.1_7	1e8116b121a12c746870ae4a05ee61a8	1384	MobiDBLite	mobidb-lite	consensus disorder prediction	656	675	-	T	21-06-2023	-	-
>KX687704.1_7	1e8116b121a12c746870ae4a05ee61a8	1384	SMART	SM00564	ire1_9	361	393	4.5	T	21-06-2023	IPR018391	Pyrrolo-quinoline quinone beta-propeller repeat
>KX687704.1_7	1e8116b121a12c746870ae4a05ee61a8	1384	SMART	SM00564	ire1_9	190	224	63.0	T	21-06-2023	IPR018391	Pyrrolo-quinoline quinone beta-propeller repeat
>KX687704.1_7	1e8116b121a12c746870ae4a05ee61a8	1384	SMART	SM00564	ire1_9	275	308	0.24	T	21-06-2023	IPR018391	Pyrrolo-quinoline quinone beta-propeller repeat
>KX687704.1_7	1e8116b121a12c746870ae4a05ee61a8	1384	SMART	SM00564	ire1_9	400	430	14.0	T	21-06-2023	IPR018391	Pyrrolo-quinoline quinone beta-propeller repeat
>KX687704.1_7	1e8116b121a12c746870ae4a05ee61a8	1384	SMART	SM00564	ire1_9	441	473	0.19	T	21-06-2023	IPR018391	Pyrrolo-quinoline quinone beta-propeller repeat
>KX687704.1_7	1e8116b121a12c746870ae4a05ee61a8	1384	SMART	SM00564	ire1_9	234	266	0.02	T	21-06-2023	IPR018391	Pyrrolo-quinoline quinone beta-propeller repeat
>KX687704.1_7	1e8116b121a12c746870ae4a05ee61a8	1384	ProSiteProfiles	PS50082	Trp-Asp (WD) repeats profile.	223	264	11.410742	T	21-06-2023	IPR001680	WD40 repeat
>KX687704.1_7	1e8116b121a12c746870ae4a05ee61a8	1384	Coils	Coil	Coil	958	978	-	T	21-06-2023	-	-
>KX687704.1_7	1e8116b121a12c746870ae4a05ee61a8	1384	Pfam	PF13360	PQQ-like domain	366	469	4.4E-4	T	21-06-2023	IPR002372	Pyrrolo-quinoline quinone repeat
>KX687704.1_7	1e8116b121a12c746870ae4a05ee61a8	1384	Pfam	PF13360	PQQ-like domain	248	348	8.3E-10	T	21-06-2023	IPR002372	Pyrrolo-quinoline quinone repeat
>KX687704.1_7	1e8116b121a12c746870ae4a05ee61a8	1384	ProSiteProfiles	PS50294	Trp-Asp (WD) repeats circular profile.	223	260	8.781968	T	21-06-2023	-	-
>KX687704.1_7	1e8116b121a12c746870ae4a05ee61a8	1384	SMART	SM00320	WD40_4	422	462	170.0	T	21-06-2023	IPR001680	WD40 repeat
>KX687704.1_7	1e8116b121a12c746870ae4a05ee61a8	1384	SMART	SM00320	WD40_4	216	255	8.1E-5	T	21-06-2023	IPR001680	WD40 repeat
>KX687704.1_7	1e8116b121a12c746870ae4a05ee61a8	1384	SMART	SM00320	WD40_4	258	297	1.7E-4	T	21-06-2023	IPR001680	WD40 repeat
>KX687704.1_7	1e8116b121a12c746870ae4a05ee61a8	1384	MobiDBLite	mobidb-lite	consensus disorder prediction	656	677	-	T	21-06-2023	-	-
>KX687704.1_7	1e8116b121a12c746870ae4a05ee61a8	1384	SUPERFAMILY	SSF50969	YVTN repeat-like/Quinoprotein amine dehydrogenase	197	485	1.88E-33	T	21-06-2023	IPR011044	Quinoprotein amine dehydrogenase, beta chain-like
>KX687704.1_7	1e8116b121a12c746870ae4a05ee61a8	1384	PANTHER	PTHR44019	WD REPEAT-CONTAINING PROTEIN 55	190	416	6.8E-23	T	21-06-2023	-	-
>KX687704.1_7	1e8116b121a12c746870ae4a05ee61a8	1384	Gene3D	G3DSA:2.130.10.10	-	364	535	1.4E-7	T	21-06-2023	IPR015943	WD40/YVTN repeat-like-containing domain superfamily
>KX687704.1_7	1e8116b121a12c746870ae4a05ee61a8	1384	Coils	Coil	Coil	520	551	-	T	21-06-2023	-	-
>KX687704.1_7	1e8116b121a12c746870ae4a05ee61a8	1384	Coils	Coil	Coil	920	947	-	T	21-06-2023	-	-
>KX687704.1_7	1e8116b121a12c746870ae4a05ee61a8	1384	MobiDBLite	mobidb-lite	consensus disorder prediction	1106	1127	-	T	21-06-2023	-	-
>KX687704.1_34	a646e62d8addd2591d5d6d00a803a35c	414	ProSiteProfiles	PS51900	Core-binding (CB) domain profile.	90	186	8.820426	T	21-06-2023	IPR044068	Core-binding (CB) domain
>KX687704.1_34	a646e62d8addd2591d5d6d00a803a35c	414	Gene3D	G3DSA:1.10.443.10	Intergrase catalytic core	209	403	5.5E-11	T	21-06-2023	IPR013762	Integrase-like, catalytic domain superfamily
>KX687704.1_34	a646e62d8addd2591d5d6d00a803a35c	414	SUPERFAMILY	SSF56349	DNA breaking-rejoining enzymes	95	362	4.71E-15	T	21-06-2023	IPR011010	DNA breaking-rejoining enzyme, catalytic core
>KX687704.1_34	a646e62d8addd2591d5d6d00a803a35c	414	ProSiteProfiles	PS51898	Tyrosine recombinase domain profile.	208	412	12.415363	T	21-06-2023	IPR002104	Integrase, catalytic domain
