KX906370.1_183	f43e0d7b7cf26d50dfb0f9466f1e95f8	1381	Pfam	PF07669	Eco57I restriction-modification methylase	785	880	2.1E-14	T	26-06-2023	IPR011639	Type II restriction enzyme and methyltransferase RM.Eco57I-like
KX906370.1_183	f43e0d7b7cf26d50dfb0f9466f1e95f8	1381	Gene3D	G3DSA:3.40.50.150	Vaccinia Virus protein VP39	473	966	2.4E-50	T	26-06-2023	IPR029063	S-adenosyl-L-methionine-dependent methyltransferase superfamily
KX906370.1_183	f43e0d7b7cf26d50dfb0f9466f1e95f8	1381	Pfam	PF12950	TaqI-like C-terminal specificity domain	1000	1158	4.3E-16	T	26-06-2023	IPR025931	TaqI-like C-terminal specificity domain
KX906370.1_183	f43e0d7b7cf26d50dfb0f9466f1e95f8	1381	Pfam	PF20473	MmeI, DNA-methyltransferase domain	524	616	1.4E-10	T	26-06-2023	IPR046816	MmeI-like, DNA-methyltransferase domain
KX906370.1_183	f43e0d7b7cf26d50dfb0f9466f1e95f8	1381	PANTHER	PTHR33841	DNA METHYLTRANSFERASE YEEA-RELATED	221	1372	2.1E-102	T	26-06-2023	-	-
KX906370.1_183	f43e0d7b7cf26d50dfb0f9466f1e95f8	1381	SUPERFAMILY	SSF53335	S-adenosyl-L-methionine-dependent methyltransferases	281	900	3.21E-60	T	26-06-2023	IPR029063	S-adenosyl-L-methionine-dependent methyltransferase superfamily
KX906370.1_183	f43e0d7b7cf26d50dfb0f9466f1e95f8	1381	Coils	Coil	Coil	1336	1356	-	T	26-06-2023	-	-
KX906370.1_183	f43e0d7b7cf26d50dfb0f9466f1e95f8	1381	ProSitePatterns	PS00092	N-6 Adenine-specific DNA methylases signature.	788	794	-	T	26-06-2023	IPR002052	DNA methylase, N-6 adenine-specific, conserved site
KX906370.1_183	f43e0d7b7cf26d50dfb0f9466f1e95f8	1381	PRINTS	PR00507	N12 class N6 adenine-specific DNA methyltransferase signature	487	503	1.2E-15	T	26-06-2023	-	-
KX906370.1_183	f43e0d7b7cf26d50dfb0f9466f1e95f8	1381	PRINTS	PR00507	N12 class N6 adenine-specific DNA methyltransferase signature	540	554	1.2E-15	T	26-06-2023	-	-
KX906370.1_183	f43e0d7b7cf26d50dfb0f9466f1e95f8	1381	PRINTS	PR00507	N12 class N6 adenine-specific DNA methyltransferase signature	785	797	1.2E-15	T	26-06-2023	-	-
KX906370.1_183	f43e0d7b7cf26d50dfb0f9466f1e95f8	1381	PRINTS	PR00507	N12 class N6 adenine-specific DNA methyltransferase signature	819	843	1.2E-15	T	26-06-2023	-	-
KX906370.1_184	344a1d993a89e2c3db5cd488526a278d	155	Pfam	PF19810	Family of unknown function (DUF6293)	1	113	5.0E-18	T	26-06-2023	IPR046260	Domain of unknown function DUF6293
KX906370.1_42	96d1745e32d072fa3fcaed5d31a17231	127	MobiDBLite	mobidb-lite	consensus disorder prediction	100	127	-	T	26-06-2023	-	-
KX906370.1_42	96d1745e32d072fa3fcaed5d31a17231	127	MobiDBLite	mobidb-lite	consensus disorder prediction	100	118	-	T	26-06-2023	-	-
KX906370.1_82	fe78e4b98baae805985107bdf02baf52	1148	MobiDBLite	mobidb-lite	consensus disorder prediction	524	544	-	T	26-06-2023	-	-
KX906370.1_82	fe78e4b98baae805985107bdf02baf52	1148	MobiDBLite	mobidb-lite	consensus disorder prediction	393	414	-	T	26-06-2023	-	-
KX906370.1_82	fe78e4b98baae805985107bdf02baf52	1148	MobiDBLite	mobidb-lite	consensus disorder prediction	1094	1148	-	T	26-06-2023	-	-
KX906370.1_82	fe78e4b98baae805985107bdf02baf52	1148	Pfam	PF19134	Domain of unknown function (DUF5817)	41	92	6.5E-8	T	26-06-2023	IPR043855	Domain of unknown function DUF5817
KX906370.1_82	fe78e4b98baae805985107bdf02baf52	1148	MobiDBLite	mobidb-lite	consensus disorder prediction	1113	1129	-	T	26-06-2023	-	-
KX906370.1_127	01fa4feb0061e306f3b313b37c2da4f7	123	MobiDBLite	mobidb-lite	consensus disorder prediction	1	25	-	T	26-06-2023	-	-
KX906370.1_107	8f6fe644680bd69ae9cac194ca864be3	832	Gene3D	G3DSA:3.40.50.300	-	395	591	2.6E-11	T	26-06-2023	IPR027417	P-loop containing nucleoside triphosphate hydrolase
KX906370.1_107	8f6fe644680bd69ae9cac194ca864be3	832	MobiDBLite	mobidb-lite	consensus disorder prediction	367	382	-	T	26-06-2023	-	-
KX906370.1_107	8f6fe644680bd69ae9cac194ca864be3	832	MobiDBLite	mobidb-lite	consensus disorder prediction	1	23	-	T	26-06-2023	-	-
KX906370.1_107	8f6fe644680bd69ae9cac194ca864be3	832	MobiDBLite	mobidb-lite	consensus disorder prediction	712	726	-	T	26-06-2023	-	-
KX906370.1_107	8f6fe644680bd69ae9cac194ca864be3	832	Coils	Coil	Coil	337	357	-	T	26-06-2023	-	-
KX906370.1_107	8f6fe644680bd69ae9cac194ca864be3	832	MobiDBLite	mobidb-lite	consensus disorder prediction	104	126	-	T	26-06-2023	-	-
KX906370.1_107	8f6fe644680bd69ae9cac194ca864be3	832	MobiDBLite	mobidb-lite	consensus disorder prediction	359	382	-	T	26-06-2023	-	-
KX906370.1_107	8f6fe644680bd69ae9cac194ca864be3	832	MobiDBLite	mobidb-lite	consensus disorder prediction	104	119	-	T	26-06-2023	-	-
KX906370.1_107	8f6fe644680bd69ae9cac194ca864be3	832	Coils	Coil	Coil	39	59	-	T	26-06-2023	-	-
KX906370.1_107	8f6fe644680bd69ae9cac194ca864be3	832	SUPERFAMILY	SSF52540	P-loop containing nucleoside triphosphate hydrolases	188	581	4.41E-6	T	26-06-2023	IPR027417	P-loop containing nucleoside triphosphate hydrolase
KX906370.1_107	8f6fe644680bd69ae9cac194ca864be3	832	Coils	Coil	Coil	718	738	-	T	26-06-2023	-	-
KX906370.1_107	8f6fe644680bd69ae9cac194ca864be3	832	MobiDBLite	mobidb-lite	consensus disorder prediction	702	726	-	T	26-06-2023	-	-
KX906370.1_107	8f6fe644680bd69ae9cac194ca864be3	832	MobiDBLite	mobidb-lite	consensus disorder prediction	1	30	-	T	26-06-2023	-	-
KX906370.1_35	0dabdd49dae335e9e6d526cec431c184	413	Coils	Coil	Coil	219	239	-	T	26-06-2023	-	-
KX906370.1_35	0dabdd49dae335e9e6d526cec431c184	413	NCBIfam	TIGR01766	IS200/IS605 family accessory protein TnpB-like domain	251	323	5.7E-10	T	26-06-2023	IPR010095	Cas12f1-like, TNB domain
KX906370.1_35	0dabdd49dae335e9e6d526cec431c184	413	PANTHER	PTHR36172	-	158	372	2.6E-9	T	26-06-2023	-	-
KX906370.1_35	0dabdd49dae335e9e6d526cec431c184	413	Pfam	PF12323	Helix-turn-helix domain	1	45	1.7E-10	T	26-06-2023	IPR021027	Transposase, putative, helix-turn-helix domain
KX906370.1_35	0dabdd49dae335e9e6d526cec431c184	413	Pfam	PF01385	Probable transposase	177	282	3.2E-17	T	26-06-2023	IPR001959	Probable transposase, IS891/IS1136/IS1341
KX906370.1_35	0dabdd49dae335e9e6d526cec431c184	413	Pfam	PF07282	Putative transposase DNA-binding domain	297	365	2.2E-23	T	26-06-2023	IPR010095	Cas12f1-like, TNB domain
KX906370.1_35	0dabdd49dae335e9e6d526cec431c184	413	NCBIfam	NF040570	RNA-guided endonuclease TnpB family protein	5	365	9.1E-88	T	26-06-2023	-	-
KX906370.1_85	ed70d4fd1b70d218d0fc9676eaef3475	417	NCBIfam	NF040570	RNA-guided endonuclease TnpB family protein	22	379	5.3E-54	T	26-06-2023	-	-
KX906370.1_85	ed70d4fd1b70d218d0fc9676eaef3475	417	MobiDBLite	mobidb-lite	consensus disorder prediction	99	123	-	T	26-06-2023	-	-
KX906370.1_85	ed70d4fd1b70d218d0fc9676eaef3475	417	MobiDBLite	mobidb-lite	consensus disorder prediction	98	123	-	T	26-06-2023	-	-
KX906370.1_85	ed70d4fd1b70d218d0fc9676eaef3475	417	PANTHER	PTHR36172	-	300	377	3.9E-9	T	26-06-2023	-	-
KX906370.1_85	ed70d4fd1b70d218d0fc9676eaef3475	417	Pfam	PF01385	Probable transposase	182	290	3.7E-14	T	26-06-2023	IPR001959	Probable transposase, IS891/IS1136/IS1341
KX906370.1_85	ed70d4fd1b70d218d0fc9676eaef3475	417	Pfam	PF07282	Putative transposase DNA-binding domain	310	378	7.7E-19	T	26-06-2023	IPR010095	Cas12f1-like, TNB domain
KX906370.1_27	42f00ddceb14dd3bfe14974ef7f42d87	183	Pfam	PF01844	HNH endonuclease	115	150	1.1E-8	T	26-06-2023	IPR002711	HNH endonuclease
KX906370.1_27	42f00ddceb14dd3bfe14974ef7f42d87	183	MobiDBLite	mobidb-lite	consensus disorder prediction	154	183	-	T	26-06-2023	-	-
KX906370.1_27	42f00ddceb14dd3bfe14974ef7f42d87	183	CDD	cd00085	HNHc	117	149	7.80013E-7	T	26-06-2023	IPR003615	HNH nuclease
KX906370.1_27	42f00ddceb14dd3bfe14974ef7f42d87	183	Gene3D	G3DSA:1.10.30.50	-	48	164	2.4E-10	T	26-06-2023	-	-
KX906370.1_27	42f00ddceb14dd3bfe14974ef7f42d87	183	SMART	SM00507	HNH_5	97	146	0.0032	T	26-06-2023	IPR003615	HNH nuclease
KX906370.1_27	42f00ddceb14dd3bfe14974ef7f42d87	183	MobiDBLite	mobidb-lite	consensus disorder prediction	154	168	-	T	26-06-2023	-	-
KX906370.1_87	89510a40f763b15c1cd1c41e94e5cc30	60	MobiDBLite	mobidb-lite	consensus disorder prediction	1	28	-	T	26-06-2023	-	-
KX906370.1_120	e678dd89c21b8a0030799d526a68aafe	152	Pfam	PF19673	Family of unknown function (DUF6176)	10	121	1.3E-29	T	26-06-2023	IPR046174	Protein of unknown function DUF6176
KX906370.1_120	e678dd89c21b8a0030799d526a68aafe	152	ProSiteProfiles	PS50882	YTH domain profile.	64	152	8.866538	T	26-06-2023	IPR007275	YTH domain
KX906370.1_105	0cf777e08a732703273f86acb1aa8a44	430	MobiDBLite	mobidb-lite	consensus disorder prediction	30	60	-	T	26-06-2023	-	-
KX906370.1_105	0cf777e08a732703273f86acb1aa8a44	430	Coils	Coil	Coil	409	429	-	T	26-06-2023	-	-
KX906370.1_105	0cf777e08a732703273f86acb1aa8a44	430	MobiDBLite	mobidb-lite	consensus disorder prediction	25	81	-	T	26-06-2023	-	-
KX906370.1_131	83a1adf68100c7c75d496d0c9a119137	54	MobiDBLite	mobidb-lite	consensus disorder prediction	34	54	-	T	26-06-2023	-	-
KX906370.1_131	83a1adf68100c7c75d496d0c9a119137	54	MobiDBLite	mobidb-lite	consensus disorder prediction	37	54	-	T	26-06-2023	-	-
KX906370.1_134	33469b281040f5d7645f5207bc9f91e8	375	CDD	cd04301	NAT_SF	58	119	0.00213913	T	26-06-2023	-	-
KX906370.1_134	33469b281040f5d7645f5207bc9f91e8	375	Gene3D	G3DSA:3.40.630.30	-	11	145	6.7E-17	T	26-06-2023	-	-
KX906370.1_134	33469b281040f5d7645f5207bc9f91e8	375	Pfam	PF13527	Acetyltransferase (GNAT) domain	15	142	2.1E-16	T	26-06-2023	-	-
KX906370.1_134	33469b281040f5d7645f5207bc9f91e8	375	SUPERFAMILY	SSF55729	Acyl-CoA N-acyltransferases (Nat)	12	164	1.65E-18	T	26-06-2023	IPR016181	Acyl-CoA N-acyltransferase
KX906370.1_134	33469b281040f5d7645f5207bc9f91e8	375	ProSiteProfiles	PS51186	Gcn5-related N-acetyltransferase (GNAT) domain profile.	13	165	13.906408	T	26-06-2023	IPR000182	GNAT domain
KX906370.1_18	0b5387223b8eeb0a3aa2d393c74ccd45	114	MobiDBLite	mobidb-lite	consensus disorder prediction	1	22	-	T	26-06-2023	-	-
KX906370.1_43	0f76ae43526c2a4d3d7162374ae221cd	261	Gene3D	G3DSA:3.40.50.150	Vaccinia Virus protein VP39	14	167	3.4E-11	T	26-06-2023	IPR029063	S-adenosyl-L-methionine-dependent methyltransferase superfamily
KX906370.1_43	0f76ae43526c2a4d3d7162374ae221cd	261	SUPERFAMILY	SSF53335	S-adenosyl-L-methionine-dependent methyltransferases	4	117	6.19E-11	T	26-06-2023	IPR029063	S-adenosyl-L-methionine-dependent methyltransferase superfamily
KX906370.1_81	6d47699ecf859c2a56af1a648759e468	187	MobiDBLite	mobidb-lite	consensus disorder prediction	162	187	-	T	26-06-2023	-	-
KX906370.1_81	6d47699ecf859c2a56af1a648759e468	187	MobiDBLite	mobidb-lite	consensus disorder prediction	135	187	-	T	26-06-2023	-	-
KX906370.1_81	6d47699ecf859c2a56af1a648759e468	187	MobiDBLite	mobidb-lite	consensus disorder prediction	58	85	-	T	26-06-2023	-	-
KX906370.1_5	4cfbaaf929a6f3fafc9ae942e103d1e5	131	SUPERFAMILY	SSF110849	ParB/Sulfiredoxin	56	98	5.76E-6	T	26-06-2023	IPR036086	ParB/Sulfiredoxin superfamily
KX906370.1_86	3c568beee81ad8f0df0e64da2cfba8e8	248	MobiDBLite	mobidb-lite	consensus disorder prediction	60	84	-	T	26-06-2023	-	-
KX906370.1_86	3c568beee81ad8f0df0e64da2cfba8e8	248	MobiDBLite	mobidb-lite	consensus disorder prediction	1	16	-	T	26-06-2023	-	-
KX906370.1_86	3c568beee81ad8f0df0e64da2cfba8e8	248	MobiDBLite	mobidb-lite	consensus disorder prediction	1	84	-	T	26-06-2023	-	-
KX906370.1_104	7a74df52798c3bd36c8375ad16ef5ede	340	Coils	Coil	Coil	259	286	-	T	26-06-2023	-	-
KX906370.1_104	7a74df52798c3bd36c8375ad16ef5ede	340	MobiDBLite	mobidb-lite	consensus disorder prediction	300	340	-	T	26-06-2023	-	-
KX906370.1_62	2a4523f36b2ca4e6116b26c9ae8e9eb8	419	NCBIfam	NF040570	RNA-guided endonuclease TnpB family protein	106	364	2.9E-40	T	26-06-2023	-	-
KX906370.1_62	2a4523f36b2ca4e6116b26c9ae8e9eb8	419	NCBIfam	TIGR01766	IS200/IS605 family accessory protein TnpB-like domain	241	321	3.4E-26	T	26-06-2023	IPR010095	Cas12f1-like, TNB domain
KX906370.1_62	2a4523f36b2ca4e6116b26c9ae8e9eb8	419	MobiDBLite	mobidb-lite	consensus disorder prediction	369	419	-	T	26-06-2023	-	-
KX906370.1_62	2a4523f36b2ca4e6116b26c9ae8e9eb8	419	MobiDBLite	mobidb-lite	consensus disorder prediction	369	392	-	T	26-06-2023	-	-
KX906370.1_62	2a4523f36b2ca4e6116b26c9ae8e9eb8	419	MobiDBLite	mobidb-lite	consensus disorder prediction	393	412	-	T	26-06-2023	-	-
KX906370.1_62	2a4523f36b2ca4e6116b26c9ae8e9eb8	419	Pfam	PF07282	Putative transposase DNA-binding domain	294	364	4.9E-23	T	26-06-2023	IPR010095	Cas12f1-like, TNB domain
KX906370.1_175	06ebad9f1803915db8320a5e61491a53	321	Coils	Coil	Coil	288	315	-	T	26-06-2023	-	-
KX906370.1_157	788fe48b22fff3a03fbbdf623a2afcda	221	NCBIfam	TIGR01182	bifunctional 4-hydroxy-2-oxoglutarate aldolase/2-dehydro-3-deoxy-phosphogluconate aldolase	19	213	4.1E-49	T	26-06-2023	IPR000887	KDPG/KHG aldolase
KX906370.1_157	788fe48b22fff3a03fbbdf623a2afcda	221	Pfam	PF01081	KDPG and KHG aldolase	19	205	4.6E-39	T	26-06-2023	IPR000887	KDPG/KHG aldolase
KX906370.1_157	788fe48b22fff3a03fbbdf623a2afcda	221	Gene3D	G3DSA:3.20.20.70	Aldolase class I	6	221	9.0E-70	T	26-06-2023	IPR013785	Aldolase-type TIM barrel
KX906370.1_157	788fe48b22fff3a03fbbdf623a2afcda	221	SUPERFAMILY	SSF51569	Aldolase	10	214	1.59E-59	T	26-06-2023	-	-
KX906370.1_157	788fe48b22fff3a03fbbdf623a2afcda	221	PANTHER	PTHR30246	2-KETO-3-DEOXY-6-PHOSPHOGLUCONATE ALDOLASE	7	218	8.0E-59	T	26-06-2023	IPR000887	KDPG/KHG aldolase
KX906370.1_157	788fe48b22fff3a03fbbdf623a2afcda	221	CDD	cd00452	KDPG_aldolase	19	207	6.72637E-65	T	26-06-2023	IPR000887	KDPG/KHG aldolase
KX906370.1_31	71b860d7448c299361ff8f2bc24fd34a	203	MobiDBLite	mobidb-lite	consensus disorder prediction	45	99	-	T	26-06-2023	-	-
KX906370.1_31	71b860d7448c299361ff8f2bc24fd34a	203	MobiDBLite	mobidb-lite	consensus disorder prediction	167	203	-	T	26-06-2023	-	-
KX906370.1_31	71b860d7448c299361ff8f2bc24fd34a	203	MobiDBLite	mobidb-lite	consensus disorder prediction	45	92	-	T	26-06-2023	-	-
KX906370.1_46	62f6fde6595999af199681d9b73e6587	357	Gene3D	G3DSA:3.40.50.2000	Glycogen Phosphorylase B;	169	333	1.9E-11	T	26-06-2023	-	-
KX906370.1_46	62f6fde6595999af199681d9b73e6587	357	SUPERFAMILY	SSF53756	UDP-Glycosyltransferase/glycogen phosphorylase	45	324	2.98E-14	T	26-06-2023	-	-
KX906370.1_121	f41e57910d41694c4d21733225534ed0	118	MobiDBLite	mobidb-lite	consensus disorder prediction	80	118	-	T	26-06-2023	-	-
KX906370.1_121	f41e57910d41694c4d21733225534ed0	118	MobiDBLite	mobidb-lite	consensus disorder prediction	80	100	-	T	26-06-2023	-	-
KX906370.1_121	f41e57910d41694c4d21733225534ed0	118	Gene3D	G3DSA:3.30.2310.20	-	4	86	3.6E-8	T	26-06-2023	IPR035093	Toxin-antitoxin system, RelE/ParE toxin domain superfamily
KX906370.1_121	f41e57910d41694c4d21733225534ed0	118	SUPERFAMILY	SSF143011	RelE-like	5	78	2.62E-8	T	26-06-2023	IPR035093	Toxin-antitoxin system, RelE/ParE toxin domain superfamily
KX906370.1_54	9ff60d479bbc1ecf0171f663e45d74c5	124	Gene3D	G3DSA:1.10.150.20	-	59	124	2.2E-14	T	26-06-2023	-	-
KX906370.1_54	9ff60d479bbc1ecf0171f663e45d74c5	124	Pfam	PF12826	Helix-hairpin-helix motif	74	123	1.5E-13	T	26-06-2023	IPR041663	DisA/LigA, helix-hairpin-helix motif
KX906370.1_54	9ff60d479bbc1ecf0171f663e45d74c5	124	MobiDBLite	mobidb-lite	consensus disorder prediction	104	124	-	T	26-06-2023	-	-
KX906370.1_54	9ff60d479bbc1ecf0171f663e45d74c5	124	SUPERFAMILY	SSF47781	RuvA domain 2-like	47	123	2.59E-13	T	26-06-2023	IPR010994	RuvA domain 2-like
KX906370.1_165	fc5d0cb684b08eff458319db2eecef32	388	NCBIfam	NF033541	ISH3 family transposase	40	336	3.0E-113	T	26-06-2023	-	-
KX906370.1_165	fc5d0cb684b08eff458319db2eecef32	388	PANTHER	PTHR33252	THIRD ORF IN TRANSPOSON ISC1160	90	388	4.9E-51	T	26-06-2023	-	-
KX906370.1_194	fc5d0cb684b08eff458319db2eecef32	388	NCBIfam	NF033541	ISH3 family transposase	40	336	3.0E-113	T	26-06-2023	-	-
KX906370.1_194	fc5d0cb684b08eff458319db2eecef32	388	PANTHER	PTHR33252	THIRD ORF IN TRANSPOSON ISC1160	90	388	4.9E-51	T	26-06-2023	-	-
KX906370.1_185	fc5d0cb684b08eff458319db2eecef32	388	NCBIfam	NF033541	ISH3 family transposase	40	336	3.0E-113	T	26-06-2023	-	-
KX906370.1_185	fc5d0cb684b08eff458319db2eecef32	388	PANTHER	PTHR33252	THIRD ORF IN TRANSPOSON ISC1160	90	388	4.9E-51	T	26-06-2023	-	-
KX906370.1_118	fc5d0cb684b08eff458319db2eecef32	388	NCBIfam	NF033541	ISH3 family transposase	40	336	3.0E-113	T	26-06-2023	-	-
KX906370.1_118	fc5d0cb684b08eff458319db2eecef32	388	PANTHER	PTHR33252	THIRD ORF IN TRANSPOSON ISC1160	90	388	4.9E-51	T	26-06-2023	-	-
KX906370.1_23	96319a979b3be8dfddd5ce936090577c	204	ProSiteProfiles	PS51900	Core-binding (CB) domain profile.	98	184	8.734818	T	26-06-2023	IPR044068	Core-binding (CB) domain
KX906370.1_33	2c5941a84eb80bbe34beffb5a3e93e19	141	MobiDBLite	mobidb-lite	consensus disorder prediction	28	42	-	T	26-06-2023	-	-
KX906370.1_33	2c5941a84eb80bbe34beffb5a3e93e19	141	MobiDBLite	mobidb-lite	consensus disorder prediction	1	64	-	T	26-06-2023	-	-
KX906370.1_52	ac66911aae54e452137f785f38b7f689	87	MobiDBLite	mobidb-lite	consensus disorder prediction	45	59	-	T	26-06-2023	-	-
KX906370.1_52	ac66911aae54e452137f785f38b7f689	87	MobiDBLite	mobidb-lite	consensus disorder prediction	38	87	-	T	26-06-2023	-	-
KX906370.1_44	33a53a49b299a14465fdc3d67a8968db	194	MobiDBLite	mobidb-lite	consensus disorder prediction	173	194	-	T	26-06-2023	-	-
KX906370.1_69	eea5b2c5af0103d8668822e94ae97251	74	SUPERFAMILY	SSF46785	"Winged helix" DNA-binding domain	2	58	1.52E-5	T	26-06-2023	IPR036390	Winged helix DNA-binding domain superfamily
KX906370.1_69	eea5b2c5af0103d8668822e94ae97251	74	Gene3D	G3DSA:1.10.10.10	-	3	73	3.7E-8	T	26-06-2023	IPR036388	Winged helix-like DNA-binding domain superfamily
KX906370.1_84	5ed761d53b946f51c58ecd2f683faa06	110	Pfam	PF05016	ParE toxin of type II toxin-antitoxin system, parDE	8	92	6.2E-5	T	26-06-2023	IPR007712	Toxin-antitoxin system, RelE/ParE toxin family
KX906370.1_84	5ed761d53b946f51c58ecd2f683faa06	110	SUPERFAMILY	SSF143011	RelE-like	7	94	5.3E-8	T	26-06-2023	IPR035093	Toxin-antitoxin system, RelE/ParE toxin domain superfamily
KX906370.1_84	5ed761d53b946f51c58ecd2f683faa06	110	Gene3D	G3DSA:3.30.2310.20	-	7	98	9.4E-7	T	26-06-2023	IPR035093	Toxin-antitoxin system, RelE/ParE toxin domain superfamily
KX906370.1_180	3e5badd92709c711c9f70d8a4011a748	146	MobiDBLite	mobidb-lite	consensus disorder prediction	28	67	-	T	26-06-2023	-	-
KX906370.1_180	3e5badd92709c711c9f70d8a4011a748	146	MobiDBLite	mobidb-lite	consensus disorder prediction	1	67	-	T	26-06-2023	-	-
KX906370.1_180	3e5badd92709c711c9f70d8a4011a748	146	MobiDBLite	mobidb-lite	consensus disorder prediction	1	20	-	T	26-06-2023	-	-
KX906370.1_59	7df27f931f5828b4e0bc403afb74af21	173	Coils	Coil	Coil	150	173	-	T	26-06-2023	-	-
KX906370.1_59	7df27f931f5828b4e0bc403afb74af21	173	MobiDBLite	mobidb-lite	consensus disorder prediction	150	173	-	T	26-06-2023	-	-
KX906370.1_14	a534f101b78cd0d8f0d24a32cb051715	249	MobiDBLite	mobidb-lite	consensus disorder prediction	73	89	-	T	26-06-2023	-	-
KX906370.1_14	a534f101b78cd0d8f0d24a32cb051715	249	MobiDBLite	mobidb-lite	consensus disorder prediction	51	89	-	T	26-06-2023	-	-
KX906370.1_14	a534f101b78cd0d8f0d24a32cb051715	249	MobiDBLite	mobidb-lite	consensus disorder prediction	101	145	-	T	26-06-2023	-	-
KX906370.1_110	4a7587ab50da17fd5284c09e0f2d9772	478	NCBIfam	TIGR02928	orc1/cdc6 family replication initiation protein	76	449	2.1E-109	T	26-06-2023	IPR014277	Orc1/Cdc6-type DNA replication protein, archaea
KX906370.1_110	4a7587ab50da17fd5284c09e0f2d9772	478	SMART	SM01074	Cdc6_C_2	377	460	0.0018	T	26-06-2023	IPR015163	Cdc6, C-terminal
KX906370.1_110	4a7587ab50da17fd5284c09e0f2d9772	478	Gene3D	G3DSA:1.10.10.10	-	369	469	2.3E-14	T	26-06-2023	IPR036388	Winged helix-like DNA-binding domain superfamily
KX906370.1_110	4a7587ab50da17fd5284c09e0f2d9772	478	FunFam	G3DSA:1.10.8.60:FF:000073	ORC1-type DNA replication protein	268	360	2.7E-24	T	26-06-2023	-	-
KX906370.1_110	4a7587ab50da17fd5284c09e0f2d9772	478	MobiDBLite	mobidb-lite	consensus disorder prediction	23	47	-	T	26-06-2023	-	-
KX906370.1_110	4a7587ab50da17fd5284c09e0f2d9772	478	Pfam	PF09079	CDC6, C terminal winged helix domain	378	457	5.7E-11	T	26-06-2023	IPR015163	Cdc6, C-terminal
KX906370.1_110	4a7587ab50da17fd5284c09e0f2d9772	478	Pfam	PF13401	AAA domain	115	242	1.6E-8	T	26-06-2023	IPR003593	AAA+ ATPase domain
KX906370.1_110	4a7587ab50da17fd5284c09e0f2d9772	478	SUPERFAMILY	SSF52540	P-loop containing nucleoside triphosphate hydrolases	76	356	4.14E-39	T	26-06-2023	IPR027417	P-loop containing nucleoside triphosphate hydrolase
KX906370.1_110	4a7587ab50da17fd5284c09e0f2d9772	478	Gene3D	G3DSA:1.10.8.60	-	76	359	1.0E-88	T	26-06-2023	-	-
KX906370.1_110	4a7587ab50da17fd5284c09e0f2d9772	478	PANTHER	PTHR10763	CELL DIVISION CONTROL PROTEIN 6-RELATED	63	463	1.3E-38	T	26-06-2023	-	-
KX906370.1_110	4a7587ab50da17fd5284c09e0f2d9772	478	Gene3D	G3DSA:3.40.50.300	-	92	281	1.0E-88	T	26-06-2023	IPR027417	P-loop containing nucleoside triphosphate hydrolase
KX906370.1_110	4a7587ab50da17fd5284c09e0f2d9772	478	Hamap	MF_01407	ORC1-type DNA replication protein.	69	460	27.25819	T	26-06-2023	IPR014277	Orc1/Cdc6-type DNA replication protein, archaea
KX906370.1_110	4a7587ab50da17fd5284c09e0f2d9772	478	SUPERFAMILY	SSF46785	"Winged helix" DNA-binding domain	364	468	1.45E-11	T	26-06-2023	IPR036390	Winged helix DNA-binding domain superfamily
KX906370.1_135	386c4ba6b8a0bd70b9f39a9e2196d941	326	MobiDBLite	mobidb-lite	consensus disorder prediction	284	300	-	T	26-06-2023	-	-
KX906370.1_135	386c4ba6b8a0bd70b9f39a9e2196d941	326	MobiDBLite	mobidb-lite	consensus disorder prediction	87	114	-	T	26-06-2023	-	-
KX906370.1_135	386c4ba6b8a0bd70b9f39a9e2196d941	326	MobiDBLite	mobidb-lite	consensus disorder prediction	284	326	-	T	26-06-2023	-	-
KX906370.1_135	386c4ba6b8a0bd70b9f39a9e2196d941	326	MobiDBLite	mobidb-lite	consensus disorder prediction	224	243	-	T	26-06-2023	-	-
KX906370.1_135	386c4ba6b8a0bd70b9f39a9e2196d941	326	MobiDBLite	mobidb-lite	consensus disorder prediction	87	105	-	T	26-06-2023	-	-
KX906370.1_135	386c4ba6b8a0bd70b9f39a9e2196d941	326	MobiDBLite	mobidb-lite	consensus disorder prediction	301	326	-	T	26-06-2023	-	-
KX906370.1_135	386c4ba6b8a0bd70b9f39a9e2196d941	326	Coils	Coil	Coil	252	293	-	T	26-06-2023	-	-
KX906370.1_75	f1ccda5720e06c1b4bd9574dced1b921	45	MobiDBLite	mobidb-lite	consensus disorder prediction	1	45	-	T	26-06-2023	-	-
KX906370.1_146	1e830ac2432baef30bf7809c1f6e2038	359	PANTHER	PTHR43818	BCDNA.GH03377	5	198	1.5E-29	T	26-06-2023	-	-
KX906370.1_146	1e830ac2432baef30bf7809c1f6e2038	359	SUPERFAMILY	SSF55347	Glyceraldehyde-3-phosphate dehydrogenase-like, C-terminal domain	146	281	1.11E-10	T	26-06-2023	-	-
KX906370.1_146	1e830ac2432baef30bf7809c1f6e2038	359	Gene3D	G3DSA:3.40.50.720	-	1	139	3.7E-29	T	26-06-2023	-	-
KX906370.1_146	1e830ac2432baef30bf7809c1f6e2038	359	Gene3D	G3DSA:3.30.360.10	Dihydrodipicolinate Reductase; domain 2	140	335	3.3E-25	T	26-06-2023	-	-
KX906370.1_146	1e830ac2432baef30bf7809c1f6e2038	359	SUPERFAMILY	SSF51735	NAD(P)-binding Rossmann-fold domains	6	170	3.67E-37	T	26-06-2023	IPR036291	NAD(P)-binding domain superfamily
KX906370.1_146	1e830ac2432baef30bf7809c1f6e2038	359	Pfam	PF01408	Oxidoreductase family, NAD-binding Rossmann fold	23	138	1.0E-21	T	26-06-2023	IPR000683	Gfo/Idh/MocA-like oxidoreductase, N-terminal
KX906370.1_159	a3a66473ab6545bf7824426bdb91a7b2	270	PRINTS	PR00080	Short-chain dehydrogenase/reductase (SDR) superfamily signature	93	104	4.5E-12	T	26-06-2023	IPR002347	Short-chain dehydrogenase/reductase SDR
KX906370.1_159	a3a66473ab6545bf7824426bdb91a7b2	270	PRINTS	PR00080	Short-chain dehydrogenase/reductase (SDR) superfamily signature	144	152	4.5E-12	T	26-06-2023	IPR002347	Short-chain dehydrogenase/reductase SDR
KX906370.1_159	a3a66473ab6545bf7824426bdb91a7b2	270	PRINTS	PR00080	Short-chain dehydrogenase/reductase (SDR) superfamily signature	164	183	4.5E-12	T	26-06-2023	IPR002347	Short-chain dehydrogenase/reductase SDR
KX906370.1_159	a3a66473ab6545bf7824426bdb91a7b2	270	Gene3D	G3DSA:3.40.50.720	-	5	267	3.3E-83	T	26-06-2023	-	-
KX906370.1_159	a3a66473ab6545bf7824426bdb91a7b2	270	FunFam	G3DSA:3.40.50.720:FF:000084	Short-chain dehydrogenase reductase	8	259	2.0E-74	T	26-06-2023	-	-
KX906370.1_159	a3a66473ab6545bf7824426bdb91a7b2	270	CDD	cd05233	SDR_c	20	251	1.13527E-80	T	26-06-2023	-	-
KX906370.1_159	a3a66473ab6545bf7824426bdb91a7b2	270	SMART	SM00822	This enzymatic domain is part of bacterial polyketide synthases and catalyses the first step in the reductive modification of the beta-carbonyl centres in the growing polyketide chain. It uses NADPH to reduce the keto group to a hydroxy group.	18	199	0.0052	T	26-06-2023	-	-
KX906370.1_159	a3a66473ab6545bf7824426bdb91a7b2	270	SUPERFAMILY	SSF51735	NAD(P)-binding Rossmann-fold domains	18	255	2.11E-83	T	26-06-2023	IPR036291	NAD(P)-binding domain superfamily
KX906370.1_159	a3a66473ab6545bf7824426bdb91a7b2	270	PRINTS	PR00081	Glucose/ribitol dehydrogenase family signature	19	36	3.3E-41	T	26-06-2023	IPR002347	Short-chain dehydrogenase/reductase SDR
KX906370.1_159	a3a66473ab6545bf7824426bdb91a7b2	270	PRINTS	PR00081	Glucose/ribitol dehydrogenase family signature	93	104	3.3E-41	T	26-06-2023	IPR002347	Short-chain dehydrogenase/reductase SDR
KX906370.1_159	a3a66473ab6545bf7824426bdb91a7b2	270	PRINTS	PR00081	Glucose/ribitol dehydrogenase family signature	138	154	3.3E-41	T	26-06-2023	IPR002347	Short-chain dehydrogenase/reductase SDR
KX906370.1_159	a3a66473ab6545bf7824426bdb91a7b2	270	PRINTS	PR00081	Glucose/ribitol dehydrogenase family signature	164	183	3.3E-41	T	26-06-2023	IPR002347	Short-chain dehydrogenase/reductase SDR
KX906370.1_159	a3a66473ab6545bf7824426bdb91a7b2	270	PRINTS	PR00081	Glucose/ribitol dehydrogenase family signature	185	202	3.3E-41	T	26-06-2023	IPR002347	Short-chain dehydrogenase/reductase SDR
KX906370.1_159	a3a66473ab6545bf7824426bdb91a7b2	270	PRINTS	PR00081	Glucose/ribitol dehydrogenase family signature	218	238	3.3E-41	T	26-06-2023	IPR002347	Short-chain dehydrogenase/reductase SDR
KX906370.1_159	a3a66473ab6545bf7824426bdb91a7b2	270	PANTHER	PTHR42879	3-OXOACYL-(ACYL-CARRIER-PROTEIN) REDUCTASE	17	256	1.3E-67	T	26-06-2023	-	-
KX906370.1_159	a3a66473ab6545bf7824426bdb91a7b2	270	Pfam	PF13561	Enoyl-(Acyl carrier protein) reductase	24	253	9.6E-66	T	26-06-2023	-	-
KX906370.1_73	88da5656a7f38a775fc48d5f3f517fea	273	SUPERFAMILY	SSF55979	DNA clamp	17	137	1.53E-18	T	26-06-2023	IPR046938	DNA clamp superfamily
KX906370.1_73	88da5656a7f38a775fc48d5f3f517fea	273	CDD	cd00577	PCNA	31	270	5.98268E-29	T	26-06-2023	-	-
KX906370.1_73	88da5656a7f38a775fc48d5f3f517fea	273	Gene3D	G3DSA:3.70.10.10	-	18	273	8.4E-60	T	26-06-2023	-	-
KX906370.1_73	88da5656a7f38a775fc48d5f3f517fea	273	SUPERFAMILY	SSF55979	DNA clamp	137	270	1.44E-14	T	26-06-2023	IPR046938	DNA clamp superfamily
KX906370.1_73	88da5656a7f38a775fc48d5f3f517fea	273	Hamap	MF_00317	DNA polymerase sliding clamp [pcn].	16	270	19.694084	T	26-06-2023	IPR000730	Proliferating cell nuclear antigen, PCNA
KX906370.1_73	88da5656a7f38a775fc48d5f3f517fea	273	PANTHER	PTHR11352	PROLIFERATING CELL NUCLEAR ANTIGEN	27	271	5.4E-12	T	26-06-2023	IPR000730	Proliferating cell nuclear antigen, PCNA
KX906370.1_162	257417d4c351723310f41083a756e86b	293	Gene3D	G3DSA:3.40.50.720	-	6	264	1.0E-72	T	26-06-2023	-	-
KX906370.1_162	257417d4c351723310f41083a756e86b	293	Pfam	PF05368	NmrA-like family	6	216	1.4E-22	T	26-06-2023	IPR008030	NmrA-like domain
KX906370.1_162	257417d4c351723310f41083a756e86b	293	CDD	cd05269	TMR_SDR_a	6	270	7.64745E-87	T	26-06-2023	-	-
KX906370.1_162	257417d4c351723310f41083a756e86b	293	Gene3D	G3DSA:3.90.25.10	-	133	266	1.0E-72	T	26-06-2023	-	-
KX906370.1_162	257417d4c351723310f41083a756e86b	293	PANTHER	PTHR43162	-	1	280	2.5E-62	T	26-06-2023	-	-
KX906370.1_162	257417d4c351723310f41083a756e86b	293	SUPERFAMILY	SSF51735	NAD(P)-binding Rossmann-fold domains	5	226	8.98E-48	T	26-06-2023	IPR036291	NAD(P)-binding domain superfamily
KX906370.1_28	18a113eead6c3e1748305ce4ec43960b	212	MobiDBLite	mobidb-lite	consensus disorder prediction	44	73	-	T	26-06-2023	-	-
KX906370.1_39	f12337d45a496ac01fbf9f686052b320	244	MobiDBLite	mobidb-lite	consensus disorder prediction	1	25	-	T	26-06-2023	-	-
KX906370.1_39	f12337d45a496ac01fbf9f686052b320	244	MobiDBLite	mobidb-lite	consensus disorder prediction	124	145	-	T	26-06-2023	-	-
KX906370.1_106	883b8577dbaecfbd189f624d025bf4f6	567	CDD	cd01610	PAP2_like	300	346	0.00517605	T	26-06-2023	-	-
KX906370.1_106	883b8577dbaecfbd189f624d025bf4f6	567	MobiDBLite	mobidb-lite	consensus disorder prediction	1	50	-	T	26-06-2023	-	-
KX906370.1_106	883b8577dbaecfbd189f624d025bf4f6	567	MobiDBLite	mobidb-lite	consensus disorder prediction	1	24	-	T	26-06-2023	-	-
KX906370.1_167	3b07c9ad2c9211a7a1c86e3197ce2991	442	Gene3D	G3DSA:3.40.50.300	-	29	243	7.8E-75	T	26-06-2023	IPR027417	P-loop containing nucleoside triphosphate hydrolase
KX906370.1_167	3b07c9ad2c9211a7a1c86e3197ce2991	442	Gene3D	G3DSA:1.10.10.10	-	335	441	5.2E-14	T	26-06-2023	IPR036388	Winged helix-like DNA-binding domain superfamily
KX906370.1_167	3b07c9ad2c9211a7a1c86e3197ce2991	442	Pfam	PF09079	CDC6, C terminal winged helix domain	340	414	3.8E-12	T	26-06-2023	IPR015163	Cdc6, C-terminal
KX906370.1_167	3b07c9ad2c9211a7a1c86e3197ce2991	442	Pfam	PF13401	AAA domain	55	207	9.6E-8	T	26-06-2023	IPR003593	AAA+ ATPase domain
KX906370.1_167	3b07c9ad2c9211a7a1c86e3197ce2991	442	Hamap	MF_01407	ORC1-type DNA replication protein.	6	425	25.297497	T	26-06-2023	IPR014277	Orc1/Cdc6-type DNA replication protein, archaea
KX906370.1_167	3b07c9ad2c9211a7a1c86e3197ce2991	442	PANTHER	PTHR10763	CELL DIVISION CONTROL PROTEIN 6-RELATED	23	426	1.1E-37	T	26-06-2023	-	-
KX906370.1_167	3b07c9ad2c9211a7a1c86e3197ce2991	442	NCBIfam	TIGR02928	orc1/cdc6 family replication initiation protein	108	412	7.1E-82	T	26-06-2023	IPR014277	Orc1/Cdc6-type DNA replication protein, archaea
KX906370.1_167	3b07c9ad2c9211a7a1c86e3197ce2991	442	SMART	SM00382	AAA_5	51	263	4.9E-6	T	26-06-2023	IPR003593	AAA+ ATPase domain
KX906370.1_167	3b07c9ad2c9211a7a1c86e3197ce2991	442	SMART	SM01074	Cdc6_C_2	340	425	1.7E-9	T	26-06-2023	IPR015163	Cdc6, C-terminal
KX906370.1_167	3b07c9ad2c9211a7a1c86e3197ce2991	442	SUPERFAMILY	SSF46785	"Winged helix" DNA-binding domain	326	415	1.41E-11	T	26-06-2023	IPR036390	Winged helix DNA-binding domain superfamily
KX906370.1_167	3b07c9ad2c9211a7a1c86e3197ce2991	442	Gene3D	G3DSA:1.10.8.60	-	19	323	7.8E-75	T	26-06-2023	-	-
KX906370.1_167	3b07c9ad2c9211a7a1c86e3197ce2991	442	SUPERFAMILY	SSF52540	P-loop containing nucleoside triphosphate hydrolases	13	320	2.11E-37	T	26-06-2023	IPR027417	P-loop containing nucleoside triphosphate hydrolase
KX906370.1_79	cbe397ad73f109e31ec4ae33301cc3df	73	Gene3D	G3DSA:1.10.10.10	-	4	62	3.4E-7	T	26-06-2023	IPR036388	Winged helix-like DNA-binding domain superfamily
KX906370.1_79	cbe397ad73f109e31ec4ae33301cc3df	73	SUPERFAMILY	SSF46785	"Winged helix" DNA-binding domain	5	62	2.92E-6	T	26-06-2023	IPR036390	Winged helix DNA-binding domain superfamily
KX906370.1_145	aa77d1100ba5e1da60ca346e2ac59e93	418	Pfam	PF00534	Glycosyl transferases group 1	198	356	4.8E-7	T	26-06-2023	IPR001296	Glycosyl transferase, family 1
KX906370.1_145	aa77d1100ba5e1da60ca346e2ac59e93	418	Gene3D	G3DSA:3.40.50.2000	Glycogen Phosphorylase B;	188	361	1.4E-18	T	26-06-2023	-	-
KX906370.1_145	aa77d1100ba5e1da60ca346e2ac59e93	418	SUPERFAMILY	SSF53756	UDP-Glycosyltransferase/glycogen phosphorylase	25	373	2.45E-30	T	26-06-2023	-	-
KX906370.1_88	1e8116b121a12c746870ae4a05ee61a8	1384	ProSiteProfiles	PS50082	Trp-Asp (WD) repeats profile.	265	294	9.138305	T	26-06-2023	IPR001680	WD40 repeat
KX906370.1_88	1e8116b121a12c746870ae4a05ee61a8	1384	Gene3D	G3DSA:2.130.10.10	-	177	353	9.1E-25	T	26-06-2023	IPR015943	WD40/YVTN repeat-like-containing domain superfamily
KX906370.1_88	1e8116b121a12c746870ae4a05ee61a8	1384	MobiDBLite	mobidb-lite	consensus disorder prediction	656	675	-	T	26-06-2023	-	-
KX906370.1_88	1e8116b121a12c746870ae4a05ee61a8	1384	SMART	SM00564	ire1_9	361	393	4.5	T	26-06-2023	IPR018391	Pyrrolo-quinoline quinone beta-propeller repeat
KX906370.1_88	1e8116b121a12c746870ae4a05ee61a8	1384	SMART	SM00564	ire1_9	190	224	63.0	T	26-06-2023	IPR018391	Pyrrolo-quinoline quinone beta-propeller repeat
KX906370.1_88	1e8116b121a12c746870ae4a05ee61a8	1384	SMART	SM00564	ire1_9	275	308	0.24	T	26-06-2023	IPR018391	Pyrrolo-quinoline quinone beta-propeller repeat
KX906370.1_88	1e8116b121a12c746870ae4a05ee61a8	1384	SMART	SM00564	ire1_9	400	430	14.0	T	26-06-2023	IPR018391	Pyrrolo-quinoline quinone beta-propeller repeat
KX906370.1_88	1e8116b121a12c746870ae4a05ee61a8	1384	SMART	SM00564	ire1_9	441	473	0.19	T	26-06-2023	IPR018391	Pyrrolo-quinoline quinone beta-propeller repeat
KX906370.1_88	1e8116b121a12c746870ae4a05ee61a8	1384	SMART	SM00564	ire1_9	234	266	0.02	T	26-06-2023	IPR018391	Pyrrolo-quinoline quinone beta-propeller repeat
KX906370.1_88	1e8116b121a12c746870ae4a05ee61a8	1384	ProSiteProfiles	PS50082	Trp-Asp (WD) repeats profile.	223	264	11.410742	T	26-06-2023	IPR001680	WD40 repeat
KX906370.1_88	1e8116b121a12c746870ae4a05ee61a8	1384	Coils	Coil	Coil	958	978	-	T	26-06-2023	-	-
KX906370.1_88	1e8116b121a12c746870ae4a05ee61a8	1384	Pfam	PF13360	PQQ-like domain	366	469	4.4E-4	T	26-06-2023	IPR002372	Pyrrolo-quinoline quinone repeat
KX906370.1_88	1e8116b121a12c746870ae4a05ee61a8	1384	Pfam	PF13360	PQQ-like domain	248	348	8.3E-10	T	26-06-2023	IPR002372	Pyrrolo-quinoline quinone repeat
KX906370.1_88	1e8116b121a12c746870ae4a05ee61a8	1384	ProSiteProfiles	PS50294	Trp-Asp (WD) repeats circular profile.	223	260	8.781968	T	26-06-2023	-	-
KX906370.1_88	1e8116b121a12c746870ae4a05ee61a8	1384	SMART	SM00320	WD40_4	422	462	170.0	T	26-06-2023	IPR001680	WD40 repeat
KX906370.1_88	1e8116b121a12c746870ae4a05ee61a8	1384	SMART	SM00320	WD40_4	216	255	8.1E-5	T	26-06-2023	IPR001680	WD40 repeat
KX906370.1_88	1e8116b121a12c746870ae4a05ee61a8	1384	SMART	SM00320	WD40_4	258	297	1.7E-4	T	26-06-2023	IPR001680	WD40 repeat
KX906370.1_88	1e8116b121a12c746870ae4a05ee61a8	1384	MobiDBLite	mobidb-lite	consensus disorder prediction	656	677	-	T	26-06-2023	-	-
KX906370.1_88	1e8116b121a12c746870ae4a05ee61a8	1384	SUPERFAMILY	SSF50969	YVTN repeat-like/Quinoprotein amine dehydrogenase	197	485	1.88E-33	T	26-06-2023	IPR011044	Quinoprotein amine dehydrogenase, beta chain-like
KX906370.1_88	1e8116b121a12c746870ae4a05ee61a8	1384	PANTHER	PTHR44019	WD REPEAT-CONTAINING PROTEIN 55	190	416	6.8E-23	T	26-06-2023	-	-
KX906370.1_88	1e8116b121a12c746870ae4a05ee61a8	1384	Gene3D	G3DSA:2.130.10.10	-	364	535	1.4E-7	T	26-06-2023	IPR015943	WD40/YVTN repeat-like-containing domain superfamily
KX906370.1_88	1e8116b121a12c746870ae4a05ee61a8	1384	Coils	Coil	Coil	520	551	-	T	26-06-2023	-	-
KX906370.1_88	1e8116b121a12c746870ae4a05ee61a8	1384	Coils	Coil	Coil	920	947	-	T	26-06-2023	-	-
KX906370.1_88	1e8116b121a12c746870ae4a05ee61a8	1384	MobiDBLite	mobidb-lite	consensus disorder prediction	1106	1127	-	T	26-06-2023	-	-
KX906370.1_129	af854e2a573a2c0f577463fe3901c452	172	NCBIfam	TIGR01766	IS200/IS605 family accessory protein TnpB-like domain	15	90	1.8E-14	T	26-06-2023	IPR010095	Cas12f1-like, TNB domain
KX906370.1_129	af854e2a573a2c0f577463fe3901c452	172	Pfam	PF07282	Putative transposase DNA-binding domain	63	133	9.5E-22	T	26-06-2023	IPR010095	Cas12f1-like, TNB domain
KX906370.1_129	af854e2a573a2c0f577463fe3901c452	172	NCBIfam	NF040570	RNA-guided endonuclease TnpB family protein	15	133	2.6E-33	T	26-06-2023	-	-
KX906370.1_129	af854e2a573a2c0f577463fe3901c452	172	PANTHER	PTHR36172	-	50	138	1.0E-8	T	26-06-2023	-	-
KX906370.1_138	efaf999dd6b416ef186731c30c0883e1	135	Gene3D	G3DSA:1.10.10.10	-	28	127	2.9E-5	T	26-06-2023	IPR036388	Winged helix-like DNA-binding domain superfamily
KX906370.1_138	efaf999dd6b416ef186731c30c0883e1	135	MobiDBLite	mobidb-lite	consensus disorder prediction	1	30	-	T	26-06-2023	-	-
KX906370.1_138	efaf999dd6b416ef186731c30c0883e1	135	MobiDBLite	mobidb-lite	consensus disorder prediction	1	24	-	T	26-06-2023	-	-
KX906370.1_149	4fe5fae555480fa47aa4cd53049a1bc7	509	PANTHER	PTHR10283	SOLUTE CARRIER FAMILY 13 MEMBER	26	501	1.4E-123	T	26-06-2023	-	-
KX906370.1_149	4fe5fae555480fa47aa4cd53049a1bc7	509	NCBIfam	TIGR00785	DASS family sodium-coupled anion symporter	198	500	2.8E-62	T	26-06-2023	IPR001898	Solute carrier family 13
KX906370.1_149	4fe5fae555480fa47aa4cd53049a1bc7	509	ProSitePatterns	PS01271	Sodium:sulfate symporter family signature.	451	467	-	T	26-06-2023	IPR031312	Sodium/sulphate symporter, conserved site
KX906370.1_149	4fe5fae555480fa47aa4cd53049a1bc7	509	Pfam	PF00939	Sodium:sulfate symporter transmembrane region	29	501	5.1E-86	T	26-06-2023	IPR001898	Solute carrier family 13
KX906370.1_133	919eaa9850ab204a4c2a674c03b9f718	75	Gene3D	G3DSA:1.10.10.10	-	1	59	4.3E-7	T	26-06-2023	IPR036388	Winged helix-like DNA-binding domain superfamily
KX906370.1_133	919eaa9850ab204a4c2a674c03b9f718	75	Pfam	PF12802	MarR family	2	45	1.9E-7	T	26-06-2023	IPR000835	MarR-type HTH domain
KX906370.1_133	919eaa9850ab204a4c2a674c03b9f718	75	SUPERFAMILY	SSF46785	"Winged helix" DNA-binding domain	4	73	1.84E-8	T	26-06-2023	IPR036390	Winged helix DNA-binding domain superfamily
KX906370.1_56	dac0e1d13813c918cb07457b4097ad55	260	SUPERFAMILY	SSF55979	DNA clamp	19	111	2.26E-7	T	26-06-2023	IPR046938	DNA clamp superfamily
KX906370.1_56	dac0e1d13813c918cb07457b4097ad55	260	Gene3D	G3DSA:3.70.10.10	-	16	177	6.8E-12	T	26-06-2023	-	-
KX906370.1_152	591da31af0ed4cbf1152aa55b91f81e7	212	Pfam	PF13610	DDE domain	81	211	3.2E-10	T	26-06-2023	IPR032874	DDE domain
KX906370.1_152	591da31af0ed4cbf1152aa55b91f81e7	212	NCBIfam	NF033587	IS6 family transposase	20	210	3.1E-42	T	26-06-2023	-	-
KX906370.1_152	591da31af0ed4cbf1152aa55b91f81e7	212	PANTHER	PTHR39967	-	35	209	4.5E-38	T	26-06-2023	-	-
KX906370.1_187	d5e1dd8e493c2d4374968a307fb972e1	414	Gene3D	G3DSA:1.10.443.10	Intergrase catalytic core	209	403	5.8E-11	T	26-06-2023	IPR013762	Integrase-like, catalytic domain superfamily
KX906370.1_187	d5e1dd8e493c2d4374968a307fb972e1	414	ProSiteProfiles	PS51900	Core-binding (CB) domain profile.	90	186	8.820426	T	26-06-2023	IPR044068	Core-binding (CB) domain
KX906370.1_187	d5e1dd8e493c2d4374968a307fb972e1	414	SUPERFAMILY	SSF56349	DNA breaking-rejoining enzymes	95	362	4.71E-15	T	26-06-2023	IPR011010	DNA breaking-rejoining enzyme, catalytic core
KX906370.1_187	d5e1dd8e493c2d4374968a307fb972e1	414	ProSiteProfiles	PS51898	Tyrosine recombinase domain profile.	208	412	12.415363	T	26-06-2023	IPR002104	Integrase, catalytic domain
KX906370.1_71	420e59f6264118513cc714e70f022993	32	MobiDBLite	mobidb-lite	consensus disorder prediction	14	32	-	T	26-06-2023	-	-
KX906370.1_71	420e59f6264118513cc714e70f022993	32	MobiDBLite	mobidb-lite	consensus disorder prediction	1	32	-	T	26-06-2023	-	-
KX906370.1_100	12c0e41a954035b55524bb84f42953fc	80	Coils	Coil	Coil	60	80	-	T	26-06-2023	-	-
KX906370.1_100	12c0e41a954035b55524bb84f42953fc	80	MobiDBLite	mobidb-lite	consensus disorder prediction	55	80	-	T	26-06-2023	-	-
KX906370.1_100	12c0e41a954035b55524bb84f42953fc	80	MobiDBLite	mobidb-lite	consensus disorder prediction	65	80	-	T	26-06-2023	-	-
KX906370.1_16	76e1238bc408970e652f574f716f626f	82	MobiDBLite	mobidb-lite	consensus disorder prediction	66	82	-	T	26-06-2023	-	-
KX906370.1_16	76e1238bc408970e652f574f716f626f	82	SUPERFAMILY	SSF47598	Ribbon-helix-helix	18	59	3.34E-5	T	26-06-2023	IPR010985	Ribbon-helix-helix
KX906370.1_16	76e1238bc408970e652f574f716f626f	82	CDD	cd22231	RHH_NikR_HicB-like	29	59	6.3411E-5	T	26-06-2023	-	-
KX906370.1_16	76e1238bc408970e652f574f716f626f	82	MobiDBLite	mobidb-lite	consensus disorder prediction	59	82	-	T	26-06-2023	-	-
KX906370.1_178	7af4817ab8f7a83e8be474817ffc9c9e	168	PANTHER	PTHR39550	SLL0658 PROTEIN	12	160	2.2E-15	T	26-06-2023	-	-
KX906370.1_178	7af4817ab8f7a83e8be474817ffc9c9e	168	SUPERFAMILY	SSF88723	PIN domain-like	12	126	1.64E-5	T	26-06-2023	IPR029060	PIN-like domain superfamily
KX906370.1_174	393a3627b3e2f5bac2a73d73df9b918b	168	Gene3D	G3DSA:3.10.290.30	-	1	162	2.7E-22	T	26-06-2023	IPR024047	MM3350-like superfamily
KX906370.1_174	393a3627b3e2f5bac2a73d73df9b918b	168	Pfam	PF07929	Plasmid pRiA4b ORF-3-like protein	3	149	4.0E-17	T	26-06-2023	IPR012912	Plasmid pRiA4b, Orf3
KX906370.1_174	393a3627b3e2f5bac2a73d73df9b918b	168	MobiDBLite	mobidb-lite	consensus disorder prediction	149	168	-	T	26-06-2023	-	-
KX906370.1_174	393a3627b3e2f5bac2a73d73df9b918b	168	SUPERFAMILY	SSF159941	MM3350-like	1	151	6.28E-24	T	26-06-2023	IPR024047	MM3350-like superfamily
KX906370.1_111	3fd44b4524b67b57e9c6c458e9308413	229	CDD	cd04301	NAT_SF	127	165	4.39126E-5	T	26-06-2023	-	-
KX906370.1_111	3fd44b4524b67b57e9c6c458e9308413	229	SUPERFAMILY	SSF55729	Acyl-CoA N-acyltransferases (Nat)	128	205	1.66E-13	T	26-06-2023	IPR016181	Acyl-CoA N-acyltransferase
KX906370.1_111	3fd44b4524b67b57e9c6c458e9308413	229	Gene3D	G3DSA:3.40.630.30	-	67	210	8.8E-13	T	26-06-2023	-	-
KX906370.1_111	3fd44b4524b67b57e9c6c458e9308413	229	ProSiteProfiles	PS51186	Gcn5-related N-acetyltransferase (GNAT) domain profile.	70	229	11.58601	T	26-06-2023	IPR000182	GNAT domain
KX906370.1_111	3fd44b4524b67b57e9c6c458e9308413	229	Pfam	PF00583	Acetyltransferase (GNAT) family	128	188	7.5E-7	T	26-06-2023	IPR000182	GNAT domain
KX906370.1_153	d6b7ec22be337ba361d429d5198fb056	645	Gene3D	G3DSA:1.20.1560.10	ABC transporter type 1, transmembrane domain	11	365	3.3E-65	T	26-06-2023	IPR036640	ABC transporter type 1, transmembrane domain superfamily
KX906370.1_153	d6b7ec22be337ba361d429d5198fb056	645	SMART	SM00382	AAA_5	401	587	7.3E-16	T	26-06-2023	IPR003593	AAA+ ATPase domain
KX906370.1_153	d6b7ec22be337ba361d429d5198fb056	645	ProSiteProfiles	PS50929	ABC transporter integral membrane type-1 fused domain profile.	38	343	50.149426	T	26-06-2023	IPR011527	ABC transporter type 1, transmembrane domain
KX906370.1_153	d6b7ec22be337ba361d429d5198fb056	645	FunFam	G3DSA:3.40.50.300:FF:000221	Multidrug ABC transporter ATP-binding protein	368	617	9.6E-103	T	26-06-2023	-	-
KX906370.1_153	d6b7ec22be337ba361d429d5198fb056	645	SUPERFAMILY	SSF90123	ABC transporter transmembrane region	25	363	7.06E-68	T	26-06-2023	IPR036640	ABC transporter type 1, transmembrane domain superfamily
KX906370.1_153	d6b7ec22be337ba361d429d5198fb056	645	Gene3D	G3DSA:3.40.50.300	-	368	617	7.6E-94	T	26-06-2023	IPR027417	P-loop containing nucleoside triphosphate hydrolase
KX906370.1_153	d6b7ec22be337ba361d429d5198fb056	645	SUPERFAMILY	SSF52540	P-loop containing nucleoside triphosphate hydrolases	368	611	1.93E-92	T	26-06-2023	IPR027417	P-loop containing nucleoside triphosphate hydrolase
KX906370.1_153	d6b7ec22be337ba361d429d5198fb056	645	Pfam	PF00005	ABC transporter	392	541	6.3E-36	T	26-06-2023	IPR003439	ABC transporter-like, ATP-binding domain
KX906370.1_153	d6b7ec22be337ba361d429d5198fb056	645	ProSitePatterns	PS00211	ABC transporters family signature.	513	527	-	T	26-06-2023	IPR017871	ABC transporter-like, conserved site
KX906370.1_153	d6b7ec22be337ba361d429d5198fb056	645	PANTHER	PTHR24221	ATP-BINDING CASSETTE SUB-FAMILY B	95	606	0.0	T	26-06-2023	IPR039421	Type 1 protein exporter
KX906370.1_153	d6b7ec22be337ba361d429d5198fb056	645	CDD	cd18565	ABC_6TM_exporter_like	37	351	0.0	T	26-06-2023	-	-
KX906370.1_153	d6b7ec22be337ba361d429d5198fb056	645	Pfam	PF00664	ABC transporter transmembrane region	40	330	5.5E-37	T	26-06-2023	IPR011527	ABC transporter type 1, transmembrane domain
KX906370.1_153	d6b7ec22be337ba361d429d5198fb056	645	ProSiteProfiles	PS50893	ATP-binding cassette, ABC transporter-type domain profile.	377	610	24.516571	T	26-06-2023	IPR003439	ABC transporter-like, ATP-binding domain
KX906370.1_147	8b5c76318776ac94b5db6a06d475d5df	252	Gene3D	G3DSA:3.20.20.150	-	8	252	5.5E-54	T	26-06-2023	-	-
KX906370.1_147	8b5c76318776ac94b5db6a06d475d5df	252	Pfam	PF01261	Xylose isomerase-like TIM barrel	32	244	8.6E-25	T	26-06-2023	IPR013022	Xylose isomerase-like, TIM barrel domain
KX906370.1_147	8b5c76318776ac94b5db6a06d475d5df	252	PANTHER	PTHR12110	HYDROXYPYRUVATE ISOMERASE	14	248	1.2E-21	T	26-06-2023	-	-
KX906370.1_147	8b5c76318776ac94b5db6a06d475d5df	252	SUPERFAMILY	SSF51658	Xylose isomerase-like	16	249	4.42E-34	T	26-06-2023	IPR036237	Xylose isomerase-like superfamily
KX906370.1_102	753cb04f9515068a07bd14faf95d3a22	78	ProSiteProfiles	PS51257	Prokaryotic membrane lipoprotein lipid attachment site profile.	1	25	5.0	T	26-06-2023	-	-
KX906370.1_191	0c2763ce54b897830bad334109d87564	598	Gene3D	G3DSA:3.40.50.300	-	353	598	4.0E-82	T	26-06-2023	IPR027417	P-loop containing nucleoside triphosphate hydrolase
KX906370.1_191	0c2763ce54b897830bad334109d87564	598	SUPERFAMILY	SSF52540	P-loop containing nucleoside triphosphate hydrolases	358	595	1.22E-80	T	26-06-2023	IPR027417	P-loop containing nucleoside triphosphate hydrolase
KX906370.1_191	0c2763ce54b897830bad334109d87564	598	ProSitePatterns	PS00211	ABC transporters family signature.	497	511	-	T	26-06-2023	IPR017871	ABC transporter-like, conserved site
KX906370.1_191	0c2763ce54b897830bad334109d87564	598	ProSiteProfiles	PS50929	ABC transporter integral membrane type-1 fused domain profile.	29	312	25.876154	T	26-06-2023	IPR011527	ABC transporter type 1, transmembrane domain
KX906370.1_191	0c2763ce54b897830bad334109d87564	598	PANTHER	PTHR24221	ATP-BINDING CASSETTE SUB-FAMILY B	87	591	1.4E-115	T	26-06-2023	IPR039421	Type 1 protein exporter
KX906370.1_191	0c2763ce54b897830bad334109d87564	598	FunFam	G3DSA:3.40.50.300:FF:000218	Multidrug ABC transporter ATP-binding protein	354	598	4.3E-88	T	26-06-2023	-	-
KX906370.1_191	0c2763ce54b897830bad334109d87564	598	Pfam	PF00664	ABC transporter transmembrane region	28	304	4.6E-14	T	26-06-2023	IPR011527	ABC transporter type 1, transmembrane domain
KX906370.1_191	0c2763ce54b897830bad334109d87564	598	Gene3D	G3DSA:1.20.1560.10	ABC transporter type 1, transmembrane domain	15	341	2.5E-31	T	26-06-2023	IPR036640	ABC transporter type 1, transmembrane domain superfamily
KX906370.1_191	0c2763ce54b897830bad334109d87564	598	SMART	SM00382	AAA_5	385	586	5.5E-14	T	26-06-2023	IPR003593	AAA+ ATPase domain
KX906370.1_191	0c2763ce54b897830bad334109d87564	598	SUPERFAMILY	SSF90123	ABC transporter transmembrane region	17	510	6.93E-35	T	26-06-2023	IPR036640	ABC transporter type 1, transmembrane domain superfamily
KX906370.1_191	0c2763ce54b897830bad334109d87564	598	Pfam	PF00005	ABC transporter	376	525	1.4E-31	T	26-06-2023	IPR003439	ABC transporter-like, ATP-binding domain
KX906370.1_191	0c2763ce54b897830bad334109d87564	598	ProSiteProfiles	PS50893	ATP-binding cassette, ABC transporter-type domain profile.	360	594	24.009705	T	26-06-2023	IPR003439	ABC transporter-like, ATP-binding domain
KX906370.1_128	cd6507f75292f456a1f0a723dea44ceb	471	Pfam	PF01637	ATPase domain predominantly from Archaea	4	203	4.1E-20	T	26-06-2023	IPR011579	ATPase domain
KX906370.1_128	cd6507f75292f456a1f0a723dea44ceb	471	SUPERFAMILY	SSF52540	P-loop containing nucleoside triphosphate hydrolases	2	244	1.74E-20	T	26-06-2023	IPR027417	P-loop containing nucleoside triphosphate hydrolase
KX906370.1_128	cd6507f75292f456a1f0a723dea44ceb	471	PANTHER	PTHR34704	ATPASE	1	461	3.2E-101	T	26-06-2023	-	-
KX906370.1_128	cd6507f75292f456a1f0a723dea44ceb	471	Gene3D	G3DSA:3.40.50.300	-	1	163	1.2E-20	T	26-06-2023	IPR027417	P-loop containing nucleoside triphosphate hydrolase
KX906370.1_128	cd6507f75292f456a1f0a723dea44ceb	471	Pfam	PF03008	Archaea bacterial proteins of unknown function	313	399	6.3E-12	T	26-06-2023	IPR004256	Domain of unknown function DUF234
KX906370.1_128	cd6507f75292f456a1f0a723dea44ceb	471	SUPERFAMILY	SSF46785	"Winged helix" DNA-binding domain	243	319	3.91E-5	T	26-06-2023	IPR036390	Winged helix DNA-binding domain superfamily
KX906370.1_190	83fba5bf322c75c924ea355a4b58390d	402	Gene3D	G3DSA:3.40.50.300	-	26	207	6.5E-90	T	26-06-2023	IPR027417	P-loop containing nucleoside triphosphate hydrolase
KX906370.1_190	83fba5bf322c75c924ea355a4b58390d	402	Pfam	PF09079	CDC6, C terminal winged helix domain	303	380	9.1E-20	T	26-06-2023	IPR015163	Cdc6, C-terminal
KX906370.1_190	83fba5bf322c75c924ea355a4b58390d	402	Pfam	PF13401	AAA domain	50	167	2.7E-11	T	26-06-2023	IPR003593	AAA+ ATPase domain
KX906370.1_190	83fba5bf322c75c924ea355a4b58390d	402	PANTHER	PTHR10763	CELL DIVISION CONTROL PROTEIN 6-RELATED	16	362	1.8E-46	T	26-06-2023	-	-
KX906370.1_190	83fba5bf322c75c924ea355a4b58390d	402	CDD	cd08768	Cdc6_C	296	382	1.56298E-22	T	26-06-2023	IPR015163	Cdc6, C-terminal
KX906370.1_190	83fba5bf322c75c924ea355a4b58390d	402	Hamap	MF_01407	ORC1-type DNA replication protein.	3	386	28.939409	T	26-06-2023	IPR014277	Orc1/Cdc6-type DNA replication protein, archaea
KX906370.1_190	83fba5bf322c75c924ea355a4b58390d	402	SUPERFAMILY	SSF46785	"Winged helix" DNA-binding domain	289	385	5.58E-16	T	26-06-2023	IPR036390	Winged helix DNA-binding domain superfamily
KX906370.1_190	83fba5bf322c75c924ea355a4b58390d	402	Gene3D	G3DSA:1.10.10.10	-	295	390	7.5E-20	T	26-06-2023	IPR036388	Winged helix-like DNA-binding domain superfamily
KX906370.1_190	83fba5bf322c75c924ea355a4b58390d	402	SMART	SM01074	Cdc6_C_2	303	386	3.9E-18	T	26-06-2023	IPR015163	Cdc6, C-terminal
KX906370.1_190	83fba5bf322c75c924ea355a4b58390d	402	NCBIfam	TIGR02928	orc1/cdc6 family replication initiation protein	10	375	0.0	T	26-06-2023	IPR014277	Orc1/Cdc6-type DNA replication protein, archaea
KX906370.1_190	83fba5bf322c75c924ea355a4b58390d	402	SMART	SM00382	AAA_5	48	204	7.3E-8	T	26-06-2023	IPR003593	AAA+ ATPase domain
KX906370.1_190	83fba5bf322c75c924ea355a4b58390d	402	FunFam	G3DSA:1.10.8.60:FF:000073	ORC1-type DNA replication protein	194	286	2.1E-21	T	26-06-2023	-	-
KX906370.1_190	83fba5bf322c75c924ea355a4b58390d	402	Gene3D	G3DSA:1.10.8.60	-	10	286	6.5E-90	T	26-06-2023	-	-
KX906370.1_190	83fba5bf322c75c924ea355a4b58390d	402	SUPERFAMILY	SSF52540	P-loop containing nucleoside triphosphate hydrolases	11	281	4.49E-41	T	26-06-2023	IPR027417	P-loop containing nucleoside triphosphate hydrolase
KX906370.1_142	b28dff912632d09bf42af442812e42b8	61	Coils	Coil	Coil	8	28	-	T	26-06-2023	-	-
KX906370.1_66	6dd1b0fb7242eeb0585f0bab0981e480	425	Pfam	PF18780	Homing endonuclease associated repeat	252	304	5.0E-20	T	26-06-2023	IPR041025	Homing endonuclease associated repeat
KX906370.1_66	6dd1b0fb7242eeb0585f0bab0981e480	425	Pfam	PF18780	Homing endonuclease associated repeat	311	363	7.0E-21	T	26-06-2023	IPR041025	Homing endonuclease associated repeat
KX906370.1_66	6dd1b0fb7242eeb0585f0bab0981e480	425	Pfam	PF18780	Homing endonuclease associated repeat	191	243	2.7E-18	T	26-06-2023	IPR041025	Homing endonuclease associated repeat
KX906370.1_66	6dd1b0fb7242eeb0585f0bab0981e480	425	Pfam	PF18780	Homing endonuclease associated repeat	369	418	4.2E-18	T	26-06-2023	IPR041025	Homing endonuclease associated repeat
KX906370.1_66	6dd1b0fb7242eeb0585f0bab0981e480	425	Pfam	PF18780	Homing endonuclease associated repeat	3	56	1.7E-17	T	26-06-2023	IPR041025	Homing endonuclease associated repeat
KX906370.1_66	6dd1b0fb7242eeb0585f0bab0981e480	425	Pfam	PF18780	Homing endonuclease associated repeat	65	117	2.3E-21	T	26-06-2023	IPR041025	Homing endonuclease associated repeat
KX906370.1_66	6dd1b0fb7242eeb0585f0bab0981e480	425	Pfam	PF18780	Homing endonuclease associated repeat	128	180	2.4E-17	T	26-06-2023	IPR041025	Homing endonuclease associated repeat
KX906370.1_21	6cb8169a89637539a033e4250e695cc0	128	Pfam	PF18902	Domain of unknown function (DUF5658)	39	105	4.2E-9	T	26-06-2023	IPR043717	Domain of unknown function DUF5658
KX906370.1_24	6d72912370def59d24d3fd62112ce479	168	MobiDBLite	mobidb-lite	consensus disorder prediction	95	114	-	T	26-06-2023	-	-
KX906370.1_53	a52862174b9d1f94fea85a26761c4f39	185	MobiDBLite	mobidb-lite	consensus disorder prediction	154	170	-	T	26-06-2023	-	-
KX906370.1_53	a52862174b9d1f94fea85a26761c4f39	185	MobiDBLite	mobidb-lite	consensus disorder prediction	103	185	-	T	26-06-2023	-	-
KX906370.1_53	a52862174b9d1f94fea85a26761c4f39	185	MobiDBLite	mobidb-lite	consensus disorder prediction	129	153	-	T	26-06-2023	-	-
KX906370.1_148	797959cabf02ff56614b83a9da43a582	286	SUPERFAMILY	SSF55781	GAF domain-like	32	167	9.81E-10	T	26-06-2023	-	-
KX906370.1_148	797959cabf02ff56614b83a9da43a582	286	Gene3D	G3DSA:3.30.450.40	-	22	170	7.8E-9	T	26-06-2023	IPR029016	GAF-like domain superfamily
KX906370.1_20	edf86ad717c94a78e933cc67414c61fe	138	MobiDBLite	mobidb-lite	consensus disorder prediction	113	138	-	T	26-06-2023	-	-
KX906370.1_74	05098e49b3cb70ca5f7467648b5aefe6	142	MobiDBLite	mobidb-lite	consensus disorder prediction	116	142	-	T	26-06-2023	-	-
KX906370.1_74	05098e49b3cb70ca5f7467648b5aefe6	142	MobiDBLite	mobidb-lite	consensus disorder prediction	1	43	-	T	26-06-2023	-	-
KX906370.1_74	05098e49b3cb70ca5f7467648b5aefe6	142	MobiDBLite	mobidb-lite	consensus disorder prediction	1	19	-	T	26-06-2023	-	-
KX906370.1_126	ada8bbe2338cb5c4d441e502efb618e1	515	Pfam	PF00732	GMC oxidoreductase	4	296	9.7E-86	T	26-06-2023	IPR000172	Glucose-methanol-choline oxidoreductase, N-terminal
KX906370.1_126	ada8bbe2338cb5c4d441e502efb618e1	515	ProSitePatterns	PS00624	GMC oxidoreductases signature 2.	255	269	-	T	26-06-2023	IPR000172	Glucose-methanol-choline oxidoreductase, N-terminal
KX906370.1_126	ada8bbe2338cb5c4d441e502efb618e1	515	PIRSF	PIRSF000137	Alcohol_oxidase	328	515	7.3E-52	T	26-06-2023	IPR012132	Glucose-methanol-choline oxidoreductase
KX906370.1_126	ada8bbe2338cb5c4d441e502efb618e1	515	PIRSF	PIRSF000137	Alcohol_oxidase	1	332	2.4E-102	T	26-06-2023	IPR012132	Glucose-methanol-choline oxidoreductase
KX906370.1_126	ada8bbe2338cb5c4d441e502efb618e1	515	PANTHER	PTHR11552	GLUCOSE-METHANOL-CHOLINE  GMC  OXIDOREDUCTASE	3	511	0.0	T	26-06-2023	IPR012132	Glucose-methanol-choline oxidoreductase
KX906370.1_126	ada8bbe2338cb5c4d441e502efb618e1	515	Gene3D	G3DSA:3.50.50.60	-	5	501	0.0	T	26-06-2023	IPR036188	FAD/NAD(P)-binding domain superfamily
KX906370.1_126	ada8bbe2338cb5c4d441e502efb618e1	515	Gene3D	G3DSA:3.30.560.10	Glucose Oxidase, domain 3	44	446	0.0	T	26-06-2023	-	-
KX906370.1_126	ada8bbe2338cb5c4d441e502efb618e1	515	SUPERFAMILY	SSF54373	FAD-linked reductases, C-terminal domain	291	451	1.57E-45	T	26-06-2023	-	-
KX906370.1_126	ada8bbe2338cb5c4d441e502efb618e1	515	Pfam	PF05199	GMC oxidoreductase	365	502	8.5E-44	T	26-06-2023	IPR007867	Glucose-methanol-choline oxidoreductase, C-terminal
KX906370.1_126	ada8bbe2338cb5c4d441e502efb618e1	515	SUPERFAMILY	SSF51905	FAD/NAD(P)-binding domain	3	510	1.31E-90	T	26-06-2023	IPR036188	FAD/NAD(P)-binding domain superfamily
KX906370.1_173	4591505d300f63f34ec31d7ec41348c0	170	MobiDBLite	mobidb-lite	consensus disorder prediction	15	44	-	T	26-06-2023	-	-
KX906370.1_173	4591505d300f63f34ec31d7ec41348c0	170	MobiDBLite	mobidb-lite	consensus disorder prediction	1	44	-	T	26-06-2023	-	-
KX906370.1_45	79fb584e7122f031a20228659223c019	299	Pfam	PF00145	C-5 cytosine-specific DNA methylase	13	130	1.3E-25	T	26-06-2023	IPR001525	C-5 cytosine methyltransferase
KX906370.1_45	79fb584e7122f031a20228659223c019	299	Gene3D	G3DSA:3.40.50.150	Vaccinia Virus protein VP39	12	151	1.7E-30	T	26-06-2023	IPR029063	S-adenosyl-L-methionine-dependent methyltransferase superfamily
KX906370.1_45	79fb584e7122f031a20228659223c019	299	PRINTS	PR00105	Cytosine-specific DNA methyltransferase signature	12	28	6.4E-6	T	26-06-2023	IPR001525	C-5 cytosine methyltransferase
KX906370.1_45	79fb584e7122f031a20228659223c019	299	PRINTS	PR00105	Cytosine-specific DNA methyltransferase signature	115	129	6.4E-6	T	26-06-2023	IPR001525	C-5 cytosine methyltransferase
KX906370.1_45	79fb584e7122f031a20228659223c019	299	PANTHER	PTHR10629	CYTOSINE-SPECIFIC METHYLTRANSFERASE	12	127	2.5E-13	T	26-06-2023	-	-
KX906370.1_45	79fb584e7122f031a20228659223c019	299	SUPERFAMILY	SSF53335	S-adenosyl-L-methionine-dependent methyltransferases	8	132	9.02E-32	T	26-06-2023	IPR029063	S-adenosyl-L-methionine-dependent methyltransferase superfamily
KX906370.1_45	79fb584e7122f031a20228659223c019	299	ProSiteProfiles	PS51679	C-5 cytosine-specific DNA methylase (Dnmt) domain profile.	11	299	24.44591	T	26-06-2023	IPR001525	C-5 cytosine methyltransferase
KX906370.1_45	79fb584e7122f031a20228659223c019	299	ProSitePatterns	PS00094	C-5 cytosine-specific DNA methylases active site.	77	89	-	T	26-06-2023	IPR018117	DNA methylase, C-5 cytosine-specific, active site
KX906370.1_160	a4d1bae886a4a3ff91dbca273931852a	100	MobiDBLite	mobidb-lite	consensus disorder prediction	81	100	-	T	26-06-2023	-	-
KX906370.1_48	e0b417d489164c0450834c3f95ded593	332	Gene3D	G3DSA:3.40.50.2000	Glycogen Phosphorylase B;	153	305	6.0E-20	T	26-06-2023	-	-
KX906370.1_48	e0b417d489164c0450834c3f95ded593	332	Pfam	PF13692	Glycosyl transferases group 1	169	270	6.5E-11	T	26-06-2023	-	-
KX906370.1_48	e0b417d489164c0450834c3f95ded593	332	PANTHER	PTHR12526	GLYCOSYLTRANSFERASE	39	327	2.0E-13	T	26-06-2023	-	-
KX906370.1_48	e0b417d489164c0450834c3f95ded593	332	SUPERFAMILY	SSF53756	UDP-Glycosyltransferase/glycogen phosphorylase	2	322	2.2E-24	T	26-06-2023	-	-
KX906370.1_119	5ff43133268bc3a5adbc9acbf572568d	257	MobiDBLite	mobidb-lite	consensus disorder prediction	21	36	-	T	26-06-2023	-	-
KX906370.1_119	5ff43133268bc3a5adbc9acbf572568d	257	MobiDBLite	mobidb-lite	consensus disorder prediction	113	140	-	T	26-06-2023	-	-
KX906370.1_119	5ff43133268bc3a5adbc9acbf572568d	257	MobiDBLite	mobidb-lite	consensus disorder prediction	114	140	-	T	26-06-2023	-	-
KX906370.1_119	5ff43133268bc3a5adbc9acbf572568d	257	MobiDBLite	mobidb-lite	consensus disorder prediction	21	42	-	T	26-06-2023	-	-
KX906370.1_34	1558795a84a75f333b3b61c0ac3412ab	343	Pfam	PF13614	AAA domain	39	226	1.0E-16	T	26-06-2023	IPR025669	AAA domain
KX906370.1_34	1558795a84a75f333b3b61c0ac3412ab	343	PANTHER	PTHR13696	P-LOOP CONTAINING NUCLEOSIDE TRIPHOSPHATE HYDROLASE	37	310	5.3E-22	T	26-06-2023	-	-
KX906370.1_34	1558795a84a75f333b3b61c0ac3412ab	343	SUPERFAMILY	SSF52540	P-loop containing nucleoside triphosphate hydrolases	35	314	3.54E-28	T	26-06-2023	IPR027417	P-loop containing nucleoside triphosphate hydrolase
KX906370.1_34	1558795a84a75f333b3b61c0ac3412ab	343	Coils	Coil	Coil	293	313	-	T	26-06-2023	-	-
KX906370.1_34	1558795a84a75f333b3b61c0ac3412ab	343	CDD	cd02042	ParAB_family	174	258	5.03314E-12	T	26-06-2023	-	-
KX906370.1_34	1558795a84a75f333b3b61c0ac3412ab	343	MobiDBLite	mobidb-lite	consensus disorder prediction	317	343	-	T	26-06-2023	-	-
KX906370.1_34	1558795a84a75f333b3b61c0ac3412ab	343	Gene3D	G3DSA:3.40.50.300	-	34	318	1.3E-40	T	26-06-2023	IPR027417	P-loop containing nucleoside triphosphate hydrolase
KX906370.1_181	5e0c2159a0e0d8a305a1627ac3755419	292	CDD	cd02042	ParAB_family	14	213	1.91686E-17	T	26-06-2023	-	-
KX906370.1_181	5e0c2159a0e0d8a305a1627ac3755419	292	Coils	Coil	Coil	100	120	-	T	26-06-2023	-	-
KX906370.1_181	5e0c2159a0e0d8a305a1627ac3755419	292	PANTHER	PTHR13696	P-LOOP CONTAINING NUCLEOSIDE TRIPHOSPHATE HYDROLASE	8	285	2.1E-40	T	26-06-2023	-	-
KX906370.1_181	5e0c2159a0e0d8a305a1627ac3755419	292	SUPERFAMILY	SSF52540	P-loop containing nucleoside triphosphate hydrolases	11	286	1.11E-33	T	26-06-2023	IPR027417	P-loop containing nucleoside triphosphate hydrolase
KX906370.1_181	5e0c2159a0e0d8a305a1627ac3755419	292	Gene3D	G3DSA:3.40.50.300	-	2	285	4.4E-46	T	26-06-2023	IPR027417	P-loop containing nucleoside triphosphate hydrolase
KX906370.1_181	5e0c2159a0e0d8a305a1627ac3755419	292	Pfam	PF13614	AAA domain	12	181	1.0E-32	T	26-06-2023	IPR025669	AAA domain
KX906370.1_61	5a0bad81c5ee8f07474de5094cb9d66e	329	MobiDBLite	mobidb-lite	consensus disorder prediction	307	321	-	T	26-06-2023	-	-
KX906370.1_61	5a0bad81c5ee8f07474de5094cb9d66e	329	MobiDBLite	mobidb-lite	consensus disorder prediction	302	329	-	T	26-06-2023	-	-
KX906370.1_67	6daf6f8349c866002ec0a4f42354370c	960	NCBIfam	TIGR04207	surface glycoprotein signal peptide	10	37	2.1E-6	T	26-06-2023	IPR026452	Surface glycoprotein signal peptide
KX906370.1_67	6daf6f8349c866002ec0a4f42354370c	960	MobiDBLite	mobidb-lite	consensus disorder prediction	799	818	-	T	26-06-2023	-	-
KX906370.1_67	6daf6f8349c866002ec0a4f42354370c	960	NCBIfam	TIGR04126	PGF-CTERM protein-sorting domain	932	959	1.9E-12	T	26-06-2023	IPR026371	PGF-CTERM archaeal protein-sorting signal
KX906370.1_67	6daf6f8349c866002ec0a4f42354370c	960	MobiDBLite	mobidb-lite	consensus disorder prediction	867	930	-	T	26-06-2023	-	-
KX906370.1_67	6daf6f8349c866002ec0a4f42354370c	960	MobiDBLite	mobidb-lite	consensus disorder prediction	867	938	-	T	26-06-2023	-	-
KX906370.1_67	6daf6f8349c866002ec0a4f42354370c	960	Pfam	PF18204	PGF-CTERM motif	936	958	1.0E-7	T	26-06-2023	-	-
KX906370.1_25	e74d8a003051c4e263d632b3524599ea	135	MobiDBLite	mobidb-lite	consensus disorder prediction	1	25	-	T	26-06-2023	-	-
KX906370.1_25	e74d8a003051c4e263d632b3524599ea	135	MobiDBLite	mobidb-lite	consensus disorder prediction	1	30	-	T	26-06-2023	-	-
KX906370.1_36	ba21ea8a519684690aab5fe841b5a449	46	Pfam	PF09853	Putative transposon-encoded protein (DUF2080)	11	38	2.5E-5	T	26-06-2023	IPR019205	Protein of unknown function DUF2080, transposon-encoded
KX906370.1_36	ba21ea8a519684690aab5fe841b5a449	46	NCBIfam	NF033496	DUF2080 family transposase-associated protein	9	42	1.5E-19	T	26-06-2023	-	-
KX906370.1_37	27b3f373f4b6045be499c5a20e97143c	139	NCBIfam	TIGR02537	archaeal flagellin N-terminal-like domain	11	34	7.6E-7	T	26-06-2023	IPR013373	Flagellin/pilin, N-terminal site, archaea
KX906370.1_37	27b3f373f4b6045be499c5a20e97143c	139	Pfam	PF07790	Archaeal Type IV pilin, N-terminal	12	88	1.3E-14	T	26-06-2023	IPR012859	Archaeal Type IV pilin, N-terminal
KX906370.1_32	94c5b9fb99a2ab2aafab9e29175601be	152	MobiDBLite	mobidb-lite	consensus disorder prediction	109	152	-	T	26-06-2023	-	-
KX906370.1_32	94c5b9fb99a2ab2aafab9e29175601be	152	MobiDBLite	mobidb-lite	consensus disorder prediction	109	135	-	T	26-06-2023	-	-
KX906370.1_32	94c5b9fb99a2ab2aafab9e29175601be	152	Coils	Coil	Coil	115	135	-	T	26-06-2023	-	-
KX906370.1_89	d489110a5a698d534654c88ec1e24378	551	Pfam	PF00082	Subtilase family	221	476	1.7E-31	T	26-06-2023	IPR000209	Peptidase S8/S53 domain
KX906370.1_89	d489110a5a698d534654c88ec1e24378	551	ProSitePatterns	PS00138	Serine proteases, subtilase family, serine active site.	459	469	-	T	26-06-2023	IPR023828	Peptidase S8, subtilisin, Ser-active site
KX906370.1_89	d489110a5a698d534654c88ec1e24378	551	Gene3D	G3DSA:3.40.50.200	Peptidase S8/S53 domain	196	528	2.4E-47	T	26-06-2023	IPR036852	Peptidase S8/S53 domain superfamily
KX906370.1_89	d489110a5a698d534654c88ec1e24378	551	PRINTS	PR00723	Subtilisin serine protease family (S8) signature	221	240	6.1E-12	T	26-06-2023	IPR015500	Peptidase S8, subtilisin-related
KX906370.1_89	d489110a5a698d534654c88ec1e24378	551	PRINTS	PR00723	Subtilisin serine protease family (S8) signature	281	294	6.1E-12	T	26-06-2023	IPR015500	Peptidase S8, subtilisin-related
KX906370.1_89	d489110a5a698d534654c88ec1e24378	551	PRINTS	PR00723	Subtilisin serine protease family (S8) signature	458	474	6.1E-12	T	26-06-2023	IPR015500	Peptidase S8, subtilisin-related
KX906370.1_89	d489110a5a698d534654c88ec1e24378	551	SUPERFAMILY	SSF52743	Subtilisin-like	216	513	9.69E-45	T	26-06-2023	IPR036852	Peptidase S8/S53 domain superfamily
KX906370.1_89	d489110a5a698d534654c88ec1e24378	551	ProSiteProfiles	PS51892	Serine proteases, subtilase domain profile.	199	512	28.462997	T	26-06-2023	-	-
KX906370.1_89	d489110a5a698d534654c88ec1e24378	551	ProSiteProfiles	PS51318	Twin arginine translocation (Tat) signal profile.	1	40	8.371511	T	26-06-2023	IPR006311	Twin-arginine translocation pathway, signal sequence
KX906370.1_89	d489110a5a698d534654c88ec1e24378	551	PANTHER	PTHR43806	PEPTIDASE S8	132	525	2.8E-34	T	26-06-2023	-	-
KX906370.1_155	4698d0825a010a628a5dfbda868f2bdb	332	Pfam	PF13439	Glycosyltransferase Family 4	34	162	5.0E-8	T	26-06-2023	IPR028098	Glycosyltransferase subfamily 4-like, N-terminal domain
KX906370.1_155	4698d0825a010a628a5dfbda868f2bdb	332	Gene3D	G3DSA:3.40.50.2000	Glycogen Phosphorylase B;	31	180	7.5E-13	T	26-06-2023	-	-
KX906370.1_155	4698d0825a010a628a5dfbda868f2bdb	332	PANTHER	PTHR12526	GLYCOSYLTRANSFERASE	225	330	4.9E-14	T	26-06-2023	-	-
KX906370.1_155	4698d0825a010a628a5dfbda868f2bdb	332	Gene3D	G3DSA:3.40.50.2000	Glycogen Phosphorylase B;	183	312	2.2E-16	T	26-06-2023	-	-
KX906370.1_155	4698d0825a010a628a5dfbda868f2bdb	332	Pfam	PF13692	Glycosyl transferases group 1	220	298	1.3E-10	T	26-06-2023	-	-
KX906370.1_155	4698d0825a010a628a5dfbda868f2bdb	332	SUPERFAMILY	SSF53756	UDP-Glycosyltransferase/glycogen phosphorylase	33	330	6.28E-36	T	26-06-2023	-	-
KX906370.1_164	db48a9dc854ee22bd9827f0b740322da	107	Coils	Coil	Coil	106	107	-	T	26-06-2023	-	-
KX906370.1_164	db48a9dc854ee22bd9827f0b740322da	107	Gene3D	G3DSA:3.40.50.300	-	32	105	3.7E-12	T	26-06-2023	IPR027417	P-loop containing nucleoside triphosphate hydrolase
KX906370.1_164	db48a9dc854ee22bd9827f0b740322da	107	SUPERFAMILY	SSF52540	P-loop containing nucleoside triphosphate hydrolases	26	89	1.83E-10	T	26-06-2023	IPR027417	P-loop containing nucleoside triphosphate hydrolase
KX906370.1_63	12ad99a0b8d97cd085ae3c0b7e6e6d66	130	NCBIfam	NF033573	IS200/IS605 family transposase	6	129	2.7E-42	T	26-06-2023	-	-
KX906370.1_63	12ad99a0b8d97cd085ae3c0b7e6e6d66	130	PANTHER	PTHR33360	TRANSPOSASE FOR INSERTION SEQUENCE ELEMENT IS200	3	130	1.7E-36	T	26-06-2023	-	-
KX906370.1_63	12ad99a0b8d97cd085ae3c0b7e6e6d66	130	Pfam	PF01797	Transposase IS200 like	12	130	1.1E-34	T	26-06-2023	IPR002686	Transposase IS200-like
KX906370.1_63	12ad99a0b8d97cd085ae3c0b7e6e6d66	130	SUPERFAMILY	SSF143422	Transposase IS200-like	4	130	5.49E-41	T	26-06-2023	IPR036515	Transposase IS200-like superfamily
KX906370.1_63	12ad99a0b8d97cd085ae3c0b7e6e6d66	130	Gene3D	G3DSA:3.30.70.1290	-	3	130	6.4E-40	T	26-06-2023	IPR036515	Transposase IS200-like superfamily
KX906370.1_63	12ad99a0b8d97cd085ae3c0b7e6e6d66	130	SMART	SM01321	Y1_Tnp_2	12	130	3.5E-38	T	26-06-2023	IPR002686	Transposase IS200-like
KX906370.1_192	8b8a8c59a65c652396312a006dc0943b	234	Gene3D	G3DSA:3.40.50.150	Vaccinia Virus protein VP39	42	226	2.6E-14	T	26-06-2023	IPR029063	S-adenosyl-L-methionine-dependent methyltransferase superfamily
KX906370.1_192	8b8a8c59a65c652396312a006dc0943b	234	SUPERFAMILY	SSF53335	S-adenosyl-L-methionine-dependent methyltransferases	63	212	1.07E-7	T	26-06-2023	IPR029063	S-adenosyl-L-methionine-dependent methyltransferase superfamily
KX906370.1_192	8b8a8c59a65c652396312a006dc0943b	234	Pfam	PF13578	Methyltransferase domain	79	187	2.1E-10	T	26-06-2023	-	-
KX906370.1_41	05c303a24e70491e3021517ca699d2a1	247	MobiDBLite	mobidb-lite	consensus disorder prediction	227	247	-	T	26-06-2023	-	-
KX906370.1_12	a5c92d9d4cdc3e098871667cd11c52db	316	MobiDBLite	mobidb-lite	consensus disorder prediction	170	222	-	T	26-06-2023	-	-
KX906370.1_12	a5c92d9d4cdc3e098871667cd11c52db	316	MobiDBLite	mobidb-lite	consensus disorder prediction	170	201	-	T	26-06-2023	-	-
KX906370.1_12	a5c92d9d4cdc3e098871667cd11c52db	316	MobiDBLite	mobidb-lite	consensus disorder prediction	1	20	-	T	26-06-2023	-	-
KX906370.1_156	37fd23559027fbd9f7b3cbcc8690a09c	290	Pfam	PF00551	Formyl transferase	123	229	1.1E-10	T	26-06-2023	IPR002376	Formyl transferase, N-terminal
KX906370.1_156	37fd23559027fbd9f7b3cbcc8690a09c	290	SUPERFAMILY	SSF53328	Formyltransferase	119	252	1.28E-18	T	26-06-2023	IPR036477	Formyl transferase, N-terminal domain superfamily
KX906370.1_156	37fd23559027fbd9f7b3cbcc8690a09c	290	Gene3D	G3DSA:3.40.50.170	-	11	256	2.0E-20	T	26-06-2023	-	-
KX906370.1_22	33ecb13df14f9cd26ece6b9b0e09f1a3	189	MobiDBLite	mobidb-lite	consensus disorder prediction	157	189	-	T	26-06-2023	-	-
KX906370.1_22	33ecb13df14f9cd26ece6b9b0e09f1a3	189	MobiDBLite	mobidb-lite	consensus disorder prediction	175	189	-	T	26-06-2023	-	-
KX906370.1_177	3f34aab4254b6fbdf12173226b2edbc1	302	Coils	Coil	Coil	208	242	-	T	26-06-2023	-	-
KX906370.1_49	4af9be6458191f7d764b1bfb7b752acb	725	CDD	cd16148	sulfatase_like	14	297	4.92799E-54	T	26-06-2023	-	-
KX906370.1_49	4af9be6458191f7d764b1bfb7b752acb	725	SUPERFAMILY	SSF53649	Alkaline phosphatase-like	15	301	2.13E-43	T	26-06-2023	IPR017850	Alkaline-phosphatase-like, core domain superfamily
KX906370.1_49	4af9be6458191f7d764b1bfb7b752acb	725	MobiDBLite	mobidb-lite	consensus disorder prediction	628	664	-	T	26-06-2023	-	-
KX906370.1_49	4af9be6458191f7d764b1bfb7b752acb	725	Gene3D	G3DSA:3.40.720.10	Alkaline Phosphatase, subunit A	6	307	1.5E-53	T	26-06-2023	IPR017850	Alkaline-phosphatase-like, core domain superfamily
KX906370.1_49	4af9be6458191f7d764b1bfb7b752acb	725	Gene3D	G3DSA:3.90.120.10	DNA Methylase, subunit A, domain 2	530	701	4.7E-23	T	26-06-2023	-	-
KX906370.1_49	4af9be6458191f7d764b1bfb7b752acb	725	Pfam	PF00884	Sulfatase	13	291	7.1E-29	T	26-06-2023	IPR000917	Sulfatase, N-terminal
KX906370.1_49	4af9be6458191f7d764b1bfb7b752acb	725	SUPERFAMILY	SSF53335	S-adenosyl-L-methionine-dependent methyltransferases	476	715	5.54E-32	T	26-06-2023	IPR029063	S-adenosyl-L-methionine-dependent methyltransferase superfamily
KX906370.1_49	4af9be6458191f7d764b1bfb7b752acb	725	MobiDBLite	mobidb-lite	consensus disorder prediction	640	654	-	T	26-06-2023	-	-
KX906370.1_49	4af9be6458191f7d764b1bfb7b752acb	725	PANTHER	PTHR43751	SULFATASE	15	293	5.0E-24	T	26-06-2023	-	-
KX906370.1_49	4af9be6458191f7d764b1bfb7b752acb	725	Gene3D	G3DSA:3.40.50.150	Vaccinia Virus protein VP39	456	526	7.2E-10	T	26-06-2023	IPR029063	S-adenosyl-L-methionine-dependent methyltransferase superfamily
KX906370.1_49	4af9be6458191f7d764b1bfb7b752acb	725	Pfam	PF00145	C-5 cytosine-specific DNA methylase	473	712	1.2E-19	T	26-06-2023	IPR001525	C-5 cytosine methyltransferase
KX906370.1_29	1354d577d069dfc45a1270d55aa6a303	113	MobiDBLite	mobidb-lite	consensus disorder prediction	1	27	-	T	26-06-2023	-	-
KX906370.1_109	bb9c423f6cfc3d508f5df57e4b88ea75	541	MobiDBLite	mobidb-lite	consensus disorder prediction	520	541	-	T	26-06-2023	-	-
KX906370.1_109	bb9c423f6cfc3d508f5df57e4b88ea75	541	Coils	Coil	Coil	397	439	-	T	26-06-2023	-	-
KX906370.1_109	bb9c423f6cfc3d508f5df57e4b88ea75	541	MobiDBLite	mobidb-lite	consensus disorder prediction	137	173	-	T	26-06-2023	-	-
KX906370.1_139	3b8757c988f27d586009a74eb7957cfb	218	Pfam	PF04967	HTH DNA binding domain	157	203	1.3E-17	T	26-06-2023	IPR007050	Bacterioopsin activator-type, HTH domain
KX906370.1_139	3b8757c988f27d586009a74eb7957cfb	218	PANTHER	PTHR34236	DIMETHYL SULFOXIDE REDUCTASE TRANSCRIPTIONAL ACTIVATOR	48	203	3.9E-16	T	26-06-2023	-	-
KX906370.1_139	3b8757c988f27d586009a74eb7957cfb	218	Pfam	PF15915	GAF and HTH_10 associated domain	24	140	1.7E-10	T	26-06-2023	IPR031803	Bacterioopsin transcriptional activator, GAF and HTH associated domain
KX906370.1_47	3f96c9fabb5e6f9d0862b2e8112634c5	243	CDD	cd08369	FMT_core	4	145	2.9998E-32	T	26-06-2023	-	-
KX906370.1_47	3f96c9fabb5e6f9d0862b2e8112634c5	243	Gene3D	G3DSA:3.40.50.12230	-	4	241	2.4E-40	T	26-06-2023	-	-
KX906370.1_47	3f96c9fabb5e6f9d0862b2e8112634c5	243	Pfam	PF18216	N-formyltransferase dimerization C-terminal domain	172	222	3.4E-14	T	26-06-2023	IPR040660	N-formyltransferase dimerization C-terminal domain
KX906370.1_47	3f96c9fabb5e6f9d0862b2e8112634c5	243	Pfam	PF00551	Formyl transferase	36	145	9.4E-20	T	26-06-2023	IPR002376	Formyl transferase, N-terminal
KX906370.1_47	3f96c9fabb5e6f9d0862b2e8112634c5	243	PANTHER	PTHR11138	METHIONYL-TRNA FORMYLTRANSFERASE	40	223	3.6E-19	T	26-06-2023	-	-
KX906370.1_47	3f96c9fabb5e6f9d0862b2e8112634c5	243	SUPERFAMILY	SSF53328	Formyltransferase	3	164	8.37E-35	T	26-06-2023	IPR036477	Formyl transferase, N-terminal domain superfamily
KX906370.1_47	3f96c9fabb5e6f9d0862b2e8112634c5	243	MobiDBLite	mobidb-lite	consensus disorder prediction	226	243	-	T	26-06-2023	-	-
KX906370.1_47	3f96c9fabb5e6f9d0862b2e8112634c5	243	MobiDBLite	mobidb-lite	consensus disorder prediction	224	243	-	T	26-06-2023	-	-
KX906370.1_80	e137afa60a97426cd9795c03657d4c99	74	Gene3D	G3DSA:1.10.10.10	-	17	73	2.2E-6	T	26-06-2023	IPR036388	Winged helix-like DNA-binding domain superfamily
KX906370.1_80	e137afa60a97426cd9795c03657d4c99	74	SUPERFAMILY	SSF46785	"Winged helix" DNA-binding domain	9	65	8.28E-9	T	26-06-2023	IPR036390	Winged helix DNA-binding domain superfamily
KX906370.1_90	8f053eded682bfd6d9628532366c37fd	264	ProSiteProfiles	PS51318	Twin arginine translocation (Tat) signal profile.	1	29	7.65304	T	26-06-2023	IPR006311	Twin-arginine translocation pathway, signal sequence
KX906370.1_93	53b99b138ba230216176559ff5accc0b	434	MobiDBLite	mobidb-lite	consensus disorder prediction	387	426	-	T	26-06-2023	-	-
KX906370.1_93	53b99b138ba230216176559ff5accc0b	434	NCBIfam	TIGR01766	IS200/IS605 family accessory protein TnpB-like domain	249	329	9.6E-26	T	26-06-2023	IPR010095	Cas12f1-like, TNB domain
KX906370.1_93	53b99b138ba230216176559ff5accc0b	434	NCBIfam	NF040570	RNA-guided endonuclease TnpB family protein	29	370	4.7E-40	T	26-06-2023	-	-
KX906370.1_93	53b99b138ba230216176559ff5accc0b	434	MobiDBLite	mobidb-lite	consensus disorder prediction	381	434	-	T	26-06-2023	-	-
KX906370.1_93	53b99b138ba230216176559ff5accc0b	434	Pfam	PF07282	Putative transposase DNA-binding domain	302	371	7.1E-22	T	26-06-2023	IPR010095	Cas12f1-like, TNB domain
KX906370.1_150	0a40c26c6c6a886428f4f4cb768619e4	261	Pfam	PF01609	Transposase DDE domain	96	254	1.3E-18	T	26-06-2023	IPR002559	Transposase IS4-like domain
KX906370.1_150	0a40c26c6c6a886428f4f4cb768619e4	261	NCBIfam	NF033579	IS5 family transposase	15	255	8.1E-72	T	26-06-2023	-	-
KX906370.1_161	8b529ad67d6a6941f4b67490c86eaad2	412	ProSitePatterns	PS00086	Cytochrome P450 cysteine heme-iron ligand signature.	352	361	-	T	26-06-2023	IPR017972	Cytochrome P450, conserved site
KX906370.1_161	8b529ad67d6a6941f4b67490c86eaad2	412	SUPERFAMILY	SSF48264	Cytochrome P450	19	411	1.27E-93	T	26-06-2023	IPR036396	Cytochrome P450 superfamily
KX906370.1_161	8b529ad67d6a6941f4b67490c86eaad2	412	PRINTS	PR00359	B-class P450 signature	93	104	4.2E-57	T	26-06-2023	IPR002397	Cytochrome P450, B-class
KX906370.1_161	8b529ad67d6a6941f4b67490c86eaad2	412	PRINTS	PR00359	B-class P450 signature	140	156	4.2E-57	T	26-06-2023	IPR002397	Cytochrome P450, B-class
KX906370.1_161	8b529ad67d6a6941f4b67490c86eaad2	412	PRINTS	PR00359	B-class P450 signature	157	172	4.2E-57	T	26-06-2023	IPR002397	Cytochrome P450, B-class
KX906370.1_161	8b529ad67d6a6941f4b67490c86eaad2	412	PRINTS	PR00359	B-class P450 signature	201	223	4.2E-57	T	26-06-2023	IPR002397	Cytochrome P450, B-class
KX906370.1_161	8b529ad67d6a6941f4b67490c86eaad2	412	PRINTS	PR00359	B-class P450 signature	284	295	4.2E-57	T	26-06-2023	IPR002397	Cytochrome P450, B-class
KX906370.1_161	8b529ad67d6a6941f4b67490c86eaad2	412	PRINTS	PR00359	B-class P450 signature	301	328	4.2E-57	T	26-06-2023	IPR002397	Cytochrome P450, B-class
KX906370.1_161	8b529ad67d6a6941f4b67490c86eaad2	412	PRINTS	PR00359	B-class P450 signature	329	344	4.2E-57	T	26-06-2023	IPR002397	Cytochrome P450, B-class
KX906370.1_161	8b529ad67d6a6941f4b67490c86eaad2	412	PRINTS	PR00359	B-class P450 signature	350	359	4.2E-57	T	26-06-2023	IPR002397	Cytochrome P450, B-class
KX906370.1_161	8b529ad67d6a6941f4b67490c86eaad2	412	PRINTS	PR00359	B-class P450 signature	359	370	4.2E-57	T	26-06-2023	IPR002397	Cytochrome P450, B-class
KX906370.1_161	8b529ad67d6a6941f4b67490c86eaad2	412	CDD	cd11032	P450_EryK-like	33	407	0.0	T	26-06-2023	-	-
KX906370.1_161	8b529ad67d6a6941f4b67490c86eaad2	412	Gene3D	G3DSA:1.10.630.10	Cytochrome P450	7	412	1.8E-105	T	26-06-2023	IPR036396	Cytochrome P450 superfamily
KX906370.1_161	8b529ad67d6a6941f4b67490c86eaad2	412	Pfam	PF00067	Cytochrome P450	282	388	3.0E-22	T	26-06-2023	IPR001128	Cytochrome P450
KX906370.1_161	8b529ad67d6a6941f4b67490c86eaad2	412	PANTHER	PTHR46696	P450, PUTATIVE (EUROFUNG)-RELATED	5	409	9.5E-120	T	26-06-2023	-	-
KX906370.1_161	8b529ad67d6a6941f4b67490c86eaad2	412	FunFam	G3DSA:1.10.630.10:FF:000018	Cytochrome P450 monooxygenase	9	409	1.9E-124	T	26-06-2023	-	-
KX906370.1_6	ce1e4d03ac59ce791f6228647203f794	274	Pfam	PF01609	Transposase DDE domain	106	267	4.1E-12	T	26-06-2023	IPR002559	Transposase IS4-like domain
KX906370.1_6	ce1e4d03ac59ce791f6228647203f794	274	NCBIfam	NF033579	IS5 family transposase	28	267	4.5E-46	T	26-06-2023	-	-
KX906370.1_143	76b1896618ea2c5a7c70c20f2272e69b	260	Pfam	PF01370	NAD dependent epimerase/dehydratase family	4	176	1.4E-18	T	26-06-2023	IPR001509	NAD-dependent epimerase/dehydratase
KX906370.1_143	76b1896618ea2c5a7c70c20f2272e69b	260	Coils	Coil	Coil	258	260	-	T	26-06-2023	-	-
KX906370.1_143	76b1896618ea2c5a7c70c20f2272e69b	260	MobiDBLite	mobidb-lite	consensus disorder prediction	123	142	-	T	26-06-2023	-	-
KX906370.1_143	76b1896618ea2c5a7c70c20f2272e69b	260	PANTHER	PTHR43103	NUCLEOSIDE-DIPHOSPHATE-SUGAR EPIMERASE	2	195	2.8E-15	T	26-06-2023	-	-
KX906370.1_143	76b1896618ea2c5a7c70c20f2272e69b	260	MobiDBLite	mobidb-lite	consensus disorder prediction	123	141	-	T	26-06-2023	-	-
KX906370.1_143	76b1896618ea2c5a7c70c20f2272e69b	260	Gene3D	G3DSA:3.40.50.720	-	1	252	2.1E-42	T	26-06-2023	-	-
KX906370.1_143	76b1896618ea2c5a7c70c20f2272e69b	260	SUPERFAMILY	SSF51735	NAD(P)-binding Rossmann-fold domains	1	251	7.94E-31	T	26-06-2023	IPR036291	NAD(P)-binding domain superfamily
KX906370.1_10	3ab315a222fe0911b0d563ed6807bd14	433	Gene3D	G3DSA:1.10.443.10	Intergrase catalytic core	189	430	8.5E-11	T	26-06-2023	IPR013762	Integrase-like, catalytic domain superfamily
KX906370.1_10	3ab315a222fe0911b0d563ed6807bd14	433	MobiDBLite	mobidb-lite	consensus disorder prediction	127	147	-	T	26-06-2023	-	-
KX906370.1_10	3ab315a222fe0911b0d563ed6807bd14	433	MobiDBLite	mobidb-lite	consensus disorder prediction	1	31	-	T	26-06-2023	-	-
KX906370.1_10	3ab315a222fe0911b0d563ed6807bd14	433	SUPERFAMILY	SSF56349	DNA breaking-rejoining enzymes	195	307	5.0E-8	T	26-06-2023	IPR011010	DNA breaking-rejoining enzyme, catalytic core
KX906370.1_10	3ab315a222fe0911b0d563ed6807bd14	433	Coils	Coil	Coil	396	416	-	T	26-06-2023	-	-
KX906370.1_10	3ab315a222fe0911b0d563ed6807bd14	433	MobiDBLite	mobidb-lite	consensus disorder prediction	15	31	-	T	26-06-2023	-	-
KX906370.1_141	31666984483b354775c436a86fb80d77	116	Pfam	PF18545	Halobacterial output domain 1	29	99	1.0E-21	T	26-06-2023	IPR040624	Halobacterial output domain 1
KX906370.1_179	9eca724bf9e64282080e1f50bcdf2311	122	Pfam	PF03683	Uncharacterised protein family (UPF0175)	43	102	6.9E-16	T	26-06-2023	IPR005368	Uncharacterised protein family UPF0175
KX906370.1_122	cffed1fa0cb219998af2b47e7988e012	92	MobiDBLite	mobidb-lite	consensus disorder prediction	71	92	-	T	26-06-2023	-	-
KX906370.1_122	cffed1fa0cb219998af2b47e7988e012	92	Gene3D	G3DSA:1.10.1220.10	-	12	53	1.8E-9	T	26-06-2023	IPR013321	Arc-type ribbon-helix-helix
KX906370.1_122	cffed1fa0cb219998af2b47e7988e012	92	SUPERFAMILY	SSF47598	Ribbon-helix-helix	11	53	5.89E-9	T	26-06-2023	IPR010985	Ribbon-helix-helix
KX906370.1_122	cffed1fa0cb219998af2b47e7988e012	92	CDD	cd22231	RHH_NikR_HicB-like	11	51	1.81827E-8	T	26-06-2023	-	-
KX906370.1_122	cffed1fa0cb219998af2b47e7988e012	92	MobiDBLite	mobidb-lite	consensus disorder prediction	69	92	-	T	26-06-2023	-	-
KX906370.1_158	5a0ea397ac53b5935d27ee95345aebe9	384	SUPERFAMILY	SSF51604	Enolase C-terminal domain-like	97	361	1.57E-82	T	26-06-2023	IPR036849	Enolase-like, C-terminal domain superfamily
KX906370.1_158	5a0ea397ac53b5935d27ee95345aebe9	384	SUPERFAMILY	SSF54826	Enolase N-terminal domain-like	7	110	4.92E-29	T	26-06-2023	IPR029017	Enolase-like, N-terminal
KX906370.1_158	5a0ea397ac53b5935d27ee95345aebe9	384	SMART	SM00922	MR_MLE_2	127	232	4.1E-24	T	26-06-2023	IPR013342	Mandelate racemase/muconate lactonizing enzyme, C-terminal
KX906370.1_158	5a0ea397ac53b5935d27ee95345aebe9	384	ProSitePatterns	PS00908	Mandelate racemase / muconate lactonizing enzyme family signature 1.	84	109	-	T	26-06-2023	IPR018110	Mandelate racemase/muconate lactonizing enzyme, conserved site
KX906370.1_158	5a0ea397ac53b5935d27ee95345aebe9	384	Gene3D	G3DSA:3.20.20.120	-	104	346	0.0	T	26-06-2023	IPR036849	Enolase-like, C-terminal domain superfamily
KX906370.1_158	5a0ea397ac53b5935d27ee95345aebe9	384	SFLD	SFLDF00003	D-galactonate dehydratase	3	371	0.0	T	26-06-2023	IPR023592	D-galactonate dehydratase
KX906370.1_158	5a0ea397ac53b5935d27ee95345aebe9	384	Pfam	PF13378	Enolase C-terminal domain-like	130	357	1.5E-68	T	26-06-2023	IPR029065	Enolase C-terminal domain-like
KX906370.1_158	5a0ea397ac53b5935d27ee95345aebe9	384	Pfam	PF02746	Mandelate racemase / muconate lactonizing enzyme, N-terminal domain	17	109	1.6E-24	T	26-06-2023	IPR013341	Mandelate racemase/muconate lactonizing enzyme, N-terminal domain
KX906370.1_158	5a0ea397ac53b5935d27ee95345aebe9	384	Gene3D	G3DSA:3.30.390.10	-	15	363	0.0	T	26-06-2023	IPR029017	Enolase-like, N-terminal
KX906370.1_158	5a0ea397ac53b5935d27ee95345aebe9	384	SFLD	SFLDS00001	Enolase	3	371	0.0	T	26-06-2023	-	-
KX906370.1_158	5a0ea397ac53b5935d27ee95345aebe9	384	ProSitePatterns	PS00909	Mandelate racemase / muconate lactonizing enzyme family signature 2.	182	213	-	T	26-06-2023	IPR018110	Mandelate racemase/muconate lactonizing enzyme, conserved site
KX906370.1_158	5a0ea397ac53b5935d27ee95345aebe9	384	CDD	cd03325	D-galactonate_dehydratase	3	355	0.0	T	26-06-2023	IPR023592	D-galactonate dehydratase
KX906370.1_158	5a0ea397ac53b5935d27ee95345aebe9	384	PANTHER	PTHR48080	D-GALACTONATE DEHYDRATASE-RELATED	1	363	5.8E-97	T	26-06-2023	IPR034593	D-galactonate dehydratase DgoD-like
KX906370.1_132	e248c1ba17d0d193ffae2cf514db8c92	107	Gene3D	G3DSA:3.40.250.10	-	2	106	3.0E-22	T	26-06-2023	IPR036873	Rhodanese-like domain superfamily
KX906370.1_132	e248c1ba17d0d193ffae2cf514db8c92	107	SMART	SM00450	rhod_4	5	107	1.4E-12	T	26-06-2023	IPR001763	Rhodanese-like domain
KX906370.1_132	e248c1ba17d0d193ffae2cf514db8c92	107	PANTHER	PTHR43031	FAD-DEPENDENT OXIDOREDUCTASE	3	105	4.2E-13	T	26-06-2023	-	-
KX906370.1_132	e248c1ba17d0d193ffae2cf514db8c92	107	Pfam	PF00581	Rhodanese-like domain	6	104	1.2E-14	T	26-06-2023	IPR001763	Rhodanese-like domain
KX906370.1_132	e248c1ba17d0d193ffae2cf514db8c92	107	ProSiteProfiles	PS50206	Rhodanese domain profile.	15	107	16.722908	T	26-06-2023	IPR001763	Rhodanese-like domain
KX906370.1_132	e248c1ba17d0d193ffae2cf514db8c92	107	CDD	cd00158	RHOD	11	103	6.21753E-20	T	26-06-2023	-	-
KX906370.1_132	e248c1ba17d0d193ffae2cf514db8c92	107	SUPERFAMILY	SSF52821	Rhodanese/Cell cycle control phosphatase	3	104	3.14E-22	T	26-06-2023	IPR036873	Rhodanese-like domain superfamily
KX906370.1_8	ff6fb886d0734427e3911fceac7d81f4	168	SUPERFAMILY	SSF46785	"Winged helix" DNA-binding domain	22	103	3.05E-5	T	26-06-2023	IPR036390	Winged helix DNA-binding domain superfamily
KX906370.1_58	bfcf017f8205fdf62f0a51ede6495347	98	MobiDBLite	mobidb-lite	consensus disorder prediction	83	98	-	T	26-06-2023	-	-
KX906370.1_58	bfcf017f8205fdf62f0a51ede6495347	98	MobiDBLite	mobidb-lite	consensus disorder prediction	79	98	-	T	26-06-2023	-	-
KX906370.1_186	fade5419a8f3b03423a1e00bacf94b7d	71	MobiDBLite	mobidb-lite	consensus disorder prediction	34	49	-	T	26-06-2023	-	-
KX906370.1_186	fade5419a8f3b03423a1e00bacf94b7d	71	MobiDBLite	mobidb-lite	consensus disorder prediction	34	71	-	T	26-06-2023	-	-
KX906370.1_140	e92506917458e445faadc00f4178e49f	214	PANTHER	PTHR34236	DIMETHYL SULFOXIDE REDUCTASE TRANSCRIPTIONAL ACTIVATOR	46	210	4.1E-20	T	26-06-2023	-	-
KX906370.1_140	e92506917458e445faadc00f4178e49f	214	Gene3D	G3DSA:1.10.10.10	-	138	210	4.2E-8	T	26-06-2023	IPR036388	Winged helix-like DNA-binding domain superfamily
KX906370.1_140	e92506917458e445faadc00f4178e49f	214	CDD	cd06171	Sigma70_r4	154	205	8.48221E-8	T	26-06-2023	-	-
KX906370.1_140	e92506917458e445faadc00f4178e49f	214	SUPERFAMILY	SSF88659	Sigma3 and sigma4 domains of RNA polymerase sigma factors	154	207	2.24E-8	T	26-06-2023	IPR013324	RNA polymerase sigma factor, region 3/4-like
KX906370.1_140	e92506917458e445faadc00f4178e49f	214	Pfam	PF04967	HTH DNA binding domain	155	206	2.6E-18	T	26-06-2023	IPR007050	Bacterioopsin activator-type, HTH domain
KX906370.1_140	e92506917458e445faadc00f4178e49f	214	Pfam	PF15915	GAF and HTH_10 associated domain	25	140	4.2E-10	T	26-06-2023	IPR031803	Bacterioopsin transcriptional activator, GAF and HTH associated domain
