LWLN01000003.1_27	960cf019a988a68e77c3b5371b3628bb	443	MobiDBLite	mobidb-lite	consensus disorder prediction	411	443	-	T	26-06-2023	-	-
LWLN01000003.1_27	960cf019a988a68e77c3b5371b3628bb	443	MobiDBLite	mobidb-lite	consensus disorder prediction	411	427	-	T	26-06-2023	-	-
LWLN01000003.1_27	960cf019a988a68e77c3b5371b3628bb	443	MobiDBLite	mobidb-lite	consensus disorder prediction	428	443	-	T	26-06-2023	-	-
LWLN01000003.1_55	f2c0a202596e9ccb78294212a6d815d7	80	MobiDBLite	mobidb-lite	consensus disorder prediction	56	80	-	T	26-06-2023	-	-
LWLN01000003.1_112	2fec0a444e103d5b5d0bac7e11eeb64f	492	Pfam	PF00082	Subtilase family	214	429	3.2E-22	T	26-06-2023	IPR000209	Peptidase S8/S53 domain
LWLN01000003.1_112	2fec0a444e103d5b5d0bac7e11eeb64f	492	PANTHER	PTHR43806	PEPTIDASE S8	192	428	2.5E-21	T	26-06-2023	-	-
LWLN01000003.1_112	2fec0a444e103d5b5d0bac7e11eeb64f	492	Gene3D	G3DSA:3.40.50.200	Peptidase S8/S53 domain	204	452	1.5E-34	T	26-06-2023	IPR036852	Peptidase S8/S53 domain superfamily
LWLN01000003.1_112	2fec0a444e103d5b5d0bac7e11eeb64f	492	MobiDBLite	mobidb-lite	consensus disorder prediction	436	450	-	T	26-06-2023	-	-
LWLN01000003.1_112	2fec0a444e103d5b5d0bac7e11eeb64f	492	MobiDBLite	mobidb-lite	consensus disorder prediction	384	492	-	T	26-06-2023	-	-
LWLN01000003.1_112	2fec0a444e103d5b5d0bac7e11eeb64f	492	SUPERFAMILY	SSF52743	Subtilisin-like	209	429	2.23E-32	T	26-06-2023	IPR036852	Peptidase S8/S53 domain superfamily
LWLN01000003.1_112	2fec0a444e103d5b5d0bac7e11eeb64f	492	MobiDBLite	mobidb-lite	consensus disorder prediction	411	428	-	T	26-06-2023	-	-
LWLN01000003.1_112	2fec0a444e103d5b5d0bac7e11eeb64f	492	MobiDBLite	mobidb-lite	consensus disorder prediction	469	492	-	T	26-06-2023	-	-
LWLN01000003.1_112	2fec0a444e103d5b5d0bac7e11eeb64f	492	MobiDBLite	mobidb-lite	consensus disorder prediction	451	468	-	T	26-06-2023	-	-
LWLN01000003.1_112	2fec0a444e103d5b5d0bac7e11eeb64f	492	ProSitePatterns	PS00136	Serine proteases, subtilase family, aspartic acid active site.	219	230	-	T	26-06-2023	IPR023827	Peptidase S8, subtilisin, Asp-active site
LWLN01000003.1_112	2fec0a444e103d5b5d0bac7e11eeb64f	492	ProSiteProfiles	PS51892	Serine proteases, subtilase domain profile.	195	492	17.536766	T	26-06-2023	-	-
LWLN01000003.1_46	e0c4166bf96884eec5bb274c11d90739	219	Gene3D	G3DSA:3.30.420.10	-	12	132	2.5E-6	T	26-06-2023	IPR036397	Ribonuclease H superfamily
LWLN01000003.1_46	e0c4166bf96884eec5bb274c11d90739	219	Pfam	PF13482	RNase_H superfamily	16	116	2.6E-9	T	26-06-2023	IPR038720	YprB, ribonuclease H-like domain
LWLN01000003.1_46	e0c4166bf96884eec5bb274c11d90739	219	SUPERFAMILY	SSF53098	Ribonuclease H-like	7	102	6.79E-12	T	26-06-2023	IPR012337	Ribonuclease H-like superfamily
LWLN01000003.1_6	e6fd10496a8618aaa9eb2bb51c08ad59	164	MobiDBLite	mobidb-lite	consensus disorder prediction	1	23	-	T	26-06-2023	-	-
LWLN01000003.1_6	e6fd10496a8618aaa9eb2bb51c08ad59	164	MobiDBLite	mobidb-lite	consensus disorder prediction	1	20	-	T	26-06-2023	-	-
LWLN01000003.1_104	e6fd10496a8618aaa9eb2bb51c08ad59	164	MobiDBLite	mobidb-lite	consensus disorder prediction	1	23	-	T	26-06-2023	-	-
LWLN01000003.1_104	e6fd10496a8618aaa9eb2bb51c08ad59	164	MobiDBLite	mobidb-lite	consensus disorder prediction	1	20	-	T	26-06-2023	-	-
LWLN01000003.1_1	59999962ba56175d2f30a2b56590ab5c	31	MobiDBLite	mobidb-lite	consensus disorder prediction	1	31	-	T	26-06-2023	-	-
LWLN01000003.1_14	dbabdbc06620ac577855dcd328f6763c	555	MobiDBLite	mobidb-lite	consensus disorder prediction	411	436	-	T	26-06-2023	-	-
LWLN01000003.1_14	dbabdbc06620ac577855dcd328f6763c	555	PRINTS	PR00723	Subtilisin serine protease family (S8) signature	214	233	8.3E-11	T	26-06-2023	IPR015500	Peptidase S8, subtilisin-related
LWLN01000003.1_14	dbabdbc06620ac577855dcd328f6763c	555	PRINTS	PR00723	Subtilisin serine protease family (S8) signature	268	281	8.3E-11	T	26-06-2023	IPR015500	Peptidase S8, subtilisin-related
LWLN01000003.1_14	dbabdbc06620ac577855dcd328f6763c	555	PRINTS	PR00723	Subtilisin serine protease family (S8) signature	445	461	8.3E-11	T	26-06-2023	IPR015500	Peptidase S8, subtilisin-related
LWLN01000003.1_14	dbabdbc06620ac577855dcd328f6763c	555	ProSiteProfiles	PS51892	Serine proteases, subtilase domain profile.	195	505	24.210827	T	26-06-2023	-	-
LWLN01000003.1_14	dbabdbc06620ac577855dcd328f6763c	555	Pfam	PF00082	Subtilase family	214	469	2.1E-30	T	26-06-2023	IPR000209	Peptidase S8/S53 domain
LWLN01000003.1_14	dbabdbc06620ac577855dcd328f6763c	555	Gene3D	G3DSA:3.40.50.200	Peptidase S8/S53 domain	204	508	3.3E-46	T	26-06-2023	IPR036852	Peptidase S8/S53 domain superfamily
LWLN01000003.1_14	dbabdbc06620ac577855dcd328f6763c	555	SUPERFAMILY	SSF52743	Subtilisin-like	209	505	7.72E-42	T	26-06-2023	IPR036852	Peptidase S8/S53 domain superfamily
LWLN01000003.1_14	dbabdbc06620ac577855dcd328f6763c	555	ProSitePatterns	PS00136	Serine proteases, subtilase family, aspartic acid active site.	219	230	-	T	26-06-2023	IPR023827	Peptidase S8, subtilisin, Asp-active site
LWLN01000003.1_14	dbabdbc06620ac577855dcd328f6763c	555	MobiDBLite	mobidb-lite	consensus disorder prediction	391	436	-	T	26-06-2023	-	-
LWLN01000003.1_14	dbabdbc06620ac577855dcd328f6763c	555	PANTHER	PTHR43806	PEPTIDASE S8	192	470	6.4E-29	T	26-06-2023	-	-
LWLN01000003.1_95	5494afa347bf78d7000dec68afc13f81	276	MobiDBLite	mobidb-lite	consensus disorder prediction	51	80	-	T	26-06-2023	-	-
LWLN01000003.1_95	5494afa347bf78d7000dec68afc13f81	276	MobiDBLite	mobidb-lite	consensus disorder prediction	35	80	-	T	26-06-2023	-	-
LWLN01000003.1_59	f5442f0b708aa413b2ee7e65a086bf80	149	MobiDBLite	mobidb-lite	consensus disorder prediction	1	86	-	T	26-06-2023	-	-
LWLN01000003.1_59	f5442f0b708aa413b2ee7e65a086bf80	149	MobiDBLite	mobidb-lite	consensus disorder prediction	8	29	-	T	26-06-2023	-	-
LWLN01000003.1_59	f5442f0b708aa413b2ee7e65a086bf80	149	MobiDBLite	mobidb-lite	consensus disorder prediction	30	67	-	T	26-06-2023	-	-
LWLN01000003.1_97	b5bb5acc25d84c6037dd7567d31e2983	164	SUPERFAMILY	SSF88723	PIN domain-like	1	137	2.98E-6	T	26-06-2023	IPR029060	PIN-like domain superfamily
LWLN01000003.1_17	b01332a6428af7f8264910c0fbb312eb	84	MobiDBLite	mobidb-lite	consensus disorder prediction	1	37	-	T	26-06-2023	-	-
LWLN01000003.1_86	0ccec12ff951b0d036de97fa2b1017a9	230	MobiDBLite	mobidb-lite	consensus disorder prediction	184	204	-	T	26-06-2023	-	-
LWLN01000003.1_86	0ccec12ff951b0d036de97fa2b1017a9	230	MobiDBLite	mobidb-lite	consensus disorder prediction	184	230	-	T	26-06-2023	-	-
LWLN01000003.1_86	0ccec12ff951b0d036de97fa2b1017a9	230	MobiDBLite	mobidb-lite	consensus disorder prediction	102	143	-	T	26-06-2023	-	-
LWLN01000003.1_71	2428f3ddedba8b4a8dbe96d42a8c3013	131	MobiDBLite	mobidb-lite	consensus disorder prediction	109	131	-	T	26-06-2023	-	-
LWLN01000003.1_24	c8191e701990651928f48c5662daeda2	83	MobiDBLite	mobidb-lite	consensus disorder prediction	63	83	-	T	26-06-2023	-	-
LWLN01000003.1_111	bbe791fd81846eaeefed0bf5204fb68f	1188	SUPERFAMILY	SSF49899	Concanavalin A-like lectins/glucanases	124	316	6.34E-17	T	26-06-2023	IPR013320	Concanavalin A-like lectin/glucanase domain superfamily
LWLN01000003.1_111	bbe791fd81846eaeefed0bf5204fb68f	1188	Coils	Coil	Coil	707	734	-	T	26-06-2023	-	-
LWLN01000003.1_111	bbe791fd81846eaeefed0bf5204fb68f	1188	Coils	Coil	Coil	744	764	-	T	26-06-2023	-	-
LWLN01000003.1_111	bbe791fd81846eaeefed0bf5204fb68f	1188	Gene3D	G3DSA:2.60.120.200	-	145	319	7.7E-19	T	26-06-2023	-	-
LWLN01000003.1_111	bbe791fd81846eaeefed0bf5204fb68f	1188	Pfam	PF13385	Concanavalin A-like lectin/glucanases superfamily	175	310	7.2E-15	T	26-06-2023	-	-
LWLN01000003.1_13	bbe791fd81846eaeefed0bf5204fb68f	1188	SUPERFAMILY	SSF49899	Concanavalin A-like lectins/glucanases	124	316	6.34E-17	T	26-06-2023	IPR013320	Concanavalin A-like lectin/glucanase domain superfamily
LWLN01000003.1_13	bbe791fd81846eaeefed0bf5204fb68f	1188	Coils	Coil	Coil	707	734	-	T	26-06-2023	-	-
LWLN01000003.1_13	bbe791fd81846eaeefed0bf5204fb68f	1188	Coils	Coil	Coil	744	764	-	T	26-06-2023	-	-
LWLN01000003.1_13	bbe791fd81846eaeefed0bf5204fb68f	1188	Gene3D	G3DSA:2.60.120.200	-	145	319	7.7E-19	T	26-06-2023	-	-
LWLN01000003.1_13	bbe791fd81846eaeefed0bf5204fb68f	1188	Pfam	PF13385	Concanavalin A-like lectin/glucanases superfamily	175	310	7.2E-15	T	26-06-2023	-	-
LWLN01000003.1_72	95da35292d2543a2180c1aaf2c01c6b7	106	SUPERFAMILY	SSF46785	"Winged helix" DNA-binding domain	14	97	3.56E-16	T	26-06-2023	IPR036390	Winged helix DNA-binding domain superfamily
LWLN01000003.1_72	95da35292d2543a2180c1aaf2c01c6b7	106	Gene3D	G3DSA:1.10.10.10	-	21	101	6.1E-12	T	26-06-2023	IPR036388	Winged helix-like DNA-binding domain superfamily
LWLN01000003.1_72	95da35292d2543a2180c1aaf2c01c6b7	106	Pfam	PF03551	Transcriptional regulator PadR-like family	23	90	1.5E-14	T	26-06-2023	IPR005149	Transcription regulator PadR, N-terminal
LWLN01000003.1_9	2057295ddb62c94b09734a98cc0712ac	315	Pfam	PF07790	Archaeal Type IV pilin, N-terminal	11	82	7.4E-7	T	26-06-2023	IPR012859	Archaeal Type IV pilin, N-terminal
LWLN01000003.1_107	2057295ddb62c94b09734a98cc0712ac	315	Pfam	PF07790	Archaeal Type IV pilin, N-terminal	11	82	7.4E-7	T	26-06-2023	IPR012859	Archaeal Type IV pilin, N-terminal
LWLN01000003.1_10	c29f8bf8f0d3cfbb1e4ac3f6e5e1ae09	119	Pfam	PF18902	Domain of unknown function (DUF5658)	34	103	1.4E-6	T	26-06-2023	IPR043717	Domain of unknown function DUF5658
LWLN01000003.1_108	c29f8bf8f0d3cfbb1e4ac3f6e5e1ae09	119	Pfam	PF18902	Domain of unknown function (DUF5658)	34	103	1.4E-6	T	26-06-2023	IPR043717	Domain of unknown function DUF5658
LWLN01000003.1_28	a586b9be72b12df0f30103e7a00fe192	705	Coils	Coil	Coil	206	226	-	T	26-06-2023	-	-
LWLN01000003.1_28	a586b9be72b12df0f30103e7a00fe192	705	Coils	Coil	Coil	254	295	-	T	26-06-2023	-	-
LWLN01000003.1_78	0a346fcadb266f2ae1326f00227d1b35	256	MobiDBLite	mobidb-lite	consensus disorder prediction	1	125	-	T	26-06-2023	-	-
LWLN01000003.1_78	0a346fcadb266f2ae1326f00227d1b35	256	MobiDBLite	mobidb-lite	consensus disorder prediction	240	256	-	T	26-06-2023	-	-
LWLN01000003.1_78	0a346fcadb266f2ae1326f00227d1b35	256	MobiDBLite	mobidb-lite	consensus disorder prediction	221	256	-	T	26-06-2023	-	-
LWLN01000003.1_78	0a346fcadb266f2ae1326f00227d1b35	256	MobiDBLite	mobidb-lite	consensus disorder prediction	1	15	-	T	26-06-2023	-	-
LWLN01000003.1_78	0a346fcadb266f2ae1326f00227d1b35	256	MobiDBLite	mobidb-lite	consensus disorder prediction	74	89	-	T	26-06-2023	-	-
LWLN01000003.1_53	df331d51830ccb35354307f9e6348955	353	MobiDBLite	mobidb-lite	consensus disorder prediction	327	353	-	T	26-06-2023	-	-
LWLN01000003.1_49	5a6554693b29d9c730e5e99925fcf1e9	177	MobiDBLite	mobidb-lite	consensus disorder prediction	123	151	-	T	26-06-2023	-	-
LWLN01000003.1_49	5a6554693b29d9c730e5e99925fcf1e9	177	MobiDBLite	mobidb-lite	consensus disorder prediction	112	156	-	T	26-06-2023	-	-
LWLN01000003.1_94	43c4f167bc090ede70632af9fa8017b8	121	Gene3D	G3DSA:1.10.10.10	-	6	114	7.0E-17	T	26-06-2023	IPR036388	Winged helix-like DNA-binding domain superfamily
LWLN01000003.1_94	43c4f167bc090ede70632af9fa8017b8	121	SUPERFAMILY	SSF46785	"Winged helix" DNA-binding domain	1	99	3.54E-12	T	26-06-2023	IPR036390	Winged helix DNA-binding domain superfamily
LWLN01000003.1_94	43c4f167bc090ede70632af9fa8017b8	121	CDD	cd08768	Cdc6_C	5	91	1.37785E-15	T	26-06-2023	IPR015163	Cdc6, C-terminal
LWLN01000003.1_94	43c4f167bc090ede70632af9fa8017b8	121	SMART	SM01074	Cdc6_C_2	12	97	3.2E-10	T	26-06-2023	IPR015163	Cdc6, C-terminal
LWLN01000003.1_94	43c4f167bc090ede70632af9fa8017b8	121	Pfam	PF09079	CDC6, C terminal winged helix domain	12	94	4.5E-16	T	26-06-2023	IPR015163	Cdc6, C-terminal
LWLN01000003.1_96	d8f5a7f48c7cbbfcbc167603e882b57a	95	Pfam	PF03551	Transcriptional regulator PadR-like family	11	79	1.6E-16	T	26-06-2023	IPR005149	Transcription regulator PadR, N-terminal
LWLN01000003.1_96	d8f5a7f48c7cbbfcbc167603e882b57a	95	SUPERFAMILY	SSF46785	"Winged helix" DNA-binding domain	4	89	1.71E-18	T	26-06-2023	IPR036390	Winged helix DNA-binding domain superfamily
LWLN01000003.1_96	d8f5a7f48c7cbbfcbc167603e882b57a	95	Gene3D	G3DSA:1.10.10.10	-	8	95	6.2E-13	T	26-06-2023	IPR036388	Winged helix-like DNA-binding domain superfamily
LWLN01000003.1_83	daeb8bd931f92385e97ac2915fdffc5f	617	Gene3D	G3DSA:3.40.50.150	Vaccinia Virus protein VP39	1	252	2.8E-45	T	26-06-2023	IPR029063	S-adenosyl-L-methionine-dependent methyltransferase superfamily
LWLN01000003.1_83	daeb8bd931f92385e97ac2915fdffc5f	617	ProSiteProfiles	PS51679	C-5 cytosine-specific DNA methylase (Dnmt) domain profile.	6	591	28.761059	T	26-06-2023	IPR001525	C-5 cytosine methyltransferase
LWLN01000003.1_83	daeb8bd931f92385e97ac2915fdffc5f	617	Pfam	PF00145	C-5 cytosine-specific DNA methylase	530	584	6.9E-10	T	26-06-2023	IPR001525	C-5 cytosine methyltransferase
LWLN01000003.1_83	daeb8bd931f92385e97ac2915fdffc5f	617	Pfam	PF00145	C-5 cytosine-specific DNA methylase	7	236	3.6E-22	T	26-06-2023	IPR001525	C-5 cytosine methyltransferase
LWLN01000003.1_83	daeb8bd931f92385e97ac2915fdffc5f	617	MobiDBLite	mobidb-lite	consensus disorder prediction	595	617	-	T	26-06-2023	-	-
LWLN01000003.1_83	daeb8bd931f92385e97ac2915fdffc5f	617	SUPERFAMILY	SSF53335	S-adenosyl-L-methionine-dependent methyltransferases	5	585	4.15E-58	T	26-06-2023	IPR029063	S-adenosyl-L-methionine-dependent methyltransferase superfamily
LWLN01000003.1_83	daeb8bd931f92385e97ac2915fdffc5f	617	MobiDBLite	mobidb-lite	consensus disorder prediction	220	239	-	T	26-06-2023	-	-
LWLN01000003.1_83	daeb8bd931f92385e97ac2915fdffc5f	617	PRINTS	PR00105	Cytosine-specific DNA methyltransferase signature	7	23	6.9E-11	T	26-06-2023	IPR001525	C-5 cytosine methyltransferase
LWLN01000003.1_83	daeb8bd931f92385e97ac2915fdffc5f	617	PRINTS	PR00105	Cytosine-specific DNA methyltransferase signature	143	157	6.9E-11	T	26-06-2023	IPR001525	C-5 cytosine methyltransferase
LWLN01000003.1_83	daeb8bd931f92385e97ac2915fdffc5f	617	PRINTS	PR00105	Cytosine-specific DNA methyltransferase signature	206	219	6.9E-11	T	26-06-2023	IPR001525	C-5 cytosine methyltransferase
LWLN01000003.1_83	daeb8bd931f92385e97ac2915fdffc5f	617	Gene3D	G3DSA:3.90.120.10	DNA Methylase, subunit A, domain 2	495	577	2.5E-10	T	26-06-2023	-	-
LWLN01000003.1_83	daeb8bd931f92385e97ac2915fdffc5f	617	PANTHER	PTHR10629	CYTOSINE-SPECIFIC METHYLTRANSFERASE	4	586	6.6E-42	T	26-06-2023	-	-
LWLN01000003.1_93	90c872253b7c4de7a64cd81872d33ac7	116	SUPERFAMILY	SSF46785	"Winged helix" DNA-binding domain	36	80	4.91E-7	T	26-06-2023	IPR036390	Winged helix DNA-binding domain superfamily
LWLN01000003.1_93	90c872253b7c4de7a64cd81872d33ac7	116	Gene3D	G3DSA:1.10.10.10	-	1	85	1.4E-21	T	26-06-2023	IPR036388	Winged helix-like DNA-binding domain superfamily
LWLN01000003.1_93	90c872253b7c4de7a64cd81872d33ac7	116	MobiDBLite	mobidb-lite	consensus disorder prediction	93	116	-	T	26-06-2023	-	-
LWLN01000003.1_93	90c872253b7c4de7a64cd81872d33ac7	116	MobiDBLite	mobidb-lite	consensus disorder prediction	77	116	-	T	26-06-2023	-	-
LWLN01000003.1_81	7b2fa33430ed4b7baa6fc18fc692b87c	429	MobiDBLite	mobidb-lite	consensus disorder prediction	158	192	-	T	26-06-2023	-	-
LWLN01000003.1_90	00ae1b681813516bb78197e7f2be40f6	417	MobiDBLite	mobidb-lite	consensus disorder prediction	77	108	-	T	26-06-2023	-	-
LWLN01000003.1_90	00ae1b681813516bb78197e7f2be40f6	417	MobiDBLite	mobidb-lite	consensus disorder prediction	93	108	-	T	26-06-2023	-	-
LWLN01000003.1_19	df0c6213939bf6405614b6a1e58318d8	242	ProSiteProfiles	PS51318	Twin arginine translocation (Tat) signal profile.	1	34	9.742337	T	26-06-2023	IPR006311	Twin-arginine translocation pathway, signal sequence
LWLN01000003.1_103	0839fb56e2a2fe2b420a75c7a57fecda	180	MobiDBLite	mobidb-lite	consensus disorder prediction	18	37	-	T	26-06-2023	-	-
LWLN01000003.1_103	0839fb56e2a2fe2b420a75c7a57fecda	180	MobiDBLite	mobidb-lite	consensus disorder prediction	21	37	-	T	26-06-2023	-	-
LWLN01000003.1_103	0839fb56e2a2fe2b420a75c7a57fecda	180	Pfam	PF18780	Homing endonuclease associated repeat	3	55	3.8E-21	T	26-06-2023	IPR041025	Homing endonuclease associated repeat
LWLN01000003.1_103	0839fb56e2a2fe2b420a75c7a57fecda	180	Pfam	PF18780	Homing endonuclease associated repeat	62	113	3.0E-16	T	26-06-2023	IPR041025	Homing endonuclease associated repeat
LWLN01000003.1_103	0839fb56e2a2fe2b420a75c7a57fecda	180	Pfam	PF18780	Homing endonuclease associated repeat	125	176	1.5E-18	T	26-06-2023	IPR041025	Homing endonuclease associated repeat
LWLN01000003.1_5	0839fb56e2a2fe2b420a75c7a57fecda	180	MobiDBLite	mobidb-lite	consensus disorder prediction	18	37	-	T	26-06-2023	-	-
LWLN01000003.1_5	0839fb56e2a2fe2b420a75c7a57fecda	180	MobiDBLite	mobidb-lite	consensus disorder prediction	21	37	-	T	26-06-2023	-	-
LWLN01000003.1_5	0839fb56e2a2fe2b420a75c7a57fecda	180	Pfam	PF18780	Homing endonuclease associated repeat	3	55	3.8E-21	T	26-06-2023	IPR041025	Homing endonuclease associated repeat
LWLN01000003.1_5	0839fb56e2a2fe2b420a75c7a57fecda	180	Pfam	PF18780	Homing endonuclease associated repeat	62	113	3.0E-16	T	26-06-2023	IPR041025	Homing endonuclease associated repeat
LWLN01000003.1_5	0839fb56e2a2fe2b420a75c7a57fecda	180	Pfam	PF18780	Homing endonuclease associated repeat	125	176	1.5E-18	T	26-06-2023	IPR041025	Homing endonuclease associated repeat
LWLN01000003.1_15	46b62678a488847aeb87eea96ccd6e59	265	ProSiteProfiles	PS51318	Twin arginine translocation (Tat) signal profile.	1	40	8.164345	T	26-06-2023	IPR006311	Twin-arginine translocation pathway, signal sequence
LWLN01000003.1_87	38dd5566204d4205b860b88d0603dbb7	61	MobiDBLite	mobidb-lite	consensus disorder prediction	1	33	-	T	26-06-2023	-	-
LWLN01000003.1_87	38dd5566204d4205b860b88d0603dbb7	61	MobiDBLite	mobidb-lite	consensus disorder prediction	1	24	-	T	26-06-2023	-	-
LWLN01000003.1_42	75207f42dce571dc5aacb33346f4983b	372	Pfam	PF00589	Phage integrase family	136	359	5.1E-13	T	26-06-2023	IPR002104	Integrase, catalytic domain
LWLN01000003.1_42	75207f42dce571dc5aacb33346f4983b	372	Gene3D	G3DSA:1.10.150.130	-	12	121	1.7E-14	T	26-06-2023	IPR010998	Integrase/recombinase, N-terminal
LWLN01000003.1_42	75207f42dce571dc5aacb33346f4983b	372	Gene3D	G3DSA:1.10.443.10	Intergrase catalytic core	127	371	1.3E-24	T	26-06-2023	IPR013762	Integrase-like, catalytic domain superfamily
LWLN01000003.1_42	75207f42dce571dc5aacb33346f4983b	372	CDD	cd00397	DNA_BRE_C	156	351	1.04399E-12	T	26-06-2023	-	-
LWLN01000003.1_42	75207f42dce571dc5aacb33346f4983b	372	ProSiteProfiles	PS51898	Tyrosine recombinase domain profile.	129	368	19.749006	T	26-06-2023	IPR002104	Integrase, catalytic domain
LWLN01000003.1_42	75207f42dce571dc5aacb33346f4983b	372	SUPERFAMILY	SSF56349	DNA breaking-rejoining enzymes	17	365	9.71E-30	T	26-06-2023	IPR011010	DNA breaking-rejoining enzyme, catalytic core
LWLN01000003.1_42	75207f42dce571dc5aacb33346f4983b	372	ProSiteProfiles	PS51900	Core-binding (CB) domain profile.	17	103	10.822357	T	26-06-2023	IPR044068	Core-binding (CB) domain
LWLN01000003.1_32	0afae6efb744462ca6fae0690e5f608d	498	MobiDBLite	mobidb-lite	consensus disorder prediction	142	162	-	T	26-06-2023	-	-
LWLN01000003.1_7	8a301fea3d0afbb16c74590ee4c3795e	50	MobiDBLite	mobidb-lite	consensus disorder prediction	1	30	-	T	26-06-2023	-	-
LWLN01000003.1_105	8a301fea3d0afbb16c74590ee4c3795e	50	MobiDBLite	mobidb-lite	consensus disorder prediction	1	30	-	T	26-06-2023	-	-
LWLN01000003.1_47	f721374dca5f3621a48b8a5156c40f42	154	MobiDBLite	mobidb-lite	consensus disorder prediction	21	68	-	T	26-06-2023	-	-
LWLN01000003.1_47	f721374dca5f3621a48b8a5156c40f42	154	NCBIfam	NF038353	FxLYD domain	81	148	8.1E-21	T	26-06-2023	IPR047676	FxLYD domain
LWLN01000003.1_47	f721374dca5f3621a48b8a5156c40f42	154	MobiDBLite	mobidb-lite	consensus disorder prediction	28	42	-	T	26-06-2023	-	-
LWLN01000003.1_47	f721374dca5f3621a48b8a5156c40f42	154	ProSiteProfiles	PS51257	Prokaryotic membrane lipoprotein lipid attachment site profile.	1	21	7.0	T	26-06-2023	-	-
LWLN01000003.1_31	68256b17a674b7607dcbe7dd74791549	242	Coils	Coil	Coil	42	62	-	T	26-06-2023	-	-
LWLN01000003.1_30	bd19d953d69965920bb282cdb5bf04ec	314	MobiDBLite	mobidb-lite	consensus disorder prediction	294	314	-	T	26-06-2023	-	-
LWLN01000003.1_30	bd19d953d69965920bb282cdb5bf04ec	314	Gene3D	G3DSA:3.30.1640.10	-	1	76	7.0E-7	T	26-06-2023	-	-
LWLN01000003.1_30	bd19d953d69965920bb282cdb5bf04ec	314	SUPERFAMILY	SSF50249	Nucleic acid-binding proteins	22	219	3.26E-32	T	26-06-2023	IPR012340	Nucleic acid-binding, OB-fold
LWLN01000003.1_30	bd19d953d69965920bb282cdb5bf04ec	314	SMART	SM00350	mcm	78	314	0.0024	T	26-06-2023	IPR031327	Mini-chromosome maintenance protein
LWLN01000003.1_30	bd19d953d69965920bb282cdb5bf04ec	314	Pfam	PF17207	MCM OB domain	87	205	2.7E-18	T	26-06-2023	IPR033762	MCM OB domain
LWLN01000003.1_30	bd19d953d69965920bb282cdb5bf04ec	314	Gene3D	G3DSA:2.20.28.10	-	112	157	8.3E-11	T	26-06-2023	-	-
LWLN01000003.1_30	bd19d953d69965920bb282cdb5bf04ec	314	MobiDBLite	mobidb-lite	consensus disorder prediction	299	314	-	T	26-06-2023	-	-
LWLN01000003.1_30	bd19d953d69965920bb282cdb5bf04ec	314	FunFam	G3DSA:2.20.28.10:FF:000003	DNA helicase	111	158	2.2E-8	T	26-06-2023	-	-
LWLN01000003.1_30	bd19d953d69965920bb282cdb5bf04ec	314	Gene3D	G3DSA:2.40.50.140	-	83	227	1.4E-14	T	26-06-2023	IPR012340	Nucleic acid-binding, OB-fold
LWLN01000003.1_30	bd19d953d69965920bb282cdb5bf04ec	314	PANTHER	PTHR11630	DNA REPLICATION LICENSING FACTOR MCM FAMILY MEMBER	26	228	2.7E-22	T	26-06-2023	IPR031327	Mini-chromosome maintenance protein
LWLN01000003.1_29	fc22d23003fd3b09c5c265b6ec286cff	830	MobiDBLite	mobidb-lite	consensus disorder prediction	1	61	-	T	26-06-2023	-	-
LWLN01000003.1_29	fc22d23003fd3b09c5c265b6ec286cff	830	Gene3D	G3DSA:3.40.50.300	-	434	590	8.5E-9	T	26-06-2023	IPR027417	P-loop containing nucleoside triphosphate hydrolase
LWLN01000003.1_29	fc22d23003fd3b09c5c265b6ec286cff	830	MobiDBLite	mobidb-lite	consensus disorder prediction	1	32	-	T	26-06-2023	-	-
LWLN01000003.1_29	fc22d23003fd3b09c5c265b6ec286cff	830	Coils	Coil	Coil	45	65	-	T	26-06-2023	-	-
LWLN01000003.1_79	c03209d4622d313fef40c3d3de36474d	108	SUPERFAMILY	SSF46785	"Winged helix" DNA-binding domain	21	82	1.38E-9	T	26-06-2023	IPR036390	Winged helix DNA-binding domain superfamily
LWLN01000003.1_79	c03209d4622d313fef40c3d3de36474d	108	Pfam	PF01978	Sugar-specific transcriptional regulator TrmB	25	69	5.7E-7	T	26-06-2023	IPR002831	Transcription regulator TrmB, N-terminal
LWLN01000003.1_79	c03209d4622d313fef40c3d3de36474d	108	MobiDBLite	mobidb-lite	consensus disorder prediction	86	108	-	T	26-06-2023	-	-
LWLN01000003.1_79	c03209d4622d313fef40c3d3de36474d	108	Gene3D	G3DSA:1.10.10.10	-	19	94	5.7E-7	T	26-06-2023	IPR036388	Winged helix-like DNA-binding domain superfamily
LWLN01000003.1_25	6734b2c7aa8118bed3984340e166eac9	220	MobiDBLite	mobidb-lite	consensus disorder prediction	1	27	-	T	26-06-2023	-	-
LWLN01000003.1_25	6734b2c7aa8118bed3984340e166eac9	220	MobiDBLite	mobidb-lite	consensus disorder prediction	178	205	-	T	26-06-2023	-	-
LWLN01000003.1_25	6734b2c7aa8118bed3984340e166eac9	220	MobiDBLite	mobidb-lite	consensus disorder prediction	1	20	-	T	26-06-2023	-	-
LWLN01000003.1_50	4ab9f2daae13572bc7bd1189812f1a15	58	MobiDBLite	mobidb-lite	consensus disorder prediction	1	22	-	T	26-06-2023	-	-
LWLN01000003.1_76	f43acf86ac710fcf0c824018b1850624	209	Coils	Coil	Coil	15	42	-	T	26-06-2023	-	-
LWLN01000003.1_82	da50bad17d04b5267edb5b4a62a41443	240	Gene3D	G3DSA:6.20.20.10	-	74	116	1.0E-6	T	26-06-2023	-	-
LWLN01000003.1_82	da50bad17d04b5267edb5b4a62a41443	240	SUPERFAMILY	SSF57938	DnaJ/Hsp40 cysteine-rich domain	79	109	7.32E-5	T	26-06-2023	IPR036410	Heat shock protein DnaJ, cysteine-rich domain superfamily
LWLN01000003.1_98	272e9f36fe142e1f3c6febe2b698c147	77	MobiDBLite	mobidb-lite	consensus disorder prediction	55	77	-	T	26-06-2023	-	-
LWLN01000003.1_113	08ef8176b45c804eec02d251e96ff7fa	55	ProSiteProfiles	PS51318	Twin arginine translocation (Tat) signal profile.	1	40	8.164345	T	26-06-2023	IPR006311	Twin-arginine translocation pathway, signal sequence
LWLN01000003.1_73	69e348b56c180c05dff6080ce04ff963	120	MobiDBLite	mobidb-lite	consensus disorder prediction	39	73	-	T	26-06-2023	-	-
LWLN01000003.1_3	5b5667b0e588124338b641af5c61786f	155	Pfam	PF07790	Archaeal Type IV pilin, N-terminal	17	88	3.5E-16	T	26-06-2023	IPR012859	Archaeal Type IV pilin, N-terminal
LWLN01000003.1_3	5b5667b0e588124338b641af5c61786f	155	NCBIfam	TIGR02537	archaeal flagellin N-terminal-like domain	17	39	3.8E-6	T	26-06-2023	IPR013373	Flagellin/pilin, N-terminal site, archaea
LWLN01000003.1_3	5b5667b0e588124338b641af5c61786f	155	PANTHER	PTHR38138	VNG6441H	12	100	3.2E-10	T	26-06-2023	-	-
LWLN01000003.1_3	5b5667b0e588124338b641af5c61786f	155	MobiDBLite	mobidb-lite	consensus disorder prediction	95	120	-	T	26-06-2023	-	-
LWLN01000003.1_101	5b5667b0e588124338b641af5c61786f	155	Pfam	PF07790	Archaeal Type IV pilin, N-terminal	17	88	3.5E-16	T	26-06-2023	IPR012859	Archaeal Type IV pilin, N-terminal
LWLN01000003.1_101	5b5667b0e588124338b641af5c61786f	155	NCBIfam	TIGR02537	archaeal flagellin N-terminal-like domain	17	39	3.8E-6	T	26-06-2023	IPR013373	Flagellin/pilin, N-terminal site, archaea
LWLN01000003.1_101	5b5667b0e588124338b641af5c61786f	155	PANTHER	PTHR38138	VNG6441H	12	100	3.2E-10	T	26-06-2023	-	-
LWLN01000003.1_101	5b5667b0e588124338b641af5c61786f	155	MobiDBLite	mobidb-lite	consensus disorder prediction	95	120	-	T	26-06-2023	-	-
LWLN01000003.1_100	ca74257048b118c3715d73841a0d056b	165	PANTHER	PTHR38138	VNG6441H	12	80	7.6E-9	T	26-06-2023	-	-
LWLN01000003.1_100	ca74257048b118c3715d73841a0d056b	165	Pfam	PF07790	Archaeal Type IV pilin, N-terminal	17	75	7.9E-17	T	26-06-2023	IPR012859	Archaeal Type IV pilin, N-terminal
LWLN01000003.1_100	ca74257048b118c3715d73841a0d056b	165	NCBIfam	TIGR02537	archaeal flagellin N-terminal-like domain	17	39	2.9E-6	T	26-06-2023	IPR013373	Flagellin/pilin, N-terminal site, archaea
LWLN01000003.1_2	ca74257048b118c3715d73841a0d056b	165	PANTHER	PTHR38138	VNG6441H	12	80	7.6E-9	T	26-06-2023	-	-
LWLN01000003.1_2	ca74257048b118c3715d73841a0d056b	165	Pfam	PF07790	Archaeal Type IV pilin, N-terminal	17	75	7.9E-17	T	26-06-2023	IPR012859	Archaeal Type IV pilin, N-terminal
LWLN01000003.1_2	ca74257048b118c3715d73841a0d056b	165	NCBIfam	TIGR02537	archaeal flagellin N-terminal-like domain	17	39	2.9E-6	T	26-06-2023	IPR013373	Flagellin/pilin, N-terminal site, archaea
LWLN01000003.1_39	038ece76e7fbf03a69cdc1ce416e84b6	120	Pfam	PF14520	Helix-hairpin-helix domain	70	118	1.8E-11	T	26-06-2023	-	-
LWLN01000003.1_39	038ece76e7fbf03a69cdc1ce416e84b6	120	Gene3D	G3DSA:1.10.150.20	-	52	120	2.6E-12	T	26-06-2023	-	-
LWLN01000003.1_39	038ece76e7fbf03a69cdc1ce416e84b6	120	SMART	SM00278	HhH1_4	67	86	320.0	T	26-06-2023	IPR003583	Helix-hairpin-helix DNA-binding motif, class 1
LWLN01000003.1_39	038ece76e7fbf03a69cdc1ce416e84b6	120	SMART	SM00278	HhH1_4	99	118	0.93	T	26-06-2023	IPR003583	Helix-hairpin-helix DNA-binding motif, class 1
LWLN01000003.1_39	038ece76e7fbf03a69cdc1ce416e84b6	120	SUPERFAMILY	SSF47781	RuvA domain 2-like	56	118	1.96E-10	T	26-06-2023	IPR010994	RuvA domain 2-like
LWLN01000003.1_26	a6b684929d6470d60392806df1b2460f	335	Coils	Coil	Coil	245	279	-	T	26-06-2023	-	-
LWLN01000003.1_26	a6b684929d6470d60392806df1b2460f	335	MobiDBLite	mobidb-lite	consensus disorder prediction	298	335	-	T	26-06-2023	-	-
LWLN01000003.1_26	a6b684929d6470d60392806df1b2460f	335	Coils	Coil	Coil	295	318	-	T	26-06-2023	-	-
LWLN01000003.1_26	a6b684929d6470d60392806df1b2460f	335	MobiDBLite	mobidb-lite	consensus disorder prediction	317	335	-	T	26-06-2023	-	-
LWLN01000003.1_26	a6b684929d6470d60392806df1b2460f	335	MobiDBLite	mobidb-lite	consensus disorder prediction	298	316	-	T	26-06-2023	-	-
LWLN01000003.1_34	c6f083083dc32fc2d34fb1257be2774a	162	MobiDBLite	mobidb-lite	consensus disorder prediction	141	162	-	T	26-06-2023	-	-
LWLN01000003.1_34	c6f083083dc32fc2d34fb1257be2774a	162	MobiDBLite	mobidb-lite	consensus disorder prediction	134	162	-	T	26-06-2023	-	-
LWLN01000003.1_88	654cc01ace533e7148a80747e9062e61	78	SUPERFAMILY	SSF46785	"Winged helix" DNA-binding domain	7	74	3.67E-6	T	26-06-2023	IPR036390	Winged helix DNA-binding domain superfamily
LWLN01000003.1_68	543d6ff94a54754fb1a5e77d9fb6de05	116	MobiDBLite	mobidb-lite	consensus disorder prediction	93	109	-	T	26-06-2023	-	-
LWLN01000003.1_68	543d6ff94a54754fb1a5e77d9fb6de05	116	MobiDBLite	mobidb-lite	consensus disorder prediction	67	116	-	T	26-06-2023	-	-
LWLN01000003.1_99	2c966a68baa7123d5a5a426b0ae86227	350	SMART	SM00382	AAA_5	47	191	2.7E-4	T	26-06-2023	IPR003593	AAA+ ATPase domain
LWLN01000003.1_99	2c966a68baa7123d5a5a426b0ae86227	350	Gene3D	G3DSA:1.10.8.60	-	13	265	1.4E-47	T	26-06-2023	-	-
LWLN01000003.1_99	2c966a68baa7123d5a5a426b0ae86227	350	Gene3D	G3DSA:3.40.50.300	-	25	189	1.4E-47	T	26-06-2023	IPR027417	P-loop containing nucleoside triphosphate hydrolase
LWLN01000003.1_99	2c966a68baa7123d5a5a426b0ae86227	350	CDD	cd00009	AAA	52	181	2.45758E-7	T	26-06-2023	-	-
LWLN01000003.1_99	2c966a68baa7123d5a5a426b0ae86227	350	Pfam	PF13401	AAA domain	51	155	3.8E-11	T	26-06-2023	IPR003593	AAA+ ATPase domain
LWLN01000003.1_99	2c966a68baa7123d5a5a426b0ae86227	350	SUPERFAMILY	SSF52540	P-loop containing nucleoside triphosphate hydrolases	13	261	8.47E-31	T	26-06-2023	IPR027417	P-loop containing nucleoside triphosphate hydrolase
LWLN01000003.1_99	2c966a68baa7123d5a5a426b0ae86227	350	PANTHER	PTHR10763	CELL DIVISION CONTROL PROTEIN 6-RELATED	13	303	2.1E-28	T	26-06-2023	-	-
LWLN01000003.1_60	616b6b50d220f73a0dd925d9e273c662	308	CDD	cd02042	ParAB_family	3	201	7.51065E-13	T	26-06-2023	-	-
LWLN01000003.1_60	616b6b50d220f73a0dd925d9e273c662	308	PANTHER	PTHR13696	P-LOOP CONTAINING NUCLEOSIDE TRIPHOSPHATE HYDROLASE	2	293	5.2E-25	T	26-06-2023	-	-
LWLN01000003.1_60	616b6b50d220f73a0dd925d9e273c662	308	Gene3D	G3DSA:3.40.50.300	-	1	302	7.5E-35	T	26-06-2023	IPR027417	P-loop containing nucleoside triphosphate hydrolase
LWLN01000003.1_60	616b6b50d220f73a0dd925d9e273c662	308	Pfam	PF13614	AAA domain	2	159	3.2E-18	T	26-06-2023	IPR025669	AAA domain
LWLN01000003.1_60	616b6b50d220f73a0dd925d9e273c662	308	SUPERFAMILY	SSF52540	P-loop containing nucleoside triphosphate hydrolases	2	200	1.06E-23	T	26-06-2023	IPR027417	P-loop containing nucleoside triphosphate hydrolase
LWLN01000003.1_66	04301dfec31d637bf4074a08a03b449c	152	MobiDBLite	mobidb-lite	consensus disorder prediction	98	120	-	T	26-06-2023	-	-
LWLN01000003.1_66	04301dfec31d637bf4074a08a03b449c	152	MobiDBLite	mobidb-lite	consensus disorder prediction	95	120	-	T	26-06-2023	-	-
LWLN01000003.1_22	9b90b82b376f94a75a99106750f01b4d	100	MobiDBLite	mobidb-lite	consensus disorder prediction	60	76	-	T	26-06-2023	-	-
LWLN01000003.1_22	9b90b82b376f94a75a99106750f01b4d	100	MobiDBLite	mobidb-lite	consensus disorder prediction	57	100	-	T	26-06-2023	-	-
LWLN01000003.1_22	9b90b82b376f94a75a99106750f01b4d	100	MobiDBLite	mobidb-lite	consensus disorder prediction	77	100	-	T	26-06-2023	-	-
LWLN01000003.1_23	05e6a5398ab5dc4aa1efc822bc857d76	104	MobiDBLite	mobidb-lite	consensus disorder prediction	81	104	-	T	26-06-2023	-	-
