>NC_015659.1_91	6902949771385d45f3bb3d5e27979221	79	MobiDBLite	mobidb-lite	consensus disorder prediction	63	79	-	T	21-06-2023	-	-
>NC_015659.1_91	6902949771385d45f3bb3d5e27979221	79	MobiDBLite	mobidb-lite	consensus disorder prediction	55	79	-	T	21-06-2023	-	-
>NC_015659.1_86	f1c4cdc958de9ba7815ffe76b3021ba7	418	MobiDBLite	mobidb-lite	consensus disorder prediction	45	67	-	T	21-06-2023	-	-
>NC_015659.1_86	f1c4cdc958de9ba7815ffe76b3021ba7	418	Coils	Coil	Coil	387	411	-	T	21-06-2023	-	-
>NC_015659.1_86	f1c4cdc958de9ba7815ffe76b3021ba7	418	Coils	Coil	Coil	259	293	-	T	21-06-2023	-	-
>NC_015659.1_41	c8b9e929d01e7af3e087d2eb5fe00b3f	148	MobiDBLite	mobidb-lite	consensus disorder prediction	1	43	-	T	21-06-2023	-	-
>NC_015659.1_87	536cf28ce40ea2f8563afb4b5d0fd543	343	MobiDBLite	mobidb-lite	consensus disorder prediction	312	343	-	T	21-06-2023	-	-
>NC_015659.1_87	536cf28ce40ea2f8563afb4b5d0fd543	343	Coils	Coil	Coil	248	282	-	T	21-06-2023	-	-
>NC_015659.1_87	536cf28ce40ea2f8563afb4b5d0fd543	343	Coils	Coil	Coil	291	311	-	T	21-06-2023	-	-
>NC_015659.1_55	5761e0dc116f2f3e34d428e6ec019d5b	71	MobiDBLite	mobidb-lite	consensus disorder prediction	8	23	-	T	21-06-2023	-	-
>NC_015659.1_55	5761e0dc116f2f3e34d428e6ec019d5b	71	MobiDBLite	mobidb-lite	consensus disorder prediction	1	23	-	T	21-06-2023	-	-
>NC_015659.1_73	cf6b0d00cb3e8f94b12502c97f54104a	125	MobiDBLite	mobidb-lite	consensus disorder prediction	94	113	-	T	21-06-2023	-	-
>NC_015659.1_73	cf6b0d00cb3e8f94b12502c97f54104a	125	MobiDBLite	mobidb-lite	consensus disorder prediction	94	125	-	T	21-06-2023	-	-
>NC_015659.1_21	168cdba5a7e5cfd1dd9edbeed239c617	107	MobiDBLite	mobidb-lite	consensus disorder prediction	85	107	-	T	21-06-2023	-	-
>NC_015659.1_21	168cdba5a7e5cfd1dd9edbeed239c617	107	Pfam	PF09339	IclR helix-turn-helix domain	33	71	1.6E-5	T	21-06-2023	IPR005471	Transcription regulator IclR, N-terminal
>NC_015659.1_21	168cdba5a7e5cfd1dd9edbeed239c617	107	SUPERFAMILY	SSF46785	"Winged helix" DNA-binding domain	23	75	8.59E-8	T	21-06-2023	IPR036390	Winged helix DNA-binding domain superfamily
>NC_015659.1_21	168cdba5a7e5cfd1dd9edbeed239c617	107	Gene3D	G3DSA:1.10.10.10	-	20	98	4.6E-6	T	21-06-2023	IPR036388	Winged helix-like DNA-binding domain superfamily
>NC_015659.1_88	53910d494930227b266af7d27ff3f321	194	Coils	Coil	Coil	144	164	-	T	21-06-2023	-	-
>NC_015659.1_88	53910d494930227b266af7d27ff3f321	194	MobiDBLite	mobidb-lite	consensus disorder prediction	173	194	-	T	21-06-2023	-	-
>NC_015659.1_82	cb68989e69678dffab30055fe2f39f36	500	Coils	Coil	Coil	419	439	-	T	21-06-2023	-	-
>NC_015659.1_100	4a2024c2f2d3f46f457bae9f75011b1b	272	MobiDBLite	mobidb-lite	consensus disorder prediction	22	46	-	T	21-06-2023	-	-
>NC_015659.1_28	3edad55d5642e5adcd6cf213c90c809c	105	Gene3D	G3DSA:1.10.10.10	-	21	103	2.2E-9	T	21-06-2023	IPR036388	Winged helix-like DNA-binding domain superfamily
>NC_015659.1_28	3edad55d5642e5adcd6cf213c90c809c	105	Pfam	PF03551	Transcriptional regulator PadR-like family	23	90	2.6E-13	T	21-06-2023	IPR005149	Transcription regulator PadR, N-terminal
>NC_015659.1_28	3edad55d5642e5adcd6cf213c90c809c	105	SUPERFAMILY	SSF46785	"Winged helix" DNA-binding domain	17	98	2.16E-13	T	21-06-2023	IPR036390	Winged helix DNA-binding domain superfamily
>NC_015659.1_57	227aae2a488e8bf8adef64bdac0677b1	219	Pfam	PF13482	RNase_H superfamily	16	116	1.7E-9	T	21-06-2023	IPR038720	YprB, ribonuclease H-like domain
>NC_015659.1_57	227aae2a488e8bf8adef64bdac0677b1	219	Gene3D	G3DSA:3.30.420.10	-	12	208	3.8E-11	T	21-06-2023	IPR036397	Ribonuclease H superfamily
>NC_015659.1_57	227aae2a488e8bf8adef64bdac0677b1	219	SUPERFAMILY	SSF53098	Ribonuclease H-like	10	115	1.24E-16	T	21-06-2023	IPR012337	Ribonuclease H-like superfamily
>NC_015659.1_66	264994e5ade48c744dcd6cbbd91c7f1d	126	Pfam	PF14216	Domain of unknown function (DUF4326)	31	119	5.7E-17	T	21-06-2023	IPR025475	Protein of unknown function DUF4326)
>NC_015659.1_16	e247cae51331bbdd1e9c957d3835c746	698	Gene3D	G3DSA:2.40.50.140	-	122	232	1.1E-23	T	21-06-2023	IPR012340	Nucleic acid-binding, OB-fold
>NC_015659.1_16	e247cae51331bbdd1e9c957d3835c746	698	Gene3D	G3DSA:3.30.1640.10	-	2	103	3.2E-25	T	21-06-2023	-	-
>NC_015659.1_16	e247cae51331bbdd1e9c957d3835c746	698	Pfam	PF14551	MCM N-terminal domain	14	85	1.9E-10	T	21-06-2023	IPR027925	MCM N-terminal domain
>NC_015659.1_16	e247cae51331bbdd1e9c957d3835c746	698	SMART	SM00350	mcm	109	609	1.4E-94	T	21-06-2023	IPR031327	Mini-chromosome maintenance protein
>NC_015659.1_16	e247cae51331bbdd1e9c957d3835c746	698	Gene3D	G3DSA:3.40.50.300	-	269	613	2.3E-113	T	21-06-2023	IPR027417	P-loop containing nucleoside triphosphate hydrolase
>NC_015659.1_16	e247cae51331bbdd1e9c957d3835c746	698	ProSiteProfiles	PS50051	MCM family domain profile.	285	493	63.459236	T	21-06-2023	IPR001208	MCM domain
>NC_015659.1_16	e247cae51331bbdd1e9c957d3835c746	698	Pfam	PF17207	MCM OB domain	122	232	8.4E-19	T	21-06-2023	IPR033762	MCM OB domain
>NC_015659.1_16	e247cae51331bbdd1e9c957d3835c746	698	SUPERFAMILY	SSF52540	P-loop containing nucleoside triphosphate hydrolases	297	618	1.41E-28	T	21-06-2023	IPR027417	P-loop containing nucleoside triphosphate hydrolase
>NC_015659.1_16	e247cae51331bbdd1e9c957d3835c746	698	Gene3D	G3DSA:1.10.10.10	-	614	697	4.1E-29	T	21-06-2023	IPR036388	Winged helix-like DNA-binding domain superfamily
>NC_015659.1_16	e247cae51331bbdd1e9c957d3835c746	698	PANTHER	PTHR11630	DNA REPLICATION LICENSING FACTOR MCM FAMILY MEMBER	11	664	0.0	T	21-06-2023	IPR031327	Mini-chromosome maintenance protein
>NC_015659.1_16	e247cae51331bbdd1e9c957d3835c746	698	MobiDBLite	mobidb-lite	consensus disorder prediction	663	698	-	T	21-06-2023	-	-
>NC_015659.1_16	e247cae51331bbdd1e9c957d3835c746	698	SUPERFAMILY	SSF50249	Nucleic acid-binding proteins	15	232	3.26E-32	T	21-06-2023	IPR012340	Nucleic acid-binding, OB-fold
>NC_015659.1_16	e247cae51331bbdd1e9c957d3835c746	698	Gene3D	G3DSA:2.20.28.10	-	140	188	1.1E-23	T	21-06-2023	-	-
>NC_015659.1_16	e247cae51331bbdd1e9c957d3835c746	698	Pfam	PF17855	MCM AAA-lid domain	525	607	1.2E-24	T	21-06-2023	IPR041562	MCM, AAA-lid domain
>NC_015659.1_16	e247cae51331bbdd1e9c957d3835c746	698	Pfam	PF00493	MCM P-loop domain	274	494	6.4E-78	T	21-06-2023	IPR001208	MCM domain
>NC_015659.1_16	e247cae51331bbdd1e9c957d3835c746	698	FunFam	G3DSA:2.20.28.10:FF:000003	DNA helicase	140	187	1.7E-8	T	21-06-2023	-	-
>NC_015659.1_16	e247cae51331bbdd1e9c957d3835c746	698	FunFam	G3DSA:3.40.50.300:FF:002469	Cell division control protein 21	270	614	1.3E-87	T	21-06-2023	-	-
>NC_015659.1_16	e247cae51331bbdd1e9c957d3835c746	698	PRINTS	PR01657	Mini-chromosome maintenance (MCM) protein family signature	326	341	3.4E-21	T	21-06-2023	IPR001208	MCM domain
>NC_015659.1_16	e247cae51331bbdd1e9c957d3835c746	698	PRINTS	PR01657	Mini-chromosome maintenance (MCM) protein family signature	387	401	3.4E-21	T	21-06-2023	IPR001208	MCM domain
>NC_015659.1_16	e247cae51331bbdd1e9c957d3835c746	698	PRINTS	PR01657	Mini-chromosome maintenance (MCM) protein family signature	415	428	3.4E-21	T	21-06-2023	IPR001208	MCM domain
>NC_015659.1_16	e247cae51331bbdd1e9c957d3835c746	698	PRINTS	PR01657	Mini-chromosome maintenance (MCM) protein family signature	440	452	3.4E-21	T	21-06-2023	IPR001208	MCM domain
>NC_015659.1_16	e247cae51331bbdd1e9c957d3835c746	698	PRINTS	PR01657	Mini-chromosome maintenance (MCM) protein family signature	467	475	3.4E-21	T	21-06-2023	IPR001208	MCM domain
>NC_015659.1_23	d4ec8da33e35affbfdee74c7a8521090	178	MobiDBLite	mobidb-lite	consensus disorder prediction	1	26	-	T	21-06-2023	-	-
>NC_015659.1_23	d4ec8da33e35affbfdee74c7a8521090	178	MobiDBLite	mobidb-lite	consensus disorder prediction	1	83	-	T	21-06-2023	-	-
>NC_015659.1_23	d4ec8da33e35affbfdee74c7a8521090	178	MobiDBLite	mobidb-lite	consensus disorder prediction	48	62	-	T	21-06-2023	-	-
>NC_015659.1_23	d4ec8da33e35affbfdee74c7a8521090	178	MobiDBLite	mobidb-lite	consensus disorder prediction	136	178	-	T	21-06-2023	-	-
>NC_015659.1_74	ed73895cf77c1c21ade51ac92bbdef90	235	MobiDBLite	mobidb-lite	consensus disorder prediction	208	235	-	T	21-06-2023	-	-
>NC_015659.1_74	ed73895cf77c1c21ade51ac92bbdef90	235	MobiDBLite	mobidb-lite	consensus disorder prediction	1	23	-	T	21-06-2023	-	-
>NC_015659.1_18	b628df663456010d5e84242e5f89635d	230	MobiDBLite	mobidb-lite	consensus disorder prediction	103	120	-	T	21-06-2023	-	-
>NC_015659.1_18	b628df663456010d5e84242e5f89635d	230	MobiDBLite	mobidb-lite	consensus disorder prediction	93	120	-	T	21-06-2023	-	-
>NC_015659.1_3	c70cd73f53116377d6865055ff37db0f	252	Gene3D	G3DSA:3.90.550.10	Spore Coat Polysaccharide Biosynthesis Protein SpsA; Chain A	5	224	2.5E-41	T	21-06-2023	IPR029044	Nucleotide-diphospho-sugar transferases
>NC_015659.1_3	c70cd73f53116377d6865055ff37db0f	252	SUPERFAMILY	SSF53448	Nucleotide-diphospho-sugar transferases	7	177	3.99E-29	T	21-06-2023	IPR029044	Nucleotide-diphospho-sugar transferases
>NC_015659.1_3	c70cd73f53116377d6865055ff37db0f	252	CDD	cd02518	GT2_SpsF	8	244	3.80423E-80	T	21-06-2023	-	-
>NC_015659.1_3	c70cd73f53116377d6865055ff37db0f	252	PANTHER	PTHR42866	3-DEOXY-MANNO-OCTULOSONATE CYTIDYLYLTRANSFERASE	5	136	4.4E-26	T	21-06-2023	-	-
>NC_015659.1_3	c70cd73f53116377d6865055ff37db0f	252	Pfam	PF02348	Cytidylyltransferase	9	215	2.0E-26	T	21-06-2023	IPR003329	Acylneuraminate cytidylyltransferase
>NC_015659.1_81	2f5d159d48fe8607cc4410db5996f0d3	128	Pfam	PF14520	Helix-hairpin-helix domain	77	127	4.0E-10	T	21-06-2023	-	-
>NC_015659.1_81	2f5d159d48fe8607cc4410db5996f0d3	128	SUPERFAMILY	SSF47781	RuvA domain 2-like	68	127	1.26E-10	T	21-06-2023	IPR010994	RuvA domain 2-like
>NC_015659.1_81	2f5d159d48fe8607cc4410db5996f0d3	128	Gene3D	G3DSA:1.10.150.20	-	66	128	1.6E-11	T	21-06-2023	-	-
>NC_015659.1_58	597266bad0a57c1c67678e3a3148db91	93	MobiDBLite	mobidb-lite	consensus disorder prediction	1	25	-	T	21-06-2023	-	-
>NC_015659.1_58	597266bad0a57c1c67678e3a3148db91	93	MobiDBLite	mobidb-lite	consensus disorder prediction	1	22	-	T	21-06-2023	-	-
>NC_015659.1_12	52327773aa9f820a2ce829a3cee803c4	106	Gene3D	G3DSA:1.10.10.10	-	1	99	2.1E-19	T	21-06-2023	IPR036388	Winged helix-like DNA-binding domain superfamily
>NC_015659.1_12	52327773aa9f820a2ce829a3cee803c4	106	SUPERFAMILY	SSF46785	"Winged helix" DNA-binding domain	42	88	1.39E-8	T	21-06-2023	IPR036390	Winged helix DNA-binding domain superfamily
>NC_015659.1_48	81b3aa7fe200650483635ad048d59aaa	76	Gene3D	G3DSA:1.10.1220.10	-	25	67	7.9E-14	T	21-06-2023	IPR013321	Arc-type ribbon-helix-helix
>NC_015659.1_48	81b3aa7fe200650483635ad048d59aaa	76	MobiDBLite	mobidb-lite	consensus disorder prediction	1	27	-	T	21-06-2023	-	-
>NC_015659.1_48	81b3aa7fe200650483635ad048d59aaa	76	MobiDBLite	mobidb-lite	consensus disorder prediction	10	27	-	T	21-06-2023	-	-
>NC_015659.1_48	81b3aa7fe200650483635ad048d59aaa	76	SUPERFAMILY	SSF47598	Ribbon-helix-helix	24	65	3.0E-10	T	21-06-2023	IPR010985	Ribbon-helix-helix
>NC_015659.1_48	81b3aa7fe200650483635ad048d59aaa	76	PANTHER	PTHR36215	BLL4998 PROTEIN	19	73	1.9E-10	T	21-06-2023	-	-
>NC_015659.1_48	81b3aa7fe200650483635ad048d59aaa	76	Pfam	PF01402	Ribbon-helix-helix protein, copG family	26	64	4.5E-10	T	21-06-2023	IPR002145	Ribbon-helix-helix protein, CopG
>NC_015659.1_48	81b3aa7fe200650483635ad048d59aaa	76	CDD	cd22231	RHH_NikR_HicB-like	26	65	2.26104E-13	T	21-06-2023	-	-
>NC_015659.1_69	baceba704bcb357e3012d9027ecd1c37	222	Coils	Coil	Coil	12	32	-	T	21-06-2023	-	-
>NC_015659.1_69	baceba704bcb357e3012d9027ecd1c37	222	Gene3D	G3DSA:3.90.320.10	-	14	210	8.4E-24	T	21-06-2023	IPR011604	PD-(D/E)XK endonuclease-like domain superfamily
>NC_015659.1_75	6da580045a7e6d844c9f20e7b9ff55d9	257	Gene3D	G3DSA:3.40.50.150	Vaccinia Virus protein VP39	4	241	1.3E-9	T	21-06-2023	IPR029063	S-adenosyl-L-methionine-dependent methyltransferase superfamily
>NC_015659.1_75	6da580045a7e6d844c9f20e7b9ff55d9	257	SUPERFAMILY	SSF53335	S-adenosyl-L-methionine-dependent methyltransferases	6	240	4.06E-13	T	21-06-2023	IPR029063	S-adenosyl-L-methionine-dependent methyltransferase superfamily
>NC_015659.1_24	257a65af53430e1ba08d4625c8ae77e9	31	MobiDBLite	mobidb-lite	consensus disorder prediction	10	31	-	T	21-06-2023	-	-
>NC_015659.1_24	257a65af53430e1ba08d4625c8ae77e9	31	MobiDBLite	mobidb-lite	consensus disorder prediction	1	31	-	T	21-06-2023	-	-
>NC_015659.1_103	8c6e5ed7ca3dc59247b3ff82b765a190	219	MobiDBLite	mobidb-lite	consensus disorder prediction	1	57	-	T	21-06-2023	-	-
>NC_015659.1_103	8c6e5ed7ca3dc59247b3ff82b765a190	219	MobiDBLite	mobidb-lite	consensus disorder prediction	7	31	-	T	21-06-2023	-	-
>NC_015659.1_26	40d3bc4f801832b9002dd779cb7b6b63	563	Gene3D	G3DSA:3.40.50.300	-	16	263	1.1E-51	T	21-06-2023	IPR027417	P-loop containing nucleoside triphosphate hydrolase
>NC_015659.1_26	40d3bc4f801832b9002dd779cb7b6b63	563	SUPERFAMILY	SSF52540	P-loop containing nucleoside triphosphate hydrolases	36	259	4.44E-25	T	21-06-2023	IPR027417	P-loop containing nucleoside triphosphate hydrolase
>NC_015659.1_26	40d3bc4f801832b9002dd779cb7b6b63	563	PANTHER	PTHR42957	HELICASE MJ1565-RELATED	112	248	2.8E-26	T	21-06-2023	-	-
>NC_015659.1_26	40d3bc4f801832b9002dd779cb7b6b63	563	Coils	Coil	Coil	361	395	-	T	21-06-2023	-	-
>NC_015659.1_26	40d3bc4f801832b9002dd779cb7b6b63	563	Pfam	PF01935	Helicase HerA, central domain	40	89	2.0E-10	T	21-06-2023	IPR002789	Helicase HerA, central domain
>NC_015659.1_26	40d3bc4f801832b9002dd779cb7b6b63	563	Coils	Coil	Coil	427	447	-	T	21-06-2023	-	-
>NC_015659.1_26	40d3bc4f801832b9002dd779cb7b6b63	563	MobiDBLite	mobidb-lite	consensus disorder prediction	1	25	-	T	21-06-2023	-	-
>NC_015659.1_26	40d3bc4f801832b9002dd779cb7b6b63	563	Coils	Coil	Coil	293	341	-	T	21-06-2023	-	-
>NC_015659.1_19	9e4b523d8719c3aea3fe6cbca0ede356	486	Coils	Coil	Coil	449	469	-	T	21-06-2023	-	-
>NC_015659.1_19	9e4b523d8719c3aea3fe6cbca0ede356	486	MobiDBLite	mobidb-lite	consensus disorder prediction	461	486	-	T	21-06-2023	-	-
>NC_015659.1_19	9e4b523d8719c3aea3fe6cbca0ede356	486	MobiDBLite	mobidb-lite	consensus disorder prediction	152	187	-	T	21-06-2023	-	-
>NC_015659.1_19	9e4b523d8719c3aea3fe6cbca0ede356	486	MobiDBLite	mobidb-lite	consensus disorder prediction	380	404	-	T	21-06-2023	-	-
>NC_015659.1_17	7a40d56c579ca26700c816b086848479	91	Gene3D	G3DSA:1.10.10.10	-	8	83	1.4E-6	T	21-06-2023	IPR036388	Winged helix-like DNA-binding domain superfamily
>NC_015659.1_17	7a40d56c579ca26700c816b086848479	91	Pfam	PF09339	IclR helix-turn-helix domain	36	78	1.3E-5	T	21-06-2023	IPR005471	Transcription regulator IclR, N-terminal
>NC_015659.1_17	7a40d56c579ca26700c816b086848479	91	CDD	cd00090	HTH_ARSR	33	82	1.85186E-5	T	21-06-2023	IPR011991	ArsR-like helix-turn-helix domain
>NC_015659.1_17	7a40d56c579ca26700c816b086848479	91	SUPERFAMILY	SSF46785	"Winged helix" DNA-binding domain	20	82	9.89E-8	T	21-06-2023	IPR036390	Winged helix DNA-binding domain superfamily
>NC_015659.1_53	53adec13b4c800d9b6451d84228e082e	138	MobiDBLite	mobidb-lite	consensus disorder prediction	1	17	-	T	21-06-2023	-	-
>NC_015659.1_53	53adec13b4c800d9b6451d84228e082e	138	MobiDBLite	mobidb-lite	consensus disorder prediction	1	24	-	T	21-06-2023	-	-
>NC_015659.1_94	cf2e4a2b64ae8f1524891ec023c66d0d	233	ProSiteProfiles	PS51318	Twin arginine translocation (Tat) signal profile.	1	37	9.288334	T	21-06-2023	IPR006311	Twin-arginine translocation pathway, signal sequence
>NC_015659.1_101	863a414d41371742dd826211286319ee	522	SUPERFAMILY	SSF52743	Subtilisin-like	190	484	1.7E-39	T	21-06-2023	IPR036852	Peptidase S8/S53 domain superfamily
>NC_015659.1_101	863a414d41371742dd826211286319ee	522	ProSiteProfiles	PS51892	Serine proteases, subtilase domain profile.	184	482	21.104893	T	21-06-2023	-	-
>NC_015659.1_101	863a414d41371742dd826211286319ee	522	Pfam	PF00082	Subtilase family	214	447	2.1E-28	T	21-06-2023	IPR000209	Peptidase S8/S53 domain
>NC_015659.1_101	863a414d41371742dd826211286319ee	522	ProSitePatterns	PS00138	Serine proteases, subtilase family, serine active site.	427	437	-	T	21-06-2023	IPR023828	Peptidase S8, subtilisin, Ser-active site
>NC_015659.1_101	863a414d41371742dd826211286319ee	522	PANTHER	PTHR43806	PEPTIDASE S8	170	446	1.1E-27	T	21-06-2023	-	-
>NC_015659.1_101	863a414d41371742dd826211286319ee	522	Gene3D	G3DSA:3.40.50.200	Peptidase S8/S53 domain	184	483	1.3E-43	T	21-06-2023	IPR036852	Peptidase S8/S53 domain superfamily
>NC_015659.1_101	863a414d41371742dd826211286319ee	522	PRINTS	PR00723	Subtilisin serine protease family (S8) signature	258	271	3.7E-6	T	21-06-2023	IPR015500	Peptidase S8, subtilisin-related
>NC_015659.1_101	863a414d41371742dd826211286319ee	522	PRINTS	PR00723	Subtilisin serine protease family (S8) signature	426	442	3.7E-6	T	21-06-2023	IPR015500	Peptidase S8, subtilisin-related
>NC_015659.1_4	fa0663ea8ad8e788f963b6103f2e72f1	576	Pfam	PF05159	Capsule polysaccharide biosynthesis protein	421	503	9.5E-5	T	21-06-2023	IPR007833	Capsule polysaccharide biosynthesis
>NC_015659.1_9	a3f05c7c56605406b9364659a5cb3e93	368	PANTHER	PTHR10763	CELL DIVISION CONTROL PROTEIN 6-RELATED	5	320	5.6E-28	T	21-06-2023	-	-
>NC_015659.1_9	a3f05c7c56605406b9364659a5cb3e93	368	Coils	Coil	Coil	239	259	-	T	21-06-2023	-	-
>NC_015659.1_9	a3f05c7c56605406b9364659a5cb3e93	368	Gene3D	G3DSA:1.10.8.60	-	8	277	2.3E-50	T	21-06-2023	-	-
>NC_015659.1_9	a3f05c7c56605406b9364659a5cb3e93	368	SUPERFAMILY	SSF52540	P-loop containing nucleoside triphosphate hydrolases	3	273	3.9E-38	T	21-06-2023	IPR027417	P-loop containing nucleoside triphosphate hydrolase
>NC_015659.1_9	a3f05c7c56605406b9364659a5cb3e93	368	Pfam	PF13401	AAA domain	46	168	9.4E-12	T	21-06-2023	IPR003593	AAA+ ATPase domain
>NC_015659.1_9	a3f05c7c56605406b9364659a5cb3e93	368	Gene3D	G3DSA:3.40.50.300	-	19	203	2.3E-50	T	21-06-2023	IPR027417	P-loop containing nucleoside triphosphate hydrolase
>NC_015659.1_9	a3f05c7c56605406b9364659a5cb3e93	368	SMART	SM00382	AAA_5	41	228	0.0016	T	21-06-2023	IPR003593	AAA+ ATPase domain
>NC_015659.1_40	078c77db1fd36d512abdc9476b96a0b8	279	Gene3D	G3DSA:3.40.50.300	-	2	279	1.3E-39	T	21-06-2023	IPR027417	P-loop containing nucleoside triphosphate hydrolase
>NC_015659.1_40	078c77db1fd36d512abdc9476b96a0b8	279	Pfam	PF13614	AAA domain	5	197	9.7E-20	T	21-06-2023	IPR025669	AAA domain
>NC_015659.1_40	078c77db1fd36d512abdc9476b96a0b8	279	CDD	cd02042	ParAB_family	5	219	1.55332E-11	T	21-06-2023	-	-
>NC_015659.1_40	078c77db1fd36d512abdc9476b96a0b8	279	SUPERFAMILY	SSF52540	P-loop containing nucleoside triphosphate hydrolases	4	248	8.55E-27	T	21-06-2023	IPR027417	P-loop containing nucleoside triphosphate hydrolase
>NC_015659.1_40	078c77db1fd36d512abdc9476b96a0b8	279	PANTHER	PTHR13696	P-LOOP CONTAINING NUCLEOSIDE TRIPHOSPHATE HYDROLASE	5	272	9.9E-26	T	21-06-2023	-	-
>NC_015659.1_78	fa7796f682d51e261b25375a88afdf78	413	ProSiteProfiles	PS51898	Tyrosine recombinase domain profile.	215	404	16.881779	T	21-06-2023	IPR002104	Integrase, catalytic domain
>NC_015659.1_78	fa7796f682d51e261b25375a88afdf78	413	Coils	Coil	Coil	139	159	-	T	21-06-2023	-	-
>NC_015659.1_78	fa7796f682d51e261b25375a88afdf78	413	Pfam	PF00589	Phage integrase family	219	364	6.8E-9	T	21-06-2023	IPR002104	Integrase, catalytic domain
>NC_015659.1_78	fa7796f682d51e261b25375a88afdf78	413	SUPERFAMILY	SSF56349	DNA breaking-rejoining enzymes	111	390	1.91E-21	T	21-06-2023	IPR011010	DNA breaking-rejoining enzyme, catalytic core
>NC_015659.1_78	fa7796f682d51e261b25375a88afdf78	413	Gene3D	G3DSA:1.10.443.10	Intergrase catalytic core	215	408	3.8E-18	T	21-06-2023	IPR013762	Integrase-like, catalytic domain superfamily
>NC_015659.1_98	135e20fb6913cb05704e04b27b65de6d	252	Gene3D	G3DSA:2.60.120.560	-	20	240	5.9E-5	T	21-06-2023	-	-
>NC_015659.1_98	135e20fb6913cb05704e04b27b65de6d	252	MobiDBLite	mobidb-lite	consensus disorder prediction	1	20	-	T	21-06-2023	-	-
>NC_015659.1_5	8e93ec3aecb51588af2c1666182b6e6d	452	SUPERFAMILY	SSF53649	Alkaline phosphatase-like	2	427	2.62E-69	T	21-06-2023	IPR017850	Alkaline-phosphatase-like, core domain superfamily
>NC_015659.1_5	8e93ec3aecb51588af2c1666182b6e6d	452	CDD	cd16148	sulfatase_like	1	350	1.59489E-83	T	21-06-2023	-	-
>NC_015659.1_5	8e93ec3aecb51588af2c1666182b6e6d	452	PANTHER	PTHR42693	ARYLSULFATASE FAMILY MEMBER	2	433	2.5E-34	T	21-06-2023	-	-
>NC_015659.1_5	8e93ec3aecb51588af2c1666182b6e6d	452	Pfam	PF00884	Sulfatase	2	335	1.5E-43	T	21-06-2023	IPR000917	Sulfatase, N-terminal
>NC_015659.1_5	8e93ec3aecb51588af2c1666182b6e6d	452	Gene3D	G3DSA:3.40.720.10	Alkaline Phosphatase, subunit A	1	365	1.3E-70	T	21-06-2023	IPR017850	Alkaline-phosphatase-like, core domain superfamily
>NC_015659.1_5	8e93ec3aecb51588af2c1666182b6e6d	452	Coils	Coil	Coil	110	130	-	T	21-06-2023	-	-
>NC_015659.1_8	3bd0836adf84a59fe2bdf73d4088c5c4	142	MobiDBLite	mobidb-lite	consensus disorder prediction	1	23	-	T	21-06-2023	-	-
>NC_015659.1_8	3bd0836adf84a59fe2bdf73d4088c5c4	142	MobiDBLite	mobidb-lite	consensus disorder prediction	1	20	-	T	21-06-2023	-	-
>NC_015659.1_20	8afeef46197320333a7cc895dcddff96	584	Gene3D	G3DSA:3.40.50.150	Vaccinia Virus protein VP39	1	253	3.0E-45	T	21-06-2023	IPR029063	S-adenosyl-L-methionine-dependent methyltransferase superfamily
>NC_015659.1_20	8afeef46197320333a7cc895dcddff96	584	Pfam	PF00145	C-5 cytosine-specific DNA methylase	9	248	6.2E-23	T	21-06-2023	IPR001525	C-5 cytosine methyltransferase
>NC_015659.1_20	8afeef46197320333a7cc895dcddff96	584	Pfam	PF00145	C-5 cytosine-specific DNA methylase	501	550	4.9E-10	T	21-06-2023	IPR001525	C-5 cytosine methyltransferase
>NC_015659.1_20	8afeef46197320333a7cc895dcddff96	584	PANTHER	PTHR10629	CYTOSINE-SPECIFIC METHYLTRANSFERASE	4	551	5.9E-43	T	21-06-2023	-	-
>NC_015659.1_20	8afeef46197320333a7cc895dcddff96	584	Gene3D	G3DSA:3.90.120.10	DNA Methylase, subunit A, domain 2	464	544	1.5E-11	T	21-06-2023	-	-
>NC_015659.1_20	8afeef46197320333a7cc895dcddff96	584	PRINTS	PR00105	Cytosine-specific DNA methyltransferase signature	7	23	1.6E-10	T	21-06-2023	IPR001525	C-5 cytosine methyltransferase
>NC_015659.1_20	8afeef46197320333a7cc895dcddff96	584	PRINTS	PR00105	Cytosine-specific DNA methyltransferase signature	143	157	1.6E-10	T	21-06-2023	IPR001525	C-5 cytosine methyltransferase
>NC_015659.1_20	8afeef46197320333a7cc895dcddff96	584	PRINTS	PR00105	Cytosine-specific DNA methyltransferase signature	206	219	1.6E-10	T	21-06-2023	IPR001525	C-5 cytosine methyltransferase
>NC_015659.1_20	8afeef46197320333a7cc895dcddff96	584	MobiDBLite	mobidb-lite	consensus disorder prediction	221	241	-	T	21-06-2023	-	-
>NC_015659.1_20	8afeef46197320333a7cc895dcddff96	584	ProSiteProfiles	PS51679	C-5 cytosine-specific DNA methylase (Dnmt) domain profile.	6	558	28.638206	T	21-06-2023	IPR001525	C-5 cytosine methyltransferase
>NC_015659.1_20	8afeef46197320333a7cc895dcddff96	584	SUPERFAMILY	SSF53335	S-adenosyl-L-methionine-dependent methyltransferases	5	551	1.29E-60	T	21-06-2023	IPR029063	S-adenosyl-L-methionine-dependent methyltransferase superfamily
>NC_015659.1_97	0f2973dd901a6420a82d0f712e02fde1	347	SUPERFAMILY	SSF69318	Integrin alpha N-terminal domain	5	118	3.53E-11	T	21-06-2023	IPR028994	Integrin alpha, N-terminal
>NC_015659.1_97	0f2973dd901a6420a82d0f712e02fde1	347	SUPERFAMILY	SSF69318	Integrin alpha N-terminal domain	94	345	1.83E-14	T	21-06-2023	IPR028994	Integrin alpha, N-terminal
>NC_015659.1_96	6236be48db9b56f3dc7f66323a6dfe68	388	MobiDBLite	mobidb-lite	consensus disorder prediction	1	41	-	T	21-06-2023	-	-
>NC_015659.1_96	6236be48db9b56f3dc7f66323a6dfe68	388	MobiDBLite	mobidb-lite	consensus disorder prediction	8	26	-	T	21-06-2023	-	-
>NC_015659.1_89	0d9071686071bc681ab07a3d69c49966	71	MobiDBLite	mobidb-lite	consensus disorder prediction	51	71	-	T	21-06-2023	-	-
>NC_015659.1_31	7bfc8f96df3719dd85bfed6e96237283	170	MobiDBLite	mobidb-lite	consensus disorder prediction	55	80	-	T	21-06-2023	-	-
>NC_015659.1_15	d1f514de3b59b99dd8961b0de9d66ff9	199	Coils	Coil	Coil	32	59	-	T	21-06-2023	-	-
>NC_015659.1_15	d1f514de3b59b99dd8961b0de9d66ff9	199	MobiDBLite	mobidb-lite	consensus disorder prediction	168	199	-	T	21-06-2023	-	-
>NC_015659.1_15	d1f514de3b59b99dd8961b0de9d66ff9	199	MobiDBLite	mobidb-lite	consensus disorder prediction	176	199	-	T	21-06-2023	-	-
>NC_015659.1_54	0226c811c359a74352c023fe87292e6c	146	Pfam	PF01909	Nucleotidyltransferase domain	41	78	2.1E-4	T	21-06-2023	IPR002934	Polymerase, nucleotidyl transferase domain
>NC_015659.1_54	0226c811c359a74352c023fe87292e6c	146	SUPERFAMILY	SSF81301	Nucleotidyltransferase	41	79	5.45E-7	T	21-06-2023	IPR043519	Nucleotidyltransferase superfamily
>NC_015659.1_33	22ba4d18e8225cec701d40fc80f62883	233	MobiDBLite	mobidb-lite	consensus disorder prediction	1	25	-	T	21-06-2023	-	-
>NC_015659.1_56	0bafa3a17b7d94739f28a4cca768c000	99	MobiDBLite	mobidb-lite	consensus disorder prediction	1	22	-	T	21-06-2023	-	-
>NC_015659.1_56	0bafa3a17b7d94739f28a4cca768c000	99	MobiDBLite	mobidb-lite	consensus disorder prediction	1	15	-	T	21-06-2023	-	-
>NC_015659.1_14	02ef57cdc31b79c8fe05eae091b070a5	52	MobiDBLite	mobidb-lite	consensus disorder prediction	21	52	-	T	21-06-2023	-	-
>NC_015659.1_14	02ef57cdc31b79c8fe05eae091b070a5	52	MobiDBLite	mobidb-lite	consensus disorder prediction	1	52	-	T	21-06-2023	-	-
>NC_015659.1_72	30b851e1ac0986366baf8d28d6e498f8	235	MobiDBLite	mobidb-lite	consensus disorder prediction	215	235	-	T	21-06-2023	-	-
>NC_015659.1_99	6ddc2f33a1454371ff5cf3d401d37e7e	354	ProSiteProfiles	PS51318	Twin arginine translocation (Tat) signal profile.	1	34	8.490522	T	21-06-2023	IPR006311	Twin-arginine translocation pathway, signal sequence
>NC_015659.1_102	a8e48886627f119915df778f3645b14c	1115	Coils	Coil	Coil	624	644	-	T	21-06-2023	-	-
>NC_015659.1_102	a8e48886627f119915df778f3645b14c	1115	Coils	Coil	Coil	300	320	-	T	21-06-2023	-	-
>NC_015659.1_102	a8e48886627f119915df778f3645b14c	1115	Coils	Coil	Coil	497	517	-	T	21-06-2023	-	-
>NC_015659.1_83	625773dc1a16a2b6f345c9151efdb479	315	PANTHER	PTHR11630	DNA REPLICATION LICENSING FACTOR MCM FAMILY MEMBER	9	281	4.7E-26	T	21-06-2023	IPR031327	Mini-chromosome maintenance protein
>NC_015659.1_83	625773dc1a16a2b6f345c9151efdb479	315	Gene3D	G3DSA:2.40.50.140	-	99	225	3.4E-27	T	21-06-2023	IPR012340	Nucleic acid-binding, OB-fold
>NC_015659.1_83	625773dc1a16a2b6f345c9151efdb479	315	Pfam	PF17207	MCM OB domain	99	218	2.1E-16	T	21-06-2023	IPR033762	MCM OB domain
>NC_015659.1_83	625773dc1a16a2b6f345c9151efdb479	315	Gene3D	G3DSA:3.30.1640.10	-	2	90	1.3E-20	T	21-06-2023	-	-
>NC_015659.1_83	625773dc1a16a2b6f345c9151efdb479	315	Gene3D	G3DSA:2.20.28.10	-	122	172	3.4E-27	T	21-06-2023	-	-
>NC_015659.1_83	625773dc1a16a2b6f345c9151efdb479	315	SUPERFAMILY	SSF50249	Nucleic acid-binding proteins	15	232	1.71E-30	T	21-06-2023	IPR012340	Nucleic acid-binding, OB-fold
>NC_015659.1_85	4c38f4a922e7c67204c5cfe09b3a1088	538	MobiDBLite	mobidb-lite	consensus disorder prediction	518	538	-	T	21-06-2023	-	-
>NC_015659.1_85	4c38f4a922e7c67204c5cfe09b3a1088	538	MobiDBLite	mobidb-lite	consensus disorder prediction	211	230	-	T	21-06-2023	-	-
>NC_015659.1_65	876dccd9b0e76139202be31e7740e110	173	MobiDBLite	mobidb-lite	consensus disorder prediction	145	173	-	T	21-06-2023	-	-
>NC_015659.1_65	876dccd9b0e76139202be31e7740e110	173	Pfam	PF07799	Protein of unknown function (DUF1643)	22	151	5.6E-47	T	21-06-2023	IPR012441	Protein of unknown function DUF1643
>NC_015659.1_44	edbb5b5916aa004a987f9e7a5f1de37c	199	MobiDBLite	mobidb-lite	consensus disorder prediction	1	17	-	T	21-06-2023	-	-
>NC_015659.1_44	edbb5b5916aa004a987f9e7a5f1de37c	199	Coils	Coil	Coil	172	192	-	T	21-06-2023	-	-
>NC_015659.1_44	edbb5b5916aa004a987f9e7a5f1de37c	199	MobiDBLite	mobidb-lite	consensus disorder prediction	1	38	-	T	21-06-2023	-	-
>NC_015659.1_84	619ea25a51ce07f0eaf641c4fc984b15	787	SUPERFAMILY	SSF52540	P-loop containing nucleoside triphosphate hydrolases	366	559	9.03E-6	T	21-06-2023	IPR027417	P-loop containing nucleoside triphosphate hydrolase
>NC_015659.1_84	619ea25a51ce07f0eaf641c4fc984b15	787	Coils	Coil	Coil	362	382	-	T	21-06-2023	-	-
>NC_015659.1_84	619ea25a51ce07f0eaf641c4fc984b15	787	Gene3D	G3DSA:3.40.50.300	-	374	564	2.1E-11	T	21-06-2023	IPR027417	P-loop containing nucleoside triphosphate hydrolase
>NC_015659.1_84	619ea25a51ce07f0eaf641c4fc984b15	787	MobiDBLite	mobidb-lite	consensus disorder prediction	664	685	-	T	21-06-2023	-	-
>NC_015659.1_70	9a8cc9f0d89c3be0684a12c987ce6f36	118	MobiDBLite	mobidb-lite	consensus disorder prediction	94	118	-	T	21-06-2023	-	-
>NC_015659.1_70	9a8cc9f0d89c3be0684a12c987ce6f36	118	MobiDBLite	mobidb-lite	consensus disorder prediction	101	118	-	T	21-06-2023	-	-
