NXNI01000003.1_83	0728613aeafc99060a2d1ea832cc5d83	253	Coils	Coil	Coil	217	237	-	T	26-06-2023	-	-
NXNI01000003.1_98	1d6ccedde3eca2dae96bbe1658789f3f	107	MobiDBLite	mobidb-lite	consensus disorder prediction	91	107	-	T	26-06-2023	-	-
NXNI01000003.1_98	1d6ccedde3eca2dae96bbe1658789f3f	107	MobiDBLite	mobidb-lite	consensus disorder prediction	80	107	-	T	26-06-2023	-	-
NXNI01000003.1_34	83dc241591e85e055ca198d2223962c4	73	MobiDBLite	mobidb-lite	consensus disorder prediction	9	24	-	T	26-06-2023	-	-
NXNI01000003.1_34	83dc241591e85e055ca198d2223962c4	73	Gene3D	G3DSA:1.10.1220.10	-	33	67	2.4E-7	T	26-06-2023	IPR013321	Arc-type ribbon-helix-helix
NXNI01000003.1_34	83dc241591e85e055ca198d2223962c4	73	MobiDBLite	mobidb-lite	consensus disorder prediction	1	24	-	T	26-06-2023	-	-
NXNI01000003.1_34	83dc241591e85e055ca198d2223962c4	73	SUPERFAMILY	SSF47598	Ribbon-helix-helix	34	64	9.12E-5	T	26-06-2023	IPR010985	Ribbon-helix-helix
NXNI01000003.1_34	83dc241591e85e055ca198d2223962c4	73	CDD	cd22231	RHH_NikR_HicB-like	36	66	1.3993E-6	T	26-06-2023	-	-
NXNI01000003.1_58	40df8b3b29c9153d0d82bfa37d1dd46f	132	MobiDBLite	mobidb-lite	consensus disorder prediction	102	132	-	T	26-06-2023	-	-
NXNI01000003.1_13	49ece45a24d1e3d37c882ac45e0f4b8e	431	MobiDBLite	mobidb-lite	consensus disorder prediction	23	70	-	T	26-06-2023	-	-
NXNI01000003.1_13	49ece45a24d1e3d37c882ac45e0f4b8e	431	Pfam	PF01507	Phosphoadenosine phosphosulfate reductase family	84	245	9.8E-13	T	26-06-2023	IPR002500	Phosphoadenosine phosphosulphate reductase
NXNI01000003.1_13	49ece45a24d1e3d37c882ac45e0f4b8e	431	PANTHER	PTHR43196	SULFATE ADENYLYLTRANSFERASE SUBUNIT 2	85	262	7.7E-14	T	26-06-2023	-	-
NXNI01000003.1_13	49ece45a24d1e3d37c882ac45e0f4b8e	431	CDD	cd01713	PAPS_reductase	82	243	1.67329E-23	T	26-06-2023	IPR002500	Phosphoadenosine phosphosulphate reductase
NXNI01000003.1_13	49ece45a24d1e3d37c882ac45e0f4b8e	431	SUPERFAMILY	SSF52402	Adenine nucleotide alpha hydrolases-like	68	245	2.3E-20	T	26-06-2023	-	-
NXNI01000003.1_13	49ece45a24d1e3d37c882ac45e0f4b8e	431	Gene3D	G3DSA:3.40.50.620	HUPs	53	258	6.8E-26	T	26-06-2023	IPR014729	Rossmann-like alpha/beta/alpha sandwich fold
NXNI01000003.1_49	97497c04b20d911aeebae588bee4b97d	255	Gene3D	G3DSA:3.70.10.10	-	18	251	5.6E-23	T	26-06-2023	-	-
NXNI01000003.1_49	97497c04b20d911aeebae588bee4b97d	255	SUPERFAMILY	SSF55979	DNA clamp	138	248	2.51E-11	T	26-06-2023	IPR046938	DNA clamp superfamily
NXNI01000003.1_27	df56d9ddb95fd3c515c5dbf0eac52836	95	MobiDBLite	mobidb-lite	consensus disorder prediction	1	28	-	T	26-06-2023	-	-
NXNI01000003.1_87	d0aa9c87670871626b341aeafdef9162	476	MobiDBLite	mobidb-lite	consensus disorder prediction	39	60	-	T	26-06-2023	-	-
NXNI01000003.1_64	589a27c5ee043a0e7aa44ce051e95738	654	PRINTS	PR00105	Cytosine-specific DNA methyltransferase signature	6	22	5.4E-11	T	26-06-2023	IPR001525	C-5 cytosine methyltransferase
NXNI01000003.1_64	589a27c5ee043a0e7aa44ce051e95738	654	PRINTS	PR00105	Cytosine-specific DNA methyltransferase signature	142	156	5.4E-11	T	26-06-2023	IPR001525	C-5 cytosine methyltransferase
NXNI01000003.1_64	589a27c5ee043a0e7aa44ce051e95738	654	PRINTS	PR00105	Cytosine-specific DNA methyltransferase signature	205	218	5.4E-11	T	26-06-2023	IPR001525	C-5 cytosine methyltransferase
NXNI01000003.1_64	589a27c5ee043a0e7aa44ce051e95738	654	MobiDBLite	mobidb-lite	consensus disorder prediction	632	654	-	T	26-06-2023	-	-
NXNI01000003.1_64	589a27c5ee043a0e7aa44ce051e95738	654	Gene3D	G3DSA:3.90.120.10	DNA Methylase, subunit A, domain 2	508	613	2.4E-9	T	26-06-2023	-	-
NXNI01000003.1_64	589a27c5ee043a0e7aa44ce051e95738	654	MobiDBLite	mobidb-lite	consensus disorder prediction	350	369	-	T	26-06-2023	-	-
NXNI01000003.1_64	589a27c5ee043a0e7aa44ce051e95738	654	Pfam	PF00145	C-5 cytosine-specific DNA methylase	7	229	1.6E-22	T	26-06-2023	IPR001525	C-5 cytosine methyltransferase
NXNI01000003.1_64	589a27c5ee043a0e7aa44ce051e95738	654	Pfam	PF00145	C-5 cytosine-specific DNA methylase	570	619	1.1E-8	T	26-06-2023	IPR001525	C-5 cytosine methyltransferase
NXNI01000003.1_64	589a27c5ee043a0e7aa44ce051e95738	654	MobiDBLite	mobidb-lite	consensus disorder prediction	219	241	-	T	26-06-2023	-	-
NXNI01000003.1_64	589a27c5ee043a0e7aa44ce051e95738	654	PANTHER	PTHR10629	CYTOSINE-SPECIFIC METHYLTRANSFERASE	571	620	6.4E-40	T	26-06-2023	-	-
NXNI01000003.1_64	589a27c5ee043a0e7aa44ce051e95738	654	SUPERFAMILY	SSF53335	S-adenosyl-L-methionine-dependent methyltransferases	5	620	2.77E-57	T	26-06-2023	IPR029063	S-adenosyl-L-methionine-dependent methyltransferase superfamily
NXNI01000003.1_64	589a27c5ee043a0e7aa44ce051e95738	654	Gene3D	G3DSA:3.40.50.150	Vaccinia Virus protein VP39	2	250	7.0E-44	T	26-06-2023	IPR029063	S-adenosyl-L-methionine-dependent methyltransferase superfamily
NXNI01000003.1_64	589a27c5ee043a0e7aa44ce051e95738	654	ProSiteProfiles	PS51679	C-5 cytosine-specific DNA methylase (Dnmt) domain profile.	5	627	26.119759	T	26-06-2023	IPR001525	C-5 cytosine methyltransferase
NXNI01000003.1_77	190b8ef85bc42fbf7440892287087881	155	Pfam	PF07790	Archaeal Type IV pilin, N-terminal	17	77	1.6E-15	T	26-06-2023	IPR012859	Archaeal Type IV pilin, N-terminal
NXNI01000003.1_77	190b8ef85bc42fbf7440892287087881	155	NCBIfam	TIGR02537	archaeal flagellin N-terminal-like domain	17	39	2.7E-6	T	26-06-2023	IPR013373	Flagellin/pilin, N-terminal site, archaea
NXNI01000003.1_99	fadca80d4a550b6226b10dfdcc0ccfe5	331	Coils	Coil	Coil	235	269	-	T	26-06-2023	-	-
NXNI01000003.1_99	fadca80d4a550b6226b10dfdcc0ccfe5	331	MobiDBLite	mobidb-lite	consensus disorder prediction	1	43	-	T	26-06-2023	-	-
NXNI01000003.1_99	fadca80d4a550b6226b10dfdcc0ccfe5	331	MobiDBLite	mobidb-lite	consensus disorder prediction	306	322	-	T	26-06-2023	-	-
NXNI01000003.1_99	fadca80d4a550b6226b10dfdcc0ccfe5	331	MobiDBLite	mobidb-lite	consensus disorder prediction	289	331	-	T	26-06-2023	-	-
NXNI01000003.1_99	fadca80d4a550b6226b10dfdcc0ccfe5	331	MobiDBLite	mobidb-lite	consensus disorder prediction	13	43	-	T	26-06-2023	-	-
NXNI01000003.1_48	945bd95e67e66ef5a48c9496f8b3b96c	133	MobiDBLite	mobidb-lite	consensus disorder prediction	1	26	-	T	26-06-2023	-	-
NXNI01000003.1_5	217030f7fec75bece4d6885d16784690	406	MobiDBLite	mobidb-lite	consensus disorder prediction	223	237	-	T	26-06-2023	-	-
NXNI01000003.1_5	217030f7fec75bece4d6885d16784690	406	MobiDBLite	mobidb-lite	consensus disorder prediction	205	257	-	T	26-06-2023	-	-
NXNI01000003.1_5	217030f7fec75bece4d6885d16784690	406	MobiDBLite	mobidb-lite	consensus disorder prediction	205	221	-	T	26-06-2023	-	-
NXNI01000003.1_81	1f1ca7f9c87103b584bdcdee7e3740b1	116	SUPERFAMILY	SSF50998	Quinoprotein alcohol dehydrogenase-like	28	99	2.43E-5	T	26-06-2023	IPR011047	Quinoprotein alcohol dehydrogenase-like superfamily
NXNI01000003.1_30	5b971be1edcd3c5c333f98130f20a29d	83	MobiDBLite	mobidb-lite	consensus disorder prediction	53	83	-	T	26-06-2023	-	-
NXNI01000003.1_67	98d0cb4ee6f85fc52531660ca9939921	235	MobiDBLite	mobidb-lite	consensus disorder prediction	208	235	-	T	26-06-2023	-	-
NXNI01000003.1_67	98d0cb4ee6f85fc52531660ca9939921	235	MobiDBLite	mobidb-lite	consensus disorder prediction	81	106	-	T	26-06-2023	-	-
NXNI01000003.1_68	ea52bc303c9ab339c60edb1d2f47c84b	166	Coils	Coil	Coil	42	83	-	T	26-06-2023	-	-
NXNI01000003.1_68	ea52bc303c9ab339c60edb1d2f47c84b	166	MobiDBLite	mobidb-lite	consensus disorder prediction	1	31	-	T	26-06-2023	-	-
NXNI01000003.1_68	ea52bc303c9ab339c60edb1d2f47c84b	166	MobiDBLite	mobidb-lite	consensus disorder prediction	1	20	-	T	26-06-2023	-	-
NXNI01000003.1_7	7f1eb2d228d0536585dcefa79a6b13ba	371	ProSiteProfiles	PS51898	Tyrosine recombinase domain profile.	130	367	19.894388	T	26-06-2023	IPR002104	Integrase, catalytic domain
NXNI01000003.1_7	7f1eb2d228d0536585dcefa79a6b13ba	371	Gene3D	G3DSA:1.10.150.130	-	14	122	5.1E-14	T	26-06-2023	IPR010998	Integrase/recombinase, N-terminal
NXNI01000003.1_7	7f1eb2d228d0536585dcefa79a6b13ba	371	SUPERFAMILY	SSF56349	DNA breaking-rejoining enzymes	19	364	8.83E-28	T	26-06-2023	IPR011010	DNA breaking-rejoining enzyme, catalytic core
NXNI01000003.1_7	7f1eb2d228d0536585dcefa79a6b13ba	371	ProSiteProfiles	PS51900	Core-binding (CB) domain profile.	18	104	10.288948	T	26-06-2023	IPR044068	Core-binding (CB) domain
NXNI01000003.1_7	7f1eb2d228d0536585dcefa79a6b13ba	371	Pfam	PF13102	Phage integrase SAM-like domain	23	114	1.3E-6	T	26-06-2023	IPR025269	Phage integrase SAM-like domain
NXNI01000003.1_7	7f1eb2d228d0536585dcefa79a6b13ba	371	Gene3D	G3DSA:1.10.443.10	Intergrase catalytic core	129	370	2.3E-24	T	26-06-2023	IPR013762	Integrase-like, catalytic domain superfamily
NXNI01000003.1_7	7f1eb2d228d0536585dcefa79a6b13ba	371	Pfam	PF00589	Phage integrase family	137	358	1.8E-12	T	26-06-2023	IPR002104	Integrase, catalytic domain
NXNI01000003.1_7	7f1eb2d228d0536585dcefa79a6b13ba	371	MobiDBLite	mobidb-lite	consensus disorder prediction	1	20	-	T	26-06-2023	-	-
NXNI01000003.1_86	84cbf69ea7bf75d790cd037d34d35c61	262	ProSiteProfiles	PS51318	Twin arginine translocation (Tat) signal profile.	1	26	8.287764	T	26-06-2023	IPR006311	Twin-arginine translocation pathway, signal sequence
NXNI01000003.1_96	5bb1b82663808c8fb02fb0a6c63faa7a	187	MobiDBLite	mobidb-lite	consensus disorder prediction	166	187	-	T	26-06-2023	-	-
NXNI01000003.1_96	5bb1b82663808c8fb02fb0a6c63faa7a	187	MobiDBLite	mobidb-lite	consensus disorder prediction	160	187	-	T	26-06-2023	-	-
NXNI01000003.1_69	b6a75af13fe975fa6006d9ba1b6ab011	1032	MobiDBLite	mobidb-lite	consensus disorder prediction	490	509	-	T	26-06-2023	-	-
NXNI01000003.1_69	b6a75af13fe975fa6006d9ba1b6ab011	1032	Gene3D	G3DSA:1.10.10.10	-	865	924	1.7E-5	T	26-06-2023	IPR036388	Winged helix-like DNA-binding domain superfamily
NXNI01000003.1_69	b6a75af13fe975fa6006d9ba1b6ab011	1032	Pfam	PF19134	Domain of unknown function (DUF5817)	38	76	1.4E-7	T	26-06-2023	IPR043855	Domain of unknown function DUF5817
NXNI01000003.1_69	b6a75af13fe975fa6006d9ba1b6ab011	1032	SUPERFAMILY	SSF46785	"Winged helix" DNA-binding domain	867	921	1.15E-6	T	26-06-2023	IPR036390	Winged helix DNA-binding domain superfamily
NXNI01000003.1_69	b6a75af13fe975fa6006d9ba1b6ab011	1032	MobiDBLite	mobidb-lite	consensus disorder prediction	1008	1032	-	T	26-06-2023	-	-
NXNI01000003.1_69	b6a75af13fe975fa6006d9ba1b6ab011	1032	Pfam	PF08279	HTH domain	874	913	2.3E-5	T	26-06-2023	IPR013196	Helix-turn-helix, type 11
NXNI01000003.1_69	b6a75af13fe975fa6006d9ba1b6ab011	1032	MobiDBLite	mobidb-lite	consensus disorder prediction	1017	1032	-	T	26-06-2023	-	-
NXNI01000003.1_16	212cf133b89977fcebd3d486052af2e4	162	MobiDBLite	mobidb-lite	consensus disorder prediction	1	18	-	T	26-06-2023	-	-
NXNI01000003.1_16	212cf133b89977fcebd3d486052af2e4	162	MobiDBLite	mobidb-lite	consensus disorder prediction	1	20	-	T	26-06-2023	-	-
NXNI01000003.1_39	0dd989cdb3d5ab5a199cfcadfa68ec0a	126	MobiDBLite	mobidb-lite	consensus disorder prediction	1	37	-	T	26-06-2023	-	-
NXNI01000003.1_39	0dd989cdb3d5ab5a199cfcadfa68ec0a	126	MobiDBLite	mobidb-lite	consensus disorder prediction	15	37	-	T	26-06-2023	-	-
NXNI01000003.1_59	0c6726dced3fa1ce60bd1da7b108a9ad	206	Coils	Coil	Coil	12	32	-	T	26-06-2023	-	-
NXNI01000003.1_59	0c6726dced3fa1ce60bd1da7b108a9ad	206	Coils	Coil	Coil	190	206	-	T	26-06-2023	-	-
NXNI01000003.1_26	ea70078b86b15d73c177c0edd1610bc4	92	MobiDBLite	mobidb-lite	consensus disorder prediction	67	92	-	T	26-06-2023	-	-
NXNI01000003.1_26	ea70078b86b15d73c177c0edd1610bc4	92	Pfam	PF13031	Protein of unknown function (DUF3892)	5	88	3.0E-9	T	26-06-2023	IPR024997	Protein of unknown function DUF3892
NXNI01000003.1_76	68f3955df223a5b5bee7e2541bfce0bf	168	Pfam	PF07790	Archaeal Type IV pilin, N-terminal	15	70	2.6E-16	T	26-06-2023	IPR012859	Archaeal Type IV pilin, N-terminal
NXNI01000003.1_76	68f3955df223a5b5bee7e2541bfce0bf	168	NCBIfam	TIGR02537	archaeal flagellin N-terminal-like domain	15	37	3.0E-6	T	26-06-2023	IPR013373	Flagellin/pilin, N-terminal site, archaea
NXNI01000003.1_76	68f3955df223a5b5bee7e2541bfce0bf	168	PANTHER	PTHR38138	VNG6441H	10	130	5.4E-13	T	26-06-2023	-	-
NXNI01000003.1_3	15ca83982bc9c9d027ee434d79b7800e	144	Coils	Coil	Coil	127	144	-	T	26-06-2023	-	-
NXNI01000003.1_31	25134edcd0d64943ed95fe2206b1cc55	135	MobiDBLite	mobidb-lite	consensus disorder prediction	1	16	-	T	26-06-2023	-	-
NXNI01000003.1_31	25134edcd0d64943ed95fe2206b1cc55	135	MobiDBLite	mobidb-lite	consensus disorder prediction	1	20	-	T	26-06-2023	-	-
NXNI01000003.1_54	958ffab16146d3a2bb50fb90f64a15b7	558	MobiDBLite	mobidb-lite	consensus disorder prediction	1	21	-	T	26-06-2023	-	-
NXNI01000003.1_54	958ffab16146d3a2bb50fb90f64a15b7	558	Coils	Coil	Coil	290	338	-	T	26-06-2023	-	-
NXNI01000003.1_54	958ffab16146d3a2bb50fb90f64a15b7	558	Coils	Coil	Coil	355	389	-	T	26-06-2023	-	-
NXNI01000003.1_54	958ffab16146d3a2bb50fb90f64a15b7	558	SUPERFAMILY	SSF52540	P-loop containing nucleoside triphosphate hydrolases	23	258	7.11E-29	T	26-06-2023	IPR027417	P-loop containing nucleoside triphosphate hydrolase
NXNI01000003.1_54	958ffab16146d3a2bb50fb90f64a15b7	558	Gene3D	G3DSA:3.40.50.300	-	13	264	4.4E-53	T	26-06-2023	IPR027417	P-loop containing nucleoside triphosphate hydrolase
NXNI01000003.1_54	958ffab16146d3a2bb50fb90f64a15b7	558	PANTHER	PTHR42957	HELICASE MJ1565-RELATED	109	256	1.1E-28	T	26-06-2023	-	-
NXNI01000003.1_54	958ffab16146d3a2bb50fb90f64a15b7	558	Coils	Coil	Coil	421	441	-	T	26-06-2023	-	-
NXNI01000003.1_54	958ffab16146d3a2bb50fb90f64a15b7	558	CDD	cd01127	TrwB_TraG_TraD_VirD4	36	199	3.26353E-7	T	26-06-2023	-	-
NXNI01000003.1_54	958ffab16146d3a2bb50fb90f64a15b7	558	Pfam	PF01935	Helicase HerA, central domain	31	85	1.2E-10	T	26-06-2023	IPR002789	Helicase HerA, central domain
NXNI01000003.1_91	48bf433ee25f19944c52cf9088ffd391	230	ProSiteProfiles	PS51318	Twin arginine translocation (Tat) signal profile.	1	35	10.319759	T	26-06-2023	IPR006311	Twin-arginine translocation pathway, signal sequence
NXNI01000003.1_10	ed7871f20cea37127b3a21d33ca63038	296	CDD	cd02440	AdoMet_MTases	61	175	4.36672E-6	T	26-06-2023	-	-
NXNI01000003.1_10	ed7871f20cea37127b3a21d33ca63038	296	PRINTS	PR00507	N12 class N6 adenine-specific DNA methyltransferase signature	6	22	2.5E-12	T	26-06-2023	-	-
NXNI01000003.1_10	ed7871f20cea37127b3a21d33ca63038	296	PRINTS	PR00507	N12 class N6 adenine-specific DNA methyltransferase signature	40	54	2.5E-12	T	26-06-2023	-	-
NXNI01000003.1_10	ed7871f20cea37127b3a21d33ca63038	296	PRINTS	PR00507	N12 class N6 adenine-specific DNA methyltransferase signature	115	127	2.5E-12	T	26-06-2023	-	-
NXNI01000003.1_10	ed7871f20cea37127b3a21d33ca63038	296	PRINTS	PR00507	N12 class N6 adenine-specific DNA methyltransferase signature	150	174	2.5E-12	T	26-06-2023	-	-
NXNI01000003.1_10	ed7871f20cea37127b3a21d33ca63038	296	SUPERFAMILY	SSF53335	S-adenosyl-L-methionine-dependent methyltransferases	9	217	2.37E-26	T	26-06-2023	IPR029063	S-adenosyl-L-methionine-dependent methyltransferase superfamily
NXNI01000003.1_10	ed7871f20cea37127b3a21d33ca63038	296	Gene3D	G3DSA:3.40.50.150	Vaccinia Virus protein VP39	8	231	3.1E-31	T	26-06-2023	IPR029063	S-adenosyl-L-methionine-dependent methyltransferase superfamily
NXNI01000003.1_10	ed7871f20cea37127b3a21d33ca63038	296	ProSitePatterns	PS00092	N-6 Adenine-specific DNA methylases signature.	118	124	-	T	26-06-2023	IPR002052	DNA methylase, N-6 adenine-specific, conserved site
NXNI01000003.1_10	ed7871f20cea37127b3a21d33ca63038	296	MobiDBLite	mobidb-lite	consensus disorder prediction	272	296	-	T	26-06-2023	-	-
NXNI01000003.1_10	ed7871f20cea37127b3a21d33ca63038	296	PANTHER	PTHR33841	DNA METHYLTRANSFERASE YEEA-RELATED	96	223	6.0E-13	T	26-06-2023	-	-
NXNI01000003.1_65	71888e7694ee8eafe231e618c1d59a2e	259	Pfam	PF07505	Protein of unknown function (DUF5131)	5	220	5.6E-82	T	26-06-2023	IPR011101	Protein of unknown function DUF5131
NXNI01000003.1_84	d68f7c4f88a8d419042c722c2a82bc9d	1534	Coils	Coil	Coil	535	555	-	T	26-06-2023	-	-
NXNI01000003.1_84	d68f7c4f88a8d419042c722c2a82bc9d	1534	MobiDBLite	mobidb-lite	consensus disorder prediction	1435	1461	-	T	26-06-2023	-	-
NXNI01000003.1_84	d68f7c4f88a8d419042c722c2a82bc9d	1534	SUPERFAMILY	SSF49464	Carboxypeptidase regulatory domain-like	510	542	2.47E-5	T	26-06-2023	IPR008969	Carboxypeptidase-like, regulatory domain superfamily
NXNI01000003.1_84	d68f7c4f88a8d419042c722c2a82bc9d	1534	SMART	SM00564	ire1_9	413	447	0.78	T	26-06-2023	IPR018391	Pyrrolo-quinoline quinone beta-propeller repeat
NXNI01000003.1_84	d68f7c4f88a8d419042c722c2a82bc9d	1534	SMART	SM00564	ire1_9	372	403	2.5E-4	T	26-06-2023	IPR018391	Pyrrolo-quinoline quinone beta-propeller repeat
NXNI01000003.1_84	d68f7c4f88a8d419042c722c2a82bc9d	1534	SMART	SM00564	ire1_9	289	320	9.7E-6	T	26-06-2023	IPR018391	Pyrrolo-quinoline quinone beta-propeller repeat
NXNI01000003.1_84	d68f7c4f88a8d419042c722c2a82bc9d	1534	SMART	SM00564	ire1_9	457	489	1.2	T	26-06-2023	IPR018391	Pyrrolo-quinoline quinone beta-propeller repeat
NXNI01000003.1_84	d68f7c4f88a8d419042c722c2a82bc9d	1534	SMART	SM00564	ire1_9	207	240	3.4E-5	T	26-06-2023	IPR018391	Pyrrolo-quinoline quinone beta-propeller repeat
NXNI01000003.1_84	d68f7c4f88a8d419042c722c2a82bc9d	1534	SMART	SM00564	ire1_9	248	280	24.0	T	26-06-2023	IPR018391	Pyrrolo-quinoline quinone beta-propeller repeat
NXNI01000003.1_84	d68f7c4f88a8d419042c722c2a82bc9d	1534	SMART	SM00564	ire1_9	330	362	0.0092	T	26-06-2023	IPR018391	Pyrrolo-quinoline quinone beta-propeller repeat
NXNI01000003.1_84	d68f7c4f88a8d419042c722c2a82bc9d	1534	Pfam	PF13360	PQQ-like domain	331	446	3.4E-11	T	26-06-2023	IPR002372	Pyrrolo-quinoline quinone repeat
NXNI01000003.1_84	d68f7c4f88a8d419042c722c2a82bc9d	1534	Pfam	PF13360	PQQ-like domain	222	326	1.8E-14	T	26-06-2023	IPR002372	Pyrrolo-quinoline quinone repeat
NXNI01000003.1_84	d68f7c4f88a8d419042c722c2a82bc9d	1534	ProSiteProfiles	PS50082	Trp-Asp (WD) repeats profile.	361	401	8.570195	T	26-06-2023	IPR001680	WD40 repeat
NXNI01000003.1_84	d68f7c4f88a8d419042c722c2a82bc9d	1534	Coils	Coil	Coil	930	950	-	T	26-06-2023	-	-
NXNI01000003.1_84	d68f7c4f88a8d419042c722c2a82bc9d	1534	Coils	Coil	Coil	854	881	-	T	26-06-2023	-	-
NXNI01000003.1_84	d68f7c4f88a8d419042c722c2a82bc9d	1534	SMART	SM00320	WD40_4	354	392	4.5E-5	T	26-06-2023	IPR001680	WD40 repeat
NXNI01000003.1_84	d68f7c4f88a8d419042c722c2a82bc9d	1534	SMART	SM00320	WD40_4	312	351	0.079	T	26-06-2023	IPR001680	WD40 repeat
NXNI01000003.1_84	d68f7c4f88a8d419042c722c2a82bc9d	1534	SMART	SM00320	WD40_4	395	436	25.0	T	26-06-2023	IPR001680	WD40 repeat
NXNI01000003.1_84	d68f7c4f88a8d419042c722c2a82bc9d	1534	SMART	SM00320	WD40_4	439	478	1.4E-4	T	26-06-2023	IPR001680	WD40 repeat
NXNI01000003.1_84	d68f7c4f88a8d419042c722c2a82bc9d	1534	SMART	SM00320	WD40_4	272	309	340.0	T	26-06-2023	IPR001680	WD40 repeat
NXNI01000003.1_84	d68f7c4f88a8d419042c722c2a82bc9d	1534	ProSiteProfiles	PS50082	Trp-Asp (WD) repeats profile.	446	487	10.408196	T	26-06-2023	IPR001680	WD40 repeat
NXNI01000003.1_84	d68f7c4f88a8d419042c722c2a82bc9d	1534	Coils	Coil	Coil	895	915	-	T	26-06-2023	-	-
NXNI01000003.1_84	d68f7c4f88a8d419042c722c2a82bc9d	1534	MobiDBLite	mobidb-lite	consensus disorder prediction	661	680	-	T	26-06-2023	-	-
NXNI01000003.1_84	d68f7c4f88a8d419042c722c2a82bc9d	1534	Gene3D	G3DSA:2.130.10.10	-	176	405	1.4E-36	T	26-06-2023	IPR015943	WD40/YVTN repeat-like-containing domain superfamily
NXNI01000003.1_84	d68f7c4f88a8d419042c722c2a82bc9d	1534	Gene3D	G3DSA:2.130.10.10	-	406	500	1.9E-12	T	26-06-2023	IPR015943	WD40/YVTN repeat-like-containing domain superfamily
NXNI01000003.1_84	d68f7c4f88a8d419042c722c2a82bc9d	1534	SUPERFAMILY	SSF50998	Quinoprotein alcohol dehydrogenase-like	209	501	6.47E-60	T	26-06-2023	IPR011047	Quinoprotein alcohol dehydrogenase-like superfamily
NXNI01000003.1_84	d68f7c4f88a8d419042c722c2a82bc9d	1534	Pfam	PF01011	PQQ enzyme repeat	465	496	3.5E-4	T	26-06-2023	IPR002372	Pyrrolo-quinoline quinone repeat
NXNI01000003.1_84	d68f7c4f88a8d419042c722c2a82bc9d	1534	PANTHER	PTHR34512	CELL SURFACE PROTEIN	262	493	5.9E-28	T	26-06-2023	-	-
NXNI01000003.1_40	1e2204e8f4721db089b3ff192a1d4dc7	295	CDD	cd02042	ParAB_family	10	209	5.88028E-20	T	26-06-2023	-	-
NXNI01000003.1_40	1e2204e8f4721db089b3ff192a1d4dc7	295	Pfam	PF13614	AAA domain	8	172	2.8E-28	T	26-06-2023	IPR025669	AAA domain
NXNI01000003.1_40	1e2204e8f4721db089b3ff192a1d4dc7	295	PANTHER	PTHR13696	P-LOOP CONTAINING NUCLEOSIDE TRIPHOSPHATE HYDROLASE	4	288	1.2E-35	T	26-06-2023	-	-
NXNI01000003.1_40	1e2204e8f4721db089b3ff192a1d4dc7	295	SUPERFAMILY	SSF52540	P-loop containing nucleoside triphosphate hydrolases	10	290	1.41E-34	T	26-06-2023	IPR027417	P-loop containing nucleoside triphosphate hydrolase
NXNI01000003.1_40	1e2204e8f4721db089b3ff192a1d4dc7	295	Gene3D	G3DSA:3.40.50.300	-	3	289	2.2E-50	T	26-06-2023	IPR027417	P-loop containing nucleoside triphosphate hydrolase
NXNI01000003.1_28	be2b98d06c62ebfe2bb02ab281221060	131	MobiDBLite	mobidb-lite	consensus disorder prediction	9	30	-	T	26-06-2023	-	-
NXNI01000003.1_28	be2b98d06c62ebfe2bb02ab281221060	131	MobiDBLite	mobidb-lite	consensus disorder prediction	1	36	-	T	26-06-2023	-	-
NXNI01000003.1_36	46c8e7c933c8dfa76686ca652dc83a31	199	MobiDBLite	mobidb-lite	consensus disorder prediction	1	16	-	T	26-06-2023	-	-
NXNI01000003.1_36	46c8e7c933c8dfa76686ca652dc83a31	199	MobiDBLite	mobidb-lite	consensus disorder prediction	1	32	-	T	26-06-2023	-	-
NXNI01000003.1_79	2aa43841c8b6087f5ad2715e348f0385	150	MobiDBLite	mobidb-lite	consensus disorder prediction	1	20	-	T	26-06-2023	-	-
NXNI01000003.1_66	5db7bc4fc21f9b3d49e0efbcb020e827	387	MobiDBLite	mobidb-lite	consensus disorder prediction	199	213	-	T	26-06-2023	-	-
NXNI01000003.1_66	5db7bc4fc21f9b3d49e0efbcb020e827	387	MobiDBLite	mobidb-lite	consensus disorder prediction	195	225	-	T	26-06-2023	-	-
NXNI01000003.1_66	5db7bc4fc21f9b3d49e0efbcb020e827	387	MobiDBLite	mobidb-lite	consensus disorder prediction	373	387	-	T	26-06-2023	-	-
NXNI01000003.1_66	5db7bc4fc21f9b3d49e0efbcb020e827	387	MobiDBLite	mobidb-lite	consensus disorder prediction	357	387	-	T	26-06-2023	-	-
NXNI01000003.1_66	5db7bc4fc21f9b3d49e0efbcb020e827	387	Pfam	PF07799	Protein of unknown function (DUF1643)	236	365	2.6E-44	T	26-06-2023	IPR012441	Protein of unknown function DUF1643
NXNI01000003.1_62	9a276142ab79ed14f2eb3ebc4e6d14d9	423	PRINTS	PR00508	S21 class N4 adenine-specific DNA methyltransferase signature	28	42	3.9E-32	T	26-06-2023	IPR001091	Restriction/modification DNA-methyltransferase
NXNI01000003.1_62	9a276142ab79ed14f2eb3ebc4e6d14d9	423	PRINTS	PR00508	S21 class N4 adenine-specific DNA methyltransferase signature	66	86	3.9E-32	T	26-06-2023	IPR001091	Restriction/modification DNA-methyltransferase
NXNI01000003.1_62	9a276142ab79ed14f2eb3ebc4e6d14d9	423	PRINTS	PR00508	S21 class N4 adenine-specific DNA methyltransferase signature	213	230	3.9E-32	T	26-06-2023	IPR001091	Restriction/modification DNA-methyltransferase
NXNI01000003.1_62	9a276142ab79ed14f2eb3ebc4e6d14d9	423	PRINTS	PR00508	S21 class N4 adenine-specific DNA methyltransferase signature	349	367	3.9E-32	T	26-06-2023	IPR001091	Restriction/modification DNA-methyltransferase
NXNI01000003.1_62	9a276142ab79ed14f2eb3ebc4e6d14d9	423	PRINTS	PR00508	S21 class N4 adenine-specific DNA methyltransferase signature	372	392	3.9E-32	T	26-06-2023	IPR001091	Restriction/modification DNA-methyltransferase
NXNI01000003.1_62	9a276142ab79ed14f2eb3ebc4e6d14d9	423	SUPERFAMILY	SSF53335	S-adenosyl-L-methionine-dependent methyltransferases	347	392	1.16E-16	T	26-06-2023	IPR029063	S-adenosyl-L-methionine-dependent methyltransferase superfamily
NXNI01000003.1_62	9a276142ab79ed14f2eb3ebc4e6d14d9	423	MobiDBLite	mobidb-lite	consensus disorder prediction	404	423	-	T	26-06-2023	-	-
NXNI01000003.1_62	9a276142ab79ed14f2eb3ebc4e6d14d9	423	MobiDBLite	mobidb-lite	consensus disorder prediction	94	111	-	T	26-06-2023	-	-
NXNI01000003.1_62	9a276142ab79ed14f2eb3ebc4e6d14d9	423	Pfam	PF01555	DNA methylase	347	389	1.2E-12	T	26-06-2023	IPR002941	DNA methylase N-4/N-6
NXNI01000003.1_62	9a276142ab79ed14f2eb3ebc4e6d14d9	423	Pfam	PF01555	DNA methylase	29	232	1.2E-28	T	26-06-2023	IPR002941	DNA methylase N-4/N-6
NXNI01000003.1_62	9a276142ab79ed14f2eb3ebc4e6d14d9	423	Gene3D	G3DSA:3.40.50.150	Vaccinia Virus protein VP39	9	235	2.4E-43	T	26-06-2023	IPR029063	S-adenosyl-L-methionine-dependent methyltransferase superfamily
NXNI01000003.1_62	9a276142ab79ed14f2eb3ebc4e6d14d9	423	Gene3D	G3DSA:3.40.50.150	Vaccinia Virus protein VP39	331	400	9.7E-17	T	26-06-2023	IPR029063	S-adenosyl-L-methionine-dependent methyltransferase superfamily
NXNI01000003.1_62	9a276142ab79ed14f2eb3ebc4e6d14d9	423	MobiDBLite	mobidb-lite	consensus disorder prediction	91	121	-	T	26-06-2023	-	-
NXNI01000003.1_62	9a276142ab79ed14f2eb3ebc4e6d14d9	423	CDD	cd02440	AdoMet_MTases	353	390	3.83134E-4	T	26-06-2023	-	-
NXNI01000003.1_62	9a276142ab79ed14f2eb3ebc4e6d14d9	423	SUPERFAMILY	SSF53335	S-adenosyl-L-methionine-dependent methyltransferases	8	232	9.12E-35	T	26-06-2023	IPR029063	S-adenosyl-L-methionine-dependent methyltransferase superfamily
NXNI01000003.1_62	9a276142ab79ed14f2eb3ebc4e6d14d9	423	ProSitePatterns	PS00093	N-4 cytosine-specific DNA methylases signature.	33	38	-	T	26-06-2023	IPR017985	DNA methylase, N-4 cytosine-specific, conserved site
NXNI01000003.1_74	db2fcfa44e5992ce4afd94286efbde89	96	Pfam	PF03551	Transcriptional regulator PadR-like family	11	79	1.7E-16	T	26-06-2023	IPR005149	Transcription regulator PadR, N-terminal
NXNI01000003.1_74	db2fcfa44e5992ce4afd94286efbde89	96	Gene3D	G3DSA:1.10.10.10	-	10	94	5.3E-13	T	26-06-2023	IPR036388	Winged helix-like DNA-binding domain superfamily
NXNI01000003.1_74	db2fcfa44e5992ce4afd94286efbde89	96	SUPERFAMILY	SSF46785	"Winged helix" DNA-binding domain	2	93	1.27E-19	T	26-06-2023	IPR036390	Winged helix DNA-binding domain superfamily
NXNI01000003.1_8	315d248ad0377eb7f11d598acfaa0178	83	SUPERFAMILY	SSF57884	Ada DNA repair protein, N-terminal domain (N-Ada 10)	31	81	1.1E-7	T	26-06-2023	IPR035451	Ada-like domain superfamily
NXNI01000003.1_8	315d248ad0377eb7f11d598acfaa0178	83	MobiDBLite	mobidb-lite	consensus disorder prediction	56	83	-	T	26-06-2023	-	-
NXNI01000003.1_8	315d248ad0377eb7f11d598acfaa0178	83	Gene3D	G3DSA:3.40.10.10	DNA Methylphosphotriester Repair Domain	2	82	3.1E-6	T	26-06-2023	IPR035451	Ada-like domain superfamily
NXNI01000003.1_71	a75c5cf90a5eed53ad6315e0cbde2f6b	85	Gene3D	G3DSA:1.10.10.10	-	1	79	1.8E-19	T	26-06-2023	IPR036388	Winged helix-like DNA-binding domain superfamily
NXNI01000003.1_71	a75c5cf90a5eed53ad6315e0cbde2f6b	85	SUPERFAMILY	SSF46785	"Winged helix" DNA-binding domain	26	69	5.11E-9	T	26-06-2023	IPR036390	Winged helix DNA-binding domain superfamily
NXNI01000003.1_6	99e4c79745830300cc642051067d662f	122	Pfam	PF12826	Helix-hairpin-helix motif	75	116	2.7E-11	T	26-06-2023	IPR041663	DisA/LigA, helix-hairpin-helix motif
NXNI01000003.1_6	99e4c79745830300cc642051067d662f	122	Gene3D	G3DSA:1.10.150.20	-	59	122	8.7E-14	T	26-06-2023	-	-
NXNI01000003.1_6	99e4c79745830300cc642051067d662f	122	SUPERFAMILY	SSF47781	RuvA domain 2-like	32	119	8.62E-14	T	26-06-2023	IPR010994	RuvA domain 2-like
NXNI01000003.1_32	451621b704f66b8c593ce3ba2b3c0076	91	MobiDBLite	mobidb-lite	consensus disorder prediction	1	22	-	T	26-06-2023	-	-
NXNI01000003.1_97	d73ca46ae744b03cdde082d843fcb5a1	771	Gene3D	G3DSA:3.40.50.300	-	372	548	5.8E-6	T	26-06-2023	IPR027417	P-loop containing nucleoside triphosphate hydrolase
NXNI01000003.1_97	d73ca46ae744b03cdde082d843fcb5a1	771	SUPERFAMILY	SSF52540	P-loop containing nucleoside triphosphate hydrolases	184	519	1.94E-9	T	26-06-2023	IPR027417	P-loop containing nucleoside triphosphate hydrolase
NXNI01000003.1_53	ec1c2ca03ad467fe503cb297da6477f7	111	SUPERFAMILY	SSF46785	"Winged helix" DNA-binding domain	24	104	6.3E-17	T	26-06-2023	IPR036390	Winged helix DNA-binding domain superfamily
NXNI01000003.1_53	ec1c2ca03ad467fe503cb297da6477f7	111	Pfam	PF03551	Transcriptional regulator PadR-like family	29	97	2.6E-14	T	26-06-2023	IPR005149	Transcription regulator PadR, N-terminal
NXNI01000003.1_53	ec1c2ca03ad467fe503cb297da6477f7	111	Gene3D	G3DSA:1.10.10.10	-	24	108	5.9E-13	T	26-06-2023	IPR036388	Winged helix-like DNA-binding domain superfamily
NXNI01000003.1_53	ec1c2ca03ad467fe503cb297da6477f7	111	MobiDBLite	mobidb-lite	consensus disorder prediction	1	20	-	T	26-06-2023	-	-
NXNI01000003.1_61	6293694b14b4040e6e4a525dc490dc56	189	MobiDBLite	mobidb-lite	consensus disorder prediction	1	55	-	T	26-06-2023	-	-
NXNI01000003.1_61	6293694b14b4040e6e4a525dc490dc56	189	MobiDBLite	mobidb-lite	consensus disorder prediction	1	28	-	T	26-06-2023	-	-
NXNI01000003.1_61	6293694b14b4040e6e4a525dc490dc56	189	MobiDBLite	mobidb-lite	consensus disorder prediction	159	189	-	T	26-06-2023	-	-
NXNI01000003.1_63	af68d95d4885ed3292fb217c1a761785	110	Gene3D	G3DSA:1.10.10.10	-	23	95	3.4E-6	T	26-06-2023	IPR036388	Winged helix-like DNA-binding domain superfamily
NXNI01000003.1_63	af68d95d4885ed3292fb217c1a761785	110	Pfam	PF09339	IclR helix-turn-helix domain	33	70	3.4E-6	T	26-06-2023	IPR005471	Transcription regulator IclR, N-terminal
NXNI01000003.1_63	af68d95d4885ed3292fb217c1a761785	110	SUPERFAMILY	SSF46785	"Winged helix" DNA-binding domain	24	79	1.18E-7	T	26-06-2023	IPR036390	Winged helix DNA-binding domain superfamily
NXNI01000003.1_11	2df6dcde1d7f32f8e3acad144afda9ca	227	MobiDBLite	mobidb-lite	consensus disorder prediction	200	227	-	T	26-06-2023	-	-
NXNI01000003.1_12	85bb89f2f92b59fbe0839bde3d0b92bd	215	MobiDBLite	mobidb-lite	consensus disorder prediction	1	31	-	T	26-06-2023	-	-
NXNI01000003.1_12	85bb89f2f92b59fbe0839bde3d0b92bd	215	MobiDBLite	mobidb-lite	consensus disorder prediction	15	31	-	T	26-06-2023	-	-
NXNI01000003.1_21	5600bda2d6abe9e310bd10891971a762	262	CDD	cd00085	HNHc	24	69	8.00493E-7	T	26-06-2023	IPR003615	HNH nuclease
NXNI01000003.1_21	5600bda2d6abe9e310bd10891971a762	262	MobiDBLite	mobidb-lite	consensus disorder prediction	92	132	-	T	26-06-2023	-	-
NXNI01000003.1_21	5600bda2d6abe9e310bd10891971a762	262	SMART	SM00507	HNH_5	11	67	0.0027	T	26-06-2023	IPR003615	HNH nuclease
NXNI01000003.1_21	5600bda2d6abe9e310bd10891971a762	262	Gene3D	G3DSA:1.10.30.50	-	2	86	1.1E-5	T	26-06-2023	-	-
NXNI01000003.1_21	5600bda2d6abe9e310bd10891971a762	262	MobiDBLite	mobidb-lite	consensus disorder prediction	104	132	-	T	26-06-2023	-	-
NXNI01000003.1_9	035d5521049c3c4bddcf725e54507ed9	190	MobiDBLite	mobidb-lite	consensus disorder prediction	88	190	-	T	26-06-2023	-	-
NXNI01000003.1_9	035d5521049c3c4bddcf725e54507ed9	190	MobiDBLite	mobidb-lite	consensus disorder prediction	155	170	-	T	26-06-2023	-	-
NXNI01000003.1_9	035d5521049c3c4bddcf725e54507ed9	190	MobiDBLite	mobidb-lite	consensus disorder prediction	96	112	-	T	26-06-2023	-	-
NXNI01000003.1_38	abae4467e977964c35eb21991ae5bc35	325	MobiDBLite	mobidb-lite	consensus disorder prediction	306	325	-	T	26-06-2023	-	-
NXNI01000003.1_55	c588704926bf2e51c5de866794abd762	78	MobiDBLite	mobidb-lite	consensus disorder prediction	1	20	-	T	26-06-2023	-	-
NXNI01000003.1_75	bb67cbdc2a348077a6af20717a4d95d8	345	Gene3D	G3DSA:3.40.50.300	-	19	183	1.9E-43	T	26-06-2023	IPR027417	P-loop containing nucleoside triphosphate hydrolase
NXNI01000003.1_75	bb67cbdc2a348077a6af20717a4d95d8	345	Pfam	PF13401	AAA domain	46	147	3.3E-11	T	26-06-2023	IPR003593	AAA+ ATPase domain
NXNI01000003.1_75	bb67cbdc2a348077a6af20717a4d95d8	345	Gene3D	G3DSA:1.10.8.60	-	6	257	1.9E-43	T	26-06-2023	-	-
NXNI01000003.1_75	bb67cbdc2a348077a6af20717a4d95d8	345	SMART	SM00382	AAA_5	41	172	1.9E-8	T	26-06-2023	IPR003593	AAA+ ATPase domain
NXNI01000003.1_75	bb67cbdc2a348077a6af20717a4d95d8	345	CDD	cd00009	AAA	24	173	6.45024E-9	T	26-06-2023	-	-
NXNI01000003.1_75	bb67cbdc2a348077a6af20717a4d95d8	345	SUPERFAMILY	SSF52540	P-loop containing nucleoside triphosphate hydrolases	3	251	5.8E-31	T	26-06-2023	IPR027417	P-loop containing nucleoside triphosphate hydrolase
NXNI01000003.1_75	bb67cbdc2a348077a6af20717a4d95d8	345	PANTHER	PTHR10763	CELL DIVISION CONTROL PROTEIN 6-RELATED	19	259	6.8E-20	T	26-06-2023	-	-
NXNI01000003.1_18	7d5f921f85ea00193036faa36c5d994e	223	Gene3D	G3DSA:3.90.320.10	-	13	214	5.0E-23	T	26-06-2023	IPR011604	PD-(D/E)XK endonuclease-like domain superfamily
NXNI01000003.1_85	e5b6a45903ba5bcbfd7028fc6c6b15ed	518	Coils	Coil	Coil	465	485	-	T	26-06-2023	-	-
NXNI01000003.1_85	e5b6a45903ba5bcbfd7028fc6c6b15ed	518	PRINTS	PR00723	Subtilisin serine protease family (S8) signature	186	205	3.9E-12	T	26-06-2023	IPR015500	Peptidase S8, subtilisin-related
NXNI01000003.1_85	e5b6a45903ba5bcbfd7028fc6c6b15ed	518	PRINTS	PR00723	Subtilisin serine protease family (S8) signature	237	250	3.9E-12	T	26-06-2023	IPR015500	Peptidase S8, subtilisin-related
NXNI01000003.1_85	e5b6a45903ba5bcbfd7028fc6c6b15ed	518	PRINTS	PR00723	Subtilisin serine protease family (S8) signature	421	437	3.9E-12	T	26-06-2023	IPR015500	Peptidase S8, subtilisin-related
NXNI01000003.1_85	e5b6a45903ba5bcbfd7028fc6c6b15ed	518	SUPERFAMILY	SSF52743	Subtilisin-like	185	481	5.76E-54	T	26-06-2023	IPR036852	Peptidase S8/S53 domain superfamily
NXNI01000003.1_85	e5b6a45903ba5bcbfd7028fc6c6b15ed	518	ProSitePatterns	PS00138	Serine proteases, subtilase family, serine active site.	422	432	-	T	26-06-2023	IPR023828	Peptidase S8, subtilisin, Ser-active site
NXNI01000003.1_85	e5b6a45903ba5bcbfd7028fc6c6b15ed	518	ProSitePatterns	PS00137	Serine proteases, subtilase family, histidine active site.	241	251	-	T	26-06-2023	IPR022398	Peptidase S8, subtilisin, His-active site
NXNI01000003.1_85	e5b6a45903ba5bcbfd7028fc6c6b15ed	518	Gene3D	G3DSA:3.40.50.200	Peptidase S8/S53 domain	160	487	4.0E-56	T	26-06-2023	IPR036852	Peptidase S8/S53 domain superfamily
NXNI01000003.1_85	e5b6a45903ba5bcbfd7028fc6c6b15ed	518	PANTHER	PTHR43806	PEPTIDASE S8	137	462	7.6E-40	T	26-06-2023	-	-
NXNI01000003.1_85	e5b6a45903ba5bcbfd7028fc6c6b15ed	518	Pfam	PF00082	Subtilase family	186	460	3.5E-41	T	26-06-2023	IPR000209	Peptidase S8/S53 domain
NXNI01000003.1_85	e5b6a45903ba5bcbfd7028fc6c6b15ed	518	ProSiteProfiles	PS51892	Serine proteases, subtilase domain profile.	167	479	27.889879	T	26-06-2023	-	-
