>NZ_AOIP01000022.1_80	1cf8037abb867a36b8f79a845dd02427	582	Pfam	PF00145	C-5 cytosine-specific DNA methylase	7	225	1.2E-21	T	21-06-2023	IPR001525	C-5 cytosine methyltransferase
>NZ_AOIP01000022.1_80	1cf8037abb867a36b8f79a845dd02427	582	Pfam	PF00145	C-5 cytosine-specific DNA methylase	498	548	2.0E-8	T	21-06-2023	IPR001525	C-5 cytosine methyltransferase
>NZ_AOIP01000022.1_80	1cf8037abb867a36b8f79a845dd02427	582	MobiDBLite	mobidb-lite	consensus disorder prediction	221	240	-	T	21-06-2023	-	-
>NZ_AOIP01000022.1_80	1cf8037abb867a36b8f79a845dd02427	582	Gene3D	G3DSA:3.40.50.150	Vaccinia Virus protein VP39	1	251	2.3E-43	T	21-06-2023	IPR029063	S-adenosyl-L-methionine-dependent methyltransferase superfamily
>NZ_AOIP01000022.1_80	1cf8037abb867a36b8f79a845dd02427	582	PRINTS	PR00105	Cytosine-specific DNA methyltransferase signature	6	22	8.7E-11	T	21-06-2023	IPR001525	C-5 cytosine methyltransferase
>NZ_AOIP01000022.1_80	1cf8037abb867a36b8f79a845dd02427	582	PRINTS	PR00105	Cytosine-specific DNA methyltransferase signature	142	156	8.7E-11	T	21-06-2023	IPR001525	C-5 cytosine methyltransferase
>NZ_AOIP01000022.1_80	1cf8037abb867a36b8f79a845dd02427	582	PRINTS	PR00105	Cytosine-specific DNA methyltransferase signature	205	218	8.7E-11	T	21-06-2023	IPR001525	C-5 cytosine methyltransferase
>NZ_AOIP01000022.1_80	1cf8037abb867a36b8f79a845dd02427	582	SUPERFAMILY	SSF53335	S-adenosyl-L-methionine-dependent methyltransferases	4	549	3.03E-58	T	21-06-2023	IPR029063	S-adenosyl-L-methionine-dependent methyltransferase superfamily
>NZ_AOIP01000022.1_80	1cf8037abb867a36b8f79a845dd02427	582	Gene3D	G3DSA:3.90.120.10	DNA Methylase, subunit A, domain 2	460	542	6.8E-9	T	21-06-2023	-	-
>NZ_AOIP01000022.1_80	1cf8037abb867a36b8f79a845dd02427	582	ProSiteProfiles	PS51679	C-5 cytosine-specific DNA methylase (Dnmt) domain profile.	5	556	27.102568	T	21-06-2023	IPR001525	C-5 cytosine methyltransferase
>NZ_AOIP01000022.1_80	1cf8037abb867a36b8f79a845dd02427	582	PANTHER	PTHR10629	CYTOSINE-SPECIFIC METHYLTRANSFERASE	500	549	6.3E-41	T	21-06-2023	-	-
>NZ_AOIP01000022.1_7	4f404dada6bfda7c8046e7f43fed55d7	98	Gene3D	G3DSA:1.10.10.10	-	1	90	2.4E-24	T	21-06-2023	IPR036388	Winged helix-like DNA-binding domain superfamily
>NZ_AOIP01000022.1_7	4f404dada6bfda7c8046e7f43fed55d7	98	SUPERFAMILY	SSF46785	"Winged helix" DNA-binding domain	38	83	1.61E-8	T	21-06-2023	IPR036390	Winged helix DNA-binding domain superfamily
>NZ_AOIP01000022.1_7	4f404dada6bfda7c8046e7f43fed55d7	98	Pfam	PF08461	Ribonuclease R winged-helix domain	15	77	1.2E-7	T	21-06-2023	IPR013668	Ribonuclease R winged-helix domain
>NZ_AOIP01000022.1_65	d8b3dc8795a877ff00ada1713c02b739	143	MobiDBLite	mobidb-lite	consensus disorder prediction	121	143	-	T	21-06-2023	-	-
>NZ_AOIP01000022.1_6	ea7be0d30a335ce816e9ad2e82095c86	178	MobiDBLite	mobidb-lite	consensus disorder prediction	31	71	-	T	21-06-2023	-	-
>NZ_AOIP01000022.1_61	b2be159fe70d7f13a5767ecc09d8f439	281	Gene3D	G3DSA:3.40.50.300	-	5	280	8.1E-40	T	21-06-2023	IPR027417	P-loop containing nucleoside triphosphate hydrolase
>NZ_AOIP01000022.1_61	b2be159fe70d7f13a5767ecc09d8f439	281	Coils	Coil	Coil	169	189	-	T	21-06-2023	-	-
>NZ_AOIP01000022.1_61	b2be159fe70d7f13a5767ecc09d8f439	281	CDD	cd02042	ParAB_family	14	221	1.88668E-15	T	21-06-2023	-	-
>NZ_AOIP01000022.1_61	b2be159fe70d7f13a5767ecc09d8f439	281	Pfam	PF13614	AAA domain	13	189	3.9E-19	T	21-06-2023	IPR025669	AAA domain
>NZ_AOIP01000022.1_61	b2be159fe70d7f13a5767ecc09d8f439	281	PANTHER	PTHR13696	P-LOOP CONTAINING NUCLEOSIDE TRIPHOSPHATE HYDROLASE	11	273	2.4E-25	T	21-06-2023	-	-
>NZ_AOIP01000022.1_61	b2be159fe70d7f13a5767ecc09d8f439	281	SUPERFAMILY	SSF52540	P-loop containing nucleoside triphosphate hydrolases	12	279	3.0E-24	T	21-06-2023	IPR027417	P-loop containing nucleoside triphosphate hydrolase
>NZ_AOIP01000022.1_79	3692805ac7e84b7344c4c89dff2e3619	102	MobiDBLite	mobidb-lite	consensus disorder prediction	78	102	-	T	21-06-2023	-	-
>NZ_AOIP01000022.1_79	3692805ac7e84b7344c4c89dff2e3619	102	Pfam	PF08279	HTH domain	34	66	6.8E-5	T	21-06-2023	IPR013196	Helix-turn-helix, type 11
>NZ_AOIP01000022.1_79	3692805ac7e84b7344c4c89dff2e3619	102	SUPERFAMILY	SSF46785	"Winged helix" DNA-binding domain	21	71	1.14E-6	T	21-06-2023	IPR036390	Winged helix DNA-binding domain superfamily
>NZ_AOIP01000022.1_79	3692805ac7e84b7344c4c89dff2e3619	102	MobiDBLite	mobidb-lite	consensus disorder prediction	83	102	-	T	21-06-2023	-	-
>NZ_AOIP01000022.1_46	69880dc0951ef41a582874cba7821687	398	Gene3D	G3DSA:3.30.950.30	Schlafen, AAA domain	12	163	1.9E-16	T	21-06-2023	IPR038461	Schlafen, AlbA_2 domain superfamily
>NZ_AOIP01000022.1_46	69880dc0951ef41a582874cba7821687	398	Pfam	PF04326	Putative DNA-binding domain	24	153	3.7E-10	T	21-06-2023	IPR007421	Schlafen, AlbA_2 domain
>NZ_AOIP01000022.1_26	04f8b956925ab8aa15b1261f3fe78812	215	ProSiteProfiles	PS51318	Twin arginine translocation (Tat) signal profile.	1	35	8.622756	T	21-06-2023	IPR006311	Twin-arginine translocation pathway, signal sequence
>NZ_AOIP01000022.1_35	a38d80aa1cb849a34a2448608a160bb1	543	MobiDBLite	mobidb-lite	consensus disorder prediction	212	226	-	T	21-06-2023	-	-
>NZ_AOIP01000022.1_35	a38d80aa1cb849a34a2448608a160bb1	543	MobiDBLite	mobidb-lite	consensus disorder prediction	519	543	-	T	21-06-2023	-	-
>NZ_AOIP01000022.1_35	a38d80aa1cb849a34a2448608a160bb1	543	MobiDBLite	mobidb-lite	consensus disorder prediction	185	232	-	T	21-06-2023	-	-
>NZ_AOIP01000022.1_50	46326dd66317f22c6a2d82fdfb27a34d	205	MobiDBLite	mobidb-lite	consensus disorder prediction	1	21	-	T	21-06-2023	-	-
>NZ_AOIP01000022.1_82	b234c2fbb2766d023d20698ef5e45915	205	MobiDBLite	mobidb-lite	consensus disorder prediction	81	111	-	T	21-06-2023	-	-
>NZ_AOIP01000022.1_82	b234c2fbb2766d023d20698ef5e45915	205	MobiDBLite	mobidb-lite	consensus disorder prediction	89	103	-	T	21-06-2023	-	-
>NZ_AOIP01000022.1_8	358304917308aee8648d79d9f7c0ce82	78	MobiDBLite	mobidb-lite	consensus disorder prediction	1	78	-	T	21-06-2023	-	-
>NZ_AOIP01000022.1_8	358304917308aee8648d79d9f7c0ce82	78	MobiDBLite	mobidb-lite	consensus disorder prediction	58	78	-	T	21-06-2023	-	-
>NZ_AOIP01000022.1_8	358304917308aee8648d79d9f7c0ce82	78	MobiDBLite	mobidb-lite	consensus disorder prediction	18	39	-	T	21-06-2023	-	-
>NZ_AOIP01000022.1_42	fba0e4e8f9797d691e9647ece2ed58d6	78	MobiDBLite	mobidb-lite	consensus disorder prediction	49	78	-	T	21-06-2023	-	-
>NZ_AOIP01000022.1_42	fba0e4e8f9797d691e9647ece2ed58d6	78	MobiDBLite	mobidb-lite	consensus disorder prediction	64	78	-	T	21-06-2023	-	-
>NZ_AOIP01000022.1_34	e265346ffbdd5c800a25b1b7f51e8609	412	Coils	Coil	Coil	253	287	-	T	21-06-2023	-	-
>NZ_AOIP01000022.1_34	e265346ffbdd5c800a25b1b7f51e8609	412	Coils	Coil	Coil	381	401	-	T	21-06-2023	-	-
>NZ_AOIP01000022.1_1	eb56407142b8147e0670d48d40c849c9	39	MobiDBLite	mobidb-lite	consensus disorder prediction	1	39	-	T	21-06-2023	-	-
>NZ_AOIP01000022.1_4	212e9099123da7130225244539131461	103	MobiDBLite	mobidb-lite	consensus disorder prediction	1	21	-	T	21-06-2023	-	-
>NZ_AOIP01000022.1_4	212e9099123da7130225244539131461	103	Coils	Coil	Coil	77	97	-	T	21-06-2023	-	-
>NZ_AOIP01000022.1_4	212e9099123da7130225244539131461	103	Coils	Coil	Coil	16	43	-	T	21-06-2023	-	-
>NZ_AOIP01000022.1_21	e093e615550301c43cc5e20ccf2cb4e8	1216	ProSiteProfiles	PS50294	Trp-Asp (WD) repeats circular profile.	230	266	8.861059	T	21-06-2023	-	-
>NZ_AOIP01000022.1_21	e093e615550301c43cc5e20ccf2cb4e8	1216	SUPERFAMILY	SSF49464	Carboxypeptidase regulatory domain-like	379	462	7.45E-6	T	21-06-2023	IPR008969	Carboxypeptidase-like, regulatory domain superfamily
>NZ_AOIP01000022.1_21	e093e615550301c43cc5e20ccf2cb4e8	1216	ProSiteProfiles	PS50082	Trp-Asp (WD) repeats profile.	230	271	10.942887	T	21-06-2023	IPR001680	WD40 repeat
>NZ_AOIP01000022.1_21	e093e615550301c43cc5e20ccf2cb4e8	1216	Pfam	PF13360	PQQ-like domain	75	187	4.3E-14	T	21-06-2023	IPR002372	Pyrrolo-quinoline quinone repeat
>NZ_AOIP01000022.1_21	e093e615550301c43cc5e20ccf2cb4e8	1216	Pfam	PF13360	PQQ-like domain	213	353	4.6E-20	T	21-06-2023	IPR002372	Pyrrolo-quinoline quinone repeat
>NZ_AOIP01000022.1_21	e093e615550301c43cc5e20ccf2cb4e8	1216	SMART	SM00320	WD40_4	98	137	9.8E-6	T	21-06-2023	IPR001680	WD40 repeat
>NZ_AOIP01000022.1_21	e093e615550301c43cc5e20ccf2cb4e8	1216	SMART	SM00320	WD40_4	140	178	34.0	T	21-06-2023	IPR001680	WD40 repeat
>NZ_AOIP01000022.1_21	e093e615550301c43cc5e20ccf2cb4e8	1216	SMART	SM00320	WD40_4	265	304	220.0	T	21-06-2023	IPR001680	WD40 repeat
>NZ_AOIP01000022.1_21	e093e615550301c43cc5e20ccf2cb4e8	1216	SMART	SM00320	WD40_4	181	220	1.7E-4	T	21-06-2023	IPR001680	WD40 repeat
>NZ_AOIP01000022.1_21	e093e615550301c43cc5e20ccf2cb4e8	1216	SMART	SM00320	WD40_4	223	262	2.1E-5	T	21-06-2023	IPR001680	WD40 repeat
>NZ_AOIP01000022.1_21	e093e615550301c43cc5e20ccf2cb4e8	1216	SMART	SM00320	WD40_4	307	346	0.0017	T	21-06-2023	IPR001680	WD40 repeat
>NZ_AOIP01000022.1_21	e093e615550301c43cc5e20ccf2cb4e8	1216	ProSiteProfiles	PS50082	Trp-Asp (WD) repeats profile.	188	229	10.675542	T	21-06-2023	IPR001680	WD40 repeat
>NZ_AOIP01000022.1_21	e093e615550301c43cc5e20ccf2cb4e8	1216	Coils	Coil	Coil	733	757	-	T	21-06-2023	-	-
>NZ_AOIP01000022.1_21	e093e615550301c43cc5e20ccf2cb4e8	1216	ProSiteProfiles	PS50082	Trp-Asp (WD) repeats profile.	105	146	10.675542	T	21-06-2023	IPR001680	WD40 repeat
>NZ_AOIP01000022.1_21	e093e615550301c43cc5e20ccf2cb4e8	1216	CDD	cd00200	WD40	105	367	3.44644E-49	T	21-06-2023	-	-
>NZ_AOIP01000022.1_21	e093e615550301c43cc5e20ccf2cb4e8	1216	ProSiteProfiles	PS50082	Trp-Asp (WD) repeats profile.	314	355	10.475033	T	21-06-2023	IPR001680	WD40 repeat
>NZ_AOIP01000022.1_21	e093e615550301c43cc5e20ccf2cb4e8	1216	SMART	SM00564	ire1_9	242	273	4.6E-4	T	21-06-2023	IPR018391	Pyrrolo-quinoline quinone beta-propeller repeat
>NZ_AOIP01000022.1_21	e093e615550301c43cc5e20ccf2cb4e8	1216	SMART	SM00564	ire1_9	117	148	7.6E-4	T	21-06-2023	IPR018391	Pyrrolo-quinoline quinone beta-propeller repeat
>NZ_AOIP01000022.1_21	e093e615550301c43cc5e20ccf2cb4e8	1216	SMART	SM00564	ire1_9	326	357	23.0	T	21-06-2023	IPR018391	Pyrrolo-quinoline quinone beta-propeller repeat
>NZ_AOIP01000022.1_21	e093e615550301c43cc5e20ccf2cb4e8	1216	SMART	SM00564	ire1_9	200	231	3.2E-5	T	21-06-2023	IPR018391	Pyrrolo-quinoline quinone beta-propeller repeat
>NZ_AOIP01000022.1_21	e093e615550301c43cc5e20ccf2cb4e8	1216	SMART	SM00564	ire1_9	159	189	0.15	T	21-06-2023	IPR018391	Pyrrolo-quinoline quinone beta-propeller repeat
>NZ_AOIP01000022.1_21	e093e615550301c43cc5e20ccf2cb4e8	1216	SMART	SM00564	ire1_9	75	106	22.0	T	21-06-2023	IPR018391	Pyrrolo-quinoline quinone beta-propeller repeat
>NZ_AOIP01000022.1_21	e093e615550301c43cc5e20ccf2cb4e8	1216	SMART	SM00564	ire1_9	284	315	1.1	T	21-06-2023	IPR018391	Pyrrolo-quinoline quinone beta-propeller repeat
>NZ_AOIP01000022.1_21	e093e615550301c43cc5e20ccf2cb4e8	1216	Gene3D	G3DSA:2.130.10.10	-	189	401	1.8E-40	T	21-06-2023	IPR015943	WD40/YVTN repeat-like-containing domain superfamily
>NZ_AOIP01000022.1_21	e093e615550301c43cc5e20ccf2cb4e8	1216	PANTHER	PTHR44019	WD REPEAT-CONTAINING PROTEIN 55	181	367	1.4E-47	T	21-06-2023	-	-
>NZ_AOIP01000022.1_21	e093e615550301c43cc5e20ccf2cb4e8	1216	SUPERFAMILY	SSF50998	Quinoprotein alcohol dehydrogenase-like	76	368	1.65E-68	T	21-06-2023	IPR011047	Quinoprotein alcohol dehydrogenase-like superfamily
>NZ_AOIP01000022.1_21	e093e615550301c43cc5e20ccf2cb4e8	1216	Gene3D	G3DSA:2.130.10.10	-	66	188	3.1E-17	T	21-06-2023	IPR015943	WD40/YVTN repeat-like-containing domain superfamily
>NZ_AOIP01000022.1_66	1c4be7cab524c3fdd687b15e6e536a8c	85	MobiDBLite	mobidb-lite	consensus disorder prediction	24	51	-	T	21-06-2023	-	-
>NZ_AOIP01000022.1_66	1c4be7cab524c3fdd687b15e6e536a8c	85	MobiDBLite	mobidb-lite	consensus disorder prediction	1	51	-	T	21-06-2023	-	-
>NZ_AOIP01000022.1_54	294a96315244e1800d69412b3cea200c	90	Coils	Coil	Coil	68	88	-	T	21-06-2023	-	-
>NZ_AOIP01000022.1_54	294a96315244e1800d69412b3cea200c	90	MobiDBLite	mobidb-lite	consensus disorder prediction	69	90	-	T	21-06-2023	-	-
>NZ_AOIP01000022.1_54	294a96315244e1800d69412b3cea200c	90	MobiDBLite	mobidb-lite	consensus disorder prediction	68	90	-	T	21-06-2023	-	-
>NZ_AOIP01000022.1_11	42f199e83921ac195d1be9bd21789f9e	107	Gene3D	G3DSA:1.10.10.10	-	27	90	1.2E-6	T	21-06-2023	IPR036388	Winged helix-like DNA-binding domain superfamily
>NZ_AOIP01000022.1_11	42f199e83921ac195d1be9bd21789f9e	107	SUPERFAMILY	SSF46785	"Winged helix" DNA-binding domain	27	85	4.4E-8	T	21-06-2023	IPR036390	Winged helix DNA-binding domain superfamily
>NZ_AOIP01000022.1_45	fde51662e2a101bb7d674aa41847face	372	CDD	cd00397	DNA_BRE_C	158	351	8.75531E-12	T	21-06-2023	-	-
>NZ_AOIP01000022.1_45	fde51662e2a101bb7d674aa41847face	372	Gene3D	G3DSA:1.10.150.130	-	18	123	4.8E-14	T	21-06-2023	IPR010998	Integrase/recombinase, N-terminal
>NZ_AOIP01000022.1_45	fde51662e2a101bb7d674aa41847face	372	MobiDBLite	mobidb-lite	consensus disorder prediction	1	26	-	T	21-06-2023	-	-
>NZ_AOIP01000022.1_45	fde51662e2a101bb7d674aa41847face	372	Pfam	PF00589	Phage integrase family	165	358	2.5E-11	T	21-06-2023	IPR002104	Integrase, catalytic domain
>NZ_AOIP01000022.1_45	fde51662e2a101bb7d674aa41847face	372	ProSiteProfiles	PS51898	Tyrosine recombinase domain profile.	131	368	19.005951	T	21-06-2023	IPR002104	Integrase, catalytic domain
>NZ_AOIP01000022.1_45	fde51662e2a101bb7d674aa41847face	372	Coils	Coil	Coil	360	372	-	T	21-06-2023	-	-
>NZ_AOIP01000022.1_45	fde51662e2a101bb7d674aa41847face	372	Gene3D	G3DSA:1.10.443.10	Intergrase catalytic core	128	371	1.2E-23	T	21-06-2023	IPR013762	Integrase-like, catalytic domain superfamily
>NZ_AOIP01000022.1_45	fde51662e2a101bb7d674aa41847face	372	ProSiteProfiles	PS51900	Core-binding (CB) domain profile.	20	105	11.395279	T	21-06-2023	IPR044068	Core-binding (CB) domain
>NZ_AOIP01000022.1_45	fde51662e2a101bb7d674aa41847face	372	SUPERFAMILY	SSF56349	DNA breaking-rejoining enzymes	22	365	1.74E-23	T	21-06-2023	IPR011010	DNA breaking-rejoining enzyme, catalytic core
>NZ_AOIP01000022.1_31	4cac6954480edd6f169965b5a1783c66	71	MobiDBLite	mobidb-lite	consensus disorder prediction	51	71	-	T	21-06-2023	-	-
>NZ_AOIP01000022.1_23	e5b7c3c51cde74bd4697286e52228658	257	ProSiteProfiles	PS51318	Twin arginine translocation (Tat) signal profile.	1	26	8.168753	T	21-06-2023	IPR006311	Twin-arginine translocation pathway, signal sequence
>NZ_AOIP01000022.1_22	3d1b10db487ee79f0354e4384210deac	513	PRINTS	PR00723	Subtilisin serine protease family (S8) signature	198	217	8.3E-8	T	21-06-2023	IPR015500	Peptidase S8, subtilisin-related
>NZ_AOIP01000022.1_22	3d1b10db487ee79f0354e4384210deac	513	PRINTS	PR00723	Subtilisin serine protease family (S8) signature	246	259	8.3E-8	T	21-06-2023	IPR015500	Peptidase S8, subtilisin-related
>NZ_AOIP01000022.1_22	3d1b10db487ee79f0354e4384210deac	513	PRINTS	PR00723	Subtilisin serine protease family (S8) signature	416	432	8.3E-8	T	21-06-2023	IPR015500	Peptidase S8, subtilisin-related
>NZ_AOIP01000022.1_22	3d1b10db487ee79f0354e4384210deac	513	ProSiteProfiles	PS51892	Serine proteases, subtilase domain profile.	176	474	28.629387	T	21-06-2023	-	-
>NZ_AOIP01000022.1_22	3d1b10db487ee79f0354e4384210deac	513	MobiDBLite	mobidb-lite	consensus disorder prediction	226	247	-	T	21-06-2023	-	-
>NZ_AOIP01000022.1_22	3d1b10db487ee79f0354e4384210deac	513	Gene3D	G3DSA:3.40.50.200	Peptidase S8/S53 domain	179	485	3.5E-52	T	21-06-2023	IPR036852	Peptidase S8/S53 domain superfamily
>NZ_AOIP01000022.1_22	3d1b10db487ee79f0354e4384210deac	513	PANTHER	PTHR43806	PEPTIDASE S8	86	457	3.1E-34	T	21-06-2023	-	-
>NZ_AOIP01000022.1_22	3d1b10db487ee79f0354e4384210deac	513	Pfam	PF00082	Subtilase family	199	457	2.1E-36	T	21-06-2023	IPR000209	Peptidase S8/S53 domain
>NZ_AOIP01000022.1_22	3d1b10db487ee79f0354e4384210deac	513	MobiDBLite	mobidb-lite	consensus disorder prediction	456	483	-	T	21-06-2023	-	-
>NZ_AOIP01000022.1_22	3d1b10db487ee79f0354e4384210deac	513	SUPERFAMILY	SSF52743	Subtilisin-like	180	475	7.86E-50	T	21-06-2023	IPR036852	Peptidase S8/S53 domain superfamily
>NZ_AOIP01000022.1_51	a2f66ba7fb222cf5c96bc87b10b95ebf	98	MobiDBLite	mobidb-lite	consensus disorder prediction	84	98	-	T	21-06-2023	-	-
>NZ_AOIP01000022.1_51	a2f66ba7fb222cf5c96bc87b10b95ebf	98	MobiDBLite	mobidb-lite	consensus disorder prediction	76	98	-	T	21-06-2023	-	-
>NZ_AOIP01000022.1_78	df7f9bb3a115d5a895b6607b2b78af47	206	MobiDBLite	mobidb-lite	consensus disorder prediction	1	30	-	T	21-06-2023	-	-
>NZ_AOIP01000022.1_78	df7f9bb3a115d5a895b6607b2b78af47	206	MobiDBLite	mobidb-lite	consensus disorder prediction	71	90	-	T	21-06-2023	-	-
>NZ_AOIP01000022.1_62	1e83ca2d9608aedbdb462da760cf1187	268	PANTHER	PTHR34203	METHYLTRANSFERASE, FKBM FAMILY PROTEIN	57	254	1.7E-25	T	21-06-2023	-	-
>NZ_AOIP01000022.1_62	1e83ca2d9608aedbdb462da760cf1187	268	NCBIfam	TIGR01444	FkbM family methyltransferase	91	225	7.0E-25	T	21-06-2023	IPR006342	Methyltransferase FkbM
>NZ_AOIP01000022.1_62	1e83ca2d9608aedbdb462da760cf1187	268	Pfam	PF05050	Methyltransferase FkbM domain	93	249	9.4E-13	T	21-06-2023	IPR006342	Methyltransferase FkbM
>NZ_AOIP01000022.1_62	1e83ca2d9608aedbdb462da760cf1187	268	SUPERFAMILY	SSF53335	S-adenosyl-L-methionine-dependent methyltransferases	48	255	7.18E-38	T	21-06-2023	IPR029063	S-adenosyl-L-methionine-dependent methyltransferase superfamily
>NZ_AOIP01000022.1_62	1e83ca2d9608aedbdb462da760cf1187	268	MobiDBLite	mobidb-lite	consensus disorder prediction	149	175	-	T	21-06-2023	-	-
>NZ_AOIP01000022.1_62	1e83ca2d9608aedbdb462da760cf1187	268	Gene3D	G3DSA:3.40.50.150	Vaccinia Virus protein VP39	72	256	9.1E-30	T	21-06-2023	IPR029063	S-adenosyl-L-methionine-dependent methyltransferase superfamily
>NZ_AOIP01000022.1_81	2a99b6518e93cdf8dce0afa835d3dd2c	306	Coils	Coil	Coil	8	28	-	T	21-06-2023	-	-
>NZ_AOIP01000022.1_13	28f9aacad7d4afe8a46f9066fd25dba6	93	Gene3D	G3DSA:2.10.260.10	-	2	41	2.0E-13	T	21-06-2023	-	-
>NZ_AOIP01000022.1_13	28f9aacad7d4afe8a46f9066fd25dba6	93	SMART	SM00966	SpoVT_AbrB_2_a	2	47	3.8E-10	T	21-06-2023	IPR007159	SpoVT-AbrB domain
>NZ_AOIP01000022.1_13	28f9aacad7d4afe8a46f9066fd25dba6	93	Pfam	PF04014	Antidote-toxin recognition MazE, bacterial antitoxin	4	43	7.2E-9	T	21-06-2023	IPR007159	SpoVT-AbrB domain
>NZ_AOIP01000022.1_13	28f9aacad7d4afe8a46f9066fd25dba6	93	MobiDBLite	mobidb-lite	consensus disorder prediction	31	81	-	T	21-06-2023	-	-
>NZ_AOIP01000022.1_13	28f9aacad7d4afe8a46f9066fd25dba6	93	MobiDBLite	mobidb-lite	consensus disorder prediction	1	93	-	T	21-06-2023	-	-
>NZ_AOIP01000022.1_13	28f9aacad7d4afe8a46f9066fd25dba6	93	NCBIfam	TIGR01439	transcriptional regulator, AbrB family	3	42	1.7E-13	T	21-06-2023	IPR007159	SpoVT-AbrB domain
>NZ_AOIP01000022.1_13	28f9aacad7d4afe8a46f9066fd25dba6	93	ProSiteProfiles	PS51740	SpoVT-AbrB domain profile.	1	44	10.795617	T	21-06-2023	IPR007159	SpoVT-AbrB domain
>NZ_AOIP01000022.1_13	28f9aacad7d4afe8a46f9066fd25dba6	93	SUPERFAMILY	SSF89447	AbrB/MazE/MraZ-like	3	44	9.94E-12	T	21-06-2023	IPR037914	SpoVT-AbrB domain superfamily
>NZ_AOIP01000022.1_83	bc15a9ec1a80f8981ddf8b9a464ef9f4	67	MobiDBLite	mobidb-lite	consensus disorder prediction	1	34	-	T	21-06-2023	-	-
>NZ_AOIP01000022.1_3	6c6f8ceaa74cc260b3caec975d6314f3	456	Coils	Coil	Coil	213	240	-	T	21-06-2023	-	-
>NZ_AOIP01000022.1_3	6c6f8ceaa74cc260b3caec975d6314f3	456	MobiDBLite	mobidb-lite	consensus disorder prediction	433	456	-	T	21-06-2023	-	-
>NZ_AOIP01000022.1_3	6c6f8ceaa74cc260b3caec975d6314f3	456	MobiDBLite	mobidb-lite	consensus disorder prediction	1	20	-	T	21-06-2023	-	-
>NZ_AOIP01000022.1_10	044fed5a1902994d978e01177f30d97d	344	Gene3D	G3DSA:3.40.50.300	-	19	182	1.5E-41	T	21-06-2023	IPR027417	P-loop containing nucleoside triphosphate hydrolase
>NZ_AOIP01000022.1_10	044fed5a1902994d978e01177f30d97d	344	SMART	SM00382	AAA_5	41	177	3.8E-6	T	21-06-2023	IPR003593	AAA+ ATPase domain
>NZ_AOIP01000022.1_10	044fed5a1902994d978e01177f30d97d	344	SUPERFAMILY	SSF52540	P-loop containing nucleoside triphosphate hydrolases	3	249	3.67E-26	T	21-06-2023	IPR027417	P-loop containing nucleoside triphosphate hydrolase
>NZ_AOIP01000022.1_10	044fed5a1902994d978e01177f30d97d	344	Pfam	PF13401	AAA domain	46	138	7.4E-9	T	21-06-2023	IPR003593	AAA+ ATPase domain
>NZ_AOIP01000022.1_10	044fed5a1902994d978e01177f30d97d	344	CDD	cd00009	AAA	27	172	2.1813E-7	T	21-06-2023	-	-
>NZ_AOIP01000022.1_10	044fed5a1902994d978e01177f30d97d	344	PANTHER	PTHR10763	CELL DIVISION CONTROL PROTEIN 6-RELATED	19	280	2.9E-20	T	21-06-2023	-	-
>NZ_AOIP01000022.1_10	044fed5a1902994d978e01177f30d97d	344	Gene3D	G3DSA:1.10.8.60	-	7	254	1.5E-41	T	21-06-2023	-	-
>NZ_AOIP01000022.1_17	d61247897888a7190e8910c6f06d646b	187	PANTHER	PTHR38138	VNG6441H	5	183	3.5E-13	T	21-06-2023	-	-
>NZ_AOIP01000022.1_17	d61247897888a7190e8910c6f06d646b	187	NCBIfam	TIGR02537	archaeal flagellin N-terminal-like domain	16	38	8.1E-5	T	21-06-2023	IPR013373	Flagellin/pilin, N-terminal site, archaea
>NZ_AOIP01000022.1_17	d61247897888a7190e8910c6f06d646b	187	Pfam	PF07790	Archaeal Type IV pilin, N-terminal	16	98	3.4E-24	T	21-06-2023	IPR012859	Archaeal Type IV pilin, N-terminal
>NZ_AOIP01000022.1_53	a5797309f5d2422ddc52cc3d4863a416	91	MobiDBLite	mobidb-lite	consensus disorder prediction	1	24	-	T	21-06-2023	-	-
>NZ_AOIP01000022.1_58	e29935a144bd2c713e9cc3e9657fb52e	79	MobiDBLite	mobidb-lite	consensus disorder prediction	57	79	-	T	21-06-2023	-	-
>NZ_AOIP01000022.1_75	f4cd02a1874b6040268ebc29ba02de1a	104	SUPERFAMILY	SSF46785	"Winged helix" DNA-binding domain	13	98	1.82E-16	T	21-06-2023	IPR036390	Winged helix DNA-binding domain superfamily
>NZ_AOIP01000022.1_75	f4cd02a1874b6040268ebc29ba02de1a	104	Pfam	PF03551	Transcriptional regulator PadR-like family	26	89	4.2E-12	T	21-06-2023	IPR005149	Transcription regulator PadR, N-terminal
>NZ_AOIP01000022.1_75	f4cd02a1874b6040268ebc29ba02de1a	104	Gene3D	G3DSA:1.10.10.10	-	10	103	1.1E-9	T	21-06-2023	IPR036388	Winged helix-like DNA-binding domain superfamily
>NZ_AOIP01000022.1_60	b637c6533d23764ed99677ee0a5c3b75	136	MobiDBLite	mobidb-lite	consensus disorder prediction	1	33	-	T	21-06-2023	-	-
>NZ_AOIP01000022.1_36	ecbee7b7f44bfff80e8774ce3824a525	789	Coils	Coil	Coil	364	384	-	T	21-06-2023	-	-
>NZ_AOIP01000022.1_36	ecbee7b7f44bfff80e8774ce3824a525	789	Gene3D	G3DSA:3.40.50.300	-	372	564	4.3E-11	T	21-06-2023	IPR027417	P-loop containing nucleoside triphosphate hydrolase
>NZ_AOIP01000022.1_36	ecbee7b7f44bfff80e8774ce3824a525	789	SUPERFAMILY	SSF52540	P-loop containing nucleoside triphosphate hydrolases	368	561	1.22E-5	T	21-06-2023	IPR027417	P-loop containing nucleoside triphosphate hydrolase
>NZ_AOIP01000022.1_16	7c6dc42dcae8f5de150b29baca0c9079	206	MobiDBLite	mobidb-lite	consensus disorder prediction	26	61	-	T	21-06-2023	-	-
>NZ_AOIP01000022.1_16	7c6dc42dcae8f5de150b29baca0c9079	206	MobiDBLite	mobidb-lite	consensus disorder prediction	137	157	-	T	21-06-2023	-	-
>NZ_AOIP01000022.1_49	07220f12bad85609613c8ae7f12d5ebc	155	MobiDBLite	mobidb-lite	consensus disorder prediction	1	22	-	T	21-06-2023	-	-
>NZ_AOIP01000022.1_38	406537771e6de461cfee9811b1d0faa7	527	MobiDBLite	mobidb-lite	consensus disorder prediction	142	163	-	T	21-06-2023	-	-
>NZ_AOIP01000022.1_38	406537771e6de461cfee9811b1d0faa7	527	MobiDBLite	mobidb-lite	consensus disorder prediction	142	165	-	T	21-06-2023	-	-
>NZ_AOIP01000022.1_71	a145737a1099c7908fdb808b3ccd136d	256	SUPERFAMILY	SSF55979	DNA clamp	136	254	4.19E-9	T	21-06-2023	IPR046938	DNA clamp superfamily
>NZ_AOIP01000022.1_71	a145737a1099c7908fdb808b3ccd136d	256	Gene3D	G3DSA:3.70.10.10	-	20	254	4.4E-26	T	21-06-2023	-	-
>NZ_AOIP01000022.1_71	a145737a1099c7908fdb808b3ccd136d	256	SUPERFAMILY	SSF55979	DNA clamp	22	129	7.63E-6	T	21-06-2023	IPR046938	DNA clamp superfamily
>NZ_AOIP01000022.1_20	aab5ddb6357c7b0369c023a5af5889bb	216	MobiDBLite	mobidb-lite	consensus disorder prediction	1	37	-	T	21-06-2023	-	-
>NZ_AOIP01000022.1_20	aab5ddb6357c7b0369c023a5af5889bb	216	MobiDBLite	mobidb-lite	consensus disorder prediction	22	37	-	T	21-06-2023	-	-
>NZ_AOIP01000022.1_20	aab5ddb6357c7b0369c023a5af5889bb	216	MobiDBLite	mobidb-lite	consensus disorder prediction	1	18	-	T	21-06-2023	-	-
>NZ_AOIP01000022.1_9	f30fd14d8010602a574171d62323f7ae	57	MobiDBLite	mobidb-lite	consensus disorder prediction	36	57	-	T	21-06-2023	-	-
>NZ_AOIP01000022.1_37	789b31c8522e2f9b217d9f3e5d24a5a7	315	Gene3D	G3DSA:2.20.28.10	-	122	172	2.6E-26	T	21-06-2023	-	-
>NZ_AOIP01000022.1_37	789b31c8522e2f9b217d9f3e5d24a5a7	315	Pfam	PF17207	MCM OB domain	99	218	2.4E-16	T	21-06-2023	IPR033762	MCM OB domain
>NZ_AOIP01000022.1_37	789b31c8522e2f9b217d9f3e5d24a5a7	315	Gene3D	G3DSA:2.40.50.140	-	99	224	2.6E-26	T	21-06-2023	IPR012340	Nucleic acid-binding, OB-fold
>NZ_AOIP01000022.1_37	789b31c8522e2f9b217d9f3e5d24a5a7	315	SUPERFAMILY	SSF50249	Nucleic acid-binding proteins	15	230	5.65E-31	T	21-06-2023	IPR012340	Nucleic acid-binding, OB-fold
>NZ_AOIP01000022.1_37	789b31c8522e2f9b217d9f3e5d24a5a7	315	Gene3D	G3DSA:3.30.1640.10	-	2	90	5.1E-20	T	21-06-2023	-	-
>NZ_AOIP01000022.1_37	789b31c8522e2f9b217d9f3e5d24a5a7	315	PANTHER	PTHR11630	DNA REPLICATION LICENSING FACTOR MCM FAMILY MEMBER	9	243	5.3E-26	T	21-06-2023	IPR031327	Mini-chromosome maintenance protein
>NZ_AOIP01000022.1_32	ad0e8e43aada24929485b7e8cf503f7b	194	MobiDBLite	mobidb-lite	consensus disorder prediction	174	194	-	T	21-06-2023	-	-
>NZ_AOIP01000022.1_32	ad0e8e43aada24929485b7e8cf503f7b	194	Coils	Coil	Coil	137	164	-	T	21-06-2023	-	-
>NZ_AOIP01000022.1_33	5420d1904300a113de7dc5baab5fc28f	342	MobiDBLite	mobidb-lite	consensus disorder prediction	303	342	-	T	21-06-2023	-	-
>NZ_AOIP01000022.1_12	0c478830e8d12acb3e5595b896a54b10	92	SUPERFAMILY	SSF46785	"Winged helix" DNA-binding domain	2	89	9.97E-19	T	21-06-2023	IPR036390	Winged helix DNA-binding domain superfamily
>NZ_AOIP01000022.1_12	0c478830e8d12acb3e5595b896a54b10	92	Gene3D	G3DSA:1.10.10.10	-	6	91	2.1E-12	T	21-06-2023	IPR036388	Winged helix-like DNA-binding domain superfamily
>NZ_AOIP01000022.1_12	0c478830e8d12acb3e5595b896a54b10	92	Pfam	PF03551	Transcriptional regulator PadR-like family	15	79	5.1E-16	T	21-06-2023	IPR005149	Transcription regulator PadR, N-terminal
>NZ_AOIP01000022.1_63	05ace375845aa37459b4381e776f3b97	191	CDD	cd00085	HNHc	134	170	9.47802E-8	T	21-06-2023	IPR003615	HNH nuclease
>NZ_AOIP01000022.1_63	05ace375845aa37459b4381e776f3b97	191	Pfam	PF01844	HNH endonuclease	137	170	3.0E-10	T	21-06-2023	IPR002711	HNH endonuclease
>NZ_AOIP01000022.1_63	05ace375845aa37459b4381e776f3b97	191	Gene3D	G3DSA:1.10.30.50	-	6	183	5.1E-10	T	21-06-2023	-	-
>NZ_AOIP01000022.1_63	05ace375845aa37459b4381e776f3b97	191	SMART	SM00507	HNH_5	120	167	2.2E-5	T	21-06-2023	IPR003615	HNH nuclease
>NZ_AOIP01000022.1_74	2de03f5e9c2e2c64c691452b35a190ba	171	Coils	Coil	Coil	17	44	-	T	21-06-2023	-	-
>NZ_AOIP01000022.1_14	cfcdb7199edd2a980a7e29c9fe90b635	158	SUPERFAMILY	SSF88723	PIN domain-like	4	96	4.25E-10	T	21-06-2023	IPR029060	PIN-like domain superfamily
>NZ_AOIP01000022.1_14	cfcdb7199edd2a980a7e29c9fe90b635	158	Pfam	PF01850	PIN domain	5	149	6.3E-7	T	21-06-2023	IPR002716	PIN domain
>NZ_AOIP01000022.1_14	cfcdb7199edd2a980a7e29c9fe90b635	158	Gene3D	G3DSA:3.40.50.1010	-	2	102	4.7E-6	T	21-06-2023	-	-
>NZ_AOIP01000022.1_14	cfcdb7199edd2a980a7e29c9fe90b635	158	CDD	cd09854	PIN_VapC-like	4	157	3.20589E-6	T	21-06-2023	-	-
