>NZ_AOLM01000007.1_72	67efbbcc34c6853653a90e53e351d939	270	MobiDBLite	mobidb-lite	consensus disorder prediction	1	21	-	T	21-06-2023	-	-
>NZ_AOLM01000007.1_38	35776e44cec3650c2270311cf6bd7075	829	SUPERFAMILY	SSF52540	P-loop containing nucleoside triphosphate hydrolases	169	572	1.54E-6	T	21-06-2023	IPR027417	P-loop containing nucleoside triphosphate hydrolase
>NZ_AOLM01000007.1_38	35776e44cec3650c2270311cf6bd7075	829	Gene3D	G3DSA:3.40.50.300	-	428	582	1.9E-8	T	21-06-2023	IPR027417	P-loop containing nucleoside triphosphate hydrolase
>NZ_AOLM01000007.1_93	74e5d6a570a14438d415f247b18c3a48	145	MobiDBLite	mobidb-lite	consensus disorder prediction	123	145	-	T	21-06-2023	-	-
>NZ_AOLM01000007.1_65	17d060aedd533800460cc515eeadc5a5	82	MobiDBLite	mobidb-lite	consensus disorder prediction	1	19	-	T	21-06-2023	-	-
>NZ_AOLM01000007.1_65	17d060aedd533800460cc515eeadc5a5	82	MobiDBLite	mobidb-lite	consensus disorder prediction	1	24	-	T	21-06-2023	-	-
>NZ_AOLM01000007.1_65	17d060aedd533800460cc515eeadc5a5	82	Gene3D	G3DSA:1.10.10.10	-	27	79	1.5E-5	T	21-06-2023	IPR036388	Winged helix-like DNA-binding domain superfamily
>NZ_AOLM01000007.1_65	17d060aedd533800460cc515eeadc5a5	82	Pfam	PF04703	FaeA-like protein	33	71	1.8E-5	T	21-06-2023	IPR006793	FaeA-like protein
>NZ_AOLM01000007.1_114	2cc59356a7f4e5ca0a0f0392cbc13ab7	71	MobiDBLite	mobidb-lite	consensus disorder prediction	44	71	-	T	21-06-2023	-	-
>NZ_AOLM01000007.1_8	b351f2d6ac7766be21f444e1373be0b0	110	ProSiteProfiles	PS50966	Zinc finger SWIM-type profile.	51	83	8.258541	T	21-06-2023	IPR007527	Zinc finger, SWIM-type
>NZ_AOLM01000007.1_107	0d86b16f8a1e38e50d00245498142b22	76	Pfam	PF13412	Winged helix-turn-helix DNA-binding	17	61	3.1E-5	T	21-06-2023	-	-
>NZ_AOLM01000007.1_107	0d86b16f8a1e38e50d00245498142b22	76	Gene3D	G3DSA:1.10.10.10	-	16	76	5.7E-6	T	21-06-2023	IPR036388	Winged helix-like DNA-binding domain superfamily
>NZ_AOLM01000007.1_107	0d86b16f8a1e38e50d00245498142b22	76	SUPERFAMILY	SSF46785	"Winged helix" DNA-binding domain	15	73	3.84E-7	T	21-06-2023	IPR036390	Winged helix DNA-binding domain superfamily
>NZ_AOLM01000007.1_4	96d643e1753a46ba8c5e363766bb1ca6	125	Gene3D	G3DSA:1.10.10.10	-	12	105	2.0E-5	T	21-06-2023	IPR036388	Winged helix-like DNA-binding domain superfamily
>NZ_AOLM01000007.1_4	96d643e1753a46ba8c5e363766bb1ca6	125	SUPERFAMILY	SSF46785	"Winged helix" DNA-binding domain	26	100	7.69E-5	T	21-06-2023	IPR036390	Winged helix DNA-binding domain superfamily
>NZ_AOLM01000007.1_43	6de867912fbbd84411235086f25d1de6	230	Coils	Coil	Coil	206	230	-	T	21-06-2023	-	-
>NZ_AOLM01000007.1_43	6de867912fbbd84411235086f25d1de6	230	MobiDBLite	mobidb-lite	consensus disorder prediction	1	24	-	T	21-06-2023	-	-
>NZ_AOLM01000007.1_43	6de867912fbbd84411235086f25d1de6	230	MobiDBLite	mobidb-lite	consensus disorder prediction	208	222	-	T	21-06-2023	-	-
>NZ_AOLM01000007.1_43	6de867912fbbd84411235086f25d1de6	230	MobiDBLite	mobidb-lite	consensus disorder prediction	201	230	-	T	21-06-2023	-	-
>NZ_AOLM01000007.1_84	7507dfd724ea005738b574a63d7d0e4f	166	PIRSF	PIRSF032209	UCP032209	5	162	8.1E-57	T	21-06-2023	IPR016992	Uncharacterised conserved protein UCP032209
>NZ_AOLM01000007.1_84	7507dfd724ea005738b574a63d7d0e4f	166	Pfam	PF07799	Protein of unknown function (DUF1643)	20	150	5.0E-47	T	21-06-2023	IPR012441	Protein of unknown function DUF1643
>NZ_AOLM01000007.1_37	242a9431c6c80417b50a17419e084670	325	Pfam	PF17207	MCM OB domain	104	226	7.6E-10	T	21-06-2023	IPR033762	MCM OB domain
>NZ_AOLM01000007.1_37	242a9431c6c80417b50a17419e084670	325	Coils	Coil	Coil	292	312	-	T	21-06-2023	-	-
>NZ_AOLM01000007.1_37	242a9431c6c80417b50a17419e084670	325	PANTHER	PTHR11630	DNA REPLICATION LICENSING FACTOR MCM FAMILY MEMBER	33	275	3.6E-14	T	21-06-2023	IPR031327	Mini-chromosome maintenance protein
>NZ_AOLM01000007.1_37	242a9431c6c80417b50a17419e084670	325	Gene3D	G3DSA:2.40.50.140	-	104	233	2.5E-18	T	21-06-2023	IPR012340	Nucleic acid-binding, OB-fold
>NZ_AOLM01000007.1_37	242a9431c6c80417b50a17419e084670	325	Gene3D	G3DSA:2.20.28.10	-	128	179	2.5E-18	T	21-06-2023	-	-
>NZ_AOLM01000007.1_37	242a9431c6c80417b50a17419e084670	325	SUPERFAMILY	SSF50249	Nucleic acid-binding proteins	25	229	1.4E-21	T	21-06-2023	IPR012340	Nucleic acid-binding, OB-fold
>NZ_AOLM01000007.1_37	242a9431c6c80417b50a17419e084670	325	Gene3D	G3DSA:3.30.1640.10	-	4	96	1.7E-8	T	21-06-2023	-	-
>NZ_AOLM01000007.1_50	ce133d182b0edec3ffb0390dce9995a4	109	MobiDBLite	mobidb-lite	consensus disorder prediction	90	109	-	T	21-06-2023	-	-
>NZ_AOLM01000007.1_30	699fa4000ae406538f829418219227ba	222	Pfam	PF13482	RNase_H superfamily	16	118	9.4E-6	T	21-06-2023	IPR038720	YprB, ribonuclease H-like domain
>NZ_AOLM01000007.1_30	699fa4000ae406538f829418219227ba	222	Gene3D	G3DSA:3.30.420.10	-	12	161	6.5E-10	T	21-06-2023	IPR036397	Ribonuclease H superfamily
>NZ_AOLM01000007.1_30	699fa4000ae406538f829418219227ba	222	SUPERFAMILY	SSF53098	Ribonuclease H-like	12	121	3.2E-15	T	21-06-2023	IPR012337	Ribonuclease H-like superfamily
>NZ_AOLM01000007.1_18	25e5d46216e4f15fe1f6ad89f42b0dac	228	Pfam	PF18780	Homing endonuclease associated repeat	62	115	7.5E-15	T	21-06-2023	IPR041025	Homing endonuclease associated repeat
>NZ_AOLM01000007.1_18	25e5d46216e4f15fe1f6ad89f42b0dac	228	Pfam	PF18780	Homing endonuclease associated repeat	126	177	2.5E-18	T	21-06-2023	IPR041025	Homing endonuclease associated repeat
>NZ_AOLM01000007.1_18	25e5d46216e4f15fe1f6ad89f42b0dac	228	Pfam	PF18780	Homing endonuclease associated repeat	3	56	2.9E-19	T	21-06-2023	IPR041025	Homing endonuclease associated repeat
>NZ_AOLM01000007.1_115	f41d1ac5fd0f9d3b6195b7c815eb8ad3	87	MobiDBLite	mobidb-lite	consensus disorder prediction	73	87	-	T	21-06-2023	-	-
>NZ_AOLM01000007.1_115	f41d1ac5fd0f9d3b6195b7c815eb8ad3	87	MobiDBLite	mobidb-lite	consensus disorder prediction	65	87	-	T	21-06-2023	-	-
>NZ_AOLM01000007.1_23	b3672b5e58f5425f709f126772f6f963	137	MobiDBLite	mobidb-lite	consensus disorder prediction	29	55	-	T	21-06-2023	-	-
>NZ_AOLM01000007.1_23	b3672b5e58f5425f709f126772f6f963	137	MobiDBLite	mobidb-lite	consensus disorder prediction	31	49	-	T	21-06-2023	-	-
>NZ_AOLM01000007.1_90	69fc208dfcf451e14a6e850525727ff8	202	ProSiteProfiles	PS51186	Gcn5-related N-acetyltransferase (GNAT) domain profile.	20	180	9.777465	T	21-06-2023	IPR000182	GNAT domain
>NZ_AOLM01000007.1_90	69fc208dfcf451e14a6e850525727ff8	202	Gene3D	G3DSA:3.40.630.30	-	15	182	1.0E-11	T	21-06-2023	-	-
>NZ_AOLM01000007.1_90	69fc208dfcf451e14a6e850525727ff8	202	SUPERFAMILY	SSF55729	Acyl-CoA N-acyltransferases (Nat)	18	173	6.69E-12	T	21-06-2023	IPR016181	Acyl-CoA N-acyltransferase
>NZ_AOLM01000007.1_109	f36f0005ec9fc942fe18a4e7f737d769	563	ProSitePatterns	PS00095	C-5 cytosine-specific DNA methylases C-terminal signature.	524	542	-	T	21-06-2023	IPR031303	DNA methylase, C-5 cytosine-specific, conserved site
>NZ_AOLM01000007.1_109	f36f0005ec9fc942fe18a4e7f737d769	563	Gene3D	G3DSA:3.90.120.10	DNA Methylase, subunit A, domain 2	426	535	2.6E-15	T	21-06-2023	-	-
>NZ_AOLM01000007.1_109	f36f0005ec9fc942fe18a4e7f737d769	563	Pfam	PF00145	C-5 cytosine-specific DNA methylase	196	245	3.2E-10	T	21-06-2023	IPR001525	C-5 cytosine methyltransferase
>NZ_AOLM01000007.1_109	f36f0005ec9fc942fe18a4e7f737d769	563	Pfam	PF00145	C-5 cytosine-specific DNA methylase	493	542	4.6E-11	T	21-06-2023	IPR001525	C-5 cytosine methyltransferase
>NZ_AOLM01000007.1_109	f36f0005ec9fc942fe18a4e7f737d769	563	PRINTS	PR00379	Intein signature	65	77	4.9E-6	T	21-06-2023	IPR006142	Intein
>NZ_AOLM01000007.1_109	f36f0005ec9fc942fe18a4e7f737d769	563	PRINTS	PR00379	Intein signature	160	177	4.9E-6	T	21-06-2023	IPR006142	Intein
>NZ_AOLM01000007.1_109	f36f0005ec9fc942fe18a4e7f737d769	563	PRINTS	PR00379	Intein signature	178	187	4.9E-6	T	21-06-2023	IPR006142	Intein
>NZ_AOLM01000007.1_109	f36f0005ec9fc942fe18a4e7f737d769	563	ProSiteProfiles	PS50819	Intein DOD-type homing endonuclease domain profile.	21	105	15.778914	T	21-06-2023	IPR004042	Intein DOD homing endonuclease
>NZ_AOLM01000007.1_109	f36f0005ec9fc942fe18a4e7f737d769	563	NCBIfam	TIGR01443	intein C-terminal splicing region	163	184	1.1E-7	T	21-06-2023	IPR030934	Intein C-terminal splicing region
>NZ_AOLM01000007.1_109	f36f0005ec9fc942fe18a4e7f737d769	563	Gene3D	G3DSA:3.40.50.150	Vaccinia Virus protein VP39	174	268	1.0E-15	T	21-06-2023	IPR029063	S-adenosyl-L-methionine-dependent methyltransferase superfamily
>NZ_AOLM01000007.1_109	f36f0005ec9fc942fe18a4e7f737d769	563	SUPERFAMILY	SSF55608	Homing endonucleases	48	128	3.12E-13	T	21-06-2023	IPR027434	Homing endonuclease
>NZ_AOLM01000007.1_109	f36f0005ec9fc942fe18a4e7f737d769	563	CDD	cd00081	Hint	146	183	5.20026E-8	T	21-06-2023	-	-
>NZ_AOLM01000007.1_109	f36f0005ec9fc942fe18a4e7f737d769	563	Pfam	PF14528	LAGLIDADG-like domain	62	122	2.4E-7	T	21-06-2023	IPR004860	Homing endonuclease, LAGLIDADG
>NZ_AOLM01000007.1_109	f36f0005ec9fc942fe18a4e7f737d769	563	SUPERFAMILY	SSF51294	Hedgehog/intein (Hint) domain	139	183	2.38E-8	T	21-06-2023	IPR036844	Hint domain superfamily
>NZ_AOLM01000007.1_109	f36f0005ec9fc942fe18a4e7f737d769	563	SMART	SM00305	HINTC_6	143	189	1.5E-8	T	21-06-2023	IPR003586	Hint domain C-terminal
>NZ_AOLM01000007.1_109	f36f0005ec9fc942fe18a4e7f737d769	563	Gene3D	G3DSA:3.10.28.10	Homing endonucleases	4	140	5.2E-21	T	21-06-2023	IPR027434	Homing endonuclease
>NZ_AOLM01000007.1_109	f36f0005ec9fc942fe18a4e7f737d769	563	ProSiteProfiles	PS50818	Intein C-terminal splicing motif profile.	162	184	10.905283	T	21-06-2023	IPR030934	Intein C-terminal splicing region
>NZ_AOLM01000007.1_109	f36f0005ec9fc942fe18a4e7f737d769	563	PANTHER	PTHR10629	CYTOSINE-SPECIFIC METHYLTRANSFERASE	198	542	2.6E-19	T	21-06-2023	-	-
>NZ_AOLM01000007.1_109	f36f0005ec9fc942fe18a4e7f737d769	563	SUPERFAMILY	SSF53335	S-adenosyl-L-methionine-dependent methyltransferases	196	543	1.16E-35	T	21-06-2023	IPR029063	S-adenosyl-L-methionine-dependent methyltransferase superfamily
>NZ_AOLM01000007.1_118	8d9eb7c15157f02fd5d5af274d600180	137	MobiDBLite	mobidb-lite	consensus disorder prediction	1	26	-	T	21-06-2023	-	-
>NZ_AOLM01000007.1_118	8d9eb7c15157f02fd5d5af274d600180	137	MobiDBLite	mobidb-lite	consensus disorder prediction	1	38	-	T	21-06-2023	-	-
>NZ_AOLM01000007.1_44	e003bc43480d4899cbff2d7c97005b18	97	MobiDBLite	mobidb-lite	consensus disorder prediction	72	97	-	T	21-06-2023	-	-
>NZ_AOLM01000007.1_44	e003bc43480d4899cbff2d7c97005b18	97	MobiDBLite	mobidb-lite	consensus disorder prediction	59	97	-	T	21-06-2023	-	-
>NZ_AOLM01000007.1_108	f4ca98220771ba614dcfc5aa4ccb6214	618	MobiDBLite	mobidb-lite	consensus disorder prediction	126	145	-	T	21-06-2023	-	-
>NZ_AOLM01000007.1_108	f4ca98220771ba614dcfc5aa4ccb6214	618	MobiDBLite	mobidb-lite	consensus disorder prediction	1	22	-	T	21-06-2023	-	-
>NZ_AOLM01000007.1_1	cf027f67f8f5003360ceac5e29029476	115	MobiDBLite	mobidb-lite	consensus disorder prediction	1	22	-	T	21-06-2023	-	-
>NZ_AOLM01000007.1_56	72400c6fbbb72785c045b43120989b10	538	ProSitePatterns	PS00136	Serine proteases, subtilase family, aspartic acid active site.	206	217	-	T	21-06-2023	IPR023827	Peptidase S8, subtilisin, Asp-active site
>NZ_AOLM01000007.1_56	72400c6fbbb72785c045b43120989b10	538	ProSitePatterns	PS00138	Serine proteases, subtilase family, serine active site.	435	445	-	T	21-06-2023	IPR023828	Peptidase S8, subtilisin, Ser-active site
>NZ_AOLM01000007.1_56	72400c6fbbb72785c045b43120989b10	538	ProSitePatterns	PS00137	Serine proteases, subtilase family, histidine active site.	250	260	-	T	21-06-2023	IPR022398	Peptidase S8, subtilisin, His-active site
>NZ_AOLM01000007.1_56	72400c6fbbb72785c045b43120989b10	538	PRINTS	PR00723	Subtilisin serine protease family (S8) signature	201	220	2.4E-15	T	21-06-2023	IPR015500	Peptidase S8, subtilisin-related
>NZ_AOLM01000007.1_56	72400c6fbbb72785c045b43120989b10	538	PRINTS	PR00723	Subtilisin serine protease family (S8) signature	246	259	2.4E-15	T	21-06-2023	IPR015500	Peptidase S8, subtilisin-related
>NZ_AOLM01000007.1_56	72400c6fbbb72785c045b43120989b10	538	PRINTS	PR00723	Subtilisin serine protease family (S8) signature	434	450	2.4E-15	T	21-06-2023	IPR015500	Peptidase S8, subtilisin-related
>NZ_AOLM01000007.1_56	72400c6fbbb72785c045b43120989b10	538	ProSiteProfiles	PS51892	Serine proteases, subtilase domain profile.	180	494	32.308437	T	21-06-2023	-	-
>NZ_AOLM01000007.1_56	72400c6fbbb72785c045b43120989b10	538	PANTHER	PTHR43806	PEPTIDASE S8	178	481	1.2E-42	T	21-06-2023	-	-
>NZ_AOLM01000007.1_56	72400c6fbbb72785c045b43120989b10	538	SUPERFAMILY	SSF52743	Subtilisin-like	192	498	1.31E-54	T	21-06-2023	IPR036852	Peptidase S8/S53 domain superfamily
>NZ_AOLM01000007.1_56	72400c6fbbb72785c045b43120989b10	538	Gene3D	G3DSA:3.40.50.200	Peptidase S8/S53 domain	188	505	3.8E-61	T	21-06-2023	IPR036852	Peptidase S8/S53 domain superfamily
>NZ_AOLM01000007.1_56	72400c6fbbb72785c045b43120989b10	538	Pfam	PF00082	Subtilase family	201	477	1.2E-46	T	21-06-2023	IPR000209	Peptidase S8/S53 domain
>NZ_AOLM01000007.1_92	ab6d39f21030cb2c974190e4aa849182	194	MobiDBLite	mobidb-lite	consensus disorder prediction	151	171	-	T	21-06-2023	-	-
>NZ_AOLM01000007.1_27	47cfe766d68d642be5e182fd842fd594	45	Coils	Coil	Coil	6	26	-	T	21-06-2023	-	-
>NZ_AOLM01000007.1_27	47cfe766d68d642be5e182fd842fd594	45	MobiDBLite	mobidb-lite	consensus disorder prediction	25	45	-	T	21-06-2023	-	-
>NZ_AOLM01000007.1_15	f533dbe8d821b658a83d7786507a2592	391	Gene3D	G3DSA:3.40.50.300	-	29	210	7.3E-84	T	21-06-2023	IPR027417	P-loop containing nucleoside triphosphate hydrolase
>NZ_AOLM01000007.1_15	f533dbe8d821b658a83d7786507a2592	391	PANTHER	PTHR10763	CELL DIVISION CONTROL PROTEIN 6-RELATED	15	369	2.1E-46	T	21-06-2023	-	-
>NZ_AOLM01000007.1_15	f533dbe8d821b658a83d7786507a2592	391	NCBIfam	TIGR02928	orc1/cdc6 family replication initiation protein	13	379	1.7E-117	T	21-06-2023	IPR014277	Orc1/Cdc6-type DNA replication protein, archaea
>NZ_AOLM01000007.1_15	f533dbe8d821b658a83d7786507a2592	391	ProSitePatterns	PS00879	Orn/DAP/Arg decarboxylases family 2 signature 2.	249	266	-	T	21-06-2023	IPR022657	Orn/DAP/Arg decarboxylase 2, conserved site
>NZ_AOLM01000007.1_15	f533dbe8d821b658a83d7786507a2592	391	Gene3D	G3DSA:1.10.8.60	-	13	288	7.3E-84	T	21-06-2023	-	-
>NZ_AOLM01000007.1_15	f533dbe8d821b658a83d7786507a2592	391	Pfam	PF09079	CDC6, C terminal winged helix domain	306	386	1.8E-19	T	21-06-2023	IPR015163	Cdc6, C-terminal
>NZ_AOLM01000007.1_15	f533dbe8d821b658a83d7786507a2592	391	Hamap	MF_01407	ORC1-type DNA replication protein.	6	390	26.616272	T	21-06-2023	IPR014277	Orc1/Cdc6-type DNA replication protein, archaea
>NZ_AOLM01000007.1_15	f533dbe8d821b658a83d7786507a2592	391	CDD	cd08768	Cdc6_C	299	384	2.43817E-19	T	21-06-2023	IPR015163	Cdc6, C-terminal
>NZ_AOLM01000007.1_15	f533dbe8d821b658a83d7786507a2592	391	Gene3D	G3DSA:1.10.10.10	-	298	391	2.7E-24	T	21-06-2023	IPR036388	Winged helix-like DNA-binding domain superfamily
>NZ_AOLM01000007.1_15	f533dbe8d821b658a83d7786507a2592	391	SMART	SM01074	Cdc6_C_2	306	390	6.5E-13	T	21-06-2023	IPR015163	Cdc6, C-terminal
>NZ_AOLM01000007.1_15	f533dbe8d821b658a83d7786507a2592	391	CDD	cd00009	AAA	40	186	1.00423E-6	T	21-06-2023	-	-
>NZ_AOLM01000007.1_15	f533dbe8d821b658a83d7786507a2592	391	Pfam	PF13401	AAA domain	54	183	7.1E-13	T	21-06-2023	IPR003593	AAA+ ATPase domain
>NZ_AOLM01000007.1_15	f533dbe8d821b658a83d7786507a2592	391	SUPERFAMILY	SSF46785	"Winged helix" DNA-binding domain	292	390	3.2E-16	T	21-06-2023	IPR036390	Winged helix DNA-binding domain superfamily
>NZ_AOLM01000007.1_15	f533dbe8d821b658a83d7786507a2592	391	SUPERFAMILY	SSF52540	P-loop containing nucleoside triphosphate hydrolases	14	284	4.37E-33	T	21-06-2023	IPR027417	P-loop containing nucleoside triphosphate hydrolase
>NZ_AOLM01000007.1_113	2d6213c619ca252b23f4fc91865075bd	31	MobiDBLite	mobidb-lite	consensus disorder prediction	16	31	-	T	21-06-2023	-	-
>NZ_AOLM01000007.1_113	2d6213c619ca252b23f4fc91865075bd	31	MobiDBLite	mobidb-lite	consensus disorder prediction	1	31	-	T	21-06-2023	-	-
>NZ_AOLM01000007.1_35	595b7837a15f8d9555ec27079300ad61	122	Gene3D	G3DSA:1.10.150.20	-	61	122	5.6E-9	T	21-06-2023	-	-
>NZ_AOLM01000007.1_35	595b7837a15f8d9555ec27079300ad61	122	Pfam	PF12826	Helix-hairpin-helix motif	78	119	1.4E-6	T	21-06-2023	IPR041663	DisA/LigA, helix-hairpin-helix motif
>NZ_AOLM01000007.1_35	595b7837a15f8d9555ec27079300ad61	122	SUPERFAMILY	SSF47781	RuvA domain 2-like	64	120	7.63E-10	T	21-06-2023	IPR010994	RuvA domain 2-like
>NZ_AOLM01000007.1_95	6ec3e8c049ea0be59d7521964aba6cfa	97	MobiDBLite	mobidb-lite	consensus disorder prediction	75	97	-	T	21-06-2023	-	-
>NZ_AOLM01000007.1_88	3478ecd21b00710256fb07bfee5b6422	149	MobiDBLite	mobidb-lite	consensus disorder prediction	1	21	-	T	21-06-2023	-	-
>NZ_AOLM01000007.1_88	3478ecd21b00710256fb07bfee5b6422	149	MobiDBLite	mobidb-lite	consensus disorder prediction	1	25	-	T	21-06-2023	-	-
>NZ_AOLM01000007.1_88	3478ecd21b00710256fb07bfee5b6422	149	Coils	Coil	Coil	106	129	-	T	21-06-2023	-	-
>NZ_AOLM01000007.1_70	d0cabb9e5e1b0e346190866f7447a7a4	85	MobiDBLite	mobidb-lite	consensus disorder prediction	1	18	-	T	21-06-2023	-	-
>NZ_AOLM01000007.1_70	d0cabb9e5e1b0e346190866f7447a7a4	85	MobiDBLite	mobidb-lite	consensus disorder prediction	1	28	-	T	21-06-2023	-	-
>NZ_AOLM01000007.1_61	420a085b11fd70a39a7c591148f3e8fd	1059	MobiDBLite	mobidb-lite	consensus disorder prediction	568	586	-	T	21-06-2023	-	-
>NZ_AOLM01000007.1_61	420a085b11fd70a39a7c591148f3e8fd	1059	MobiDBLite	mobidb-lite	consensus disorder prediction	355	373	-	T	21-06-2023	-	-
>NZ_AOLM01000007.1_61	420a085b11fd70a39a7c591148f3e8fd	1059	Coils	Coil	Coil	344	368	-	T	21-06-2023	-	-
>NZ_AOLM01000007.1_61	420a085b11fd70a39a7c591148f3e8fd	1059	MobiDBLite	mobidb-lite	consensus disorder prediction	568	654	-	T	21-06-2023	-	-
>NZ_AOLM01000007.1_61	420a085b11fd70a39a7c591148f3e8fd	1059	MobiDBLite	mobidb-lite	consensus disorder prediction	598	617	-	T	21-06-2023	-	-
>NZ_AOLM01000007.1_61	420a085b11fd70a39a7c591148f3e8fd	1059	MobiDBLite	mobidb-lite	consensus disorder prediction	355	374	-	T	21-06-2023	-	-
>NZ_AOLM01000007.1_76	f814eb472574aa318dd0b1f8040b544d	150	MobiDBLite	mobidb-lite	consensus disorder prediction	1	32	-	T	21-06-2023	-	-
>NZ_AOLM01000007.1_55	5b5d14ae525be995019f0aa2bc1677b7	257	ProSiteProfiles	PS51318	Twin arginine translocation (Tat) signal profile.	1	32	8.750582	T	21-06-2023	IPR006311	Twin-arginine translocation pathway, signal sequence
>NZ_AOLM01000007.1_116	5f21d777fcb45eed91c4df41fab85ea9	109	MobiDBLite	mobidb-lite	consensus disorder prediction	82	109	-	T	21-06-2023	-	-
>NZ_AOLM01000007.1_104	44b1d9ddcc7d389a6bbe2de82341a3cb	72	Coils	Coil	Coil	37	57	-	T	21-06-2023	-	-
>NZ_AOLM01000007.1_66	32514c91b5c0d88d1ff09bb944f0e58b	45	Coils	Coil	Coil	44	45	-	T	21-06-2023	-	-
>NZ_AOLM01000007.1_66	32514c91b5c0d88d1ff09bb944f0e58b	45	MobiDBLite	mobidb-lite	consensus disorder prediction	1	45	-	T	21-06-2023	-	-
>NZ_AOLM01000007.1_66	32514c91b5c0d88d1ff09bb944f0e58b	45	MobiDBLite	mobidb-lite	consensus disorder prediction	1	15	-	T	21-06-2023	-	-
>NZ_AOLM01000007.1_60	bbd8c16eeef1536a56175778ed692cae	435	MobiDBLite	mobidb-lite	consensus disorder prediction	187	213	-	T	21-06-2023	-	-
>NZ_AOLM01000007.1_60	bbd8c16eeef1536a56175778ed692cae	435	MobiDBLite	mobidb-lite	consensus disorder prediction	294	308	-	T	21-06-2023	-	-
>NZ_AOLM01000007.1_60	bbd8c16eeef1536a56175778ed692cae	435	MobiDBLite	mobidb-lite	consensus disorder prediction	348	363	-	T	21-06-2023	-	-
>NZ_AOLM01000007.1_60	bbd8c16eeef1536a56175778ed692cae	435	MobiDBLite	mobidb-lite	consensus disorder prediction	294	381	-	T	21-06-2023	-	-
>NZ_AOLM01000007.1_74	b0806a2ae27ab7143e60a75cdd014efc	107	MobiDBLite	mobidb-lite	consensus disorder prediction	88	107	-	T	21-06-2023	-	-
>NZ_AOLM01000007.1_74	b0806a2ae27ab7143e60a75cdd014efc	107	MobiDBLite	mobidb-lite	consensus disorder prediction	80	107	-	T	21-06-2023	-	-
>NZ_AOLM01000007.1_29	6dfd3b0fc18e2aec0141e9c4fd329ea9	238	Pfam	PF18780	Homing endonuclease associated repeat	68	118	2.3E-15	T	21-06-2023	IPR041025	Homing endonuclease associated repeat
>NZ_AOLM01000007.1_29	6dfd3b0fc18e2aec0141e9c4fd329ea9	238	Pfam	PF18780	Homing endonuclease associated repeat	1	54	1.9E-9	T	21-06-2023	IPR041025	Homing endonuclease associated repeat
>NZ_AOLM01000007.1_117	9d7b359c9997545058fb6393606c3a16	283	Pfam	PF13614	AAA domain	11	196	5.4E-20	T	21-06-2023	IPR025669	AAA domain
>NZ_AOLM01000007.1_117	9d7b359c9997545058fb6393606c3a16	283	SUPERFAMILY	SSF52540	P-loop containing nucleoside triphosphate hydrolases	1	253	1.67E-28	T	21-06-2023	IPR027417	P-loop containing nucleoside triphosphate hydrolase
>NZ_AOLM01000007.1_117	9d7b359c9997545058fb6393606c3a16	283	Gene3D	G3DSA:3.40.50.300	-	1	283	4.5E-41	T	21-06-2023	IPR027417	P-loop containing nucleoside triphosphate hydrolase
>NZ_AOLM01000007.1_117	9d7b359c9997545058fb6393606c3a16	283	ProSiteProfiles	PS51257	Prokaryotic membrane lipoprotein lipid attachment site profile.	1	33	6.0	T	21-06-2023	-	-
>NZ_AOLM01000007.1_117	9d7b359c9997545058fb6393606c3a16	283	Coils	Coil	Coil	174	194	-	T	21-06-2023	-	-
>NZ_AOLM01000007.1_117	9d7b359c9997545058fb6393606c3a16	283	PANTHER	PTHR13696	P-LOOP CONTAINING NUCLEOSIDE TRIPHOSPHATE HYDROLASE	2	230	5.7E-25	T	21-06-2023	-	-
>NZ_AOLM01000007.1_117	9d7b359c9997545058fb6393606c3a16	283	Coils	Coil	Coil	260	280	-	T	21-06-2023	-	-
>NZ_AOLM01000007.1_117	9d7b359c9997545058fb6393606c3a16	283	CDD	cd02042	ParAB_family	141	224	1.80103E-13	T	21-06-2023	-	-
>NZ_AOLM01000007.1_64	d3b4a5e107d4915e3487d3420ebd8871	185	CDD	cd00085	HNHc	4	44	1.59204E-5	T	21-06-2023	IPR003615	HNH nuclease
>NZ_AOLM01000007.1_64	d3b4a5e107d4915e3487d3420ebd8871	185	Pfam	PF01844	HNH endonuclease	5	45	3.9E-7	T	21-06-2023	IPR002711	HNH endonuclease
>NZ_AOLM01000007.1_64	d3b4a5e107d4915e3487d3420ebd8871	185	Gene3D	G3DSA:1.10.30.50	-	2	68	4.3E-8	T	21-06-2023	-	-
>NZ_AOLM01000007.1_71	5410b0ead1ce40717db0f50e1876b621	572	Gene3D	G3DSA:3.40.50.300	-	10	263	1.7E-49	T	21-06-2023	IPR027417	P-loop containing nucleoside triphosphate hydrolase
>NZ_AOLM01000007.1_71	5410b0ead1ce40717db0f50e1876b621	572	Coils	Coil	Coil	427	454	-	T	21-06-2023	-	-
>NZ_AOLM01000007.1_71	5410b0ead1ce40717db0f50e1876b621	572	Coils	Coil	Coil	283	324	-	T	21-06-2023	-	-
>NZ_AOLM01000007.1_71	5410b0ead1ce40717db0f50e1876b621	572	Pfam	PF01935	Helicase HerA, central domain	15	78	5.4E-10	T	21-06-2023	IPR002789	Helicase HerA, central domain
>NZ_AOLM01000007.1_71	5410b0ead1ce40717db0f50e1876b621	572	Coils	Coil	Coil	555	572	-	T	21-06-2023	-	-
>NZ_AOLM01000007.1_71	5410b0ead1ce40717db0f50e1876b621	572	Coils	Coil	Coil	349	418	-	T	21-06-2023	-	-
>NZ_AOLM01000007.1_71	5410b0ead1ce40717db0f50e1876b621	572	PANTHER	PTHR42957	HELICASE MJ1565-RELATED	101	236	2.0E-26	T	21-06-2023	-	-
>NZ_AOLM01000007.1_71	5410b0ead1ce40717db0f50e1876b621	572	SUPERFAMILY	SSF52540	P-loop containing nucleoside triphosphate hydrolases	18	238	3.68E-25	T	21-06-2023	IPR027417	P-loop containing nucleoside triphosphate hydrolase
>NZ_AOLM01000007.1_96	e28b49c48b179cb8af3f735da34f8812	316	Gene3D	G3DSA:2.170.16.10	Hedgehog/Intein (Hint) domain	143	267	5.2E-5	T	21-06-2023	-	-
>NZ_AOLM01000007.1_96	e28b49c48b179cb8af3f735da34f8812	316	SUPERFAMILY	SSF53335	S-adenosyl-L-methionine-dependent methyltransferases	10	137	4.17E-24	T	21-06-2023	IPR029063	S-adenosyl-L-methionine-dependent methyltransferase superfamily
>NZ_AOLM01000007.1_96	e28b49c48b179cb8af3f735da34f8812	316	Gene3D	G3DSA:3.40.50.150	Vaccinia Virus protein VP39	1	142	4.3E-22	T	21-06-2023	IPR029063	S-adenosyl-L-methionine-dependent methyltransferase superfamily
>NZ_AOLM01000007.1_96	e28b49c48b179cb8af3f735da34f8812	316	Pfam	PF00145	C-5 cytosine-specific DNA methylase	12	135	1.8E-10	T	21-06-2023	IPR001525	C-5 cytosine methyltransferase
>NZ_AOLM01000007.1_96	e28b49c48b179cb8af3f735da34f8812	316	PANTHER	PTHR10629	CYTOSINE-SPECIFIC METHYLTRANSFERASE	7	137	8.9E-15	T	21-06-2023	-	-
>NZ_AOLM01000007.1_96	e28b49c48b179cb8af3f735da34f8812	316	SMART	SM00306	hint_7	133	241	1.4E-4	T	21-06-2023	IPR003587	Hint domain N-terminal
>NZ_AOLM01000007.1_96	e28b49c48b179cb8af3f735da34f8812	316	SUPERFAMILY	SSF51294	Hedgehog/intein (Hint) domain	135	239	6.93E-15	T	21-06-2023	IPR036844	Hint domain superfamily
>NZ_AOLM01000007.1_96	e28b49c48b179cb8af3f735da34f8812	316	CDD	cd00081	Hint	135	231	1.35837E-8	T	21-06-2023	-	-
>NZ_AOLM01000007.1_96	e28b49c48b179cb8af3f735da34f8812	316	ProSiteProfiles	PS50817	Intein N-terminal splicing motif profile.	135	201	11.287661	T	21-06-2023	IPR006141	Intein N-terminal splicing region
>NZ_AOLM01000007.1_16	c300a20c38da239396646b05d59ff0f8	373	Gene3D	G3DSA:1.10.10.10	-	311	370	3.9E-6	T	21-06-2023	IPR036388	Winged helix-like DNA-binding domain superfamily
>NZ_AOLM01000007.1_16	c300a20c38da239396646b05d59ff0f8	373	SUPERFAMILY	SSF46894	C-terminal effector domain of the bipartite response regulators	308	357	1.12E-5	T	21-06-2023	IPR016032	Signal transduction response regulator, C-terminal effector
>NZ_AOLM01000007.1_106	689d40742215e7d0a104c1a201982f42	46	MobiDBLite	mobidb-lite	consensus disorder prediction	1	46	-	T	21-06-2023	-	-
>NZ_AOLM01000007.1_106	689d40742215e7d0a104c1a201982f42	46	MobiDBLite	mobidb-lite	consensus disorder prediction	1	36	-	T	21-06-2023	-	-
>NZ_AOLM01000007.1_112	83a4a5dded0a01eb62a1ea0e353322ed	77	MobiDBLite	mobidb-lite	consensus disorder prediction	46	77	-	T	21-06-2023	-	-
>NZ_AOLM01000007.1_112	83a4a5dded0a01eb62a1ea0e353322ed	77	MobiDBLite	mobidb-lite	consensus disorder prediction	46	71	-	T	21-06-2023	-	-
>NZ_AOLM01000007.1_33	0627e302cbc77a31f905411316888c1c	428	Pfam	PF08281	Sigma-70, region 4	46	87	8.7E-7	T	21-06-2023	IPR013249	RNA polymerase sigma factor 70, region 4 type 2
>NZ_AOLM01000007.1_33	0627e302cbc77a31f905411316888c1c	428	SUPERFAMILY	SSF46894	C-terminal effector domain of the bipartite response regulators	42	88	1.5E-6	T	21-06-2023	IPR016032	Signal transduction response regulator, C-terminal effector
>NZ_AOLM01000007.1_33	0627e302cbc77a31f905411316888c1c	428	Gene3D	G3DSA:1.10.10.10	-	44	111	1.1E-8	T	21-06-2023	IPR036388	Winged helix-like DNA-binding domain superfamily
>NZ_AOLM01000007.1_33	0627e302cbc77a31f905411316888c1c	428	MobiDBLite	mobidb-lite	consensus disorder prediction	25	45	-	T	21-06-2023	-	-
>NZ_AOLM01000007.1_33	0627e302cbc77a31f905411316888c1c	428	Coils	Coil	Coil	81	101	-	T	21-06-2023	-	-
>NZ_AOLM01000007.1_33	0627e302cbc77a31f905411316888c1c	428	SMART	SM00421	luxrmega5	43	98	0.0039	T	21-06-2023	IPR000792	Transcription regulator LuxR, C-terminal
>NZ_AOLM01000007.1_31	471c26de473dd6d03b7cda824aa6d0c4	113	SUPERFAMILY	SSF46785	"Winged helix" DNA-binding domain	30	85	1.5E-5	T	21-06-2023	IPR036390	Winged helix DNA-binding domain superfamily
>NZ_AOLM01000007.1_31	471c26de473dd6d03b7cda824aa6d0c4	113	SMART	SM00418	arsrmega2	20	100	0.0066	T	21-06-2023	IPR001845	HTH ArsR-type DNA-binding domain
>NZ_AOLM01000007.1_28	bd09f337bbff673ce3b2238a535ed54e	613	SUPERFAMILY	SSF53098	Ribonuclease H-like	486	555	8.34E-6	T	21-06-2023	IPR012337	Ribonuclease H-like superfamily
>NZ_AOLM01000007.1_28	bd09f337bbff673ce3b2238a535ed54e	613	PANTHER	PTHR33258	TRANSPOSASE INSL FOR INSERTION SEQUENCE ELEMENT IS186A-RELATED	298	609	9.1E-17	T	21-06-2023	-	-
>NZ_AOLM01000007.1_28	bd09f337bbff673ce3b2238a535ed54e	613	MobiDBLite	mobidb-lite	consensus disorder prediction	1	48	-	T	21-06-2023	-	-
>NZ_AOLM01000007.1_28	bd09f337bbff673ce3b2238a535ed54e	613	MobiDBLite	mobidb-lite	consensus disorder prediction	1	40	-	T	21-06-2023	-	-
>NZ_AOLM01000007.1_28	bd09f337bbff673ce3b2238a535ed54e	613	Pfam	PF01609	Transposase DDE domain	326	533	5.5E-9	T	21-06-2023	IPR002559	Transposase IS4-like domain
>NZ_AOLM01000007.1_59	e6a338a518c8baa200f97fc5700fcd97	233	MobiDBLite	mobidb-lite	consensus disorder prediction	39	57	-	T	21-06-2023	-	-
>NZ_AOLM01000007.1_59	e6a338a518c8baa200f97fc5700fcd97	233	MobiDBLite	mobidb-lite	consensus disorder prediction	1	71	-	T	21-06-2023	-	-
>NZ_AOLM01000007.1_59	e6a338a518c8baa200f97fc5700fcd97	233	MobiDBLite	mobidb-lite	consensus disorder prediction	1	16	-	T	21-06-2023	-	-
>NZ_AOLM01000007.1_34	32fa99db58952d8c110a8a369a6f8d8d	400	ProSiteProfiles	PS51898	Tyrosine recombinase domain profile.	147	391	20.66975	T	21-06-2023	IPR002104	Integrase, catalytic domain
>NZ_AOLM01000007.1_34	32fa99db58952d8c110a8a369a6f8d8d	400	SUPERFAMILY	SSF56349	DNA breaking-rejoining enzymes	81	388	2.94E-22	T	21-06-2023	IPR011010	DNA breaking-rejoining enzyme, catalytic core
>NZ_AOLM01000007.1_34	32fa99db58952d8c110a8a369a6f8d8d	400	Pfam	PF00589	Phage integrase family	180	382	1.9E-9	T	21-06-2023	IPR002104	Integrase, catalytic domain
>NZ_AOLM01000007.1_34	32fa99db58952d8c110a8a369a6f8d8d	400	Gene3D	G3DSA:1.10.443.10	Intergrase catalytic core	145	395	1.4E-23	T	21-06-2023	IPR013762	Integrase-like, catalytic domain superfamily
>NZ_AOLM01000007.1_34	32fa99db58952d8c110a8a369a6f8d8d	400	Gene3D	G3DSA:1.10.150.130	-	55	139	5.5E-6	T	21-06-2023	IPR010998	Integrase/recombinase, N-terminal
>NZ_AOLM01000007.1_40	268067d1115eccf2f966a66a5220a6e5	604	MobiDBLite	mobidb-lite	consensus disorder prediction	269	289	-	T	21-06-2023	-	-
>NZ_AOLM01000007.1_77	39c4a21d46dc0648b948e79c4ab95b7e	125	MobiDBLite	mobidb-lite	consensus disorder prediction	16	36	-	T	21-06-2023	-	-
>NZ_AOLM01000007.1_98	e2cd161d7fc79535ff07bb83804a8f3e	260	MobiDBLite	mobidb-lite	consensus disorder prediction	46	74	-	T	21-06-2023	-	-
>NZ_AOLM01000007.1_24	f071fe1d632dbb5c2e6fba5d24e170a9	80	MobiDBLite	mobidb-lite	consensus disorder prediction	1	20	-	T	21-06-2023	-	-
>NZ_AOLM01000007.1_36	53dfd2c152b17bb2919f5a3a4a005a2c	524	MobiDBLite	mobidb-lite	consensus disorder prediction	160	201	-	T	21-06-2023	-	-
>NZ_AOLM01000007.1_14	e7732badbbc24c2a8d9871e8a9944343	224	MobiDBLite	mobidb-lite	consensus disorder prediction	1	22	-	T	21-06-2023	-	-
>NZ_AOLM01000007.1_41	3f791732686f27207240193a49f2ea36	457	MobiDBLite	mobidb-lite	consensus disorder prediction	27	57	-	T	21-06-2023	-	-
>NZ_AOLM01000007.1_41	3f791732686f27207240193a49f2ea36	457	MobiDBLite	mobidb-lite	consensus disorder prediction	426	457	-	T	21-06-2023	-	-
>NZ_AOLM01000007.1_41	3f791732686f27207240193a49f2ea36	457	Coils	Coil	Coil	413	433	-	T	21-06-2023	-	-
>NZ_AOLM01000007.1_57	505d96b2180dbee0c49ecaf7076bee1d	1092	Coils	Coil	Coil	631	658	-	T	21-06-2023	-	-
>NZ_AOLM01000007.1_57	505d96b2180dbee0c49ecaf7076bee1d	1092	Coils	Coil	Coil	670	704	-	T	21-06-2023	-	-
>NZ_AOLM01000007.1_57	505d96b2180dbee0c49ecaf7076bee1d	1092	MobiDBLite	mobidb-lite	consensus disorder prediction	784	816	-	T	21-06-2023	-	-
>NZ_AOLM01000007.1_69	aa4444c641b1cc80476ce9b4bc774205	137	CDD	cd22231	RHH_NikR_HicB-like	7	51	1.06353E-12	T	21-06-2023	-	-
>NZ_AOLM01000007.1_69	aa4444c641b1cc80476ce9b4bc774205	137	Gene3D	G3DSA:1.10.1220.10	-	6	53	2.6E-9	T	21-06-2023	IPR013321	Arc-type ribbon-helix-helix
>NZ_AOLM01000007.1_69	aa4444c641b1cc80476ce9b4bc774205	137	SUPERFAMILY	SSF47598	Ribbon-helix-helix	5	52	8.01E-9	T	21-06-2023	IPR010985	Ribbon-helix-helix
>NZ_AOLM01000007.1_69	aa4444c641b1cc80476ce9b4bc774205	137	Pfam	PF01402	Ribbon-helix-helix protein, copG family	8	47	3.6E-5	T	21-06-2023	IPR002145	Ribbon-helix-helix protein, CopG
>NZ_AOLM01000007.1_2	02a34384139f0c5c6ac4c61c0c1def16	291	Gene3D	G3DSA:1.10.472.10	-	210	290	1.1E-9	T	21-06-2023	-	-
>NZ_AOLM01000007.1_2	02a34384139f0c5c6ac4c61c0c1def16	291	SUPERFAMILY	SSF47954	Cyclin-like	120	204	2.99E-11	T	21-06-2023	IPR036915	Cyclin-like superfamily
>NZ_AOLM01000007.1_2	02a34384139f0c5c6ac4c61c0c1def16	291	PRINTS	PR00685	Transcription initiation factor IIB signature	27	47	1.3E-14	T	21-06-2023	IPR000812	Transcription factor TFIIB
>NZ_AOLM01000007.1_2	02a34384139f0c5c6ac4c61c0c1def16	291	PRINTS	PR00685	Transcription initiation factor IIB signature	61	82	1.3E-14	T	21-06-2023	IPR000812	Transcription factor TFIIB
>NZ_AOLM01000007.1_2	02a34384139f0c5c6ac4c61c0c1def16	291	PRINTS	PR00685	Transcription initiation factor IIB signature	160	179	1.3E-14	T	21-06-2023	IPR000812	Transcription factor TFIIB
>NZ_AOLM01000007.1_2	02a34384139f0c5c6ac4c61c0c1def16	291	PRINTS	PR00685	Transcription initiation factor IIB signature	214	232	1.3E-14	T	21-06-2023	IPR000812	Transcription factor TFIIB
>NZ_AOLM01000007.1_2	02a34384139f0c5c6ac4c61c0c1def16	291	PRINTS	PR00685	Transcription initiation factor IIB signature	248	264	1.3E-14	T	21-06-2023	IPR000812	Transcription factor TFIIB
>NZ_AOLM01000007.1_2	02a34384139f0c5c6ac4c61c0c1def16	291	Pfam	PF00382	Transcription factor TFIIB repeat	121	190	1.3E-7	T	21-06-2023	IPR013150	Transcription factor TFIIB, cyclin-like domain
>NZ_AOLM01000007.1_2	02a34384139f0c5c6ac4c61c0c1def16	291	Pfam	PF00382	Transcription factor TFIIB repeat	208	283	6.0E-8	T	21-06-2023	IPR013150	Transcription factor TFIIB, cyclin-like domain
>NZ_AOLM01000007.1_2	02a34384139f0c5c6ac4c61c0c1def16	291	SUPERFAMILY	SSF47954	Cyclin-like	211	290	2.72E-11	T	21-06-2023	IPR036915	Cyclin-like superfamily
>NZ_AOLM01000007.1_2	02a34384139f0c5c6ac4c61c0c1def16	291	SUPERFAMILY	SSF57783	Zinc beta-ribbon	13	55	5.7E-6	T	21-06-2023	-	-
>NZ_AOLM01000007.1_2	02a34384139f0c5c6ac4c61c0c1def16	291	Gene3D	G3DSA:1.10.472.170	-	16	200	2.3E-29	T	21-06-2023	-	-
>NZ_AOLM01000007.1_2	02a34384139f0c5c6ac4c61c0c1def16	291	PANTHER	PTHR11618	TRANSCRIPTION INITIATION FACTOR IIB-RELATED	17	288	6.3E-31	T	21-06-2023	IPR000812	Transcription factor TFIIB
>NZ_AOLM01000007.1_42	fc070211ba6f2e07b343fdf21fb18bf7	353	MobiDBLite	mobidb-lite	consensus disorder prediction	313	353	-	T	21-06-2023	-	-
>NZ_AOLM01000007.1_42	fc070211ba6f2e07b343fdf21fb18bf7	353	MobiDBLite	mobidb-lite	consensus disorder prediction	330	345	-	T	21-06-2023	-	-
>NZ_AOLM01000007.1_42	fc070211ba6f2e07b343fdf21fb18bf7	353	Coils	Coil	Coil	252	293	-	T	21-06-2023	-	-
>NZ_AOLM01000007.1_25	111745491d5d58fbead2bca521bf5ea5	87	MobiDBLite	mobidb-lite	consensus disorder prediction	1	21	-	T	21-06-2023	-	-
>NZ_AOLM01000007.1_25	111745491d5d58fbead2bca521bf5ea5	87	Gene3D	G3DSA:1.10.10.10	-	25	81	8.0E-6	T	21-06-2023	IPR036388	Winged helix-like DNA-binding domain superfamily
>NZ_AOLM01000007.1_25	111745491d5d58fbead2bca521bf5ea5	87	MobiDBLite	mobidb-lite	consensus disorder prediction	1	20	-	T	21-06-2023	-	-
>NZ_AOLM01000007.1_25	111745491d5d58fbead2bca521bf5ea5	87	SUPERFAMILY	SSF46785	"Winged helix" DNA-binding domain	22	76	4.92E-6	T	21-06-2023	IPR036390	Winged helix DNA-binding domain superfamily
>NZ_AOLM01000007.1_102	9a9627088cabee69fed0fe8de998f764	196	MobiDBLite	mobidb-lite	consensus disorder prediction	88	129	-	T	21-06-2023	-	-
>NZ_AOLM01000007.1_102	9a9627088cabee69fed0fe8de998f764	196	MobiDBLite	mobidb-lite	consensus disorder prediction	99	115	-	T	21-06-2023	-	-
