>NZ_CP084476.1_56	71eaa23d3fbedce4ec1904769ed3c9a5	194	Coils	Coil	Coil	137	164	-	T	21-06-2023	-	-
>NZ_CP084476.1_24	53e044c99912cdb5a851c1c919004567	113	MobiDBLite	mobidb-lite	consensus disorder prediction	1	37	-	T	21-06-2023	-	-
>NZ_CP084476.1_24	53e044c99912cdb5a851c1c919004567	113	MobiDBLite	mobidb-lite	consensus disorder prediction	7	30	-	T	21-06-2023	-	-
>NZ_CP084476.1_79	0af5fd4cd63cc14fc2943674ff805b93	183	MobiDBLite	mobidb-lite	consensus disorder prediction	1	30	-	T	21-06-2023	-	-
>NZ_CP084476.1_39	6b1ab3cb1f0962cab7a4878d40fd6e81	77	MobiDBLite	mobidb-lite	consensus disorder prediction	1	20	-	T	21-06-2023	-	-
>NZ_CP084476.1_9	d12cbc17cb1e8d9ffc82bc140b380664	86	MobiDBLite	mobidb-lite	consensus disorder prediction	1	21	-	T	21-06-2023	-	-
>NZ_CP084476.1_72	8891424bbe9709362b0be73375e0b619	502	Gene3D	G3DSA:2.160.20.10	-	70	438	4.3E-13	T	21-06-2023	IPR012334	Pectin lyase fold
>NZ_CP084476.1_72	8891424bbe9709362b0be73375e0b619	502	SUPERFAMILY	SSF51126	Pectin lyase-like	75	326	2.39E-12	T	21-06-2023	IPR011050	Pectin lyase fold/virulence factor
>NZ_CP084476.1_87	69014b99f400b71eb2ab1fd6e90c8063	345	SMART	SM00382	AAA_5	41	180	1.6E-6	T	21-06-2023	IPR003593	AAA+ ATPase domain
>NZ_CP084476.1_87	69014b99f400b71eb2ab1fd6e90c8063	345	Gene3D	G3DSA:3.40.50.300	-	19	183	9.5E-43	T	21-06-2023	IPR027417	P-loop containing nucleoside triphosphate hydrolase
>NZ_CP084476.1_87	69014b99f400b71eb2ab1fd6e90c8063	345	CDD	cd18139	HLD_clamp_RarA	184	252	2.27803E-5	T	21-06-2023	-	-
>NZ_CP084476.1_87	69014b99f400b71eb2ab1fd6e90c8063	345	SUPERFAMILY	SSF52540	P-loop containing nucleoside triphosphate hydrolases	13	249	5.7E-29	T	21-06-2023	IPR027417	P-loop containing nucleoside triphosphate hydrolase
>NZ_CP084476.1_87	69014b99f400b71eb2ab1fd6e90c8063	345	CDD	cd00009	AAA	24	173	2.86414E-8	T	21-06-2023	-	-
>NZ_CP084476.1_87	69014b99f400b71eb2ab1fd6e90c8063	345	Gene3D	G3DSA:1.10.8.60	-	7	256	9.5E-43	T	21-06-2023	-	-
>NZ_CP084476.1_87	69014b99f400b71eb2ab1fd6e90c8063	345	PANTHER	PTHR10763	CELL DIVISION CONTROL PROTEIN 6-RELATED	18	321	1.7E-21	T	21-06-2023	-	-
>NZ_CP084476.1_87	69014b99f400b71eb2ab1fd6e90c8063	345	Pfam	PF13401	AAA domain	46	141	1.9E-10	T	21-06-2023	IPR003593	AAA+ ATPase domain
>NZ_CP084476.1_88	effe2ab2eef751acb927567085c5f824	95	Gene3D	G3DSA:1.10.10.10	-	6	94	2.5E-13	T	21-06-2023	IPR036388	Winged helix-like DNA-binding domain superfamily
>NZ_CP084476.1_88	effe2ab2eef751acb927567085c5f824	95	Pfam	PF03551	Transcriptional regulator PadR-like family	13	79	5.5E-17	T	21-06-2023	IPR005149	Transcription regulator PadR, N-terminal
>NZ_CP084476.1_88	effe2ab2eef751acb927567085c5f824	95	SUPERFAMILY	SSF46785	"Winged helix" DNA-binding domain	2	89	1.04E-19	T	21-06-2023	IPR036390	Winged helix DNA-binding domain superfamily
>NZ_CP084476.1_92	4bc350f7bd91875cf758c6380416975f	171	Coils	Coil	Coil	49	83	-	T	21-06-2023	-	-
>NZ_CP084476.1_92	4bc350f7bd91875cf758c6380416975f	171	MobiDBLite	mobidb-lite	consensus disorder prediction	1	41	-	T	21-06-2023	-	-
>NZ_CP084476.1_92	4bc350f7bd91875cf758c6380416975f	171	MobiDBLite	mobidb-lite	consensus disorder prediction	16	38	-	T	21-06-2023	-	-
>NZ_CP084476.1_92	4bc350f7bd91875cf758c6380416975f	171	MobiDBLite	mobidb-lite	consensus disorder prediction	1	15	-	T	21-06-2023	-	-
>NZ_CP084476.1_69	f4531b2df14f90472200c8c0db274459	209	Pfam	PF00589	Phage integrase family	15	194	5.8E-12	T	21-06-2023	IPR002104	Integrase, catalytic domain
>NZ_CP084476.1_69	f4531b2df14f90472200c8c0db274459	209	ProSiteProfiles	PS51898	Tyrosine recombinase domain profile.	1	204	16.494097	T	21-06-2023	IPR002104	Integrase, catalytic domain
>NZ_CP084476.1_69	f4531b2df14f90472200c8c0db274459	209	CDD	cd00397	DNA_BRE_C	8	192	8.77421E-13	T	21-06-2023	-	-
>NZ_CP084476.1_69	f4531b2df14f90472200c8c0db274459	209	Gene3D	G3DSA:1.10.443.10	Intergrase catalytic core	4	207	2.8E-20	T	21-06-2023	IPR013762	Integrase-like, catalytic domain superfamily
>NZ_CP084476.1_69	f4531b2df14f90472200c8c0db274459	209	SUPERFAMILY	SSF56349	DNA breaking-rejoining enzymes	10	206	6.18E-19	T	21-06-2023	IPR011010	DNA breaking-rejoining enzyme, catalytic core
>NZ_CP084476.1_112	c082b53c554324e3a4987295baec3532	105	Gene3D	G3DSA:1.10.10.10	-	17	104	5.1E-11	T	21-06-2023	IPR036388	Winged helix-like DNA-binding domain superfamily
>NZ_CP084476.1_112	c082b53c554324e3a4987295baec3532	105	MobiDBLite	mobidb-lite	consensus disorder prediction	69	99	-	T	21-06-2023	-	-
>NZ_CP084476.1_112	c082b53c554324e3a4987295baec3532	105	SUPERFAMILY	SSF46785	"Winged helix" DNA-binding domain	15	101	7.1E-15	T	21-06-2023	IPR036390	Winged helix DNA-binding domain superfamily
>NZ_CP084476.1_112	c082b53c554324e3a4987295baec3532	105	MobiDBLite	mobidb-lite	consensus disorder prediction	69	105	-	T	21-06-2023	-	-
>NZ_CP084476.1_112	c082b53c554324e3a4987295baec3532	105	Pfam	PF03551	Transcriptional regulator PadR-like family	23	90	1.3E-12	T	21-06-2023	IPR005149	Transcription regulator PadR, N-terminal
>NZ_CP084476.1_2	2805caaf4f256e590310b9e45dfd366f	139	MobiDBLite	mobidb-lite	consensus disorder prediction	1	41	-	T	21-06-2023	-	-
>NZ_CP084476.1_2	2805caaf4f256e590310b9e45dfd366f	139	MobiDBLite	mobidb-lite	consensus disorder prediction	8	30	-	T	21-06-2023	-	-
>NZ_CP084476.1_34	e37c23997ebcbc48c8b97c67e14c40e2	119	MobiDBLite	mobidb-lite	consensus disorder prediction	1	22	-	T	21-06-2023	-	-
>NZ_CP084476.1_53	2e7b333d014f760e846ec46fc93b634c	540	MobiDBLite	mobidb-lite	consensus disorder prediction	517	540	-	T	21-06-2023	-	-
>NZ_CP084476.1_53	2e7b333d014f760e846ec46fc93b634c	540	MobiDBLite	mobidb-lite	consensus disorder prediction	187	228	-	T	21-06-2023	-	-
>NZ_CP084476.1_102	1948a23d0f38e07f172a2a5a5eabc741	473	Gene3D	G3DSA:3.90.120.10	DNA Methylase, subunit A, domain 2	332	443	8.6E-17	T	21-06-2023	-	-
>NZ_CP084476.1_102	1948a23d0f38e07f172a2a5a5eabc741	473	PANTHER	PTHR10629	CYTOSINE-SPECIFIC METHYLTRANSFERASE	6	446	1.5E-41	T	21-06-2023	-	-
>NZ_CP084476.1_102	1948a23d0f38e07f172a2a5a5eabc741	473	Gene3D	G3DSA:3.40.50.150	Vaccinia Virus protein VP39	2	220	2.6E-51	T	21-06-2023	IPR029063	S-adenosyl-L-methionine-dependent methyltransferase superfamily
>NZ_CP084476.1_102	1948a23d0f38e07f172a2a5a5eabc741	473	SUPERFAMILY	SSF53335	S-adenosyl-L-methionine-dependent methyltransferases	9	450	1.13E-69	T	21-06-2023	IPR029063	S-adenosyl-L-methionine-dependent methyltransferase superfamily
>NZ_CP084476.1_102	1948a23d0f38e07f172a2a5a5eabc741	473	MobiDBLite	mobidb-lite	consensus disorder prediction	195	215	-	T	21-06-2023	-	-
>NZ_CP084476.1_102	1948a23d0f38e07f172a2a5a5eabc741	473	Pfam	PF00145	C-5 cytosine-specific DNA methylase	11	450	5.1E-43	T	21-06-2023	IPR001525	C-5 cytosine methyltransferase
>NZ_CP084476.1_102	1948a23d0f38e07f172a2a5a5eabc741	473	PRINTS	PR00105	Cytosine-specific DNA methyltransferase signature	11	27	1.4E-8	T	21-06-2023	IPR001525	C-5 cytosine methyltransferase
>NZ_CP084476.1_102	1948a23d0f38e07f172a2a5a5eabc741	473	PRINTS	PR00105	Cytosine-specific DNA methyltransferase signature	120	134	1.4E-8	T	21-06-2023	IPR001525	C-5 cytosine methyltransferase
>NZ_CP084476.1_102	1948a23d0f38e07f172a2a5a5eabc741	473	PRINTS	PR00105	Cytosine-specific DNA methyltransferase signature	178	191	1.4E-8	T	21-06-2023	IPR001525	C-5 cytosine methyltransferase
>NZ_CP084476.1_102	1948a23d0f38e07f172a2a5a5eabc741	473	ProSiteProfiles	PS51257	Prokaryotic membrane lipoprotein lipid attachment site profile.	1	30	6.0	T	21-06-2023	-	-
>NZ_CP084476.1_102	1948a23d0f38e07f172a2a5a5eabc741	473	ProSiteProfiles	PS51679	C-5 cytosine-specific DNA methylase (Dnmt) domain profile.	10	457	36.946018	T	21-06-2023	IPR001525	C-5 cytosine methyltransferase
>NZ_CP084476.1_89	f48692fed7166bed6f0b2e36c5414507	87	Gene3D	G3DSA:1.10.10.10	-	1	83	5.1E-21	T	21-06-2023	IPR036388	Winged helix-like DNA-binding domain superfamily
>NZ_CP084476.1_89	f48692fed7166bed6f0b2e36c5414507	87	Pfam	PF08461	Ribonuclease R winged-helix domain	8	71	2.3E-8	T	21-06-2023	IPR013668	Ribonuclease R winged-helix domain
>NZ_CP084476.1_89	f48692fed7166bed6f0b2e36c5414507	87	SUPERFAMILY	SSF46785	"Winged helix" DNA-binding domain	32	79	3.42E-8	T	21-06-2023	IPR036390	Winged helix DNA-binding domain superfamily
>NZ_CP084476.1_52	d4f5f34b84f2ea6783ba849092c9fd5d	801	MobiDBLite	mobidb-lite	consensus disorder prediction	1	18	-	T	21-06-2023	-	-
>NZ_CP084476.1_52	d4f5f34b84f2ea6783ba849092c9fd5d	801	Gene3D	G3DSA:3.40.50.300	-	371	567	6.9E-10	T	21-06-2023	IPR027417	P-loop containing nucleoside triphosphate hydrolase
>NZ_CP084476.1_52	d4f5f34b84f2ea6783ba849092c9fd5d	801	MobiDBLite	mobidb-lite	consensus disorder prediction	1	35	-	T	21-06-2023	-	-
>NZ_CP084476.1_52	d4f5f34b84f2ea6783ba849092c9fd5d	801	MobiDBLite	mobidb-lite	consensus disorder prediction	19	35	-	T	21-06-2023	-	-
>NZ_CP084476.1_73	75c874bda72c20262493a9267d7fa6f6	353	MobiDBLite	mobidb-lite	consensus disorder prediction	47	76	-	T	21-06-2023	-	-
>NZ_CP084476.1_20	1c4daa16c0ac462d7b10026a8836a996	78	MobiDBLite	mobidb-lite	consensus disorder prediction	1	23	-	T	21-06-2023	-	-
>NZ_CP084476.1_68	4279ba0d47363f6861a513f42e6f591e	96	CDD	cd00085	HNHc	24	66	1.37825E-7	T	21-06-2023	IPR003615	HNH nuclease
>NZ_CP084476.1_68	4279ba0d47363f6861a513f42e6f591e	96	Pfam	PF01844	HNH endonuclease	24	66	6.4E-7	T	21-06-2023	IPR002711	HNH endonuclease
>NZ_CP084476.1_68	4279ba0d47363f6861a513f42e6f591e	96	SMART	SM00507	HNH_5	12	63	3.1E-4	T	21-06-2023	IPR003615	HNH nuclease
>NZ_CP084476.1_68	4279ba0d47363f6861a513f42e6f591e	96	Gene3D	G3DSA:1.10.30.50	-	1	92	4.8E-8	T	21-06-2023	-	-
>NZ_CP084476.1_55	cb31cc92ab8bd8c1ddb94ffbc21bbb0e	341	MobiDBLite	mobidb-lite	consensus disorder prediction	307	341	-	T	21-06-2023	-	-
>NZ_CP084476.1_55	cb31cc92ab8bd8c1ddb94ffbc21bbb0e	341	Coils	Coil	Coil	247	281	-	T	21-06-2023	-	-
>NZ_CP084476.1_18	93e67df1d6ff1be1213d063d57bcedbd	160	Gene3D	G3DSA:1.10.30.50	-	10	120	2.4E-11	T	21-06-2023	-	-
>NZ_CP084476.1_18	93e67df1d6ff1be1213d063d57bcedbd	160	SMART	SM00507	HNH_5	56	107	7.3E-11	T	21-06-2023	IPR003615	HNH nuclease
>NZ_CP084476.1_18	93e67df1d6ff1be1213d063d57bcedbd	160	Pfam	PF01844	HNH endonuclease	68	109	4.9E-11	T	21-06-2023	IPR002711	HNH endonuclease
>NZ_CP084476.1_18	93e67df1d6ff1be1213d063d57bcedbd	160	CDD	cd00085	HNHc	56	110	4.13532E-13	T	21-06-2023	IPR003615	HNH nuclease
>NZ_CP084476.1_127	e32527c8852bec4213a44f0f1e5a2d57	167	MobiDBLite	mobidb-lite	consensus disorder prediction	133	167	-	T	21-06-2023	-	-
>NZ_CP084476.1_127	e32527c8852bec4213a44f0f1e5a2d57	167	MobiDBLite	mobidb-lite	consensus disorder prediction	152	167	-	T	21-06-2023	-	-
>NZ_CP084476.1_99	8c0c2335671f4ddcc019eff6faf29ca9	116	Pfam	PF18902	Domain of unknown function (DUF5658)	32	107	1.1E-7	T	21-06-2023	IPR043717	Domain of unknown function DUF5658
>NZ_CP084476.1_74	2b689189f33c46b68a4100bbabe1de52	262	ProSiteProfiles	PS51318	Twin arginine translocation (Tat) signal profile.	1	26	7.798497	T	21-06-2023	IPR006311	Twin-arginine translocation pathway, signal sequence
>NZ_CP084476.1_44	3403e49effc41e1f1fcf2f0e74f937d4	125	Gene3D	G3DSA:1.10.150.20	-	57	122	5.5E-12	T	21-06-2023	-	-
>NZ_CP084476.1_44	3403e49effc41e1f1fcf2f0e74f937d4	125	Pfam	PF12826	Helix-hairpin-helix motif	72	116	2.9E-9	T	21-06-2023	IPR041663	DisA/LigA, helix-hairpin-helix motif
>NZ_CP084476.1_44	3403e49effc41e1f1fcf2f0e74f937d4	125	SUPERFAMILY	SSF47781	RuvA domain 2-like	52	120	3.02E-10	T	21-06-2023	IPR010994	RuvA domain 2-like
>NZ_CP084476.1_3	8c0584423eb954975828ac27f148f992	127	NCBIfam	TIGR02537	archaeal flagellin N-terminal-like domain	6	29	2.1E-4	T	21-06-2023	IPR013373	Flagellin/pilin, N-terminal site, archaea
>NZ_CP084476.1_3	8c0584423eb954975828ac27f148f992	127	Pfam	PF07790	Archaeal Type IV pilin, N-terminal	7	90	1.4E-14	T	21-06-2023	IPR012859	Archaeal Type IV pilin, N-terminal
>NZ_CP084476.1_105	bd68b555136da6f96d934f1ee29586f3	454	MobiDBLite	mobidb-lite	consensus disorder prediction	92	116	-	T	21-06-2023	-	-
>NZ_CP084476.1_105	bd68b555136da6f96d934f1ee29586f3	454	Pfam	PF01555	DNA methylase	386	424	1.8E-12	T	21-06-2023	IPR002941	DNA methylase N-4/N-6
>NZ_CP084476.1_105	bd68b555136da6f96d934f1ee29586f3	454	Pfam	PF01555	DNA methylase	29	269	1.1E-30	T	21-06-2023	IPR002941	DNA methylase N-4/N-6
>NZ_CP084476.1_105	bd68b555136da6f96d934f1ee29586f3	454	SUPERFAMILY	SSF53335	S-adenosyl-L-methionine-dependent methyltransferases	9	269	1.55E-35	T	21-06-2023	IPR029063	S-adenosyl-L-methionine-dependent methyltransferase superfamily
>NZ_CP084476.1_105	bd68b555136da6f96d934f1ee29586f3	454	CDD	cd02440	AdoMet_MTases	388	425	6.80878E-4	T	21-06-2023	-	-
>NZ_CP084476.1_105	bd68b555136da6f96d934f1ee29586f3	454	PRINTS	PR00508	S21 class N4 adenine-specific DNA methyltransferase signature	28	42	1.3E-31	T	21-06-2023	IPR001091	Restriction/modification DNA-methyltransferase
>NZ_CP084476.1_105	bd68b555136da6f96d934f1ee29586f3	454	PRINTS	PR00508	S21 class N4 adenine-specific DNA methyltransferase signature	66	86	1.3E-31	T	21-06-2023	IPR001091	Restriction/modification DNA-methyltransferase
>NZ_CP084476.1_105	bd68b555136da6f96d934f1ee29586f3	454	PRINTS	PR00508	S21 class N4 adenine-specific DNA methyltransferase signature	250	267	1.3E-31	T	21-06-2023	IPR001091	Restriction/modification DNA-methyltransferase
>NZ_CP084476.1_105	bd68b555136da6f96d934f1ee29586f3	454	PRINTS	PR00508	S21 class N4 adenine-specific DNA methyltransferase signature	384	402	1.3E-31	T	21-06-2023	IPR001091	Restriction/modification DNA-methyltransferase
>NZ_CP084476.1_105	bd68b555136da6f96d934f1ee29586f3	454	PRINTS	PR00508	S21 class N4 adenine-specific DNA methyltransferase signature	407	427	1.3E-31	T	21-06-2023	IPR001091	Restriction/modification DNA-methyltransferase
>NZ_CP084476.1_105	bd68b555136da6f96d934f1ee29586f3	454	Gene3D	G3DSA:3.40.50.150	Vaccinia Virus protein VP39	9	274	6.9E-47	T	21-06-2023	IPR029063	S-adenosyl-L-methionine-dependent methyltransferase superfamily
>NZ_CP084476.1_105	bd68b555136da6f96d934f1ee29586f3	454	Gene3D	G3DSA:3.40.50.150	Vaccinia Virus protein VP39	372	435	2.0E-16	T	21-06-2023	IPR029063	S-adenosyl-L-methionine-dependent methyltransferase superfamily
>NZ_CP084476.1_105	bd68b555136da6f96d934f1ee29586f3	454	SUPERFAMILY	SSF53335	S-adenosyl-L-methionine-dependent methyltransferases	384	427	2.79E-16	T	21-06-2023	IPR029063	S-adenosyl-L-methionine-dependent methyltransferase superfamily
>NZ_CP084476.1_105	bd68b555136da6f96d934f1ee29586f3	454	ProSitePatterns	PS00093	N-4 cytosine-specific DNA methylases signature.	33	38	-	T	21-06-2023	IPR017985	DNA methylase, N-4 cytosine-specific, conserved site
>NZ_CP084476.1_105	bd68b555136da6f96d934f1ee29586f3	454	MobiDBLite	mobidb-lite	consensus disorder prediction	194	218	-	T	21-06-2023	-	-
>NZ_CP084476.1_85	e34c44f0178df7b19b1bfcef3c1fa8e9	182	PANTHER	PTHR38138	VNG6441H	13	181	7.0E-13	T	21-06-2023	-	-
>NZ_CP084476.1_85	e34c44f0178df7b19b1bfcef3c1fa8e9	182	Pfam	PF07790	Archaeal Type IV pilin, N-terminal	18	99	1.0E-22	T	21-06-2023	IPR012859	Archaeal Type IV pilin, N-terminal
>NZ_CP084476.1_85	e34c44f0178df7b19b1bfcef3c1fa8e9	182	NCBIfam	TIGR02537	archaeal flagellin N-terminal-like domain	18	40	3.4E-6	T	21-06-2023	IPR013373	Flagellin/pilin, N-terminal site, archaea
>NZ_CP084476.1_16	994b0e6180e2989dca7d53688821d337	89	MobiDBLite	mobidb-lite	consensus disorder prediction	70	89	-	T	21-06-2023	-	-
>NZ_CP084476.1_32	9dff5effdbcd84447778948310696569	75	Coils	Coil	Coil	38	65	-	T	21-06-2023	-	-
>NZ_CP084476.1_32	9dff5effdbcd84447778948310696569	75	MobiDBLite	mobidb-lite	consensus disorder prediction	1	31	-	T	21-06-2023	-	-
>NZ_CP084476.1_32	9dff5effdbcd84447778948310696569	75	MobiDBLite	mobidb-lite	consensus disorder prediction	15	31	-	T	21-06-2023	-	-
>NZ_CP084476.1_119	b4de7ac9a67ac75a4f6532e859ea4b8a	70	Coils	Coil	Coil	43	63	-	T	21-06-2023	-	-
>NZ_CP084476.1_82	d5d8155ef7c11cec0584ae3170059c61	164	MobiDBLite	mobidb-lite	consensus disorder prediction	1	33	-	T	21-06-2023	-	-
>NZ_CP084476.1_121	f537d53530514539015b774d1421a7b3	83	MobiDBLite	mobidb-lite	consensus disorder prediction	1	25	-	T	21-06-2023	-	-
>NZ_CP084476.1_121	f537d53530514539015b774d1421a7b3	83	MobiDBLite	mobidb-lite	consensus disorder prediction	1	23	-	T	21-06-2023	-	-
>NZ_CP084476.1_128	ef51c849033c449fa98bc22e1f315086	125	MobiDBLite	mobidb-lite	consensus disorder prediction	15	33	-	T	21-06-2023	-	-
>NZ_CP084476.1_128	ef51c849033c449fa98bc22e1f315086	125	MobiDBLite	mobidb-lite	consensus disorder prediction	1	55	-	T	21-06-2023	-	-
>NZ_CP084476.1_128	ef51c849033c449fa98bc22e1f315086	125	Pfam	PF14216	Domain of unknown function (DUF4326)	18	115	6.8E-19	T	21-06-2023	IPR025475	Protein of unknown function DUF4326)
>NZ_CP084476.1_101	5112a41263e9b5e509e9d1fc2d011a4a	89	MobiDBLite	mobidb-lite	consensus disorder prediction	58	89	-	T	21-06-2023	-	-
>NZ_CP084476.1_101	5112a41263e9b5e509e9d1fc2d011a4a	89	MobiDBLite	mobidb-lite	consensus disorder prediction	58	80	-	T	21-06-2023	-	-
>NZ_CP084476.1_91	ae58c9ae490ca75a80bb3f6090711f02	1149	MobiDBLite	mobidb-lite	consensus disorder prediction	179	225	-	T	21-06-2023	-	-
>NZ_CP084476.1_91	ae58c9ae490ca75a80bb3f6090711f02	1149	MobiDBLite	mobidb-lite	consensus disorder prediction	554	571	-	T	21-06-2023	-	-
>NZ_CP084476.1_91	ae58c9ae490ca75a80bb3f6090711f02	1149	MobiDBLite	mobidb-lite	consensus disorder prediction	542	577	-	T	21-06-2023	-	-
>NZ_CP084476.1_35	57defd43ccecf39c72cc0ecbf9b36420	46	SUPERFAMILY	SSF57783	Zinc beta-ribbon	3	41	6.23E-5	T	21-06-2023	-	-
>NZ_CP084476.1_65	02e4b783bc8b4f75ab095241a0cc373e	139	MobiDBLite	mobidb-lite	consensus disorder prediction	1	20	-	T	21-06-2023	-	-
>NZ_CP084476.1_123	587fa1983530e20a899b4925714cacb3	93	MobiDBLite	mobidb-lite	consensus disorder prediction	1	22	-	T	21-06-2023	-	-
>NZ_CP084476.1_19	c5fad48ccebf404f7deadb0ea7ed5e93	69	MobiDBLite	mobidb-lite	consensus disorder prediction	1	21	-	T	21-06-2023	-	-
>NZ_CP084476.1_19	c5fad48ccebf404f7deadb0ea7ed5e93	69	Gene3D	G3DSA:1.10.1220.10	-	20	64	1.6E-8	T	21-06-2023	IPR013321	Arc-type ribbon-helix-helix
>NZ_CP084476.1_19	c5fad48ccebf404f7deadb0ea7ed5e93	69	SUPERFAMILY	SSF47598	Ribbon-helix-helix	20	63	1.67E-7	T	21-06-2023	IPR010985	Ribbon-helix-helix
>NZ_CP084476.1_19	c5fad48ccebf404f7deadb0ea7ed5e93	69	CDD	cd22231	RHH_NikR_HicB-like	22	62	5.92942E-9	T	21-06-2023	-	-
>NZ_CP084476.1_19	c5fad48ccebf404f7deadb0ea7ed5e93	69	Pfam	PF01402	Ribbon-helix-helix protein, copG family	22	59	1.6E-7	T	21-06-2023	IPR002145	Ribbon-helix-helix protein, CopG
>NZ_CP084476.1_15	930381d53d76f6feb04dc43c119b1b75	144	MobiDBLite	mobidb-lite	consensus disorder prediction	1	22	-	T	21-06-2023	-	-
>NZ_CP084476.1_15	930381d53d76f6feb04dc43c119b1b75	144	MobiDBLite	mobidb-lite	consensus disorder prediction	1	24	-	T	21-06-2023	-	-
>NZ_CP084476.1_36	5796b33b33dd14ad8fc96f1103b12c77	429	MobiDBLite	mobidb-lite	consensus disorder prediction	16	71	-	T	21-06-2023	-	-
>NZ_CP084476.1_36	5796b33b33dd14ad8fc96f1103b12c77	429	SUPERFAMILY	SSF52402	Adenine nucleotide alpha hydrolases-like	76	241	2.33E-19	T	21-06-2023	-	-
>NZ_CP084476.1_36	5796b33b33dd14ad8fc96f1103b12c77	429	PANTHER	PTHR43196	SULFATE ADENYLYLTRANSFERASE SUBUNIT 2	81	258	5.2E-13	T	21-06-2023	-	-
>NZ_CP084476.1_36	5796b33b33dd14ad8fc96f1103b12c77	429	Gene3D	G3DSA:3.40.50.620	HUPs	52	255	9.3E-24	T	21-06-2023	IPR014729	Rossmann-like alpha/beta/alpha sandwich fold
>NZ_CP084476.1_36	5796b33b33dd14ad8fc96f1103b12c77	429	CDD	cd01713	PAPS_reductase	79	239	8.98964E-23	T	21-06-2023	IPR002500	Phosphoadenosine phosphosulphate reductase
>NZ_CP084476.1_36	5796b33b33dd14ad8fc96f1103b12c77	429	Pfam	PF01507	Phosphoadenosine phosphosulfate reductase family	81	241	1.8E-12	T	21-06-2023	IPR002500	Phosphoadenosine phosphosulphate reductase
>NZ_CP084476.1_67	5d186eaf182d06663ce7e9b63239f002	300	MobiDBLite	mobidb-lite	consensus disorder prediction	74	99	-	T	21-06-2023	-	-
>NZ_CP084476.1_76	fc79dd7ff05159e783390721b7d7d46b	413	Pfam	PF01844	HNH endonuclease	347	399	1.7E-9	T	21-06-2023	IPR002711	HNH endonuclease
>NZ_CP084476.1_76	fc79dd7ff05159e783390721b7d7d46b	413	PANTHER	PTHR41286	HNH NUCLEASE YAJD-RELATED	297	409	7.5E-11	T	21-06-2023	-	-
>NZ_CP084476.1_76	fc79dd7ff05159e783390721b7d7d46b	413	CDD	cd00085	HNHc	333	399	7.86518E-7	T	21-06-2023	IPR003615	HNH nuclease
>NZ_CP084476.1_76	fc79dd7ff05159e783390721b7d7d46b	413	Gene3D	G3DSA:1.10.30.50	-	325	409	6.4E-11	T	21-06-2023	-	-
>NZ_CP084476.1_76	fc79dd7ff05159e783390721b7d7d46b	413	SMART	SM00507	HNH_5	334	397	4.5E-9	T	21-06-2023	IPR003615	HNH nuclease
>NZ_CP084476.1_76	fc79dd7ff05159e783390721b7d7d46b	413	SMART	SM00746	4TRASH	227	261	53.0	T	21-06-2023	IPR011017	TRASH domain
>NZ_CP084476.1_76	fc79dd7ff05159e783390721b7d7d46b	413	SMART	SM00746	4TRASH	72	106	2.2E-4	T	21-06-2023	IPR011017	TRASH domain
>NZ_CP084476.1_76	fc79dd7ff05159e783390721b7d7d46b	413	SMART	SM00746	4TRASH	126	160	0.48	T	21-06-2023	IPR011017	TRASH domain
>NZ_CP084476.1_76	fc79dd7ff05159e783390721b7d7d46b	413	SMART	SM00746	4TRASH	176	210	1.1	T	21-06-2023	IPR011017	TRASH domain
>NZ_CP084476.1_76	fc79dd7ff05159e783390721b7d7d46b	413	SMART	SM00746	4TRASH	277	311	43.0	T	21-06-2023	IPR011017	TRASH domain
>NZ_CP084476.1_76	fc79dd7ff05159e783390721b7d7d46b	413	Pfam	PF18780	Homing endonuclease associated repeat	8	61	4.8E-17	T	21-06-2023	IPR041025	Homing endonuclease associated repeat
>NZ_CP084476.1_47	baae181a133c34267e020dcc7263702f	162	MobiDBLite	mobidb-lite	consensus disorder prediction	142	162	-	T	21-06-2023	-	-
>NZ_CP084476.1_28	1797e530f41c9a9582f1330db2aaef96	57	ProSiteProfiles	PS50157	Zinc finger C2H2 type domain profile.	7	37	8.683495	T	21-06-2023	IPR013087	Zinc finger C2H2-type
>NZ_CP084476.1_28	1797e530f41c9a9582f1330db2aaef96	57	MobiDBLite	mobidb-lite	consensus disorder prediction	30	57	-	T	21-06-2023	-	-
>NZ_CP084476.1_94	91865be354bf788f9995fdd00fefe618	208	MobiDBLite	mobidb-lite	consensus disorder prediction	151	208	-	T	21-06-2023	-	-
>NZ_CP084476.1_94	91865be354bf788f9995fdd00fefe618	208	MobiDBLite	mobidb-lite	consensus disorder prediction	86	120	-	T	21-06-2023	-	-
>NZ_CP084476.1_94	91865be354bf788f9995fdd00fefe618	208	MobiDBLite	mobidb-lite	consensus disorder prediction	187	208	-	T	21-06-2023	-	-
>NZ_CP084476.1_77	8fb2051cbf9464d542fa210d406963eb	889	Coils	Coil	Coil	256	276	-	T	21-06-2023	-	-
>NZ_CP084476.1_77	8fb2051cbf9464d542fa210d406963eb	889	Coils	Coil	Coil	385	412	-	T	21-06-2023	-	-
>NZ_CP084476.1_12	b1e97d49633aefb19111926523da2bfa	88	MobiDBLite	mobidb-lite	consensus disorder prediction	21	52	-	T	21-06-2023	-	-
>NZ_CP084476.1_12	b1e97d49633aefb19111926523da2bfa	88	MobiDBLite	mobidb-lite	consensus disorder prediction	17	52	-	T	21-06-2023	-	-
>NZ_CP084476.1_12	b1e97d49633aefb19111926523da2bfa	88	MobiDBLite	mobidb-lite	consensus disorder prediction	65	88	-	T	21-06-2023	-	-
>NZ_CP084476.1_11	31ab354d5d83b4673c3fc28958bf3a62	126	MobiDBLite	mobidb-lite	consensus disorder prediction	101	119	-	T	21-06-2023	-	-
>NZ_CP084476.1_11	31ab354d5d83b4673c3fc28958bf3a62	126	MobiDBLite	mobidb-lite	consensus disorder prediction	1	27	-	T	21-06-2023	-	-
>NZ_CP084476.1_11	31ab354d5d83b4673c3fc28958bf3a62	126	MobiDBLite	mobidb-lite	consensus disorder prediction	97	126	-	T	21-06-2023	-	-
>NZ_CP084476.1_54	29cfd3be41e3dcd5eda4215dc2b18ac2	419	Coils	Coil	Coil	261	288	-	T	21-06-2023	-	-
>NZ_CP084476.1_54	29cfd3be41e3dcd5eda4215dc2b18ac2	419	MobiDBLite	mobidb-lite	consensus disorder prediction	45	65	-	T	21-06-2023	-	-
>NZ_CP084476.1_54	29cfd3be41e3dcd5eda4215dc2b18ac2	419	Coils	Coil	Coil	386	413	-	T	21-06-2023	-	-
>NZ_CP084476.1_54	29cfd3be41e3dcd5eda4215dc2b18ac2	419	MobiDBLite	mobidb-lite	consensus disorder prediction	45	64	-	T	21-06-2023	-	-
>NZ_CP084476.1_93	91eb1e5504495599d3d2252c6581330b	68	MobiDBLite	mobidb-lite	consensus disorder prediction	21	37	-	T	21-06-2023	-	-
>NZ_CP084476.1_93	91eb1e5504495599d3d2252c6581330b	68	MobiDBLite	mobidb-lite	consensus disorder prediction	1	68	-	T	21-06-2023	-	-
>NZ_CP084476.1_111	94c33da32ce6ca2ab093294838e983c2	73	MobiDBLite	mobidb-lite	consensus disorder prediction	1	30	-	T	21-06-2023	-	-
>NZ_CP084476.1_118	b8c1112672c468746b8f24c039887a9d	141	MobiDBLite	mobidb-lite	consensus disorder prediction	1	23	-	T	21-06-2023	-	-
>NZ_CP084476.1_38	6488b6a31b12a93ec0abc3276fc41224	256	MobiDBLite	mobidb-lite	consensus disorder prediction	1	23	-	T	21-06-2023	-	-
>NZ_CP084476.1_40	90f7dd509940bac1f2335670d400b6aa	61	Coils	Coil	Coil	3	30	-	T	21-06-2023	-	-
>NZ_CP084476.1_63	53ee4ad2dacfffaf343ed18d73e02fbb	256	MobiDBLite	mobidb-lite	consensus disorder prediction	1	33	-	T	21-06-2023	-	-
>NZ_CP084476.1_63	53ee4ad2dacfffaf343ed18d73e02fbb	256	Coils	Coil	Coil	256	256	-	T	21-06-2023	-	-
>NZ_CP084476.1_63	53ee4ad2dacfffaf343ed18d73e02fbb	256	ProSiteProfiles	PS51318	Twin arginine translocation (Tat) signal profile.	1	61	8.393551	T	21-06-2023	IPR006311	Twin-arginine translocation pathway, signal sequence
>NZ_CP084476.1_42	335ebb310ce0109a5cbd484934dcc47d	409	Gene3D	G3DSA:1.10.443.10	Intergrase catalytic core	209	402	3.1E-17	T	21-06-2023	IPR013762	Integrase-like, catalytic domain superfamily
>NZ_CP084476.1_42	335ebb310ce0109a5cbd484934dcc47d	409	ProSiteProfiles	PS51898	Tyrosine recombinase domain profile.	211	400	16.70409	T	21-06-2023	IPR002104	Integrase, catalytic domain
>NZ_CP084476.1_42	335ebb310ce0109a5cbd484934dcc47d	409	Coils	Coil	Coil	93	113	-	T	21-06-2023	-	-
>NZ_CP084476.1_42	335ebb310ce0109a5cbd484934dcc47d	409	SUPERFAMILY	SSF56349	DNA breaking-rejoining enzymes	150	358	2.33E-20	T	21-06-2023	IPR011010	DNA breaking-rejoining enzyme, catalytic core
>NZ_CP084476.1_42	335ebb310ce0109a5cbd484934dcc47d	409	Pfam	PF00589	Phage integrase family	216	361	4.8E-7	T	21-06-2023	IPR002104	Integrase, catalytic domain
>NZ_CP084476.1_90	256fe5c138f0fb16a8c5e03daca85fe0	175	MobiDBLite	mobidb-lite	consensus disorder prediction	26	55	-	T	21-06-2023	-	-
>NZ_CP084476.1_57	8e39588d0e4dfd4f56dc6f23e7c28819	71	MobiDBLite	mobidb-lite	consensus disorder prediction	51	71	-	T	21-06-2023	-	-
>NZ_CP084476.1_62	8cb0a3d39a978358f5c8f12672a784e8	66	MobiDBLite	mobidb-lite	consensus disorder prediction	1	21	-	T	21-06-2023	-	-
>NZ_CP084476.1_62	8cb0a3d39a978358f5c8f12672a784e8	66	MobiDBLite	mobidb-lite	consensus disorder prediction	1	15	-	T	21-06-2023	-	-
>NZ_CP084476.1_75	7490e6ad9ea6bfc2d23766e1c0cde8b2	515	Pfam	PF00082	Subtilase family	199	454	3.5E-37	T	21-06-2023	IPR000209	Peptidase S8/S53 domain
>NZ_CP084476.1_75	7490e6ad9ea6bfc2d23766e1c0cde8b2	515	SUPERFAMILY	SSF52743	Subtilisin-like	115	481	7.2E-46	T	21-06-2023	IPR036852	Peptidase S8/S53 domain superfamily
>NZ_CP084476.1_75	7490e6ad9ea6bfc2d23766e1c0cde8b2	515	Gene3D	G3DSA:3.40.50.200	Peptidase S8/S53 domain	172	473	3.2E-48	T	21-06-2023	IPR036852	Peptidase S8/S53 domain superfamily
>NZ_CP084476.1_75	7490e6ad9ea6bfc2d23766e1c0cde8b2	515	PRINTS	PR00723	Subtilisin serine protease family (S8) signature	246	259	1.2E-5	T	21-06-2023	IPR015500	Peptidase S8, subtilisin-related
>NZ_CP084476.1_75	7490e6ad9ea6bfc2d23766e1c0cde8b2	515	PRINTS	PR00723	Subtilisin serine protease family (S8) signature	418	434	1.2E-5	T	21-06-2023	IPR015500	Peptidase S8, subtilisin-related
>NZ_CP084476.1_75	7490e6ad9ea6bfc2d23766e1c0cde8b2	515	ProSiteProfiles	PS51892	Serine proteases, subtilase domain profile.	176	476	29.294943	T	21-06-2023	-	-
>NZ_CP084476.1_75	7490e6ad9ea6bfc2d23766e1c0cde8b2	515	ProSiteProfiles	PS51318	Twin arginine translocation (Tat) signal profile.	1	35	7.899877	T	21-06-2023	IPR006311	Twin-arginine translocation pathway, signal sequence
>NZ_CP084476.1_75	7490e6ad9ea6bfc2d23766e1c0cde8b2	515	MobiDBLite	mobidb-lite	consensus disorder prediction	463	496	-	T	21-06-2023	-	-
>NZ_CP084476.1_75	7490e6ad9ea6bfc2d23766e1c0cde8b2	515	ProSitePatterns	PS00138	Serine proteases, subtilase family, serine active site.	419	429	-	T	21-06-2023	IPR023828	Peptidase S8, subtilisin, Ser-active site
>NZ_CP084476.1_75	7490e6ad9ea6bfc2d23766e1c0cde8b2	515	PANTHER	PTHR43806	PEPTIDASE S8	119	457	6.0E-32	T	21-06-2023	-	-
>NZ_CP084476.1_100	f72e55886aaf4a4bc6f7d1bd1a87d78d	284	MobiDBLite	mobidb-lite	consensus disorder prediction	37	100	-	T	21-06-2023	-	-
>NZ_CP084476.1_100	f72e55886aaf4a4bc6f7d1bd1a87d78d	284	MobiDBLite	mobidb-lite	consensus disorder prediction	38	55	-	T	21-06-2023	-	-
>NZ_CP084476.1_95	ea6e13bd35628e244761cedcbd75e3a8	116	MobiDBLite	mobidb-lite	consensus disorder prediction	95	109	-	T	21-06-2023	-	-
>NZ_CP084476.1_95	ea6e13bd35628e244761cedcbd75e3a8	116	MobiDBLite	mobidb-lite	consensus disorder prediction	81	116	-	T	21-06-2023	-	-
>NZ_CP084476.1_1	420314e16ea3bd904b5b1be3d039b4d5	278	PANTHER	PTHR13696	P-LOOP CONTAINING NUCLEOSIDE TRIPHOSPHATE HYDROLASE	8	271	1.1E-21	T	21-06-2023	-	-
>NZ_CP084476.1_1	420314e16ea3bd904b5b1be3d039b4d5	278	SUPERFAMILY	SSF52540	P-loop containing nucleoside triphosphate hydrolases	10	276	6.54E-21	T	21-06-2023	IPR027417	P-loop containing nucleoside triphosphate hydrolase
>NZ_CP084476.1_1	420314e16ea3bd904b5b1be3d039b4d5	278	Pfam	PF13614	AAA domain	9	185	1.8E-15	T	21-06-2023	IPR025669	AAA domain
>NZ_CP084476.1_1	420314e16ea3bd904b5b1be3d039b4d5	278	Gene3D	G3DSA:3.40.50.300	-	6	278	1.0E-34	T	21-06-2023	IPR027417	P-loop containing nucleoside triphosphate hydrolase
>NZ_CP084476.1_106	49ef8ae463d75d2d0df659e8719dda61	165	MobiDBLite	mobidb-lite	consensus disorder prediction	1	31	-	T	21-06-2023	-	-
>NZ_CP084476.1_106	49ef8ae463d75d2d0df659e8719dda61	165	MobiDBLite	mobidb-lite	consensus disorder prediction	135	152	-	T	21-06-2023	-	-
>NZ_CP084476.1_106	49ef8ae463d75d2d0df659e8719dda61	165	MobiDBLite	mobidb-lite	consensus disorder prediction	124	165	-	T	21-06-2023	-	-
>NZ_CP084476.1_117	9168573d258faf1a89ca139d10751f72	182	MobiDBLite	mobidb-lite	consensus disorder prediction	1	22	-	T	21-06-2023	-	-
>NZ_CP084476.1_117	9168573d258faf1a89ca139d10751f72	182	MobiDBLite	mobidb-lite	consensus disorder prediction	1	16	-	T	21-06-2023	-	-
>NZ_CP084476.1_4	71f407e91dbecfe5cad53a771e1c8a35	47	MobiDBLite	mobidb-lite	consensus disorder prediction	29	47	-	T	21-06-2023	-	-
>NZ_CP084476.1_4	71f407e91dbecfe5cad53a771e1c8a35	47	MobiDBLite	mobidb-lite	consensus disorder prediction	1	18	-	T	21-06-2023	-	-
>NZ_CP084476.1_4	71f407e91dbecfe5cad53a771e1c8a35	47	MobiDBLite	mobidb-lite	consensus disorder prediction	1	47	-	T	21-06-2023	-	-
>NZ_CP084476.1_41	ba6e86f606ce5910401625672234eb18	170	MobiDBLite	mobidb-lite	consensus disorder prediction	136	170	-	T	21-06-2023	-	-
>NZ_CP084476.1_51	5152b038cf79e3a865bff378577674b3	313	Gene3D	G3DSA:2.20.28.10	-	109	155	3.5E-10	T	21-06-2023	-	-
>NZ_CP084476.1_51	5152b038cf79e3a865bff378577674b3	313	MobiDBLite	mobidb-lite	consensus disorder prediction	298	313	-	T	21-06-2023	-	-
>NZ_CP084476.1_51	5152b038cf79e3a865bff378577674b3	313	SUPERFAMILY	SSF50249	Nucleic acid-binding proteins	20	206	2.74E-26	T	21-06-2023	IPR012340	Nucleic acid-binding, OB-fold
>NZ_CP084476.1_51	5152b038cf79e3a865bff378577674b3	313	Gene3D	G3DSA:2.40.50.140	-	79	226	3.9E-11	T	21-06-2023	IPR012340	Nucleic acid-binding, OB-fold
>NZ_CP084476.1_51	5152b038cf79e3a865bff378577674b3	313	FunFam	G3DSA:2.20.28.10:FF:000003	DNA helicase	108	157	1.3E-8	T	21-06-2023	-	-
>NZ_CP084476.1_51	5152b038cf79e3a865bff378577674b3	313	Pfam	PF17207	MCM OB domain	84	204	2.2E-19	T	21-06-2023	IPR033762	MCM OB domain
>NZ_CP084476.1_51	5152b038cf79e3a865bff378577674b3	313	PANTHER	PTHR11630	DNA REPLICATION LICENSING FACTOR MCM FAMILY MEMBER	30	227	2.1E-20	T	21-06-2023	IPR031327	Mini-chromosome maintenance protein
>NZ_CP084476.1_51	5152b038cf79e3a865bff378577674b3	313	MobiDBLite	mobidb-lite	consensus disorder prediction	287	313	-	T	21-06-2023	-	-
>NZ_CP084476.1_103	b3649e4aec7e265ae3ac753c8e5fca1d	90	MobiDBLite	mobidb-lite	consensus disorder prediction	70	90	-	T	21-06-2023	-	-
>NZ_CP084476.1_83	2624ad2157dd327929071a93fd00b977	180	Pfam	PF18780	Homing endonuclease associated repeat	3	54	3.5E-20	T	21-06-2023	IPR041025	Homing endonuclease associated repeat
>NZ_CP084476.1_83	2624ad2157dd327929071a93fd00b977	180	Pfam	PF18780	Homing endonuclease associated repeat	62	113	3.2E-16	T	21-06-2023	IPR041025	Homing endonuclease associated repeat
>NZ_CP084476.1_83	2624ad2157dd327929071a93fd00b977	180	Pfam	PF18780	Homing endonuclease associated repeat	124	176	6.3E-19	T	21-06-2023	IPR041025	Homing endonuclease associated repeat
>NZ_CP084476.1_83	2624ad2157dd327929071a93fd00b977	180	MobiDBLite	mobidb-lite	consensus disorder prediction	18	39	-	T	21-06-2023	-	-
