>NZ_CP101158.1_71	22136bc51f6afc9f3c3e3a7e14d526a0	319	Coils	Coil	Coil	277	304	-	T	21-06-2023	-	-
>NZ_CP101158.1_75	813023aab6728845cf162a281af7dd0e	534	ProSiteProfiles	PS51892	Serine proteases, subtilase domain profile.	189	491	30.478157	T	21-06-2023	-	-
>NZ_CP101158.1_75	813023aab6728845cf162a281af7dd0e	534	ProSitePatterns	PS00138	Serine proteases, subtilase family, serine active site.	434	444	-	T	21-06-2023	IPR023828	Peptidase S8, subtilisin, Ser-active site
>NZ_CP101158.1_75	813023aab6728845cf162a281af7dd0e	534	Pfam	PF00082	Subtilase family	210	469	4.8E-40	T	21-06-2023	IPR000209	Peptidase S8/S53 domain
>NZ_CP101158.1_75	813023aab6728845cf162a281af7dd0e	534	ProSitePatterns	PS00137	Serine proteases, subtilase family, histidine active site.	259	269	-	T	21-06-2023	IPR022398	Peptidase S8, subtilisin, His-active site
>NZ_CP101158.1_75	813023aab6728845cf162a281af7dd0e	534	SUPERFAMILY	SSF52743	Subtilisin-like	208	495	6.81E-52	T	21-06-2023	IPR036852	Peptidase S8/S53 domain superfamily
>NZ_CP101158.1_75	813023aab6728845cf162a281af7dd0e	534	PANTHER	PTHR43806	PEPTIDASE S8	154	474	1.7E-40	T	21-06-2023	-	-
>NZ_CP101158.1_75	813023aab6728845cf162a281af7dd0e	534	PRINTS	PR00723	Subtilisin serine protease family (S8) signature	209	228	2.4E-12	T	21-06-2023	IPR015500	Peptidase S8, subtilisin-related
>NZ_CP101158.1_75	813023aab6728845cf162a281af7dd0e	534	PRINTS	PR00723	Subtilisin serine protease family (S8) signature	255	268	2.4E-12	T	21-06-2023	IPR015500	Peptidase S8, subtilisin-related
>NZ_CP101158.1_75	813023aab6728845cf162a281af7dd0e	534	PRINTS	PR00723	Subtilisin serine protease family (S8) signature	433	449	2.4E-12	T	21-06-2023	IPR015500	Peptidase S8, subtilisin-related
>NZ_CP101158.1_75	813023aab6728845cf162a281af7dd0e	534	Gene3D	G3DSA:3.40.50.200	Peptidase S8/S53 domain	178	493	8.8E-55	T	21-06-2023	IPR036852	Peptidase S8/S53 domain superfamily
>NZ_CP101158.1_75	813023aab6728845cf162a281af7dd0e	534	ProSiteProfiles	PS51318	Twin arginine translocation (Tat) signal profile.	1	34	9.689444	T	21-06-2023	IPR006311	Twin-arginine translocation pathway, signal sequence
>NZ_CP101158.1_63	2efce8441997882147bda5331b7a0f9c	67	Coils	Coil	Coil	21	55	-	T	21-06-2023	-	-
>NZ_CP101158.1_63	2efce8441997882147bda5331b7a0f9c	67	Gene3D	G3DSA:1.10.287.1040	Exonuclease VII, small subunit	9	67	7.7E-9	T	21-06-2023	IPR037004	Exonuclease VII, small subunit superfamily
>NZ_CP101158.1_63	2efce8441997882147bda5331b7a0f9c	67	NCBIfam	TIGR01280	exodeoxyribonuclease VII small subunit	16	64	1.9E-11	T	21-06-2023	IPR003761	Exonuclease VII, small subunit
>NZ_CP101158.1_63	2efce8441997882147bda5331b7a0f9c	67	Pfam	PF02609	Exonuclease VII small subunit	16	64	3.0E-9	T	21-06-2023	IPR003761	Exonuclease VII, small subunit
>NZ_CP101158.1_63	2efce8441997882147bda5331b7a0f9c	67	SUPERFAMILY	SSF116842	XseB-like	8	63	1.19E-9	T	21-06-2023	IPR037004	Exonuclease VII, small subunit superfamily
>NZ_CP101158.1_69	cc3f817a84ad28e87ccf156bcb89d0ca	153	NCBIfam	TIGR02537	archaeal flagellin N-terminal-like domain	13	36	9.6E-7	T	21-06-2023	IPR013373	Flagellin/pilin, N-terminal site, archaea
>NZ_CP101158.1_69	cc3f817a84ad28e87ccf156bcb89d0ca	153	PANTHER	PTHR38138	VNG6441H	3	119	4.8E-9	T	21-06-2023	-	-
>NZ_CP101158.1_69	cc3f817a84ad28e87ccf156bcb89d0ca	153	Pfam	PF07790	Archaeal Type IV pilin, N-terminal	14	74	1.7E-16	T	21-06-2023	IPR012859	Archaeal Type IV pilin, N-terminal
>NZ_CP101158.1_44	51764e7768453461162d0fab9033f7f9	585	Pfam	PF00145	C-5 cytosine-specific DNA methylase	502	552	4.2E-10	T	21-06-2023	IPR001525	C-5 cytosine methyltransferase
>NZ_CP101158.1_44	51764e7768453461162d0fab9033f7f9	585	Pfam	PF00145	C-5 cytosine-specific DNA methylase	6	203	1.1E-26	T	21-06-2023	IPR001525	C-5 cytosine methyltransferase
>NZ_CP101158.1_44	51764e7768453461162d0fab9033f7f9	585	Gene3D	G3DSA:3.40.50.150	Vaccinia Virus protein VP39	1	224	1.4E-49	T	21-06-2023	IPR029063	S-adenosyl-L-methionine-dependent methyltransferase superfamily
>NZ_CP101158.1_44	51764e7768453461162d0fab9033f7f9	585	ProSiteProfiles	PS51679	C-5 cytosine-specific DNA methylase (Dnmt) domain profile.	5	559	34.012947	T	21-06-2023	IPR001525	C-5 cytosine methyltransferase
>NZ_CP101158.1_44	51764e7768453461162d0fab9033f7f9	585	Gene3D	G3DSA:3.90.120.10	DNA Methylase, subunit A, domain 2	462	545	9.6E-11	T	21-06-2023	-	-
>NZ_CP101158.1_44	51764e7768453461162d0fab9033f7f9	585	PANTHER	PTHR10629	CYTOSINE-SPECIFIC METHYLTRANSFERASE	503	555	5.5E-46	T	21-06-2023	-	-
>NZ_CP101158.1_44	51764e7768453461162d0fab9033f7f9	585	SUPERFAMILY	SSF53335	S-adenosyl-L-methionine-dependent methyltransferases	5	553	4.59E-64	T	21-06-2023	IPR029063	S-adenosyl-L-methionine-dependent methyltransferase superfamily
>NZ_CP101158.1_44	51764e7768453461162d0fab9033f7f9	585	PRINTS	PR00105	Cytosine-specific DNA methyltransferase signature	6	22	2.7E-10	T	21-06-2023	IPR001525	C-5 cytosine methyltransferase
>NZ_CP101158.1_44	51764e7768453461162d0fab9033f7f9	585	PRINTS	PR00105	Cytosine-specific DNA methyltransferase signature	119	133	2.7E-10	T	21-06-2023	IPR001525	C-5 cytosine methyltransferase
>NZ_CP101158.1_44	51764e7768453461162d0fab9033f7f9	585	PRINTS	PR00105	Cytosine-specific DNA methyltransferase signature	175	188	2.7E-10	T	21-06-2023	IPR001525	C-5 cytosine methyltransferase
>NZ_CP101158.1_135	f055231b372c40f1f98c697ae039d199	177	MobiDBLite	mobidb-lite	consensus disorder prediction	1	17	-	T	21-06-2023	-	-
>NZ_CP101158.1_135	f055231b372c40f1f98c697ae039d199	177	Coils	Coil	Coil	126	153	-	T	21-06-2023	-	-
>NZ_CP101158.1_135	f055231b372c40f1f98c697ae039d199	177	MobiDBLite	mobidb-lite	consensus disorder prediction	1	32	-	T	21-06-2023	-	-
>NZ_CP101158.1_137	f8119a6ef2447c32ad3044012c0a6ed5	84	MobiDBLite	mobidb-lite	consensus disorder prediction	1	21	-	T	21-06-2023	-	-
>NZ_CP101158.1_137	f8119a6ef2447c32ad3044012c0a6ed5	84	MobiDBLite	mobidb-lite	consensus disorder prediction	1	32	-	T	21-06-2023	-	-
>NZ_CP101158.1_137	f8119a6ef2447c32ad3044012c0a6ed5	84	MobiDBLite	mobidb-lite	consensus disorder prediction	62	76	-	T	21-06-2023	-	-
>NZ_CP101158.1_137	f8119a6ef2447c32ad3044012c0a6ed5	84	MobiDBLite	mobidb-lite	consensus disorder prediction	62	84	-	T	21-06-2023	-	-
>NZ_CP101158.1_90	31dede8f484a6a9340542d1f6af3fd67	437	MobiDBLite	mobidb-lite	consensus disorder prediction	60	76	-	T	21-06-2023	-	-
>NZ_CP101158.1_90	31dede8f484a6a9340542d1f6af3fd67	437	MobiDBLite	mobidb-lite	consensus disorder prediction	38	106	-	T	21-06-2023	-	-
>NZ_CP101158.1_90	31dede8f484a6a9340542d1f6af3fd67	437	Coils	Coil	Coil	280	311	-	T	21-06-2023	-	-
>NZ_CP101158.1_90	31dede8f484a6a9340542d1f6af3fd67	437	Coils	Coil	Coil	416	436	-	T	21-06-2023	-	-
>NZ_CP101158.1_90	31dede8f484a6a9340542d1f6af3fd67	437	MobiDBLite	mobidb-lite	consensus disorder prediction	38	59	-	T	21-06-2023	-	-
>NZ_CP101158.1_11	5b33a6b3078f4fda5215c3608d14e801	136	Gene3D	G3DSA:1.10.150.20	-	67	133	5.7E-15	T	21-06-2023	-	-
>NZ_CP101158.1_11	5b33a6b3078f4fda5215c3608d14e801	136	SUPERFAMILY	SSF47781	RuvA domain 2-like	68	129	2.59E-13	T	21-06-2023	IPR010994	RuvA domain 2-like
>NZ_CP101158.1_11	5b33a6b3078f4fda5215c3608d14e801	136	Pfam	PF12826	Helix-hairpin-helix motif	80	125	6.5E-12	T	21-06-2023	IPR041663	DisA/LigA, helix-hairpin-helix motif
>NZ_CP101158.1_115	45bfa97c3432edacf330d6472cb8d18a	117	MobiDBLite	mobidb-lite	consensus disorder prediction	11	25	-	T	21-06-2023	-	-
>NZ_CP101158.1_115	45bfa97c3432edacf330d6472cb8d18a	117	MobiDBLite	mobidb-lite	consensus disorder prediction	1	31	-	T	21-06-2023	-	-
>NZ_CP101158.1_89	3e12f9656c5c3168559b760f04550a4c	347	Coils	Coil	Coil	258	285	-	T	21-06-2023	-	-
>NZ_CP101158.1_89	3e12f9656c5c3168559b760f04550a4c	347	MobiDBLite	mobidb-lite	consensus disorder prediction	33	63	-	T	21-06-2023	-	-
>NZ_CP101158.1_89	3e12f9656c5c3168559b760f04550a4c	347	MobiDBLite	mobidb-lite	consensus disorder prediction	316	347	-	T	21-06-2023	-	-
>NZ_CP101158.1_89	3e12f9656c5c3168559b760f04550a4c	347	MobiDBLite	mobidb-lite	consensus disorder prediction	316	339	-	T	21-06-2023	-	-
>NZ_CP101158.1_89	3e12f9656c5c3168559b760f04550a4c	347	MobiDBLite	mobidb-lite	consensus disorder prediction	47	63	-	T	21-06-2023	-	-
>NZ_CP101158.1_76	aaa93517a809cef6e6f8ab16eeab9308	287	ProSiteProfiles	PS51318	Twin arginine translocation (Tat) signal profile.	1	46	7.807313	T	21-06-2023	IPR006311	Twin-arginine translocation pathway, signal sequence
>NZ_CP101158.1_76	aaa93517a809cef6e6f8ab16eeab9308	287	MobiDBLite	mobidb-lite	consensus disorder prediction	1	23	-	T	21-06-2023	-	-
>NZ_CP101158.1_57	9a5a9c388c712d7fea65a940a7b71a78	202	Coils	Coil	Coil	53	108	-	T	21-06-2023	-	-
>NZ_CP101158.1_57	9a5a9c388c712d7fea65a940a7b71a78	202	MobiDBLite	mobidb-lite	consensus disorder prediction	164	185	-	T	21-06-2023	-	-
>NZ_CP101158.1_57	9a5a9c388c712d7fea65a940a7b71a78	202	MobiDBLite	mobidb-lite	consensus disorder prediction	164	202	-	T	21-06-2023	-	-
>NZ_CP101158.1_99	ab869c8bb5b7213d05f84881ed3537f8	208	Pfam	PF18153	SMODS-associating 2TM, beta-strand rich effector domain	17	197	4.5E-37	T	21-06-2023	IPR041208	SMODS-associating 2TM, beta-strand rich effector domain
>NZ_CP101158.1_88	a35c78517a8a5637d75186f9df75c7b4	198	MobiDBLite	mobidb-lite	consensus disorder prediction	1	29	-	T	21-06-2023	-	-
>NZ_CP101158.1_88	a35c78517a8a5637d75186f9df75c7b4	198	MobiDBLite	mobidb-lite	consensus disorder prediction	173	198	-	T	21-06-2023	-	-
>NZ_CP101158.1_88	a35c78517a8a5637d75186f9df75c7b4	198	MobiDBLite	mobidb-lite	consensus disorder prediction	12	29	-	T	21-06-2023	-	-
>NZ_CP101158.1_88	a35c78517a8a5637d75186f9df75c7b4	198	MobiDBLite	mobidb-lite	consensus disorder prediction	183	198	-	T	21-06-2023	-	-
>NZ_CP101158.1_52	41e1619b1185118b67ebe291352781e4	117	MobiDBLite	mobidb-lite	consensus disorder prediction	1	22	-	T	21-06-2023	-	-
>NZ_CP101158.1_87	05c85334e67ff99fca4b941b17610e26	80	MobiDBLite	mobidb-lite	consensus disorder prediction	50	80	-	T	21-06-2023	-	-
>NZ_CP101158.1_87	05c85334e67ff99fca4b941b17610e26	80	MobiDBLite	mobidb-lite	consensus disorder prediction	57	71	-	T	21-06-2023	-	-
>NZ_CP101158.1_103	635597af94de9a7abac52340dca0242d	247	Gene3D	G3DSA:3.30.2010.10	Metalloproteases ("zincins"), catalytic domain	141	242	8.0E-21	T	21-06-2023	-	-
>NZ_CP101158.1_103	635597af94de9a7abac52340dca0242d	247	PANTHER	PTHR30399	UNCHARACTERIZED PROTEIN YGJP	17	245	7.8E-31	T	21-06-2023	-	-
>NZ_CP101158.1_103	635597af94de9a7abac52340dca0242d	247	CDD	cd07344	M48_yhfN_like	147	241	1.85832E-31	T	21-06-2023	-	-
>NZ_CP101158.1_103	635597af94de9a7abac52340dca0242d	247	Pfam	PF01863	YgjP-like, metallopeptidase domain	28	239	6.4E-47	T	21-06-2023	IPR002725	YgjP-like, metallopeptidase domain
>NZ_CP101158.1_3	7e65879c42d8abc02656c64a6bfac28c	142	Pfam	PF07790	Archaeal Type IV pilin, N-terminal	10	98	8.9E-11	T	21-06-2023	IPR012859	Archaeal Type IV pilin, N-terminal
>NZ_CP101158.1_93	7b87200ebb3451c6e4a52fa8c6b76456	826	SUPERFAMILY	SSF52540	P-loop containing nucleoside triphosphate hydrolases	178	575	1.27E-7	T	21-06-2023	IPR027417	P-loop containing nucleoside triphosphate hydrolase
>NZ_CP101158.1_93	7b87200ebb3451c6e4a52fa8c6b76456	826	Coils	Coil	Coil	27	54	-	T	21-06-2023	-	-
>NZ_CP101158.1_93	7b87200ebb3451c6e4a52fa8c6b76456	826	MobiDBLite	mobidb-lite	consensus disorder prediction	1	27	-	T	21-06-2023	-	-
>NZ_CP101158.1_93	7b87200ebb3451c6e4a52fa8c6b76456	826	Gene3D	G3DSA:3.40.50.300	-	392	586	6.8E-11	T	21-06-2023	IPR027417	P-loop containing nucleoside triphosphate hydrolase
>NZ_CP101158.1_93	7b87200ebb3451c6e4a52fa8c6b76456	826	MobiDBLite	mobidb-lite	consensus disorder prediction	13	27	-	T	21-06-2023	-	-
>NZ_CP101158.1_1	0fbc1eee6f4dc7f60c94636c7d7ec5c2	329	Coils	Coil	Coil	179	199	-	T	21-06-2023	-	-
>NZ_CP101158.1_1	0fbc1eee6f4dc7f60c94636c7d7ec5c2	329	CDD	cd02042	ParAB_family	5	68	8.71723E-14	T	21-06-2023	-	-
>NZ_CP101158.1_1	0fbc1eee6f4dc7f60c94636c7d7ec5c2	329	SUPERFAMILY	SSF52540	P-loop containing nucleoside triphosphate hydrolases	4	240	1.11E-24	T	21-06-2023	IPR027417	P-loop containing nucleoside triphosphate hydrolase
>NZ_CP101158.1_1	0fbc1eee6f4dc7f60c94636c7d7ec5c2	329	PANTHER	PTHR13696	P-LOOP CONTAINING NUCLEOSIDE TRIPHOSPHATE HYDROLASE	3	265	5.8E-31	T	21-06-2023	-	-
>NZ_CP101158.1_1	0fbc1eee6f4dc7f60c94636c7d7ec5c2	329	Pfam	PF13614	AAA domain	5	191	2.7E-19	T	21-06-2023	IPR025669	AAA domain
>NZ_CP101158.1_1	0fbc1eee6f4dc7f60c94636c7d7ec5c2	329	Gene3D	G3DSA:3.40.50.300	-	1	255	7.0E-35	T	21-06-2023	IPR027417	P-loop containing nucleoside triphosphate hydrolase
>NZ_CP101158.1_56	25cd953882979f516873e0f39f452ef8	689	Gene3D	G3DSA:1.10.10.10	-	605	688	5.8E-28	T	21-06-2023	IPR036388	Winged helix-like DNA-binding domain superfamily
>NZ_CP101158.1_56	25cd953882979f516873e0f39f452ef8	689	Gene3D	G3DSA:2.20.28.10	-	126	177	1.3E-21	T	21-06-2023	-	-
>NZ_CP101158.1_56	25cd953882979f516873e0f39f452ef8	689	SMART	SM00350	mcm	95	600	4.3E-41	T	21-06-2023	IPR031327	Mini-chromosome maintenance protein
>NZ_CP101158.1_56	25cd953882979f516873e0f39f452ef8	689	Pfam	PF17207	MCM OB domain	103	223	8.7E-13	T	21-06-2023	IPR033762	MCM OB domain
>NZ_CP101158.1_56	25cd953882979f516873e0f39f452ef8	689	Pfam	PF17855	MCM AAA-lid domain	514	599	1.5E-22	T	21-06-2023	IPR041562	MCM, AAA-lid domain
>NZ_CP101158.1_56	25cd953882979f516873e0f39f452ef8	689	SUPERFAMILY	SSF50249	Nucleic acid-binding proteins	9	224	2.4E-25	T	21-06-2023	IPR012340	Nucleic acid-binding, OB-fold
>NZ_CP101158.1_56	25cd953882979f516873e0f39f452ef8	689	Gene3D	G3DSA:3.40.50.300	-	258	604	5.9E-98	T	21-06-2023	IPR027417	P-loop containing nucleoside triphosphate hydrolase
>NZ_CP101158.1_56	25cd953882979f516873e0f39f452ef8	689	PRINTS	PR01657	Mini-chromosome maintenance (MCM) protein family signature	318	333	3.7E-22	T	21-06-2023	IPR001208	MCM domain
>NZ_CP101158.1_56	25cd953882979f516873e0f39f452ef8	689	PRINTS	PR01657	Mini-chromosome maintenance (MCM) protein family signature	380	394	3.7E-22	T	21-06-2023	IPR001208	MCM domain
>NZ_CP101158.1_56	25cd953882979f516873e0f39f452ef8	689	PRINTS	PR01657	Mini-chromosome maintenance (MCM) protein family signature	408	421	3.7E-22	T	21-06-2023	IPR001208	MCM domain
>NZ_CP101158.1_56	25cd953882979f516873e0f39f452ef8	689	PRINTS	PR01657	Mini-chromosome maintenance (MCM) protein family signature	432	444	3.7E-22	T	21-06-2023	IPR001208	MCM domain
>NZ_CP101158.1_56	25cd953882979f516873e0f39f452ef8	689	PRINTS	PR01657	Mini-chromosome maintenance (MCM) protein family signature	459	467	3.7E-22	T	21-06-2023	IPR001208	MCM domain
>NZ_CP101158.1_56	25cd953882979f516873e0f39f452ef8	689	FunFam	G3DSA:2.20.28.10:FF:000003	DNA helicase	126	177	7.1E-9	T	21-06-2023	-	-
>NZ_CP101158.1_56	25cd953882979f516873e0f39f452ef8	689	ProSiteProfiles	PS50051	MCM family domain profile.	274	485	54.703083	T	21-06-2023	IPR001208	MCM domain
>NZ_CP101158.1_56	25cd953882979f516873e0f39f452ef8	689	Coils	Coil	Coil	621	641	-	T	21-06-2023	-	-
>NZ_CP101158.1_56	25cd953882979f516873e0f39f452ef8	689	SUPERFAMILY	SSF52540	P-loop containing nucleoside triphosphate hydrolases	319	613	1.92E-33	T	21-06-2023	IPR027417	P-loop containing nucleoside triphosphate hydrolase
>NZ_CP101158.1_56	25cd953882979f516873e0f39f452ef8	689	Gene3D	G3DSA:2.40.50.140	-	103	230	1.3E-21	T	21-06-2023	IPR012340	Nucleic acid-binding, OB-fold
>NZ_CP101158.1_56	25cd953882979f516873e0f39f452ef8	689	PANTHER	PTHR11630	DNA REPLICATION LICENSING FACTOR MCM FAMILY MEMBER	8	648	2.5E-127	T	21-06-2023	IPR031327	Mini-chromosome maintenance protein
>NZ_CP101158.1_56	25cd953882979f516873e0f39f452ef8	689	Gene3D	G3DSA:3.30.1640.10	-	1	93	1.4E-20	T	21-06-2023	-	-
>NZ_CP101158.1_56	25cd953882979f516873e0f39f452ef8	689	Pfam	PF00493	MCM P-loop domain	263	487	3.3E-68	T	21-06-2023	IPR001208	MCM domain
>NZ_CP101158.1_8	8d9dc9982aba9291a4ed90a324abfea2	264	Pfam	PF02384	N-6 DNA Methylase	95	203	3.0E-9	T	21-06-2023	IPR003356	DNA methylase, adenine-specific
>NZ_CP101158.1_8	8d9dc9982aba9291a4ed90a324abfea2	264	PRINTS	PR00507	N12 class N6 adenine-specific DNA methyltransferase signature	113	129	3.2E-5	T	21-06-2023	-	-
>NZ_CP101158.1_8	8d9dc9982aba9291a4ed90a324abfea2	264	PRINTS	PR00507	N12 class N6 adenine-specific DNA methyltransferase signature	142	156	3.2E-5	T	21-06-2023	-	-
>NZ_CP101158.1_8	8d9dc9982aba9291a4ed90a324abfea2	264	SUPERFAMILY	SSF53335	S-adenosyl-L-methionine-dependent methyltransferases	92	200	4.05E-19	T	21-06-2023	IPR029063	S-adenosyl-L-methionine-dependent methyltransferase superfamily
>NZ_CP101158.1_8	8d9dc9982aba9291a4ed90a324abfea2	264	Gene3D	G3DSA:3.40.50.150	Vaccinia Virus protein VP39	95	225	8.8E-14	T	21-06-2023	IPR029063	S-adenosyl-L-methionine-dependent methyltransferase superfamily
>NZ_CP101158.1_49	b8f041b0e63385fe88b8b248befc265c	298	CDD	cd00577	PCNA	54	295	6.73403E-36	T	21-06-2023	-	-
>NZ_CP101158.1_49	b8f041b0e63385fe88b8b248befc265c	298	Pfam	PF00705	Proliferating cell nuclear antigen, N-terminal domain	44	133	2.2E-4	T	21-06-2023	IPR022648	Proliferating cell nuclear antigen, PCNA, N-terminal
>NZ_CP101158.1_49	b8f041b0e63385fe88b8b248befc265c	298	Hamap	MF_00317	DNA polymerase sliding clamp [pcn].	35	295	21.151497	T	21-06-2023	IPR000730	Proliferating cell nuclear antigen, PCNA
>NZ_CP101158.1_49	b8f041b0e63385fe88b8b248befc265c	298	SUPERFAMILY	SSF55979	DNA clamp	155	267	2.69E-19	T	21-06-2023	IPR046938	DNA clamp superfamily
>NZ_CP101158.1_49	b8f041b0e63385fe88b8b248befc265c	298	SUPERFAMILY	SSF55979	DNA clamp	43	153	2.69E-15	T	21-06-2023	IPR046938	DNA clamp superfamily
>NZ_CP101158.1_49	b8f041b0e63385fe88b8b248befc265c	298	Gene3D	G3DSA:3.70.10.10	-	39	298	4.6E-60	T	21-06-2023	-	-
>NZ_CP101158.1_49	b8f041b0e63385fe88b8b248befc265c	298	MobiDBLite	mobidb-lite	consensus disorder prediction	1	34	-	T	21-06-2023	-	-
>NZ_CP101158.1_49	b8f041b0e63385fe88b8b248befc265c	298	PANTHER	PTHR11352	PROLIFERATING CELL NUCLEAR ANTIGEN	44	295	1.6E-17	T	21-06-2023	IPR000730	Proliferating cell nuclear antigen, PCNA
>NZ_CP101158.1_96	b25f8e1194209a4cedf8f5034f38acc8	277	MobiDBLite	mobidb-lite	consensus disorder prediction	182	202	-	T	21-06-2023	-	-
>NZ_CP101158.1_96	b25f8e1194209a4cedf8f5034f38acc8	277	CDD	cd00085	HNHc	206	255	9.94021E-14	T	21-06-2023	IPR003615	HNH nuclease
>NZ_CP101158.1_96	b25f8e1194209a4cedf8f5034f38acc8	277	Pfam	PF01844	HNH endonuclease	215	254	1.7E-10	T	21-06-2023	IPR002711	HNH endonuclease
>NZ_CP101158.1_96	b25f8e1194209a4cedf8f5034f38acc8	277	SMART	SM00507	HNH_5	202	253	1.7E-13	T	21-06-2023	IPR003615	HNH nuclease
>NZ_CP101158.1_96	b25f8e1194209a4cedf8f5034f38acc8	277	MobiDBLite	mobidb-lite	consensus disorder prediction	177	202	-	T	21-06-2023	-	-
>NZ_CP101158.1_96	b25f8e1194209a4cedf8f5034f38acc8	277	MobiDBLite	mobidb-lite	consensus disorder prediction	255	277	-	T	21-06-2023	-	-
>NZ_CP101158.1_96	b25f8e1194209a4cedf8f5034f38acc8	277	MobiDBLite	mobidb-lite	consensus disorder prediction	228	277	-	T	21-06-2023	-	-
>NZ_CP101158.1_96	b25f8e1194209a4cedf8f5034f38acc8	277	Gene3D	G3DSA:1.10.30.50	-	182	276	1.4E-12	T	21-06-2023	-	-
>NZ_CP101158.1_67	bfe2cdc2898a36c625d8fd3e22911cda	44	MobiDBLite	mobidb-lite	consensus disorder prediction	1	24	-	T	21-06-2023	-	-
>NZ_CP101158.1_102	04279dc03526e5e886ae83a2e8ecfe69	396	Gene3D	G3DSA:1.10.443.10	Intergrase catalytic core	197	389	4.1E-14	T	21-06-2023	IPR013762	Integrase-like, catalytic domain superfamily
>NZ_CP101158.1_102	04279dc03526e5e886ae83a2e8ecfe69	396	ProSiteProfiles	PS51898	Tyrosine recombinase domain profile.	198	387	12.189216	T	21-06-2023	IPR002104	Integrase, catalytic domain
>NZ_CP101158.1_102	04279dc03526e5e886ae83a2e8ecfe69	396	SUPERFAMILY	SSF56349	DNA breaking-rejoining enzymes	94	368	4.12E-16	T	21-06-2023	IPR011010	DNA breaking-rejoining enzyme, catalytic core
>NZ_CP101158.1_73	995ce8f0e11f6b9ac6ea0a38a3c9e9f5	232	MobiDBLite	mobidb-lite	consensus disorder prediction	1	58	-	T	21-06-2023	-	-
>NZ_CP101158.1_73	995ce8f0e11f6b9ac6ea0a38a3c9e9f5	232	MobiDBLite	mobidb-lite	consensus disorder prediction	1	32	-	T	21-06-2023	-	-
>NZ_CP101158.1_68	476a3dd0c583dc2f8681bcf55b153746	342	CDD	cd00009	AAA	20	166	2.94054E-7	T	21-06-2023	-	-
>NZ_CP101158.1_68	476a3dd0c583dc2f8681bcf55b153746	342	SMART	SM01074	Cdc6_C_2	271	341	9.2E-4	T	21-06-2023	IPR015163	Cdc6, C-terminal
>NZ_CP101158.1_68	476a3dd0c583dc2f8681bcf55b153746	342	Gene3D	G3DSA:3.40.50.300	-	17	179	4.9E-51	T	21-06-2023	IPR027417	P-loop containing nucleoside triphosphate hydrolase
>NZ_CP101158.1_68	476a3dd0c583dc2f8681bcf55b153746	342	SUPERFAMILY	SSF52540	P-loop containing nucleoside triphosphate hydrolases	3	250	1.96E-35	T	21-06-2023	IPR027417	P-loop containing nucleoside triphosphate hydrolase
>NZ_CP101158.1_68	476a3dd0c583dc2f8681bcf55b153746	342	PANTHER	PTHR10763	CELL DIVISION CONTROL PROTEIN 6-RELATED	5	329	1.0E-28	T	21-06-2023	-	-
>NZ_CP101158.1_68	476a3dd0c583dc2f8681bcf55b153746	342	SUPERFAMILY	SSF46785	"Winged helix" DNA-binding domain	260	330	3.27E-6	T	21-06-2023	IPR036390	Winged helix DNA-binding domain superfamily
>NZ_CP101158.1_68	476a3dd0c583dc2f8681bcf55b153746	342	Gene3D	G3DSA:1.10.8.60	-	6	247	4.9E-51	T	21-06-2023	-	-
>NZ_CP101158.1_68	476a3dd0c583dc2f8681bcf55b153746	342	SMART	SM00382	AAA_5	39	171	3.2E-6	T	21-06-2023	IPR003593	AAA+ ATPase domain
>NZ_CP101158.1_68	476a3dd0c583dc2f8681bcf55b153746	342	CDD	cd18139	HLD_clamp_RarA	180	250	2.29466E-7	T	21-06-2023	-	-
>NZ_CP101158.1_68	476a3dd0c583dc2f8681bcf55b153746	342	Pfam	PF13401	AAA domain	44	141	8.9E-8	T	21-06-2023	IPR003593	AAA+ ATPase domain
>NZ_CP101158.1_64	41ad266937d137f4715f7c96c0453061	411	Pfam	PF13742	OB-fold nucleic acid binding domain	32	123	7.6E-15	T	21-06-2023	IPR025824	OB-fold nucleic acid binding domain
>NZ_CP101158.1_64	41ad266937d137f4715f7c96c0453061	411	NCBIfam	TIGR00237	exodeoxyribonuclease VII large subunit	32	371	9.3E-86	T	21-06-2023	IPR003753	Exonuclease VII, large subunit
>NZ_CP101158.1_64	41ad266937d137f4715f7c96c0453061	411	Coils	Coil	Coil	288	308	-	T	21-06-2023	-	-
>NZ_CP101158.1_64	41ad266937d137f4715f7c96c0453061	411	Hamap	MF_00378	Exodeoxyribonuclease 7 large subunit [xseA].	27	397	18.462826	T	21-06-2023	IPR003753	Exonuclease VII, large subunit
>NZ_CP101158.1_64	41ad266937d137f4715f7c96c0453061	411	Coils	Coil	Coil	32	52	-	T	21-06-2023	-	-
>NZ_CP101158.1_64	41ad266937d137f4715f7c96c0453061	411	Pfam	PF02601	Exonuclease VII, large subunit	148	384	2.7E-55	T	21-06-2023	IPR020579	Exonuclease VII, large subunit, C-terminal
>NZ_CP101158.1_64	41ad266937d137f4715f7c96c0453061	411	CDD	cd04489	ExoVII_LU_OBF	53	128	4.63989E-21	T	21-06-2023	IPR025824	OB-fold nucleic acid binding domain
>NZ_CP101158.1_64	41ad266937d137f4715f7c96c0453061	411	PANTHER	PTHR30008	EXODEOXYRIBONUCLEASE 7 LARGE SUBUNIT	27	388	5.5E-80	T	21-06-2023	IPR003753	Exonuclease VII, large subunit
>NZ_CP101158.1_64	41ad266937d137f4715f7c96c0453061	411	MobiDBLite	mobidb-lite	consensus disorder prediction	1	20	-	T	21-06-2023	-	-
>NZ_CP101158.1_139	2fdd0064d57be1fedad7a65d8031fbf6	234	Pfam	PF01177	Asp/Glu/Hydantoin racemase	10	226	5.1E-38	T	21-06-2023	IPR015942	Asp/Glu/hydantoin racemase
>NZ_CP101158.1_139	2fdd0064d57be1fedad7a65d8031fbf6	234	NCBIfam	TIGR00035	amino acid racemase	5	233	2.4E-65	T	21-06-2023	IPR004380	Aspartate racemase
>NZ_CP101158.1_139	2fdd0064d57be1fedad7a65d8031fbf6	234	PANTHER	PTHR21198	GLUTAMATE RACEMASE	5	229	3.4E-36	T	21-06-2023	-	-
>NZ_CP101158.1_139	2fdd0064d57be1fedad7a65d8031fbf6	234	Gene3D	G3DSA:3.40.50.1860	-	107	218	2.7E-78	T	21-06-2023	IPR001920	Asp/Glu racemase
>NZ_CP101158.1_139	2fdd0064d57be1fedad7a65d8031fbf6	234	Gene3D	G3DSA:3.40.50.1860	-	6	224	2.7E-78	T	21-06-2023	IPR001920	Asp/Glu racemase
>NZ_CP101158.1_139	2fdd0064d57be1fedad7a65d8031fbf6	234	SUPERFAMILY	SSF53681	Aspartate/glutamate racemase	121	231	4.91E-28	T	21-06-2023	IPR001920	Asp/Glu racemase
>NZ_CP101158.1_139	2fdd0064d57be1fedad7a65d8031fbf6	234	SUPERFAMILY	SSF53681	Aspartate/glutamate racemase	5	116	6.54E-31	T	21-06-2023	IPR001920	Asp/Glu racemase
>NZ_CP101158.1_19	8129c87d8ae986252441bafd135b7795	395	Pfam	PF13191	AAA ATPase domain	27	158	3.5E-12	T	21-06-2023	IPR041664	Orc1-like, AAA ATPase domain
>NZ_CP101158.1_19	8129c87d8ae986252441bafd135b7795	395	Gene3D	G3DSA:1.10.10.10	-	297	391	1.9E-21	T	21-06-2023	IPR036388	Winged helix-like DNA-binding domain superfamily
>NZ_CP101158.1_19	8129c87d8ae986252441bafd135b7795	395	PANTHER	PTHR10763	CELL DIVISION CONTROL PROTEIN 6-RELATED	11	368	4.5E-52	T	21-06-2023	-	-
>NZ_CP101158.1_19	8129c87d8ae986252441bafd135b7795	395	FunFam	G3DSA:1.10.8.60:FF:000073	ORC1-type DNA replication protein	195	287	2.7E-26	T	21-06-2023	-	-
>NZ_CP101158.1_19	8129c87d8ae986252441bafd135b7795	395	SUPERFAMILY	SSF52540	P-loop containing nucleoside triphosphate hydrolases	13	283	3.73E-39	T	21-06-2023	IPR027417	P-loop containing nucleoside triphosphate hydrolase
>NZ_CP101158.1_19	8129c87d8ae986252441bafd135b7795	395	Gene3D	G3DSA:3.40.50.300	-	28	208	2.2E-91	T	21-06-2023	IPR027417	P-loop containing nucleoside triphosphate hydrolase
>NZ_CP101158.1_19	8129c87d8ae986252441bafd135b7795	395	Hamap	MF_01407	ORC1-type DNA replication protein.	5	387	29.297487	T	21-06-2023	IPR014277	Orc1/Cdc6-type DNA replication protein, archaea
>NZ_CP101158.1_19	8129c87d8ae986252441bafd135b7795	395	SMART	SM01074	Cdc6_C_2	304	387	7.8E-17	T	21-06-2023	IPR015163	Cdc6, C-terminal
>NZ_CP101158.1_19	8129c87d8ae986252441bafd135b7795	395	Pfam	PF09079	CDC6, C terminal winged helix domain	304	383	3.5E-19	T	21-06-2023	IPR015163	Cdc6, C-terminal
>NZ_CP101158.1_19	8129c87d8ae986252441bafd135b7795	395	Gene3D	G3DSA:1.10.8.60	-	12	287	2.2E-91	T	21-06-2023	-	-
>NZ_CP101158.1_19	8129c87d8ae986252441bafd135b7795	395	SMART	SM00382	AAA_5	50	201	1.1E-6	T	21-06-2023	IPR003593	AAA+ ATPase domain
>NZ_CP101158.1_19	8129c87d8ae986252441bafd135b7795	395	SUPERFAMILY	SSF46785	"Winged helix" DNA-binding domain	289	387	1.09E-18	T	21-06-2023	IPR036390	Winged helix DNA-binding domain superfamily
>NZ_CP101158.1_19	8129c87d8ae986252441bafd135b7795	395	NCBIfam	TIGR02928	orc1/cdc6 family replication initiation protein	12	376	4.1E-129	T	21-06-2023	IPR014277	Orc1/Cdc6-type DNA replication protein, archaea
>NZ_CP101158.1_19	8129c87d8ae986252441bafd135b7795	395	CDD	cd00009	AAA	29	158	1.13724E-7	T	21-06-2023	-	-
>NZ_CP101158.1_19	8129c87d8ae986252441bafd135b7795	395	CDD	cd08768	Cdc6_C	297	377	5.92957E-19	T	21-06-2023	IPR015163	Cdc6, C-terminal
>NZ_CP101158.1_117	c2484b6a04c8dbaa4e1c0faff875ba29	255	CDD	cd22231	RHH_NikR_HicB-like	7	48	6.54725E-8	T	21-06-2023	-	-
>NZ_CP101158.1_117	c2484b6a04c8dbaa4e1c0faff875ba29	255	MobiDBLite	mobidb-lite	consensus disorder prediction	53	82	-	T	21-06-2023	-	-
>NZ_CP101158.1_117	c2484b6a04c8dbaa4e1c0faff875ba29	255	Gene3D	G3DSA:1.10.1220.10	-	6	50	7.3E-7	T	21-06-2023	IPR013321	Arc-type ribbon-helix-helix
>NZ_CP101158.1_117	c2484b6a04c8dbaa4e1c0faff875ba29	255	SUPERFAMILY	SSF47598	Ribbon-helix-helix	5	48	3.78E-7	T	21-06-2023	IPR010985	Ribbon-helix-helix
>NZ_CP101158.1_117	c2484b6a04c8dbaa4e1c0faff875ba29	255	MobiDBLite	mobidb-lite	consensus disorder prediction	60	78	-	T	21-06-2023	-	-
>NZ_CP101158.1_105	8a3a1c4667353e88f4c81c903834ad4b	450	Coils	Coil	Coil	412	439	-	T	21-06-2023	-	-
>NZ_CP101158.1_105	8a3a1c4667353e88f4c81c903834ad4b	450	PANTHER	PTHR30408	TYPE-1 RESTRICTION ENZYME ECOKI SPECIFICITY PROTEIN	25	448	6.7E-68	T	21-06-2023	-	-
>NZ_CP101158.1_105	8a3a1c4667353e88f4c81c903834ad4b	450	SUPERFAMILY	SSF116734	DNA methylase specificity domain	242	448	1.49E-44	T	21-06-2023	-	-
>NZ_CP101158.1_105	8a3a1c4667353e88f4c81c903834ad4b	450	CDD	cd17521	RMtype1_S_Sau13435ORF2165P_TRD2-CR2_like	254	440	1.41247E-84	T	21-06-2023	-	-
>NZ_CP101158.1_105	8a3a1c4667353e88f4c81c903834ad4b	450	Pfam	PF01420	Type I restriction modification DNA specificity domain	251	429	5.1E-15	T	21-06-2023	IPR000055	Type I restriction modification DNA specificity domain
>NZ_CP101158.1_105	8a3a1c4667353e88f4c81c903834ad4b	450	Pfam	PF01420	Type I restriction modification DNA specificity domain	27	197	9.9E-17	T	21-06-2023	IPR000055	Type I restriction modification DNA specificity domain
>NZ_CP101158.1_105	8a3a1c4667353e88f4c81c903834ad4b	450	Gene3D	G3DSA:3.90.220.20	DNA methylase specificity domains	232	445	4.2E-46	T	21-06-2023	IPR044946	Type I restriction modification DNA specificity domain superfamily
>NZ_CP101158.1_105	8a3a1c4667353e88f4c81c903834ad4b	450	Gene3D	G3DSA:3.90.220.20	DNA methylase specificity domains	19	217	1.9E-28	T	21-06-2023	IPR044946	Type I restriction modification DNA specificity domain superfamily
>NZ_CP101158.1_105	8a3a1c4667353e88f4c81c903834ad4b	450	SUPERFAMILY	SSF116734	DNA methylase specificity domain	26	217	4.74E-31	T	21-06-2023	-	-
>NZ_CP101158.1_123	a973e0fa6174b9c8eef9718b776a28b2	93	MobiDBLite	mobidb-lite	consensus disorder prediction	69	93	-	T	21-06-2023	-	-
>NZ_CP101158.1_48	5dcb65e2561498eb566d549d13bfcbfd	76	MobiDBLite	mobidb-lite	consensus disorder prediction	1	20	-	T	21-06-2023	-	-
>NZ_CP101158.1_41	57d0720b4f998068c8c247dd647dfe73	129	MobiDBLite	mobidb-lite	consensus disorder prediction	21	40	-	T	21-06-2023	-	-
>NZ_CP101158.1_41	57d0720b4f998068c8c247dd647dfe73	129	MobiDBLite	mobidb-lite	consensus disorder prediction	23	40	-	T	21-06-2023	-	-
>NZ_CP101158.1_24	933f56c1b13c76c4625fe1c05bc5e16a	455	MobiDBLite	mobidb-lite	consensus disorder prediction	92	115	-	T	21-06-2023	-	-
>NZ_CP101158.1_24	933f56c1b13c76c4625fe1c05bc5e16a	455	SUPERFAMILY	SSF53335	S-adenosyl-L-methionine-dependent methyltransferases	6	268	6.18E-36	T	21-06-2023	IPR029063	S-adenosyl-L-methionine-dependent methyltransferase superfamily
>NZ_CP101158.1_24	933f56c1b13c76c4625fe1c05bc5e16a	455	PRINTS	PR00508	S21 class N4 adenine-specific DNA methyltransferase signature	27	41	6.4E-33	T	21-06-2023	IPR001091	Restriction/modification DNA-methyltransferase
>NZ_CP101158.1_24	933f56c1b13c76c4625fe1c05bc5e16a	455	PRINTS	PR00508	S21 class N4 adenine-specific DNA methyltransferase signature	65	85	6.4E-33	T	21-06-2023	IPR001091	Restriction/modification DNA-methyltransferase
>NZ_CP101158.1_24	933f56c1b13c76c4625fe1c05bc5e16a	455	PRINTS	PR00508	S21 class N4 adenine-specific DNA methyltransferase signature	249	266	6.4E-33	T	21-06-2023	IPR001091	Restriction/modification DNA-methyltransferase
>NZ_CP101158.1_24	933f56c1b13c76c4625fe1c05bc5e16a	455	PRINTS	PR00508	S21 class N4 adenine-specific DNA methyltransferase signature	385	403	6.4E-33	T	21-06-2023	IPR001091	Restriction/modification DNA-methyltransferase
>NZ_CP101158.1_24	933f56c1b13c76c4625fe1c05bc5e16a	455	PRINTS	PR00508	S21 class N4 adenine-specific DNA methyltransferase signature	408	428	6.4E-33	T	21-06-2023	IPR001091	Restriction/modification DNA-methyltransferase
>NZ_CP101158.1_24	933f56c1b13c76c4625fe1c05bc5e16a	455	SUPERFAMILY	SSF53335	S-adenosyl-L-methionine-dependent methyltransferases	385	428	3.65E-16	T	21-06-2023	IPR029063	S-adenosyl-L-methionine-dependent methyltransferase superfamily
>NZ_CP101158.1_24	933f56c1b13c76c4625fe1c05bc5e16a	455	Pfam	PF01555	DNA methylase	387	425	9.7E-13	T	21-06-2023	IPR002941	DNA methylase N-4/N-6
>NZ_CP101158.1_24	933f56c1b13c76c4625fe1c05bc5e16a	455	Pfam	PF01555	DNA methylase	28	268	2.1E-33	T	21-06-2023	IPR002941	DNA methylase N-4/N-6
>NZ_CP101158.1_24	933f56c1b13c76c4625fe1c05bc5e16a	455	ProSitePatterns	PS00093	N-4 cytosine-specific DNA methylases signature.	32	37	-	T	21-06-2023	IPR017985	DNA methylase, N-4 cytosine-specific, conserved site
>NZ_CP101158.1_24	933f56c1b13c76c4625fe1c05bc5e16a	455	CDD	cd02440	AdoMet_MTases	389	426	4.95505E-4	T	21-06-2023	-	-
>NZ_CP101158.1_24	933f56c1b13c76c4625fe1c05bc5e16a	455	Gene3D	G3DSA:3.40.50.150	Vaccinia Virus protein VP39	374	436	2.7E-16	T	21-06-2023	IPR029063	S-adenosyl-L-methionine-dependent methyltransferase superfamily
>NZ_CP101158.1_24	933f56c1b13c76c4625fe1c05bc5e16a	455	Gene3D	G3DSA:3.40.50.150	Vaccinia Virus protein VP39	8	271	5.2E-47	T	21-06-2023	IPR029063	S-adenosyl-L-methionine-dependent methyltransferase superfamily
>NZ_CP101158.1_106	69c79c8e777e68449cb3f161286787ed	520	Pfam	PF02384	N-6 DNA Methylase	163	485	1.8E-101	T	21-06-2023	IPR003356	DNA methylase, adenine-specific
>NZ_CP101158.1_106	69c79c8e777e68449cb3f161286787ed	520	PANTHER	PTHR42933	SLR6095 PROTEIN	18	519	0.0	T	21-06-2023	-	-
>NZ_CP101158.1_106	69c79c8e777e68449cb3f161286787ed	520	SUPERFAMILY	SSF53335	S-adenosyl-L-methionine-dependent methyltransferases	21	519	0.0	T	21-06-2023	IPR029063	S-adenosyl-L-methionine-dependent methyltransferase superfamily
>NZ_CP101158.1_106	69c79c8e777e68449cb3f161286787ed	520	Coils	Coil	Coil	489	516	-	T	21-06-2023	-	-
>NZ_CP101158.1_106	69c79c8e777e68449cb3f161286787ed	520	Gene3D	G3DSA:3.40.50.150	Vaccinia Virus protein VP39	164	469	1.1E-93	T	21-06-2023	IPR029063	S-adenosyl-L-methionine-dependent methyltransferase superfamily
>NZ_CP101158.1_106	69c79c8e777e68449cb3f161286787ed	520	Pfam	PF12161	HsdM N-terminal domain	22	151	2.2E-29	T	21-06-2023	IPR022749	N6 adenine-specific DNA methyltransferase, N-terminal domain
>NZ_CP101158.1_106	69c79c8e777e68449cb3f161286787ed	520	Coils	Coil	Coil	49	69	-	T	21-06-2023	-	-
>NZ_CP101158.1_106	69c79c8e777e68449cb3f161286787ed	520	Gene3D	G3DSA:1.20.1260.30	-	12	154	1.8E-36	T	21-06-2023	IPR038333	Type I restriction enzyme EcoKI-like, methylase subunit, N-terminal domain superfamily
>NZ_CP101158.1_106	69c79c8e777e68449cb3f161286787ed	520	PRINTS	PR00507	N12 class N6 adenine-specific DNA methyltransferase signature	187	203	2.2E-14	T	21-06-2023	-	-
>NZ_CP101158.1_106	69c79c8e777e68449cb3f161286787ed	520	PRINTS	PR00507	N12 class N6 adenine-specific DNA methyltransferase signature	211	225	2.2E-14	T	21-06-2023	-	-
>NZ_CP101158.1_106	69c79c8e777e68449cb3f161286787ed	520	PRINTS	PR00507	N12 class N6 adenine-specific DNA methyltransferase signature	289	301	2.2E-14	T	21-06-2023	-	-
>NZ_CP101158.1_106	69c79c8e777e68449cb3f161286787ed	520	PRINTS	PR00507	N12 class N6 adenine-specific DNA methyltransferase signature	326	350	2.2E-14	T	21-06-2023	-	-
>NZ_CP101158.1_28	5f4dfcefa00645a435e752fc289c968e	353	Gene3D	G3DSA:2.60.40.1240	-	219	341	6.3E-21	T	21-06-2023	IPR029050	Immunoprotective extracellular, immunoglobulin-like domain superfamily
>NZ_CP101158.1_28	5f4dfcefa00645a435e752fc289c968e	353	MobiDBLite	mobidb-lite	consensus disorder prediction	24	55	-	T	21-06-2023	-	-
>NZ_CP101158.1_28	5f4dfcefa00645a435e752fc289c968e	353	Gene3D	G3DSA:2.60.40.1240	-	78	199	7.6E-21	T	21-06-2023	IPR029050	Immunoprotective extracellular, immunoglobulin-like domain superfamily
>NZ_CP101158.1_28	5f4dfcefa00645a435e752fc289c968e	353	Pfam	PF11611	Domain of unknown function (DUF4352)	86	190	8.3E-20	T	21-06-2023	IPR029051	Domain of unknown function DUF4352
>NZ_CP101158.1_28	5f4dfcefa00645a435e752fc289c968e	353	Pfam	PF11611	Domain of unknown function (DUF4352)	223	337	2.5E-16	T	21-06-2023	IPR029051	Domain of unknown function DUF4352
>NZ_CP101158.1_28	5f4dfcefa00645a435e752fc289c968e	353	ProSiteProfiles	PS51257	Prokaryotic membrane lipoprotein lipid attachment site profile.	1	21	7.0	T	21-06-2023	-	-
>NZ_CP101158.1_28	5f4dfcefa00645a435e752fc289c968e	353	MobiDBLite	mobidb-lite	consensus disorder prediction	19	75	-	T	21-06-2023	-	-
>NZ_CP101158.1_100	feb5cb586ff685105243e709e05042b2	305	Gene3D	G3DSA:3.30.460.10	Beta Polymerase, domain 2	16	158	1.2E-5	T	21-06-2023	IPR043519	Nucleotidyltransferase superfamily
>NZ_CP101158.1_100	feb5cb586ff685105243e709e05042b2	305	SUPERFAMILY	SSF81301	Nucleotidyltransferase	21	93	3.57E-6	T	21-06-2023	IPR043519	Nucleotidyltransferase superfamily
>NZ_CP101158.1_100	feb5cb586ff685105243e709e05042b2	305	CDD	cd05400	NT_2-5OAS_ClassI-CCAase	18	153	1.18018E-15	T	21-06-2023	IPR006116	2-5OAS/ClassI-CCAase, nucleotidyltransferase domain
>NZ_CP101158.1_66	767a9b47f0674858aff3636e011c446b	161	PANTHER	PTHR36930	METAL-SULFUR CLUSTER BIOSYNTHESIS PROTEINS YUAD-RELATED	2	160	4.3E-22	T	21-06-2023	-	-
>NZ_CP101158.1_66	767a9b47f0674858aff3636e011c446b	161	ProSiteProfiles	PS51340	MOSC domain profile.	17	161	18.512262	T	21-06-2023	IPR005302	Molybdenum cofactor sulfurase, C-terminal
>NZ_CP101158.1_66	767a9b47f0674858aff3636e011c446b	161	Gene3D	G3DSA:2.40.33.20	-	1	161	6.8E-19	T	21-06-2023	-	-
>NZ_CP101158.1_66	767a9b47f0674858aff3636e011c446b	161	SUPERFAMILY	SSF50800	PK beta-barrel domain-like	3	160	9.42E-22	T	21-06-2023	IPR011037	Pyruvate kinase-like, insert domain superfamily
>NZ_CP101158.1_109	0b3942599c4fc2e3f31ceb7c7e2828fe	213	Gene3D	G3DSA:1.10.443.10	Intergrase catalytic core	1	204	1.4E-23	T	21-06-2023	IPR013762	Integrase-like, catalytic domain superfamily
>NZ_CP101158.1_109	0b3942599c4fc2e3f31ceb7c7e2828fe	213	ProSiteProfiles	PS51898	Tyrosine recombinase domain profile.	1	211	16.760628	T	21-06-2023	IPR002104	Integrase, catalytic domain
>NZ_CP101158.1_109	0b3942599c4fc2e3f31ceb7c7e2828fe	213	Pfam	PF00589	Phage integrase family	5	198	1.5E-10	T	21-06-2023	IPR002104	Integrase, catalytic domain
>NZ_CP101158.1_109	0b3942599c4fc2e3f31ceb7c7e2828fe	213	SUPERFAMILY	SSF56349	DNA breaking-rejoining enzymes	6	202	2.94E-19	T	21-06-2023	IPR011010	DNA breaking-rejoining enzyme, catalytic core
>NZ_CP101158.1_114	4cb16cb96f2e363e7eb81de0a1f27597	91	SUPERFAMILY	SSF46785	"Winged helix" DNA-binding domain	2	88	1.49E-16	T	21-06-2023	IPR036390	Winged helix DNA-binding domain superfamily
>NZ_CP101158.1_114	4cb16cb96f2e363e7eb81de0a1f27597	91	Gene3D	G3DSA:1.10.10.10	-	11	89	7.5E-12	T	21-06-2023	IPR036388	Winged helix-like DNA-binding domain superfamily
>NZ_CP101158.1_114	4cb16cb96f2e363e7eb81de0a1f27597	91	Pfam	PF03551	Transcriptional regulator PadR-like family	12	79	1.3E-15	T	21-06-2023	IPR005149	Transcription regulator PadR, N-terminal
>NZ_CP101158.1_122	5539cd41c0ba0d0714076bb7f7dff627	118	Coils	Coil	Coil	53	80	-	T	21-06-2023	-	-
>NZ_CP101158.1_26	2fe9f4248ba08ff8bb7c12e507b8c391	232	Pfam	PF01917	Archaebacterial flagellin	20	216	2.4E-34	T	21-06-2023	IPR002774	Flagellin, archaea
>NZ_CP101158.1_26	2fe9f4248ba08ff8bb7c12e507b8c391	232	NCBIfam	TIGR02537	archaeal flagellin N-terminal-like domain	17	40	7.7E-6	T	21-06-2023	IPR013373	Flagellin/pilin, N-terminal site, archaea
>NZ_CP101158.1_26	2fe9f4248ba08ff8bb7c12e507b8c391	232	PANTHER	PTHR35903	FLAGELLIN B1	158	227	4.0E-36	T	21-06-2023	IPR002774	Flagellin, archaea
>NZ_CP101158.1_119	a45453a155a7b83269e8ea8803d77d79	153	MobiDBLite	mobidb-lite	consensus disorder prediction	1	22	-	T	21-06-2023	-	-
>NZ_CP101158.1_119	a45453a155a7b83269e8ea8803d77d79	153	Coils	Coil	Coil	43	63	-	T	21-06-2023	-	-
>NZ_CP101158.1_46	2d384921c56f1bf6b14c0c95443fafd5	81	MobiDBLite	mobidb-lite	consensus disorder prediction	1	21	-	T	21-06-2023	-	-
>NZ_CP101158.1_46	2d384921c56f1bf6b14c0c95443fafd5	81	Coils	Coil	Coil	81	81	-	T	21-06-2023	-	-
>NZ_CP101158.1_46	2d384921c56f1bf6b14c0c95443fafd5	81	MobiDBLite	mobidb-lite	consensus disorder prediction	61	81	-	T	21-06-2023	-	-
>NZ_CP101158.1_61	80e2d492ad50589e0604825b80221640	380	CDD	cd18139	HLD_clamp_RarA	217	287	2.20192E-7	T	21-06-2023	-	-
>NZ_CP101158.1_61	80e2d492ad50589e0604825b80221640	380	SMART	SM00382	AAA_5	75	218	4.1E-5	T	21-06-2023	IPR003593	AAA+ ATPase domain
>NZ_CP101158.1_61	80e2d492ad50589e0604825b80221640	380	CDD	cd00009	AAA	52	208	5.64562E-11	T	21-06-2023	-	-
>NZ_CP101158.1_61	80e2d492ad50589e0604825b80221640	380	PANTHER	PTHR10763	CELL DIVISION CONTROL PROTEIN 6-RELATED	31	309	1.0E-29	T	21-06-2023	-	-
>NZ_CP101158.1_61	80e2d492ad50589e0604825b80221640	380	Pfam	PF13401	AAA domain	77	177	2.1E-12	T	21-06-2023	IPR003593	AAA+ ATPase domain
>NZ_CP101158.1_61	80e2d492ad50589e0604825b80221640	380	Gene3D	G3DSA:1.10.8.60	-	39	289	1.4E-46	T	21-06-2023	-	-
>NZ_CP101158.1_61	80e2d492ad50589e0604825b80221640	380	Coils	Coil	Coil	374	380	-	T	21-06-2023	-	-
>NZ_CP101158.1_61	80e2d492ad50589e0604825b80221640	380	SUPERFAMILY	SSF52540	P-loop containing nucleoside triphosphate hydrolases	34	284	6.26E-31	T	21-06-2023	IPR027417	P-loop containing nucleoside triphosphate hydrolase
>NZ_CP101158.1_61	80e2d492ad50589e0604825b80221640	380	Gene3D	G3DSA:3.40.50.300	-	51	216	1.4E-46	T	21-06-2023	IPR027417	P-loop containing nucleoside triphosphate hydrolase
>NZ_CP101158.1_125	73a5939e6b4ec10405745fb8e83d2b17	140	MobiDBLite	mobidb-lite	consensus disorder prediction	104	119	-	T	21-06-2023	-	-
>NZ_CP101158.1_125	73a5939e6b4ec10405745fb8e83d2b17	140	MobiDBLite	mobidb-lite	consensus disorder prediction	104	128	-	T	21-06-2023	-	-
>NZ_CP101158.1_112	efdf7e1cd484509d841df5b8467422fb	113	MobiDBLite	mobidb-lite	consensus disorder prediction	93	113	-	T	21-06-2023	-	-
>NZ_CP101158.1_112	efdf7e1cd484509d841df5b8467422fb	113	Coils	Coil	Coil	65	99	-	T	21-06-2023	-	-
>NZ_CP101158.1_112	efdf7e1cd484509d841df5b8467422fb	113	MobiDBLite	mobidb-lite	consensus disorder prediction	86	113	-	T	21-06-2023	-	-
>NZ_CP101158.1_30	6137fcd9697fc82a07a879d8d45ecc40	1082	Coils	Coil	Coil	643	670	-	T	21-06-2023	-	-
>NZ_CP101158.1_30	6137fcd9697fc82a07a879d8d45ecc40	1082	SUPERFAMILY	SSF63825	YWTD domain	76	266	4.71E-12	T	21-06-2023	-	-
>NZ_CP101158.1_30	6137fcd9697fc82a07a879d8d45ecc40	1082	Coils	Coil	Coil	485	512	-	T	21-06-2023	-	-
>NZ_CP101158.1_30	6137fcd9697fc82a07a879d8d45ecc40	1082	Gene3D	G3DSA:2.120.10.30	-	70	260	2.8E-8	T	21-06-2023	IPR011042	Six-bladed beta-propeller, TolB-like
>NZ_CP101158.1_30	6137fcd9697fc82a07a879d8d45ecc40	1082	MobiDBLite	mobidb-lite	consensus disorder prediction	40	64	-	T	21-06-2023	-	-
>NZ_CP101158.1_30	6137fcd9697fc82a07a879d8d45ecc40	1082	MobiDBLite	mobidb-lite	consensus disorder prediction	40	80	-	T	21-06-2023	-	-
>NZ_CP101158.1_81	d3539d761861dab199342dab01f89c92	262	MobiDBLite	mobidb-lite	consensus disorder prediction	37	51	-	T	21-06-2023	-	-
>NZ_CP101158.1_81	d3539d761861dab199342dab01f89c92	262	MobiDBLite	mobidb-lite	consensus disorder prediction	37	62	-	T	21-06-2023	-	-
>NZ_CP101158.1_74	5018cb4222584f6d36a6ef4576bb3606	1235	PANTHER	PTHR19857	MITOCHONDRIAL DIVISION PROTEIN 1-RELATED	71	225	7.3E-15	T	21-06-2023	-	-
>NZ_CP101158.1_74	5018cb4222584f6d36a6ef4576bb3606	1235	SUPERFAMILY	SSF50998	Quinoprotein alcohol dehydrogenase-like	82	362	1.18E-39	T	21-06-2023	IPR011047	Quinoprotein alcohol dehydrogenase-like superfamily
>NZ_CP101158.1_74	5018cb4222584f6d36a6ef4576bb3606	1235	Pfam	PF13360	PQQ-like domain	82	268	5.2E-7	T	21-06-2023	IPR002372	Pyrrolo-quinoline quinone repeat
>NZ_CP101158.1_74	5018cb4222584f6d36a6ef4576bb3606	1235	Coils	Coil	Coil	593	613	-	T	21-06-2023	-	-
>NZ_CP101158.1_74	5018cb4222584f6d36a6ef4576bb3606	1235	Coils	Coil	Coil	402	422	-	T	21-06-2023	-	-
>NZ_CP101158.1_74	5018cb4222584f6d36a6ef4576bb3606	1235	SMART	SM00320	WD40_4	139	178	0.27	T	21-06-2023	IPR001680	WD40 repeat
>NZ_CP101158.1_74	5018cb4222584f6d36a6ef4576bb3606	1235	SMART	SM00320	WD40_4	264	303	34.0	T	21-06-2023	IPR001680	WD40 repeat
>NZ_CP101158.1_74	5018cb4222584f6d36a6ef4576bb3606	1235	SMART	SM00320	WD40_4	181	220	43.0	T	21-06-2023	IPR001680	WD40 repeat
>NZ_CP101158.1_74	5018cb4222584f6d36a6ef4576bb3606	1235	SMART	SM00320	WD40_4	305	342	1.7	T	21-06-2023	IPR001680	WD40 repeat
>NZ_CP101158.1_74	5018cb4222584f6d36a6ef4576bb3606	1235	Coils	Coil	Coil	754	820	-	T	21-06-2023	-	-
>NZ_CP101158.1_74	5018cb4222584f6d36a6ef4576bb3606	1235	Gene3D	G3DSA:2.130.10.10	-	46	274	3.0E-24	T	21-06-2023	IPR015943	WD40/YVTN repeat-like-containing domain superfamily
>NZ_CP101158.1_74	5018cb4222584f6d36a6ef4576bb3606	1235	Gene3D	G3DSA:2.130.10.10	-	275	382	5.1E-8	T	21-06-2023	IPR015943	WD40/YVTN repeat-like-containing domain superfamily
>NZ_CP101158.1_74	5018cb4222584f6d36a6ef4576bb3606	1235	SMART	SM00564	ire1_9	199	231	11.0	T	21-06-2023	IPR018391	Pyrrolo-quinoline quinone beta-propeller repeat
>NZ_CP101158.1_74	5018cb4222584f6d36a6ef4576bb3606	1235	SMART	SM00564	ire1_9	284	313	6.8	T	21-06-2023	IPR018391	Pyrrolo-quinoline quinone beta-propeller repeat
>NZ_CP101158.1_74	5018cb4222584f6d36a6ef4576bb3606	1235	SMART	SM00564	ire1_9	322	352	130.0	T	21-06-2023	IPR018391	Pyrrolo-quinoline quinone beta-propeller repeat
>NZ_CP101158.1_74	5018cb4222584f6d36a6ef4576bb3606	1235	SMART	SM00564	ire1_9	240	272	690.0	T	21-06-2023	IPR018391	Pyrrolo-quinoline quinone beta-propeller repeat
>NZ_CP101158.1_74	5018cb4222584f6d36a6ef4576bb3606	1235	SMART	SM00564	ire1_9	115	147	270.0	T	21-06-2023	IPR018391	Pyrrolo-quinoline quinone beta-propeller repeat
>NZ_CP101158.1_74	5018cb4222584f6d36a6ef4576bb3606	1235	SMART	SM00564	ire1_9	77	105	330.0	T	21-06-2023	IPR018391	Pyrrolo-quinoline quinone beta-propeller repeat
>NZ_CP101158.1_130	20ec200e8e8bb0cf379895e9acf6068f	60	Coils	Coil	Coil	56	60	-	T	21-06-2023	-	-
>NZ_CP101158.1_130	20ec200e8e8bb0cf379895e9acf6068f	60	MobiDBLite	mobidb-lite	consensus disorder prediction	31	60	-	T	21-06-2023	-	-
>NZ_CP101158.1_113	040285a1d48a50ca7fd930ca7bd43f85	241	Gene3D	G3DSA:3.40.50.300	-	37	201	2.3E-8	T	21-06-2023	IPR027417	P-loop containing nucleoside triphosphate hydrolase
>NZ_CP101158.1_91	4820f522baad513d3000e071416cf29f	569	MobiDBLite	mobidb-lite	consensus disorder prediction	1	45	-	T	21-06-2023	-	-
>NZ_CP101158.1_91	4820f522baad513d3000e071416cf29f	569	MobiDBLite	mobidb-lite	consensus disorder prediction	21	45	-	T	21-06-2023	-	-
>NZ_CP101158.1_79	f6f99c727ac0ad1651745f82e01ea821	146	MobiDBLite	mobidb-lite	consensus disorder prediction	1	23	-	T	21-06-2023	-	-
>NZ_CP101158.1_79	f6f99c727ac0ad1651745f82e01ea821	146	MobiDBLite	mobidb-lite	consensus disorder prediction	1	20	-	T	21-06-2023	-	-
>NZ_CP101158.1_92	c2fcc57d99b1d2eb262420de7d81106d	353	SMART	SM00388	HisKA_10	151	212	2.7E-10	T	21-06-2023	IPR003661	Signal transduction histidine kinase, dimerisation/phosphoacceptor domain
>NZ_CP101158.1_92	c2fcc57d99b1d2eb262420de7d81106d	353	Pfam	PF02518	Histidine kinase-, DNA gyrase B-, and HSP90-like ATPase	249	347	3.0E-15	T	21-06-2023	IPR003594	Histidine kinase/HSP90-like ATPase
>NZ_CP101158.1_92	c2fcc57d99b1d2eb262420de7d81106d	353	Pfam	PF00512	His Kinase A (phospho-acceptor) domain	152	211	2.1E-10	T	21-06-2023	IPR003661	Signal transduction histidine kinase, dimerisation/phosphoacceptor domain
>NZ_CP101158.1_92	c2fcc57d99b1d2eb262420de7d81106d	353	PRINTS	PR00344	Bacterial sensor protein C-terminal signature	312	330	6.4E-5	T	21-06-2023	IPR004358	Signal transduction histidine kinase-related protein, C-terminal
>NZ_CP101158.1_92	c2fcc57d99b1d2eb262420de7d81106d	353	PRINTS	PR00344	Bacterial sensor protein C-terminal signature	283	297	6.4E-5	T	21-06-2023	IPR004358	Signal transduction histidine kinase-related protein, C-terminal
>NZ_CP101158.1_92	c2fcc57d99b1d2eb262420de7d81106d	353	SMART	SM00387	HKATPase_4	248	352	2.2E-19	T	21-06-2023	IPR003594	Histidine kinase/HSP90-like ATPase
>NZ_CP101158.1_92	c2fcc57d99b1d2eb262420de7d81106d	353	SUPERFAMILY	SSF47384	Homodimeric domain of signal transducing histidine kinase	139	211	1.59E-13	T	21-06-2023	IPR036097	Signal transduction histidine kinase, dimerisation/phosphoacceptor domain superfamily
>NZ_CP101158.1_92	c2fcc57d99b1d2eb262420de7d81106d	353	PANTHER	PTHR43711	TWO-COMPONENT HISTIDINE KINASE	86	347	1.1E-41	T	21-06-2023	-	-
>NZ_CP101158.1_92	c2fcc57d99b1d2eb262420de7d81106d	353	Gene3D	G3DSA:1.10.287.130	-	149	211	1.2E-10	T	21-06-2023	-	-
>NZ_CP101158.1_92	c2fcc57d99b1d2eb262420de7d81106d	353	SUPERFAMILY	SSF55874	ATPase domain of HSP90 chaperone/DNA topoisomerase II/histidine kinase	218	347	1.96E-25	T	21-06-2023	IPR036890	Histidine kinase/HSP90-like ATPase superfamily
>NZ_CP101158.1_92	c2fcc57d99b1d2eb262420de7d81106d	353	Coils	Coil	Coil	135	155	-	T	21-06-2023	-	-
>NZ_CP101158.1_92	c2fcc57d99b1d2eb262420de7d81106d	353	Gene3D	G3DSA:3.30.565.10	-	218	351	4.2E-28	T	21-06-2023	IPR036890	Histidine kinase/HSP90-like ATPase superfamily
>NZ_CP101158.1_92	c2fcc57d99b1d2eb262420de7d81106d	353	Pfam	PF08448	PAS fold	38	132	1.2E-5	T	21-06-2023	IPR013656	PAS fold-4
>NZ_CP101158.1_92	c2fcc57d99b1d2eb262420de7d81106d	353	ProSiteProfiles	PS50109	Histidine kinase domain profile.	158	347	27.082472	T	21-06-2023	IPR005467	Histidine kinase domain
>NZ_CP101158.1_92	c2fcc57d99b1d2eb262420de7d81106d	353	CDD	cd00082	HisKA	149	208	9.03344E-11	T	21-06-2023	IPR003661	Signal transduction histidine kinase, dimerisation/phosphoacceptor domain
>NZ_CP101158.1_92	c2fcc57d99b1d2eb262420de7d81106d	353	Gene3D	G3DSA:3.30.450.20	PAS domain	24	148	7.1E-9	T	21-06-2023	-	-
>NZ_CP101158.1_92	c2fcc57d99b1d2eb262420de7d81106d	353	SUPERFAMILY	SSF55785	PYP-like sensor domain (PAS domain)	29	124	6.28E-5	T	21-06-2023	IPR035965	PAS domain superfamily
>NZ_CP101158.1_9	f60b55f67234df176473249d3b1aa47f	117	MobiDBLite	mobidb-lite	consensus disorder prediction	1	22	-	T	21-06-2023	-	-
>NZ_CP101158.1_9	f60b55f67234df176473249d3b1aa47f	117	MobiDBLite	mobidb-lite	consensus disorder prediction	1	18	-	T	21-06-2023	-	-
>NZ_CP101158.1_95	75599de0a769463379a45a9cc35135af	527	Coils	Coil	Coil	417	455	-	T	21-06-2023	-	-
>NZ_CP101158.1_95	75599de0a769463379a45a9cc35135af	527	MobiDBLite	mobidb-lite	consensus disorder prediction	1	27	-	T	21-06-2023	-	-
>NZ_CP101158.1_116	aacf695904af50b97b4fb6d143645786	138	Gene3D	G3DSA:2.30.42.10	-	53	138	1.3E-5	T	21-06-2023	IPR036034	PDZ superfamily
>NZ_CP101158.1_14	01709f025025b7b681f08897e4de45d5	100	MobiDBLite	mobidb-lite	consensus disorder prediction	65	100	-	T	21-06-2023	-	-
>NZ_CP101158.1_31	7e3bbcc693ce0ee5e60a677e9da33073	181	SUPERFAMILY	SSF51182	RmlC-like cupins	26	123	1.12E-14	T	21-06-2023	IPR011051	RmlC-like cupin domain superfamily
>NZ_CP101158.1_31	7e3bbcc693ce0ee5e60a677e9da33073	181	CDD	cd02208	cupin_RmlC-like	56	123	1.59681E-7	T	21-06-2023	-	-
>NZ_CP101158.1_31	7e3bbcc693ce0ee5e60a677e9da33073	181	Gene3D	G3DSA:2.60.120.10	Jelly Rolls	44	158	2.5E-13	T	21-06-2023	IPR014710	RmlC-like jelly roll fold
>NZ_CP101158.1_31	7e3bbcc693ce0ee5e60a677e9da33073	181	Pfam	PF07883	Cupin domain	56	123	2.5E-8	T	21-06-2023	IPR013096	Cupin 2, conserved barrel
>NZ_CP101158.1_59	ce7ef3651a5a3f45056d9ee2aa6686c8	145	MobiDBLite	mobidb-lite	consensus disorder prediction	1	22	-	T	21-06-2023	-	-
>NZ_CP101158.1_59	ce7ef3651a5a3f45056d9ee2aa6686c8	145	MobiDBLite	mobidb-lite	consensus disorder prediction	1	16	-	T	21-06-2023	-	-
>NZ_CP101158.1_111	24d58286dd67301fdb257d2666e77a43	713	Pfam	PF00136	DNA polymerase family B	329	659	2.8E-24	T	21-06-2023	IPR006134	DNA-directed DNA polymerase, family B, multifunctional domain
>NZ_CP101158.1_111	24d58286dd67301fdb257d2666e77a43	713	CDD	cd05531	POLBc_B2	326	691	0.0	T	21-06-2023	-	-
>NZ_CP101158.1_111	24d58286dd67301fdb257d2666e77a43	713	PANTHER	PTHR10322	DNA POLYMERASE CATALYTIC SUBUNIT	275	678	8.0E-54	T	21-06-2023	-	-
>NZ_CP101158.1_111	24d58286dd67301fdb257d2666e77a43	713	SMART	SM00486	polmehr3	133	494	0.004	T	21-06-2023	IPR006172	DNA-directed DNA polymerase, family B
>NZ_CP101158.1_111	24d58286dd67301fdb257d2666e77a43	713	Gene3D	G3DSA:1.10.287.690	Helix hairpin bin	392	449	6.5E-52	T	21-06-2023	-	-
>NZ_CP101158.1_111	24d58286dd67301fdb257d2666e77a43	713	SUPERFAMILY	SSF56672	DNA/RNA polymerases	295	697	1.67E-70	T	21-06-2023	IPR043502	DNA/RNA polymerase superfamily
>NZ_CP101158.1_111	24d58286dd67301fdb257d2666e77a43	713	Gene3D	G3DSA:1.10.132.60	-	554	711	5.3E-23	T	21-06-2023	IPR042087	DNA polymerase family B, thumb domain
>NZ_CP101158.1_111	24d58286dd67301fdb257d2666e77a43	713	Gene3D	G3DSA:3.90.1600.10	Palm domain of DNA polymerase	337	525	6.5E-52	T	21-06-2023	IPR023211	DNA polymerase, palm domain superfamily
>NZ_CP101158.1_72	f4507a6d21f34500142dbbd1f8ddc651	67	MobiDBLite	mobidb-lite	consensus disorder prediction	1	21	-	T	21-06-2023	-	-
>NZ_CP101158.1_120	f47082bf160cef7416ba28ce10a80209	183	MobiDBLite	mobidb-lite	consensus disorder prediction	163	183	-	T	21-06-2023	-	-
>NZ_CP101158.1_60	933f4a4e885ad5faac0d81fcbdf020ab	88	Gene3D	G3DSA:1.10.10.10	-	1	82	9.4E-20	T	21-06-2023	IPR036388	Winged helix-like DNA-binding domain superfamily
>NZ_CP101158.1_60	933f4a4e885ad5faac0d81fcbdf020ab	88	SUPERFAMILY	SSF46785	"Winged helix" DNA-binding domain	2	72	9.76E-7	T	21-06-2023	IPR036390	Winged helix DNA-binding domain superfamily
>NZ_CP101158.1_118	1d5d4acbf77597dda16ef3d43b9d9368	162	MobiDBLite	mobidb-lite	consensus disorder prediction	1	28	-	T	21-06-2023	-	-
>NZ_CP101158.1_101	d5a3b254470b4e341d7e6a81fef24536	59	Coils	Coil	Coil	16	43	-	T	21-06-2023	-	-
>NZ_CP101158.1_2	92f2aa49ec1e54f24f2ba86ee2a69447	163	MobiDBLite	mobidb-lite	consensus disorder prediction	1	85	-	T	21-06-2023	-	-
>NZ_CP101158.1_2	92f2aa49ec1e54f24f2ba86ee2a69447	163	MobiDBLite	mobidb-lite	consensus disorder prediction	41	59	-	T	21-06-2023	-	-
>NZ_CP101158.1_2	92f2aa49ec1e54f24f2ba86ee2a69447	163	MobiDBLite	mobidb-lite	consensus disorder prediction	61	77	-	T	21-06-2023	-	-
>NZ_CP101158.1_2	92f2aa49ec1e54f24f2ba86ee2a69447	163	MobiDBLite	mobidb-lite	consensus disorder prediction	13	35	-	T	21-06-2023	-	-
>NZ_CP101158.1_104	36ee5a4b0b9e2a95f1eaa3306fc010b2	986	CDD	cd18800	SF2_C_EcoR124I-like	543	661	3.94278E-29	T	21-06-2023	-	-
>NZ_CP101158.1_104	36ee5a4b0b9e2a95f1eaa3306fc010b2	986	ProSiteProfiles	PS51192	Superfamilies 1 and 2 helicase ATP-binding type-1 domain profile.	293	456	13.162367	T	21-06-2023	IPR014001	Helicase superfamily 1/2, ATP-binding domain
>NZ_CP101158.1_104	36ee5a4b0b9e2a95f1eaa3306fc010b2	986	CDD	cd18030	DEXHc_RE_I_HsdR	254	459	6.84061E-84	T	21-06-2023	-	-
>NZ_CP101158.1_104	36ee5a4b0b9e2a95f1eaa3306fc010b2	986	NCBIfam	TIGR00348	HsdR family type I site-specific deoxyribonuclease	9	680	0.0	T	21-06-2023	IPR004473	Restriction endonuclease, type I, HsdR
>NZ_CP101158.1_104	36ee5a4b0b9e2a95f1eaa3306fc010b2	986	Coils	Coil	Coil	847	885	-	T	21-06-2023	-	-
>NZ_CP101158.1_104	36ee5a4b0b9e2a95f1eaa3306fc010b2	986	SMART	SM00487	ultradead3	272	470	7.8E-14	T	21-06-2023	IPR014001	Helicase superfamily 1/2, ATP-binding domain
>NZ_CP101158.1_104	36ee5a4b0b9e2a95f1eaa3306fc010b2	986	Pfam	PF04313	Type I restriction enzyme R protein N terminus (HSDR_N)	7	206	7.9E-37	T	21-06-2023	IPR007409	Restriction endonuclease, type I, HsdR, N-terminal
>NZ_CP101158.1_104	36ee5a4b0b9e2a95f1eaa3306fc010b2	986	PANTHER	PTHR30195	TYPE I SITE-SPECIFIC DEOXYRIBONUCLEASE PROTEIN SUBUNIT M AND R	1	966	0.0	T	21-06-2023	-	-
>NZ_CP101158.1_104	36ee5a4b0b9e2a95f1eaa3306fc010b2	986	Pfam	PF11867	Domain of unknown function (DUF3387)	711	983	4.9E-26	T	21-06-2023	IPR021810	Type I restriction enzyme HindI endonuclease subunit-like, C-terminal
>NZ_CP101158.1_104	36ee5a4b0b9e2a95f1eaa3306fc010b2	986	Gene3D	G3DSA:3.90.1570.50	-	38	269	2.0E-39	T	21-06-2023	-	-
>NZ_CP101158.1_104	36ee5a4b0b9e2a95f1eaa3306fc010b2	986	SUPERFAMILY	SSF52540	P-loop containing nucleoside triphosphate hydrolases	397	667	1.16E-9	T	21-06-2023	IPR027417	P-loop containing nucleoside triphosphate hydrolase
>NZ_CP101158.1_104	36ee5a4b0b9e2a95f1eaa3306fc010b2	986	CDD	cd22332	HsdR_N	4	260	2.64793E-46	T	21-06-2023	-	-
>NZ_CP101158.1_104	36ee5a4b0b9e2a95f1eaa3306fc010b2	986	Gene3D	G3DSA:3.40.50.300	-	275	457	1.9E-55	T	21-06-2023	IPR027417	P-loop containing nucleoside triphosphate hydrolase
>NZ_CP101158.1_104	36ee5a4b0b9e2a95f1eaa3306fc010b2	986	SUPERFAMILY	SSF52540	P-loop containing nucleoside triphosphate hydrolases	237	494	2.51E-28	T	21-06-2023	IPR027417	P-loop containing nucleoside triphosphate hydrolase
>NZ_CP101158.1_104	36ee5a4b0b9e2a95f1eaa3306fc010b2	986	Pfam	PF18766	SWI2/SNF2 ATPase	279	503	1.0E-81	T	21-06-2023	IPR040980	SWI2/SNF2 ATPase
>NZ_CP101158.1_104	36ee5a4b0b9e2a95f1eaa3306fc010b2	986	Gene3D	G3DSA:3.40.50.300	-	581	686	1.9E-36	T	21-06-2023	IPR027417	P-loop containing nucleoside triphosphate hydrolase
>NZ_CP101158.1_104	36ee5a4b0b9e2a95f1eaa3306fc010b2	986	Gene3D	G3DSA:3.40.50.300	-	459	571	4.6E-7	T	21-06-2023	IPR027417	P-loop containing nucleoside triphosphate hydrolase
>NZ_CP101158.1_7	a5a01f9df2989647f3bb098af87e8b54	248	MobiDBLite	mobidb-lite	consensus disorder prediction	227	242	-	T	21-06-2023	-	-
>NZ_CP101158.1_7	a5a01f9df2989647f3bb098af87e8b54	248	MobiDBLite	mobidb-lite	consensus disorder prediction	221	248	-	T	21-06-2023	-	-
