>NZ_CP095494.1_52	5a583c8c498d23f9d10873fdda1ab1f9	817	Gene3D	G3DSA:3.40.50.300	-	402	576	5.7E-7	T	21-06-2023	IPR027417	P-loop containing nucleoside triphosphate hydrolase
>NZ_CP095494.1_52	5a583c8c498d23f9d10873fdda1ab1f9	817	Coils	Coil	Coil	28	48	-	T	21-06-2023	-	-
>NZ_CP095494.1_102	7a914b7ed80ddf277076b87ba7662564	101	MobiDBLite	mobidb-lite	consensus disorder prediction	77	101	-	T	21-06-2023	-	-
>NZ_CP095494.1_113	4f09a3d7c274c02f9345dbdcb9842302	225	PANTHER	PTHR30595	GLPR-RELATED TRANSCRIPTIONAL REPRESSOR	88	217	1.1E-17	T	21-06-2023	-	-
>NZ_CP095494.1_113	4f09a3d7c274c02f9345dbdcb9842302	225	Gene3D	G3DSA:3.30.950.30	Schlafen, AAA domain	84	220	1.2E-22	T	21-06-2023	IPR038461	Schlafen, AlbA_2 domain superfamily
>NZ_CP095494.1_113	4f09a3d7c274c02f9345dbdcb9842302	225	Pfam	PF04326	Putative DNA-binding domain	98	211	3.1E-17	T	21-06-2023	IPR007421	Schlafen, AlbA_2 domain
>NZ_CP095494.1_7	890e169a16e560cbe7ca61d6a7755be5	1132	MobiDBLite	mobidb-lite	consensus disorder prediction	530	563	-	T	21-06-2023	-	-
>NZ_CP095494.1_7	890e169a16e560cbe7ca61d6a7755be5	1132	MobiDBLite	mobidb-lite	consensus disorder prediction	175	195	-	T	21-06-2023	-	-
>NZ_CP095494.1_7	890e169a16e560cbe7ca61d6a7755be5	1132	MobiDBLite	mobidb-lite	consensus disorder prediction	541	558	-	T	21-06-2023	-	-
>NZ_CP095494.1_109	0b4eb1cb28abf55440f4b7fa5627ee58	133	MobiDBLite	mobidb-lite	consensus disorder prediction	1	30	-	T	21-06-2023	-	-
>NZ_CP095494.1_53	19fdf19fe88a8811fea749d217558d0e	319	Gene3D	G3DSA:2.40.50.140	-	100	226	2.9E-26	T	21-06-2023	IPR012340	Nucleic acid-binding, OB-fold
>NZ_CP095494.1_53	19fdf19fe88a8811fea749d217558d0e	319	Pfam	PF17207	MCM OB domain	101	220	4.6E-19	T	21-06-2023	IPR033762	MCM OB domain
>NZ_CP095494.1_53	19fdf19fe88a8811fea749d217558d0e	319	Gene3D	G3DSA:3.30.1640.10	-	1	91	5.5E-11	T	21-06-2023	-	-
>NZ_CP095494.1_53	19fdf19fe88a8811fea749d217558d0e	319	PANTHER	PTHR11630	DNA REPLICATION LICENSING FACTOR MCM FAMILY MEMBER	19	258	2.3E-23	T	21-06-2023	IPR031327	Mini-chromosome maintenance protein
>NZ_CP095494.1_53	19fdf19fe88a8811fea749d217558d0e	319	SUPERFAMILY	SSF50249	Nucleic acid-binding proteins	23	234	2.23E-29	T	21-06-2023	IPR012340	Nucleic acid-binding, OB-fold
>NZ_CP095494.1_53	19fdf19fe88a8811fea749d217558d0e	319	Gene3D	G3DSA:2.20.28.10	-	123	173	2.9E-26	T	21-06-2023	-	-
>NZ_CP095494.1_101	3b89246320bd9b6bda3dc6e22135695c	86	MobiDBLite	mobidb-lite	consensus disorder prediction	50	86	-	T	21-06-2023	-	-
>NZ_CP095494.1_101	3b89246320bd9b6bda3dc6e22135695c	86	MobiDBLite	mobidb-lite	consensus disorder prediction	53	71	-	T	21-06-2023	-	-
>NZ_CP095494.1_112	ef14091ded97dfe16565ecd6c9313f24	210	MobiDBLite	mobidb-lite	consensus disorder prediction	65	94	-	T	21-06-2023	-	-
>NZ_CP095494.1_112	ef14091ded97dfe16565ecd6c9313f24	210	Coils	Coil	Coil	153	180	-	T	21-06-2023	-	-
>NZ_CP095494.1_36	cd622ebc992d1e3201a0aa82d2cfb6c8	272	ProSitePatterns	PS00144	Asparaginase / glutaminase active site signature 1.	7	15	-	T	21-06-2023	IPR020827	Asparaginase/glutaminase, active site 1
>NZ_CP095494.1_110	7d171f69bcfcfc629954827e3714a54f	202	Pfam	PF09851	Short C-terminal domain	172	199	6.3E-10	T	21-06-2023	IPR018649	SHOCT domain
>NZ_CP095494.1_110	7d171f69bcfcfc629954827e3714a54f	202	Pfam	PF14470	Bacterial PH domain	37	151	5.4E-20	T	21-06-2023	IPR039519	YokE-like, PH domain
>NZ_CP095494.1_33	d9359f81f1d665bb227c60de4fe85c17	1199	SMART	SM00320	WD40_4	97	133	260.0	T	21-06-2023	IPR001680	WD40 repeat
>NZ_CP095494.1_33	d9359f81f1d665bb227c60de4fe85c17	1199	SMART	SM00320	WD40_4	54	92	31.0	T	21-06-2023	IPR001680	WD40 repeat
>NZ_CP095494.1_33	d9359f81f1d665bb227c60de4fe85c17	1199	SMART	SM00320	WD40_4	136	175	54.0	T	21-06-2023	IPR001680	WD40 repeat
>NZ_CP095494.1_33	d9359f81f1d665bb227c60de4fe85c17	1199	SMART	SM00320	WD40_4	218	256	0.49	T	21-06-2023	IPR001680	WD40 repeat
>NZ_CP095494.1_33	d9359f81f1d665bb227c60de4fe85c17	1199	SMART	SM00320	WD40_4	178	215	0.012	T	21-06-2023	IPR001680	WD40 repeat
>NZ_CP095494.1_33	d9359f81f1d665bb227c60de4fe85c17	1199	SMART	SM00564	ire1_9	317	348	28.0	T	21-06-2023	IPR018391	Pyrrolo-quinoline quinone beta-propeller repeat
>NZ_CP095494.1_33	d9359f81f1d665bb227c60de4fe85c17	1199	SMART	SM00564	ire1_9	194	226	1.1E-5	T	21-06-2023	IPR018391	Pyrrolo-quinoline quinone beta-propeller repeat
>NZ_CP095494.1_33	d9359f81f1d665bb227c60de4fe85c17	1199	SMART	SM00564	ire1_9	277	309	8.5	T	21-06-2023	IPR018391	Pyrrolo-quinoline quinone beta-propeller repeat
>NZ_CP095494.1_33	d9359f81f1d665bb227c60de4fe85c17	1199	SMART	SM00564	ire1_9	112	144	72.0	T	21-06-2023	IPR018391	Pyrrolo-quinoline quinone beta-propeller repeat
>NZ_CP095494.1_33	d9359f81f1d665bb227c60de4fe85c17	1199	SMART	SM00564	ire1_9	235	267	0.0043	T	21-06-2023	IPR018391	Pyrrolo-quinoline quinone beta-propeller repeat
>NZ_CP095494.1_33	d9359f81f1d665bb227c60de4fe85c17	1199	SMART	SM00564	ire1_9	154	186	2.5E-4	T	21-06-2023	IPR018391	Pyrrolo-quinoline quinone beta-propeller repeat
>NZ_CP095494.1_33	d9359f81f1d665bb227c60de4fe85c17	1199	SUPERFAMILY	SSF50969	YVTN repeat-like/Quinoprotein amine dehydrogenase	71	355	4.39E-36	T	21-06-2023	IPR011044	Quinoprotein amine dehydrogenase, beta chain-like
>NZ_CP095494.1_33	d9359f81f1d665bb227c60de4fe85c17	1199	Gene3D	G3DSA:2.40.128.630	-	71	187	1.3E-13	T	21-06-2023	-	-
>NZ_CP095494.1_33	d9359f81f1d665bb227c60de4fe85c17	1199	Gene3D	G3DSA:2.40.128.630	-	270	350	4.5E-7	T	21-06-2023	-	-
>NZ_CP095494.1_33	d9359f81f1d665bb227c60de4fe85c17	1199	Gene3D	G3DSA:2.40.128.630	-	188	269	1.9E-12	T	21-06-2023	-	-
>NZ_CP095494.1_33	d9359f81f1d665bb227c60de4fe85c17	1199	Coils	Coil	Coil	583	603	-	T	21-06-2023	-	-
>NZ_CP095494.1_33	d9359f81f1d665bb227c60de4fe85c17	1199	Pfam	PF13360	PQQ-like domain	155	346	7.7E-15	T	21-06-2023	IPR002372	Pyrrolo-quinoline quinone repeat
>NZ_CP095494.1_33	d9359f81f1d665bb227c60de4fe85c17	1199	PANTHER	PTHR22847	WD40 REPEAT PROTEIN	109	364	2.0E-13	T	21-06-2023	-	-
>NZ_CP095494.1_31	034e7cd79f1c00c77d34233498bffd14	65	MobiDBLite	mobidb-lite	consensus disorder prediction	1	21	-	T	21-06-2023	-	-
>NZ_CP095494.1_50	6d680359c4c9d42bb695c42c8ce14ef0	452	MobiDBLite	mobidb-lite	consensus disorder prediction	420	452	-	T	21-06-2023	-	-
>NZ_CP095494.1_50	6d680359c4c9d42bb695c42c8ce14ef0	452	Coils	Coil	Coil	406	426	-	T	21-06-2023	-	-
>NZ_CP095494.1_13	1a8ee283530dfcbd13a0ad359a2ee4ce	401	SUPERFAMILY	SSF52540	P-loop containing nucleoside triphosphate hydrolases	60	308	6.28E-32	T	21-06-2023	IPR027417	P-loop containing nucleoside triphosphate hydrolase
>NZ_CP095494.1_13	1a8ee283530dfcbd13a0ad359a2ee4ce	401	Coils	Coil	Coil	399	401	-	T	21-06-2023	-	-
>NZ_CP095494.1_13	1a8ee283530dfcbd13a0ad359a2ee4ce	401	MobiDBLite	mobidb-lite	consensus disorder prediction	1	27	-	T	21-06-2023	-	-
>NZ_CP095494.1_13	1a8ee283530dfcbd13a0ad359a2ee4ce	401	MobiDBLite	mobidb-lite	consensus disorder prediction	1	16	-	T	21-06-2023	-	-
>NZ_CP095494.1_13	1a8ee283530dfcbd13a0ad359a2ee4ce	401	Pfam	PF13401	AAA domain	100	210	7.7E-10	T	21-06-2023	IPR003593	AAA+ ATPase domain
>NZ_CP095494.1_13	1a8ee283530dfcbd13a0ad359a2ee4ce	401	Gene3D	G3DSA:1.10.8.60	-	65	310	3.6E-49	T	21-06-2023	-	-
>NZ_CP095494.1_13	1a8ee283530dfcbd13a0ad359a2ee4ce	401	PANTHER	PTHR10763	CELL DIVISION CONTROL PROTEIN 6-RELATED	44	339	4.0E-33	T	21-06-2023	-	-
>NZ_CP095494.1_13	1a8ee283530dfcbd13a0ad359a2ee4ce	401	CDD	cd00009	AAA	81	240	1.42178E-10	T	21-06-2023	-	-
>NZ_CP095494.1_13	1a8ee283530dfcbd13a0ad359a2ee4ce	401	SMART	SM00382	AAA_5	97	260	8.1E-6	T	21-06-2023	IPR003593	AAA+ ATPase domain
>NZ_CP095494.1_13	1a8ee283530dfcbd13a0ad359a2ee4ce	401	Gene3D	G3DSA:3.40.50.300	-	75	240	3.6E-49	T	21-06-2023	IPR027417	P-loop containing nucleoside triphosphate hydrolase
>NZ_CP095494.1_32	6c4c39f2fa0577443f41326a515ca004	221	MobiDBLite	mobidb-lite	consensus disorder prediction	1	17	-	T	21-06-2023	-	-
>NZ_CP095494.1_32	6c4c39f2fa0577443f41326a515ca004	221	MobiDBLite	mobidb-lite	consensus disorder prediction	1	27	-	T	21-06-2023	-	-
>NZ_CP095494.1_10	f80f9826406808e14a21e327b2c60b52	97	Pfam	PF03551	Transcriptional regulator PadR-like family	11	79	1.0E-15	T	21-06-2023	IPR005149	Transcription regulator PadR, N-terminal
>NZ_CP095494.1_10	f80f9826406808e14a21e327b2c60b52	97	Gene3D	G3DSA:1.10.10.10	-	8	96	1.0E-11	T	21-06-2023	IPR036388	Winged helix-like DNA-binding domain superfamily
>NZ_CP095494.1_10	f80f9826406808e14a21e327b2c60b52	97	SUPERFAMILY	SSF46785	"Winged helix" DNA-binding domain	2	89	7.55E-19	T	21-06-2023	IPR036390	Winged helix DNA-binding domain superfamily
>NZ_CP095494.1_74	ff2b0bcb1fab956ea3f1e8b3d55bd853	330	CDD	cd02042	ParAB_family	5	49	1.00916E-13	T	21-06-2023	-	-
>NZ_CP095494.1_74	ff2b0bcb1fab956ea3f1e8b3d55bd853	330	Gene3D	G3DSA:3.40.50.300	-	1	256	2.4E-34	T	21-06-2023	IPR027417	P-loop containing nucleoside triphosphate hydrolase
>NZ_CP095494.1_74	ff2b0bcb1fab956ea3f1e8b3d55bd853	330	PANTHER	PTHR13696	P-LOOP CONTAINING NUCLEOSIDE TRIPHOSPHATE HYDROLASE	3	262	3.7E-32	T	21-06-2023	-	-
>NZ_CP095494.1_74	ff2b0bcb1fab956ea3f1e8b3d55bd853	330	SUPERFAMILY	SSF52540	P-loop containing nucleoside triphosphate hydrolases	4	241	1.76E-25	T	21-06-2023	IPR027417	P-loop containing nucleoside triphosphate hydrolase
>NZ_CP095494.1_74	ff2b0bcb1fab956ea3f1e8b3d55bd853	330	Pfam	PF13614	AAA domain	5	191	1.8E-19	T	21-06-2023	IPR025669	AAA domain
>NZ_CP095494.1_28	ea4baa3ba1872100aec658183b6b2dd0	146	MobiDBLite	mobidb-lite	consensus disorder prediction	124	146	-	T	21-06-2023	-	-
>NZ_CP095494.1_28	ea4baa3ba1872100aec658183b6b2dd0	146	Pfam	PF07790	Archaeal Type IV pilin, N-terminal	16	90	4.6E-13	T	21-06-2023	IPR012859	Archaeal Type IV pilin, N-terminal
>NZ_CP095494.1_28	ea4baa3ba1872100aec658183b6b2dd0	146	NCBIfam	TIGR02537	archaeal flagellin N-terminal-like domain	16	38	2.4E-6	T	21-06-2023	IPR013373	Flagellin/pilin, N-terminal site, archaea
>NZ_CP095494.1_38	72fb4366f27e884dcd1b7d15fd14df91	135	MobiDBLite	mobidb-lite	consensus disorder prediction	1	22	-	T	21-06-2023	-	-
>NZ_CP095494.1_34	10e92781141df8bc91d88b52aea447de	1084	Coils	Coil	Coil	604	624	-	T	21-06-2023	-	-
>NZ_CP095494.1_34	10e92781141df8bc91d88b52aea447de	1084	ProSiteProfiles	PS51257	Prokaryotic membrane lipoprotein lipid attachment site profile.	1	27	6.0	T	21-06-2023	-	-
>NZ_CP095494.1_19	2dd9ea743027263c2b566987bb06a0ee	283	Gene3D	G3DSA:3.30.70.2660	-	30	266	2.3E-15	T	21-06-2023	-	-
>NZ_CP095494.1_19	2dd9ea743027263c2b566987bb06a0ee	283	Pfam	PF09704	CRISPR-associated protein (Cas_Cas5)	37	157	3.0E-8	T	21-06-2023	IPR021124	CRISPR-associated protein, Cas5
>NZ_CP095494.1_19	2dd9ea743027263c2b566987bb06a0ee	283	MobiDBLite	mobidb-lite	consensus disorder prediction	1	23	-	T	21-06-2023	-	-
>NZ_CP095494.1_19	2dd9ea743027263c2b566987bb06a0ee	283	NCBIfam	TIGR02593	CRISPR-associated protein Cas5	32	73	1.6E-8	T	21-06-2023	IPR013422	CRISPR-associated protein Cas5, N-terminal
>NZ_CP095494.1_19	2dd9ea743027263c2b566987bb06a0ee	283	NCBIfam	TIGR02592	type I-B CRISPR-associated protein Cas5b	31	282	3.1E-51	T	21-06-2023	IPR013421	Type I-B CRISPR-associated protein Cas5, HALMA
>NZ_CP095494.1_42	d536db7b2edb2135f817aa3296027f23	106	MobiDBLite	mobidb-lite	consensus disorder prediction	75	106	-	T	21-06-2023	-	-
>NZ_CP095494.1_91	3df71fd03223e3c56b1693c67fcc4c20	34	MobiDBLite	mobidb-lite	consensus disorder prediction	14	34	-	T	21-06-2023	-	-
>NZ_CP095494.1_57	93a532c4a91f918f741fbae5e6131d7b	371	MobiDBLite	mobidb-lite	consensus disorder prediction	224	255	-	T	21-06-2023	-	-
>NZ_CP095494.1_57	93a532c4a91f918f741fbae5e6131d7b	371	MobiDBLite	mobidb-lite	consensus disorder prediction	224	249	-	T	21-06-2023	-	-
>NZ_CP095494.1_57	93a532c4a91f918f741fbae5e6131d7b	371	SUPERFAMILY	SSF50494	Trypsin-like serine proteases	177	348	2.96E-7	T	21-06-2023	IPR009003	Peptidase S1, PA clan
>NZ_CP095494.1_105	ee9346573dda6e30d498162846fe5855	63	MobiDBLite	mobidb-lite	consensus disorder prediction	14	29	-	T	21-06-2023	-	-
>NZ_CP095494.1_105	ee9346573dda6e30d498162846fe5855	63	MobiDBLite	mobidb-lite	consensus disorder prediction	1	36	-	T	21-06-2023	-	-
>NZ_CP095494.1_96	af33b5345f1c56e62f93bcf8f30e5338	107	Pfam	PF01475	Ferric uptake regulator family	19	85	6.4E-6	T	21-06-2023	IPR002481	Ferric-uptake regulator
>NZ_CP095494.1_96	af33b5345f1c56e62f93bcf8f30e5338	107	CDD	cd00090	HTH_ARSR	32	89	5.73087E-8	T	21-06-2023	IPR011991	ArsR-like helix-turn-helix domain
>NZ_CP095494.1_96	af33b5345f1c56e62f93bcf8f30e5338	107	SUPERFAMILY	SSF46785	"Winged helix" DNA-binding domain	33	88	5.05E-9	T	21-06-2023	IPR036390	Winged helix DNA-binding domain superfamily
>NZ_CP095494.1_96	af33b5345f1c56e62f93bcf8f30e5338	107	Gene3D	G3DSA:1.10.10.10	-	1	101	1.1E-9	T	21-06-2023	IPR036388	Winged helix-like DNA-binding domain superfamily
>NZ_CP095494.1_96	af33b5345f1c56e62f93bcf8f30e5338	107	SMART	SM00418	arsrmega2	14	94	0.0015	T	21-06-2023	IPR001845	HTH ArsR-type DNA-binding domain
>NZ_CP095494.1_20	54c717707337379e35a0c1a402b89f7a	949	Coils	Coil	Coil	259	280	-	T	21-06-2023	-	-
>NZ_CP095494.1_20	54c717707337379e35a0c1a402b89f7a	949	Gene3D	G3DSA:3.40.50.300	-	276	498	8.6E-8	T	21-06-2023	IPR027417	P-loop containing nucleoside triphosphate hydrolase
>NZ_CP095494.1_20	54c717707337379e35a0c1a402b89f7a	949	SUPERFAMILY	SSF52540	P-loop containing nucleoside triphosphate hydrolases	292	735	5.62E-18	T	21-06-2023	IPR027417	P-loop containing nucleoside triphosphate hydrolase
>NZ_CP095494.1_20	54c717707337379e35a0c1a402b89f7a	949	Pfam	PF18019	HD domain	43	167	5.3E-6	T	21-06-2023	IPR006483	CRISPR-associated Cas3-type HD domain
>NZ_CP095494.1_20	54c717707337379e35a0c1a402b89f7a	949	Pfam	PF04851	Type III restriction enzyme, res subunit	279	477	2.3E-5	T	21-06-2023	IPR006935	Helicase/UvrB, N-terminal
>NZ_CP095494.1_20	54c717707337379e35a0c1a402b89f7a	949	Gene3D	G3DSA:1.10.3210.30	-	10	159	9.7E-16	T	21-06-2023	IPR038257	CRISPR-associated Cas3-type HD domain superfamily
>NZ_CP095494.1_20	54c717707337379e35a0c1a402b89f7a	949	CDD	cd09641	Cas3''_I	17	236	3.42143E-19	T	21-06-2023	-	-
>NZ_CP095494.1_20	54c717707337379e35a0c1a402b89f7a	949	ProSiteProfiles	PS51643	HD Cas3-type domain profile.	11	233	23.242208	T	21-06-2023	IPR006483	CRISPR-associated Cas3-type HD domain
>NZ_CP095494.1_20	54c717707337379e35a0c1a402b89f7a	949	NCBIfam	TIGR01596	CRISPR-associated endonuclease Cas3''	18	235	1.9E-19	T	21-06-2023	IPR006483	CRISPR-associated Cas3-type HD domain
>NZ_CP095494.1_63	35dd1a8ee2ee415389ef83846a526cd7	82	Pfam	PF00589	Phage integrase family	3	69	2.3E-8	T	21-06-2023	IPR002104	Integrase, catalytic domain
>NZ_CP095494.1_63	35dd1a8ee2ee415389ef83846a526cd7	82	Gene3D	G3DSA:1.10.443.10	Intergrase catalytic core	1	82	6.4E-10	T	21-06-2023	IPR013762	Integrase-like, catalytic domain superfamily
>NZ_CP095494.1_63	35dd1a8ee2ee415389ef83846a526cd7	82	SUPERFAMILY	SSF56349	DNA breaking-rejoining enzymes	3	76	1.21E-8	T	21-06-2023	IPR011010	DNA breaking-rejoining enzyme, catalytic core
>NZ_CP095494.1_58	56c78a6603ff6acd5605b55785d2f7d4	260	Gene3D	G3DSA:1.10.10.10	-	8	92	1.0E-7	T	21-06-2023	IPR036388	Winged helix-like DNA-binding domain superfamily
>NZ_CP095494.1_58	56c78a6603ff6acd5605b55785d2f7d4	260	SUPERFAMILY	SSF46785	"Winged helix" DNA-binding domain	18	88	1.57E-10	T	21-06-2023	IPR036390	Winged helix DNA-binding domain superfamily
>NZ_CP095494.1_58	56c78a6603ff6acd5605b55785d2f7d4	260	Pfam	PF01022	Bacterial regulatory protein, arsR family	15	58	1.3E-5	T	21-06-2023	IPR001845	HTH ArsR-type DNA-binding domain
>NZ_CP095494.1_58	56c78a6603ff6acd5605b55785d2f7d4	260	CDD	cd00090	HTH_ARSR	11	60	1.35235E-7	T	21-06-2023	IPR011991	ArsR-like helix-turn-helix domain
>NZ_CP095494.1_39	a29f0ece1f0e6db3ccbc9ff8245f3741	234	ProSiteProfiles	PS51318	Twin arginine translocation (Tat) signal profile.	1	37	9.341227	T	21-06-2023	IPR006311	Twin-arginine translocation pathway, signal sequence
>NZ_CP095494.1_14	650c6ae6a1bf95eb60abd9813e6fcd6d	97	SUPERFAMILY	SSF46785	"Winged helix" DNA-binding domain	2	89	1.07E-17	T	21-06-2023	IPR036390	Winged helix DNA-binding domain superfamily
>NZ_CP095494.1_14	650c6ae6a1bf95eb60abd9813e6fcd6d	97	Gene3D	G3DSA:1.10.10.10	-	11	96	1.8E-10	T	21-06-2023	IPR036388	Winged helix-like DNA-binding domain superfamily
>NZ_CP095494.1_14	650c6ae6a1bf95eb60abd9813e6fcd6d	97	Pfam	PF03551	Transcriptional regulator PadR-like family	19	79	1.7E-13	T	21-06-2023	IPR005149	Transcription regulator PadR, N-terminal
>NZ_CP095494.1_12	aab5cfc3486771f55675b4c48db29875	168	SUPERFAMILY	SSF46785	"Winged helix" DNA-binding domain	33	127	7.93E-11	T	21-06-2023	IPR036390	Winged helix DNA-binding domain superfamily
>NZ_CP095494.1_12	aab5cfc3486771f55675b4c48db29875	168	Gene3D	G3DSA:1.10.10.10	-	20	161	7.4E-42	T	21-06-2023	IPR036388	Winged helix-like DNA-binding domain superfamily
>NZ_CP095494.1_12	aab5cfc3486771f55675b4c48db29875	168	Pfam	PF01638	HxlR-like helix-turn-helix	65	123	1.2E-4	T	21-06-2023	IPR002577	Helix-turn-helix, HxlR type
>NZ_CP095494.1_12	aab5cfc3486771f55675b4c48db29875	168	MobiDBLite	mobidb-lite	consensus disorder prediction	144	168	-	T	21-06-2023	-	-
>NZ_CP095494.1_12	aab5cfc3486771f55675b4c48db29875	168	MobiDBLite	mobidb-lite	consensus disorder prediction	1	28	-	T	21-06-2023	-	-
>NZ_CP095494.1_77	b798123ec80c1630cbd8ada9ef614e6c	51	Gene3D	G3DSA:3.30.160.60	Classic Zinc Finger	10	39	2.4E-5	T	21-06-2023	-	-
>NZ_CP095494.1_77	b798123ec80c1630cbd8ada9ef614e6c	51	ProSitePatterns	PS00028	Zinc finger C2H2 type domain signature.	14	37	-	T	21-06-2023	IPR013087	Zinc finger C2H2-type
>NZ_CP095494.1_77	b798123ec80c1630cbd8ada9ef614e6c	51	ProSiteProfiles	PS50157	Zinc finger C2H2 type domain profile.	12	42	8.912109	T	21-06-2023	IPR013087	Zinc finger C2H2-type
>NZ_CP095494.1_51	8ca5eb55cdc70b0840f990e401ac4516	707	MobiDBLite	mobidb-lite	consensus disorder prediction	171	191	-	T	21-06-2023	-	-
>NZ_CP095494.1_51	8ca5eb55cdc70b0840f990e401ac4516	707	Coils	Coil	Coil	246	284	-	T	21-06-2023	-	-
>NZ_CP095494.1_51	8ca5eb55cdc70b0840f990e401ac4516	707	Coils	Coil	Coil	191	218	-	T	21-06-2023	-	-
>NZ_CP095494.1_69	03da31831f5bfa922228a7a3996eea0f	384	CDD	cd00397	DNA_BRE_C	172	365	3.7704E-9	T	21-06-2023	-	-
>NZ_CP095494.1_69	03da31831f5bfa922228a7a3996eea0f	384	Gene3D	G3DSA:1.10.150.130	-	11	126	3.6E-10	T	21-06-2023	IPR010998	Integrase/recombinase, N-terminal
>NZ_CP095494.1_69	03da31831f5bfa922228a7a3996eea0f	384	Pfam	PF00589	Phage integrase family	172	369	1.3E-6	T	21-06-2023	IPR002104	Integrase, catalytic domain
>NZ_CP095494.1_69	03da31831f5bfa922228a7a3996eea0f	384	Gene3D	G3DSA:1.10.443.10	Intergrase catalytic core	165	375	3.2E-20	T	21-06-2023	IPR013762	Integrase-like, catalytic domain superfamily
>NZ_CP095494.1_69	03da31831f5bfa922228a7a3996eea0f	384	SUPERFAMILY	SSF56349	DNA breaking-rejoining enzymes	15	375	3.83E-21	T	21-06-2023	IPR011010	DNA breaking-rejoining enzyme, catalytic core
>NZ_CP095494.1_69	03da31831f5bfa922228a7a3996eea0f	384	ProSiteProfiles	PS51900	Core-binding (CB) domain profile.	13	107	13.607939	T	21-06-2023	IPR044068	Core-binding (CB) domain
>NZ_CP095494.1_69	03da31831f5bfa922228a7a3996eea0f	384	ProSiteProfiles	PS51898	Tyrosine recombinase domain profile.	142	378	16.720245	T	21-06-2023	IPR002104	Integrase, catalytic domain
>NZ_CP095494.1_30	aea62c330c67566e49117494c052ee2e	180	Pfam	PF18780	Homing endonuclease associated repeat	125	176	1.1E-16	T	21-06-2023	IPR041025	Homing endonuclease associated repeat
>NZ_CP095494.1_30	aea62c330c67566e49117494c052ee2e	180	Pfam	PF18780	Homing endonuclease associated repeat	62	113	3.3E-15	T	21-06-2023	IPR041025	Homing endonuclease associated repeat
>NZ_CP095494.1_30	aea62c330c67566e49117494c052ee2e	180	Pfam	PF18780	Homing endonuclease associated repeat	3	55	1.1E-20	T	21-06-2023	IPR041025	Homing endonuclease associated repeat
>NZ_CP095494.1_49	6e90f337c686243dee95ee8365057775	349	Coils	Coil	Coil	258	278	-	T	21-06-2023	-	-
>NZ_CP095494.1_49	6e90f337c686243dee95ee8365057775	349	MobiDBLite	mobidb-lite	consensus disorder prediction	322	349	-	T	21-06-2023	-	-
>NZ_CP095494.1_49	6e90f337c686243dee95ee8365057775	349	MobiDBLite	mobidb-lite	consensus disorder prediction	322	337	-	T	21-06-2023	-	-
>NZ_CP095494.1_90	0c5e0b1c3203369722f77893eb1ca9ef	97	Coils	Coil	Coil	63	97	-	T	21-06-2023	-	-
>NZ_CP095494.1_90	0c5e0b1c3203369722f77893eb1ca9ef	97	Coils	Coil	Coil	41	61	-	T	21-06-2023	-	-
>NZ_CP095494.1_18	f99a3cc92d616ffebdbe5465fa4f4ee0	369	Pfam	PF05107	CRISPR-associated protein Cas7	27	300	2.8E-47	T	21-06-2023	IPR006482	CRISPR-associated protein Cas7, subtype I-B/I-C
>NZ_CP095494.1_18	f99a3cc92d616ffebdbe5465fa4f4ee0	369	NCBIfam	TIGR02590	type I-B CRISPR-associated protein Cas7/Csh2	28	330	8.2E-88	T	21-06-2023	IPR013419	Type I-B CRISPR-associated protein Cas7/Csh2
>NZ_CP095494.1_18	f99a3cc92d616ffebdbe5465fa4f4ee0	369	MobiDBLite	mobidb-lite	consensus disorder prediction	1	25	-	T	21-06-2023	-	-
>NZ_CP095494.1_18	f99a3cc92d616ffebdbe5465fa4f4ee0	369	NCBIfam	TIGR01595	CRISPR-associated protein, CT1132 family	25	304	2.0E-38	T	21-06-2023	IPR006482	CRISPR-associated protein Cas7, subtype I-B/I-C
>NZ_CP095494.1_103	5fd690ce9e10a6b2de0258a507e20592	126	Pfam	PF18902	Domain of unknown function (DUF5658)	40	113	1.2E-5	T	21-06-2023	IPR043717	Domain of unknown function DUF5658
>NZ_CP095494.1_65	212950aa06163c557df2c47f8011a736	176	ProSiteProfiles	PS51257	Prokaryotic membrane lipoprotein lipid attachment site profile.	1	22	6.0	T	21-06-2023	-	-
>NZ_CP095494.1_65	212950aa06163c557df2c47f8011a736	176	MobiDBLite	mobidb-lite	consensus disorder prediction	29	57	-	T	21-06-2023	-	-
>NZ_CP095494.1_107	57f664c162745a90a5c3fff1c2713cec	185	SMART	SM00507	HNH_5	12	66	1.6E-11	T	21-06-2023	IPR003615	HNH nuclease
>NZ_CP095494.1_107	57f664c162745a90a5c3fff1c2713cec	185	Pfam	PF01844	HNH endonuclease	25	69	1.5E-12	T	21-06-2023	IPR002711	HNH endonuclease
>NZ_CP095494.1_107	57f664c162745a90a5c3fff1c2713cec	185	CDD	cd00085	HNHc	12	69	4.78444E-12	T	21-06-2023	IPR003615	HNH nuclease
>NZ_CP095494.1_107	57f664c162745a90a5c3fff1c2713cec	185	Gene3D	G3DSA:1.10.30.50	-	3	88	7.2E-12	T	21-06-2023	-	-
>NZ_CP095494.1_107	57f664c162745a90a5c3fff1c2713cec	185	PANTHER	PTHR41286	HNH NUCLEASE YAJD-RELATED	9	81	7.4E-10	T	21-06-2023	-	-
>NZ_CP095494.1_73	d1940b00980a1ce87ef3326b3bd9b24f	142	MobiDBLite	mobidb-lite	consensus disorder prediction	14	32	-	T	21-06-2023	-	-
>NZ_CP095494.1_73	d1940b00980a1ce87ef3326b3bd9b24f	142	MobiDBLite	mobidb-lite	consensus disorder prediction	1	64	-	T	21-06-2023	-	-
>NZ_CP095494.1_16	560a9d55b2ac1cdbb6c586d88585f0a7	275	Pfam	PF01881	CRISPR associated protein Cas6, C-terminal	117	252	8.6E-13	T	21-06-2023	IPR010156	CRISPR-associated endoribonuclease Cas6
>NZ_CP095494.1_16	560a9d55b2ac1cdbb6c586d88585f0a7	275	NCBIfam	TIGR01877	CRISPR-associated endoribonuclease Cas6	40	251	1.8E-19	T	21-06-2023	IPR010156	CRISPR-associated endoribonuclease Cas6
>NZ_CP095494.1_16	560a9d55b2ac1cdbb6c586d88585f0a7	275	Gene3D	G3DSA:3.30.70.1900	-	130	254	1.2E-7	T	21-06-2023	-	-
>NZ_CP095494.1_16	560a9d55b2ac1cdbb6c586d88585f0a7	275	PANTHER	PTHR36984	CRISPR-ASSOCIATED ENDORIBONUCLEASE CAS6 1	1	254	1.4E-9	T	21-06-2023	IPR010156	CRISPR-associated endoribonuclease Cas6
>NZ_CP095494.1_48	a7da132a5369e5a27e55916d38fba5d1	237	Coils	Coil	Coil	6	26	-	T	21-06-2023	-	-
>NZ_CP095494.1_48	a7da132a5369e5a27e55916d38fba5d1	237	MobiDBLite	mobidb-lite	consensus disorder prediction	190	215	-	T	21-06-2023	-	-
>NZ_CP095494.1_87	6fef251da9b08c28c75706753b466d06	82	MobiDBLite	mobidb-lite	consensus disorder prediction	1	19	-	T	21-06-2023	-	-
>NZ_CP095494.1_87	6fef251da9b08c28c75706753b466d06	82	MobiDBLite	mobidb-lite	consensus disorder prediction	1	24	-	T	21-06-2023	-	-
>NZ_CP095494.1_17	83157965fac3e88ff12b61b629dfd7f1	726	Pfam	PF09484	CRISPR-associated protein TM1802 (cas_TM1802)	62	700	6.2E-20	T	21-06-2023	IPR013389	CRISPR-associated protein Cas8b
>NZ_CP095494.1_17	83157965fac3e88ff12b61b629dfd7f1	726	NCBIfam	TIGR02591	type I-B CRISPR-associated protein Cas8b/Csh1	269	700	1.7E-38	T	21-06-2023	IPR013420	Type I-B CRISPR-associated protein Cas8b/Csh1, C-terminal
>NZ_CP095494.1_21	d20b56269363c5847ba1db58f6681461	189	Pfam	PF01930	Domain of unknown function DUF83	32	188	1.4E-42	T	21-06-2023	IPR022765	Dna2/Cas4, domain of unknown function DUF83
>NZ_CP095494.1_21	d20b56269363c5847ba1db58f6681461	189	NCBIfam	TIGR00372	CRISPR-associated protein Cas4	31	188	1.7E-18	T	21-06-2023	IPR013343	CRISPR-associated protein Cas4
>NZ_CP095494.1_21	d20b56269363c5847ba1db58f6681461	189	Gene3D	G3DSA:3.90.320.10	-	7	188	7.4E-13	T	21-06-2023	IPR011604	PD-(D/E)XK endonuclease-like domain superfamily
>NZ_CP095494.1_21	d20b56269363c5847ba1db58f6681461	189	PANTHER	PTHR37168	CRISPR-ASSOCIATED EXONUCLEASE CAS4	28	188	1.4E-42	T	21-06-2023	-	-
>NZ_CP095494.1_106	2c82cfbb644970696f79826297ed81c7	68	Coils	Coil	Coil	31	58	-	T	21-06-2023	-	-
>NZ_CP095494.1_43	cc42e80aca5fb8d7e4e27bd0a62252c6	111	MobiDBLite	mobidb-lite	consensus disorder prediction	1	21	-	T	21-06-2023	-	-
>NZ_CP095494.1_9	4166ff2b0c9a71499f06c5701bf2a92c	101	Gene3D	G3DSA:1.10.10.10	-	9	95	1.4E-20	T	21-06-2023	IPR036388	Winged helix-like DNA-binding domain superfamily
>NZ_CP095494.1_9	4166ff2b0c9a71499f06c5701bf2a92c	101	SUPERFAMILY	SSF46785	"Winged helix" DNA-binding domain	16	87	2.24E-6	T	21-06-2023	IPR036390	Winged helix DNA-binding domain superfamily
>NZ_CP095494.1_84	018059eeb784b8ef69251a25b143c37b	290	SUPERFAMILY	SSF53335	S-adenosyl-L-methionine-dependent methyltransferases	19	241	1.58E-39	T	21-06-2023	IPR029063	S-adenosyl-L-methionine-dependent methyltransferase superfamily
>NZ_CP095494.1_84	018059eeb784b8ef69251a25b143c37b	290	Pfam	PF02086	D12 class N6 adenine-specific DNA methyltransferase	23	207	4.3E-21	T	21-06-2023	IPR012327	D12 class N6 adenine-specific DNA methyltransferase
>NZ_CP095494.1_84	018059eeb784b8ef69251a25b143c37b	290	Gene3D	G3DSA:3.40.50.150	Vaccinia Virus protein VP39	21	234	1.6E-33	T	21-06-2023	IPR029063	S-adenosyl-L-methionine-dependent methyltransferase superfamily
>NZ_CP095494.1_84	018059eeb784b8ef69251a25b143c37b	290	PRINTS	PR00505	D12 class N6 adenine-specific DNA methyltransferase signature	23	39	4.7E-9	T	21-06-2023	IPR012327	D12 class N6 adenine-specific DNA methyltransferase
>NZ_CP095494.1_84	018059eeb784b8ef69251a25b143c37b	290	PRINTS	PR00505	D12 class N6 adenine-specific DNA methyltransferase signature	44	58	4.7E-9	T	21-06-2023	IPR012327	D12 class N6 adenine-specific DNA methyltransferase
>NZ_CP095494.1_84	018059eeb784b8ef69251a25b143c37b	290	PRINTS	PR00505	D12 class N6 adenine-specific DNA methyltransferase signature	64	77	4.7E-9	T	21-06-2023	IPR012327	D12 class N6 adenine-specific DNA methyltransferase
>NZ_CP095494.1_84	018059eeb784b8ef69251a25b143c37b	290	PRINTS	PR00505	D12 class N6 adenine-specific DNA methyltransferase signature	191	203	4.7E-9	T	21-06-2023	IPR012327	D12 class N6 adenine-specific DNA methyltransferase
>NZ_CP095494.1_84	018059eeb784b8ef69251a25b143c37b	290	PANTHER	PTHR30481	DNA ADENINE METHYLASE	18	242	2.2E-32	T	21-06-2023	IPR012327	D12 class N6 adenine-specific DNA methyltransferase
>NZ_CP095494.1_84	018059eeb784b8ef69251a25b143c37b	290	Gene3D	G3DSA:1.10.1020.10	-	71	169	1.6E-33	T	21-06-2023	IPR023095	Adenine-specific methyltransferase, domain 2
>NZ_CP095494.1_35	1af7995aa1a2398fe86f2c8d20f5da78	527	ProSitePatterns	PS00138	Serine proteases, subtilase family, serine active site.	433	443	-	T	21-06-2023	IPR023828	Peptidase S8, subtilisin, Ser-active site
>NZ_CP095494.1_35	1af7995aa1a2398fe86f2c8d20f5da78	527	Coils	Coil	Coil	493	513	-	T	21-06-2023	-	-
>NZ_CP095494.1_35	1af7995aa1a2398fe86f2c8d20f5da78	527	Pfam	PF00082	Subtilase family	210	450	4.1E-32	T	21-06-2023	IPR000209	Peptidase S8/S53 domain
>NZ_CP095494.1_35	1af7995aa1a2398fe86f2c8d20f5da78	527	PRINTS	PR00723	Subtilisin serine protease family (S8) signature	258	271	2.1E-6	T	21-06-2023	IPR015500	Peptidase S8, subtilisin-related
>NZ_CP095494.1_35	1af7995aa1a2398fe86f2c8d20f5da78	527	PRINTS	PR00723	Subtilisin serine protease family (S8) signature	432	448	2.1E-6	T	21-06-2023	IPR015500	Peptidase S8, subtilisin-related
>NZ_CP095494.1_35	1af7995aa1a2398fe86f2c8d20f5da78	527	PANTHER	PTHR43806	PEPTIDASE S8	182	473	2.4E-32	T	21-06-2023	-	-
>NZ_CP095494.1_35	1af7995aa1a2398fe86f2c8d20f5da78	527	ProSiteProfiles	PS51892	Serine proteases, subtilase domain profile.	170	488	21.862888	T	21-06-2023	-	-
>NZ_CP095494.1_35	1af7995aa1a2398fe86f2c8d20f5da78	527	SUPERFAMILY	SSF52743	Subtilisin-like	205	489	3.4E-40	T	21-06-2023	IPR036852	Peptidase S8/S53 domain superfamily
>NZ_CP095494.1_35	1af7995aa1a2398fe86f2c8d20f5da78	527	Gene3D	G3DSA:3.40.50.200	Peptidase S8/S53 domain	191	506	5.7E-44	T	21-06-2023	IPR036852	Peptidase S8/S53 domain superfamily
>NZ_CP095494.1_22	e552c1cc1e2f64dd6ad4ba51b2bb8e33	331	Hamap	MF_01470	CRISPR-associated endonuclease Cas1 [cas1].	3	316	24.580074	T	21-06-2023	IPR002729	CRISPR-associated protein Cas1
>NZ_CP095494.1_22	e552c1cc1e2f64dd6ad4ba51b2bb8e33	331	CDD	cd09722	Cas1_I-B	5	326	0.0	T	21-06-2023	IPR019858	CRISPR-associated protein Cas1, HMARI/TNEAP subtype
>NZ_CP095494.1_22	e552c1cc1e2f64dd6ad4ba51b2bb8e33	331	Gene3D	G3DSA:3.100.10.20	-	1	82	5.1E-19	T	21-06-2023	IPR042211	CRISPR-associated endonuclease Cas1, N-terminal domain
>NZ_CP095494.1_22	e552c1cc1e2f64dd6ad4ba51b2bb8e33	331	PANTHER	PTHR43219	CRISPR-ASSOCIATED ENDONUCLEASE CAS1	5	331	5.7E-103	T	21-06-2023	IPR019858	CRISPR-associated protein Cas1, HMARI/TNEAP subtype
>NZ_CP095494.1_22	e552c1cc1e2f64dd6ad4ba51b2bb8e33	331	Gene3D	G3DSA:1.20.120.920	-	84	331	2.3E-66	T	21-06-2023	IPR042206	CRISPR-associated endonuclease Cas1, C-terminal domain
>NZ_CP095494.1_22	e552c1cc1e2f64dd6ad4ba51b2bb8e33	331	Pfam	PF01867	CRISPR associated protein Cas1	8	286	1.1E-84	T	21-06-2023	IPR002729	CRISPR-associated protein Cas1
>NZ_CP095494.1_22	e552c1cc1e2f64dd6ad4ba51b2bb8e33	331	NCBIfam	TIGR00287	CRISPR-associated endonuclease Cas1	8	326	2.3E-80	T	21-06-2023	IPR002729	CRISPR-associated protein Cas1
>NZ_CP095494.1_22	e552c1cc1e2f64dd6ad4ba51b2bb8e33	331	NCBIfam	TIGR03641	type I-B CRISPR-associated endonuclease Cas1b	5	331	4.8E-118	T	21-06-2023	IPR019858	CRISPR-associated protein Cas1, HMARI/TNEAP subtype
>NZ_CP095494.1_26	571f2438cfd8bb4e0b2738f77f5139b4	146	MobiDBLite	mobidb-lite	consensus disorder prediction	43	76	-	T	21-06-2023	-	-
>NZ_CP095494.1_75	a4fb6cbb74446cd160eb04021f205f9c	159	Coils	Coil	Coil	75	102	-	T	21-06-2023	-	-
>NZ_CP095494.1_75	a4fb6cbb74446cd160eb04021f205f9c	159	Gene3D	G3DSA:1.10.10.10	-	75	158	1.5E-13	T	21-06-2023	IPR036388	Winged helix-like DNA-binding domain superfamily
>NZ_CP095494.1_75	a4fb6cbb74446cd160eb04021f205f9c	159	Coils	Coil	Coil	125	145	-	T	21-06-2023	-	-
>NZ_CP095494.1_75	a4fb6cbb74446cd160eb04021f205f9c	159	Coils	Coil	Coil	1	35	-	T	21-06-2023	-	-
>NZ_CP095494.1_25	12c1350abbffa77471faba61732a4e05	195	MobiDBLite	mobidb-lite	consensus disorder prediction	175	195	-	T	21-06-2023	-	-
>NZ_CP095494.1_23	5bc729be4a5756cd722ad6a70307ac9c	86	Gene3D	G3DSA:3.30.70.240	-	1	64	4.0E-16	T	21-06-2023	-	-
>NZ_CP095494.1_23	5bc729be4a5756cd722ad6a70307ac9c	86	CDD	cd09725	Cas2_I_II_III	3	76	3.4959E-17	T	21-06-2023	IPR021127	CRISPR-associated endonuclease Cas2
>NZ_CP095494.1_23	5bc729be4a5756cd722ad6a70307ac9c	86	SUPERFAMILY	SSF143430	TTP0101/SSO1404-like	1	77	2.09E-16	T	21-06-2023	-	-
>NZ_CP095494.1_23	5bc729be4a5756cd722ad6a70307ac9c	86	PANTHER	PTHR34405	CRISPR-ASSOCIATED ENDORIBONUCLEASE CAS2	1	81	5.1E-12	T	21-06-2023	IPR021127	CRISPR-associated endonuclease Cas2
>NZ_CP095494.1_23	5bc729be4a5756cd722ad6a70307ac9c	86	Pfam	PF09827	CRISPR associated protein Cas2	1	63	2.7E-15	T	21-06-2023	IPR019199	Virulence-associated protein D / CRISPR associated protein Cas2
>NZ_CP095494.1_23	5bc729be4a5756cd722ad6a70307ac9c	86	Hamap	MF_01471	CRISPR-associated endoribonuclease Cas2 [cas2].	1	86	12.344843	T	21-06-2023	IPR021127	CRISPR-associated endonuclease Cas2
>NZ_CP095494.1_23	5bc729be4a5756cd722ad6a70307ac9c	86	NCBIfam	TIGR01573	CRISPR-associated endonuclease Cas2	1	76	2.0E-10	T	21-06-2023	IPR021127	CRISPR-associated endonuclease Cas2
>NZ_CP095494.1_92	5e9609c27b60c68c3fa22da929b4582c	186	CDD	cd00085	HNHc	110	137	0.00609626	T	21-06-2023	IPR003615	HNH nuclease
>NZ_CP095494.1_92	5e9609c27b60c68c3fa22da929b4582c	186	Pfam	PF13392	HNH endonuclease	90	135	1.2E-11	T	21-06-2023	IPR003615	HNH nuclease
>NZ_CP095494.1_92	5e9609c27b60c68c3fa22da929b4582c	186	SUPERFAMILY	SSF54060	His-Me finger endonucleases	62	139	1.41E-13	T	21-06-2023	IPR044925	His-Me finger superfamily
>NZ_CP095494.1_92	5e9609c27b60c68c3fa22da929b4582c	186	Gene3D	G3DSA:3.90.75.20	-	41	141	3.3E-12	T	21-06-2023	-	-
>NZ_CP095494.1_99	5f260bc018257a8bbba868fc9cc8655c	630	PANTHER	PTHR11472	DNA REPAIR DEAD HELICASE RAD3/XP-D SUBFAMILY MEMBER	141	628	8.2E-17	T	21-06-2023	IPR045028	Helicase superfamily 1/2, DinG/Rad3-like
>NZ_CP095494.1_99	5f260bc018257a8bbba868fc9cc8655c	630	Gene3D	G3DSA:3.40.50.300	-	25	256	6.8E-13	T	21-06-2023	IPR027417	P-loop containing nucleoside triphosphate hydrolase
>NZ_CP095494.1_99	5f260bc018257a8bbba868fc9cc8655c	630	Gene3D	G3DSA:3.40.50.300	-	450	629	2.2E-24	T	21-06-2023	IPR027417	P-loop containing nucleoside triphosphate hydrolase
>NZ_CP095494.1_99	5f260bc018257a8bbba868fc9cc8655c	630	SMART	SM00491	Cxpdneu3	486	616	2.4E-10	T	21-06-2023	IPR006555	ATP-dependent helicase, C-terminal
>NZ_CP095494.1_99	5f260bc018257a8bbba868fc9cc8655c	630	Pfam	PF13307	Helicase C-terminal domain	477	626	5.1E-18	T	21-06-2023	IPR006555	ATP-dependent helicase, C-terminal
>NZ_CP095494.1_99	5f260bc018257a8bbba868fc9cc8655c	630	SUPERFAMILY	SSF52540	P-loop containing nucleoside triphosphate hydrolases	46	610	3.64E-12	T	21-06-2023	IPR027417	P-loop containing nucleoside triphosphate hydrolase
>NZ_CP095494.1_99	5f260bc018257a8bbba868fc9cc8655c	630	ProSiteProfiles	PS51193	Superfamilies 1 and 2 helicase ATP-binding type-2 domain profile.	17	281	9.062237	T	21-06-2023	IPR014013	Helicase superfamily 1/2, ATP-binding domain, DinG/Rad3-type
>NZ_CP095494.1_99	5f260bc018257a8bbba868fc9cc8655c	630	MobiDBLite	mobidb-lite	consensus disorder prediction	1	20	-	T	21-06-2023	-	-
>NZ_CP095494.1_111	1940a5dd2e49fe59b8ecc574282c191e	412	NCBIfam	TIGR02928	orc1/cdc6 family replication initiation protein	10	376	0.0	T	21-06-2023	IPR014277	Orc1/Cdc6-type DNA replication protein, archaea
>NZ_CP095494.1_111	1940a5dd2e49fe59b8ecc574282c191e	412	CDD	cd00009	AAA	40	207	8.19038E-9	T	21-06-2023	-	-
>NZ_CP095494.1_111	1940a5dd2e49fe59b8ecc574282c191e	412	Pfam	PF13401	AAA domain	49	172	4.9E-12	T	21-06-2023	IPR003593	AAA+ ATPase domain
>NZ_CP095494.1_111	1940a5dd2e49fe59b8ecc574282c191e	412	Gene3D	G3DSA:1.10.8.60	-	10	286	1.2E-99	T	21-06-2023	-	-
>NZ_CP095494.1_111	1940a5dd2e49fe59b8ecc574282c191e	412	SMART	SM00382	AAA_5	48	209	4.6E-6	T	21-06-2023	IPR003593	AAA+ ATPase domain
>NZ_CP095494.1_111	1940a5dd2e49fe59b8ecc574282c191e	412	CDD	cd08768	Cdc6_C	296	382	6.25934E-16	T	21-06-2023	IPR015163	Cdc6, C-terminal
>NZ_CP095494.1_111	1940a5dd2e49fe59b8ecc574282c191e	412	SMART	SM01074	Cdc6_C_2	303	388	1.4E-11	T	21-06-2023	IPR015163	Cdc6, C-terminal
>NZ_CP095494.1_111	1940a5dd2e49fe59b8ecc574282c191e	412	Pfam	PF09079	CDC6, C terminal winged helix domain	303	385	6.6E-18	T	21-06-2023	IPR015163	Cdc6, C-terminal
>NZ_CP095494.1_111	1940a5dd2e49fe59b8ecc574282c191e	412	FunFam	G3DSA:1.10.8.60:FF:000073	ORC1-type DNA replication protein	194	286	3.6E-27	T	21-06-2023	-	-
>NZ_CP095494.1_111	1940a5dd2e49fe59b8ecc574282c191e	412	SUPERFAMILY	SSF46785	"Winged helix" DNA-binding domain	287	388	1.09E-14	T	21-06-2023	IPR036390	Winged helix DNA-binding domain superfamily
>NZ_CP095494.1_111	1940a5dd2e49fe59b8ecc574282c191e	412	FunFam	G3DSA:3.40.50.300:FF:000930	ORC1-type DNA replication protein	26	207	2.3E-58	T	21-06-2023	-	-
>NZ_CP095494.1_111	1940a5dd2e49fe59b8ecc574282c191e	412	Gene3D	G3DSA:1.10.10.10	-	297	405	4.8E-18	T	21-06-2023	IPR036388	Winged helix-like DNA-binding domain superfamily
>NZ_CP095494.1_111	1940a5dd2e49fe59b8ecc574282c191e	412	PANTHER	PTHR10763	CELL DIVISION CONTROL PROTEIN 6-RELATED	9	363	2.3E-53	T	21-06-2023	-	-
>NZ_CP095494.1_111	1940a5dd2e49fe59b8ecc574282c191e	412	Gene3D	G3DSA:3.40.50.300	-	26	207	1.2E-99	T	21-06-2023	IPR027417	P-loop containing nucleoside triphosphate hydrolase
>NZ_CP095494.1_111	1940a5dd2e49fe59b8ecc574282c191e	412	SUPERFAMILY	SSF52540	P-loop containing nucleoside triphosphate hydrolases	10	280	6.23E-43	T	21-06-2023	IPR027417	P-loop containing nucleoside triphosphate hydrolase
>NZ_CP095494.1_111	1940a5dd2e49fe59b8ecc574282c191e	412	Hamap	MF_01407	ORC1-type DNA replication protein.	3	388	30.716696	T	21-06-2023	IPR014277	Orc1/Cdc6-type DNA replication protein, archaea
>NZ_CP095494.1_15	b5daa4f37935f372c4736fe2317fd321	166	MobiDBLite	mobidb-lite	consensus disorder prediction	1	21	-	T	21-06-2023	-	-
>NZ_CP095494.1_15	b5daa4f37935f372c4736fe2317fd321	166	MobiDBLite	mobidb-lite	consensus disorder prediction	7	21	-	T	21-06-2023	-	-
