>NZ_CP119801.1_18	269ca3d32dd42d1a51129ff0087cb98e	209	SUPERFAMILY	SSF52309	N-(deoxy)ribosyltransferase-like	10	105	2.11E-5	T	21-06-2023	-	-
>NZ_CP119801.1_18	269ca3d32dd42d1a51129ff0087cb98e	209	Gene3D	G3DSA:3.40.50.450	-	4	111	1.1E-5	T	21-06-2023	-	-
>NZ_CP119801.1_37	089281eb5350845f1ddfc140e2717bb6	109	MobiDBLite	mobidb-lite	consensus disorder prediction	90	109	-	T	21-06-2023	-	-
>NZ_CP119801.1_64	b415a856e63d7bb91b02147a2225edc1	89	MobiDBLite	mobidb-lite	consensus disorder prediction	1	22	-	T	21-06-2023	-	-
>NZ_CP119801.1_64	b415a856e63d7bb91b02147a2225edc1	89	MobiDBLite	mobidb-lite	consensus disorder prediction	55	89	-	T	21-06-2023	-	-
>NZ_CP119801.1_60	892444470d368bebc34f9022a4c6ded0	91	SUPERFAMILY	SSF46785	"Winged helix" DNA-binding domain	16	69	1.72E-6	T	21-06-2023	IPR036390	Winged helix DNA-binding domain superfamily
>NZ_CP119801.1_60	892444470d368bebc34f9022a4c6ded0	91	Gene3D	G3DSA:1.10.10.10	-	32	72	4.0E-5	T	21-06-2023	IPR036388	Winged helix-like DNA-binding domain superfamily
>NZ_CP119801.1_48	2e3418abb92d511f4e6b79d9d4c40d75	65	MobiDBLite	mobidb-lite	consensus disorder prediction	1	65	-	T	21-06-2023	-	-
>NZ_CP119801.1_48	2e3418abb92d511f4e6b79d9d4c40d75	65	MobiDBLite	mobidb-lite	consensus disorder prediction	37	54	-	T	21-06-2023	-	-
>NZ_CP119801.1_48	2e3418abb92d511f4e6b79d9d4c40d75	65	MobiDBLite	mobidb-lite	consensus disorder prediction	1	36	-	T	21-06-2023	-	-
>NZ_CP119801.1_53	e0f435cfdb034af68ee521222f4618ff	180	MobiDBLite	mobidb-lite	consensus disorder prediction	1	27	-	T	21-06-2023	-	-
>NZ_CP119801.1_53	e0f435cfdb034af68ee521222f4618ff	180	Pfam	PF18780	Homing endonuclease associated repeat	3	54	1.4E-21	T	21-06-2023	IPR041025	Homing endonuclease associated repeat
>NZ_CP119801.1_53	e0f435cfdb034af68ee521222f4618ff	180	Pfam	PF18780	Homing endonuclease associated repeat	125	176	1.3E-18	T	21-06-2023	IPR041025	Homing endonuclease associated repeat
>NZ_CP119801.1_53	e0f435cfdb034af68ee521222f4618ff	180	Pfam	PF18780	Homing endonuclease associated repeat	64	113	6.4E-14	T	21-06-2023	IPR041025	Homing endonuclease associated repeat
>NZ_CP119801.1_53	e0f435cfdb034af68ee521222f4618ff	180	MobiDBLite	mobidb-lite	consensus disorder prediction	1	36	-	T	21-06-2023	-	-
>NZ_CP119801.1_44	4bcf93533a68f182679c6cb735f11aaf	523	ProSiteProfiles	PS51318	Twin arginine translocation (Tat) signal profile.	1	34	7.939547	T	21-06-2023	IPR006311	Twin-arginine translocation pathway, signal sequence
>NZ_CP119801.1_44	4bcf93533a68f182679c6cb735f11aaf	523	ProSiteProfiles	PS51892	Serine proteases, subtilase domain profile.	184	486	24.358728	T	21-06-2023	-	-
>NZ_CP119801.1_44	4bcf93533a68f182679c6cb735f11aaf	523	PANTHER	PTHR43806	PEPTIDASE S8	194	444	1.4E-28	T	21-06-2023	-	-
>NZ_CP119801.1_44	4bcf93533a68f182679c6cb735f11aaf	523	Pfam	PF00082	Subtilase family	207	444	5.2E-30	T	21-06-2023	IPR000209	Peptidase S8/S53 domain
>NZ_CP119801.1_44	4bcf93533a68f182679c6cb735f11aaf	523	SUPERFAMILY	SSF52743	Subtilisin-like	205	487	5.76E-38	T	21-06-2023	IPR036852	Peptidase S8/S53 domain superfamily
>NZ_CP119801.1_44	4bcf93533a68f182679c6cb735f11aaf	523	MobiDBLite	mobidb-lite	consensus disorder prediction	236	255	-	T	21-06-2023	-	-
>NZ_CP119801.1_44	4bcf93533a68f182679c6cb735f11aaf	523	Gene3D	G3DSA:3.40.50.200	Peptidase S8/S53 domain	184	482	3.3E-42	T	21-06-2023	IPR036852	Peptidase S8/S53 domain superfamily
>NZ_CP119801.1_6	8b628677530a5bd978ee6559fa3320c1	170	MobiDBLite	mobidb-lite	consensus disorder prediction	1	22	-	T	21-06-2023	-	-
>NZ_CP119801.1_55	8bc25abcca2fe5e1e162237ef8e9e7ea	159	Pfam	PF07790	Archaeal Type IV pilin, N-terminal	1	76	1.1E-12	T	21-06-2023	IPR012859	Archaeal Type IV pilin, N-terminal
>NZ_CP119801.1_36	14e1f35eb0eca96f76f09e498d0d7746	106	MobiDBLite	mobidb-lite	consensus disorder prediction	1	20	-	T	21-06-2023	-	-
>NZ_CP119801.1_46	1a2029272703b8a31d19a1c7de5a6663	199	MobiDBLite	mobidb-lite	consensus disorder prediction	12	31	-	T	21-06-2023	-	-
>NZ_CP119801.1_46	1a2029272703b8a31d19a1c7de5a6663	199	MobiDBLite	mobidb-lite	consensus disorder prediction	1	48	-	T	21-06-2023	-	-
>NZ_CP119801.1_2	d66b192c7eadee98016842f00e91264a	137	MobiDBLite	mobidb-lite	consensus disorder prediction	1	38	-	T	21-06-2023	-	-
>NZ_CP119801.1_2	d66b192c7eadee98016842f00e91264a	137	MobiDBLite	mobidb-lite	consensus disorder prediction	1	27	-	T	21-06-2023	-	-
>NZ_CP119801.1_39	5b9da6e760d9ba05d04b660fe5fffaf3	67	MobiDBLite	mobidb-lite	consensus disorder prediction	8	43	-	T	21-06-2023	-	-
>NZ_CP119801.1_39	5b9da6e760d9ba05d04b660fe5fffaf3	67	MobiDBLite	mobidb-lite	consensus disorder prediction	1	43	-	T	21-06-2023	-	-
>NZ_CP119801.1_9	9ab991ea0a6e03ca5f332e510ccfaeb9	119	MobiDBLite	mobidb-lite	consensus disorder prediction	1	21	-	T	21-06-2023	-	-
>NZ_CP119801.1_12	4b9de77d617c447bb7f19bc1a218d415	145	ProSiteProfiles	PS51257	Prokaryotic membrane lipoprotein lipid attachment site profile.	1	21	6.0	T	21-06-2023	-	-
>NZ_CP119801.1_31	ef16ad416bf084b8e8337b191c3e68c9	243	Coils	Coil	Coil	15	35	-	T	21-06-2023	-	-
>NZ_CP119801.1_31	ef16ad416bf084b8e8337b191c3e68c9	243	MobiDBLite	mobidb-lite	consensus disorder prediction	188	224	-	T	21-06-2023	-	-
>NZ_CP119801.1_56	7245c4944b6b2431371581af4d0e1b46	350	Gene3D	G3DSA:3.40.50.300	-	17	188	1.0E-48	T	21-06-2023	IPR027417	P-loop containing nucleoside triphosphate hydrolase
>NZ_CP119801.1_56	7245c4944b6b2431371581af4d0e1b46	350	Pfam	PF13401	AAA domain	44	150	8.3E-10	T	21-06-2023	IPR003593	AAA+ ATPase domain
>NZ_CP119801.1_56	7245c4944b6b2431371581af4d0e1b46	350	PANTHER	PTHR10763	CELL DIVISION CONTROL PROTEIN 6-RELATED	8	326	1.1E-25	T	21-06-2023	-	-
>NZ_CP119801.1_56	7245c4944b6b2431371581af4d0e1b46	350	SUPERFAMILY	SSF52540	P-loop containing nucleoside triphosphate hydrolases	2	257	5.18E-30	T	21-06-2023	IPR027417	P-loop containing nucleoside triphosphate hydrolase
>NZ_CP119801.1_56	7245c4944b6b2431371581af4d0e1b46	350	Coils	Coil	Coil	224	244	-	T	21-06-2023	-	-
>NZ_CP119801.1_56	7245c4944b6b2431371581af4d0e1b46	350	Gene3D	G3DSA:1.10.8.60	-	6	255	1.0E-48	T	21-06-2023	-	-
>NZ_CP119801.1_43	cd3748712b210bb2d1358bb64d068c17	259	ProSiteProfiles	PS51318	Twin arginine translocation (Tat) signal profile.	1	28	8.988604	T	21-06-2023	IPR006311	Twin-arginine translocation pathway, signal sequence
>NZ_CP119801.1_43	cd3748712b210bb2d1358bb64d068c17	259	MobiDBLite	mobidb-lite	consensus disorder prediction	161	181	-	T	21-06-2023	-	-
>NZ_CP119801.1_28	8b1dea1c5aadd22db6e97f8c18059f6a	607	MobiDBLite	mobidb-lite	consensus disorder prediction	161	208	-	T	21-06-2023	-	-
>NZ_CP119801.1_63	23a9fce20a1ecc826af382b897355fa2	226	SUPERFAMILY	SSF46785	"Winged helix" DNA-binding domain	24	69	3.84E-6	T	21-06-2023	IPR036390	Winged helix DNA-binding domain superfamily
>NZ_CP119801.1_70	823be9f4057c4d28e78d86b9486e56ac	163	MobiDBLite	mobidb-lite	consensus disorder prediction	134	163	-	T	21-06-2023	-	-
>NZ_CP119801.1_74	c1a69525b949a36142369ae07a540688	105	Gene3D	G3DSA:1.10.10.10	-	9	104	6.5E-11	T	21-06-2023	IPR036388	Winged helix-like DNA-binding domain superfamily
>NZ_CP119801.1_74	c1a69525b949a36142369ae07a540688	105	Pfam	PF03551	Transcriptional regulator PadR-like family	23	91	6.2E-12	T	21-06-2023	IPR005149	Transcription regulator PadR, N-terminal
>NZ_CP119801.1_74	c1a69525b949a36142369ae07a540688	105	SUPERFAMILY	SSF46785	"Winged helix" DNA-binding domain	14	99	6.95E-15	T	21-06-2023	IPR036390	Winged helix DNA-binding domain superfamily
>NZ_CP119801.1_1	b3e3be3633eea86e26138b47b1440ee6	285	Gene3D	G3DSA:3.40.50.300	-	3	285	1.8E-36	T	21-06-2023	IPR027417	P-loop containing nucleoside triphosphate hydrolase
>NZ_CP119801.1_1	b3e3be3633eea86e26138b47b1440ee6	285	SUPERFAMILY	SSF52540	P-loop containing nucleoside triphosphate hydrolases	5	252	1.48E-22	T	21-06-2023	IPR027417	P-loop containing nucleoside triphosphate hydrolase
>NZ_CP119801.1_1	b3e3be3633eea86e26138b47b1440ee6	285	CDD	cd02042	ParAB_family	8	225	1.29392E-15	T	21-06-2023	-	-
>NZ_CP119801.1_1	b3e3be3633eea86e26138b47b1440ee6	285	PANTHER	PTHR13696	P-LOOP CONTAINING NUCLEOSIDE TRIPHOSPHATE HYDROLASE	5	240	2.0E-25	T	21-06-2023	-	-
>NZ_CP119801.1_1	b3e3be3633eea86e26138b47b1440ee6	285	Coils	Coil	Coil	173	197	-	T	21-06-2023	-	-
>NZ_CP119801.1_1	b3e3be3633eea86e26138b47b1440ee6	285	Pfam	PF13614	AAA domain	8	194	6.2E-19	T	21-06-2023	IPR025669	AAA domain
>NZ_CP119801.1_26	90a42feddfcbea2af9766a2dd7e5e403	814	Coils	Coil	Coil	369	389	-	T	21-06-2023	-	-
>NZ_CP119801.1_26	90a42feddfcbea2af9766a2dd7e5e403	814	Coils	Coil	Coil	25	45	-	T	21-06-2023	-	-
>NZ_CP119801.1_26	90a42feddfcbea2af9766a2dd7e5e403	814	Gene3D	G3DSA:3.40.50.300	-	375	572	6.0E-8	T	21-06-2023	IPR027417	P-loop containing nucleoside triphosphate hydrolase
>NZ_CP119801.1_62	f25659efcfa28e30fe24c19bb5838fd9	245	MobiDBLite	mobidb-lite	consensus disorder prediction	134	148	-	T	21-06-2023	-	-
>NZ_CP119801.1_62	f25659efcfa28e30fe24c19bb5838fd9	245	MobiDBLite	mobidb-lite	consensus disorder prediction	98	117	-	T	21-06-2023	-	-
>NZ_CP119801.1_62	f25659efcfa28e30fe24c19bb5838fd9	245	MobiDBLite	mobidb-lite	consensus disorder prediction	88	245	-	T	21-06-2023	-	-
>NZ_CP119801.1_62	f25659efcfa28e30fe24c19bb5838fd9	245	MobiDBLite	mobidb-lite	consensus disorder prediction	213	233	-	T	21-06-2023	-	-
>NZ_CP119801.1_71	a6e7bea4939b990bc6e0e8a3d0815f52	197	Gene3D	G3DSA:1.10.287.110	DnaJ domain	139	196	4.0E-13	T	21-06-2023	IPR036869	Chaperone J-domain superfamily
>NZ_CP119801.1_71	a6e7bea4939b990bc6e0e8a3d0815f52	197	Coils	Coil	Coil	184	197	-	T	21-06-2023	-	-
>NZ_CP119801.1_71	a6e7bea4939b990bc6e0e8a3d0815f52	197	MobiDBLite	mobidb-lite	consensus disorder prediction	1	23	-	T	21-06-2023	-	-
>NZ_CP119801.1_71	a6e7bea4939b990bc6e0e8a3d0815f52	197	PRINTS	PR00625	DnaJ domain signature	163	178	2.6E-5	T	21-06-2023	IPR001623	DnaJ domain
>NZ_CP119801.1_71	a6e7bea4939b990bc6e0e8a3d0815f52	197	PRINTS	PR00625	DnaJ domain signature	145	163	2.6E-5	T	21-06-2023	IPR001623	DnaJ domain
>NZ_CP119801.1_71	a6e7bea4939b990bc6e0e8a3d0815f52	197	SUPERFAMILY	SSF46565	Chaperone J-domain	143	194	4.97E-15	T	21-06-2023	IPR036869	Chaperone J-domain superfamily
>NZ_CP119801.1_71	a6e7bea4939b990bc6e0e8a3d0815f52	197	SMART	SM00271	dnaj_3	142	196	5.3E-11	T	21-06-2023	IPR001623	DnaJ domain
>NZ_CP119801.1_71	a6e7bea4939b990bc6e0e8a3d0815f52	197	CDD	cd06257	DnaJ	145	191	2.47138E-12	T	21-06-2023	IPR001623	DnaJ domain
>NZ_CP119801.1_71	a6e7bea4939b990bc6e0e8a3d0815f52	197	ProSiteProfiles	PS50076	dnaJ domain profile.	143	196	11.791768	T	21-06-2023	IPR001623	DnaJ domain
>NZ_CP119801.1_71	a6e7bea4939b990bc6e0e8a3d0815f52	197	Pfam	PF00226	DnaJ domain	144	192	3.5E-11	T	21-06-2023	IPR001623	DnaJ domain
>NZ_CP119801.1_61	c6a70f268f98a08bc392b6abf40b2a55	131	MobiDBLite	mobidb-lite	consensus disorder prediction	1	33	-	T	21-06-2023	-	-
>NZ_CP119801.1_61	c6a70f268f98a08bc392b6abf40b2a55	131	MobiDBLite	mobidb-lite	consensus disorder prediction	1	31	-	T	21-06-2023	-	-
>NZ_CP119801.1_61	c6a70f268f98a08bc392b6abf40b2a55	131	Gene3D	G3DSA:3.30.160.60	Classic Zinc Finger	71	123	6.3E-5	T	21-06-2023	-	-
>NZ_CP119801.1_80	31c31b3406379e4a0ea3da1ae035116e	254	Gene3D	G3DSA:3.70.10.10	-	18	252	2.2E-24	T	21-06-2023	-	-
>NZ_CP119801.1_80	31c31b3406379e4a0ea3da1ae035116e	254	SUPERFAMILY	SSF55979	DNA clamp	23	250	1.33E-11	T	21-06-2023	IPR046938	DNA clamp superfamily
>NZ_CP119801.1_72	24e1b12cb32e38a3563951d9d987e64d	71	MobiDBLite	mobidb-lite	consensus disorder prediction	24	38	-	T	21-06-2023	-	-
>NZ_CP119801.1_72	24e1b12cb32e38a3563951d9d987e64d	71	MobiDBLite	mobidb-lite	consensus disorder prediction	1	38	-	T	21-06-2023	-	-
>NZ_CP119801.1_72	24e1b12cb32e38a3563951d9d987e64d	71	MobiDBLite	mobidb-lite	consensus disorder prediction	1	23	-	T	21-06-2023	-	-
>NZ_CP119801.1_82	f71660d4423b98faf874c275a40c3cc2	141	MobiDBLite	mobidb-lite	consensus disorder prediction	1	38	-	T	21-06-2023	-	-
>NZ_CP119801.1_82	f71660d4423b98faf874c275a40c3cc2	141	MobiDBLite	mobidb-lite	consensus disorder prediction	1	30	-	T	21-06-2023	-	-
>NZ_CP119801.1_25	afc4bdbe9db26bd4dda855b9f95e3b9a	319	Gene3D	G3DSA:3.30.1640.10	-	1	91	7.5E-15	T	21-06-2023	-	-
>NZ_CP119801.1_25	afc4bdbe9db26bd4dda855b9f95e3b9a	319	Pfam	PF17207	MCM OB domain	101	220	7.5E-18	T	21-06-2023	IPR033762	MCM OB domain
>NZ_CP119801.1_25	afc4bdbe9db26bd4dda855b9f95e3b9a	319	Gene3D	G3DSA:2.20.28.10	-	123	173	3.2E-24	T	21-06-2023	-	-
>NZ_CP119801.1_25	afc4bdbe9db26bd4dda855b9f95e3b9a	319	Gene3D	G3DSA:2.40.50.140	-	100	226	3.2E-24	T	21-06-2023	IPR012340	Nucleic acid-binding, OB-fold
>NZ_CP119801.1_25	afc4bdbe9db26bd4dda855b9f95e3b9a	319	PANTHER	PTHR11630	DNA REPLICATION LICENSING FACTOR MCM FAMILY MEMBER	19	269	8.6E-24	T	21-06-2023	IPR031327	Mini-chromosome maintenance protein
>NZ_CP119801.1_25	afc4bdbe9db26bd4dda855b9f95e3b9a	319	SUPERFAMILY	SSF50249	Nucleic acid-binding proteins	19	223	3.94E-31	T	21-06-2023	IPR012340	Nucleic acid-binding, OB-fold
>NZ_CP119801.1_30	7d356377b43322380fa85a5311f88517	349	Coils	Coil	Coil	251	278	-	T	21-06-2023	-	-
>NZ_CP119801.1_30	7d356377b43322380fa85a5311f88517	349	MobiDBLite	mobidb-lite	consensus disorder prediction	326	349	-	T	21-06-2023	-	-
>NZ_CP119801.1_30	7d356377b43322380fa85a5311f88517	349	MobiDBLite	mobidb-lite	consensus disorder prediction	334	349	-	T	21-06-2023	-	-
>NZ_CP119801.1_54	14b486a698186ec45649522bf73b5cd6	262	Coils	Coil	Coil	255	262	-	T	21-06-2023	-	-
>NZ_CP119801.1_83	f06154f8dbf17b239f48907b01cd5f10	206	MobiDBLite	mobidb-lite	consensus disorder prediction	124	150	-	T	21-06-2023	-	-
>NZ_CP119801.1_83	f06154f8dbf17b239f48907b01cd5f10	206	MobiDBLite	mobidb-lite	consensus disorder prediction	181	206	-	T	21-06-2023	-	-
>NZ_CP119801.1_83	f06154f8dbf17b239f48907b01cd5f10	206	MobiDBLite	mobidb-lite	consensus disorder prediction	124	168	-	T	21-06-2023	-	-
>NZ_CP119801.1_45	b781de0cc7fc9a495d1343c00a0b800d	1036	Coils	Coil	Coil	232	252	-	T	21-06-2023	-	-
>NZ_CP119801.1_45	b781de0cc7fc9a495d1343c00a0b800d	1036	MobiDBLite	mobidb-lite	consensus disorder prediction	1	28	-	T	21-06-2023	-	-
>NZ_CP119801.1_23	f5ba154224d5ca27e069224a7ded6cde	199	CDD	cd04301	NAT_SF	57	140	0.00111871	T	21-06-2023	-	-
>NZ_CP119801.1_23	f5ba154224d5ca27e069224a7ded6cde	199	SUPERFAMILY	SSF55729	Acyl-CoA N-acyltransferases (Nat)	16	179	3.49E-19	T	21-06-2023	IPR016181	Acyl-CoA N-acyltransferase
>NZ_CP119801.1_23	f5ba154224d5ca27e069224a7ded6cde	199	Gene3D	G3DSA:3.40.630.30	-	12	184	3.8E-18	T	21-06-2023	-	-
>NZ_CP119801.1_23	f5ba154224d5ca27e069224a7ded6cde	199	Pfam	PF00583	Acetyltransferase (GNAT) family	46	164	5.0E-8	T	21-06-2023	IPR000182	GNAT domain
>NZ_CP119801.1_23	f5ba154224d5ca27e069224a7ded6cde	199	ProSiteProfiles	PS51186	Gcn5-related N-acetyltransferase (GNAT) domain profile.	14	199	14.998361	T	21-06-2023	IPR000182	GNAT domain
>NZ_CP119801.1_17	6465158ff67a71c79eceeb271590458c	76	Coils	Coil	Coil	50	70	-	T	21-06-2023	-	-
>NZ_CP119801.1_88	e7a6e106f1ff3968866df990a13e46ba	131	Gene3D	G3DSA:1.10.150.20	-	65	131	1.7E-11	T	21-06-2023	-	-
>NZ_CP119801.1_88	e7a6e106f1ff3968866df990a13e46ba	131	SUPERFAMILY	SSF47781	RuvA domain 2-like	57	130	6.67E-12	T	21-06-2023	IPR010994	RuvA domain 2-like
>NZ_CP119801.1_88	e7a6e106f1ff3968866df990a13e46ba	131	Pfam	PF14520	Helix-hairpin-helix domain	82	128	6.1E-11	T	21-06-2023	-	-
>NZ_CP119801.1_11	620c07dc9f76073929d120bb9f0e509c	62	MobiDBLite	mobidb-lite	consensus disorder prediction	30	56	-	T	21-06-2023	-	-
>NZ_CP119801.1_11	620c07dc9f76073929d120bb9f0e509c	62	MobiDBLite	mobidb-lite	consensus disorder prediction	26	62	-	T	21-06-2023	-	-
>NZ_CP119801.1_24	2390f769fd54f72c8f9768c52e258d58	516	MobiDBLite	mobidb-lite	consensus disorder prediction	478	516	-	T	21-06-2023	-	-
>NZ_CP119801.1_24	2390f769fd54f72c8f9768c52e258d58	516	MobiDBLite	mobidb-lite	consensus disorder prediction	169	196	-	T	21-06-2023	-	-
>NZ_CP119801.1_19	3367292e3b1834faf47eece4201b6504	388	Gene3D	G3DSA:1.10.443.10	Intergrase catalytic core	157	378	5.2E-22	T	21-06-2023	IPR013762	Integrase-like, catalytic domain superfamily
>NZ_CP119801.1_19	3367292e3b1834faf47eece4201b6504	388	Gene3D	G3DSA:1.10.150.130	-	25	132	1.5E-9	T	21-06-2023	IPR010998	Integrase/recombinase, N-terminal
>NZ_CP119801.1_19	3367292e3b1834faf47eece4201b6504	388	Pfam	PF13102	Phage integrase SAM-like domain	33	123	1.5E-6	T	21-06-2023	IPR025269	Phage integrase SAM-like domain
>NZ_CP119801.1_19	3367292e3b1834faf47eece4201b6504	388	ProSiteProfiles	PS51900	Core-binding (CB) domain profile.	29	114	9.393347	T	21-06-2023	IPR044068	Core-binding (CB) domain
>NZ_CP119801.1_19	3367292e3b1834faf47eece4201b6504	388	SUPERFAMILY	SSF56349	DNA breaking-rejoining enzymes	30	374	1.71E-23	T	21-06-2023	IPR011010	DNA breaking-rejoining enzyme, catalytic core
>NZ_CP119801.1_19	3367292e3b1834faf47eece4201b6504	388	ProSiteProfiles	PS51898	Tyrosine recombinase domain profile.	149	384	15.75104	T	21-06-2023	IPR002104	Integrase, catalytic domain
>NZ_CP119801.1_19	3367292e3b1834faf47eece4201b6504	388	CDD	cd00397	DNA_BRE_C	180	366	2.80471E-11	T	21-06-2023	-	-
>NZ_CP119801.1_19	3367292e3b1834faf47eece4201b6504	388	Pfam	PF00589	Phage integrase family	177	372	1.8E-9	T	21-06-2023	IPR002104	Integrase, catalytic domain
>NZ_CP119801.1_57	88bf077cfae146f606f79e92eb9f0aeb	99	Gene3D	G3DSA:1.10.10.10	-	9	95	7.1E-20	T	21-06-2023	IPR036388	Winged helix-like DNA-binding domain superfamily
>NZ_CP119801.1_57	88bf077cfae146f606f79e92eb9f0aeb	99	SUPERFAMILY	SSF46785	"Winged helix" DNA-binding domain	15	85	2.51E-5	T	21-06-2023	IPR036390	Winged helix DNA-binding domain superfamily
>NZ_CP119801.1_59	f202a8230d6ee4dd15a64f0ae5ac5d1c	413	MobiDBLite	mobidb-lite	consensus disorder prediction	81	121	-	T	21-06-2023	-	-
>NZ_CP119801.1_59	f202a8230d6ee4dd15a64f0ae5ac5d1c	413	MobiDBLite	mobidb-lite	consensus disorder prediction	101	121	-	T	21-06-2023	-	-
>NZ_CP119801.1_3	c9bd35ab88e401645c9391eeb7c1b983	63	Coils	Coil	Coil	57	63	-	T	21-06-2023	-	-
>NZ_CP119801.1_29	7123a7df44495779ae2cd867bc5a2a83	459	MobiDBLite	mobidb-lite	consensus disorder prediction	31	77	-	T	21-06-2023	-	-
>NZ_CP119801.1_29	7123a7df44495779ae2cd867bc5a2a83	459	MobiDBLite	mobidb-lite	consensus disorder prediction	431	459	-	T	21-06-2023	-	-
>NZ_CP119801.1_29	7123a7df44495779ae2cd867bc5a2a83	459	MobiDBLite	mobidb-lite	consensus disorder prediction	31	52	-	T	21-06-2023	-	-
>NZ_CP119801.1_68	fec8def23a1bb48a9ea1807a4f54788c	138	MobiDBLite	mobidb-lite	consensus disorder prediction	1	38	-	T	21-06-2023	-	-
>NZ_CP119801.1_68	fec8def23a1bb48a9ea1807a4f54788c	138	MobiDBLite	mobidb-lite	consensus disorder prediction	100	118	-	T	21-06-2023	-	-
>NZ_CP119801.1_68	fec8def23a1bb48a9ea1807a4f54788c	138	MobiDBLite	mobidb-lite	consensus disorder prediction	97	138	-	T	21-06-2023	-	-
>NZ_CP119801.1_68	fec8def23a1bb48a9ea1807a4f54788c	138	MobiDBLite	mobidb-lite	consensus disorder prediction	121	138	-	T	21-06-2023	-	-
