>NZ_CP100004.1_75	54f770e3d20bd267e28616d17bf36485	297	MobiDBLite	mobidb-lite	consensus disorder prediction	48	64	-	T	21-06-2023	-	-
>NZ_CP100004.1_75	54f770e3d20bd267e28616d17bf36485	297	MobiDBLite	mobidb-lite	consensus disorder prediction	48	69	-	T	21-06-2023	-	-
>NZ_CP100004.1_96	82f132bb388c0f92021fb046206ea51f	77	SUPERFAMILY	SSF46785	"Winged helix" DNA-binding domain	16	74	1.14E-5	T	21-06-2023	IPR036390	Winged helix DNA-binding domain superfamily
>NZ_CP100004.1_41	46ee7ac41a0db2fb0ffb4fb43f8443b0	103	MobiDBLite	mobidb-lite	consensus disorder prediction	1	22	-	T	21-06-2023	-	-
>NZ_CP100004.1_41	46ee7ac41a0db2fb0ffb4fb43f8443b0	103	MobiDBLite	mobidb-lite	consensus disorder prediction	1	28	-	T	21-06-2023	-	-
>NZ_CP100004.1_168	2654013daa8db7898d8bc54187a5e03e	158	MobiDBLite	mobidb-lite	consensus disorder prediction	129	158	-	T	21-06-2023	-	-
>NZ_CP100004.1_79	e3a44174de3bd6d546b0953c7e39a4e5	428	SMART	SM01074	Cdc6_C_2	320	403	2.5E-9	T	21-06-2023	IPR015163	Cdc6, C-terminal
>NZ_CP100004.1_79	e3a44174de3bd6d546b0953c7e39a4e5	428	PANTHER	PTHR10763	CELL DIVISION CONTROL PROTEIN 6-RELATED	29	403	1.9E-48	T	21-06-2023	-	-
>NZ_CP100004.1_79	e3a44174de3bd6d546b0953c7e39a4e5	428	SUPERFAMILY	SSF52540	P-loop containing nucleoside triphosphate hydrolases	28	296	3.26E-40	T	21-06-2023	IPR027417	P-loop containing nucleoside triphosphate hydrolase
>NZ_CP100004.1_79	e3a44174de3bd6d546b0953c7e39a4e5	428	MobiDBLite	mobidb-lite	consensus disorder prediction	1	23	-	T	21-06-2023	-	-
>NZ_CP100004.1_79	e3a44174de3bd6d546b0953c7e39a4e5	428	SMART	SM00382	AAA_5	65	242	9.5E-6	T	21-06-2023	IPR003593	AAA+ ATPase domain
>NZ_CP100004.1_79	e3a44174de3bd6d546b0953c7e39a4e5	428	NCBIfam	TIGR02928	orc1/cdc6 family replication initiation protein	28	392	1.5E-121	T	21-06-2023	IPR014277	Orc1/Cdc6-type DNA replication protein, archaea
>NZ_CP100004.1_79	e3a44174de3bd6d546b0953c7e39a4e5	428	Pfam	PF09079	CDC6, C terminal winged helix domain	320	402	8.7E-15	T	21-06-2023	IPR015163	Cdc6, C-terminal
>NZ_CP100004.1_79	e3a44174de3bd6d546b0953c7e39a4e5	428	SUPERFAMILY	SSF46785	"Winged helix" DNA-binding domain	307	407	1.21E-10	T	21-06-2023	IPR036390	Winged helix DNA-binding domain superfamily
>NZ_CP100004.1_79	e3a44174de3bd6d546b0953c7e39a4e5	428	Gene3D	G3DSA:3.40.50.300	-	43	222	1.0E-88	T	21-06-2023	IPR027417	P-loop containing nucleoside triphosphate hydrolase
>NZ_CP100004.1_79	e3a44174de3bd6d546b0953c7e39a4e5	428	CDD	cd00009	AAA	49	198	5.38979E-7	T	21-06-2023	-	-
>NZ_CP100004.1_79	e3a44174de3bd6d546b0953c7e39a4e5	428	Gene3D	G3DSA:1.10.8.60	-	28	303	1.0E-88	T	21-06-2023	-	-
>NZ_CP100004.1_79	e3a44174de3bd6d546b0953c7e39a4e5	428	Gene3D	G3DSA:1.10.10.10	-	312	411	4.4E-21	T	21-06-2023	IPR036388	Winged helix-like DNA-binding domain superfamily
>NZ_CP100004.1_79	e3a44174de3bd6d546b0953c7e39a4e5	428	FunFam	G3DSA:1.10.8.60:FF:000073	ORC1-type DNA replication protein	209	303	2.9E-23	T	21-06-2023	-	-
>NZ_CP100004.1_79	e3a44174de3bd6d546b0953c7e39a4e5	428	Pfam	PF13401	AAA domain	68	188	2.5E-11	T	21-06-2023	IPR003593	AAA+ ATPase domain
>NZ_CP100004.1_79	e3a44174de3bd6d546b0953c7e39a4e5	428	Hamap	MF_01407	ORC1-type DNA replication protein.	20	403	28.380459	T	21-06-2023	IPR014277	Orc1/Cdc6-type DNA replication protein, archaea
>NZ_CP100004.1_79	e3a44174de3bd6d546b0953c7e39a4e5	428	CDD	cd08768	Cdc6_C	315	399	5.05699E-14	T	21-06-2023	IPR015163	Cdc6, C-terminal
>NZ_CP100004.1_37	de242a2395b0b0085cf6ff138b7b60c7	68	MobiDBLite	mobidb-lite	consensus disorder prediction	44	68	-	T	21-06-2023	-	-
>NZ_CP100004.1_131	8f4fd745ea273edf553b478b2afb2806	186	MobiDBLite	mobidb-lite	consensus disorder prediction	1	35	-	T	21-06-2023	-	-
>NZ_CP100004.1_131	8f4fd745ea273edf553b478b2afb2806	186	MobiDBLite	mobidb-lite	consensus disorder prediction	1	47	-	T	21-06-2023	-	-
>NZ_CP100004.1_166	733e61a6f5188fe3cac2f8feb126102b	212	ProSiteProfiles	PS51257	Prokaryotic membrane lipoprotein lipid attachment site profile.	1	21	7.0	T	21-06-2023	-	-
>NZ_CP100004.1_30	11d7530b87f9cae15c27bcae35e9dfd6	41	MobiDBLite	mobidb-lite	consensus disorder prediction	15	30	-	T	21-06-2023	-	-
>NZ_CP100004.1_30	11d7530b87f9cae15c27bcae35e9dfd6	41	MobiDBLite	mobidb-lite	consensus disorder prediction	1	41	-	T	21-06-2023	-	-
>NZ_CP100004.1_172	11d7530b87f9cae15c27bcae35e9dfd6	41	MobiDBLite	mobidb-lite	consensus disorder prediction	15	30	-	T	21-06-2023	-	-
>NZ_CP100004.1_172	11d7530b87f9cae15c27bcae35e9dfd6	41	MobiDBLite	mobidb-lite	consensus disorder prediction	1	41	-	T	21-06-2023	-	-
>NZ_CP100004.1_121	8d969c3f3e23493b03e7a55ea7774f80	199	Gene3D	G3DSA:3.40.630.30	-	6	172	2.9E-14	T	21-06-2023	-	-
>NZ_CP100004.1_121	8d969c3f3e23493b03e7a55ea7774f80	199	SUPERFAMILY	SSF55729	Acyl-CoA N-acyltransferases (Nat)	14	173	7.09E-15	T	21-06-2023	IPR016181	Acyl-CoA N-acyltransferase
>NZ_CP100004.1_121	8d969c3f3e23493b03e7a55ea7774f80	199	Pfam	PF00583	Acetyltransferase (GNAT) family	42	162	8.3E-6	T	21-06-2023	IPR000182	GNAT domain
>NZ_CP100004.1_121	8d969c3f3e23493b03e7a55ea7774f80	199	CDD	cd04301	NAT_SF	63	141	0.00473545	T	21-06-2023	-	-
>NZ_CP100004.1_121	8d969c3f3e23493b03e7a55ea7774f80	199	ProSiteProfiles	PS51186	Gcn5-related N-acetyltransferase (GNAT) domain profile.	14	199	12.384501	T	21-06-2023	IPR000182	GNAT domain
>NZ_CP100004.1_31	bce513ea3eea0426f62be4577c35e652	101	MobiDBLite	mobidb-lite	consensus disorder prediction	1	22	-	T	21-06-2023	-	-
>NZ_CP100004.1_173	bce513ea3eea0426f62be4577c35e652	101	MobiDBLite	mobidb-lite	consensus disorder prediction	1	22	-	T	21-06-2023	-	-
>NZ_CP100004.1_163	608d86b5f9b13fe30ff5047b0445fe81	324	Gene3D	G3DSA:3.30.1640.10	-	2	99	5.3E-27	T	21-06-2023	-	-
>NZ_CP100004.1_163	608d86b5f9b13fe30ff5047b0445fe81	324	Gene3D	G3DSA:2.40.50.140	-	103	248	7.7E-14	T	21-06-2023	IPR012340	Nucleic acid-binding, OB-fold
>NZ_CP100004.1_163	608d86b5f9b13fe30ff5047b0445fe81	324	Pfam	PF14551	MCM N-terminal domain	19	78	3.7E-7	T	21-06-2023	IPR027925	MCM N-terminal domain
>NZ_CP100004.1_163	608d86b5f9b13fe30ff5047b0445fe81	324	Gene3D	G3DSA:2.20.28.10	-	134	179	1.7E-13	T	21-06-2023	-	-
>NZ_CP100004.1_163	608d86b5f9b13fe30ff5047b0445fe81	324	SUPERFAMILY	SSF50249	Nucleic acid-binding proteins	19	241	4.11E-39	T	21-06-2023	IPR012340	Nucleic acid-binding, OB-fold
>NZ_CP100004.1_163	608d86b5f9b13fe30ff5047b0445fe81	324	Pfam	PF17207	MCM OB domain	108	227	3.6E-21	T	21-06-2023	IPR033762	MCM OB domain
>NZ_CP100004.1_163	608d86b5f9b13fe30ff5047b0445fe81	324	FunFam	G3DSA:2.20.28.10:FF:000003	DNA helicase	133	180	3.6E-8	T	21-06-2023	-	-
>NZ_CP100004.1_163	608d86b5f9b13fe30ff5047b0445fe81	324	PANTHER	PTHR11630	DNA REPLICATION LICENSING FACTOR MCM FAMILY MEMBER	14	263	5.6E-30	T	21-06-2023	IPR031327	Mini-chromosome maintenance protein
>NZ_CP100004.1_23	608d86b5f9b13fe30ff5047b0445fe81	324	Gene3D	G3DSA:3.30.1640.10	-	2	99	5.3E-27	T	21-06-2023	-	-
>NZ_CP100004.1_23	608d86b5f9b13fe30ff5047b0445fe81	324	Gene3D	G3DSA:2.40.50.140	-	103	248	7.7E-14	T	21-06-2023	IPR012340	Nucleic acid-binding, OB-fold
>NZ_CP100004.1_23	608d86b5f9b13fe30ff5047b0445fe81	324	Pfam	PF14551	MCM N-terminal domain	19	78	3.7E-7	T	21-06-2023	IPR027925	MCM N-terminal domain
>NZ_CP100004.1_23	608d86b5f9b13fe30ff5047b0445fe81	324	Gene3D	G3DSA:2.20.28.10	-	134	179	1.7E-13	T	21-06-2023	-	-
>NZ_CP100004.1_23	608d86b5f9b13fe30ff5047b0445fe81	324	SUPERFAMILY	SSF50249	Nucleic acid-binding proteins	19	241	4.11E-39	T	21-06-2023	IPR012340	Nucleic acid-binding, OB-fold
>NZ_CP100004.1_23	608d86b5f9b13fe30ff5047b0445fe81	324	Pfam	PF17207	MCM OB domain	108	227	3.6E-21	T	21-06-2023	IPR033762	MCM OB domain
>NZ_CP100004.1_23	608d86b5f9b13fe30ff5047b0445fe81	324	FunFam	G3DSA:2.20.28.10:FF:000003	DNA helicase	133	180	3.6E-8	T	21-06-2023	-	-
>NZ_CP100004.1_23	608d86b5f9b13fe30ff5047b0445fe81	324	PANTHER	PTHR11630	DNA REPLICATION LICENSING FACTOR MCM FAMILY MEMBER	14	263	5.6E-30	T	21-06-2023	IPR031327	Mini-chromosome maintenance protein
>NZ_CP100004.1_62	75493ceae322001a29eaa5a7d0fff238	66	MobiDBLite	mobidb-lite	consensus disorder prediction	1	27	-	T	21-06-2023	-	-
>NZ_CP100004.1_62	75493ceae322001a29eaa5a7d0fff238	66	MobiDBLite	mobidb-lite	consensus disorder prediction	10	27	-	T	21-06-2023	-	-
>NZ_CP100004.1_62	75493ceae322001a29eaa5a7d0fff238	66	CDD	cd22231	RHH_NikR_HicB-like	25	62	1.62607E-5	T	21-06-2023	-	-
>NZ_CP100004.1_62	75493ceae322001a29eaa5a7d0fff238	66	SUPERFAMILY	SSF47598	Ribbon-helix-helix	21	63	1.41E-7	T	21-06-2023	IPR010985	Ribbon-helix-helix
>NZ_CP100004.1_62	75493ceae322001a29eaa5a7d0fff238	66	Pfam	PF01402	Ribbon-helix-helix protein, copG family	25	60	3.6E-5	T	21-06-2023	IPR002145	Ribbon-helix-helix protein, CopG
>NZ_CP100004.1_62	75493ceae322001a29eaa5a7d0fff238	66	Gene3D	G3DSA:1.10.1220.10	-	22	65	7.8E-7	T	21-06-2023	IPR013321	Arc-type ribbon-helix-helix
>NZ_CP100004.1_174	c8d7fc05c3936b1aa5c2d7ac963dcb5f	159	ProSitePatterns	PS01054	Transaldolase signature 1.	112	120	-	T	21-06-2023	IPR018225	Transaldolase, active site
>NZ_CP100004.1_56	41491f61d554a47777b5b9503629b094	185	Pfam	PF08937	MTH538 TIR-like domain (DUF1863)	27	142	6.5E-30	T	21-06-2023	IPR015032	Thoeris protein ThsB, TIR-like domain
>NZ_CP100004.1_56	41491f61d554a47777b5b9503629b094	185	Gene3D	G3DSA:3.40.50.11200	-	52	163	3.4E-8	T	21-06-2023	-	-
>NZ_CP100004.1_56	41491f61d554a47777b5b9503629b094	185	MobiDBLite	mobidb-lite	consensus disorder prediction	131	151	-	T	21-06-2023	-	-
>NZ_CP100004.1_56	41491f61d554a47777b5b9503629b094	185	SUPERFAMILY	SSF52206	Hypothetical protein MTH538	63	129	1.83E-9	T	21-06-2023	IPR036490	Thoeris protein ThsB, TIR-like domain superfamily
>NZ_CP100004.1_16	4028bf9046904454e7a558c106af0906	342	MobiDBLite	mobidb-lite	consensus disorder prediction	312	342	-	T	21-06-2023	-	-
>NZ_CP100004.1_16	4028bf9046904454e7a558c106af0906	342	Coils	Coil	Coil	248	289	-	T	21-06-2023	-	-
>NZ_CP100004.1_16	4028bf9046904454e7a558c106af0906	342	MobiDBLite	mobidb-lite	consensus disorder prediction	314	335	-	T	21-06-2023	-	-
>NZ_CP100004.1_156	4028bf9046904454e7a558c106af0906	342	MobiDBLite	mobidb-lite	consensus disorder prediction	312	342	-	T	21-06-2023	-	-
>NZ_CP100004.1_156	4028bf9046904454e7a558c106af0906	342	Coils	Coil	Coil	248	289	-	T	21-06-2023	-	-
>NZ_CP100004.1_156	4028bf9046904454e7a558c106af0906	342	MobiDBLite	mobidb-lite	consensus disorder prediction	314	335	-	T	21-06-2023	-	-
>NZ_CP100004.1_122	0d57569ccc2e9517b546cb455f097890	205	CDD	cd06257	DnaJ	155	199	6.18839E-5	T	21-06-2023	IPR001623	DnaJ domain
>NZ_CP100004.1_122	0d57569ccc2e9517b546cb455f097890	205	Gene3D	G3DSA:1.10.287.110	DnaJ domain	146	205	1.3E-8	T	21-06-2023	IPR036869	Chaperone J-domain superfamily
>NZ_CP100004.1_122	0d57569ccc2e9517b546cb455f097890	205	SUPERFAMILY	SSF46565	Chaperone J-domain	152	203	6.15E-9	T	21-06-2023	IPR036869	Chaperone J-domain superfamily
>NZ_CP100004.1_122	0d57569ccc2e9517b546cb455f097890	205	ProSiteProfiles	PS50076	dnaJ domain profile.	155	205	8.901089	T	21-06-2023	IPR001623	DnaJ domain
>NZ_CP100004.1_122	0d57569ccc2e9517b546cb455f097890	205	MobiDBLite	mobidb-lite	consensus disorder prediction	123	168	-	T	21-06-2023	-	-
>NZ_CP100004.1_122	0d57569ccc2e9517b546cb455f097890	205	MobiDBLite	mobidb-lite	consensus disorder prediction	145	161	-	T	21-06-2023	-	-
>NZ_CP100004.1_122	0d57569ccc2e9517b546cb455f097890	205	MobiDBLite	mobidb-lite	consensus disorder prediction	1	30	-	T	21-06-2023	-	-
>NZ_CP100004.1_70	f198361ba394b243939ee052a0f32756	133	MobiDBLite	mobidb-lite	consensus disorder prediction	1	25	-	T	21-06-2023	-	-
>NZ_CP100004.1_70	f198361ba394b243939ee052a0f32756	133	MobiDBLite	mobidb-lite	consensus disorder prediction	111	133	-	T	21-06-2023	-	-
>NZ_CP100004.1_114	4ef4ba59510d6eca97d3b8d2db79e83b	126	Pfam	PF03551	Transcriptional regulator PadR-like family	40	107	3.8E-13	T	21-06-2023	IPR005149	Transcription regulator PadR, N-terminal
>NZ_CP100004.1_114	4ef4ba59510d6eca97d3b8d2db79e83b	126	SUPERFAMILY	SSF46785	"Winged helix" DNA-binding domain	40	108	2.26E-12	T	21-06-2023	IPR036390	Winged helix DNA-binding domain superfamily
>NZ_CP100004.1_114	4ef4ba59510d6eca97d3b8d2db79e83b	126	Gene3D	G3DSA:1.10.10.10	-	30	124	2.0E-10	T	21-06-2023	IPR036388	Winged helix-like DNA-binding domain superfamily
>NZ_CP100004.1_114	4ef4ba59510d6eca97d3b8d2db79e83b	126	MobiDBLite	mobidb-lite	consensus disorder prediction	1	23	-	T	21-06-2023	-	-
>NZ_CP100004.1_50	2f1921b875598e8881ba0a9e04b13012	55	SUPERFAMILY	SSF47113	Histone-fold	10	55	1.44E-6	T	21-06-2023	IPR009072	Histone-fold
>NZ_CP100004.1_90	65272d8ca3458ab5408c78da3eec0f73	136	MobiDBLite	mobidb-lite	consensus disorder prediction	1	69	-	T	21-06-2023	-	-
>NZ_CP100004.1_90	65272d8ca3458ab5408c78da3eec0f73	136	MobiDBLite	mobidb-lite	consensus disorder prediction	15	35	-	T	21-06-2023	-	-
>NZ_CP100004.1_90	65272d8ca3458ab5408c78da3eec0f73	136	MobiDBLite	mobidb-lite	consensus disorder prediction	36	57	-	T	21-06-2023	-	-
>NZ_CP100004.1_81	81bf45e56730565d3bd66702ef0a953b	170	MobiDBLite	mobidb-lite	consensus disorder prediction	153	170	-	T	21-06-2023	-	-
>NZ_CP100004.1_81	81bf45e56730565d3bd66702ef0a953b	170	PIRSF	PIRSF032209	UCP032209	8	167	3.7E-57	T	21-06-2023	IPR016992	Uncharacterised conserved protein UCP032209
>NZ_CP100004.1_81	81bf45e56730565d3bd66702ef0a953b	170	MobiDBLite	mobidb-lite	consensus disorder prediction	148	170	-	T	21-06-2023	-	-
>NZ_CP100004.1_81	81bf45e56730565d3bd66702ef0a953b	170	Pfam	PF07799	Protein of unknown function (DUF1643)	26	155	7.3E-49	T	21-06-2023	IPR012441	Protein of unknown function DUF1643
>NZ_CP100004.1_84	2239ce788a7f7beb7af9afcfea7cb3bd	80	MobiDBLite	mobidb-lite	consensus disorder prediction	1	26	-	T	21-06-2023	-	-
>NZ_CP100004.1_24	8c60a4fb08f261ac0a474e2f1c2162ce	217	Gene3D	G3DSA:3.30.420.10	-	14	215	9.8E-9	T	21-06-2023	IPR036397	Ribonuclease H superfamily
>NZ_CP100004.1_24	8c60a4fb08f261ac0a474e2f1c2162ce	217	Pfam	PF13482	RNase_H superfamily	18	139	9.1E-6	T	21-06-2023	IPR038720	YprB, ribonuclease H-like domain
>NZ_CP100004.1_24	8c60a4fb08f261ac0a474e2f1c2162ce	217	SUPERFAMILY	SSF53098	Ribonuclease H-like	15	204	6.17E-12	T	21-06-2023	IPR012337	Ribonuclease H-like superfamily
>NZ_CP100004.1_164	8c60a4fb08f261ac0a474e2f1c2162ce	217	Gene3D	G3DSA:3.30.420.10	-	14	215	9.8E-9	T	21-06-2023	IPR036397	Ribonuclease H superfamily
>NZ_CP100004.1_164	8c60a4fb08f261ac0a474e2f1c2162ce	217	Pfam	PF13482	RNase_H superfamily	18	139	9.1E-6	T	21-06-2023	IPR038720	YprB, ribonuclease H-like domain
>NZ_CP100004.1_164	8c60a4fb08f261ac0a474e2f1c2162ce	217	SUPERFAMILY	SSF53098	Ribonuclease H-like	15	204	6.17E-12	T	21-06-2023	IPR012337	Ribonuclease H-like superfamily
>NZ_CP100004.1_138	b618ecf61c84703e2e866cf063999d23	190	Pfam	PF18780	Homing endonuclease associated repeat	76	126	1.6E-21	T	21-06-2023	IPR041025	Homing endonuclease associated repeat
>NZ_CP100004.1_138	b618ecf61c84703e2e866cf063999d23	190	Pfam	PF18780	Homing endonuclease associated repeat	18	68	7.1E-14	T	21-06-2023	IPR041025	Homing endonuclease associated repeat
>NZ_CP100004.1_138	b618ecf61c84703e2e866cf063999d23	190	Pfam	PF18780	Homing endonuclease associated repeat	133	185	4.6E-21	T	21-06-2023	IPR041025	Homing endonuclease associated repeat
>NZ_CP100004.1_34	a167ed772648a37d088edfef506624c8	127	CDD	cd00090	HTH_ARSR	23	99	5.80005E-6	T	21-06-2023	IPR011991	ArsR-like helix-turn-helix domain
>NZ_CP100004.1_34	a167ed772648a37d088edfef506624c8	127	SUPERFAMILY	SSF46785	"Winged helix" DNA-binding domain	21	119	1.66E-6	T	21-06-2023	IPR036390	Winged helix DNA-binding domain superfamily
>NZ_CP100004.1_34	a167ed772648a37d088edfef506624c8	127	Gene3D	G3DSA:1.10.10.10	-	10	126	2.2E-8	T	21-06-2023	IPR036388	Winged helix-like DNA-binding domain superfamily
>NZ_CP100004.1_112	375da238483b393f85827a9dcfdcdc17	222	MobiDBLite	mobidb-lite	consensus disorder prediction	187	222	-	T	21-06-2023	-	-
>NZ_CP100004.1_112	375da238483b393f85827a9dcfdcdc17	222	MobiDBLite	mobidb-lite	consensus disorder prediction	189	215	-	T	21-06-2023	-	-
>NZ_CP100004.1_170	89f5d2087e54b68d58aee054baf11084	318	PRINTS	PR01657	Mini-chromosome maintenance (MCM) protein family signature	25	38	9.2E-9	T	21-06-2023	IPR001208	MCM domain
>NZ_CP100004.1_170	89f5d2087e54b68d58aee054baf11084	318	PRINTS	PR01657	Mini-chromosome maintenance (MCM) protein family signature	49	61	9.2E-9	T	21-06-2023	IPR001208	MCM domain
>NZ_CP100004.1_170	89f5d2087e54b68d58aee054baf11084	318	PRINTS	PR01657	Mini-chromosome maintenance (MCM) protein family signature	76	84	9.2E-9	T	21-06-2023	IPR001208	MCM domain
>NZ_CP100004.1_170	89f5d2087e54b68d58aee054baf11084	318	Gene3D	G3DSA:1.10.10.10	-	233	317	4.9E-25	T	21-06-2023	IPR036388	Winged helix-like DNA-binding domain superfamily
>NZ_CP100004.1_170	89f5d2087e54b68d58aee054baf11084	318	Coils	Coil	Coil	249	269	-	T	21-06-2023	-	-
>NZ_CP100004.1_170	89f5d2087e54b68d58aee054baf11084	318	SMART	SM00350	mcm	1	228	5.4E-9	T	21-06-2023	IPR031327	Mini-chromosome maintenance protein
>NZ_CP100004.1_170	89f5d2087e54b68d58aee054baf11084	318	Pfam	PF17855	MCM AAA-lid domain	143	226	5.7E-29	T	21-06-2023	IPR041562	MCM, AAA-lid domain
>NZ_CP100004.1_170	89f5d2087e54b68d58aee054baf11084	318	SUPERFAMILY	SSF52540	P-loop containing nucleoside triphosphate hydrolases	2	239	3.08E-20	T	21-06-2023	IPR027417	P-loop containing nucleoside triphosphate hydrolase
>NZ_CP100004.1_170	89f5d2087e54b68d58aee054baf11084	318	Gene3D	G3DSA:3.40.50.300	-	1	232	1.8E-62	T	21-06-2023	IPR027417	P-loop containing nucleoside triphosphate hydrolase
>NZ_CP100004.1_170	89f5d2087e54b68d58aee054baf11084	318	ProSiteProfiles	PS50051	MCM family domain profile.	1	102	30.887352	T	21-06-2023	IPR001208	MCM domain
>NZ_CP100004.1_170	89f5d2087e54b68d58aee054baf11084	318	Pfam	PF00493	MCM P-loop domain	1	105	2.2E-32	T	21-06-2023	IPR001208	MCM domain
>NZ_CP100004.1_170	89f5d2087e54b68d58aee054baf11084	318	PANTHER	PTHR11630	DNA REPLICATION LICENSING FACTOR MCM FAMILY MEMBER	1	284	4.8E-70	T	21-06-2023	IPR031327	Mini-chromosome maintenance protein
>NZ_CP100004.1_132	1a24ef7490804551b9492be252079b25	1162	Gene3D	G3DSA:2.130.10.10	-	35	369	8.4E-13	T	21-06-2023	IPR015943	WD40/YVTN repeat-like-containing domain superfamily
>NZ_CP100004.1_132	1a24ef7490804551b9492be252079b25	1162	Pfam	PF13360	PQQ-like domain	77	222	2.7E-8	T	21-06-2023	IPR002372	Pyrrolo-quinoline quinone repeat
>NZ_CP100004.1_132	1a24ef7490804551b9492be252079b25	1162	SUPERFAMILY	SSF50998	Quinoprotein alcohol dehydrogenase-like	47	250	1.1E-11	T	21-06-2023	IPR011047	Quinoprotein alcohol dehydrogenase-like superfamily
>NZ_CP100004.1_132	1a24ef7490804551b9492be252079b25	1162	Coils	Coil	Coil	744	764	-	T	21-06-2023	-	-
>NZ_CP100004.1_132	1a24ef7490804551b9492be252079b25	1162	Coils	Coil	Coil	779	799	-	T	21-06-2023	-	-
>NZ_CP100004.1_32	786e1a4642478c94f1a3cbea9b6faf93	163	ProSitePatterns	PS01054	Transaldolase signature 1.	112	120	-	T	21-06-2023	IPR018225	Transaldolase, active site
>NZ_CP100004.1_44	66acda5a41ebdcedb43d45c4f1b8d50a	206	Pfam	PF11667	Putative zincin peptidase	81	183	1.5E-14	T	21-06-2023	IPR021683	Putative zincin peptidase
>NZ_CP100004.1_42	f5d95eebd0a46f4452d1faea1a86ddae	184	MobiDBLite	mobidb-lite	consensus disorder prediction	1	30	-	T	21-06-2023	-	-
>NZ_CP100004.1_42	f5d95eebd0a46f4452d1faea1a86ddae	184	MobiDBLite	mobidb-lite	consensus disorder prediction	1	35	-	T	21-06-2023	-	-
>NZ_CP100004.1_57	aa92252046b85dba5f9dab5d5e948255	211	MobiDBLite	mobidb-lite	consensus disorder prediction	1	30	-	T	21-06-2023	-	-
>NZ_CP100004.1_110	98020a91029170a68db8ca69a2b9c136	296	MobiDBLite	mobidb-lite	consensus disorder prediction	1	22	-	T	21-06-2023	-	-
>NZ_CP100004.1_110	98020a91029170a68db8ca69a2b9c136	296	MobiDBLite	mobidb-lite	consensus disorder prediction	1	18	-	T	21-06-2023	-	-
>NZ_CP100004.1_89	dc5a8b7c80f5120c2b95c73407814404	125	Coils	Coil	Coil	30	50	-	T	21-06-2023	-	-
>NZ_CP100004.1_85	d53af54eac53fdf4c8bea45c63ac7c44	306	Pfam	PF00382	Transcription factor TFIIB repeat	215	301	2.0E-13	T	21-06-2023	IPR013150	Transcription factor TFIIB, cyclin-like domain
>NZ_CP100004.1_85	d53af54eac53fdf4c8bea45c63ac7c44	306	Pfam	PF00382	Transcription factor TFIIB repeat	125	204	4.8E-10	T	21-06-2023	IPR013150	Transcription factor TFIIB, cyclin-like domain
>NZ_CP100004.1_85	d53af54eac53fdf4c8bea45c63ac7c44	306	PANTHER	PTHR11618	TRANSCRIPTION INITIATION FACTOR IIB-RELATED	17	299	1.1E-38	T	21-06-2023	IPR000812	Transcription factor TFIIB
>NZ_CP100004.1_85	d53af54eac53fdf4c8bea45c63ac7c44	306	PRINTS	PR00685	Transcription initiation factor IIB signature	27	47	8.7E-26	T	21-06-2023	IPR000812	Transcription factor TFIIB
>NZ_CP100004.1_85	d53af54eac53fdf4c8bea45c63ac7c44	306	PRINTS	PR00685	Transcription initiation factor IIB signature	61	82	8.7E-26	T	21-06-2023	IPR000812	Transcription factor TFIIB
>NZ_CP100004.1_85	d53af54eac53fdf4c8bea45c63ac7c44	306	PRINTS	PR00685	Transcription initiation factor IIB signature	168	187	8.7E-26	T	21-06-2023	IPR000812	Transcription factor TFIIB
>NZ_CP100004.1_85	d53af54eac53fdf4c8bea45c63ac7c44	306	PRINTS	PR00685	Transcription initiation factor IIB signature	221	239	8.7E-26	T	21-06-2023	IPR000812	Transcription factor TFIIB
>NZ_CP100004.1_85	d53af54eac53fdf4c8bea45c63ac7c44	306	PRINTS	PR00685	Transcription initiation factor IIB signature	255	271	8.7E-26	T	21-06-2023	IPR000812	Transcription factor TFIIB
>NZ_CP100004.1_85	d53af54eac53fdf4c8bea45c63ac7c44	306	PRINTS	PR00685	Transcription initiation factor IIB signature	287	301	8.7E-26	T	21-06-2023	IPR000812	Transcription factor TFIIB
>NZ_CP100004.1_85	d53af54eac53fdf4c8bea45c63ac7c44	306	SUPERFAMILY	SSF57783	Zinc beta-ribbon	16	58	4.68E-6	T	21-06-2023	-	-
>NZ_CP100004.1_85	d53af54eac53fdf4c8bea45c63ac7c44	306	SUPERFAMILY	SSF47954	Cyclin-like	125	213	2.21E-15	T	21-06-2023	IPR036915	Cyclin-like superfamily
>NZ_CP100004.1_85	d53af54eac53fdf4c8bea45c63ac7c44	306	Gene3D	G3DSA:1.10.472.10	-	217	304	1.8E-16	T	21-06-2023	-	-
>NZ_CP100004.1_85	d53af54eac53fdf4c8bea45c63ac7c44	306	Pfam	PF08271	TFIIB zinc-binding	17	53	2.6E-7	T	21-06-2023	IPR013137	Zinc finger, TFIIB-type
>NZ_CP100004.1_85	d53af54eac53fdf4c8bea45c63ac7c44	306	Gene3D	G3DSA:1.10.472.170	-	17	207	2.7E-38	T	21-06-2023	-	-
>NZ_CP100004.1_85	d53af54eac53fdf4c8bea45c63ac7c44	306	SUPERFAMILY	SSF47954	Cyclin-like	218	304	3.83E-14	T	21-06-2023	IPR036915	Cyclin-like superfamily
>NZ_CP100004.1_143	1ea5ceb1d6b6c78e095debbf951c3af4	1314	Gene3D	G3DSA:2.60.40.1120	-	387	487	3.2E-14	T	21-06-2023	-	-
>NZ_CP100004.1_143	1ea5ceb1d6b6c78e095debbf951c3af4	1314	SUPERFAMILY	SSF50998	Quinoprotein alcohol dehydrogenase-like	103	451	3.34E-17	T	21-06-2023	IPR011047	Quinoprotein alcohol dehydrogenase-like superfamily
>NZ_CP100004.1_143	1ea5ceb1d6b6c78e095debbf951c3af4	1314	Coils	Coil	Coil	899	926	-	T	21-06-2023	-	-
>NZ_CP100004.1_143	1ea5ceb1d6b6c78e095debbf951c3af4	1314	Coils	Coil	Coil	700	727	-	T	21-06-2023	-	-
>NZ_CP100004.1_143	1ea5ceb1d6b6c78e095debbf951c3af4	1314	Coils	Coil	Coil	863	890	-	T	21-06-2023	-	-
>NZ_CP100004.1_143	1ea5ceb1d6b6c78e095debbf951c3af4	1314	Gene3D	G3DSA:1.20.1170.10	-	825	963	2.2E-5	T	21-06-2023	-	-
>NZ_CP100004.1_143	1ea5ceb1d6b6c78e095debbf951c3af4	1314	Gene3D	G3DSA:2.40.128.630	-	149	261	2.4E-9	T	21-06-2023	-	-
>NZ_CP100004.1_143	1ea5ceb1d6b6c78e095debbf951c3af4	1314	SMART	SM00564	ire1_9	190	219	130.0	T	21-06-2023	IPR018391	Pyrrolo-quinoline quinone beta-propeller repeat
>NZ_CP100004.1_143	1ea5ceb1d6b6c78e095debbf951c3af4	1314	SMART	SM00564	ire1_9	228	259	1.3	T	21-06-2023	IPR018391	Pyrrolo-quinoline quinone beta-propeller repeat
>NZ_CP100004.1_143	1ea5ceb1d6b6c78e095debbf951c3af4	1314	SMART	SM00564	ire1_9	110	142	330.0	T	21-06-2023	IPR018391	Pyrrolo-quinoline quinone beta-propeller repeat
>NZ_CP100004.1_143	1ea5ceb1d6b6c78e095debbf951c3af4	1314	SMART	SM00564	ire1_9	148	180	610.0	T	21-06-2023	IPR018391	Pyrrolo-quinoline quinone beta-propeller repeat
>NZ_CP100004.1_143	1ea5ceb1d6b6c78e095debbf951c3af4	1314	Pfam	PF13620	Carboxypeptidase regulatory-like domain	387	465	1.0E-15	T	21-06-2023	-	-
>NZ_CP100004.1_143	1ea5ceb1d6b6c78e095debbf951c3af4	1314	Pfam	PF13360	PQQ-like domain	191	302	1.4E-4	T	21-06-2023	IPR002372	Pyrrolo-quinoline quinone repeat
>NZ_CP100004.1_126	0f0257e0fe9024c8af12457c69b94ade	59	MobiDBLite	mobidb-lite	consensus disorder prediction	1	24	-	T	21-06-2023	-	-
>NZ_CP100004.1_91	8351a5641d3b3d57c440bb2b8a1bfb80	306	Gene3D	G3DSA:3.40.50.300	-	14	299	2.1E-46	T	21-06-2023	IPR027417	P-loop containing nucleoside triphosphate hydrolase
>NZ_CP100004.1_91	8351a5641d3b3d57c440bb2b8a1bfb80	306	Pfam	PF13614	AAA domain	21	191	6.9E-30	T	21-06-2023	IPR025669	AAA domain
>NZ_CP100004.1_91	8351a5641d3b3d57c440bb2b8a1bfb80	306	CDD	cd02042	ParAB_family	23	227	8.98795E-19	T	21-06-2023	-	-
>NZ_CP100004.1_91	8351a5641d3b3d57c440bb2b8a1bfb80	306	PANTHER	PTHR13696	P-LOOP CONTAINING NUCLEOSIDE TRIPHOSPHATE HYDROLASE	18	299	4.8E-39	T	21-06-2023	-	-
>NZ_CP100004.1_91	8351a5641d3b3d57c440bb2b8a1bfb80	306	SUPERFAMILY	SSF52540	P-loop containing nucleoside triphosphate hydrolases	20	301	3.1E-34	T	21-06-2023	IPR027417	P-loop containing nucleoside triphosphate hydrolase
>NZ_CP100004.1_127	2d769ad1394849b3c8de5895ef91e7a6	91	MobiDBLite	mobidb-lite	consensus disorder prediction	1	28	-	T	21-06-2023	-	-
>NZ_CP100004.1_133	6e93c7a36ce039f387953b89ff54f77e	186	Coils	Coil	Coil	154	174	-	T	21-06-2023	-	-
>NZ_CP100004.1_133	6e93c7a36ce039f387953b89ff54f77e	186	MobiDBLite	mobidb-lite	consensus disorder prediction	159	186	-	T	21-06-2023	-	-
>NZ_CP100004.1_43	a3923ea5dcbbe09ca210d4da21c87af0	535	PANTHER	PTHR43267	TRNA THREONYLCARBAMOYLADENOSINE DEHYDRATASE	230	373	4.2E-17	T	21-06-2023	IPR045886	ThiF/MoeB/HesA family
>NZ_CP100004.1_43	a3923ea5dcbbe09ca210d4da21c87af0	535	Pfam	PF00899	ThiF family	231	478	2.7E-23	T	21-06-2023	IPR000594	THIF-type NAD/FAD binding fold
>NZ_CP100004.1_43	a3923ea5dcbbe09ca210d4da21c87af0	535	Gene3D	G3DSA:3.40.50.720	-	225	508	1.9E-31	T	21-06-2023	-	-
>NZ_CP100004.1_43	a3923ea5dcbbe09ca210d4da21c87af0	535	SUPERFAMILY	SSF69572	Activating enzymes of the ubiquitin-like proteins	231	406	8.76E-26	T	21-06-2023	IPR035985	Ubiquitin-activating enzyme
>NZ_CP100004.1_43	a3923ea5dcbbe09ca210d4da21c87af0	535	MobiDBLite	mobidb-lite	consensus disorder prediction	435	455	-	T	21-06-2023	-	-
>NZ_CP100004.1_43	a3923ea5dcbbe09ca210d4da21c87af0	535	MobiDBLite	mobidb-lite	consensus disorder prediction	435	452	-	T	21-06-2023	-	-
>NZ_CP100004.1_2	75bb53f15236978e44050f1a4bc7e394	254	NCBIfam	TIGR01409	twin-arginine translocation signal domain	4	24	0.0019	T	21-06-2023	IPR019546	Twin-arginine translocation pathway, signal sequence, bacterial/archaeal
>NZ_CP100004.1_2	75bb53f15236978e44050f1a4bc7e394	254	ProSiteProfiles	PS51318	Twin arginine translocation (Tat) signal profile.	1	29	9.067944	T	21-06-2023	IPR006311	Twin-arginine translocation pathway, signal sequence
>NZ_CP100004.1_142	75bb53f15236978e44050f1a4bc7e394	254	NCBIfam	TIGR01409	twin-arginine translocation signal domain	4	24	0.0019	T	21-06-2023	IPR019546	Twin-arginine translocation pathway, signal sequence, bacterial/archaeal
>NZ_CP100004.1_142	75bb53f15236978e44050f1a4bc7e394	254	ProSiteProfiles	PS51318	Twin arginine translocation (Tat) signal profile.	1	29	9.067944	T	21-06-2023	IPR006311	Twin-arginine translocation pathway, signal sequence
>NZ_CP100004.1_78	183383ce289475727cd3ad0e54589cb0	749	Gene3D	G3DSA:3.40.50.300	-	14	192	5.5E-33	T	21-06-2023	IPR027417	P-loop containing nucleoside triphosphate hydrolase
>NZ_CP100004.1_78	183383ce289475727cd3ad0e54589cb0	749	MobiDBLite	mobidb-lite	consensus disorder prediction	726	749	-	T	21-06-2023	-	-
>NZ_CP100004.1_78	183383ce289475727cd3ad0e54589cb0	749	Gene3D	G3DSA:1.10.3380.20	-	502	652	7.0E-7	T	21-06-2023	-	-
>NZ_CP100004.1_78	183383ce289475727cd3ad0e54589cb0	749	ProSiteProfiles	PS51192	Superfamilies 1 and 2 helicase ATP-binding type-1 domain profile.	37	192	19.845873	T	21-06-2023	IPR014001	Helicase superfamily 1/2, ATP-binding domain
>NZ_CP100004.1_78	183383ce289475727cd3ad0e54589cb0	749	PANTHER	PTHR47961	DNA POLYMERASE THETA, PUTATIVE (AFU_ORTHOLOGUE AFUA_1G05260)-RELATED	20	703	1.3E-73	T	21-06-2023	-	-
>NZ_CP100004.1_78	183383ce289475727cd3ad0e54589cb0	749	SUPERFAMILY	SSF158702	Sec63 N-terminal domain-like	564	654	2.22E-8	T	21-06-2023	-	-
>NZ_CP100004.1_78	183383ce289475727cd3ad0e54589cb0	749	Pfam	PF00270	DEAD/DEAH box helicase	30	175	2.4E-11	T	21-06-2023	IPR011545	DEAD/DEAH box helicase domain
>NZ_CP100004.1_78	183383ce289475727cd3ad0e54589cb0	749	Pfam	PF00271	Helicase conserved C-terminal domain	285	364	7.4E-8	T	21-06-2023	IPR001650	Helicase, C-terminal
>NZ_CP100004.1_78	183383ce289475727cd3ad0e54589cb0	749	SUPERFAMILY	SSF52540	P-loop containing nucleoside triphosphate hydrolases	39	377	3.51E-39	T	21-06-2023	IPR027417	P-loop containing nucleoside triphosphate hydrolase
>NZ_CP100004.1_78	183383ce289475727cd3ad0e54589cb0	749	SMART	SM00490	helicmild6	278	364	2.6E-12	T	21-06-2023	IPR001650	Helicase, C-terminal
>NZ_CP100004.1_78	183383ce289475727cd3ad0e54589cb0	749	MobiDBLite	mobidb-lite	consensus disorder prediction	730	749	-	T	21-06-2023	-	-
>NZ_CP100004.1_78	183383ce289475727cd3ad0e54589cb0	749	Gene3D	G3DSA:3.40.50.300	-	193	387	3.9E-33	T	21-06-2023	IPR027417	P-loop containing nucleoside triphosphate hydrolase
>NZ_CP100004.1_78	183383ce289475727cd3ad0e54589cb0	749	ProSiteProfiles	PS51194	Superfamilies 1 and 2 helicase C-terminal domain profile.	238	413	11.25086	T	21-06-2023	IPR001650	Helicase, C-terminal
>NZ_CP100004.1_78	183383ce289475727cd3ad0e54589cb0	749	SMART	SM00487	ultradead3	24	200	2.5E-15	T	21-06-2023	IPR014001	Helicase superfamily 1/2, ATP-binding domain
>NZ_CP100004.1_74	216b3f408a74913ecb920bb87059ac6a	642	MobiDBLite	mobidb-lite	consensus disorder prediction	1	21	-	T	21-06-2023	-	-
>NZ_CP100004.1_74	216b3f408a74913ecb920bb87059ac6a	642	PANTHER	PTHR11203	CLEAVAGE AND POLYADENYLATION SPECIFICITY FACTOR FAMILY MEMBER	40	520	2.9E-71	T	21-06-2023	-	-
>NZ_CP100004.1_74	216b3f408a74913ecb920bb87059ac6a	642	MobiDBLite	mobidb-lite	consensus disorder prediction	1	38	-	T	21-06-2023	-	-
>NZ_CP100004.1_74	216b3f408a74913ecb920bb87059ac6a	642	Pfam	PF00753	Metallo-beta-lactamase superfamily	48	244	2.2E-15	T	21-06-2023	IPR001279	Metallo-beta-lactamase
>NZ_CP100004.1_74	216b3f408a74913ecb920bb87059ac6a	642	SMART	SM00849	Lactamase_B_5a	50	267	7.0E-15	T	21-06-2023	IPR001279	Metallo-beta-lactamase
>NZ_CP100004.1_74	216b3f408a74913ecb920bb87059ac6a	642	Gene3D	G3DSA:3.40.50.10890	-	251	466	8.9E-101	T	21-06-2023	-	-
>NZ_CP100004.1_74	216b3f408a74913ecb920bb87059ac6a	642	SUPERFAMILY	SSF56281	Metallo-hydrolase/oxidoreductase	40	525	1.24E-89	T	21-06-2023	IPR036866	Ribonuclease Z/Hydroxyacylglutathione hydrolase-like
>NZ_CP100004.1_74	216b3f408a74913ecb920bb87059ac6a	642	Gene3D	G3DSA:3.60.15.10	-	44	494	8.9E-101	T	21-06-2023	IPR036866	Ribonuclease Z/Hydroxyacylglutathione hydrolase-like
>NZ_CP100004.1_74	216b3f408a74913ecb920bb87059ac6a	642	Pfam	PF07521	Zn-dependent metallo-hydrolase RNA specificity domain	455	503	3.9E-8	T	21-06-2023	IPR011108	Zn-dependent metallo-hydrolase, RNA specificity domain
>NZ_CP100004.1_74	216b3f408a74913ecb920bb87059ac6a	642	Pfam	PF10996	Beta-Casp domain	283	415	1.5E-16	T	21-06-2023	IPR022712	Beta-Casp domain
>NZ_CP100004.1_74	216b3f408a74913ecb920bb87059ac6a	642	SMART	SM01027	Beta_Casp_2	283	415	3.2E-19	T	21-06-2023	IPR022712	Beta-Casp domain
>NZ_CP100004.1_74	216b3f408a74913ecb920bb87059ac6a	642	MobiDBLite	mobidb-lite	consensus disorder prediction	564	587	-	T	21-06-2023	-	-
>NZ_CP100004.1_74	216b3f408a74913ecb920bb87059ac6a	642	CDD	cd16295	TTHA0252-CPSF-like_MBL-fold	44	241	9.54651E-66	T	21-06-2023	-	-
>NZ_CP100004.1_74	216b3f408a74913ecb920bb87059ac6a	642	MobiDBLite	mobidb-lite	consensus disorder prediction	546	597	-	T	21-06-2023	-	-
>NZ_CP100004.1_116	968b2e0b0a0150db7d24c522d4e80b7e	356	MobiDBLite	mobidb-lite	consensus disorder prediction	328	356	-	T	21-06-2023	-	-
>NZ_CP100004.1_116	968b2e0b0a0150db7d24c522d4e80b7e	356	PANTHER	PTHR43432	SLR0285 PROTEIN	8	246	1.2E-29	T	21-06-2023	IPR040086	Protein MJ0683-like
>NZ_CP100004.1_116	968b2e0b0a0150db7d24c522d4e80b7e	356	CDD	cd01335	Radical_SAM	35	230	4.09162E-7	T	21-06-2023	-	-
>NZ_CP100004.1_116	968b2e0b0a0150db7d24c522d4e80b7e	356	Gene3D	G3DSA:3.80.30.30	-	95	242	2.0E-13	T	21-06-2023	-	-
>NZ_CP100004.1_116	968b2e0b0a0150db7d24c522d4e80b7e	356	Pfam	PF04055	Radical SAM superfamily	35	227	2.5E-11	T	21-06-2023	IPR007197	Radical SAM
>NZ_CP100004.1_116	968b2e0b0a0150db7d24c522d4e80b7e	356	SFLD	SFLDS00029	Radical SAM	9	267	0.0	T	21-06-2023	IPR007197	Radical SAM
>NZ_CP100004.1_116	968b2e0b0a0150db7d24c522d4e80b7e	356	SUPERFAMILY	SSF102114	Radical SAM enzymes	33	276	4.19E-12	T	21-06-2023	-	-
>NZ_CP100004.1_116	968b2e0b0a0150db7d24c522d4e80b7e	356	SFLD	SFLDG01084	Uncharacterised Radical SAM Subgroup 2	9	267	0.0	T	21-06-2023	IPR040086	Protein MJ0683-like
>NZ_CP100004.1_71	31c0f77610fcf5f8e73c1f076e8d5731	230	MobiDBLite	mobidb-lite	consensus disorder prediction	205	230	-	T	21-06-2023	-	-
>NZ_CP100004.1_135	14f32b2d69ed011e76694d6ae986acc4	202	MobiDBLite	mobidb-lite	consensus disorder prediction	131	157	-	T	21-06-2023	-	-
>NZ_CP100004.1_135	14f32b2d69ed011e76694d6ae986acc4	202	MobiDBLite	mobidb-lite	consensus disorder prediction	131	160	-	T	21-06-2023	-	-
>NZ_CP100004.1_135	14f32b2d69ed011e76694d6ae986acc4	202	Pfam	PF10633	NPCBM-associated, NEW3 domain of alpha-galactosidase	40	117	1.2E-7	T	21-06-2023	IPR018905	Alpha-galactosidase, NEW3 domain
>NZ_CP100004.1_27	68d9600dd78767bd7c6a129ec53c7fee	520	Coils	Coil	Coil	425	463	-	T	21-06-2023	-	-
>NZ_CP100004.1_73	c9ab1f42c5f6e1f5e55ee99d731769a5	116	MobiDBLite	mobidb-lite	consensus disorder prediction	34	55	-	T	21-06-2023	-	-
>NZ_CP100004.1_128	a271747aa0e7ef4dfeb164ef9199826e	422	Pfam	PF09079	CDC6, C terminal winged helix domain	320	379	1.1E-5	T	21-06-2023	IPR015163	Cdc6, C-terminal
>NZ_CP100004.1_128	a271747aa0e7ef4dfeb164ef9199826e	422	Gene3D	G3DSA:1.10.10.10	-	306	403	7.1E-10	T	21-06-2023	IPR036388	Winged helix-like DNA-binding domain superfamily
>NZ_CP100004.1_128	a271747aa0e7ef4dfeb164ef9199826e	422	SUPERFAMILY	SSF52540	P-loop containing nucleoside triphosphate hydrolases	12	297	1.23E-32	T	21-06-2023	IPR027417	P-loop containing nucleoside triphosphate hydrolase
>NZ_CP100004.1_128	a271747aa0e7ef4dfeb164ef9199826e	422	Hamap	MF_01407	ORC1-type DNA replication protein.	5	400	22.694885	T	21-06-2023	IPR014277	Orc1/Cdc6-type DNA replication protein, archaea
>NZ_CP100004.1_128	a271747aa0e7ef4dfeb164ef9199826e	422	Gene3D	G3DSA:3.40.50.300	-	28	208	1.2E-68	T	21-06-2023	IPR027417	P-loop containing nucleoside triphosphate hydrolase
>NZ_CP100004.1_128	a271747aa0e7ef4dfeb164ef9199826e	422	Gene3D	G3DSA:1.10.8.60	-	12	302	1.2E-68	T	21-06-2023	-	-
>NZ_CP100004.1_128	a271747aa0e7ef4dfeb164ef9199826e	422	PANTHER	PTHR10763	CELL DIVISION CONTROL PROTEIN 6-RELATED	9	402	1.4E-36	T	21-06-2023	-	-
>NZ_CP100004.1_128	a271747aa0e7ef4dfeb164ef9199826e	422	NCBIfam	TIGR02928	orc1/cdc6 family replication initiation protein	12	378	5.4E-79	T	21-06-2023	IPR014277	Orc1/Cdc6-type DNA replication protein, archaea
>NZ_CP100004.1_128	a271747aa0e7ef4dfeb164ef9199826e	422	Pfam	PF13401	AAA domain	54	157	3.1E-9	T	21-06-2023	IPR003593	AAA+ ATPase domain
>NZ_CP100004.1_129	54c0d015b4e7576d46a5beba8dd2a028	118	MobiDBLite	mobidb-lite	consensus disorder prediction	1	26	-	T	21-06-2023	-	-
>NZ_CP100004.1_15	a67a718deb6e1480070d9a524fb84255	202	MobiDBLite	mobidb-lite	consensus disorder prediction	178	202	-	T	21-06-2023	-	-
>NZ_CP100004.1_155	a67a718deb6e1480070d9a524fb84255	202	MobiDBLite	mobidb-lite	consensus disorder prediction	178	202	-	T	21-06-2023	-	-
>NZ_CP100004.1_49	e1b6a769ea3ea909b8f8909a07ebd1ce	101	Pfam	PF18545	Halobacterial output domain 1	28	98	2.3E-20	T	21-06-2023	IPR040624	Halobacterial output domain 1
>NZ_CP100004.1_28	19cbbb87953c786e492d29999afa517c	697	Gene3D	G3DSA:1.10.10.10	-	612	696	1.7E-24	T	21-06-2023	IPR036388	Winged helix-like DNA-binding domain superfamily
>NZ_CP100004.1_28	19cbbb87953c786e492d29999afa517c	697	Gene3D	G3DSA:2.40.50.140	-	101	231	1.1E-34	T	21-06-2023	IPR012340	Nucleic acid-binding, OB-fold
>NZ_CP100004.1_28	19cbbb87953c786e492d29999afa517c	697	Pfam	PF17207	MCM OB domain	101	223	1.6E-23	T	21-06-2023	IPR033762	MCM OB domain
>NZ_CP100004.1_28	19cbbb87953c786e492d29999afa517c	697	PANTHER	PTHR11630	DNA REPLICATION LICENSING FACTOR MCM FAMILY MEMBER	13	662	0.0	T	21-06-2023	IPR031327	Mini-chromosome maintenance protein
>NZ_CP100004.1_28	19cbbb87953c786e492d29999afa517c	697	Pfam	PF00493	MCM P-loop domain	262	484	2.9E-73	T	21-06-2023	IPR001208	MCM domain
>NZ_CP100004.1_28	19cbbb87953c786e492d29999afa517c	697	Gene3D	G3DSA:3.40.50.300	-	253	611	3.3E-109	T	21-06-2023	IPR027417	P-loop containing nucleoside triphosphate hydrolase
>NZ_CP100004.1_28	19cbbb87953c786e492d29999afa517c	697	ProSiteProfiles	PS50051	MCM family domain profile.	274	481	62.417141	T	21-06-2023	IPR001208	MCM domain
>NZ_CP100004.1_28	19cbbb87953c786e492d29999afa517c	697	Coils	Coil	Coil	628	648	-	T	21-06-2023	-	-
>NZ_CP100004.1_28	19cbbb87953c786e492d29999afa517c	697	Gene3D	G3DSA:2.20.28.10	-	126	176	1.1E-34	T	21-06-2023	-	-
>NZ_CP100004.1_28	19cbbb87953c786e492d29999afa517c	697	SMART	SM00350	mcm	95	607	6.0E-97	T	21-06-2023	IPR031327	Mini-chromosome maintenance protein
>NZ_CP100004.1_28	19cbbb87953c786e492d29999afa517c	697	PRINTS	PR01657	Mini-chromosome maintenance (MCM) protein family signature	315	330	1.4E-22	T	21-06-2023	IPR001208	MCM domain
>NZ_CP100004.1_28	19cbbb87953c786e492d29999afa517c	697	PRINTS	PR01657	Mini-chromosome maintenance (MCM) protein family signature	376	390	1.4E-22	T	21-06-2023	IPR001208	MCM domain
>NZ_CP100004.1_28	19cbbb87953c786e492d29999afa517c	697	PRINTS	PR01657	Mini-chromosome maintenance (MCM) protein family signature	404	417	1.4E-22	T	21-06-2023	IPR001208	MCM domain
>NZ_CP100004.1_28	19cbbb87953c786e492d29999afa517c	697	PRINTS	PR01657	Mini-chromosome maintenance (MCM) protein family signature	428	440	1.4E-22	T	21-06-2023	IPR001208	MCM domain
>NZ_CP100004.1_28	19cbbb87953c786e492d29999afa517c	697	PRINTS	PR01657	Mini-chromosome maintenance (MCM) protein family signature	455	463	1.4E-22	T	21-06-2023	IPR001208	MCM domain
>NZ_CP100004.1_28	19cbbb87953c786e492d29999afa517c	697	Pfam	PF17855	MCM AAA-lid domain	522	605	2.0E-28	T	21-06-2023	IPR041562	MCM, AAA-lid domain
>NZ_CP100004.1_28	19cbbb87953c786e492d29999afa517c	697	Gene3D	G3DSA:3.30.1640.10	-	2	96	4.9E-31	T	21-06-2023	-	-
>NZ_CP100004.1_28	19cbbb87953c786e492d29999afa517c	697	SUPERFAMILY	SSF50249	Nucleic acid-binding proteins	14	225	3.08E-43	T	21-06-2023	IPR012340	Nucleic acid-binding, OB-fold
>NZ_CP100004.1_28	19cbbb87953c786e492d29999afa517c	697	FunFam	G3DSA:3.40.50.300:FF:002469	Cell division control protein 21	258	612	5.6E-89	T	21-06-2023	-	-
>NZ_CP100004.1_28	19cbbb87953c786e492d29999afa517c	697	FunFam	G3DSA:2.20.28.10:FF:000003	DNA helicase	126	176	3.4E-9	T	21-06-2023	-	-
>NZ_CP100004.1_28	19cbbb87953c786e492d29999afa517c	697	SUPERFAMILY	SSF52540	P-loop containing nucleoside triphosphate hydrolases	284	618	3.55E-32	T	21-06-2023	IPR027417	P-loop containing nucleoside triphosphate hydrolase
>NZ_CP100004.1_28	19cbbb87953c786e492d29999afa517c	697	Pfam	PF14551	MCM N-terminal domain	17	73	4.1E-7	T	21-06-2023	IPR027925	MCM N-terminal domain
>NZ_CP100004.1_157	b3a0f5da09c7ff212f20db3dd2621e29	416	Coils	Coil	Coil	388	408	-	T	21-06-2023	-	-
>NZ_CP100004.1_17	b3a0f5da09c7ff212f20db3dd2621e29	416	Coils	Coil	Coil	388	408	-	T	21-06-2023	-	-
>NZ_CP100004.1_52	370cc0f794c66b0015985729753496ea	232	Gene3D	G3DSA:3.40.50.300	-	34	224	2.0E-8	T	21-06-2023	IPR027417	P-loop containing nucleoside triphosphate hydrolase
>NZ_CP100004.1_52	370cc0f794c66b0015985729753496ea	232	Pfam	PF08423	Rad51	50	158	4.3E-6	T	21-06-2023	IPR013632	DNA recombination and repair protein Rad51-like, C-terminal
>NZ_CP100004.1_45	7c4fd245031e00f50418e85b2ce64e4f	59	MobiDBLite	mobidb-lite	consensus disorder prediction	1	21	-	T	21-06-2023	-	-
>NZ_CP100004.1_77	b571a591ce1f302788fe2ecfd537ba8a	176	Pfam	PF19134	Domain of unknown function (DUF5817)	33	59	5.8E-8	T	21-06-2023	IPR043855	Domain of unknown function DUF5817
>NZ_CP100004.1_77	b571a591ce1f302788fe2ecfd537ba8a	176	Gene3D	G3DSA:3.90.820.10	-	5	72	8.3E-7	T	21-06-2023	-	-
>NZ_CP100004.1_94	ea9e96fb2ddbbab531ec5248f0b392e1	729	Gene3D	G3DSA:3.40.50.150	Vaccinia Virus protein VP39	42	265	1.0E-48	T	21-06-2023	IPR029063	S-adenosyl-L-methionine-dependent methyltransferase superfamily
>NZ_CP100004.1_94	ea9e96fb2ddbbab531ec5248f0b392e1	729	MobiDBLite	mobidb-lite	consensus disorder prediction	635	729	-	T	21-06-2023	-	-
>NZ_CP100004.1_94	ea9e96fb2ddbbab531ec5248f0b392e1	729	Pfam	PF00145	C-5 cytosine-specific DNA methylase	548	598	2.6E-10	T	21-06-2023	IPR001525	C-5 cytosine methyltransferase
>NZ_CP100004.1_94	ea9e96fb2ddbbab531ec5248f0b392e1	729	Pfam	PF00145	C-5 cytosine-specific DNA methylase	50	239	8.2E-24	T	21-06-2023	IPR001525	C-5 cytosine methyltransferase
>NZ_CP100004.1_94	ea9e96fb2ddbbab531ec5248f0b392e1	729	Gene3D	G3DSA:3.90.120.10	DNA Methylase, subunit A, domain 2	475	591	4.2E-12	T	21-06-2023	-	-
>NZ_CP100004.1_94	ea9e96fb2ddbbab531ec5248f0b392e1	729	MobiDBLite	mobidb-lite	consensus disorder prediction	710	729	-	T	21-06-2023	-	-
>NZ_CP100004.1_94	ea9e96fb2ddbbab531ec5248f0b392e1	729	SUPERFAMILY	SSF53335	S-adenosyl-L-methionine-dependent methyltransferases	47	598	3.74E-62	T	21-06-2023	IPR029063	S-adenosyl-L-methionine-dependent methyltransferase superfamily
>NZ_CP100004.1_94	ea9e96fb2ddbbab531ec5248f0b392e1	729	PANTHER	PTHR10629	CYTOSINE-SPECIFIC METHYLTRANSFERASE	550	601	1.9E-38	T	21-06-2023	-	-
>NZ_CP100004.1_94	ea9e96fb2ddbbab531ec5248f0b392e1	729	MobiDBLite	mobidb-lite	consensus disorder prediction	685	700	-	T	21-06-2023	-	-
>NZ_CP100004.1_94	ea9e96fb2ddbbab531ec5248f0b392e1	729	ProSiteProfiles	PS51679	C-5 cytosine-specific DNA methylase (Dnmt) domain profile.	47	605	32.29303	T	21-06-2023	IPR001525	C-5 cytosine methyltransferase
>NZ_CP100004.1_94	ea9e96fb2ddbbab531ec5248f0b392e1	729	PRINTS	PR00105	Cytosine-specific DNA methyltransferase signature	165	179	1.5E-7	T	21-06-2023	IPR001525	C-5 cytosine methyltransferase
>NZ_CP100004.1_94	ea9e96fb2ddbbab531ec5248f0b392e1	729	PRINTS	PR00105	Cytosine-specific DNA methyltransferase signature	48	64	1.5E-7	T	21-06-2023	IPR001525	C-5 cytosine methyltransferase
>NZ_CP100004.1_94	ea9e96fb2ddbbab531ec5248f0b392e1	729	PRINTS	PR00105	Cytosine-specific DNA methyltransferase signature	220	233	1.5E-7	T	21-06-2023	IPR001525	C-5 cytosine methyltransferase
>NZ_CP100004.1_100	9c6f79087601363416aeeb0ceb081a55	220	Pfam	PF00589	Phage integrase family	7	206	5.1E-10	T	21-06-2023	IPR002104	Integrase, catalytic domain
>NZ_CP100004.1_100	9c6f79087601363416aeeb0ceb081a55	220	Gene3D	G3DSA:1.10.443.10	Intergrase catalytic core	2	219	8.5E-15	T	21-06-2023	IPR013762	Integrase-like, catalytic domain superfamily
>NZ_CP100004.1_100	9c6f79087601363416aeeb0ceb081a55	220	ProSiteProfiles	PS51898	Tyrosine recombinase domain profile.	3	217	15.589506	T	21-06-2023	IPR002104	Integrase, catalytic domain
>NZ_CP100004.1_100	9c6f79087601363416aeeb0ceb081a55	220	SUPERFAMILY	SSF56349	DNA breaking-rejoining enzymes	3	214	2.06E-15	T	21-06-2023	IPR011010	DNA breaking-rejoining enzyme, catalytic core
>NZ_CP100004.1_104	c95e891e69c0f0582cca374e34cbaeb7	56	MobiDBLite	mobidb-lite	consensus disorder prediction	1	20	-	T	21-06-2023	-	-
>NZ_CP100004.1_1	a2c09226f1a4723e343260479f448b77	283	Gene3D	G3DSA:3.40.50.200	Peptidase S8/S53 domain	1	249	4.9E-50	T	21-06-2023	IPR036852	Peptidase S8/S53 domain superfamily
>NZ_CP100004.1_1	a2c09226f1a4723e343260479f448b77	283	PANTHER	PTHR43806	PEPTIDASE S8	4	243	4.5E-37	T	21-06-2023	-	-
>NZ_CP100004.1_1	a2c09226f1a4723e343260479f448b77	283	ProSitePatterns	PS00138	Serine proteases, subtilase family, serine active site.	178	188	-	T	21-06-2023	IPR023828	Peptidase S8, subtilisin, Ser-active site
>NZ_CP100004.1_1	a2c09226f1a4723e343260479f448b77	283	SUPERFAMILY	SSF52743	Subtilisin-like	1	236	1.02E-45	T	21-06-2023	IPR036852	Peptidase S8/S53 domain superfamily
>NZ_CP100004.1_1	a2c09226f1a4723e343260479f448b77	283	Pfam	PF00082	Subtilase family	4	226	1.4E-38	T	21-06-2023	IPR000209	Peptidase S8/S53 domain
>NZ_CP100004.1_1	a2c09226f1a4723e343260479f448b77	283	ProSiteProfiles	PS51892	Serine proteases, subtilase domain profile.	1	235	25.856232	T	21-06-2023	-	-
>NZ_CP100004.1_98	49777196efdb29bbda33879b41ece0f9	94	MobiDBLite	mobidb-lite	consensus disorder prediction	1	21	-	T	21-06-2023	-	-
>NZ_CP100004.1_3	f74e42cc05479c0d373b15ba2fd98095	1314	Gene3D	G3DSA:2.60.40.1120	-	387	487	3.2E-14	T	21-06-2023	-	-
>NZ_CP100004.1_3	f74e42cc05479c0d373b15ba2fd98095	1314	SUPERFAMILY	SSF50998	Quinoprotein alcohol dehydrogenase-like	103	451	3.34E-17	T	21-06-2023	IPR011047	Quinoprotein alcohol dehydrogenase-like superfamily
>NZ_CP100004.1_3	f74e42cc05479c0d373b15ba2fd98095	1314	Coils	Coil	Coil	899	926	-	T	21-06-2023	-	-
>NZ_CP100004.1_3	f74e42cc05479c0d373b15ba2fd98095	1314	Coils	Coil	Coil	700	727	-	T	21-06-2023	-	-
>NZ_CP100004.1_3	f74e42cc05479c0d373b15ba2fd98095	1314	Coils	Coil	Coil	863	890	-	T	21-06-2023	-	-
>NZ_CP100004.1_3	f74e42cc05479c0d373b15ba2fd98095	1314	Gene3D	G3DSA:1.20.1170.10	-	825	963	2.2E-5	T	21-06-2023	-	-
>NZ_CP100004.1_3	f74e42cc05479c0d373b15ba2fd98095	1314	Gene3D	G3DSA:2.40.128.630	-	149	261	2.4E-9	T	21-06-2023	-	-
>NZ_CP100004.1_3	f74e42cc05479c0d373b15ba2fd98095	1314	SMART	SM00564	ire1_9	190	219	130.0	T	21-06-2023	IPR018391	Pyrrolo-quinoline quinone beta-propeller repeat
>NZ_CP100004.1_3	f74e42cc05479c0d373b15ba2fd98095	1314	SMART	SM00564	ire1_9	228	259	1.3	T	21-06-2023	IPR018391	Pyrrolo-quinoline quinone beta-propeller repeat
>NZ_CP100004.1_3	f74e42cc05479c0d373b15ba2fd98095	1314	SMART	SM00564	ire1_9	110	142	330.0	T	21-06-2023	IPR018391	Pyrrolo-quinoline quinone beta-propeller repeat
>NZ_CP100004.1_3	f74e42cc05479c0d373b15ba2fd98095	1314	SMART	SM00564	ire1_9	148	180	610.0	T	21-06-2023	IPR018391	Pyrrolo-quinoline quinone beta-propeller repeat
>NZ_CP100004.1_3	f74e42cc05479c0d373b15ba2fd98095	1314	Pfam	PF13620	Carboxypeptidase regulatory-like domain	387	465	1.0E-15	T	21-06-2023	-	-
>NZ_CP100004.1_3	f74e42cc05479c0d373b15ba2fd98095	1314	Pfam	PF13360	PQQ-like domain	191	302	1.4E-4	T	21-06-2023	IPR002372	Pyrrolo-quinoline quinone repeat
>NZ_CP100004.1_140	1e662f4faa5cf3d05a40c5e65998d2bb	45	Coils	Coil	Coil	6	26	-	T	21-06-2023	-	-
>NZ_CP100004.1_140	1e662f4faa5cf3d05a40c5e65998d2bb	45	MobiDBLite	mobidb-lite	consensus disorder prediction	24	45	-	T	21-06-2023	-	-
>NZ_CP100004.1_162	5cb8763c2bb0fb597b4a538072362386	792	SUPERFAMILY	SSF52540	P-loop containing nucleoside triphosphate hydrolases	165	554	1.06E-5	T	21-06-2023	IPR027417	P-loop containing nucleoside triphosphate hydrolase
>NZ_CP100004.1_162	5cb8763c2bb0fb597b4a538072362386	792	MobiDBLite	mobidb-lite	consensus disorder prediction	664	688	-	T	21-06-2023	-	-
>NZ_CP100004.1_162	5cb8763c2bb0fb597b4a538072362386	792	Gene3D	G3DSA:3.40.50.300	-	381	562	9.1E-10	T	21-06-2023	IPR027417	P-loop containing nucleoside triphosphate hydrolase
>NZ_CP100004.1_162	5cb8763c2bb0fb597b4a538072362386	792	Coils	Coil	Coil	17	48	-	T	21-06-2023	-	-
>NZ_CP100004.1_22	5cb8763c2bb0fb597b4a538072362386	792	SUPERFAMILY	SSF52540	P-loop containing nucleoside triphosphate hydrolases	165	554	1.06E-5	T	21-06-2023	IPR027417	P-loop containing nucleoside triphosphate hydrolase
>NZ_CP100004.1_22	5cb8763c2bb0fb597b4a538072362386	792	MobiDBLite	mobidb-lite	consensus disorder prediction	664	688	-	T	21-06-2023	-	-
>NZ_CP100004.1_22	5cb8763c2bb0fb597b4a538072362386	792	Gene3D	G3DSA:3.40.50.300	-	381	562	9.1E-10	T	21-06-2023	IPR027417	P-loop containing nucleoside triphosphate hydrolase
>NZ_CP100004.1_22	5cb8763c2bb0fb597b4a538072362386	792	Coils	Coil	Coil	17	48	-	T	21-06-2023	-	-
>NZ_CP100004.1_141	ca79fe4fa2b3e8b9a13eb849d6d7c53e	533	ProSiteProfiles	PS51892	Serine proteases, subtilase domain profile.	172	487	28.536947	T	21-06-2023	-	-
>NZ_CP100004.1_141	ca79fe4fa2b3e8b9a13eb849d6d7c53e	533	PRINTS	PR00723	Subtilisin serine protease family (S8) signature	193	212	4.4E-12	T	21-06-2023	IPR015500	Peptidase S8, subtilisin-related
>NZ_CP100004.1_141	ca79fe4fa2b3e8b9a13eb849d6d7c53e	533	PRINTS	PR00723	Subtilisin serine protease family (S8) signature	247	260	4.4E-12	T	21-06-2023	IPR015500	Peptidase S8, subtilisin-related
>NZ_CP100004.1_141	ca79fe4fa2b3e8b9a13eb849d6d7c53e	533	PRINTS	PR00723	Subtilisin serine protease family (S8) signature	429	445	4.4E-12	T	21-06-2023	IPR015500	Peptidase S8, subtilisin-related
>NZ_CP100004.1_141	ca79fe4fa2b3e8b9a13eb849d6d7c53e	533	ProSitePatterns	PS00138	Serine proteases, subtilase family, serine active site.	430	440	-	T	21-06-2023	IPR023828	Peptidase S8, subtilisin, Ser-active site
>NZ_CP100004.1_141	ca79fe4fa2b3e8b9a13eb849d6d7c53e	533	Gene3D	G3DSA:3.40.50.200	Peptidase S8/S53 domain	179	501	3.2E-57	T	21-06-2023	IPR036852	Peptidase S8/S53 domain superfamily
>NZ_CP100004.1_141	ca79fe4fa2b3e8b9a13eb849d6d7c53e	533	SUPERFAMILY	SSF52743	Subtilisin-like	180	488	2.75E-54	T	21-06-2023	IPR036852	Peptidase S8/S53 domain superfamily
>NZ_CP100004.1_141	ca79fe4fa2b3e8b9a13eb849d6d7c53e	533	PANTHER	PTHR43806	PEPTIDASE S8	113	465	9.6E-49	T	21-06-2023	-	-
>NZ_CP100004.1_141	ca79fe4fa2b3e8b9a13eb849d6d7c53e	533	Pfam	PF00082	Subtilase family	193	478	7.5E-43	T	21-06-2023	IPR000209	Peptidase S8/S53 domain
>NZ_CP100004.1_101	b07a87787284a78114e781ecd2adfcd9	248	MobiDBLite	mobidb-lite	consensus disorder prediction	233	248	-	T	21-06-2023	-	-
>NZ_CP100004.1_101	b07a87787284a78114e781ecd2adfcd9	248	MobiDBLite	mobidb-lite	consensus disorder prediction	224	248	-	T	21-06-2023	-	-
>NZ_CP100004.1_40	4305353760db526a9cc6f0c413038161	230	MobiDBLite	mobidb-lite	consensus disorder prediction	212	230	-	T	21-06-2023	-	-
>NZ_CP100004.1_40	4305353760db526a9cc6f0c413038161	230	SUPERFAMILY	SSF110849	ParB/Sulfiredoxin	74	160	3.84E-6	T	21-06-2023	IPR036086	ParB/Sulfiredoxin superfamily
>NZ_CP100004.1_40	4305353760db526a9cc6f0c413038161	230	Gene3D	G3DSA:3.90.1530.10	-	63	162	1.1E-6	T	21-06-2023	-	-
>NZ_CP100004.1_40	4305353760db526a9cc6f0c413038161	230	MobiDBLite	mobidb-lite	consensus disorder prediction	209	230	-	T	21-06-2023	-	-
>NZ_CP100004.1_54	88eb4723adaa4755945860b753cd826e	700	Gene3D	G3DSA:1.10.132.60	-	542	694	1.5E-24	T	21-06-2023	IPR042087	DNA polymerase family B, thumb domain
>NZ_CP100004.1_54	88eb4723adaa4755945860b753cd826e	700	Gene3D	G3DSA:1.10.287.690	Helix hairpin bin	377	435	3.3E-48	T	21-06-2023	-	-
>NZ_CP100004.1_54	88eb4723adaa4755945860b753cd826e	700	Gene3D	G3DSA:3.90.1600.10	Palm domain of DNA polymerase	323	511	3.3E-48	T	21-06-2023	IPR023211	DNA polymerase, palm domain superfamily
>NZ_CP100004.1_54	88eb4723adaa4755945860b753cd826e	700	Pfam	PF00136	DNA polymerase family B	288	663	2.5E-28	T	21-06-2023	IPR006134	DNA-directed DNA polymerase, family B, multifunctional domain
>NZ_CP100004.1_54	88eb4723adaa4755945860b753cd826e	700	SMART	SM00486	polmehr3	1	480	0.0016	T	21-06-2023	IPR006172	DNA-directed DNA polymerase, family B
>NZ_CP100004.1_54	88eb4723adaa4755945860b753cd826e	700	PANTHER	PTHR10322	DNA POLYMERASE CATALYTIC SUBUNIT	262	669	8.2E-56	T	21-06-2023	-	-
>NZ_CP100004.1_54	88eb4723adaa4755945860b753cd826e	700	SUPERFAMILY	SSF56672	DNA/RNA polymerases	281	683	6.12E-73	T	21-06-2023	IPR043502	DNA/RNA polymerase superfamily
>NZ_CP100004.1_54	88eb4723adaa4755945860b753cd826e	700	CDD	cd05531	POLBc_B2	312	678	0.0	T	21-06-2023	-	-
>NZ_CP100004.1_108	bcf773628f50acd3e50f0dccd8d27875	85	MobiDBLite	mobidb-lite	consensus disorder prediction	61	85	-	T	21-06-2023	-	-
>NZ_CP100004.1_108	bcf773628f50acd3e50f0dccd8d27875	85	MobiDBLite	mobidb-lite	consensus disorder prediction	1	24	-	T	21-06-2023	-	-
>NZ_CP100004.1_137	0db64edf71dedb7efc973e05044c349a	155	PANTHER	PTHR38138	VNG6441H	5	128	9.9E-13	T	21-06-2023	-	-
>NZ_CP100004.1_137	0db64edf71dedb7efc973e05044c349a	155	NCBIfam	TIGR02537	archaeal flagellin N-terminal-like domain	14	36	3.1E-5	T	21-06-2023	IPR013373	Flagellin/pilin, N-terminal site, archaea
>NZ_CP100004.1_137	0db64edf71dedb7efc973e05044c349a	155	Pfam	PF07790	Archaeal Type IV pilin, N-terminal	14	94	2.0E-23	T	21-06-2023	IPR012859	Archaeal Type IV pilin, N-terminal
>NZ_CP100004.1_95	55af2630d1ff852e9a0bba494c5ea518	726	MobiDBLite	mobidb-lite	consensus disorder prediction	546	587	-	T	21-06-2023	-	-
>NZ_CP100004.1_95	55af2630d1ff852e9a0bba494c5ea518	726	MobiDBLite	mobidb-lite	consensus disorder prediction	1	56	-	T	21-06-2023	-	-
>NZ_CP100004.1_95	55af2630d1ff852e9a0bba494c5ea518	726	MobiDBLite	mobidb-lite	consensus disorder prediction	1	17	-	T	21-06-2023	-	-
>NZ_CP100004.1_95	55af2630d1ff852e9a0bba494c5ea518	726	MobiDBLite	mobidb-lite	consensus disorder prediction	558	577	-	T	21-06-2023	-	-
>NZ_CP100004.1_109	7c60ce380646d8f234335feb354e4608	45	MobiDBLite	mobidb-lite	consensus disorder prediction	1	45	-	T	21-06-2023	-	-
>NZ_CP100004.1_124	9c9e4ce7940fda599387f9b1e83ebfcb	60	MobiDBLite	mobidb-lite	consensus disorder prediction	40	60	-	T	21-06-2023	-	-
>NZ_CP100004.1_39	d0d291c463cfb4dcee1af09455d841f0	382	Gene3D	G3DSA:1.10.443.10	Intergrase catalytic core	123	380	1.3E-20	T	21-06-2023	IPR013762	Integrase-like, catalytic domain superfamily
>NZ_CP100004.1_39	d0d291c463cfb4dcee1af09455d841f0	382	ProSiteProfiles	PS51898	Tyrosine recombinase domain profile.	146	374	13.554178	T	21-06-2023	IPR002104	Integrase, catalytic domain
>NZ_CP100004.1_39	d0d291c463cfb4dcee1af09455d841f0	382	ProSiteProfiles	PS51900	Core-binding (CB) domain profile.	7	98	9.143106	T	21-06-2023	IPR044068	Core-binding (CB) domain
>NZ_CP100004.1_39	d0d291c463cfb4dcee1af09455d841f0	382	SUPERFAMILY	SSF56349	DNA breaking-rejoining enzymes	10	373	2.83E-18	T	21-06-2023	IPR011010	DNA breaking-rejoining enzyme, catalytic core
>NZ_CP100004.1_39	d0d291c463cfb4dcee1af09455d841f0	382	Gene3D	G3DSA:1.10.150.130	-	3	121	9.6E-10	T	21-06-2023	IPR010998	Integrase/recombinase, N-terminal
>NZ_CP100004.1_118	70d17bf7fb0793f12df0bb08d598ed10	136	MobiDBLite	mobidb-lite	consensus disorder prediction	1	33	-	T	21-06-2023	-	-
>NZ_CP100004.1_76	ec9fd0ee9e4432f203481cf7dd1468b1	172	Gene3D	G3DSA:1.10.10.10	-	95	168	5.6E-7	T	21-06-2023	IPR036388	Winged helix-like DNA-binding domain superfamily
>NZ_CP100004.1_80	a33426778e86f0a9cb5d1d52d395835e	407	MobiDBLite	mobidb-lite	consensus disorder prediction	100	122	-	T	21-06-2023	-	-
>NZ_CP100004.1_80	a33426778e86f0a9cb5d1d52d395835e	407	MobiDBLite	mobidb-lite	consensus disorder prediction	100	140	-	T	21-06-2023	-	-
>NZ_CP100004.1_80	a33426778e86f0a9cb5d1d52d395835e	407	MobiDBLite	mobidb-lite	consensus disorder prediction	266	289	-	T	21-06-2023	-	-
>NZ_CP100004.1_167	c32225208d6142116586cd9635ab1f46	362	Coils	Coil	Coil	267	305	-	T	21-06-2023	-	-
