>NZ_FOXI01000018.1_10	cb0577c7c8f863b383f50fea96801e23	161	MobiDBLite	mobidb-lite	consensus disorder prediction	72	96	-	T	21-06-2023	-	-
>NZ_FOXI01000018.1_10	cb0577c7c8f863b383f50fea96801e23	161	Pfam	PF19129	Family of unknown function (DUF5812)	11	150	4.4E-63	T	21-06-2023	IPR043850	Protein of unknown function DUF5812
>NZ_FOXI01000018.1_54	dbb36dd31573b8215620f217b706ed33	532	PANTHER	PTHR43806	PEPTIDASE S8	26	469	1.4E-47	T	21-06-2023	-	-
>NZ_FOXI01000018.1_54	dbb36dd31573b8215620f217b706ed33	532	Gene3D	G3DSA:3.40.50.200	Peptidase S8/S53 domain	162	492	6.4E-53	T	21-06-2023	IPR036852	Peptidase S8/S53 domain superfamily
>NZ_FOXI01000018.1_54	dbb36dd31573b8215620f217b706ed33	532	SUPERFAMILY	SSF52743	Subtilisin-like	182	488	9.56E-51	T	21-06-2023	IPR036852	Peptidase S8/S53 domain superfamily
>NZ_FOXI01000018.1_54	dbb36dd31573b8215620f217b706ed33	532	MobiDBLite	mobidb-lite	consensus disorder prediction	483	509	-	T	21-06-2023	-	-
>NZ_FOXI01000018.1_54	dbb36dd31573b8215620f217b706ed33	532	Pfam	PF00082	Subtilase family	187	469	2.0E-39	T	21-06-2023	IPR000209	Peptidase S8/S53 domain
>NZ_FOXI01000018.1_54	dbb36dd31573b8215620f217b706ed33	532	ProSitePatterns	PS00138	Serine proteases, subtilase family, serine active site.	419	429	-	T	21-06-2023	IPR023828	Peptidase S8, subtilisin, Ser-active site
>NZ_FOXI01000018.1_54	dbb36dd31573b8215620f217b706ed33	532	PRINTS	PR00723	Subtilisin serine protease family (S8) signature	187	206	1.7E-10	T	21-06-2023	IPR015500	Peptidase S8, subtilisin-related
>NZ_FOXI01000018.1_54	dbb36dd31573b8215620f217b706ed33	532	PRINTS	PR00723	Subtilisin serine protease family (S8) signature	241	254	1.7E-10	T	21-06-2023	IPR015500	Peptidase S8, subtilisin-related
>NZ_FOXI01000018.1_54	dbb36dd31573b8215620f217b706ed33	532	PRINTS	PR00723	Subtilisin serine protease family (S8) signature	418	434	1.7E-10	T	21-06-2023	IPR015500	Peptidase S8, subtilisin-related
>NZ_FOXI01000018.1_54	dbb36dd31573b8215620f217b706ed33	532	MobiDBLite	mobidb-lite	consensus disorder prediction	484	509	-	T	21-06-2023	-	-
>NZ_FOXI01000018.1_54	dbb36dd31573b8215620f217b706ed33	532	ProSiteProfiles	PS51892	Serine proteases, subtilase domain profile.	165	488	30.68152	T	21-06-2023	-	-
>NZ_FOXI01000018.1_14	f96aaf9afe07997c66cff47c02da08dd	593	Gene3D	G3DSA:2.102.10.10	-	9	114	2.6E-26	T	21-06-2023	IPR036922	Rieske [2Fe-2S] iron-sulphur domain superfamily
>NZ_FOXI01000018.1_14	f96aaf9afe07997c66cff47c02da08dd	593	SUPERFAMILY	SSF50022	ISP domain	10	113	5.5E-26	T	21-06-2023	IPR036922	Rieske [2Fe-2S] iron-sulphur domain superfamily
>NZ_FOXI01000018.1_14	f96aaf9afe07997c66cff47c02da08dd	593	CDD	cd03467	Rieske	11	106	4.69281E-20	T	21-06-2023	-	-
>NZ_FOXI01000018.1_14	f96aaf9afe07997c66cff47c02da08dd	593	PANTHER	PTHR21496	FERREDOXIN-RELATED	9	111	2.3E-16	T	21-06-2023	-	-
>NZ_FOXI01000018.1_14	f96aaf9afe07997c66cff47c02da08dd	593	ProSiteProfiles	PS51296	Rieske [2Fe-2S] iron-sulfur domain profile.	11	106	26.341604	T	21-06-2023	IPR017941	Rieske [2Fe-2S] iron-sulphur domain
>NZ_FOXI01000018.1_14	f96aaf9afe07997c66cff47c02da08dd	593	Pfam	PF00355	Rieske [2Fe-2S] domain	13	95	6.0E-14	T	21-06-2023	IPR017941	Rieske [2Fe-2S] iron-sulphur domain
>NZ_FOXI01000018.1_20	c493a5e2f5888821b3c6e1289d1b2f12	346	MobiDBLite	mobidb-lite	consensus disorder prediction	1	26	-	T	21-06-2023	-	-
>NZ_FOXI01000018.1_20	c493a5e2f5888821b3c6e1289d1b2f12	346	Pfam	PF08240	Alcohol dehydrogenase GroES-like domain	27	135	1.5E-25	T	21-06-2023	IPR013154	Alcohol dehydrogenase-like, N-terminal
>NZ_FOXI01000018.1_20	c493a5e2f5888821b3c6e1289d1b2f12	346	SMART	SM00829	PKS_ER_names_mod	10	340	2.6E-30	T	21-06-2023	IPR020843	Polyketide synthase, enoylreductase domain
>NZ_FOXI01000018.1_20	c493a5e2f5888821b3c6e1289d1b2f12	346	Pfam	PF00107	Zinc-binding dehydrogenase	178	304	4.3E-32	T	21-06-2023	IPR013149	Alcohol dehydrogenase-like, C-terminal
>NZ_FOXI01000018.1_20	c493a5e2f5888821b3c6e1289d1b2f12	346	PANTHER	PTHR44154	QUINONE OXIDOREDUCTASE	1	342	5.3E-87	T	21-06-2023	-	-
>NZ_FOXI01000018.1_20	c493a5e2f5888821b3c6e1289d1b2f12	346	CDD	cd08266	Zn_ADH_like1	1	342	0.0	T	21-06-2023	-	-
>NZ_FOXI01000018.1_20	c493a5e2f5888821b3c6e1289d1b2f12	346	Gene3D	G3DSA:3.90.180.10	-	1	344	2.6E-111	T	21-06-2023	-	-
>NZ_FOXI01000018.1_20	c493a5e2f5888821b3c6e1289d1b2f12	346	SUPERFAMILY	SSF50129	GroES-like	1	171	1.13E-47	T	21-06-2023	IPR011032	GroES-like superfamily
>NZ_FOXI01000018.1_20	c493a5e2f5888821b3c6e1289d1b2f12	346	SUPERFAMILY	SSF51735	NAD(P)-binding Rossmann-fold domains	142	314	2.2E-47	T	21-06-2023	IPR036291	NAD(P)-binding domain superfamily
>NZ_FOXI01000018.1_33	ef2bcd82b3111970cf59103a258883f5	203	Pfam	PF00589	Phage integrase family	23	185	4.8E-14	T	21-06-2023	IPR002104	Integrase, catalytic domain
>NZ_FOXI01000018.1_33	ef2bcd82b3111970cf59103a258883f5	203	ProSiteProfiles	PS51898	Tyrosine recombinase domain profile.	19	198	19.749006	T	21-06-2023	IPR002104	Integrase, catalytic domain
>NZ_FOXI01000018.1_33	ef2bcd82b3111970cf59103a258883f5	203	SUPERFAMILY	SSF56349	DNA breaking-rejoining enzymes	18	188	1.56E-23	T	21-06-2023	IPR011010	DNA breaking-rejoining enzyme, catalytic core
>NZ_FOXI01000018.1_33	ef2bcd82b3111970cf59103a258883f5	203	CDD	cd00397	DNA_BRE_C	28	184	2.30322E-13	T	21-06-2023	-	-
>NZ_FOXI01000018.1_33	ef2bcd82b3111970cf59103a258883f5	203	Gene3D	G3DSA:1.10.443.10	Intergrase catalytic core	17	200	6.8E-25	T	21-06-2023	IPR013762	Integrase-like, catalytic domain superfamily
>NZ_FOXI01000018.1_13	50e491504882b10260712a322232dba4	218	PANTHER	PTHR43434	PHOSPHOGLYCOLATE PHOSPHATASE	4	214	5.6E-25	T	21-06-2023	-	-
>NZ_FOXI01000018.1_13	50e491504882b10260712a322232dba4	218	NCBIfam	TIGR01549	HAD-IA family hydrolase	93	183	6.3E-9	T	21-06-2023	IPR006439	HAD hydrolase, subfamily IA
>NZ_FOXI01000018.1_13	50e491504882b10260712a322232dba4	218	SFLD	SFLDG01129	C1.5: HAD, Beta-PGM, Phosphatase Like	2	215	5.0E-22	T	21-06-2023	-	-
>NZ_FOXI01000018.1_13	50e491504882b10260712a322232dba4	218	Gene3D	G3DSA:3.40.50.1000	-	6	190	6.0E-27	T	21-06-2023	IPR023214	HAD superfamily
>NZ_FOXI01000018.1_13	50e491504882b10260712a322232dba4	218	SFLD	SFLDS00003	Haloacid Dehalogenase	2	215	5.0E-22	T	21-06-2023	-	-
>NZ_FOXI01000018.1_13	50e491504882b10260712a322232dba4	218	SUPERFAMILY	SSF56784	HAD-like	1	215	1.62E-35	T	21-06-2023	IPR036412	HAD-like superfamily
>NZ_FOXI01000018.1_13	50e491504882b10260712a322232dba4	218	Gene3D	G3DSA:1.10.150.240	Putative phosphatase; domain 2	18	85	6.0E-27	T	21-06-2023	IPR023198	Phosphoglycolate phosphatase-like, domain 2
>NZ_FOXI01000018.1_13	50e491504882b10260712a322232dba4	218	Pfam	PF13419	Haloacid dehalogenase-like hydrolase	6	188	1.1E-19	T	21-06-2023	IPR041492	Haloacid dehalogenase-like hydrolase
>NZ_FOXI01000018.1_3	61d106e3872677152e60859fdfd533be	240	MobiDBLite	mobidb-lite	consensus disorder prediction	226	240	-	T	21-06-2023	-	-
>NZ_FOXI01000018.1_3	61d106e3872677152e60859fdfd533be	240	MobiDBLite	mobidb-lite	consensus disorder prediction	114	240	-	T	21-06-2023	-	-
>NZ_FOXI01000018.1_3	61d106e3872677152e60859fdfd533be	240	MobiDBLite	mobidb-lite	consensus disorder prediction	125	225	-	T	21-06-2023	-	-
>NZ_FOXI01000018.1_40	71e8b38af8a9d41b9a7e5928fe3b6a24	424	MobiDBLite	mobidb-lite	consensus disorder prediction	31	70	-	T	21-06-2023	-	-
>NZ_FOXI01000018.1_40	71e8b38af8a9d41b9a7e5928fe3b6a24	424	Coils	Coil	Coil	391	411	-	T	21-06-2023	-	-
>NZ_FOXI01000018.1_40	71e8b38af8a9d41b9a7e5928fe3b6a24	424	Coils	Coil	Coil	261	291	-	T	21-06-2023	-	-
>NZ_FOXI01000018.1_40	71e8b38af8a9d41b9a7e5928fe3b6a24	424	MobiDBLite	mobidb-lite	consensus disorder prediction	31	68	-	T	21-06-2023	-	-
>NZ_FOXI01000018.1_25	28bb8cd446681e6d1b48f67a114db01a	658	SUPERFAMILY	SSF48179	6-phosphogluconate dehydrogenase C-terminal domain-like	190	314	2.3E-33	T	21-06-2023	IPR008927	6-phosphogluconate dehydrogenase-like, C-terminal domain superfamily
>NZ_FOXI01000018.1_25	28bb8cd446681e6d1b48f67a114db01a	658	Gene3D	G3DSA:3.90.226.10	-	397	658	1.1E-81	T	21-06-2023	-	-
>NZ_FOXI01000018.1_25	28bb8cd446681e6d1b48f67a114db01a	658	Pfam	PF00378	Enoyl-CoA hydratase/isomerase	410	657	3.6E-56	T	21-06-2023	IPR001753	Enoyl-CoA hydratase/isomerase
>NZ_FOXI01000018.1_25	28bb8cd446681e6d1b48f67a114db01a	658	Coils	Coil	Coil	426	446	-	T	21-06-2023	-	-
>NZ_FOXI01000018.1_25	28bb8cd446681e6d1b48f67a114db01a	658	FunFam	G3DSA:3.40.50.720:FF:000009	Fatty oxidation complex, alpha subunit	6	193	3.2E-59	T	21-06-2023	-	-
>NZ_FOXI01000018.1_25	28bb8cd446681e6d1b48f67a114db01a	658	CDD	cd06558	crotonase-like	403	598	9.70419E-69	T	21-06-2023	-	-
>NZ_FOXI01000018.1_25	28bb8cd446681e6d1b48f67a114db01a	658	PRINTS	PR00077	NAD-dependent glycerol-3-phosphate dehydrogenase signature	11	28	6.7E-6	T	21-06-2023	IPR006168	Glycerol-3-phosphate dehydrogenase, NAD-dependent
>NZ_FOXI01000018.1_25	28bb8cd446681e6d1b48f67a114db01a	658	PRINTS	PR00077	NAD-dependent glycerol-3-phosphate dehydrogenase signature	71	98	6.7E-6	T	21-06-2023	IPR006168	Glycerol-3-phosphate dehydrogenase, NAD-dependent
>NZ_FOXI01000018.1_25	28bb8cd446681e6d1b48f67a114db01a	658	PRINTS	PR00077	NAD-dependent glycerol-3-phosphate dehydrogenase signature	157	177	6.7E-6	T	21-06-2023	IPR006168	Glycerol-3-phosphate dehydrogenase, NAD-dependent
>NZ_FOXI01000018.1_25	28bb8cd446681e6d1b48f67a114db01a	658	ProSitePatterns	PS00166	Enoyl-CoA hydratase/isomerase signature.	500	520	-	T	21-06-2023	IPR018376	Enoyl-CoA hydratase/isomerase, conserved site
>NZ_FOXI01000018.1_25	28bb8cd446681e6d1b48f67a114db01a	658	SUPERFAMILY	SSF51735	NAD(P)-binding Rossmann-fold domains	5	187	6.29E-62	T	21-06-2023	IPR036291	NAD(P)-binding domain superfamily
>NZ_FOXI01000018.1_25	28bb8cd446681e6d1b48f67a114db01a	658	Gene3D	G3DSA:3.40.50.720	-	4	193	1.5E-70	T	21-06-2023	-	-
>NZ_FOXI01000018.1_25	28bb8cd446681e6d1b48f67a114db01a	658	Gene3D	G3DSA:1.10.1040.10	-	300	390	9.0E-20	T	21-06-2023	IPR013328	6-phosphogluconate dehydrogenase, domain 2
>NZ_FOXI01000018.1_25	28bb8cd446681e6d1b48f67a114db01a	658	SUPERFAMILY	SSF48179	6-phosphogluconate dehydrogenase C-terminal domain-like	299	387	1.45E-16	T	21-06-2023	IPR008927	6-phosphogluconate dehydrogenase-like, C-terminal domain superfamily
>NZ_FOXI01000018.1_25	28bb8cd446681e6d1b48f67a114db01a	658	PANTHER	PTHR43612	TRIFUNCTIONAL ENZYME SUBUNIT ALPHA	5	387	2.3E-123	T	21-06-2023	-	-
>NZ_FOXI01000018.1_25	28bb8cd446681e6d1b48f67a114db01a	658	Pfam	PF02737	3-hydroxyacyl-CoA dehydrogenase, NAD binding domain	9	188	1.7E-67	T	21-06-2023	IPR006176	3-hydroxyacyl-CoA dehydrogenase, NAD binding
>NZ_FOXI01000018.1_25	28bb8cd446681e6d1b48f67a114db01a	658	FunFam	G3DSA:3.90.226.10:FF:000009	Carnitinyl-CoA dehydratase	397	599	1.6E-59	T	21-06-2023	-	-
>NZ_FOXI01000018.1_25	28bb8cd446681e6d1b48f67a114db01a	658	Pfam	PF00725	3-hydroxyacyl-CoA dehydrogenase, C-terminal domain	191	286	8.5E-33	T	21-06-2023	IPR006108	3-hydroxyacyl-CoA dehydrogenase, C-terminal
>NZ_FOXI01000018.1_25	28bb8cd446681e6d1b48f67a114db01a	658	Pfam	PF00725	3-hydroxyacyl-CoA dehydrogenase, C-terminal domain	304	384	9.8E-15	T	21-06-2023	IPR006108	3-hydroxyacyl-CoA dehydrogenase, C-terminal
>NZ_FOXI01000018.1_25	28bb8cd446681e6d1b48f67a114db01a	658	Gene3D	G3DSA:1.10.1040.10	-	194	299	3.4E-34	T	21-06-2023	IPR013328	6-phosphogluconate dehydrogenase, domain 2
>NZ_FOXI01000018.1_25	28bb8cd446681e6d1b48f67a114db01a	658	SUPERFAMILY	SSF52096	ClpP/crotonase	398	657	7.47E-80	T	21-06-2023	IPR029045	ClpP/crotonase-like domain superfamily
>NZ_FOXI01000018.1_19	7262f5ceca759ada03ae0010f013fa1d	92	MobiDBLite	mobidb-lite	consensus disorder prediction	1	32	-	T	21-06-2023	-	-
>NZ_FOXI01000018.1_38	d789e8c38954b334bf9678dfce8a4286	218	PANTHER	PTHR12608	TRANSMEMBRANE PROTEIN HTP-1 RELATED	5	90	6.9E-20	T	21-06-2023	IPR001727	Gdt1 family
>NZ_FOXI01000018.1_38	d789e8c38954b334bf9678dfce8a4286	218	Pfam	PF01169	Uncharacterized protein family UPF0016	10	83	1.7E-14	T	21-06-2023	IPR001727	Gdt1 family
>NZ_FOXI01000018.1_38	d789e8c38954b334bf9678dfce8a4286	218	Pfam	PF01169	Uncharacterized protein family UPF0016	129	202	5.1E-17	T	21-06-2023	IPR001727	Gdt1 family
>NZ_FOXI01000018.1_18	1810a0d06213b961fa38495d29836442	206	Gene3D	G3DSA:3.90.79.10	Nucleoside Triphosphate Pyrophosphohydrolase	20	198	3.2E-37	T	21-06-2023	-	-
>NZ_FOXI01000018.1_18	1810a0d06213b961fa38495d29836442	206	PANTHER	PTHR10885	ISOPENTENYL-DIPHOSPHATE DELTA-ISOMERASE	23	189	1.3E-27	T	21-06-2023	-	-
>NZ_FOXI01000018.1_18	1810a0d06213b961fa38495d29836442	206	MobiDBLite	mobidb-lite	consensus disorder prediction	1	45	-	T	21-06-2023	-	-
>NZ_FOXI01000018.1_18	1810a0d06213b961fa38495d29836442	206	PIRSF	PIRSF018427	Isopentenyldiphpt_isom	4	201	6.6E-48	T	21-06-2023	IPR011876	Isopentenyl-diphosphate delta-isomerase, type 1
>NZ_FOXI01000018.1_18	1810a0d06213b961fa38495d29836442	206	Pfam	PF00293	NUDIX domain	49	183	2.5E-12	T	21-06-2023	IPR000086	NUDIX hydrolase domain
>NZ_FOXI01000018.1_18	1810a0d06213b961fa38495d29836442	206	Hamap	MF_00202	Isopentenyl-diphosphate Delta-isomerase [idi].	22	199	28.033852	T	21-06-2023	IPR011876	Isopentenyl-diphosphate delta-isomerase, type 1
>NZ_FOXI01000018.1_18	1810a0d06213b961fa38495d29836442	206	ProSiteProfiles	PS51462	Nudix hydrolase domain profile.	48	186	14.820841	T	21-06-2023	IPR000086	NUDIX hydrolase domain
>NZ_FOXI01000018.1_18	1810a0d06213b961fa38495d29836442	206	SUPERFAMILY	SSF55811	Nudix	24	191	4.06E-34	T	21-06-2023	IPR015797	NUDIX hydrolase-like domain superfamily
>NZ_FOXI01000018.1_8	f09c6568b3e0d8ccffe15d8d3763f91b	562	SUPERFAMILY	SSF51735	NAD(P)-binding Rossmann-fold domains	348	477	2.59E-25	T	21-06-2023	IPR036291	NAD(P)-binding domain superfamily
>NZ_FOXI01000018.1_8	f09c6568b3e0d8ccffe15d8d3763f91b	562	SUPERFAMILY	SSF116726	TrkA C-terminal domain-like	474	553	6.15E-11	T	21-06-2023	IPR036721	Regulator of K+ conductance, C-terminal domain superfamily
>NZ_FOXI01000018.1_8	f09c6568b3e0d8ccffe15d8d3763f91b	562	ProSiteProfiles	PS51201	RCK N-terminal domain profile.	123	464	13.78237	T	21-06-2023	IPR003148	Regulator of K+ conductance, N-terminal
>NZ_FOXI01000018.1_8	f09c6568b3e0d8ccffe15d8d3763f91b	562	PANTHER	PTHR43833	POTASSIUM CHANNEL PROTEIN 2-RELATED-RELATED	13	341	3.0E-89	T	21-06-2023	-	-
>NZ_FOXI01000018.1_8	f09c6568b3e0d8ccffe15d8d3763f91b	562	SUPERFAMILY	SSF51735	NAD(P)-binding Rossmann-fold domains	120	256	1.73E-21	T	21-06-2023	IPR036291	NAD(P)-binding domain superfamily
>NZ_FOXI01000018.1_8	f09c6568b3e0d8ccffe15d8d3763f91b	562	ProSiteProfiles	PS51202	RCK C-terminal domain profile.	470	553	10.288731	T	21-06-2023	IPR006037	Regulator of K+ conductance, C-terminal
>NZ_FOXI01000018.1_8	f09c6568b3e0d8ccffe15d8d3763f91b	562	Pfam	PF02254	TrkA-N domain	124	237	1.6E-17	T	21-06-2023	IPR003148	Regulator of K+ conductance, N-terminal
>NZ_FOXI01000018.1_8	f09c6568b3e0d8ccffe15d8d3763f91b	562	Pfam	PF02254	TrkA-N domain	351	457	7.4E-17	T	21-06-2023	IPR003148	Regulator of K+ conductance, N-terminal
>NZ_FOXI01000018.1_8	f09c6568b3e0d8ccffe15d8d3763f91b	562	Gene3D	G3DSA:3.30.70.1450	-	481	551	2.4E-11	T	21-06-2023	IPR036721	Regulator of K+ conductance, C-terminal domain superfamily
>NZ_FOXI01000018.1_8	f09c6568b3e0d8ccffe15d8d3763f91b	562	Gene3D	G3DSA:3.30.70.1450	-	266	341	6.6E-19	T	21-06-2023	IPR036721	Regulator of K+ conductance, C-terminal domain superfamily
>NZ_FOXI01000018.1_8	f09c6568b3e0d8ccffe15d8d3763f91b	562	Pfam	PF02080	TrkA-C domain	485	549	3.8E-10	T	21-06-2023	IPR006037	Regulator of K+ conductance, C-terminal
>NZ_FOXI01000018.1_8	f09c6568b3e0d8ccffe15d8d3763f91b	562	Pfam	PF02080	TrkA-C domain	270	338	9.5E-12	T	21-06-2023	IPR006037	Regulator of K+ conductance, C-terminal
>NZ_FOXI01000018.1_8	f09c6568b3e0d8ccffe15d8d3763f91b	562	SUPERFAMILY	SSF116726	TrkA C-terminal domain-like	257	338	1.31E-16	T	21-06-2023	IPR036721	Regulator of K+ conductance, C-terminal domain superfamily
>NZ_FOXI01000018.1_8	f09c6568b3e0d8ccffe15d8d3763f91b	562	SUPERFAMILY	SSF81324	Voltage-gated potassium channels	15	145	1.13E-8	T	21-06-2023	-	-
>NZ_FOXI01000018.1_8	f09c6568b3e0d8ccffe15d8d3763f91b	562	Gene3D	G3DSA:3.40.50.720	-	347	477	1.9E-24	T	21-06-2023	-	-
>NZ_FOXI01000018.1_8	f09c6568b3e0d8ccffe15d8d3763f91b	562	ProSiteProfiles	PS51202	RCK C-terminal domain profile.	256	341	13.556969	T	21-06-2023	IPR006037	Regulator of K+ conductance, C-terminal
>NZ_FOXI01000018.1_8	f09c6568b3e0d8ccffe15d8d3763f91b	562	Gene3D	G3DSA:3.40.50.720	-	118	251	1.8E-27	T	21-06-2023	-	-
>NZ_FOXI01000018.1_8	f09c6568b3e0d8ccffe15d8d3763f91b	562	Gene3D	G3DSA:1.10.287.70	-	9	112	2.4E-6	T	21-06-2023	-	-
>NZ_FOXI01000018.1_2	ce60719ece6732593066d460a39f947f	391	Pfam	PF01384	Phosphate transporter family	21	307	8.5E-34	T	21-06-2023	IPR001204	Phosphate transporter
>NZ_FOXI01000018.1_2	ce60719ece6732593066d460a39f947f	391	PANTHER	PTHR11101	PHOSPHATE TRANSPORTER	3	150	2.2E-32	T	21-06-2023	IPR001204	Phosphate transporter
>NZ_FOXI01000018.1_4	cdd83dee1f89868e2636ae108cfa65e4	123	PANTHER	PTHR46733	26.5 KDA HEAT SHOCK PROTEIN, MITOCHONDRIAL	9	122	3.1E-12	T	21-06-2023	IPR044587	Heat shock protein 21-like
>NZ_FOXI01000018.1_4	cdd83dee1f89868e2636ae108cfa65e4	123	SUPERFAMILY	SSF49764	HSP20-like chaperones	23	122	6.54E-23	T	21-06-2023	IPR008978	HSP20-like chaperone
>NZ_FOXI01000018.1_4	cdd83dee1f89868e2636ae108cfa65e4	123	CDD	cd06464	ACD_sHsps-like	30	107	8.11366E-19	T	21-06-2023	-	-
>NZ_FOXI01000018.1_4	cdd83dee1f89868e2636ae108cfa65e4	123	Pfam	PF00011	Hsp20/alpha crystallin family	33	121	3.5E-14	T	21-06-2023	IPR002068	Alpha crystallin/Hsp20 domain
>NZ_FOXI01000018.1_4	cdd83dee1f89868e2636ae108cfa65e4	123	ProSiteProfiles	PS01031	Small heat shock protein (sHSP) domain profile.	20	123	20.505388	T	21-06-2023	IPR002068	Alpha crystallin/Hsp20 domain
>NZ_FOXI01000018.1_4	cdd83dee1f89868e2636ae108cfa65e4	123	Gene3D	G3DSA:2.60.40.790	-	7	123	2.4E-23	T	21-06-2023	IPR008978	HSP20-like chaperone
>NZ_FOXI01000018.1_35	de9710bbbba6e3533fa00756b71d82ac	784	Gene3D	G3DSA:3.40.50.300	-	375	555	7.1E-9	T	21-06-2023	IPR027417	P-loop containing nucleoside triphosphate hydrolase
>NZ_FOXI01000018.1_35	de9710bbbba6e3533fa00756b71d82ac	784	SUPERFAMILY	SSF52540	P-loop containing nucleoside triphosphate hydrolases	187	548	2.28E-6	T	21-06-2023	IPR027417	P-loop containing nucleoside triphosphate hydrolase
>NZ_FOXI01000018.1_35	de9710bbbba6e3533fa00756b71d82ac	784	Coils	Coil	Coil	664	684	-	T	21-06-2023	-	-
>NZ_FOXI01000018.1_36	b9b7c39a3b1230cd44e54f617ab9f170	153	SUPERFAMILY	SSF53927	Cytidine deaminase-like	16	119	9.89E-15	T	21-06-2023	IPR016193	Cytidine deaminase-like
>NZ_FOXI01000018.1_36	b9b7c39a3b1230cd44e54f617ab9f170	153	Gene3D	G3DSA:3.40.140.10	Cytidine Deaminase, domain 2	2	147	8.1E-18	T	21-06-2023	-	-
>NZ_FOXI01000018.1_36	b9b7c39a3b1230cd44e54f617ab9f170	153	CDD	cd01283	cytidine_deaminase	36	120	6.77104E-6	T	21-06-2023	-	-
>NZ_FOXI01000018.1_36	b9b7c39a3b1230cd44e54f617ab9f170	153	ProSitePatterns	PS00903	Cytidine and deoxycytidylate deaminases zinc-binding region signature.	61	107	-	T	21-06-2023	IPR016192	APOBEC/CMP deaminase, zinc-binding
>NZ_FOXI01000018.1_37	34e88a2fdca5167a4dade26636361bc3	243	SUPERFAMILY	SSF56059	Glutathione synthetase ATP-binding domain-like	77	231	5.5E-8	T	21-06-2023	-	-
>NZ_FOXI01000018.1_16	74ce5133b56b0ae6f1626664fe1e215f	138	Pfam	PF01037	Lrp/AsnC ligand binding domain	64	133	4.7E-10	T	21-06-2023	IPR019887	Transcription regulator AsnC/Lrp, ligand binding domain
>NZ_FOXI01000018.1_16	74ce5133b56b0ae6f1626664fe1e215f	138	Pfam	PF13404	AsnC-type helix-turn-helix domain	1	39	3.8E-17	T	21-06-2023	IPR000485	AsnC-type HTH domain
>NZ_FOXI01000018.1_16	74ce5133b56b0ae6f1626664fe1e215f	138	SUPERFAMILY	SSF54909	Dimeric alpha+beta barrel	58	135	5.5E-11	T	21-06-2023	IPR011008	Dimeric alpha-beta barrel
>NZ_FOXI01000018.1_16	74ce5133b56b0ae6f1626664fe1e215f	138	Gene3D	G3DSA:1.10.10.10	-	1	51	7.3E-21	T	21-06-2023	IPR036388	Winged helix-like DNA-binding domain superfamily
>NZ_FOXI01000018.1_16	74ce5133b56b0ae6f1626664fe1e215f	138	SUPERFAMILY	SSF46785	"Winged helix" DNA-binding domain	1	53	6.62E-14	T	21-06-2023	IPR036390	Winged helix DNA-binding domain superfamily
>NZ_FOXI01000018.1_16	74ce5133b56b0ae6f1626664fe1e215f	138	CDD	cd00090	HTH_ARSR	2	49	4.07646E-6	T	21-06-2023	IPR011991	ArsR-like helix-turn-helix domain
>NZ_FOXI01000018.1_16	74ce5133b56b0ae6f1626664fe1e215f	138	Gene3D	G3DSA:3.30.70.920	-	56	136	2.0E-12	T	21-06-2023	-	-
>NZ_FOXI01000018.1_16	74ce5133b56b0ae6f1626664fe1e215f	138	PANTHER	PTHR43413	TRANSCRIPTIONAL REGULATOR, ASNC FAMILY	1	134	3.8E-28	T	21-06-2023	-	-
>NZ_FOXI01000018.1_16	74ce5133b56b0ae6f1626664fe1e215f	138	SMART	SM00344	asnc	1	104	5.0E-19	T	21-06-2023	IPR019888	Transcription regulator AsnC-like
>NZ_FOXI01000018.1_16	74ce5133b56b0ae6f1626664fe1e215f	138	PRINTS	PR00033	AsnC bacterial regulatory protein HTH signature	1	17	2.3E-14	T	21-06-2023	IPR000485	AsnC-type HTH domain
>NZ_FOXI01000018.1_16	74ce5133b56b0ae6f1626664fe1e215f	138	PRINTS	PR00033	AsnC bacterial regulatory protein HTH signature	17	28	2.3E-14	T	21-06-2023	IPR000485	AsnC-type HTH domain
>NZ_FOXI01000018.1_16	74ce5133b56b0ae6f1626664fe1e215f	138	PRINTS	PR00033	AsnC bacterial regulatory protein HTH signature	28	47	2.3E-14	T	21-06-2023	IPR000485	AsnC-type HTH domain
>NZ_FOXI01000018.1_16	74ce5133b56b0ae6f1626664fe1e215f	138	ProSiteProfiles	PS50956	AsnC-type HTH domain profile.	1	79	32.026917	T	21-06-2023	IPR000485	AsnC-type HTH domain
>NZ_FOXI01000018.1_16	74ce5133b56b0ae6f1626664fe1e215f	138	ProSitePatterns	PS00519	AsnC-type HTH domain signature.	19	45	-	T	21-06-2023	IPR019885	Transcription regulator HTH, AsnC-type, conserved site
>NZ_FOXI01000018.1_29	96b651be2137e794838a76b0560694b2	95	Pfam	PF01978	Sugar-specific transcriptional regulator TrmB	41	79	2.0E-6	T	21-06-2023	IPR002831	Transcription regulator TrmB, N-terminal
>NZ_FOXI01000018.1_29	96b651be2137e794838a76b0560694b2	95	SUPERFAMILY	SSF46785	"Winged helix" DNA-binding domain	33	72	1.04E-6	T	21-06-2023	IPR036390	Winged helix DNA-binding domain superfamily
>NZ_FOXI01000018.1_29	96b651be2137e794838a76b0560694b2	95	Gene3D	G3DSA:1.10.10.10	-	29	90	6.7E-6	T	21-06-2023	IPR036388	Winged helix-like DNA-binding domain superfamily
>NZ_FOXI01000018.1_51	c3d122ca2b8e1ca40d790e2a807b3a87	175	MobiDBLite	mobidb-lite	consensus disorder prediction	1	20	-	T	21-06-2023	-	-
>NZ_FOXI01000018.1_21	48a356d06b196f0a5888b4d07702fce4	202	ProSitePatterns	PS01078	Molybdenum cofactor biosynthesis proteins signature 1.	96	109	-	T	21-06-2023	IPR008284	Molybdenum cofactor biosynthesis, conserved site
>NZ_FOXI01000018.1_21	48a356d06b196f0a5888b4d07702fce4	202	MobiDBLite	mobidb-lite	consensus disorder prediction	182	202	-	T	21-06-2023	-	-
>NZ_FOXI01000018.1_21	48a356d06b196f0a5888b4d07702fce4	202	SMART	SM00852	MoCF_biosynth_3a	38	181	1.1E-27	T	21-06-2023	IPR001453	MoaB/Mog domain
>NZ_FOXI01000018.1_21	48a356d06b196f0a5888b4d07702fce4	202	SUPERFAMILY	SSF53218	Molybdenum cofactor biosynthesis proteins	33	185	1.7E-41	T	21-06-2023	IPR036425	MoaB/Mog-like domain superfamily
>NZ_FOXI01000018.1_21	48a356d06b196f0a5888b4d07702fce4	202	Pfam	PF00994	Probable molybdopterin binding domain	38	175	1.3E-31	T	21-06-2023	IPR001453	MoaB/Mog domain
>NZ_FOXI01000018.1_21	48a356d06b196f0a5888b4d07702fce4	202	MobiDBLite	mobidb-lite	consensus disorder prediction	1	55	-	T	21-06-2023	-	-
>NZ_FOXI01000018.1_21	48a356d06b196f0a5888b4d07702fce4	202	MobiDBLite	mobidb-lite	consensus disorder prediction	1	34	-	T	21-06-2023	-	-
>NZ_FOXI01000018.1_21	48a356d06b196f0a5888b4d07702fce4	202	Gene3D	G3DSA:3.40.980.10	-	23	183	8.9E-45	T	21-06-2023	IPR036425	MoaB/Mog-like domain superfamily
>NZ_FOXI01000018.1_21	48a356d06b196f0a5888b4d07702fce4	202	CDD	cd00886	MogA_MoaB	37	184	1.49936E-56	T	21-06-2023	IPR001453	MoaB/Mog domain
>NZ_FOXI01000018.1_21	48a356d06b196f0a5888b4d07702fce4	202	PANTHER	PTHR43232	MOLYBDENUM COFACTOR BIOSYNTHESIS PROTEIN B	24	185	4.2E-55	T	21-06-2023	IPR012245	Molybdenum cofactor biosynthesis protein MoaB
>NZ_FOXI01000018.1_21	48a356d06b196f0a5888b4d07702fce4	202	NCBIfam	TIGR00177	molybdenum cofactor biosynthesis domain	37	175	2.5E-33	T	21-06-2023	IPR001453	MoaB/Mog domain
>NZ_FOXI01000018.1_24	e40d208ccb49035d7d8a8a209b7a2254	127	Pfam	PF19137	Family of unknown function (DUF5820)	9	125	1.6E-51	T	21-06-2023	IPR043858	Protein of unknown function DUF5820
>NZ_FOXI01000018.1_22	7282108522b46b8d50a9dd02db622c44	620	Gene3D	G3DSA:2.40.50.100	-	546	619	6.9E-22	T	21-06-2023	-	-
>NZ_FOXI01000018.1_22	7282108522b46b8d50a9dd02db622c44	620	FunFam	G3DSA:3.30.1490.20:FF:000003	acetyl-CoA carboxylase isoform X1	133	203	4.4E-15	T	21-06-2023	-	-
>NZ_FOXI01000018.1_22	7282108522b46b8d50a9dd02db622c44	620	ProSiteProfiles	PS50968	Biotinyl/lipoyl domain profile.	542	620	22.402922	T	21-06-2023	IPR000089	Biotin/lipoyl attachment
>NZ_FOXI01000018.1_22	7282108522b46b8d50a9dd02db622c44	620	FunFam	G3DSA:3.40.50.20:FF:000010	Propionyl-CoA carboxylase subunit alpha	1	132	7.0E-54	T	21-06-2023	-	-
>NZ_FOXI01000018.1_22	7282108522b46b8d50a9dd02db622c44	620	ProSitePatterns	PS00867	Carbamoyl-phosphate synthase subdomain signature 2.	300	307	-	T	21-06-2023	IPR005479	Carbamoyl-phosphate synthetase large subunit-like, ATP-binding domain
>NZ_FOXI01000018.1_22	7282108522b46b8d50a9dd02db622c44	620	MobiDBLite	mobidb-lite	consensus disorder prediction	472	491	-	T	21-06-2023	-	-
>NZ_FOXI01000018.1_22	7282108522b46b8d50a9dd02db622c44	620	Gene3D	G3DSA:3.30.470.20	-	1	462	0.0	T	21-06-2023	-	-
>NZ_FOXI01000018.1_22	7282108522b46b8d50a9dd02db622c44	620	FunFam	G3DSA:2.40.50.100:FF:000003	Acetyl-CoA carboxylase biotin carboxyl carrier protein	547	620	3.9E-23	T	21-06-2023	-	-
>NZ_FOXI01000018.1_22	7282108522b46b8d50a9dd02db622c44	620	PANTHER	PTHR18866	CARBOXYLASE:PYRUVATE/ACETYL-COA/PROPIONYL-COA CARBOXYLASE	2	463	0.0	T	21-06-2023	-	-
>NZ_FOXI01000018.1_22	7282108522b46b8d50a9dd02db622c44	620	SUPERFAMILY	SSF51230	Single hybrid motif	547	620	4.45E-20	T	21-06-2023	IPR011053	Single hybrid motif
>NZ_FOXI01000018.1_22	7282108522b46b8d50a9dd02db622c44	620	ProSitePatterns	PS00188	Biotin-requiring enzymes attachment site.	576	593	-	T	21-06-2023	IPR001882	Biotin-binding site
>NZ_FOXI01000018.1_22	7282108522b46b8d50a9dd02db622c44	620	Pfam	PF00289	Biotin carboxylase, N-terminal domain	1	111	1.1E-42	T	21-06-2023	IPR005481	Biotin carboxylase-like, N-terminal domain
>NZ_FOXI01000018.1_22	7282108522b46b8d50a9dd02db622c44	620	SMART	SM00878	Biotin_carb_C_2	350	457	1.1E-43	T	21-06-2023	IPR005482	Biotin carboxylase, C-terminal
>NZ_FOXI01000018.1_22	7282108522b46b8d50a9dd02db622c44	620	ProSiteProfiles	PS50975	ATP-grasp fold profile.	121	331	45.581421	T	21-06-2023	IPR011761	ATP-grasp fold
>NZ_FOXI01000018.1_22	7282108522b46b8d50a9dd02db622c44	620	CDD	cd06850	biotinyl_domain	558	619	3.68447E-25	T	21-06-2023	-	-
>NZ_FOXI01000018.1_22	7282108522b46b8d50a9dd02db622c44	620	Pfam	PF02785	Biotin carboxylase C-terminal domain	350	458	4.3E-31	T	21-06-2023	IPR005482	Biotin carboxylase, C-terminal
>NZ_FOXI01000018.1_22	7282108522b46b8d50a9dd02db622c44	620	Pfam	PF00364	Biotin-requiring enzyme	557	619	2.8E-16	T	21-06-2023	IPR000089	Biotin/lipoyl attachment
>NZ_FOXI01000018.1_22	7282108522b46b8d50a9dd02db622c44	620	SUPERFAMILY	SSF52440	PreATP-grasp domain	1	114	2.66E-44	T	21-06-2023	IPR016185	Pre-ATP-grasp domain superfamily
>NZ_FOXI01000018.1_22	7282108522b46b8d50a9dd02db622c44	620	ProSiteProfiles	PS50979	Biotin carboxylation domain profile.	1	461	47.012714	T	21-06-2023	IPR011764	Biotin carboxylation domain
>NZ_FOXI01000018.1_22	7282108522b46b8d50a9dd02db622c44	620	MobiDBLite	mobidb-lite	consensus disorder prediction	497	551	-	T	21-06-2023	-	-
>NZ_FOXI01000018.1_22	7282108522b46b8d50a9dd02db622c44	620	SUPERFAMILY	SSF56059	Glutathione synthetase ATP-binding domain-like	83	357	1.77E-61	T	21-06-2023	-	-
>NZ_FOXI01000018.1_22	7282108522b46b8d50a9dd02db622c44	620	SUPERFAMILY	SSF51246	Rudiment single hybrid motif	345	460	4.76E-33	T	21-06-2023	IPR011054	Rudiment single hybrid motif
>NZ_FOXI01000018.1_22	7282108522b46b8d50a9dd02db622c44	620	Pfam	PF02786	Carbamoyl-phosphate synthase L chain, ATP binding domain	117	336	1.8E-69	T	21-06-2023	IPR005479	Carbamoyl-phosphate synthetase large subunit-like, ATP-binding domain
>NZ_FOXI01000018.1_23	de459e70ef26f41dcf6b093b58d234c2	148	Pfam	PF03684	Uncharacterised protein family (UPF0179)	4	144	7.5E-47	T	21-06-2023	IPR005369	Uncharacterised protein family UPF0179
>NZ_FOXI01000018.1_23	de459e70ef26f41dcf6b093b58d234c2	148	PIRSF	PIRSF006595	UCP006595	1	148	1.3E-47	T	21-06-2023	IPR005369	Uncharacterised protein family UPF0179
>NZ_FOXI01000018.1_23	de459e70ef26f41dcf6b093b58d234c2	148	Hamap	MF_00498	UPF0179 protein <locus_tag>.	2	146	23.73064	T	21-06-2023	IPR005369	Uncharacterised protein family UPF0179
>NZ_FOXI01000018.1_23	de459e70ef26f41dcf6b093b58d234c2	148	PANTHER	PTHR40699	UPF0179 PROTEIN MJ1627	1	147	9.2E-40	T	21-06-2023	IPR005369	Uncharacterised protein family UPF0179
>NZ_FOXI01000018.1_12	e6f9c265555cd397b9611d4589638437	134	ProSiteProfiles	PS51790	Methionine-R-sulfoxide reductase (MsrB) domain profile.	12	133	66.169968	T	21-06-2023	IPR002579	Peptide methionine sulphoxide reductase MrsB domain
>NZ_FOXI01000018.1_12	e6f9c265555cd397b9611d4589638437	134	FunFam	G3DSA:2.170.150.20:FF:000001	Peptide methionine sulfoxide reductase MsrB	4	134	6.1E-54	T	21-06-2023	-	-
>NZ_FOXI01000018.1_12	e6f9c265555cd397b9611d4589638437	134	Gene3D	G3DSA:2.170.150.20	Peptide methionine sulfoxide reductase.	1	134	4.8E-58	T	21-06-2023	-	-
>NZ_FOXI01000018.1_12	e6f9c265555cd397b9611d4589638437	134	NCBIfam	TIGR00357	peptide-methionine (R)-S-oxide reductase MsrB	10	132	4.5E-51	T	21-06-2023	IPR002579	Peptide methionine sulphoxide reductase MrsB domain
>NZ_FOXI01000018.1_12	e6f9c265555cd397b9611d4589638437	134	SUPERFAMILY	SSF51316	Mss4-like	10	132	6.8E-56	T	21-06-2023	IPR011057	Mss4-like superfamily
>NZ_FOXI01000018.1_12	e6f9c265555cd397b9611d4589638437	134	Pfam	PF01641	SelR domain	14	131	1.7E-51	T	21-06-2023	IPR002579	Peptide methionine sulphoxide reductase MrsB domain
>NZ_FOXI01000018.1_12	e6f9c265555cd397b9611d4589638437	134	PANTHER	PTHR10173	METHIONINE SULFOXIDE REDUCTASE	8	132	4.3E-53	T	21-06-2023	IPR028427	Peptide methionine sulfoxide reductase MsrB
>NZ_FOXI01000018.1_17	8454db48896943aeecec6c62304ea3c6	228	Gene3D	G3DSA:3.40.50.880	-	2	227	1.4E-55	T	21-06-2023	IPR029062	Class I glutamine amidotransferase-like
>NZ_FOXI01000018.1_17	8454db48896943aeecec6c62304ea3c6	228	CDD	cd03141	GATase1_Hsp31_like	12	224	1.86165E-49	T	21-06-2023	-	-
>NZ_FOXI01000018.1_17	8454db48896943aeecec6c62304ea3c6	228	PANTHER	PTHR48094	PROTEIN/NUCLEIC ACID DEGLYCASE DJ-1-RELATED	4	224	3.3E-23	T	21-06-2023	-	-
>NZ_FOXI01000018.1_17	8454db48896943aeecec6c62304ea3c6	228	Pfam	PF01965	DJ-1/PfpI family	5	223	8.1E-12	T	21-06-2023	IPR002818	DJ-1/PfpI
>NZ_FOXI01000018.1_17	8454db48896943aeecec6c62304ea3c6	228	SUPERFAMILY	SSF52317	Class I glutamine amidotransferase-like	3	224	4.8E-48	T	21-06-2023	IPR029062	Class I glutamine amidotransferase-like
>NZ_FOXI01000018.1_39	09f2d5b27ad4376bfec49b31c47fade5	528	MobiDBLite	mobidb-lite	consensus disorder prediction	168	218	-	T	21-06-2023	-	-
>NZ_FOXI01000018.1_31	0ae6c5d8882266ee963a25f1d6510548	180	MobiDBLite	mobidb-lite	consensus disorder prediction	151	180	-	T	21-06-2023	-	-
>NZ_FOXI01000018.1_31	0ae6c5d8882266ee963a25f1d6510548	180	MobiDBLite	mobidb-lite	consensus disorder prediction	1	28	-	T	21-06-2023	-	-
>NZ_FOXI01000018.1_7	2ef4d260a8388ae177996f179bdb4b1e	447	Gene3D	G3DSA:3.50.50.60	-	7	237	1.0E-23	T	21-06-2023	IPR036188	FAD/NAD(P)-binding domain superfamily
>NZ_FOXI01000018.1_7	2ef4d260a8388ae177996f179bdb4b1e	447	Gene3D	G3DSA:3.30.9.10	-	95	255	1.0E-23	T	21-06-2023	-	-
>NZ_FOXI01000018.1_7	2ef4d260a8388ae177996f179bdb4b1e	447	SUPERFAMILY	SSF51905	FAD/NAD(P)-binding domain	4	378	3.15E-28	T	21-06-2023	IPR036188	FAD/NAD(P)-binding domain superfamily
>NZ_FOXI01000018.1_7	2ef4d260a8388ae177996f179bdb4b1e	447	PANTHER	PTHR43104	L-2-HYDROXYGLUTARATE DEHYDROGENASE, MITOCHONDRIAL	2	420	3.9E-49	T	21-06-2023	-	-
>NZ_FOXI01000018.1_7	2ef4d260a8388ae177996f179bdb4b1e	447	Pfam	PF01266	FAD dependent oxidoreductase	6	388	5.8E-28	T	21-06-2023	IPR006076	FAD dependent oxidoreductase
>NZ_FOXI01000018.1_1	99375ddcd48db9e2dde29d61efeb6926	27	MobiDBLite	mobidb-lite	consensus disorder prediction	12	27	-	T	21-06-2023	-	-
>NZ_FOXI01000018.1_1	99375ddcd48db9e2dde29d61efeb6926	27	MobiDBLite	mobidb-lite	consensus disorder prediction	1	27	-	T	21-06-2023	-	-
>NZ_FOXI01000018.1_15	0e0dc52566aff4b2ea92e01d7fcea4e7	358	Hamap	MF_01209	Carbamoyl-phosphate synthase small chain [carA].	7	352	38.751587	T	21-06-2023	IPR006274	Carbamoyl-phosphate synthase, small subunit
>NZ_FOXI01000018.1_15	0e0dc52566aff4b2ea92e01d7fcea4e7	358	ProSiteProfiles	PS51273	Glutamine amidotransferase type 1 domain profile.	171	354	27.101532	T	21-06-2023	-	-
>NZ_FOXI01000018.1_15	0e0dc52566aff4b2ea92e01d7fcea4e7	358	Pfam	PF00117	Glutamine amidotransferase class-I	174	345	2.4E-32	T	21-06-2023	IPR017926	Glutamine amidotransferase
>NZ_FOXI01000018.1_15	0e0dc52566aff4b2ea92e01d7fcea4e7	358	PRINTS	PR00099	Carbamoyl-phosphate synthase protein GATase domain signature	172	186	3.0E-28	T	21-06-2023	-	-
>NZ_FOXI01000018.1_15	0e0dc52566aff4b2ea92e01d7fcea4e7	358	PRINTS	PR00099	Carbamoyl-phosphate synthase protein GATase domain signature	211	225	3.0E-28	T	21-06-2023	-	-
>NZ_FOXI01000018.1_15	0e0dc52566aff4b2ea92e01d7fcea4e7	358	PRINTS	PR00099	Carbamoyl-phosphate synthase protein GATase domain signature	241	257	3.0E-28	T	21-06-2023	-	-
>NZ_FOXI01000018.1_15	0e0dc52566aff4b2ea92e01d7fcea4e7	358	PRINTS	PR00099	Carbamoyl-phosphate synthase protein GATase domain signature	258	275	3.0E-28	T	21-06-2023	-	-
>NZ_FOXI01000018.1_15	0e0dc52566aff4b2ea92e01d7fcea4e7	358	PRINTS	PR00099	Carbamoyl-phosphate synthase protein GATase domain signature	283	294	3.0E-28	T	21-06-2023	-	-
>NZ_FOXI01000018.1_15	0e0dc52566aff4b2ea92e01d7fcea4e7	358	SUPERFAMILY	SSF52317	Class I glutamine amidotransferase-like	151	348	9.65E-46	T	21-06-2023	IPR029062	Class I glutamine amidotransferase-like
>NZ_FOXI01000018.1_15	0e0dc52566aff4b2ea92e01d7fcea4e7	358	Gene3D	G3DSA:3.40.50.880	-	177	346	3.5E-24	T	21-06-2023	IPR029062	Class I glutamine amidotransferase-like
>NZ_FOXI01000018.1_15	0e0dc52566aff4b2ea92e01d7fcea4e7	358	PANTHER	PTHR11405	CARBAMOYLTRANSFERASE FAMILY MEMBER	171	334	9.0E-23	T	21-06-2023	-	-
>NZ_FOXI01000018.1_15	0e0dc52566aff4b2ea92e01d7fcea4e7	358	PRINTS	PR00096	Glutamine amidotransferase superfamily signature	214	223	1.5E-9	T	21-06-2023	-	-
>NZ_FOXI01000018.1_15	0e0dc52566aff4b2ea92e01d7fcea4e7	358	PRINTS	PR00096	Glutamine amidotransferase superfamily signature	241	252	1.5E-9	T	21-06-2023	-	-
>NZ_FOXI01000018.1_15	0e0dc52566aff4b2ea92e01d7fcea4e7	358	PRINTS	PR00096	Glutamine amidotransferase superfamily signature	323	336	1.5E-9	T	21-06-2023	-	-
>NZ_FOXI01000018.1_15	0e0dc52566aff4b2ea92e01d7fcea4e7	358	SMART	SM01097	CPSase_sm_chain_2	7	127	2.2E-49	T	21-06-2023	IPR002474	Carbamoyl-phosphate synthase small subunit, N-terminal domain
>NZ_FOXI01000018.1_15	0e0dc52566aff4b2ea92e01d7fcea4e7	358	SUPERFAMILY	SSF52021	Carbamoyl phosphate synthetase, small subunit N-terminal domain	7	133	7.72E-37	T	21-06-2023	IPR036480	Carbamoyl-phosphate synthase small subunit, N-terminal domain superfamily
>NZ_FOXI01000018.1_15	0e0dc52566aff4b2ea92e01d7fcea4e7	358	Pfam	PF00988	Carbamoyl-phosphate synthase small chain, CPSase domain	12	124	1.9E-33	T	21-06-2023	IPR002474	Carbamoyl-phosphate synthase small subunit, N-terminal domain
>NZ_FOXI01000018.1_15	0e0dc52566aff4b2ea92e01d7fcea4e7	358	CDD	cd01744	GATase1_CPSase	172	343	4.05977E-82	T	21-06-2023	IPR035686	Carbamoyl-phosphate synthase small subunit, GATase1 domain
>NZ_FOXI01000018.1_15	0e0dc52566aff4b2ea92e01d7fcea4e7	358	Gene3D	G3DSA:3.50.30.20	-	6	144	3.6E-36	T	21-06-2023	IPR036480	Carbamoyl-phosphate synthase small subunit, N-terminal domain superfamily
>NZ_FOXI01000018.1_15	0e0dc52566aff4b2ea92e01d7fcea4e7	358	NCBIfam	TIGR01368	glutamine-hydrolyzing carbamoyl-phosphate synthase small subunit	9	347	2.8E-105	T	21-06-2023	IPR006274	Carbamoyl-phosphate synthase, small subunit
>NZ_FOXI01000018.1_26	3989802ea5384452b0312cecffde9297	160	Pfam	PF00583	Acetyltransferase (GNAT) family	48	140	4.0E-19	T	21-06-2023	IPR000182	GNAT domain
>NZ_FOXI01000018.1_26	3989802ea5384452b0312cecffde9297	160	PANTHER	PTHR43877	-	2	148	1.3E-18	T	21-06-2023	-	-
>NZ_FOXI01000018.1_26	3989802ea5384452b0312cecffde9297	160	SUPERFAMILY	SSF55729	Acyl-CoA N-acyltransferases (Nat)	1	145	2.4E-29	T	21-06-2023	IPR016181	Acyl-CoA N-acyltransferase
>NZ_FOXI01000018.1_26	3989802ea5384452b0312cecffde9297	160	ProSiteProfiles	PS51186	Gcn5-related N-acetyltransferase (GNAT) domain profile.	1	160	20.88125	T	21-06-2023	IPR000182	GNAT domain
>NZ_FOXI01000018.1_26	3989802ea5384452b0312cecffde9297	160	CDD	cd04301	NAT_SF	61	123	3.73558E-9	T	21-06-2023	-	-
>NZ_FOXI01000018.1_26	3989802ea5384452b0312cecffde9297	160	Gene3D	G3DSA:3.40.630.30	-	2	155	6.5E-31	T	21-06-2023	-	-
>NZ_FOXI01000018.1_42	46c9f5f829b67dfb38ab64bc1f1d312d	338	Coils	Coil	Coil	268	295	-	T	21-06-2023	-	-
>NZ_FOXI01000018.1_42	46c9f5f829b67dfb38ab64bc1f1d312d	338	MobiDBLite	mobidb-lite	consensus disorder prediction	317	338	-	T	21-06-2023	-	-
>NZ_FOXI01000018.1_49	a5bbb27cb5f50c026e27a62e7cb3c14d	181	MobiDBLite	mobidb-lite	consensus disorder prediction	1	24	-	T	21-06-2023	-	-
>NZ_FOXI01000018.1_28	c3220b4414491c8f0adb933385936f2c	98	Coils	Coil	Coil	46	66	-	T	21-06-2023	-	-
>NZ_FOXI01000018.1_28	c3220b4414491c8f0adb933385936f2c	98	Gene3D	G3DSA:1.10.10.10	-	3	90	1.8E-5	T	21-06-2023	IPR036388	Winged helix-like DNA-binding domain superfamily
>NZ_FOXI01000018.1_11	f17242138345e6b2cb4ed8ea128109ad	314	Pfam	PF02826	D-isomer specific 2-hydroxyacid dehydrogenase, NAD binding domain	109	282	2.7E-55	T	21-06-2023	IPR006140	D-isomer specific 2-hydroxyacid dehydrogenase, NAD-binding domain
>NZ_FOXI01000018.1_11	f17242138345e6b2cb4ed8ea128109ad	314	SUPERFAMILY	SSF52283	Formate/glycerate dehydrogenase catalytic domain-like	18	154	1.4E-12	T	21-06-2023	-	-
>NZ_FOXI01000018.1_11	f17242138345e6b2cb4ed8ea128109ad	314	SUPERFAMILY	SSF51735	NAD(P)-binding Rossmann-fold domains	103	282	4.2E-53	T	21-06-2023	IPR036291	NAD(P)-binding domain superfamily
>NZ_FOXI01000018.1_11	f17242138345e6b2cb4ed8ea128109ad	314	Gene3D	G3DSA:3.40.50.720	-	27	304	9.7E-91	T	21-06-2023	-	-
>NZ_FOXI01000018.1_11	f17242138345e6b2cb4ed8ea128109ad	314	PANTHER	PTHR43333	2-HACID_DH_C DOMAIN-CONTAINING PROTEIN	64	312	3.2E-78	T	21-06-2023	-	-
>NZ_FOXI01000018.1_11	f17242138345e6b2cb4ed8ea128109ad	314	Pfam	PF00389	D-isomer specific 2-hydroxyacid dehydrogenase, catalytic domain	7	308	8.7E-12	T	21-06-2023	IPR006139	D-isomer specific 2-hydroxyacid dehydrogenase, catalytic domain
>NZ_FOXI01000018.1_11	f17242138345e6b2cb4ed8ea128109ad	314	CDD	cd05300	2-Hacid_dh_1	12	313	2.83167E-123	T	21-06-2023	-	-
>NZ_FOXI01000018.1_11	f17242138345e6b2cb4ed8ea128109ad	314	ProSitePatterns	PS00065	D-isomer specific 2-hydroxyacid dehydrogenases NAD-binding signature.	143	170	-	T	21-06-2023	IPR029752	D-isomer specific 2-hydroxyacid dehydrogenase, NAD-binding domain conserved site 1
>NZ_FOXI01000018.1_11	f17242138345e6b2cb4ed8ea128109ad	314	Gene3D	G3DSA:3.40.50.720	-	100	285	9.7E-91	T	21-06-2023	-	-
