>NZ_WSZK01000033.1_14	f317f76b200d9e15fd8d95d5e5beaf35	497	ProSiteProfiles	PS51679	C-5 cytosine-specific DNA methylase (Dnmt) domain profile.	6	484	35.287525	T	21-06-2023	IPR001525	C-5 cytosine methyltransferase
>NZ_WSZK01000033.1_14	f317f76b200d9e15fd8d95d5e5beaf35	497	PANTHER	PTHR10629	CYTOSINE-SPECIFIC METHYLTRANSFERASE	5	476	4.1E-40	T	21-06-2023	-	-
>NZ_WSZK01000033.1_14	f317f76b200d9e15fd8d95d5e5beaf35	497	Pfam	PF00145	C-5 cytosine-specific DNA methylase	9	477	1.7E-44	T	21-06-2023	IPR001525	C-5 cytosine methyltransferase
>NZ_WSZK01000033.1_14	f317f76b200d9e15fd8d95d5e5beaf35	497	ProSiteProfiles	PS51257	Prokaryotic membrane lipoprotein lipid attachment site profile.	1	26	5.0	T	21-06-2023	-	-
>NZ_WSZK01000033.1_14	f317f76b200d9e15fd8d95d5e5beaf35	497	Gene3D	G3DSA:3.90.120.10	DNA Methylase, subunit A, domain 2	376	470	1.3E-13	T	21-06-2023	-	-
>NZ_WSZK01000033.1_14	f317f76b200d9e15fd8d95d5e5beaf35	497	Gene3D	G3DSA:3.40.50.150	Vaccinia Virus protein VP39	2	219	6.1E-51	T	21-06-2023	IPR029063	S-adenosyl-L-methionine-dependent methyltransferase superfamily
>NZ_WSZK01000033.1_14	f317f76b200d9e15fd8d95d5e5beaf35	497	PRINTS	PR00105	Cytosine-specific DNA methyltransferase signature	7	23	4.4E-8	T	21-06-2023	IPR001525	C-5 cytosine methyltransferase
>NZ_WSZK01000033.1_14	f317f76b200d9e15fd8d95d5e5beaf35	497	PRINTS	PR00105	Cytosine-specific DNA methyltransferase signature	116	130	4.4E-8	T	21-06-2023	IPR001525	C-5 cytosine methyltransferase
>NZ_WSZK01000033.1_14	f317f76b200d9e15fd8d95d5e5beaf35	497	PRINTS	PR00105	Cytosine-specific DNA methyltransferase signature	172	185	4.4E-8	T	21-06-2023	IPR001525	C-5 cytosine methyltransferase
>NZ_WSZK01000033.1_14	f317f76b200d9e15fd8d95d5e5beaf35	497	SUPERFAMILY	SSF53335	S-adenosyl-L-methionine-dependent methyltransferases	6	477	1.57E-66	T	21-06-2023	IPR029063	S-adenosyl-L-methionine-dependent methyltransferase superfamily
>NZ_WSZK01000033.1_14	f317f76b200d9e15fd8d95d5e5beaf35	497	NCBIfam	TIGR00675	DNA (cytosine-5-)-methyltransferase	9	476	1.3E-39	T	21-06-2023	IPR001525	C-5 cytosine methyltransferase
>NZ_WSZK01000033.1_46	f044377ffa156504d5c3aed86cb30afc	727	Pfam	PF00136	DNA polymerase family B	322	663	1.0E-29	T	21-06-2023	IPR006134	DNA-directed DNA polymerase, family B, multifunctional domain
>NZ_WSZK01000033.1_46	f044377ffa156504d5c3aed86cb30afc	727	Gene3D	G3DSA:1.10.132.60	-	552	716	3.2E-20	T	21-06-2023	IPR042087	DNA polymerase family B, thumb domain
>NZ_WSZK01000033.1_46	f044377ffa156504d5c3aed86cb30afc	727	SMART	SM00486	polmehr3	60	487	0.0044	T	21-06-2023	IPR006172	DNA-directed DNA polymerase, family B
>NZ_WSZK01000033.1_46	f044377ffa156504d5c3aed86cb30afc	727	Gene3D	G3DSA:1.10.287.690	Helix hairpin bin	384	442	5.7E-50	T	21-06-2023	-	-
>NZ_WSZK01000033.1_46	f044377ffa156504d5c3aed86cb30afc	727	SUPERFAMILY	SSF56672	DNA/RNA polymerases	288	704	4.23E-66	T	21-06-2023	IPR043502	DNA/RNA polymerase superfamily
>NZ_WSZK01000033.1_46	f044377ffa156504d5c3aed86cb30afc	727	PANTHER	PTHR10322	DNA POLYMERASE CATALYTIC SUBUNIT	285	693	5.9E-55	T	21-06-2023	-	-
>NZ_WSZK01000033.1_46	f044377ffa156504d5c3aed86cb30afc	727	Gene3D	G3DSA:3.90.1600.10	Palm domain of DNA polymerase	329	517	5.7E-50	T	21-06-2023	IPR023211	DNA polymerase, palm domain superfamily
>NZ_WSZK01000033.1_3	a97b0d9961f5ec23b024521abea777b7	117	Coils	Coil	Coil	12	32	-	T	21-06-2023	-	-
>NZ_WSZK01000033.1_3	a97b0d9961f5ec23b024521abea777b7	117	MobiDBLite	mobidb-lite	consensus disorder prediction	7	28	-	T	21-06-2023	-	-
>NZ_WSZK01000033.1_3	a97b0d9961f5ec23b024521abea777b7	117	MobiDBLite	mobidb-lite	consensus disorder prediction	1	51	-	T	21-06-2023	-	-
>NZ_WSZK01000033.1_20	e53ed51b5401dd03e411bb007746dbfb	352	Gene3D	G3DSA:3.30.1640.10	-	26	129	4.2E-12	T	21-06-2023	-	-
>NZ_WSZK01000033.1_20	e53ed51b5401dd03e411bb007746dbfb	352	Gene3D	G3DSA:2.40.50.140	-	138	264	8.1E-25	T	21-06-2023	IPR012340	Nucleic acid-binding, OB-fold
>NZ_WSZK01000033.1_20	e53ed51b5401dd03e411bb007746dbfb	352	PANTHER	PTHR11630	DNA REPLICATION LICENSING FACTOR MCM FAMILY MEMBER	36	299	4.8E-28	T	21-06-2023	IPR031327	Mini-chromosome maintenance protein
>NZ_WSZK01000033.1_20	e53ed51b5401dd03e411bb007746dbfb	352	Gene3D	G3DSA:2.20.28.10	-	161	210	8.1E-25	T	21-06-2023	-	-
>NZ_WSZK01000033.1_20	e53ed51b5401dd03e411bb007746dbfb	352	FunFam	G3DSA:2.20.28.10:FF:000003	DNA helicase	163	210	7.6E-7	T	21-06-2023	-	-
>NZ_WSZK01000033.1_20	e53ed51b5401dd03e411bb007746dbfb	352	Pfam	PF17207	MCM OB domain	138	257	9.4E-18	T	21-06-2023	IPR033762	MCM OB domain
>NZ_WSZK01000033.1_20	e53ed51b5401dd03e411bb007746dbfb	352	SUPERFAMILY	SSF50249	Nucleic acid-binding proteins	61	263	1.68E-31	T	21-06-2023	IPR012340	Nucleic acid-binding, OB-fold
>NZ_WSZK01000033.1_44	4ef8cdd30d7995d5bfc6284173e4069d	239	MobiDBLite	mobidb-lite	consensus disorder prediction	1	22	-	T	21-06-2023	-	-
>NZ_WSZK01000033.1_44	4ef8cdd30d7995d5bfc6284173e4069d	239	Gene3D	G3DSA:3.40.50.300	-	40	200	1.4E-7	T	21-06-2023	IPR027417	P-loop containing nucleoside triphosphate hydrolase
>NZ_WSZK01000033.1_15	5f65ed3ffd0a2542b70e884ce20556ae	116	MobiDBLite	mobidb-lite	consensus disorder prediction	95	116	-	T	21-06-2023	-	-
>NZ_WSZK01000033.1_23	81e19069f22be0bc1d21a680f00f649d	441	MobiDBLite	mobidb-lite	consensus disorder prediction	35	77	-	T	21-06-2023	-	-
>NZ_WSZK01000033.1_23	81e19069f22be0bc1d21a680f00f649d	441	MobiDBLite	mobidb-lite	consensus disorder prediction	35	65	-	T	21-06-2023	-	-
>NZ_WSZK01000033.1_37	4161789d79229b7223d4f741e2d8c0da	175	MobiDBLite	mobidb-lite	consensus disorder prediction	139	175	-	T	21-06-2023	-	-
>NZ_WSZK01000033.1_37	4161789d79229b7223d4f741e2d8c0da	175	MobiDBLite	mobidb-lite	consensus disorder prediction	134	175	-	T	21-06-2023	-	-
>NZ_WSZK01000033.1_34	d981b773d2e9cd0fbabc851799c90664	256	ProSiteProfiles	PS51318	Twin arginine translocation (Tat) signal profile.	1	39	9.01505	T	21-06-2023	IPR006311	Twin-arginine translocation pathway, signal sequence
>NZ_WSZK01000033.1_41	d756fc8bad220b0f61fdd2502d1b7f3f	393	Pfam	PF18780	Homing endonuclease associated repeat	333	383	8.2E-10	T	21-06-2023	IPR041025	Homing endonuclease associated repeat
>NZ_WSZK01000033.1_38	d3428435be4ef9315201c0a94a334c0d	90	MobiDBLite	mobidb-lite	consensus disorder prediction	1	90	-	T	21-06-2023	-	-
>NZ_WSZK01000033.1_19	42dd91356e75ce94efb5f98d1151fd13	41	SUPERFAMILY	SSF57802	Rubredoxin-like	3	32	1.35E-5	T	21-06-2023	-	-
>NZ_WSZK01000033.1_8	046928daf43e7a13b6caa2035cf2e7c3	381	MobiDBLite	mobidb-lite	consensus disorder prediction	360	381	-	T	21-06-2023	-	-
>NZ_WSZK01000033.1_10	120ff6dcfef80fd190acfcc058437b4f	140	Coils	Coil	Coil	7	27	-	T	21-06-2023	-	-
>NZ_WSZK01000033.1_18	64c5a52f148b067ba65738a09acb5361	527	MobiDBLite	mobidb-lite	consensus disorder prediction	134	160	-	T	21-06-2023	-	-
>NZ_WSZK01000033.1_18	64c5a52f148b067ba65738a09acb5361	527	Coils	Coil	Coil	10	30	-	T	21-06-2023	-	-
>NZ_WSZK01000033.1_18	64c5a52f148b067ba65738a09acb5361	527	Coils	Coil	Coil	518	527	-	T	21-06-2023	-	-
>NZ_WSZK01000033.1_36	5eb71271cbe67f677e6ca7e26d9c7fa8	1039	SMART	SM00564	ire1_9	89	120	0.38	T	21-06-2023	IPR018391	Pyrrolo-quinoline quinone beta-propeller repeat
>NZ_WSZK01000033.1_36	5eb71271cbe67f677e6ca7e26d9c7fa8	1039	SMART	SM00564	ire1_9	46	78	2.2E-6	T	21-06-2023	IPR018391	Pyrrolo-quinoline quinone beta-propeller repeat
>NZ_WSZK01000033.1_36	5eb71271cbe67f677e6ca7e26d9c7fa8	1039	SMART	SM00564	ire1_9	4	36	2.8E-5	T	21-06-2023	IPR018391	Pyrrolo-quinoline quinone beta-propeller repeat
>NZ_WSZK01000033.1_36	5eb71271cbe67f677e6ca7e26d9c7fa8	1039	Gene3D	G3DSA:2.130.10.10	-	1	209	7.0E-30	T	21-06-2023	IPR015943	WD40/YVTN repeat-like-containing domain superfamily
>NZ_WSZK01000033.1_36	5eb71271cbe67f677e6ca7e26d9c7fa8	1039	Coils	Coil	Coil	575	602	-	T	21-06-2023	-	-
>NZ_WSZK01000033.1_36	5eb71271cbe67f677e6ca7e26d9c7fa8	1039	ProSiteProfiles	PS50294	Trp-Asp (WD) repeats circular profile.	35	72	8.755605	T	21-06-2023	-	-
>NZ_WSZK01000033.1_36	5eb71271cbe67f677e6ca7e26d9c7fa8	1039	PANTHER	PTHR19848	WD40 REPEAT PROTEIN	2	134	1.0E-17	T	21-06-2023	-	-
>NZ_WSZK01000033.1_36	5eb71271cbe67f677e6ca7e26d9c7fa8	1039	ProSiteProfiles	PS50082	Trp-Asp (WD) repeats profile.	77	118	8.603614	T	21-06-2023	IPR001680	WD40 repeat
>NZ_WSZK01000033.1_36	5eb71271cbe67f677e6ca7e26d9c7fa8	1039	ProSiteProfiles	PS50082	Trp-Asp (WD) repeats profile.	35	76	10.909469	T	21-06-2023	IPR001680	WD40 repeat
>NZ_WSZK01000033.1_36	5eb71271cbe67f677e6ca7e26d9c7fa8	1039	SMART	SM00320	WD40_4	70	109	0.14	T	21-06-2023	IPR001680	WD40 repeat
>NZ_WSZK01000033.1_36	5eb71271cbe67f677e6ca7e26d9c7fa8	1039	SMART	SM00320	WD40_4	28	67	1.1E-5	T	21-06-2023	IPR001680	WD40 repeat
>NZ_WSZK01000033.1_36	5eb71271cbe67f677e6ca7e26d9c7fa8	1039	Pfam	PF13360	PQQ-like domain	5	137	1.3E-16	T	21-06-2023	IPR002372	Pyrrolo-quinoline quinone repeat
>NZ_WSZK01000033.1_36	5eb71271cbe67f677e6ca7e26d9c7fa8	1039	SUPERFAMILY	SSF50998	Quinoprotein alcohol dehydrogenase-like	2	202	4.97E-33	T	21-06-2023	IPR011047	Quinoprotein alcohol dehydrogenase-like superfamily
>NZ_WSZK01000033.1_36	5eb71271cbe67f677e6ca7e26d9c7fa8	1039	Coils	Coil	Coil	620	640	-	T	21-06-2023	-	-
>NZ_WSZK01000033.1_27	6285924c03ec763c6eae83614d2a8166	99	MobiDBLite	mobidb-lite	consensus disorder prediction	79	99	-	T	21-06-2023	-	-
>NZ_WSZK01000033.1_45	ae5a63ee6019f955432e6384a0aecd48	88	Coils	Coil	Coil	65	88	-	T	21-06-2023	-	-
>NZ_WSZK01000033.1_9	11afd282490232586c88346ee32c63f7	415	Gene3D	G3DSA:1.10.150.130	-	36	156	1.3E-7	T	21-06-2023	IPR010998	Integrase/recombinase, N-terminal
>NZ_WSZK01000033.1_9	11afd282490232586c88346ee32c63f7	415	ProSiteProfiles	PS51900	Core-binding (CB) domain profile.	41	138	10.157242	T	21-06-2023	IPR044068	Core-binding (CB) domain
>NZ_WSZK01000033.1_9	11afd282490232586c88346ee32c63f7	415	SUPERFAMILY	SSF56349	DNA breaking-rejoining enzymes	109	406	3.24E-16	T	21-06-2023	IPR011010	DNA breaking-rejoining enzyme, catalytic core
>NZ_WSZK01000033.1_9	11afd282490232586c88346ee32c63f7	415	Gene3D	G3DSA:1.10.443.10	Intergrase catalytic core	183	406	3.3E-16	T	21-06-2023	IPR013762	Integrase-like, catalytic domain superfamily
>NZ_WSZK01000033.1_9	11afd282490232586c88346ee32c63f7	415	ProSiteProfiles	PS51898	Tyrosine recombinase domain profile.	165	408	13.465334	T	21-06-2023	IPR002104	Integrase, catalytic domain
>NZ_WSZK01000033.1_7	fb0899d4dfd7065211669cede52acf17	108	MobiDBLite	mobidb-lite	consensus disorder prediction	45	70	-	T	21-06-2023	-	-
>NZ_WSZK01000033.1_39	d8e19c156a5d1cb13b19b569f2764f00	175	PANTHER	PTHR38138	VNG6441H	25	117	1.2E-11	T	21-06-2023	-	-
>NZ_WSZK01000033.1_39	d8e19c156a5d1cb13b19b569f2764f00	175	NCBIfam	TIGR02537	archaeal flagellin N-terminal-like domain	38	61	1.2E-6	T	21-06-2023	IPR013373	Flagellin/pilin, N-terminal site, archaea
>NZ_WSZK01000033.1_39	d8e19c156a5d1cb13b19b569f2764f00	175	Pfam	PF07790	Archaeal Type IV pilin, N-terminal	39	117	1.4E-22	T	21-06-2023	IPR012859	Archaeal Type IV pilin, N-terminal
>NZ_WSZK01000033.1_12	e32933513ee6f1c66a77a7f5745a19d5	71	MobiDBLite	mobidb-lite	consensus disorder prediction	41	71	-	T	21-06-2023	-	-
>NZ_WSZK01000033.1_12	e32933513ee6f1c66a77a7f5745a19d5	71	MobiDBLite	mobidb-lite	consensus disorder prediction	1	20	-	T	21-06-2023	-	-
>NZ_WSZK01000033.1_24	c532ecf298071003823e763864c8b5b0	355	Coils	Coil	Coil	266	293	-	T	21-06-2023	-	-
>NZ_WSZK01000033.1_24	c532ecf298071003823e763864c8b5b0	355	MobiDBLite	mobidb-lite	consensus disorder prediction	316	355	-	T	21-06-2023	-	-
>NZ_WSZK01000033.1_24	c532ecf298071003823e763864c8b5b0	355	MobiDBLite	mobidb-lite	consensus disorder prediction	316	339	-	T	21-06-2023	-	-
>NZ_WSZK01000033.1_25	cdc46346a0dc55d1cc88680c0d013c19	223	MobiDBLite	mobidb-lite	consensus disorder prediction	199	223	-	T	21-06-2023	-	-
>NZ_WSZK01000033.1_35	19aa68f6914f61121fe72e5b4e276c23	537	PRINTS	PR00723	Subtilisin serine protease family (S8) signature	213	232	1.6E-11	T	21-06-2023	IPR015500	Peptidase S8, subtilisin-related
>NZ_WSZK01000033.1_35	19aa68f6914f61121fe72e5b4e276c23	537	PRINTS	PR00723	Subtilisin serine protease family (S8) signature	260	273	1.6E-11	T	21-06-2023	IPR015500	Peptidase S8, subtilisin-related
>NZ_WSZK01000033.1_35	19aa68f6914f61121fe72e5b4e276c23	537	PRINTS	PR00723	Subtilisin serine protease family (S8) signature	433	449	1.6E-11	T	21-06-2023	IPR015500	Peptidase S8, subtilisin-related
>NZ_WSZK01000033.1_35	19aa68f6914f61121fe72e5b4e276c23	537	Pfam	PF00082	Subtilase family	213	475	4.3E-38	T	21-06-2023	IPR000209	Peptidase S8/S53 domain
>NZ_WSZK01000033.1_35	19aa68f6914f61121fe72e5b4e276c23	537	NCBIfam	TIGR01409	twin-arginine translocation signal domain	5	30	0.0023	T	21-06-2023	IPR019546	Twin-arginine translocation pathway, signal sequence, bacterial/archaeal
>NZ_WSZK01000033.1_35	19aa68f6914f61121fe72e5b4e276c23	537	SUPERFAMILY	SSF52743	Subtilisin-like	210	494	5.89E-53	T	21-06-2023	IPR036852	Peptidase S8/S53 domain superfamily
>NZ_WSZK01000033.1_35	19aa68f6914f61121fe72e5b4e276c23	537	ProSitePatterns	PS00138	Serine proteases, subtilase family, serine active site.	434	444	-	T	21-06-2023	IPR023828	Peptidase S8, subtilisin, Ser-active site
>NZ_WSZK01000033.1_35	19aa68f6914f61121fe72e5b4e276c23	537	ProSiteProfiles	PS51318	Twin arginine translocation (Tat) signal profile.	1	30	10.191933	T	21-06-2023	IPR006311	Twin-arginine translocation pathway, signal sequence
>NZ_WSZK01000033.1_35	19aa68f6914f61121fe72e5b4e276c23	537	Gene3D	G3DSA:3.40.50.200	Peptidase S8/S53 domain	202	503	8.3E-54	T	21-06-2023	IPR036852	Peptidase S8/S53 domain superfamily
>NZ_WSZK01000033.1_35	19aa68f6914f61121fe72e5b4e276c23	537	ProSiteProfiles	PS51892	Serine proteases, subtilase domain profile.	181	492	29.775623	T	21-06-2023	-	-
>NZ_WSZK01000033.1_35	19aa68f6914f61121fe72e5b4e276c23	537	PANTHER	PTHR43806	PEPTIDASE S8	130	485	4.4E-42	T	21-06-2023	-	-
>NZ_WSZK01000033.1_26	ad185ee89139cacae12b187343c9f908	99	MobiDBLite	mobidb-lite	consensus disorder prediction	62	99	-	T	21-06-2023	-	-
>NZ_WSZK01000033.1_31	c872796a5c4eb6cb7fb42ed82bbd6687	183	MobiDBLite	mobidb-lite	consensus disorder prediction	1	24	-	T	21-06-2023	-	-
>NZ_WSZK01000033.1_43	affc96d64d1eab91ae8d0856f23258e9	334	NCBIfam	TIGR02928	orc1/cdc6 family replication initiation protein	3	331	6.6E-55	T	21-06-2023	IPR014277	Orc1/Cdc6-type DNA replication protein, archaea
>NZ_WSZK01000033.1_43	affc96d64d1eab91ae8d0856f23258e9	334	PANTHER	PTHR10763	CELL DIVISION CONTROL PROTEIN 6-RELATED	7	320	2.7E-29	T	21-06-2023	-	-
>NZ_WSZK01000033.1_43	affc96d64d1eab91ae8d0856f23258e9	334	Pfam	PF13401	AAA domain	42	154	1.5E-10	T	21-06-2023	IPR003593	AAA+ ATPase domain
>NZ_WSZK01000033.1_43	affc96d64d1eab91ae8d0856f23258e9	334	Gene3D	G3DSA:3.40.50.300	-	17	182	4.3E-56	T	21-06-2023	IPR027417	P-loop containing nucleoside triphosphate hydrolase
>NZ_WSZK01000033.1_43	affc96d64d1eab91ae8d0856f23258e9	334	CDD	cd18139	HLD_clamp_RarA	192	250	1.83249E-8	T	21-06-2023	-	-
>NZ_WSZK01000033.1_43	affc96d64d1eab91ae8d0856f23258e9	334	SUPERFAMILY	SSF52540	P-loop containing nucleoside triphosphate hydrolases	2	250	1.62E-39	T	21-06-2023	IPR027417	P-loop containing nucleoside triphosphate hydrolase
>NZ_WSZK01000033.1_43	affc96d64d1eab91ae8d0856f23258e9	334	Gene3D	G3DSA:1.10.8.60	-	6	255	4.3E-56	T	21-06-2023	-	-
>NZ_WSZK01000033.1_42	ce27fa4f1d034913920c0b278aaaa235	153	MobiDBLite	mobidb-lite	consensus disorder prediction	102	132	-	T	21-06-2023	-	-
>NZ_WSZK01000033.1_42	ce27fa4f1d034913920c0b278aaaa235	153	MobiDBLite	mobidb-lite	consensus disorder prediction	102	122	-	T	21-06-2023	-	-
>NZ_WSZK01000033.1_40	7b192039e042797e0e92b7446c4476c2	187	NCBIfam	TIGR02537	archaeal flagellin N-terminal-like domain	11	34	1.3E-6	T	21-06-2023	IPR013373	Flagellin/pilin, N-terminal site, archaea
>NZ_WSZK01000033.1_40	7b192039e042797e0e92b7446c4476c2	187	Pfam	PF07790	Archaeal Type IV pilin, N-terminal	12	99	2.8E-21	T	21-06-2023	IPR012859	Archaeal Type IV pilin, N-terminal
>NZ_WSZK01000033.1_28	62d518901f3b08182a8acb43f67d9aa1	92	MobiDBLite	mobidb-lite	consensus disorder prediction	70	84	-	T	21-06-2023	-	-
>NZ_WSZK01000033.1_28	62d518901f3b08182a8acb43f67d9aa1	92	MobiDBLite	mobidb-lite	consensus disorder prediction	58	92	-	T	21-06-2023	-	-
>NZ_WSZK01000033.1_21	fd314d18a940f1bfb5acf3cf43301ecd	806	MobiDBLite	mobidb-lite	consensus disorder prediction	1	26	-	T	21-06-2023	-	-
>NZ_WSZK01000033.1_21	fd314d18a940f1bfb5acf3cf43301ecd	806	Coils	Coil	Coil	33	53	-	T	21-06-2023	-	-
>NZ_WSZK01000033.1_21	fd314d18a940f1bfb5acf3cf43301ecd	806	Gene3D	G3DSA:3.40.50.300	-	383	570	5.3E-10	T	21-06-2023	IPR027417	P-loop containing nucleoside triphosphate hydrolase
