PSYY01000010.1_13	a27583b21cea2d8987ca3c5596fc2f55	340	Pfam	PF05107	CRISPR-associated protein Cas7	5	278	2.7E-46	T	26-06-2023	IPR006482	CRISPR-associated protein Cas7, subtype I-B/I-C
PSYY01000010.1_13	a27583b21cea2d8987ca3c5596fc2f55	340	NCBIfam	TIGR02590	type I-B CRISPR-associated protein Cas7/Csh2	6	305	1.2E-89	T	26-06-2023	IPR013419	Type I-B CRISPR-associated protein Cas7/Csh2
PSYY01000010.1_13	a27583b21cea2d8987ca3c5596fc2f55	340	NCBIfam	TIGR01595	CRISPR-associated protein, CT1132 family	5	294	1.6E-37	T	26-06-2023	IPR006482	CRISPR-associated protein Cas7, subtype I-B/I-C
PSYY01000010.1_6	2e3dbaed9405c788f0b33edcc24f41f4	286	CDD	cd00719	GIY-YIG_SF	210	245	4.72924E-5	T	26-06-2023	-	-
PSYY01000010.1_6	2e3dbaed9405c788f0b33edcc24f41f4	286	MobiDBLite	mobidb-lite	consensus disorder prediction	147	178	-	T	26-06-2023	-	-
PSYY01000010.1_2	7d0245826742f0b2f378145fd82023a9	1254	Coils	Coil	Coil	832	866	-	T	26-06-2023	-	-
PSYY01000010.1_2	7d0245826742f0b2f378145fd82023a9	1254	Coils	Coil	Coil	793	820	-	T	26-06-2023	-	-
PSYY01000010.1_5	2791e2c5f26e0f6f5bc77ac9a321916f	202	MobiDBLite	mobidb-lite	consensus disorder prediction	1	50	-	T	26-06-2023	-	-
PSYY01000010.1_5	2791e2c5f26e0f6f5bc77ac9a321916f	202	MobiDBLite	mobidb-lite	consensus disorder prediction	1	24	-	T	26-06-2023	-	-
PSYY01000010.1_15	3f199c7a1d1e0b69e23adef33c264888	67	MobiDBLite	mobidb-lite	consensus disorder prediction	1	29	-	T	26-06-2023	-	-
PSYY01000010.1_8	81774a84e09a016fe14865854952c17c	202	MobiDBLite	mobidb-lite	consensus disorder prediction	168	202	-	T	26-06-2023	-	-
PSYY01000010.1_8	81774a84e09a016fe14865854952c17c	202	Coils	Coil	Coil	131	151	-	T	26-06-2023	-	-
PSYY01000010.1_8	81774a84e09a016fe14865854952c17c	202	MobiDBLite	mobidb-lite	consensus disorder prediction	149	202	-	T	26-06-2023	-	-
PSYY01000010.1_8	81774a84e09a016fe14865854952c17c	202	Pfam	PF09851	Short C-terminal domain	172	199	1.4E-8	T	26-06-2023	IPR018649	SHOCT domain
PSYY01000010.1_8	81774a84e09a016fe14865854952c17c	202	Pfam	PF14470	Bacterial PH domain	40	142	2.0E-13	T	26-06-2023	IPR039519	YokE-like, PH domain
PSYY01000010.1_12	0e9cabe610837df88994abbc99dbf371	716	Pfam	PF09484	CRISPR-associated protein TM1802 (cas_TM1802)	482	686	3.0E-8	T	26-06-2023	IPR013389	CRISPR-associated protein Cas8b
PSYY01000010.1_12	0e9cabe610837df88994abbc99dbf371	716	NCBIfam	TIGR02591	type I-B CRISPR-associated protein Cas8b/Csh1	256	686	3.0E-128	T	26-06-2023	IPR013420	Type I-B CRISPR-associated protein Cas8b/Csh1, C-terminal
PSYY01000010.1_1	3288017c7475c48d92b8c62c2b939070	401	SUPERFAMILY	SSF52743	Subtilisin-like	191	393	2.09E-35	T	26-06-2023	IPR036852	Peptidase S8/S53 domain superfamily
PSYY01000010.1_1	3288017c7475c48d92b8c62c2b939070	401	PRINTS	PR00723	Subtilisin serine protease family (S8) signature	201	220	6.0E-6	T	26-06-2023	IPR015500	Peptidase S8, subtilisin-related
PSYY01000010.1_1	3288017c7475c48d92b8c62c2b939070	401	PRINTS	PR00723	Subtilisin serine protease family (S8) signature	246	259	6.0E-6	T	26-06-2023	IPR015500	Peptidase S8, subtilisin-related
PSYY01000010.1_1	3288017c7475c48d92b8c62c2b939070	401	PANTHER	PTHR43806	PEPTIDASE S8	57	391	1.6E-29	T	26-06-2023	-	-
PSYY01000010.1_1	3288017c7475c48d92b8c62c2b939070	401	ProSitePatterns	PS00137	Serine proteases, subtilase family, histidine active site.	250	260	-	T	26-06-2023	IPR022398	Peptidase S8, subtilisin, His-active site
PSYY01000010.1_1	3288017c7475c48d92b8c62c2b939070	401	ProSitePatterns	PS00136	Serine proteases, subtilase family, aspartic acid active site.	206	217	-	T	26-06-2023	IPR023827	Peptidase S8, subtilisin, Asp-active site
PSYY01000010.1_1	3288017c7475c48d92b8c62c2b939070	401	Gene3D	G3DSA:3.40.50.200	Peptidase S8/S53 domain	179	401	7.3E-37	T	26-06-2023	IPR036852	Peptidase S8/S53 domain superfamily
PSYY01000010.1_1	3288017c7475c48d92b8c62c2b939070	401	ProSiteProfiles	PS51892	Serine proteases, subtilase domain profile.	180	401	25.172186	T	26-06-2023	-	-
PSYY01000010.1_1	3288017c7475c48d92b8c62c2b939070	401	Pfam	PF00082	Subtilase family	201	392	1.8E-30	T	26-06-2023	IPR000209	Peptidase S8/S53 domain
PSYY01000010.1_14	17d95f6d8d72f99a6a54db5a7a487a7c	265	NCBIfam	TIGR02593	CRISPR-associated protein Cas5	14	55	1.5E-8	T	26-06-2023	IPR013422	CRISPR-associated protein Cas5, N-terminal
PSYY01000010.1_14	17d95f6d8d72f99a6a54db5a7a487a7c	265	NCBIfam	TIGR02592	type I-B CRISPR-associated protein Cas5b	13	264	3.1E-51	T	26-06-2023	IPR013421	Type I-B CRISPR-associated protein Cas5, HALMA
PSYY01000010.1_14	17d95f6d8d72f99a6a54db5a7a487a7c	265	Gene3D	G3DSA:3.30.70.2660	-	12	205	1.4E-17	T	26-06-2023	-	-
PSYY01000010.1_14	17d95f6d8d72f99a6a54db5a7a487a7c	265	Pfam	PF09704	CRISPR-associated protein (Cas_Cas5)	23	188	3.7E-8	T	26-06-2023	IPR021124	CRISPR-associated protein, Cas5
PSYY01000010.1_11	cfc3bc41486bac6142b394a14e2ed786	272	Gene3D	G3DSA:3.30.70.1900	-	141	263	1.5E-5	T	26-06-2023	-	-
PSYY01000010.1_11	cfc3bc41486bac6142b394a14e2ed786	272	Pfam	PF01881	CRISPR associated protein Cas6, C-terminal	154	261	3.9E-7	T	26-06-2023	IPR010156	CRISPR-associated endoribonuclease Cas6
