QPLN01000011.1_74	dc2f913a1f603282f3ae8ddcfcc1b7fe	47	MobiDBLite	mobidb-lite	consensus disorder prediction	1	47	-	T	26-06-2023	-	-
QPLN01000011.1_74	dc2f913a1f603282f3ae8ddcfcc1b7fe	47	MobiDBLite	mobidb-lite	consensus disorder prediction	1	24	-	T	26-06-2023	-	-
QPLN01000011.1_4	ffe00b69953f8ffa7b5bda900607bfa1	230	ProSiteProfiles	PS51318	Twin arginine translocation (Tat) signal profile.	1	27	8.710912	T	26-06-2023	IPR006311	Twin-arginine translocation pathway, signal sequence
QPLN01000011.1_73	e1c36c0ef1e0e5b2efc8149a9bed1cc5	112	Gene3D	G3DSA:3.30.2310.20	-	15	96	1.0E-5	T	26-06-2023	IPR035093	Toxin-antitoxin system, RelE/ParE toxin domain superfamily
QPLN01000011.1_73	e1c36c0ef1e0e5b2efc8149a9bed1cc5	112	SUPERFAMILY	SSF143011	RelE-like	21	91	7.45E-5	T	26-06-2023	IPR035093	Toxin-antitoxin system, RelE/ParE toxin domain superfamily
QPLN01000011.1_26	6ebe1032e46d8381f3347cacc9f712dc	87	MobiDBLite	mobidb-lite	consensus disorder prediction	62	87	-	T	26-06-2023	-	-
QPLN01000011.1_48	4c9ef90ce2147c92fb2824067ae76f05	111	MobiDBLite	mobidb-lite	consensus disorder prediction	26	43	-	T	26-06-2023	-	-
QPLN01000011.1_48	4c9ef90ce2147c92fb2824067ae76f05	111	MobiDBLite	mobidb-lite	consensus disorder prediction	1	43	-	T	26-06-2023	-	-
QPLN01000011.1_75	a1f89c753d22508ad6de657ee36d0c9a	105	MobiDBLite	mobidb-lite	consensus disorder prediction	1	24	-	T	26-06-2023	-	-
QPLN01000011.1_40	42641e748d89c69df5b3d7b8a54fc4a5	145	MobiDBLite	mobidb-lite	consensus disorder prediction	17	45	-	T	26-06-2023	-	-
QPLN01000011.1_40	42641e748d89c69df5b3d7b8a54fc4a5	145	MobiDBLite	mobidb-lite	consensus disorder prediction	1	52	-	T	26-06-2023	-	-
QPLN01000011.1_18	bf062bc9c69f8cd175b33a6ecc433ce1	396	PANTHER	PTHR42759	MOXR FAMILY PROTEIN	142	322	1.6E-11	T	26-06-2023	-	-
QPLN01000011.1_18	bf062bc9c69f8cd175b33a6ecc433ce1	396	SUPERFAMILY	SSF52540	P-loop containing nucleoside triphosphate hydrolases	142	355	7.43E-24	T	26-06-2023	IPR027417	P-loop containing nucleoside triphosphate hydrolase
QPLN01000011.1_18	bf062bc9c69f8cd175b33a6ecc433ce1	396	MobiDBLite	mobidb-lite	consensus disorder prediction	1	74	-	T	26-06-2023	-	-
QPLN01000011.1_18	bf062bc9c69f8cd175b33a6ecc433ce1	396	Pfam	PF08406	CbbQ/NirQ/NorQ C-terminal	299	380	4.0E-4	T	26-06-2023	IPR013615	CbbQ/NirQ/NorQ, C-terminal
QPLN01000011.1_18	bf062bc9c69f8cd175b33a6ecc433ce1	396	MobiDBLite	mobidb-lite	consensus disorder prediction	22	36	-	T	26-06-2023	-	-
QPLN01000011.1_18	bf062bc9c69f8cd175b33a6ecc433ce1	396	CDD	cd00009	AAA	118	247	5.15097E-9	T	26-06-2023	-	-
QPLN01000011.1_18	bf062bc9c69f8cd175b33a6ecc433ce1	396	Gene3D	G3DSA:3.40.50.300	-	139	294	6.6E-23	T	26-06-2023	IPR027417	P-loop containing nucleoside triphosphate hydrolase
QPLN01000011.1_18	bf062bc9c69f8cd175b33a6ecc433ce1	396	Pfam	PF07728	AAA domain (dynein-related subfamily)	143	278	1.4E-18	T	26-06-2023	IPR011704	ATPase, dynein-related, AAA domain
QPLN01000011.1_56	1f13e881ee74825ff79f5cb1632d1fe6	279	CDD	cd02042	ParAB_family	12	219	1.20927E-15	T	26-06-2023	-	-
QPLN01000011.1_56	1f13e881ee74825ff79f5cb1632d1fe6	279	SUPERFAMILY	SSF52540	P-loop containing nucleoside triphosphate hydrolases	12	247	2.34E-26	T	26-06-2023	IPR027417	P-loop containing nucleoside triphosphate hydrolase
QPLN01000011.1_56	1f13e881ee74825ff79f5cb1632d1fe6	279	Gene3D	G3DSA:3.40.50.300	-	4	279	1.4E-39	T	26-06-2023	IPR027417	P-loop containing nucleoside triphosphate hydrolase
QPLN01000011.1_56	1f13e881ee74825ff79f5cb1632d1fe6	279	PANTHER	PTHR13696	P-LOOP CONTAINING NUCLEOSIDE TRIPHOSPHATE HYDROLASE	6	242	2.6E-25	T	26-06-2023	-	-
QPLN01000011.1_56	1f13e881ee74825ff79f5cb1632d1fe6	279	Pfam	PF13614	AAA domain	8	192	2.6E-20	T	26-06-2023	IPR025669	AAA domain
QPLN01000011.1_78	307b399189e4c036205e8b72b6efdb10	66	Coils	Coil	Coil	46	66	-	T	26-06-2023	-	-
QPLN01000011.1_43	2628fd57a60cc055456cf05268def850	424	MobiDBLite	mobidb-lite	consensus disorder prediction	268	284	-	T	26-06-2023	-	-
QPLN01000011.1_43	2628fd57a60cc055456cf05268def850	424	MobiDBLite	mobidb-lite	consensus disorder prediction	206	232	-	T	26-06-2023	-	-
QPLN01000011.1_43	2628fd57a60cc055456cf05268def850	424	MobiDBLite	mobidb-lite	consensus disorder prediction	123	147	-	T	26-06-2023	-	-
QPLN01000011.1_43	2628fd57a60cc055456cf05268def850	424	MobiDBLite	mobidb-lite	consensus disorder prediction	248	294	-	T	26-06-2023	-	-
QPLN01000011.1_43	2628fd57a60cc055456cf05268def850	424	MobiDBLite	mobidb-lite	consensus disorder prediction	206	220	-	T	26-06-2023	-	-
QPLN01000011.1_43	2628fd57a60cc055456cf05268def850	424	MobiDBLite	mobidb-lite	consensus disorder prediction	123	140	-	T	26-06-2023	-	-
QPLN01000011.1_60	f31fa6a6a82d3c72ac171d4a89c69dc7	321	Coils	Coil	Coil	24	58	-	T	26-06-2023	-	-
QPLN01000011.1_60	f31fa6a6a82d3c72ac171d4a89c69dc7	321	MobiDBLite	mobidb-lite	consensus disorder prediction	278	321	-	T	26-06-2023	-	-
QPLN01000011.1_60	f31fa6a6a82d3c72ac171d4a89c69dc7	321	Pfam	PF07716	Basic region leucine zipper	25	51	8.6E-5	T	26-06-2023	IPR004827	Basic-leucine zipper domain
QPLN01000011.1_60	f31fa6a6a82d3c72ac171d4a89c69dc7	321	CDD	cd14686	bZIP	21	53	6.52686E-4	T	26-06-2023	-	-
QPLN01000011.1_60	f31fa6a6a82d3c72ac171d4a89c69dc7	321	MobiDBLite	mobidb-lite	consensus disorder prediction	278	293	-	T	26-06-2023	-	-
QPLN01000011.1_38	95fa7b008b6db2239d1cd34ef52c06fb	143	Coils	Coil	Coil	41	64	-	T	26-06-2023	-	-
QPLN01000011.1_17	a677ad51f6ccf1da0e792da5ab7af210	707	MobiDBLite	mobidb-lite	consensus disorder prediction	1	27	-	T	26-06-2023	-	-
QPLN01000011.1_17	a677ad51f6ccf1da0e792da5ab7af210	707	MobiDBLite	mobidb-lite	consensus disorder prediction	645	673	-	T	26-06-2023	-	-
QPLN01000011.1_17	a677ad51f6ccf1da0e792da5ab7af210	707	MobiDBLite	mobidb-lite	consensus disorder prediction	613	638	-	T	26-06-2023	-	-
QPLN01000011.1_17	a677ad51f6ccf1da0e792da5ab7af210	707	MobiDBLite	mobidb-lite	consensus disorder prediction	610	684	-	T	26-06-2023	-	-
QPLN01000011.1_27	adb5666b038eab81e997cb91edfc0a40	256	Gene3D	G3DSA:1.10.30.50	-	2	69	2.3E-11	T	26-06-2023	-	-
QPLN01000011.1_27	adb5666b038eab81e997cb91edfc0a40	256	CDD	cd00085	HNHc	5	46	2.76157E-9	T	26-06-2023	IPR003615	HNH nuclease
QPLN01000011.1_27	adb5666b038eab81e997cb91edfc0a40	256	SMART	SM00507	HNH_5	1	44	0.0041	T	26-06-2023	IPR003615	HNH nuclease
QPLN01000011.1_27	adb5666b038eab81e997cb91edfc0a40	256	Pfam	PF01844	HNH endonuclease	5	45	3.6E-9	T	26-06-2023	IPR002711	HNH endonuclease
QPLN01000011.1_36	9c97d941f4699b1cb8f17527417f8a48	121	MobiDBLite	mobidb-lite	consensus disorder prediction	89	121	-	T	26-06-2023	-	-
QPLN01000011.1_36	9c97d941f4699b1cb8f17527417f8a48	121	MobiDBLite	mobidb-lite	consensus disorder prediction	98	112	-	T	26-06-2023	-	-
QPLN01000011.1_68	39c07daa291edc46869f0028fe89ebd3	72	MobiDBLite	mobidb-lite	consensus disorder prediction	1	26	-	T	26-06-2023	-	-
QPLN01000011.1_31	c1c73f7e7903303d7e102164c5eb0ab2	167	PIRSF	PIRSF032209	UCP032209	2	162	1.1E-57	T	26-06-2023	IPR016992	Uncharacterised conserved protein UCP032209
QPLN01000011.1_31	c1c73f7e7903303d7e102164c5eb0ab2	167	MobiDBLite	mobidb-lite	consensus disorder prediction	142	167	-	T	26-06-2023	-	-
QPLN01000011.1_31	c1c73f7e7903303d7e102164c5eb0ab2	167	Pfam	PF07799	Protein of unknown function (DUF1643)	21	150	1.1E-46	T	26-06-2023	IPR012441	Protein of unknown function DUF1643
QPLN01000011.1_62	4ec26e0736ac942acb1f01c64605bb92	92	MobiDBLite	mobidb-lite	consensus disorder prediction	8	27	-	T	26-06-2023	-	-
QPLN01000011.1_62	4ec26e0736ac942acb1f01c64605bb92	92	MobiDBLite	mobidb-lite	consensus disorder prediction	1	27	-	T	26-06-2023	-	-
QPLN01000011.1_24	575b4b17ca14c6ca0b7913aa819afc3d	127	Gene3D	G3DSA:1.10.150.20	-	66	126	3.8E-6	T	26-06-2023	-	-
QPLN01000011.1_24	575b4b17ca14c6ca0b7913aa819afc3d	127	MobiDBLite	mobidb-lite	consensus disorder prediction	108	127	-	T	26-06-2023	-	-
QPLN01000011.1_24	575b4b17ca14c6ca0b7913aa819afc3d	127	SUPERFAMILY	SSF47781	RuvA domain 2-like	74	123	3.11E-6	T	26-06-2023	IPR010994	RuvA domain 2-like
QPLN01000011.1_28	703cfb51c4a3f357759c877b3317f863	133	MobiDBLite	mobidb-lite	consensus disorder prediction	41	76	-	T	26-06-2023	-	-
QPLN01000011.1_63	f0c91719f829773d0b5d75dc73f9ee92	105	MobiDBLite	mobidb-lite	consensus disorder prediction	67	92	-	T	26-06-2023	-	-
QPLN01000011.1_63	f0c91719f829773d0b5d75dc73f9ee92	105	MobiDBLite	mobidb-lite	consensus disorder prediction	18	38	-	T	26-06-2023	-	-
QPLN01000011.1_3	45468e889fda61cdc4b23f565a53757e	531	SUPERFAMILY	SSF52743	Subtilisin-like	190	489	1.44E-49	T	26-06-2023	IPR036852	Peptidase S8/S53 domain superfamily
QPLN01000011.1_3	45468e889fda61cdc4b23f565a53757e	531	Pfam	PF00082	Subtilase family	198	472	1.3E-37	T	26-06-2023	IPR000209	Peptidase S8/S53 domain
QPLN01000011.1_3	45468e889fda61cdc4b23f565a53757e	531	ProSitePatterns	PS00138	Serine proteases, subtilase family, serine active site.	430	440	-	T	26-06-2023	IPR023828	Peptidase S8, subtilisin, Ser-active site
QPLN01000011.1_3	45468e889fda61cdc4b23f565a53757e	531	PRINTS	PR00723	Subtilisin serine protease family (S8) signature	198	217	4.0E-13	T	26-06-2023	IPR015500	Peptidase S8, subtilisin-related
QPLN01000011.1_3	45468e889fda61cdc4b23f565a53757e	531	PRINTS	PR00723	Subtilisin serine protease family (S8) signature	242	255	4.0E-13	T	26-06-2023	IPR015500	Peptidase S8, subtilisin-related
QPLN01000011.1_3	45468e889fda61cdc4b23f565a53757e	531	PRINTS	PR00723	Subtilisin serine protease family (S8) signature	429	445	4.0E-13	T	26-06-2023	IPR015500	Peptidase S8, subtilisin-related
QPLN01000011.1_3	45468e889fda61cdc4b23f565a53757e	531	ProSitePatterns	PS00136	Serine proteases, subtilase family, aspartic acid active site.	203	214	-	T	26-06-2023	IPR023827	Peptidase S8, subtilisin, Asp-active site
QPLN01000011.1_3	45468e889fda61cdc4b23f565a53757e	531	ProSiteProfiles	PS51892	Serine proteases, subtilase domain profile.	176	489	29.590748	T	26-06-2023	-	-
QPLN01000011.1_3	45468e889fda61cdc4b23f565a53757e	531	PANTHER	PTHR43806	PEPTIDASE S8	116	475	5.6E-38	T	26-06-2023	-	-
QPLN01000011.1_3	45468e889fda61cdc4b23f565a53757e	531	ProSitePatterns	PS00137	Serine proteases, subtilase family, histidine active site.	246	256	-	T	26-06-2023	IPR022398	Peptidase S8, subtilisin, His-active site
QPLN01000011.1_3	45468e889fda61cdc4b23f565a53757e	531	Gene3D	G3DSA:3.40.50.200	Peptidase S8/S53 domain	132	495	1.1E-55	T	26-06-2023	IPR036852	Peptidase S8/S53 domain superfamily
QPLN01000011.1_3	45468e889fda61cdc4b23f565a53757e	531	MobiDBLite	mobidb-lite	consensus disorder prediction	225	246	-	T	26-06-2023	-	-
QPLN01000011.1_52	35c34235fe248f69a2cb1e43c149c92a	76	Gene3D	G3DSA:1.10.10.10	-	3	71	6.9E-8	T	26-06-2023	IPR036388	Winged helix-like DNA-binding domain superfamily
QPLN01000011.1_52	35c34235fe248f69a2cb1e43c149c92a	76	SUPERFAMILY	SSF46785	"Winged helix" DNA-binding domain	10	69	5.62E-7	T	26-06-2023	IPR036390	Winged helix DNA-binding domain superfamily
QPLN01000011.1_52	35c34235fe248f69a2cb1e43c149c92a	76	Pfam	PF09339	IclR helix-turn-helix domain	14	59	4.8E-6	T	26-06-2023	IPR005471	Transcription regulator IclR, N-terminal
QPLN01000011.1_16	11fd87f951e82df7f0b97003d5ecd7de	160	MobiDBLite	mobidb-lite	consensus disorder prediction	30	52	-	T	26-06-2023	-	-
QPLN01000011.1_16	11fd87f951e82df7f0b97003d5ecd7de	160	MobiDBLite	mobidb-lite	consensus disorder prediction	22	52	-	T	26-06-2023	-	-
QPLN01000011.1_16	11fd87f951e82df7f0b97003d5ecd7de	160	Coils	Coil	Coil	21	41	-	T	26-06-2023	-	-
QPLN01000011.1_25	f326ebed524f434a8c941be41947fe65	262	MobiDBLite	mobidb-lite	consensus disorder prediction	123	169	-	T	26-06-2023	-	-
QPLN01000011.1_25	f326ebed524f434a8c941be41947fe65	262	MobiDBLite	mobidb-lite	consensus disorder prediction	97	170	-	T	26-06-2023	-	-
QPLN01000011.1_25	f326ebed524f434a8c941be41947fe65	262	MobiDBLite	mobidb-lite	consensus disorder prediction	97	122	-	T	26-06-2023	-	-
QPLN01000011.1_1	53c0d1d303d024c3bbb0977680f0aab4	569	MobiDBLite	mobidb-lite	consensus disorder prediction	546	569	-	T	26-06-2023	-	-
QPLN01000011.1_39	1a0bc806043c7a51484afc6334bc931a	239	Pfam	PF13508	Acetyltransferase (GNAT) domain	70	172	1.3E-6	T	26-06-2023	IPR000182	GNAT domain
QPLN01000011.1_39	1a0bc806043c7a51484afc6334bc931a	239	SUPERFAMILY	SSF55729	Acyl-CoA N-acyltransferases (Nat)	17	184	7.89E-19	T	26-06-2023	IPR016181	Acyl-CoA N-acyltransferase
QPLN01000011.1_39	1a0bc806043c7a51484afc6334bc931a	239	CDD	cd04301	NAT_SF	109	145	1.00458E-6	T	26-06-2023	-	-
QPLN01000011.1_39	1a0bc806043c7a51484afc6334bc931a	239	Gene3D	G3DSA:3.40.630.30	-	16	192	1.3E-17	T	26-06-2023	-	-
QPLN01000011.1_39	1a0bc806043c7a51484afc6334bc931a	239	ProSiteProfiles	PS51186	Gcn5-related N-acetyltransferase (GNAT) domain profile.	15	196	14.786795	T	26-06-2023	IPR000182	GNAT domain
QPLN01000011.1_53	825dea1709eafab2337ab8516e9990da	432	Gene3D	G3DSA:1.10.150.130	-	117	226	2.5E-5	T	26-06-2023	IPR010998	Integrase/recombinase, N-terminal
QPLN01000011.1_53	825dea1709eafab2337ab8516e9990da	432	Pfam	PF00589	Phage integrase family	243	378	1.6E-6	T	26-06-2023	IPR002104	Integrase, catalytic domain
QPLN01000011.1_53	825dea1709eafab2337ab8516e9990da	432	ProSiteProfiles	PS51900	Core-binding (CB) domain profile.	112	213	8.721647	T	26-06-2023	IPR044068	Core-binding (CB) domain
QPLN01000011.1_53	825dea1709eafab2337ab8516e9990da	432	MobiDBLite	mobidb-lite	consensus disorder prediction	1	27	-	T	26-06-2023	-	-
QPLN01000011.1_53	825dea1709eafab2337ab8516e9990da	432	SUPERFAMILY	SSF56349	DNA breaking-rejoining enzymes	121	375	1.59E-20	T	26-06-2023	IPR011010	DNA breaking-rejoining enzyme, catalytic core
QPLN01000011.1_53	825dea1709eafab2337ab8516e9990da	432	Gene3D	G3DSA:1.10.443.10	Intergrase catalytic core	236	426	1.4E-15	T	26-06-2023	IPR013762	Integrase-like, catalytic domain superfamily
QPLN01000011.1_53	825dea1709eafab2337ab8516e9990da	432	ProSiteProfiles	PS51898	Tyrosine recombinase domain profile.	238	421	16.825241	T	26-06-2023	IPR002104	Integrase, catalytic domain
QPLN01000011.1_51	e7242334ad68691cd7e011272ef908f0	93	CDD	cd00090	HTH_ARSR	13	88	8.59361E-6	T	26-06-2023	IPR011991	ArsR-like helix-turn-helix domain
QPLN01000011.1_51	e7242334ad68691cd7e011272ef908f0	93	SUPERFAMILY	SSF46785	"Winged helix" DNA-binding domain	10	88	3.67E-10	T	26-06-2023	IPR036390	Winged helix DNA-binding domain superfamily
QPLN01000011.1_51	e7242334ad68691cd7e011272ef908f0	93	Gene3D	G3DSA:1.10.10.10	-	12	93	7.5E-9	T	26-06-2023	IPR036388	Winged helix-like DNA-binding domain superfamily
QPLN01000011.1_61	def6b720c4a6926ec7b1399b4f4b2ad3	102	MobiDBLite	mobidb-lite	consensus disorder prediction	1	25	-	T	26-06-2023	-	-
QPLN01000011.1_61	def6b720c4a6926ec7b1399b4f4b2ad3	102	MobiDBLite	mobidb-lite	consensus disorder prediction	1	16	-	T	26-06-2023	-	-
QPLN01000011.1_72	f17417c1df441c8c7adc277b12fed75f	332	Coils	Coil	Coil	243	263	-	T	26-06-2023	-	-
QPLN01000011.1_72	f17417c1df441c8c7adc277b12fed75f	332	SUPERFAMILY	SSF52540	P-loop containing nucleoside triphosphate hydrolases	2	244	4.04E-38	T	26-06-2023	IPR027417	P-loop containing nucleoside triphosphate hydrolase
QPLN01000011.1_72	f17417c1df441c8c7adc277b12fed75f	332	SMART	SM00382	AAA_5	39	181	2.1E-10	T	26-06-2023	IPR003593	AAA+ ATPase domain
QPLN01000011.1_72	f17417c1df441c8c7adc277b12fed75f	332	Pfam	PF13401	AAA domain	39	155	3.3E-12	T	26-06-2023	IPR003593	AAA+ ATPase domain
QPLN01000011.1_72	f17417c1df441c8c7adc277b12fed75f	332	Gene3D	G3DSA:1.10.8.60	-	7	258	8.9E-52	T	26-06-2023	-	-
QPLN01000011.1_72	f17417c1df441c8c7adc277b12fed75f	332	Gene3D	G3DSA:3.40.50.300	-	17	181	8.9E-52	T	26-06-2023	IPR027417	P-loop containing nucleoside triphosphate hydrolase
QPLN01000011.1_72	f17417c1df441c8c7adc277b12fed75f	332	PANTHER	PTHR10763	CELL DIVISION CONTROL PROTEIN 6-RELATED	6	249	1.0E-24	T	26-06-2023	-	-
QPLN01000011.1_2	fb56a9b4f8b01afd8184f46847ed55af	1283	Coils	Coil	Coil	888	908	-	T	26-06-2023	-	-
QPLN01000011.1_2	fb56a9b4f8b01afd8184f46847ed55af	1283	MobiDBLite	mobidb-lite	consensus disorder prediction	490	517	-	T	26-06-2023	-	-
QPLN01000011.1_2	fb56a9b4f8b01afd8184f46847ed55af	1283	Coils	Coil	Coil	468	488	-	T	26-06-2023	-	-
QPLN01000011.1_65	b6bc8ebf040f09ebc79a1b8bba5a88fc	71	MobiDBLite	mobidb-lite	consensus disorder prediction	44	71	-	T	26-06-2023	-	-
QPLN01000011.1_55	947cf59d00150c54ab877b92fe52256d	134	MobiDBLite	mobidb-lite	consensus disorder prediction	1	26	-	T	26-06-2023	-	-
QPLN01000011.1_55	947cf59d00150c54ab877b92fe52256d	134	MobiDBLite	mobidb-lite	consensus disorder prediction	1	34	-	T	26-06-2023	-	-
QPLN01000011.1_21	5a3818b2c3a56e3d2f39509958f9e185	323	MobiDBLite	mobidb-lite	consensus disorder prediction	292	323	-	T	26-06-2023	-	-
QPLN01000011.1_21	5a3818b2c3a56e3d2f39509958f9e185	323	Coils	Coil	Coil	242	283	-	T	26-06-2023	-	-
QPLN01000011.1_71	9a7400b3010f8225ea72b401e7703ebe	103	MobiDBLite	mobidb-lite	consensus disorder prediction	83	103	-	T	26-06-2023	-	-
QPLN01000011.1_71	9a7400b3010f8225ea72b401e7703ebe	103	SUPERFAMILY	SSF46785	"Winged helix" DNA-binding domain	23	80	5.28E-5	T	26-06-2023	IPR036390	Winged helix DNA-binding domain superfamily
QPLN01000011.1_71	9a7400b3010f8225ea72b401e7703ebe	103	Gene3D	G3DSA:1.10.10.10	-	2	92	6.1E-15	T	26-06-2023	IPR036388	Winged helix-like DNA-binding domain superfamily
QPLN01000011.1_59	5f18ea7026a05acadf40bbe6e80bb4cb	168	MobiDBLite	mobidb-lite	consensus disorder prediction	11	34	-	T	26-06-2023	-	-
QPLN01000011.1_59	5f18ea7026a05acadf40bbe6e80bb4cb	168	Coils	Coil	Coil	100	120	-	T	26-06-2023	-	-
QPLN01000011.1_59	5f18ea7026a05acadf40bbe6e80bb4cb	168	Coils	Coil	Coil	134	154	-	T	26-06-2023	-	-
QPLN01000011.1_59	5f18ea7026a05acadf40bbe6e80bb4cb	168	MobiDBLite	mobidb-lite	consensus disorder prediction	1	41	-	T	26-06-2023	-	-
QPLN01000011.1_59	5f18ea7026a05acadf40bbe6e80bb4cb	168	Gene3D	G3DSA:1.10.10.10	-	93	167	4.1E-21	T	26-06-2023	IPR036388	Winged helix-like DNA-binding domain superfamily
QPLN01000011.1_59	5f18ea7026a05acadf40bbe6e80bb4cb	168	Coils	Coil	Coil	7	38	-	T	26-06-2023	-	-
QPLN01000011.1_19	2d991789470f714148f04c731186a0b8	423	Gene3D	G3DSA:3.40.50.410	von Willebrand factor, type A domain	251	418	8.8E-13	T	26-06-2023	IPR036465	von Willebrand factor A-like domain superfamily
QPLN01000011.1_19	2d991789470f714148f04c731186a0b8	423	MobiDBLite	mobidb-lite	consensus disorder prediction	194	216	-	T	26-06-2023	-	-
QPLN01000011.1_19	2d991789470f714148f04c731186a0b8	423	MobiDBLite	mobidb-lite	consensus disorder prediction	1	166	-	T	26-06-2023	-	-
QPLN01000011.1_19	2d991789470f714148f04c731186a0b8	423	MobiDBLite	mobidb-lite	consensus disorder prediction	44	91	-	T	26-06-2023	-	-
QPLN01000011.1_19	2d991789470f714148f04c731186a0b8	423	MobiDBLite	mobidb-lite	consensus disorder prediction	145	166	-	T	26-06-2023	-	-
QPLN01000011.1_19	2d991789470f714148f04c731186a0b8	423	SUPERFAMILY	SSF53300	vWA-like	249	415	1.75E-11	T	26-06-2023	IPR036465	von Willebrand factor A-like domain superfamily
QPLN01000011.1_19	2d991789470f714148f04c731186a0b8	423	MobiDBLite	mobidb-lite	consensus disorder prediction	101	119	-	T	26-06-2023	-	-
QPLN01000011.1_79	d75dfc061042495f7f56618f45419d21	197	MobiDBLite	mobidb-lite	consensus disorder prediction	1	63	-	T	26-06-2023	-	-
QPLN01000011.1_79	d75dfc061042495f7f56618f45419d21	197	MobiDBLite	mobidb-lite	consensus disorder prediction	30	63	-	T	26-06-2023	-	-
QPLN01000011.1_79	d75dfc061042495f7f56618f45419d21	197	MobiDBLite	mobidb-lite	consensus disorder prediction	1	20	-	T	26-06-2023	-	-
