SJER01000008.1_29	dcab48ad547e09dbebf94c1d1cd65279	102	Coils	Coil	Coil	70	97	-	T	26-06-2023	-	-
SJER01000008.1_29	dcab48ad547e09dbebf94c1d1cd65279	102	Coils	Coil	Coil	31	51	-	T	26-06-2023	-	-
SJER01000008.1_124	cee8ca3c61ce72994adfb4d3279576b3	127	MobiDBLite	mobidb-lite	consensus disorder prediction	79	101	-	T	26-06-2023	-	-
SJER01000008.1_124	cee8ca3c61ce72994adfb4d3279576b3	127	Pfam	PF07790	Archaeal Type IV pilin, N-terminal	13	68	1.9E-15	T	26-06-2023	IPR012859	Archaeal Type IV pilin, N-terminal
SJER01000008.1_124	cee8ca3c61ce72994adfb4d3279576b3	127	NCBIfam	TIGR02537	archaeal flagellin N-terminal-like domain	12	35	7.1E-7	T	26-06-2023	IPR013373	Flagellin/pilin, N-terminal site, archaea
SJER01000008.1_124	cee8ca3c61ce72994adfb4d3279576b3	127	MobiDBLite	mobidb-lite	consensus disorder prediction	76	101	-	T	26-06-2023	-	-
SJER01000008.1_20	53a70be3827f97951214b12ea01f8691	122	MobiDBLite	mobidb-lite	consensus disorder prediction	1	22	-	T	26-06-2023	-	-
SJER01000008.1_96	7c74d8c3836a631916f37526c0bb478a	122	Gene3D	G3DSA:1.10.10.10	-	37	120	3.8E-8	T	26-06-2023	IPR036388	Winged helix-like DNA-binding domain superfamily
SJER01000008.1_96	7c74d8c3836a631916f37526c0bb478a	122	MobiDBLite	mobidb-lite	consensus disorder prediction	1	24	-	T	26-06-2023	-	-
SJER01000008.1_96	7c74d8c3836a631916f37526c0bb478a	122	SUPERFAMILY	SSF46785	"Winged helix" DNA-binding domain	42	100	3.91E-9	T	26-06-2023	IPR036390	Winged helix DNA-binding domain superfamily
SJER01000008.1_96	7c74d8c3836a631916f37526c0bb478a	122	CDD	cd00090	HTH_ARSR	35	110	2.44674E-8	T	26-06-2023	IPR011991	ArsR-like helix-turn-helix domain
SJER01000008.1_96	7c74d8c3836a631916f37526c0bb478a	122	Pfam	PF13545	Crp-like helix-turn-helix domain	53	84	2.7E-6	T	26-06-2023	IPR012318	Crp-type HTH domain
SJER01000008.1_105	c1842522685e095d34e071d85ec1d6fc	395	CDD	cd08768	Cdc6_C	295	381	9.30358E-20	T	26-06-2023	IPR015163	Cdc6, C-terminal
SJER01000008.1_105	c1842522685e095d34e071d85ec1d6fc	395	Gene3D	G3DSA:1.10.8.60	-	10	284	1.7E-89	T	26-06-2023	-	-
SJER01000008.1_105	c1842522685e095d34e071d85ec1d6fc	395	Pfam	PF09079	CDC6, C terminal winged helix domain	302	384	6.3E-15	T	26-06-2023	IPR015163	Cdc6, C-terminal
SJER01000008.1_105	c1842522685e095d34e071d85ec1d6fc	395	SMART	SM01074	Cdc6_C_2	302	385	1.2E-13	T	26-06-2023	IPR015163	Cdc6, C-terminal
SJER01000008.1_105	c1842522685e095d34e071d85ec1d6fc	395	FunFam	G3DSA:1.10.8.60:FF:000073	ORC1-type DNA replication protein	193	285	5.1E-25	T	26-06-2023	-	-
SJER01000008.1_105	c1842522685e095d34e071d85ec1d6fc	395	SUPERFAMILY	SSF46785	"Winged helix" DNA-binding domain	287	394	1.47E-18	T	26-06-2023	IPR036390	Winged helix DNA-binding domain superfamily
SJER01000008.1_105	c1842522685e095d34e071d85ec1d6fc	395	CDD	cd00009	AAA	27	206	1.56391E-6	T	26-06-2023	-	-
SJER01000008.1_105	c1842522685e095d34e071d85ec1d6fc	395	Hamap	MF_01407	ORC1-type DNA replication protein.	3	385	27.948145	T	26-06-2023	IPR014277	Orc1/Cdc6-type DNA replication protein, archaea
SJER01000008.1_105	c1842522685e095d34e071d85ec1d6fc	395	SUPERFAMILY	SSF52540	P-loop containing nucleoside triphosphate hydrolases	11	278	1.07E-38	T	26-06-2023	IPR027417	P-loop containing nucleoside triphosphate hydrolase
SJER01000008.1_105	c1842522685e095d34e071d85ec1d6fc	395	Gene3D	G3DSA:1.10.10.10	-	294	395	1.3E-21	T	26-06-2023	IPR036388	Winged helix-like DNA-binding domain superfamily
SJER01000008.1_105	c1842522685e095d34e071d85ec1d6fc	395	PANTHER	PTHR10763	CELL DIVISION CONTROL PROTEIN 6-RELATED	8	392	2.0E-49	T	26-06-2023	-	-
SJER01000008.1_105	c1842522685e095d34e071d85ec1d6fc	395	Gene3D	G3DSA:3.40.50.300	-	26	206	1.7E-89	T	26-06-2023	IPR027417	P-loop containing nucleoside triphosphate hydrolase
SJER01000008.1_105	c1842522685e095d34e071d85ec1d6fc	395	Pfam	PF13401	AAA domain	50	179	4.6E-10	T	26-06-2023	IPR003593	AAA+ ATPase domain
SJER01000008.1_105	c1842522685e095d34e071d85ec1d6fc	395	NCBIfam	TIGR02928	orc1/cdc6 family replication initiation protein	10	374	1.2E-117	T	26-06-2023	IPR014277	Orc1/Cdc6-type DNA replication protein, archaea
SJER01000008.1_105	c1842522685e095d34e071d85ec1d6fc	395	SMART	SM00382	AAA_5	48	208	3.7E-4	T	26-06-2023	IPR003593	AAA+ ATPase domain
SJER01000008.1_130	ad00da89138e76932e441acb6bbfc122	221	SUPERFAMILY	SSF53335	S-adenosyl-L-methionine-dependent methyltransferases	48	202	5.69E-11	T	26-06-2023	IPR029063	S-adenosyl-L-methionine-dependent methyltransferase superfamily
SJER01000008.1_130	ad00da89138e76932e441acb6bbfc122	221	Gene3D	G3DSA:3.40.50.150	Vaccinia Virus protein VP39	39	166	1.0E-10	T	26-06-2023	IPR029063	S-adenosyl-L-methionine-dependent methyltransferase superfamily
SJER01000008.1_130	ad00da89138e76932e441acb6bbfc122	221	Pfam	PF05050	Methyltransferase FkbM domain	147	199	7.3E-5	T	26-06-2023	IPR006342	Methyltransferase FkbM
SJER01000008.1_117	213b683880606884c99c77a4cea1baca	42	MobiDBLite	mobidb-lite	consensus disorder prediction	1	22	-	T	26-06-2023	-	-
SJER01000008.1_126	ebd18aa0d917bd1a8d8cb7d48d0f9eda	205	MobiDBLite	mobidb-lite	consensus disorder prediction	1	50	-	T	26-06-2023	-	-
SJER01000008.1_126	ebd18aa0d917bd1a8d8cb7d48d0f9eda	205	MobiDBLite	mobidb-lite	consensus disorder prediction	24	50	-	T	26-06-2023	-	-
SJER01000008.1_126	ebd18aa0d917bd1a8d8cb7d48d0f9eda	205	MobiDBLite	mobidb-lite	consensus disorder prediction	80	100	-	T	26-06-2023	-	-
SJER01000008.1_126	ebd18aa0d917bd1a8d8cb7d48d0f9eda	205	MobiDBLite	mobidb-lite	consensus disorder prediction	1	23	-	T	26-06-2023	-	-
SJER01000008.1_126	ebd18aa0d917bd1a8d8cb7d48d0f9eda	205	MobiDBLite	mobidb-lite	consensus disorder prediction	80	103	-	T	26-06-2023	-	-
SJER01000008.1_25	8f37602d398729428ca6b61d337416d3	133	MobiDBLite	mobidb-lite	consensus disorder prediction	105	119	-	T	26-06-2023	-	-
SJER01000008.1_25	8f37602d398729428ca6b61d337416d3	133	MobiDBLite	mobidb-lite	consensus disorder prediction	1	19	-	T	26-06-2023	-	-
SJER01000008.1_25	8f37602d398729428ca6b61d337416d3	133	MobiDBLite	mobidb-lite	consensus disorder prediction	1	35	-	T	26-06-2023	-	-
SJER01000008.1_25	8f37602d398729428ca6b61d337416d3	133	MobiDBLite	mobidb-lite	consensus disorder prediction	105	133	-	T	26-06-2023	-	-
SJER01000008.1_54	bef6f88ac170fd6fab27bc97803d0386	224	CDD	cd04301	NAT_SF	107	148	6.05049E-8	T	26-06-2023	-	-
SJER01000008.1_54	bef6f88ac170fd6fab27bc97803d0386	224	Gene3D	G3DSA:3.40.630.30	-	56	186	1.3E-13	T	26-06-2023	-	-
SJER01000008.1_54	bef6f88ac170fd6fab27bc97803d0386	224	SUPERFAMILY	SSF55729	Acyl-CoA N-acyltransferases (Nat)	23	180	4.8E-16	T	26-06-2023	IPR016181	Acyl-CoA N-acyltransferase
SJER01000008.1_54	bef6f88ac170fd6fab27bc97803d0386	224	ProSiteProfiles	PS51186	Gcn5-related N-acetyltransferase (GNAT) domain profile.	16	208	11.811225	T	26-06-2023	IPR000182	GNAT domain
SJER01000008.1_54	bef6f88ac170fd6fab27bc97803d0386	224	Pfam	PF00583	Acetyltransferase (GNAT) family	64	166	3.0E-8	T	26-06-2023	IPR000182	GNAT domain
SJER01000008.1_104	b8023c57516b6596a452920436c950a8	340	Gene3D	G3DSA:1.10.8.60	-	7	253	2.0E-44	T	26-06-2023	-	-
SJER01000008.1_104	b8023c57516b6596a452920436c950a8	340	PANTHER	PTHR10763	CELL DIVISION CONTROL PROTEIN 6-RELATED	6	266	1.0E-23	T	26-06-2023	-	-
SJER01000008.1_104	b8023c57516b6596a452920436c950a8	340	SMART	SM00382	AAA_5	38	185	3.0E-4	T	26-06-2023	IPR003593	AAA+ ATPase domain
SJER01000008.1_104	b8023c57516b6596a452920436c950a8	340	Gene3D	G3DSA:3.40.50.300	-	16	183	2.0E-44	T	26-06-2023	IPR027417	P-loop containing nucleoside triphosphate hydrolase
SJER01000008.1_104	b8023c57516b6596a452920436c950a8	340	SUPERFAMILY	SSF52540	P-loop containing nucleoside triphosphate hydrolases	14	233	2.01E-27	T	26-06-2023	IPR027417	P-loop containing nucleoside triphosphate hydrolase
SJER01000008.1_104	b8023c57516b6596a452920436c950a8	340	Pfam	PF13401	AAA domain	42	154	4.2E-11	T	26-06-2023	IPR003593	AAA+ ATPase domain
SJER01000008.1_141	63a0e5263b4d9734b02481695664f9e6	386	MobiDBLite	mobidb-lite	consensus disorder prediction	345	386	-	T	26-06-2023	-	-
SJER01000008.1_141	63a0e5263b4d9734b02481695664f9e6	386	Coils	Coil	Coil	265	299	-	T	26-06-2023	-	-
SJER01000008.1_70	b575378f1796303ed981ef24b0ae80a3	86	MobiDBLite	mobidb-lite	consensus disorder prediction	1	45	-	T	26-06-2023	-	-
SJER01000008.1_70	b575378f1796303ed981ef24b0ae80a3	86	MobiDBLite	mobidb-lite	consensus disorder prediction	17	45	-	T	26-06-2023	-	-
SJER01000008.1_112	51fa2701caaac73cc3c059c82ab7a35b	260	Coils	Coil	Coil	18	59	-	T	26-06-2023	-	-
SJER01000008.1_58	45ca909e3e5f734d23b15bed685dda1a	107	Coils	Coil	Coil	71	91	-	T	26-06-2023	-	-
SJER01000008.1_58	45ca909e3e5f734d23b15bed685dda1a	107	MobiDBLite	mobidb-lite	consensus disorder prediction	67	107	-	T	26-06-2023	-	-
SJER01000008.1_91	e6b796d9d65126493f2363eeff07c3bf	170	Gene3D	G3DSA:1.10.10.10	-	44	141	2.8E-5	T	26-06-2023	IPR036388	Winged helix-like DNA-binding domain superfamily
SJER01000008.1_134	44f15bbfe998a4919c79aa62df2038c8	62	MobiDBLite	mobidb-lite	consensus disorder prediction	16	34	-	T	26-06-2023	-	-
SJER01000008.1_134	44f15bbfe998a4919c79aa62df2038c8	62	MobiDBLite	mobidb-lite	consensus disorder prediction	1	34	-	T	26-06-2023	-	-
SJER01000008.1_134	44f15bbfe998a4919c79aa62df2038c8	62	MobiDBLite	mobidb-lite	consensus disorder prediction	1	15	-	T	26-06-2023	-	-
SJER01000008.1_45	0ed9e34797d8490ced525ac450914bcd	172	ProSiteProfiles	PS50966	Zinc finger SWIM-type profile.	62	96	9.297277	T	26-06-2023	IPR007527	Zinc finger, SWIM-type
SJER01000008.1_78	998d2b5aeb0ab556be39e1db17b10c7a	121	MobiDBLite	mobidb-lite	consensus disorder prediction	1	23	-	T	26-06-2023	-	-
SJER01000008.1_78	998d2b5aeb0ab556be39e1db17b10c7a	121	MobiDBLite	mobidb-lite	consensus disorder prediction	1	16	-	T	26-06-2023	-	-
SJER01000008.1_161	fec1c0efbaac52ba094f729b940f9df4	302	MobiDBLite	mobidb-lite	consensus disorder prediction	11	34	-	T	26-06-2023	-	-
SJER01000008.1_161	fec1c0efbaac52ba094f729b940f9df4	302	MobiDBLite	mobidb-lite	consensus disorder prediction	1	34	-	T	26-06-2023	-	-
SJER01000008.1_16	fec1c0efbaac52ba094f729b940f9df4	302	MobiDBLite	mobidb-lite	consensus disorder prediction	11	34	-	T	26-06-2023	-	-
SJER01000008.1_16	fec1c0efbaac52ba094f729b940f9df4	302	MobiDBLite	mobidb-lite	consensus disorder prediction	1	34	-	T	26-06-2023	-	-
SJER01000008.1_39	f1ad4aeba1e20cef79b445ab4583d572	127	MobiDBLite	mobidb-lite	consensus disorder prediction	38	53	-	T	26-06-2023	-	-
SJER01000008.1_39	f1ad4aeba1e20cef79b445ab4583d572	127	MobiDBLite	mobidb-lite	consensus disorder prediction	89	127	-	T	26-06-2023	-	-
SJER01000008.1_39	f1ad4aeba1e20cef79b445ab4583d572	127	MobiDBLite	mobidb-lite	consensus disorder prediction	36	61	-	T	26-06-2023	-	-
SJER01000008.1_49	ebdffdfd717783ffc7f5101ab21d0091	147	MobiDBLite	mobidb-lite	consensus disorder prediction	1	81	-	T	26-06-2023	-	-
SJER01000008.1_49	ebdffdfd717783ffc7f5101ab21d0091	147	MobiDBLite	mobidb-lite	consensus disorder prediction	1	19	-	T	26-06-2023	-	-
SJER01000008.1_49	ebdffdfd717783ffc7f5101ab21d0091	147	MobiDBLite	mobidb-lite	consensus disorder prediction	20	44	-	T	26-06-2023	-	-
SJER01000008.1_31	b76fa0ccd20d460271772ca265bfedcd	419	Coils	Coil	Coil	350	370	-	T	26-06-2023	-	-
SJER01000008.1_31	b76fa0ccd20d460271772ca265bfedcd	419	Gene3D	G3DSA:3.40.50.300	-	21	332	1.2E-42	T	26-06-2023	IPR027417	P-loop containing nucleoside triphosphate hydrolase
SJER01000008.1_31	b76fa0ccd20d460271772ca265bfedcd	419	MobiDBLite	mobidb-lite	consensus disorder prediction	1	27	-	T	26-06-2023	-	-
SJER01000008.1_31	b76fa0ccd20d460271772ca265bfedcd	419	ProSiteProfiles	PS50051	MCM family domain profile.	55	232	19.72929	T	26-06-2023	IPR001208	MCM domain
SJER01000008.1_31	b76fa0ccd20d460271772ca265bfedcd	419	SUPERFAMILY	SSF52540	P-loop containing nucleoside triphosphate hydrolases	133	320	9.86E-6	T	26-06-2023	IPR027417	P-loop containing nucleoside triphosphate hydrolase
SJER01000008.1_31	b76fa0ccd20d460271772ca265bfedcd	419	PANTHER	PTHR11630	DNA REPLICATION LICENSING FACTOR MCM FAMILY MEMBER	23	376	6.0E-34	T	26-06-2023	IPR031327	Mini-chromosome maintenance protein
SJER01000008.1_31	b76fa0ccd20d460271772ca265bfedcd	419	Pfam	PF00493	MCM P-loop domain	28	233	1.6E-22	T	26-06-2023	IPR001208	MCM domain
SJER01000008.1_31	b76fa0ccd20d460271772ca265bfedcd	419	Gene3D	G3DSA:1.10.10.10	-	333	418	3.3E-20	T	26-06-2023	IPR036388	Winged helix-like DNA-binding domain superfamily
SJER01000008.1_31	b76fa0ccd20d460271772ca265bfedcd	419	Pfam	PF17855	MCM AAA-lid domain	244	324	1.0E-9	T	26-06-2023	IPR041562	MCM, AAA-lid domain
SJER01000008.1_34	3e82d91f62b14b739ed0acc611ea00c8	227	MobiDBLite	mobidb-lite	consensus disorder prediction	200	227	-	T	26-06-2023	-	-
SJER01000008.1_34	3e82d91f62b14b739ed0acc611ea00c8	227	MobiDBLite	mobidb-lite	consensus disorder prediction	1	30	-	T	26-06-2023	-	-
SJER01000008.1_41	24f39ac113d62c0a514bc57738eb2be0	170	MobiDBLite	mobidb-lite	consensus disorder prediction	1	29	-	T	26-06-2023	-	-
SJER01000008.1_41	24f39ac113d62c0a514bc57738eb2be0	170	MobiDBLite	mobidb-lite	consensus disorder prediction	1	32	-	T	26-06-2023	-	-
SJER01000008.1_94	cba01ac96ca2ad0111bc0bc4b6cd50b8	125	Gene3D	G3DSA:1.10.10.10	-	28	110	1.5E-6	T	26-06-2023	IPR036388	Winged helix-like DNA-binding domain superfamily
SJER01000008.1_94	cba01ac96ca2ad0111bc0bc4b6cd50b8	125	SUPERFAMILY	SSF46785	"Winged helix" DNA-binding domain	38	100	1.77E-8	T	26-06-2023	IPR036390	Winged helix DNA-binding domain superfamily
SJER01000008.1_66	ac834744778e7edc09f47ded3bcfb238	111	Gene3D	G3DSA:1.10.10.10	-	1	101	7.8E-6	T	26-06-2023	IPR036388	Winged helix-like DNA-binding domain superfamily
SJER01000008.1_127	2823ab85d52f02c644985a12f037b62b	1577	Coils	Coil	Coil	1076	1096	-	T	26-06-2023	-	-
SJER01000008.1_127	2823ab85d52f02c644985a12f037b62b	1577	Coils	Coil	Coil	747	781	-	T	26-06-2023	-	-
SJER01000008.1_127	2823ab85d52f02c644985a12f037b62b	1577	Pfam	PF13620	Carboxypeptidase regulatory-like domain	376	452	2.9E-13	T	26-06-2023	-	-
SJER01000008.1_127	2823ab85d52f02c644985a12f037b62b	1577	SUPERFAMILY	SSF49464	Carboxypeptidase regulatory domain-like	376	453	4.51E-13	T	26-06-2023	IPR008969	Carboxypeptidase-like, regulatory domain superfamily
SJER01000008.1_127	2823ab85d52f02c644985a12f037b62b	1577	Gene3D	G3DSA:2.60.40.1120	-	376	457	2.9E-13	T	26-06-2023	-	-
SJER01000008.1_127	2823ab85d52f02c644985a12f037b62b	1577	Gene3D	G3DSA:2.60.40.1120	-	458	536	2.6E-7	T	26-06-2023	-	-
SJER01000008.1_127	2823ab85d52f02c644985a12f037b62b	1577	SUPERFAMILY	SSF49452	Starch-binding domain-like	454	534	2.35E-7	T	26-06-2023	IPR013784	Carbohydrate-binding-like fold
SJER01000008.1_127	2823ab85d52f02c644985a12f037b62b	1577	MobiDBLite	mobidb-lite	consensus disorder prediction	172	191	-	T	26-06-2023	-	-
SJER01000008.1_128	47ea54f1b95125bbcda421944255be6b	543	Pfam	PF00082	Subtilase family	244	489	2.6E-38	T	26-06-2023	IPR000209	Peptidase S8/S53 domain
SJER01000008.1_128	47ea54f1b95125bbcda421944255be6b	543	PANTHER	PTHR43806	PEPTIDASE S8	41	491	2.9E-40	T	26-06-2023	-	-
SJER01000008.1_128	47ea54f1b95125bbcda421944255be6b	543	ProSiteProfiles	PS51892	Serine proteases, subtilase domain profile.	187	497	30.700008	T	26-06-2023	-	-
SJER01000008.1_128	47ea54f1b95125bbcda421944255be6b	543	PRINTS	PR00723	Subtilisin serine protease family (S8) signature	203	222	4.7E-8	T	26-06-2023	IPR015500	Peptidase S8, subtilisin-related
SJER01000008.1_128	47ea54f1b95125bbcda421944255be6b	543	PRINTS	PR00723	Subtilisin serine protease family (S8) signature	259	272	4.7E-8	T	26-06-2023	IPR015500	Peptidase S8, subtilisin-related
SJER01000008.1_128	47ea54f1b95125bbcda421944255be6b	543	PRINTS	PR00723	Subtilisin serine protease family (S8) signature	439	455	4.7E-8	T	26-06-2023	IPR015500	Peptidase S8, subtilisin-related
SJER01000008.1_128	47ea54f1b95125bbcda421944255be6b	543	Gene3D	G3DSA:3.40.50.200	Peptidase S8/S53 domain	163	505	5.3E-57	T	26-06-2023	IPR036852	Peptidase S8/S53 domain superfamily
SJER01000008.1_128	47ea54f1b95125bbcda421944255be6b	543	SUPERFAMILY	SSF52743	Subtilisin-like	193	498	3.53E-56	T	26-06-2023	IPR036852	Peptidase S8/S53 domain superfamily
SJER01000008.1_147	a03a61fa30048a9aacfcfc742607e147	102	MobiDBLite	mobidb-lite	consensus disorder prediction	78	102	-	T	26-06-2023	-	-
SJER01000008.1_2	a03a61fa30048a9aacfcfc742607e147	102	MobiDBLite	mobidb-lite	consensus disorder prediction	78	102	-	T	26-06-2023	-	-
SJER01000008.1_64	77d08518b26e003037e2421e06571763	68	MobiDBLite	mobidb-lite	consensus disorder prediction	38	68	-	T	26-06-2023	-	-
SJER01000008.1_64	77d08518b26e003037e2421e06571763	68	MobiDBLite	mobidb-lite	consensus disorder prediction	42	68	-	T	26-06-2023	-	-
SJER01000008.1_140	1faa1b08202ba1551ba9ceba47cef290	248	MobiDBLite	mobidb-lite	consensus disorder prediction	197	248	-	T	26-06-2023	-	-
SJER01000008.1_81	4d33e292023d0b868f142bab45a49325	221	Coils	Coil	Coil	73	93	-	T	26-06-2023	-	-
SJER01000008.1_28	7396a61c66d8d4026c5ed777d751b6dc	86	MobiDBLite	mobidb-lite	consensus disorder prediction	1	22	-	T	26-06-2023	-	-
SJER01000008.1_113	80dc1bd9c84976c3eb55b11b829f207f	187	MobiDBLite	mobidb-lite	consensus disorder prediction	69	128	-	T	26-06-2023	-	-
SJER01000008.1_113	80dc1bd9c84976c3eb55b11b829f207f	187	MobiDBLite	mobidb-lite	consensus disorder prediction	1	16	-	T	26-06-2023	-	-
SJER01000008.1_113	80dc1bd9c84976c3eb55b11b829f207f	187	MobiDBLite	mobidb-lite	consensus disorder prediction	1	30	-	T	26-06-2023	-	-
SJER01000008.1_113	80dc1bd9c84976c3eb55b11b829f207f	187	MobiDBLite	mobidb-lite	consensus disorder prediction	72	95	-	T	26-06-2023	-	-
SJER01000008.1_113	80dc1bd9c84976c3eb55b11b829f207f	187	MobiDBLite	mobidb-lite	consensus disorder prediction	168	187	-	T	26-06-2023	-	-
SJER01000008.1_67	706e6accdbfbee992d5e025b422530a4	300	Gene3D	G3DSA:1.10.1020.10	-	66	164	1.1E-30	T	26-06-2023	IPR023095	Adenine-specific methyltransferase, domain 2
SJER01000008.1_67	706e6accdbfbee992d5e025b422530a4	300	SUPERFAMILY	SSF53335	S-adenosyl-L-methionine-dependent methyltransferases	14	230	1.11E-39	T	26-06-2023	IPR029063	S-adenosyl-L-methionine-dependent methyltransferase superfamily
SJER01000008.1_67	706e6accdbfbee992d5e025b422530a4	300	Gene3D	G3DSA:3.40.50.150	Vaccinia Virus protein VP39	16	219	1.1E-30	T	26-06-2023	IPR029063	S-adenosyl-L-methionine-dependent methyltransferase superfamily
SJER01000008.1_67	706e6accdbfbee992d5e025b422530a4	300	PANTHER	PTHR30481	DNA ADENINE METHYLASE	12	275	5.1E-30	T	26-06-2023	IPR012327	D12 class N6 adenine-specific DNA methyltransferase
SJER01000008.1_67	706e6accdbfbee992d5e025b422530a4	300	PIRSF	PIRSF000398	M_m6A_EcoRV	9	278	9.3E-33	T	26-06-2023	IPR012263	Adenine modification methylase, M.EcoRV-type
SJER01000008.1_67	706e6accdbfbee992d5e025b422530a4	300	PRINTS	PR00505	D12 class N6 adenine-specific DNA methyltransferase signature	18	34	7.1E-10	T	26-06-2023	IPR012327	D12 class N6 adenine-specific DNA methyltransferase
SJER01000008.1_67	706e6accdbfbee992d5e025b422530a4	300	PRINTS	PR00505	D12 class N6 adenine-specific DNA methyltransferase signature	39	53	7.1E-10	T	26-06-2023	IPR012327	D12 class N6 adenine-specific DNA methyltransferase
SJER01000008.1_67	706e6accdbfbee992d5e025b422530a4	300	PRINTS	PR00505	D12 class N6 adenine-specific DNA methyltransferase signature	59	72	7.1E-10	T	26-06-2023	IPR012327	D12 class N6 adenine-specific DNA methyltransferase
SJER01000008.1_67	706e6accdbfbee992d5e025b422530a4	300	PRINTS	PR00505	D12 class N6 adenine-specific DNA methyltransferase signature	186	198	7.1E-10	T	26-06-2023	IPR012327	D12 class N6 adenine-specific DNA methyltransferase
SJER01000008.1_67	706e6accdbfbee992d5e025b422530a4	300	Pfam	PF02086	D12 class N6 adenine-specific DNA methyltransferase	18	197	1.6E-20	T	26-06-2023	IPR012327	D12 class N6 adenine-specific DNA methyltransferase
SJER01000008.1_144	f1d1e1c33b3a98a6192c843f8b03f7d2	815	Gene3D	G3DSA:3.40.50.300	-	404	578	4.7E-9	T	26-06-2023	IPR027417	P-loop containing nucleoside triphosphate hydrolase
SJER01000008.1_144	f1d1e1c33b3a98a6192c843f8b03f7d2	815	MobiDBLite	mobidb-lite	consensus disorder prediction	1	15	-	T	26-06-2023	-	-
SJER01000008.1_144	f1d1e1c33b3a98a6192c843f8b03f7d2	815	MobiDBLite	mobidb-lite	consensus disorder prediction	1	28	-	T	26-06-2023	-	-
SJER01000008.1_146	cdd6fa6021a3844eac0b85c037bc6743	503	MobiDBLite	mobidb-lite	consensus disorder prediction	145	172	-	T	26-06-2023	-	-
SJER01000008.1_65	93a8eba513571290ea4f5551311022bb	64	Gene3D	G3DSA:1.10.1220.10	-	16	58	5.4E-8	T	26-06-2023	IPR013321	Arc-type ribbon-helix-helix
SJER01000008.1_65	93a8eba513571290ea4f5551311022bb	64	Pfam	PF01402	Ribbon-helix-helix protein, copG family	17	54	5.7E-6	T	26-06-2023	IPR002145	Ribbon-helix-helix protein, CopG
SJER01000008.1_65	93a8eba513571290ea4f5551311022bb	64	CDD	cd22231	RHH_NikR_HicB-like	16	55	1.29012E-8	T	26-06-2023	-	-
SJER01000008.1_65	93a8eba513571290ea4f5551311022bb	64	SUPERFAMILY	SSF47598	Ribbon-helix-helix	14	53	1.33E-6	T	26-06-2023	IPR010985	Ribbon-helix-helix
SJER01000008.1_82	a5ec3e51333d64afeb01792bb707ad0e	95	MobiDBLite	mobidb-lite	consensus disorder prediction	1	22	-	T	26-06-2023	-	-
SJER01000008.1_82	a5ec3e51333d64afeb01792bb707ad0e	95	MobiDBLite	mobidb-lite	consensus disorder prediction	71	95	-	T	26-06-2023	-	-
SJER01000008.1_33	dec1f187172cac8d9629c1b252f7d39b	245	PRINTS	PR00508	S21 class N4 adenine-specific DNA methyltransferase signature	67	87	5.7E-5	T	26-06-2023	IPR001091	Restriction/modification DNA-methyltransferase
SJER01000008.1_33	dec1f187172cac8d9629c1b252f7d39b	245	PRINTS	PR00508	S21 class N4 adenine-specific DNA methyltransferase signature	182	200	5.7E-5	T	26-06-2023	IPR001091	Restriction/modification DNA-methyltransferase
SJER01000008.1_33	dec1f187172cac8d9629c1b252f7d39b	245	Gene3D	G3DSA:3.40.50.150	Vaccinia Virus protein VP39	6	228	1.2E-8	T	26-06-2023	IPR029063	S-adenosyl-L-methionine-dependent methyltransferase superfamily
SJER01000008.1_33	dec1f187172cac8d9629c1b252f7d39b	245	SUPERFAMILY	SSF53335	S-adenosyl-L-methionine-dependent methyltransferases	4	229	4.2E-12	T	26-06-2023	IPR029063	S-adenosyl-L-methionine-dependent methyltransferase superfamily
SJER01000008.1_75	627dca7919b4b4173d08194ca17bc385	627	Pfam	PF00145	C-5 cytosine-specific DNA methylase	544	592	8.4E-9	T	26-06-2023	IPR001525	C-5 cytosine methyltransferase
SJER01000008.1_75	627dca7919b4b4173d08194ca17bc385	627	Pfam	PF00145	C-5 cytosine-specific DNA methylase	7	217	1.5E-24	T	26-06-2023	IPR001525	C-5 cytosine methyltransferase
SJER01000008.1_75	627dca7919b4b4173d08194ca17bc385	627	PANTHER	PTHR10629	CYTOSINE-SPECIFIC METHYLTRANSFERASE	545	590	2.7E-44	T	26-06-2023	-	-
SJER01000008.1_75	627dca7919b4b4173d08194ca17bc385	627	MobiDBLite	mobidb-lite	consensus disorder prediction	195	223	-	T	26-06-2023	-	-
SJER01000008.1_75	627dca7919b4b4173d08194ca17bc385	627	MobiDBLite	mobidb-lite	consensus disorder prediction	602	627	-	T	26-06-2023	-	-
SJER01000008.1_75	627dca7919b4b4173d08194ca17bc385	627	ProSiteProfiles	PS51679	C-5 cytosine-specific DNA methylase (Dnmt) domain profile.	6	601	29.298532	T	26-06-2023	IPR001525	C-5 cytosine methyltransferase
SJER01000008.1_75	627dca7919b4b4173d08194ca17bc385	627	MobiDBLite	mobidb-lite	consensus disorder prediction	202	223	-	T	26-06-2023	-	-
SJER01000008.1_75	627dca7919b4b4173d08194ca17bc385	627	Gene3D	G3DSA:3.90.120.10	DNA Methylase, subunit A, domain 2	501	587	5.9E-11	T	26-06-2023	-	-
SJER01000008.1_75	627dca7919b4b4173d08194ca17bc385	627	PRINTS	PR00105	Cytosine-specific DNA methyltransferase signature	7	23	3.6E-11	T	26-06-2023	IPR001525	C-5 cytosine methyltransferase
SJER01000008.1_75	627dca7919b4b4173d08194ca17bc385	627	PRINTS	PR00105	Cytosine-specific DNA methyltransferase signature	120	134	3.6E-11	T	26-06-2023	IPR001525	C-5 cytosine methyltransferase
SJER01000008.1_75	627dca7919b4b4173d08194ca17bc385	627	PRINTS	PR00105	Cytosine-specific DNA methyltransferase signature	183	196	3.6E-11	T	26-06-2023	IPR001525	C-5 cytosine methyltransferase
SJER01000008.1_75	627dca7919b4b4173d08194ca17bc385	627	SUPERFAMILY	SSF53335	S-adenosyl-L-methionine-dependent methyltransferases	6	595	5.23E-62	T	26-06-2023	IPR029063	S-adenosyl-L-methionine-dependent methyltransferase superfamily
SJER01000008.1_75	627dca7919b4b4173d08194ca17bc385	627	Gene3D	G3DSA:3.40.50.150	Vaccinia Virus protein VP39	1	227	1.4E-47	T	26-06-2023	IPR029063	S-adenosyl-L-methionine-dependent methyltransferase superfamily
SJER01000008.1_102	71cb77f4c67441696f90252ba4097fb9	67	MobiDBLite	mobidb-lite	consensus disorder prediction	44	67	-	T	26-06-2023	-	-
SJER01000008.1_30	3b6ae652afc65337102d899b8becaa98	116	CDD	cd06552	ASCH_yqfb_like	3	108	1.44366E-27	T	26-06-2023	-	-
SJER01000008.1_30	3b6ae652afc65337102d899b8becaa98	116	Gene3D	G3DSA:3.10.400.10	Sulfate adenylyltransferase	5	115	3.3E-7	T	26-06-2023	-	-
SJER01000008.1_30	3b6ae652afc65337102d899b8becaa98	116	SMART	SM01022	ASCH_2	3	110	3.8E-6	T	26-06-2023	IPR007374	ASCH domain
SJER01000008.1_30	3b6ae652afc65337102d899b8becaa98	116	Pfam	PF04266	ASCH domain	6	109	6.6E-9	T	26-06-2023	IPR007374	ASCH domain
SJER01000008.1_30	3b6ae652afc65337102d899b8becaa98	116	SUPERFAMILY	SSF88697	PUA domain-like	3	109	1.82E-11	T	26-06-2023	IPR015947	PUA-like superfamily
SJER01000008.1_145	b2220ae03e6a7840484fafd911051133	317	Gene3D	G3DSA:2.40.50.140	-	82	228	1.4E-11	T	26-06-2023	IPR012340	Nucleic acid-binding, OB-fold
SJER01000008.1_145	b2220ae03e6a7840484fafd911051133	317	SUPERFAMILY	SSF50249	Nucleic acid-binding proteins	23	219	5.91E-28	T	26-06-2023	IPR012340	Nucleic acid-binding, OB-fold
SJER01000008.1_145	b2220ae03e6a7840484fafd911051133	317	PANTHER	PTHR11630	DNA REPLICATION LICENSING FACTOR MCM FAMILY MEMBER	27	229	2.1E-21	T	26-06-2023	IPR031327	Mini-chromosome maintenance protein
SJER01000008.1_145	b2220ae03e6a7840484fafd911051133	317	Gene3D	G3DSA:2.20.28.10	-	111	157	7.6E-10	T	26-06-2023	-	-
SJER01000008.1_145	b2220ae03e6a7840484fafd911051133	317	Pfam	PF17207	MCM OB domain	86	206	1.8E-17	T	26-06-2023	IPR033762	MCM OB domain
SJER01000008.1_145	b2220ae03e6a7840484fafd911051133	317	FunFam	G3DSA:2.20.28.10:FF:000003	DNA helicase	110	159	6.3E-9	T	26-06-2023	-	-
SJER01000008.1_149	abbdd26548e63e02ccd6d178214893c8	402	CDD	cd00397	DNA_BRE_C	172	381	1.19129E-8	T	26-06-2023	-	-
SJER01000008.1_149	abbdd26548e63e02ccd6d178214893c8	402	ProSiteProfiles	PS51900	Core-binding (CB) domain profile.	17	119	9.143106	T	26-06-2023	IPR044068	Core-binding (CB) domain
SJER01000008.1_149	abbdd26548e63e02ccd6d178214893c8	402	Gene3D	G3DSA:1.10.443.10	Intergrase catalytic core	155	394	1.1E-21	T	26-06-2023	IPR013762	Integrase-like, catalytic domain superfamily
SJER01000008.1_149	abbdd26548e63e02ccd6d178214893c8	402	SUPERFAMILY	SSF56349	DNA breaking-rejoining enzymes	55	391	6.77E-22	T	26-06-2023	IPR011010	DNA breaking-rejoining enzyme, catalytic core
SJER01000008.1_149	abbdd26548e63e02ccd6d178214893c8	402	MobiDBLite	mobidb-lite	consensus disorder prediction	1	24	-	T	26-06-2023	-	-
SJER01000008.1_149	abbdd26548e63e02ccd6d178214893c8	402	ProSiteProfiles	PS51898	Tyrosine recombinase domain profile.	147	396	18.077129	T	26-06-2023	IPR002104	Integrase, catalytic domain
SJER01000008.1_149	abbdd26548e63e02ccd6d178214893c8	402	Gene3D	G3DSA:1.10.150.130	-	16	138	4.2E-6	T	26-06-2023	IPR010998	Integrase/recombinase, N-terminal
SJER01000008.1_149	abbdd26548e63e02ccd6d178214893c8	402	Pfam	PF00589	Phage integrase family	216	387	2.7E-9	T	26-06-2023	IPR002104	Integrase, catalytic domain
SJER01000008.1_4	abbdd26548e63e02ccd6d178214893c8	402	CDD	cd00397	DNA_BRE_C	172	381	1.19129E-8	T	26-06-2023	-	-
SJER01000008.1_4	abbdd26548e63e02ccd6d178214893c8	402	ProSiteProfiles	PS51900	Core-binding (CB) domain profile.	17	119	9.143106	T	26-06-2023	IPR044068	Core-binding (CB) domain
SJER01000008.1_4	abbdd26548e63e02ccd6d178214893c8	402	Gene3D	G3DSA:1.10.443.10	Intergrase catalytic core	155	394	1.1E-21	T	26-06-2023	IPR013762	Integrase-like, catalytic domain superfamily
SJER01000008.1_4	abbdd26548e63e02ccd6d178214893c8	402	SUPERFAMILY	SSF56349	DNA breaking-rejoining enzymes	55	391	6.77E-22	T	26-06-2023	IPR011010	DNA breaking-rejoining enzyme, catalytic core
SJER01000008.1_4	abbdd26548e63e02ccd6d178214893c8	402	MobiDBLite	mobidb-lite	consensus disorder prediction	1	24	-	T	26-06-2023	-	-
SJER01000008.1_4	abbdd26548e63e02ccd6d178214893c8	402	ProSiteProfiles	PS51898	Tyrosine recombinase domain profile.	147	396	18.077129	T	26-06-2023	IPR002104	Integrase, catalytic domain
SJER01000008.1_4	abbdd26548e63e02ccd6d178214893c8	402	Gene3D	G3DSA:1.10.150.130	-	16	138	4.2E-6	T	26-06-2023	IPR010998	Integrase/recombinase, N-terminal
SJER01000008.1_4	abbdd26548e63e02ccd6d178214893c8	402	Pfam	PF00589	Phage integrase family	216	387	2.7E-9	T	26-06-2023	IPR002104	Integrase, catalytic domain
SJER01000008.1_122	30cf734c407813c9c6d11c1e9477ed35	141	PANTHER	PTHR38138	VNG6441H	8	113	3.7E-10	T	26-06-2023	-	-
SJER01000008.1_122	30cf734c407813c9c6d11c1e9477ed35	141	Pfam	PF07790	Archaeal Type IV pilin, N-terminal	12	64	6.1E-16	T	26-06-2023	IPR012859	Archaeal Type IV pilin, N-terminal
SJER01000008.1_122	30cf734c407813c9c6d11c1e9477ed35	141	NCBIfam	TIGR02537	archaeal flagellin N-terminal-like domain	11	34	8.4E-7	T	26-06-2023	IPR013373	Flagellin/pilin, N-terminal site, archaea
SJER01000008.1_32	2c0baca4c1766babc528bbf664b6ebde	221	MobiDBLite	mobidb-lite	consensus disorder prediction	1	21	-	T	26-06-2023	-	-
SJER01000008.1_48	67744602b754a9edc32fd72130f42837	269	SUPERFAMILY	SSF52540	P-loop containing nucleoside triphosphate hydrolases	4	263	4.66E-50	T	26-06-2023	IPR027417	P-loop containing nucleoside triphosphate hydrolase
SJER01000008.1_48	67744602b754a9edc32fd72130f42837	269	PANTHER	PTHR13696	P-LOOP CONTAINING NUCLEOSIDE TRIPHOSPHATE HYDROLASE	4	256	1.1E-46	T	26-06-2023	-	-
SJER01000008.1_48	67744602b754a9edc32fd72130f42837	269	Pfam	PF13614	AAA domain	7	177	1.5E-42	T	26-06-2023	IPR025669	AAA domain
SJER01000008.1_48	67744602b754a9edc32fd72130f42837	269	CDD	cd02042	ParAB_family	7	210	4.36964E-33	T	26-06-2023	-	-
SJER01000008.1_48	67744602b754a9edc32fd72130f42837	269	Gene3D	G3DSA:3.40.50.300	-	2	265	8.8E-63	T	26-06-2023	IPR027417	P-loop containing nucleoside triphosphate hydrolase
SJER01000008.1_129	902a6d0787d570925558a5746603eec6	274	ProSiteProfiles	PS51318	Twin arginine translocation (Tat) signal profile.	1	27	8.124674	T	26-06-2023	IPR006311	Twin-arginine translocation pathway, signal sequence
SJER01000008.1_46	22c4cb0451926a3f40742632a7d34516	114	MobiDBLite	mobidb-lite	consensus disorder prediction	1	30	-	T	26-06-2023	-	-
SJER01000008.1_93	fb2da2d87d84420834483266cf671b2f	281	MobiDBLite	mobidb-lite	consensus disorder prediction	236	281	-	T	26-06-2023	-	-
SJER01000008.1_93	fb2da2d87d84420834483266cf671b2f	281	MobiDBLite	mobidb-lite	consensus disorder prediction	259	281	-	T	26-06-2023	-	-
SJER01000008.1_93	fb2da2d87d84420834483266cf671b2f	281	Pfam	PF19865	Family of unknown function (DUF6338)	10	200	1.5E-9	T	26-06-2023	IPR045919	Protein of unknown function DUF6338
SJER01000008.1_101	27bfcb5a79b9b6bd7232b7d52d0ba4c7	106	MobiDBLite	mobidb-lite	consensus disorder prediction	90	106	-	T	26-06-2023	-	-
SJER01000008.1_101	27bfcb5a79b9b6bd7232b7d52d0ba4c7	106	MobiDBLite	mobidb-lite	consensus disorder prediction	68	106	-	T	26-06-2023	-	-
SJER01000008.1_76	f2b1580e4923bcb98d2b116549453832	189	Pfam	PF05869	DNA N-6-adenine-methyltransferase (Dam)	8	130	2.4E-16	T	26-06-2023	IPR008593	DNA N-6-adenine-methyltransferase
SJER01000008.1_86	0660f51f43255e571d8f074831f03e95	284	Gene3D	G3DSA:1.20.5.340	-	12	79	2.7E-5	T	26-06-2023	-	-
SJER01000008.1_86	0660f51f43255e571d8f074831f03e95	284	MobiDBLite	mobidb-lite	consensus disorder prediction	259	284	-	T	26-06-2023	-	-
SJER01000008.1_86	0660f51f43255e571d8f074831f03e95	284	Coils	Coil	Coil	23	78	-	T	26-06-2023	-	-
SJER01000008.1_114	fac4e36be77f6af5eb41cb53a262c87e	101	Gene3D	G3DSA:1.10.10.10	-	2	76	1.1E-11	T	26-06-2023	IPR036388	Winged helix-like DNA-binding domain superfamily
SJER01000008.1_114	fac4e36be77f6af5eb41cb53a262c87e	101	SUPERFAMILY	SSF46785	"Winged helix" DNA-binding domain	5	86	7.65E-8	T	26-06-2023	IPR036390	Winged helix DNA-binding domain superfamily
SJER01000008.1_37	7422eb6c47d17ffa0aa51192782af46f	204	MobiDBLite	mobidb-lite	consensus disorder prediction	144	204	-	T	26-06-2023	-	-
SJER01000008.1_68	0ed78724071312d6b31c337538239ddc	161	MobiDBLite	mobidb-lite	consensus disorder prediction	1	45	-	T	26-06-2023	-	-
SJER01000008.1_68	0ed78724071312d6b31c337538239ddc	161	MobiDBLite	mobidb-lite	consensus disorder prediction	1	64	-	T	26-06-2023	-	-
SJER01000008.1_107	a032ee3bd18811151d9d047abb185d76	173	PANTHER	PTHR39550	SLL0658 PROTEIN	13	165	1.9E-14	T	26-06-2023	-	-
SJER01000008.1_118	2b4c359fcf7219db788e1a712c4f6e65	37	MobiDBLite	mobidb-lite	consensus disorder prediction	1	37	-	T	26-06-2023	-	-
SJER01000008.1_111	ea96ebb784969a9f4cd52cdd06cb14cb	1160	Gene3D	G3DSA:3.40.50.150	Vaccinia Virus protein VP39	389	636	9.5E-24	T	26-06-2023	IPR029063	S-adenosyl-L-methionine-dependent methyltransferase superfamily
SJER01000008.1_111	ea96ebb784969a9f4cd52cdd06cb14cb	1160	Pfam	PF07669	Eco57I restriction-modification methylase	799	901	4.9E-5	T	26-06-2023	IPR011639	Type II restriction enzyme and methyltransferase RM.Eco57I-like
SJER01000008.1_111	ea96ebb784969a9f4cd52cdd06cb14cb	1160	SUPERFAMILY	SSF53335	S-adenosyl-L-methionine-dependent methyltransferases	266	908	1.09E-47	T	26-06-2023	IPR029063	S-adenosyl-L-methionine-dependent methyltransferase superfamily
SJER01000008.1_111	ea96ebb784969a9f4cd52cdd06cb14cb	1160	ProSitePatterns	PS00092	N-6 Adenine-specific DNA methylases signature.	803	809	-	T	26-06-2023	IPR002052	DNA methylase, N-6 adenine-specific, conserved site
SJER01000008.1_111	ea96ebb784969a9f4cd52cdd06cb14cb	1160	PANTHER	PTHR33841	DNA METHYLTRANSFERASE YEEA-RELATED	206	909	1.2E-55	T	26-06-2023	-	-
SJER01000008.1_111	ea96ebb784969a9f4cd52cdd06cb14cb	1160	Coils	Coil	Coil	611	631	-	T	26-06-2023	-	-
SJER01000008.1_111	ea96ebb784969a9f4cd52cdd06cb14cb	1160	Gene3D	G3DSA:3.40.50.150	Vaccinia Virus protein VP39	743	927	5.0E-15	T	26-06-2023	IPR029063	S-adenosyl-L-methionine-dependent methyltransferase superfamily
SJER01000008.1_111	ea96ebb784969a9f4cd52cdd06cb14cb	1160	Pfam	PF20473	MmeI, DNA-methyltransferase domain	483	565	2.0E-10	T	26-06-2023	IPR046816	MmeI-like, DNA-methyltransferase domain
SJER01000008.1_111	ea96ebb784969a9f4cd52cdd06cb14cb	1160	MobiDBLite	mobidb-lite	consensus disorder prediction	1140	1160	-	T	26-06-2023	-	-
SJER01000008.1_111	ea96ebb784969a9f4cd52cdd06cb14cb	1160	PRINTS	PR00507	N12 class N6 adenine-specific DNA methyltransferase signature	415	431	3.3E-6	T	26-06-2023	-	-
SJER01000008.1_111	ea96ebb784969a9f4cd52cdd06cb14cb	1160	PRINTS	PR00507	N12 class N6 adenine-specific DNA methyltransferase signature	800	812	3.3E-6	T	26-06-2023	-	-
SJER01000008.1_111	ea96ebb784969a9f4cd52cdd06cb14cb	1160	PRINTS	PR00507	N12 class N6 adenine-specific DNA methyltransferase signature	831	855	3.3E-6	T	26-06-2023	-	-
SJER01000008.1_24	440ba2d48c21ea78beccf47c714681ad	109	Coils	Coil	Coil	106	109	-	T	26-06-2023	-	-
SJER01000008.1_99	21b041d4e36562a624794f25a52cbdc7	45	MobiDBLite	mobidb-lite	consensus disorder prediction	1	29	-	T	26-06-2023	-	-
SJER01000008.1_99	21b041d4e36562a624794f25a52cbdc7	45	MobiDBLite	mobidb-lite	consensus disorder prediction	1	45	-	T	26-06-2023	-	-
SJER01000008.1_142	0b977fd42ac997ee6d4a79f73c2ea0cf	494	Coils	Coil	Coil	424	444	-	T	26-06-2023	-	-
SJER01000008.1_142	0b977fd42ac997ee6d4a79f73c2ea0cf	494	MobiDBLite	mobidb-lite	consensus disorder prediction	458	494	-	T	26-06-2023	-	-
SJER01000008.1_142	0b977fd42ac997ee6d4a79f73c2ea0cf	494	MobiDBLite	mobidb-lite	consensus disorder prediction	37	104	-	T	26-06-2023	-	-
SJER01000008.1_142	0b977fd42ac997ee6d4a79f73c2ea0cf	494	MobiDBLite	mobidb-lite	consensus disorder prediction	460	494	-	T	26-06-2023	-	-
SJER01000008.1_142	0b977fd42ac997ee6d4a79f73c2ea0cf	494	MobiDBLite	mobidb-lite	consensus disorder prediction	41	102	-	T	26-06-2023	-	-
SJER01000008.1_62	cc53f44038763fbdd11979300869469e	119	Pfam	PF03551	Transcriptional regulator PadR-like family	41	100	1.2E-11	T	26-06-2023	IPR005149	Transcription regulator PadR, N-terminal
SJER01000008.1_62	cc53f44038763fbdd11979300869469e	119	Gene3D	G3DSA:1.10.10.10	-	26	117	2.6E-9	T	26-06-2023	IPR036388	Winged helix-like DNA-binding domain superfamily
SJER01000008.1_62	cc53f44038763fbdd11979300869469e	119	MobiDBLite	mobidb-lite	consensus disorder prediction	1	25	-	T	26-06-2023	-	-
SJER01000008.1_62	cc53f44038763fbdd11979300869469e	119	SUPERFAMILY	SSF46785	"Winged helix" DNA-binding domain	27	112	1.95E-12	T	26-06-2023	IPR036390	Winged helix DNA-binding domain superfamily
SJER01000008.1_106	0a28a2e8c8c12cbcfbd62f54fedc46e9	85	Coils	Coil	Coil	69	85	-	T	26-06-2023	-	-
SJER01000008.1_106	0a28a2e8c8c12cbcfbd62f54fedc46e9	85	MobiDBLite	mobidb-lite	consensus disorder prediction	1	23	-	T	26-06-2023	-	-
SJER01000008.1_106	0a28a2e8c8c12cbcfbd62f54fedc46e9	85	Pfam	PF03683	Uncharacterised protein family (UPF0175)	26	77	8.3E-9	T	26-06-2023	IPR005368	Uncharacterised protein family UPF0175
SJER01000008.1_63	3f5bc6768142ddff5ccbb85393f55aa5	253	Gene3D	G3DSA:1.10.10.60	-	88	127	1.4E-7	T	26-06-2023	-	-
SJER01000008.1_63	3f5bc6768142ddff5ccbb85393f55aa5	253	MobiDBLite	mobidb-lite	consensus disorder prediction	21	46	-	T	26-06-2023	-	-
SJER01000008.1_63	3f5bc6768142ddff5ccbb85393f55aa5	253	CDD	cd00093	HTH_XRE	91	123	2.507E-5	T	26-06-2023	IPR001387	Cro/C1-type helix-turn-helix domain
SJER01000008.1_63	3f5bc6768142ddff5ccbb85393f55aa5	253	MobiDBLite	mobidb-lite	consensus disorder prediction	61	89	-	T	26-06-2023	-	-
SJER01000008.1_63	3f5bc6768142ddff5ccbb85393f55aa5	253	Pfam	PF13392	HNH endonuclease	174	219	2.3E-7	T	26-06-2023	IPR003615	HNH nuclease
SJER01000008.1_63	3f5bc6768142ddff5ccbb85393f55aa5	253	SUPERFAMILY	SSF54060	His-Me finger endonucleases	156	221	2.12E-8	T	26-06-2023	IPR044925	His-Me finger superfamily
SJER01000008.1_123	41afbd7efa3d3cc38c18639d94e96447	128	PANTHER	PTHR38138	VNG6441H	8	125	5.3E-9	T	26-06-2023	-	-
SJER01000008.1_123	41afbd7efa3d3cc38c18639d94e96447	128	Pfam	PF07790	Archaeal Type IV pilin, N-terminal	12	83	1.6E-16	T	26-06-2023	IPR012859	Archaeal Type IV pilin, N-terminal
SJER01000008.1_123	41afbd7efa3d3cc38c18639d94e96447	128	NCBIfam	TIGR02537	archaeal flagellin N-terminal-like domain	11	34	7.2E-7	T	26-06-2023	IPR013373	Flagellin/pilin, N-terminal site, archaea
SJER01000008.1_35	e4e95a3cd12b30251c7ec77a4dc7f3e5	132	MobiDBLite	mobidb-lite	consensus disorder prediction	99	114	-	T	26-06-2023	-	-
SJER01000008.1_35	e4e95a3cd12b30251c7ec77a4dc7f3e5	132	MobiDBLite	mobidb-lite	consensus disorder prediction	99	132	-	T	26-06-2023	-	-
SJER01000008.1_90	3f218bf294bdcff4c80baac752502b70	194	Coils	Coil	Coil	26	46	-	T	26-06-2023	-	-
SJER01000008.1_143	eab35672ed90f46f0a74cffa962ef00c	661	MobiDBLite	mobidb-lite	consensus disorder prediction	287	308	-	T	26-06-2023	-	-
SJER01000008.1_143	eab35672ed90f46f0a74cffa962ef00c	661	MobiDBLite	mobidb-lite	consensus disorder prediction	230	260	-	T	26-06-2023	-	-
SJER01000008.1_143	eab35672ed90f46f0a74cffa962ef00c	661	MobiDBLite	mobidb-lite	consensus disorder prediction	641	661	-	T	26-06-2023	-	-
SJER01000008.1_143	eab35672ed90f46f0a74cffa962ef00c	661	MobiDBLite	mobidb-lite	consensus disorder prediction	276	333	-	T	26-06-2023	-	-
SJER01000008.1_120	d693b86929817f9be2de56fa472decf4	132	MobiDBLite	mobidb-lite	consensus disorder prediction	1	18	-	T	26-06-2023	-	-
SJER01000008.1_120	d693b86929817f9be2de56fa472decf4	132	MobiDBLite	mobidb-lite	consensus disorder prediction	1	28	-	T	26-06-2023	-	-
SJER01000008.1_51	932ba276b4205c838b4282c534994d6a	121	SUPERFAMILY	SSF47781	RuvA domain 2-like	53	120	1.63E-13	T	26-06-2023	IPR010994	RuvA domain 2-like
SJER01000008.1_51	932ba276b4205c838b4282c534994d6a	121	Gene3D	G3DSA:1.10.150.20	-	57	121	1.4E-15	T	26-06-2023	-	-
SJER01000008.1_51	932ba276b4205c838b4282c534994d6a	121	Pfam	PF14520	Helix-hairpin-helix domain	70	120	4.8E-13	T	26-06-2023	-	-
SJER01000008.1_51	932ba276b4205c838b4282c534994d6a	121	SMART	SM00278	HhH1_4	67	86	230.0	T	26-06-2023	IPR003583	Helix-hairpin-helix DNA-binding motif, class 1
SJER01000008.1_51	932ba276b4205c838b4282c534994d6a	121	SMART	SM00278	HhH1_4	99	118	0.0095	T	26-06-2023	IPR003583	Helix-hairpin-helix DNA-binding motif, class 1
SJER01000008.1_51	932ba276b4205c838b4282c534994d6a	121	Coils	Coil	Coil	33	53	-	T	26-06-2023	-	-
SJER01000008.1_26	178335b69503e72c4b40c4d81d55a67a	81	Gene3D	G3DSA:1.10.150.20	-	13	61	2.5E-6	T	26-06-2023	-	-
SJER01000008.1_26	178335b69503e72c4b40c4d81d55a67a	81	SUPERFAMILY	SSF47781	RuvA domain 2-like	6	60	3.42E-7	T	26-06-2023	IPR010994	RuvA domain 2-like
SJER01000008.1_158	f52e00d1e28398e8fab6b15973a7e196	122	MobiDBLite	mobidb-lite	consensus disorder prediction	100	122	-	T	26-06-2023	-	-
SJER01000008.1_158	f52e00d1e28398e8fab6b15973a7e196	122	MobiDBLite	mobidb-lite	consensus disorder prediction	101	122	-	T	26-06-2023	-	-
SJER01000008.1_13	f52e00d1e28398e8fab6b15973a7e196	122	MobiDBLite	mobidb-lite	consensus disorder prediction	100	122	-	T	26-06-2023	-	-
SJER01000008.1_13	f52e00d1e28398e8fab6b15973a7e196	122	MobiDBLite	mobidb-lite	consensus disorder prediction	101	122	-	T	26-06-2023	-	-
SJER01000008.1_56	675983d1458a78ec86fb4d2f7da329c9	79	MobiDBLite	mobidb-lite	consensus disorder prediction	52	68	-	T	26-06-2023	-	-
SJER01000008.1_56	675983d1458a78ec86fb4d2f7da329c9	79	MobiDBLite	mobidb-lite	consensus disorder prediction	52	79	-	T	26-06-2023	-	-
SJER01000008.1_27	a7eafabb26d3f3b3732e13dc1be0cda9	276	SUPERFAMILY	SSF55979	DNA clamp	20	254	2.46E-12	T	26-06-2023	IPR046938	DNA clamp superfamily
SJER01000008.1_27	a7eafabb26d3f3b3732e13dc1be0cda9	276	Gene3D	G3DSA:3.70.10.10	-	16	255	2.4E-21	T	26-06-2023	-	-
SJER01000008.1_89	95e1528b8d1ffd93a79710f6a8245388	77	SUPERFAMILY	SSF46785	"Winged helix" DNA-binding domain	8	70	7.81E-7	T	26-06-2023	IPR036390	Winged helix DNA-binding domain superfamily
SJER01000008.1_89	95e1528b8d1ffd93a79710f6a8245388	77	Gene3D	G3DSA:1.10.10.10	-	1	77	2.3E-16	T	26-06-2023	IPR036388	Winged helix-like DNA-binding domain superfamily
SJER01000008.1_18	7d0bf820362c7d4e1a2f8254066a4398	143	MobiDBLite	mobidb-lite	consensus disorder prediction	1	27	-	T	26-06-2023	-	-
SJER01000008.1_163	7d0bf820362c7d4e1a2f8254066a4398	143	MobiDBLite	mobidb-lite	consensus disorder prediction	1	27	-	T	26-06-2023	-	-
SJER01000008.1_83	4cea01ea7b5862f00ee4dd0aee9cad62	59	MobiDBLite	mobidb-lite	consensus disorder prediction	40	59	-	T	26-06-2023	-	-
SJER01000008.1_69	bceaf3e02b5c43c29662fd80dbb4bb64	224	Pfam	PF00589	Phage integrase family	9	211	8.5E-12	T	26-06-2023	IPR002104	Integrase, catalytic domain
SJER01000008.1_69	bceaf3e02b5c43c29662fd80dbb4bb64	224	Gene3D	G3DSA:1.10.443.10	Intergrase catalytic core	2	223	3.2E-19	T	26-06-2023	IPR013762	Integrase-like, catalytic domain superfamily
SJER01000008.1_69	bceaf3e02b5c43c29662fd80dbb4bb64	224	ProSiteProfiles	PS51898	Tyrosine recombinase domain profile.	5	220	19.942848	T	26-06-2023	IPR002104	Integrase, catalytic domain
SJER01000008.1_69	bceaf3e02b5c43c29662fd80dbb4bb64	224	SUPERFAMILY	SSF56349	DNA breaking-rejoining enzymes	6	222	7.95E-20	T	26-06-2023	IPR011010	DNA breaking-rejoining enzyme, catalytic core
SJER01000008.1_108	464b82978a7b1d9203c5b79a858425dc	148	MobiDBLite	mobidb-lite	consensus disorder prediction	1	28	-	T	26-06-2023	-	-
SJER01000008.1_108	464b82978a7b1d9203c5b79a858425dc	148	MobiDBLite	mobidb-lite	consensus disorder prediction	8	28	-	T	26-06-2023	-	-
SJER01000008.1_92	e59e36adeb99d3f215eba21c2e92f9e8	147	Gene3D	G3DSA:1.10.10.10	-	9	121	1.1E-5	T	26-06-2023	IPR036388	Winged helix-like DNA-binding domain superfamily
