SRIF01000015.1_51	ed87b1e00cc35b45cc791c36a280cbc0	389	Pfam	PF03161	LAGLIDADG DNA endonuclease family	42	171	1.4E-7	T	26-06-2023	IPR004860	Homing endonuclease, LAGLIDADG
SRIF01000015.1_51	ed87b1e00cc35b45cc791c36a280cbc0	389	MobiDBLite	mobidb-lite	consensus disorder prediction	285	314	-	T	26-06-2023	-	-
SRIF01000015.1_51	ed87b1e00cc35b45cc791c36a280cbc0	389	SUPERFAMILY	SSF55608	Homing endonucleases	34	160	1.87E-9	T	26-06-2023	IPR027434	Homing endonuclease
SRIF01000015.1_73	5933149003853a4c90a53618f932e6fe	269	Gene3D	G3DSA:3.40.50.150	Vaccinia Virus protein VP39	73	245	4.0E-26	T	26-06-2023	IPR029063	S-adenosyl-L-methionine-dependent methyltransferase superfamily
SRIF01000015.1_73	5933149003853a4c90a53618f932e6fe	269	SUPERFAMILY	SSF53335	S-adenosyl-L-methionine-dependent methyltransferases	70	244	3.38E-34	T	26-06-2023	IPR029063	S-adenosyl-L-methionine-dependent methyltransferase superfamily
SRIF01000015.1_73	5933149003853a4c90a53618f932e6fe	269	PANTHER	PTHR34203	METHYLTRANSFERASE, FKBM FAMILY PROTEIN	61	251	1.3E-20	T	26-06-2023	-	-
SRIF01000015.1_73	5933149003853a4c90a53618f932e6fe	269	NCBIfam	TIGR01444	FkbM family methyltransferase	92	227	8.8E-21	T	26-06-2023	IPR006342	Methyltransferase FkbM
SRIF01000015.1_73	5933149003853a4c90a53618f932e6fe	269	Pfam	PF05050	Methyltransferase FkbM domain	95	241	1.2E-11	T	26-06-2023	IPR006342	Methyltransferase FkbM
SRIF01000015.1_70	3a8ea8953e43fb2fb69a18eb114c23b3	124	MobiDBLite	mobidb-lite	consensus disorder prediction	1	42	-	T	26-06-2023	-	-
SRIF01000015.1_70	3a8ea8953e43fb2fb69a18eb114c23b3	124	MobiDBLite	mobidb-lite	consensus disorder prediction	8	40	-	T	26-06-2023	-	-
SRIF01000015.1_23	dbc6fd50e18e1b639bfdb444746f8f9b	160	Coils	Coil	Coil	42	76	-	T	26-06-2023	-	-
SRIF01000015.1_40	efae3cd9ea1dee47a3ae8a78c2b09620	224	MobiDBLite	mobidb-lite	consensus disorder prediction	1	20	-	T	26-06-2023	-	-
SRIF01000015.1_4	0ba623d8bfdb7eef56be3ddf391c465f	270	CDD	cd02042	ParAB_family	3	207	1.19773E-31	T	26-06-2023	-	-
SRIF01000015.1_4	0ba623d8bfdb7eef56be3ddf391c465f	270	SUPERFAMILY	SSF52540	P-loop containing nucleoside triphosphate hydrolases	1	245	1.85E-44	T	26-06-2023	IPR027417	P-loop containing nucleoside triphosphate hydrolase
SRIF01000015.1_4	0ba623d8bfdb7eef56be3ddf391c465f	270	PANTHER	PTHR13696	P-LOOP CONTAINING NUCLEOSIDE TRIPHOSPHATE HYDROLASE	2	239	3.4E-38	T	26-06-2023	-	-
SRIF01000015.1_4	0ba623d8bfdb7eef56be3ddf391c465f	270	Pfam	PF13614	AAA domain	3	182	1.7E-34	T	26-06-2023	IPR025669	AAA domain
SRIF01000015.1_4	0ba623d8bfdb7eef56be3ddf391c465f	270	Gene3D	G3DSA:3.40.50.300	-	1	263	4.0E-54	T	26-06-2023	IPR027417	P-loop containing nucleoside triphosphate hydrolase
SRIF01000015.1_68	4f2932fd637c9b8c0d692ea608d37b95	115	MobiDBLite	mobidb-lite	consensus disorder prediction	89	115	-	T	26-06-2023	-	-
SRIF01000015.1_68	4f2932fd637c9b8c0d692ea608d37b95	115	MobiDBLite	mobidb-lite	consensus disorder prediction	89	104	-	T	26-06-2023	-	-
SRIF01000015.1_52	89ab06a09c895518c458d4f87a805467	80	MobiDBLite	mobidb-lite	consensus disorder prediction	60	80	-	T	26-06-2023	-	-
SRIF01000015.1_89	cea6e2dafac2d59c3f93979d7b9de3c6	105	Gene3D	G3DSA:1.10.10.10	-	2	93	4.8E-14	T	26-06-2023	IPR036388	Winged helix-like DNA-binding domain superfamily
SRIF01000015.1_89	cea6e2dafac2d59c3f93979d7b9de3c6	105	SUPERFAMILY	SSF46785	"Winged helix" DNA-binding domain	4	90	3.54E-7	T	26-06-2023	IPR036390	Winged helix DNA-binding domain superfamily
SRIF01000015.1_9	8123899eb3fe7a72d1aa1586495ac4f6	83	MobiDBLite	mobidb-lite	consensus disorder prediction	1	21	-	T	26-06-2023	-	-
SRIF01000015.1_77	ce9d3dc378ee610c5049c04d9d2b627d	234	ProSiteProfiles	PS51318	Twin arginine translocation (Tat) signal profile.	1	26	8.856369	T	26-06-2023	IPR006311	Twin-arginine translocation pathway, signal sequence
SRIF01000015.1_77	ce9d3dc378ee610c5049c04d9d2b627d	234	NCBIfam	TIGR01409	twin-arginine translocation signal domain	3	24	0.0014	T	26-06-2023	IPR019546	Twin-arginine translocation pathway, signal sequence, bacterial/archaeal
SRIF01000015.1_76	bdee6a11b8ea0be9d8aeed7318919c13	546	SUPERFAMILY	SSF88713	Glycoside hydrolase/deacetylase	147	217	6.67E-5	T	26-06-2023	IPR011330	Glycoside hydrolase/deacetylase, beta/alpha-barrel
SRIF01000015.1_76	bdee6a11b8ea0be9d8aeed7318919c13	546	Gene3D	G3DSA:3.20.20.370	Glycoside hydrolase/deacetylase	141	265	7.3E-7	T	26-06-2023	-	-
SRIF01000015.1_43	4ae8fc6fa6a6b6e3387e448e93981392	135	Coils	Coil	Coil	117	135	-	T	26-06-2023	-	-
SRIF01000015.1_43	4ae8fc6fa6a6b6e3387e448e93981392	135	MobiDBLite	mobidb-lite	consensus disorder prediction	40	75	-	T	26-06-2023	-	-
SRIF01000015.1_31	3060ac432b46cfd308746423273ed196	106	MobiDBLite	mobidb-lite	consensus disorder prediction	18	33	-	T	26-06-2023	-	-
SRIF01000015.1_31	3060ac432b46cfd308746423273ed196	106	MobiDBLite	mobidb-lite	consensus disorder prediction	18	39	-	T	26-06-2023	-	-
SRIF01000015.1_58	e4cf9607c960e5b879fbf67d13db0c8f	658	MobiDBLite	mobidb-lite	consensus disorder prediction	166	230	-	T	26-06-2023	-	-
SRIF01000015.1_61	ae9001940eade272b4caa31bd7aa86d6	234	MobiDBLite	mobidb-lite	consensus disorder prediction	1	30	-	T	26-06-2023	-	-
SRIF01000015.1_61	ae9001940eade272b4caa31bd7aa86d6	234	MobiDBLite	mobidb-lite	consensus disorder prediction	13	30	-	T	26-06-2023	-	-
SRIF01000015.1_99	3cab4fb6d303039bc8e92df77f88734c	90	MobiDBLite	mobidb-lite	consensus disorder prediction	1	38	-	T	26-06-2023	-	-
SRIF01000015.1_99	3cab4fb6d303039bc8e92df77f88734c	90	MobiDBLite	mobidb-lite	consensus disorder prediction	9	38	-	T	26-06-2023	-	-
SRIF01000015.1_15	d34a9693974516ae04d6f649ba2792db	171	MobiDBLite	mobidb-lite	consensus disorder prediction	71	95	-	T	26-06-2023	-	-
SRIF01000015.1_15	d34a9693974516ae04d6f649ba2792db	171	CDD	cd00093	HTH_XRE	17	67	2.61411E-4	T	26-06-2023	IPR001387	Cro/C1-type helix-turn-helix domain
SRIF01000015.1_15	d34a9693974516ae04d6f649ba2792db	171	MobiDBLite	mobidb-lite	consensus disorder prediction	150	171	-	T	26-06-2023	-	-
SRIF01000015.1_15	d34a9693974516ae04d6f649ba2792db	171	SUPERFAMILY	SSF47413	lambda repressor-like DNA-binding domains	18	67	8.59E-6	T	26-06-2023	IPR010982	Lambda repressor-like, DNA-binding domain superfamily
SRIF01000015.1_78	bbd5403d9b95a39ab427e19ebf3dd3e6	536	Gene3D	G3DSA:3.40.50.200	Peptidase S8/S53 domain	179	499	1.6E-47	T	26-06-2023	IPR036852	Peptidase S8/S53 domain superfamily
SRIF01000015.1_78	bbd5403d9b95a39ab427e19ebf3dd3e6	536	PRINTS	PR00723	Subtilisin serine protease family (S8) signature	195	214	9.9E-9	T	26-06-2023	IPR015500	Peptidase S8, subtilisin-related
SRIF01000015.1_78	bbd5403d9b95a39ab427e19ebf3dd3e6	536	PRINTS	PR00723	Subtilisin serine protease family (S8) signature	248	261	9.9E-9	T	26-06-2023	IPR015500	Peptidase S8, subtilisin-related
SRIF01000015.1_78	bbd5403d9b95a39ab427e19ebf3dd3e6	536	PRINTS	PR00723	Subtilisin serine protease family (S8) signature	434	450	9.9E-9	T	26-06-2023	IPR015500	Peptidase S8, subtilisin-related
SRIF01000015.1_78	bbd5403d9b95a39ab427e19ebf3dd3e6	536	ProSitePatterns	PS00138	Serine proteases, subtilase family, serine active site.	435	445	-	T	26-06-2023	IPR023828	Peptidase S8, subtilisin, Ser-active site
SRIF01000015.1_78	bbd5403d9b95a39ab427e19ebf3dd3e6	536	ProSiteProfiles	PS51892	Serine proteases, subtilase domain profile.	173	494	25.098236	T	26-06-2023	-	-
SRIF01000015.1_78	bbd5403d9b95a39ab427e19ebf3dd3e6	536	PANTHER	PTHR43806	PEPTIDASE S8	112	493	9.3E-31	T	26-06-2023	-	-
SRIF01000015.1_78	bbd5403d9b95a39ab427e19ebf3dd3e6	536	Pfam	PF00082	Subtilase family	195	487	3.6E-35	T	26-06-2023	IPR000209	Peptidase S8/S53 domain
SRIF01000015.1_78	bbd5403d9b95a39ab427e19ebf3dd3e6	536	SUPERFAMILY	SSF52743	Subtilisin-like	192	495	1.7E-42	T	26-06-2023	IPR036852	Peptidase S8/S53 domain superfamily
SRIF01000015.1_5	eac3e8074621fece3063b6398e8af62e	378	MobiDBLite	mobidb-lite	consensus disorder prediction	1	33	-	T	26-06-2023	-	-
SRIF01000015.1_5	eac3e8074621fece3063b6398e8af62e	378	CDD	cd00397	DNA_BRE_C	163	360	1.478E-12	T	26-06-2023	-	-
SRIF01000015.1_5	eac3e8074621fece3063b6398e8af62e	378	Gene3D	G3DSA:1.10.443.10	Intergrase catalytic core	153	370	3.5E-25	T	26-06-2023	IPR013762	Integrase-like, catalytic domain superfamily
SRIF01000015.1_5	eac3e8074621fece3063b6398e8af62e	378	ProSiteProfiles	PS51898	Tyrosine recombinase domain profile.	149	372	18.513271	T	26-06-2023	IPR002104	Integrase, catalytic domain
SRIF01000015.1_5	eac3e8074621fece3063b6398e8af62e	378	SUPERFAMILY	SSF56349	DNA breaking-rejoining enzymes	58	368	1.27E-24	T	26-06-2023	IPR011010	DNA breaking-rejoining enzyme, catalytic core
SRIF01000015.1_5	eac3e8074621fece3063b6398e8af62e	378	Gene3D	G3DSA:1.10.150.130	-	12	129	1.6E-9	T	26-06-2023	IPR010998	Integrase/recombinase, N-terminal
SRIF01000015.1_5	eac3e8074621fece3063b6398e8af62e	378	Pfam	PF00589	Phage integrase family	171	362	3.9E-9	T	26-06-2023	IPR002104	Integrase, catalytic domain
SRIF01000015.1_5	eac3e8074621fece3063b6398e8af62e	378	ProSiteProfiles	PS51900	Core-binding (CB) domain profile.	13	109	9.34725	T	26-06-2023	IPR044068	Core-binding (CB) domain
SRIF01000015.1_59	dc73c8670dc4381c779038e6491e03f6	466	ProSiteProfiles	PS51318	Twin arginine translocation (Tat) signal profile.	1	36	7.9131	T	26-06-2023	IPR006311	Twin-arginine translocation pathway, signal sequence
SRIF01000015.1_59	dc73c8670dc4381c779038e6491e03f6	466	MobiDBLite	mobidb-lite	consensus disorder prediction	424	454	-	T	26-06-2023	-	-
SRIF01000015.1_59	dc73c8670dc4381c779038e6491e03f6	466	Coils	Coil	Coil	268	293	-	T	26-06-2023	-	-
SRIF01000015.1_59	dc73c8670dc4381c779038e6491e03f6	466	MobiDBLite	mobidb-lite	consensus disorder prediction	424	466	-	T	26-06-2023	-	-
SRIF01000015.1_102	deaeeb7a36f204451762f3f865f4c4c5	174	Gene3D	G3DSA:1.10.10.10	-	76	173	1.6E-17	T	26-06-2023	IPR036388	Winged helix-like DNA-binding domain superfamily
SRIF01000015.1_102	deaeeb7a36f204451762f3f865f4c4c5	174	MobiDBLite	mobidb-lite	consensus disorder prediction	1	48	-	T	26-06-2023	-	-
SRIF01000015.1_102	deaeeb7a36f204451762f3f865f4c4c5	174	Coils	Coil	Coil	27	47	-	T	26-06-2023	-	-
SRIF01000015.1_102	deaeeb7a36f204451762f3f865f4c4c5	174	MobiDBLite	mobidb-lite	consensus disorder prediction	8	48	-	T	26-06-2023	-	-
SRIF01000015.1_85	c7db907d59316d2b1263eea1cbddea4f	107	MobiDBLite	mobidb-lite	consensus disorder prediction	1	33	-	T	26-06-2023	-	-
SRIF01000015.1_85	c7db907d59316d2b1263eea1cbddea4f	107	MobiDBLite	mobidb-lite	consensus disorder prediction	1	27	-	T	26-06-2023	-	-
SRIF01000015.1_79	2076ad4dcbfe3cc2d6ff1f0263117f31	1215	MobiDBLite	mobidb-lite	consensus disorder prediction	404	427	-	T	26-06-2023	-	-
SRIF01000015.1_79	2076ad4dcbfe3cc2d6ff1f0263117f31	1215	SUPERFAMILY	SSF50998	Quinoprotein alcohol dehydrogenase-like	114	342	5.26E-12	T	26-06-2023	IPR011047	Quinoprotein alcohol dehydrogenase-like superfamily
SRIF01000015.1_79	2076ad4dcbfe3cc2d6ff1f0263117f31	1215	Coils	Coil	Coil	376	396	-	T	26-06-2023	-	-
SRIF01000015.1_79	2076ad4dcbfe3cc2d6ff1f0263117f31	1215	Coils	Coil	Coil	594	614	-	T	26-06-2023	-	-
SRIF01000015.1_62	d0f80f49137d66bd70b9687c4dc67faf	117	MobiDBLite	mobidb-lite	consensus disorder prediction	95	117	-	T	26-06-2023	-	-
SRIF01000015.1_48	abe6883c730dc103a0e8b739e456beff	111	MobiDBLite	mobidb-lite	consensus disorder prediction	92	111	-	T	26-06-2023	-	-
SRIF01000015.1_32	a93b61863166d020f6ee475fd6d3bfa1	181	MobiDBLite	mobidb-lite	consensus disorder prediction	161	181	-	T	26-06-2023	-	-
SRIF01000015.1_50	fae3f4083f951583fa6dbecd7c431a30	480	ProSiteProfiles	PS50157	Zinc finger C2H2 type domain profile.	121	149	11.052769	T	26-06-2023	IPR013087	Zinc finger C2H2-type
SRIF01000015.1_50	fae3f4083f951583fa6dbecd7c431a30	480	ProSitePatterns	PS00028	Zinc finger C2H2 type domain signature.	123	144	-	T	26-06-2023	IPR013087	Zinc finger C2H2-type
SRIF01000015.1_63	098242afd941d57e7d85f1acc192aeeb	348	MobiDBLite	mobidb-lite	consensus disorder prediction	190	220	-	T	26-06-2023	-	-
SRIF01000015.1_101	012bc65c7ce26920dc8c1dc2d478ed64	259	Coils	Coil	Coil	19	67	-	T	26-06-2023	-	-
SRIF01000015.1_92	d6a815e328ead87432f79bb697515149	71	MobiDBLite	mobidb-lite	consensus disorder prediction	1	40	-	T	26-06-2023	-	-
SRIF01000015.1_1	38e94a3eb68f87721021e3b5b3cb04d5	70	MobiDBLite	mobidb-lite	consensus disorder prediction	44	70	-	T	26-06-2023	-	-
SRIF01000015.1_1	38e94a3eb68f87721021e3b5b3cb04d5	70	MobiDBLite	mobidb-lite	consensus disorder prediction	56	70	-	T	26-06-2023	-	-
SRIF01000015.1_80	aabbaf8ec12d5309fc845ebd35682d29	335	MobiDBLite	mobidb-lite	consensus disorder prediction	34	116	-	T	26-06-2023	-	-
SRIF01000015.1_80	aabbaf8ec12d5309fc845ebd35682d29	335	MobiDBLite	mobidb-lite	consensus disorder prediction	100	115	-	T	26-06-2023	-	-
SRIF01000015.1_80	aabbaf8ec12d5309fc845ebd35682d29	335	MobiDBLite	mobidb-lite	consensus disorder prediction	61	79	-	T	26-06-2023	-	-
SRIF01000015.1_21	275629f3d54614e3e1f454ab12845258	133	MobiDBLite	mobidb-lite	consensus disorder prediction	1	38	-	T	26-06-2023	-	-
SRIF01000015.1_21	275629f3d54614e3e1f454ab12845258	133	MobiDBLite	mobidb-lite	consensus disorder prediction	112	133	-	T	26-06-2023	-	-
SRIF01000015.1_103	222342cd9ec791425e719a2339e89035	79	MobiDBLite	mobidb-lite	consensus disorder prediction	1	16	-	T	26-06-2023	-	-
SRIF01000015.1_103	222342cd9ec791425e719a2339e89035	79	MobiDBLite	mobidb-lite	consensus disorder prediction	1	24	-	T	26-06-2023	-	-
SRIF01000015.1_47	af3f2ce216193483ad8c2a285326bb9c	269	MobiDBLite	mobidb-lite	consensus disorder prediction	136	155	-	T	26-06-2023	-	-
SRIF01000015.1_47	af3f2ce216193483ad8c2a285326bb9c	269	MobiDBLite	mobidb-lite	consensus disorder prediction	238	269	-	T	26-06-2023	-	-
SRIF01000015.1_100	7cf2bc7ce6e2448fda10f303a29b75f3	101	MobiDBLite	mobidb-lite	consensus disorder prediction	1	25	-	T	26-06-2023	-	-
SRIF01000015.1_100	7cf2bc7ce6e2448fda10f303a29b75f3	101	MobiDBLite	mobidb-lite	consensus disorder prediction	1	24	-	T	26-06-2023	-	-
SRIF01000015.1_82	6e4deee19fea18222c3e1ce37b9862b5	164	PANTHER	PTHR38138	VNG6441H	3	55	5.4E-10	T	26-06-2023	-	-
SRIF01000015.1_82	6e4deee19fea18222c3e1ce37b9862b5	164	NCBIfam	TIGR02537	archaeal flagellin N-terminal-like domain	12	33	0.0016	T	26-06-2023	IPR013373	Flagellin/pilin, N-terminal site, archaea
SRIF01000015.1_82	6e4deee19fea18222c3e1ce37b9862b5	164	Pfam	PF07790	Archaeal Type IV pilin, N-terminal	11	106	4.5E-25	T	26-06-2023	IPR012859	Archaeal Type IV pilin, N-terminal
SRIF01000015.1_3	2dc113e9c40b3550c7621566c9a5dad0	126	MobiDBLite	mobidb-lite	consensus disorder prediction	1	73	-	T	26-06-2023	-	-
SRIF01000015.1_3	2dc113e9c40b3550c7621566c9a5dad0	126	MobiDBLite	mobidb-lite	consensus disorder prediction	38	54	-	T	26-06-2023	-	-
SRIF01000015.1_3	2dc113e9c40b3550c7621566c9a5dad0	126	MobiDBLite	mobidb-lite	consensus disorder prediction	1	28	-	T	26-06-2023	-	-
SRIF01000015.1_3	2dc113e9c40b3550c7621566c9a5dad0	126	MobiDBLite	mobidb-lite	consensus disorder prediction	55	73	-	T	26-06-2023	-	-
SRIF01000015.1_74	aeed392f946f5a2ce060d654002e2ce2	351	MobiDBLite	mobidb-lite	consensus disorder prediction	31	73	-	T	26-06-2023	-	-
SRIF01000015.1_74	aeed392f946f5a2ce060d654002e2ce2	351	MobiDBLite	mobidb-lite	consensus disorder prediction	26	73	-	T	26-06-2023	-	-
SRIF01000015.1_55	176fbe44944a5147596fa123d8f70d47	319	Pfam	PF17207	MCM OB domain	95	218	6.9E-14	T	26-06-2023	IPR033762	MCM OB domain
SRIF01000015.1_55	176fbe44944a5147596fa123d8f70d47	319	Gene3D	G3DSA:2.20.28.10	-	120	172	3.1E-22	T	26-06-2023	-	-
SRIF01000015.1_55	176fbe44944a5147596fa123d8f70d47	319	PANTHER	PTHR11630	DNA REPLICATION LICENSING FACTOR MCM FAMILY MEMBER	24	247	5.7E-17	T	26-06-2023	IPR031327	Mini-chromosome maintenance protein
SRIF01000015.1_55	176fbe44944a5147596fa123d8f70d47	319	SUPERFAMILY	SSF50249	Nucleic acid-binding proteins	21	234	9.42E-25	T	26-06-2023	IPR012340	Nucleic acid-binding, OB-fold
SRIF01000015.1_55	176fbe44944a5147596fa123d8f70d47	319	Gene3D	G3DSA:2.40.50.140	-	95	219	3.1E-22	T	26-06-2023	IPR012340	Nucleic acid-binding, OB-fold
SRIF01000015.1_55	176fbe44944a5147596fa123d8f70d47	319	Gene3D	G3DSA:3.30.1640.10	-	2	87	1.3E-9	T	26-06-2023	-	-
SRIF01000015.1_8	f45d512d3aefdedcd9f636845e6e479c	102	SUPERFAMILY	SSF46785	"Winged helix" DNA-binding domain	6	92	6.3E-12	T	26-06-2023	IPR036390	Winged helix DNA-binding domain superfamily
SRIF01000015.1_8	f45d512d3aefdedcd9f636845e6e479c	102	Gene3D	G3DSA:1.10.10.10	-	20	100	3.6E-9	T	26-06-2023	IPR036388	Winged helix-like DNA-binding domain superfamily
SRIF01000015.1_8	f45d512d3aefdedcd9f636845e6e479c	102	Pfam	PF03551	Transcriptional regulator PadR-like family	29	88	3.6E-11	T	26-06-2023	IPR005149	Transcription regulator PadR, N-terminal
SRIF01000015.1_87	3941f3f1687fb7adeda8e9519b55d6b9	331	Gene3D	G3DSA:3.40.50.300	-	17	181	8.1E-51	T	26-06-2023	IPR027417	P-loop containing nucleoside triphosphate hydrolase
SRIF01000015.1_87	3941f3f1687fb7adeda8e9519b55d6b9	331	SUPERFAMILY	SSF52540	P-loop containing nucleoside triphosphate hydrolases	3	240	5.57E-35	T	26-06-2023	IPR027417	P-loop containing nucleoside triphosphate hydrolase
SRIF01000015.1_87	3941f3f1687fb7adeda8e9519b55d6b9	331	PANTHER	PTHR10763	CELL DIVISION CONTROL PROTEIN 6-RELATED	7	249	7.5E-21	T	26-06-2023	-	-
SRIF01000015.1_87	3941f3f1687fb7adeda8e9519b55d6b9	331	Pfam	PF13401	AAA domain	42	154	2.9E-11	T	26-06-2023	IPR003593	AAA+ ATPase domain
SRIF01000015.1_87	3941f3f1687fb7adeda8e9519b55d6b9	331	SMART	SM00382	AAA_5	39	177	2.1E-8	T	26-06-2023	IPR003593	AAA+ ATPase domain
SRIF01000015.1_87	3941f3f1687fb7adeda8e9519b55d6b9	331	Gene3D	G3DSA:1.10.8.60	-	7	249	8.1E-51	T	26-06-2023	-	-
SRIF01000015.1_16	4d5fdcacc016ae86f127a2535cb56a43	416	MobiDBLite	mobidb-lite	consensus disorder prediction	298	325	-	T	26-06-2023	-	-
SRIF01000015.1_16	4d5fdcacc016ae86f127a2535cb56a43	416	Coils	Coil	Coil	378	398	-	T	26-06-2023	-	-
SRIF01000015.1_16	4d5fdcacc016ae86f127a2535cb56a43	416	MobiDBLite	mobidb-lite	consensus disorder prediction	296	325	-	T	26-06-2023	-	-
SRIF01000015.1_20	39291f5f7f66a914685b02e9263088e3	46	MobiDBLite	mobidb-lite	consensus disorder prediction	1	21	-	T	26-06-2023	-	-
SRIF01000015.1_22	23d8962719adde022bcc38a237ae3e8c	238	SUPERFAMILY	SSF55729	Acyl-CoA N-acyltransferases (Nat)	23	183	2.66E-12	T	26-06-2023	IPR016181	Acyl-CoA N-acyltransferase
SRIF01000015.1_22	23d8962719adde022bcc38a237ae3e8c	238	CDD	cd04301	NAT_SF	100	143	6.54652E-4	T	26-06-2023	-	-
SRIF01000015.1_22	23d8962719adde022bcc38a237ae3e8c	238	Gene3D	G3DSA:3.40.630.30	-	29	189	3.1E-11	T	26-06-2023	-	-
SRIF01000015.1_90	fe2fd284acc9e49022199ef81ff76fcb	122	Gene3D	G3DSA:1.10.10.10	-	21	118	8.8E-7	T	26-06-2023	IPR036388	Winged helix-like DNA-binding domain superfamily
SRIF01000015.1_56	8f3537a9187ecd4804da5723beb05616	816	Coils	Coil	Coil	367	387	-	T	26-06-2023	-	-
SRIF01000015.1_56	8f3537a9187ecd4804da5723beb05616	816	Gene3D	G3DSA:3.40.50.300	-	387	570	1.3E-7	T	26-06-2023	IPR027417	P-loop containing nucleoside triphosphate hydrolase
SRIF01000015.1_60	8f1f32d65dd98c4ad4d7a2824cee9b85	356	MobiDBLite	mobidb-lite	consensus disorder prediction	322	356	-	T	26-06-2023	-	-
SRIF01000015.1_60	8f1f32d65dd98c4ad4d7a2824cee9b85	356	Coils	Coil	Coil	251	285	-	T	26-06-2023	-	-
SRIF01000015.1_60	8f1f32d65dd98c4ad4d7a2824cee9b85	356	MobiDBLite	mobidb-lite	consensus disorder prediction	322	350	-	T	26-06-2023	-	-
SRIF01000015.1_14	ec255d19dbf31bf4edc0f1ea1f35400a	48	MobiDBLite	mobidb-lite	consensus disorder prediction	1	22	-	T	26-06-2023	-	-
SRIF01000015.1_7	fba2d7cdfb7a94d07d6a59a72c4b9c34	88	Coils	Coil	Coil	63	83	-	T	26-06-2023	-	-
SRIF01000015.1_7	fba2d7cdfb7a94d07d6a59a72c4b9c34	88	Coils	Coil	Coil	34	54	-	T	26-06-2023	-	-
SRIF01000015.1_34	f921f7ef8113c0fff1927add220389a3	34	MobiDBLite	mobidb-lite	consensus disorder prediction	1	34	-	T	26-06-2023	-	-
SRIF01000015.1_34	f921f7ef8113c0fff1927add220389a3	34	MobiDBLite	mobidb-lite	consensus disorder prediction	18	34	-	T	26-06-2023	-	-
SRIF01000015.1_96	aedcb11908350b7fddde5c168e885f5d	68	MobiDBLite	mobidb-lite	consensus disorder prediction	40	68	-	T	26-06-2023	-	-
SRIF01000015.1_75	406d079f669570eff157833ff021d3ba	246	CDD	cd00397	DNA_BRE_C	36	230	1.77687E-12	T	26-06-2023	-	-
SRIF01000015.1_75	406d079f669570eff157833ff021d3ba	246	ProSiteProfiles	PS51898	Tyrosine recombinase domain profile.	27	242	19.312866	T	26-06-2023	IPR002104	Integrase, catalytic domain
SRIF01000015.1_75	406d079f669570eff157833ff021d3ba	246	MobiDBLite	mobidb-lite	consensus disorder prediction	1	24	-	T	26-06-2023	-	-
SRIF01000015.1_75	406d079f669570eff157833ff021d3ba	246	SUPERFAMILY	SSF56349	DNA breaking-rejoining enzymes	30	243	5.59E-21	T	26-06-2023	IPR011010	DNA breaking-rejoining enzyme, catalytic core
SRIF01000015.1_75	406d079f669570eff157833ff021d3ba	246	Gene3D	G3DSA:1.10.443.10	Intergrase catalytic core	24	245	2.6E-21	T	26-06-2023	IPR013762	Integrase-like, catalytic domain superfamily
SRIF01000015.1_75	406d079f669570eff157833ff021d3ba	246	Pfam	PF00589	Phage integrase family	35	231	8.5E-14	T	26-06-2023	IPR002104	Integrase, catalytic domain
