Tyrell_NODE_42_length_52436_cov_43.400050_49	62769b4dae291346a420a25a043a49f0	244	Pfam	PF01507	Phosphoadenosine phosphosulfate reductase family	40	220	5.4E-19	T	26-06-2023	IPR002500	Phosphoadenosine phosphosulphate reductase
Tyrell_NODE_42_length_52436_cov_43.400050_49	62769b4dae291346a420a25a043a49f0	244	SUPERFAMILY	SSF52402	Adenine nucleotide alpha hydrolases-like	16	192	2.17E-28	T	26-06-2023	-	-
Tyrell_NODE_42_length_52436_cov_43.400050_49	62769b4dae291346a420a25a043a49f0	244	Gene3D	G3DSA:3.40.50.620	HUPs	7	223	3.3E-28	T	26-06-2023	IPR014729	Rossmann-like alpha/beta/alpha sandwich fold
Tyrell_NODE_42_length_52436_cov_43.400050_49	62769b4dae291346a420a25a043a49f0	244	CDD	cd01713	PAPS_reductase	39	192	3.34039E-24	T	26-06-2023	IPR002500	Phosphoadenosine phosphosulphate reductase
Tyrell_NODE_42_length_52436_cov_43.400050_49	62769b4dae291346a420a25a043a49f0	244	PANTHER	PTHR43196	SULFATE ADENYLYLTRANSFERASE SUBUNIT 2	11	220	1.5E-23	T	26-06-2023	-	-
Tyrell_NODE_42_length_52436_cov_43.400050_70	f902310b0549005520c70fa516c21c40	485	Gene3D	G3DSA:3.40.50.150	Vaccinia Virus protein VP39	1	209	5.7E-48	T	26-06-2023	IPR029063	S-adenosyl-L-methionine-dependent methyltransferase superfamily
Tyrell_NODE_42_length_52436_cov_43.400050_70	f902310b0549005520c70fa516c21c40	485	Pfam	PF00145	C-5 cytosine-specific DNA methylase	420	469	1.5E-11	T	26-06-2023	IPR001525	C-5 cytosine methyltransferase
Tyrell_NODE_42_length_52436_cov_43.400050_70	f902310b0549005520c70fa516c21c40	485	Pfam	PF00145	C-5 cytosine-specific DNA methylase	6	189	5.1E-24	T	26-06-2023	IPR001525	C-5 cytosine methyltransferase
Tyrell_NODE_42_length_52436_cov_43.400050_70	f902310b0549005520c70fa516c21c40	485	PRINTS	PR00105	Cytosine-specific DNA methyltransferase signature	6	22	1.8E-9	T	26-06-2023	IPR001525	C-5 cytosine methyltransferase
Tyrell_NODE_42_length_52436_cov_43.400050_70	f902310b0549005520c70fa516c21c40	485	PRINTS	PR00105	Cytosine-specific DNA methyltransferase signature	115	129	1.8E-9	T	26-06-2023	IPR001525	C-5 cytosine methyltransferase
Tyrell_NODE_42_length_52436_cov_43.400050_70	f902310b0549005520c70fa516c21c40	485	PRINTS	PR00105	Cytosine-specific DNA methyltransferase signature	170	183	1.8E-9	T	26-06-2023	IPR001525	C-5 cytosine methyltransferase
Tyrell_NODE_42_length_52436_cov_43.400050_70	f902310b0549005520c70fa516c21c40	485	PANTHER	PTHR10629	CYTOSINE-SPECIFIC METHYLTRANSFERASE	3	468	8.4E-44	T	26-06-2023	-	-
Tyrell_NODE_42_length_52436_cov_43.400050_70	f902310b0549005520c70fa516c21c40	485	SUPERFAMILY	SSF53335	S-adenosyl-L-methionine-dependent methyltransferases	4	469	2.35E-66	T	26-06-2023	IPR029063	S-adenosyl-L-methionine-dependent methyltransferase superfamily
Tyrell_NODE_42_length_52436_cov_43.400050_70	f902310b0549005520c70fa516c21c40	485	MobiDBLite	mobidb-lite	consensus disorder prediction	287	321	-	T	26-06-2023	-	-
Tyrell_NODE_42_length_52436_cov_43.400050_70	f902310b0549005520c70fa516c21c40	485	ProSiteProfiles	PS51679	C-5 cytosine-specific DNA methylase (Dnmt) domain profile.	5	475	34.304718	T	26-06-2023	IPR001525	C-5 cytosine methyltransferase
Tyrell_NODE_42_length_52436_cov_43.400050_70	f902310b0549005520c70fa516c21c40	485	Gene3D	G3DSA:3.90.120.10	DNA Methylase, subunit A, domain 2	305	461	1.5E-15	T	26-06-2023	-	-
Tyrell_NODE_42_length_52436_cov_43.400050_55	7c440899ebfaa2500e4fc7c7468212b3	56	SUPERFAMILY	SSF46785	"Winged helix" DNA-binding domain	4	53	2.36E-5	T	26-06-2023	IPR036390	Winged helix DNA-binding domain superfamily
Tyrell_NODE_42_length_52436_cov_43.400050_29	6b8904746d580dd510d72fb7e80e2438	414	ProSiteProfiles	PS51898	Tyrosine recombinase domain profile.	129	317	21.299734	T	26-06-2023	IPR002104	Integrase, catalytic domain
Tyrell_NODE_42_length_52436_cov_43.400050_29	6b8904746d580dd510d72fb7e80e2438	414	CDD	cd00397	DNA_BRE_C	138	298	1.18243E-17	T	26-06-2023	-	-
Tyrell_NODE_42_length_52436_cov_43.400050_29	6b8904746d580dd510d72fb7e80e2438	414	Pfam	PF00589	Phage integrase family	134	294	4.5E-13	T	26-06-2023	IPR002104	Integrase, catalytic domain
Tyrell_NODE_42_length_52436_cov_43.400050_29	6b8904746d580dd510d72fb7e80e2438	414	Gene3D	G3DSA:1.10.443.10	Intergrase catalytic core	130	321	6.5E-25	T	26-06-2023	IPR013762	Integrase-like, catalytic domain superfamily
Tyrell_NODE_42_length_52436_cov_43.400050_29	6b8904746d580dd510d72fb7e80e2438	414	ProSiteProfiles	PS51900	Core-binding (CB) domain profile.	28	111	9.617247	T	26-06-2023	IPR044068	Core-binding (CB) domain
Tyrell_NODE_42_length_52436_cov_43.400050_29	6b8904746d580dd510d72fb7e80e2438	414	SUPERFAMILY	SSF56349	DNA breaking-rejoining enzymes	132	314	1.41E-24	T	26-06-2023	IPR011010	DNA breaking-rejoining enzyme, catalytic core
Tyrell_NODE_42_length_52436_cov_43.400050_73	1ea42a48bcfc560d87e967eb6ace1ba1	344	MobiDBLite	mobidb-lite	consensus disorder prediction	273	331	-	T	26-06-2023	-	-
Tyrell_NODE_42_length_52436_cov_43.400050_73	1ea42a48bcfc560d87e967eb6ace1ba1	344	MobiDBLite	mobidb-lite	consensus disorder prediction	277	306	-	T	26-06-2023	-	-
Tyrell_NODE_42_length_52436_cov_43.400050_73	1ea42a48bcfc560d87e967eb6ace1ba1	344	MobiDBLite	mobidb-lite	consensus disorder prediction	196	222	-	T	26-06-2023	-	-
Tyrell_NODE_42_length_52436_cov_43.400050_73	1ea42a48bcfc560d87e967eb6ace1ba1	344	MobiDBLite	mobidb-lite	consensus disorder prediction	311	325	-	T	26-06-2023	-	-
Tyrell_NODE_42_length_52436_cov_43.400050_76	2d596717d24f1fa825822a8a61a5b27c	281	CDD	cd02042	ParAB_family	9	222	1.94532E-15	T	26-06-2023	-	-
Tyrell_NODE_42_length_52436_cov_43.400050_76	2d596717d24f1fa825822a8a61a5b27c	281	PANTHER	PTHR13696	P-LOOP CONTAINING NUCLEOSIDE TRIPHOSPHATE HYDROLASE	4	253	1.1E-23	T	26-06-2023	-	-
Tyrell_NODE_42_length_52436_cov_43.400050_76	2d596717d24f1fa825822a8a61a5b27c	281	Gene3D	G3DSA:3.40.50.300	-	5	279	4.3E-41	T	26-06-2023	IPR027417	P-loop containing nucleoside triphosphate hydrolase
Tyrell_NODE_42_length_52436_cov_43.400050_76	2d596717d24f1fa825822a8a61a5b27c	281	Pfam	PF13614	AAA domain	8	189	3.7E-17	T	26-06-2023	IPR025669	AAA domain
Tyrell_NODE_42_length_52436_cov_43.400050_76	2d596717d24f1fa825822a8a61a5b27c	281	SUPERFAMILY	SSF52540	P-loop containing nucleoside triphosphate hydrolases	2	252	5.44E-32	T	26-06-2023	IPR027417	P-loop containing nucleoside triphosphate hydrolase
Tyrell_NODE_42_length_52436_cov_43.400050_28	14255453b6c03fd421a3648314d96be0	274	Pfam	PF07505	Protein of unknown function (DUF5131)	4	235	2.2E-58	T	26-06-2023	IPR011101	Protein of unknown function DUF5131
Tyrell_NODE_42_length_52436_cov_43.400050_47	897c665d28d89b4a14001070655c84d4	446	Gene3D	G3DSA:3.40.50.620	HUPs	1	256	4.8E-28	T	26-06-2023	IPR014729	Rossmann-like alpha/beta/alpha sandwich fold
Tyrell_NODE_42_length_52436_cov_43.400050_47	897c665d28d89b4a14001070655c84d4	446	Pfam	PF11922	Domain of unknown function (DUF3440)	249	350	9.6E-21	T	26-06-2023	IPR021845	Protein of unknown function DUF3440
Tyrell_NODE_42_length_52436_cov_43.400050_47	897c665d28d89b4a14001070655c84d4	446	Pfam	PF01507	Phosphoadenosine phosphosulfate reductase family	30	81	3.0E-5	T	26-06-2023	IPR002500	Phosphoadenosine phosphosulphate reductase
Tyrell_NODE_42_length_52436_cov_43.400050_47	897c665d28d89b4a14001070655c84d4	446	Pfam	PF01507	Phosphoadenosine phosphosulfate reductase family	197	245	1.5E-7	T	26-06-2023	IPR002500	Phosphoadenosine phosphosulphate reductase
Tyrell_NODE_42_length_52436_cov_43.400050_47	897c665d28d89b4a14001070655c84d4	446	SUPERFAMILY	SSF52402	Adenine nucleotide alpha hydrolases-like	5	244	5.71E-29	T	26-06-2023	-	-
Tyrell_NODE_42_length_52436_cov_43.400050_47	897c665d28d89b4a14001070655c84d4	446	Coils	Coil	Coil	64	84	-	T	26-06-2023	-	-
Tyrell_NODE_42_length_52436_cov_43.400050_47	897c665d28d89b4a14001070655c84d4	446	CDD	cd01713	PAPS_reductase	29	244	1.28991E-22	T	26-06-2023	IPR002500	Phosphoadenosine phosphosulphate reductase
Tyrell_NODE_42_length_52436_cov_43.400050_47	897c665d28d89b4a14001070655c84d4	446	PANTHER	PTHR30083	UNCHARACTERIZED	1	420	1.6E-107	T	26-06-2023	-	-
Tyrell_NODE_42_length_52436_cov_43.400050_27	1f75cf4ff14278d18d8fcabf444f19a9	182	Coils	Coil	Coil	36	77	-	T	26-06-2023	-	-
Tyrell_NODE_42_length_52436_cov_43.400050_77	38ced9b3e15810ec0aa88d65faad7b7b	219	MobiDBLite	mobidb-lite	consensus disorder prediction	1	17	-	T	26-06-2023	-	-
Tyrell_NODE_42_length_52436_cov_43.400050_77	38ced9b3e15810ec0aa88d65faad7b7b	219	MobiDBLite	mobidb-lite	consensus disorder prediction	1	24	-	T	26-06-2023	-	-
Tyrell_NODE_42_length_52436_cov_43.400050_25	39f15e686662efceaeca55e1ec4a3dfa	444	Gene3D	G3DSA:3.10.28.10	Homing endonucleases	11	123	4.9E-5	T	26-06-2023	IPR027434	Homing endonuclease
Tyrell_NODE_42_length_52436_cov_43.400050_25	39f15e686662efceaeca55e1ec4a3dfa	444	MobiDBLite	mobidb-lite	consensus disorder prediction	293	313	-	T	26-06-2023	-	-
Tyrell_NODE_42_length_52436_cov_43.400050_25	39f15e686662efceaeca55e1ec4a3dfa	444	Pfam	PF03161	LAGLIDADG DNA endonuclease family	40	147	8.0E-9	T	26-06-2023	IPR004860	Homing endonuclease, LAGLIDADG
Tyrell_NODE_42_length_52436_cov_43.400050_25	39f15e686662efceaeca55e1ec4a3dfa	444	SUPERFAMILY	SSF55608	Homing endonucleases	32	155	1.98E-10	T	26-06-2023	IPR027434	Homing endonuclease
Tyrell_NODE_42_length_52436_cov_43.400050_46	bacb39209aa4ce37631094065c4fb9e8	236	SUPERFAMILY	SSF110849	ParB/Sulfiredoxin	67	197	3.84E-24	T	26-06-2023	IPR036086	ParB/Sulfiredoxin superfamily
Tyrell_NODE_42_length_52436_cov_43.400050_46	bacb39209aa4ce37631094065c4fb9e8	236	Gene3D	G3DSA:3.90.1530.10	-	58	165	1.5E-9	T	26-06-2023	-	-
Tyrell_NODE_42_length_52436_cov_43.400050_46	bacb39209aa4ce37631094065c4fb9e8	236	CDD	cd16397	IbrB_like	64	163	2.42966E-48	T	26-06-2023	-	-
Tyrell_NODE_42_length_52436_cov_43.400050_46	bacb39209aa4ce37631094065c4fb9e8	236	Pfam	PF02195	ParB/Sulfiredoxin domain	70	163	1.0E-11	T	26-06-2023	IPR003115	ParB/Sulfiredoxin
Tyrell_NODE_42_length_52436_cov_43.400050_46	bacb39209aa4ce37631094065c4fb9e8	236	PANTHER	PTHR30083	UNCHARACTERIZED	46	205	1.5E-14	T	26-06-2023	-	-
Tyrell_NODE_42_length_52436_cov_43.400050_46	bacb39209aa4ce37631094065c4fb9e8	236	SMART	SM00470	ParB_7	69	164	0.0022	T	26-06-2023	IPR003115	ParB/Sulfiredoxin
Tyrell_NODE_42_length_52436_cov_43.400050_59	25739228cacfeec833170c2b4c9205b9	95	Gene3D	G3DSA:1.10.10.10	-	1	78	2.4E-25	T	26-06-2023	IPR036388	Winged helix-like DNA-binding domain superfamily
Tyrell_NODE_42_length_52436_cov_43.400050_59	25739228cacfeec833170c2b4c9205b9	95	MobiDBLite	mobidb-lite	consensus disorder prediction	69	95	-	T	26-06-2023	-	-
Tyrell_NODE_42_length_52436_cov_43.400050_14	889750c2429010e418f6822d91eeeb5f	749	MobiDBLite	mobidb-lite	consensus disorder prediction	1	20	-	T	26-06-2023	-	-
Tyrell_NODE_42_length_52436_cov_43.400050_14	889750c2429010e418f6822d91eeeb5f	749	MobiDBLite	mobidb-lite	consensus disorder prediction	728	749	-	T	26-06-2023	-	-
Tyrell_NODE_42_length_52436_cov_43.400050_20	c9448ac06b5cc3d732779f4f0dc67e78	101	MobiDBLite	mobidb-lite	consensus disorder prediction	1	22	-	T	26-06-2023	-	-
Tyrell_NODE_42_length_52436_cov_43.400050_69	4077a2472d57ac34a7f26ceb961973f5	111	Gene3D	G3DSA:1.10.10.10	-	39	104	1.3E-5	T	26-06-2023	IPR036388	Winged helix-like DNA-binding domain superfamily
Tyrell_NODE_42_length_52436_cov_43.400050_69	4077a2472d57ac34a7f26ceb961973f5	111	SUPERFAMILY	SSF46894	C-terminal effector domain of the bipartite response regulators	49	105	7.14E-5	T	26-06-2023	IPR016032	Signal transduction response regulator, C-terminal effector
Tyrell_NODE_42_length_52436_cov_43.400050_24	e987566a62fc6e1c4c7408b12d02a611	172	MobiDBLite	mobidb-lite	consensus disorder prediction	144	172	-	T	26-06-2023	-	-
Tyrell_NODE_42_length_52436_cov_43.400050_65	2ec8285d1d38b0db6851f0e3a8a9fa99	134	SUPERFAMILY	SSF52309	N-(deoxy)ribosyltransferase-like	4	101	2.38E-5	T	26-06-2023	-	-
Tyrell_NODE_42_length_52436_cov_43.400050_1	14b5444db8e336107afe85f47408840d	968	PANTHER	PTHR34512	CELL SURFACE PROTEIN	3	106	1.1E-12	T	26-06-2023	-	-
Tyrell_NODE_42_length_52436_cov_43.400050_1	14b5444db8e336107afe85f47408840d	968	Coils	Coil	Coil	149	169	-	T	26-06-2023	-	-
Tyrell_NODE_42_length_52436_cov_43.400050_1	14b5444db8e336107afe85f47408840d	968	SUPERFAMILY	SSF50998	Quinoprotein alcohol dehydrogenase-like	1	97	1.44E-27	T	26-06-2023	IPR011047	Quinoprotein alcohol dehydrogenase-like superfamily
Tyrell_NODE_42_length_52436_cov_43.400050_1	14b5444db8e336107afe85f47408840d	968	Pfam	PF13360	PQQ-like domain	1	97	4.5E-16	T	26-06-2023	IPR002372	Pyrrolo-quinoline quinone repeat
Tyrell_NODE_42_length_52436_cov_43.400050_1	14b5444db8e336107afe85f47408840d	968	Gene3D	G3DSA:2.130.10.10	-	1	158	2.5E-32	T	26-06-2023	IPR015943	WD40/YVTN repeat-like-containing domain superfamily
Tyrell_NODE_42_length_52436_cov_43.400050_1	14b5444db8e336107afe85f47408840d	968	SMART	SM00564	ire1_9	1	27	0.029	T	26-06-2023	IPR018391	Pyrrolo-quinoline quinone beta-propeller repeat
Tyrell_NODE_42_length_52436_cov_43.400050_1	14b5444db8e336107afe85f47408840d	968	SMART	SM00564	ire1_9	75	112	32.0	T	26-06-2023	IPR018391	Pyrrolo-quinoline quinone beta-propeller repeat
Tyrell_NODE_42_length_52436_cov_43.400050_1	14b5444db8e336107afe85f47408840d	968	SMART	SM00564	ire1_9	35	67	6.0E-8	T	26-06-2023	IPR018391	Pyrrolo-quinoline quinone beta-propeller repeat
Tyrell_NODE_42_length_52436_cov_43.400050_3	6430d229b6069fd1617e12fcb47c2157	540	PRINTS	PR00723	Subtilisin serine protease family (S8) signature	201	220	7.8E-13	T	26-06-2023	IPR015500	Peptidase S8, subtilisin-related
Tyrell_NODE_42_length_52436_cov_43.400050_3	6430d229b6069fd1617e12fcb47c2157	540	PRINTS	PR00723	Subtilisin serine protease family (S8) signature	439	455	7.8E-13	T	26-06-2023	IPR015500	Peptidase S8, subtilisin-related
Tyrell_NODE_42_length_52436_cov_43.400050_3	6430d229b6069fd1617e12fcb47c2157	540	PRINTS	PR00723	Subtilisin serine protease family (S8) signature	257	270	7.8E-13	T	26-06-2023	IPR015500	Peptidase S8, subtilisin-related
Tyrell_NODE_42_length_52436_cov_43.400050_3	6430d229b6069fd1617e12fcb47c2157	540	ProSiteProfiles	PS51892	Serine proteases, subtilase domain profile.	182	499	28.795776	T	26-06-2023	-	-
Tyrell_NODE_42_length_52436_cov_43.400050_3	6430d229b6069fd1617e12fcb47c2157	540	SUPERFAMILY	SSF52743	Subtilisin-like	187	499	3.93E-50	T	26-06-2023	IPR036852	Peptidase S8/S53 domain superfamily
Tyrell_NODE_42_length_52436_cov_43.400050_3	6430d229b6069fd1617e12fcb47c2157	540	Gene3D	G3DSA:3.40.50.200	Peptidase S8/S53 domain	153	501	1.2E-53	T	26-06-2023	IPR036852	Peptidase S8/S53 domain superfamily
Tyrell_NODE_42_length_52436_cov_43.400050_3	6430d229b6069fd1617e12fcb47c2157	540	PANTHER	PTHR43806	PEPTIDASE S8	109	464	1.2E-37	T	26-06-2023	-	-
Tyrell_NODE_42_length_52436_cov_43.400050_3	6430d229b6069fd1617e12fcb47c2157	540	Pfam	PF00082	Subtilase family	201	466	6.9E-37	T	26-06-2023	IPR000209	Peptidase S8/S53 domain
Tyrell_NODE_42_length_52436_cov_43.400050_35	6216ca8f75bb86c088b8c276067775fe	62	MobiDBLite	mobidb-lite	consensus disorder prediction	36	62	-	T	26-06-2023	-	-
Tyrell_NODE_42_length_52436_cov_43.400050_75	8a41fe8e6ead8f31c9a2f7f8128eeffb	129	MobiDBLite	mobidb-lite	consensus disorder prediction	24	39	-	T	26-06-2023	-	-
Tyrell_NODE_42_length_52436_cov_43.400050_75	8a41fe8e6ead8f31c9a2f7f8128eeffb	129	MobiDBLite	mobidb-lite	consensus disorder prediction	1	49	-	T	26-06-2023	-	-
Tyrell_NODE_42_length_52436_cov_43.400050_67	b4ef19b02aaec5045f4841c94cfc39c3	126	SUPERFAMILY	SSF88697	PUA domain-like	2	110	5.63E-12	T	26-06-2023	IPR015947	PUA-like superfamily
Tyrell_NODE_42_length_52436_cov_43.400050_67	b4ef19b02aaec5045f4841c94cfc39c3	126	CDD	cd06552	ASCH_yqfb_like	1	109	3.51649E-23	T	26-06-2023	-	-
Tyrell_NODE_42_length_52436_cov_43.400050_67	b4ef19b02aaec5045f4841c94cfc39c3	126	Pfam	PF04266	ASCH domain	4	110	2.7E-10	T	26-06-2023	IPR007374	ASCH domain
Tyrell_NODE_42_length_52436_cov_43.400050_67	b4ef19b02aaec5045f4841c94cfc39c3	126	Gene3D	G3DSA:2.30.130.30	Hypothetical protein.	1	110	9.7E-8	T	26-06-2023	-	-
Tyrell_NODE_42_length_52436_cov_43.400050_67	b4ef19b02aaec5045f4841c94cfc39c3	126	SMART	SM01022	ASCH_2	1	111	6.9E-8	T	26-06-2023	IPR007374	ASCH domain
Tyrell_NODE_42_length_52436_cov_43.400050_31	4978bc7f14bc97a1ea4fc8a09cfffa10	109	ProSiteProfiles	PS50076	dnaJ domain profile.	54	109	10.300786	T	26-06-2023	IPR001623	DnaJ domain
Tyrell_NODE_42_length_52436_cov_43.400050_31	4978bc7f14bc97a1ea4fc8a09cfffa10	109	SMART	SM00271	dnaj_3	53	107	0.0037	T	26-06-2023	IPR001623	DnaJ domain
Tyrell_NODE_42_length_52436_cov_43.400050_31	4978bc7f14bc97a1ea4fc8a09cfffa10	109	Gene3D	G3DSA:1.10.287.110	DnaJ domain	44	105	3.7E-12	T	26-06-2023	IPR036869	Chaperone J-domain superfamily
Tyrell_NODE_42_length_52436_cov_43.400050_31	4978bc7f14bc97a1ea4fc8a09cfffa10	109	MobiDBLite	mobidb-lite	consensus disorder prediction	24	109	-	T	26-06-2023	-	-
Tyrell_NODE_42_length_52436_cov_43.400050_31	4978bc7f14bc97a1ea4fc8a09cfffa10	109	Pfam	PF00226	DnaJ domain	56	101	2.6E-8	T	26-06-2023	IPR001623	DnaJ domain
Tyrell_NODE_42_length_52436_cov_43.400050_31	4978bc7f14bc97a1ea4fc8a09cfffa10	109	MobiDBLite	mobidb-lite	consensus disorder prediction	62	97	-	T	26-06-2023	-	-
Tyrell_NODE_42_length_52436_cov_43.400050_31	4978bc7f14bc97a1ea4fc8a09cfffa10	109	CDD	cd06257	DnaJ	56	100	1.96764E-9	T	26-06-2023	IPR001623	DnaJ domain
Tyrell_NODE_42_length_52436_cov_43.400050_31	4978bc7f14bc97a1ea4fc8a09cfffa10	109	SUPERFAMILY	SSF46565	Chaperone J-domain	55	104	6.15E-12	T	26-06-2023	IPR036869	Chaperone J-domain superfamily
Tyrell_NODE_42_length_52436_cov_43.400050_42	6ad231a6c37329280e9e6a1205fc98af	73	SUPERFAMILY	SSF46785	"Winged helix" DNA-binding domain	13	66	4.77E-6	T	26-06-2023	IPR036390	Winged helix DNA-binding domain superfamily
Tyrell_NODE_42_length_52436_cov_43.400050_42	6ad231a6c37329280e9e6a1205fc98af	73	Gene3D	G3DSA:1.10.10.10	-	2	72	7.2E-7	T	26-06-2023	IPR036388	Winged helix-like DNA-binding domain superfamily
Tyrell_NODE_42_length_52436_cov_43.400050_42	6ad231a6c37329280e9e6a1205fc98af	73	Pfam	PF04703	FaeA-like protein	15	71	3.8E-5	T	26-06-2023	IPR006793	FaeA-like protein
Tyrell_NODE_42_length_52436_cov_43.400050_72	a3e48dc272f3c7465d20730b1f9f52e9	80	MobiDBLite	mobidb-lite	consensus disorder prediction	1	32	-	T	26-06-2023	-	-
Tyrell_NODE_42_length_52436_cov_43.400050_72	a3e48dc272f3c7465d20730b1f9f52e9	80	MobiDBLite	mobidb-lite	consensus disorder prediction	1	15	-	T	26-06-2023	-	-
Tyrell_NODE_42_length_52436_cov_43.400050_22	dd07caf5a952f8b8fe97e8dc4c137825	241	SMART	SM00857	resolvase_6	4	150	2.5E-40	T	26-06-2023	IPR006119	Resolvase, N-terminal catalytic domain
Tyrell_NODE_42_length_52436_cov_43.400050_22	dd07caf5a952f8b8fe97e8dc4c137825	241	PANTHER	PTHR30461	DNA-INVERTASE FROM LAMBDOID PROPHAGE	4	164	1.8E-29	T	26-06-2023	-	-
Tyrell_NODE_42_length_52436_cov_43.400050_22	dd07caf5a952f8b8fe97e8dc4c137825	241	ProSitePatterns	PS00397	Site-specific recombinases active site.	7	15	-	T	26-06-2023	IPR006118	Recombinase, conserved site
Tyrell_NODE_42_length_52436_cov_43.400050_22	dd07caf5a952f8b8fe97e8dc4c137825	241	SUPERFAMILY	SSF53041	Resolvase-like	4	150	3.14E-28	T	26-06-2023	IPR036162	Resolvase-like, N-terminal catalytic domain superfamily
Tyrell_NODE_42_length_52436_cov_43.400050_22	dd07caf5a952f8b8fe97e8dc4c137825	241	ProSiteProfiles	PS51736	Resolvase/invertase-type recombinase catalytic domain profile.	3	148	24.273436	T	26-06-2023	IPR006119	Resolvase, N-terminal catalytic domain
Tyrell_NODE_42_length_52436_cov_43.400050_22	dd07caf5a952f8b8fe97e8dc4c137825	241	Pfam	PF00239	Resolvase, N terminal domain	5	150	1.8E-31	T	26-06-2023	IPR006119	Resolvase, N-terminal catalytic domain
Tyrell_NODE_42_length_52436_cov_43.400050_22	dd07caf5a952f8b8fe97e8dc4c137825	241	Gene3D	G3DSA:3.40.50.1390	-	3	155	1.2E-36	T	26-06-2023	IPR036162	Resolvase-like, N-terminal catalytic domain superfamily
Tyrell_NODE_42_length_52436_cov_43.400050_22	dd07caf5a952f8b8fe97e8dc4c137825	241	CDD	cd00338	Ser_Recombinase	6	137	6.16977E-29	T	26-06-2023	-	-
Tyrell_NODE_42_length_52436_cov_43.400050_30	bf769110cd2896262ad8d66b8b461c5f	50	Coils	Coil	Coil	34	50	-	T	26-06-2023	-	-
Tyrell_NODE_42_length_52436_cov_43.400050_71	be9dcd4c2d1c2ce3fc14f16ea9e70f47	57	MobiDBLite	mobidb-lite	consensus disorder prediction	34	57	-	T	26-06-2023	-	-
Tyrell_NODE_42_length_52436_cov_43.400050_39	33d68f0c5ee7078f1e33347d54887698	83	MobiDBLite	mobidb-lite	consensus disorder prediction	1	20	-	T	26-06-2023	-	-
Tyrell_NODE_42_length_52436_cov_43.400050_43	8985b56692953cb52178996c71fb3329	92	SUPERFAMILY	SSF46785	"Winged helix" DNA-binding domain	18	84	2.68E-6	T	26-06-2023	IPR036390	Winged helix DNA-binding domain superfamily
Tyrell_NODE_42_length_52436_cov_43.400050_15	b3c0e13fca6bdc3701d8d57b4200bc70	57	MobiDBLite	mobidb-lite	consensus disorder prediction	33	57	-	T	26-06-2023	-	-
Tyrell_NODE_42_length_52436_cov_43.400050_21	13b8447e1f949964108596a699bbf2ff	164	Coils	Coil	Coil	135	164	-	T	26-06-2023	-	-
Tyrell_NODE_42_length_52436_cov_43.400050_66	176014accc6f79e45ccafbe0537b15a4	133	Gene3D	G3DSA:1.10.287.1080	-	20	116	4.6E-9	T	26-06-2023	-	-
Tyrell_NODE_42_length_52436_cov_43.400050_66	176014accc6f79e45ccafbe0537b15a4	133	SUPERFAMILY	SSF101386	all-alpha NTP pyrophosphatases	24	112	1.6E-11	T	26-06-2023	-	-
Tyrell_NODE_42_length_52436_cov_43.400050_17	de1b03500d35541b5da55ca3c2784b5a	323	Coils	Coil	Coil	231	272	-	T	26-06-2023	-	-
Tyrell_NODE_42_length_52436_cov_43.400050_17	de1b03500d35541b5da55ca3c2784b5a	323	MobiDBLite	mobidb-lite	consensus disorder prediction	292	323	-	T	26-06-2023	-	-
Tyrell_NODE_42_length_52436_cov_43.400050_17	de1b03500d35541b5da55ca3c2784b5a	323	MobiDBLite	mobidb-lite	consensus disorder prediction	1	23	-	T	26-06-2023	-	-
Tyrell_NODE_42_length_52436_cov_43.400050_44	da661b770474c0e5f62cfa09c3c825d6	245	MobiDBLite	mobidb-lite	consensus disorder prediction	53	98	-	T	26-06-2023	-	-
Tyrell_NODE_42_length_52436_cov_43.400050_44	da661b770474c0e5f62cfa09c3c825d6	245	Coils	Coil	Coil	245	245	-	T	26-06-2023	-	-
Tyrell_NODE_42_length_52436_cov_43.400050_44	da661b770474c0e5f62cfa09c3c825d6	245	Gene3D	G3DSA:3.40.390.10	Collagenase (Catalytic Domain)	101	242	5.1E-8	T	26-06-2023	IPR024079	Metallopeptidase, catalytic domain superfamily
Tyrell_NODE_42_length_52436_cov_43.400050_44	da661b770474c0e5f62cfa09c3c825d6	245	SUPERFAMILY	SSF55486	Metalloproteases ("zincins"), catalytic domain	117	239	4.55E-10	T	26-06-2023	-	-
Tyrell_NODE_42_length_52436_cov_43.400050_44	da661b770474c0e5f62cfa09c3c825d6	245	Pfam	PF00413	Matrixin	121	239	3.4E-6	T	26-06-2023	IPR001818	Peptidase M10, metallopeptidase
Tyrell_NODE_42_length_52436_cov_43.400050_44	da661b770474c0e5f62cfa09c3c825d6	245	MobiDBLite	mobidb-lite	consensus disorder prediction	34	99	-	T	26-06-2023	-	-
Tyrell_NODE_42_length_52436_cov_43.400050_36	fb2135ae9e3a9e67c92a7156df61c6c5	269	Gene3D	G3DSA:3.70.10.10	-	13	266	3.4E-23	T	26-06-2023	-	-
Tyrell_NODE_42_length_52436_cov_43.400050_36	fb2135ae9e3a9e67c92a7156df61c6c5	269	Pfam	PF00705	Proliferating cell nuclear antigen, N-terminal domain	41	105	1.0E-5	T	26-06-2023	IPR022648	Proliferating cell nuclear antigen, PCNA, N-terminal
Tyrell_NODE_42_length_52436_cov_43.400050_36	fb2135ae9e3a9e67c92a7156df61c6c5	269	SUPERFAMILY	SSF55979	DNA clamp	25	264	2.09E-12	T	26-06-2023	IPR046938	DNA clamp superfamily
Tyrell_NODE_42_length_52436_cov_43.400050_2	027cce7703df1b24d61c2cc0d04fbc98	248	NCBIfam	TIGR01409	twin-arginine translocation signal domain	4	33	0.0035	T	26-06-2023	IPR019546	Twin-arginine translocation pathway, signal sequence, bacterial/archaeal
Tyrell_NODE_42_length_52436_cov_43.400050_2	027cce7703df1b24d61c2cc0d04fbc98	248	ProSiteProfiles	PS51318	Twin arginine translocation (Tat) signal profile.	1	36	9.283926	T	26-06-2023	IPR006311	Twin-arginine translocation pathway, signal sequence
Tyrell_NODE_42_length_52436_cov_43.400050_10	9cf73981a0d195074da234b13cf57d09	302	Coils	Coil	Coil	273	293	-	T	26-06-2023	-	-
Tyrell_NODE_42_length_52436_cov_43.400050_10	9cf73981a0d195074da234b13cf57d09	302	Coils	Coil	Coil	118	138	-	T	26-06-2023	-	-
Tyrell_NODE_42_length_52436_cov_43.400050_26	96aa66f389faa01f6767e52202d4d92e	688	Pfam	PF00493	MCM P-loop domain	259	479	8.7E-78	T	26-06-2023	IPR001208	MCM domain
Tyrell_NODE_42_length_52436_cov_43.400050_26	96aa66f389faa01f6767e52202d4d92e	688	SUPERFAMILY	SSF52540	P-loop containing nucleoside triphosphate hydrolases	281	609	1.18E-35	T	26-06-2023	IPR027417	P-loop containing nucleoside triphosphate hydrolase
Tyrell_NODE_42_length_52436_cov_43.400050_26	96aa66f389faa01f6767e52202d4d92e	688	SUPERFAMILY	SSF50249	Nucleic acid-binding proteins	17	223	1.88E-41	T	26-06-2023	IPR012340	Nucleic acid-binding, OB-fold
Tyrell_NODE_42_length_52436_cov_43.400050_26	96aa66f389faa01f6767e52202d4d92e	688	Gene3D	G3DSA:2.20.28.10	-	125	174	2.5E-34	T	26-06-2023	-	-
Tyrell_NODE_42_length_52436_cov_43.400050_26	96aa66f389faa01f6767e52202d4d92e	688	SMART	SM00350	mcm	89	598	8.6E-107	T	26-06-2023	IPR031327	Mini-chromosome maintenance protein
Tyrell_NODE_42_length_52436_cov_43.400050_26	96aa66f389faa01f6767e52202d4d92e	688	PANTHER	PTHR11630	DNA REPLICATION LICENSING FACTOR MCM FAMILY MEMBER	7	650	1.1E-166	T	26-06-2023	IPR031327	Mini-chromosome maintenance protein
Tyrell_NODE_42_length_52436_cov_43.400050_26	96aa66f389faa01f6767e52202d4d92e	688	PRINTS	PR01657	Mini-chromosome maintenance (MCM) protein family signature	401	414	7.1E-26	T	26-06-2023	IPR001208	MCM domain
Tyrell_NODE_42_length_52436_cov_43.400050_26	96aa66f389faa01f6767e52202d4d92e	688	PRINTS	PR01657	Mini-chromosome maintenance (MCM) protein family signature	373	387	7.1E-26	T	26-06-2023	IPR001208	MCM domain
Tyrell_NODE_42_length_52436_cov_43.400050_26	96aa66f389faa01f6767e52202d4d92e	688	PRINTS	PR01657	Mini-chromosome maintenance (MCM) protein family signature	312	327	7.1E-26	T	26-06-2023	IPR001208	MCM domain
Tyrell_NODE_42_length_52436_cov_43.400050_26	96aa66f389faa01f6767e52202d4d92e	688	PRINTS	PR01657	Mini-chromosome maintenance (MCM) protein family signature	452	460	7.1E-26	T	26-06-2023	IPR001208	MCM domain
Tyrell_NODE_42_length_52436_cov_43.400050_26	96aa66f389faa01f6767e52202d4d92e	688	PRINTS	PR01657	Mini-chromosome maintenance (MCM) protein family signature	425	437	7.1E-26	T	26-06-2023	IPR001208	MCM domain
Tyrell_NODE_42_length_52436_cov_43.400050_26	96aa66f389faa01f6767e52202d4d92e	688	FunFam	G3DSA:3.40.50.300:FF:002469	Cell division control protein 21	253	603	2.4E-88	T	26-06-2023	-	-
Tyrell_NODE_42_length_52436_cov_43.400050_26	96aa66f389faa01f6767e52202d4d92e	688	Pfam	PF17207	MCM OB domain	102	222	4.9E-26	T	26-06-2023	IPR033762	MCM OB domain
Tyrell_NODE_42_length_52436_cov_43.400050_26	96aa66f389faa01f6767e52202d4d92e	688	FunFam	G3DSA:2.20.28.10:FF:000003	DNA helicase	127	174	1.8E-5	T	26-06-2023	-	-
Tyrell_NODE_42_length_52436_cov_43.400050_26	96aa66f389faa01f6767e52202d4d92e	688	Gene3D	G3DSA:3.30.1640.10	-	1	92	2.2E-22	T	26-06-2023	-	-
Tyrell_NODE_42_length_52436_cov_43.400050_26	96aa66f389faa01f6767e52202d4d92e	688	Gene3D	G3DSA:3.40.50.300	-	258	602	1.4E-107	T	26-06-2023	IPR027417	P-loop containing nucleoside triphosphate hydrolase
Tyrell_NODE_42_length_52436_cov_43.400050_26	96aa66f389faa01f6767e52202d4d92e	688	ProSiteProfiles	PS50051	MCM family domain profile.	271	478	65.606979	T	26-06-2023	IPR001208	MCM domain
Tyrell_NODE_42_length_52436_cov_43.400050_26	96aa66f389faa01f6767e52202d4d92e	688	Gene3D	G3DSA:1.10.10.10	-	603	686	3.2E-20	T	26-06-2023	IPR036388	Winged helix-like DNA-binding domain superfamily
Tyrell_NODE_42_length_52436_cov_43.400050_26	96aa66f389faa01f6767e52202d4d92e	688	Pfam	PF17855	MCM AAA-lid domain	510	597	2.4E-23	T	26-06-2023	IPR041562	MCM, AAA-lid domain
Tyrell_NODE_42_length_52436_cov_43.400050_26	96aa66f389faa01f6767e52202d4d92e	688	Gene3D	G3DSA:2.40.50.140	-	102	227	2.5E-34	T	26-06-2023	IPR012340	Nucleic acid-binding, OB-fold
Tyrell_NODE_42_length_52436_cov_43.400050_33	e69e684b0652573d45a479c3b7ad80cf	57	MobiDBLite	mobidb-lite	consensus disorder prediction	1	34	-	T	26-06-2023	-	-
Tyrell_NODE_42_length_52436_cov_43.400050_57	45d3fcfc4089a70f9b757d5f53cb8f7a	101	Pfam	PF20126	Family of unknown function (DUF6516)	13	89	2.0E-15	T	26-06-2023	IPR045397	Protein of unknown function DUF6516
Tyrell_NODE_42_length_52436_cov_43.400050_58	3da19c804f43c75369bb6f2b4588b18a	90	Gene3D	G3DSA:1.10.10.10	-	1	82	5.4E-23	T	26-06-2023	IPR036388	Winged helix-like DNA-binding domain superfamily
Tyrell_NODE_42_length_52436_cov_43.400050_58	3da19c804f43c75369bb6f2b4588b18a	90	SUPERFAMILY	SSF46785	"Winged helix" DNA-binding domain	12	73	1.44E-8	T	26-06-2023	IPR036390	Winged helix DNA-binding domain superfamily
Tyrell_NODE_42_length_52436_cov_43.400050_16	9d1e7bd5ec0e38d3696628331dfaaaf1	117	Coils	Coil	Coil	78	112	-	T	26-06-2023	-	-
Tyrell_NODE_42_length_52436_cov_43.400050_56	b81cf733a4205165936a5d31b36cf7fe	134	Gene3D	G3DSA:1.10.10.10	-	48	118	1.9E-5	T	26-06-2023	IPR036388	Winged helix-like DNA-binding domain superfamily
Tyrell_NODE_42_length_52436_cov_43.400050_56	b81cf733a4205165936a5d31b36cf7fe	134	SUPERFAMILY	SSF46785	"Winged helix" DNA-binding domain	50	96	4.97E-5	T	26-06-2023	IPR036390	Winged helix DNA-binding domain superfamily
Tyrell_NODE_42_length_52436_cov_43.400050_68	845a9e8973db78dd010b6e2be0013727	78	MobiDBLite	mobidb-lite	consensus disorder prediction	40	78	-	T	26-06-2023	-	-
Tyrell_NODE_42_length_52436_cov_43.400050_68	845a9e8973db78dd010b6e2be0013727	78	Pfam	PF07505	Protein of unknown function (DUF5131)	3	68	4.7E-17	T	26-06-2023	IPR011101	Protein of unknown function DUF5131
Tyrell_NODE_42_length_52436_cov_43.400050_74	fa9ab8b3f37e0037eaeec3bff7306afc	138	MobiDBLite	mobidb-lite	consensus disorder prediction	1	37	-	T	26-06-2023	-	-
Tyrell_NODE_42_length_52436_cov_43.400050_74	fa9ab8b3f37e0037eaeec3bff7306afc	138	MobiDBLite	mobidb-lite	consensus disorder prediction	1	38	-	T	26-06-2023	-	-
Tyrell_NODE_42_length_52436_cov_43.400050_45	39e746e306f50d8d81eeb883e6b3a98f	67	MobiDBLite	mobidb-lite	consensus disorder prediction	1	44	-	T	26-06-2023	-	-
Tyrell_NODE_42_length_52436_cov_43.400050_45	39e746e306f50d8d81eeb883e6b3a98f	67	MobiDBLite	mobidb-lite	consensus disorder prediction	1	43	-	T	26-06-2023	-	-
Tyrell_NODE_42_length_52436_cov_43.400050_45	39e746e306f50d8d81eeb883e6b3a98f	67	NCBIfam	TIGR04126	PGF-CTERM protein-sorting domain	40	66	1.4E-7	T	26-06-2023	IPR026371	PGF-CTERM archaeal protein-sorting signal
Tyrell_NODE_42_length_52436_cov_43.400050_60	c9ebd952b5e358f2f214834018e58f30	97	MobiDBLite	mobidb-lite	consensus disorder prediction	1	33	-	T	26-06-2023	-	-
Tyrell_NODE_42_length_52436_cov_43.400050_40	bf0eb3b1560225beefecd237faebe74a	117	MobiDBLite	mobidb-lite	consensus disorder prediction	1	26	-	T	26-06-2023	-	-
Tyrell_NODE_42_length_52436_cov_43.400050_63	17b342cc7bfec4e16b8497162c337c61	274	Gene3D	G3DSA:3.70.10.10	-	15	267	2.9E-35	T	26-06-2023	-	-
Tyrell_NODE_42_length_52436_cov_43.400050_63	17b342cc7bfec4e16b8497162c337c61	274	SUPERFAMILY	SSF55979	DNA clamp	22	265	8.43E-12	T	26-06-2023	IPR046938	DNA clamp superfamily
Tyrell_NODE_42_length_52436_cov_43.400050_18	a9d8678dfa601f6108c4d7a8c6089e25	523	MobiDBLite	mobidb-lite	consensus disorder prediction	118	140	-	T	26-06-2023	-	-
Tyrell_NODE_42_length_52436_cov_43.400050_62	a2b4d35d492c358e845411a4516ba120	74	MobiDBLite	mobidb-lite	consensus disorder prediction	1	38	-	T	26-06-2023	-	-
Tyrell_NODE_42_length_52436_cov_43.400050_78	28717bfab9771b51694a80568c02457c	323	Pfam	PF13360	PQQ-like domain	200	323	5.8E-26	T	26-06-2023	IPR002372	Pyrrolo-quinoline quinone repeat
Tyrell_NODE_42_length_52436_cov_43.400050_78	28717bfab9771b51694a80568c02457c	323	Pfam	PF13360	PQQ-like domain	41	174	1.4E-27	T	26-06-2023	IPR002372	Pyrrolo-quinoline quinone repeat
Tyrell_NODE_42_length_52436_cov_43.400050_78	28717bfab9771b51694a80568c02457c	323	PANTHER	PTHR32303	QUINOPROTEIN ALCOHOL DEHYDROGENASE (CYTOCHROME C)	169	214	5.4E-52	T	26-06-2023	-	-
Tyrell_NODE_42_length_52436_cov_43.400050_78	28717bfab9771b51694a80568c02457c	323	Gene3D	G3DSA:2.130.10.10	-	39	137	1.3E-30	T	26-06-2023	IPR015943	WD40/YVTN repeat-like-containing domain superfamily
Tyrell_NODE_42_length_52436_cov_43.400050_78	28717bfab9771b51694a80568c02457c	323	Gene3D	G3DSA:2.130.10.10	-	138	255	1.4E-44	T	26-06-2023	IPR015943	WD40/YVTN repeat-like-containing domain superfamily
Tyrell_NODE_42_length_52436_cov_43.400050_78	28717bfab9771b51694a80568c02457c	323	SUPERFAMILY	SSF50998	Quinoprotein alcohol dehydrogenase-like	128	322	1.96E-52	T	26-06-2023	IPR011047	Quinoprotein alcohol dehydrogenase-like superfamily
Tyrell_NODE_42_length_52436_cov_43.400050_78	28717bfab9771b51694a80568c02457c	323	Gene3D	G3DSA:2.40.128.630	-	256	323	1.5E-23	T	26-06-2023	-	-
Tyrell_NODE_42_length_52436_cov_43.400050_78	28717bfab9771b51694a80568c02457c	323	SUPERFAMILY	SSF50998	Quinoprotein alcohol dehydrogenase-like	33	173	9.02E-30	T	26-06-2023	IPR011047	Quinoprotein alcohol dehydrogenase-like superfamily
Tyrell_NODE_42_length_52436_cov_43.400050_78	28717bfab9771b51694a80568c02457c	323	SMART	SM00564	ire1_9	301	323	60.0	T	26-06-2023	IPR018391	Pyrrolo-quinoline quinone beta-propeller repeat
Tyrell_NODE_42_length_52436_cov_43.400050_78	28717bfab9771b51694a80568c02457c	323	SMART	SM00564	ire1_9	181	213	2.8E-8	T	26-06-2023	IPR018391	Pyrrolo-quinoline quinone beta-propeller repeat
Tyrell_NODE_42_length_52436_cov_43.400050_78	28717bfab9771b51694a80568c02457c	323	SMART	SM00564	ire1_9	100	131	1.7E-5	T	26-06-2023	IPR018391	Pyrrolo-quinoline quinone beta-propeller repeat
Tyrell_NODE_42_length_52436_cov_43.400050_78	28717bfab9771b51694a80568c02457c	323	SMART	SM00564	ire1_9	142	173	1.3E-7	T	26-06-2023	IPR018391	Pyrrolo-quinoline quinone beta-propeller repeat
Tyrell_NODE_42_length_52436_cov_43.400050_78	28717bfab9771b51694a80568c02457c	323	SMART	SM00564	ire1_9	59	91	4.0E-8	T	26-06-2023	IPR018391	Pyrrolo-quinoline quinone beta-propeller repeat
Tyrell_NODE_42_length_52436_cov_43.400050_78	28717bfab9771b51694a80568c02457c	323	SMART	SM00564	ire1_9	261	293	9.4E-8	T	26-06-2023	IPR018391	Pyrrolo-quinoline quinone beta-propeller repeat
Tyrell_NODE_42_length_52436_cov_43.400050_78	28717bfab9771b51694a80568c02457c	323	SMART	SM00564	ire1_9	221	253	8.8E-9	T	26-06-2023	IPR018391	Pyrrolo-quinoline quinone beta-propeller repeat
