WOWA01000007.1_29	8b332a8ca3e598707082f276684d50d3	106	MobiDBLite	mobidb-lite	consensus disorder prediction	1	34	-	T	26-06-2023	-	-
WOWA01000007.1_29	8b332a8ca3e598707082f276684d50d3	106	MobiDBLite	mobidb-lite	consensus disorder prediction	15	29	-	T	26-06-2023	-	-
WOWA01000007.1_6	c227c79e5c442a2ef1f2bec5724fa1e4	293	PANTHER	PTHR13696	P-LOOP CONTAINING NUCLEOSIDE TRIPHOSPHATE HYDROLASE	4	286	3.8E-40	T	26-06-2023	-	-
WOWA01000007.1_6	c227c79e5c442a2ef1f2bec5724fa1e4	293	Pfam	PF13614	AAA domain	10	175	2.6E-29	T	26-06-2023	IPR025669	AAA domain
WOWA01000007.1_6	c227c79e5c442a2ef1f2bec5724fa1e4	293	SUPERFAMILY	SSF52540	P-loop containing nucleoside triphosphate hydrolases	9	288	3.55E-33	T	26-06-2023	IPR027417	P-loop containing nucleoside triphosphate hydrolase
WOWA01000007.1_6	c227c79e5c442a2ef1f2bec5724fa1e4	293	Gene3D	G3DSA:3.40.50.300	-	2	286	5.4E-47	T	26-06-2023	IPR027417	P-loop containing nucleoside triphosphate hydrolase
WOWA01000007.1_6	c227c79e5c442a2ef1f2bec5724fa1e4	293	CDD	cd02042	ParAB_family	11	214	4.71404E-18	T	26-06-2023	-	-
WOWA01000007.1_46	f636234575eda47a6e71b08057a0a741	38	SUPERFAMILY	SSF57716	Glucocorticoid receptor-like (DNA-binding domain)	3	35	2.63E-5	T	26-06-2023	-	-
WOWA01000007.1_30	a4cedcbbe5da77fa4d1b3b980e341a48	220	Coils	Coil	Coil	135	169	-	T	26-06-2023	-	-
WOWA01000007.1_30	a4cedcbbe5da77fa4d1b3b980e341a48	220	MobiDBLite	mobidb-lite	consensus disorder prediction	1	46	-	T	26-06-2023	-	-
WOWA01000007.1_64	91d53eec7440bada52756f47552d12e7	96	Gene3D	G3DSA:1.10.10.10	-	1	84	2.7E-16	T	26-06-2023	IPR036388	Winged helix-like DNA-binding domain superfamily
WOWA01000007.1_64	91d53eec7440bada52756f47552d12e7	96	SUPERFAMILY	SSF46785	"Winged helix" DNA-binding domain	34	75	3.84E-7	T	26-06-2023	IPR036390	Winged helix DNA-binding domain superfamily
WOWA01000007.1_57	af28d2ba9b789a571dd7bcde8121e74c	1192	SMART	SM00564	ire1_9	201	234	450.0	T	26-06-2023	IPR018391	Pyrrolo-quinoline quinone beta-propeller repeat
WOWA01000007.1_57	af28d2ba9b789a571dd7bcde8121e74c	1192	SMART	SM00564	ire1_9	47	79	0.026	T	26-06-2023	IPR018391	Pyrrolo-quinoline quinone beta-propeller repeat
WOWA01000007.1_57	af28d2ba9b789a571dd7bcde8121e74c	1192	SUPERFAMILY	SSF50998	Quinoprotein alcohol dehydrogenase-like	40	235	3.77E-15	T	26-06-2023	IPR011047	Quinoprotein alcohol dehydrogenase-like superfamily
WOWA01000007.1_57	af28d2ba9b789a571dd7bcde8121e74c	1192	Pfam	PF13360	PQQ-like domain	47	158	2.9E-5	T	26-06-2023	IPR002372	Pyrrolo-quinoline quinone repeat
WOWA01000007.1_57	af28d2ba9b789a571dd7bcde8121e74c	1192	Gene3D	G3DSA:2.130.10.10	-	38	315	1.9E-16	T	26-06-2023	IPR015943	WD40/YVTN repeat-like-containing domain superfamily
WOWA01000007.1_57	af28d2ba9b789a571dd7bcde8121e74c	1192	Coils	Coil	Coil	737	764	-	T	26-06-2023	-	-
WOWA01000007.1_57	af28d2ba9b789a571dd7bcde8121e74c	1192	Coils	Coil	Coil	780	814	-	T	26-06-2023	-	-
WOWA01000007.1_57	af28d2ba9b789a571dd7bcde8121e74c	1192	Gene3D	G3DSA:1.20.58.60	-	673	819	3.9E-5	T	26-06-2023	-	-
WOWA01000007.1_5	c0c3e2a5451eb6f5611a87052fd0debc	275	Pfam	PF01609	Transposase DDE domain	111	269	3.7E-21	T	26-06-2023	IPR002559	Transposase IS4-like domain
WOWA01000007.1_5	c0c3e2a5451eb6f5611a87052fd0debc	275	NCBIfam	NF033579	IS5 family transposase	27	270	1.5E-80	T	26-06-2023	-	-
WOWA01000007.1_76	b32f5bace282045b755b8ec5ba023504	32	Coils	Coil	Coil	19	32	-	T	26-06-2023	-	-
WOWA01000007.1_26	28654ac75e558efc93a9429e7e5edd2a	140	MobiDBLite	mobidb-lite	consensus disorder prediction	115	140	-	T	26-06-2023	-	-
WOWA01000007.1_26	28654ac75e558efc93a9429e7e5edd2a	140	MobiDBLite	mobidb-lite	consensus disorder prediction	40	75	-	T	26-06-2023	-	-
WOWA01000007.1_36	e48adf65d6b83859656e652670d639ab	323	Coils	Coil	Coil	242	283	-	T	26-06-2023	-	-
WOWA01000007.1_36	e48adf65d6b83859656e652670d639ab	323	MobiDBLite	mobidb-lite	consensus disorder prediction	260	323	-	T	26-06-2023	-	-
WOWA01000007.1_36	e48adf65d6b83859656e652670d639ab	323	MobiDBLite	mobidb-lite	consensus disorder prediction	260	292	-	T	26-06-2023	-	-
WOWA01000007.1_33	a6aa6fcb05d9593df33ace9a7454f8ce	127	Gene3D	G3DSA:1.10.150.20	-	66	126	4.3E-6	T	26-06-2023	-	-
WOWA01000007.1_33	a6aa6fcb05d9593df33ace9a7454f8ce	127	SUPERFAMILY	SSF47781	RuvA domain 2-like	76	123	1.49E-6	T	26-06-2023	IPR010994	RuvA domain 2-like
WOWA01000007.1_34	8d5b22b53ecf2c1760f8995a32dc2af8	613	Coils	Coil	Coil	545	565	-	T	26-06-2023	-	-
WOWA01000007.1_39	0695d1e46da5ecf0e8f76f06dbc0f00d	166	MobiDBLite	mobidb-lite	consensus disorder prediction	144	166	-	T	26-06-2023	-	-
WOWA01000007.1_39	0695d1e46da5ecf0e8f76f06dbc0f00d	166	Coils	Coil	Coil	1	21	-	T	26-06-2023	-	-
WOWA01000007.1_38	5e218ad67c925b06d524ca670d55225a	731	Gene3D	G3DSA:3.40.50.300	-	364	547	1.1E-6	T	26-06-2023	IPR027417	P-loop containing nucleoside triphosphate hydrolase
WOWA01000007.1_38	5e218ad67c925b06d524ca670d55225a	731	MobiDBLite	mobidb-lite	consensus disorder prediction	1	29	-	T	26-06-2023	-	-
WOWA01000007.1_38	5e218ad67c925b06d524ca670d55225a	731	MobiDBLite	mobidb-lite	consensus disorder prediction	13	29	-	T	26-06-2023	-	-
WOWA01000007.1_38	5e218ad67c925b06d524ca670d55225a	731	SUPERFAMILY	SSF52540	P-loop containing nucleoside triphosphate hydrolases	186	519	3.7E-9	T	26-06-2023	IPR027417	P-loop containing nucleoside triphosphate hydrolase
WOWA01000007.1_10	3a896e2b163df0ae3fa9ef2bb6c32486	89	MobiDBLite	mobidb-lite	consensus disorder prediction	1	23	-	T	26-06-2023	-	-
WOWA01000007.1_74	656357c0a26644e2bf5aca64da4c1d7f	92	MobiDBLite	mobidb-lite	consensus disorder prediction	8	26	-	T	26-06-2023	-	-
WOWA01000007.1_74	656357c0a26644e2bf5aca64da4c1d7f	92	MobiDBLite	mobidb-lite	consensus disorder prediction	1	26	-	T	26-06-2023	-	-
WOWA01000007.1_75	653802347b819f193e0db74a93e04c04	102	MobiDBLite	mobidb-lite	consensus disorder prediction	1	17	-	T	26-06-2023	-	-
WOWA01000007.1_75	653802347b819f193e0db74a93e04c04	102	MobiDBLite	mobidb-lite	consensus disorder prediction	1	23	-	T	26-06-2023	-	-
WOWA01000007.1_53	86eadf3984e4f1ab6be2845fa9beeee7	431	MobiDBLite	mobidb-lite	consensus disorder prediction	1	20	-	T	26-06-2023	-	-
WOWA01000007.1_53	86eadf3984e4f1ab6be2845fa9beeee7	431	Gene3D	G3DSA:2.160.20.10	-	62	262	2.8E-7	T	26-06-2023	IPR012334	Pectin lyase fold
WOWA01000007.1_53	86eadf3984e4f1ab6be2845fa9beeee7	431	SUPERFAMILY	SSF51126	Pectin lyase-like	92	280	3.51E-10	T	26-06-2023	IPR011050	Pectin lyase fold/virulence factor
WOWA01000007.1_63	9072b79693af7f3ee96a51c08e91c307	95	MobiDBLite	mobidb-lite	consensus disorder prediction	1	21	-	T	26-06-2023	-	-
WOWA01000007.1_17	fa25960588a40a97dd1168967f4fc9d6	144	Coils	Coil	Coil	42	65	-	T	26-06-2023	-	-
WOWA01000007.1_50	30b3be1fa0acb5bb7b4a1e2fe6f780a0	311	Pfam	PF00535	Glycosyl transferase family 2	23	136	6.4E-9	T	26-06-2023	IPR001173	Glycosyltransferase 2-like
WOWA01000007.1_50	30b3be1fa0acb5bb7b4a1e2fe6f780a0	311	PANTHER	PTHR43179	RHAMNOSYLTRANSFERASE WBBL	17	240	1.4E-11	T	26-06-2023	-	-
WOWA01000007.1_50	30b3be1fa0acb5bb7b4a1e2fe6f780a0	311	Gene3D	G3DSA:3.90.550.10	Spore Coat Polysaccharide Biosynthesis Protein SpsA; Chain A	2	248	1.2E-17	T	26-06-2023	IPR029044	Nucleotide-diphospho-sugar transferases
WOWA01000007.1_50	30b3be1fa0acb5bb7b4a1e2fe6f780a0	311	SUPERFAMILY	SSF53448	Nucleotide-diphospho-sugar transferases	18	251	7.74E-25	T	26-06-2023	IPR029044	Nucleotide-diphospho-sugar transferases
WOWA01000007.1_58	5ac76394074297224cc33b25685a7bf7	227	MobiDBLite	mobidb-lite	consensus disorder prediction	1	50	-	T	26-06-2023	-	-
WOWA01000007.1_58	5ac76394074297224cc33b25685a7bf7	227	MobiDBLite	mobidb-lite	consensus disorder prediction	31	45	-	T	26-06-2023	-	-
WOWA01000007.1_65	811b5cb927e7f5ee73f1ca6af8abecc9	50	MobiDBLite	mobidb-lite	consensus disorder prediction	1	34	-	T	26-06-2023	-	-
WOWA01000007.1_65	811b5cb927e7f5ee73f1ca6af8abecc9	50	MobiDBLite	mobidb-lite	consensus disorder prediction	13	34	-	T	26-06-2023	-	-
WOWA01000007.1_72	a1fb4d28b9181eb2b533b4beb19ea9a5	59	CDD	cd22231	RHH_NikR_HicB-like	17	55	7.92246E-10	T	26-06-2023	-	-
WOWA01000007.1_72	a1fb4d28b9181eb2b533b4beb19ea9a5	59	Pfam	PF17723	Ribbon-Helix-Helix transcriptional regulator family	15	56	3.1E-7	T	26-06-2023	IPR041088	Ribbon-helix-helix transcriptional regulator
WOWA01000007.1_72	a1fb4d28b9181eb2b533b4beb19ea9a5	59	SUPERFAMILY	SSF47598	Ribbon-helix-helix	14	57	2.52E-9	T	26-06-2023	IPR010985	Ribbon-helix-helix
WOWA01000007.1_72	a1fb4d28b9181eb2b533b4beb19ea9a5	59	Gene3D	G3DSA:1.10.1220.10	-	16	59	7.8E-10	T	26-06-2023	IPR013321	Arc-type ribbon-helix-helix
WOWA01000007.1_21	d613aa7dd8d66acaa6e0fd28a9237c70	95	MobiDBLite	mobidb-lite	consensus disorder prediction	74	95	-	T	26-06-2023	-	-
WOWA01000007.1_2	48f7a7176124d42f24cd22ac29bab105	307	Gene3D	G3DSA:3.40.50.150	Vaccinia Virus protein VP39	88	262	2.0E-25	T	26-06-2023	IPR029063	S-adenosyl-L-methionine-dependent methyltransferase superfamily
WOWA01000007.1_2	48f7a7176124d42f24cd22ac29bab105	307	SUPERFAMILY	SSF53335	S-adenosyl-L-methionine-dependent methyltransferases	123	272	1.15E-23	T	26-06-2023	IPR029063	S-adenosyl-L-methionine-dependent methyltransferase superfamily
WOWA01000007.1_2	48f7a7176124d42f24cd22ac29bab105	307	CDD	cd02440	AdoMet_MTases	125	192	0.00157342	T	26-06-2023	-	-
WOWA01000007.1_2	48f7a7176124d42f24cd22ac29bab105	307	Pfam	PF13489	Methyltransferase domain	117	258	2.5E-16	T	26-06-2023	-	-
WOWA01000007.1_14	9c718e3f147c2a714a525b4134691293	491	PRINTS	PR00105	Cytosine-specific DNA methyltransferase signature	6	22	3.2E-6	T	26-06-2023	IPR001525	C-5 cytosine methyltransferase
WOWA01000007.1_14	9c718e3f147c2a714a525b4134691293	491	PRINTS	PR00105	Cytosine-specific DNA methyltransferase signature	115	129	3.2E-6	T	26-06-2023	IPR001525	C-5 cytosine methyltransferase
WOWA01000007.1_14	9c718e3f147c2a714a525b4134691293	491	PRINTS	PR00105	Cytosine-specific DNA methyltransferase signature	170	183	3.2E-6	T	26-06-2023	IPR001525	C-5 cytosine methyltransferase
WOWA01000007.1_14	9c718e3f147c2a714a525b4134691293	491	Pfam	PF00145	C-5 cytosine-specific DNA methylase	8	466	1.0E-33	T	26-06-2023	IPR001525	C-5 cytosine methyltransferase
WOWA01000007.1_14	9c718e3f147c2a714a525b4134691293	491	Gene3D	G3DSA:3.90.120.10	DNA Methylase, subunit A, domain 2	349	458	1.7E-16	T	26-06-2023	-	-
WOWA01000007.1_14	9c718e3f147c2a714a525b4134691293	491	ProSiteProfiles	PS51679	C-5 cytosine-specific DNA methylase (Dnmt) domain profile.	5	473	31.218082	T	26-06-2023	IPR001525	C-5 cytosine methyltransferase
WOWA01000007.1_14	9c718e3f147c2a714a525b4134691293	491	PANTHER	PTHR10629	CYTOSINE-SPECIFIC METHYLTRANSFERASE	6	203	4.7E-39	T	26-06-2023	-	-
WOWA01000007.1_14	9c718e3f147c2a714a525b4134691293	491	SUPERFAMILY	SSF53335	S-adenosyl-L-methionine-dependent methyltransferases	4	466	8.47E-63	T	26-06-2023	IPR029063	S-adenosyl-L-methionine-dependent methyltransferase superfamily
WOWA01000007.1_14	9c718e3f147c2a714a525b4134691293	491	ProSitePatterns	PS00095	C-5 cytosine-specific DNA methylases C-terminal signature.	448	466	-	T	26-06-2023	IPR031303	DNA methylase, C-5 cytosine-specific, conserved site
WOWA01000007.1_14	9c718e3f147c2a714a525b4134691293	491	Gene3D	G3DSA:3.40.50.150	Vaccinia Virus protein VP39	1	211	6.4E-43	T	26-06-2023	IPR029063	S-adenosyl-L-methionine-dependent methyltransferase superfamily
WOWA01000007.1_31	93313611863730057145ba72b09def10	99	MobiDBLite	mobidb-lite	consensus disorder prediction	1	20	-	T	26-06-2023	-	-
WOWA01000007.1_20	c9e7c153e7cceeb08bd3570e5ca94de6	275	Pfam	PF07505	Protein of unknown function (DUF5131)	3	240	7.5E-56	T	26-06-2023	IPR011101	Protein of unknown function DUF5131
WOWA01000007.1_11	a8b90201d6ae01854d4fd6bd18dac81b	99	Gene3D	G3DSA:1.10.10.10	-	2	93	1.3E-8	T	26-06-2023	IPR036388	Winged helix-like DNA-binding domain superfamily
WOWA01000007.1_11	a8b90201d6ae01854d4fd6bd18dac81b	99	Pfam	PF03551	Transcriptional regulator PadR-like family	31	87	6.3E-9	T	26-06-2023	IPR005149	Transcription regulator PadR, N-terminal
WOWA01000007.1_11	a8b90201d6ae01854d4fd6bd18dac81b	99	SUPERFAMILY	SSF46785	"Winged helix" DNA-binding domain	13	88	1.61E-10	T	26-06-2023	IPR036390	Winged helix DNA-binding domain superfamily
WOWA01000007.1_49	9e97c25b29e5c874ea19a9218a7f412c	332	SUPERFAMILY	SSF53649	Alkaline phosphatase-like	4	266	5.01E-11	T	26-06-2023	IPR017850	Alkaline-phosphatase-like, core domain superfamily
WOWA01000007.1_49	9e97c25b29e5c874ea19a9218a7f412c	332	MobiDBLite	mobidb-lite	consensus disorder prediction	296	320	-	T	26-06-2023	-	-
WOWA01000007.1_49	9e97c25b29e5c874ea19a9218a7f412c	332	Pfam	PF01663	Type I phosphodiesterase / nucleotide pyrophosphatase	45	270	7.9E-7	T	26-06-2023	IPR002591	Type I phosphodiesterase/nucleotide pyrophosphatase/phosphate transferase
WOWA01000007.1_49	9e97c25b29e5c874ea19a9218a7f412c	332	Gene3D	G3DSA:3.40.720.10	Alkaline Phosphatase, subunit A	1	290	3.1E-12	T	26-06-2023	IPR017850	Alkaline-phosphatase-like, core domain superfamily
WOWA01000007.1_67	08e65314b3368e31af238c86279a9bac	67	MobiDBLite	mobidb-lite	consensus disorder prediction	1	21	-	T	26-06-2023	-	-
WOWA01000007.1_25	bd4f5926d2daad0d2f3848237f07550c	178	MobiDBLite	mobidb-lite	consensus disorder prediction	22	48	-	T	26-06-2023	-	-
WOWA01000007.1_25	bd4f5926d2daad0d2f3848237f07550c	178	MobiDBLite	mobidb-lite	consensus disorder prediction	1	70	-	T	26-06-2023	-	-
WOWA01000007.1_16	40a24f89e4ac97549874ab7a2ece70bd	255	MobiDBLite	mobidb-lite	consensus disorder prediction	1	48	-	T	26-06-2023	-	-
WOWA01000007.1_16	40a24f89e4ac97549874ab7a2ece70bd	255	MobiDBLite	mobidb-lite	consensus disorder prediction	1	83	-	T	26-06-2023	-	-
WOWA01000007.1_16	40a24f89e4ac97549874ab7a2ece70bd	255	MobiDBLite	mobidb-lite	consensus disorder prediction	49	65	-	T	26-06-2023	-	-
WOWA01000007.1_70	cb9e4e29a6b14cafcbdf5b2b8e4ccbec	70	MobiDBLite	mobidb-lite	consensus disorder prediction	38	70	-	T	26-06-2023	-	-
WOWA01000007.1_70	cb9e4e29a6b14cafcbdf5b2b8e4ccbec	70	MobiDBLite	mobidb-lite	consensus disorder prediction	38	58	-	T	26-06-2023	-	-
WOWA01000007.1_8	b1ff87fc8c0af2308fc75780fee646c9	433	Gene3D	G3DSA:1.10.443.10	Intergrase catalytic core	236	427	2.1E-14	T	26-06-2023	IPR013762	Integrase-like, catalytic domain superfamily
WOWA01000007.1_8	b1ff87fc8c0af2308fc75780fee646c9	433	Gene3D	G3DSA:1.10.150.130	-	117	225	7.7E-5	T	26-06-2023	IPR010998	Integrase/recombinase, N-terminal
WOWA01000007.1_8	b1ff87fc8c0af2308fc75780fee646c9	433	ProSiteProfiles	PS51898	Tyrosine recombinase domain profile.	238	421	15.161441	T	26-06-2023	IPR002104	Integrase, catalytic domain
WOWA01000007.1_8	b1ff87fc8c0af2308fc75780fee646c9	433	SUPERFAMILY	SSF56349	DNA breaking-rejoining enzymes	121	377	4.41E-19	T	26-06-2023	IPR011010	DNA breaking-rejoining enzyme, catalytic core
WOWA01000007.1_8	b1ff87fc8c0af2308fc75780fee646c9	433	MobiDBLite	mobidb-lite	consensus disorder prediction	1	27	-	T	26-06-2023	-	-
WOWA01000007.1_27	2e1aed7cd8798a77b78e8b4b772560ff	211	SMART	SM00507	HNH_5	124	178	1.3E-7	T	26-06-2023	IPR003615	HNH nuclease
WOWA01000007.1_27	2e1aed7cd8798a77b78e8b4b772560ff	211	Gene3D	G3DSA:1.10.30.50	-	55	200	3.6E-10	T	26-06-2023	-	-
WOWA01000007.1_27	2e1aed7cd8798a77b78e8b4b772560ff	211	Pfam	PF01844	HNH endonuclease	141	183	3.6E-10	T	26-06-2023	IPR002711	HNH endonuclease
WOWA01000007.1_27	2e1aed7cd8798a77b78e8b4b772560ff	211	MobiDBLite	mobidb-lite	consensus disorder prediction	91	112	-	T	26-06-2023	-	-
WOWA01000007.1_27	2e1aed7cd8798a77b78e8b4b772560ff	211	CDD	cd00085	HNHc	148	181	3.38783E-7	T	26-06-2023	IPR003615	HNH nuclease
WOWA01000007.1_15	465c381ffff0172ad8dde259fba081f9	269	MobiDBLite	mobidb-lite	consensus disorder prediction	186	214	-	T	26-06-2023	-	-
WOWA01000007.1_15	465c381ffff0172ad8dde259fba081f9	269	MobiDBLite	mobidb-lite	consensus disorder prediction	61	86	-	T	26-06-2023	-	-
WOWA01000007.1_15	465c381ffff0172ad8dde259fba081f9	269	MobiDBLite	mobidb-lite	consensus disorder prediction	148	169	-	T	26-06-2023	-	-
WOWA01000007.1_61	39fb9dc105204c135188aa5b1fbef8d3	105	MobiDBLite	mobidb-lite	consensus disorder prediction	1	24	-	T	26-06-2023	-	-
WOWA01000007.1_55	b57cbc0e2fa8c552a6f0e3befabb1089	524	ProSitePatterns	PS00136	Serine proteases, subtilase family, aspartic acid active site.	191	202	-	T	26-06-2023	IPR023827	Peptidase S8, subtilisin, Asp-active site
WOWA01000007.1_55	b57cbc0e2fa8c552a6f0e3befabb1089	524	ProSiteProfiles	PS51892	Serine proteases, subtilase domain profile.	167	483	31.236153	T	26-06-2023	-	-
WOWA01000007.1_55	b57cbc0e2fa8c552a6f0e3befabb1089	524	Pfam	PF00082	Subtilase family	186	461	2.5E-40	T	26-06-2023	IPR000209	Peptidase S8/S53 domain
WOWA01000007.1_55	b57cbc0e2fa8c552a6f0e3befabb1089	524	SUPERFAMILY	SSF52743	Subtilisin-like	181	477	9.16E-54	T	26-06-2023	IPR036852	Peptidase S8/S53 domain superfamily
WOWA01000007.1_55	b57cbc0e2fa8c552a6f0e3befabb1089	524	PRINTS	PR00723	Subtilisin serine protease family (S8) signature	186	205	2.5E-13	T	26-06-2023	IPR015500	Peptidase S8, subtilisin-related
WOWA01000007.1_55	b57cbc0e2fa8c552a6f0e3befabb1089	524	PRINTS	PR00723	Subtilisin serine protease family (S8) signature	240	253	2.5E-13	T	26-06-2023	IPR015500	Peptidase S8, subtilisin-related
WOWA01000007.1_55	b57cbc0e2fa8c552a6f0e3befabb1089	524	PRINTS	PR00723	Subtilisin serine protease family (S8) signature	423	439	2.5E-13	T	26-06-2023	IPR015500	Peptidase S8, subtilisin-related
WOWA01000007.1_55	b57cbc0e2fa8c552a6f0e3befabb1089	524	Gene3D	G3DSA:3.40.50.200	Peptidase S8/S53 domain	165	479	7.8E-59	T	26-06-2023	IPR036852	Peptidase S8/S53 domain superfamily
WOWA01000007.1_55	b57cbc0e2fa8c552a6f0e3befabb1089	524	PANTHER	PTHR43806	PEPTIDASE S8	116	489	1.0E-43	T	26-06-2023	-	-
WOWA01000007.1_55	b57cbc0e2fa8c552a6f0e3befabb1089	524	ProSitePatterns	PS00138	Serine proteases, subtilase family, serine active site.	424	434	-	T	26-06-2023	IPR023828	Peptidase S8, subtilisin, Ser-active site
WOWA01000007.1_55	b57cbc0e2fa8c552a6f0e3befabb1089	524	ProSitePatterns	PS00137	Serine proteases, subtilase family, histidine active site.	244	254	-	T	26-06-2023	IPR022398	Peptidase S8, subtilisin, His-active site
WOWA01000007.1_12	56f7cfeb38a409c8e51769c68aa345a1	99	MobiDBLite	mobidb-lite	consensus disorder prediction	27	47	-	T	26-06-2023	-	-
WOWA01000007.1_12	56f7cfeb38a409c8e51769c68aa345a1	99	MobiDBLite	mobidb-lite	consensus disorder prediction	15	47	-	T	26-06-2023	-	-
WOWA01000007.1_1	1d4b317125c0fc0bb33d7679283f5844	232	MobiDBLite	mobidb-lite	consensus disorder prediction	189	217	-	T	26-06-2023	-	-
WOWA01000007.1_1	1d4b317125c0fc0bb33d7679283f5844	232	Coils	Coil	Coil	18	66	-	T	26-06-2023	-	-
WOWA01000007.1_1	1d4b317125c0fc0bb33d7679283f5844	232	Coils	Coil	Coil	110	130	-	T	26-06-2023	-	-
WOWA01000007.1_1	1d4b317125c0fc0bb33d7679283f5844	232	MobiDBLite	mobidb-lite	consensus disorder prediction	116	136	-	T	26-06-2023	-	-
WOWA01000007.1_7	facad708f10f10c8d5dd83e2029bafb5	126	MobiDBLite	mobidb-lite	consensus disorder prediction	1	25	-	T	26-06-2023	-	-
WOWA01000007.1_7	facad708f10f10c8d5dd83e2029bafb5	126	MobiDBLite	mobidb-lite	consensus disorder prediction	41	58	-	T	26-06-2023	-	-
WOWA01000007.1_7	facad708f10f10c8d5dd83e2029bafb5	126	MobiDBLite	mobidb-lite	consensus disorder prediction	1	70	-	T	26-06-2023	-	-
