WPCC01000021.1_57	7e570a352f52daa91b362df3f5ee8a5d	1491	SUPERFAMILY	SSF52540	P-loop containing nucleoside triphosphate hydrolases	157	344	2.32E-8	T	26-06-2023	IPR027417	P-loop containing nucleoside triphosphate hydrolase
WPCC01000021.1_57	7e570a352f52daa91b362df3f5ee8a5d	1491	CDD	cd01120	RecA-like_superfamily	206	282	0.00587187	T	26-06-2023	-	-
WPCC01000021.1_50	a56d1ea7d3465efd7cd36c17f8a9db88	377	MobiDBLite	mobidb-lite	consensus disorder prediction	183	243	-	T	26-06-2023	-	-
WPCC01000021.1_50	a56d1ea7d3465efd7cd36c17f8a9db88	377	MobiDBLite	mobidb-lite	consensus disorder prediction	335	356	-	T	26-06-2023	-	-
WPCC01000021.1_50	a56d1ea7d3465efd7cd36c17f8a9db88	377	MobiDBLite	mobidb-lite	consensus disorder prediction	294	319	-	T	26-06-2023	-	-
WPCC01000021.1_50	a56d1ea7d3465efd7cd36c17f8a9db88	377	MobiDBLite	mobidb-lite	consensus disorder prediction	178	319	-	T	26-06-2023	-	-
WPCC01000021.1_47	8073b8d52b548e66a6ea9b17c9fbfed5	539	PANTHER	PTHR14136	UNCHARACTERIZED	153	266	7.1E-52	T	26-06-2023	-	-
WPCC01000021.1_47	8073b8d52b548e66a6ea9b17c9fbfed5	539	Gene3D	G3DSA:2.160.20.80	-	43	161	1.2E-18	T	26-06-2023	-	-
WPCC01000021.1_47	8073b8d52b548e66a6ea9b17c9fbfed5	539	Pfam	PF00805	Pentapeptide repeats (8 copies)	312	337	0.0091	T	26-06-2023	IPR001646	Pentapeptide repeat
WPCC01000021.1_47	8073b8d52b548e66a6ea9b17c9fbfed5	539	Pfam	PF00805	Pentapeptide repeats (8 copies)	270	308	3.8E-11	T	26-06-2023	IPR001646	Pentapeptide repeat
WPCC01000021.1_47	8073b8d52b548e66a6ea9b17c9fbfed5	539	Pfam	PF00805	Pentapeptide repeats (8 copies)	123	158	4.2E-8	T	26-06-2023	IPR001646	Pentapeptide repeat
WPCC01000021.1_47	8073b8d52b548e66a6ea9b17c9fbfed5	539	SUPERFAMILY	SSF141571	Pentapeptide repeat-like	76	225	8.24E-34	T	26-06-2023	-	-
WPCC01000021.1_47	8073b8d52b548e66a6ea9b17c9fbfed5	539	Gene3D	G3DSA:2.160.20.80	-	162	253	1.9E-23	T	26-06-2023	-	-
WPCC01000021.1_47	8073b8d52b548e66a6ea9b17c9fbfed5	539	Pfam	PF07885	Ion channel	456	537	4.0E-12	T	26-06-2023	IPR013099	Potassium channel domain
WPCC01000021.1_47	8073b8d52b548e66a6ea9b17c9fbfed5	539	Pfam	PF13599	Pentapeptide repeats (9 copies)	167	246	3.6E-10	T	26-06-2023	IPR001646	Pentapeptide repeat
WPCC01000021.1_47	8073b8d52b548e66a6ea9b17c9fbfed5	539	SUPERFAMILY	SSF81324	Voltage-gated potassium channels	447	536	3.66E-12	T	26-06-2023	-	-
WPCC01000021.1_47	8073b8d52b548e66a6ea9b17c9fbfed5	539	Gene3D	G3DSA:2.160.20.80	-	254	358	3.2E-20	T	26-06-2023	-	-
WPCC01000021.1_47	8073b8d52b548e66a6ea9b17c9fbfed5	539	SUPERFAMILY	SSF141571	Pentapeptide repeat-like	198	339	1.18E-35	T	26-06-2023	-	-
WPCC01000021.1_47	8073b8d52b548e66a6ea9b17c9fbfed5	539	Gene3D	G3DSA:1.10.287.70	-	438	539	9.0E-12	T	26-06-2023	-	-
WPCC01000021.1_53	b1c03a296ef22cec94c1fafd09be0c0e	409	Gene3D	G3DSA:3.50.50.60	-	27	383	2.6E-91	T	26-06-2023	IPR036188	FAD/NAD(P)-binding domain superfamily
WPCC01000021.1_53	b1c03a296ef22cec94c1fafd09be0c0e	409	PRINTS	PR00420	Aromatic-ring hydroxylase (flavoprotein monooxygenase) signature	28	50	1.3E-19	T	26-06-2023	-	-
WPCC01000021.1_53	b1c03a296ef22cec94c1fafd09be0c0e	409	PRINTS	PR00420	Aromatic-ring hydroxylase (flavoprotein monooxygenase) signature	170	185	1.3E-19	T	26-06-2023	-	-
WPCC01000021.1_53	b1c03a296ef22cec94c1fafd09be0c0e	409	PRINTS	PR00420	Aromatic-ring hydroxylase (flavoprotein monooxygenase) signature	301	316	1.3E-19	T	26-06-2023	-	-
WPCC01000021.1_53	b1c03a296ef22cec94c1fafd09be0c0e	409	PRINTS	PR00420	Aromatic-ring hydroxylase (flavoprotein monooxygenase) signature	316	332	1.3E-19	T	26-06-2023	-	-
WPCC01000021.1_53	b1c03a296ef22cec94c1fafd09be0c0e	409	MobiDBLite	mobidb-lite	consensus disorder prediction	1	21	-	T	26-06-2023	-	-
WPCC01000021.1_53	b1c03a296ef22cec94c1fafd09be0c0e	409	SUPERFAMILY	SSF51905	FAD/NAD(P)-binding domain	28	388	1.05E-62	T	26-06-2023	IPR036188	FAD/NAD(P)-binding domain superfamily
WPCC01000021.1_53	b1c03a296ef22cec94c1fafd09be0c0e	409	PANTHER	PTHR13789	MONOOXYGENASE	16	367	2.4E-72	T	26-06-2023	-	-
WPCC01000021.1_53	b1c03a296ef22cec94c1fafd09be0c0e	409	Pfam	PF01494	FAD binding domain	29	362	2.7E-26	T	26-06-2023	IPR002938	FAD-binding domain
WPCC01000021.1_14	7d1ecea23ae72e63d97e76be696afa7e	334	SMART	SM00382	AAA_5	37	179	1.9E-5	T	26-06-2023	IPR003593	AAA+ ATPase domain
WPCC01000021.1_14	7d1ecea23ae72e63d97e76be696afa7e	334	Gene3D	G3DSA:1.10.8.60	-	6	249	2.1E-37	T	26-06-2023	-	-
WPCC01000021.1_14	7d1ecea23ae72e63d97e76be696afa7e	334	Pfam	PF13401	AAA domain	40	146	2.1E-7	T	26-06-2023	IPR003593	AAA+ ATPase domain
WPCC01000021.1_14	7d1ecea23ae72e63d97e76be696afa7e	334	SUPERFAMILY	SSF46785	"Winged helix" DNA-binding domain	259	316	1.36E-5	T	26-06-2023	IPR036390	Winged helix DNA-binding domain superfamily
WPCC01000021.1_14	7d1ecea23ae72e63d97e76be696afa7e	334	PANTHER	PTHR10763	CELL DIVISION CONTROL PROTEIN 6-RELATED	5	322	6.9E-23	T	26-06-2023	-	-
WPCC01000021.1_14	7d1ecea23ae72e63d97e76be696afa7e	334	SUPERFAMILY	SSF52540	P-loop containing nucleoside triphosphate hydrolases	2	244	2.59E-26	T	26-06-2023	IPR027417	P-loop containing nucleoside triphosphate hydrolase
WPCC01000021.1_14	7d1ecea23ae72e63d97e76be696afa7e	334	Gene3D	G3DSA:3.40.50.300	-	17	177	2.1E-37	T	26-06-2023	IPR027417	P-loop containing nucleoside triphosphate hydrolase
WPCC01000021.1_38	b2051bd358af7309d6f14c10214fa72e	246	Coils	Coil	Coil	123	143	-	T	26-06-2023	-	-
WPCC01000021.1_3	003e96802e25c2e3cc03f0d8f827e63a	77	MobiDBLite	mobidb-lite	consensus disorder prediction	1	35	-	T	26-06-2023	-	-
WPCC01000021.1_3	003e96802e25c2e3cc03f0d8f827e63a	77	MobiDBLite	mobidb-lite	consensus disorder prediction	18	32	-	T	26-06-2023	-	-
WPCC01000021.1_33	0115421c1c83f560e78d31974d42ac2c	182	MobiDBLite	mobidb-lite	consensus disorder prediction	153	182	-	T	26-06-2023	-	-
WPCC01000021.1_33	0115421c1c83f560e78d31974d42ac2c	182	Coils	Coil	Coil	124	148	-	T	26-06-2023	-	-
WPCC01000021.1_17	dea954012c9c9c863b0f82c347bc1943	167	Pfam	PF07790	Archaeal Type IV pilin, N-terminal	14	91	4.4E-24	T	26-06-2023	IPR012859	Archaeal Type IV pilin, N-terminal
WPCC01000021.1_17	dea954012c9c9c863b0f82c347bc1943	167	PANTHER	PTHR38138	VNG6441H	3	100	7.2E-13	T	26-06-2023	-	-
WPCC01000021.1_17	dea954012c9c9c863b0f82c347bc1943	167	NCBIfam	TIGR02537	archaeal flagellin N-terminal-like domain	13	36	2.1E-6	T	26-06-2023	IPR013373	Flagellin/pilin, N-terminal site, archaea
WPCC01000021.1_11	8eeb42ce791c29dfba972278cd0cb118	59	ProSitePatterns	PS00028	Zinc finger C2H2 type domain signature.	5	26	-	T	26-06-2023	IPR013087	Zinc finger C2H2-type
WPCC01000021.1_51	3077e991428e4708e82375849e4ae33c	268	Pfam	PF19138	Family of unknown function (DUF5821)	52	247	7.5E-44	T	26-06-2023	IPR043859	Protein of unknown function DUF5821
WPCC01000021.1_51	3077e991428e4708e82375849e4ae33c	268	Coils	Coil	Coil	253	268	-	T	26-06-2023	-	-
WPCC01000021.1_4	5f09bed69342fed93320ebf4187ee2a1	72	MobiDBLite	mobidb-lite	consensus disorder prediction	49	72	-	T	26-06-2023	-	-
WPCC01000021.1_63	93a358c5690be0790a584ad97f807cac	96	Coils	Coil	Coil	67	90	-	T	26-06-2023	-	-
WPCC01000021.1_19	b4950a705134bbe96f08fa0b5b5a46ed	182	MobiDBLite	mobidb-lite	consensus disorder prediction	27	42	-	T	26-06-2023	-	-
WPCC01000021.1_19	b4950a705134bbe96f08fa0b5b5a46ed	182	MobiDBLite	mobidb-lite	consensus disorder prediction	1	18	-	T	26-06-2023	-	-
WPCC01000021.1_19	b4950a705134bbe96f08fa0b5b5a46ed	182	MobiDBLite	mobidb-lite	consensus disorder prediction	1	42	-	T	26-06-2023	-	-
WPCC01000021.1_45	6082c678a57962a55710bba000134e9b	433	Coils	Coil	Coil	127	147	-	T	26-06-2023	-	-
WPCC01000021.1_45	6082c678a57962a55710bba000134e9b	433	MobiDBLite	mobidb-lite	consensus disorder prediction	362	376	-	T	26-06-2023	-	-
WPCC01000021.1_45	6082c678a57962a55710bba000134e9b	433	MobiDBLite	mobidb-lite	consensus disorder prediction	362	394	-	T	26-06-2023	-	-
WPCC01000021.1_45	6082c678a57962a55710bba000134e9b	433	MobiDBLite	mobidb-lite	consensus disorder prediction	269	291	-	T	26-06-2023	-	-
WPCC01000021.1_54	10ce32da89c7ad2078e359e7c64aa013	447	Pfam	PF00565	Staphylococcal nuclease homologue	197	321	1.3E-16	T	26-06-2023	IPR016071	Staphylococcal nuclease (SNase-like), OB-fold
WPCC01000021.1_54	10ce32da89c7ad2078e359e7c64aa013	447	MobiDBLite	mobidb-lite	consensus disorder prediction	101	171	-	T	26-06-2023	-	-
WPCC01000021.1_54	10ce32da89c7ad2078e359e7c64aa013	447	Pfam	PF00932	Lamin Tail Domain	337	446	3.3E-21	T	26-06-2023	IPR001322	Lamin tail domain
WPCC01000021.1_54	10ce32da89c7ad2078e359e7c64aa013	447	Gene3D	G3DSA:2.40.50.90	-	168	324	2.8E-33	T	26-06-2023	IPR035437	SNase-like, OB-fold superfamily
WPCC01000021.1_54	10ce32da89c7ad2078e359e7c64aa013	447	PANTHER	PTHR12302	EBNA2 BINDING PROTEIN P100	197	326	9.8E-9	T	26-06-2023	-	-
WPCC01000021.1_54	10ce32da89c7ad2078e359e7c64aa013	447	SMART	SM00318	SNASE_2	171	322	5.3E-16	T	26-06-2023	IPR016071	Staphylococcal nuclease (SNase-like), OB-fold
WPCC01000021.1_54	10ce32da89c7ad2078e359e7c64aa013	447	ProSitePatterns	PS01123	Thermonuclease family signature 1.	182	207	-	T	26-06-2023	IPR002071	Thermonuclease active site
WPCC01000021.1_54	10ce32da89c7ad2078e359e7c64aa013	447	Gene3D	G3DSA:2.60.40.1260	Lamin Tail domain	340	445	1.3E-15	T	26-06-2023	IPR036415	Lamin tail domain superfamily
WPCC01000021.1_54	10ce32da89c7ad2078e359e7c64aa013	447	MobiDBLite	mobidb-lite	consensus disorder prediction	149	163	-	T	26-06-2023	-	-
WPCC01000021.1_54	10ce32da89c7ad2078e359e7c64aa013	447	ProSiteProfiles	PS50830	Thermonuclease domain profile.	171	322	25.946293	T	26-06-2023	IPR016071	Staphylococcal nuclease (SNase-like), OB-fold
WPCC01000021.1_54	10ce32da89c7ad2078e359e7c64aa013	447	MobiDBLite	mobidb-lite	consensus disorder prediction	115	148	-	T	26-06-2023	-	-
WPCC01000021.1_54	10ce32da89c7ad2078e359e7c64aa013	447	SUPERFAMILY	SSF50199	Staphylococcal nuclease	170	327	1.2E-26	T	26-06-2023	IPR035437	SNase-like, OB-fold superfamily
WPCC01000021.1_54	10ce32da89c7ad2078e359e7c64aa013	447	ProSiteProfiles	PS51841	Lamin-tail (LTD) domain profile.	324	447	15.183324	T	26-06-2023	IPR001322	Lamin tail domain
WPCC01000021.1_54	10ce32da89c7ad2078e359e7c64aa013	447	SUPERFAMILY	SSF74853	Lamin A/C globular tail domain	340	444	2.75E-19	T	26-06-2023	IPR036415	Lamin tail domain superfamily
WPCC01000021.1_7	eae846dfc66a20748fc91da115ae5dd7	278	MobiDBLite	mobidb-lite	consensus disorder prediction	31	50	-	T	26-06-2023	-	-
WPCC01000021.1_42	999dab6ce6f0e224e0b309145dc68ea0	226	MobiDBLite	mobidb-lite	consensus disorder prediction	204	226	-	T	26-06-2023	-	-
WPCC01000021.1_20	90348a739b4f53cd6156ea7e1f0cec07	1490	Gene3D	G3DSA:2.60.40.1120	-	504	576	9.9E-12	T	26-06-2023	-	-
WPCC01000021.1_20	90348a739b4f53cd6156ea7e1f0cec07	1490	SUPERFAMILY	SSF49464	Carboxypeptidase regulatory domain-like	502	577	1.9E-9	T	26-06-2023	IPR008969	Carboxypeptidase-like, regulatory domain superfamily
WPCC01000021.1_20	90348a739b4f53cd6156ea7e1f0cec07	1490	SMART	SM00320	WD40_4	286	329	98.0	T	26-06-2023	IPR001680	WD40 repeat
WPCC01000021.1_20	90348a739b4f53cd6156ea7e1f0cec07	1490	SMART	SM00320	WD40_4	332	370	0.34	T	26-06-2023	IPR001680	WD40 repeat
WPCC01000021.1_20	90348a739b4f53cd6156ea7e1f0cec07	1490	SMART	SM00320	WD40_4	455	493	30.0	T	26-06-2023	IPR001680	WD40 repeat
WPCC01000021.1_20	90348a739b4f53cd6156ea7e1f0cec07	1490	SMART	SM00320	WD40_4	204	242	0.34	T	26-06-2023	IPR001680	WD40 repeat
WPCC01000021.1_20	90348a739b4f53cd6156ea7e1f0cec07	1490	SMART	SM00320	WD40_4	414	452	3.1E-4	T	26-06-2023	IPR001680	WD40 repeat
WPCC01000021.1_20	90348a739b4f53cd6156ea7e1f0cec07	1490	SMART	SM00320	WD40_4	245	283	0.53	T	26-06-2023	IPR001680	WD40 repeat
WPCC01000021.1_20	90348a739b4f53cd6156ea7e1f0cec07	1490	SMART	SM00320	WD40_4	373	411	0.18	T	26-06-2023	IPR001680	WD40 repeat
WPCC01000021.1_20	90348a739b4f53cd6156ea7e1f0cec07	1490	Gene3D	G3DSA:2.130.10.10	-	186	377	4.6E-24	T	26-06-2023	IPR015943	WD40/YVTN repeat-like-containing domain superfamily
WPCC01000021.1_20	90348a739b4f53cd6156ea7e1f0cec07	1490	Pfam	PF00400	WD domain, G-beta repeat	417	447	0.11	T	26-06-2023	IPR001680	WD40 repeat
WPCC01000021.1_20	90348a739b4f53cd6156ea7e1f0cec07	1490	MobiDBLite	mobidb-lite	consensus disorder prediction	1060	1102	-	T	26-06-2023	-	-
WPCC01000021.1_20	90348a739b4f53cd6156ea7e1f0cec07	1490	SUPERFAMILY	SSF50978	WD40 repeat-like	204	490	9.16E-46	T	26-06-2023	IPR036322	WD40-repeat-containing domain superfamily
WPCC01000021.1_20	90348a739b4f53cd6156ea7e1f0cec07	1490	MobiDBLite	mobidb-lite	consensus disorder prediction	1084	1100	-	T	26-06-2023	-	-
WPCC01000021.1_20	90348a739b4f53cd6156ea7e1f0cec07	1490	Gene3D	G3DSA:2.130.10.10	-	378	503	2.3E-14	T	26-06-2023	IPR015943	WD40/YVTN repeat-like-containing domain superfamily
WPCC01000021.1_20	90348a739b4f53cd6156ea7e1f0cec07	1490	SMART	SM00564	ire1_9	262	294	52.0	T	26-06-2023	IPR018391	Pyrrolo-quinoline quinone beta-propeller repeat
WPCC01000021.1_20	90348a739b4f53cd6156ea7e1f0cec07	1490	SMART	SM00564	ire1_9	221	253	170.0	T	26-06-2023	IPR018391	Pyrrolo-quinoline quinone beta-propeller repeat
WPCC01000021.1_20	90348a739b4f53cd6156ea7e1f0cec07	1490	SMART	SM00564	ire1_9	349	381	160.0	T	26-06-2023	IPR018391	Pyrrolo-quinoline quinone beta-propeller repeat
WPCC01000021.1_20	90348a739b4f53cd6156ea7e1f0cec07	1490	SMART	SM00564	ire1_9	390	422	51.0	T	26-06-2023	IPR018391	Pyrrolo-quinoline quinone beta-propeller repeat
WPCC01000021.1_20	90348a739b4f53cd6156ea7e1f0cec07	1490	Pfam	PF13620	Carboxypeptidase regulatory-like domain	502	575	1.2E-9	T	26-06-2023	-	-
WPCC01000021.1_20	90348a739b4f53cd6156ea7e1f0cec07	1490	PANTHER	PTHR19848	WD40 REPEAT PROTEIN	322	494	7.1E-31	T	26-06-2023	-	-
WPCC01000021.1_55	ef791204b5f7dcd3b68a2b9654a70757	314	Coils	Coil	Coil	78	98	-	T	26-06-2023	-	-
WPCC01000021.1_37	8be29f1949129b3a3b1414eab79504b9	555	MobiDBLite	mobidb-lite	consensus disorder prediction	27	66	-	T	26-06-2023	-	-
WPCC01000021.1_37	8be29f1949129b3a3b1414eab79504b9	555	MobiDBLite	mobidb-lite	consensus disorder prediction	28	54	-	T	26-06-2023	-	-
WPCC01000021.1_1	a16d571270084c81875fa37e786207e3	354	SUPERFAMILY	SSF56349	DNA breaking-rejoining enzymes	16	328	1.27E-25	T	26-06-2023	IPR011010	DNA breaking-rejoining enzyme, catalytic core
WPCC01000021.1_1	a16d571270084c81875fa37e786207e3	354	Gene3D	G3DSA:1.10.150.130	-	12	123	5.2E-26	T	26-06-2023	IPR010998	Integrase/recombinase, N-terminal
WPCC01000021.1_1	a16d571270084c81875fa37e786207e3	354	Pfam	PF00589	Phage integrase family	126	327	1.7E-11	T	26-06-2023	IPR002104	Integrase, catalytic domain
WPCC01000021.1_1	a16d571270084c81875fa37e786207e3	354	ProSiteProfiles	PS51898	Tyrosine recombinase domain profile.	122	339	16.308332	T	26-06-2023	IPR002104	Integrase, catalytic domain
WPCC01000021.1_1	a16d571270084c81875fa37e786207e3	354	Coils	Coil	Coil	331	351	-	T	26-06-2023	-	-
WPCC01000021.1_1	a16d571270084c81875fa37e786207e3	354	ProSiteProfiles	PS51900	Core-binding (CB) domain profile.	14	98	11.494059	T	26-06-2023	IPR044068	Core-binding (CB) domain
WPCC01000021.1_1	a16d571270084c81875fa37e786207e3	354	CDD	cd00397	DNA_BRE_C	151	324	4.53393E-12	T	26-06-2023	-	-
WPCC01000021.1_1	a16d571270084c81875fa37e786207e3	354	Gene3D	G3DSA:1.10.443.10	Intergrase catalytic core	126	339	5.2E-21	T	26-06-2023	IPR013762	Integrase-like, catalytic domain superfamily
WPCC01000021.1_21	3225c1413f0689be65aee24aa3a829a1	348	SMART	SM00746	4TRASH	177	211	3.1	T	26-06-2023	IPR011017	TRASH domain
WPCC01000021.1_21	3225c1413f0689be65aee24aa3a829a1	348	SMART	SM00746	4TRASH	69	103	0.46	T	26-06-2023	IPR011017	TRASH domain
WPCC01000021.1_21	3225c1413f0689be65aee24aa3a829a1	348	SMART	SM00746	4TRASH	214	248	0.42	T	26-06-2023	IPR011017	TRASH domain
WPCC01000021.1_21	3225c1413f0689be65aee24aa3a829a1	348	CDD	cd00085	HNHc	272	336	2.51661E-7	T	26-06-2023	IPR003615	HNH nuclease
WPCC01000021.1_21	3225c1413f0689be65aee24aa3a829a1	348	Gene3D	G3DSA:1.10.30.50	-	263	340	3.2E-9	T	26-06-2023	-	-
WPCC01000021.1_21	3225c1413f0689be65aee24aa3a829a1	348	PANTHER	PTHR41286	HNH NUCLEASE YAJD-RELATED	232	346	1.4E-11	T	26-06-2023	-	-
WPCC01000021.1_21	3225c1413f0689be65aee24aa3a829a1	348	SMART	SM00507	HNH_5	271	335	1.4E-8	T	26-06-2023	IPR003615	HNH nuclease
WPCC01000021.1_21	3225c1413f0689be65aee24aa3a829a1	348	Pfam	PF01844	HNH endonuclease	284	335	1.8E-7	T	26-06-2023	IPR002711	HNH endonuclease
WPCC01000021.1_21	3225c1413f0689be65aee24aa3a829a1	348	Pfam	PF18780	Homing endonuclease associated repeat	5	58	2.1E-20	T	26-06-2023	IPR041025	Homing endonuclease associated repeat
WPCC01000021.1_21	3225c1413f0689be65aee24aa3a829a1	348	Pfam	PF18780	Homing endonuclease associated repeat	113	166	1.2E-21	T	26-06-2023	IPR041025	Homing endonuclease associated repeat
WPCC01000021.1_22	6e7aae037207af500bea2b36707281b1	543	PANTHER	PTHR43806	PEPTIDASE S8	193	464	4.1E-33	T	26-06-2023	-	-
WPCC01000021.1_22	6e7aae037207af500bea2b36707281b1	543	ProSiteProfiles	PS51892	Serine proteases, subtilase domain profile.	195	502	24.192339	T	26-06-2023	-	-
WPCC01000021.1_22	6e7aae037207af500bea2b36707281b1	543	PRINTS	PR00723	Subtilisin serine protease family (S8) signature	219	238	5.5E-7	T	26-06-2023	IPR015500	Peptidase S8, subtilisin-related
WPCC01000021.1_22	6e7aae037207af500bea2b36707281b1	543	PRINTS	PR00723	Subtilisin serine protease family (S8) signature	269	282	5.5E-7	T	26-06-2023	IPR015500	Peptidase S8, subtilisin-related
WPCC01000021.1_22	6e7aae037207af500bea2b36707281b1	543	PRINTS	PR00723	Subtilisin serine protease family (S8) signature	443	459	5.5E-7	T	26-06-2023	IPR015500	Peptidase S8, subtilisin-related
WPCC01000021.1_22	6e7aae037207af500bea2b36707281b1	543	ProSiteProfiles	PS51318	Twin arginine translocation (Tat) signal profile.	1	34	9.491093	T	26-06-2023	IPR006311	Twin-arginine translocation pathway, signal sequence
WPCC01000021.1_22	6e7aae037207af500bea2b36707281b1	543	SUPERFAMILY	SSF52743	Subtilisin-like	217	484	8.12E-42	T	26-06-2023	IPR036852	Peptidase S8/S53 domain superfamily
WPCC01000021.1_22	6e7aae037207af500bea2b36707281b1	543	ProSitePatterns	PS00138	Serine proteases, subtilase family, serine active site.	444	454	-	T	26-06-2023	IPR023828	Peptidase S8, subtilisin, Ser-active site
WPCC01000021.1_22	6e7aae037207af500bea2b36707281b1	543	MobiDBLite	mobidb-lite	consensus disorder prediction	507	530	-	T	26-06-2023	-	-
WPCC01000021.1_22	6e7aae037207af500bea2b36707281b1	543	MobiDBLite	mobidb-lite	consensus disorder prediction	387	417	-	T	26-06-2023	-	-
WPCC01000021.1_22	6e7aae037207af500bea2b36707281b1	543	Gene3D	G3DSA:3.40.50.200	Peptidase S8/S53 domain	200	522	1.6E-47	T	26-06-2023	IPR036852	Peptidase S8/S53 domain superfamily
WPCC01000021.1_22	6e7aae037207af500bea2b36707281b1	543	MobiDBLite	mobidb-lite	consensus disorder prediction	508	524	-	T	26-06-2023	-	-
WPCC01000021.1_22	6e7aae037207af500bea2b36707281b1	543	Pfam	PF00082	Subtilase family	220	461	2.6E-30	T	26-06-2023	IPR000209	Peptidase S8/S53 domain
WPCC01000021.1_16	6adc3f7d14c4b2ddc94704168f4db3ff	156	NCBIfam	TIGR02537	archaeal flagellin N-terminal-like domain	13	36	1.9E-6	T	26-06-2023	IPR013373	Flagellin/pilin, N-terminal site, archaea
WPCC01000021.1_16	6adc3f7d14c4b2ddc94704168f4db3ff	156	PANTHER	PTHR38138	VNG6441H	8	138	1.3E-12	T	26-06-2023	-	-
WPCC01000021.1_16	6adc3f7d14c4b2ddc94704168f4db3ff	156	Pfam	PF07790	Archaeal Type IV pilin, N-terminal	14	85	2.1E-24	T	26-06-2023	IPR012859	Archaeal Type IV pilin, N-terminal
WPCC01000021.1_23	20fe653ec4d11838528a3c1ecf8ce03f	268	ProSiteProfiles	PS51318	Twin arginine translocation (Tat) signal profile.	1	38	9.804047	T	26-06-2023	IPR006311	Twin-arginine translocation pathway, signal sequence
WPCC01000021.1_52	c6b233494a3bd90093766c8891f1cae0	218	Pfam	PF04967	HTH DNA binding domain	162	213	1.2E-14	T	26-06-2023	IPR007050	Bacterioopsin activator-type, HTH domain
WPCC01000021.1_52	c6b233494a3bd90093766c8891f1cae0	218	Gene3D	G3DSA:1.10.10.10	-	157	212	1.5E-5	T	26-06-2023	IPR036388	Winged helix-like DNA-binding domain superfamily
WPCC01000021.1_52	c6b233494a3bd90093766c8891f1cae0	218	PANTHER	PTHR34236	DIMETHYL SULFOXIDE REDUCTASE TRANSCRIPTIONAL ACTIVATOR	114	216	8.8E-16	T	26-06-2023	-	-
WPCC01000021.1_60	c11aa97c4d9c0297a96d009adb0efc5b	231	MobiDBLite	mobidb-lite	consensus disorder prediction	1	47	-	T	26-06-2023	-	-
WPCC01000021.1_60	c11aa97c4d9c0297a96d009adb0efc5b	231	Coils	Coil	Coil	42	90	-	T	26-06-2023	-	-
WPCC01000021.1_60	c11aa97c4d9c0297a96d009adb0efc5b	231	MobiDBLite	mobidb-lite	consensus disorder prediction	25	47	-	T	26-06-2023	-	-
WPCC01000021.1_48	829ea04cfb4a2a72ecaecaee40b84de7	249	SUPERFAMILY	SSF53474	alpha/beta-Hydrolases	42	229	5.53E-22	T	26-06-2023	IPR029058	Alpha/Beta hydrolase fold
WPCC01000021.1_48	829ea04cfb4a2a72ecaecaee40b84de7	249	ProSiteProfiles	PS51318	Twin arginine translocation (Tat) signal profile.	1	41	8.181976	T	26-06-2023	IPR006311	Twin-arginine translocation pathway, signal sequence
WPCC01000021.1_48	829ea04cfb4a2a72ecaecaee40b84de7	249	Gene3D	G3DSA:3.40.50.1820	alpha/beta hydrolase	27	249	1.5E-42	T	26-06-2023	IPR029058	Alpha/Beta hydrolase fold
WPCC01000021.1_48	829ea04cfb4a2a72ecaecaee40b84de7	249	PANTHER	PTHR32015	FASTING INDUCED LIPASE	28	233	1.4E-11	T	26-06-2023	IPR002918	Lipase EstA/Esterase EstB
WPCC01000021.1_48	829ea04cfb4a2a72ecaecaee40b84de7	249	Pfam	PF07819	PGAP1-like protein	92	216	5.9E-8	T	26-06-2023	IPR012908	GPI inositol-deacylase PGAP1-like
WPCC01000021.1_43	f4fe73da73d3afceb0cf3a3ebbe79f08	195	CDD	cd00397	DNA_BRE_C	20	175	7.65854E-13	T	26-06-2023	-	-
WPCC01000021.1_43	f4fe73da73d3afceb0cf3a3ebbe79f08	195	ProSiteProfiles	PS51898	Tyrosine recombinase domain profile.	11	189	23.722744	T	26-06-2023	IPR002104	Integrase, catalytic domain
WPCC01000021.1_43	f4fe73da73d3afceb0cf3a3ebbe79f08	195	Pfam	PF00589	Phage integrase family	15	176	3.7E-18	T	26-06-2023	IPR002104	Integrase, catalytic domain
WPCC01000021.1_43	f4fe73da73d3afceb0cf3a3ebbe79f08	195	Gene3D	G3DSA:1.10.443.10	Intergrase catalytic core	11	193	1.5E-26	T	26-06-2023	IPR013762	Integrase-like, catalytic domain superfamily
WPCC01000021.1_43	f4fe73da73d3afceb0cf3a3ebbe79f08	195	SUPERFAMILY	SSF56349	DNA breaking-rejoining enzymes	12	183	2.35E-24	T	26-06-2023	IPR011010	DNA breaking-rejoining enzyme, catalytic core
WPCC01000021.1_34	6fe76016b63da370bca17e60afd5cfc5	680	MobiDBLite	mobidb-lite	consensus disorder prediction	1	21	-	T	26-06-2023	-	-
WPCC01000021.1_34	6fe76016b63da370bca17e60afd5cfc5	680	SUPERFAMILY	SSF52540	P-loop containing nucleoside triphosphate hydrolases	184	545	2.58E-5	T	26-06-2023	IPR027417	P-loop containing nucleoside triphosphate hydrolase
WPCC01000021.1_40	d498ee2239700d01770150c834e3970a	403	MobiDBLite	mobidb-lite	consensus disorder prediction	247	294	-	T	26-06-2023	-	-
WPCC01000021.1_40	d498ee2239700d01770150c834e3970a	403	MobiDBLite	mobidb-lite	consensus disorder prediction	258	294	-	T	26-06-2023	-	-
WPCC01000021.1_36	938776f6c54da61d173339c971742d5d	311	Coils	Coil	Coil	279	299	-	T	26-06-2023	-	-
WPCC01000021.1_36	938776f6c54da61d173339c971742d5d	311	MobiDBLite	mobidb-lite	consensus disorder prediction	288	311	-	T	26-06-2023	-	-
WPCC01000021.1_61	28b9d7fd76d76c43c8f66ee99b3d7bbf	183	MobiDBLite	mobidb-lite	consensus disorder prediction	60	105	-	T	26-06-2023	-	-
WPCC01000021.1_61	28b9d7fd76d76c43c8f66ee99b3d7bbf	183	MobiDBLite	mobidb-lite	consensus disorder prediction	161	183	-	T	26-06-2023	-	-
WPCC01000021.1_61	28b9d7fd76d76c43c8f66ee99b3d7bbf	183	MobiDBLite	mobidb-lite	consensus disorder prediction	1	31	-	T	26-06-2023	-	-
WPCC01000021.1_61	28b9d7fd76d76c43c8f66ee99b3d7bbf	183	MobiDBLite	mobidb-lite	consensus disorder prediction	17	31	-	T	26-06-2023	-	-
WPCC01000021.1_61	28b9d7fd76d76c43c8f66ee99b3d7bbf	183	MobiDBLite	mobidb-lite	consensus disorder prediction	61	105	-	T	26-06-2023	-	-
