#                                                                            --- full sequence --- -------------- this domain -------------   hmm coord   ali coord   env coord
# target name        accession   tlen query name           accession   qlen   E-value  score  bias   #  of  c-Evalue  i-Evalue  score  bias  from    to  from    to  from    to  acc description of target
#------------------- ---------- ----- -------------------- ---------- ----- --------- ------ ----- --- --- --------- --------- ------ ----- ----- ----- ----- ----- ----- ----- ---- ---------------------
10                   -            106 3u1dB00-i2           -            151   2.2e-09   39.2   0.0   1   1   4.1e-14   2.7e-09   38.9   0.0    14    85     9    79     2    87 0.91 -
6                    -            255 2z30A00-i2           -            320   1.8e-35  124.6   8.6   1   1   3.3e-40   2.1e-35  124.3   8.6    93   316     2   217     1   220 0.87 -
6                    -            255 4hvlA00-i2           -            377   1.9e-33  117.8  11.2   1   1   3.5e-38   2.3e-33  117.5  11.2   119   369     1   218     1   223 0.83 -
10                   -            106 2w25A01-i2           -             52   0.00039   22.0   0.1   1   1   2.2e-08    0.0014   20.3   0.1     6    46    28    70    15    73 0.80 -
10                   -            106 3mq0A01-i2           -             79   1.1e-05   26.8   0.0   1   1   2.3e-10   1.5e-05   26.4   0.0    14    66    27    83    23    95 0.82 -
8                    -            422 1a0pA01-i2           -             98   2.8e-05   26.6   0.8   1   2   3.6e-09   0.00023   23.6   0.2    10    95   104   203    96   204 0.74 -
8                    -            422 1a0pA01-i2           -             98   2.8e-05   26.6   0.8   2   2     0.054   3.5e+03    0.6   0.0    25    68   362   406   361   413 0.74 -
10                   -            106 1r1tA00-i2           -             99   5.6e-12   47.1   0.0   1   1   2.2e-16   7.2e-12   46.8   0.0    13    87    14    91     6    96 0.87 -
42                   -            594 1r1tA00-i2           -             99   3.6e-06   28.5   0.2   1   1   3.8e-10   1.2e-05   26.8   0.2    22    89   515   585   500   591 0.85 -
10                   -            106 3broD00-i2           -            141   0.00014   23.5   0.0   1   1     3e-09    0.0002   23.1   0.0    36    92    26    82    22    85 0.92 -
6                    -            255 3f7mA00-i2           -            279   2.7e-34  120.6   5.1   1   1     5e-39   3.3e-34  120.3   5.1    83   244     2   178     1   196 0.84 -
10                   -            106 4b8xB00-i2           -            147   3.2e-07   32.0   0.2   1   1   5.5e-12   3.6e-07   31.9   0.2    36    93    25    82     9    94 0.92 -
37                   -            323 4ywkA01-i2           -            100   1.8e-08   36.5   0.0   1   1   5.5e-13   3.6e-08   35.5   0.0     8   100     7    97     1    97 0.78 -
6                    -            255 2gkoA00-i2           -            309   1.2e-37  131.7   7.2   1   1   2.2e-42   1.4e-37  131.4   7.2    90   285     2   197     1   212 0.88 -
10                   -            106 3cuoD00-i2           -             99   1.9e-12   48.7   0.0   1   1   7.2e-17   2.4e-12   48.4   0.0    10    91    10    93     4    97 0.89 -
42                   -            594 3cuoD00-i2           -             99   6.6e-06   27.7   0.2   1   1   7.4e-10   2.4e-05   25.9   0.2    28    92   520   586   499   591 0.85 -
10                   -            106 2hztB00-i2           -            107   0.00044   21.7   0.0   1   1     8e-09   0.00052   21.5   0.0     7    76    17    85    15   100 0.87 -
10                   -            106 3echA01-i2           -            134   1.6e-05   26.7   0.1   1   1   2.8e-10   1.8e-05   26.5   0.1    30    84    25    81     8    94 0.89 -
10                   -            106 5dukB00-i2           -             77   3.2e-09   38.2   0.0   1   1   1.4e-13   4.5e-09   37.7   0.0     5    67    20    84    19    88 0.91 -
42                   -            594 5dukB00-i2           -             77   0.00086   20.8   0.0   1   1   6.5e-08    0.0021   19.6   0.0     9    68   516   577   513   585 0.86 -
6                    -            255 2x8jB01-i2           -            312   5.3e-37  129.4   7.3   1   1   9.4e-42   6.1e-37  129.2   7.3   104   308     2   215     1   219 0.82 -
6                    -            255 3f7oA00-i2           -            284   6.3e-34  119.4   5.2   1   1   1.2e-38   7.7e-34  119.1   5.2    85   260     2   194     1   204 0.80 -
8                    -            422 5u91A02-i2           -            200   7.3e-11   44.2   0.2   1   2    0.0059   3.9e+02    2.6   0.0    86   137   117   185    87   209 0.69 -
8                    -            422 5u91A02-i2           -            200   7.3e-11   44.2   0.2   2   2   3.5e-14   2.3e-09   39.2   0.0     7   152   226   351   222   358 0.81 -
6                    -            255 4kg7A00-i2           -            381   1.8e-33  118.0  11.2   1   1   3.3e-38   2.1e-33  117.8  11.2   121   376     1   218     1   222 0.82 -
6                    -            255 5fbzA01-i2           -            316   2.7e-31  110.9   8.5   1   1   4.9e-36   3.2e-31  110.6   8.5    83   313     2   214     1   216 0.81 -
10                   -            106 2qvoA00-i2           -             95     2e-05   26.4   0.0   1   1   3.8e-10   2.5e-05   26.0   0.0     7    63    19    73    14    86 0.86 -
42                   -            594 4d2iA02-i1           -            270   5.1e-44  152.4   0.0   1   1     4e-48   1.3e-43  151.0   0.0    23   245    21   259    11   277 0.84 -
18                   -            826 4d2iA02-i1           -            270   9.1e-06   26.9   0.1   1   2      0.43   1.4e+04   -3.2   0.0    98   135    16    53     3    59 0.62 -
18                   -            826 4d2iA02-i1           -            270   9.1e-06   26.9   0.1   2   2   6.7e-10   2.2e-05   25.7   0.0    99   244   437   583   415   591 0.69 -
10                   -            106 4pcqA01-i2           -             50   4.9e-06   28.2   0.1   1   2      0.03     2e+03    0.6   0.1     5    15    17    27    16    29 0.88 -
10                   -            106 4pcqA01-i2           -             50   4.9e-06   28.2   0.1   2   2   3.9e-10   2.5e-05   25.9   0.0     4    44    28    70    27    72 0.93 -
10                   -            106 3df8A00-i2           -            111   0.00023   22.5   0.0   1   1   3.9e-09   0.00026   22.3   0.0    19    87    16    85     5   101 0.84 -
10                   -            106 3v8jA01-i2           -             70   0.00024   22.9   0.0   1   1   5.1e-09   0.00034   22.5   0.0    11    54    26    69    21    84 0.87 -
10                   -            106 5e1wA00-i2           -            180   3.9e-05   25.2   0.0   1   1     8e-10   5.2e-05   24.7   0.0    59   114    26    82    18    85 0.86 -
6                    -            255 1t1gA00-i2           -            364   3.2e-17   64.7   7.7   1   1   2.1e-21   1.3e-16   62.7   7.4    87   292     2   173     1   197 0.78 -
10                   -            106 2wteA02-i2           -             72   9.5e-06   27.2   0.0   1   1   1.9e-10   1.3e-05   26.8   0.0     7    52    26    73    14    89 0.82 -
10                   -            106 4zzlB01-i2           -            131   1.4e-05   26.9   0.2   1   1   2.4e-10   1.6e-05   26.7   0.2    30    85    25    82     7    94 0.90 -
10                   -            106 1mkmB01-i2           -             78   6.9e-07   30.7   0.0   1   1   1.3e-11   8.7e-07   30.3   0.0    12    63    28    83    24   100 0.84 -
10                   -            106 2p4wA01-i2           -            103   5.1e-10   41.0   0.0   1   1     2e-14   6.6e-10   40.7   0.0     8    78    17    85    14    95 0.84 -
42                   -            594 2p4wA01-i2           -            103   0.00038   22.2   0.2   1   1   3.9e-08    0.0013   20.5   0.2    15    79   516   578   510   592 0.79 -
10                   -            106 4rgxB00-i2           -            162   6.2e-06   27.9   0.1   1   1 