diamond v2.0.11.149 (C) Max Planck Society for the Advancement of Science
Documentation, support and updates available at http://www.diamondsearch.org
Please cite: http://dx.doi.org/10.1038/s41592-021-01101-x Nature Methods (2021)

#CPU threads: 1
Scoring parameters: (Matrix=BLOSUM62 Lambda=0.267 K=0.041 Penalties=11/1)
Temporary directory: iphop_out/AOJE01000025.1.fasta/Wdir
#Target sequences to report alignments for: 10000
Opening the database...  [1.796s]
Database: /bioinf/transfer/tal/iphop_db/db/rafah_data/RaFAH_ref_cds.dmnd (type: Diamond database, sequences: 1026285, letters: 229470696)
Block size = 2000000000
Opening the input file...  [0.001s]
Opening the output file...  [0s]
Loading query sequences...  [0s]
Masking queries...  [0.003s]
Algorithm: Double-indexed
Building query histograms...  [0.001s]
Allocating buffers...  [0s]
Loading reference sequences...  [6.732s]
Masking reference...  [11.873s]
Initializing temporary storage...  [0.136s]
Building reference histograms...  [5.019s]
Allocating buffers...  [0s]
Processing query block 1, reference block 1/1, shape 1/2, index chunk 1/4.
Building reference seed array...  [3.336s]
Building query seed array...  [0.001s]
Computing hash join...  [0.57s]
Building seed filter...  [0.001s]
Searching alignments...  [0.005s]
Processing query block 1, reference block 1/1, shape 1/2, index chunk 2/4.
Building reference seed array...  [4.122s]
Building query seed array...  [0.001s]
Computing hash join...  [0.579s]
Building seed filter...  [0.001s]
Searching alignments...  [0.001s]
Processing query block 1, reference block 1/1, shape 1/2, index chunk 3/4.
Building reference seed array...  [4.352s]
Building query seed array...  [0.001s]
Computing hash join...  [0.575s]
Building seed filter...  [0s]
Searching alignments...  [0.002s]
Processing query block 1, reference block 1/1, shape 1/2, index chunk 4/4.
Building reference seed array...  [3.218s]
Building query seed array...  [0.001s]
Computing hash join...  [0.572s]
Building seed filter...  [0.001s]
Searching alignments...  [0.001s]
Processing query block 1, reference block 1/1, shape 2/2, index chunk 1/4.
Building reference seed array...  [3.17s]
Building query seed array...  [0.001s]
Computing hash join...  [0.565s]
Building seed filter...  [0s]
Searching alignments...  [0.001s]
Processing query block 1, reference block 1/1, shape 2/2, index chunk 2/4.
Building reference seed array...  [4.025s]
Building query seed array...  [0.001s]
Computing hash join...  [0.56s]
Building seed filter...  [0s]
Searching alignments...  [0.001s]
Processing query block 1, reference block 1/1, shape 2/2, index chunk 3/4.
Building reference seed array...  [4.3s]
Building query seed array...  [0.001s]
Computing hash join...  [0.562s]
Building seed filter...  [0s]
Searching alignments...  [0.001s]
Processing query block 1, reference block 1/1, shape 2/2, index chunk 4/4.
Building reference seed array...  [3.17s]
Building query seed array...  [0.001s]
Computing hash join...  [0.549s]
Building seed filter...  [0s]
Searching alignments...  [0.001s]
Deallocating buffers...  [0.002s]
Clearing query masking...  [0s]
Computing alignments...  [0.076s]
Deallocating reference...  [0.003s]
Loading reference sequences...  [0s]
Deallocating buffers...  [0s]
Deallocating queries...  [0s]
Loading query sequences...  [0s]
Closing the input file...  [0s]
Closing the output file...  [0.002s]
Cleaning up...  [0s]
Total time = 60.033s
Reported 399 pairwise alignments, 399 HSPs.
13 queries aligned.
