#                                                                               --- full sequence --- -------------- this domain -------------   hmm coord   ali coord   env coord
# target name        accession   tlen query name           accession      qlen   E-value  score  bias   #  of  c-Evalue  i-Evalue  score  bias  from    to  from    to  from    to  acc description of target
#------------------- ---------- ----- --------------------    ---------- ----- --------- ------ ----- --- --- --------- --------- ------ ----- ----- ----- ----- ----- ----- ----- ---- ---------------------
70                   -            452 PIRSR000972-50       PIRSR000972-50   594   7.5e-14   43.8   0.1   1   2   2.3e-15   2.3e-13   42.1   0.1   309   402   255   349   231   381 0.84 -
70                   -            452 PIRSR000972-50       PIRSR000972-50   594   7.5e-14   43.8   0.1   2   2     0.034       3.5   -1.4   0.0   469   489   383   403   369   408 0.78 -
70                   -            452 PIRSR001492-1        PIRSR001492-1   514   1.1e-05   16.8   0.0   1   2     0.032       3.3   -1.3   0.0   362   393   157   188   109   236 0.76 -
70                   -            452 PIRSR001492-1        PIRSR001492-1   514   1.1e-05   16.8   0.0   2   2   3.1e-07   3.2e-05   15.3   0.0   436   512   272   351   250   353 0.70 -
70                   -            452 PIRSR001492-2        PIRSR001492-2   514   1.1e-05   16.8   0.0   1   2     0.032       3.3   -1.3   0.0   362   393   157   188   109   236 0.76 -
70                   -            452 PIRSR001492-2        PIRSR001492-2   514   1.1e-05   16.8   0.0   2   2   3.1e-07   3.2e-05   15.3   0.0   436   512   272   351   250   353 0.70 -
70                   -            452 PIRSR001492-3        PIRSR001492-3   514   1.1e-05   16.8   0.0   1   2     0.032       3.3   -1.3   0.0   362   393   157   188   109   236 0.76 -
70                   -            452 PIRSR001492-3        PIRSR001492-3   514   1.1e-05   16.8   0.0   2   2   3.1e-07   3.2e-05   15.3   0.0   436   512   272   351   250   353 0.70 -
56                   -            563 PIRSR002305-1        PIRSR002305-1   580    0.0013   10.0  10.2   1   1   2.3e-05    0.0024    9.2  10.2   342   457   297   419   274   516 0.46 -
70                   -            452 PIRSR005091-1        PIRSR005091-1   553   3.7e-11   34.9   0.0   1   3     0.062       6.4   -2.2   0.0   264   305     2    43     2    77 0.71 -
70                   -            452 PIRSR005091-1        PIRSR005091-1   553   3.7e-11   34.9   0.0   2   3      0.08       8.2   -2.6   0.0   410   445   179   215   175   219 0.82 -
70                   -            452 PIRSR005091-1        PIRSR005091-1   553   3.7e-11   34.9   0.0   3   3   1.5e-12   1.6e-10   32.8   0.0   444   549   235   334   223   336 0.88 -
70                   -            452 PIRSR005091-2        PIRSR005091-2   553   3.7e-11   34.9   0.0   1   3     0.062       6.4   -2.2   0.0   264   305     2    43     2    77 0.71 -
70                   -            452 PIRSR005091-2        PIRSR005091-2   553   3.7e-11   34.9   0.0   2   3      0.08       8.2   -2.6   0.0   410   445   179   215   175   219 0.82 -
70                   -            452 PIRSR005091-2        PIRSR005091-2   553   3.7e-11   34.9   0.0   3   3   1.5e-12   1.6e-10   32.8   0.0   444   549   235   334   223   336 0.88 -
70                   -            452 PIRSR005091-3        PIRSR005091-3   553   3.7e-11   34.9   0.0   1   3     0.062       6.4   -2.2   0.0   264   305     2    43     2    77 0.71 -
70                   -            452 PIRSR005091-3        PIRSR005091-3   553   3.7e-11   34.9   0.0   2   3      0.08       8.2   -2.6   0.0   410   445   179   215   175   219 0.82 -
70                   -            452 PIRSR005091-3        PIRSR005091-3   553   3.7e-11   34.9   0.0   3   3   1.5e-12   1.6e-10   32.8   0.0   444   549   235   334   223   336 0.88 -
63                   -            522 PIRSR015477-1        PIRSR015477-1  1442   2.2e-07   21.5  13.5   1   1   3.6e-09   3.7e-07   20.7  13.5   204   488   192   463   181   482 0.75 -
56                   -            563 PIRSR018250-1        PIRSR018250-1   371   0.00044   11.6   0.0   1   1   7.3e-06   0.00075   10.8   0.0   117   225   401   513   393   533 0.84 -
56                   -            563 PIRSR018250-3        PIRSR018250-3   371   0.00044   11.6   0.0   1   1   7.3e-06   0.00075   10.8   0.0   117   225   401   513   393   533 0.84 -
56                   -            563 PIRSR018250-4        PIRSR018250-4   371   0.00044   11.6   0.0   1   1   7.3e-06   0.00075   10.8   0.0   117   225   401   513   393   533 0.84 -
26                   -            105 PIRSR029928-50       PIRSR029928-50   102   0.00069   12.7   0.0   1   1   8.3e-06   0.00085   12.4   0.0    59    94    48    83    28    91 0.76 -
70                   -            452 PIRSR036665-50       PIRSR036665-50   881   7.8e-12   36.7   0.0   1   2     0.009      0.93    0.1   0.0    71    97    32    58    11    66 0.85 -
70                   -            452 PIRSR036665-50       PIRSR036665-50   881   7.8e-12   36.7   0.0   2   2   4.8e-13   4.9e-11   34.1   0.0   292   385   254   348   237   352 0.88 -
70                   -            452 PIRSR036665-51       PIRSR036665-51   881   7.8e-12   36.7   0.0   1   2     0.009      0.93    0.1   0.0    71    97    32    58    11    66 0.85 -
70                   -            452 PIRSR036665-51       PIRSR036665-51   881   7.8e-12   36.7   0.0   2   2   4.8e-13   4.9e-11   34.1   0.0   292   385   254   348   237   352 0.88 -
70                   -            452 PIRSR036665-52       PIRSR036665-52   881   7.8e-12   36.7   0.0   1   2     0.009      0.93    0.1   0.0    71    97    32    58    11    66 0.85 -
70                   -            452 PIRSR036665-52       PIRSR036665-52   881   7.8e-12   36.7   0.0   2   2   4.8e-13   4.9e-11   34.1   0.0   292   385   254   348   237   352 0.88 -
70                   -            452 PIRSR036666-50       PIRSR036666-50   519   1.4e-20   65.8   0.2   1   3    0.0049       0.5    1.3   0.0    57    83    23    48     1    65 0.66 -
70                   -            452 PIRSR036666-50       PIRSR036666-50   519   1.4e-20   65.8   0.2   2   3   2.6e-21   2.7e-19   61.6   0.0   297   390   255   349   177   357 0.92 -
70                   -            452 PIRSR036666-50       PIRSR036666-50   519   1.4e-20   65.8   0.2   3   3     0.049       5.1   -2.0   0.1   471   489   387   405   381   415 0.85 -
72                   -            584 PIRSR037404-1        PIRSR037404-1  1614     1e-20   65.4   0.0   1   3   8.8e-06   0.00091    9.2   0.0  1137  1161     4    28     1    45 0.86 -
72                   -            584 PIRSR037404-1        PIRSR037404-1  1614     1e-20   65.4   0.0   2   3   1.4e-10   1.5e-08   25.1   0.0  1166  1337    64   236    56   238 0.77 -
72                   -            584 PIRSR037404-1        PIRSR037404-1  1614     1e-20   65.4   0.0   3   3     4e-11   4.2e-09   26.9   0.0  1545  1591   504   551   501   554 0.89 -
72                   -            584 PIRSR037404-3        PIRSR037404-3  1614     1e-20   65.4   0.0   1   3   8.8e-06   0.00091    9.2   0.0  1137  1161     4    28     1    45 0.86 -
72                   -            584 PIRSR037404-3        PIRSR037404-3  1614     1e-20   65.4   0.0   2   3   1.4e-10   1.5e-08   25.1   0.0  1166  1337    64   236    56   238 0.77 -
72                   -            584 PIRSR037404-3        PIRSR037404-3  1614     1e-20   65.4   0.0   3   3     4e-11   4.2e-09   26.9   0.0  1545  1591   504   551   501   554 0.89 -
63                   -            522 PIRSR037875-50       PIRSR037875-50   471   3.3e-05   15.3   0.9   1   2   1.7e-05    0.0017    9.6   0.4   152   260   214   320   206   337 0.72 -
63                   -            522 PIRSR037875-50       PIRSR037875-50   471   3.3e-05   15.3   0.9   2   2   0.00089     0.092    3.9   0.0   407   431   425   450   422   481 0.85 -
63                   -            522 PIRSR037907-1        PIRSR037907-1   660   6.1e-17   53.5   9.1   1   1   8.7e-19   8.9e-17   53.0   9.1   197   435   255   479   182   494 0.79 -
63                   -            522 PIRSR037907-2        PIRSR037907-2   664     8e-15   46.5   9.5   1   1   1.4e-16   1.4e-14   45.7   9.5   142   434   187   478   180   494 0.68 -
63                   -            522 PIRSR037907-3        PIRSR037907-3   660   6.1e-17   53.5   9.1   1   1   8.7e-19   8.9e-17   53.0   9.1   197   435   255   479   182   494 0.79 -
6                    -            343 PIRSR039133-1        PIRSR039133-1   649   9.6e-05   13.7   0.2   1   1   1.2e-06   0.00012   13.3   0.2   510   639   198   326   163   333 0.83 -
6                    -            343 PIRSR039133-2        PIRSR039133-2   649   9.6e-05   13.7   0.2   1   1   1.2e-06   0.00012   13.3   0.2   510   639   198   326   163   333 0.83 -
6                    -            343 PIRSR039133-3        PIRSR039133-3   649   9.6e-05   13.7   0.2   1   1   1.2e-06   0.00012   13.3   0.2   510   639   198   326   163   333 0.83 -
6                    -            343 PIRSR039133-4        PIRSR039133-4   649   9.6e-05   13.7   0.2   1   1   1.2e-06   0.00012   13.3   0.2   510   639   198   326   163   333 0.83 -
70                   -            452 PIRSR600917-51       PIRSR600917-51   562     5e-26   83.6   0.3   1   3   5.6e-15   5.8e-13   40.5   0.0    21   236     2   204     1   222 0.90 -
70                   -            452 PIRSR600917-51       PIRSR600917-51   562     5e-26   83.6   0.3   2   3   1.8e-13   1.8e-11   35.5   0.0   307   406   253   343   245   355 0.90 -
70                   -            452 PIRSR600917-51       PIRSR600917-51   562     5e-26   83.6   0.3   3   3   0.00062     0.064    4.0   0.1   468   499   374   405   348   442 0.75 -
70                   -            452 PIRSR600917-52       PIRSR600917-52   562     5e-26   83.6   0.3   1   3   5.6e-15   5.8e-13   40.5   0.0    21   236     2   204     1   222 0.90 -
70                   -            452 PIRSR600917-52       PIRSR600917-52   562     5e-26   83.6   0.3   2   3   1.8e-13   1.8e-11   35.5   0.0   307   406   253   343   245   355 0.90 -
70                   -            452 PIRSR600917-52       PIRSR600917-52   562     5e-26   83.6   0.3   3   3   0.00062     0.064    4.0   0.1   468   499   374   405   348   442 0.75 -
70                   -            452 PIRSR629890-1        PIRSR629890-1   908   0.00039   10.9   0.0   1   2    0.0071      0.73    0.1   0.0   195   230     3    41     1    59 0.86 -
70                   -            452 PIRSR629890-1        PIRSR629890-1   908   0.00039   10.9   0.0   2   2   2.3e-05    0.0023    8.4   0.0   384   445   257   319   247   328 0.78 -
70                   -            452 PIRSR629890-2        PIRSR629890-2   908   0.00039   10.9   0.0   1   2    0.0071      0.73    0.1   0.0   195   230     3    41     1    59 0.86 -
70                   -            452 PIRSR629890-2        PIRSR629890-2   908   0.00039   10.9   0.0   2   2   2.3e-05    0.0023    8.4   0.0   384   445   257   319   247   328 0.78 -
70                   -            452 PIRSR629890-3        PIRSR629890-3   908   0.00039   10.9   0.0   1   2    0.0071      0.73    0.1   0.0   195   230     3    41     1    59 0.86 -
70                   -            452 PIRSR629890-3        PIRSR629890-3   908   0.00039   10.9   0.0   2   2   2.3e-05    0.0023    8.4   0.0   384   445   257   319   247   328 0.78 -
70                   -            452 PIRSR629890-4        PIRSR629890-4   908   0.00039   10.9   0.0   1   2    0.0071      0.73    0.1   0.0   195   230     3    41     1    59 0.86 -
70                   -            452 PIRSR629890-4        PIRSR629890-4   908   0.00039   10.9   0.0   2   2   2.3e-05    0.0023    8.4   0.0   384   445   257   319   247   328 0.78 -
#
# Program:         hmmsearch
# Version:         3.1b1 (May 2013)
# Pipeline mode:   SEARCH
# Query file:      data/pirsr/2021_05/sr_hmm_all
# Target file:     /home/dlueckin/projects/pR1SE_australian_lakes/G_annotate_complete_relatives/scripts/../interpro_tmp/NC_015659.1.fasta.faa/hpc-node4_20230626_111306887_6pnj//jobPIRSR/000000000001_000000000103.fasta
# Option settings: bin/hmmer/hmmer3/3.1b1/hmmsearch -o /home/dlueckin/projects/pR1SE_australian_lakes/G_annotate_complete_relatives/scripts/../interpro_tmp/NC_015659.1.fasta.faa/hpc-node4_20230626_111306887_6pnj//jobPIRSR/000000000001_000000000103.raw.out -A /home/dlueckin/projects/pR1SE_australian_lakes/G_annotate_complete_relatives/scripts/../interpro_tmp/NC_015659.1.fasta.faa/hpc-node4_20230626_111306887_6pnj//jobPIRSR/000000000001_000000000103.raw.align.out --domtblout /home/dlueckin/projects/pR1SE_australian_lakes/G_annotate_complete_relatives/scripts/../interpro_tmp/NC_015659.1.fasta.faa/hpc-node4_20230626_111306887_6pnj//jobPIRSR/000000000001_000000000103.raw.domtblout.out --acc -E 0.01 --cpu 1 data/pirsr/2021_05/sr_hmm_all /home/dlueckin/projects/pR1SE_australian_lakes/G_annotate_complete_relatives/scripts/../interpro_tmp/NC_015659.1.fasta.faa/hpc-node4_20230626_111306887_6pnj//jobPIRSR/000000000001_000000000103.fasta 
# Current dir:     /bioinf/home/dlueckin/dbs/interproscan-5.62-94.0
# Date:            Mon Jun 26 11:13:50 2023
# [ok]
