#                                                               --- full sequence ---- --- best 1 domain ---- --- domain number estimation ----
# target name        accession  query name           accession    E-value  score  bias   E-value  score  bias   exp reg clu  ov env dom rep inc description of target
#------------------- ---------- -------------------- ---------- --------- ------ ----- --------- ------ -----   --- --- --- --- --- --- --- --- ---------------------
39                   -          MF_00015             -            7.6e-05   14.6   0.0   7.9e-05   14.5   0.0   1.0   1   0   0   1   1   1   1 -
6                    -          MF_00015             -            0.00091   11.1   0.0   0.00094   11.0   0.0   1.1   1   0   0   1   1   1   1 -
77                   -          MF_00203             -            0.00022   12.0   0.1   0.00044   11.0   0.0   1.5   1   1   1   2   2   2   2 -
26                   -          MF_00213             -              0.015    7.5   7.8     0.072    5.3   4.8   2.2   1   1   1   2   2   2   2 -
18                   -          MF_00355             -            9.6e-06   17.4   0.0   3.2e-05   15.7   0.0   1.9   3   0   0   3   3   3   3 -
5                    -          MF_00476             -              3e-05   16.5   0.0   4.3e-05   16.0   0.0   1.3   1   0   0   1   1   1   1 -
18                   -          MF_00533             -            0.00017   13.2   0.0    0.0003   12.4   0.0   1.5   1   0   0   1   1   1   1 -
56                   -          MF_00615             -            0.00037   12.3   0.0   0.00047   11.9   0.0   1.3   1   0   0   1   1   1   1 -
26                   -          MF_00777             -              0.034    6.2   9.8    0.0022   10.1   2.7   2.4   2   1   0   2   2   2   2 -
26                   -          MF_00803             -              0.027    6.8   7.0     0.085    5.2   3.5   2.9   1   1   1   2   2   2   2 -
46                   -          MF_01126             -            0.00086   11.8   0.0    0.0013   11.3   0.0   1.2   1   0   0   1   1   1   1 -
77                   -          MF_01315             -            4.4e-06   18.9   0.1   2.6e-05   16.3   0.1   2.2   1   1   1   2   2   2   2 -
77                   -          MF_01488             -            8.3e-05   13.1   0.0   8.3e-05   13.1   0.0   1.2   1   0   0   1   1   1   1 -
39                   -          MF_01489             -            6.6e-06   17.0   0.0   6.8e-06   16.9   0.0   1.0   1   0   0   1   1   1   1 -
6                    -          MF_01489             -            7.9e-05   13.4   0.0   7.9e-05   13.4   0.0   1.0   1   0   0   1   1   1   1 -
54                   -          MF_01506             -            0.00085   12.0   5.4   0.00049   12.8   3.3   1.6   2   0   0   2   2   2   2 -
77                   -          MF_01588             -            0.00018   12.1   0.1   0.00018   12.1   0.1   1.2   1   0   0   1   1   1   1 -
79                   -          MF_01807             -            4.5e-08   24.8   0.0   3.8e-06   18.5   0.0   2.6   1   1   0   1   1   1   1 -
79                   -          MF_01808             -            4.3e-09   28.5   0.0   3.6e-08   25.4   0.0   2.0   2   0   0   2   2   2   2 -
6                    -          MF_01909             -            0.00024   12.7   0.0   0.00026   12.6   0.0   1.1   1   0   0   1   1   1   1 -
26                   -          MF_01968             -            0.00016   13.1   2.1   0.00098   10.5   0.1   2.1   2   0   0   2   2   2   2 -
18                   -          MF_02040             -            7.9e-05   14.3   0.3   0.00014   13.5   0.0   1.5   2   0   0   2   2   2   2 -
79                   -          MF_02055             -            2.3e-14   45.7   0.0   1.4e-10   33.2   0.0   2.1   1   1   1   2   2   2   2 -
3                    -          MF_02055             -              3e-06   19.1   0.0   0.00091   10.9   0.0   2.1   2   0   0   2   2   2   2 -
18                   -          MF_03035             -            0.00057   10.9   0.0   0.00077   10.5   0.0   1.1   1   0   0   1   1   1   1 -
18                   -          MF_03112             -             0.0003   12.0   0.0   0.00056   11.1   0.0   1.3   1   0   0   1   1   1   1 -
#
# Program:         hmmsearch
# Version:         3.3 (Nov 2019)
# Pipeline mode:   SEARCH
# Query file:      data/hamap/2023_01/hamap.hmm.lib
# Target file:     /home/dlueckin/projects/pR1SE_australian_lakes/G_annotate_complete_relatives/scripts/../interpro_tmp/Gairdner_NODE_107_length_49922_cov_74.384603.fasta.faa/hpc-node3_20230626_111306521_4des//jobHAMAP/000000000001_000000000080.fasta
# Option settings: bin/hmmer/hmmer3/3.3/hmmsearch -o /home/dlueckin/projects/pR1SE_australian_lakes/G_annotate_complete_relatives/scripts/../interpro_tmp/Gairdner_NODE_107_length_49922_cov_74.384603.fasta.faa/hpc-node3_20230626_111306521_4des//jobHAMAP/000000000001_000000000080.raw.out --tblout /home/dlueckin/projects/pR1SE_australian_lakes/G_annotate_complete_relatives/scripts/../interpro_tmp/Gairdner_NODE_107_length_49922_cov_74.384603.fasta.faa/hpc-node3_20230626_111306521_4des//jobHAMAP/000000000001_000000000080.raw.tblout.out -E 100 --domE 100 --incE 100 --incdomE 100 --cpu 1 data/hamap/2023_01/hamap.hmm.lib /home/dlueckin/projects/pR1SE_australian_lakes/G_annotate_complete_relatives/scripts/../interpro_tmp/Gairdner_NODE_107_length_49922_cov_74.384603.fasta.faa/hpc-node3_20230626_111306521_4des//jobHAMAP/000000000001_000000000080.fasta 
# Current dir:     /bioinf/home/dlueckin/dbs/interproscan-5.62-94.0
# Date:            Mon Jun 26 11:13:48 2023
# [ok]
