Started Tue Aug  8 05:10:39 PM CEST 2023
Total seqs 1784 in combined_relevant_proteins.faa
..........100 finished 22 clusters 191 passed 22/191 clstr/passed 10.7% done 7.69 cpu
..........200 finished 50 clusters 267 passed 28/76 clstr/passed 14.96% done 11.65 cpu
..........300 finished 83 clusters 422 passed 33/155 clstr/passed 23.65% done 14.42 cpu
..........400 finished 120 clusters 592 passed 37/170 clstr/passed 33.18% done 14.57 cpu
..........500 finished 137 clusters 640 passed 17/48 clstr/passed 35.87% done 16.26 cpu
..........600 finished 171 clusters 700 passed 34/60 clstr/passed 39.23% done 16.38 cpu
..........700 finished 203 clusters 803 passed 32/103 clstr/passed 45.01% done 17.89 cpu
..........800 finished 237 clusters 880 passed 34/77 clstr/passed 49.32% done 18.67 cpu
..........900 finished 284 clusters 973 passed 47/93 clstr/passed 54.54% done 18.87 cpu
..........1000 finished 340 clusters 1059 passed 56/86 clstr/passed 59.36% done 19.65 cpu
..........1100 finished 393 clusters 1148 passed 53/89 clstr/passed 64.34% done 20.23 cpu
..........1200 finished 453 clusters 1255 passed 60/107 clstr/passed 70.34% done 20.3 cpu
..........1300 finished 515 clusters 1369 passed 62/114 clstr/passed 76.73% done 21.05 cpu
..........1400 finished 563 clusters 1455 passed 48/86 clstr/passed 81.55% done 21.75 cpu
..........1500 finished 622 clusters 1549 passed 59/94 clstr/passed 86.82% done 22.38 cpu
..........1600 finished 678 clusters 1638 passed 56/89 clstr/passed 91.81% done 23.05 cpu
..........1700 finished 734 clusters 1704 passed 56/66 clstr/passed 95.51% done 23.41 cpu
........1784 finished 807 clusters 1784 passed 73/80 clstr/passed 100% done 26.08 cpu
Completed Tue Aug  8 05:12:39 PM CEST 2023

Total CPUs on remote hosts: 0
