# hmmscan :: search sequence(s) against a profile database
# HMMER 3.3 (Nov 2019); http://hmmer.org/
# Copyright (C) 2019 Howard Hughes Medical Institute.
# Freely distributed under the BSD open source license.
# - - - - - - - - - - - - - - - - - - - - - - - - - - - - - - - - - - - -
# query sequence file:             /home/dlueckin/projects/pR1SE_australian_lakes/G_annotate_complete_relatives/scripts/../interpro_tmp/NC_015659.1.fasta.faa/hpc-node4_20230626_111306887_6pnj//jobSuperFamily/000000000001_000000000103.fasta
# target HMM database:             data/superfamily/1.75/hmmlib_1.75
# output directed to file:         /home/dlueckin/projects/pR1SE_australian_lakes/G_annotate_complete_relatives/scripts/../interpro_tmp/NC_015659.1.fasta.faa/hpc-node4_20230626_111306887_6pnj//jobSuperFamily/000000000001_000000000103.raw.out
# profile reporting threshold:     E-value <= 10
# sequence search space set to:    15438
# number of worker threads:        1
# - - - - - - - - - - - - - - - - - - - - - - - - - - - - - - - - - - - -

Query:       1  [L=44]
Scores for complete sequence (score includes all domains):
   --- full sequence ---   --- best 1 domain ---    -#dom-
    E-value  score  bias    E-value  score  bias    exp  N  Model    Description
    ------- ------ -----    ------- ------ -----   ---- --  -------- -----------
  ------ inclusion threshold ------
      0.065   13.1   0.3       0.13   12.2   0.3    1.6  1  0036190   Glucocorticoid receptor-like (DNA-binding domain)
        0.1   12.2   0.5       0.11   12.1   0.5    1.1  1  0047475   RING/U-box
       0.12   12.5   0.6        0.2   11.8   0.6    1.6  1  0052417   Glucocorticoid receptor-like (DNA-binding domain)
       0.14   11.5   0.4       0.17   11.2   0.4    1.2  1  0037895   RING/U-box
       0.17   11.8   0.6       0.42   10.7   0.6    1.7  1  0034932   Glucocorticoid receptor-like (DNA-binding domain)
       0.21   11.2   1.8       0.23   11.1   1.8    1.4  1  0051787   Zinc beta-ribbon
       0.21   11.3   1.4        0.3   10.9   1.4    1.5  1  0045906   Glucocorticoid receptor-like (DNA-binding domain)
       0.26   10.5   0.3       0.27   10.5   0.3    1.1  1  0050592   RING/U-box
       0.36   10.8   1.4       0.69    9.9   1.4    1.6  1  0047389   Glucocorticoid receptor-like (DNA-binding domain)
       0.42    9.8   0.2       0.46    9.7   0.2    1.2  1  0043836   RING/U-box
       0.88    8.9   3.6       0.41   10.0   2.3    1.2  1  0054516   T-antigen specific domain-like
        1.1    9.1   1.7        1.3    8.8   1.7    1.5  1  0053807   B-box zinc-binding domain


Domain annotation for each model (and alignments):
>> 0036190  Glucocorticoid receptor-like (DNA-binding domain)
   #    score  bias  c-Evalue  i-Evalue hmmfrom  hmm to    alifrom  ali to    envfrom  env to     acc
 ---   ------ ----- --------- --------- ------- -------    ------- -------    ------- -------    ----
   1 ?   12.2   0.3    0.0001      0.13       8      30 ..      13      35 ..       2      36 .. 0.85

  Alignments for each domain:
  == domain 1  score: 12.2 bits;  conditional E-value: 0.0001
  0036190  8 ksLdsttlvekdgelyCkgcygk 30
              sL++++ v  +ge +C +cyg+
        1 13 VSLENIHRVGPSGEAFCPECYGE 35
             4789999999***********75 PP

>> 0047475  RING/U-box
   #    score  bias  c-Evalue  i-Evalue hmmfrom  hmm to    alifrom  ali to    envfrom  env to     acc
 ---   ------ ----- --------- --------- ------- -------    ------- -------    ------- -------    ----
   1 ?   12.1   0.5   8.8e-05      0.11      10      43 ..       8      40 ..       2      42 .. 0.85

  Alignments for each domain:
  == domain 1  score: 12.1 bits;  conditional E-value: 8.8e-05
  0047475 10 iCleellegelllllplcghlFhleCilkWlkls 43
              C   +  ++++++ p  g  F+ eC  +Wl+++
        1  8 YCGGAVSLENIHRVGP-SGEAFCPECYGEWLRWQ 40
             5777888888888888.9*************986 PP

>> 0052417  Glucocorticoid receptor-like (DNA-binding domain)
   #    score  bias  c-Evalue  i-Evalue hmmfrom  hmm to    alifrom  ali to    envfrom  env to     acc
 ---   ------ ----- --------- --------- ------- -------    ------- -------    ------- -------    ----
   1 ?   11.8   0.6   0.00015       0.2       8      31 ..      14      37 ..       2      38 .. 0.85

  Alignments for each domain:
  == domain 1  score: 11.8 bits;  conditional E-value: 0.00015
  0052417  8 slaelgfveekGslyCelcyeelf 31
             sl+++  v  +G+ +C  cy+e++
        1 14 SLENIHRVGPSGEAFCPECYGEWL 37
             6889999999**********9875 PP

>> 0037895  RING/U-box
   #    score  bias  c-Evalue  i-Evalue hmmfrom  hmm to    alifrom  ali to    envfrom  env to     acc
 ---   ------ ----- --------- --------- ------- -------    ------- -------    ------- -------    ----
   1 ?   11.2   0.4   0.00014      0.17       9      42 ..       9      40 ..       3      42 .. 0.78

  Alignments for each domain:
  == domain 1  score: 11.2 bits;  conditional E-value: 0.00014
  0037895  9 ClellldgdlllpvllpCgHvfclsCilkwlkls 42
             C   +  +++   ++ p g  fc +C+ +wl+++
        1  9 CGGAVSLENI--HRVGPSGEAFCPECYGEWLRWQ 40
             5555666555..889999999******9999876 PP

>> 0034932  Glucocorticoid receptor-like (DNA-binding domain)
   #    score  bias  c-Evalue  i-Evalue hmmfrom  hmm to    alifrom  ali to    envfrom  env to     acc
 ---   ------ ----- --------- --------- ------- -------    ------- -------    ------- -------    ----
   1 ?   10.7   0.6   0.00033      0.42       9      29 ..      15      35 ..       4      38 .. 0.80

  Alignments for each domain:
  == domain 1  score: 10.7 bits;  conditional E-value: 0.00033
  0034932  9 ldsttllehegelyCkscygr 29
             l++++ + + ge +C +cyg+
        1 15 LENIHRVGPSGEAFCPECYGE 35
             6677788899*********97 PP

>> 0051787  Zinc beta-ribbon
   #    score  bias  c-Evalue  i-Evalue hmmfrom  hmm to    alifrom  ali to    envfrom  env to     acc
 ---   ------ ----- --------- --------- ------- -------    ------- -------    ------- -------    ----
   1 ?   11.1   1.8   0.00018      0.23      20      33 ..      26      39 ..       7      44 .] 0.82

  Alignments for each domain:
  == domain 1  score: 11.1 bits;  conditional E-value: 0.00018
  0051787 20 llvCpeCaheWsle 33
                CpeC  eW   
        1 26 EAFCPECYGEWLRW 39
             578********765 PP

>> 0045906  Glucocorticoid receptor-like (DNA-binding domain)
   #    score  bias  c-Evalue  i-Evalue hmmfrom  hmm to    alifrom  ali to    envfrom  env to     acc
 ---   ------ ----- --------- --------- ------- -------    ------- -------    ------- -------    ----
   1 ?   10.9   1.4   0.00023       0.3       9      33 ..      15      39 ..       3      44 .] 0.79

  Alignments for each domain:
  == domain 1  score: 10.9 bits;  conditional E-value: 0.00023
  0045906  9 LdstslaehdgepyCkpcygklfGp 33
             L++++ +   ge +C  cyg++   
        1 15 LENIHRVGPSGEAFCPECYGEWLRW 39
             6677777789**********98655 PP

>> 0050592  RING/U-box
   #    score  bias  c-Evalue  i-Evalue hmmfrom  hmm to    alifrom  ali to    envfrom  env to     acc
 ---   ------ ----- --------- --------- ------- -------    ------- -------    ------- -------    ----
   1 ?   10.5   0.3   0.00021      0.27      11      43 ..       9      41 ..       3      44 .] 0.86

  Alignments for each domain:
  == domain 1  score: 10.5 bits;  conditional E-value: 0.00021
  0050592 11 CledlpllelpvlldCgHvfCldClkdylelki 43
             C   ++l + +++ + g  fC +C+ ++l++++
        1  9 CGGAVSLENIHRVGPSGEAFCPECYGEWLRWQY 41
             778888999999999999**********99876 PP

>> 0047389  Glucocorticoid receptor-like (DNA-binding domain)
   #    score  bias  c-Evalue  i-Evalue hmmfrom  hmm to    alifrom  ali to    envfrom  env to     acc
 ---   ------ ----- --------- --------- ------- -------    ------- -------    ------- -------    ----
   1 ?    9.9   1.4   0.00053      0.69       8      32 ..      14      37 ..       2      43 .. 0.81

  Alignments for each domain:
  == domain 1  score: 9.9 bits;  conditional E-value: 0.00053
  0047389  8 lLdsggflekdgkpYCkklcYaklf 32
             +L++ + + + g+ +C   cY+++ 
        1 14 SLENIHRVGPSGEAFCP-ECYGEWL 37
             5777888889*******.***9876 PP

>> 0043836  RING/U-box
   #    score  bias  c-Evalue  i-Evalue hmmfrom  hmm to    alifrom  ali to    envfrom  env to     acc
 ---   ------ ----- --------- --------- ------- -------    ------- -------    ------- -------    ----
   1 ?    9.7   0.2   0.00036      0.46      22      40 ..      20      38 ..       2      43 .. 0.70

  Alignments for each domain:
  == domain 1  score: 9.7 bits;  conditional E-value: 0.00036
  0043836 22 vvlpcghtfcrsciekwle 40
             +v p+g  fc +c  +wl+
        1 20 RVGPSGEAFCPECYGEWLR 38
             4556777788888777776 PP

>> 0054516  T-antigen specific domain-like
   #    score  bias  c-Evalue  i-Evalue hmmfrom  hmm to    alifrom  ali to    envfrom  env to     acc
 ---   ------ ----- --------- --------- ------- -------    ------- -------    ------- -------    ----
   1 ?   10.0   2.3   0.00032      0.41      46      61 ..      25      40 ..      13      44 .] 0.83

  Alignments for each domain:
  == domain 1  score: 10.0 bits;  conditional E-value: 0.00032
  0054516 46 geCyCykCyllWfGle 61
             ge +C +Cy +W  ++
        1 25 GEAFCPECYGEWLRWQ 40
             789*********8776 PP

>> 0053807  B-box zinc-binding domain
   #    score  bias  c-Evalue  i-Evalue hmmfrom  hmm to    alifrom  ali to    envfrom  env to     acc
 ---   ------ ----- --------- --------- ------- -------    ------- -------    ------- -------    ----
   1 ?    8.8   1.7     0.001       1.3      17      34 ..      22      39 ..       3      44 .] 0.82

  Alignments for each domain:
  == domain 1  score: 8.8 bits;  conditional E-value: 0.001
  0053807 17 gCdgdlyCarCfrelhdd 34
             g +g+ +C++C+ e+ ++
        1 22 GPSGEAFCPECYGEWLRW 39
             55799*******998665 PP



Internal pipeline statistics summary:
-------------------------------------
Query sequence(s):                         1  (44 residues searched)
Target model(s):                       15438  (2695333 nodes)
Passed MSV filter:                       697  (0.0451483); expected 308.8 (0.02)
Passed bias filter:                      697  (0.0451483); expected 308.8 (0.02)
Passed Vit filter:                       193  (0.0125016); expected 15.4 (0.001)
Passed Fwd filter:                        13  (0.000842078); expected 0.2 (1e-05)
Initial search space (Z):              15438  [as set by --Z on cmdline]
Domain search space  (domZ):              12  [number of targets reported over threshold]
# CPU time: 0.27u 0.17s 00:00:00.44 Elapsed: 00:00:34.65
# Mc/sec: 3.42
//
Query:       39  [L=230]
Scores for complete sequence (score includes all domains):
   --- full sequence ---   --- best 1 domain ---    -#dom-
    E-value  score  bias    E-value  score  bias    exp  N  Model    Description
    ------- ------ -----    ------- ------ -----   ---- --  -------- -----------
  ------ inclusion threshold ------
       0.21   10.9   0.0       0.39   10.1   0.0    1.3  1  0050588   Zinc beta-ribbon
       0.26   10.8   0.5       0.55    9.8   0.5    1.6  1  0041574   Zinc beta-ribbon
       0.41   10.3   0.4        4.6    7.0   0.1    2.4  2  0048398   Rubredoxin-like
       0.85    9.1   2.1         27    4.4   2.1    2.5  1  0036623   Rubredoxin-like


Domain annotation for each model (and alignments):
>> 0050588  Zinc beta-ribbon
   #    score  bias  c-Evalue  i-Evalue hmmfrom  hmm to    alifrom  ali to    envfrom  env to     acc
 ---   ------ ----- --------- --------- ------- -------    ------- -------    ------- -------    ----
   1 ?   10.1   0.0    0.0001      0.39      25      63 ..      57      95 ..      51     102 .. 0.88

  Alignments for each domain:
  == domain 1  score: 10.1 bits;  conditional E-value: 0.0001
  0050588 25 dCpfCnheksvlvkldkkegvallsCrvCglsfeteinl 63
              Cp C+++     + d     + l+Cr C++ ++ e ++
       39 57 ACPTCGARVDTKATYDADGSDYRLECRSCSWTVPLERPP 95
             5****************************9998877665 PP

>> 0041574  Zinc beta-ribbon
   #    score  bias  c-Evalue  i-Evalue hmmfrom  hmm to    alifrom  ali to    envfrom  env to     acc
 ---   ------ ----- --------- --------- ------- -------    ------- -------    ------- -------    ----
   1 ?    9.8   0.5   0.00014      0.55       7      35 ..      57      90 ..      54     111 .. 0.69

  Alignments for each domain:
  == domain 1  score: 9.8 bits;  conditional E-value: 0.00014
  0041574  7 pCpnCG.ssdalsly....sdggtyCfvCgtllk 35
              Cp CG   d  ++y    sd+ + C +C++ + 
       39 57 ACPTCGaRVDTKATYdadgSDYRLECRSCSWTVP 90
             6*****6344444443233566677****98765 PP

>> 0048398  Rubredoxin-like
   #    score  bias  c-Evalue  i-Evalue hmmfrom  hmm to    alifrom  ali to    envfrom  env to     acc
 ---   ------ ----- --------- --------- ------- -------    ------- -------    ------- -------    ----
   1 ?    7.0   0.1    0.0012       4.6      14      30 ..      49      65 ..      45      72 .. 0.79
   2 ?    0.2   0.0       0.2   7.7e+02       6      17 ..      80      91 ..      76      97 .. 0.73

  Alignments for each domain:
  == domain 1  score: 7.0 bits;  conditional E-value: 0.0012
  0048398 14 ilegeapevCPvCgapk 30
              +++e  + CP+Cga+ 
       39 49 NTDDESRDACPTCGARV 65
             56778999*****9875 PP

  == domain 2  score: 0.2 bits;  conditional E-value: 0.2
  0048398  6 yvClvCGyileg 17
               C+ C +++  
       39 80 LECRSCSWTVPL 91
             579999988765 PP

>> 0036623  Rubredoxin-like
   #    score  bias  c-Evalue  i-Evalue hmmfrom  hmm to    alifrom  ali to    envfrom  env to     acc
 ---   ------ ----- --------- --------- ------- -------    ------- -------    ------- -------    ----
   1 ?    4.4   2.1    0.0071        27      25      36 ..      56      67 ..      44      99 .. 0.66

  Alignments for each domain:
  == domain 1  score: 4.4 bits;  conditional E-value: 0.0071
  0036623 25 elCPvCgapkel 36
             + CP+Cga+ ++
       39 56 DACPTCGARVDT 67
             556666655443 PP



Internal pipeline statistics summary:
-------------------------------------
Query sequence(s):                         1  (230 residues searched)
Target model(s):                       15438  (2695333 nodes)
Passed MSV filter:                       517  (0.0334888); expected 308.8 (0.02)
Passed bias filter:                      517  (0.0334888); expected 308.8 (0.02)
Passed Vit filter:                       142  (0.00919808); expected 15.4 (0.001)
Passed Fwd filter:                         4  (0.000259101); expected 0.2 (1e-05)
Initial search space (Z):              15438  [as set by --Z on cmdline]
Domain search space  (domZ):               4  [number of targets reported over threshold]
# CPU time: 0.27u 0.11s 00:00:00.38 Elapsed: 00:00:09.01
# Mc/sec: 68.77
//
