diamond v2.0.11.149 (C) Max Planck Society for the Advancement of Science
Documentation, support and updates available at http://www.diamondsearch.org
Please cite: http://dx.doi.org/10.1038/s41592-021-01101-x Nature Methods (2021)

#CPU threads: 1
Scoring parameters: (Matrix=BLOSUM62 Lambda=0.267 K=0.041 Penalties=11/1)
Temporary directory: iphop_out/CP019329.1.fasta/Wdir
#Target sequences to report alignments for: 10000
Opening the database...  [0.852s]
Database: /bioinf/transfer/tal/iphop_db/db/rafah_data/RaFAH_ref_cds.dmnd (type: Diamond database, sequences: 1026285, letters: 229470696)
Block size = 2000000000
Opening the input file...  [0.002s]
Opening the output file...  [0.001s]
Loading query sequences...  [0s]
Masking queries...  [0.008s]
Algorithm: Double-indexed
Building query histograms...  [0.003s]
Allocating buffers...  [0s]
Loading reference sequences...  [3.804s]
Masking reference...  [12.185s]
Initializing temporary storage...  [0.041s]
Building reference histograms...  [5.044s]
Allocating buffers...  [0s]
Processing query block 1, reference block 1/1, shape 1/2, index chunk 1/4.
Building reference seed array...  [3.329s]
Building query seed array...  [0.002s]
Computing hash join...  [0.564s]
Building seed filter...  [0.001s]
Searching alignments...  [0.004s]
Processing query block 1, reference block 1/1, shape 1/2, index chunk 2/4.
Building reference seed array...  [4.042s]
Building query seed array...  [0.002s]
Computing hash join...  [0.56s]
Building seed filter...  [0s]
Searching alignments...  [0.002s]
Processing query block 1, reference block 1/1, shape 1/2, index chunk 3/4.
Building reference seed array...  [4.361s]
Building query seed array...  [0.003s]
Computing hash join...  [0.607s]
Building seed filter...  [0.001s]
Searching alignments...  [0.003s]
Processing query block 1, reference block 1/1, shape 1/2, index chunk 4/4.
Building reference seed array...  [3.205s]
Building query seed array...  [0.002s]
Computing hash join...  [0.567s]
Building seed filter...  [0s]
Searching alignments...  [0.002s]
Processing query block 1, reference block 1/1, shape 2/2, index chunk 1/4.
Building reference seed array...  [3.181s]
Building query seed array...  [0.002s]
Computing hash join...  [0.587s]
Building seed filter...  [0s]
Searching alignments...  [0.002s]
Processing query block 1, reference block 1/1, shape 2/2, index chunk 2/4.
Building reference seed array...  [4.019s]
Building query seed array...  [0.003s]
Computing hash join...  [0.55s]
Building seed filter...  [0.001s]
Searching alignments...  [0.003s]
Processing query block 1, reference block 1/1, shape 2/2, index chunk 3/4.
Building reference seed array...  [4.304s]
Building query seed array...  [0.002s]
Computing hash join...  [0.554s]
Building seed filter...  [0s]
Searching alignments...  [0.002s]
Processing query block 1, reference block 1/1, shape 2/2, index chunk 4/4.
Building reference seed array...  [3.16s]
Building query seed array...  [0.001s]
Computing hash join...  [0.598s]
Building seed filter...  [0s]
Searching alignments...  [0.003s]
Deallocating buffers...  [0.002s]
Clearing query masking...  [0s]
Computing alignments...  [0.099s]
Deallocating reference...  [0.003s]
Loading reference sequences...  [0s]
Deallocating buffers...  [0s]
Deallocating queries...  [0s]
Loading query sequences...  [0s]
Closing the input file...  [0s]
Closing the output file...  [0.002s]
Cleaning up...  [0s]
Total time = 56.42s
Reported 848 pairwise alignments, 848 HSPs.
39 queries aligned.
