Sn; 1
Si; Fasta sequence
1TBS
1TBN NO SIGNIFICANT RESULTS ABOVE 0.0001    
1TBF
2TBS
2TBT FingerPrint     No.Motifs SumId    AveId    ProfScore  Ppvalue     Evalue      GraphScan               
2TBN FIBROSIN1LPF    2  of  5  67.05    33.52    455        1.66e-05    54          I.I..           
2TBN PRION           2  of  8  61.78    30.89    476        1.72e-05    35          .i..I...        
2TBN EDG6RECEPTOR    2  of  8  74.11    37.05    410        0.000215    6.1e+02     ..II....        
2TBN GPR4RECEPTOR    2  of  8  69.84    34.92    350        0.00103     2.7e+03     .I.....i        
2TBN NRPEPTIDEWR     2  of  8  72.50    36.25    338        0.00129     4.7e+03     .i..I...        
2TBN LOLP1ALLERGN    2  of  8  50.00    25.00    367        0.00157     4.4e+03     I......i        
2TBN POAALLERGEN     2  of  8  62.96    31.48    302        0.00165     4e+03       i......I        
2TBN MEVGALKINASE    2  of  4  38.97    19.48    243        0.00319     6.6e+03     .i.i            
2TBN P2X1RECEPTOR    2  of  10 61.36    30.68    400        0.00446     1.6e+04     ....I..i..      
2TBN SONICHHOG       2  of  9  56.86    28.43    309        0.00532     1.3e+04     ....i.I..       
2TBF
3TBS
3TBT MotifName       No.Mots   IdScore PfScore Pvalue    Sequence                                                Len  low  pos   high 
3TBN FIBROSIN1LPF    1  of  5  36.36   169     7.92e-02  TRGDSHRGDR                                              10   0    105   0    
3TBN FIBROSIN1LPF    3  of  5  30.68   286     2.10e-04  IYSGDGGHHPTARVFA                                        16   0    148   0    
3TBB
3TBN PRION           2  of  8  26.78   203     4.78e-02  WMRAASWGPNIYSGDGGHHPTA                                  22   0    138   0    
3TBN PRION           5  of  8  35.00   273     3.60e-04  LAGVPFAGGLAGGAATSDLA                                    20   0    250   0    
3TBB
3TBN EDG6RECEPTOR    3  of  8  42.86   225     7.21e-03  PESAEFKTPTWYGW                                          14   0    67    0    
3TBN EDG6RECEPTOR    4  of  8  31.25   185     2.98e-02  SGDGGHHPTARVFAKH                                        16   0    150   0    
3TBB
3TBN GPR4RECEPTOR    2  of  8  46.15   180     2.44e-02  RGVSRRRVLQTVA                                           13   0    7     0    
3TBN GPR4RECEPTOR    8  of  8  23.68   170     4.22e-02  LGTTDDAPFTADGDSSVQF                                     19   0    184   0    
3TBB
3TBN NRPEPTIDEWR     2  of  8  25.00   133     5.49e-02  #MTAPRQRGVSRR                                           13   0    0     0    
3TBN NRPEPTIDEWR     5  of  8  47.50   205     2.36e-02  HVTLSFPRSE                                              10   0    47    0    
3TBB
3TBN LOLP1ALLERGN    1  of  8  30.30   171     8.74e-02  TGTRPVTADHDG                                            12   0    31    0    
3TBN LOLP1ALLERGN    8  of  8  19.70   196     1.80e-02  ADGDSSVQFEVWLADGWE                                      18   0    194   0    
3TBB
3TBN POAALLERGEN     1  of  8  28.89   172     5.56e-02  KAASPEHELDVYVFFAYYRG                                    20   0    81    0    
3TBN POAALLERGEN     8  of  8  34.07   130     2.96e-02  VPFAGGLAGGAATSD                                         15   0    253   0    
3TBB
3TBN MEVGALKINASE    2  of  4  12.66   109     7.24e-02  #############MTAPRQRGVS                                 23   0    -12   0    
3TBN MEVGALKINASE    4  of  4  26.31   134     4.41e-02  GVPFAGGLAGGAATSDLA                                      18   0    252   0    
3TBB
3TBN P2X1RECEPTOR    5  of  10 36.36   200     4.74e-02  GVSRRRVLQTV                                             11   0    8     0    
3TBN P2X1RECEPTOR    8  of  10 25.00   200     9.42e-02  ARVFAKHHHYAL                                            12   0    159   0    
3TBB
3TBN SONICHHOG       5  of  9  22.01   158     8.00e-02  LAVTGTRPVTADHDGALPS                                     19   0    28    0    
3TBN SONICHHOG       7  of  9  34.85   151     6.65e-02  TDDAPFTADGDSSVQ                                         15   0    187   0    
3TBB
3TBF
Sn; 2
Si; Fasta sequence
1TBS
1TBN NO SIGNIFICANT RESULTS ABOVE 0.0001    
1TBF
2TBS
2TBT FingerPrint     No.Motifs SumId    AveId    ProfScore  Ppvalue     Evalue      GraphScan               
2TBN GKINASEAP1      2  of  9  59.54    29.77    593        2.6e-05     52          .i.....I.       
2TBN CDATPASE        2  of  9  75.29    37.65    472        0.000183    5.7e+02     I......I.       
2TBN TREKCHANNEL     2  of  12 43.33    21.67    390        0.000783    1.9e+03     .....i.....i    
2TBN LCRVANTIGEN     2  of  9  44.74    22.37    385        0.000786    1.6e+03     .....i.i.       
2TBN CUATPASE        2  of  11 48.00    24.00    408        0.000882    2.5e+03     ......i..i.     
2TBN INTERLEUKIN6    2  of  4  41.55    20.77    360        0.00109     2.2e+03     .I.i            
2TBN CLAUDIN9        2  of  4  85.00    42.50    345        0.00189     8e+03       .II.            
2TBN FLGMOTORFLIG    2  of  7  42.90    21.45    225        0.00284     6.3e+03     i....i.         
2TBN NONHISHMG17     2  of  4  63.87    31.93    332        0.00285     9.2e+03     I..i            
2TBN ABRAXAS         2  of  7  37.42    18.71    303        0.00333     8.5e+03     i.....i         
2TBF
3TBS
3TBT MotifName       No.Mots   IdScore PfScore Pvalue    Sequence                                                Len  low  pos   high 
3TBN GKINASEAP1      2  of  9  27.37   296     6.05e-03  NEETGEQRQRAYEEHRQRS                                     19   0    38    0    
3TBN GKINASEAP1      8  of  9  32.17   297     4.29e-03  NLQTKVKELQARNAHLEASERER                                 23   0    263   0    
3TBB
3TBN CDATPASE        1  of  9  40.00   198     5.97e-02  YRLAGLVIAG                                              10   0    7     0    
3TBN CDATPASE        8  of  9  35.29   274     3.07e-03  MQEMFNGTMNQVRITEE                                       17   0    307   0    
3TBB
3TBN TREKCHANNEL     6  of  12 20.00   210     1.35e-02  GYEFYSFMKTGSPSQVAAAW                                    20   0    85    0    
3TBN TREKCHANNEL     12 of  12 23.33   180     5.81e-02  NKSLEQEMQRSTDID                                         15   0    248   0    
3TBB
3TBN LCRVANTIGEN     6  of  9  25.24   193     2.00e-02  AYNKSLEQEMQRSTDIDNLQT                                   21   0    246   0    
3TBN LCRVANTIGEN     8  of  9  19.50   192     3.94e-02  EQNNEIDEVLNQMSVVANRM                                    20   0    288   0    
3TBB
3TBN CUATPASE        7  of  11 20.00   204     3.06e-02  LVIAGLIVLAIGIWF                                         15   0    12    0    
3TBN CUATPASE        10 of  11 28.00   204     2.88e-02  EQNNEIDEVLNQMSV                                         15   0    288   0    
3TBB
3TBN INTERLEUKIN6    2  of  4  30.43   197     3.75e-02  VEDPRPADDKIGLELPSHARKVG                                 23   0    196   0    
3TBN INTERLEUKIN6    4  of  4  11.11   163     2.90e-02  VVANRMQEMFNGTMNQVR                                      18   0    302   0    
3TBB
3TBN CLAUDIN9        2  of  4  40.00   150     5.78e-02  ILMFLVVGIV                                              10   0    72    0    
3TBN CLAUDIN9        3  of  4  45.00   195     3.27e-02  FERREDRKLG                                              10   0    170   0    
3TBB
3TBN FLGMOTORFLIG    1  of  7  25.21   129     2.97e-02  LAGLVIAGLIVLAIGIW                                       17   0    9     0    
3TBN FLGMOTORFLIG    6  of  7  17.69   96      9.55e-02  EQEMQRSTDIDNLQTKVKELQ                                   21   0    252   0    
3TBB
3TBN NONHISHMG17     1  of  4  35.90   181     3.17e-02  VKELQARNAHLEASE                                         15   0    268   0    
3TBN NONHISHMG17     4  of  4  27.97   151     8.98e-02  GQNGHADADAL                                             11   0    333   0    
3TBB
3TBN ABRAXAS         1  of  7  25.00   145     6.76e-02  VAAAWETKFLAGFVVA                                        16   0    100   0    
3TBN ABRAXAS         7  of  7  12.42   158     4.92e-02  ANRMQEMFNGTMNQVRI                                       17   0    304   0    
3TBB
3TBF
Sn; 3
Si; Fasta sequence
1TBS
1TBN NO SIGNIFICANT RESULTS ABOVE 0.0001    
1TBF
2TBS
2TBT FingerPrint     No.Motifs SumId    AveId    ProfScore  Ppvalue     Evalue      GraphScan               
2TBN ATCASE          2  of  6  49.40    24.70    299        0.000456    1.5e+03     .I...i          
2TBN PYOCINKILLER    2  of  10 49.12    24.56    330        0.00631     1.3e+04     .I..i.....      
2TBF
3TBS
3TBT MotifName       No.Mots   IdScore PfScore Pvalue    Sequence                                                Len  low  pos   high 
3TBN ATCASE          2  of  6  30.77   127     8.32e-02  QNTQVVLGES                                              10   0    82    0    
3TBN ATCASE          6  of  6  18.63   172     5.49e-03  FYTEAQDGSSIRVTF                                         15   0    258   0    
3TBB
3TBN PYOCINKILLER    2  of  10 33.33   160     6.94e-02  VVGIVALALVLTTSLAVGVLS                                   21   0    13    0    
3TBN PYOCINKILLER    5  of  10 15.79   170     9.10e-02  DDAMTPAQLPAEIQSDDGS                                     19   0    115   0    
3TBB
3TBF
Sn; 4
Si; Fasta sequence
1TBS
1TBN NO SIGNIFICANT RESULTS ABOVE 0.0001    
1TBF
2TBS
2TBT FingerPrint     No.Motifs SumId    AveId    ProfScore  Ppvalue     Evalue      GraphScan               
2TBN INTRLEUKIN1A    2  of  10 57.18    28.59    458        5.31e-05    95          ...I...i..      
2TBN SIGMA70FCT      2  of  5  59.87    29.94    382        0.000117    3.3e+02     I..i.           
2TBN PROTEASEAR4     2  of  11 50.82    25.41    410        0.000162    3.5e+02     .I........i     
2TBN FLGHOOKFLIK     2  of  10 46.92    23.46    400        0.000273    4.9e+02     ...ii.....      
2TBN AMPHIPHYSIN1    2  of  7  84.85    42.42    410        0.000789    2.9e+03     ....II.         
2TBN XRODRMPGMNTG    2  of  10 59.35    29.67    428        0.000805    1.7e+03     ......i..I      
2TBN TREKCHANNEL     2  of  12 48.51    24.26    360        0.000971    3.2e+03     i......i....    
2TBN NAHEXCHNGR3     2  of  16 80.00    40.00    437        0.00151     6.4e+03     ....I...i.......
2TBN POAALLERGEN     2  of  8  58.52    29.26    324        0.00192     4.6e+03     .....i.i        
2TBN TYPE4SSCAGA     2  of  11 58.61    29.31    421        0.00208     5.3e+03     ...i...I...     
2TBF
3TBS
3TBT MotifName       No.Mots   IdScore PfScore Pvalue    Sequence                                                Len  low  pos   high 
3TBN INTRLEUKIN1A    4  of  10 36.65   276     6.78e-04  PKVRDCYRLNLIEDINDDPLNVI                                 23   0    22    0    
3TBN INTRLEUKIN1A    8  of  10 20.54   182     7.83e-02  SVCGGPDEETPDIGEEVEETADRV                                24   0    139   0    
3TBB
3TBN SIGMA70FCT      1  of  5  35.76   193     1.35e-02  DVNISGQRGLLDAL                                          14   0    7     0    
3TBN SIGMA70FCT      4  of  5  24.11   189     8.66e-03  ETPDIGEEVEETADRV                                        16   0    147   0    
3TBB
3TBN PROTEASEAR4     2  of  11 31.25   230     1.03e-02  DEETPDIGEEVEETAD                                        16   0    145   0    
3TBN PROTEASEAR4     11 of  11 19.57   180     1.58e-02  PGETETATVTHEDSSTTIDTYTG                                 23   0    461   0    
3TBB
3TBN FLGHOOKFLIK     4  of  10 20.83   200     1.94e-02  DEETPDIGEEVEETADRVNETISR                                24   0    145   0    
3TBN FLGHOOKFLIK     5  of  10 26.09   200     1.41e-02  ESVRISNTAPGPSDSVTVAAAPR                                 23   0    263   0    
3TBB
3TBN AMPHIPHYSIN1    5  of  7  41.67   180     8.22e-02  PGPSDSVTVAAA                                            12   0    272   0    
3TBN AMPHIPHYSIN1    6  of  7  43.18   230     9.60e-03  TTGVDVARDAS                                             11   0    408   0    
3TBB
3TBN XRODRMPGMNTG    7  of  10 23.16   184     9.46e-02  TAKLLDRDSSYVEVDENAV                                     19   0    193   0    
3TBN XRODRMPGMNTG    10 of  10 36.19   244     8.50e-03  PSLVERGLHAVQLRFPSLPTL                                   21   0    496   0    
3TBB
3TBN TREKCHANNEL     1  of  12 21.43   160     8.06e-02  VSGPDCSRSETASD                                          14   0    298   0    
3TBN TREKCHANNEL     8  of  12 27.08   200     1.21e-02  DVVLGFVFLLVG                                            12   0    527   0    
3TBB
3TBN NAHEXCHNGR3     5  of  16 50.00   247     1.66e-02  DRSTAVDVLK                                              10   0    96    0    
3TBN NAHEXCHNGR3     9  of  16 30.00   190     9.08e-02  GQSFREVLQV                                              10   0    335   0    
3TBB
3TBN POAALLERGEN     6  of  8  28.89   198     2.85e-02  RPPAIRAATGPTGRYAVVGN                                    20   0    353   0    
3TBN POAALLERGEN     8  of  8  29.63   126     6.74e-02  STTGVDVARDASTTV                                         15   0    407   0    
3TBB
3TBN TYPE4SSCAGA     4  of  11 26.67   199     4.74e-02  QVDANVDNLPTEPGD                                         15   0    79    0    
3TBN TYPE4SSCAGA     8  of  11 31.94   222     4.39e-02  STTVRIQKGDTEQSIRDR                                      18   0    418   0    
3TBB
3TBF
Sn; 5
Si; Fasta sequence
1TBS
1TBN NO SIGNIFICANT RESULTS ABOVE 0.0001    
1TBF
2TBS
2TBT FingerPrint     No.Motifs SumId    AveId    ProfScore  Ppvalue     Evalue      GraphScan               
2TBN GGTRANSPTASE    2  of  9  32.92    16.46    239        0.00131     2.5e+03     ii.......       
2TBN ANTIFREEZEI     2  of  3  55.83    27.92    238        0.0019      6.4e+03     i.i             
2TBN GABABRECEPTR    2  of  14 49.47    24.74    326        0.00263     4.8e+03     ii............  
2TBN C3ANPHYLTXNR    2  of  10 56.33    28.17    307        0.00289     9e+03       .Ii.......      
2TBF
3TBS
3TBT MotifName       No.Mots   IdScore PfScore Pvalue    Sequence                                                Len  low  pos   high 
3TBN GGTRANSPTASE    1  of  9  21.68   131     1.87e-02  GTPQEQMSASFALGVAAWISSAISLG                              26   0    58    0    
3TBN GGTRANSPTASE    2  of  9  11.24   108     7.03e-02  AAGTPR#############                                     19   0    115   0    
3TBB
3TBN ANTIFREEZEI     1  of  3  25.83   131     2.08e-02  SWEDAIPPAVLSSAS                                         15   0    31    0    
3TBN ANTIFREEZEI     3  of  3  30.00   107     9.12e-02  SASFALGVAA                                              10   0    65    0    
3TBB
3TBN GABABRECEPTR    1  of  14 29.41   168     3.83e-02  GGKLKAAVSWPVEQVAG                                       17   0    2     0    
3TBN GABABRECEPTR    2  of  14 20.06   158     6.85e-02  QEQMSASFALGVAAWISSAISLGLTIPIA                           29   0    61    0    
3TBB
3TBN C3ANPHYLTXNR    2  of  10 34.67   128     4.43e-02  AAWISSAISLGLTIP                                         15   0    73    0    
3TBN C3ANPHYLTXNR    3  of  10 21.67   179     6.54e-02  AFRLWPVVDDVW                                            12   0    100   0    
3TBB
3TBF
Sn; 6
Si; Fasta sequence
1TBS
1TBN NO SIGNIFICANT RESULTS ABOVE 0.0001    
1TBF
2TBS
2TBT FingerPrint     No.Motifs SumId    AveId    ProfScore  Ppvalue     Evalue      GraphScan               
2TBN GLIADIN         2  of  9  77.92    38.96    478        3.5e-06     12          I.......I       
2TBN 5HT2CRECEPTR    2  of  8  73.33    36.67    538        3.09e-05    81          I..I....        
2TBN OREXINR         2  of  10 71.08    35.54    445        8.59e-05    2.5e+02     ...I...i..      
2TBN ENDOLAPTASE     2  of  5  44.74    22.37    361        0.000204    4.3e+02     i.i..           
2TBN OCULARALBNSM    2  of  9  66.75    33.37    461        0.000472    9.7e+02     I.......I       
2TBN LEUILEVALBP     2  of  7  75.52    37.76    400        0.000572    1.6e+03     ...II..         
2TBN RHESUSRHD       2  of  12 45.70    22.85    323        0.000609    1.2e+03     ...i.......i    
2TBN GPCRSECRETIN    2  of  7  40.79    20.40    284        0.000785    1.3e+03     i...i..         
2TBN ZETATUBULIN     2  of  15 62.69    31.34    372        0.000906    2.2e+03     .....I........I 
2TBN 5HT4RECEPTR     2  of  11 48.44    24.22    457        0.00136     2.7e+03     i....i.....     
2TBF
3TBS
3TBT MotifName       No.Mots   IdScore PfScore Pvalue    Sequence                                                Len  low  pos   high 
3TBN GLIADIN         1  of  9  30.42   229     1.23e-03  AIALVLLLAVVSVVA                                         15   0    23    0    
3TBN GLIADIN         9  of  9  47.50   249     2.86e-03  MLAGFTVFGT                                              10   0    339   0    
3TBB
3TBN 5HT2CRECEPTR    1  of  8  31.67   272     5.85e-03  ALITLSIVLLGVFGWAFSES                                    20   0    73    0    
3TBN 5HT2CRECEPTR    4  of  8  41.67   266     5.28e-03  RRRKNVEKARST                                            12   0    377   0    
3TBB
3TBN OREXINR         4  of  10 41.67   265     2.01e-03  PSLAEKTARKTR                                            12   0    134   0    
3TBN OREXINR         8  of  10 29.41   180     4.27e-02  ASHLDYSPVRGRRNTPP                                       17   0    261   0    
3TBB
3TBN ENDOLAPTASE     1  of  5  22.56   179     2.08e-02  GDASLGEGQLRAKLLRALDD                                    20   0    169   0    
3TBN ENDOLAPTASE     3  of  5  22.18   182     9.76e-03  TEIDAPSAD###########                                    20   0    619   0    
3TBB
3TBN OCULARALBNSM    1  of  9  35.00   246     1.36e-02  SEVVSGFLSFPPRIQVAIAL                                    20   0    7     0    
3TBN OCULARALBNSM    9  of  9  31.75   215     3.48e-02  PAVLSMLAGFTVFGTVWVHPL                                   21   0    334   0    
3TBB
3TBN LEUILEVALBP     4  of  7  43.94   206     3.81e-02  KTTDGTNRVIG                                             11   0    159   0    
3TBN LEUILEVALBP     5  of  7  31.58   194     1.50e-02  AVLSMLAGFTVFGTVWVHP                                     19   0    335   0    
3TBB
3TBN RHESUSRHD       4  of  12 26.47   158     7.71e-03  QYSYTVFSALITLSIVL                                       17   0    65    0    
3TBN RHESUSRHD       12 of  12 19.23   165     7.91e-02  ASRFVAPAVLSMLAGFTVFGTVWVHP                              26   0    328   0    
3TBB
3TBN GPCRSECRETIN    1  of  7  19.86   145     9.48e-03  VVLGFGTNFMLWATLTVLGVVIAFR                               25   0    106   0    
3TBN GPCRSECRETIN    5  of  7  20.93   139     8.28e-02  TVWVHPLLMAANFSFGLFVGSVVYLG                              26   0    348   0    
3TBB
3TBN ZETATUBULIN     6  of  15 30.36   193     4.41e-02  VEHIAAEAKTTDGTNR                                        16   0    151   0    
3TBN ZETATUBULIN     15 of  15 32.33   179     2.05e-02  TLVTLRTAGVPLDMEALRS                                     19   0    550   0    
3TBB
3TBN 5HT4RECEPTR     1  of  11 27.78   209     4.85e-02  DDVDVDIDDVEGRLAAEI                                      18   0    231   0    
3TBN 5HT4RECEPTR     6  of  11 20.67   248     2.80e-02  DALAKKCTTERGTDFYVVWMAGHSY                               25   0    398   0    
3TBB
3TBF
Sn; 7
Si; Fasta sequence
1TBS
1TBN NO SIGNIFICANT RESULTS ABOVE 0.0001    
1TBF
2TBS
2TBT FingerPrint     No.Motifs SumId    AveId    ProfScore  Ppvalue     Evalue      GraphScan               
2TBN CNATPEPTIDE     2  of  3  42.98    21.49    273        0.00519     1.3e+04     .Ii             
2TBF
3TBS
3TBT MotifName       No.Mots   IdScore PfScore Pvalue    Sequence                                                Len  low  pos   high 
3TBN CNATPEPTIDE     2  of  3  30.48   125     9.19e-02  NWLQTKWRHFKERCFGC                                       17   0    26    0    
3TBN CNATPEPTIDE     3  of  3  12.50   148     5.66e-02  CIGRR###########                                        16   0    42    0    
3TBB
3TBF
Sn; 8
Si; Fasta sequence
1TBS
1TBN NO SIGNIFICANT RESULTS ABOVE 0.0001    
1TBF
2TBS
2TBT FingerPrint     No.Motifs SumId    AveId    ProfScore  Ppvalue     Evalue      GraphScan               
2TBN RAGALLERGEN     2  of  8  73.41    36.71    353        0.000139    5.6e+02     I...I...        
2TBN SOPEPROTEIN     2  of  9  54.75    27.38    434        0.000211    5.7e+02     ...i....I       
2TBN TAUPROTEIN      2  of  6  77.08    38.54    341        0.00106     4.5e+03     I.I...          
2TBN FLGFLGJ         2  of  13 50.68    25.34    365        0.00115     2.3e+03     ........i.I..   
2TBN ALCDHDRGNASE    2  of  6  54.68    27.34    379        0.00118     3.6e+03     I.i...          
2TBN FRATAXIN        2  of  7  70.18    35.09    414        0.00153     3.3e+03     ...II..         
2TBN LEUZIPPRCREB    2  of  6  47.22    23.61    341        0.00318     9.6e+03     .ii...          
2TBN DYNAMIN         2  of  6  40.06    20.03    303        0.00328     7.3e+03     i..i..          
2TBN MINTRINSICP     2  of  6  45.53    22.77    230        0.0036      6.9e+03     .i.i..          
2TBF
3TBS
3TBT MotifName       No.Mots   IdScore PfScore Pvalue    Sequence                                                Len  low  pos   high 
3TBN RAGALLERGEN     1  of  8  32.14   179     3.66e-03  VLIAVLLTVAFT                                            12   0    15    0    
3TBN RAGALLERGEN     5  of  8  41.27   174     3.81e-02  NQMAASDPT                                               9    0    93    0    
3TBB
3TBN SOPEPROTEIN     4  of  9  18.75   166     7.37e-02  ####MTRNTTTAGRRI                                        16   0    -3    0    
3TBN SOPEPROTEIN     9  of  9  36.00   268     2.86e-03  DRFENETMVTPNEFE                                         15   0    142   0    
3TBB
3TBN TAUPROTEIN      1  of  6  33.33   171     2.81e-02  AVAAPAAAAEQD                                            12   0    28    0    
3TBN TAUPROTEIN      3  of  6  43.75   170     3.77e-02  GNPEKSAN                                                8    0    75    0    
3TBB
3TBN FLGFLGJ         9  of  13 18.18   180     8.06e-02  ###############MTRNTTT                                  22   0    -14   0    
3TBN FLGFLGJ         11 of  13 32.50   185     1.42e-02  AVAAPAAAAEQDEGSWTDGI                                    20   0    28    0    
3TBB
3TBN ALCDHDRGNASE    1  of  6  38.98   211     1.21e-02  DRFENETMV                                               9    0    142   0    
3TBN ALCDHDRGNASE    3  of  6  15.71   168     9.75e-02  NTTAS##############                                     19   0    220   0    
3TBB
3TBN FRATAXIN        4  of  7  36.84   224     1.77e-02  RLGGNPEKSANETIDDFAE                                     19   0    72    0    
3TBN FRATAXIN        5  of  7  33.33   190     8.66e-02  ETFNQMAASDPTFGDYLDGR                                    20   0    90    0    
3TBB
3TBN LEUZIPPRCREB    2  of  6  18.33   171     6.07e-02  AVAAPAAAAEQDEGSW                                        16   0    28    0    
3TBN LEUZIPPRCREB    3  of  6  28.89   170     5.24e-02  NATDNRLTYEVT                                            12   0    111   0    
3TBB
3TBN DYNAMIN         1  of  6  23.31   163     3.61e-02  APAAAAEQDEGSWTDGIYE                                     19   0    31    0    
3TBN DYNAMIN         4  of  6  16.76   140     9.09e-02  VGDEDVSRSEKLRVQAQYM                                     19   0    189   0    
3TBB
3TBN MINTRINSICP     2  of  6  23.58   134     4.76e-02  RIGSVLIAVLLTVAFTGAVAAPAAA                               25   0    11    0    
3TBN MINTRINSICP     4  of  6  21.96   96      7.56e-02  NETIDDFAETFNQMAASDP                                     19   0    82    0    
3TBB
3TBF
Sn; 9
Si; Fasta sequence
1TBS
1TBN NO SIGNIFICANT RESULTS ABOVE 0.0001    
1TBF
2TBS
2TBT FingerPrint     No.Motifs SumId    AveId    ProfScore  Ppvalue     Evalue      GraphScan               
2TBN KVCHANNEL       2  of  4  48.68    24.34    418        4.41e-07    1.4         ..ii            
2TBN DENSEGRNULE7    2  of  5  46.67    23.33    330        0.000112    2e+02       ..ii.           
2TBN PROSTANOIDR     2  of  5  39.80    19.90    265        0.000594    1.6e+03     .ii..           
2TBN EXPORTERBACE    2  of  10 51.39    25.69    318        0.00148     3e+03       .......Ii.      
2TBF
3TBS
3TBT MotifName       No.Mots   IdScore PfScore Pvalue    Sequence                                                Len  low  pos   high 
3TBN KVCHANNEL       3  of  4  20.56   175     1.49e-03  NLGIAIVLFIAAILV                                         15   0    4     0    
3TBN KVCHANNEL       4  of  4  28.12   243     2.95e-04  GFRIVAFPLAIV                                            12   0    57    0    
3TBB
3TBN DENSEGRNULE7    3  of  5  16.67   145     4.51e-02  ####MLFNLGIAIVLFIAAILVGELLA                             27   0    -3    0    
3TBN DENSEGRNULE7    4  of  5  30.00   185     2.48e-03  MGAAFYFAIFALALLFEGFR                                    20   0    40    0    
3TBB
3TBN PROSTANOIDR     2  of  5  15.57   144     7.92e-03  AIVLFIAAILVGELLAR                                       17   0    8     0    
3TBN PROSTANOIDR     3  of  5  24.23   121     7.50e-02  YFAIFALALLFEGF                                          14   0    45    0    
3TBB
3TBN EXPORTERBACE    8  of  10 34.72   168     3.17e-02  MLFNLGIAIVLFIAAILV                                      18   0    1     0    
3TBN EXPORTERBACE    9  of  10 16.67   150     4.69e-02  MGAAFYFAIFALALLFEGFRIVAF                                24   0    40    0    
3TBB
3TBF
Sn; 10
Si; Fasta sequence
1TBS
1TBN NO SIGNIFICANT RESULTS ABOVE 0.0001    
1TBF
2TBS
2TBT FingerPrint     No.Motifs SumId    AveId    ProfScore  Ppvalue     Evalue      GraphScan               
2TBN TYPE1KERATIN    2  of  5  50.54    25.27    392        3.89e-05    64          .i..i           
2TBN CASENSINGR      2  of  13 43.60    21.80    450        0.00012     2.7e+02     ...i.i.......   
2TBN SFASSEMBLIN     2  of  9  54.81    27.40    420        0.000166    3e+02       ...i....i       
2TBN DELTAOPIOIDR    2  of  6  66.48    33.24    409        0.000212    6.6e+02     I.I...          
2TBN ADENYLTKNASE    2  of  5  48.87    24.44    284        0.000931    2.5e+03     .i.i.           
2TBN KV14CHANNEL     2  of  7  63.22    31.61    415        0.00122     3.7e+03     .....iI         
2TBN POLYCYSTIN2     2  of  10 44.47    22.24    322        0.0018      3.9e+03     ........ii      
2TBN BCATNINFAMLY    2  of  9  36.38    18.19    298        0.00258     5.3e+03     i..i.....       
2TBN JDOMAIN         2  of  4  45.68    22.84    257        0.00665     1.6e+04     .i.i            
2TBN FMOXYGENASE4    2  of  10 47.01    23.50    330        0.00691     1.9e+04     ......i..i      
2TBF
3TBS
3TBT MotifName       No.Mots   IdScore PfScore Pvalue    Sequence                                                Len  low  pos   high 
3TBN TYPE1KERATIN    2  of  5  24.69   198     9.11e-03  TETEIESLSRSRQNLSYVRQELIE                                24   0    10    0    
3TBN TYPE1KERATIN    5  of  5  25.86   194     4.27e-03  HEPLLAEGQLLLMLVEEELLHNETDEE                             27   0    158   0    
3TBB
3TBN CASENSINGR      4  of  13 19.64   178     8.31e-02  SAQEHLSQTLHSIR                                          14   0    61    0    
3TBN CASENSINGR      6  of  13 23.96   272     1.45e-03  ELLHNETDEELIRKLTNKVEHVRG                                24   0    175   0    
3TBB
3TBN SFASSEMBLIN     4  of  9  29.81   253     2.02e-03  ETEIESLSRSRQNLSYVRQELIEYRP                              26   0    11    0    
3TBN SFASSEMBLIN     9  of  9  25.00   167     8.20e-02  AIDELAEDHEPLLAEGQLLLM                                   21   0    150   0    
3TBB
3TBN DELTAOPIOIDR    1  of  6  35.71   246     2.22e-03  NAEDAFPDRCRGCP                                          14   0    87    0    
3TBN DELTAOPIOIDR    3  of  6  30.77   163     9.58e-02  GHTEVSDGGV###                                           13   0    241   0    
3TBB
3TBN ADENYLTKNASE    2  of  5  27.68   133     2.48e-02  DDTLRERITEWLAAG                                         15   0    40    0    
3TBN ADENYLTKNASE    4  of  5  21.19   151     3.76e-02  QETDDPAERRRKLREY                                        16   0    123   0    
3TBB
3TBN KV14CHANNEL     6  of  7  24.76   181     8.92e-02  GTTETEIESLSRSRQ                                         15   0    8     0    
3TBN KV14CHANNEL     7  of  7  38.46   234     1.37e-02  LQADGSGHTEVSD                                           13   0    235   0    
3TBB
3TBN POLYCYSTIN2     9  of  10 15.00   145     7.68e-02  #####MNNLDRHGTTETEIE                                    20   0    -4    0    
3TBN POLYCYSTIN2     10 of  10 29.47   177     2.35e-02  REYAIEHNCHVIKEAIDEL                                     19   0    136   0    
3TBB
3TBN BCATNINFAMLY    1  of  9  26.59   151     2.65e-02  TKTSAIKHRERIFQETDDPAE                                   21   0    110   0    
3TBN BCATNINFAMLY    4  of  9  9.79    147     9.73e-02  GGV#################                                    20   0    248   0    
3TBB
3TBN JDOMAIN         2  of  4  24.70   154     6.90e-02  VRQELIEYRPDIVDDT                                        16   0    27    0    
3TBN JDOMAIN         4  of  4  20.98   103     9.63e-02  RGKRVDDRGHAGRDETAEAG                                    20   0    197   0    
3TBB
3TBN FMOXYGENASE4    7  of  10 19.23   165     9.33e-02  DIVDDTLRERITE                                           13   0    37    0    
3TBN FMOXYGENASE4    10 of  10 27.78   165     7.41e-02  VIKEAIDELAEDHEPLLA                                      18   0    146   0    
3TBB
3TBF
Sn; 11
Si; Fasta sequence
1TBS
1TBN NO SIGNIFICANT RESULTS ABOVE 0.0001    
1TBF
2TBS
2TBT FingerPrint     No.Motifs SumId    AveId    ProfScore  Ppvalue     Evalue      GraphScan               
2TBN CATATPASE       2  of  6  64.52    32.26    434        5.77e-05    1.4e+02     I...I.          
2TBN TRNSINTIMINR    2  of  9  54.44    27.22    446        0.00013     3e+02       .....i..I       
2TBN WOLFRAMIN       2  of  9  63.70    31.85    435        0.000262    4.3e+02     i...I....       
2TBN TGFBETA1        2  of  6  98.04    49.02    472        0.000336    1.2e+03     .I..I.          
2TBN PHPHLIPASED     2  of  9  39.88    19.94    446        0.000493    9.2e+02     ....i...i       
2TBN PROTEASEAR4     2  of  11 68.26    34.13    360        0.00119     2.6e+03     ....I.....i     
2TBN VP6CAPSID       2  of  11 47.34    23.67    417        0.00131     2.6e+03     .i......i..     
2TBN 5HT2BRECEPTR    2  of  8  56.95    28.47    364        0.00156     3.3e+03     .....i.i        
2TBN KUPTAKETRKA     2  of  5  64.44    32.22    336        0.0016      5.2e+03     .I.I.           
2TBN TCRTETA         2  of  12 56.85    28.43    362        0.00175     3.7e+03     I...i.......    
2TBF
3TBS
3TBT MotifName       No.Mots   IdScore PfScore Pvalue    Sequence                                                Len  low  pos   high 
3TBN CATATPASE       1  of  6  31.00   154     5.48e-02  DAGLLLGEMRDVIER                                         15   0    81    0    
3TBN CATATPASE       5  of  6  33.53   280     1.05e-03  TGDGEALDPCIEKTEDGYYA                                    20   0    785   0    
3TBB
3TBN TRNSINTIMINR    6  of  9  22.22   211     5.46e-02  YQAEYAMREDEALRKAAAQLA                                   21   0    388   0    
3TBN TRNSINTIMINR    9  of  9  32.22   235     2.38e-03  AGFDIGMGMIYAEGD                                         15   0    571   0    
3TBB
3TBN WOLFRAMIN       1  of  9  28.70   211     1.81e-02  YANETDAVIEWTEVEERPSGGDV                                 23   0    363   0    
3TBN WOLFRAMIN       5  of  9  35.00   224     1.45e-02  DEPLVREALAERRDYPLKSDLMLLPSDV                            28   0    677   0    
3TBB
3TBN TGFBETA1        2  of  6  58.18   235     1.61e-02  TNIDMEAVIR                                              10   0    423   0    
3TBN TGFBETA1        5  of  6  39.86   237     2.09e-02  WLDRYGEAMGARV                                           13   0    606   0    
3TBB
3TBN PHPHLIPASED     5  of  9  20.83   260     1.02e-02  ###############MSSADEDED                                24   0    -14   0    
3TBN PHPHLIPASED     9  of  9  19.05   186     4.83e-02  LIASPSASTNIDMEAVIREQE                                   21   0    415   0    
3TBB
3TBN PROTEASEAR4     5  of  11 40.00   185     4.16e-02  VLAIALPRRGKDSTL                                         15   0    221   0    
3TBN PROTEASEAR4     11 of  11 28.26   175     2.85e-02  PLRQTLFFLSSQGGSRRIMMLAS                                 23   0    503   0    
3TBB
3TBN VP6CAPSID       2  of  11 25.60   217     3.16e-02  DMDAEARVKRALEETLANDG                                    20   0    332   0    
3TBN VP6CAPSID       9  of  11 21.74   200     4.13e-02  SSQGGSRRIMMLASTQKINDVYK                                 23   0    512   0    
3TBB
3TBN 5HT2BRECEPTR    6  of  8  29.41   180     3.17e-02  AMREDEALRKAAAQLAR                                       17   0    393   0    
3TBN 5HT2BRECEPTR    8  of  8  27.54   184     4.91e-02  ETAAVLCCNFLQSSREALKYTII                                 23   0    435   0    
3TBB
3TBN KUPTAKETRKA     2  of  5  31.11   177     2.40e-02  LLGEMRDVIERDSDL                                         15   0    85    0    
3TBN KUPTAKETRKA     4  of  5  33.33   159     6.67e-02  EPDAMDIEVFV                                             11   0    283   0    
3TBB
3TBN TCRTETA         1  of  12 32.94   197     2.62e-02  PDAMDIEVFVPRMTGLP                                       17   0    284   0    
3TBN TCRTETA         5  of  12 23.91   165     6.65e-02  AAQLARLAGEGLIASPSASTNID                                 23   0    404   0    
3TBB
3TBF
Sn; 12
Si; Fasta sequence
1TBS
1TBN NO SIGNIFICANT RESULTS ABOVE 0.0001    
1TBF
2TBS
2TBT FingerPrint     No.Motifs SumId    AveId    ProfScore  Ppvalue     Evalue      GraphScan               
2TBF
3TBS
3TBT MotifName       No.Mots   IdScore PfScore Pvalue    Sequence                                                Len  low  pos   high 
3TBF
Sn; 13
Si; Fasta sequence
1TBS
1TBN NO SIGNIFICANT RESULTS ABOVE 0.0001    
1TBF
2TBS
2TBT FingerPrint     No.Motifs SumId    AveId    ProfScore  Ppvalue     Evalue      GraphScan               
2TBN EXPORTERBACE    2  of  10 51.32    25.66    490        8.66e-06    17          .i......i.      
2TBN PRTACTNFAMLY    2  of  8  51.57    25.78    466        1.76e-05    32          ....Ii..        
2TBN EP450ICYP2B     2  of  4  54.36    27.18    420        2.43e-05    73          i..i            
2TBN CD44            2  of  8  64.78    32.39    496        4.22e-05    83          ...i.I..        
2TBN TROPOMYOSIN     2  of  5  63.21    31.61    466        5.81e-05    1.1e+02     .I.i.           
2TBN BASIGIN         2  of  6  48.18    24.09    309        6.85e-05    1.6e+02     i....i          
2TBN MRGPCRD         2  of  7  60.00    30.00    352        0.000133    4.7e+02     i...i..         
2TBN POLR2GRINL1     2  of  7  52.38    26.19    417        0.000244    5.1e+02     i...i..         
2TBN WNT1PROTEIN     2  of  5  98.33    49.17    377        0.000794    3.4e+03     ..I.I           
2TBN LEADERPTASE     2  of  3  44.01    22.00    286        0.000819    2.3e+03     ii.             
2TBF
3TBS
3TBT MotifName       No.Mots   IdScore PfScore Pvalue    Sequence                                                Len  low  pos   high 
3TBN EXPORTERBACE    2  of  10 26.32   260     1.72e-03  VAILLAMTLLASPFAGVAL                                     19   0    13    0    
3TBN EXPORTERBACE    9  of  10 25.00   230     5.04e-03  WAIATVSSALAIILICALLIFFLR                                24   0    244   0    
3TBB
3TBN PRTACTNFAMLY    5  of  8  32.78   293     2.90e-04  VRFEDGEIVRDEDDAPVMEHTGLD                                24   0    344   0    
3TBN PRTACTNFAMLY    6  of  8  18.79   173     6.07e-02  DRLRDTWIEPVVRDGMLSEQDA                                  22   0    373   0    
3TBB
3TBN EP450ICYP2B     1  of  4  25.61   188     1.21e-03  AVVVVAILLAMTLLA                                         15   0    9     0    
3TBN EP450ICYP2B     4  of  4  28.74   232     2.01e-02  LMASKYNEPAYRE                                           13   0    404   0    
3TBB
3TBN CD44            4  of  8  30.00   274     6.83e-03  IESDTRYNVTGKYAVYASNI                                    20   0    97    0    
3TBN CD44            6  of  8  34.78   222     6.17e-03  ATVSSALAIILICALLIFFLRRV                                 23   0    247   0    
3TBB
3TBN TROPOMYOSIN     2  of  5  35.78   246     5.34e-03  AEESESGYNVEERGIAAAEDY                                   21   0    199   0    
3TBN TROPOMYOSIN     4  of  5  27.43   220     1.09e-02  TYARLEDRQQAAEHPLHEVSEIGR                                24   0    295   0    
3TBB
3TBN BASIGIN         1  of  6  30.00   155     2.20e-03  AVVVVAILLAMTLL                                          14   0    9     0    
3TBN BASIGIN         6  of  6  18.18   154     3.11e-02  YVVEVFVQNTDLMVSTVDMRDA                                  22   0    167   0    
3TBB
3TBN MRGPCRD         1  of  7  30.00   197     3.04e-03  QNETASTTPTPT                                            12   0    33    0    
3TBN MRGPCRD         5  of  7  30.00   155     4.38e-02  MADLLSNIFGPT                                            12   0    226   0    
3TBB
3TBN POLR2GRINL1     1  of  7  23.81   160     7.14e-02  TVDMRDAHEFVERIKRDA                                      18   0    182   0    
3TBN POLR2GRINL1     5  of  7  28.57   257     3.42e-03  PAYRESRLKIRELLDDLSEGRS                                  22   0    412   0    
3TBB
3TBN WNT1PROTEIN     3  of  5  53.33   194     4.91e-02  VSEIGRDHVY                                              10   0    313   0    
3TBN WNT1PROTEIN     5  of  5  45.00   183     1.62e-02  GTGTTGMGGI                                              10   0    437   0    
3TBB
3TBN LEADERPTASE     1  of  3  21.85   126     3.97e-02  YVVEVFVQNTDLMVSTV                                       17   0    167   0    
3TBN LEADERPTASE     2  of  3  22.16   160     2.06e-02  FLRRVKSAHGQKL                                           13   0    265   0    
3TBB
3TBF
Sn; 14
Si; Fasta sequence
1TBS
1TBN NO SIGNIFICANT RESULTS ABOVE 0.0001    
1TBF
2TBS
2TBT FingerPrint     No.Motifs SumId    AveId    ProfScore  Ppvalue     Evalue      GraphScan               
2TBN MELIBIASE       2  of  8  70.66    35.33    507        4.35e-05    99          .i....I.        
2TBN GPR6ORPHANR     2  of  7  70.18    35.09    400        0.000259    6.4e+02     I...I..         
2TBN POAALLERGEN     2  of  8  48.89    24.44    399        0.000287    6e+02       .i...i..        
2TBN PERTACTIN       2  of  11 42.70    21.35    389        0.000308    5.6e+02     .....i...i.     
2TBN KV16CHANNEL     2  of  10 75.56    37.78    426        0.00086     2.7e+03     .......II.      
2TBN PROTEASES2C     2  of  6  49.38    24.69    305        0.00142     3.1e+03     i.i...          
2TBN 11SGLOBULIN     2  of  6  50.52    25.26    295        0.00193     4.7e+03     i.i...          
2TBN RECA            2  of  6  42.06    21.03    300        0.00309     4.4e+03     .i.i..          
2TBN P2X1RECEPTOR    2  of  10 54.36    27.18    352        0.00353     1.1e+04     .....i...i      
2TBN POUDOMAIN       2  of  5  33.86    16.93    272        0.00424     9.2e+03     i..i.           
2TBF
3TBS
3TBT MotifName       No.Mots   IdScore PfScore Pvalue    Sequence                                                Len  low  pos   high 
3TBN MELIBIASE       2  of  8  28.75   228     4.99e-02  TTKQHQERAPSTSDERDDDY                                    20   0    84    0    
3TBN MELIBIASE       7  of  8  41.91   279     8.72e-04  YTIGEAAPDARLFSITI                                       17   0    294   0    
3TBB
3TBN GPR6ORPHANR     1  of  7  36.84   200     1.64e-02  QSGIAALLGSVLVADLAES                                     19   0    64    0    
3TBN GPR6ORPHANR     5  of  7  33.33   200     1.57e-02  GERIVLDDHLIADAA                                         15   0    241   0    
3TBB
3TBN POAALLERGEN     2  of  8  26.11   205     1.38e-02  SVVIGTLELRPWKTSDVGIS                                    20   0    37    0    
3TBN POAALLERGEN     6  of  8  22.78   194     2.08e-02  DSRAATPSASDVAEFRIEEN                                    20   0    126   0    
3TBB
3TBN PERTACTIN       6  of  11 26.03   182     2.97e-02  DQSGIAALLGSVLVADLAESPT                                  22   0    63    0    
3TBN PERTACTIN       10 of  11 16.67   207     1.04e-02  SITIDGDSGFGVF###########                                24   0    307   0    
3TBB
3TBN KV16CHANNEL     8  of  10 33.33   153     9.17e-02  SGIAALLGSVLV                                            12   0    65    0    
3TBN KV16CHANNEL     9  of  10 42.22   273     9.38e-03  QGGDLMYTIGEAAPD                                         15   0    288   0    
3TBB
3TBN PROTEASES2C     1  of  6  26.45   168     3.08e-02  DYVLTRRALLAAA                                           13   0    102   0    
3TBN PROTEASES2C     3  of  6  22.93   137     4.59e-02  TGDVEVSSENAAGTLGTIMAQYFSN                               25   0    193   0    
3TBB
3TBN 11SGLOBULIN     1  of  6  29.44   150     4.95e-02  RIVLDDHLIADAASDRAG                                      18   0    243   0    
3TBN 11SGLOBULIN     3  of  6  21.08   145     3.91e-02  ITIDGDSGFGVF#####                                       17   0    308   0    
3TBB
3TBN RECA            2  of  6  20.84   142     9.23e-02  LLAAATTVAAVGSVTRDSRAATPSASDVAE                          30   0    110   0    
3TBN RECA            4  of  6  21.21   158     3.35e-02  GGDLMYTIGEAAPDARLFSITIDGDSGFG                           29   0    289   0    
3TBB
3TBN P2X1RECEPTOR    6  of  10 27.27   169     9.16e-02  NYGHSTRNGGD                                             11   0    9     0    
3TBN P2X1RECEPTOR    10 of  10 27.08   183     3.85e-02  VQIGVTDGLEDHLPTD                                        16   0    149   0    
3TBB
3TBN POUDOMAIN       1  of  5  15.16   133     8.82e-02  NLRFRRDQSGIAALLGSV                                      18   0    57    0    
3TBN POUDOMAIN       4  of  5  18.70   139     4.81e-02  RIEENPQGVQIGVTDGLEDHL                                   21   0    141   0    
3TBB
3TBF
Sn; 15
Si; Fasta sequence
1TBS
1TBN NO SIGNIFICANT RESULTS ABOVE 0.0001    
1TBF
2TBS
2TBT FingerPrint     No.Motifs SumId    AveId    ProfScore  Ppvalue     Evalue      GraphScan               
2TBN TRANSFERRIN     3  of  10 113.40   37.80    699        4.25e-08    0.072       .II..i....      
2TBN ALYTICPTASE     2  of  5  51.69    25.84    369        3.59e-05    67          .i.i.           
2TBN SSPANPROTEIN    3  of  14 119.65   39.88    598        4.45e-05    1e+02       I...I.......I.  
2TBN NEUROMEDINBR    2  of  6  70.71    35.36    517        4.46e-05    1.1e+02     .II...          
2TBN PHAGEIV         2  of  6  58.93    29.46    435        5.53e-05    97          .Ii...          
2TBN GGTRANSPTASE    2  of  9  60.08    30.04    354        5.99e-05    1.1e+02     i....I...       
2TBN CABNDNGRPT      2  of  4  76.69    38.35    386        9.05e-05    4.2e+02     .II.            
2TBN MITOCARRIER     2  of  6  56.76    28.38    333        0.000196    4.5e+02     i....i          
2TBN GDHRDH          2  of  6  37.97    18.99    299        0.000291    8.2e+02     ii....          
2TBN CPSASE          2  of  7  62.08    31.04    331        0.00044     8.6e+02     ..I..i.         
2TBF
3TBS
3TBT MotifName       No.Mots   IdScore PfScore Pvalue    Sequence                                                Len  low  pos   high 
3TBN TRANSFERRIN     2  of  10 37.89   266     5.62e-04  GDAVELPDGTVIPSG                                         15   0    48    0    
3TBN TRANSFERRIN     3  of  10 49.19   253     1.15e-03  TQYEARAVVESGS                                           13   0    176   0    
3TBN TRANSFERRIN     6  of  10 26.32   180     6.58e-02  YYEYAGSNNWYRFTFGDDKIEI                                  22   0    281   0    
3TBB
3TBN ALYTICPTASE     2  of  5  24.60   151     1.34e-02  LTGDAVELPDGTVIPSGATAA                                   21   0    46    0    
3TBN ALYTICPTASE     4  of  5  27.08   218     2.67e-03  VNGTLYGNASSGGGSGGGSVSLSV                                24   0    86    0    
3TBB
3TBN SSPANPROTEIN    1  of  14 36.36   179     4.94e-02  GNASSGGGSGG                                             11   0    92    0    
3TBN SSPANPROTEIN    5  of  14 44.24   220     2.06e-02  GLTHDTQYEAR                                             11   0    171   0    
3TBN SSPANPROTEIN    13 of  14 39.05   199     4.38e-02  NQVSQFSGTAPNTI                                          14   0    349   0    
3TBB
3TBN NEUROMEDINBR    2  of  6  35.29   273     1.04e-02  DDWERSTLDHYTGDTAN                                       17   0    205   0    
3TBN NEUROMEDINBR    3  of  6  35.42   244     4.30e-03  SSAIRLGTNDTGSGTK                                        16   0    364   0    
3TBB
3TBN PHAGEIV         2  of  6  30.36   241     2.05e-03  KTSQSSTGTFNVDVTGLTHDTQYE                                24   0    156   0    
3TBN PHAGEIV         3  of  6  28.57   194     2.70e-02  QTTAITVDDWERSTLDHYTGDTAN                                24   0    198   0    
3TBB
3TBN GGTRANSPTASE    1  of  9  23.95   121     7.90e-02  TLSDQGVTVNGTLYGNASSGGGSGGG                              26   0    78    0    
3TBN GGTRANSPTASE    6  of  9  36.12   233     7.57e-04  THTVTVYDTDGNQVSQFSG                                     19   0    338   0    
3TBB
3TBN CABNDNGRPT      2  of  4  34.15   163     4.25e-02  GGSGGGSVS                                               9    0    98    0    
3TBN CABNDNGRPT      3  of  4  42.55   223     2.13e-03  GGSGN####                                               9    0    399   0    
3TBB
3TBN MITOCARRIER     1  of  6  29.74   165     1.41e-02  TVIPSGATAAVDLT                                          14   0    57    0    
3TBN MITOCARRIER     6  of  6  27.01   168     1.40e-02  KSIITSDSGLPHYPDDTDPFYLP                                 23   0    246   0    
3TBB
3TBN GDHRDH          1  of  6  17.96   147     1.05e-02  AVVESGSTTATGAEVTQT                                      18   0    182   0    
3TBN GDHRDH          2  of  6  20.01   152     2.76e-02  GNKSIITSDSGL                                            12   0    244   0    
3TBB
3TBN CPSASE          3  of  7  37.52   168     1.24e-02  YGNASSGGGSGGG                                           13   0    91    0    
3TBN CPSASE          6  of  7  24.55   163     3.56e-02  IVETNGVFHGSKALEVTATSGNKSIITSDS                          30   0    224   0    
3TBB
3TBF
Sn; 16
Si; Fasta sequence
1TBS
1TBN NO SIGNIFICANT RESULTS ABOVE 0.0001    
1TBF
2TBS
2TBT FingerPrint     No.Motifs SumId    AveId    ProfScore  Ppvalue     Evalue      GraphScan               
2TBN LIMPII          2  of  9  76.47    38.24    585        1.45e-05    30          .....I..I       
2TBN MCMPROTEIN3     2  of  5  72.50    36.25    434        0.00015     4.7e+02     ...II           
2TBN TROPOMYOSIN     2  of  5  45.19    22.59    429        0.000192    3.7e+02     i...i           
2TBN NISCPROTEIN     2  of  12 65.17    32.58    505        0.000646    1.1e+03     .....I....i.    
2TBN LATPROTEIN      2  of  6  58.37    29.19    460        0.000941    2.6e+03     i...I.          
2TBN FLIPR           2  of  5  33.39    16.69    453        0.000999    2.5e+03     .i..i           
2TBN ZETATUBULIN     2  of  15 49.96    24.98    348        0.00113     2.5e+03     ........i....i. 
2TBN RNADNAPOLMS     2  of  9  66.92    33.46    350        0.00134     4.9e+03     ....I..I.       
2TBN PAIREDBOX       2  of  4  44.06    22.03    396        0.00134     3.1e+03     .ii.            
2TBN GAMMATUBULIN    2  of  8  47.98    23.99    355        0.00144     3.3e+03     i...I...        
2TBF
3TBS
3TBT MotifName       No.Mots   IdScore PfScore Pvalue    Sequence                                                Len  low  pos   high 
3TBN LIMPII          6  of  9  43.14   339     6.21e-04  IPLTPKNDVGYIRPSEL                                       17   0    57    0    
3TBN LIMPII          9  of  9  33.33   246     2.33e-02  IEIWSEKAGVIPEGIADEYGATIR                                24   0    243   0    
3TBB
3TBN MCMPROTEIN3     4  of  5  40.00   239     2.44e-02  FNDHVDRSHIH                                             11   0    180   0    
3TBN MCMPROTEIN3     5  of  5  32.50   195     6.14e-03  DADLDVEVVQGALTKD                                        16   0    322   0    
3TBB
3TBN TROPOMYOSIN     1  of  5  23.68   218     1.33e-02  DLPDLRSHIKTLRDELNE                                      18   0    26    0    
3TBN TROPOMYOSIN     5  of  5  21.51   211     1.45e-02  RSKKGELSLSMCEEAINVAEQRGQDL                              26   0    266   0    
3TBB
3TBN NISCPROTEIN     6  of  12 36.00   270     1.04e-02  LNEHRDDDEALGVNDLIPLTPKNDV                               25   0    41    0    
3TBN NISCPROTEIN     11 of  12 29.17   235     6.20e-02  YIEIWSEKAGVIPEGIADEYGATI                                24   0    242   0    
3TBB
3TBN LATPROTEIN      1  of  6  23.08   200     7.96e-02  LYEQEDRPEIHPR                                           13   0    82    0    
3TBN LATPROTEIN      5  of  6  35.29   260     1.18e-02  KKGELSLSMCEEAINVA                                       17   0    268   0    
3TBB
3TBN FLIPR           2  of  5  20.72   252     1.07e-02  ###MTDAHRSDNDQIESL                                      18   0    -2    0    
3TBN FLIPR           5  of  5  12.67   201     9.36e-02  DVGYIRPSELEAAEWI                                        16   0    64    0    
3TBB
3TBN ZETATUBULIN     9  of  15 26.53   157     7.20e-02  IESLHLTDLVDTPQ                                          14   0    12    0    
3TBN ZETATUBULIN     14 of  15 23.43   191     1.57e-02  AMSDADLDVEVVQGALTKDQVREYE                               25   0    319   0    
3TBB
3TBN RNADNAPOLMS     5  of  9  36.36   128     4.19e-02  ARVLGLIDSDR                                             11   0    130   0    
3TBN RNADNAPOLMS     8  of  9  30.56   222     3.19e-02  TYTEFVDNAVDA                                            12   0    211   0    
3TBB
3TBN PAIREDBOX       2  of  4  28.33   211     1.96e-02  THKDIFRAHAGQHPVEIRA                                     19   0    367   0    
3TBN PAIREDBOX       3  of  4  15.73   185     6.84e-02  PAAFESAVERLVTKFYDT                                      18   0    391   0    
3TBB
3TBN GAMMATUBULIN    1  of  8  17.71   176     3.46e-02  VIPEGIADEYGATIRSKKGEL                                   21   0    252   0    
3TBN GAMMATUBULIN    5  of  8  30.27   179     4.17e-02  VEDAILDTRRGLLEQL                                        16   0    519   0    
3TBB
3TBF
Sn; 17
Si; Fasta sequence
1TBS
1TBH SUBTILISIN      6.9e-11        Subtilisin serine protease family (S8) signature                         PR00723         
1TBF
2TBS
2TBT FingerPrint     No.Motifs SumId    AveId    ProfScore  Ppvalue     Evalue      GraphScan               
2TBH SUBTILISIN      3  of  3  134.62   44.87    963        4.19e-17    6.9e-11     III             
2TBN PHDIOXRDTASE    2  of  8  55.62    27.81    370        9.34e-05    2.3e+02     ...i.i..        
2TBN ANTIFREEZEI     2  of  3  80.83    40.42    333        0.00014     4.7e+02     I.I             
2TBN TAPASIN         2  of  8  62.13    31.07    418        0.000162    3.7e+02     .I.....i        
2TBN TUBBYPROTEIN    2  of  9  52.85    26.42    431        0.000226    3.6e+02     ....i...i       
2TBN SRSVCYSPTASE    2  of  9  58.25    29.12    457        0.000253    5.5e+02     .i...I...       
2TBN ALARACEMASE     2  of  9  61.91    30.95    367        0.000306    7.8e+02     I....i...       
2TBN DADACBPTASE3    2  of  5  58.52    29.26    291        0.000371    8.9e+02     i.i..           
2TBN SIBAPROTEIN     2  of  4  48.91    24.46    421        0.000446    7.1e+02     i.I.            
2TBN TOXICSSTOXIN    2  of  9  49.85    24.92    367        0.000588    1.4e+03     i......i.       
2TBF
3TBS
3TBT MotifName       No.Mots   IdScore PfScore Pvalue    Sequence                                                Len  low  pos   high 
3TBH SUBTILISIN      1  of  3  30.15   223     2.62e-04  GTTSTVAVIDTGVNDTSAMD                                    20   0    221   0    
3TBH SUBTILISIN      2  of  3  51.58   328     1.37e-05  DGNGHGTWVAEAIA                                          14   0    268   0    
3TBH SUBTILISIN      3  of  3  52.89   412     1.17e-08  SGTSMAAPQVAGAAIWI                                       17   0    439   0    
3TBB
3TBN PHDIOXRDTASE    4  of  8  30.00   139     7.83e-02  GRGTSADVAAGVRYA                                         15   0    309   0    
3TBN PHDIOXRDTASE    6  of  8  25.62   231     1.19e-03  ISYAAGAGVVPIAATGNARL                                    20   0    347   0    
3TBB
3TBN ANTIFREEZEI     1  of  3  30.83   128     7.59e-02  AISYAAGAGVVPIAA                                         15   0    346   0    
3TBN ANTIFREEZEI     3  of  3  50.00   205     1.84e-03  DAIGVAATTA                                              10   0    379   0    
3TBB
3TBN TAPASIN         2  of  8  33.33   177     8.74e-02  QYTSLVEPVPTI                                            12   0    151   0    
3TBN TAPASIN         8  of  8  28.80   241     1.86e-03  GVAATTADAPADLKVASFSNPGPQP                               25   0    382   0    
3TBB
3TBN TUBBYPROTEIN    5  of  9  26.92   174     4.65e-02  AATTADAPADLKVASFSNPGPQPGTT                              26   0    384   0    
3TBN TUBBYPROTEIN    9  of  9  25.93   257     4.87e-03  SSSQQDARTSKASARDDANQARSDAAG                             27   0    503   0    
3TBB
3TBN SRSVCYSPTASE    2  of  9  26.67   235     6.33e-02  GVDAVEDGNGHGTWVAEAIA                                    20   0    262   0    
3TBN SRSVCYSPTASE    6  of  9  31.58   222     3.99e-03  AGVVPIAATGNARLQGRYV                                     19   0    353   0    
3TBB
3TBN ALARACEMASE     1  of  9  37.25   209     8.21e-03  DASQHTVVAANPYDVGI                                       17   0    112   0    
3TBN ALARACEMASE     6  of  9  24.65   158     3.72e-02  SADVAAGVRYAADQDV                                        16   0    313   0    
3TBB
3TBN DADACBPTASE3    1  of  5  28.89   163     5.45e-03  RMPVSRRDVLRAAPALAATV                                    20   0    15    0    
3TBN DADACBPTASE3    3  of  5  29.63   128     6.81e-02  SGDTGVDAVEDGNGH                                         15   0    258   0    
3TBB
3TBN SIBAPROTEIN     1  of  4  17.41   147     7.14e-02  DASVLAVKVLSDDGRGTSADVAAGVRYA                            28   0    296   0    
3TBN SIBAPROTEIN     3  of  4  31.50   274     6.25e-03  QPGTTDLSAGQTEGADPSIGAPGTE                               25   0    405   0    
3TBB
3TBN TOXICSSTOXIN    1  of  9  26.32   141     5.25e-02  ALAATVAVGSTPGVAARTA                                     19   0    29    0    
3TBN TOXICSSTOXIN    8  of  9  23.53   226     1.12e-02  DTGIDDGLAYSEDITES                                       17   0    185   0    
3TBB
3TBF
Sn; 18
Si; Fasta sequence
1TBS
1TBN NO SIGNIFICANT RESULTS ABOVE 0.0001    
1TBF
2TBS
2TBT FingerPrint     No.Motifs SumId    AveId    ProfScore  Ppvalue     Evalue      GraphScan               
2TBN BRISCABRO1      2  of  9  62.83    31.41    446        0.000257    6.2e+02     ...I...I.       
2TBN INTEGRINB       2  of  14 47.13    23.56    383        0.000622    1.2e+03     ...i.....i....  
2TBN MITOCARRIER     2  of  6  59.43    29.71    310        0.000886    2e+03       .I...i          
2TBN PROTEASEAR4     2  of  11 61.88    30.94    410        0.00269     6.3e+03     ...i.....I.     
2TBN LVDCCALPHA1     2  of  6  58.73    29.37    358        0.00269     8.1e+03     ..I..i          
2TBN MCMPROTEIN2     2  of  5  47.95    23.98    315        0.00343     9.3e+03     ii...           
2TBN VASOPRSNV1BR    2  of  9  63.46    31.73    350        0.00349     1e+04       ..I.....i       
2TBN ALPHAGIARDIN    2  of  9  35.88    17.94    327        0.0036      8.9e+03     ....i...i       
2TBN CYTCHROMECID    2  of  5  60.98    30.49    321        0.00363     1.2e+04     i..I.           
2TBN MCMPROTEIN7     2  of  5  66.67    33.33    377        0.00384     1.4e+04     .II..           
2TBF
3TBS
3TBT MotifName       No.Mots   IdScore PfScore Pvalue    Sequence                                                Len  low  pos   high 
3TBN BRISCABRO1      4  of  9  31.25   182     5.18e-02  NVRVRGLPDDRQRLVG                                        16   0    90    0    
3TBN BRISCABRO1      8  of  9  31.58   264     4.96e-03  DIVSVVGVYDTLPSQNETV                                     19   0    216   0    
3TBB
3TBN INTEGRINB       4  of  14 28.46   233     1.60e-02  LRIDWQQLRDVDPALADDF                                     19   0    36    0    
3TBN INTEGRINB       10 of  14 18.67   150     3.88e-02  VSVVGVYDTLPSQNETVLNTYLDAY                               25   0    218   0    
3TBB
3TBN MITOCARRIER     2  of  6  31.91   141     8.02e-02  GEVADTDRVSPLAEV                                         15   0    120   0    
3TBN MITOCARRIER     6  of  6  27.51   169     1.10e-02  SWGVPYEAVVEHFEADGVRRREI                                 23   0    276   0    
3TBB
3TBN PROTEASEAR4     4  of  11 27.50   200     4.24e-02  MADEYTTSNRSLRIDWQQLR                                    20   0    25    0    
3TBN PROTEASEAR4     10 of  11 34.38   210     6.33e-02  DDGSSWGVPYEAVVEH                                        16   0    272   0    
3TBB
3TBN LVDCCALPHA1     3  of  6  32.54   177     5.03e-02  NRSLRIDWQQLRDV                                          14   0    33    0    
3TBN LVDCCALPHA1     6  of  6  26.19   181     5.35e-02  HFEADGVRRREIEN                                          14   0    287   0    
3TBB
3TBN MCMPROTEIN2     1  of  5  28.17   148     3.78e-02  GKLLCVEGEVADTDRVSP                                      18   0    113   0    
3TBN MCMPROTEIN2     2  of  5  19.78   167     9.09e-02  VWECQRCHSVTRQ                                           13   0    136   0    
3TBB
3TBN VASOPRSNV1BR    3  of  9  38.46   170     8.21e-02  GLRREIQNAGPHG                                           13   0    75    0    
3TBN VASOPRSNV1BR    9  of  9  25.00   180     4.26e-02  RDLAEANGKLVVPDA#                                        16   0    309   0    
3TBB
3TBN ALPHAGIARDIN    5  of  9  12.96   163     4.35e-02  YADRFESFIQDHMAEEIG                                      18   0    6     0    
3TBN ALPHAGIARDIN    9  of  9  22.92   164     8.29e-02  RCHSVTRQQQFYGRMV                                        16   0    141   0    
3TBB
3TBN CYTCHROMECID    1  of  5  27.92   165     8.94e-02  EVAVWECQRCHSVT                                          14   0    133   0    
3TBN CYTCHROMECID    4  of  5  33.06   156     4.07e-02  ALMPPDPQRDD                                             11   0    186   0    
3TBB
3TBN MCMPROTEIN7     2  of  5  33.33   149     9.23e-02  EGEVADTDRVSP                                            12   0    119   0    
3TBN MCMPROTEIN7     3  of  5  33.33   228     4.17e-02  WECQRCHSVTRQ                                            12   0    137   0    
3TBB
3TBF
Sn; 19
Si; Fasta sequence
1TBS
1TBN NO SIGNIFICANT RESULTS ABOVE 0.0001    
1TBF
2TBS
2TBT FingerPrint     No.Motifs SumId    AveId    ProfScore  Ppvalue     Evalue      GraphScan               
2TBN MCMPROTEIN5     2  of  5  64.26    32.13    354        0.000256    7e+02       ..I.i           
2TBN OESTROGENR      2  of  8  65.66    32.83    407        0.000322    7.1e+02     .I.....I        
2TBN CBXXCFQX        2  of  7  74.63    37.31    345        0.000725    2.3e+03     .I...I.         
2TBN GLCORTICOIDR    2  of  6  60.61    30.30    419        0.000815    1.7e+03     .I...i          
2TBN AQUAPORIN6      2  of  10 65.91    32.95    410        0.000976    3.7e+03     .I..i.....      
2TBN C5METTRFRASE    2  of  3  49.68    24.84    277        0.000979    2.7e+03     i.i             
2TBN PROTEASES2C     2  of  6  49.07    24.53    281        0.00116     2.9e+03     .i...i          
2TBN PIHAEM          2  of  4  76.36    38.18    390        0.00124     5e+03       .II.            
2TBN GABAB2RECPTR    2  of  13 50.00    25.00    430        0.00136     2.9e+03     ....i.i......   
2TBN POAALLERGEN     2  of  8  54.44    27.22    303        0.00298     7.6e+03     ..i....i        
2TBF
3TBS
3TBT MotifName       No.Mots   IdScore PfScore Pvalue    Sequence                                                Len  low  pos   high 
3TBN MCMPROTEIN5     3  of  5  34.97   183     2.30e-02  VAPDMRVAGMDPD                                           13   0    32    0    
3TBN MCMPROTEIN5     5  of  5  29.29   171     1.12e-02  RQFMRARLDDAFDGAD##                                      18   0    405   0    
3TBB
3TBN OESTROGENR      2  of  8  33.82   213     1.14e-02  LHRDQLHLDAEQPYIEFE                                      18   0    262   0    
3TBN OESTROGENR      8  of  8  31.85   194     2.83e-02  ERELRRQFMRARLDDAFDGA                                    20   0    400   0    
3TBB
3TBN CBXXCFQX        2  of  7  34.81   177     1.49e-02  LVRRVIALNPADGLR                                         15   0    193   0    
3TBN CBXXCFQX        6  of  7  39.81   168     4.87e-02  YLDDERERELRR                                            12   0    394   0    
3TBB
3TBN GLCORTICOIDR    2  of  6  33.33   190     5.57e-02  RDLLYALKEYHGLSFGDFWTE                                   21   0    59    0    
3TBN GLCORTICOIDR    6  of  6  27.27   229     1.46e-02  EFVGKSAEDQGSSDPRVVME                                    20   0    373   0    
3TBB
3TBN AQUAPORIN6      2  of  10 36.36   208     3.45e-02  AVDACWAAFSR                                             11   0    156   0    
3TBN AQUAPORIN6      5  of  10 29.55   202     2.83e-02  WGLRPGEVAAL                                             11   0    252   0    
3TBB
3TBN C5METTRFRASE    1  of  3  23.82   127     6.05e-02  ETLGLASGETGYNWSIE                                       17   0    79    0    
3TBN C5METTRFRASE    3  of  3  25.86   150     1.62e-02  AAHSNRGRVLVVAL                                          14   0    236   0    
3TBB
3TBN PROTEASES2C     2  of  6  23.93   147     2.67e-02  DDVAPDMRVAGMDPDTDRPTY                                   21   0    30    0    
3TBN PROTEASES2C     6  of  6  25.14   134     4.35e-02  GLRPGEVAALHRD                                           13   0    253   0    
3TBB
3TBN PIHAEM          2  of  4  40.00   170     6.31e-02  TSQSGHRTRG                                              10   0    319   0    
3TBN PIHAEM          3  of  4  36.36   220     1.96e-02  GIEDVEGESPK                                             11   0    342   0    
3TBB
3TBN GABAB2RECPTR    5  of  13 25.00   210     3.62e-02  YHGLSFGDFWTETLGLASGE                                    20   0    68    0    
3TBN GABAB2RECPTR    7  of  13 25.00   220     3.77e-02  QRLNRYLEAYYAENGEQDVL                                    20   0    123   0    
3TBB
3TBN POAALLERGEN     3  of  8  27.78   188     3.08e-02  VRPEADVPPRDAVDACWA                                      18   0    145   0    
3TBN POAALLERGEN     8  of  8  26.67   115     9.69e-02  GPGTVTVVYGQHDGR                                         15   0    284   0    
3TBB
3TBF
Sn; 20
Si; Fasta sequence
1TBS
1TBN NO SIGNIFICANT RESULTS ABOVE 0.0001    
1TBF
2TBS
2TBT FingerPrint     No.Motifs SumId    AveId    ProfScore  Ppvalue     Evalue      GraphScan               
2TBN PHGLYCKINASE    2  of  9  60.90    30.45    347        3.35e-05    94          .......Ii       
2TBN ADXRDTASE       2  of  5  50.54    25.27    256        0.000428    1.2e+03     ...ii           
2TBN FMRFAMIDEPEP    2  of  6  74.90    37.45    314        0.000769    2e+03       I..I..          
2TBF
3TBS
3TBT MotifName       No.Mots   IdScore PfScore Pvalue    Sequence                                                Len  low  pos   high 
3TBN PHGLYCKINASE    8  of  9  31.96   203     9.77e-04  VLVGGGFVIAIL                                            12   0    20    0    
3TBN PHGLYCKINASE    9  of  9  28.94   144     3.43e-02  VGFGGPKLWQLHNNKSLG                                      18   0    39    0    
3TBB
3TBN ADXRDTASE       4  of  5  28.10   136     3.39e-02  AVLVGGGFVIAILFA                                         15   0    19    0    
3TBN ADXRDTASE       5  of  5  22.45   120     1.26e-02  QRPGNNREDR####                                          14   0    81    0    
3TBB
3TBN FMRFAMIDEPEP    1  of  6  36.67   137     3.19e-02  #MIGYKSALLGVALL                                         15   0    0     0    
3TBN FMRFAMIDEPEP    4  of  6  38.24   177     2.41e-02  PSRSSNENPRVQRPGNN                                       17   0    70    0    
3TBB
3TBF
Sn; 21
Si; Fasta sequence
1TBS
1TBN NO SIGNIFICANT RESULTS ABOVE 0.0001    
1TBF
2TBS
2TBT FingerPrint     No.Motifs SumId    AveId    ProfScore  Ppvalue     Evalue      GraphScan               
2TBN RCCNDNSATION    3  of  8  83.20    27.73    540        0.000112    1.7e+02     ..Ii...i        
2TBN KV14CHANNEL     2  of  7  78.68    39.34    400        0.000227    8.3e+02     I...I..         
2TBN GGTRANSPTASE    2  of  9  44.64    22.32    289        0.000332    7.6e+02     .....i..i       
2TBN BRSTCANCERI     2  of  8  46.19    23.10    350        0.000685    1.5e+03     .ii.....        
2TBN NITROPHORIN     2  of  6  57.14    28.57    381        0.000762    2.3e+03     ..I.i.          
2TBN TRANSFERRIN     2  of  10 66.25    33.12    347        0.000957    2.9e+03     .II.......      
2TBN TYPE3OMBPROT    2  of  10 57.69    28.85    360        0.00195     5.1e+03     ....iI....      
2TBN PROTEASES2C     2  of  6  44.58    22.29    289        0.00262     5.7e+03     .i.i..          
2TBN SUPERTUBBY      2  of  7  40.91    20.45    310        0.00315     7.8e+03     i...i..         
2TBN VACCYTOTOXIN    2  of  15 54.03    27.01    361        0.00386     7.4e+03     ....i.....i.... 
2TBF
3TBS
3TBT MotifName       No.Mots   IdScore PfScore Pvalue    Sequence                                                Len  low  pos   high 
3TBN RCCNDNSATION    3  of  8  35.29   202     2.24e-02  ICDQGGNDLAIASADTS                                       17   0    81    0    
3TBN RCCNDNSATION    4  of  8  27.45   170     6.36e-02  GNPDVVYSYEGNDGTTG                                       17   0    127   0    
3TBN RCCNDNSATION    8  of  8  20.45   168     7.87e-02  TVEANGSSVYWGKIEQA#####                                  22   0    349   0    
3TBB
3TBN KV14CHANNEL     1  of  7  32.97   181     8.37e-02  NDLAIASADTSDP                                           13   0    87    0    
3TBN KV14CHANNEL     5  of  7  45.71   219     2.71e-03  YEGNDGTTGG                                              10   0    135   0    
3TBB
3TBN GGTRANSPTASE    6  of  9  23.68   131     9.11e-02  TGSWSTLTLDSSAKNCTTA                                     19   0    100   0    
3TBN GGTRANSPTASE    9  of  9  20.96   158     3.64e-03  GAEGGLHVVKEPSDVTST                                      18   0    204   0    
3TBB
3TBN BRSTCANCERI     2  of  8  22.86   178     4.29e-02  ###MTKQVVDSGVSDADGVDY                                   21   0    -2    0    
3TBN BRSTCANCERI     3  of  8  23.33   172     1.60e-02  TYHNAVALDASSSDIYDM                                      18   0    280   0    
3TBB
3TBN NITROPHORIN     3  of  6  31.43   184     2.15e-02  TFTHVSHGDLTGDG                                          14   0    232   0    
3TBN NITROPHORIN     5  of  6  25.71   197     3.55e-02  ASSSDIYDMVTANK                                          14   0    289   0    
3TBB
3TBN TRANSFERRIN     2  of  10 31.23   179     2.37e-02  RDALVRGSGNVYEFL                                         15   0    248   0    
3TBN TRANSFERRIN     3  of  10 35.02   168     4.03e-02  TYHNAVALDASSS                                           13   0    280   0    
3TBB
3TBN TYPE3OMBPROT    5  of  10 24.36   166     9.88e-02  TFTHVSHGDLTGD                                           13   0    232   0    
3TBN TYPE3OMBPROT    6  of  10 33.33   194     1.98e-02  FSKNTLLSSKTYHNAVALD                                     19   0    270   0    
3TBB
3TBN PROTEASES2C     2  of  6  21.14   134     4.74e-02  DGDGIMELVICDQGGNDLAIA                                   21   0    72    0    
3TBN PROTEASES2C     4  of  6  23.44   155     5.54e-02  FVLAARYNSGYNSGAEGG                                      18   0    191   0    
3TBB
3TBN SUPERTUBBY      1  of  7  26.47   149     4.28e-02  YIFSPTRQDYSGDGNKT                                       17   0    173   0    
3TBN SUPERTUBBY      5  of  7  14.44   161     7.37e-02  YWGKIEQA#########                                       17   0    358   0    
3TBB
3TBN VACCYTOTOXIN    5  of  15 25.97   179     6.80e-02  AKNCTTARVIDINNDGNPDVVYS                                 23   0    112   0    
3TBN VACCYTOTOXIN    11 of  15 28.06   182     5.68e-02  QNKSDDELIPYDVNGDGTVDV                                   21   0    327   0    
3TBB
3TBF
Sn; 22
Si; Fasta sequence
1TBS
1TBN NO SIGNIFICANT RESULTS ABOVE 0.0001    
1TBF
2TBS
2TBT FingerPrint     No.Motifs SumId    AveId    ProfScore  Ppvalue     Evalue      GraphScan               
2TBN BASIGIN         2  of  6  49.09    24.55    328        1.9e-05     45          i....i          
2TBN POAALLERGEN     2  of  8  59.45    29.73    358        3.69e-05    92          ......ii        
2TBN ANTHRAXTOXNA    2  of  10 44.17    22.09    365        8.43e-05    2.2e+02     i..i......      
2TBN PYOCINKILLER    2  of  10 52.87    26.44    430        0.000185    3.8e+02     I...i.....      
2TBN GLUTENIN        2  of  5  59.29    29.64    362        0.000464    1.1e+03     I...i           
2TBN RECA            2  of  6  38.40    19.20    354        0.000648    9.3e+02     i..i..          
2TBN TAUPROTEIN      2  of  6  67.59    33.80    369        0.000648    2.7e+03     I.I...          
2TBN ASNGLNASE       2  of  3  56.93    28.47    311        0.00078     2.1e+03     ii.             
2TBN BCTRLSENSOR     2  of  4  46.66    23.33    268        0.000804    2e+03       i.i.            
2TBN LEUILEVALBP     2  of  7  64.64    32.32    370        0.000836    2.1e+03     I.....I         
2TBF
3TBS
3TBT MotifName       No.Mots   IdScore PfScore Pvalue    Sequence                                                Len  low  pos   high 
3TBN BASIGIN         1  of  6  30.00   147     3.01e-03  VAAVAILIAAVAMT                                          14   0    10    0    
3TBN BASIGIN         6  of  6  19.09   181     6.31e-03  FYIESTDDRAVIYAGDAAANGD                                  22   0    152   0    
3TBB
3TBN POAALLERGEN     7  of  8  29.82   174     2.20e-02  VAILIAAVAMTGMALAGPP                                     19   0    13    0    
3TBN POAALLERGEN     8  of  8  29.63   184     1.68e-03  TTSTSDITAGSNITA                                         15   0    41    0    
3TBB
3TBN ANTHRAXTOXNA    1  of  10 17.86   200     1.34e-03  VAAVAILIAAVAMT                                          14   0    10    0    
3TBN ANTHRAXTOXNA    4  of  10 26.32   165     6.29e-02  HDELETLDIDASENKSVTL                                     19   0    116   0    
3TBB
3TBN PYOCINKILLER    1  of  10 31.82   250     2.70e-03  GSTNASIEIINPDNGRVVASNS                                  22   0    71    0    
3TBN PYOCINKILLER    5  of  10 21.05   180     6.85e-02  DGTSIGNNTTMYVVMANTS                                     19   0    203   0    
3TBB
3TBN GLUTENIN        1  of  5  30.79   184     8.21e-03  LSGVAAVAILIAAVAMTGMA                                    20   0    7     0    
3TBN GLUTENIN        5  of  5  28.50   178     5.65e-02  RFSTIVGMLGGNGLFA                                        16   0    326   0    
3TBB
3TBN RECA            1  of  6  20.44   163     8.44e-02  NANASNRTLIEGKFGSTNASIEIINPDNGR                          30   0    57    0    
3TBN RECA            4  of  6  17.96   191     7.67e-03  GGNGLFAAAS###################                           29   0    335   0    
3TBB
3TBN TAUPROTEIN      1  of  6  35.65   192     1.63e-02  KLINDTNAASPN                                            12   0    135   0    
3TBN TAUPROTEIN      3  of  6  31.94   177     3.98e-02  GDAAANGD                                                8    0    166   0    
3TBB
3TBN ASNGLNASE       1  of  3  29.37   156     1.53e-02  AAVAMTGMALAG                                            12   0    18    0    
3TBN ASNGLNASE       2  of  3  27.57   155     5.11e-02  DGVTYAETTTLGGEDAYAV                                     19   0    269   0    
3TBB
3TBN BCTRLSENSOR     1  of  4  27.19   137     2.74e-02  NSTTVTDDGTSIGNN                                         15   0    196   0    
3TBN BCTRLSENSOR     3  of  4  19.46   131     2.93e-02  GGNGLFAAAS#########                                     19   0    335   0    
3TBB
3TBN LEUILEVALBP     1  of  7  32.35   163     5.95e-02  SGVAAVAILIAAVAMTG                                       17   0    8     0    
3TBN LEUILEVALBP     7  of  7  32.29   207     1.41e-02  LGTNRFSTIVGMLGGN                                        16   0    322   0    
3TBB
3TBF
Sn; 23
Si; Fasta sequence
1TBS
1TBN NO SIGNIFICANT RESULTS ABOVE 0.0001    
1TBF
2TBS
2TBT FingerPrint     No.Motifs SumId    AveId    ProfScore  Ppvalue     Evalue      GraphScan               
2TBN AQUAPORIN1      2  of  6  74.17    37.08    513        1.27e-06    4.5         I..I..          
2TBN SECGEXPORT      2  of  4  46.95    23.48    281        0.000244    5.4e+02     i.I.            
2TBN ZETAHAEM        2  of  4  80.95    40.48    271        0.00438     2.2e+04     .II.            
2TBF
3TBS
3TBT MotifName       No.Mots   IdScore PfScore Pvalue    Sequence                                                Len  low  pos   high 
3TBN AQUAPORIN1      1  of  6  35.42   236     1.13e-02  MAESKRTEALWR                                            12   0    1     0    
3TBN AQUAPORIN1      4  of  6  38.75   277     1.12e-04  SEGLPAGDGIGS                                            12   0    49    0    
3TBB
3TBN SECGEXPORT      1  of  4  16.07   98      6.51e-02  RIVAFLWSLVAAFIVQFLGIL                                   21   0    12    0    
3TBN SECGEXPORT      3  of  4  30.88   183     3.75e-03  GSEGLPAGDGIGSFLSD                                       17   0    48    0    
3TBB
3TBN ZETAHAEM        2  of  4  50.00   137     6.06e-02  LVTGSEGLPA                                              10   0    45    0    
3TBN ZETAHAEM        3  of  4  30.95   134     7.23e-02  PVDNLAY                                                 7    0    69    0    
3TBB
3TBF
