# hmmscan :: search sequence(s) against a profile database
# HMMER 3.3 (Nov 2019); http://hmmer.org/
# Copyright (C) 2019 Howard Hughes Medical Institute.
# Freely distributed under the BSD open source license.
# - - - - - - - - - - - - - - - - - - - - - - - - - - - - - - - - - - - -
# query sequence file:             /home/dlueckin/projects/pR1SE_australian_lakes/G_annotate_complete_relatives/scripts/../interpro_tmp/NC_013748.1.fasta.faa/hpc-node4_20230626_111306891_b4km//jobSuperFamily/000000000001_000000000099.fasta
# target HMM database:             data/superfamily/1.75/hmmlib_1.75
# output directed to file:         /home/dlueckin/projects/pR1SE_australian_lakes/G_annotate_complete_relatives/scripts/../interpro_tmp/NC_013748.1.fasta.faa/hpc-node4_20230626_111306891_b4km//jobSuperFamily/000000000001_000000000099.raw.out
# profile reporting threshold:     E-value <= 10
# sequence search space set to:    15438
# number of worker threads:        1
# - - - - - - - - - - - - - - - - - - - - - - - - - - - - - - - - - - - -

Query:       50  [L=161]
Scores for complete sequence (score includes all domains):
   --- full sequence ---   --- best 1 domain ---    -#dom-
    E-value  score  bias    E-value  score  bias    exp  N  Model    Description
    ------- ------ -----    ------- ------ -----   ---- --  -------- -----------

   [No hits detected that satisfy reporting thresholds]


Domain annotation for each model (and alignments):

   [No targets detected that satisfy reporting thresholds]


Internal pipeline statistics summary:
-------------------------------------
Query sequence(s):                         1  (161 residues searched)
Target model(s):                       15438  (2695333 nodes)
Passed MSV filter:                       426  (0.0275942); expected 308.8 (0.02)
Passed bias filter:                      426  (0.0275942); expected 308.8 (0.02)
Passed Vit filter:                        67  (0.00433994); expected 15.4 (0.001)
Passed Fwd filter:                         0  (0); expected 0.2 (1e-05)
Initial search space (Z):              15438  [as set by --Z on cmdline]
Domain search space  (domZ):               0  [number of targets reported over threshold]
# CPU time: 0.20u 0.30s 00:00:00.50 Elapsed: 00:00:30.25
# Mc/sec: 14.34
//
Query:       51  [L=59]
Scores for complete sequence (score includes all domains):
   --- full sequence ---   --- best 1 domain ---    -#dom-
    E-value  score  bias    E-value  score  bias    exp  N  Model    Description
    ------- ------ -----    ------- ------ -----   ---- --  -------- -----------
     0.0043   16.6   0.6     0.0046   16.5   0.6    1.1  1  0053909   RING/U-box
     0.0047   16.3   1.4      0.006   15.9   1.4    1.2  1  0045159   Zn2/Cys6 DNA-binding domain
  ------ inclusion threshold ------
      0.023   14.4   1.1      0.032   14.0   1.1    1.2  1  0042049   Glucocorticoid receptor-like (DNA-binding domain)
       0.24   10.6   1.0       0.31   10.2   1.0    1.1  1  0053820   RING/U-box
        0.3   10.6   1.8       0.41   10.1   1.8    1.3  1  0053608   RING/U-box
       0.51    9.7   1.1       0.64    9.3   1.1    1.1  1  0036632   FYVE/PHD zinc finger
       0.64    9.8   4.0        1.6    8.5   4.0    1.6  1  0045307   Zn2/Cys6 DNA-binding domain
       0.84    9.7   3.5          2    8.5   3.5    1.6  1  0045125   Zn2/Cys6 DNA-binding domain
       0.99    9.4   4.2        2.6    8.1   4.2    1.6  1  0035235   Zn2/Cys6 DNA-binding domain
        1.3    9.1   4.1        2.7    8.0   4.1    1.6  1  0042516   Zn2/Cys6 DNA-binding domain
        1.9    8.6   4.0        4.5    7.4   4.0    1.6  1  0036289   Zn2/Cys6 DNA-binding domain
        3.2    8.1   3.6        8.4    6.9   3.6    1.7  1  0046168   Zn2/Cys6 DNA-binding domain
        5.5    7.0   3.7         77    3.4   3.7    2.0  1  0037409   FYVE/PHD zinc finger
        6.7    5.8   4.5         15    4.7   4.5    1.6  1  0050474   FYVE/PHD zinc finger


Domain annotation for each model (and alignments):
>> 0053909  RING/U-box
   #    score  bias  c-Evalue  i-Evalue hmmfrom  hmm to    alifrom  ali to    envfrom  env to     acc
 ---   ------ ----- --------- --------- ------- -------    ------- -------    ------- -------    ----
   1 !   16.5   0.6   4.1e-06    0.0046      15      51 ..      14      45 ..       4      56 .. 0.87

  Alignments for each domain:
  == domain 1  score: 16.5 bits;  conditional E-value: 4.1e-06
  0053909 15 vlCdgCgklpivgvrykClvCpegldfdlCedCfaag 51
             + Cd+C+       r +C++  +g + +lC  C +  
       51 14 TPCDICSSG-----RSRCQEQVDGKNLNLCGPCRDLL 45
             67****998.....99*****************9874 PP

>> 0045159  Zn2/Cys6 DNA-binding domain
   #    score  bias  c-Evalue  i-Evalue hmmfrom  hmm to    alifrom  ali to    envfrom  env to     acc
 ---   ------ ----- --------- --------- ------- -------    ------- -------    ------- -------    ----
   1 !   15.9   1.4   5.5e-06     0.006      12      46 ..      14      43 ..       9      47 .. 0.86

  Alignments for each domain:
  == domain 1  score: 15.9 bits;  conditional E-value: 5.5e-06
  0045159 12 laCllCrkrkvkCdgalpldllsldslllCsrClk 46
             + C++C + + +C ++++ +     +l+lC  C+ 
       51 14 TPCDICSSGRSRCQEQVDGK-----NLNLCGPCRD 43
             57**************9955.....6678****86 PP

>> 0042049  Glucocorticoid receptor-like (DNA-binding domain)
   #    score  bias  c-Evalue  i-Evalue hmmfrom  hmm to    alifrom  ali to    envfrom  env to     acc
 ---   ------ ----- --------- --------- ------- -------    ------- -------    ------- -------    ----
   1 ?   14.0   1.1   2.9e-05     0.032       3      32 ..      15      44 ..      13      48 .. 0.91

  Alignments for each domain:
  == domain 1  score: 14.0 bits;  conditional E-value: 2.9e-05
  0042049  3 lCsfCgksedevkkliaGpdvyiCdecvel 32
              C  C+  +++ ++ ++G++  +C  c +l
       51 15 PCDICSSGRSRCQEQVDGKNLNLCGPCRDL 44
             7**************************876 PP

>> 0053820  RING/U-box
   #    score  bias  c-Evalue  i-Evalue hmmfrom  hmm to    alifrom  ali to    envfrom  env to     acc
 ---   ------ ----- --------- --------- ------- -------    ------- -------    ------- -------    ----
   1 ?   10.2   1.0   0.00028      0.31      25      56 ..      14      43 ..      10      51 .. 0.89

  Alignments for each domain:
  == domain 1  score: 10.2 bits;  conditional E-value: 0.00028
  0053820 25 vtCdgCgkdpivgvrykClvCp...dydlCesCfa 56
             + Cd+C+       r +C++     + +lC  C +
       51 14 TPCDICSSG-----RSRCQEQVdgkNLNLCGPCRD 43
             67****988.....99******999********76 PP

>> 0053608  RING/U-box
   #    score  bias  c-Evalue  i-Evalue hmmfrom  hmm to    alifrom  ali to    envfrom  env to     acc
 ---   ------ ----- --------- --------- ------- -------    ------- -------    ------- -------    ----
   1 ?   10.1   1.8   0.00037      0.41       6      38 ..      13      45 ..       8      56 .. 0.72

  Alignments for each domain:
  == domain 1  score: 10.1 bits;  conditional E-value: 0.00037
  0053608  6 lvlCdgCslpilgrykClvc...pdydlCssCyakl 38
              + Cd+Cs +   r +C+      + +lC  C + l
       51 13 DTPCDICSSG---RSRCQEQvdgKNLNLCGPCRDLL 45
             5789999875...6677665222689******9865 PP

>> 0036632  FYVE/PHD zinc finger
   #    score  bias  c-Evalue  i-Evalue hmmfrom  hmm to    alifrom  ali to    envfrom  env to     acc
 ---   ------ ----- --------- --------- ------- -------    ------- -------    ------- -------    ----
   1 ?    9.3   1.1   0.00058      0.64      39      69 ..      15      45 ..      12      47 .. 0.90

  Alignments for each domain:
  == domain 1  score: 9.3 bits;  conditional E-value: 0.00058
  0036632 39 fCsscsslllllpllglgkpvrvCdlCylll 69
              C+ css +   + +  gk +++C  C +ll
       51 15 PCDICSSGRSRCQEQVDGKNLNLCGPCRDLL 45
             6**************************9876 PP

>> 0045307  Zn2/Cys6 DNA-binding domain
   #    score  bias  c-Evalue  i-Evalue hmmfrom  hmm to    alifrom  ali to    envfrom  env to     acc
 ---   ------ ----- --------- --------- ------- -------    ------- -------    ------- -------    ----
   1 ?    8.5   4.0    0.0014       1.6       8      32 ..      14      43 ..       8      50 .. 0.74

  Alignments for each domain:
  == domain 1  score: 8.5 bits;  conditional E-value: 0.0014
  0045307  8 laCllCrkrklkCdeelP.....lCsrClk 32
             + C++C   + +C+e++      lC+ C++
       51 14 TPCDICSSGRSRCQEQVDgknlnLCGPCRD 43
             68***********98653222227888876 PP

>> 0045125  Zn2/Cys6 DNA-binding domain
   #    score  bias  c-Evalue  i-Evalue hmmfrom  hmm to    alifrom  ali to    envfrom  env to     acc
 ---   ------ ----- --------- --------- ------- -------    ------- -------    ------- -------    ----
   1 ?    8.5   3.5    0.0018         2       3      25 ..      15      43 ..      13      51 .. 0.81

  Alignments for each domain:
  == domain 1  score: 8.5 bits;  conditional E-value: 0.0018
  0045125  3 aCllCrrrklkCdgelP......CsnClk 25
              C++C   + +C++++       C+ C++
       51 15 PCDICSSGRSRCQEQVDgknlnlCGPCRD 43
             6***********99887666667888875 PP

>> 0035235  Zn2/Cys6 DNA-binding domain
   #    score  bias  c-Evalue  i-Evalue hmmfrom  hmm to    alifrom  ali to    envfrom  env to     acc
 ---   ------ ----- --------- --------- ------- -------    ------- -------    ------- -------    ----
   1 ?    8.1   4.2    0.0023       2.6       9      33 ..      14      43 ..       8      48 .. 0.73

  Alignments for each domain:
  == domain 1  score: 8.1 bits;  conditional E-value: 0.0023
  0035235  9 laCllCrkrklkCdeelP.....lCsrClk 33
             + C++C   + +C+e++      lC+ C++
       51 14 TPCDICSSGRSRCQEQVDgknlnLCGPCRD 43
             68***********98653222227888875 PP

>> 0042516  Zn2/Cys6 DNA-binding domain
   #    score  bias  c-Evalue  i-Evalue hmmfrom  hmm to    alifrom  ali to    envfrom  env to     acc
 ---   ------ ----- --------- --------- ------- -------    ------- -------    ------- -------    ----
   1 ?    8.0   4.1    0.0024       2.7       3      27 ..      14      43 ..      12      52 .. 0.74

  Alignments for each domain:
  == domain 1  score: 8.0 bits;  conditional E-value: 0.0024
  0042516  3 laCltCrkrklkCdeel.....PlCsnClk 27
             + C+ C   + +C+e++      lC+ C++
       51 14 TPCDICSSGRSRCQEQVdgknlNLCGPCRD 43
             67***********98751111157888876 PP

>> 0036289  Zn2/Cys6 DNA-binding domain
   #    score  bias  c-Evalue  i-Evalue hmmfrom  hmm to    alifrom  ali to    envfrom  env to     acc
 ---   ------ ----- --------- --------- ------- -------    ------- -------    ------- -------    ----
   1 ?    7.4   4.0    0.0041       4.5       2      26 ..      14      43 ..      13      50 .. 0.73

  Alignments for each domain:
  == domain 1  score: 7.4 bits;  conditional E-value: 0.0041
  0036289  2 laCltCrkrkvkCdeelP.....lCsnClk 26
             + C  C   + +C+e++      lC+ C++
       51 14 TPCDICSSGRSRCQEQVDgknlnLCGPCRD 43
             57***********98753222227888875 PP

>> 0046168  Zn2/Cys6 DNA-binding domain
   #    score  bias  c-Evalue  i-Evalue hmmfrom  hmm to    alifrom  ali to    envfrom  env to     acc
 ---   ------ ----- --------- --------- ------- -------    ------- -------    ------- -------    ----
   1 ?    6.9   3.6    0.0076       8.4       2      25 ..      15      43 ..      14      49 .. 0.72

  Alignments for each domain:
  == domain 1  score: 6.9 bits;  conditional E-value: 0.0076
  0046168  2 aCllCrkrklkCdeel.....PlCsnClk 25
              C +C + + +C+e++      lC+ C++
       51 15 PCDICSSGRSRCQEQVdgknlNLCGPCRD 43
             6***********98751111157888875 PP

>> 0037409  FYVE/PHD zinc finger
   #    score  bias  c-Evalue  i-Evalue hmmfrom  hmm to    alifrom  ali to    envfrom  env to     acc
 ---   ------ ----- --------- --------- ------- -------    ------- -------    ------- -------    ----
   1 ?    3.4   3.7      0.07        77       5      22 ..      25      42 ..       5      45 .. 0.83

  Alignments for each domain:
  == domain 1  score: 3.4 bits;  conditional E-value: 0.07
  0037409  5 vCgllddggllllCdlCd 22
              C+   dg++l lC+ C+
       51 25 RCQEQVDGKNLNLCGPCR 42
             688888999999999997 PP

>> 0050474  FYVE/PHD zinc finger
   #    score  bias  c-Evalue  i-Evalue hmmfrom  hmm to    alifrom  ali to    envfrom  env to     acc
 ---   ------ ----- --------- --------- ------- -------    ------- -------    ------- -------    ----
   1 ?    4.7   4.5     0.013        15       9      40 ..       9      42 ..       1      45 [. 0.60

  Alignments for each domain:
  == domain 1  score: 4.7 bits;  conditional E-value: 0.013
  0050474  9 leelldedlvCcv....CgkpdsldgglllqCdgCd 40
              ++++  +++C      C+++   dg++l +C  C+
       51  9 GGDEDTPCDICSSgrsrCQEQV--DGKNLNLCGPCR 42
             4444444444433333366666..999999999997 PP



Internal pipeline statistics summary:
-------------------------------------
Query sequence(s):                         1  (59 residues searched)
Target model(s):                       15438  (2695333 nodes)
Passed MSV filter:                       768  (0.0497474); expected 308.8 (0.02)
Passed bias filter:                      768  (0.0497474); expected 308.8 (0.02)
Passed Vit filter:                       198  (0.0128255); expected 15.4 (0.001)
Passed Fwd filter:                        15  (0.000971628); expected 0.2 (1e-05)
Initial search space (Z):              15438  [as set by --Z on cmdline]
Domain search space  (domZ):              14  [number of targets reported over threshold]
# CPU time: 0.25u 0.13s 00:00:00.38 Elapsed: 00:00:09.76
# Mc/sec: 16.29
//
