Looks like everything is now set up, we will first clean up the input file, and then we will start the host prediction steps themselves
[1/1/Skip] Skipping computation of blastn against microbial genomes...
[1/3/Run] Get relevant blast matches...
The blastn output file was empty, this may be ok, but is still unusual, so you may want to check the blastn log (Wdir/blastgenomes.tsv.log)
[2/1/Run] Running blastn against CRISPR...
[2/2/Run] Get relevant crispr matches...
[3/1/Run] Running WIsH...
[3/2/Run] Get relevant WIsH hits...
[4/1/Run] Running VHM s2 similarities...
[4/2/Run] Get relevant VHM hits...
[5/1/Run] Running PHP...
[5/2/Run] Get relevant PHP hits...
[6/1/Run] Running RaFAH...
[6/2/Run] Get relevant RaFAH scores...
[6.5/1/Run] Running Diamond comparison to RaFAH references...
[6.5/2/Run] Get AAI distance to RaFAH refs...
[7] Aggregating all results and formatting for TensorFlow...
[7/1] Loading all parsed data...
[7/2] Loading corresponding host taxonomy...
[7/3] Link matching genomes to representatives and filter out redundant / useless matches...
	Filtering blast data
	Filtering crispr data
	Filtering wish data
	Filtering vhm data
	Filtering PHP data
[7/4] Write the matrices for TensorFlow...
Starting to built the matrices for TensorFlow
Loading trees
Processing data for virus FakeDummy_AJ421943.1
Processing data for virus Frome_NODE_383_length_24936_cov_4.316346
[7.5] Aggregating all results and formatting for RF...
[8] Running the convolution networks...
[8/1] Loading data as tensors..
[8/1.1] Getting blast-based scores..
[8/1.2] Run blast classifier Model_blast_Conv-87 (by batch)..
[8/1.2] Run blast classifier Model_blast_RF-39 (by batch)..
TF Parameter Server distributed training not available (this is expected for the pre-build release).
[INFO kernel.cc:1153] Loading model from path
[INFO decision_forest.cc:617] Model loaded with 1000 root(s), 637446 node(s), and 15 input feature(s).
[INFO abstract_model.cc:1063] Engine "RandomForestOptPred" built
[INFO kernel.cc:1001] Use fast generic engine
[8/2.1] Getting CRISPR-based scores..
[8/2.2] Run crispr classifier Model_crispr_Conv-85 (by batch)..
[8/2.2] Run crispr classifier Model_crispr_Dense-15 (by batch)..
[8/3.1] Getting WIsH-based scores..
[8/3.2] Run wish classifier Model_wish_Conv-2 (by batch)..
WARNING:tensorflow:5 out of the last 11 calls to <function Model.make_predict_function.<locals>.predict_function at 0x7f917bff5320> triggered tf.function retracing. Tracing is expensive and the excessive number of tracings could be due to (1) creating @tf.function repeatedly in a loop, (2) passing tensors with different shapes, (3) passing Python objects instead of tensors. For (1), please define your @tf.function outside of the loop. For (2), @tf.function has experimental_relax_shapes=True option that relaxes argument shapes that can avoid unnecessary retracing. For (3), please refer to https://www.tensorflow.org/guide/function#controlling_retracing and https://www.tensorflow.org/api_docs/python/tf/function for  more details.
5 out of the last 11 calls to <function Model.make_predict_function.<locals>.predict_function at 0x7f917bff5320> triggered tf.function retracing. Tracing is expensive and the excessive number of tracings could be due to (1) creating @tf.function repeatedly in a loop, (2) passing tensors with different shapes, (3) passing Python objects instead of tensors. For (1), please define your @tf.function outside of the loop. For (2), @tf.function has experimental_relax_shapes=True option that relaxes argument shapes that can avoid unnecessary retracing. For (3), please refer to https://www.tensorflow.org/guide/function#controlling_retracing and https://www.tensorflow.org/api_docs/python/tf/function for  more details.
[8/3.2] Run wish classifier Model_wish_Dense-54 (by batch)..
WARNING:tensorflow:5 out of the last 11 calls to <function Model.make_predict_function.<locals>.predict_function at 0x7f917b89ba70> triggered tf.function retracing. Tracing is expensive and the excessive number of tracings could be due to (1) creating @tf.function repeatedly in a loop, (2) passing tensors with different shapes, (3) passing Python objects instead of tensors. For (1), please define your @tf.function outside of the loop. For (2), @tf.function has experimental_relax_shapes=True option that relaxes argument shapes that can avoid unnecessary retracing. For (3), please refer to https://www.tensorflow.org/guide/function#controlling_retracing and https://www.tensorflow.org/api_docs/python/tf/function for  more details.
5 out of the last 11 calls to <function Model.make_predict_function.<locals>.predict_function at 0x7f917b89ba70> triggered tf.function retracing. Tracing is expensive and the excessive number of tracings could be due to (1) creating @tf.function repeatedly in a loop, (2) passing tensors with different shapes, (3) passing Python objects instead of tensors. For (1), please define your @tf.function outside of the loop. For (2), @tf.function has experimental_relax_shapes=True option that relaxes argument shapes that can avoid unnecessary retracing. For (3), please refer to https://www.tensorflow.org/guide/function#controlling_retracing and https://www.tensorflow.org/api_docs/python/tf/function for  more details.
[8/4.1] Getting VHM-based scores..
[8/4.2] Run vhm classifier Model_vhm_Conv-92 (by batch)..
[8/4.2] Run vhm classifier Model_vhm_Dense-97 (by batch)..
[8/5.1] Getting PHP-based scores..
[8/5.2] Run php classifier Model_php_Conv-90 (by batch)..
[8/5.2] Run php classifier Model_php_Dense-74 (by batch)..
[9] Running the aggregation models...
[9/1.1] Preparing data for aggregated score ...
[9/1.2] Run classifier for aggregated score ...
[INFO kernel.cc:1153] Loading model from path
[INFO decision_forest.cc:617] Model loaded with 500 root(s), 689556 node(s), and 30 input feature(s).
[INFO kernel.cc:1001] Use fast generic engine
[9/2] Combining all results (Blast, CRISPR, iPHoP, and RaFAH) in a single file: iphop_out/Frome_NODE_383_length_24936_cov_4.316346/Wdir/All_combined_scores.csv
[10/1] Preparing the detailed output...
[10/2] Preparing the iPHoP-only result file, linking viruses to individual genomes (iphop_out/Frome_NODE_383_length_24936_cov_4.316346/Host_prediction_to_genome_m90.csv) ...
[10/3] Preparing the combined iPHoP / RaFAH output summarized at the genus rank (iphop_out/Frome_NODE_383_length_24936_cov_4.316346/Host_prediction_to_genus_m90.csv) ... 
