Looks like everything is now set up, we will first clean up the input file, and then we will start the host prediction steps themselves
[1/1/Run] Running blastn against genomes...
[1/3/Run] Get relevant blast matches...
[2/1/Run] Running blastn against CRISPR...
[2/2/Run] Get relevant crispr matches...
[3/1/Run] Running WIsH...
[3/2/Run] Get relevant WIsH hits...
[4/1/Run] Running VHM s2 similarities...
[4/2/Run] Get relevant VHM hits...
[5/1/Run] Running PHP...
[5/2/Run] Get relevant PHP hits...
[6/1/Run] Running RaFAH...
[6/2/Run] Get relevant RaFAH scores...
[6.5/1/Run] Running Diamond comparison to RaFAH references...
[6.5/2/Run] Get AAI distance to RaFAH refs...
[7] Aggregating all results and formatting for TensorFlow...
[7/1] Loading all parsed data...
[7/2] Loading corresponding host taxonomy...
[7/3] Link matching genomes to representatives and filter out redundant / useless matches...
	Filtering blast data
	Filtering crispr data
	Filtering wish data
	Filtering vhm data
	Filtering PHP data
[7/4] Write the matrices for TensorFlow...
Starting to built the matrices for TensorFlow
Loading trees
Processing data for virus Eyre_NODE_236_length_33155_cov_19.932
Processing data for virus Eyre_NODE_24569_length_4005_cov_3.34962
Processing data for virus Eyre_NODE_32600_length_3487_cov_2.67279
Processing data for virus Eyre_NODE_3967_length_9655_cov_16.4747
Processing data for virus Eyresouth_NODE_101_length_48437_cov_7.17035
Processing data for virus Eyresouth_NODE_218_length_34093_cov_9.73377
Processing data for virus Frome_NODE_15509_length_4607_cov_7.339851
Processing data for virus Frome_NODE_208_length_31991_cov_42.105993
Processing data for virus Frome_NODE_383_length_24936_cov_4.316346
Processing data for virus Frome_NODE_5173_length_7875_cov_23.618542
Processing data for virus Frome_NODE_5768_length_7469_cov_22.360534
Processing data for virus Frome_NODE_9768_length_5756_cov_4.674268
Processing data for virus Gairdner_NODE_107_length_49922_cov_74.384603
Processing data for virus Gairdner_NODE_118_length_47723_cov_5.388856
Processing data for virus Gairdner_NODE_144_length_43966_cov_7.457380
Processing data for virus Gairdner_NODE_1649_length_16492_cov_7.650423
Processing data for virus Gairdner_NODE_167_length_41210_cov_9.888325
Processing data for virus Gairdner_NODE_200_length_38460_cov_9.422054
Processing data for virus Gairdner_NODE_217_length_37248_cov_7.812599
Processing data for virus Gairdner_NODE_22520_length_5296_cov_5.021370
Processing data for virus Gairdner_NODE_22962_length_5252_cov_4.041755
Processing data for virus Gairdner_NODE_2803_length_13236_cov_7.077763
Processing data for virus Gairdner_NODE_29507_length_4689_cov_5.089555
Processing data for virus Gairdner_NODE_35642_length_4302_cov_2.899223
Processing data for virus Gairdner_NODE_4298_length_11003_cov_3.762240
Processing data for virus Gairdner_NODE_74_length_59309_cov_8.317565
Processing data for virus Kenyon_NODE_596_length_16493_cov_7.34451
Processing data for virus Torrens_NODE_2029_length_12012_cov_23.663126
Processing data for virus Tyrell_NODE_42_length_52436_cov_43.400050
Processing data for virus Tyrell_NODE_6051_length_7332_cov_4.201457
[7.5] Aggregating all results and formatting for RF...
[8] Running the convolution networks...
[8/1] Loading data as tensors..
[8/1.1] Getting blast-based scores..
[8/1.2] Run blast classifier Model_blast_Conv-87 (by batch)..
[8/1.2] Run blast classifier Model_blast_RF-39 (by batch)..
TF Parameter Server distributed training not available (this is expected for the pre-build release).
[INFO kernel.cc:1153] Loading model from path
[INFO decision_forest.cc:617] Model loaded with 1000 root(s), 637446 node(s), and 15 input feature(s).
[INFO abstract_model.cc:1063] Engine "RandomForestOptPred" built
[INFO kernel.cc:1001] Use fast generic engine
[8/2.1] Getting CRISPR-based scores..
[8/2.2] Run crispr classifier Model_crispr_Conv-85 (by batch)..
[8/2.2] Run crispr classifier Model_crispr_Dense-15 (by batch)..
[8/3.1] Getting WIsH-based scores..
[8/3.2] Run wish classifier Model_wish_Conv-2 (by batch)..
[8/3.2] Run wish classifier Model_wish_Dense-54 (by batch)..
[8/4.1] Getting VHM-based scores..
[8/4.2] Run vhm classifier Model_vhm_Conv-92 (by batch)..
[8/4.2] Run vhm classifier Model_vhm_Dense-97 (by batch)..
[8/5.1] Getting PHP-based scores..
[8/5.2] Run php classifier Model_php_Conv-90 (by batch)..
[8/5.2] Run php classifier Model_php_Dense-74 (by batch)..
[9] Running the aggregation models...
[9/1.1] Preparing data for aggregated score ...
[9/1.2] Run classifier for aggregated score ...
[INFO kernel.cc:1153] Loading model from path
[INFO decision_forest.cc:617] Model loaded with 500 root(s), 689556 node(s), and 30 input feature(s).
[INFO abstract_model.cc:1063] Engine "RandomForestOptPred" built
[INFO kernel.cc:1001] Use fast generic engine
[9/2] Combining all results (Blast, CRISPR, iPHoP, and RaFAH) in a single file: iphop_out/incomplete/Wdir/All_combined_scores.csv
[10/1] Preparing the detailed output...
[10/2] Preparing the iPHoP-only result file, linking viruses to individual genomes (iphop_out/incomplete/Host_prediction_to_genome_m90.csv) ...
[10/3] Preparing the combined iPHoP / RaFAH output summarized at the genus rank (iphop_out/incomplete/Host_prediction_to_genus_m90.csv) ... 
