AOID01000019.1_9	WP_013879861.1	41.0	200	99	8	74	254	94	293	2.43e-23	101
AOID01000019.1_10	WP_050048665.1	62.3	53	20	0	1	53	12	64	3.08e-14	65.5
AOID01000019.1_13	WP_086889293.1	42.7	96	48	3	225	318	156	246	4.57e-16	82.0
AOID01000019.1_15	WP_007139919.1	37.7	461	262	11	69	513	35	486	3.82e-63	219
AOID01000019.1_16	WP_076738804.1	34.9	839	489	24	372	1181	301	1111	3.86e-123	414
AOID01000019.1_24	WP_046320581.1	45.6	57	22	2	265	320	20	68	1.14e-07	54.3
AOID01000019.1_25	WP_013875992.1	57.8	367	135	3	1	349	1	365	7.04e-138	401
AOID01000019.1_26	WP_007143737.1	87.4	95	12	0	1	95	1	95	1.70e-58	179
AOID01000019.1_30	WP_005579313.1	33.3	75	45	1	37	106	8	82	5.40e-04	41.6
AOID01000019.1_34	WP_014865892.1	43.1	195	108	2	1	195	1	192	4.01e-41	153
AOID01000019.1_47	WP_004268209.1	48.0	448	158	6	5	381	13	456	4.13e-138	406
AOID01000019.1_50	WP_012946207.1	85.6	194	28	0	5	198	3	196	7.70e-119	340
AOID01000019.1_54	WP_013876010.1	69.5	105	32	0	1	105	1	105	1.77e-48	154
AOID01000019.1_69	WP_008413617.1	76.2	281	67	0	1	281	1	281	5.87e-153	433
AOID01000019.1_72	WP_012946193.1	45.8	120	60	2	1	120	1	115	1.09e-24	96.3
AOID01000019.1_78	WP_011322572.1	27.9	420	234	21	13	420	5	367	3.35e-17	89.0
AOID01000019.1_83	WP_007143276.1	51.9	52	23	1	18	69	1	50	5.59e-09	52.0
AOID01000019.1_101	WP_005580193.1	34.8	112	50	4	3	114	15	103	5.74e-07	52.8
AOID01000019.1_106	WP_014865891.1	50.0	66	32	1	122	186	206	271	5.63e-10	63.2
AOID01000019.1_107	WP_004214276.1	63.2	405	144	3	6	408	4	405	4.05e-177	504
