AOIR01000042.1_1	WP_008459339.1	90.5	537	51	0	1	537	1	537	0.0	1029
AOIR01000042.1_2	WP_089671477.1	49.3	146	73	1	1	145	1	146	4.94e-40	137
AOIR01000042.1_3	WP_014865283.1	77.9	140	31	0	1	140	1	140	6.37e-66	202
AOIR01000042.1_6	WP_014865284.1	77.2	259	35	2	1	235	1	259	2.95e-120	347
AOIR01000042.1_7	WP_014865285.1	82.4	267	47	0	1	267	1	267	5.02e-154	434
AOIR01000042.1_8	WP_014865286.1	89.2	223	24	0	1	223	1	223	9.60e-128	364
AOIR01000042.1_9	WP_014865287.1	83.7	307	47	2	11	316	1	305	3.22e-181	507
AOIR01000042.1_14	WP_014865290.1	84.2	425	66	1	3	427	1	424	1.45e-267	735
AOIR01000042.1_16	WP_014865291.1	92.4	410	31	0	1	410	1	410	9.41e-279	762
AOIR01000042.1_18	WP_011224563.1	52.9	85	27	1	4	88	2	73	5.38e-22	86.7
AOIR01000042.1_19	WP_012942196.1	95.2	269	13	0	78	346	77	345	1.34e-181	511
AOIR01000042.1_20	WP_012942197.1	95.2	290	14	0	1	290	1	290	1.24e-202	559
AOIR01000042.1_21	WP_014865295.1	95.7	329	14	0	1	329	1	329	2.99e-225	620
AOIR01000042.1_22	WP_014865296.1	92.2	306	24	0	1	306	1	306	4.28e-202	559
AOIR01000042.1_23	WP_012942200.1	88.0	276	24	1	1	267	1	276	9.97e-170	474
AOIR01000042.1_24	WP_014865298.1	90.0	201	19	1	1	201	1	200	1.73e-119	342
AOIR01000042.1_25	WP_014865300.1	90.0	260	26	0	12	271	1	260	2.09e-166	466
AOIR01000042.1_26	WP_007140735.1	85.1	451	67	0	1	451	1	451	2.11e-272	749
AOIR01000042.1_27	WP_013880290.1	79.8	188	37	1	1	188	1	187	2.53e-101	295
AOIR01000042.1_29	WP_077206262.1	59.5	37	15	0	37	73	63	99	8.34e-14	65.5
AOIR01000042.1_30	WP_014865308.1	87.8	279	18	1	1	263	1	279	1.91e-169	474
AOIR01000042.1_31	WP_008459388.1	93.5	248	16	0	1	248	1	248	1.30e-158	444
AOIR01000042.1_32	WP_014865309.1	94.3	1296	74	0	1	1296	1	1296	0.0	2444
AOIR01000042.1_33	WP_014865310.1	84.4	776	86	4	1	776	1	741	0.0	1051
AOIR01000042.1_34	WP_014865311.1	89.2	520	47	4	1	512	1	519	0.0	875
AOIR01000042.1_35	WP_014865312.1	72.2	277	72	2	1	274	1	275	1.55e-140	401
AOIR01000042.1_36	WP_012942243.1	70.2	205	56	2	16	217	17	219	6.77e-93	276
AOIR01000042.1_37	WP_015762413.1	53.7	322	122	7	16	331	5	305	6.87e-103	317
AOIR01000042.1_41	WP_050047627.1	53.1	352	146	3	8	359	3	335	3.93e-126	370
AOIR01000042.1_44	WP_103428369.1	33.5	514	263	15	101	558	45	535	1.20e-49	185
AOIR01000042.1_66	WP_008525184.1	85.7	259	36	1	1	258	1	259	7.23e-168	469
AOIR01000042.1_68	WP_008525186.1	75.0	208	52	0	15	222	4	211	1.57e-112	325
AOIR01000042.1_81	WP_008525204.1	80.1	181	36	0	1	181	1	181	7.39e-101	293
AOIR01000042.1_82	WP_008525206.1	96.9	1200	37	0	1	1200	1	1200	0.0	2292
AOIR01000042.1_88	WP_052716097.1	25.7	113	64	2	49	141	339	451	5.57e-07	55.1
AOIR01000042.1_91	WP_008525213.1	78.3	332	72	0	1	332	1	332	4.40e-178	501
AOIR01000042.1_97	WP_008525223.1	76.9	671	152	2	3	672	2	670	0.0	1053
AOIR01000042.1_98	WP_008525225.1	71.1	581	160	5	1	578	1	576	2.18e-285	793
AOIR01000042.1_101	WP_014865320.1	89.4	282	30	0	1	282	1	282	1.03e-159	450
AOIR01000042.1_103	WP_008457917.1	90.0	209	21	0	1	209	1	209	1.13e-131	373
AOIR01000042.1_104	WP_014865321.1	87.5	136	17	0	1	136	1	136	6.65e-79	234
AOIR01000042.1_106	WP_014865322.1	85.1	141	21	0	8	148	186	326	1.32e-78	240
