AOJE01000025.1_2	WP_076611400.1	77.6	49	8	1	45	90	333	381	8.85e-16	75.9
AOJE01000025.1_6	WP_020446193.1	64.9	399	139	1	1	398	1	399	4.09e-171	489
AOJE01000025.1_7	WP_096389541.1	80.6	165	32	0	1	165	1	165	4.31e-91	273
AOJE01000025.1_9	WP_119820045.1	80.2	162	32	0	1	162	1	162	1.35e-95	278
AOJE01000025.1_11	WP_014865232.1	46.1	332	178	1	4	335	10	340	1.46e-104	315
AOJE01000025.1_12	WP_011032977.1	38.6	184	111	2	16	198	1	183	1.37e-34	125
AOJE01000025.1_13	WP_006054353.1	61.6	1254	466	6	1	1243	1	1250	0.0	1569
AOJE01000025.1_26	WP_096390013.1	32.4	238	128	10	3	227	1	218	6.48e-17	82.0
AOJE01000025.1_28	WP_096391477.1	37.7	453	229	14	63	484	80	510	3.51e-59	209
AOJE01000025.1_49	WP_015911365.1	78.4	559	78	3	1	559	1	516	2.43e-302	832
AOJE01000025.1_50	WP_015911366.1	91.1	157	14	0	1	157	1	157	2.48e-100	290
AOJE01000025.1_51	WP_015911367.1	92.2	599	47	0	1	599	1	599	0.0	1078
AOJE01000025.1_52	WP_086887812.1	50.0	204	100	1	1	204	1	202	4.62e-61	194
AOJE01000025.1_53	WP_049938483.1	55.7	461	197	4	96	550	2	461	1.33e-157	462
AOJE01000025.1_54	WP_011222324.1	79.4	810	167	0	1	810	1	810	0.0	1234
AOJE01000025.1_55	WP_015911369.1	94.7	303	14	1	1	303	1	301	4.40e-170	478
AOJE01000025.1_56	WP_015911370.1	98.0	99	2	0	1	99	1	99	4.37e-62	188
AOJE01000025.1_58	WP_015911373.1	94.6	370	20	0	4	373	1	370	1.19e-257	705
AOJE01000025.1_59	WP_015911374.1	91.7	783	65	0	1	783	1	783	0.0	1348
AOJE01000025.1_60	WP_128475815.1	86.0	514	72	0	1	514	1	514	0.0	882
AOJE01000025.1_61	WP_008413624.1	75.2	226	56	0	1	226	1	226	1.69e-116	337
AOJE01000025.1_63	WP_128478462.1	76.1	247	59	0	1	247	1	247	6.89e-131	374
AOJE01000025.1_65	WP_015911376.1	85.9	383	41	2	1	383	1	370	4.53e-230	636
AOJE01000025.1_66	WP_015911377.1	91.9	617	39	1	18	634	1	606	0.0	1031
AOJE01000025.1_67	WP_015911378.1	87.4	436	46	2	1	432	1	431	2.87e-254	702
AOJE01000025.1_69	WP_015911380.1	90.4	251	18	1	1	251	1	245	2.79e-149	421
AOJE01000025.1_70	WP_012944348.1	40.0	230	138	0	32	261	9	238	8.26e-46	159
AOJE01000025.1_71	WP_096390254.1	87.1	456	57	1	18	471	18	473	5.36e-268	740
AOJE01000025.1_72	WP_015911382.1	94.4	198	11	0	1	198	1	198	3.87e-133	376
AOJE01000025.1_73	WP_015911383.1	94.8	824	37	2	1	818	1	824	0.0	1481
AOJE01000025.1_74	WP_015911384.1	80.3	183	36	0	8	190	17	199	1.62e-91	270
AOJE01000025.1_75	WP_015911385.1	96.0	202	8	0	1	202	1	202	4.72e-135	381
