CP095494.1_7	WP_012946224.1	47.8	136	64	2	6	141	5	133	5.53e-27	125
CP095494.1_10	WP_015322857.1	87.5	96	12	0	1	96	1	96	1.18e-58	179
CP095494.1_12	WP_007142526.1	48.9	139	66	3	20	156	4	139	2.82e-35	125
CP095494.1_13	WP_007139910.1	37.1	345	208	6	59	401	1	338	1.37e-59	202
CP095494.1_14	WP_015322857.1	82.3	96	17	0	1	96	1	96	9.37e-56	172
CP095494.1_16	WP_049888109.1	66.5	254	85	0	1	254	1	254	6.24e-127	366
CP095494.1_17	WP_049934016.1	31.0	719	438	25	26	723	2	683	2.17e-84	286
CP095494.1_18	WP_004043127.1	58.2	340	133	4	27	363	5	338	1.09e-120	357
CP095494.1_19	WP_013035118.1	53.5	260	113	4	27	282	9	264	4.91e-84	258
CP095494.1_20	WP_076738796.1	41.1	976	487	26	8	949	21	942	4.65e-191	580
CP095494.1_21	WP_012660063.1	70.9	189	55	0	1	189	1	189	1.05e-96	283
CP095494.1_22	WP_012660062.1	76.4	331	78	0	1	331	1	331	2.99e-187	524
CP095494.1_23	WP_012660061.1	69.8	86	26	0	1	86	1	86	2.54e-37	125
CP095494.1_28	WP_086887051.1	68.5	92	26	2	1	90	1	91	3.91e-26	101
CP095494.1_30	WP_079892129.1	25.6	176	100	5	5	172	911	1063	2.88e-04	46.6
CP095494.1_33	WP_076738804.1	40.0	869	456	22	371	1195	301	1148	2.24e-169	537
CP095494.1_34	WP_076738804.1	39.5	886	477	25	238	1080	279	1148	2.33e-175	550
CP095494.1_35	WP_007139919.1	59.4	500	200	3	28	527	1	497	9.64e-199	568
CP095494.1_53	WP_012946165.1	40.8	294	162	5	24	312	22	308	3.70e-70	225
CP095494.1_58	WP_128477254.1	25.9	251	161	6	14	255	16	250	1.46e-12	71.2
CP095494.1_63	WP_007139940.1	87.7	81	10	0	2	82	268	348	4.76e-42	144
CP095494.1_69	WP_013875743.1	73.7	384	101	0	1	384	1	384	7.25e-217	603
CP095494.1_74	WP_096391784.1	75.3	328	81	0	1	328	1	328	9.65e-179	502
CP095494.1_75	WP_128476734.1	48.5	68	34	1	93	159	1155	1222	7.28e-11	65.1
CP095494.1_84	WP_103428398.1	74.5	263	55	1	38	288	1	263	5.48e-139	397
CP095494.1_96	WP_128476870.1	51.5	103	50	0	2	104	9	111	8.81e-30	107
CP095494.1_99	WP_013177114.1	26.5	615	326	22	28	629	9	510	1.52e-43	169
CP095494.1_107	WP_081633076.1	44.6	74	23	1	10	65	123	196	2.01e-12	68.6
CP095494.1_111	WP_004216270.1	85.4	412	59	1	1	412	1	411	3.74e-256	705
CP095494.1_113	WP_013061971.1	32.1	140	81	5	90	219	6	141	5.63e-11	65.5
