CP101158.1_1	WP_006053458.1	76.7	313	73	0	1	313	1	313	1.32e-178	502
CP101158.1_3	WP_012946193.1	37.3	126	67	6	7	131	4	118	4.18e-09	56.6
CP101158.1_8	WP_014700977.1	28.0	200	116	4	23	208	441	626	1.39e-11	70.1
CP101158.1_11	WP_079236121.1	38.3	60	37	0	70	129	569	628	2.31e-06	51.2
CP101158.1_19	WP_015323227.1	84.5	394	61	0	1	394	1	394	6.24e-242	667
CP101158.1_24	WP_004268209.1	58.4	457	171	8	4	453	13	457	6.79e-183	523
CP101158.1_26	WP_012944538.1	49.3	223	87	5	13	232	6	205	1.46e-50	168
CP101158.1_30	WP_076738804.1	34.2	859	480	30	260	1053	285	1123	1.81e-107	368
CP101158.1_31	WP_011224621.1	53.1	177	75	4	6	180	8	178	2.92e-54	175
CP101158.1_44	WP_013876002.1	60.5	617	174	8	3	585	4	584	7.40e-259	726
CP101158.1_49	WP_012941394.1	48.4	256	115	3	43	298	9	247	2.21e-74	233
CP101158.1_56	WP_013879138.1	46.7	705	348	10	3	689	8	702	1.27e-213	620
CP101158.1_61	WP_007139910.1	38.6	342	207	3	33	373	1	340	2.28e-78	249
CP101158.1_64	WP_011225058.1	62.1	290	110	0	17	306	12	301	8.79e-126	374
CP101158.1_66	WP_012944199.1	50.0	158	70	2	3	160	2	150	2.94e-48	158
CP101158.1_68	WP_012941924.1	44.4	329	181	1	1	327	1	329	8.41e-90	277
CP101158.1_69	WP_013878846.1	46.9	145	59	4	8	147	11	142	1.64e-20	87.0
CP101158.1_74	WP_076738804.1	39.6	859	456	24	356	1177	287	1119	3.84e-148	482
CP101158.1_75	WP_096391477.1	31.0	542	320	17	1	519	1	511	6.40e-45	171
CP101158.1_92	WP_079890990.1	38.6	334	186	5	36	352	191	522	1.83e-63	215
CP101158.1_96	WP_079977819.1	41.0	288	145	3	1	275	1	276	3.40e-62	202
CP101158.1_102	WP_013876059.1	64.3	395	138	2	2	394	18	411	2.51e-185	525
CP101158.1_103	WP_119819708.1	81.0	247	47	0	1	247	1	247	6.79e-149	420
CP101158.1_104	WP_119819711.1	90.2	986	97	0	1	986	1	986	0.0	1767
CP101158.1_105	WP_075055229.1	39.6	283	156	4	166	447	163	431	3.29e-53	189
CP101158.1_106	WP_008527284.1	92.1	520	41	0	1	520	1	520	0.0	984
CP101158.1_109	WP_004216322.1	69.3	212	64	1	2	213	163	373	1.42e-99	298
CP101158.1_111	AGB17390.1	67.5	713	219	6	1	713	1	700	0.0	929
CP101158.1_113	WP_008414173.1	49.1	220	101	3	12	231	7	215	1.51e-63	202
CP101158.1_114	WP_007108369.1	78.7	89	19	0	1	89	1	89	3.49e-44	142
CP101158.1_117	WP_128477475.1	65.1	43	15	0	6	48	1	43	2.30e-10	60.5
CP101158.1_139	AGB16821.1	65.9	232	79	0	3	234	10	241	1.21e-106	312
