FNFC01000002.1_1	WP_012659372.1	34.9	186	98	7	125	309	228	391	5.05e-12	72.8
FNFC01000002.1_3	WP_049954654.1	34.6	486	292	10	77	538	94	577	1.36e-71	244
FNFC01000002.1_7	WP_119821654.1	40.8	360	207	3	16	374	15	369	4.38e-76	245
FNFC01000002.1_9	WP_014863132.1	49.5	778	371	10	68	826	49	823	4.55e-205	607
FNFC01000002.1_10	WP_128478732.1	34.4	720	328	10	20	603	13	724	8.31e-123	384
FNFC01000002.1_11	WP_050049428.1	61.6	485	183	3	1	482	1	485	3.34e-204	579
FNFC01000002.1_12	WP_020447288.1	69.8	311	93	1	2	311	8	318	8.35e-150	428
FNFC01000002.1_14	WP_008524294.1	75.2	230	57	0	1	230	1	230	4.02e-116	336
FNFC01000002.1_15	WP_008524295.1	60.4	419	154	7	5	421	5	413	7.96e-152	441
FNFC01000002.1_16	WP_127015834.1	42.9	49	25	1	46	94	49	94	1.33e-05	45.8
FNFC01000002.1_17	WP_015911038.1	73.5	102	27	0	9	110	27	128	6.42e-49	157
FNFC01000002.1_18	WP_008525769.1	87.7	57	7	0	1	57	1	57	7.16e-29	101
FNFC01000002.1_19	WP_008418482.1	61.4	233	90	0	2	234	3	235	8.19e-91	272
FNFC01000002.1_20	WP_015909803.1	63.5	389	120	4	1	367	1	389	1.29e-160	460
FNFC01000002.1_22	WP_081443450.1	44.8	330	180	1	2	331	4	331	8.20e-90	279
FNFC01000002.1_23	WP_051010940.1	41.3	104	56	4	108	209	42	142	4.81e-13	69.3
FNFC01000002.1_25	WP_103425085.1	52.0	177	82	1	3	176	1	177	3.03e-62	195
FNFC01000002.1_26	WP_006056924.1	55.5	137	59	1	1	137	1	135	8.79e-52	166
FNFC01000002.1_27	WP_004959376.1	66.1	221	75	0	5	225	1	221	1.25e-87	263
FNFC01000002.1_29	WP_008527731.1	40.4	230	135	2	151	379	235	463	9.39e-43	160
FNFC01000002.1_30	WP_128475898.1	52.5	345	163	1	1	345	1	344	6.32e-106	319
FNFC01000002.1_31	WP_008526437.1	55.5	346	153	1	1	346	1	345	1.46e-126	372
FNFC01000002.1_32	AGB16734.1	80.4	92	18	0	2	93	3	94	1.10e-48	154
FNFC01000002.1_33	WP_008526733.1	78.5	321	65	1	1	317	1	321	1.58e-174	491
FNFC01000002.1_35	WP_008527832.1	69.4	134	41	0	1	134	1	134	2.57e-66	202
FNFC01000002.1_36	WP_128475770.1	72.9	170	43	1	2	171	4	170	2.70e-80	241
FNFC01000002.1_37	WP_128475768.1	81.6	430	79	0	1	430	1	430	6.59e-257	708
FNFC01000002.1_38	WP_008527797.1	59.8	458	184	0	12	469	16	473	4.30e-201	570
FNFC01000002.1_40	WP_004041383.1	47.9	119	62	0	9	127	19	137	1.15e-35	124
FNFC01000002.1_42	WP_020447728.1	45.6	272	147	1	1	271	1	272	3.55e-72	227
FNFC01000002.1_43	WP_012941457.1	51.1	278	130	3	1	276	1	274	9.63e-87	265
FNFC01000002.1_44	WP_012941456.1	69.0	303	94	0	1	303	1	303	1.71e-154	439
FNFC01000002.1_45	WP_077207753.1	67.8	323	103	1	1	322	1	323	2.47e-149	427
FNFC01000002.1_46	WP_121921847.1	68.0	412	129	2	1	410	1	411	5.77e-192	542
FNFC01000002.1_47	WP_128475934.1	71.4	451	124	3	2	447	3	453	9.29e-240	667
FNFC01000002.1_48	WP_077207079.1	69.5	305	83	3	4	306	4	300	9.65e-142	406
FNFC01000002.1_49	WP_015762690.1	72.4	192	53	0	1	192	1	192	9.63e-90	266
FNFC01000002.1_52	WP_004214489.1	36.8	95	49	2	43	137	82	165	1.92e-06	53.1
FNFC01000002.1_53	WP_006056413.1	39.6	417	246	4	42	454	9	423	7.46e-97	302
FNFC01000002.1_55	WP_020446009.1	76.9	316	73	0	1	316	1	316	3.51e-173	487
FNFC01000002.1_57	WP_011323565.1	94.4	36	2	0	1	36	1	36	2.69e-16	74.7
FNFC01000002.1_60	WP_103426509.1	65.6	90	31	0	34	123	1	90	2.26e-37	127
FNFC01000002.1_62	WP_008525333.1	91.8	729	60	0	1	729	1	729	0.0	1323
FNFC01000002.1_66	WP_077207552.1	75.1	297	74	0	1	297	1	297	5.57e-152	432
FNFC01000002.1_67	WP_006056176.1	34.3	778	484	9	373	1134	119	885	2.00e-136	441
FNFC01000002.1_68	WP_004961161.1	83.9	415	67	0	1	415	1	415	9.86e-256	704
FNFC01000002.1_69	WP_119815480.1	51.1	405	177	2	258	648	416	813	3.97e-116	371
FNFC01000002.1_70	WP_096389114.1	65.6	160	55	0	15	174	60	219	6.95e-71	219
FNFC01000002.1_71	WP_008416907.1	42.1	140	75	2	3	136	2	141	9.59e-24	94.7
FNFC01000002.1_72	WP_008526474.1	63.3	139	51	0	1	139	1	139	1.44e-49	160
FNFC01000002.1_73	WP_128476240.1	68.2	255	80	1	1	254	1	255	5.53e-124	357
FNFC01000002.1_74	WP_020936410.1	46.3	214	108	3	1	213	1	208	1.04e-53	176
FNFC01000002.1_75	WP_007190789.1	53.3	338	158	0	4	341	8	345	1.19e-126	372
FNFC01000002.1_76	WP_007140130.1	64.4	444	158	0	11	454	10	453	2.81e-185	529
FNFC01000002.1_77	WP_077205709.1	57.6	132	47	3	4	134	1	124	9.84e-39	134
FNFC01000002.1_78	WP_070364393.1	42.4	224	122	5	4	225	3	221	3.39e-48	162
FNFC01000002.1_79	WP_077205490.1	80.6	144	28	0	3	146	2	145	1.13e-80	240
FNFC01000002.1_81	WP_004044285.1	60.2	123	48	1	14	135	1	123	4.80e-26	100
FNFC01000002.1_84	WP_015764029.1	50.2	241	118	2	1	239	1	241	9.15e-80	244
FNFC01000002.1_85	WP_013881187.1	55.6	72	32	0	7	78	4	75	2.08e-19	79.7
FNFC01000002.1_86	WP_012807557.1	93.2	44	3	0	1	44	1	44	1.41e-27	97.4
FNFC01000002.1_87	WP_005581306.1	86.4	81	11	0	8	88	7	87	6.47e-43	139
FNFC01000002.1_89	WP_011223661.1	72.6	441	121	0	4	444	7	447	5.86e-226	631
FNFC01000002.1_90	WP_049939156.1	80.0	470	91	2	9	475	3	472	4.56e-275	758
FNFC01000002.1_91	WP_004957169.1	52.0	123	52	4	4	121	2	122	5.87e-29	106
FNFC01000002.1_93	WP_007143734.1	77.7	242	54	0	1	242	1	242	1.98e-127	365
FNFC01000002.1_95	WP_004041382.1	67.9	1295	416	0	15	1309	3	1297	0.0	1740
FNFC01000002.1_96	WP_015321134.1	48.9	176	89	1	1	176	1	175	8.35e-45	150
FNFC01000002.1_97	WP_077205258.1	72.4	909	230	6	12	913	26	920	0.0	1324
FNFC01000002.1_98	WP_011322477.1	87.4	302	37	1	1	301	1	302	3.79e-173	486
FNFC01000002.1_99	WP_077205255.1	91.7	469	39	0	6	474	8	476	0.0	868
FNFC01000002.1_100	WP_077205254.1	83.4	404	65	1	1	402	1	404	3.95e-238	659
FNFC01000002.1_101	WP_006056193.1	80.6	222	43	0	1	222	1	222	5.91e-122	374
FNFC01000002.1_102	AGB15833.1	82.4	663	116	1	1	662	244	906	0.0	1139
FNFC01000002.1_103	WP_049951797.1	43.9	230	118	4	13	235	9	234	1.14e-52	179
FNFC01000002.1_105	WP_015763873.1	83.9	143	23	0	1	143	1	143	5.76e-81	239
FNFC01000002.1_106	WP_103424823.1	47.0	164	69	6	21	178	2	153	3.44e-29	113
FNFC01000002.1_107	WP_077207169.1	85.4	302	44	0	1	302	1	302	3.00e-184	514
FNFC01000002.1_109	WP_077207630.1	79.4	63	13	0	1	63	1	63	2.20e-30	105
FNFC01000002.1_110	WP_007141763.1	72.3	238	66	0	1	238	10	247	8.50e-121	348
FNFC01000002.1_112	WP_128478104.1	79.7	207	42	0	1	207	1	207	9.41e-112	323
FNFC01000002.1_115	WP_077205142.1	85.0	153	23	0	1	153	1	153	4.10e-88	258
FNFC01000002.1_116	WP_004041947.1	32.7	156	77	4	8	157	9	142	2.37e-10	60.8
FNFC01000002.1_123	WP_005576619.1	45.0	413	214	4	1	411	1	402	4.35e-124	370
FNFC01000002.1_126	WP_012946207.1	47.9	192	97	2	1	189	1	192	1.21e-54	177
FNFC01000002.1_130	WP_012942597.1	53.8	80	35	1	10	87	1	80	3.70e-19	80.1
FNFC01000002.1_132	WP_012379835.1	35.5	383	197	11	7	379	17	359	2.41e-56	197
FNFC01000002.1_133	WP_103428290.1	35.3	612	349	10	992	1582	900	1485	6.33e-99	356
FNFC01000002.1_134	WP_014863108.1	46.9	335	172	4	1	333	1	331	1.76e-97	297
FNFC01000002.1_135	WP_119821830.1	45.5	77	41	1	11	86	1	77	2.04e-12	63.2
FNFC01000002.1_138	WP_012807973.1	51.5	340	158	3	1	333	1	340	1.62e-108	325
FNFC01000002.1_139	WP_007143043.1	80.0	270	54	0	1	270	1	270	1.97e-170	476
FNFC01000002.1_140	WP_007143042.1	77.7	678	148	3	30	706	1	676	0.0	1066
FNFC01000002.1_141	WP_007143041.1	86.5	341	46	0	1	341	1	341	1.56e-217	601
FNFC01000002.1_142	WP_013035118.1	73.7	266	68	2	1	265	1	265	5.69e-136	389
FNFC01000002.1_143	WP_076738796.1	67.8	943	301	3	1	941	1	942	0.0	1268
FNFC01000002.1_144	WP_007143038.1	78.9	175	37	0	9	183	8	182	1.23e-101	295
FNFC01000002.1_145	WP_007143037.1	84.9	331	50	0	1	331	1	331	1.55e-212	588
FNFC01000002.1_146	WP_007143036.1	77.9	86	19	0	1	86	1	86	2.02e-43	140
FNFC01000002.1_149	WP_008524224.1	90.4	416	38	1	1	414	1	416	1.24e-281	769
FNFC01000002.1_156	WP_103428368.1	26.2	868	472	34	528	1364	65	794	2.17e-42	174
FNFC01000002.1_157	WP_012946145.1	36.5	550	276	15	22	536	3	514	2.20e-69	237
FNFC01000002.1_174	WP_121921320.1	65.9	226	77	0	1	226	1	226	1.06e-114	332
FNFC01000002.1_175	WP_096391805.1	83.2	143	24	0	1	143	1	143	3.35e-85	250
FNFC01000002.1_176	WP_128478829.1	55.6	63	27	1	19	81	18	79	1.51e-16	72.4
FNFC01000002.1_181	WP_015233850.1	63.0	238	88	0	5	242	9	246	7.30e-104	306
FNFC01000002.1_182	WP_039808217.1	33.3	135	73	4	80	213	87	205	5.50e-04	45.4
FNFC01000002.1_184	WP_121919640.1	33.3	165	110	0	14	178	6	170	4.16e-25	100
FNFC01000002.1_188	WP_103425336.1	40.4	203	115	4	12	212	12	210	8.04e-40	141
FNFC01000002.1_190	WP_004041727.1	32.9	538	316	14	1	521	1	510	7.81e-79	263
FNFC01000002.1_191	WP_004268209.1	59.9	451	157	7	13	456	16	449	8.76e-181	518
FNFC01000002.1_195	WP_121920919.1	56.8	139	60	0	7	145	6	144	2.60e-52	167
FNFC01000002.1_196	WP_015763933.1	68.2	579	181	1	1	579	1	576	9.90e-285	791
FNFC01000002.1_198	WP_015321066.1	63.0	138	45	2	1	132	1	138	7.50e-50	160
FNFC01000002.1_199	WP_015763430.1	71.1	159	45	1	1	159	1	158	5.08e-76	228
FNFC01000002.1_200	WP_007141663.1	31.8	1177	373	20	8	1172	1	759	6.70e-135	434
FNFC01000002.1_201	WP_008417790.1	71.8	287	81	0	1	287	1	287	1.60e-139	399
FNFC01000002.1_202	WP_077204981.1	67.9	392	125	1	1	391	1	392	1.04e-194	548
FNFC01000002.1_203	WP_077204980.1	44.9	341	133	8	1	293	1	334	5.94e-61	201
FNFC01000002.1_206	WP_011223476.1	66.2	473	160	0	1	473	1	473	3.95e-219	617
FNFC01000002.1_207	WP_077207694.1	78.4	436	91	1	1	436	1	433	5.85e-235	654
FNFC01000002.1_208	WP_020445748.1	38.1	541	304	10	27	545	25	556	3.24e-94	303
FNFC01000002.1_209	WP_020445519.1	32.6	258	152	8	180	421	185	436	3.30e-16	87.8
FNFC01000002.1_210	WP_011324261.1	53.1	623	276	7	28	642	33	647	6.06e-216	622
FNFC01000002.1_211	WP_049933708.1	56.2	413	155	2	26	426	1	399	4.02e-69	238
FNFC01000002.1_212	WP_084802538.1	53.8	208	93	3	1	206	34	240	8.32e-67	210
FNFC01000002.1_213	WP_119818777.1	44.4	196	102	3	20	211	14	206	1.35e-44	153
FNFC01000002.1_216	WP_077207965.1	77.1	388	89	0	1	388	1	388	5.14e-212	591
FNFC01000002.1_218	WP_015763980.1	57.5	226	88	3	1	219	1	225	2.77e-75	232
FNFC01000002.1_219	WP_049933750.1	52.3	172	82	0	1	172	1	172	4.86e-57	181
FNFC01000002.1_220	WP_128477666.1	66.9	139	42	1	1	139	1	135	5.05e-61	189
FNFC01000002.1_221	WP_077207444.1	68.8	202	62	1	1	201	1	202	1.71e-97	286
FNFC01000002.1_222	WP_006056062.1	47.0	217	111	2	120	334	1	215	2.29e-56	187
FNFC01000002.1_223	WP_007142378.1	64.5	152	54	0	4	155	1	152	1.63e-66	204
FNFC01000002.1_224	WP_089672734.1	47.0	328	163	4	1	319	1	326	1.06e-83	260
FNFC01000002.1_225	WP_077208276.1	41.4	314	162	10	2	308	3	301	3.30e-70	226
FNFC01000002.1_228	WP_077205433.1	76.1	415	97	2	1	415	1	413	2.53e-198	559
FNFC01000002.1_229	WP_083768728.1	49.7	173	84	1	2	174	17	186	6.98e-53	173
FNFC01000002.1_230	WP_013194346.1	45.9	381	203	2	4	382	7	386	6.70e-129	380
FNFC01000002.1_237	WP_096390229.1	48.8	367	171	6	7	372	2	352	1.44e-102	312
FNFC01000002.1_238	WP_096390554.1	62.6	235	88	0	1	235	1	235	7.81e-98	290
FNFC01000002.1_239	WP_086890082.1	60.6	249	98	0	39	287	2	250	1.55e-102	304
FNFC01000002.1_240	WP_096390552.1	53.8	364	152	4	12	373	13	362	1.03e-125	371
FNFC01000002.1_241	WP_096390551.1	58.3	321	131	1	27	344	20	340	9.52e-118	348
FNFC01000002.1_242	WP_096390550.1	42.9	427	218	6	22	424	3	427	3.60e-104	321
FNFC01000002.1_243	WP_011222706.1	83.2	482	70	1	3	473	2	483	8.82e-280	771
FNFC01000002.1_244	WP_004958183.1	43.6	241	123	2	1	228	14	254	7.28e-55	181
FNFC01000002.1_245	WP_013879728.1	53.6	360	166	1	3	361	5	364	3.93e-132	387
FNFC01000002.1_247	AGB15417.1	49.4	318	151	6	9	318	40	355	7.39e-94	288
FNFC01000002.1_249	WP_015762407.1	82.9	598	102	0	1	598	1	598	0.0	994
FNFC01000002.1_250	WP_014556251.1	50.3	563	268	6	1	557	1	557	1.59e-184	535
FNFC01000002.1_251	WP_086887037.1	35.1	151	86	2	460	610	528	666	1.33e-14	84.3
FNFC01000002.1_255	WP_011324424.1	52.4	593	266	4	1	593	1	577	9.96e-198	571
FNFC01000002.1_256	WP_008525245.1	71.7	92	26	0	1	92	1	92	1.57e-36	123
FNFC01000002.1_257	WP_011223577.1	85.5	421	60	1	3	422	4	424	3.86e-258	711
FNFC01000002.1_258	WP_006056992.1	49.6	133	67	0	7	139	1	133	1.60e-35	124
FNFC01000002.1_259	AGB17697.1	58.7	871	295	6	2	809	9	877	0.0	914
FNFC01000002.1_260	WP_077205293.1	50.0	194	91	3	1	191	1	191	9.98e-54	174
FNFC01000002.1_261	WP_008525699.1	67.8	208	67	0	4	211	48	255	1.43e-89	268
FNFC01000002.1_263	WP_081461316.1	70.8	866	234	6	4	869	12	858	0.0	1113
FNFC01000002.1_265	WP_011322646.1	74.6	284	72	0	1	284	1	284	3.10e-147	420
FNFC01000002.1_266	WP_077207659.1	67.6	182	59	0	1	182	1	182	6.48e-82	245
FNFC01000002.1_268	WP_004591241.1	88.6	317	35	1	6	321	5	321	1.26e-190	531
FNFC01000002.1_269	WP_012660341.1	54.9	674	301	2	12	682	13	686	3.95e-257	730
FNFC01000002.1_270	WP_077207787.1	78.9	265	55	1	1	264	1	265	2.39e-148	420
FNFC01000002.1_271	WP_011322521.1	66.1	283	92	3	1	280	1	282	9.40e-123	357
FNFC01000002.1_272	WP_119820548.1	35.2	193	100	4	534	723	1465	1635	6.97e-16	89.0
FNFC01000002.1_273	WP_004043485.1	80.9	152	29	0	1	152	1	152	1.30e-89	262
FNFC01000002.1_274	WP_077204784.1	74.4	277	70	1	1	276	1	277	6.95e-145	412
FNFC01000002.1_275	WP_011323803.1	83.1	83	14	0	1	83	1	83	3.42e-45	144
FNFC01000002.1_280	WP_015761814.1	72.2	126	34	1	1	126	1	125	2.75e-57	178
FNFC01000002.1_281	WP_020446732.1	52.0	229	108	1	7	233	4	232	1.03e-77	238
FNFC01000002.1_282	WP_012807679.1	53.4	616	262	7	15	610	7	617	4.95e-215	617
FNFC01000002.1_284	WP_077204792.1	75.7	538	128	2	9	545	6	541	1.28e-300	828
FNFC01000002.1_285	WP_011223038.1	52.2	824	379	8	1	823	3	812	3.00e-270	774
FNFC01000002.1_288	WP_015319550.1	69.3	189	58	0	1	189	1	189	6.65e-91	268
FNFC01000002.1_289	WP_005575388.1	71.4	182	52	0	6	187	9	190	1.24e-79	240
FNFC01000002.1_291	WP_020447264.1	57.8	398	166	2	5	400	4	401	1.11e-141	414
FNFC01000002.1_293	WP_119816369.1	84.8	138	21	0	1	138	1	138	7.17e-82	241
FNFC01000002.1_294	WP_011323072.1	72.1	351	88	4	1	345	1	347	1.61e-170	483
FNFC01000002.1_295	WP_011223321.1	62.8	309	115	0	1	309	1	309	7.62e-143	410
FNFC01000002.1_296	WP_083761660.1	52.6	872	390	8	12	869	327	1189	4.33e-290	840
FNFC01000002.1_297	WP_021029581.1	46.6	178	94	1	8	184	7	184	2.89e-47	158
FNFC01000002.1_298	WP_010903499.1	42.2	493	128	2	17	352	14	506	2.34e-113	343
FNFC01000002.1_299	WP_070364022.1	65.3	383	131	2	14	395	3	384	3.38e-160	461
FNFC01000002.1_300	WP_015763201.1	71.1	270	77	1	1	270	1	269	2.52e-132	380
FNFC01000002.1_301	WP_004960988.1	57.0	256	110	0	6	261	8	263	3.31e-96	288
FNFC01000002.1_302	WP_128478892.1	78.1	64	14	0	5	68	4	67	1.39e-27	101
FNFC01000002.1_303	WP_077204783.1	67.3	153	50	0	1	153	1	153	3.20e-74	224
FNFC01000002.1_304	WP_012807954.1	69.6	158	48	0	1	158	1	158	4.01e-75	226
FNFC01000002.1_305	WP_015761598.1	78.3	120	20	3	1	117	1	117	7.25e-54	169
FNFC01000002.1_309	WP_077205425.1	71.4	126	33	2	1	124	1	125	4.25e-49	157
FNFC01000002.1_310	WP_128477812.1	73.1	242	59	1	5	240	3	244	4.50e-122	352
FNFC01000002.1_311	WP_077204996.1	44.3	463	238	8	1	448	1	458	6.31e-116	353
FNFC01000002.1_313	WP_089671337.1	78.3	106	23	0	1	106	1	106	3.46e-60	184
FNFC01000002.1_315	WP_096391274.1	52.7	112	47	3	280	390	41	147	3.96e-25	105
FNFC01000002.1_316	WP_077204746.1	68.9	553	165	5	1	550	1	549	1.42e-256	717
FNFC01000002.1_318	WP_011222938.1	65.4	286	99	0	28	313	33	318	3.06e-128	376
FNFC01000002.1_320	WP_128478883.1	51.9	368	143	5	1	334	1	368	1.79e-105	318
FNFC01000002.1_321	WP_077205161.1	76.2	202	46	2	11	210	10	211	4.09e-101	296
FNFC01000002.1_323	WP_012943171.1	43.4	221	118	1	1	214	1	221	7.25e-54	177
FNFC01000002.1_324	WP_004957100.1	73.2	127	34	0	2	128	3	129	1.97e-62	192
FNFC01000002.1_325	WP_011322865.1	85.5	228	29	1	5	232	4	227	2.75e-144	407
FNFC01000002.1_326	WP_008527932.1	77.8	558	121	2	1	558	1	555	0.0	914
FNFC01000002.1_327	WP_089670807.1	70.4	348	99	1	4	351	11	354	6.38e-179	504
FNFC01000002.1_328	WP_015762876.1	88.9	153	17	0	1	153	1	153	6.34e-92	268
