FOXI01000018.1_2	WP_070364022.1	79.8	391	79	0	1	391	1	391	4.78e-207	579
FOXI01000018.1_4	WP_119816878.1	72.4	123	34	0	1	123	1	123	1.24e-61	189
FOXI01000018.1_7	WP_014864748.1	88.1	446	52	1	1	446	1	445	8.44e-281	771
FOXI01000018.1_8	WP_015763639.1	64.6	560	193	3	1	557	1	558	6.20e-244	686
FOXI01000018.1_11	WP_014052193.1	77.0	313	72	0	1	313	1	313	7.64e-170	478
FOXI01000018.1_12	WP_014052194.1	85.0	133	18	1	1	133	1	131	9.35e-82	241
FOXI01000018.1_13	WP_014052195.1	82.1	218	39	0	1	218	1	218	5.29e-134	380
FOXI01000018.1_14	WP_014052197.1	84.0	593	94	1	1	593	1	592	0.0	1004
FOXI01000018.1_15	WP_014052198.1	83.9	353	56	1	7	358	1	353	2.76e-216	599
FOXI01000018.1_16	WP_014052199.1	94.2	138	8	0	1	138	1	138	9.09e-87	254
FOXI01000018.1_17	WP_015763673.1	79.4	228	47	0	1	228	1	228	9.25e-133	377
FOXI01000018.1_18	WP_014052200.1	74.4	207	52	1	1	206	1	207	2.51e-108	314
FOXI01000018.1_20	WP_014052203.1	83.2	346	58	0	1	346	1	346	6.27e-215	595
FOXI01000018.1_21	WP_103426700.1	71.9	160	45	0	31	190	50	209	7.74e-74	226
FOXI01000018.1_22	WP_011323891.1	78.8	593	119	4	1	593	1	586	3.67e-311	861
FOXI01000018.1_23	WP_014051226.1	87.8	148	18	0	1	148	1	148	1.65e-96	279
FOXI01000018.1_25	WP_014051246.1	83.1	658	108	2	1	658	1	655	0.0	1080
FOXI01000018.1_26	WP_049943329.1	66.3	160	54	0	1	160	1	160	1.07e-68	210
FOXI01000018.1_32	WP_004041727.1	32.4	574	310	18	12	564	4	520	5.01e-71	245
FOXI01000018.1_36	WP_025208528.1	32.3	99	66	1	33	130	20	118	5.51e-10	59.3
FOXI01000018.1_38	WP_050047780.1	67.9	215	67	1	4	218	4	216	6.70e-95	281
FOXI01000018.1_54	WP_103428369.1	33.5	538	297	17	1	505	1	510	5.33e-57	204
