JAANTI010000009.1_1	WP_103428369.1	34.3	458	250	15	1	435	81	510	1.54e-50	185
JAANTI010000009.1_17	WP_050047780.1	67.2	192	61	1	1	192	27	216	2.52e-83	250
JAANTI010000009.1_22	WP_004041727.1	32.4	574	310	18	12	564	4	520	5.01e-71	245
JAANTI010000009.1_27	WP_049943329.1	66.3	160	54	0	1	160	1	160	1.07e-68	210
JAANTI010000009.1_28	WP_014051246.1	83.1	658	108	2	1	658	1	655	0.0	1080
JAANTI010000009.1_30	WP_014051226.1	87.8	148	18	0	1	148	1	148	1.65e-96	279
JAANTI010000009.1_31	WP_011323891.1	78.8	593	119	4	1	593	1	586	3.67e-311	861
JAANTI010000009.1_32	WP_103426700.1	71.9	160	45	0	31	190	50	209	7.74e-74	226
JAANTI010000009.1_33	WP_014052203.1	83.2	346	58	0	1	346	1	346	6.27e-215	595
JAANTI010000009.1_35	WP_014052200.1	74.4	207	52	1	1	206	1	207	2.51e-108	314
JAANTI010000009.1_36	WP_015763673.1	79.4	228	47	0	1	228	1	228	9.25e-133	377
JAANTI010000009.1_37	WP_014052199.1	94.2	138	8	0	1	138	1	138	9.09e-87	254
JAANTI010000009.1_38	WP_014052198.1	83.9	353	56	1	1	352	1	353	2.18e-216	599
JAANTI010000009.1_39	WP_014052197.1	84.0	593	94	1	1	593	1	592	0.0	1004
JAANTI010000009.1_40	WP_014052195.1	82.1	218	39	0	1	218	1	218	5.29e-134	380
JAANTI010000009.1_41	WP_014052194.1	85.0	133	18	1	1	133	1	131	9.35e-82	241
JAANTI010000009.1_42	WP_014052193.1	77.0	313	72	0	1	313	1	313	7.64e-170	478
JAANTI010000009.1_45	WP_015763639.1	64.6	560	193	3	1	557	1	558	6.20e-244	686
JAANTI010000009.1_46	WP_014864748.1	88.1	446	52	1	1	446	1	445	8.44e-281	771
JAANTI010000009.1_49	WP_119816878.1	72.4	123	34	0	1	123	1	123	1.24e-61	189
JAANTI010000009.1_51	WP_070364022.1	79.8	391	79	0	1	391	1	391	4.78e-207	579
JAANTI010000009.1_52	WP_013446591.1	80.9	329	63	0	1	329	4	332	2.97e-166	471
JAANTI010000009.1_53	WP_004042287.1	82.8	244	42	0	2	245	31	274	3.75e-142	404
JAANTI010000009.1_54	WP_012807485.1	70.7	362	95	1	1	351	1	362	1.11e-183	517
JAANTI010000009.1_55	WP_014050988.1	81.2	383	72	0	1	383	1	383	4.15e-223	619
JAANTI010000009.1_58	WP_128478167.1	50.8	455	199	10	1	448	1	437	7.41e-130	387
JAANTI010000009.1_59	WP_014051224.1	85.0	339	51	0	1	339	1	339	1.32e-201	561
JAANTI010000009.1_60	WP_014051223.1	65.7	572	189	6	1	571	1	566	5.31e-258	723
JAANTI010000009.1_64	WP_014051219.1	88.7	415	47	0	1	415	1	415	1.73e-272	746
JAANTI010000009.1_65	WP_089671064.1	39.7	350	193	7	136	482	3	337	2.37e-67	224
JAANTI010000009.1_66	WP_014051218.1	84.5	303	47	0	1	303	24	326	1.39e-173	488
JAANTI010000009.1_67	WP_014051217.1	80.4	148	29	0	1	148	1	148	2.39e-80	238
JAANTI010000009.1_70	WP_128476099.1	72.8	305	78	2	2	304	7	308	2.80e-147	421
JAANTI010000009.1_72	WP_128478652.1	91.2	91	8	0	1	91	1	91	1.65e-57	176
JAANTI010000009.1_73	WP_014051212.1	69.1	391	121	0	1	391	1	391	1.77e-178	507
JAANTI010000009.1_74	WP_014051211.1	78.5	432	92	1	1	432	1	431	1.68e-214	601
JAANTI010000009.1_75	WP_014051210.1	81.4	446	82	1	1	445	1	446	8.88e-279	765
JAANTI010000009.1_77	WP_014051208.1	77.8	311	68	1	5	315	20	329	1.54e-178	501
JAANTI010000009.1_79	WP_014051204.1	87.3	393	50	0	1	393	1	393	3.81e-258	708
JAANTI010000009.1_80	WP_014051202.1	81.9	304	46	1	1	295	1	304	3.45e-154	437
JAANTI010000009.1_83	WP_014051200.1	86.3	241	33	0	10	250	3	243	6.69e-155	435
JAANTI010000009.1_84	WP_004216383.1	73.5	162	43	0	1	162	1	162	1.09e-85	253
JAANTI010000009.1_86	WP_014051196.1	85.8	317	44	1	1	316	1	317	5.06e-197	547
JAANTI010000009.1_87	WP_014051195.1	81.9	177	32	0	1	177	1	177	2.33e-101	294
JAANTI010000009.1_88	WP_014051194.1	77.9	272	41	1	1	253	1	272	2.42e-154	435
JAANTI010000009.1_89	WP_014051193.1	79.7	577	108	2	1	570	1	575	0.0	881
JAANTI010000009.1_90	WP_004041442.1	63.1	510	186	2	1	510	1	508	1.43e-223	630
JAANTI010000009.1_91	WP_014051191.1	86.0	242	33	1	1	241	1	242	2.63e-141	400
JAANTI010000009.1_96	WP_121922029.1	68.6	159	50	0	1	159	1	159	9.28e-81	240
JAANTI010000009.1_98	WP_049943559.1	83.4	296	48	1	13	307	1	296	4.33e-163	460
JAANTI010000009.1_100	WP_014051174.1	87.9	604	73	0	1	604	1	604	0.0	1083
JAANTI010000009.1_102	WP_015910251.1	94.6	185	10	0	1	185	1	185	8.54e-122	346
