JAJCVI010000002.1_1	WP_103426180.1	94.7	243	13	0	1	243	1	243	4.66e-168	475
JAJCVI010000002.1_3	WP_128477708.1	70.4	125	37	0	1	125	1	125	5.02e-57	180
JAJCVI010000002.1_5	WP_012942493.1	76.5	582	123	2	1	582	1	568	0.0	933
JAJCVI010000002.1_6	WP_089671499.1	75.6	135	27	3	1	130	1	134	2.15e-62	192
JAJCVI010000002.1_7	WP_004064329.1	73.9	222	56	1	1	220	1	222	2.83e-103	305
JAJCVI010000002.1_8	WP_012807559.1	61.4	241	91	1	6	244	4	244	2.36e-90	272
JAJCVI010000002.1_9	WP_121920770.1	64.9	239	64	3	11	248	11	230	1.15e-85	259
JAJCVI010000002.1_10	WP_128477635.1	76.5	226	53	0	1	226	1	226	1.26e-126	362
JAJCVI010000002.1_11	WP_013035504.1	59.1	269	79	4	1	263	1	244	1.16e-94	283
JAJCVI010000002.1_12	WP_015220357.1	29.0	214	98	6	8	221	187	346	1.28e-15	83.6
JAJCVI010000002.1_16	WP_006056384.1	49.8	219	107	2	1	216	1	219	6.27e-60	192
JAJCVI010000002.1_18	WP_007140615.1	79.6	378	77	0	1	378	1	378	1.60e-209	584
JAJCVI010000002.1_19	WP_012943167.1	68.0	206	60	1	1	206	1	200	1.09e-91	271
JAJCVI010000002.1_20	WP_012807532.1	46.1	514	247	7	4	512	23	511	2.41e-138	414
JAJCVI010000002.1_22	WP_015322743.1	85.7	560	80	0	1	560	1	560	0.0	941
JAJCVI010000002.1_25	WP_008417541.1	56.3	368	161	0	1	368	1	368	9.96e-144	417
JAJCVI010000002.1_26	WP_008452945.1	68.0	128	40	1	1	128	1	127	2.34e-59	184
JAJCVI010000002.1_28	AGB14688.1	39.8	123	66	4	56	178	48	162	6.18e-14	72.0
JAJCVI010000002.1_29	WP_011223146.1	34.8	184	117	3	4	184	19	202	6.72e-25	101
JAJCVI010000002.1_30	WP_005580920.1	53.8	210	94	1	6	215	8	214	9.05e-75	229
JAJCVI010000002.1_31	WP_004214142.1	81.2	581	104	3	1	580	1	577	0.0	941
JAJCVI010000002.1_32	WP_007141844.1	87.5	287	36	0	1	287	1	287	2.10e-188	523
JAJCVI010000002.1_33	WP_015233897.1	80.1	498	95	2	1	494	1	498	2.22e-279	771
JAJCVI010000002.1_34	WP_128475886.1	48.2	384	169	11	148	521	419	782	2.10e-87	291
JAJCVI010000002.1_35	WP_005581320.1	78.2	830	178	1	1	830	1	827	0.0	1305
JAJCVI010000002.1_36	WP_096390875.1	72.5	233	64	0	1	233	1	233	9.42e-128	365
JAJCVI010000002.1_37	WP_050048740.1	63.7	438	158	1	1	438	1	437	6.13e-185	527
JAJCVI010000002.1_38	WP_119817081.1	81.1	433	82	0	4	436	2	434	3.19e-262	722
JAJCVI010000002.1_39	WP_012943825.1	73.3	277	72	1	1	275	1	277	1.05e-134	386
JAJCVI010000002.1_40	WP_004216928.1	51.3	986	424	14	1	937	1	979	0.0	927
JAJCVI010000002.1_41	WP_006056443.1	78.0	246	54	0	1	246	1	246	3.22e-128	368
JAJCVI010000002.1_42	WP_128477554.1	46.7	876	418	17	1	852	1	851	1.48e-213	631
JAJCVI010000002.1_44	WP_014053036.1	89.2	314	33	1	1	313	1	314	4.87e-196	545
JAJCVI010000002.1_45	WP_005581133.1	65.0	428	140	3	1	428	18	435	4.46e-191	542
JAJCVI010000002.1_49	WP_049952376.1	57.4	230	83	3	22	251	5	219	2.27e-80	246
JAJCVI010000002.1_50	WP_008415899.1	69.7	300	90	1	1	299	1	300	2.58e-142	407
JAJCVI010000002.1_51	WP_086887277.1	85.2	196	29	0	1	196	1	196	1.75e-117	337
JAJCVI010000002.1_53	WP_014050537.1	77.7	112	25	0	1	112	1	112	1.26e-58	181
JAJCVI010000002.1_54	WP_008417233.1	47.8	335	149	8	7	337	4	316	1.38e-81	256
JAJCVI010000002.1_55	WP_013880357.1	66.2	467	136	5	3	467	2	448	1.33e-212	598
JAJCVI010000002.1_58	WP_121918916.1	78.3	392	85	0	1	392	1	392	1.41e-230	639
JAJCVI010000002.1_59	WP_103427075.1	70.8	113	33	0	8	120	2	114	1.02e-53	169
JAJCVI010000002.1_60	WP_020446362.1	66.7	276	92	0	1	276	1	276	4.23e-122	355
JAJCVI010000002.1_62	WP_128477527.1	71.7	138	39	0	15	152	7	144	4.54e-68	207
JAJCVI010000002.1_64	WP_128478446.1	76.9	373	86	0	1	373	1	373	8.17e-213	592
JAJCVI010000002.1_65	WP_049941683.1	55.9	247	107	2	1	246	1	246	8.80e-93	278
JAJCVI010000002.1_66	AGB16430.1	68.8	308	89	2	1	308	1	301	6.06e-156	442
JAJCVI010000002.1_67	WP_015910214.1	67.3	171	54	2	5	174	3	172	6.59e-84	249
JAJCVI010000002.1_68	WP_013446566.1	52.1	142	66	1	1	142	1	140	3.08e-40	136
JAJCVI010000002.1_69	WP_128477676.1	70.8	520	139	4	1	518	1	509	1.89e-238	669
JAJCVI010000002.1_71	WP_049941682.1	67.9	471	127	5	30	476	23	493	8.00e-220	619
JAJCVI010000002.1_72	WP_081638774.1	52.9	208	80	2	83	286	78	271	2.53e-55	191
JAJCVI010000002.1_73	WP_012943186.1	77.6	642	118	5	1	625	1	633	1.27e-307	853
JAJCVI010000002.1_74	WP_121919359.1	64.3	395	124	3	1	395	1	378	7.51e-164	469
JAJCVI010000002.1_77	WP_121919360.1	48.1	233	114	4	1	230	1	229	1.49e-52	175
JAJCVI010000002.1_78	WP_011223153.1	73.4	289	77	0	1	289	1	289	2.64e-146	417
JAJCVI010000002.1_79	WP_077205306.1	73.4	233	62	0	1	233	1	233	7.63e-123	353
JAJCVI010000002.1_80	WP_011223150.1	77.1	245	56	0	1	245	1	245	3.32e-132	377
JAJCVI010000002.1_81	WP_086887831.1	69.1	256	79	0	1	256	1	256	5.83e-116	337
JAJCVI010000002.1_82	WP_011223151.1	63.1	382	140	1	18	399	1	381	1.16e-155	449
JAJCVI010000002.1_83	WP_004961965.1	69.8	305	91	1	9	312	10	314	1.72e-142	409
JAJCVI010000002.1_84	WP_011223152.1	60.6	431	164	4	1	426	18	447	1.98e-184	525
JAJCVI010000002.1_85	AGB16413.1	85.0	662	96	3	7	667	14	673	0.0	1178
JAJCVI010000002.1_86	WP_089671337.1	76.4	106	25	0	1	106	1	106	1.65e-58	180
JAJCVI010000002.1_88	WP_020931434.1	55.4	65	29	0	3	67	695	759	1.77e-15	78.6
JAJCVI010000002.1_90	WP_005581139.1	90.3	144	14	0	1	144	1	144	3.94e-91	265
JAJCVI010000002.1_91	WP_005581142.1	60.6	109	41	1	1	107	1	109	1.60e-42	140
JAJCVI010000002.1_92	WP_015761844.1	44.9	372	173	3	1	371	1	341	2.13e-82	259
JAJCVI010000002.1_93	WP_011224451.1	50.3	155	76	1	35	189	1	154	2.91e-52	169
JAJCVI010000002.1_94	WP_015320017.1	68.1	427	133	3	1	425	1	426	6.69e-208	584
JAJCVI010000002.1_97	WP_128477671.1	80.3	456	90	0	1	456	1	456	3.50e-272	749
JAJCVI010000002.1_98	WP_014865685.1	82.9	111	18	1	1	110	1	111	1.17e-60	186
JAJCVI010000002.1_100	WP_012942568.1	50.9	377	178	3	11	385	16	387	3.00e-127	376
JAJCVI010000002.1_103	WP_006054192.1	44.6	363	180	4	63	418	3	351	3.99e-89	283
JAJCVI010000002.1_104	WP_006054853.1	91.5	412	35	0	1	412	1	412	4.19e-283	773
JAJCVI010000002.1_107	WP_049893824.1	61.8	212	80	1	1	212	2	212	3.47e-83	251
JAJCVI010000002.1_108	WP_086889093.1	44.8	134	74	0	3	136	7	140	1.22e-28	107
JAJCVI010000002.1_109	WP_012660341.1	35.4	379	219	10	281	635	310	686	4.76e-45	176
JAJCVI010000002.1_110	WP_049941729.1	78.2	266	56	2	1	265	12	276	2.43e-148	421
JAJCVI010000002.1_111	WP_121921416.1	56.7	201	78	3	1	195	1	198	3.81e-60	191
JAJCVI010000002.1_112	WP_089671274.1	67.2	137	45	0	9	145	3	139	1.80e-57	180
JAJCVI010000002.1_114	WP_128477597.1	43.0	656	332	12	5	657	6	622	2.25e-149	451
JAJCVI010000002.1_115	WP_012942542.1	84.6	292	45	0	5	296	2	293	2.27e-71	227
JAJCVI010000002.1_116	WP_086887613.1	60.4	321	121	3	5	320	5	324	8.71e-120	353
JAJCVI010000002.1_117	WP_086887526.1	68.5	372	116	1	43	414	1	371	5.49e-164	474
JAJCVI010000002.1_118	WP_012942546.1	79.7	237	48	0	3	239	4	240	4.99e-134	382
JAJCVI010000002.1_119	WP_005581206.1	75.1	281	70	0	1	281	1	281	4.98e-161	457
JAJCVI010000002.1_120	WP_013881469.1	56.1	98	42	1	1	98	1	97	1.34e-29	106
JAJCVI010000002.1_121	WP_015319998.1	56.8	139	58	2	1	138	1	138	1.16e-50	162
JAJCVI010000002.1_122	WP_077205823.1	63.6	132	40	2	10	141	8	131	3.09e-42	141
JAJCVI010000002.1_123	WP_020447627.1	77.3	172	39	0	1	172	1	172	8.38e-93	272
JAJCVI010000002.1_125	AGB14969.1	80.3	603	119	0	1	603	1	603	0.0	997
JAJCVI010000002.1_127	WP_050048427.1	62.2	74	28	0	1	74	1	74	3.22e-22	87.4
JAJCVI010000002.1_129	WP_013880945.1	77.4	623	136	3	1	620	1	621	0.0	917
JAJCVI010000002.1_130	AGB14955.1	59.0	429	170	4	1	424	1	428	1.61e-114	355
JAJCVI010000002.1_131	WP_012807818.1	54.0	311	137	2	10	315	23	332	2.22e-95	291
JAJCVI010000002.1_132	WP_128477421.1	64.9	390	104	6	92	478	2	361	2.52e-154	448
JAJCVI010000002.1_133	WP_121919117.1	43.2	257	127	7	29	283	30	269	5.99e-44	156
JAJCVI010000002.1_134	WP_128477422.1	71.5	508	143	2	1	507	1	507	2.00e-265	736
JAJCVI010000002.1_135	WP_128477697.1	76.5	711	166	1	3	712	1	711	0.0	1114
JAJCVI010000002.1_136	WP_077205372.1	53.3	351	160	3	1	349	1	349	4.40e-120	355
JAJCVI010000002.1_137	WP_077204996.1	43.8	477	239	9	1	467	1	458	2.82e-105	326
JAJCVI010000002.1_142	WP_006056560.1	73.9	410	88	3	1	408	1	393	1.05e-208	584
JAJCVI010000002.1_144	WP_014865738.1	57.4	249	78	5	1	249	3	223	4.20e-72	224
JAJCVI010000002.1_145	WP_062244277.1	42.5	167	84	2	13	176	14	171	1.00e-33	122
JAJCVI010000002.1_146	WP_020445097.1	85.3	319	42	2	7	320	2	320	1.02e-184	516
JAJCVI010000002.1_147	WP_128477586.1	60.2	171	68	0	1	171	1	171	1.77e-63	197
JAJCVI010000002.1_148	WP_128477587.1	68.2	607	185	3	1	602	1	604	3.99e-272	762
JAJCVI010000002.1_151	WP_015763936.1	72.4	199	52	1	7	205	7	202	9.76e-96	282
JAJCVI010000002.1_152	WP_013881501.1	81.7	355	65	0	3	357	5	359	2.67e-156	451
JAJCVI010000002.1_153	WP_128477591.1	53.8	182	73	4	10	183	8	186	1.62e-49	165
JAJCVI010000002.1_155	WP_013881399.1	69.7	578	173	1	1	576	1	578	4.18e-273	762
JAJCVI010000002.1_156	WP_015763520.1	70.2	403	120	0	1	403	1	403	2.59e-203	571
JAJCVI010000002.1_157	WP_103426687.1	53.5	142	66	0	1	142	1	142	3.03e-41	139
JAJCVI010000002.1_158	WP_014050546.1	74.1	730	165	4	1	719	1	717	0.0	1048
JAJCVI010000002.1_159	WP_013898602.1	32.4	225	148	3	4	224	3	227	1.27e-34	128
JAJCVI010000002.1_160	WP_077205650.1	75.0	172	43	0	107	278	12	183	1.02e-82	251
JAJCVI010000002.1_161	WP_086009760.1	72.6	347	95	0	1	347	26	372	8.40e-177	501
JAJCVI010000002.1_163	WP_008415943.1	74.7	776	186	5	1	771	1	771	0.0	1123
JAJCVI010000002.1_165	WP_004044239.1	66.6	299	99	1	5	303	2	299	1.12e-139	401
JAJCVI010000002.1_166	WP_020447208.1	42.0	410	220	10	75	477	60	458	4.36e-77	253
JAJCVI010000002.1_167	WP_077205474.1	65.8	190	65	0	1	190	1	190	5.16e-89	264
JAJCVI010000002.1_168	WP_089672499.1	75.1	727	174	3	1	722	1	725	0.0	1002
JAJCVI010000002.1_169	WP_011572805.1	48.8	121	62	0	22	142	17	137	2.15e-32	116
JAJCVI010000002.1_171	WP_121920731.1	61.6	414	122	6	1	413	1	378	1.26e-150	436
JAJCVI010000002.1_173	WP_012943768.1	77.3	366	83	0	1	366	1	366	4.61e-204	569
JAJCVI010000002.1_174	WP_013881585.1	70.7	164	48	0	28	191	10	173	1.74e-72	221
JAJCVI010000002.1_176	WP_011322136.1	63.6	250	91	0	14	263	2	251	4.29e-113	330
JAJCVI010000002.1_179	WP_128477726.1	88.3	145	17	0	1	145	1	145	6.23e-86	252
JAJCVI010000002.1_180	WP_108381486.1	71.7	53	15	0	1	53	1	53	5.83e-20	79.7
JAJCVI010000002.1_181	WP_015320010.1	83.1	396	63	1	1	392	1	396	3.52e-218	607
JAJCVI010000002.1_182	WP_049953980.1	53.6	474	203	2	1	460	1	471	7.74e-165	478
JAJCVI010000002.1_183	WP_020446361.1	69.6	460	136	3	350	808	1	457	5.78e-200	581
JAJCVI010000002.1_184	WP_049895491.1	71.5	277	69	3	1	275	1	269	1.20e-120	350
JAJCVI010000002.1_185	WP_012289149.1	54.9	51	23	0	187	237	65	115	1.54e-08	57.0
JAJCVI010000002.1_186	WP_012942559.1	62.9	545	155	8	6	547	37	537	6.37e-217	616
JAJCVI010000002.1_187	WP_007142313.1	70.5	200	54	1	22	221	1	195	2.33e-99	292
JAJCVI010000002.1_188	WP_020447451.1	68.4	285	89	1	2	286	4	287	3.84e-138	397
JAJCVI010000002.1_189	WP_012942021.1	54.2	227	96	4	8	229	6	229	5.32e-66	208
JAJCVI010000002.1_191	WP_077206189.1	59.7	181	70	3	8	185	12	192	2.58e-78	236
JAJCVI010000002.1_193	WP_007140351.1	84.0	262	42	0	14	275	4	265	1.11e-154	436
JAJCVI010000002.1_194	WP_084568912.1	78.5	274	59	0	3	276	25	298	3.30e-152	432
JAJCVI010000002.1_195	WP_077205510.1	85.0	400	60	0	7	406	6	405	2.22e-244	675
JAJCVI010000002.1_196	WP_015910005.1	68.2	277	66	5	9	283	7	263	7.89e-104	308
JAJCVI010000002.1_197	WP_008527113.1	38.7	292	149	6	34	323	3	266	8.69e-55	184
JAJCVI010000002.1_198	ARU40170.1	30.3	185	122	3	189	371	8	187	5.77e-08	61.6
JAJCVI010000002.1_199	WP_008457125.1	60.9	156	61	0	1	156	1	156	7.99e-62	192
JAJCVI010000002.1_202	WP_005581404.1	48.7	304	126	5	4	279	4	305	7.76e-69	221
JAJCVI010000002.1_203	WP_077205505.1	84.8	663	100	1	51	712	42	704	0.0	1082
JAJCVI010000002.1_204	WP_121920905.1	80.6	170	33	0	3	172	2	171	4.31e-101	293
JAJCVI010000002.1_205	WP_128477691.1	59.7	253	100	2	1	252	1	252	1.01e-102	303
JAJCVI010000002.1_206	WP_006056550.1	52.5	198	92	2	24	219	10	207	2.34e-59	191
JAJCVI010000002.1_207	WP_012945335.1	44.0	910	407	7	1	807	1	910	1.79e-238	696
JAJCVI010000002.1_209	AGB15855.1	65.8	520	177	1	1	520	7	525	8.77e-224	632
JAJCVI010000002.1_210	WP_128477698.1	66.5	269	82	3	1	266	1	264	5.07e-122	354
JAJCVI010000002.1_211	WP_004044163.1	61.2	299	115	1	1	299	1	298	3.11e-122	357
JAJCVI010000002.1_212	WP_015764151.1	77.8	234	52	0	1	234	1	234	1.69e-131	375
JAJCVI010000002.1_214	WP_128477701.1	70.1	134	39	1	1	134	1	133	1.65e-62	192
JAJCVI010000002.1_215	WP_077205265.1	61.3	75	29	0	18	92	12	86	9.15e-24	91.3
JAJCVI010000002.1_216	WP_128477703.1	61.9	247	94	0	1	247	1	247	4.19e-96	287
JAJCVI010000002.1_217	WP_121920896.1	73.9	238	40	5	26	262	1	217	1.50e-117	340
JAJCVI010000002.1_219	WP_012941911.1	41.9	148	81	1	1	148	1	143	1.37e-33	120
JAJCVI010000002.1_220	WP_011322507.1	51.6	252	83	3	8	258	1	214	2.75e-75	233
JAJCVI010000002.1_221	WP_007142269.1	46.2	91	48	1	19	109	20	109	1.51e-20	85.5
JAJCVI010000002.1_222	WP_128477638.1	68.5	397	125	0	1	397	1	397	1.17e-196	553
JAJCVI010000002.1_223	WP_008416564.1	64.6	418	141	3	5	421	2	413	4.62e-178	508
JAJCVI010000002.1_224	WP_006056584.1	54.5	242	107	1	14	252	28	269	2.09e-83	255
JAJCVI010000002.1_225	WP_015319897.1	51.1	305	130	7	20	313	31	327	5.01e-87	269
JAJCVI010000002.1_226	WP_012289178.1	52.0	196	83	3	16	204	5	196	8.90e-55	179
JAJCVI010000002.1_228	WP_008457574.1	74.6	256	60	4	1	252	1	255	5.95e-123	355
JAJCVI010000002.1_229	WP_004963595.1	78.3	60	13	0	1	60	1	60	2.98e-29	102
JAJCVI010000002.1_230	WP_012942080.1	77.8	266	59	0	1	266	1	266	2.34e-147	417
JAJCVI010000002.1_231	WP_004963588.1	82.5	57	10	0	1	57	1	57	2.43e-29	102
JAJCVI010000002.1_232	AGB15689.1	85.1	94	14	0	1	94	1	94	1.34e-56	174
JAJCVI010000002.1_234	WP_077205235.1	41.0	944	424	26	1	933	1	822	1.58e-168	518
JAJCVI010000002.1_235	WP_121920750.1	62.3	257	95	1	1	257	1	255	2.41e-99	295
JAJCVI010000002.1_236	WP_103424655.1	75.3	146	33	1	34	179	2	144	1.10e-68	210
JAJCVI010000002.1_237	WP_119821688.1	53.4	178	74	4	1	174	1	173	3.23e-40	139
JAJCVI010000002.1_238	WP_006056721.1	59.6	446	150	2	44	489	7	422	3.47e-181	520
JAJCVI010000002.1_239	WP_121919086.1	70.1	331	98	1	4	333	3	333	4.52e-164	467
JAJCVI010000002.1_240	WP_006056723.1	42.0	345	177	7	220	542	45	388	4.13e-69	232
JAJCVI010000002.1_241	WP_119815878.1	42.6	329	163	4	1	318	18	331	4.26e-72	231
JAJCVI010000002.1_243	WP_015319871.1	86.2	188	26	0	1	188	1	188	4.15e-112	322
JAJCVI010000002.1_245	WP_020447403.1	43.6	149	83	1	3	151	2	149	1.38e-32	118
JAJCVI010000002.1_247	WP_006056729.1	62.8	836	253	13	9	817	9	813	5.10e-313	882
JAJCVI010000002.1_248	WP_013879936.1	50.6	156	73	2	10	164	2	154	2.25e-41	140
JAJCVI010000002.1_249	WP_006056731.1	77.3	110	23	2	1	110	1	108	3.48e-45	147
JAJCVI010000002.1_250	WP_050048092.1	57.6	540	206	5	10	549	10	526	2.30e-187	541
JAJCVI010000002.1_251	WP_103425096.1	61.0	195	68	3	30	224	3	189	2.39e-70	219
JAJCVI010000002.1_252	WP_006056734.1	78.8	80	17	0	26	105	18	97	8.31e-34	117
JAJCVI010000002.1_253	WP_006056735.1	67.8	121	37	1	20	138	5	125	8.78e-45	148
JAJCVI010000002.1_254	WP_013881434.1	73.4	384	102	0	15	398	1	384	1.49e-184	522
JAJCVI010000002.1_256	WP_121919103.1	56.3	176	72	1	1	171	1	176	3.06e-64	200
JAJCVI010000002.1_257	WP_049952009.1	66.7	445	148	0	21	465	1	445	1.56e-202	573
JAJCVI010000002.1_258	WP_121919105.1	66.8	542	167	4	1	539	3	534	2.22e-243	683
JAJCVI010000002.1_259	WP_128477854.1	68.3	189	59	1	1	189	1	188	3.09e-65	203
JAJCVI010000002.1_260	WP_004044110.1	64.2	352	119	4	4	354	3	348	1.90e-146	422
JAJCVI010000002.1_261	WP_004041676.1	50.0	310	147	2	7	310	6	313	5.04e-91	278
JAJCVI010000002.1_262	WP_014052037.1	66.5	161	54	0	1	161	1	161	1.87e-72	219
JAJCVI010000002.1_263	WP_121920809.1	39.3	84	51	0	16	99	3	86	4.44e-13	64.3
JAJCVI010000002.1_264	WP_128478588.1	66.7	348	114	1	7	352	1	348	7.74e-165	469
JAJCVI010000002.1_265	WP_005576448.1	68.6	440	134	1	1	440	1	436	3.17e-217	608
JAJCVI010000002.1_266	WP_015764039.1	47.1	244	126	1	10	253	7	247	1.23e-49	168
JAJCVI010000002.1_270	WP_077207317.1	80.5	261	41	3	1	261	1	251	7.90e-148	418
JAJCVI010000002.1_271	WP_121920795.1	87.1	264	34	0	1	264	1	264	4.38e-174	485
JAJCVI010000002.1_272	WP_128477901.1	63.2	288	94	5	1	281	1	283	7.11e-122	354
JAJCVI010000002.1_274	WP_128477903.1	68.8	154	46	1	70	221	65	218	3.71e-72	223
JAJCVI010000002.1_278	WP_004961721.1	84.1	227	36	0	1	227	1	227	9.38e-137	387
JAJCVI010000002.1_279	WP_089673789.1	46.8	79	42	0	437	515	357	435	3.78e-10	69.3
JAJCVI010000002.1_280	WP_013881348.1	74.3	335	78	2	1	335	1	327	1.77e-172	486
JAJCVI010000002.1_281	WP_006056497.1	58.5	299	115	4	1	291	1	298	1.17e-115	340
JAJCVI010000002.1_282	WP_103424686.1	65.1	258	72	2	6	246	6	262	5.61e-109	320
JAJCVI010000002.1_283	WP_077205353.1	61.9	268	101	1	25	291	7	274	6.14e-112	329
JAJCVI010000002.1_284	WP_121920428.1	48.6	469	196	8	23	490	17	441	6.07e-111	340
JAJCVI010000002.1_286	WP_004044196.1	64.6	582	205	1	1	582	1	581	1.40e-255	717
JAJCVI010000002.1_287	WP_020447604.1	56.4	140	60	1	1	139	1	140	1.91e-52	167
JAJCVI010000002.1_288	WP_011222898.1	36.1	382	186	11	1	342	1	364	8.78e-47	167
JAJCVI010000002.1_291	WP_004044201.1	74.1	147	37	1	1	146	1	147	7.21e-75	225
JAJCVI010000002.1_293	WP_013881575.1	70.8	428	119	5	1	423	1	427	6.37e-215	602
JAJCVI010000002.1_294	WP_013881237.1	55.7	361	150	3	1	359	1	353	7.71e-129	378
JAJCVI010000002.1_296	WP_049951936.1	75.2	1191	294	1	1	1191	1	1190	0.0	929
JAJCVI010000002.1_297	WP_012996693.1	60.6	358	111	6	12	358	67	405	4.84e-122	362
JAJCVI010000002.1_299	WP_004042670.1	79.2	337	61	1	1	337	1	328	1.20e-189	531
JAJCVI010000002.1_300	WP_004042674.1	84.9	332	50	0	9	340	15	346	1.98e-198	553
JAJCVI010000002.1_301	WP_012942789.1	61.9	84	31	1	11	94	5	87	7.43e-30	106
JAJCVI010000002.1_303	WP_015319918.1	79.9	284	56	1	1	284	1	283	1.45e-166	468
JAJCVI010000002.1_305	WP_049952004.1	64.9	462	159	2	2	463	7	465	4.04e-198	565
JAJCVI010000002.1_306	WP_004044241.1	79.4	233	48	0	1	233	1	233	3.61e-139	394
JAJCVI010000002.1_311	WP_128478594.1	59.7	387	150	3	39	420	1	386	1.93e-152	442
JAJCVI010000002.1_313	WP_077205477.1	65.1	364	125	1	1	364	1	362	3.57e-162	463
JAJCVI010000002.1_314	WP_089672028.1	72.0	397	111	0	27	423	22	418	6.22e-196	553
JAJCVI010000002.1_315	WP_049951951.1	63.8	367	122	5	21	380	36	398	1.42e-153	443
JAJCVI010000002.1_316	WP_086890152.1	71.0	293	85	0	1	293	1	293	1.56e-147	421
JAJCVI010000002.1_321	WP_014050332.1	41.2	505	265	7	93	586	91	574	2.06e-76	258
JAJCVI010000002.1_322	WP_077205450.1	53.0	611	270	9	7	606	15	619	5.34e-165	490
JAJCVI010000002.1_324	WP_128477660.1	76.9	359	83	0	1	359	1	359	2.35e-191	536
JAJCVI010000002.1_325	WP_012943863.1	49.7	143	64	4	11	150	26	163	3.89e-28	107
JAJCVI010000002.1_326	WP_004044194.1	78.1	447	98	0	1	447	1	447	1.16e-266	734
JAJCVI010000002.1_328	WP_004213792.1	96.0	176	7	0	1	176	1	176	6.13e-124	351
JAJCVI010000002.1_329	WP_012943741.1	84.5	116	18	0	1	116	1	116	2.03e-65	198
JAJCVI010000002.1_331	WP_086888967.1	74.0	196	50	1	1	196	1	195	2.76e-103	300
JAJCVI010000002.1_332	WP_006184711.1	96.2	319	12	0	1	319	1	319	1.57e-211	584
JAJCVI010000002.1_333	WP_007140368.1	70.4	609	172	5	3	607	20	624	0.0	887
JAJCVI010000002.1_334	WP_128477953.1	63.3	308	108	3	3	305	2	309	2.66e-123	361
JAJCVI010000002.1_335	WP_013881241.1	39.9	288	156	4	6	292	5	276	4.57e-54	182
JAJCVI010000002.1_336	WP_008455100.1	82.7	352	61	0	1	352	1	352	1.67e-206	574
JAJCVI010000002.1_337	WP_011404989.1	68.0	447	136	3	1	446	1	441	7.78e-186	534
JAJCVI010000002.1_338	WP_128476120.1	49.8	215	107	1	3	216	2	216	1.09e-64	204
JAJCVI010000002.1_340	WP_070364022.1	75.4	391	96	0	1	391	1	391	4.99e-195	548
JAJCVI010000002.1_341	WP_013881293.1	72.9	350	74	3	1	350	1	329	3.57e-174	491
JAJCVI010000002.1_342	WP_004962392.1	70.8	65	19	0	6	70	10	74	6.57e-29	102
JAJCVI010000002.1_344	WP_015321341.1	70.0	1556	412	11	17	1568	7	1511	0.0	2065
JAJCVI010000002.1_345	WP_119815480.1	37.9	414	247	5	100	506	396	806	3.24e-71	247
JAJCVI010000002.1_346	WP_086886947.1	77.4	500	105	4	1	499	1	493	1.35e-287	791
JAJCVI010000002.1_347	WP_014864567.1	54.8	166	65	5	45	202	3	166	3.61e-51	167
JAJCVI010000002.1_348	WP_012943621.1	54.0	150	68	1	1	149	18	167	2.69e-50	163
JAJCVI010000002.1_351	WP_013878350.1	88.8	644	65	2	1	638	1	643	0.0	1166
JAJCVI010000002.1_352	WP_049888463.1	51.5	546	241	13	7	540	4	537	5.85e-170	497
JAJCVI010000002.1_353	WP_128477526.1	63.7	113	41	0	1	113	1	113	6.45e-47	151
JAJCVI010000002.1_354	WP_015233231.1	79.5	312	63	1	18	328	8	319	5.60e-168	475
JAJCVI010000002.1_355	WP_077206168.1	38.8	358	206	6	8	361	7	355	3.30e-45	164
JAJCVI010000002.1_357	WP_013878240.1	81.0	316	60	0	1	316	1	316	3.08e-177	497
JAJCVI010000002.1_360	WP_006056413.1	53.3	418	192	2	53	468	6	422	1.02e-144	425
JAJCVI010000002.1_361	WP_086887231.1	31.1	167	96	5	1	159	1	156	6.27e-08	57.4
JAJCVI010000002.1_364	WP_012659279.1	76.5	196	46	0	12	207	8	203	5.59e-110	318
JAJCVI010000002.1_366	WP_006056404.1	63.6	723	246	6	22	729	17	737	1.08e-307	864
JAJCVI010000002.1_367	WP_128477506.1	58.1	620	250	4	5	619	14	628	2.74e-204	591
JAJCVI010000002.1_373	AGB15187.1	44.6	276	124	3	98	370	103	352	1.12e-51	181
JAJCVI010000002.1_374	WP_011224175.1	50.9	352	171	1	1	352	1	350	7.99e-119	352
JAJCVI010000002.1_375	WP_049933167.1	48.6	728	287	18	1	672	1	697	8.63e-188	554
JAJCVI010000002.1_376	WP_004217028.1	69.3	365	104	4	1	359	1	363	3.34e-167	477
JAJCVI010000002.1_377	WP_119821798.1	50.0	840	371	16	74	899	704	1508	2.12e-233	706
JAJCVI010000002.1_378	WP_004044369.1	50.8	443	197	6	5	442	3	429	8.08e-147	430
JAJCVI010000002.1_379	WP_013440683.1	63.2	307	98	3	21	317	19	320	2.86e-137	396
JAJCVI010000002.1_380	WP_012807734.1	64.7	360	126	1	1	359	1	360	1.67e-163	466
JAJCVI010000002.1_382	WP_006055479.1	41.2	536	288	11	95	618	228	748	1.21e-103	336
JAJCVI010000002.1_384	WP_014051865.1	44.1	213	116	2	16	226	1	212	2.14e-53	176
JAJCVI010000002.1_386	WP_015220357.1	43.7	199	101	4	216	412	181	370	1.05e-38	152
JAJCVI010000002.1_388	WP_049893719.1	46.4	248	127	4	3	247	8	252	7.19e-66	210
JAJCVI010000002.1_390	WP_004044339.1	73.9	257	66	1	1	257	1	256	8.05e-123	355
JAJCVI010000002.1_393	WP_005577371.1	59.7	236	85	3	12	247	3	228	7.94e-77	238
JAJCVI010000002.1_394	WP_010903155.1	61.8	353	118	4	1	353	1	336	1.15e-135	394
JAJCVI010000002.1_395	WP_128477489.1	58.8	345	140	2	1	343	1	345	5.20e-121	357
JAJCVI010000002.1_396	WP_121919686.1	59.7	186	64	4	1	182	1	179	9.43e-58	184
JAJCVI010000002.1_397	WP_015321124.1	52.0	269	108	4	12	278	2	251	1.45e-65	210
JAJCVI010000002.1_398	WP_008415844.1	53.4	292	136	0	7	298	6	297	7.49e-86	265
JAJCVI010000002.1_399	WP_006056369.1	65.7	201	67	2	1	199	1	201	5.52e-80	243
JAJCVI010000002.1_400	WP_013879762.1	78.6	332	59	2	1	332	1	320	1.48e-190	532
JAJCVI010000002.1_401	WP_013879760.1	87.4	405	43	3	1	403	1	399	2.59e-237	656
JAJCVI010000002.1_402	AGB16970.1	83.1	59	8	2	1	57	1	59	5.63e-24	89.4
JAJCVI010000002.1_403	WP_011324364.1	48.5	200	81	6	1	196	1	182	2.37e-26	104
JAJCVI010000002.1_405	WP_015321113.1	56.3	151	63	2	1	149	1	150	1.66e-55	176
JAJCVI010000002.1_407	WP_128477458.1	67.8	363	117	0	1	363	1	363	1.67e-170	484
JAJCVI010000002.1_408	WP_128476608.1	34.5	293	173	6	3	287	15	296	1.18e-44	158
JAJCVI010000002.1_409	WP_013879770.1	67.3	251	79	2	1	248	16	266	3.38e-105	310
JAJCVI010000002.1_411	WP_119817807.1	69.2	302	70	2	2	303	3	281	7.90e-150	426
JAJCVI010000002.1_412	AGB16961.1	65.1	275	92	1	1	275	1	271	4.80e-130	375
JAJCVI010000002.1_415	WP_006053808.1	61.1	252	96	1	1	252	1	250	1.26e-105	311
JAJCVI010000002.1_416	WP_103426375.1	55.4	231	98	3	4	231	13	241	7.89e-74	229
JAJCVI010000002.1_417	WP_128477449.1	77.5	302	67	1	1	301	1	302	1.03e-171	482
JAJCVI010000002.1_419	WP_050047844.1	90.3	320	30	1	33	352	11	329	4.26e-185	519
JAJCVI010000002.1_420	WP_012807486.1	86.1	244	34	0	29	272	17	260	1.18e-148	421
JAJCVI010000002.1_421	WP_012807485.1	76.8	353	81	1	8	359	10	362	5.81e-202	563
JAJCVI010000002.1_424	WP_005575915.1	70.6	394	116	0	10	403	8	401	3.23e-193	546
JAJCVI010000002.1_425	WP_004041576.1	52.7	465	169	4	5	448	1	435	1.57e-146	429
JAJCVI010000002.1_426	WP_006057104.1	31.3	860	421	28	286	1064	6	776	4.70e-79	281
JAJCVI010000002.1_427	WP_128476439.1	49.8	221	107	3	7	227	15	231	5.81e-63	201
JAJCVI010000002.1_428	WP_077206921.1	74.5	220	52	2	6	223	19	236	1.35e-104	306
JAJCVI010000002.1_429	WP_004043847.1	73.4	252	66	1	1	252	1	251	8.39e-127	364
JAJCVI010000002.1_431	WP_015761583.1	71.6	176	50	0	6	181	13	188	1.29e-90	267
JAJCVI010000002.1_433	WP_108383370.1	47.6	292	144	6	5	289	4	293	1.51e-64	209
JAJCVI010000002.1_435	WP_128477447.1	82.7	196	34	0	1	196	1	196	5.11e-112	322
JAJCVI010000002.1_438	WP_121922189.1	77.9	357	79	0	1	357	1	357	1.09e-209	583
JAJCVI010000002.1_439	WP_070364275.1	69.4	418	128	0	1	418	1	418	6.68e-216	603
JAJCVI010000002.1_441	WP_128478503.1	65.0	223	78	0	10	232	9	231	1.37e-85	258
JAJCVI010000002.1_443	WP_007141015.1	71.5	260	74	0	1	260	1	260	7.05e-125	360
JAJCVI010000002.1_447	WP_007140321.1	79.6	299	60	1	1	299	1	298	4.64e-155	440
JAJCVI010000002.1_450	WP_011323950.1	74.6	351	89	0	1	351	1	351	1.60e-197	551
JAJCVI010000002.1_453	WP_007140235.1	62.7	526	173	8	1	516	1	513	1.20e-212	603
JAJCVI010000002.1_454	WP_007140234.1	78.9	171	35	1	1	170	1	171	3.11e-102	296
JAJCVI010000002.1_456	WP_049953625.1	55.6	595	254	7	6	594	24	614	2.95e-209	602
JAJCVI010000002.1_457	WP_006185565.1	85.7	49	7	0	1	49	1	49	8.74e-22	83.2
JAJCVI010000002.1_458	WP_004217249.1	80.2	202	40	0	1	202	1	202	1.70e-116	334
JAJCVI010000002.1_460	WP_020445603.1	59.0	195	69	3	1	193	1	186	3.50e-65	203
JAJCVI010000002.1_461	WP_089671834.1	73.2	198	51	2	9	204	4	201	3.65e-99	290
JAJCVI010000002.1_462	WP_013878674.1	53.0	330	151	3	17	344	2	329	8.35e-109	325
JAJCVI010000002.1_463	WP_013878673.1	71.7	240	67	1	1	239	1	240	1.74e-115	336
JAJCVI010000002.1_464	WP_014555267.1	49.6	341	137	6	1	321	1	326	2.24e-89	275
JAJCVI010000002.1_465	WP_084569103.1	42.1	776	333	12	1	750	1	686	2.00e-169	514
JAJCVI010000002.1_466	WP_049894535.1	74.7	225	54	1	1	222	1	225	4.89e-117	337
JAJCVI010000002.1_469	WP_128477317.1	56.8	169	61	1	3	159	2	170	1.17e-59	188
JAJCVI010000002.1_470	WP_054296724.1	40.4	141	74	3	28	164	6	140	1.22e-07	53.9
JAJCVI010000002.1_471	WP_096389722.1	53.1	356	149	5	1	352	1	342	6.77e-121	357
JAJCVI010000002.1_472	WP_011224422.1	45.6	193	105	0	8	200	2	194	5.39e-52	171
JAJCVI010000002.1_473	WP_020446756.1	84.8	658	99	1	1	658	1	657	0.0	1107
JAJCVI010000002.1_475	WP_007139809.1	70.7	164	43	1	1	164	1	159	1.29e-80	240
JAJCVI010000002.1_477	WP_103425336.1	44.3	212	118	0	1	212	1	212	5.16e-57	189
JAJCVI010000002.1_479	WP_050047712.1	51.2	291	138	3	9	297	6	294	1.94e-77	243
JAJCVI010000002.1_480	WP_121921412.1	48.2	141	66	1	15	155	6	139	1.95e-42	143
JAJCVI010000002.1_483	WP_007143483.1	55.9	145	64	0	1	145	1	145	1.95e-51	166
JAJCVI010000002.1_484	WP_128478546.1	68.1	470	125	2	18	487	1	445	2.97e-207	588
JAJCVI010000002.1_486	WP_049893726.1	72.0	186	48	2	10	193	27	210	9.25e-92	271
JAJCVI010000002.1_487	WP_014864449.1	72.7	238	64	1	5	241	8	245	3.32e-117	342
JAJCVI010000002.1_490	WP_005575399.1	62.5	269	98	2	1	269	1	266	5.51e-114	333
JAJCVI010000002.1_491	WP_070365481.1	45.1	153	81	2	26	176	22	173	7.40e-35	125
JAJCVI010000002.1_492	WP_086889733.1	51.0	151	69	2	29	179	4	149	2.06e-40	139
JAJCVI010000002.1_493	AGB17641.1	63.2	299	110	0	1	299	1	299	1.53e-135	390
JAJCVI010000002.1_494	WP_085943672.1	50.8	514	184	1	173	686	12	456	2.07e-151	452
JAJCVI010000002.1_495	WP_128476208.1	44.2	339	181	4	1	338	1	332	5.00e-73	234
JAJCVI010000002.1_498	WP_077205841.1	63.3	379	119	4	1	379	1	359	1.44e-158	454
JAJCVI010000002.1_499	WP_096390403.1	59.1	477	192	2	8	481	6	482	3.13e-179	516
JAJCVI010000002.1_500	WP_020446250.1	29.4	843	438	20	169	994	163	865	4.30e-69	253
JAJCVI010000002.1_502	WP_013880986.1	74.6	362	90	1	1	362	1	360	2.13e-196	550
JAJCVI010000002.1_503	WP_008416077.1	55.7	307	125	5	41	346	33	329	1.20e-79	251
JAJCVI010000002.1_504	WP_121921476.1	36.6	164	84	5	1	162	1	146	1.61e-16	77.0
JAJCVI010000002.1_505	WP_013879606.1	83.9	992	154	2	1	992	1	986	0.0	1662
JAJCVI010000002.1_506	WP_014862696.1	82.0	189	34	0	5	193	5	193	9.60e-111	319
JAJCVI010000002.1_507	WP_011223659.1	39.4	630	349	12	131	748	682	1290	4.84e-118	390
JAJCVI010000002.1_508	WP_128477385.1	61.7	149	54	1	1	146	1	149	3.80e-54	172
JAJCVI010000002.1_509	WP_008527365.1	63.6	236	82	3	1	233	1	235	2.62e-99	294
JAJCVI010000002.1_510	WP_008527365.1	66.5	227	74	2	1	226	1	226	3.54e-101	298
JAJCVI010000002.1_511	WP_086889759.1	73.1	323	87	0	1	323	1	323	2.19e-174	491
JAJCVI010000002.1_512	WP_020445487.1	41.3	431	238	3	1	416	1	431	2.13e-101	317
JAJCVI010000002.1_513	WP_014864411.1	41.8	479	232	14	46	504	36	487	2.37e-95	303
JAJCVI010000002.1_514	WP_012944193.1	76.2	126	22	2	6	123	2	127	1.63e-61	189
JAJCVI010000002.1_515	WP_004217285.1	77.3	119	27	0	1	119	1	119	1.34e-57	179
JAJCVI010000002.1_517	WP_128477397.1	76.2	235	56	0	1	235	1	235	4.44e-125	359
JAJCVI010000002.1_518	WP_128477396.1	71.3	157	45	0	1	157	1	157	9.40e-74	223
JAJCVI010000002.1_522	AGB17108.1	51.2	334	134	5	8	341	56	360	1.39e-103	313
JAJCVI010000002.1_523	AGB17109.1	68.5	426	132	2	6	430	11	435	5.63e-215	602
JAJCVI010000002.1_524	WP_011223271.1	54.6	304	123	2	11	308	4	298	1.14e-101	322
JAJCVI010000002.1_525	WP_015321407.1	82.4	426	75	0	1	426	1	426	8.50e-260	716
JAJCVI010000002.1_526	WP_077207511.1	81.3	278	51	1	5	281	5	282	3.22e-160	451
JAJCVI010000002.1_528	WP_007141176.1	65.7	242	77	2	9	246	8	247	2.08e-108	318
JAJCVI010000002.1_529	WP_015761568.1	63.2	193	68	1	1	190	1	193	2.96e-73	224
JAJCVI010000002.1_530	WP_011222686.1	71.2	1014	287	3	3	1015	4	1013	0.0	1477
JAJCVI010000002.1_531	WP_108382827.1	83.9	731	115	3	1	731	1	728	0.0	1215
JAJCVI010000002.1_532	WP_108382824.1	79.5	161	33	0	24	184	9	169	1.21e-80	241
JAJCVI010000002.1_533	WP_011222685.1	77.0	587	128	4	6	588	6	589	7.38e-303	838
JAJCVI010000002.1_534	WP_012807994.1	65.1	335	116	1	21	355	3	336	5.26e-165	469
JAJCVI010000002.1_535	WP_011580525.1	31.3	211	114	7	5	197	8	205	8.90e-17	80.5
JAJCVI010000002.1_543	WP_084568960.1	41.5	82	43	2	8	89	7	83	3.22e-11	59.3
JAJCVI010000002.1_546	WP_013881745.1	43.8	331	183	3	1	328	1	331	7.97e-79	249
JAJCVI010000002.1_548	WP_096390423.1	49.6	133	54	5	1	125	1	128	2.68e-23	92.8
JAJCVI010000002.1_549	WP_128478133.1	46.0	150	66	4	1	135	1	150	7.99e-26	100
JAJCVI010000002.1_550	WP_121921476.1	38.1	155	71	3	1	143	1	142	1.68e-18	81.6
JAJCVI010000002.1_551	WP_128478134.1	37.2	137	76	5	1	132	22	153	1.16e-18	82.0
JAJCVI010000002.1_552	WP_089673166.1	39.5	190	109	4	14	200	14	200	4.00e-35	127
JAJCVI010000002.1_557	WP_103428368.1	31.1	811	503	18	573	1364	25	798	8.55e-103	353
JAJCVI010000002.1_558	WP_103428369.1	37.9	493	255	13	57	518	49	521	6.57e-69	236
JAJCVI010000002.1_572	WP_007141080.1	49.1	55	28	0	63	117	536	590	3.32e-08	55.8
JAJCVI010000002.1_580	WP_119815316.1	50.0	216	87	3	3	218	4	198	2.02e-58	187
JAJCVI010000002.1_581	WP_011572578.1	94.1	102	6	0	1	102	1	102	5.87e-66	198
JAJCVI010000002.1_582	WP_012944192.1	92.4	420	32	0	1	420	1	420	3.61e-286	781
JAJCVI010000002.1_583	WP_020446382.1	73.3	318	77	1	1	310	6	323	3.44e-151	431
JAJCVI010000002.1_584	WP_049895484.1	67.2	174	57	0	4	177	18	191	1.50e-77	234
JAJCVI010000002.1_585	WP_020446995.1	77.7	413	90	1	1	413	1	411	3.67e-217	606
JAJCVI010000002.1_586	WP_013881641.1	68.5	219	69	0	1	219	1	219	2.58e-100	295
JAJCVI010000002.1_587	WP_128478506.1	59.4	283	115	0	29	311	3	285	8.24e-110	325
JAJCVI010000002.1_591	WP_049939010.1	60.0	255	99	2	4	258	14	265	2.55e-97	290
JAJCVI010000002.1_592	WP_086888443.1	74.1	185	38	4	1	181	1	179	2.11e-88	262
JAJCVI010000002.1_593	WP_008454662.1	48.4	217	111	1	1	217	1	216	3.24e-66	208
JAJCVI010000002.1_594	WP_014864261.1	71.9	562	150	1	2	563	3	556	2.08e-307	847
JAJCVI010000002.1_596	WP_014864263.1	74.5	546	123	4	19	555	4	542	6.88e-282	781
JAJCVI010000002.1_597	WP_008414318.1	75.0	44	11	0	1	44	1	44	5.38e-23	85.9
JAJCVI010000002.1_598	WP_004041777.1	80.2	101	20	0	1	101	1	101	3.98e-50	158
JAJCVI010000002.1_599	WP_076738708.1	46.9	627	315	10	5	623	4	620	2.95e-88	305
JAJCVI010000002.1_600	WP_049941927.1	61.7	175	66	1	12	185	3	177	3.14e-70	216
JAJCVI010000002.1_601	WP_008417850.1	80.0	65	13	0	1	65	1	65	3.85e-34	115
JAJCVI010000002.1_602	WP_121920059.1	89.2	186	20	0	1	186	1	186	1.69e-116	333
JAJCVI010000002.1_603	WP_013880991.1	77.6	125	28	0	2	126	16	140	1.62e-59	184
JAJCVI010000002.1_604	WP_011324243.1	80.2	409	80	1	1	409	1	408	9.89e-235	650
JAJCVI010000002.1_605	WP_014052543.1	50.4	621	289	4	4	613	6	618	3.61e-185	541
JAJCVI010000002.1_606	WP_128476608.1	62.0	287	109	0	4	290	9	295	1.78e-128	372
JAJCVI010000002.1_610	WP_015910401.1	81.7	164	27	1	1	161	1	164	1.81e-91	268
JAJCVI010000002.1_611	WP_013880973.1	72.4	562	139	5	4	561	22	571	1.20e-298	825
JAJCVI010000002.1_612	WP_008414270.1	77.3	238	54	0	11	248	1	238	2.30e-125	360
JAJCVI010000002.1_614	WP_049888292.1	58.1	353	146	2	34	385	32	383	1.06e-141	413
JAJCVI010000002.1_615	WP_014864587.1	66.4	298	94	1	1	298	1	292	4.99e-119	348
JAJCVI010000002.1_616	WP_121919787.1	49.5	329	160	3	8	333	7	332	4.21e-84	263
JAJCVI010000002.1_617	WP_049953619.1	71.5	151	43	0	1	151	1	151	1.11e-75	227
JAJCVI010000002.1_618	WP_020445388.1	65.2	112	39	0	4	115	3	114	2.88e-40	134
JAJCVI010000002.1_619	WP_013880963.1	76.3	194	44	1	1	192	1	194	3.88e-103	300
JAJCVI010000002.1_620	WP_006055375.1	78.2	435	90	3	1	434	1	431	3.66e-239	664
JAJCVI010000002.1_622	WP_012944490.1	58.0	293	95	3	2	268	4	294	3.15e-96	290
JAJCVI010000002.1_624	WP_007139793.1	58.2	450	174	5	3	441	19	465	1.52e-170	491
JAJCVI010000002.1_625	WP_128476646.1	75.3	596	147	0	1	596	1	596	0.0	890
JAJCVI010000002.1_627	WP_011322427.1	55.2	145	62	3	1	142	1	145	3.68e-41	139
JAJCVI010000002.1_629	WP_011224074.1	86.7	300	39	1	1	300	1	299	1.07e-190	530
JAJCVI010000002.1_631	WP_049951737.1	78.6	378	77	2	4	379	3	378	4.72e-206	575
JAJCVI010000002.1_632	WP_128476677.1	39.4	653	331	11	193	842	12	602	7.86e-136	424
JAJCVI010000002.1_633	WP_020446231.1	75.0	440	104	2	1	439	1	435	1.79e-227	637
JAJCVI010000002.1_634	AGB15062.1	74.8	274	69	0	1	274	1	274	3.63e-155	438
JAJCVI010000002.1_635	WP_013875918.1	37.1	340	171	14	70	385	69	389	3.20e-51	185
JAJCVI010000002.1_637	WP_015761723.1	81.4	458	85	0	1	458	1	458	2.57e-274	755
JAJCVI010000002.1_639	WP_004217236.1	43.6	149	57	5	1	147	1	124	2.90e-23	93.2
JAJCVI010000002.1_640	WP_020447634.1	44.3	282	153	2	1	282	1	278	6.99e-72	228
JAJCVI010000002.1_641	WP_020446168.1	57.5	645	200	11	7	619	11	613	5.82e-233	663
JAJCVI010000002.1_642	WP_008417641.1	72.0	454	127	0	3	456	1	454	8.83e-236	657
JAJCVI010000002.1_643	WP_012942587.1	31.3	179	102	7	235	397	70	243	1.08e-08	63.2
JAJCVI010000002.1_648	WP_077206004.1	75.2	403	100	0	1	403	1	403	1.02e-214	599
JAJCVI010000002.1_649	WP_020447182.1	72.1	68	19	0	1	68	1	68	6.61e-28	100
JAJCVI010000002.1_650	WP_050047697.1	50.0	60	30	0	1	60	1	60	5.64e-11	69.7
JAJCVI010000002.1_652	WP_049953369.1	58.9	487	185	7	4	482	5	484	6.95e-182	523
JAJCVI010000002.1_655	WP_015321309.1	50.0	336	164	2	1	336	1	332	1.70e-94	290
JAJCVI010000002.1_656	WP_004268106.1	69.9	206	59	3	1	205	1	204	1.02e-93	277
JAJCVI010000002.1_658	WP_020446473.1	36.7	365	205	9	1	361	1	343	5.10e-51	178
JAJCVI010000002.1_660	WP_020445339.1	58.7	143	58	1	6	147	6	148	1.36e-45	151
JAJCVI010000002.1_661	WP_012659449.1	41.8	421	197	11	10	390	16	428	9.10e-60	204
JAJCVI010000002.1_662	WP_014864680.1	79.0	619	124	2	1	618	1	614	0.0	970
JAJCVI010000002.1_665	WP_103424306.1	74.5	267	66	2	59	325	3	267	1.48e-138	398
JAJCVI010000002.1_666	WP_004216758.1	39.3	191	114	1	2	192	9	197	1.10e-35	129
JAJCVI010000002.1_668	WP_077205804.1	64.0	303	104	2	1	303	1	298	1.14e-135	391
JAJCVI010000002.1_671	WP_128477208.1	85.5	124	18	0	1	124	1	124	1.01e-68	207
JAJCVI010000002.1_673	WP_121919613.1	33.5	334	200	8	112	439	82	399	1.42e-45	175
JAJCVI010000002.1_674	WP_012289069.1	75.2	419	103	1	1	419	1	418	1.99e-229	638
JAJCVI010000002.1_675	WP_049953359.1	30.5	236	163	1	5	239	10	245	3.56e-19	92.8
JAJCVI010000002.1_676	WP_004043740.1	30.5	407	259	10	78	472	296	690	2.50e-38	154
JAJCVI010000002.1_677	WP_004041508.1	54.4	250	96	3	1	249	1	233	2.30e-86	261
JAJCVI010000002.1_678	WP_014863472.1	59.4	562	225	2	36	597	10	568	6.53e-241	681
JAJCVI010000002.1_679	WP_014863472.1	39.6	91	55	0	1	91	484	574	8.71e-15	73.6
JAJCVI010000002.1_680	WP_049934178.1	80.9	534	101	1	1	534	5	537	1.72e-300	829
JAJCVI010000002.1_683	WP_004960124.1	83.6	152	25	0	1	152	1	152	4.43e-85	251
JAJCVI010000002.1_684	WP_015761688.1	86.2	450	61	1	1	450	1	449	3.42e-285	781
JAJCVI010000002.1_687	WP_004217206.1	58.8	780	248	8	4	735	11	765	7.72e-247	709
JAJCVI010000002.1_688	WP_012944340.1	47.8	356	163	4	1	338	1	351	2.50e-92	285
JAJCVI010000002.1_689	WP_007140147.1	67.2	317	102	1	4	320	5	319	3.27e-148	424
JAJCVI010000002.1_690	WP_128477182.1	69.9	472	131	4	2	465	3	471	2.68e-226	634
JAJCVI010000002.1_691	WP_012944335.1	46.9	98	51	1	56	153	104	200	1.21e-18	83.6
JAJCVI010000002.1_693	WP_013881628.1	66.3	593	186	3	1	581	1	591	6.83e-247	696
JAJCVI010000002.1_694	WP_005579162.1	63.4	295	107	1	1	295	1	294	7.19e-126	365
JAJCVI010000002.1_695	WP_004963227.1	74.4	78	20	0	1	78	1	78	5.53e-37	124
JAJCVI010000002.1_701	WP_119820647.1	74.3	447	102	3	3	449	6	439	6.87e-260	717
JAJCVI010000002.1_702	WP_008415852.1	70.6	204	60	0	20	223	20	223	8.10e-106	309
JAJCVI010000002.1_703	WP_007141332.1	58.5	207	82	3	7	211	12	216	3.87e-72	224
JAJCVI010000002.1_704	WP_077206447.1	69.3	101	31	0	6	106	8	108	1.64e-44	145
JAJCVI010000002.1_705	WP_077207682.1	73.1	320	82	2	16	334	2	318	5.30e-156	445
JAJCVI010000002.1_706	WP_015762729.1	44.2	240	131	3	1	238	1	239	1.22e-69	219
JAJCVI010000002.1_707	WP_089671198.1	57.4	129	42	3	1	128	1	117	4.93e-38	129
JAJCVI010000002.1_708	AGB17287.1	87.6	97	12	0	1	97	1	97	5.17e-60	183
JAJCVI010000002.1_709	WP_006055293.1	44.1	739	387	11	23	752	21	742	2.61e-177	531
JAJCVI010000002.1_710	WP_006055294.1	47.4	325	162	5	1	325	1	316	1.59e-73	235
JAJCVI010000002.1_711	WP_007140261.1	71.1	311	90	0	20	330	35	345	2.95e-153	438
JAJCVI010000002.1_712	WP_015762509.1	98.4	64	1	0	1	64	1	64	1.39e-40	131
JAJCVI010000002.1_715	WP_012807871.1	67.3	315	102	1	19	333	2	315	1.95e-147	423
JAJCVI010000002.1_716	WP_014051265.1	73.4	252	67	0	1	252	1	252	5.88e-134	382
JAJCVI010000002.1_717	WP_006055302.1	57.4	162	64	3	3	159	5	166	5.17e-57	181
JAJCVI010000002.1_718	WP_015321695.1	60.0	430	155	5	4	418	9	436	2.02e-153	447
JAJCVI010000002.1_719	AGB16440.1	37.2	148	67	3	3	141	10	140	1.84e-15	75.5
JAJCVI010000002.1_720	WP_005579381.1	80.5	205	40	0	1	205	1	205	5.10e-121	346
JAJCVI010000002.1_721	WP_011322016.1	59.0	429	167	4	2	427	8	430	1.11e-158	461
JAJCVI010000002.1_722	WP_014052162.1	44.4	248	124	7	4	251	3	236	3.88e-38	138
JAJCVI010000002.1_723	WP_096389913.1	74.8	322	79	2	1	320	1	322	7.36e-167	471
JAJCVI010000002.1_724	AGB17039.1	38.4	378	209	11	5	368	3	370	1.53e-73	238
JAJCVI010000002.1_725	WP_012808076.1	83.0	94	16	0	20	113	6	99	4.09e-48	154
JAJCVI010000002.1_726	WP_013880926.1	66.9	151	44	1	1	145	1	151	3.23e-66	203
JAJCVI010000002.1_727	WP_012808078.1	82.6	195	34	0	1	195	1	195	9.88e-111	319
JAJCVI010000002.1_728	WP_014555190.1	88.2	51	6	0	1	51	1	51	1.41e-22	85.5
JAJCVI010000002.1_729	WP_006673733.1	92.1	89	7	0	1	89	1	89	3.82e-56	172
JAJCVI010000002.1_730	WP_006056237.1	74.3	222	57	0	1	222	1	222	1.12e-114	331
JAJCVI010000002.1_731	WP_128475886.1	43.2	241	134	3	8	245	14	254	3.59e-48	176
JAJCVI010000002.1_733	WP_015321426.1	69.1	369	113	1	305	673	1	368	1.60e-187	540
JAJCVI010000002.1_734	WP_004960133.1	40.7	491	206	7	7	496	4	410	2.03e-86	276
JAJCVI010000002.1_735	WP_128477093.1	34.7	225	125	5	3	224	4	209	2.11e-17	85.5
JAJCVI010000002.1_736	WP_128477423.1	65.7	492	165	3	3	492	4	493	1.68e-225	634
JAJCVI010000002.1_738	WP_020447326.1	51.2	363	160	6	13	370	21	371	1.34e-102	331
JAJCVI010000002.1_739	WP_050049134.1	67.5	114	37	0	6	119	2	115	2.15e-57	178
JAJCVI010000002.1_740	WP_004041795.1	68.6	643	190	3	14	656	4	634	3.26e-289	808
JAJCVI010000002.1_741	WP_007142095.1	65.3	674	220	4	1	663	1	671	1.17e-302	844
JAJCVI010000002.1_742	WP_007142095.1	62.2	667	238	4	1	656	1	664	6.01e-280	786
JAJCVI010000002.1_743	WP_007142096.1	69.6	655	190	5	1	654	1	647	0.0	894
JAJCVI010000002.1_744	WP_015321398.1	64.9	932	271	6	1	924	1	884	0.0	1108
JAJCVI010000002.1_746	WP_077206943.1	51.4	181	88	0	15	195	8	188	4.34e-58	186
JAJCVI010000002.1_747	WP_007140130.1	57.1	476	172	4	1	472	1	448	4.14e-158	461
JAJCVI010000002.1_748	WP_121919771.1	66.1	330	112	0	3	332	4	333	1.75e-151	434
JAJCVI010000002.1_749	AGB17042.1	41.8	213	121	3	1	212	1	211	1.22e-44	153
JAJCVI010000002.1_750	WP_006056983.1	71.1	135	37	1	16	150	5	137	1.13e-61	191
JAJCVI010000002.1_751	WP_077206408.1	55.6	124	54	1	3	126	4	126	4.30e-40	135
JAJCVI010000002.1_752	WP_077206829.1	94.6	424	23	0	1	424	1	424	2.44e-304	828
JAJCVI010000002.1_753	WP_012659656.1	98.4	126	2	0	1	126	1	126	7.50e-87	253
JAJCVI010000002.1_754	WP_128476195.1	55.7	140	61	1	10	148	1	140	8.90e-45	149
JAJCVI010000002.1_755	WP_077206304.1	79.1	378	79	0	1	378	1	378	1.08e-215	600
JAJCVI010000002.1_756	WP_015761817.1	65.7	437	109	2	1	431	1	402	2.04e-181	516
JAJCVI010000002.1_758	WP_004268153.1	78.9	317	67	0	2	318	3	319	4.98e-182	509
JAJCVI010000002.1_759	WP_012944293.1	69.1	391	99	3	1	374	1	386	5.28e-189	532
JAJCVI010000002.1_760	WP_128476806.1	56.8	169	72	1	2	170	3	170	1.04e-66	206
JAJCVI010000002.1_761	WP_012936595.1	48.6	109	56	0	1	109	1	109	2.63e-32	114
JAJCVI010000002.1_762	WP_004044582.1	63.0	440	145	4	1	440	1	422	8.58e-183	521
JAJCVI010000002.1_763	WP_004217059.1	71.3	327	88	1	1	327	1	321	4.02e-163	462
JAJCVI010000002.1_764	WP_121919985.1	81.0	79	15	0	2	80	3	81	8.84e-42	136
JAJCVI010000002.1_765	WP_013875918.1	32.5	403	211	14	99	472	92	462	9.03e-42	160
JAJCVI010000002.1_766	WP_070364249.1	67.6	481	148	4	1	477	1	477	5.49e-212	598
JAJCVI010000002.1_767	WP_013879614.1	53.9	245	100	3	5	249	3	234	2.53e-88	266
JAJCVI010000002.1_768	WP_020446824.1	58.2	691	233	9	1	656	1	670	4.22e-244	695
JAJCVI010000002.1_769	WP_012943932.1	82.5	234	41	0	1	234	1	234	1.88e-129	370
