JAKRVX010000010.1_3	WP_007142739.1	34.3	338	217	3	14	350	1	334	4.67e-59	199
JAKRVX010000010.1_7	WP_096391478.1	27.8	417	273	13	515	914	483	888	1.33e-26	125
JAKRVX010000010.1_8	WP_103428369.1	36.1	498	269	16	49	519	48	523	1.20e-70	240
JAKRVX010000010.1_20	WP_103428381.1	70.5	366	107	1	6	371	6	370	2.93e-181	513
JAKRVX010000010.1_21	WP_103428382.1	54.9	275	118	3	86	356	65	337	8.48e-95	291
JAKRVX010000010.1_26	WP_008415621.1	61.7	392	150	0	1	392	1	392	3.41e-167	478
JAKRVX010000010.1_30	WP_049914835.1	46.4	399	209	3	1	396	1	397	3.79e-118	354
JAKRVX010000010.1_32	WP_013881742.1	54.8	104	42	2	4	103	11	113	1.76e-25	103
JAKRVX010000010.1_39	WP_050047850.1	47.4	38	20	0	11	48	2	39	2.75e-06	44.3
JAKRVX010000010.1_41	WP_004217550.1	56.5	253	106	3	3	252	1	252	3.59e-92	277
JAKRVX010000010.1_44	WP_004043129.1	38.5	937	471	28	53	947	62	935	9.86e-157	490
JAKRVX010000010.1_45	WP_012660065.1	48.5	264	131	3	21	280	3	265	3.71e-75	235
JAKRVX010000010.1_46	WP_004043127.1	55.6	347	139	6	7	350	2	336	2.40e-119	353
JAKRVX010000010.1_47	WP_011222266.1	31.4	708	417	23	21	699	24	691	9.00e-83	282
JAKRVX010000010.1_48	WP_012660068.1	62.8	247	91	1	7	252	4	250	1.23e-114	335
JAKRVX010000010.1_49	WP_012660063.1	65.2	181	63	0	8	188	9	189	2.77e-87	259
JAKRVX010000010.1_50	WP_096389956.1	75.8	331	79	1	1	331	1	330	3.52e-188	526
JAKRVX010000010.1_51	WP_012660061.1	68.6	86	27	0	1	86	1	86	1.79e-37	125
JAKRVX010000010.1_72	WP_103427974.1	63.4	393	144	0	1	393	1	393	2.45e-177	505
JAKRVX010000010.1_74	WP_119821830.1	46.8	79	42	0	1	79	8	86	4.54e-17	74.3
JAKRVX010000010.1_78	WP_013643950.1	24.0	167	117	5	1	165	139	297	6.56e-04	47.0
JAKRVX010000010.1_80	WP_008414059.1	62.2	74	28	0	42	115	1	74	4.04e-26	97.8
JAKRVX010000010.1_86	WP_008528582.1	31.0	951	440	30	78	842	2	922	9.08e-110	363
