JAQLTW010000001.1_1	WP_011222324.1	88.4	627	73	0	1	627	193	819	0.0	1054
JAQLTW010000001.1_2	WP_012659567.1	76.8	155	32	1	1	151	1	155	7.65e-77	230
JAQLTW010000001.1_4	WP_012659565.1	75.4	211	52	0	1	211	1	211	7.84e-105	305
JAQLTW010000001.1_5	WP_128477551.1	38.7	111	63	2	10	115	24	134	9.62e-12	63.5
JAQLTW010000001.1_6	WP_012659563.1	56.2	559	173	5	1	489	1	557	5.13e-201	580
JAQLTW010000001.1_7	WP_012659562.1	94.0	703	42	0	1	703	1	703	0.0	1265
JAQLTW010000001.1_8	WP_012659561.1	91.8	353	29	0	1	353	1	353	2.23e-223	617
JAQLTW010000001.1_9	WP_014053410.1	60.1	218	87	0	4	221	110	327	8.99e-87	265
JAQLTW010000001.1_10	WP_015910328.1	94.6	426	23	0	1	426	1	426	2.55e-307	835
JAQLTW010000001.1_11	WP_121921367.1	62.6	294	98	2	6	288	11	303	1.22e-113	351
JAQLTW010000001.1_12	WP_011222898.1	38.5	384	194	9	1	365	1	361	2.82e-43	159
JAQLTW010000001.1_14	WP_012659559.1	84.8	368	56	0	1	368	1	368	8.62e-206	574
JAQLTW010000001.1_16	WP_012659557.1	95.5	332	15	0	1	332	1	332	2.94e-238	653
JAQLTW010000001.1_17	WP_077206262.1	38.8	98	58	1	12	107	2	99	1.03e-18	79.3
JAQLTW010000001.1_19	WP_012659555.1	90.2	440	32	1	1	440	1	429	1.70e-294	804
JAQLTW010000001.1_21	WP_012659554.1	93.7	333	19	1	1	331	1	333	7.93e-211	583
JAQLTW010000001.1_23	WP_004041167.1	42.5	106	55	2	27	126	42	147	7.19e-14	69.7
JAQLTW010000001.1_24	WP_012659552.1	88.4	198	23	0	1	198	1	198	1.98e-126	359
JAQLTW010000001.1_26	WP_012659550.1	86.3	117	14	1	1	115	1	117	2.01e-62	191
JAQLTW010000001.1_27	WP_012659549.1	94.9	176	9	0	1	176	1	176	1.83e-123	350
JAQLTW010000001.1_29	WP_049933627.1	72.2	263	73	0	1	263	1	263	6.96e-130	373
JAQLTW010000001.1_33	WP_012659543.1	88.7	318	36	0	1	318	1	318	1.63e-212	587
JAQLTW010000001.1_34	WP_119815532.1	69.3	384	110	5	14	394	15	393	2.61e-177	504
JAQLTW010000001.1_35	WP_012659542.1	80.9	298	57	0	1	298	1	298	5.96e-157	445
JAQLTW010000001.1_37	WP_012659540.1	82.6	282	49	0	1	282	1	282	4.68e-155	438
JAQLTW010000001.1_38	WP_012659539.1	87.6	597	70	2	1	597	1	593	0.0	1055
JAQLTW010000001.1_39	WP_096390185.1	51.7	203	96	1	5	207	13	213	2.52e-62	197
JAQLTW010000001.1_40	WP_012659820.1	89.7	320	33	0	1	320	1	320	1.26e-201	559
JAQLTW010000001.1_41	WP_012659819.1	92.8	180	13	0	1	180	10	189	1.15e-106	308
JAQLTW010000001.1_42	WP_011322679.1	41.8	977	466	18	195	1160	131	1015	2.28e-220	665
JAQLTW010000001.1_43	WP_012659671.1	91.1	495	44	0	1	495	1	495	0.0	885
JAQLTW010000001.1_45	WP_012659672.1	82.6	69	12	0	1	69	1	69	2.96e-34	116
JAQLTW010000001.1_46	WP_004045315.1	42.6	122	57	3	12	133	26	134	8.26e-17	76.6
JAQLTW010000001.1_47	WP_121919348.1	47.4	323	167	3	1	321	150	471	4.31e-92	287
JAQLTW010000001.1_48	WP_012659674.1	82.4	262	45	1	1	261	1	262	1.29e-148	421
JAQLTW010000001.1_49	WP_015763465.1	56.3	444	160	4	389	829	407	819	9.06e-156	481
JAQLTW010000001.1_50	WP_012659675.1	69.6	184	42	1	1	184	1	170	3.18e-85	253
JAQLTW010000001.1_51	WP_012659676.1	86.4	353	41	2	9	358	1	349	1.13e-215	598
JAQLTW010000001.1_52	WP_007140006.1	61.3	450	156	4	27	476	28	459	9.82e-156	456
JAQLTW010000001.1_53	WP_012659501.1	86.9	459	60	0	1	459	1	459	5.13e-271	746
JAQLTW010000001.1_54	WP_012659500.1	95.8	237	10	0	1	237	1	237	4.03e-152	427
JAQLTW010000001.1_56	WP_014050275.1	75.4	479	118	0	55	533	58	536	8.60e-266	739
JAQLTW010000001.1_57	WP_014050276.1	80.3	330	65	0	1	330	1	330	3.08e-184	516
JAQLTW010000001.1_58	WP_014050277.1	78.0	337	74	0	1	337	1	337	2.91e-184	517
JAQLTW010000001.1_59	WP_004042340.1	73.5	389	99	2	50	438	5	389	6.00e-206	579
JAQLTW010000001.1_60	WP_128476333.1	69.3	352	104	3	1	350	1	350	3.40e-170	482
JAQLTW010000001.1_61	WP_007141206.1	64.1	376	128	3	12	382	12	385	4.67e-178	505
JAQLTW010000001.1_62	WP_012659487.1	91.1	280	25	0	1	280	1	280	1.05e-173	485
JAQLTW010000001.1_63	WP_012659486.1	84.2	221	35	0	1	221	1	221	4.92e-125	357
JAQLTW010000001.1_64	WP_103426046.1	58.4	101	42	0	1	101	1	101	1.46e-29	106
JAQLTW010000001.1_66	WP_020445446.1	50.6	261	103	1	12	246	7	267	1.23e-76	257
JAQLTW010000001.1_67	WP_011222601.1	74.8	674	170	0	19	692	7	680	0.0	1019
JAQLTW010000001.1_69	WP_014555664.1	53.2	216	98	2	18	230	4	219	6.29e-66	208
JAQLTW010000001.1_70	WP_012659485.1	64.4	160	56	1	1	160	1	159	1.52e-61	192
JAQLTW010000001.1_71	WP_012659484.1	73.4	530	110	5	19	536	7	517	4.21e-259	722
JAQLTW010000001.1_72	WP_012659483.1	78.2	252	53	1	1	250	1	252	2.32e-135	386
JAQLTW010000001.1_73	WP_012659482.1	71.3	265	51	2	1	258	1	247	5.24e-117	340
JAQLTW010000001.1_74	WP_012659481.1	73.7	339	85	1	1	335	1	339	4.62e-171	485
JAQLTW010000001.1_75	WP_012659480.1	51.3	236	72	5	1	223	1	206	1.23e-54	180
JAQLTW010000001.1_76	WP_012659479.1	58.5	270	92	5	1	265	1	255	9.07e-76	236
JAQLTW010000001.1_77	WP_012659478.1	65.4	327	90	2	39	365	19	322	2.36e-114	341
JAQLTW010000001.1_78	WP_012659477.1	74.9	446	97	3	1	443	1	434	5.12e-225	629
JAQLTW010000001.1_79	WP_012659476.1	72.4	352	89	3	4	350	4	352	9.63e-150	431
JAQLTW010000001.1_80	WP_012659654.1	92.9	196	14	0	1	196	1	196	4.27e-104	302
JAQLTW010000001.1_82	WP_012659662.1	78.8	269	57	0	1	269	1	269	3.43e-158	445
JAQLTW010000001.1_84	WP_012659660.1	88.9	126	14	0	1	126	1	126	6.63e-72	215
JAQLTW010000001.1_87	WP_012659505.1	88.8	865	96	1	1	865	1	864	0.0	1536
JAQLTW010000001.1_88	WP_012659504.1	62.8	468	166	2	25	492	11	470	1.10e-195	558
JAQLTW010000001.1_89	WP_049933105.1	80.7	119	23	0	1	119	1	119	4.79e-64	195
JAQLTW010000001.1_90	WP_049933623.1	85.7	84	12	0	1	84	1	84	3.82e-47	149
JAQLTW010000001.1_91	WP_012659657.1	91.0	542	49	0	1	542	7	548	0.0	913
JAQLTW010000001.1_94	WP_011323505.1	73.0	488	130	1	1	488	22	507	2.52e-240	674
JAQLTW010000001.1_96	WP_012659508.1	93.4	289	19	0	1	289	1	289	1.57e-200	554
JAQLTW010000001.1_98	WP_012659510.1	93.7	268	17	0	1	268	1	268	1.78e-175	489
JAQLTW010000001.1_99	WP_012659537.1	86.5	505	60	1	1	505	1	497	6.36e-314	858
JAQLTW010000001.1_100	WP_049933626.1	85.2	419	62	0	1	419	1	419	2.98e-241	668
JAQLTW010000001.1_101	WP_012659534.1	80.2	465	88	1	1	461	1	465	7.28e-273	751
JAQLTW010000001.1_102	WP_012659590.1	54.1	185	66	5	1	167	1	184	3.58e-50	164
JAQLTW010000001.1_103	WP_049933631.1	69.9	136	41	0	1	136	1	136	3.95e-60	186
JAQLTW010000001.1_104	WP_012659588.1	73.8	210	55	0	1	210	1	210	8.89e-106	308
JAQLTW010000001.1_105	WP_012659587.1	69.0	274	68	2	1	266	1	265	7.51e-118	343
JAQLTW010000001.1_107	WP_012659585.1	75.3	385	74	5	1	381	1	368	1.38e-179	509
JAQLTW010000001.1_108	WP_012659584.1	62.6	131	32	1	1	131	1	114	1.19e-39	134
JAQLTW010000001.1_109	WP_012659583.1	66.4	110	37	0	5	114	4	113	1.11e-32	115
JAQLTW010000001.1_111	WP_012659581.1	83.8	482	58	2	1	482	1	462	7.66e-282	775
JAQLTW010000001.1_112	WP_012659580.1	85.4	287	42	0	1	287	1	287	3.78e-175	489
JAQLTW010000001.1_113	WP_079892080.1	50.9	161	67	4	7	166	5	154	3.51e-33	120
JAQLTW010000001.1_114	WP_049933628.1	93.1	173	12	0	10	182	1	173	2.86e-116	332
JAQLTW010000001.1_116	WP_012659577.1	80.9	383	71	1	1	381	1	383	3.63e-220	612
JAQLTW010000001.1_117	WP_012659576.1	87.7	390	48	0	1	390	1	390	2.87e-222	617
JAQLTW010000001.1_119	WP_012659574.1	83.0	171	28	1	1	171	1	170	3.79e-99	288
JAQLTW010000001.1_120	WP_012659625.1	90.5	327	31	0	1	327	1	327	1.73e-207	575
JAQLTW010000001.1_123	WP_012659627.1	84.9	312	47	0	3	314	4	315	3.11e-190	530
JAQLTW010000001.1_124	WP_012659628.1	88.9	262	29	0	1	262	1	262	3.09e-157	442
JAQLTW010000001.1_125	WP_012659629.1	55.3	425	173	5	1	415	1	418	2.95e-133	395
JAQLTW010000001.1_127	WP_014052409.1	49.7	147	64	3	5	145	17	159	6.36e-33	119
JAQLTW010000001.1_128	WP_012659632.1	91.7	204	17	0	1	204	1	204	2.30e-142	401
JAQLTW010000001.1_130	WP_012659634.1	84.3	324	51	0	1	324	1	324	6.14e-188	525
JAQLTW010000001.1_132	WP_050048427.1	69.2	65	20	0	11	75	10	74	2.57e-23	90.1
JAQLTW010000001.1_134	WP_012659638.1	92.7	606	44	0	1	606	1	606	0.0	1142
JAQLTW010000001.1_136	WP_012659645.1	82.6	195	34	0	13	207	5	199	3.53e-107	311
JAQLTW010000001.1_137	WP_012659646.1	82.8	169	29	0	1	169	1	169	3.83e-103	298
JAQLTW010000001.1_138	WP_012659647.1	84.9	86	13	0	1	86	1	86	3.42e-45	145
JAQLTW010000001.1_139	WP_012659648.1	89.0	474	42	1	1	474	1	464	1.21e-281	774
JAQLTW010000001.1_141	WP_014864264.1	52.1	334	128	4	15	340	21	330	2.93e-105	317
JAQLTW010000001.1_142	WP_012659651.1	85.1	241	34	1	1	239	1	241	1.53e-130	373
JAQLTW010000001.1_143	WP_011322402.1	92.9	56	4	0	1	56	1	56	3.26e-30	105
JAQLTW010000001.1_144	WP_089673462.1	65.7	198	64	2	1	198	1	194	7.32e-80	241
JAQLTW010000001.1_145	WP_011322424.1	65.9	229	78	0	1	229	1	229	5.51e-102	300
JAQLTW010000001.1_146	WP_004216666.1	56.4	225	98	0	1	225	1	225	2.75e-74	230
JAQLTW010000001.1_147	WP_012659738.1	89.1	724	75	1	1	720	1	724	0.0	1286
JAQLTW010000001.1_149	WP_012659739.1	87.2	329	41	1	1	329	1	328	7.46e-201	558
JAQLTW010000001.1_150	WP_012659740.1	92.0	324	26	0	1	324	1	324	1.40e-200	557
JAQLTW010000001.1_151	WP_012659741.1	82.8	588	101	0	1	588	1	588	0.0	902
JAQLTW010000001.1_152	WP_012659742.1	90.3	277	26	1	1	277	1	276	1.98e-174	487
JAQLTW010000001.1_153	WP_014051205.1	40.3	325	186	4	22	341	6	327	1.00e-67	221
JAQLTW010000001.1_154	WP_012659746.1	73.4	305	73	2	6	310	2	298	4.98e-147	420
JAQLTW010000001.1_155	WP_012659747.1	91.4	139	12	0	1	139	1	139	1.19e-87	256
JAQLTW010000001.1_156	WP_012659748.1	77.6	380	69	3	11	390	5	368	4.63e-190	535
JAQLTW010000001.1_157	WP_012659749.1	82.6	316	54	1	1	315	1	316	4.77e-191	532
JAQLTW010000001.1_158	WP_011224034.1	48.4	246	117	4	7	249	9	247	3.17e-70	221
JAQLTW010000001.1_159	WP_013158237.1	59.5	148	60	0	23	170	10	157	2.34e-57	182
JAQLTW010000001.1_160	WP_012659751.1	88.8	329	33	1	1	329	1	325	3.72e-214	592
JAQLTW010000001.1_161	WP_012659760.1	92.1	417	20	2	1	416	1	405	6.64e-261	717
JAQLTW010000001.1_162	WP_012659761.1	96.6	59	2	0	1	59	1	59	1.22e-32	111
JAQLTW010000001.1_163	WP_096390644.1	61.4	223	62	7	1	206	1	216	8.65e-35	127
JAQLTW010000001.1_165	WP_012659764.1	80.6	1193	232	0	1	1193	1	1193	0.0	1012
JAQLTW010000001.1_166	WP_012659765.1	80.9	329	55	4	1	328	1	322	7.16e-169	477
JAQLTW010000001.1_167	WP_012659663.1	92.2	296	19	1	1	292	1	296	2.19e-198	549
JAQLTW010000001.1_168	WP_012659664.1	82.4	330	58	0	3	332	2	331	1.22e-170	482
JAQLTW010000001.1_170	WP_012659669.1	71.9	221	50	2	6	221	4	217	2.62e-103	302
JAQLTW010000001.1_171	WP_012659670.1	90.5	231	22	0	1	231	1	231	6.54e-155	434
JAQLTW010000001.1_172	WP_012659700.1	79.9	318	64	0	1	318	1	318	8.41e-176	494
JAQLTW010000001.1_174	WP_012659702.1	75.5	429	105	0	49	477	20	448	2.16e-225	631
JAQLTW010000001.1_175	WP_119819006.1	31.3	179	106	4	8	178	11	180	2.41e-05	49.7
JAQLTW010000001.1_177	WP_012659705.1	81.8	346	63	0	9	354	1	346	4.95e-213	591
JAQLTW010000001.1_178	WP_096391531.1	58.7	126	36	1	1	110	356	481	5.23e-40	143
JAQLTW010000001.1_180	WP_012659708.1	84.1	765	113	5	1	762	1	759	0.0	1194
JAQLTW010000001.1_181	WP_012659709.1	87.7	349	42	1	46	394	42	389	5.77e-220	612
JAQLTW010000001.1_183	WP_015911348.1	87.4	725	91	0	1	725	1	725	0.0	1268
JAQLTW010000001.1_184	WP_015911349.1	82.7	168	29	0	1	168	1	168	2.63e-89	263
JAQLTW010000001.1_185	WP_015911350.1	91.2	570	50	0	1	570	1	570	0.0	1014
JAQLTW010000001.1_188	WP_004267546.1	58.2	170	69	1	3	172	2	169	5.89e-57	181
JAQLTW010000001.1_189	WP_004267545.1	72.9	96	26	0	1	96	1	96	6.77e-42	137
JAQLTW010000001.1_193	WP_049893955.1	44.0	75	42	0	373	447	2265	2339	1.84e-06	57.4
JAQLTW010000001.1_195	WP_119821654.1	59.6	386	154	1	1	386	1	384	2.50e-147	427
JAQLTW010000001.1_197	WP_012659719.1	72.8	290	74	2	1	287	1	288	2.49e-149	425
JAQLTW010000001.1_198	WP_119818603.1	63.5	63	23	0	2	64	3	65	2.33e-19	78.2
JAQLTW010000001.1_199	WP_119818600.1	64.1	198	68	2	1	196	1	197	1.28e-82	248
JAQLTW010000001.1_200	WP_103423803.1	72.7	139	37	1	4	141	3	141	3.33e-62	192
JAQLTW010000001.1_203	WP_077206177.1	61.4	57	22	0	124	180	423	479	1.21e-10	65.1
JAQLTW010000001.1_204	WP_012659696.1	76.3	583	89	4	1	545	1	572	7.67e-303	836
JAQLTW010000001.1_205	WP_012659697.1	91.0	201	18	0	21	221	11	211	8.28e-131	372
JAQLTW010000001.1_206	WP_012659698.1	88.3	298	35	0	15	312	14	311	1.01e-189	528
JAQLTW010000001.1_207	WP_012659796.1	82.1	156	28	0	1	156	1	156	1.53e-89	262
JAQLTW010000001.1_209	WP_096390621.1	62.7	287	65	7	17	277	1	271	4.43e-107	317
JAQLTW010000001.1_210	WP_012659793.1	73.1	301	81	0	1	301	1	301	4.12e-149	425
JAQLTW010000001.1_211	WP_012659792.1	70.1	365	105	2	4	367	5	366	2.84e-106	321
JAQLTW010000001.1_212	WP_012659791.1	74.6	476	108	2	64	534	40	507	5.73e-255	711
JAQLTW010000001.1_213	WP_049933171.1	77.1	214	48	1	1	214	1	213	2.61e-115	332
JAQLTW010000001.1_214	WP_012659789.1	82.7	139	18	3	1	135	1	137	1.64e-68	207
JAQLTW010000001.1_215	WP_012659788.1	86.0	235	33	0	1	235	1	235	1.54e-147	416
JAQLTW010000001.1_216	WP_012659787.1	89.2	130	14	0	1	130	1	130	1.27e-80	238
JAQLTW010000001.1_217	WP_077205265.1	67.1	70	23	0	21	90	17	86	8.91e-26	96.3
JAQLTW010000001.1_218	WP_012659785.1	68.4	364	74	3	1	338	1	349	3.84e-155	445
JAQLTW010000001.1_219	WP_012659784.1	95.2	271	13	0	1	271	1	271	1.81e-186	517
JAQLTW010000001.1_221	WP_049933167.1	80.7	730	119	5	1	722	1	716	0.0	1147
JAQLTW010000001.1_222	WP_012659781.1	67.3	781	215	10	1	764	1	758	0.0	1019
JAQLTW010000001.1_223	WP_012659780.1	84.4	353	54	1	1	352	1	353	1.19e-202	565
JAQLTW010000001.1_225	WP_012659779.1	70.7	263	65	3	23	274	18	279	1.23e-119	348
JAQLTW010000001.1_227	WP_012659778.1	80.7	414	58	2	1	392	1	414	7.32e-243	671
JAQLTW010000001.1_228	WP_012659777.1	84.8	264	40	0	49	312	31	294	1.59e-157	446
JAQLTW010000001.1_229	WP_012659776.1	85.5	386	55	1	20	405	6	390	1.24e-224	624
JAQLTW010000001.1_230	WP_012659775.1	71.1	311	82	2	11	320	15	318	2.35e-144	415
JAQLTW010000001.1_231	WP_012659774.1	70.8	432	102	2	1	412	1	428	3.75e-209	587
JAQLTW010000001.1_232	WP_012659770.1	90.8	304	28	0	1	304	1	304	4.17e-208	574
JAQLTW010000001.1_233	WP_049933164.1	76.3	287	59	3	1	279	1	286	1.53e-155	440
JAQLTW010000001.1_234	WP_012659768.1	87.6	291	23	1	72	349	1	291	1.56e-184	516
JAQLTW010000001.1_236	WP_012659766.1	76.5	272	56	3	1	268	1	268	9.61e-134	383
JAQLTW010000001.1_238	WP_012659678.1	63.1	179	46	4	10	175	8	179	7.96e-72	219
JAQLTW010000001.1_239	WP_012659679.1	74.5	623	117	2	1	601	1	603	7.14e-314	867
JAQLTW010000001.1_240	WP_015321567.1	70.8	130	37	1	11	140	2	130	1.37e-64	198
JAQLTW010000001.1_242	WP_012659687.1	68.1	414	126	3	1	410	1	412	6.04e-176	502
JAQLTW010000001.1_244	WP_012659733.1	96.1	464	17	1	1	463	1	464	1.73e-308	842
JAQLTW010000001.1_245	WP_008524789.1	68.2	157	50	0	1	157	1	157	4.19e-73	221
JAQLTW010000001.1_246	WP_012659732.1	74.8	309	56	3	1	287	1	309	1.67e-131	380
JAQLTW010000001.1_248	WP_012942086.1	40.0	270	148	3	8	277	4	259	3.11e-49	170
JAQLTW010000001.1_249	WP_012659730.1	84.7	163	21	1	1	159	1	163	1.87e-91	268
JAQLTW010000001.1_250	WP_008525313.1	68.8	336	105	0	14	349	28	363	1.62e-153	441
JAQLTW010000001.1_251	WP_012659693.1	83.9	274	44	0	1	274	1	274	5.40e-157	442
JAQLTW010000001.1_252	WP_012659692.1	88.6	376	42	1	1	376	1	375	4.73e-223	618
JAQLTW010000001.1_253	WP_012659691.1	83.6	311	51	0	1	311	1	311	5.19e-178	499
JAQLTW010000001.1_254	WP_049933153.1	87.0	499	65	0	6	504	1	499	3.91e-309	847
JAQLTW010000001.1_255	WP_012659689.1	82.7	307	53	0	1	307	1	307	2.60e-62	204
JAQLTW010000001.1_256	WP_096391390.1	76.6	231	42	2	1	219	1	231	3.73e-114	330
JAQLTW010000001.1_258	WP_012659686.1	87.1	140	17	1	1	140	1	139	4.28e-79	234
JAQLTW010000001.1_259	WP_012659684.1	89.8	716	71	1	1	716	1	714	0.0	1266
JAQLTW010000001.1_260	WP_012659683.1	86.3	306	40	1	1	304	1	306	2.99e-174	489
JAQLTW010000001.1_261	WP_096390850.1	87.1	194	25	0	1	194	1	194	6.26e-116	334
JAQLTW010000001.1_263	WP_089670878.1	69.8	179	51	1	1	179	1	176	7.68e-75	229
JAQLTW010000001.1_265	WP_012659799.1	90.3	585	57	0	33	617	1	585	0.0	996
JAQLTW010000001.1_266	WP_096390855.1	81.7	311	54	1	1	311	1	308	2.20e-176	494
JAQLTW010000001.1_267	WP_008849122.1	97.7	88	2	0	1	88	1	88	3.55e-56	172
JAQLTW010000001.1_268	WP_004049526.1	100	44	0	0	1	44	1	44	1.20e-28	100
JAQLTW010000001.1_269	WP_012659801.1	85.0	80	12	0	3	82	5	84	5.06e-41	134
JAQLTW010000001.1_270	WP_049933639.1	96.4	112	4	0	5	116	1	112	3.67e-31	112
JAQLTW010000001.1_272	WP_012659806.1	87.0	184	24	0	9	192	1	184	7.35e-115	329
JAQLTW010000001.1_273	WP_012659807.1	79.2	504	83	3	1	503	1	483	5.43e-281	775
JAQLTW010000001.1_274	WP_012659808.1	92.9	112	8	0	1	112	1	112	5.38e-69	207
JAQLTW010000001.1_275	WP_049933641.1	84.2	273	36	2	19	284	1	273	1.05e-154	437
JAQLTW010000001.1_276	WP_010546772.1	67.3	504	160	2	1	504	1	499	4.11e-240	673
JAQLTW010000001.1_277	WP_119820604.1	45.6	206	105	2	67	269	3	204	2.95e-46	159
JAQLTW010000001.1_278	WP_012659810.1	66.7	141	47	0	1	141	1	141	2.12e-66	202
JAQLTW010000001.1_279	WP_049933642.1	80.1	277	51	2	1	276	1	274	3.86e-151	428
JAQLTW010000001.1_280	WP_012659812.1	80.3	860	129	7	17	859	6	842	0.0	1231
JAQLTW010000001.1_281	WP_049933179.1	82.4	261	46	0	1	261	1	261	2.99e-159	447
JAQLTW010000001.1_282	WP_121922103.1	64.6	457	159	1	9	465	1	454	1.23e-214	604
JAQLTW010000001.1_284	WP_012659816.1	80.7	628	94	1	1	601	1	628	0.0	1046
JAQLTW010000001.1_285	WP_012659817.1	81.7	349	64	0	1	349	1	349	1.39e-208	579
JAQLTW010000001.1_286	WP_012659818.1	78.2	211	43	2	1	210	1	209	1.21e-103	302
JAQLTW010000001.1_287	WP_012659826.1	81.7	355	62	1	5	359	3	354	2.11e-198	554
JAQLTW010000001.1_288	WP_012659827.1	87.8	788	81	3	1	773	1	788	0.0	1321
JAQLTW010000001.1_291	WP_012659830.1	89.8	255	26	0	14	268	1	255	4.50e-129	371
JAQLTW010000001.1_292	WP_012659831.1	71.2	444	107	4	1	435	1	432	1.73e-212	596
JAQLTW010000001.1_294	WP_012659833.1	73.3	288	67	3	2	286	14	294	4.13e-135	389
JAQLTW010000001.1_295	WP_012659834.1	77.6	308	67	1	1	308	1	306	1.89e-160	455
JAQLTW010000001.1_297	WP_012659835.1	82.1	234	41	1	1	234	1	233	2.53e-124	357
JAQLTW010000001.1_298	WP_012659836.1	97.8	324	7	0	1	324	1	324	1.40e-216	597
JAQLTW010000001.1_299	WP_012659837.1	78.8	255	51	2	1	254	1	253	8.52e-134	383
JAQLTW010000001.1_300	WP_049933646.1	65.0	200	52	3	1	182	1	200	2.69e-74	226
JAQLTW010000001.1_302	WP_012659840.1	83.7	208	29	1	12	214	1	208	6.08e-116	333
JAQLTW010000001.1_303	WP_012659841.1	97.0	368	11	0	1	368	1	368	1.07e-206	577
JAQLTW010000001.1_304	WP_005580788.1	57.6	139	59	0	29	167	4	142	5.42e-54	172
JAQLTW010000001.1_305	WP_089671313.1	49.9	693	314	3	1	662	1	691	2.32e-213	618
JAQLTW010000001.1_306	WP_050049236.1	44.6	675	353	8	17	679	22	687	3.73e-159	480
JAQLTW010000001.1_308	WP_004514987.1	58.7	235	97	0	19	253	14	248	2.85e-93	280
JAQLTW010000001.1_311	WP_012659842.1	84.0	244	39	0	1	244	1	244	1.75e-124	358
JAQLTW010000001.1_312	WP_012659843.1	91.4	243	21	0	1	243	1	243	5.71e-155	435
JAQLTW010000001.1_314	WP_049933186.1	74.7	229	54	2	1	226	1	228	1.86e-120	346
JAQLTW010000001.1_315	WP_012659846.1	69.6	408	105	3	1	408	1	389	6.17e-183	519
JAQLTW010000001.1_316	WP_012659847.1	91.6	227	19	0	1	227	1	227	2.01e-147	414
JAQLTW010000001.1_318	WP_012659849.1	88.8	489	55	0	33	521	30	518	8.44e-303	832
JAQLTW010000001.1_319	WP_049933188.1	91.4	152	13	0	1	152	4	155	7.03e-94	273
JAQLTW010000001.1_322	WP_012659853.1	94.9	215	11	0	1	215	1	215	2.84e-132	375
JAQLTW010000001.1_323	WP_013880651.1	38.0	150	83	4	17	166	18	157	2.95e-15	74.7
JAQLTW010000001.1_324	WP_012659854.1	72.2	180	47	1	8	187	3	179	2.15e-89	264
JAQLTW010000001.1_325	WP_012659855.1	88.0	92	11	0	11	102	1	92	1.82e-49	156
JAQLTW010000001.1_326	WP_012659856.1	89.2	342	37	0	1	342	1	342	3.19e-222	613
JAQLTW010000001.1_328	WP_012659858.1	93.4	424	28	0	1	424	1	424	8.91e-275	753
JAQLTW010000001.1_329	WP_012659859.1	66.9	590	131	7	1	566	1	550	2.29e-177	517
JAQLTW010000001.1_330	WP_012659860.1	78.8	264	46	2	4	257	9	272	9.16e-144	408
JAQLTW010000001.1_332	WP_012659862.1	61.2	170	47	2	1	164	1	157	6.13e-59	185
JAQLTW010000001.1_333	WP_012659863.1	93.0	386	27	0	1	386	1	386	1.78e-264	724
JAQLTW010000001.1_334	WP_004964156.1	69.6	217	66	0	4	220	3	219	4.99e-102	301
JAQLTW010000001.1_335	WP_049939098.1	52.9	204	68	2	4	186	1	197	1.90e-46	175
JAQLTW010000001.1_336	WP_012659864.1	69.9	805	192	7	1	793	1	767	0.0	997
JAQLTW010000001.1_337	WP_049933191.1	86.2	377	52	0	1	377	1	377	5.06e-232	641
JAQLTW010000001.1_338	WP_049933648.1	78.7	423	72	1	12	416	1	423	3.00e-236	655
JAQLTW010000001.1_339	WP_012659866.1	96.1	331	13	0	1	331	1	331	4.08e-224	617
JAQLTW010000001.1_340	WP_012659865.1	94.3	350	20	0	10	359	3	352	5.74e-239	657
JAQLTW010000001.1_341	WP_012659869.1	85.1	343	51	0	1	343	1	343	1.99e-221	611
JAQLTW010000001.1_342	WP_012659871.1	63.8	445	125	11	3	431	9	433	2.10e-174	499
JAQLTW010000001.1_343	WP_012659872.1	79.0	138	29	0	1	138	1	138	5.76e-76	227
JAQLTW010000001.1_346	WP_012659874.1	90.9	617	56	0	1	617	1	617	0.0	1142
JAQLTW010000001.1_347	WP_012659875.1	63.8	279	82	4	16	280	9	282	2.10e-102	305
JAQLTW010000001.1_348	WP_012659876.1	84.9	205	31	0	1	205	1	205	1.21e-124	355
JAQLTW010000001.1_351	WP_012659879.1	75.9	216	50	1	1	216	1	214	1.72e-117	338
JAQLTW010000001.1_353	WP_012659881.1	93.3	269	18	0	1	269	1	269	1.32e-182	507
JAQLTW010000001.1_354	WP_012659882.1	83.2	262	44	0	1	262	1	262	1.01e-162	456
JAQLTW010000001.1_357	WP_012659886.1	44.3	255	119	5	1	238	1	249	2.65e-48	165
JAQLTW010000001.1_359	WP_012659887.1	80.5	440	84	1	1	440	1	438	7.29e-247	684
JAQLTW010000001.1_360	WP_012659888.1	83.5	218	36	0	1	218	1	218	3.65e-128	365
JAQLTW010000001.1_361	WP_012659889.1	94.6	349	19	0	1	349	1	349	2.11e-231	637
JAQLTW010000001.1_362	WP_012659890.1	90.0	229	23	0	33	261	2	230	2.01e-133	381
JAQLTW010000001.1_363	WP_012659892.1	82.3	265	36	1	30	294	1	254	2.68e-151	428
JAQLTW010000001.1_365	WP_089671307.1	68.3	205	65	0	1	205	1	205	1.37e-101	297
JAQLTW010000001.1_366	WP_012659895.1	79.0	391	77	4	1	386	1	391	1.81e-201	565
JAQLTW010000001.1_368	WP_012659921.1	80.7	461	77	2	1	459	1	451	2.54e-245	681
JAQLTW010000001.1_369	WP_012659920.1	86.4	177	22	1	1	175	1	177	4.29e-85	253
JAQLTW010000001.1_370	WP_012659918.1	81.7	262	38	2	8	259	1	262	1.08e-147	418
JAQLTW010000001.1_371	WP_012659917.1	93.0	214	15	0	1	214	1	214	3.72e-116	334
JAQLTW010000001.1_372	WP_049933199.1	95.9	640	25	1	1	639	4	643	0.0	910
JAQLTW010000001.1_373	WP_012659915.1	89.5	389	38	2	1	389	1	386	7.36e-221	613
JAQLTW010000001.1_374	WP_012659914.1	71.7	106	30	0	1	106	1	106	1.63e-49	157
JAQLTW010000001.1_375	WP_096391028.1	47.6	231	114	3	1	227	1	228	2.05e-56	186
JAQLTW010000001.1_376	WP_012659912.1	78.0	441	97	0	3	443	4	444	1.64e-255	706
JAQLTW010000001.1_377	WP_012659911.1	80.1	347	65	1	6	352	4	346	1.73e-202	564
JAQLTW010000001.1_378	WP_012659910.1	77.1	393	90	0	1	393	1	393	5.68e-219	609
JAQLTW010000001.1_379	WP_012659909.1	87.3	324	41	0	1	324	1	324	5.96e-202	560
JAQLTW010000001.1_380	WP_012659908.1	75.2	646	142	2	1	628	1	646	0.0	960
JAQLTW010000001.1_381	WP_012659929.1	78.8	307	65	0	1	307	1	307	7.82e-172	484
JAQLTW010000001.1_383	WP_012659927.1	94.1	118	7	0	1	118	1	118	1.33e-70	211
JAQLTW010000001.1_384	WP_012659926.1	95.0	343	17	0	1	343	1	343	7.58e-226	622
JAQLTW010000001.1_387	WP_012659924.1	84.6	143	21	1	1	143	1	142	2.76e-81	240
JAQLTW010000001.1_388	WP_012659923.1	79.1	268	56	0	1	268	1	268	4.05e-149	422
JAQLTW010000001.1_389	WP_012659922.1	74.0	350	75	3	76	420	1	339	7.96e-161	461
JAQLTW010000001.1_390	WP_012659897.1	78.7	169	36	0	1	169	1	169	8.42e-88	259
JAQLTW010000001.1_391	AGB14805.1	30.5	863	494	15	2	833	3	790	7.02e-74	275
JAQLTW010000001.1_392	WP_012659899.1	62.3	478	156	3	65	525	10	480	2.22e-167	487
JAQLTW010000001.1_393	WP_012659900.1	86.5	267	35	1	43	309	46	311	2.54e-166	469
JAQLTW010000001.1_394	WP_012659901.1	86.8	326	41	1	1	324	1	326	1.67e-198	552
JAQLTW010000001.1_395	WP_012659902.1	87.1	263	34	0	1	263	1	263	3.18e-155	437
JAQLTW010000001.1_396	WP_012659903.1	95.7	279	12	0	1	279	1	279	1.01e-159	450
JAQLTW010000001.1_397	WP_012659904.1	84.8	441	67	0	18	458	13	453	2.15e-275	757
JAQLTW010000001.1_398	WP_012659905.1	84.4	315	32	3	1	304	1	309	6.94e-183	511
JAQLTW010000001.1_399	WP_012659906.1	77.2	399	83	2	15	413	6	396	1.46e-194	549
JAQLTW010000001.1_400	WP_012659907.1	94.5	165	9	0	1	165	1	165	7.27e-106	304
JAQLTW010000001.1_401	WP_012659930.1	78.0	368	80	1	1	367	1	368	1.21e-195	548
JAQLTW010000001.1_402	WP_012659931.1	74.6	397	87	3	1	397	1	383	3.40e-193	544
JAQLTW010000001.1_404	WP_012659933.1	83.8	388	62	1	1	388	1	387	3.10e-229	635
JAQLTW010000001.1_405	WP_005581444.1	62.3	159	60	0	9	167	5	163	7.59e-62	193
JAQLTW010000001.1_406	WP_012659936.1	86.1	202	28	0	1	202	1	202	1.84e-120	344
JAQLTW010000001.1_407	WP_012659937.1	92.8	138	10	0	1	138	1	138	9.09e-87	254
JAQLTW010000001.1_408	WP_012659938.1	98.7	232	3	0	1	232	1	232	2.22e-167	465
JAQLTW010000001.1_409	WP_012659939.1	96.4	554	20	0	1	554	1	554	0.0	1089
JAQLTW010000001.1_410	WP_012659940.1	90.2	357	35	0	1	357	1	357	3.62e-231	637
JAQLTW010000001.1_411	WP_012659941.1	98.6	146	2	0	1	146	8	153	1.00e-93	272
JAQLTW010000001.1_412	WP_004049822.1	94.3	88	5	0	1	88	1	88	2.82e-44	142
JAQLTW010000001.1_414	WP_012659943.1	93.4	106	7	0	1	106	1	106	8.84e-63	191
JAQLTW010000001.1_415	WP_012659944.1	91.8	682	54	1	1	682	1	680	0.0	1230
JAQLTW010000001.1_416	WP_012659945.1	90.7	508	47	0	3	510	2	509	0.0	900
JAQLTW010000001.1_417	WP_012659946.1	85.5	503	70	2	1	500	1	503	8.74e-282	777
JAQLTW010000001.1_419	WP_012659948.1	78.9	76	15	1	1	76	1	75	3.39e-35	119
JAQLTW010000001.1_420	WP_012659949.1	87.0	92	12	0	1	92	1	92	3.09e-52	163
JAQLTW010000001.1_421	WP_012659950.1	62.5	578	203	5	44	610	74	648	7.30e-233	664
JAQLTW010000001.1_422	WP_012659951.1	91.8	926	76	0	1	926	1	926	0.0	1675
JAQLTW010000001.1_423	WP_012659952.1	82.7	266	46	0	1	266	1	266	6.64e-157	442
JAQLTW010000001.1_424	WP_012659953.1	81.1	238	45	0	1	238	1	238	2.02e-141	400
JAQLTW010000001.1_425	WP_012659954.1	85.9	640	71	2	1	628	1	633	0.0	1053
JAQLTW010000001.1_426	WP_012659955.1	88.5	382	42	1	1	380	1	382	4.67e-246	677
JAQLTW010000001.1_427	WP_015909673.1	86.8	410	54	0	1	410	1	410	2.34e-268	736
JAQLTW010000001.1_428	WP_015909674.1	94.8	287	15	0	1	287	1	287	6.20e-206	567
JAQLTW010000001.1_429	WP_015909675.1	90.6	585	55	0	1	585	1	585	0.0	1037
JAQLTW010000001.1_430	WP_015909676.1	85.0	214	32	0	20	233	1	214	8.64e-120	344
JAQLTW010000001.1_431	WP_015909634.1	90.9	341	31	0	1	341	1	341	2.16e-240	659
JAQLTW010000001.1_434	WP_015909688.1	88.3	196	21	1	1	194	1	196	4.61e-119	340
JAQLTW010000001.1_435	WP_015909627.1	72.6	636	130	5	1	635	1	593	5.54e-305	845
JAQLTW010000001.1_437	WP_015909628.1	84.4	244	38	0	1	244	1	244	2.68e-149	421
JAQLTW010000001.1_438	WP_004041442.1	61.5	525	181	6	7	531	5	508	2.07e-217	616
JAQLTW010000001.1_439	WP_015909686.1	88.5	131	15	0	3	133	2	132	6.75e-80	236
JAQLTW010000001.1_440	WP_015909685.1	91.9	271	22	0	2	272	5	275	6.08e-172	480
JAQLTW010000001.1_441	WP_015909684.1	90.1	393	39	0	1	393	1	393	2.01e-253	696
JAQLTW010000001.1_442	WP_015909683.1	95.5	177	8	0	1	177	1	177	1.62e-117	335
JAQLTW010000001.1_444	WP_015909681.1	84.6	280	43	0	1	280	22	301	2.49e-168	473
JAQLTW010000001.1_446	WP_049933259.1	81.0	253	48	0	1	253	10	262	6.90e-152	429
JAQLTW010000001.1_448	WP_015909677.1	88.2	365	43	0	1	365	1	365	4.23e-232	640
JAQLTW010000001.1_449	WP_015909636.1	88.8	1050	118	0	1	1050	1	1050	0.0	1906
JAQLTW010000001.1_450	WP_015909637.1	73.6	178	24	2	1	156	1	177	6.28e-78	234
JAQLTW010000001.1_451	WP_015909638.1	93.1	130	9	0	1	130	13	142	3.15e-79	234
JAQLTW010000001.1_452	WP_015909639.1	95.2	312	15	0	1	312	1	312	4.43e-223	613
JAQLTW010000001.1_453	WP_015909640.1	91.3	631	55	0	1	631	1	631	0.0	1159
JAQLTW010000001.1_454	WP_015909641.1	90.6	265	25	0	1	265	1	265	2.06e-168	471
JAQLTW010000001.1_455	WP_015909642.1	68.6	118	37	0	1	118	10	127	2.70e-49	158
JAQLTW010000001.1_456	WP_015909645.1	83.1	124	21	0	10	133	1	124	8.84e-67	202
JAQLTW010000001.1_457	WP_015909646.1	87.9	414	50	0	1	414	1	414	1.51e-236	655
JAQLTW010000001.1_458	WP_015909647.1	86.3	320	44	0	1	320	1	320	1.00e-191	534
JAQLTW010000001.1_459	WP_015909648.1	94.0	150	9	0	1	150	1	150	1.11e-95	277
JAQLTW010000001.1_460	WP_006628863.1	100	58	0	0	1	58	1	58	2.79e-33	112
JAQLTW010000001.1_461	WP_015909649.1	93.8	386	24	0	1	386	1	386	8.03e-245	674
JAQLTW010000001.1_462	WP_015909650.1	69.7	502	109	4	1	483	1	478	6.56e-229	642
JAQLTW010000001.1_463	WP_015909651.1	81.3	316	59	0	1	316	1	316	1.40e-159	452
JAQLTW010000001.1_465	WP_015909653.1	71.4	315	77	2	1	302	1	315	3.17e-152	433
JAQLTW010000001.1_466	WP_015909654.1	81.5	449	82	1	1	448	1	449	1.82e-284	780
JAQLTW010000001.1_472	WP_015909660.1	87.9	1567	184	2	1	1562	1	1567	0.0	2704
JAQLTW010000001.1_473	WP_015909661.1	80.2	717	96	4	1	710	1	678	0.0	1074
JAQLTW010000001.1_474	WP_121919103.1	55.8	172	71	3	1	171	6	173	1.00e-58	186
JAQLTW010000001.1_475	WP_012660269.1	60.0	70	28	0	6	75	5	74	1.44e-22	98.6
JAQLTW010000001.1_477	WP_012943878.1	40.8	103	61	0	108	210	1190	1292	4.83e-09	65.5
JAQLTW010000001.1_478	WP_089672856.1	51.9	108	52	0	52	159	61	168	4.84e-31	115
JAQLTW010000001.1_479	WP_010546772.1	63.5	509	168	5	16	521	4	497	2.70e-227	641
JAQLTW010000001.1_484	WP_013879356.1	77.8	63	14	0	55	117	5	67	1.53e-31	111
JAQLTW010000001.1_485	WP_012943362.1	38.3	227	127	4	1	214	1	227	1.34e-32	122
JAQLTW010000001.1_486	WP_015909671.1	84.7	484	72	1	18	501	1	482	3.17e-283	781
JAQLTW010000001.1_487	WP_015909672.1	89.7	535	54	1	1	534	1	535	0.0	946
JAQLTW010000001.1_488	WP_006057046.1	56.3	311	114	5	9	298	1	310	1.72e-109	325
JAQLTW010000001.1_489	WP_015762577.1	71.1	432	123	1	1	432	1	430	8.69e-214	599
JAQLTW010000001.1_490	WP_012659956.1	89.9	348	35	0	5	352	3	350	4.92e-226	624
JAQLTW010000001.1_491	WP_012659957.1	87.1	85	11	0	1	85	1	85	6.05e-49	154
JAQLTW010000001.1_492	WP_012659958.1	57.6	269	89	4	1	255	1	258	1.37e-88	268
JAQLTW010000001.1_493	WP_103427577.1	56.6	249	86	5	12	260	6	232	2.53e-85	259
JAQLTW010000001.1_494	WP_012659962.1	89.0	346	38	0	1	346	1	346	1.04e-229	632
JAQLTW010000001.1_496	WP_012659963.1	83.4	392	55	2	1	392	1	382	3.86e-232	642
JAQLTW010000001.1_497	WP_012659964.1	83.0	440	72	1	1	440	1	437	1.09e-257	711
JAQLTW010000001.1_498	WP_015909689.1	82.7	415	65	1	1	415	1	408	1.29e-240	665
JAQLTW010000001.1_499	WP_015909629.1	64.3	350	90	4	1	348	1	317	1.37e-133	394
JAQLTW010000001.1_500	WP_015909630.1	81.7	388	63	1	1	388	1	380	9.01e-204	570
JAQLTW010000001.1_501	WP_015909631.1	61.2	405	128	4	31	422	25	413	1.82e-138	408
JAQLTW010000001.1_502	WP_012659965.1	84.8	328	50	0	1	328	1	328	1.50e-198	552
JAQLTW010000001.1_505	WP_011224372.1	43.6	365	166	6	33	385	28	364	2.72e-77	248
JAQLTW010000001.1_507	WP_012660007.1	91.4	491	42	0	1	491	1	491	0.0	923
JAQLTW010000001.1_508	WP_015909531.1	88.5	200	22	1	1	199	1	200	1.28e-125	357
JAQLTW010000001.1_509	WP_015909534.1	73.8	168	33	3	16	172	1	168	7.74e-76	229
JAQLTW010000001.1_510	WP_015909533.1	92.0	276	22	0	1	276	1	276	4.09e-185	514
JAQLTW010000001.1_511	WP_013881731.1	60.6	155	61	0	1	155	1	155	3.69e-62	193
JAQLTW010000001.1_512	WP_015909532.1	88.4	395	46	0	1	395	1	395	5.92e-263	721
JAQLTW010000001.1_513	WP_049933222.1	95.9	369	15	0	1	369	1	369	8.97e-254	695
JAQLTW010000001.1_515	WP_015909803.1	69.7	396	102	3	1	385	1	389	1.29e-179	509
JAQLTW010000001.1_516	WP_015909802.1	89.7	340	35	0	4	343	1	340	7.08e-228	627
JAQLTW010000001.1_518	WP_015762494.1	60.6	264	104	0	1	264	1	264	4.66e-99	295
JAQLTW010000001.1_519	WP_012660247.1	82.5	309	54	0	1	309	1	309	9.49e-166	468
JAQLTW010000001.1_521	WP_077206479.1	40.9	237	132	7	1	235	1	231	2.33e-40	143
JAQLTW010000001.1_522	WP_015909788.1	88.4	232	27	0	1	232	1	232	7.49e-146	411
JAQLTW010000001.1_523	WP_006054352.1	64.7	102	36	0	10	111	1	102	2.84e-39	131
JAQLTW010000001.1_525	WP_010902305.1	76.2	63	15	0	1	63	1	63	1.68e-28	101
JAQLTW010000001.1_526	WP_015909786.1	88.7	212	24	0	1	212	1	212	2.17e-130	370
JAQLTW010000001.1_527	WP_015909785.1	78.3	267	58	0	44	310	20	286	1.29e-128	373
JAQLTW010000001.1_529	WP_015909783.1	85.8	260	37	0	1	260	1	260	2.54e-155	437
JAQLTW010000001.1_530	WP_004594564.1	40.6	101	60	0	14	114	14	114	7.48e-17	75.9
JAQLTW010000001.1_531	WP_049951575.1	55.9	290	125	2	19	308	1	287	2.04e-115	339
JAQLTW010000001.1_532	WP_121920642.1	41.3	230	135	0	1	230	1	230	1.02e-57	188
JAQLTW010000001.1_535	WP_006056262.1	67.0	327	108	0	8	334	19	345	2.01e-138	401
JAQLTW010000001.1_536	WP_007140769.1	77.4	474	107	0	23	496	1	474	2.30e-278	767
JAQLTW010000001.1_538	WP_008524865.1	66.7	618	206	0	15	632	15	632	4.27e-278	779
JAQLTW010000001.1_539	WP_108381325.1	63.5	74	27	0	1	74	1	74	2.60e-24	91.7
JAQLTW010000001.1_540	WP_008528393.1	64.4	303	108	0	1	303	1	303	1.37e-137	396
JAQLTW010000001.1_541	WP_015909782.1	86.2	770	72	6	1	741	1	765	0.0	1206
JAQLTW010000001.1_542	WP_015909781.1	89.7	175	18	0	1	175	1	175	2.20e-110	317
JAQLTW010000001.1_543	WP_015909780.1	73.2	306	51	3	1	303	1	278	1.86e-154	437
JAQLTW010000001.1_545	WP_015909776.1	87.4	539	68	0	1	539	1	539	0.0	959
JAQLTW010000001.1_546	WP_015909775.1	73.9	733	169	5	1	732	1	712	0.0	935
JAQLTW010000001.1_547	WP_015909774.1	75.4	211	52	0	1	211	1	211	2.77e-112	325
JAQLTW010000001.1_548	WP_015909773.1	62.3	815	284	6	1	800	1	807	7.66e-190	568
JAQLTW010000001.1_551	WP_011224877.1	58.6	169	69	1	1	168	1	169	2.16e-64	200
JAQLTW010000001.1_552	WP_015909766.1	86.9	359	46	1	1	359	1	358	3.06e-226	625
JAQLTW010000001.1_554	WP_010546820.1	46.3	717	334	13	10	719	5	677	2.14e-198	582
JAQLTW010000001.1_555	WP_015909764.1	80.5	226	41	1	1	226	1	223	2.91e-132	376
JAQLTW010000001.1_557	WP_011321749.1	79.9	174	35	0	4	177	2	175	2.24e-102	296
JAQLTW010000001.1_559	WP_015909581.1	92.5	134	10	0	1	134	1	134	2.24e-76	227
JAQLTW010000001.1_560	WP_015909582.1	92.7	384	28	0	1	384	1	384	5.19e-256	702
JAQLTW010000001.1_561	WP_015909583.1	61.4	171	62	2	1	169	1	169	7.56e-62	193
JAQLTW010000001.1_563	WP_015909584.1	86.5	111	15	0	1	111	1	111	3.36e-58	179
JAQLTW010000001.1_564	WP_015909585.1	92.4	434	33	0	1	434	1	434	1.40e-283	776
JAQLTW010000001.1_565	WP_020931434.1	53.8	65	30	0	3	67	695	759	4.09e-14	74.7
JAQLTW010000001.1_566	WP_015909928.1	62.3	130	38	3	22	148	1	122	2.57e-39	134
JAQLTW010000001.1_567	WP_015909927.1	84.0	81	13	0	1	81	1	81	8.20e-43	138
JAQLTW010000001.1_568	WP_015909926.1	91.5	293	25	0	1	293	1	293	4.97e-187	521
JAQLTW010000001.1_569	WP_015909925.1	90.3	445	43	0	1	445	1	445	3.27e-283	776
JAQLTW010000001.1_570	WP_015909924.1	90.2	499	49	0	2	500	4	502	0.0	886
JAQLTW010000001.1_571	WP_070364412.1	72.6	522	143	0	1	522	1	522	7.58e-277	766
JAQLTW010000001.1_572	WP_077207071.1	50.7	138	65	2	11	145	3	140	3.75e-33	119
JAQLTW010000001.1_573	WP_011223214.1	71.5	274	78	0	7	280	479	752	8.17e-121	367
JAQLTW010000001.1_574	WP_015909921.1	90.3	566	55	0	1	566	1	566	0.0	1001
JAQLTW010000001.1_576	WP_015909919.1	85.5	249	36	0	1	249	1	249	2.52e-139	397
JAQLTW010000001.1_577	WP_015909918.1	85.2	149	22	0	1	149	1	149	5.90e-86	253
JAQLTW010000001.1_578	WP_015909917.1	80.5	385	74	1	1	385	1	384	5.88e-214	596
JAQLTW010000001.1_579	WP_015909587.1	88.4	388	43	1	1	386	1	388	9.61e-230	636
JAQLTW010000001.1_580	WP_079891015.1	56.3	364	126	3	9	369	1	334	2.69e-129	380
JAQLTW010000001.1_581	WP_004963535.1	79.1	91	19	0	1	91	1	91	2.64e-39	130
JAQLTW010000001.1_582	WP_011224857.1	80.8	104	18	1	1	104	1	102	1.99e-52	164
JAQLTW010000001.1_583	WP_004963540.1	72.9	181	47	1	1	179	1	181	1.73e-79	239
JAQLTW010000001.1_584	WP_004963542.1	77.6	143	32	0	13	155	4	146	2.39e-70	214
JAQLTW010000001.1_585	WP_007188191.1	79.3	116	24	0	4	119	3	118	2.57e-61	188
JAQLTW010000001.1_586	WP_011224856.1	75.3	497	118	3	1	492	1	497	1.08e-229	645
JAQLTW010000001.1_587	WP_011224855.1	80.9	564	102	3	1	558	1	564	2.37e-305	842
JAQLTW010000001.1_588	WP_089671390.1	76.0	600	127	2	4	598	12	599	0.0	887
JAQLTW010000001.1_590	WP_015909547.1	92.3	117	9	0	1	117	1	117	4.16e-73	218
JAQLTW010000001.1_591	WP_128477498.1	33.8	305	176	7	1	282	1	302	1.98e-30	121
JAQLTW010000001.1_592	WP_015909548.1	75.3	279	48	4	1	272	1	265	2.25e-138	395
JAQLTW010000001.1_593	WP_015909549.1	90.7	356	33	0	1	356	1	356	5.31e-244	669
JAQLTW010000001.1_594	WP_015909550.1	90.0	211	21	0	1	211	1	211	9.55e-129	366
JAQLTW010000001.1_595	WP_015909551.1	86.0	114	16	0	1	114	1	114	5.75e-65	197
JAQLTW010000001.1_597	WP_015909552.1	88.9	235	26	0	3	237	4	238	2.42e-151	425
JAQLTW010000001.1_598	WP_015909553.1	87.5	417	52	0	1	417	1	417	7.97e-263	722
JAQLTW010000001.1_599	WP_015909554.1	66.1	277	88	1	1	271	17	293	6.08e-113	332
JAQLTW010000001.1_600	WP_015909555.1	88.8	152	17	0	1	152	1	152	3.26e-96	279
JAQLTW010000001.1_601	WP_015909556.1	70.1	194	52	2	10	197	1	194	4.45e-85	254
JAQLTW010000001.1_602	WP_015909557.1	83.3	311	48	2	1	311	1	307	5.31e-156	443
JAQLTW010000001.1_604	WP_015909559.1	65.6	215	63	3	1	206	1	213	1.45e-85	256
JAQLTW010000001.1_605	WP_121920615.1	38.8	224	116	5	1	222	1	205	2.69e-21	93.2
JAQLTW010000001.1_606	WP_015909561.1	71.1	121	35	0	4	124	10	130	1.05e-50	162
JAQLTW010000001.1_607	WP_015909562.1	80.8	219	40	1	1	219	1	217	8.20e-125	357
JAQLTW010000001.1_608	WP_015909564.1	98.0	347	7	0	1	347	1	347	7.15e-258	704
JAQLTW010000001.1_611	WP_103426652.1	51.1	219	94	1	137	355	25	230	9.41e-69	220
JAQLTW010000001.1_612	WP_015909565.1	77.9	145	32	0	34	178	1	145	5.78e-71	216
JAQLTW010000001.1_613	WP_015909566.1	94.9	217	11	0	1	217	1	217	4.87e-155	433
JAQLTW010000001.1_614	WP_015909567.1	89.9	786	74	2	1	786	1	781	0.0	1407
JAQLTW010000001.1_616	WP_006056367.1	76.6	398	86	1	1	391	1	398	4.94e-225	625
JAQLTW010000001.1_617	WP_015909569.1	95.6	203	9	0	1	203	1	203	1.92e-140	395
JAQLTW010000001.1_618	WP_015909571.1	93.7	538	34	0	1	538	1	538	0.0	1029
JAQLTW010000001.1_620	WP_015910492.1	67.4	236	65	2	1	225	1	235	3.26e-106	310
JAQLTW010000001.1_621	WP_015910493.1	78.5	418	80	2	28	445	5	412	4.89e-206	580
JAQLTW010000001.1_622	WP_015910494.1	82.5	257	45	0	1	257	1	257	6.31e-136	388
JAQLTW010000001.1_623	WP_015910495.1	80.3	488	89	1	1	488	1	481	1.08e-285	786
JAQLTW010000001.1_624	WP_015910497.1	77.4	248	45	3	1	239	1	246	5.53e-126	362
JAQLTW010000001.1_625	WP_012807858.1	53.7	229	105	1	2	230	69	296	1.74e-79	245
JAQLTW010000001.1_626	WP_015910498.1	87.9	248	30	0	1	248	1	248	1.34e-159	447
JAQLTW010000001.1_627	WP_015762365.1	54.8	259	117	0	6	264	5	263	3.13e-88	271
JAQLTW010000001.1_628	WP_015910499.1	86.0	292	35	1	1	286	1	292	8.87e-132	386
JAQLTW010000001.1_632	WP_008523940.1	81.8	66	12	0	1	66	1	66	9.19e-31	107
JAQLTW010000001.1_633	WP_015762413.1	48.1	320	137	5	7	322	5	299	9.66e-92	288
JAQLTW010000001.1_635	WP_048165083.1	40.1	187	97	4	4	177	7	191	4.31e-31	118
JAQLTW010000001.1_639	WP_049933336.1	91.9	495	40	0	5	499	1	495	2.58e-317	867
JAQLTW010000001.1_640	WP_015909946.1	87.1	194	25	0	1	194	1	194	3.03e-114	328
JAQLTW010000001.1_641	WP_015909945.1	71.1	662	183	1	1	654	1	662	8.67e-317	879
JAQLTW010000001.1_642	WP_015909944.1	87.9	355	41	1	1	353	1	355	8.76e-226	623
JAQLTW010000001.1_643	WP_015909943.1	92.4	381	29	0	1	381	1	381	1.26e-250	688
JAQLTW010000001.1_644	WP_015909942.1	66.3	653	149	8	1	636	1	599	2.38e-278	781
JAQLTW010000001.1_645	WP_049933668.1	85.7	154	22	0	1	154	1	154	2.78e-91	266
JAQLTW010000001.1_646	WP_015909939.1	89.7	438	35	2	1	431	1	435	1.91e-285	781
JAQLTW010000001.1_647	WP_015909938.1	69.4	242	66	2	1	242	1	234	2.32e-116	337
JAQLTW010000001.1_648	WP_015909937.1	78.9	313	65	1	1	312	1	313	1.40e-166	470
JAQLTW010000001.1_649	WP_049933331.1	94.8	230	12	0	1	230	4	233	9.59e-155	433
JAQLTW010000001.1_650	WP_049933666.1	55.5	256	71	5	1	245	1	224	1.99e-82	251
JAQLTW010000001.1_651	WP_015909933.1	67.0	569	187	1	1	568	1	569	9.73e-261	729
JAQLTW010000001.1_652	WP_015909932.1	83.4	826	137	0	1	826	1	826	0.0	1295
JAQLTW010000001.1_654	WP_015909538.1	80.2	252	49	1	1	251	1	252	3.15e-148	419
JAQLTW010000001.1_655	WP_015909539.1	89.4	832	88	0	1	832	1	832	0.0	1526
JAQLTW010000001.1_658	WP_015909541.1	85.8	330	47	0	1	330	1	330	7.61e-208	576
JAQLTW010000001.1_659	WP_015909542.1	79.1	249	52	0	1	249	1	249	1.62e-141	401
JAQLTW010000001.1_660	WP_008418803.1	73.5	219	58	0	1	219	1	219	7.32e-114	329
JAQLTW010000001.1_661	WP_006054378.1	46.4	84	42	1	7	90	5	85	8.90e-16	70.9
JAQLTW010000001.1_663	WP_015909545.1	64.9	205	39	1	1	172	1	205	3.98e-65	203
JAQLTW010000001.1_665	WP_015909880.1	91.8	376	30	1	7	382	13	387	2.89e-244	672
JAQLTW010000001.1_666	WP_015909882.1	84.8	263	40	0	1	263	1	263	3.18e-156	440
JAQLTW010000001.1_667	WP_015909884.1	91.7	253	14	2	5	254	1	249	3.09e-161	451
JAQLTW010000001.1_668	WP_015909885.1	94.6	261	14	0	1	261	1	261	6.78e-177	492
JAQLTW010000001.1_669	WP_015909886.1	91.3	393	34	0	1	393	1	393	3.71e-249	686
JAQLTW010000001.1_670	WP_015909887.1	91.5	319	27	0	1	319	1	319	1.02e-195	544
JAQLTW010000001.1_671	WP_015909888.1	88.5	435	37	1	1	422	8	442	2.38e-253	699
JAQLTW010000001.1_672	WP_015909889.1	90.7	289	25	1	1	287	1	289	1.79e-190	528
JAQLTW010000001.1_673	WP_015909890.1	86.9	245	32	0	1	245	1	245	2.71e-154	433
JAQLTW010000001.1_674	WP_015909891.1	90.5	506	48	0	1	506	1	506	0.0	942
JAQLTW010000001.1_676	WP_015909907.1	76.2	265	63	0	1	265	1	265	2.80e-143	407
JAQLTW010000001.1_677	WP_015909908.1	67.9	349	98	6	7	349	3	343	3.87e-153	439
JAQLTW010000001.1_681	WP_015909913.1	66.4	369	109	4	15	369	1	368	4.52e-140	407
JAQLTW010000001.1_682	WP_049933323.1	89.0	309	34	0	1	309	1	309	1.81e-177	497
JAQLTW010000001.1_685	WP_096391077.1	67.8	339	94	2	1	325	1	338	3.48e-156	445
JAQLTW010000001.1_686	WP_096391076.1	70.1	241	72	0	47	287	33	273	3.33e-113	332
JAQLTW010000001.1_687	WP_096391075.1	67.8	236	70	1	14	249	7	236	1.35e-100	297
JAQLTW010000001.1_688	WP_079892086.1	94.1	341	20	0	1	341	32	372	7.68e-225	621
JAQLTW010000001.1_689	WP_015909624.1	91.0	609	48	2	1	603	1	608	0.0	1089
JAQLTW010000001.1_690	WP_015909623.1	95.4	195	9	0	53	247	45	239	2.06e-125	360
JAQLTW010000001.1_691	WP_015909622.1	94.6	352	18	1	1	352	1	351	4.29e-234	644
JAQLTW010000001.1_692	WP_014556365.1	76.3	469	111	0	1	469	1	469	3.38e-267	739
JAQLTW010000001.1_693	WP_011571929.1	64.8	196	69	0	9	204	5	200	1.05e-92	274
JAQLTW010000001.1_694	WP_015909619.1	88.3	332	39	0	1	332	1	332	3.10e-208	577
JAQLTW010000001.1_695	WP_015909618.1	94.9	118	6	0	1	118	1	118	3.45e-75	223
JAQLTW010000001.1_696	WP_015909617.1	93.3	179	12	0	1	179	1	179	7.05e-111	318
JAQLTW010000001.1_698	WP_015909611.1	84.7	354	37	4	1	348	1	343	2.54e-200	558
JAQLTW010000001.1_699	WP_119820130.1	66.7	216	72	0	9	224	12	227	6.42e-97	286
JAQLTW010000001.1_700	WP_015909609.1	75.9	557	133	1	36	592	46	601	9.64e-281	783
JAQLTW010000001.1_701	WP_015909608.1	72.6	230	58	2	1	225	1	230	1.81e-99	293
JAQLTW010000001.1_702	WP_015909607.1	90.8	142	13	0	1	142	1	142	7.19e-88	258
JAQLTW010000001.1_703	WP_015909606.1	82.5	160	28	0	1	160	1	160	1.45e-89	263
JAQLTW010000001.1_704	WP_049933653.1	63.0	165	46	2	6	170	10	159	2.70e-59	187
JAQLTW010000001.1_705	WP_103425788.1	56.0	134	58	1	12	144	9	142	7.76e-43	143
JAQLTW010000001.1_707	WP_015909603.1	90.5	358	28	2	1	358	1	352	2.11e-206	574
JAQLTW010000001.1_708	WP_015909602.1	95.1	246	12	0	1	246	1	246	1.79e-164	459
JAQLTW010000001.1_709	WP_015909601.1	82.2	342	56	2	1	342	1	337	2.46e-181	509
JAQLTW010000001.1_710	WP_015909600.1	72.2	176	34	1	1	161	1	176	8.86e-74	223
JAQLTW010000001.1_711	WP_015909599.1	95.9	241	10	0	10	250	1	241	5.64e-161	450
JAQLTW010000001.1_713	WP_049893719.1	39.3	331	120	4	1	330	6	256	7.84e-72	228
JAQLTW010000001.1_714	WP_015909866.1	80.5	507	86	3	1	502	1	499	4.70e-281	775
JAQLTW010000001.1_715	WP_015909865.1	86.7	459	61	0	1	459	1	459	2.04e-284	780
JAQLTW010000001.1_716	WP_015909864.1	91.3	577	49	1	9	584	1	577	0.0	1071
JAQLTW010000001.1_717	WP_015909863.1	94.7	494	26	0	1	494	1	494	0.0	949
JAQLTW010000001.1_721	WP_015909861.1	75.8	389	94	0	1	389	1	389	1.80e-213	595
JAQLTW010000001.1_722	WP_015909860.1	77.5	227	51	0	1	227	1	227	1.88e-113	328
JAQLTW010000001.1_723	WP_007141257.1	67.6	216	68	1	1	214	1	216	1.99e-98	290
JAQLTW010000001.1_724	WP_015909690.1	87.9	91	11	0	1	91	1	91	4.08e-53	165
JAQLTW010000001.1_725	WP_049940806.1	79.7	64	13	0	1	64	1	64	5.98e-33	112
JAQLTW010000001.1_728	WP_015909693.1	79.9	144	29	0	1	144	1	144	1.87e-75	227
JAQLTW010000001.1_729	WP_015909694.1	78.2	477	102	1	1	475	1	477	9.23e-262	724
JAQLTW010000001.1_731	WP_015909696.1	88.4	164	19	0	1	164	1	164	3.07e-102	295
JAQLTW010000001.1_732	WP_015909697.1	80.2	182	23	1	1	169	1	182	9.56e-95	279
JAQLTW010000001.1_733	WP_015909698.1	84.1	359	57	0	1	359	1	359	2.34e-228	630
JAQLTW010000001.1_735	WP_015909700.1	91.6	227	19	0	1	227	1	227	2.29e-153	429
JAQLTW010000001.1_736	WP_015910640.1	92.0	427	34	0	1	427	1	427	8.87e-288	786
JAQLTW010000001.1_737	WP_014050359.1	39.2	143	66	1	123	265	141	262	6.76e-21	94.7
JAQLTW010000001.1_738	WP_015910642.1	93.4	317	21	0	1	317	1	317	6.36e-196	548
JAQLTW010000001.1_739	WP_015910643.1	86.0	214	30	0	1	214	1	214	4.27e-122	349
JAQLTW010000001.1_740	WP_015910644.1	84.5	568	67	4	1	562	1	553	0.0	919
JAQLTW010000001.1_741	WP_015910645.1	85.8	197	28	0	1	197	1	197	2.14e-125	356
JAQLTW010000001.1_742	WP_015910646.1	84.4	147	23	0	67	213	58	204	1.89e-82	251
JAQLTW010000001.1_745	WP_015910649.1	62.7	747	236	4	7	735	12	733	1.69e-307	862
JAQLTW010000001.1_746	WP_015910650.1	90.5	412	39	0	1	412	1	412	1.02e-281	769
JAQLTW010000001.1_747	WP_015910651.1	75.7	185	45	0	5	189	8	192	3.82e-102	297
JAQLTW010000001.1_748	WP_012660130.1	60.7	407	152	2	1	405	1	401	1.46e-117	353
JAQLTW010000001.1_750	WP_015910653.1	78.3	346	67	1	1	338	1	346	1.60e-178	503
JAQLTW010000001.1_751	WP_015910654.1	73.0	178	40	2	1	170	1	178	3.47e-83	248
JAQLTW010000001.1_752	AGB15396.1	49.7	199	70	3	1	199	1	169	4.66e-49	163
JAQLTW010000001.1_753	WP_015910656.1	78.9	190	40	0	1	190	1	190	1.78e-105	305
JAQLTW010000001.1_754	WP_015910661.1	90.3	463	33	1	1	451	1	463	7.43e-298	815
JAQLTW010000001.1_755	WP_015910662.1	86.6	202	21	1	1	202	1	196	5.32e-127	360
JAQLTW010000001.1_756	WP_128475918.1	57.1	252	106	1	1	250	1	252	4.02e-83	254
JAQLTW010000001.1_757	WP_015910373.1	92.5	199	15	0	9	207	1	199	1.01e-142	400
JAQLTW010000001.1_759	WP_015910371.1	76.2	302	71	1	1	302	1	301	3.26e-156	443
JAQLTW010000001.1_761	WP_015910369.1	73.7	114	30	0	1	114	1	114	1.33e-57	178
JAQLTW010000001.1_763	WP_015910816.1	82.2	275	49	0	1	275	1	275	4.35e-152	430
JAQLTW010000001.1_764	WP_015910817.1	68.9	350	91	3	15	362	4	337	3.68e-152	437
JAQLTW010000001.1_765	WP_015910818.1	72.2	151	42	0	23	173	24	174	2.81e-75	228
JAQLTW010000001.1_767	WP_015910821.1	72.7	308	82	1	1	308	1	306	2.03e-146	419
JAQLTW010000001.1_768	WP_015910822.1	76.6	419	97	1	1	419	1	418	1.33e-213	598
JAQLTW010000001.1_769	WP_015910823.1	82.2	676	109	3	1	676	1	665	0.0	1036
JAQLTW010000001.1_770	WP_015910824.1	75.8	153	37	0	1	153	1	153	2.43e-80	239
JAQLTW010000001.1_772	WP_015910826.1	75.6	558	135	1	1	557	1	558	8.45e-283	785
JAQLTW010000001.1_773	WP_015910827.1	62.7	244	78	2	1	242	1	233	2.42e-88	266
JAQLTW010000001.1_774	WP_015910828.1	88.1	135	13	2	1	133	1	134	3.69e-75	224
JAQLTW010000001.1_776	WP_015910830.1	90.6	361	34	0	1	361	1	361	4.33e-241	662
JAQLTW010000001.1_777	WP_015910831.1	72.8	228	54	2	1	223	1	225	7.44e-100	294
JAQLTW010000001.1_778	WP_015910832.1	80.5	447	86	1	1	446	1	447	6.07e-238	662
JAQLTW010000001.1_779	WP_015910860.1	76.8	272	49	2	1	270	1	260	2.86e-143	407
JAQLTW010000001.1_780	WP_015910859.1	86.2	499	62	1	1	492	1	499	5.57e-303	830
JAQLTW010000001.1_781	WP_015910133.1	84.5	110	17	0	1	110	1	110	1.44e-63	193
JAQLTW010000001.1_782	WP_015910132.1	91.2	148	13	0	1	148	1	148	1.36e-95	277
JAQLTW010000001.1_785	WP_015910130.1	87.9	1025	122	1	1	1025	1	1023	0.0	1819
JAQLTW010000001.1_786	WP_015910129.1	79.4	102	18	1	1	102	1	99	4.36e-50	158
JAQLTW010000001.1_790	WP_015910085.1	82.8	186	32	0	1	186	1	186	5.68e-111	319
JAQLTW010000001.1_791	WP_010904211.1	83.6	61	10	0	1	61	1	61	1.12e-30	107
JAQLTW010000001.1_792	WP_015909805.1	80.9	314	60	0	1	314	1	314	1.20e-159	452
JAQLTW010000001.1_793	WP_015909806.1	78.5	1012	208	4	1	1011	1	1003	0.0	1592
JAQLTW010000001.1_794	WP_095043921.1	33.0	221	131	6	137	342	141	359	5.53e-22	102
JAQLTW010000001.1_797	WP_015761617.1	36.8	514	252	20	3	503	4	457	4.00e-80	262
JAQLTW010000001.1_798	WP_086889181.1	68.0	328	97	3	1	324	1	324	1.68e-150	430
JAQLTW010000001.1_799	AGB15610.1	46.5	475	244	2	12	486	2	466	2.31e-137	409
JAQLTW010000001.1_800	WP_070365099.1	36.5	559	324	8	5	557	1	534	9.88e-105	334
JAQLTW010000001.1_801	WP_077207068.1	50.3	382	176	4	1	368	1	382	6.16e-130	382
JAQLTW010000001.1_802	WP_049894308.1	59.9	342	136	1	16	357	1	341	2.80e-140	406
JAQLTW010000001.1_803	WP_077204900.1	57.8	282	113	1	3	278	2	283	5.69e-117	342
JAQLTW010000001.1_804	WP_096389007.1	39.8	337	203	0	25	361	17	353	1.47e-72	234
JAQLTW010000001.1_805	WP_077204899.1	65.2	515	178	1	1	515	1	514	1.12e-246	689
JAQLTW010000001.1_806	WP_015763701.1	60.8	380	146	1	3	379	5	384	4.80e-168	479
JAQLTW010000001.1_807	WP_014051109.1	78.4	292	63	0	1	292	14	305	1.20e-170	479
JAQLTW010000001.1_808	WP_015909815.1	86.4	316	43	0	20	335	24	339	1.28e-197	551
JAQLTW010000001.1_809	WP_015909816.1	84.5	323	44	1	1	323	1	317	1.88e-195	544
JAQLTW010000001.1_810	WP_015909817.1	92.1	382	30	0	1	382	1	382	6.32e-256	702
JAQLTW010000001.1_811	WP_015909818.1	77.9	276	61	0	1	276	1	276	2.71e-153	434
JAQLTW010000001.1_813	WP_015909821.1	84.9	630	80	3	1	630	1	615	0.0	1009
JAQLTW010000001.1_814	WP_015909822.1	78.0	391	86	0	1	391	1	391	1.98e-156	451
JAQLTW010000001.1_815	WP_008527794.1	49.2	122	61	1	1	122	1	121	2.29e-37	128
JAQLTW010000001.1_816	WP_015909825.1	81.1	402	76	0	1	402	1	402	2.51e-191	540
JAQLTW010000001.1_817	WP_015909826.1	77.9	443	93	1	1	443	1	438	2.05e-237	660
JAQLTW010000001.1_821	WP_049953871.1	47.7	107	55	1	11	116	19	125	1.44e-21	87.8
JAQLTW010000001.1_822	WP_096300619.1	36.6	131	83	0	28	158	107	237	2.43e-09	62.4
JAQLTW010000001.1_823	WP_013806447.1	44.9	69	38	0	26	94	7	75	1.56e-07	57.0
JAQLTW010000001.1_825	WP_015909846.1	90.4	302	29	0	1	302	1	302	2.18e-202	560
JAQLTW010000001.1_826	WP_011570516.1	67.4	334	109	0	1	334	1	334	2.97e-144	415
JAQLTW010000001.1_829	WP_015909847.1	84.9	417	63	0	1	417	1	417	3.57e-258	711
JAQLTW010000001.1_830	WP_119818104.1	87.3	323	41	0	1	323	1	323	1.52e-215	595
JAQLTW010000001.1_831	WP_015909849.1	82.5	446	78	0	1	446	1	446	6.56e-282	773
JAQLTW010000001.1_836	WP_096388919.1	65.7	300	79	4	1	300	1	276	2.62e-98	295
JAQLTW010000001.1_837	WP_015909855.1	93.9	395	24	0	1	395	1	395	1.19e-278	760
JAQLTW010000001.1_839	WP_015909858.1	79.9	259	51	1	1	258	1	259	1.49e-137	392
JAQLTW010000001.1_840	WP_015909859.1	96.8	189	6	0	1	189	1	189	4.55e-123	350
JAQLTW010000001.1_841	WP_015909704.1	90.2	225	22	0	1	225	1	225	8.21e-146	410
JAQLTW010000001.1_842	WP_014050669.1	39.6	452	264	4	13	460	37	483	2.91e-88	284
JAQLTW010000001.1_843	WP_004961887.1	42.9	240	137	0	11	250	65	304	2.12e-50	178
JAQLTW010000001.1_844	WP_015909703.1	72.5	102	17	1	1	102	1	91	2.82e-46	148
JAQLTW010000001.1_845	WP_015910490.1	90.7	324	30	0	1	324	1	324	4.08e-193	538
JAQLTW010000001.1_847	WP_015910488.1	91.0	488	43	1	1	488	1	487	1.07e-305	837
JAQLTW010000001.1_848	WP_119816524.1	52.8	218	103	0	133	350	328	545	9.19e-66	222
JAQLTW010000001.1_851	WP_020446736.1	67.1	237	78	0	19	255	5	241	8.30e-102	301
JAQLTW010000001.1_852	WP_015910483.1	83.3	432	70	1	1	430	1	432	1.31e-245	680
JAQLTW010000001.1_853	WP_081443478.1	39.1	266	126	10	2	238	23	281	1.25e-40	145
JAQLTW010000001.1_854	WP_015910481.1	88.1	369	44	0	1	369	1	369	7.61e-223	617
JAQLTW010000001.1_855	WP_015910480.1	88.9	388	43	0	1	388	1	388	5.21e-258	707
JAQLTW010000001.1_856	WP_128478694.1	44.3	522	258	5	12	504	2	519	8.27e-144	428
JAQLTW010000001.1_857	WP_015910479.1	94.9	649	33	0	10	658	1	649	0.0	1250
JAQLTW010000001.1_858	WP_015910478.1	89.3	326	35	0	14	339	1	326	7.37e-205	568
JAQLTW010000001.1_859	WP_015910477.1	80.0	140	28	0	8	147	1	140	5.03e-80	237
JAQLTW010000001.1_860	WP_015910476.1	84.9	199	29	1	1	198	1	199	4.09e-122	348
JAQLTW010000001.1_876	WP_103428369.1	37.5	488	252	16	52	500	49	522	6.21e-76	254
JAQLTW010000001.1_877	WP_103428368.1	29.2	774	459	26	56	781	42	774	8.97e-75	265
JAQLTW010000001.1_880	WP_096390013.1	28.8	233	134	9	1	219	1	215	3.14e-14	75.1
JAQLTW010000001.1_882	AFU59198.1	23.9	828	478	27	206	953	193	948	3.07e-37	157
JAQLTW010000001.1_888	WP_049943664.1	55.8	337	144	4	5	339	3	336	1.38e-129	379
JAQLTW010000001.1_890	WP_011323642.1	74.0	954	248	0	1	954	1	954	0.0	1432
JAQLTW010000001.1_891	WP_013158442.1	25.7	420	250	13	26	438	4	368	7.33e-10	66.6
JAQLTW010000001.1_892	WP_014052088.1	54.7	693	270	9	4	691	5	658	1.72e-246	702
JAQLTW010000001.1_893	WP_096388958.1	81.0	357	63	2	1	353	1	356	1.13e-209	584
JAQLTW010000001.1_895	WP_015909894.1	61.6	216	83	0	1	216	1	216	1.38e-89	269
JAQLTW010000001.1_898	WP_015910024.1	80.4	637	102	6	1	637	1	614	0.0	957
JAQLTW010000001.1_901	WP_004214125.1	76.2	214	51	0	1	214	1	214	4.04e-104	304
JAQLTW010000001.1_902	WP_015910159.1	78.6	341	73	0	1	341	8	348	4.56e-162	461
JAQLTW010000001.1_903	WP_015910158.1	64.1	713	188	6	1	710	1	648	2.47e-242	692
JAQLTW010000001.1_904	WP_015910157.1	86.6	313	38	1	1	309	1	313	2.35e-185	520
JAQLTW010000001.1_906	WP_008417111.1	54.1	122	52	2	30	150	15	133	1.68e-38	132
JAQLTW010000001.1_907	WP_015910153.1	85.5	159	23	0	1	159	1	159	5.59e-103	296
JAQLTW010000001.1_908	WP_012944815.1	61.3	150	56	2	1	149	1	149	1.96e-54	173
JAQLTW010000001.1_909	WP_015910151.1	82.8	128	21	1	1	128	1	127	7.91e-68	205
JAQLTW010000001.1_912	WP_015910149.1	79.5	83	17	0	1	83	9	91	7.44e-42	136
JAQLTW010000001.1_913	WP_015910148.1	72.5	510	106	4	1	510	1	476	1.03e-245	686
JAQLTW010000001.1_914	WP_015910147.1	82.8	389	39	1	1	361	1	389	5.05e-203	567
JAQLTW010000001.1_915	WP_015910146.1	86.0	536	72	2	1	535	1	534	0.0	907
JAQLTW010000001.1_916	WP_015910145.1	83.4	410	68	0	2	411	8	417	4.60e-231	644
JAQLTW010000001.1_917	WP_015910144.1	84.6	350	52	1	12	359	1	350	5.62e-197	550
JAQLTW010000001.1_918	WP_119817901.1	44.5	265	145	2	1	263	1	265	1.73e-65	210
JAQLTW010000001.1_919	WP_015910143.1	92.1	456	36	0	1	456	1	456	8.68e-312	849
JAQLTW010000001.1_920	WP_015319405.1	63.7	146	46	2	4	148	5	144	1.61e-61	191
JAQLTW010000001.1_921	WP_015910141.1	85.2	426	63	0	1	426	1	426	6.39e-269	738
JAQLTW010000001.1_922	WP_108381341.1	41.6	161	76	1	5	165	6	148	4.48e-38	132
JAQLTW010000001.1_923	WP_015910856.1	87.0	609	69	1	1	609	1	599	0.0	1061
JAQLTW010000001.1_926	WP_015909743.1	85.6	500	72	0	12	511	1	500	2.04e-303	832
JAQLTW010000001.1_927	WP_015909744.1	84.2	146	20	1	1	146	1	143	4.90e-76	227
JAQLTW010000001.1_928	WP_015909745.1	70.1	561	162	4	1	559	1	557	1.47e-269	753
JAQLTW010000001.1_929	WP_015909747.1	87.1	255	33	0	1	255	1	255	4.62e-176	489
JAQLTW010000001.1_930	WP_015909749.1	60.9	925	336	4	1	903	1	921	0.0	1073
JAQLTW010000001.1_931	WP_015909750.1	66.9	130	37	1	19	148	10	133	3.52e-55	174
JAQLTW010000001.1_932	WP_015909751.1	91.0	388	35	0	1	388	1	388	7.22e-249	684
JAQLTW010000001.1_933	WP_015909752.1	90.0	250	25	0	1	250	1	250	1.51e-158	444
JAQLTW010000001.1_934	WP_015909754.1	86.8	266	35	0	1	266	1	266	4.11e-164	460
JAQLTW010000001.1_935	WP_015909755.1	94.7	57	3	0	1	57	1	57	1.83e-33	113
JAQLTW010000001.1_936	WP_015909756.1	96.8	93	3	0	1	93	1	93	1.02e-64	194
JAQLTW010000001.1_937	WP_015909757.1	80.6	211	40	1	1	211	13	222	9.64e-121	346
JAQLTW010000001.1_938	WP_015320114.1	66.3	718	216	7	2	717	5	698	0.0	967
JAQLTW010000001.1_939	WP_121919400.1	72.5	131	32	3	1	128	1	130	4.66e-62	191
JAQLTW010000001.1_940	WP_049933280.1	90.2	255	25	0	1	255	13	267	2.19e-154	435
JAQLTW010000001.1_941	WP_015909761.1	90.3	558	53	1	1	557	1	558	0.0	994
JAQLTW010000001.1_942	WP_015909762.1	83.7	221	36	0	1	221	1	221	3.67e-131	373
JAQLTW010000001.1_943	WP_015910083.1	64.4	857	282	3	9	843	20	875	0.0	1067
JAQLTW010000001.1_944	WP_015910082.1	89.4	132	14	0	1	132	1	132	2.02e-78	232
JAQLTW010000001.1_945	WP_011222534.1	72.8	452	123	0	1	452	1	452	2.12e-220	619
JAQLTW010000001.1_946	WP_015910081.1	85.4	240	35	0	1	240	1	240	2.03e-153	431
JAQLTW010000001.1_947	WP_011322545.1	51.7	346	157	3	18	363	16	351	4.54e-112	335
JAQLTW010000001.1_949	WP_015910079.1	87.9	247	30	0	1	247	1	247	1.07e-161	452
JAQLTW010000001.1_950	WP_128478701.1	48.2	440	203	7	40	475	42	460	1.46e-105	327
JAQLTW010000001.1_951	WP_015910078.1	89.8	364	37	0	1	364	1	364	1.23e-237	654
JAQLTW010000001.1_952	WP_015910077.1	85.5	166	24	0	19	184	15	180	2.85e-93	274
JAQLTW010000001.1_953	WP_015910076.1	85.0	200	30	0	1	200	1	200	2.81e-111	321
JAQLTW010000001.1_957	WP_015910063.1	82.5	394	69	0	7	400	1	394	1.31e-221	616
JAQLTW010000001.1_958	WP_015910062.1	88.7	388	44	0	1	388	1	388	3.06e-249	686
JAQLTW010000001.1_960	WP_015910061.1	93.3	326	21	1	1	325	1	326	1.04e-205	570
JAQLTW010000001.1_961	WP_015910060.1	85.9	156	22	0	1	156	1	156	2.55e-93	272
JAQLTW010000001.1_962	WP_015910059.1	62.9	807	226	9	1	758	1	783	4.72e-242	698
JAQLTW010000001.1_963	WP_004595838.1	97.8	91	2	0	1	91	11	101	1.79e-57	176
JAQLTW010000001.1_964	WP_015910057.1	90.2	468	29	1	1	468	1	451	1.58e-309	844
JAQLTW010000001.1_965	WP_015910055.1	84.9	285	43	0	1	285	1	285	1.18e-176	493
JAQLTW010000001.1_966	WP_015910054.1	94.4	162	9	0	1	162	1	162	1.08e-101	293
JAQLTW010000001.1_967	WP_015910053.1	92.6	379	28	0	1	379	1	379	1.81e-256	703
JAQLTW010000001.1_968	WP_015910052.1	95.1	384	19	0	1	384	1	384	8.41e-262	717
JAQLTW010000001.1_969	WP_011321799.1	63.9	230	81	2	19	248	256	483	1.51e-95	293
JAQLTW010000001.1_970	WP_015910051.1	91.2	136	10	1	1	136	1	134	1.13e-90	263
JAQLTW010000001.1_971	WP_015910050.1	80.0	70	14	0	1	70	1	70	2.93e-37	124
JAQLTW010000001.1_972	WP_015910049.1	90.0	361	36	0	1	361	1	361	5.64e-237	652
JAQLTW010000001.1_973	WP_015910048.1	91.7	819	66	1	1	819	1	817	0.0	1441
JAQLTW010000001.1_975	WP_015910047.1	84.0	312	49	1	1	311	9	320	8.16e-191	531
JAQLTW010000001.1_977	WP_015910046.1	96.9	64	2	0	1	64	1	64	1.39e-40	131
JAQLTW010000001.1_978	WP_009762311.1	80.2	878	162	4	1	878	1	866	0.0	1303
JAQLTW010000001.1_979	WP_015910045.1	69.9	216	65	0	1	216	1	216	1.19e-100	295
JAQLTW010000001.1_981	WP_015910043.1	90.8	153	14	0	1	153	1	153	6.61e-94	273
JAQLTW010000001.1_982	WP_012942179.1	88.2	552	64	1	3	553	4	555	0.0	939
JAQLTW010000001.1_983	WP_015910041.1	59.5	158	40	2	1	158	1	134	2.00e-55	176
JAQLTW010000001.1_984	WP_015910040.1	94.3	664	38	0	11	674	1	664	0.0	1301
JAQLTW010000001.1_985	WP_015910039.1	63.8	594	204	6	1	585	1	592	9.66e-237	671
JAQLTW010000001.1_986	WP_015910038.1	87.0	652	82	1	1	649	1	652	0.0	1169
JAQLTW010000001.1_987	WP_015910037.1	92.1	428	34	0	19	446	19	446	6.29e-270	743
JAQLTW010000001.1_988	WP_079892116.1	87.8	115	14	0	3	117	1	115	3.06e-66	200
JAQLTW010000001.1_989	WP_015910015.1	83.7	344	56	0	3	346	4	347	1.36e-203	566
JAQLTW010000001.1_990	WP_015910014.1	87.4	508	64	0	1	508	1	508	0.0	909
JAQLTW010000001.1_992	WP_014556090.1	57.8	232	97	1	7	238	2	232	1.30e-84	256
JAQLTW010000001.1_994	WP_015910011.1	90.3	390	38	0	1	390	1	390	3.08e-251	691
JAQLTW010000001.1_995	WP_015910008.1	92.0	263	21	0	1	263	1	263	4.34e-169	472
JAQLTW010000001.1_996	WP_015910007.1	84.9	291	31	2	6	283	13	303	2.85e-164	462
JAQLTW010000001.1_997	WP_015910006.1	91.2	443	33	1	1	437	1	443	2.57e-282	773
JAQLTW010000001.1_998	WP_015910005.1	81.0	284	39	2	1	284	1	269	1.44e-144	411
JAQLTW010000001.1_999	WP_015910004.1	73.4	154	41	0	1	154	1	154	2.59e-76	229
JAQLTW010000001.1_1001	WP_015909988.1	89.7	204	21	0	1	204	1	204	6.28e-126	358
JAQLTW010000001.1_1002	WP_015909987.1	76.0	973	194	5	4	969	1	940	0.0	1412
JAQLTW010000001.1_1003	WP_010902728.1	40.4	235	124	6	31	253	32	262	5.01e-28	113
JAQLTW010000001.1_1005	WP_011322396.1	61.2	348	125	3	1	348	1	338	1.28e-141	409
JAQLTW010000001.1_1006	WP_011322397.1	70.6	119	35	0	1	119	1	119	7.29e-54	169
JAQLTW010000001.1_1007	WP_011322398.1	53.1	367	149	4	1	366	1	345	2.49e-116	347
JAQLTW010000001.1_1008	WP_121921145.1	37.7	268	142	5	7	255	7	268	8.39e-35	130
JAQLTW010000001.1_1010	WP_015909985.1	92.8	319	22	1	1	318	1	319	3.08e-205	569
JAQLTW010000001.1_1011	WP_004045690.1	98.8	83	1	0	1	83	1	83	4.48e-50	157
JAQLTW010000001.1_1013	WP_015909984.1	92.4	224	17	0	1	224	1	224	6.56e-152	426
JAQLTW010000001.1_1015	WP_015909983.1	76.9	130	30	0	1	130	1	130	4.72e-67	203
JAQLTW010000001.1_1016	WP_089673205.1	72.5	142	39	0	1	142	1	142	3.76e-65	199
JAQLTW010000001.1_1018	WP_015909982.1	88.9	595	65	1	1	595	1	594	0.0	1039
JAQLTW010000001.1_1019	WP_011324105.1	81.1	392	74	0	1	392	1	392	6.93e-219	609
JAQLTW010000001.1_1021	WP_049933675.1	89.9	148	15	0	35	182	42	189	2.37e-85	254
JAQLTW010000001.1_1022	WP_015909976.1	64.9	208	73	0	32	239	10	217	2.18e-87	263
JAQLTW010000001.1_1023	WP_015909975.1	82.2	394	66	1	1	394	1	390	1.59e-238	659
JAQLTW010000001.1_1024	WP_015909971.1	83.3	156	26	0	21	176	15	170	3.50e-86	255
JAQLTW010000001.1_1025	WP_015909970.1	77.0	491	102	3	1	489	1	482	6.74e-250	695
JAQLTW010000001.1_1026	WP_015909969.1	79.6	353	62	2	1	353	1	343	3.75e-199	555
JAQLTW010000001.1_1027	WP_015909968.1	68.9	578	153	3	1	578	1	551	2.50e-266	743
JAQLTW010000001.1_1029	WP_015909965.1	74.0	334	87	0	1	334	1	334	3.13e-157	448
JAQLTW010000001.1_1030	WP_020446252.1	40.8	71	37	2	218	283	193	263	6.07e-04	47.0
JAQLTW010000001.1_1031	WP_014863300.1	73.8	343	73	1	1	343	1	326	2.37e-184	517
JAQLTW010000001.1_1032	WP_015764176.1	79.0	257	54	0	1	257	1	257	1.07e-132	380
JAQLTW010000001.1_1033	WP_015764177.1	64.9	291	93	2	1	291	1	282	1.59e-120	351
JAQLTW010000001.1_1034	WP_077208117.1	83.0	430	72	1	23	452	13	441	6.47e-248	687
JAQLTW010000001.1_1036	WP_014864413.1	62.2	241	90	1	5	244	4	244	9.41e-100	295
JAQLTW010000001.1_1039	WP_004962845.1	77.0	217	50	0	1	217	1	217	3.28e-116	335
JAQLTW010000001.1_1040	WP_007188349.1	85.5	484	70	0	1	484	1	484	6.27e-280	771
JAQLTW010000001.1_1041	WP_007188348.1	75.1	217	54	0	1	217	1	217	4.70e-109	317
JAQLTW010000001.1_1042	WP_049933670.1	85.6	277	40	0	1	277	1	277	6.01e-183	508
JAQLTW010000001.1_1043	WP_015909955.1	63.1	390	103	10	1	388	1	351	4.29e-123	381
JAQLTW010000001.1_1046	WP_015909952.1	82.5	343	58	2	1	342	1	342	8.90e-214	592
JAQLTW010000001.1_1047	WP_015909572.1	83.0	370	51	2	1	358	1	370	2.43e-196	550
JAQLTW010000001.1_1048	WP_049933234.1	85.7	112	16	0	2	113	1	112	6.35e-45	149
JAQLTW010000001.1_1049	WP_015909574.1	87.9	58	7	0	1	58	1	58	1.51e-28	100
JAQLTW010000001.1_1050	WP_013881887.1	40.8	265	155	1	9	271	2	266	2.20e-55	184
JAQLTW010000001.1_1051	WP_128477560.1	53.4	290	134	1	1	289	1	290	1.27e-106	318
JAQLTW010000001.1_1052	WP_015909577.1	74.2	221	57	0	1	221	1	221	1.31e-77	237
JAQLTW010000001.1_1053	WP_015909578.1	81.5	92	17	0	1	92	1	92	2.44e-49	155
JAQLTW010000001.1_1054	WP_004050128.1	100	50	0	0	1	50	1	50	8.82e-29	100
JAQLTW010000001.1_1055	WP_015909579.1	80.0	370	74	0	1	370	1	370	1.26e-204	571
JAQLTW010000001.1_1056	WP_015909705.1	94.7	94	5	0	1	94	1	94	2.41e-59	181
JAQLTW010000001.1_1058	WP_015909706.1	77.9	249	46	3	1	249	1	240	1.19e-125	361
JAQLTW010000001.1_1059	WP_015909707.1	85.1	201	30	0	1	201	1	201	8.96e-116	333
JAQLTW010000001.1_1060	WP_015909708.1	82.4	159	28	0	1	159	1	159	9.50e-90	263
JAQLTW010000001.1_1061	WP_015909709.1	94.0	251	15	0	1	251	1	251	4.37e-165	462
JAQLTW010000001.1_1062	AGB17737.1	55.5	137	61	0	20	156	7	143	3.65e-46	152
JAQLTW010000001.1_1063	WP_015909710.1	77.8	297	48	2	1	279	10	306	2.66e-159	450
JAQLTW010000001.1_1065	WP_015909712.1	96.1	641	25	0	1	641	1	641	0.0	1254
JAQLTW010000001.1_1067	WP_015909713.1	85.8	120	17	0	1	120	1	120	7.54e-66	200
JAQLTW010000001.1_1070	WP_015909716.1	84.3	108	15	1	1	106	1	108	1.55e-52	165
JAQLTW010000001.1_1071	WP_015909717.1	69.5	292	57	6	1	262	1	290	1.24e-122	356
JAQLTW010000001.1_1072	WP_008525334.1	25.3	245	154	8	11	233	17	254	2.46e-09	67.0
JAQLTW010000001.1_1078	WP_015909723.1	86.3	680	91	1	1	678	1	680	0.0	1108
JAQLTW010000001.1_1079	WP_015909724.1	71.5	1121	285	9	80	1176	40	1150	0.0	1428
JAQLTW010000001.1_1080	WP_096391204.1	58.9	180	73	1	4	183	49	227	1.36e-64	203
JAQLTW010000001.1_1081	WP_015909733.1	83.1	71	12	0	1	71	1	71	1.98e-30	108
JAQLTW010000001.1_1083	WP_015909734.1	81.2	154	29	0	1	154	1	154	1.79e-88	259
JAQLTW010000001.1_1084	WP_015909735.1	89.3	675	66	1	1	675	1	669	0.0	1266
JAQLTW010000001.1_1085	WP_015909739.1	90.5	817	78	0	1	817	1	817	0.0	1413
JAQLTW010000001.1_1086	WP_015909740.1	90.5	645	54	1	1	638	1	645	0.0	1144
JAQLTW010000001.1_1087	WP_015909742.1	78.4	403	87	0	1	403	1	403	2.38e-213	596
JAQLTW010000001.1_1088	WP_015910413.1	74.8	111	28	0	44	154	8	118	3.06e-53	169
JAQLTW010000001.1_1089	WP_015910414.1	85.0	401	56	1	1	397	1	401	6.31e-237	655
JAQLTW010000001.1_1091	WP_015910416.1	88.5	312	36	0	1	312	1	312	6.63e-193	536
JAQLTW010000001.1_1093	WP_049934018.1	75.2	242	56	1	1	242	1	238	7.57e-130	371
JAQLTW010000001.1_1094	WP_049933744.1	93.2	278	19	0	1	278	1	278	6.93e-179	498
JAQLTW010000001.1_1096	WP_015910910.1	81.7	695	111	4	10	699	1	684	0.0	1106
JAQLTW010000001.1_1097	WP_096389934.1	49.3	349	174	3	1	346	1	349	7.10e-107	322
JAQLTW010000001.1_1098	WP_015910908.1	90.7	440	35	1	1	440	1	434	6.35e-293	800
JAQLTW010000001.1_1099	WP_013879485.1	48.1	77	40	0	4	80	2	78	2.09e-13	65.5
JAQLTW010000001.1_1100	WP_011223271.1	36.0	847	396	23	29	844	9	740	9.30e-120	385
JAQLTW010000001.1_1101	WP_015910906.1	97.2	289	8	0	1	289	1	289	1.06e-198	549
JAQLTW010000001.1_1102	WP_015910905.1	94.2	381	22	0	1	381	1	381	1.32e-252	693
JAQLTW010000001.1_1103	WP_012944108.1	67.7	127	41	0	1	127	1	127	5.04e-56	175
JAQLTW010000001.1_1104	WP_015910903.1	89.6	469	49	0	1	469	1	469	2.26e-293	804
JAQLTW010000001.1_1107	WP_015910901.1	80.0	105	21	0	1	105	1	105	1.70e-56	175
JAQLTW010000001.1_1108	WP_004040896.1	72.2	334	68	2	11	321	1	332	2.53e-163	463
JAQLTW010000001.1_1109	WP_015910025.1	77.8	225	40	2	1	223	1	217	8.57e-74	228
JAQLTW010000001.1_1110	WP_015910026.1	75.3	263	60	1	1	258	1	263	1.06e-139	398
JAQLTW010000001.1_1112	WP_015910028.1	86.5	170	23	0	7	176	14	183	7.61e-103	298
JAQLTW010000001.1_1113	WP_015910029.1	90.6	426	40	0	1	426	1	426	5.57e-275	754
JAQLTW010000001.1_1114	WP_015910030.1	78.4	746	150	4	1	744	1	737	0.0	1164
JAQLTW010000001.1_1115	WP_015910032.1	79.8	362	73	0	5	366	1	362	3.87e-209	583
JAQLTW010000001.1_1116	WP_015910033.1	62.9	159	53	3	1	157	1	155	8.39e-57	179
JAQLTW010000001.1_1117	WP_015910034.1	95.1	412	20	0	14	425	1	412	6.89e-290	791
JAQLTW010000001.1_1118	WP_049933376.1	79.4	262	52	1	1	260	1	262	2.36e-147	417
JAQLTW010000001.1_1119	WP_074175166.1	32.2	174	94	3	523	693	258	410	1.43e-11	73.2
JAQLTW010000001.1_1120	WP_015910088.1	74.4	402	88	1	1	402	1	387	3.21e-199	560
JAQLTW010000001.1_1122	WP_015220357.1	47.9	169	88	0	62	230	178	346	1.74e-43	161
JAQLTW010000001.1_1123	WP_015910089.1	76.3	177	42	0	13	189	4	180	6.13e-89	263
JAQLTW010000001.1_1125	WP_015910091.1	84.9	305	46	0	1	305	1	305	1.20e-180	505
JAQLTW010000001.1_1126	WP_007142889.1	55.3	123	49	3	1	121	1	119	6.44e-35	122
JAQLTW010000001.1_1128	WP_015910086.1	87.0	247	32	0	1	247	1	247	3.00e-168	469
JAQLTW010000001.1_1129	WP_089672261.1	53.6	220	101	1	1	220	1	219	4.77e-78	238
JAQLTW010000001.1_1130	WP_012659939.1	78.0	541	116	3	12	550	15	554	0.0	880
JAQLTW010000001.1_1133	WP_015910018.1	95.4	152	7	0	1	152	1	152	8.44e-101	290
JAQLTW010000001.1_1134	WP_015910019.1	93.7	315	18	1	1	315	1	313	2.13e-206	571
JAQLTW010000001.1_1135	WP_127015834.1	44.4	54	27	1	49	102	52	102	3.39e-06	47.4
JAQLTW010000001.1_1136	WP_015910160.1	91.2	113	8	1	1	111	1	113	5.75e-64	194
JAQLTW010000001.1_1138	WP_015910164.1	91.6	332	28	0	1	332	1	332	2.04e-213	590
JAQLTW010000001.1_1141	WP_015910167.1	75.1	527	106	4	1	515	1	514	1.73e-274	760
JAQLTW010000001.1_1142	WP_015910168.1	83.5	807	130	1	1	807	1	804	0.0	1351
JAQLTW010000001.1_1143	WP_015910169.1	76.6	197	46	0	6	202	5	201	6.54e-109	317
JAQLTW010000001.1_1144	WP_015910171.1	84.7	262	40	0	1	262	1	262	4.77e-138	394
JAQLTW010000001.1_1145	WP_015910172.1	89.6	269	28	0	1	269	1	269	7.50e-173	482
JAQLTW010000001.1_1146	WP_012945940.1	59.7	524	210	1	3	526	4	526	6.19e-228	644
JAQLTW010000001.1_1147	WP_121922088.1	57.4	242	103	0	1	242	1	242	1.29e-97	290
JAQLTW010000001.1_1148	WP_077207121.1	58.6	203	81	2	1	203	1	200	1.16e-78	239
JAQLTW010000001.1_1149	WP_015910183.1	84.1	370	57	1	1	370	1	368	2.39e-226	626
JAQLTW010000001.1_1153	WP_015910185.1	86.4	389	53	0	1	389	1	389	3.61e-222	617
JAQLTW010000001.1_1154	WP_067475466.1	33.5	179	96	7	106	276	105	268	4.87e-09	63.2
JAQLTW010000001.1_1157	WP_015910124.1	91.5	400	34	0	1	400	1	400	1.38e-259	712
JAQLTW010000001.1_1159	WP_015910123.1	90.9	373	34	0	1	373	1	373	2.76e-250	687
JAQLTW010000001.1_1161	WP_015910121.1	89.8	246	25	0	1	246	1	246	1.51e-156	439
JAQLTW010000001.1_1162	WP_049933381.1	74.4	133	30	2	1	130	7	138	3.27e-48	156
JAQLTW010000001.1_1163	WP_015910119.1	82.9	257	44	0	1	257	1	257	1.50e-160	450
JAQLTW010000001.1_1164	WP_015910118.1	80.9	230	44	0	1	230	1	230	2.89e-130	372
JAQLTW010000001.1_1165	WP_015910117.1	80.8	417	63	4	1	416	1	401	1.74e-220	615
JAQLTW010000001.1_1166	WP_015910115.1	55.0	191	81	3	1	190	1	187	1.11e-60	192
JAQLTW010000001.1_1168	WP_015910113.1	91.4	255	22	0	18	272	36	290	6.03e-169	473
JAQLTW010000001.1_1169	WP_015910112.1	83.2	226	38	0	1	226	6	231	6.98e-125	358
JAQLTW010000001.1_1170	WP_015910111.1	78.7	108	23	0	11	118	12	119	1.51e-53	168
JAQLTW010000001.1_1172	WP_015910101.1	93.0	643	45	0	1	643	1	643	0.0	1222
JAQLTW010000001.1_1174	WP_103424055.1	60.1	619	227	6	32	636	58	670	1.77e-231	668
JAQLTW010000001.1_1175	WP_015910104.1	93.4	364	24	0	1	364	1	364	7.09e-253	692
JAQLTW010000001.1_1176	WP_015910106.1	64.9	291	57	3	1	246	1	291	6.80e-121	351
JAQLTW010000001.1_1178	WP_015910109.1	96.1	206	8	0	1	206	1	206	1.16e-147	413
JAQLTW010000001.1_1179	WP_103426763.1	59.8	348	136	2	4	348	3	349	1.14e-141	410
JAQLTW010000001.1_1180	WP_015910097.1	85.2	229	34	0	1	229	1	229	8.27e-142	401
JAQLTW010000001.1_1181	WP_049933684.1	72.2	230	28	3	1	207	1	217	8.84e-81	244
JAQLTW010000001.1_1182	WP_013157089.1	42.1	896	472	19	1	872	1	873	1.11e-193	583
JAQLTW010000001.1_1183	WP_014116802.1	42.5	492	248	6	19	502	17	481	1.13e-123	385
JAQLTW010000001.1_1184	WP_002798025.1	26.8	639	397	28	247	849	119	722	3.62e-38	159
JAQLTW010000001.1_1186	WP_015911113.1	79.5	327	66	1	5	330	2	328	1.17e-178	502
JAQLTW010000001.1_1187	WP_014555725.1	59.8	199	80	0	1	199	1	199	9.47e-82	246
JAQLTW010000001.1_1188	WP_014052312.1	44.9	69	38	0	1	69	1	69	5.81e-11	60.5
JAQLTW010000001.1_1189	WP_086887203.1	52.8	144	62	3	1	142	83	222	4.50e-41	141
JAQLTW010000001.1_1190	WP_007187704.1	57.4	195	61	2	32	226	3	175	4.45e-69	214
JAQLTW010000001.1_1191	WP_121919110.1	71.9	385	103	2	3	385	2	383	4.79e-197	553
JAQLTW010000001.1_1192	WP_119816080.1	58.3	393	145	6	3	386	4	386	1.57e-139	408
JAQLTW010000001.1_1193	WP_015910195.1	91.3	400	35	0	1	400	1	400	5.38e-273	746
JAQLTW010000001.1_1195	WP_015910197.1	73.2	153	40	1	6	158	1	152	1.88e-68	211
JAQLTW010000001.1_1196	WP_015910198.1	73.9	329	83	2	1	328	1	327	2.47e-164	466
JAQLTW010000001.1_1197	WP_089671141.1	60.9	110	43	0	12	121	2	111	1.48e-45	148
JAQLTW010000001.1_1199	WP_015910200.1	84.7	307	47	0	1	307	1	307	3.25e-170	479
JAQLTW010000001.1_1200	WP_015910201.1	96.9	160	5	0	1	160	1	160	2.03e-105	303
JAQLTW010000001.1_1201	WP_015763282.1	66.7	138	46	0	31	168	28	165	4.60e-51	166
JAQLTW010000001.1_1202	WP_015910202.1	90.3	627	61	0	1	627	1	627	0.0	1067
JAQLTW010000001.1_1203	WP_015910204.1	81.5	184	34	0	40	223	1	184	1.16e-97	287
JAQLTW010000001.1_1204	WP_015910206.1	73.8	237	49	3	1	230	1	231	2.75e-96	285
JAQLTW010000001.1_1205	WP_015910207.1	92.4	499	38	0	46	544	1	499	0.0	890
JAQLTW010000001.1_1207	WP_015910209.1	83.7	737	107	3	1	728	1	733	0.0	1192
JAQLTW010000001.1_1208	WP_010546583.1	48.0	442	202	12	4	432	3	429	1.87e-110	337
JAQLTW010000001.1_1209	WP_015910210.1	89.4	587	49	2	1	576	1	585	0.0	1064
JAQLTW010000001.1_1210	WP_013035563.1	83.9	478	75	1	1	478	1	476	2.34e-295	810
JAQLTW010000001.1_1211	WP_015910211.1	84.3	503	79	0	1	503	1	503	6.60e-297	816
JAQLTW010000001.1_1214	WP_015910214.1	88.4	172	20	0	12	183	5	176	5.26e-113	323
JAQLTW010000001.1_1215	WP_015910215.1	88.2	314	37	0	1	314	1	314	9.85e-209	577
JAQLTW010000001.1_1216	WP_015910216.1	77.2	246	56	0	1	246	1	246	3.07e-133	380
JAQLTW010000001.1_1217	WP_015910217.1	81.8	451	73	1	1	451	1	442	2.03e-259	716
JAQLTW010000001.1_1218	WP_015910218.1	85.4	198	29	0	7	204	21	218	1.67e-131	373
JAQLTW010000001.1_1219	WP_077205020.1	81.7	71	13	0	1	71	1	71	3.50e-35	118
JAQLTW010000001.1_1220	WP_015910220.1	93.5	92	6	0	1	92	1	92	4.74e-56	172
JAQLTW010000001.1_1221	WP_096391273.1	50.7	629	233	3	10	638	7	558	2.56e-195	568
JAQLTW010000001.1_1222	WP_015910222.1	82.1	207	37	0	1	207	1	207	1.81e-115	332
JAQLTW010000001.1_1224	WP_015910224.1	97.2	317	9	0	1	317	1	317	9.13e-214	590
JAQLTW010000001.1_1225	WP_015910225.1	88.9	144	16	0	1	144	1	144	7.56e-82	242
JAQLTW010000001.1_1226	WP_015910226.1	67.6	626	156	9	1	602	1	603	1.30e-273	773
JAQLTW010000001.1_1227	WP_015910227.1	91.6	382	32	0	1	382	1	382	5.42e-257	704
JAQLTW010000001.1_1228	WP_004963678.1	53.3	225	103	2	1	224	1	224	1.01e-68	215
JAQLTW010000001.1_1229	WP_015910230.1	80.8	619	117	2	1	618	1	618	0.0	887
JAQLTW010000001.1_1231	WP_015910232.1	78.3	1573	309	6	2	1547	25	1592	0.0	2416
JAQLTW010000001.1_1232	WP_015910233.1	75.9	729	149	4	1	706	1	725	0.0	1096
JAQLTW010000001.1_1233	WP_015910234.1	80.4	496	97	0	1	496	1	496	0.0	868
JAQLTW010000001.1_1234	WP_096391103.1	67.6	339	109	1	3	340	5	343	6.25e-146	420
JAQLTW010000001.1_1237	WP_049933694.1	77.4	433	83	1	1	433	1	418	6.43e-224	625
JAQLTW010000001.1_1238	WP_015910241.1	79.7	349	54	2	1	348	1	333	2.31e-182	512
JAQLTW010000001.1_1240	WP_015910243.1	92.2	77	6	0	1	77	1	77	4.69e-47	149
JAQLTW010000001.1_1241	WP_049933696.1	79.1	129	27	0	1	129	1	129	1.02e-60	189
JAQLTW010000001.1_1242	WP_015910245.1	87.0	308	40	0	1	308	1	308	5.57e-199	551
JAQLTW010000001.1_1243	WP_015910246.1	74.0	154	40	0	1	154	10	163	8.07e-85	251
JAQLTW010000001.1_1244	WP_004041603.1	38.8	484	229	15	94	522	212	683	6.30e-82	274
JAQLTW010000001.1_1245	WP_089673233.1	76.3	291	69	0	1	291	1	291	9.30e-145	413
