JDTG01000019.1_3	WP_004268209.1	50.7	460	156	9	4	408	13	456	7.29e-150	437
JDTG01000019.1_13	WP_012943194.1	41.7	48	28	0	12	59	26	73	6.32e-05	45.4
JDTG01000019.1_19	WP_012946193.1	49.6	133	58	5	1	129	1	128	2.71e-25	97.8
JDTG01000019.1_21	WP_006053458.1	75.7	329	80	0	1	329	1	329	6.80e-179	503
JDTG01000019.1_32	WP_013876010.1	61.9	105	40	0	1	105	1	105	8.17e-38	127
JDTG01000019.1_34	WP_086012707.1	27.7	220	118	9	26	214	28	237	1.70e-07	57.0
JDTG01000019.1_35	NP_459596.1	51.6	186	88	2	46	230	19	203	1.10e-60	194
JDTG01000019.1_36	WP_072694462.1	54.1	440	183	7	5	443	4	425	3.66e-161	466
JDTG01000019.1_49	WP_060690576.1	50.9	216	103	2	7	220	6	220	1.45e-73	229
JDTG01000019.1_57	WP_013875961.1	35.5	62	36	1	18	75	7	68	1.26e-04	43.9
JDTG01000019.1_58	WP_013879138.1	27.5	443	254	11	3	395	277	702	1.80e-37	149
JDTG01000019.1_66	WP_012946230.1	71.1	342	94	2	1	342	1	337	2.04e-166	472
JDTG01000019.1_67	WP_076738804.1	35.9	889	488	29	452	1297	299	1148	2.36e-142	468
JDTG01000019.1_71	AGB15006.1	50.7	142	63	2	1	137	2	141	7.41e-31	112
JDTG01000019.1_77	WP_086889293.1	48.1	81	36	2	6	81	170	249	5.53e-14	75.5
JDTG01000019.1_81	WP_076738804.1	34.7	902	511	31	362	1226	288	1148	7.77e-115	391
JDTG01000019.1_82	WP_096391477.1	37.8	542	269	21	5	513	8	514	1.29e-66	229
JDTG01000019.1_84	WP_013879861.1	40.7	214	101	9	47	239	70	278	1.05e-23	102
JDTG01000019.1_102	WP_012946165.1	74.5	314	79	1	1	313	1	314	2.00e-167	472
JDTG01000019.1_113	WP_012946172.1	59.6	366	141	5	20	382	8	369	9.22e-143	415
