LOAJ01000002.1_1	WP_012945280.1	56.3	197	86	0	1	197	25	221	4.21e-63	202
LOAJ01000002.1_2	WP_014051878.1	88.5	433	50	0	1	433	3	435	2.41e-284	778
LOAJ01000002.1_4	WP_014051880.1	79.4	957	197	0	1	957	1	957	0.0	1478
LOAJ01000002.1_5	WP_008413701.1	83.0	394	67	0	16	409	17	410	3.50e-231	642
LOAJ01000002.1_6	WP_011223442.1	47.8	322	164	3	10	330	126	444	2.79e-96	297
LOAJ01000002.1_7	WP_008414173.1	39.7	219	126	3	11	229	11	223	3.88e-45	155
LOAJ01000002.1_11	WP_077208388.1	53.5	729	303	9	2	728	10	704	1.41e-253	723
LOAJ01000002.1_12	WP_103426459.1	61.7	162	62	0	1	162	1	162	5.22e-72	219
LOAJ01000002.1_13	WP_008415938.1	54.5	112	51	0	2	113	3	114	6.73e-33	120
LOAJ01000002.1_15	WP_054296724.1	40.0	160	80	6	17	172	3	150	5.29e-19	84.0
LOAJ01000002.1_16	WP_052301007.1	31.6	1247	698	37	6	1151	10	1202	3.39e-153	505
LOAJ01000002.1_17	WP_010904188.1	64.4	492	160	7	1	490	1	479	5.14e-211	597
LOAJ01000002.1_19	WP_015911199.1	24.9	285	199	5	9	292	54	324	1.83e-28	117
LOAJ01000002.1_20	WP_013875979.1	70.4	230	68	0	3	232	18	247	1.21e-113	330
LOAJ01000002.1_21	WP_013875978.1	73.1	551	147	1	6	555	8	558	2.20e-291	806
LOAJ01000002.1_24	WP_007189215.1	76.0	262	63	0	1	262	1	262	6.52e-148	419
LOAJ01000002.1_25	WP_004267360.1	72.4	228	63	0	1	228	1	228	4.95e-121	348
LOAJ01000002.1_26	WP_049953092.1	58.3	264	110	0	18	281	1	264	3.84e-117	342
LOAJ01000002.1_34	WP_014052750.1	66.7	141	45	1	1	141	1	139	4.10e-58	182
LOAJ01000002.1_35	WP_014053294.1	58.9	285	116	1	183	467	1	284	3.17e-115	345
LOAJ01000002.1_37	WP_012779738.1	28.2	170	116	4	35	200	10	177	6.80e-16	77.8
LOAJ01000002.1_39	WP_049888737.1	61.6	398	153	0	1	398	1	398	3.55e-175	499
LOAJ01000002.1_43	WP_011324491.1	54.1	135	60	2	2	135	3	136	6.93e-39	133
LOAJ01000002.1_60	WP_007139919.1	43.2	368	189	8	199	558	142	497	9.38e-61	214
LOAJ01000002.1_61	WP_076738804.1	31.2	882	495	28	541	1380	304	1115	1.97e-83	304
LOAJ01000002.1_65	WP_089673867.1	63.9	385	138	1	7	390	5	389	1.32e-178	507
LOAJ01000002.1_68	WP_081704387.1	45.7	46	25	0	22	67	23	68	5.02e-05	44.7
LOAJ01000002.1_73	WP_119821587.1	58.9	258	94	4	28	285	2	247	2.71e-92	278
LOAJ01000002.1_80	WP_013040838.1	30.2	192	114	7	62	237	23	210	9.45e-07	58.9
LOAJ01000002.1_85	WP_096389602.1	96.0	276	11	0	1	276	1	276	1.35e-199	550
LOAJ01000002.1_90	WP_013398694.1	31.4	105	60	2	18	122	536	628	3.38e-07	53.1
LOAJ01000002.1_94	WP_077350611.1	36.3	408	188	17	2	388	8	364	5.60e-40	151
LOAJ01000002.1_102	WP_050048799.1	43.6	156	68	3	9	146	8	161	6.48e-22	91.3
LOAJ01000002.1_103	WP_004041947.1	42.4	125	62	5	10	125	9	132	1.07e-15	73.9
LOAJ01000002.1_107	WP_096391478.1	29.4	820	513	26	264	1052	485	1269	7.38e-63	239
LOAJ01000002.1_108	WP_121922118.1	44.5	292	145	6	30	315	3	283	1.37e-65	213
LOAJ01000002.1_126	WP_004043258.1	46.0	124	60	4	10	128	1	122	5.13e-24	103
LOAJ01000002.1_132	WP_060690576.1	47.2	235	114	5	1	230	1	230	5.42e-65	207
LOAJ01000002.1_137	WP_011570697.1	39.6	53	32	0	20	72	3	55	4.02e-08	50.4
LOAJ01000002.1_147	WP_012945410.1	61.8	68	24	1	6	71	311	378	2.80e-16	76.6
LOAJ01000002.1_148	WP_128478183.1	37.1	264	157	4	1	261	1	258	2.36e-56	186
LOAJ01000002.1_149	WP_128477088.1	43.0	342	167	3	2	315	3	344	4.64e-89	275
LOAJ01000002.1_151	WP_004216322.1	47.1	395	170	6	16	406	12	371	1.91e-105	321
LOAJ01000002.1_153	WP_086890106.1	37.3	327	194	7	55	374	23	345	3.91e-57	201
LOAJ01000002.1_154	WP_015763161.1	76.8	405	94	0	1	405	1	405	3.97e-240	664
LOAJ01000002.1_155	WP_008458406.1	94.5	110	6	0	1	110	1	110	3.67e-66	199
LOAJ01000002.1_156	WP_014864889.1	94.3	262	15	0	1	262	1	262	1.37e-176	491
LOAJ01000002.1_159	WP_012660235.1	90.1	212	21	0	20	231	1	212	2.35e-139	394
LOAJ01000002.1_160	WP_049892521.1	86.6	374	50	0	1	374	4	377	1.27e-238	657
LOAJ01000002.1_161	WP_010903379.1	77.2	508	107	3	2	501	3	509	1.13e-267	742
LOAJ01000002.1_162	WP_010903380.1	82.5	268	47	0	1	268	1	268	6.17e-147	417
LOAJ01000002.1_164	WP_013035563.1	86.1	267	37	0	1	267	216	482	1.06e-168	480
LOAJ01000002.1_165	WP_083866569.1	85.4	199	29	0	74	272	1	199	1.28e-116	348
LOAJ01000002.1_166	WP_096390364.1	69.4	392	120	0	1	392	66	457	6.89e-203	571
LOAJ01000002.1_168	WP_011571876.1	45.8	168	90	1	1	167	1	168	2.00e-50	165
LOAJ01000002.1_169	WP_015321103.1	42.9	247	135	4	1	244	1	244	1.38e-56	186
LOAJ01000002.1_170	WP_049954863.1	62.0	366	138	1	3	367	4	369	2.15e-160	464
LOAJ01000002.1_171	WP_004962982.1	59.8	132	53	0	1	132	376	507	3.90e-54	182
LOAJ01000002.1_172	WP_096389843.1	77.1	210	48	0	1	210	64	273	2.15e-107	314
LOAJ01000002.1_173	WP_096389845.1	55.9	59	24	2	2	60	7	63	1.81e-15	73.6
LOAJ01000002.1_174	WP_004214120.1	53.6	558	247	5	4	549	8	565	3.36e-204	585
LOAJ01000002.1_175	WP_096389846.1	56.5	260	113	0	1	260	1	260	1.52e-98	295
LOAJ01000002.1_176	WP_049954567.1	50.6	470	231	1	10	479	8	476	2.05e-162	473
LOAJ01000002.1_177	WP_096389847.1	69.6	415	126	0	27	441	1	415	1.04e-214	602
LOAJ01000002.1_178	WP_096389848.1	79.1	426	87	2	1	425	1	425	1.32e-254	702
LOAJ01000002.1_179	WP_049895600.1	54.0	239	109	1	14	252	2	239	1.36e-88	267
LOAJ01000002.1_180	WP_006054765.1	44.4	320	175	2	1	318	1	319	9.79e-81	253
LOAJ01000002.1_181	WP_049933796.1	51.6	397	192	0	63	459	56	452	5.48e-149	437
LOAJ01000002.1_182	WP_012659239.1	65.4	318	107	3	11	327	39	354	1.04e-134	392
LOAJ01000002.1_183	WP_012659240.1	69.8	281	81	3	1	280	1	278	2.28e-128	370
LOAJ01000002.1_184	WP_012659241.1	67.2	360	117	1	1	360	1	359	2.20e-161	462
LOAJ01000002.1_185	AEJ41424.1	40.3	347	203	1	8	354	1	343	1.07e-88	276
LOAJ01000002.1_186	AGB16300.1	53.8	160	74	0	2	161	40	199	2.71e-61	192
LOAJ01000002.1_187	WP_011224772.1	72.3	47	13	0	1	47	29	75	1.54e-16	73.9
LOAJ01000002.1_189	WP_015910942.1	71.7	644	178	2	8	650	2	642	5.95e-161	481
