diamond v2.0.11.149 (C) Max Planck Society for the Advancement of Science
Documentation, support and updates available at http://www.diamondsearch.org
Please cite: http://dx.doi.org/10.1038/s41592-021-01101-x Nature Methods (2021)

#CPU threads: 1
Scoring parameters: (Matrix=BLOSUM62 Lambda=0.267 K=0.041 Penalties=11/1)
Temporary directory: iphop_out/Eyresouth_NODE_101_length_48437_cov_7.17035/Wdir
#Target sequences to report alignments for: 10000
Opening the database...  [0.89s]
Database: /bioinf/transfer/tal/iphop_db/db/rafah_data/RaFAH_ref_cds.dmnd (type: Diamond database, sequences: 1026285, letters: 229470696)
Block size = 2000000000
Opening the input file...  [0.001s]
Opening the output file...  [0s]
Loading query sequences...  [0s]
Masking queries...  [0.002s]
Algorithm: Double-indexed
Building query histograms...  [0.001s]
Allocating buffers...  [0s]
Loading reference sequences...  [4.26s]
Masking reference...  [12.078s]
Initializing temporary storage...  [0.041s]
Building reference histograms...  [5.01s]
Allocating buffers...  [0s]
Processing query block 1, reference block 1/1, shape 1/2, index chunk 1/4.
Building reference seed array...  [3.322s]
Building query seed array...  [0s]
Computing hash join...  [0.562s]
Building seed filter...  [0.001s]
Searching alignments...  [0.004s]
Processing query block 1, reference block 1/1, shape 1/2, index chunk 2/4.
Building reference seed array...  [4.049s]
Building query seed array...  [0.001s]
Computing hash join...  [0.574s]
Building seed filter...  [0.001s]
Searching alignments...  [0.001s]
Processing query block 1, reference block 1/1, shape 1/2, index chunk 3/4.
Building reference seed array...  [4.373s]
Building query seed array...  [0s]
Computing hash join...  [0.566s]
Building seed filter...  [0s]
Searching alignments...  [0.001s]
Processing query block 1, reference block 1/1, shape 1/2, index chunk 4/4.
Building reference seed array...  [3.168s]
Building query seed array...  [0s]
Computing hash join...  [0.572s]
Building seed filter...  [0s]
Searching alignments...  [0.001s]
Processing query block 1, reference block 1/1, shape 2/2, index chunk 1/4.
Building reference seed array...  [3.189s]
Building query seed array...  [0s]
Computing hash join...  [0.561s]
Building seed filter...  [0.001s]
Searching alignments...  [0s]
Processing query block 1, reference block 1/1, shape 2/2, index chunk 2/4.
Building reference seed array...  [4.014s]
Building query seed array...  [0s]
Computing hash join...  [0.57s]
Building seed filter...  [0s]
Searching alignments...  [0s]
Processing query block 1, reference block 1/1, shape 2/2, index chunk 3/4.
Building reference seed array...  [4.301s]
Building query seed array...  [0s]
Computing hash join...  [0.55s]
Building seed filter...  [0s]
Searching alignments...  [0.001s]
Processing query block 1, reference block 1/1, shape 2/2, index chunk 4/4.
Building reference seed array...  [3.158s]
Building query seed array...  [0s]
Computing hash join...  [0.555s]
Building seed filter...  [0.001s]
Searching alignments...  [0.001s]
Deallocating buffers...  [0.002s]
Clearing query masking...  [0s]
Computing alignments...  [0.03s]
Deallocating reference...  [0.002s]
Loading reference sequences...  [0s]
Deallocating buffers...  [0s]
Deallocating queries...  [0s]
Loading query sequences...  [0s]
Closing the input file...  [0s]
Closing the output file...  [0.001s]
Cleaning up...  [0s]
Total time = 56.596s
Reported 27 pairwise alignments, 27 HSPs.
6 queries aligned.
