AOIO01000049.1_74	AOIO01000049.1_74	100	77	0	0	1	77	1	77	2.44e-52	153
AOIO01000049.1_75	AOIO01000049.1_75	100	231	0	0	1	231	1	231	8.56e-179	485
AOIO01000049.1_75	CP019329.1_89	72.8	224	61	0	1	224	1	224	6.58e-129	359
AOIO01000049.1_76	AOIO01000049.1_76	100	191	0	0	1	191	1	191	1.24e-140	385
AOIO01000049.1_76	CP019329.1_88	51.3	189	61	4	3	191	95	252	8.81e-55	170
AOIO01000049.1_77	AOIO01000049.1_77	100	183	0	0	1	183	1	183	2.43e-134	369
AOIO01000049.1_78	AOIO01000049.1_78	100	83	0	0	1	83	1	83	8.44e-58	167
AOIO01000049.1_78	CP101158.1_60	38.6	83	45	2	6	82	5	87	3.01e-10	47.8
AOIO01000049.1_78	CP099999.1_49	27.7	83	57	2	3	82	10	92	1.17e-07	41.2
AOIO01000049.1_79	AOIO01000049.1_79	100	45	0	0	1	45	1	45	1.43e-26	86.3
AOIO01000049.1_80	AOIO01000049.1_80	100	110	0	0	1	110	1	110	6.19e-68	195
AOIO01000049.1_81	AOIO01000049.1_81	100	304	0	0	1	304	1	304	3.39e-217	588
AOIO01000049.1_82	AOIO01000049.1_82	100	396	0	0	1	396	1	396	2.36e-284	766
AOIO01000049.1_83	AOIO01000049.1_83	100	148	0	0	1	148	1	148	9.44e-81	231
AOIO01000049.1_83	JDTG01000019.1_71	37.4	139	78	3	2	139	1	131	2.99e-17	69.3
AOIO01000049.1_83	CP099999.1_44	37.4	123	73	2	29	148	1	122	1.87e-14	61.6
AOIO01000049.1_83	LWLN01000003.1_3	50.0	72	33	1	2	73	1	69	1.45e-13	60.1
AOIO01000049.1_83	NC_013748.1_2	41.3	143	72	4	2	135	1	140	1.44e-12	57.8
AOIO01000049.1_83	CP101158.1_69	39.6	144	71	6	12	142	8	148	1.47e-12	57.4
AOIO01000049.1_83	CP084476.1_85	87.1	31	4	0	1	31	1	31	1.69e-11	55.1
AOIO01000049.1_83	SJER01000008.1_124	34.3	134	67	6	16	145	11	127	1.99e-09	48.5
AOIO01000049.1_83	CP095494.1_28	42.5	73	41	1	10	82	8	79	5.25e-09	47.8
AOIO01000049.1_83	SJER01000008.1_123	31.5	127	76	5	16	142	10	125	1.48e-07	43.5
AOIO01000049.1_83	LWLN01000003.1_2	77.8	27	6	0	7	33	6	32	1.73e-07	43.9
AOIO01000049.1_83	AOIP01000022.1_17	74.1	27	7	0	7	33	5	31	2.90e-07	43.5
AOIO01000049.1_83	SJER01000008.1_122	39.7	73	41	2	10	82	4	73	4.23e-05	37.0
AOIO01000049.1_83	WSZK01000033.1_39	94.4	18	1	0	16	33	37	54	1.92e-04	35.4
AOIO01000049.1_83	QKNW01000002.1_43	42.6	61	34	1	16	76	9	68	3.72e-04	34.3
AOIO01000049.1_83	BBJN01000020.1_29	85.0	20	3	0	14	33	7	26	3.75e-04	34.3
AOIO01000049.1_83	JAJCVI010000002.1_549	94.4	18	1	0	16	33	9	26	5.00e-04	33.9
AOIO01000049.1_83	BBJN01000020.1_30	88.9	18	2	0	16	33	11	28	5.05e-04	33.9
AOIO01000049.1_83	JAJCVI010000002.1_548	88.9	18	2	0	16	33	9	26	6.39e-04	33.5
AOIO01000049.1_83	BBJN01000020.1_27	88.9	18	2	0	16	33	11	28	6.81e-04	33.9
AOIO01000049.1_83	WSZK01000033.1_40	88.9	18	2	0	16	33	10	27	6.95e-04	33.9
AOIO01000049.1_84	AOIO01000049.1_84	100	263	0	0	1	263	1	263	2.01e-193	525
AOIO01000049.1_84	AOIP01000022.1_18	96.6	263	9	0	1	263	1	263	1.46e-186	508
AOIO01000049.1_84	NC_013748.1_3	66.0	265	87	3	1	263	1	264	1.70e-123	348
AOIO01000049.1_84	CP101158.1_70	58.4	262	106	2	1	261	1	260	1.40e-100	290
AOIO01000049.1_84	SJER01000008.1_125	47.1	261	128	4	7	258	5	264	3.80e-71	215
AOIO01000049.1_84	WSZK01000033.1_41	42.0	257	138	7	9	262	8	256	1.09e-51	169
AOIO01000049.1_84	CP119801.1_54	36.8	261	159	5	1	258	1	258	7.14e-44	145
AOIO01000049.1_84	BBJN01000020.1_28	36.7	270	151	8	4	259	1	264	4.80e-42	140
AOIO01000049.1_84	CP084476.1_84	38.3	230	132	8	7	230	8	233	2.12e-39	134
AOIO01000049.1_84	JDTG01000019.1_72	34.3	268	167	7	1	263	1	264	2.25e-38	131
AOIO01000049.1_84	LWLN01000003.1_4	36.5	230	136	6	7	230	8	233	6.39e-38	130
AOIO01000049.1_84	CP095494.1_29	37.1	229	135	7	7	230	8	232	5.27e-37	127
AOIO01000049.1_84	JAJCVI010000002.1_547	34.3	233	134	5	12	225	10	242	1.37e-36	127
AOIO01000049.1_85	AOIO01000049.1_85	100	90	0	0	1	90	1	90	1.70e-58	170
AOIO01000049.1_86	AOIO01000049.1_86	100	527	0	0	1	527	1	527	0.0	1064
AOIO01000049.1_87	AOIO01000049.1_87	100	68	0	0	1	68	1	68	1.93e-45	135
AOIO01000049.1_87	AOIP01000022.1_19	88.2	68	7	1	1	68	1	67	1.98e-38	117
AOIO01000049.1_87	CP119801.1_47	66.7	66	21	1	1	65	1	66	4.51e-26	86.7
AOIO01000049.1_87	CP084476.1_80	61.8	68	26	0	1	68	1	68	1.55e-24	82.8
AOIO01000049.1_87	LWLN01000003.1_11	44.8	67	36	1	1	66	1	67	1.64e-12	53.9
AOIO01000049.1_87	CP101158.1_72	44.8	58	32	0	9	66	10	67	1.35e-11	50.1
AOIO01000049.1_88	AOIO01000049.1_88	100	226	0	0	1	226	1	226	3.93e-177	481
AOIO01000049.1_88	JDTG01000019.1_80	81.0	126	24	0	99	224	9	134	4.64e-75	219
AOIO01000049.1_88	CP084476.1_79	36.1	202	96	3	16	214	1	172	4.53e-40	132
AOIO01000049.1_88	NC_013748.1_8	37.0	192	88	3	26	214	2	163	1.72e-34	117
AOIO01000049.1_89	AOIO01000049.1_89	100	1094	0	0	1	1094	1	1094	0.0	2110
AOIO01000049.1_89	NC_015659.1_102	42.2	1104	562	27	4	1057	6	1083	1.94e-256	750
AOIO01000049.1_89	FNFE01000011.1_19	40.2	1082	574	24	14	1053	24	1074	7.65e-235	694
AOIO01000049.1_89	NC_013748.1_9	40.1	1144	581	36	1	1066	1	1118	1.24e-227	677
AOIO01000049.1_89	CP019329.1_80	36.5	1122	606	28	9	1053	20	1112	2.26e-220	658
AOIO01000049.1_89	CP119801.1_45	38.8	1033	568	23	50	1054	4	1000	4.98e-210	628
AOIO01000049.1_89	AOIP01000022.1_21	43.3	820	424	15	263	1054	379	1185	3.73e-190	582
AOIO01000049.1_89	CP095494.1_34	36.6	1096	611	32	1	1057	1	1051	1.91e-189	576
AOIO01000049.1_89	JDTG01000019.1_67	41.1	835	443	16	260	1057	451	1273	5.08e-181	560
AOIO01000049.1_89	CP095494.1_33	40.6	812	446	16	263	1053	371	1167	1.06e-170	530
AOIO01000049.1_89	JDTG01000019.1_81	38.1	830	460	18	263	1049	375	1193	3.89e-155	489
AOIO01000049.1_89	CP084476.1_77	36.2	853	499	19	232	1057	18	852	8.19e-155	479
AOIO01000049.1_89	JAAOHU010000009.1_4	37.3	856	490	21	262	1091	413	1247	8.38e-152	481
AOIO01000049.1_89	CP101158.1_74	31.8	922	526	24	231	1089	341	1222	3.28e-107	359
AOIO01000049.1_89	CP099999.1_41	30.8	977	580	28	161	1079	249	1187	1.12e-106	357
AOIO01000049.1_89	LOAJ01000002.1_61	28.7	916	530	27	220	1043	489	1373	2.08e-75	268
AOIO01000049.1_89	BBJN01000020.1_32	27.5	825	526	23	262	1053	567	1352	8.28e-74	263
AOIO01000049.1_89	KX687704.1_7	26.3	880	553	25	266	1076	506	1358	2.38e-59	218
AOIO01000049.1_89	KX906370.1_88	26.3	880	553	25	266	1076	506	1358	2.38e-59	218
AOIO01000049.1_89	AOJE01000051.1_50	25.9	880	554	26	266	1076	398	1248	1.44e-58	216
AOIO01000049.1_89	SRIF01000015.1_79	27.0	871	534	30	264	1058	353	1197	7.29e-54	201
AOIO01000049.1_89	CP031299.1_6	37.2	258	156	3	434	686	8	264	8.07e-46	163
AOIO01000049.1_90	AOIO01000049.1_90	100	264	0	0	1	264	1	264	5.17e-201	544
AOIO01000049.1_90	CP119801.1_43	50.2	261	118	6	6	261	4	257	8.00e-85	250
AOIO01000049.1_90	AOIP01000022.1_23	48.7	261	120	5	7	261	3	255	5.65e-82	243
AOIO01000049.1_90	JDTG01000019.1_83	49.3	225	110	3	40	261	35	258	5.10e-76	228
AOIO01000049.1_90	CP031299.1_10	48.2	197	98	3	68	261	7	202	7.54e-65	197
AOIO01000049.1_90	AOIR01000042.1_45	32.1	243	146	7	2	240	16	243	9.99e-26	98.2
AOIO01000049.1_90	NC_013748.1_12	30.3	218	132	7	51	262	147	350	1.72e-20	85.1
AOIO01000049.1_91	AOIO01000049.1_91	100	797	0	0	1	797	1	797	0.0	1547
AOIO01000049.1_91	AOIP01000022.1_22	43.2	287	146	7	512	795	234	506	4.17e-51	182
AOIO01000049.1_91	CP084476.1_75	42.0	286	152	6	511	795	236	508	6.22e-49	176
AOIO01000049.1_91	Gairdner_NODE_167_length_41210_cov_9.888325_31	40.6	276	158	3	513	783	252	526	1.41e-45	167
AOIO01000049.1_91	WSZK01000033.1_35	38.3	287	151	6	515	793	254	522	2.98e-44	163
AOIO01000049.1_91	JDTG01000019.1_82	41.7	278	148	6	519	795	250	514	6.17e-44	162
AOIO01000049.1_91	JAJCVI010000002.1_558	41.3	281	145	6	514	790	253	517	2.89e-43	160
AOIO01000049.1_91	SRIF01000015.1_78	38.9	285	164	5	519	796	246	527	1.23e-41	155
AOIO01000049.1_91	Eyre_NODE_236_length_33155_cov_19.932_44	40.4	260	142	5	542	796	1	252	1.30e-41	148
AOIO01000049.1_91	BBJN01000020.1_33	39.1	289	151	9	516	790	240	517	9.77e-41	153
AOIO01000049.1_91	JAJCVI010000007.1_14	36.1	335	183	9	486	795	209	537	4.54e-40	151
AOIO01000049.1_91	CP031299.1_9	43.3	238	121	6	519	755	35	259	6.18e-40	145
AOIO01000049.1_91	Gairdner_NODE_107_length_49922_cov_74.384603_13	41.7	240	126	5	519	756	249	476	1.07e-37	144
AOIO01000049.1_91	CP095494.1_35	38.2	275	152	5	517	788	254	513	3.72e-37	142
AOIO01000049.1_91	AOJE01000025.1_28	37.7	252	138	5	515	765	224	457	4.80e-37	141
AOIO01000049.1_91	CP101161.1_3056	35.9	281	160	6	519	795	249	513	5.45e-37	142
AOIO01000049.1_91	QKNW01000002.1_40	36.7	313	186	8	488	794	220	526	1.53e-35	137
AOIO01000049.1_91	JAAOHU010000009.1_3	36.5	271	159	6	517	784	236	496	3.82e-34	133
AOIO01000049.1_91	LWLN01000003.1_14	28.3	254	159	8	9	248	22	266	9.36e-11	60.5
AOIO01000049.1_92	AOIO01000049.1_92	100	322	0	0	1	322	1	322	6.70e-233	630
AOIO01000049.1_92	JAAOHU010000009.1_1	35.2	284	159	8	40	314	46	313	8.39e-37	130
AOIO01000049.1_93	AOIO01000049.1_93	100	175	0	0	1	175	1	175	5.13e-123	340
AOIO01000049.1_94	AOIO01000049.1_94	100	233	0	0	1	233	1	233	2.15e-164	449
AOIO01000049.1_94	NC_013748.1_13	37.0	92	53	3	20	107	48	138	3.15e-08	48.5
AOIO01000049.1_95	AOIO01000049.1_95	100	343	0	0	1	343	1	343	2.51e-234	635
AOIO01000049.1_95	CP084476.1_66	57.2	339	141	3	5	340	4	341	3.97e-119	344
AOIO01000049.1_95	NC_015659.1_96	56.0	339	140	6	6	341	54	386	4.63e-115	335
AOIO01000049.1_95	CP119801.1_42	52.4	340	155	7	7	340	6	344	4.81e-103	303
AOIO01000049.1_95	CP031299.1_15	49.5	325	159	4	8	328	8	331	2.61e-90	271
AOIO01000049.1_95	JDTG01000019.1_88	49.5	325	159	4	8	328	8	331	2.61e-90	271
AOIO01000049.1_95	AOIP01000022.1_24	48.6	311	137	8	1	293	1	306	3.18e-71	221
AOIO01000049.1_95	CP095494.1_37	37.0	357	189	9	1	340	1	338	4.54e-52	171
AOIO01000049.1_95	Gairdner_NODE_107_length_49922_cov_74.384603_16	34.0	294	181	7	5	289	5	294	3.12e-31	116
AOIO01000049.1_95	CP099999.1_38	32.5	320	195	8	1	308	1	311	3.28e-31	116
AOIO01000049.1_95	FNFE01000011.1_24	34.9	292	157	14	13	281	1	282	2.12e-20	86.3
AOIO01000049.1_95	CP019329.1_72	32.0	316	174	13	7	295	7	308	8.39e-18	79.0
AOIO01000049.1_96	AOIO01000049.1_96	100	83	0	0	1	83	1	83	1.16e-55	162
AOIO01000049.1_96	AOIP01000022.1_25	97.6	83	2	0	1	83	1	83	5.52e-54	158
AOIO01000049.1_97	AOIO01000049.1_97	100	216	0	0	1	216	1	216	6.21e-151	414
AOIO01000049.1_97	AOIP01000022.1_26	96.8	216	7	0	1	216	1	216	3.30e-146	402
AOIO01000049.1_98	AOIO01000049.1_98	100	152	0	0	1	152	1	152	3.11e-106	295
AOIO01000049.1_98	AOIP01000022.1_27	96.7	152	5	0	1	152	1	152	7.04e-103	287
AOIO01000049.1_98	NC_013748.1_20	64.7	153	49	2	1	152	1	149	1.50e-62	185
AOIO01000049.1_98	NC_015659.1_93	56.5	154	62	2	1	152	1	151	1.37e-56	170
AOIO01000049.1_98	CP084476.1_61	52.3	153	69	2	1	152	1	150	7.85e-51	155
AOIO01000049.1_98	CP031299.1_19	48.1	154	71	3	1	152	1	147	1.47e-45	142
AOIO01000049.1_98	JDTG01000019.1_92	48.1	154	71	3	1	152	1	147	1.47e-45	142
AOIO01000049.1_99	AOIO01000049.1_99	100	315	0	0	1	315	1	315	6.35e-223	604
AOIO01000049.1_99	AOIP01000022.1_28	94.6	315	16	1	1	315	1	314	2.73e-210	572
AOIO01000049.1_99	NC_013748.1_21	73.6	314	79	3	2	311	8	321	1.08e-154	432
AOIO01000049.1_99	CP031299.1_20	71.8	308	80	3	6	310	8	311	1.91e-148	416
AOIO01000049.1_99	JDTG01000019.1_93	71.8	308	80	3	6	310	8	311	1.91e-148	416
AOIO01000049.1_99	NC_015659.1_92	72.4	297	77	3	2	294	3	298	2.62e-143	402
AOIO01000049.1_99	CP084476.1_60	67.5	317	94	4	2	315	3	313	5.10e-143	402
AOIO01000049.1_99	BBJN01000020.1_39	51.6	279	121	5	18	291	23	292	3.95e-81	244
AOIO01000049.1_99	FOXI01000018.1_47	50.5	283	126	5	14	291	20	293	2.31e-80	242
AOIO01000049.1_99	JAANTI010000009.1_8	50.5	283	126	5	14	291	20	293	2.31e-80	242
AOIO01000049.1_99	CP100004.1_10	47.2	284	145	4	9	289	1	282	2.88e-76	231
AOIO01000049.1_99	Gairdner_NODE_107_length_49922_cov_74.384603_21	44.8	290	152	4	7	294	14	297	7.36e-74	225
AOIO01000049.1_99	WSZK01000033.1_29	39.9	303	176	5	10	309	13	312	4.06e-62	196
AOIO01000049.1_99	RJJW01000001.1_38	43.8	251	134	6	34	281	45	291	3.52e-57	183
AOIO01000049.1_99	JAAOHU010000009.1_62	43.2	259	140	6	34	288	152	407	4.41e-57	186
AOIO01000049.1_99	JAJCVI010000002.1_563	42.1	273	151	5	21	290	22	290	4.76e-57	182
AOIO01000049.1_99	SJER01000008.1_136	39.9	313	181	5	2	309	121	431	3.78e-55	181
AOIO01000049.1_99	CP119801.1_35	38.4	271	161	5	29	296	32	299	5.20e-54	174
AOIO01000049.1_99	LWLN01000003.1_21	40.8	255	138	7	36	284	49	296	3.41e-52	170
AOIO01000049.1_99	AOIR01000042.1_49	40.5	274	155	6	37	308	37	304	4.33e-52	169
AOIO01000049.1_99	Gairdner_NODE_167_length_41210_cov_9.888325_26	38.6	290	162	7	15	298	24	303	5.40e-51	167
AOIO01000049.1_99	CP101161.1_3061	40.6	254	138	6	33	281	26	271	8.38e-49	160
AOIO01000049.1_99	CP099999.1_34	38.1	257	147	6	29	280	147	396	1.11e-47	161
AOIO01000049.1_99	FNFE01000011.1_30	37.0	284	165	9	29	303	124	402	3.00e-47	159
AOIO01000049.1_99	Eyre_NODE_236_length_33155_cov_19.932_34	34.6	266	168	5	29	290	43	306	2.86e-46	154
AOIO01000049.1_100	AOIO01000049.1_100	100	79	0	0	1	79	1	79	1.98e-52	154
AOIO01000049.1_100	AOIP01000022.1_29	98.7	79	1	0	1	79	1	79	1.91e-50	149
AOIO01000049.1_100	NC_013748.1_22	70.9	79	23	0	1	79	1	79	5.95e-36	112
AOIO01000049.1_100	NC_015659.1_91	73.8	80	20	1	1	79	1	80	1.19e-33	106
AOIO01000049.1_100	CP031299.1_21	61.3	80	30	1	1	79	1	80	2.56e-28	93.2
AOIO01000049.1_100	JDTG01000019.1_94	61.3	80	30	1	1	79	1	80	2.56e-28	93.2
AOIO01000049.1_100	CP084476.1_59	55.1	78	32	1	2	79	3	77	5.30e-25	84.7
AOIO01000049.1_101	AOIO01000049.1_101	100	97	0	0	1	97	1	97	5.05e-61	177
AOIO01000049.1_101	AOIP01000022.1_30	99.0	97	1	0	1	97	1	97	4.15e-60	174
AOIO01000049.1_101	NC_013748.1_23	64.6	99	33	1	1	97	1	99	7.60e-36	113
AOIO01000049.1_101	CP084476.1_58	70.0	100	26	2	1	97	1	99	1.53e-35	112
AOIO01000049.1_101	CP031299.1_22	60.2	98	35	2	1	95	1	97	1.03e-33	108
AOIO01000049.1_101	JDTG01000019.1_95	60.2	98	35	2	1	95	1	97	1.03e-33	108
AOIO01000049.1_101	NC_015659.1_90	51.5	103	44	1	1	97	1	103	9.80e-28	93.2
AOIO01000049.1_102	AOIO01000049.1_102	100	183	0	0	1	183	1	183	2.61e-129	356
AOIO01000049.1_103	AOIO01000049.1_103	100	42	0	0	1	42	1	42	1.42e-27	88.6
AOIO01000049.1_104	AOIO01000049.1_104	100	111	0	0	1	111	1	111	2.93e-80	226
AOIO01000049.1_105	AOIO01000049.1_105	100	678	0	0	1	678	1	678	0.0	1310
AOIO01000049.1_106	AOIO01000049.1_106	100	601	0	0	1	601	1	601	0.0	1176
AOIO01000049.1_107	AOIO01000049.1_107	100	72	0	0	1	72	1	72	6.74e-50	147
AOIO01000049.1_107	AOIP01000022.1_31	98.6	72	1	0	1	72	1	72	2.75e-49	145
AOIO01000049.1_107	CP084476.1_57	88.9	72	8	0	1	72	1	72	1.48e-44	133
AOIO01000049.1_107	NC_015659.1_89	83.3	72	12	0	1	72	1	72	5.83e-42	127
AOIO01000049.1_107	CP031299.1_23	77.8	72	16	0	1	72	1	72	4.63e-39	119
AOIO01000049.1_107	JDTG01000019.1_96	77.8	72	16	0	1	72	1	72	4.63e-39	119
AOIO01000049.1_107	NC_013748.1_24	77.8	72	16	0	1	72	1	72	1.09e-37	116
AOIO01000049.1_107	CP101158.1_87	45.3	53	28	1	18	70	16	67	5.63e-14	56.6
AOIO01000049.1_108	AOIO01000049.1_108	100	195	0	0	1	195	1	195	5.86e-141	387
AOIO01000049.1_108	AOIP01000022.1_32	99.0	195	2	0	1	195	1	195	1.96e-139	383
AOIO01000049.1_108	NC_013748.1_25	80.7	187	36	0	9	195	8	194	1.22e-110	310
AOIO01000049.1_108	CP084476.1_56	74.5	192	49	0	1	192	1	192	6.65e-106	298
AOIO01000049.1_108	NC_015659.1_88	72.8	195	53	0	1	195	1	195	2.12e-102	289
AOIO01000049.1_108	CP031299.1_24	69.3	189	58	0	7	195	5	193	1.33e-93	267
AOIO01000049.1_108	JDTG01000019.1_97	69.3	189	58	0	7	195	5	193	1.33e-93	267
AOIO01000049.1_108	RJJW01000001.1_42	28.8	177	122	3	13	187	19	193	1.57e-18	75.9
AOIO01000049.1_108	AOJE01000025.1_37	32.6	138	84	4	28	161	17	149	2.69e-13	61.6
AOIO01000049.1_108	LWLN01000003.1_25	31.6	133	83	5	54	182	62	190	4.27e-13	61.2
AOIO01000049.1_108	CP099999.1_30	29.3	157	98	5	9	161	22	169	4.07e-12	58.5
AOIO01000049.1_109	AOIO01000049.1_109	100	343	0	0	1	343	1	343	1.54e-244	661
AOIO01000049.1_109	AOIP01000022.1_33	99.7	343	1	0	1	343	1	343	8.93e-244	659
AOIO01000049.1_109	NC_013748.1_26	80.8	343	65	1	1	343	1	342	1.52e-198	545
AOIO01000049.1_109	CP031299.1_25	77.8	343	75	1	1	343	1	342	1.39e-194	535
AOIO01000049.1_109	JDTG01000019.1_98	77.8	343	75	1	1	343	1	342	1.39e-194	535
AOIO01000049.1_109	NC_015659.1_87	74.4	344	87	1	1	343	1	344	5.79e-185	510
AOIO01000049.1_109	CP084476.1_55	72.9	343	92	1	1	343	1	342	5.96e-182	503
AOIO01000049.1_109	Gairdner_NODE_107_length_49922_cov_74.384603_27	37.3	319	191	6	4	317	3	317	3.70e-53	174
AOIO01000049.1_110	AOIO01000049.1_110	100	413	0	0	1	413	1	413	8.29e-289	779
AOIO01000049.1_110	AOIP01000022.1_34	99.0	413	4	0	1	413	1	413	1.13e-286	773
AOIO01000049.1_110	NC_013748.1_27	76.8	419	91	1	1	413	1	419	3.69e-222	610
AOIO01000049.1_110	NC_015659.1_86	74.0	419	103	1	1	413	1	419	4.07e-219	603
AOIO01000049.1_110	CP031299.1_26	74.2	415	101	2	2	413	3	414	1.12e-210	581
AOIO01000049.1_110	JDTG01000019.1_99	74.2	415	101	2	2	413	3	414	1.12e-210	581
AOIO01000049.1_110	CP084476.1_54	73.3	424	98	4	1	413	1	420	3.26e-209	578
AOIO01000049.1_110	FOXI01000018.1_40	48.1	362	185	2	54	412	62	423	2.35e-102	306
AOIO01000049.1_110	JAANTI010000009.1_15	48.1	362	185	2	54	412	62	423	2.35e-102	306
AOIO01000049.1_110	BBJN01000020.1_45	47.2	362	188	2	54	412	56	417	4.40e-101	303
AOIO01000049.1_110	Gairdner_NODE_107_length_49922_cov_74.384603_28	46.3	354	186	3	54	404	49	401	1.14e-96	291
AOIO01000049.1_110	CP100004.1_17	45.3	380	196	5	38	410	39	413	9.21e-88	268
AOIO01000049.1_110	WSZK01000033.1_23	40.3	365	214	3	50	410	68	432	2.39e-74	234
AOIO01000049.1_110	CP101161.1_3067	37.2	360	215	4	64	413	3	361	1.00e-63	204
AOIO01000049.1_110	JAJCVI010000002.1_569	34.1	440	261	7	2	413	3	441	3.38e-60	197
AOIO01000049.1_110	LOAJ01000002.1_46	32.2	363	238	4	44	399	67	428	8.45e-58	191
AOIO01000049.1_110	KX687704.1_24	31.0	422	253	7	12	399	10	427	1.16e-57	191
AOIO01000049.1_110	KX906370.1_105	31.0	422	253	7	12	399	10	427	1.62e-57	190
AOIO01000049.1_110	SRIF01000015.1_59	33.7	419	254	7	2	399	14	429	1.54e-53	181
AOIO01000049.1_110	AOIR01000042.1_55	34.6	370	217	13	60	413	84	444	5.25e-52	176
AOIO01000049.1_110	AOJE01000025.1_39	33.7	350	225	5	50	393	66	414	6.34e-49	167
AOIO01000049.1_110	CP119801.1_29	30.7	424	262	8	1	395	4	424	1.10e-46	162
AOIO01000049.1_110	RJJW01000001.1_44	30.7	362	216	3	49	375	68	429	2.83e-46	161
AOIO01000049.1_110	CP019329.1_61	31.6	421	243	8	11	389	19	436	1.42e-44	157
AOIO01000049.1_110	CP095494.1_50	30.8	415	262	7	2	395	6	416	1.87e-44	156
AOIO01000049.1_111	AOIO01000049.1_111	100	544	0	0	1	544	1	544	0.0	1040
AOIO01000049.1_111	AOIP01000022.1_35	95.4	542	24	1	1	542	1	541	0.0	1012
AOIO01000049.1_111	CP084476.1_53	71.9	545	144	2	1	542	1	539	9.41e-282	772
AOIO01000049.1_111	NC_013748.1_28	70.2	551	137	4	8	542	19	558	2.25e-268	739
AOIO01000049.1_111	NC_015659.1_85	70.1	512	145	3	32	540	32	538	1.79e-262	723
AOIO01000049.1_111	CP031299.1_27	70.3	529	147	5	18	542	92	614	3.40e-255	707
AOIO01000049.1_111	JDTG01000019.1_100	70.3	529	147	5	18	542	92	614	3.40e-255	707
AOIO01000049.1_111	CP100004.1_19	38.1	483	275	5	57	537	36	496	4.35e-93	289
AOIO01000049.1_111	FOXI01000018.1_39	35.7	488	298	8	58	543	46	519	1.15e-81	260
AOIO01000049.1_111	JAANTI010000009.1_16	35.7	488	298	8	58	543	46	519	1.15e-81	260
AOIO01000049.1_111	BBJN01000020.1_46	35.4	429	265	8	58	483	46	465	1.28e-67	225
AOIO01000049.1_111	CP101158.1_91	31.0	487	309	11	41	525	99	560	1.25e-50	178
AOIO01000049.1_111	JAJCVI010000002.1_570	35.0	306	192	6	231	534	293	593	5.46e-50	177
AOIO01000049.1_111	CP101161.1_3068	32.8	308	198	6	230	533	278	580	7.95e-45	162
AOIO01000049.1_111	CP095494.1_51	28.8	292	197	4	236	523	398	682	2.49e-26	108
AOIO01000049.1_112	AOIO01000049.1_112	100	790	0	0	1	790	1	790	0.0	1563
AOIO01000049.1_112	AOIP01000022.1_36	98.4	790	13	0	1	790	1	790	0.0	1541
AOIO01000049.1_112	NC_015659.1_84	84.9	784	117	1	7	790	6	788	0.0	1329
AOIO01000049.1_112	CP031299.1_28	83.9	790	125	2	1	790	1	788	0.0	1328
AOIO01000049.1_112	JDTG01000019.1_101	83.9	790	125	2	1	790	1	788	0.0	1328
AOIO01000049.1_112	NC_013748.1_29	83.5	790	124	1	1	790	1	784	0.0	1319
AOIO01000049.1_112	CP100004.1_22	59.6	789	306	8	9	789	8	791	0.0	898
AOIO01000049.1_112	WSZK01000033.1_21	55.1	797	332	10	9	788	17	804	6.26e-291	816
AOIO01000049.1_112	SRIF01000015.1_56	53.4	785	340	8	28	789	31	812	1.01e-284	800
AOIO01000049.1_112	CP019329.1_57	52.6	802	354	9	9	789	20	816	5.70e-282	793
AOIO01000049.1_112	CP095494.1_52	53.1	801	351	7	9	788	17	813	6.31e-281	791
AOIO01000049.1_112	CP119801.1_26	51.6	814	366	8	1	789	1	811	6.53e-280	788
AOIO01000049.1_112	RJJW01000001.1_46	51.1	792	352	10	24	789	26	808	5.83e-277	780
AOIO01000049.1_112	CP084476.1_52	50.6	802	378	8	1	789	1	797	2.05e-275	776
AOIO01000049.1_112	Eyre_NODE_236_length_33155_cov_19.932_26	51.6	805	357	14	9	788	28	824	1.75e-267	757
AOIO01000049.1_112	Eyresouth_NODE_101_length_48437_cov_7.17035_28	50.9	808	365	12	5	788	25	824	1.14e-265	752
AOIO01000049.1_112	Frome_NODE_383_length_24936_cov_4.316346_20	50.9	808	365	12	5	788	25	824	2.28e-265	751
AOIO01000049.1_112	LWLN01000003.1_29	48.1	800	389	12	9	789	34	826	3.45e-247	705
AOIO01000049.1_112	SJER01000008.1_144	46.7	777	383	10	30	784	39	806	3.94e-234	671
AOIO01000049.1_112	AOLZ01000012.1_35	46.3	800	404	12	9	789	30	822	1.13e-233	671
AOIO01000049.1_112	CP019286.1_34	46.3	800	404	12	9	789	30	822	1.13e-233	671
AOIO01000049.1_112	QKNW01000002.1_20	45.6	811	397	19	9	782	45	848	3.27e-219	635
AOIO01000049.1_112	LOAJ01000002.1_44	43.9	809	416	12	9	782	22	827	3.77e-217	629
AOIO01000049.1_112	CP101158.1_93	43.2	812	418	12	9	782	14	820	8.54e-211	612
AOIO01000049.1_112	KX906370.1_107	43.1	810	420	12	9	781	19	824	1.16e-209	609
AOIO01000049.1_113	AOIO01000049.1_113	100	316	0	0	1	316	1	316	3.45e-232	627
AOIO01000049.1_113	AOIP01000022.1_37	96.5	316	11	0	1	316	1	316	1.02e-224	608
AOIO01000049.1_113	NC_013748.1_30	82.1	313	56	0	4	316	3	315	1.62e-191	525
AOIO01000049.1_113	NC_015659.1_83	80.7	316	61	0	1	316	1	316	2.78e-190	521
AOIO01000049.1_113	CP031299.1_29	70.9	313	90	1	4	316	3	314	3.25e-163	453
AOIO01000049.1_113	JDTG01000019.1_102	70.9	313	90	1	4	316	3	314	3.25e-163	453
AOIO01000049.1_113	CP119801.1_25	39.5	294	174	4	19	309	20	312	1.59e-75	230
AOIO01000049.1_113	CP019329.1_55	41.7	290	165	4	23	309	26	314	2.15e-73	225
AOIO01000049.1_113	CP100004.1_23	41.5	301	169	5	6	302	11	308	5.27e-72	221
AOIO01000049.1_113	CP095494.1_53	39.7	290	171	4	23	309	24	312	2.88e-70	217
AOIO01000049.1_113	SRIF01000015.1_55	37.2	317	188	7	5	313	3	316	1.27e-65	205
AOIO01000049.1_113	RJJW01000001.1_47	35.5	296	187	3	10	303	10	303	7.32e-64	200
AOIO01000049.1_113	CP019286.1_33	39.6	278	158	4	35	306	23	296	1.41e-59	189
AOIO01000049.1_113	AOLZ01000012.1_36	39.9	278	157	4	35	306	23	296	1.99e-59	189
AOIO01000049.1_113	LWLN01000003.1_30	38.0	271	163	3	36	305	26	292	5.89e-59	187
AOIO01000049.1_113	CP084476.1_51	35.4	274	168	6	36	305	23	291	8.68e-51	166
AOIO01000049.1_113	CP099999.1_52	36.6	235	141	5	3	230	5	238	1.26e-34	129
AOIO01000049.1_114	AOIO01000049.1_114	100	169	0	0	1	169	1	169	1.43e-126	348
AOIO01000049.1_114	AOIP01000022.1_38	98.6	140	2	0	1	140	1	140	8.64e-99	290
AOIO01000049.1_114	LWLN01000003.1_32	92.1	139	11	0	2	140	3	141	6.48e-92	272
AOIO01000049.1_114	CP084476.1_50	89.0	146	14	1	1	144	1	146	1.42e-90	268
AOIO01000049.1_114	NC_013748.1_31	90.6	139	11	1	2	140	3	139	6.98e-88	261
AOIO01000049.1_114	CP031299.1_30	84.3	140	19	1	1	140	1	137	6.63e-85	254
AOIO01000049.1_114	JDTG01000019.1_103	84.3	140	19	1	1	140	1	137	6.63e-85	254
AOIO01000049.1_114	NC_015659.1_82	83.9	143	20	1	1	140	1	143	4.86e-83	249
AOIO01000049.1_114	SJER01000008.1_146	83.1	142	21	1	2	140	3	144	1.30e-80	243
AOIO01000049.1_114	RJJW01000001.1_49	66.4	128	43	0	13	140	9	136	2.92e-57	182
AOIO01000049.1_114	CP019329.1_54	57.2	159	44	2	6	140	12	170	2.61e-52	170
AOIO01000049.1_114	SRIF01000015.1_53	55.9	152	43	1	13	140	7	158	2.94e-52	169
AOIO01000049.1_114	CP119801.1_24	56.7	150	41	1	15	140	15	164	4.86e-51	166
AOIO01000049.1_114	QKNW01000002.1_17	31.4	118	64	4	29	131	47	162	9.59e-08	46.2
