AOIP01000022.1_6	AOIP01000022.1_6	100	179	0	0	1	179	1	179	7.85e-129	355
AOIP01000022.1_6	CP119801.1_58	36.0	111	70	1	70	179	36	146	1.17e-20	79.3
AOIP01000022.1_7	AOIP01000022.1_7	100	99	0	0	1	99	1	99	7.05e-71	202
AOIP01000022.1_7	CP084476.1_89	88.2	85	10	0	8	92	1	85	3.42e-51	152
AOIP01000022.1_7	CP101158.1_60	47.8	92	40	3	8	96	1	87	1.13e-19	72.4
AOIP01000022.1_7	CP099999.1_49	34.7	95	57	1	2	96	3	92	1.77e-14	59.3
AOIP01000022.1_7	JAAOHU010000009.1_16	32.6	92	54	2	2	90	3	89	4.38e-13	55.8
AOIP01000022.1_7	CP119801.1_57	28.3	92	60	2	1	92	12	97	1.51e-07	41.6
AOIP01000022.1_8	AOIP01000022.1_8	100	79	0	0	1	79	1	79	1.45e-54	159
AOIP01000022.1_9	AOIP01000022.1_9	100	58	0	0	1	58	1	58	3.43e-37	114
AOIP01000022.1_10	AOIP01000022.1_10	100	345	0	0	1	345	1	345	5.25e-253	682
AOIP01000022.1_10	CP084476.1_87	61.7	347	130	2	1	345	1	346	2.57e-149	420
AOIP01000022.1_10	CP099999.1_48	57.4	350	139	3	1	344	1	346	7.62e-142	401
AOIP01000022.1_10	AOLZ01000012.1_11	56.3	348	142	3	1	343	1	343	4.65e-135	384
AOIP01000022.1_10	CP019286.1_59	56.3	348	142	3	1	343	1	343	4.65e-135	384
AOIP01000022.1_10	CP101158.1_61	43.1	346	186	4	1	340	33	373	5.22e-94	281
AOIP01000022.1_10	FNFE01000011.1_12	37.1	345	205	4	1	339	1	339	6.02e-68	213
AOIP01000022.1_10	WSZK01000033.1_43	36.0	336	203	5	1	330	1	330	2.69e-64	203
AOIP01000022.1_10	Gairdner_NODE_167_length_41210_cov_9.888325_13	33.3	345	204	11	1	334	6	335	9.49e-45	152
AOIP01000022.1_10	SRIF01000015.1_87	29.3	338	221	6	1	330	1	328	1.62e-36	130
AOIP01000022.1_11	AOIP01000022.1_11	100	108	0	0	1	108	1	108	1.36e-70	202
AOIP01000022.1_11	FNFE01000011.1_13	70.8	106	31	0	3	108	17	122	2.69e-48	146
AOIP01000022.1_11	JAAOHU010000009.1_13	56.1	107	47	0	1	107	9	115	1.56e-36	116
AOIP01000022.1_12	AOIP01000022.1_12	100	93	0	0	1	93	1	93	6.00e-67	191
AOIP01000022.1_12	CP084476.1_88	83.1	89	15	0	1	89	1	89	5.45e-57	166
AOIP01000022.1_12	AOLZ01000012.1_12	85.4	89	13	0	1	89	1	89	8.24e-57	166
AOIP01000022.1_12	CP019286.1_58	85.4	89	13	0	1	89	1	89	8.24e-57	166
AOIP01000022.1_12	FNFE01000011.1_7	76.4	89	21	0	1	89	1	89	3.55e-53	157
AOIP01000022.1_13	AOIP01000022.1_13	100	94	0	0	1	94	1	94	1.03e-63	183
AOIP01000022.1_14	AOIP01000022.1_14	100	159	0	0	1	159	1	159	6.43e-116	320
AOIP01000022.1_15	AOIP01000022.1_15	100	111	0	0	1	111	1	111	6.14e-82	231
AOIP01000022.1_16	AOIP01000022.1_16	100	207	0	0	1	207	1	207	9.68e-155	422
AOIP01000022.1_16	LWLN01000003.1_6	62.4	165	62	0	43	207	1	165	8.99e-77	224
AOIP01000022.1_16	JDTG01000019.1_74	63.1	160	59	0	44	203	7	166	7.07e-75	219
AOIP01000022.1_16	CP084476.1_82	57.3	164	64	3	43	203	1	161	2.42e-57	174
AOIP01000022.1_17	AOIP01000022.1_17	100	188	0	0	1	188	1	188	4.60e-105	295
AOIP01000022.1_17	CP084476.1_85	54.1	183	73	3	5	183	7	182	4.19e-36	120
AOIP01000022.1_17	CP095494.1_28	77.4	31	7	0	1	31	1	31	2.22e-10	52.4
AOIP01000022.1_17	LWLN01000003.1_2	71.0	31	9	0	1	31	2	32	2.67e-08	47.0
AOIP01000022.1_17	AOIO01000049.1_83	74.1	27	7	0	5	31	7	33	2.68e-07	43.9
AOIP01000022.1_17	JDTG01000019.1_71	70.4	27	8	0	5	31	6	32	3.25e-07	43.5
AOIP01000022.1_17	NC_013748.1_2	66.7	30	10	0	2	31	3	32	3.60e-07	43.9
AOIP01000022.1_17	LWLN01000003.1_3	70.4	27	8	0	5	31	6	32	4.07e-07	43.5
AOIP01000022.1_17	Gairdner_NODE_107_length_49922_cov_74.384603_9	35.0	160	83	6	14	163	9	157	1.13e-06	42.7
AOIP01000022.1_17	BBJN01000020.1_27	27.6	192	119	7	1	183	1	181	1.37e-06	42.4
AOIP01000022.1_17	SJER01000008.1_122	70.4	27	8	0	5	31	1	27	3.10e-06	40.8
AOIP01000022.1_17	WSZK01000033.1_39	64.5	31	9	1	1	31	26	54	2.82e-05	38.5
AOIP01000022.1_17	WSZK01000033.1_40	34.0	103	62	2	5	102	1	102	5.62e-05	37.7
AOIP01000022.1_17	SJER01000008.1_124	84.2	19	3	0	13	31	10	28	1.52e-04	35.8
AOIP01000022.1_17	QKNW01000002.1_43	34.4	90	51	3	13	102	8	89	1.71e-04	35.8
AOIP01000022.1_17	BBJN01000020.1_30	61.3	31	9	1	1	31	1	28	2.31e-04	35.4
AOIP01000022.1_17	SJER01000008.1_123	88.9	18	2	0	14	31	10	27	2.87e-04	35.0
AOIP01000022.1_17	BBJN01000020.1_29	75.0	20	5	0	12	31	7	26	8.12e-04	33.9
AOIP01000022.1_18	AOIP01000022.1_18	100	263	0	0	1	263	1	263	4.94e-194	526
AOIP01000022.1_18	AOIO01000049.1_84	96.6	263	9	0	1	263	1	263	2.07e-186	507
AOIP01000022.1_18	NC_013748.1_3	66.0	265	87	3	1	263	1	264	1.20e-123	348
AOIP01000022.1_18	CP101158.1_70	58.8	262	105	2	1	261	1	260	9.87e-101	290
AOIP01000022.1_18	SJER01000008.1_125	45.6	261	132	4	7	258	5	264	9.87e-69	209
AOIP01000022.1_18	WSZK01000033.1_41	43.3	254	123	9	9	254	8	248	3.27e-50	165
AOIP01000022.1_18	CP119801.1_54	35.9	262	160	6	1	258	1	258	7.14e-44	145
AOIP01000022.1_18	BBJN01000020.1_28	35.6	270	154	8	4	259	1	264	5.24e-41	138
AOIP01000022.1_18	CP084476.1_84	38.4	229	131	8	8	230	9	233	3.86e-40	135
AOIP01000022.1_18	JDTG01000019.1_72	34.3	268	167	7	1	263	1	264	5.76e-39	132
AOIP01000022.1_18	LWLN01000003.1_4	36.4	228	139	5	7	230	8	233	1.17e-38	132
AOIP01000022.1_18	CP095494.1_29	36.7	229	136	7	7	230	8	232	3.76e-37	128
AOIP01000022.1_18	JAJCVI010000002.1_547	33.8	237	130	5	12	225	10	242	2.71e-36	126
AOIP01000022.1_19	AOIP01000022.1_19	100	67	0	0	1	67	1	67	8.92e-46	136
AOIP01000022.1_19	AOIO01000049.1_87	88.2	68	7	1	1	67	1	68	1.17e-39	120
AOIP01000022.1_19	CP119801.1_47	63.6	66	22	1	1	64	1	66	4.33e-26	86.7
AOIP01000022.1_19	CP084476.1_80	60.3	68	26	1	1	67	1	68	8.62e-24	80.9
AOIP01000022.1_19	LWLN01000003.1_11	46.3	67	34	1	1	65	1	67	5.02e-14	57.8
AOIP01000022.1_19	CP101158.1_72	46.4	56	30	0	10	65	12	67	1.13e-12	52.8
AOIP01000022.1_20	AOIP01000022.1_20	100	217	0	0	1	217	1	217	5.56e-159	434
AOIP01000022.1_20	CP101158.1_73	52.0	175	79	1	41	215	58	227	6.64e-60	184
AOIP01000022.1_20	FNFE01000011.1_18	35.2	216	106	6	1	208	1	190	1.11e-28	102
AOIP01000022.1_21	AOIP01000022.1_21	100	1217	0	0	1	1217	1	1217	0.0	1870
AOIP01000022.1_21	CP119801.1_45	56.2	851	346	8	375	1215	203	1036	0.0	920
AOIP01000022.1_21	JDTG01000019.1_67	56.5	855	348	8	379	1216	454	1301	4.18e-318	920
AOIP01000022.1_21	JDTG01000019.1_81	50.9	877	401	11	365	1217	361	1231	1.25e-287	839
AOIP01000022.1_21	CP084476.1_77	54.1	851	351	17	379	1211	48	876	2.26e-282	813
AOIP01000022.1_21	CP095494.1_34	47.2	847	418	12	376	1212	254	1081	9.43e-245	723
AOIP01000022.1_21	CP095494.1_33	46.5	866	432	13	359	1212	350	1196	4.21e-239	712
AOIP01000022.1_21	NC_015659.1_102	45.3	848	439	16	379	1212	276	1112	7.64e-232	691
AOIP01000022.1_21	FNFE01000011.1_19	40.1	845	487	12	379	1215	277	1110	1.04e-197	602
AOIP01000022.1_21	AOIO01000049.1_89	43.4	820	423	15	379	1185	263	1054	5.77e-195	594
AOIP01000022.1_21	NC_013748.1_9	41.4	863	467	19	379	1212	282	1134	6.59e-191	585
AOIP01000022.1_21	CP019329.1_80	37.7	876	485	16	379	1212	289	1145	1.03e-175	545
AOIP01000022.1_21	JAAOHU010000009.1_4	38.1	831	476	13	370	1192	405	1205	2.43e-172	539
AOIP01000022.1_21	AOLZ01000012.1_19	36.3	882	512	22	363	1212	363	1226	9.38e-157	497
AOIP01000022.1_21	CP019286.1_50	36.3	882	512	22	363	1212	363	1226	9.38e-157	497
AOIP01000022.1_21	CP101158.1_74	38.1	837	451	20	377	1179	368	1171	5.98e-151	482
AOIP01000022.1_21	CP099999.1_41	36.9	875	479	24	358	1193	329	1169	1.31e-148	475
AOIP01000022.1_21	Gairdner_NODE_167_length_41210_cov_9.888325_32	30.0	897	536	29	359	1203	536	1392	3.80e-86	303
AOIP01000022.1_21	LOAJ01000002.1_61	29.4	891	515	29	382	1195	541	1394	1.50e-79	283
AOIP01000022.1_21	CP031299.1_6	50.2	263	127	2	561	820	8	269	4.26e-77	253
AOIP01000022.1_21	CP100004.1_3	27.9	816	529	22	391	1175	497	1284	4.12e-73	262
AOIP01000022.1_21	LWLN01000003.1_13	28.6	861	540	29	371	1194	314	1136	1.29e-69	251
AOIP01000022.1_21	KX687704.1_7	27.3	886	543	29	363	1180	479	1331	1.75e-62	229
AOIP01000022.1_21	KX906370.1_88	27.3	886	543	29	363	1180	479	1331	1.75e-62	229
AOIP01000022.1_21	AOJE01000051.1_50	26.5	877	542	25	382	1195	398	1234	8.13e-59	217
AOIP01000022.1_22	AOIP01000022.1_22	100	514	0	0	1	514	1	514	0.0	988
AOIP01000022.1_22	CP084476.1_75	69.4	516	156	1	1	514	1	516	3.37e-249	687
AOIP01000022.1_22	JDTG01000019.1_82	65.1	519	173	4	1	511	1	519	2.42e-225	627
AOIP01000022.1_22	CP119801.1_44	61.8	518	189	5	2	510	5	522	1.49e-206	579
AOIP01000022.1_22	CP099999.1_40	53.7	520	213	8	1	512	1	500	4.82e-168	481
AOIP01000022.1_22	CP101158.1_75	43.3	531	261	9	5	509	10	526	1.97e-122	365
AOIP01000022.1_22	CP031299.1_9	72.8	254	67	1	215	466	6	259	1.50e-116	342
AOIP01000022.1_22	Eyresouth_NODE_101_length_48437_cov_7.17035_10	36.3	487	291	9	34	511	61	537	1.44e-79	254
AOIP01000022.1_22	Gairdner_NODE_167_length_41210_cov_9.888325_31	35.2	548	276	14	5	502	16	534	1.39e-76	247
AOIP01000022.1_22	NC_015659.1_101	36.9	510	286	14	6	492	3	499	7.34e-74	239
AOIP01000022.1_22	AOLZ01000012.1_20	35.3	539	300	14	6	513	3	523	4.48e-72	234
AOIP01000022.1_22	CP019286.1_49	35.3	539	300	14	6	513	3	523	4.48e-72	234
AOIP01000022.1_22	NC_013748.1_10	37.4	481	255	13	48	502	54	514	6.54e-67	220
AOIP01000022.1_22	QKNW01000002.1_40	35.6	514	292	20	15	504	27	525	2.57e-57	195
AOIP01000022.1_22	CP019329.1_79	32.5	547	284	19	3	512	2	500	1.20e-56	192
AOIP01000022.1_22	JAJCVI010000007.1_14	32.2	521	287	17	13	494	29	522	2.32e-55	190
AOIP01000022.1_22	AOIO01000049.1_91	43.2	287	146	7	234	506	512	795	1.74e-50	180
AOIP01000022.1_22	AOJE01000025.1_28	32.8	509	278	22	16	501	17	484	1.96e-47	167
AOIP01000022.1_22	LWLN01000003.1_14	31.2	504	292	18	32	502	52	533	4.31e-42	154
AOIP01000022.1_22	RJJW01000001.1_29	30.6	510	300	21	30	503	45	536	1.63e-39	146
AOIP01000022.1_22	CP100004.1_1	40.6	254	139	5	253	494	2	255	2.17e-38	137
AOIP01000022.1_23	AOIP01000022.1_23	100	258	0	0	1	258	1	258	1.17e-194	528
AOIP01000022.1_23	CP119801.1_43	62.9	256	95	0	3	258	5	260	5.50e-127	357
AOIP01000022.1_23	JDTG01000019.1_83	65.9	226	77	0	27	252	31	256	4.53e-117	332
AOIP01000022.1_23	CP031299.1_10	66.0	200	68	0	53	252	1	200	2.60e-103	295
AOIP01000022.1_23	AOIO01000049.1_90	47.5	259	126	4	3	255	7	261	7.26e-80	237
AOIP01000022.1_23	CP099999.1_39	42.9	254	142	2	3	256	4	254	6.84e-76	227
AOIP01000022.1_23	CP084476.1_74	44.4	266	125	9	4	256	3	258	5.19e-61	189
AOIP01000022.1_23	JAAOHU010000009.1_2	37.0	246	143	6	3	245	5	241	1.11e-48	157
AOIP01000022.1_23	NC_013748.1_11	43.5	209	104	7	33	234	44	245	1.01e-43	145
AOIP01000022.1_23	KX687704.1_9	33.8	263	137	10	3	244	4	250	1.91e-34	120
AOIP01000022.1_23	KX906370.1_90	33.8	263	137	10	3	244	4	250	1.91e-34	120
AOIP01000022.1_23	AOJE01000051.1_47	34.6	205	118	5	43	244	65	256	2.19e-34	120
AOIP01000022.1_23	LOAJ01000002.1_59	31.9	263	144	8	3	244	4	252	4.44e-32	114
AOIP01000022.1_23	AOLZ01000012.1_21	35.4	246	125	12	33	258	40	271	1.08e-28	105
AOIP01000022.1_23	CP019286.1_48	35.4	246	125	12	33	258	40	271	1.08e-28	105
AOIP01000022.1_23	NC_013748.1_12	32.8	201	115	7	30	227	134	317	2.00e-24	95.9
AOIP01000022.1_23	CP100004.1_2	32.1	240	124	11	3	230	5	217	1.23e-21	86.7
AOIP01000022.1_23	AOIR01000042.1_45	31.1	238	136	9	3	230	21	240	2.21e-20	83.6
AOIP01000022.1_24	AOIP01000022.1_24	100	345	0	0	1	345	1	345	3.06e-236	640
AOIP01000022.1_24	CP095494.1_37	54.0	346	154	4	1	345	1	342	2.78e-108	316
AOIP01000022.1_24	AOIO01000049.1_95	48.6	311	137	8	1	306	1	293	3.20e-71	221
AOIP01000022.1_24	CP099999.1_38	41.2	330	185	7	1	330	1	321	6.56e-64	202
AOIP01000022.1_24	CP019329.1_72	38.9	352	193	9	1	340	1	342	2.20e-57	186
AOIP01000022.1_24	FNFE01000011.1_24	42.9	338	161	13	13	334	1	322	8.26e-56	181
AOIP01000022.1_24	LWLN01000003.1_16	39.9	366	184	12	1	343	1	353	2.22e-52	173
AOIP01000022.1_24	NC_015659.1_96	40.4	364	165	16	6	345	54	389	1.06e-51	172
AOIP01000022.1_24	CP084476.1_66	41.2	308	156	11	6	306	6	295	1.19e-47	160
AOIP01000022.1_24	CP119801.1_42	40.5	326	159	10	7	321	6	307	2.56e-47	160
AOIP01000022.1_24	CP031299.1_15	33.2	316	188	8	10	317	10	310	1.63e-33	123
AOIP01000022.1_24	JDTG01000019.1_88	33.2	316	188	8	10	317	10	310	1.63e-33	123
AOIP01000022.1_24	Gairdner_NODE_107_length_49922_cov_74.384603_16	34.7	323	169	17	6	311	6	303	2.53e-25	100
AOIP01000022.1_24	AOLZ01000012.1_22	42.8	138	75	4	197	332	321	456	1.46e-21	90.9
AOIP01000022.1_24	CP019286.1_47	42.8	138	75	4	197	332	321	456	1.46e-21	90.9
AOIP01000022.1_25	AOIP01000022.1_25	100	83	0	0	1	83	1	83	3.32e-55	161
AOIP01000022.1_25	AOIO01000049.1_96	97.6	83	2	0	1	83	1	83	1.11e-53	157
AOIP01000022.1_26	AOIP01000022.1_26	100	216	0	0	1	216	1	216	6.21e-151	414
AOIP01000022.1_26	AOIO01000049.1_97	96.8	216	7	0	1	216	1	216	3.30e-146	402
AOIP01000022.1_27	AOIP01000022.1_27	100	152	0	0	1	152	1	152	1.27e-105	294
AOIP01000022.1_27	AOIO01000049.1_98	96.7	152	5	0	1	152	1	152	1.42e-102	286
AOIP01000022.1_27	NC_013748.1_20	66.9	145	47	1	9	152	5	149	7.47e-63	186
AOIP01000022.1_27	NC_015659.1_93	56.5	154	62	2	1	152	1	151	3.91e-56	169
AOIP01000022.1_27	CP084476.1_61	52.3	153	69	2	1	152	1	150	1.58e-50	154
AOIP01000022.1_27	CP031299.1_19	50.0	146	68	2	9	152	5	147	1.27e-46	144
AOIP01000022.1_27	JDTG01000019.1_92	50.0	146	68	2	9	152	5	147	1.27e-46	144
AOIP01000022.1_28	AOIP01000022.1_28	100	314	0	0	1	314	1	314	2.39e-222	602
AOIP01000022.1_28	AOIO01000049.1_99	94.6	315	16	1	1	314	1	315	3.87e-210	572
AOIP01000022.1_28	NC_013748.1_21	72.9	314	80	3	2	310	8	321	1.47e-154	431
AOIP01000022.1_28	CP031299.1_20	72.3	307	79	3	6	309	8	311	1.11e-149	419
AOIP01000022.1_28	JDTG01000019.1_93	72.3	307	79	3	6	309	8	311	1.11e-149	419
AOIP01000022.1_28	CP084476.1_60	68.2	314	92	4	2	312	3	311	4.23e-144	404
AOIP01000022.1_28	NC_015659.1_92	72.1	297	77	3	2	293	3	298	2.92e-142	400
AOIP01000022.1_28	BBJN01000020.1_39	50.7	278	124	5	18	290	23	292	2.46e-79	239
AOIP01000022.1_28	FOXI01000018.1_47	48.5	293	138	5	3	290	9	293	1.02e-78	238
AOIP01000022.1_28	JAANTI010000009.1_8	48.5	293	138	5	3	290	9	293	1.02e-78	238
AOIP01000022.1_28	CP100004.1_10	47.3	283	145	3	9	288	1	282	4.34e-78	236
AOIP01000022.1_28	Gairdner_NODE_107_length_49922_cov_74.384603_21	44.8	288	154	3	7	293	14	297	7.12e-74	225
AOIP01000022.1_28	WSZK01000033.1_29	39.0	292	173	4	10	298	13	302	2.44e-60	191
AOIP01000022.1_28	RJJW01000001.1_38	44.2	251	133	6	33	280	45	291	1.22e-57	184
AOIP01000022.1_28	JAJCVI010000002.1_563	43.1	260	141	5	33	289	35	290	9.17e-57	181
AOIP01000022.1_28	JAAOHU010000009.1_62	42.5	259	142	6	33	287	152	407	9.05e-56	182
AOIP01000022.1_28	CP119801.1_35	37.8	294	177	5	5	295	9	299	1.28e-54	176
AOIP01000022.1_28	SJER01000008.1_136	40.5	279	161	4	33	308	155	431	5.48e-54	178
AOIP01000022.1_28	LWLN01000003.1_21	40.4	255	139	7	35	283	49	296	1.30e-51	169
AOIP01000022.1_28	AOIR01000042.1_49	41.0	290	156	9	19	304	25	303	2.32e-51	167
AOIP01000022.1_28	Gairdner_NODE_167_length_41210_cov_9.888325_26	38.9	296	169	8	8	297	14	303	5.25e-51	167
AOIP01000022.1_28	CP101161.1_3061	41.3	254	136	6	32	280	26	271	1.48e-49	162
AOIP01000022.1_28	CP099999.1_34	38.3	264	150	5	22	279	140	396	3.74e-49	165
AOIP01000022.1_28	FNFE01000011.1_30	35.9	287	170	8	25	302	121	402	2.19e-46	157
AOIP01000022.1_28	Eyre_NODE_236_length_33155_cov_19.932_34	34.6	266	168	5	28	289	43	306	7.70e-46	153
AOIP01000022.1_29	AOIP01000022.1_29	100	79	0	0	1	79	1	79	3.29e-51	150
AOIP01000022.1_29	AOIO01000049.1_100	98.7	79	1	0	1	79	1	79	5.48e-50	147
AOIP01000022.1_29	NC_013748.1_22	70.9	79	23	0	1	79	1	79	3.44e-35	110
AOIP01000022.1_29	NC_015659.1_91	73.8	80	20	1	1	79	1	80	6.86e-33	104
AOIP01000022.1_29	CP031299.1_21	61.3	80	30	1	1	79	1	80	1.04e-27	91.7
AOIP01000022.1_29	JDTG01000019.1_94	61.3	80	30	1	1	79	1	80	1.04e-27	91.7
AOIP01000022.1_29	CP084476.1_59	55.1	78	32	1	2	79	3	77	6.17e-24	82.0
AOIP01000022.1_30	AOIP01000022.1_30	100	97	0	0	1	97	1	97	1.45e-60	176
AOIP01000022.1_30	AOIO01000049.1_101	99.0	97	1	0	1	97	1	97	5.90e-60	174
AOIP01000022.1_30	NC_013748.1_23	65.7	99	32	1	1	97	1	99	2.66e-36	114
AOIP01000022.1_30	CP084476.1_58	71.0	100	25	2	1	97	1	99	5.35e-36	114
AOIP01000022.1_30	CP031299.1_22	60.2	98	35	2	1	95	1	97	5.10e-34	108
AOIP01000022.1_30	JDTG01000019.1_95	60.2	98	35	2	1	95	1	97	5.10e-34	108
AOIP01000022.1_30	NC_015659.1_90	51.5	103	44	1	1	97	1	103	6.91e-28	93.6
AOIP01000022.1_31	AOIP01000022.1_31	100	72	0	0	1	72	1	72	6.74e-50	147
AOIP01000022.1_31	AOIO01000049.1_107	98.6	72	1	0	1	72	1	72	2.75e-49	145
AOIP01000022.1_31	CP084476.1_57	90.3	72	7	0	1	72	1	72	3.63e-45	135
AOIP01000022.1_31	NC_015659.1_89	84.7	72	11	0	1	72	1	72	1.43e-42	128
AOIP01000022.1_31	CP031299.1_23	79.2	72	15	0	1	72	1	72	1.13e-39	121
AOIP01000022.1_31	JDTG01000019.1_96	79.2	72	15	0	1	72	1	72	1.13e-39	121
AOIP01000022.1_31	NC_013748.1_24	79.2	72	15	0	1	72	1	72	2.68e-38	117
AOIP01000022.1_31	CP101158.1_87	45.3	53	28	1	18	70	16	67	5.63e-14	56.6
AOIP01000022.1_32	AOIP01000022.1_32	100	195	0	0	1	195	1	195	1.18e-140	386
AOIP01000022.1_32	AOIO01000049.1_108	99.0	195	2	0	1	195	1	195	2.79e-139	382
AOIP01000022.1_32	NC_013748.1_25	81.3	187	35	0	9	195	8	194	2.11e-111	312
AOIP01000022.1_32	CP084476.1_56	75.0	192	48	0	1	192	1	192	1.15e-106	300
AOIP01000022.1_32	NC_015659.1_88	72.8	195	53	0	1	195	1	195	1.05e-102	290
AOIP01000022.1_32	CP031299.1_24	69.3	189	58	0	7	195	5	193	1.90e-93	266
AOIP01000022.1_32	JDTG01000019.1_97	69.3	189	58	0	7	195	5	193	1.90e-93	266
AOIP01000022.1_32	RJJW01000001.1_42	29.4	177	121	3	13	187	19	193	4.17e-19	77.4
AOIP01000022.1_32	LWLN01000003.1_25	32.4	142	84	6	49	182	53	190	1.18e-13	62.8
AOIP01000022.1_32	AOJE01000025.1_37	32.6	138	84	4	28	161	17	149	1.41e-13	62.4
AOIP01000022.1_32	CP099999.1_30	29.3	157	98	5	9	161	22	169	2.96e-12	58.9
AOIP01000022.1_33	AOIP01000022.1_33	100	343	0	0	1	343	1	343	1.54e-244	661
AOIP01000022.1_33	AOIO01000049.1_109	99.7	343	1	0	1	343	1	343	8.93e-244	659
AOIP01000022.1_33	NC_013748.1_26	80.8	343	65	1	1	343	1	342	3.07e-198	544
AOIP01000022.1_33	CP031299.1_25	77.8	343	75	1	1	343	1	342	2.79e-194	534
AOIP01000022.1_33	JDTG01000019.1_98	77.8	343	75	1	1	343	1	342	2.79e-194	534
AOIP01000022.1_33	NC_015659.1_87	74.1	344	88	1	1	343	1	344	3.34e-184	508
AOIP01000022.1_33	CP084476.1_55	72.6	343	93	1	1	343	1	342	3.44e-181	501
AOIP01000022.1_33	Gairdner_NODE_107_length_49922_cov_74.384603_27	37.0	319	192	6	4	317	3	317	2.03e-52	172
AOIP01000022.1_34	AOIP01000022.1_34	100	413	0	0	1	413	1	413	1.37e-287	776
AOIP01000022.1_34	AOIO01000049.1_110	99.0	413	4	0	1	413	1	413	3.77e-285	769
AOIP01000022.1_34	NC_013748.1_27	76.6	419	92	1	1	413	1	419	2.47e-220	606
AOIP01000022.1_34	NC_015659.1_86	74.2	419	102	1	1	413	1	419	1.17e-218	602
AOIP01000022.1_34	CP031299.1_26	74.7	415	99	2	2	413	3	414	2.26e-210	580
AOIP01000022.1_34	JDTG01000019.1_99	74.7	415	99	2	2	413	3	414	2.26e-210	580
AOIP01000022.1_34	CP084476.1_54	73.3	424	98	4	1	413	1	420	5.37e-208	575
AOIP01000022.1_34	FOXI01000018.1_40	47.8	362	186	2	54	412	62	423	1.33e-101	304
AOIP01000022.1_34	JAANTI010000009.1_15	47.8	362	186	2	54	412	62	423	1.33e-101	304
AOIP01000022.1_34	BBJN01000020.1_45	47.5	362	187	2	54	412	56	417	2.20e-101	303
AOIP01000022.1_34	Gairdner_NODE_107_length_49922_cov_74.384603_28	46.0	354	187	3	54	404	49	401	9.08e-96	289
AOIP01000022.1_34	CP100004.1_17	45.9	379	193	5	39	410	40	413	9.21e-88	268
AOIP01000022.1_34	WSZK01000033.1_23	40.3	365	214	3	50	410	68	432	6.67e-74	233
AOIP01000022.1_34	CP101161.1_3067	36.9	360	216	4	64	413	3	361	2.78e-63	203
AOIP01000022.1_34	JAJCVI010000002.1_569	36.0	381	229	5	47	413	62	441	1.30e-59	196
AOIP01000022.1_34	LOAJ01000002.1_46	32.0	363	239	4	44	399	67	428	8.92e-57	188
AOIP01000022.1_34	KX687704.1_24	30.8	422	254	7	12	399	10	427	6.55e-56	186
AOIP01000022.1_34	KX906370.1_105	30.8	422	254	7	12	399	10	427	9.16e-56	186
AOIP01000022.1_34	AOIR01000042.1_55	34.9	370	216	13	60	413	84	444	2.69e-52	177
AOIP01000022.1_34	SRIF01000015.1_59	33.4	419	255	7	2	399	14	429	1.63e-51	175
AOIP01000022.1_34	AOJE01000025.1_39	33.7	350	225	5	50	393	66	414	2.39e-48	166
AOIP01000022.1_34	CP119801.1_29	31.1	424	260	8	1	395	4	424	5.69e-47	163
AOIP01000022.1_34	RJJW01000001.1_44	30.4	362	217	3	49	375	68	429	2.81e-45	159
AOIP01000022.1_34	CP095494.1_50	31.6	415	259	7	2	395	6	416	5.03e-45	157
AOIP01000022.1_34	CP099999.1_28	35.7	319	186	5	50	351	52	368	8.37e-44	154
AOIP01000022.1_35	AOIP01000022.1_35	100	544	0	0	1	544	1	544	0.0	1060
AOIP01000022.1_35	AOIO01000049.1_111	95.4	542	24	1	1	541	1	542	0.0	1006
AOIP01000022.1_35	CP084476.1_53	73.4	546	135	2	1	542	1	540	5.19e-286	783
AOIP01000022.1_35	NC_013748.1_28	75.6	513	113	3	32	542	57	559	1.87e-274	754
AOIP01000022.1_35	NC_015659.1_85	71.3	512	138	3	32	539	32	538	4.02e-266	732
AOIP01000022.1_35	CP031299.1_27	72.1	526	144	3	18	542	92	615	7.07e-262	724
AOIP01000022.1_35	JDTG01000019.1_100	72.1	526	144	3	18	542	92	615	7.07e-262	724
AOIP01000022.1_35	CP100004.1_19	39.1	481	272	7	57	536	36	496	2.40e-92	287
AOIP01000022.1_35	FOXI01000018.1_39	37.0	481	284	11	58	532	46	513	2.41e-80	257
AOIP01000022.1_35	JAANTI010000009.1_16	37.0	481	284	11	58	532	46	513	2.41e-80	257
AOIP01000022.1_35	BBJN01000020.1_46	36.1	410	245	7	58	461	46	444	9.48e-66	220
AOIP01000022.1_35	JAJCVI010000002.1_570	35.7	308	191	6	228	533	291	593	6.18e-52	182
AOIP01000022.1_35	CP101158.1_91	30.2	497	299	11	41	524	99	560	2.24e-49	175
AOIP01000022.1_35	CP101161.1_3068	33.2	304	193	7	234	532	282	580	5.80e-45	163
AOIP01000022.1_35	CP095494.1_51	28.8	292	197	4	235	522	398	682	3.32e-26	108
AOIP01000022.1_36	AOIP01000022.1_36	100	790	0	0	1	790	1	790	0.0	1566
AOIP01000022.1_36	AOIO01000049.1_112	98.4	790	13	0	1	790	1	790	0.0	1542
AOIP01000022.1_36	NC_015659.1_84	85.3	784	114	1	7	790	6	788	0.0	1336
AOIP01000022.1_36	CP031299.1_28	83.7	790	127	2	1	790	1	788	0.0	1327
AOIP01000022.1_36	JDTG01000019.1_101	83.7	790	127	2	1	790	1	788	0.0	1327
AOIP01000022.1_36	NC_013748.1_29	83.5	790	124	1	1	790	1	784	0.0	1320
AOIP01000022.1_36	CP100004.1_22	59.4	789	307	8	9	789	8	791	0.0	897
AOIP01000022.1_36	WSZK01000033.1_21	54.5	796	338	9	9	788	17	804	7.19e-290	813
AOIP01000022.1_36	SRIF01000015.1_56	53.0	785	343	8	28	789	31	812	9.32e-283	795
AOIP01000022.1_36	CP019329.1_57	52.7	802	353	9	9	789	20	816	1.42e-282	795
AOIP01000022.1_36	CP095494.1_52	53.2	801	350	7	9	788	17	813	3.89e-282	794
AOIP01000022.1_36	CP119801.1_26	51.5	814	367	8	1	789	1	811	2.63e-279	786
AOIP01000022.1_36	RJJW01000001.1_46	51.3	792	351	10	24	789	26	808	4.12e-277	781
AOIP01000022.1_36	CP084476.1_52	50.9	802	376	8	1	789	1	797	1.79e-276	779
AOIP01000022.1_36	Eyre_NODE_236_length_33155_cov_19.932_26	51.2	805	360	14	9	788	28	824	9.17e-265	750
AOIP01000022.1_36	Eyresouth_NODE_101_length_48437_cov_7.17035_28	50.4	808	369	12	5	788	25	824	5.97e-263	745
AOIP01000022.1_36	Frome_NODE_383_length_24936_cov_4.316346_20	50.4	808	369	12	5	788	25	824	1.20e-262	744
AOIP01000022.1_36	LWLN01000003.1_29	48.1	800	389	12	9	789	34	826	3.45e-247	705
AOIP01000022.1_36	AOLZ01000012.1_35	46.3	800	404	12	9	789	30	822	1.13e-233	671
AOIP01000022.1_36	CP019286.1_34	46.3	800	404	12	9	789	30	822	1.13e-233	671
AOIP01000022.1_36	SJER01000008.1_144	46.6	777	384	10	30	784	39	806	1.58e-233	670
AOIP01000022.1_36	LOAJ01000002.1_44	44.0	809	415	12	9	782	22	827	6.68e-218	630
AOIP01000022.1_36	QKNW01000002.1_20	45.3	812	398	20	9	782	45	848	9.38e-216	626
AOIP01000022.1_36	CP101158.1_93	43.6	812	415	12	9	782	14	820	3.79e-212	615
AOIP01000022.1_36	KX906370.1_107	42.8	810	422	13	9	781	19	824	3.70e-208	605
AOIP01000022.1_37	AOIP01000022.1_37	100	316	0	0	1	316	1	316	1.03e-233	631
AOIP01000022.1_37	AOIO01000049.1_113	96.5	316	11	0	1	316	1	316	1.76e-225	610
AOIP01000022.1_37	NC_013748.1_30	83.4	313	52	0	4	316	3	315	4.36e-196	536
AOIP01000022.1_37	NC_015659.1_83	82.0	316	57	0	1	316	1	316	3.71e-195	534
AOIP01000022.1_37	CP031299.1_29	70.6	313	91	1	4	316	3	314	2.29e-163	453
AOIP01000022.1_37	JDTG01000019.1_102	70.6	313	91	1	4	316	3	314	2.29e-163	453
AOIP01000022.1_37	CP119801.1_25	39.4	297	172	5	19	310	20	313	3.98e-76	232
AOIP01000022.1_37	CP019329.1_55	41.2	291	167	4	23	310	26	315	7.60e-74	226
AOIP01000022.1_37	CP100004.1_23	41.4	295	167	4	11	302	17	308	3.32e-73	224
AOIP01000022.1_37	CP095494.1_53	38.6	295	177	4	19	310	20	313	5.11e-71	219
AOIP01000022.1_37	SRIF01000015.1_55	37.5	317	187	7	5	313	3	316	2.03e-67	209
AOIP01000022.1_37	RJJW01000001.1_47	35.3	303	191	4	4	303	3	303	2.33e-65	204
AOIP01000022.1_37	LWLN01000003.1_30	37.2	298	170	5	13	305	7	292	9.53e-61	192
AOIP01000022.1_37	CP019286.1_33	39.2	278	159	4	35	306	23	296	1.41e-59	189
AOIP01000022.1_37	AOLZ01000012.1_36	39.6	278	158	4	35	306	23	296	1.99e-59	189
AOIP01000022.1_37	CP084476.1_51	33.8	299	184	7	11	305	3	291	6.17e-51	167
AOIP01000022.1_37	CP099999.1_52	36.6	235	141	5	3	230	5	238	3.10e-36	133
AOIP01000022.1_38	AOIP01000022.1_38	100	528	0	0	1	528	1	528	0.0	991
AOIP01000022.1_38	LWLN01000003.1_32	81.9	529	65	2	1	528	1	499	6.31e-319	863
AOIP01000022.1_38	CP084476.1_50	80.3	528	74	1	1	528	1	498	2.15e-312	847
AOIP01000022.1_38	NC_013748.1_31	79.8	529	74	3	1	528	1	497	2.67e-308	837
AOIP01000022.1_38	NC_015659.1_82	78.7	531	80	2	1	528	1	501	8.46e-306	830
AOIP01000022.1_38	CP031299.1_30	76.7	528	90	2	1	528	1	495	1.68e-299	814
AOIP01000022.1_38	JDTG01000019.1_103	76.7	528	90	2	1	528	1	495	1.68e-299	814
AOIP01000022.1_38	SJER01000008.1_146	70.1	529	124	3	1	525	1	499	3.32e-271	743
AOIP01000022.1_38	RJJW01000001.1_49	51.2	514	217	3	15	528	11	490	1.45e-179	510
AOIP01000022.1_38	CP019329.1_54	49.2	547	219	6	6	528	12	523	2.45e-168	483
AOIP01000022.1_38	SRIF01000015.1_53	47.9	534	219	5	15	524	9	507	5.89e-166	476
AOIP01000022.1_38	CP119801.1_24	46.7	538	228	5	15	528	15	517	7.21e-161	463
AOIP01000022.1_38	AOIO01000049.1_114	98.6	140	2	0	1	140	1	140	1.08e-97	289
AOIP01000022.1_38	QKNW01000002.1_17	27.4	376	225	11	29	367	47	411	1.94e-25	105
AOIP01000022.1_39	AOIP01000022.1_39	100	150	0	0	1	150	1	150	1.55e-114	316
AOIP01000022.1_39	NC_015659.1_79	73.3	150	40	0	1	150	1	150	8.40e-85	241
AOIP01000022.1_40	AOIP01000022.1_40	100	227	0	0	1	227	1	227	1.93e-164	449
AOIP01000022.1_41	AOIP01000022.1_41	100	173	0	0	1	173	1	173	2.66e-124	343
AOIP01000022.1_41	CP095494.1_62	82.7	173	30	0	1	173	1	173	1.75e-104	293
AOIP01000022.1_42	AOIP01000022.1_42	100	79	0	0	1	79	1	79	9.80e-53	154
AOIP01000022.1_43	AOIP01000022.1_43	100	106	0	0	1	106	1	106	9.65e-79	222
AOIP01000022.1_44	AOIP01000022.1_44	100	82	0	0	1	82	1	82	2.84e-60	174
AOIP01000022.1_45	AOIP01000022.1_45	100	373	0	0	1	373	1	373	1.01e-271	732
AOIP01000022.1_45	AOLZ01000012.1_46	75.2	371	88	3	5	373	13	381	4.77e-196	541
AOIP01000022.1_45	CP019286.1_23	75.2	371	88	3	5	373	13	381	4.77e-196	541
AOIP01000022.1_45	NC_013748.1_37	72.6	369	100	1	6	373	2	370	6.45e-196	540
AOIP01000022.1_45	LWLN01000003.1_42	70.3	364	105	2	13	373	10	373	1.01e-181	504
AOIP01000022.1_45	CP031299.1_40	59.2	370	145	4	5	370	13	380	6.18e-145	412
AOIP01000022.1_45	JDTG01000019.1_113	59.2	370	145	4	5	370	13	380	6.18e-145	412
AOIP01000022.1_45	CP119801.1_19	45.6	362	187	3	17	370	26	385	1.69e-96	288
AOIP01000022.1_45	JAAOHU010000009.1_51	40.3	357	200	6	16	370	20	365	4.90e-76	235
AOIP01000022.1_45	WSZK01000033.1_9	44.8	310	156	7	70	368	103	408	8.93e-76	236
AOIP01000022.1_45	Gairdner_NODE_107_length_49922_cov_74.384603_35	36.5	373	217	9	11	372	15	378	1.10e-61	199
AOIP01000022.1_45	SJER01000008.1_149	36.3	355	199	10	35	365	42	393	2.46e-55	182
AOIP01000022.1_45	CP095494.1_63	81.0	84	14	1	290	373	2	83	1.52e-38	129
AOIP01000022.1_46	AOIP01000022.1_46	100	399	0	0	1	399	1	399	1.15e-297	800
AOIP01000022.1_47	AOIP01000022.1_47	100	72	0	0	1	72	1	72	6.74e-50	147
AOIP01000022.1_48	AOIP01000022.1_48	100	199	0	0	1	199	1	199	1.23e-144	396
AOIP01000022.1_49	AOIP01000022.1_49	100	156	0	0	1	156	1	156	1.71e-105	294
AOIP01000022.1_50	AOIP01000022.1_50	100	206	0	0	1	206	1	206	3.80e-156	426
