AOIR01000042.1_22	AOIR01000042.1_22	100	307	0	0	1	307	1	307	4.85e-223	603
AOIR01000042.1_23	AOIR01000042.1_23	100	268	0	0	1	268	1	268	1.47e-193	526
AOIR01000042.1_24	AOIR01000042.1_24	100	202	0	0	1	202	1	202	1.66e-139	384
AOIR01000042.1_25	AOIR01000042.1_25	100	272	0	0	1	272	1	272	1.08e-197	536
AOIR01000042.1_26	AOIR01000042.1_26	100	454	0	0	1	454	1	454	0.0	867
AOIR01000042.1_27	AOIR01000042.1_27	100	189	0	0	1	189	1	189	2.31e-135	372
AOIR01000042.1_28	AOIR01000042.1_28	100	56	0	0	1	56	1	56	2.47e-36	111
AOIR01000042.1_29	AOIR01000042.1_29	100	74	0	0	1	74	1	74	5.01e-55	160
AOIR01000042.1_30	AOIR01000042.1_30	100	264	0	0	1	264	1	264	2.09e-191	520
AOIR01000042.1_31	AOIR01000042.1_31	100	249	0	0	1	249	1	249	1.51e-172	471
AOIR01000042.1_32	AOIR01000042.1_32	100	1297	0	0	1	1297	1	1297	0.0	2575
AOIR01000042.1_33	AOIR01000042.1_33	100	778	0	0	1	778	1	778	0.0	1246
AOIR01000042.1_34	AOIR01000042.1_34	100	518	0	0	1	518	1	518	0.0	986
AOIR01000042.1_35	AOIR01000042.1_35	100	275	0	0	1	275	1	275	8.55e-201	545
AOIR01000042.1_36	AOIR01000042.1_36	100	218	0	0	1	218	1	218	7.86e-155	424
AOIR01000042.1_37	AOIR01000042.1_37	100	442	0	0	1	442	1	442	3.74e-286	775
AOIR01000042.1_37	JDTG01000019.1_67	40.9	44	26	0	144	187	117	160	3.08e-06	45.1
AOIR01000042.1_38	AOIR01000042.1_38	100	104	0	0	1	104	1	104	5.04e-71	202
AOIR01000042.1_39	AOIR01000042.1_39	100	31	0	0	1	31	1	31	4.73e-13	51.2
AOIR01000042.1_40	AOIR01000042.1_40	100	187	0	0	1	187	1	187	1.90e-133	367
AOIR01000042.1_41	AOIR01000042.1_41	100	364	0	0	1	364	1	364	1.39e-278	749
AOIR01000042.1_41	CP101161.1_3053	33.5	337	194	9	32	359	16	331	1.28e-48	163
AOIR01000042.1_42	AOIR01000042.1_42	100	120	0	0	1	120	1	120	1.91e-87	245
AOIR01000042.1_43	AOIR01000042.1_43	100	1213	0	0	1	1213	1	1213	0.0	2312
AOIR01000042.1_43	CP101161.1_3055	31.2	844	528	24	372	1177	447	1275	1.27e-83	294
AOIR01000042.1_43	AOJE01000025.1_27	28.3	858	493	29	370	1175	349	1136	3.09e-72	258
AOIR01000042.1_43	JAAOHU010000009.1_4	28.6	873	544	32	374	1208	414	1245	4.15e-63	231
AOIR01000042.1_43	CP019329.1_80	26.2	879	570	27	352	1178	267	1118	6.88e-50	188
AOIR01000042.1_43	LOAJ01000002.1_61	26.8	906	552	33	368	1195	536	1408	2.36e-49	187
AOIR01000042.1_43	CP099999.1_41	24.8	973	602	43	294	1198	278	1188	1.14e-32	133
AOIR01000042.1_44	AOIR01000042.1_44	100	561	0	0	1	561	1	561	0.0	1059
AOIR01000042.1_44	CP101161.1_3056	38.2	521	285	10	46	555	19	513	2.38e-89	281
AOIR01000042.1_44	JAJCVI010000002.1_558	40.7	519	281	16	53	557	19	524	6.82e-86	272
AOIR01000042.1_44	AOJE01000025.1_28	33.8	477	286	8	90	558	38	492	7.30e-66	218
AOIR01000042.1_44	FOXI01000018.1_54	33.5	469	273	11	105	543	49	508	4.15e-48	171
AOIR01000042.1_44	QKNW01000002.1_40	33.7	499	275	18	91	554	49	526	4.23e-46	166
AOIR01000042.1_44	CP099999.1_40	34.6	434	243	12	129	543	71	482	2.81e-44	160
AOIR01000042.1_44	JAANTI010000009.1_1	34.9	407	231	9	163	543	40	438	9.23e-44	157
AOIR01000042.1_44	CP101158.1_75	32.2	534	303	18	38	543	9	511	1.12e-40	150
AOIR01000042.1_44	AOLZ01000012.1_20	31.3	552	314	16	38	557	1	519	2.54e-40	149
AOIR01000042.1_44	CP019286.1_49	31.3	552	314	16	38	557	1	519	2.54e-40	149
AOIR01000042.1_44	BBJN01000020.1_33	29.6	473	291	14	101	550	64	517	1.02e-35	136
AOIR01000042.1_44	FNFE01000011.1_20	29.6	480	270	17	102	550	54	496	2.75e-34	131
AOIR01000042.1_44	JAAOHU010000009.1_3	29.6	479	285	15	95	545	43	497	2.71e-33	129
AOIR01000042.1_44	CP095494.1_35	28.9	539	339	14	38	553	1	518	5.79e-29	116
AOIR01000042.1_44	CP019329.1_79	32.8	344	197	12	217	550	179	498	1.57e-28	114
AOIR01000042.1_44	KX687704.1_8	32.0	366	205	14	227	561	200	552	7.48e-25	103
AOIR01000042.1_44	KX906370.1_89	32.0	366	205	14	227	561	200	552	7.48e-25	103
AOIR01000042.1_44	LOAJ01000002.1_60	30.8	494	275	22	94	544	71	540	3.25e-24	102
AOIR01000042.1_44	AOJE01000051.1_48	32.9	246	139	8	330	561	31	264	2.28e-18	80.9
AOIR01000042.1_45	AOIR01000042.1_45	100	273	0	0	1	273	1	273	8.63e-209	565
AOIR01000042.1_45	AOJE01000025.1_29	38.2	238	133	5	20	255	23	248	2.51e-49	159
AOIR01000042.1_45	CP100004.1_2	34.0	247	136	8	18	253	2	232	2.97e-35	123
AOIR01000042.1_45	RJJW01000001.1_30	31.7	224	138	5	45	258	46	264	3.09e-32	115
AOIR01000042.1_45	SJER01000008.1_129	32.9	228	139	6	22	240	5	227	2.97e-31	113
AOIR01000042.1_45	Eyresouth_NODE_101_length_48437_cov_7.17035_11	33.2	262	146	8	20	266	9	256	1.99e-30	110
AOIR01000042.1_45	JAJCVI010000007.1_15	32.9	234	134	7	22	240	4	229	8.23e-30	109
AOIR01000042.1_45	Frome_NODE_383_length_24936_cov_4.316346_3	34.1	252	142	6	19	255	8	250	1.08e-29	108
AOIR01000042.1_45	AOIO01000049.1_90	31.8	239	144	7	20	243	6	240	1.04e-24	95.5
AOIR01000042.1_45	CP099999.1_39	29.2	243	151	7	22	251	5	239	1.25e-24	95.1
AOIR01000042.1_45	Gairdner_NODE_107_length_49922_cov_74.384603_14	31.1	270	152	12	20	269	1	256	2.05e-24	94.7
AOIR01000042.1_45	NC_015659.1_99	29.6	226	141	8	51	267	135	351	6.61e-22	89.4
AOIR01000042.1_45	AOIP01000022.1_23	30.8	240	138	9	21	242	3	232	1.75e-21	86.7
AOIR01000042.1_45	NC_013748.1_12	29.9	214	132	8	55	259	135	339	1.85e-19	82.4
AOIR01000042.1_45	Gairdner_NODE_167_length_41210_cov_9.888325_30	27.1	229	131	10	55	254	52	273	2.40e-18	78.6
AOIR01000042.1_46	AOIR01000042.1_46	100	329	0	0	1	329	1	329	8.33e-226	612
AOIR01000042.1_47	AOIR01000042.1_47	100	237	0	0	1	237	1	237	4.34e-166	454
AOIR01000042.1_47	AOJE01000025.1_32	24.6	191	134	5	16	203	12	195	6.79e-08	47.4
AOIR01000042.1_48	AOIR01000042.1_48	100	146	0	0	1	146	1	146	1.19e-98	276
AOIR01000042.1_49	AOIR01000042.1_49	100	305	0	0	1	305	1	305	3.82e-219	593
AOIR01000042.1_49	CP031299.1_20	42.5	275	147	7	13	277	9	282	9.80e-61	192
AOIR01000042.1_49	JDTG01000019.1_93	42.5	275	147	7	13	277	9	282	9.80e-61	192
AOIR01000042.1_49	Gairdner_NODE_107_length_49922_cov_74.384603_21	45.2	228	118	5	55	277	59	284	9.30e-57	181
AOIR01000042.1_49	FOXI01000018.1_47	39.3	298	167	8	1	288	1	294	2.47e-56	180
AOIR01000042.1_49	JAANTI010000009.1_8	39.3	298	167	8	1	288	1	294	2.47e-56	180
AOIR01000042.1_49	AOIO01000049.1_99	40.5	274	155	6	37	304	37	308	2.24e-55	178
AOIR01000042.1_49	AOIP01000022.1_28	41.0	290	156	9	25	303	19	304	4.33e-55	177
AOIR01000042.1_49	NC_015659.1_92	38.7	284	145	8	33	295	36	311	8.60e-55	176
AOIR01000042.1_49	BBJN01000020.1_39	39.6	298	165	9	1	288	1	293	1.05e-54	176
AOIR01000042.1_49	CP100004.1_10	40.7	273	152	9	14	277	3	274	2.14e-51	167
AOIR01000042.1_49	RJJW01000001.1_38	39.9	223	127	7	59	277	72	291	2.51e-46	154
AOIR01000042.1_49	AOJE01000025.1_34	37.2	290	157	10	3	281	4	279	1.18e-42	144
AOIR01000042.1_49	JAJCVI010000007.1_22	30.4	253	160	6	51	290	176	425	8.41e-33	121
AOIR01000042.1_50	AOIR01000042.1_50	100	86	0	0	1	86	1	86	2.58e-40	124
AOIR01000042.1_51	AOIR01000042.1_51	100	89	0	0	1	89	1	89	2.72e-59	172
AOIR01000042.1_51	JAJCVI010000002.1_565	34.5	55	36	0	17	71	17	71	2.12e-05	35.4
AOIR01000042.1_52	AOIR01000042.1_52	100	83	0	0	1	83	1	83	3.34e-46	138
AOIR01000042.1_53	AOIR01000042.1_53	100	194	0	0	1	194	1	194	1.33e-141	388
AOIR01000042.1_53	CP101161.1_3065	53.7	162	75	0	20	181	4	165	4.79e-56	171
AOIR01000042.1_53	JAJCVI010000002.1_567	45.9	157	85	0	27	183	8	164	7.65e-50	155
AOIR01000042.1_53	Gairdner_NODE_167_length_41210_cov_9.888325_22	43.6	149	84	0	25	173	2	150	2.45e-40	133
AOIR01000042.1_53	BBJN01000020.1_43	31.0	174	107	5	26	188	14	185	2.12e-19	77.8
AOIR01000042.1_53	FOXI01000018.1_43	29.5	173	110	5	26	188	14	184	2.26e-16	69.7
AOIR01000042.1_53	JAANTI010000009.1_12	29.5	173	110	5	26	188	14	184	2.26e-16	69.7
AOIR01000042.1_53	WSZK01000033.1_25	28.0	164	103	4	27	177	18	179	2.28e-13	62.0
AOIR01000042.1_54	AOIR01000042.1_54	100	342	0	0	1	342	1	342	4.58e-241	652
AOIR01000042.1_54	AOJE01000025.1_38	30.4	237	138	7	90	306	89	318	1.20e-23	95.5
AOIR01000042.1_54	CP100004.1_16	29.8	309	191	13	11	306	11	306	6.50e-21	87.8
AOIR01000042.1_55	AOIR01000042.1_55	100	444	0	0	1	444	1	444	5.09e-285	772
AOIR01000042.1_55	CP101161.1_3067	44.3	343	188	3	86	426	1	342	3.20e-97	292
AOIR01000042.1_55	JAJCVI010000002.1_569	45.8	365	192	4	85	444	78	441	9.29e-97	293
AOIR01000042.1_55	AOJE01000025.1_39	37.9	330	196	3	99	423	94	419	7.11e-73	231
AOIR01000042.1_55	BBJN01000020.1_45	32.1	364	236	5	85	444	63	419	2.43e-59	196
AOIR01000042.1_55	AOIP01000022.1_34	35.0	349	211	10	84	425	60	399	2.57e-55	185
AOIR01000042.1_55	AOIO01000049.1_110	34.7	349	212	10	84	425	60	399	7.04e-55	184
AOIR01000042.1_55	CP100004.1_17	32.8	357	227	6	84	432	63	414	2.11e-54	182
AOIR01000042.1_55	WSZK01000033.1_23	31.9	351	228	6	85	428	79	425	3.80e-53	180
AOIR01000042.1_55	NC_015659.1_86	32.6	362	229	8	72	424	50	405	4.75e-51	174
AOIR01000042.1_55	CP031299.1_26	31.6	361	229	9	74	424	48	400	1.74e-45	159
AOIR01000042.1_55	JDTG01000019.1_99	31.6	361	229	9	74	424	48	400	1.74e-45	159
AOIR01000042.1_55	NC_013748.1_27	32.2	348	222	11	84	425	66	405	1.93e-45	159
AOIR01000042.1_55	KX687704.1_24	28.4	356	245	5	79	424	72	427	1.25e-43	154
AOIR01000042.1_55	KX906370.1_105	28.4	356	245	5	79	424	72	427	1.25e-43	154
AOIR01000042.1_55	LOAJ01000002.1_46	27.8	360	242	6	79	424	73	428	4.61e-42	150
AOIR01000042.1_56	AOIR01000042.1_56	100	511	0	0	1	511	1	511	0.0	983
AOIR01000042.1_56	AOJE01000025.1_40	33.0	443	263	8	63	498	51	466	1.57e-63	210
AOIR01000042.1_56	CP101161.1_3068	36.5	285	177	2	211	491	286	570	9.74e-52	181
AOIR01000042.1_56	Gairdner_NODE_107_length_49922_cov_74.384603_29	30.3	524	322	14	4	496	43	554	8.39e-51	178
AOIR01000042.1_57	AOIR01000042.1_57	100	799	0	0	1	799	1	799	0.0	1585
AOIR01000042.1_57	JAJCVI010000002.1_573	39.0	823	429	16	3	795	7	786	3.74e-168	501
AOIR01000042.1_57	CP101161.1_3069	39.1	841	418	24	2	797	4	795	1.41e-163	490
AOIR01000042.1_57	AOJE01000025.1_41	37.0	820	447	20	3	792	5	784	2.91e-141	432
AOIR01000042.1_57	JAAOHU010000009.1_54	37.6	765	407	22	81	792	69	816	1.50e-135	418
AOIR01000042.1_57	Gairdner_NODE_107_length_49922_cov_74.384603_31	35.0	818	464	19	3	793	5	781	1.81e-128	398
AOIR01000042.1_57	NC_015659.1_84	35.4	817	465	19	1	792	1	779	6.86e-124	386
AOIR01000042.1_57	FOXI01000018.1_35	35.3	818	466	19	2	795	4	782	1.01e-121	380
AOIR01000042.1_57	JAANTI010000009.1_19	35.3	818	466	19	2	795	4	782	1.01e-121	380
AOIR01000042.1_57	AOIO01000049.1_112	34.2	810	472	18	7	792	9	781	1.14e-121	380
AOIR01000042.1_57	AOIP01000022.1_36	34.3	810	471	18	7	792	9	781	1.14e-121	380
AOIR01000042.1_57	CP101158.1_93	33.6	847	472	22	6	797	13	824	2.86e-121	380
AOIR01000042.1_57	CP031299.1_28	34.5	818	471	19	1	792	1	779	2.99e-121	379
AOIR01000042.1_57	JDTG01000019.1_101	34.5	818	471	19	1	792	1	779	2.99e-121	379
AOIR01000042.1_57	KX687704.1_26	35.3	863	448	30	2	797	17	836	2.06e-120	379
AOIR01000042.1_57	LOAJ01000002.1_44	33.9	852	462	26	6	797	21	831	5.13e-120	377
AOIR01000042.1_57	CP019329.1_57	33.3	820	490	19	3	792	16	808	2.63e-119	375
AOIR01000042.1_57	KX906370.1_107	33.5	857	468	21	2	797	14	829	5.16e-119	375
AOIR01000042.1_57	BBJN01000020.1_48	34.6	829	464	19	2	795	4	789	1.02e-118	373
AOIR01000042.1_57	NC_013748.1_29	33.5	817	473	18	2	792	3	775	6.68e-117	368
AOIR01000042.1_57	CP100004.1_22	33.4	823	480	21	2	795	3	786	1.81e-114	362
AOIR01000042.1_57	CP095494.1_52	31.4	832	497	18	3	795	13	809	3.29e-114	362
AOIR01000042.1_57	RJJW01000001.1_46	33.6	770	436	18	78	798	63	806	1.46e-113	360
AOIR01000042.1_57	CP099999.1_26	35.8	772	424	22	75	795	62	812	2.44e-111	354
AOIR01000042.1_57	CP084476.1_52	32.6	817	486	18	6	792	8	789	3.60e-111	353
AOIR01000042.1_58	AOIR01000042.1_58	100	85	0	0	1	85	1	85	1.23e-60	175
AOIR01000042.1_58	CP019329.1_86	32.5	77	45	1	8	84	16	85	5.38e-07	39.7
AOIR01000042.1_59	AOIR01000042.1_59	100	53	0	0	1	53	1	53	4.31e-29	93.2
AOIR01000042.1_60	AOIR01000042.1_60	100	127	0	0	1	127	1	127	2.75e-88	248
AOIR01000042.1_61	AOIR01000042.1_61	100	116	0	0	1	116	1	116	6.96e-97	269
AOIR01000042.1_62	AOIR01000042.1_62	100	48	0	0	1	48	1	48	3.42e-35	108
AOIR01000042.1_63	AOIR01000042.1_63	100	94	0	0	1	94	1	94	2.63e-66	190
AOIR01000042.1_64	AOIR01000042.1_64	100	222	0	0	1	222	1	222	6.24e-163	444
AOIR01000042.1_65	AOIR01000042.1_65	100	179	0	0	1	179	1	179	2.25e-128	353
AOIR01000042.1_66	AOIR01000042.1_66	100	259	0	0	1	259	1	259	6.79e-199	538
AOIR01000042.1_67	AOIR01000042.1_67	100	65	0	0	1	65	1	65	3.28e-47	139
AOIR01000042.1_68	AOIR01000042.1_68	100	224	0	0	1	224	1	224	1.00e-169	462
AOIR01000042.1_68	CP100004.1_24	26.6	184	118	6	48	222	32	207	1.64e-11	57.4
AOIR01000042.1_69	AOIR01000042.1_69	100	47	0	0	1	47	1	47	2.04e-29	93.6
AOIR01000042.1_70	AOIR01000042.1_70	100	229	0	0	1	229	1	229	1.36e-165	452
AOIR01000042.1_71	AOIR01000042.1_71	100	105	0	0	1	105	1	105	1.23e-76	217
