AOJE01000025.1_12	AOJE01000025.1_12	100	201	0	0	1	201	1	201	3.94e-142	390
AOJE01000025.1_13	AOJE01000025.1_13	100	1244	0	0	1	1244	1	1244	0.0	2488
AOJE01000025.1_13	CP019329.1_48	28.1	659	378	24	659	1241	555	1193	3.20e-55	206
AOJE01000025.1_13	CP019329.1_95	27.9	596	377	21	669	1236	567	1137	6.02e-54	201
AOJE01000025.1_14	AOJE01000025.1_14	100	187	0	0	1	187	1	187	2.22e-132	364
AOJE01000025.1_15	AOJE01000025.1_15	100	152	0	0	1	152	1	152	1.73e-103	288
AOJE01000025.1_16	AOJE01000025.1_16	100	302	0	0	1	302	1	302	9.42e-223	602
AOJE01000025.1_17	AOJE01000025.1_17	100	85	0	0	1	85	1	85	2.48e-60	174
AOJE01000025.1_18	AOJE01000025.1_18	100	159	0	0	1	159	1	159	1.16e-118	327
AOJE01000025.1_19	AOJE01000025.1_19	100	159	0	0	1	159	1	159	6.94e-111	308
AOJE01000025.1_20	AOJE01000025.1_20	100	347	0	0	1	347	1	347	4.61e-273	733
AOJE01000025.1_21	AOJE01000025.1_21	100	135	0	0	1	135	1	135	6.07e-89	250
AOJE01000025.1_22	AOJE01000025.1_22	100	211	0	0	1	211	1	211	5.36e-154	421
AOJE01000025.1_23	AOJE01000025.1_23	100	79	0	0	1	79	1	79	3.29e-51	150
AOJE01000025.1_24	AOJE01000025.1_24	100	188	0	0	1	188	1	188	9.67e-123	340
AOJE01000025.1_25	AOJE01000025.1_25	100	103	0	0	1	103	1	103	7.78e-70	199
AOJE01000025.1_26	AOJE01000025.1_26	100	239	0	0	1	239	1	239	1.16e-171	468
AOJE01000025.1_27	AOJE01000025.1_27	100	1151	0	0	1	1151	1	1151	0.0	2160
AOJE01000025.1_27	AOIR01000042.1_43	28.1	858	495	28	349	1136	370	1175	1.68e-71	256
AOJE01000025.1_27	Gairdner_NODE_167_length_41210_cov_9.888325_32	24.2	947	579	37	270	1131	482	1374	8.89e-33	133
AOJE01000025.1_27	KX687704.1_7	27.1	361	231	12	787	1133	998	1340	5.66e-21	95.1
AOJE01000025.1_27	KX906370.1_88	27.1	361	231	12	787	1133	998	1340	5.66e-21	95.1
AOJE01000025.1_28	AOJE01000025.1_28	100	502	0	0	1	502	1	502	0.0	954
AOJE01000025.1_28	CP101161.1_3056	37.0	514	292	12	4	496	19	521	1.04e-87	275
AOJE01000025.1_28	AOIR01000042.1_44	33.8	477	286	8	38	492	90	558	1.49e-70	231
AOJE01000025.1_28	JAJCVI010000002.1_558	36.1	462	267	14	51	489	67	523	1.59e-67	222
AOJE01000025.1_28	RJJW01000001.1_29	34.5	444	243	10	54	456	70	506	3.21e-62	208
AOJE01000025.1_28	BBJN01000020.1_33	34.8	446	250	14	34	452	49	480	2.31e-53	184
AOJE01000025.1_28	WSZK01000033.1_35	33.8	485	243	18	60	495	75	530	3.25e-51	178
AOJE01000025.1_28	CP084476.1_75	34.1	481	245	20	51	484	48	503	1.13e-50	176
AOJE01000025.1_28	AOIP01000022.1_22	33.3	481	257	21	47	484	42	501	1.98e-48	170
AOJE01000025.1_28	LWLN01000003.1_14	32.9	435	249	14	55	453	74	501	2.81e-48	171
AOJE01000025.1_28	SRIF01000015.1_78	30.8	494	301	14	20	477	26	514	2.48e-45	162
AOJE01000025.1_28	QKNW01000002.1_40	30.5	525	307	19	7	484	9	522	1.84e-44	160
AOJE01000025.1_28	Eyresouth_NODE_101_length_48437_cov_7.17035_10	32.0	481	275	14	38	489	72	529	1.16e-43	157
AOJE01000025.1_28	CP099999.1_40	32.7	419	256	12	83	484	80	489	1.90e-43	156
AOJE01000025.1_28	JDTG01000019.1_82	33.2	440	233	16	83	484	93	509	3.00e-41	150
AOJE01000025.1_28	Frome_NODE_383_length_24936_cov_4.316346_2	33.2	467	254	16	26	450	40	490	6.60e-41	150
AOJE01000025.1_28	KX687704.1_8	32.0	487	248	22	49	477	71	532	1.07e-40	149
AOJE01000025.1_28	KX906370.1_89	32.0	487	248	22	49	477	71	532	1.07e-40	149
AOJE01000025.1_28	CP101158.1_75	32.0	472	264	16	55	484	62	518	4.21e-40	147
AOJE01000025.1_28	LOAJ01000002.1_60	30.8	484	259	18	49	477	77	539	2.67e-39	145
AOJE01000025.1_28	AOIO01000049.1_91	36.2	276	156	6	191	450	485	756	7.91e-36	137
AOJE01000025.1_28	JAJCVI010000007.1_14	30.6	444	256	15	51	449	58	494	1.74e-35	134
AOJE01000025.1_28	FNFE01000011.1_20	29.7	482	281	19	39	487	43	499	2.24e-33	128
AOJE01000025.1_28	CP031299.1_9	36.7	267	138	7	198	449	9	259	9.47e-33	122
AOJE01000025.1_28	NC_013748.1_10	30.8	503	280	20	32	487	35	516	3.07e-32	125
AOJE01000025.1_29	AOJE01000025.1_29	100	257	0	0	1	257	1	257	5.58e-197	533
AOJE01000025.1_29	AOIR01000042.1_45	37.4	254	141	6	9	248	6	255	5.96e-50	161
AOJE01000025.1_29	FOXI01000018.1_53	40.5	215	114	7	25	235	3	207	1.65e-39	133
AOJE01000025.1_29	JAANTI010000009.1_2	40.5	215	114	7	25	235	3	207	1.65e-39	133
AOJE01000025.1_29	JAJCVI010000007.1_15	34.0	197	114	6	50	235	40	231	1.45e-30	110
AOJE01000025.1_29	JDTG01000019.1_83	26.7	247	160	8	24	250	5	250	2.81e-16	72.0
AOJE01000025.1_29	Gairdner_NODE_167_length_41210_cov_9.888325_30	27.3	216	112	10	53	234	56	260	2.84e-16	72.4
AOJE01000025.1_29	CP031299.1_10	29.8	141	93	3	115	250	55	194	1.54e-14	66.2
AOJE01000025.1_30	AOJE01000025.1_30	100	330	0	0	1	330	1	330	4.97e-207	565
AOJE01000025.1_30	JAJCVI010000002.1_560	30.9	317	188	12	12	308	5	310	2.06e-19	83.2
AOJE01000025.1_30	Gairdner_NODE_167_length_41210_cov_9.888325_29	33.0	276	153	14	45	308	42	297	4.97e-17	76.3
AOJE01000025.1_30	RJJW01000001.1_32	35.5	121	71	4	13	128	8	126	8.72e-08	48.5
AOJE01000025.1_31	AOJE01000025.1_31	100	58	0	0	1	58	1	58	2.41e-37	114
AOJE01000025.1_32	AOJE01000025.1_32	100	239	0	0	1	239	1	239	1.14e-162	445
AOJE01000025.1_32	Gairdner_NODE_107_length_49922_cov_74.384603_18	39.4	99	58	1	115	213	95	191	6.05e-15	67.0
AOJE01000025.1_32	JAAOHU010000009.1_65	27.6	228	142	9	1	213	1	220	7.51e-08	47.4
AOJE01000025.1_32	AOIR01000042.1_47	24.0	204	145	5	1	197	5	205	1.08e-05	40.8
AOJE01000025.1_33	AOJE01000025.1_33	100	132	0	0	1	132	1	132	6.13e-92	258
AOJE01000025.1_33	Gairdner_NODE_167_length_41210_cov_9.888325_27	38.5	122	69	2	17	132	20	141	9.80e-18	70.1
AOJE01000025.1_34	AOJE01000025.1_34	100	286	0	0	1	286	1	286	3.10e-204	554
AOJE01000025.1_34	LWLN01000003.1_21	33.0	291	180	6	3	282	16	302	8.69e-47	155
AOJE01000025.1_34	CP101161.1_3061	37.5	253	144	7	32	275	24	271	2.01e-44	148
AOJE01000025.1_34	WSZK01000033.1_29	38.1	294	161	13	1	279	1	288	4.60e-44	148
AOJE01000025.1_34	CP100004.1_10	36.9	287	151	12	13	279	2	278	9.59e-43	144
AOJE01000025.1_34	AOIR01000042.1_49	37.2	290	157	10	4	279	3	281	1.56e-42	144
AOJE01000025.1_34	CP119801.1_35	33.0	294	181	9	1	282	1	290	6.64e-41	139
AOJE01000025.1_34	CP099999.1_34	32.4	275	165	8	21	282	138	404	1.72e-40	141
AOJE01000025.1_34	RJJW01000001.1_38	33.3	264	165	6	29	284	40	300	1.81e-38	133
AOJE01000025.1_34	CP019286.1_42	32.3	294	177	9	4	282	122	408	5.07e-38	134
AOJE01000025.1_34	FNFE01000011.1_30	30.7	293	179	10	7	282	101	386	7.09e-38	134
AOJE01000025.1_34	AOLZ01000012.1_27	32.3	294	177	9	4	282	122	408	7.93e-38	134
AOJE01000025.1_34	JAAOHU010000009.1_62	36.2	265	153	9	29	281	146	406	1.16e-36	131
AOJE01000025.1_34	CP101158.1_84	32.2	295	170	10	4	272	12	302	1.87e-35	126
AOJE01000025.1_34	SRIF01000015.1_66	29.1	285	184	7	4	272	2	284	2.91e-28	106
AOJE01000025.1_35	AOJE01000025.1_35	100	85	0	0	1	85	1	85	3.27e-56	164
AOJE01000025.1_36	AOJE01000025.1_36	100	92	0	0	1	92	1	92	7.99e-58	168
AOJE01000025.1_37	AOJE01000025.1_37	100	210	0	0	1	210	1	210	1.17e-152	417
AOJE01000025.1_37	JAJCVI010000002.1_567	37.8	172	97	2	8	177	10	173	1.60e-33	114
AOJE01000025.1_37	CP101161.1_3065	37.8	164	100	1	8	169	13	176	4.96e-32	110
AOJE01000025.1_37	FNFE01000011.1_34	33.8	195	120	4	8	194	23	216	5.77e-23	88.2
AOJE01000025.1_37	Eyresouth_NODE_101_length_48437_cov_7.17035_24	29.0	162	112	2	4	163	22	182	2.04e-19	79.3
AOJE01000025.1_37	Frome_NODE_383_length_24936_cov_4.316346_16	29.0	162	112	2	4	163	22	182	2.04e-19	79.3
AOJE01000025.1_37	NC_015659.1_88	31.6	171	113	3	4	171	15	184	2.97e-18	75.1
AOJE01000025.1_37	CP084476.1_56	31.5	149	97	3	4	149	15	161	3.05e-16	69.7
AOJE01000025.1_37	Eyre_NODE_236_length_33155_cov_19.932_30	28.0	164	111	3	4	163	22	182	6.98e-16	69.7
AOJE01000025.1_37	AOIP01000022.1_32	29.9	157	105	3	4	157	15	169	2.99e-14	64.3
AOJE01000025.1_37	AOIO01000049.1_108	29.9	157	105	3	4	157	15	169	7.92e-14	63.2
AOJE01000025.1_37	NC_013748.1_25	29.7	155	102	4	7	157	17	168	3.94e-13	61.2
AOJE01000025.1_37	CP031299.1_24	25.5	157	112	3	4	157	13	167	7.05e-12	57.8
AOJE01000025.1_37	JDTG01000019.1_97	25.5	157	112	3	4	157	13	167	7.05e-12	57.8
AOJE01000025.1_38	AOJE01000025.1_38	100	340	0	0	1	340	1	340	4.79e-226	614
AOJE01000025.1_38	CP101161.1_3066	28.8	309	212	5	7	314	11	312	2.17e-38	135
AOJE01000025.1_38	AOIR01000042.1_54	30.4	237	138	7	89	318	90	306	3.07e-23	94.4
AOJE01000025.1_39	AOJE01000025.1_39	100	433	0	0	1	433	1	433	1.26e-300	810
AOJE01000025.1_39	CP101161.1_3067	44.1	331	178	5	98	425	19	345	1.79e-84	259
AOJE01000025.1_39	AOIR01000042.1_55	37.9	330	196	3	94	419	99	423	4.81e-69	221
AOJE01000025.1_39	Gairdner_NODE_107_length_49922_cov_74.384603_28	38.7	349	209	4	70	417	49	393	4.03e-65	210
AOJE01000025.1_39	BBJN01000020.1_45	37.7	353	215	4	64	415	50	398	5.16e-64	207
AOJE01000025.1_39	CP100004.1_17	38.6	319	193	3	101	417	86	403	7.38e-63	204
AOJE01000025.1_39	FOXI01000018.1_40	38.7	315	190	3	101	414	91	403	1.34e-61	201
AOJE01000025.1_39	JAANTI010000009.1_15	38.7	315	190	3	101	414	91	403	1.34e-61	201
AOJE01000025.1_39	Gairdner_NODE_167_length_41210_cov_9.888325_20	33.9	339	220	4	94	430	93	429	2.08e-59	196
AOJE01000025.1_39	CP084476.1_54	36.8	348	213	6	68	414	60	401	3.23e-55	184
AOJE01000025.1_39	CP101158.1_90	34.7	354	222	5	70	417	81	431	7.04e-54	181
AOJE01000025.1_39	RJJW01000001.1_44	33.5	400	223	10	68	431	71	463	1.12e-53	182
AOJE01000025.1_39	WSZK01000033.1_23	37.1	353	215	6	65	414	67	415	2.92e-53	180
AOJE01000025.1_39	NC_013748.1_27	36.3	361	215	8	59	414	49	399	2.64e-51	174
AOJE01000025.1_39	NC_015659.1_86	36.5	348	210	7	70	414	60	399	1.40e-50	172
AOJE01000025.1_39	AOIO01000049.1_110	35.9	315	197	4	101	414	83	393	6.79e-48	165
AOJE01000025.1_39	AOIP01000022.1_34	35.9	315	197	4	101	414	83	393	9.46e-48	164
AOJE01000025.1_39	CP099999.1_28	34.3	370	220	9	66	418	52	415	2.51e-47	164
AOJE01000025.1_39	JAAOHU010000009.1_56	33.3	333	203	6	100	415	106	436	5.74e-46	161
AOJE01000025.1_39	CP031299.1_26	33.9	351	221	6	67	414	52	394	7.13e-46	159
AOJE01000025.1_39	JDTG01000019.1_99	33.9	351	221	6	67	414	52	394	7.13e-46	159
AOJE01000025.1_39	KX687704.1_24	31.5	410	266	7	12	414	20	421	7.18e-46	160
AOJE01000025.1_39	LOAJ01000002.1_46	33.1	354	224	5	69	415	76	423	2.73e-45	158
AOJE01000025.1_39	KX906370.1_105	31.2	410	267	7	12	414	20	421	3.73e-45	158
AOJE01000025.1_39	FNFE01000011.1_36	34.0	377	226	9	53	412	46	416	4.05e-45	158
AOJE01000025.1_40	AOJE01000025.1_40	100	481	0	0	1	481	1	481	0.0	928
AOJE01000025.1_40	JAJCVI010000002.1_570	31.5	587	272	11	5	467	8	588	1.11e-70	231
AOJE01000025.1_40	AOIR01000042.1_56	33.0	443	263	8	51	466	63	498	1.06e-63	211
AOJE01000025.1_40	CP101161.1_3068	38.8	304	176	5	176	471	283	584	2.08e-55	190
AOJE01000025.1_40	LOAJ01000002.1_45	33.3	462	285	11	10	458	191	642	7.06e-54	187
AOJE01000025.1_40	WSZK01000033.1_22	30.7	453	281	7	32	462	87	528	1.69e-47	168
AOJE01000025.1_40	CP101158.1_91	30.9	466	291	13	10	459	108	558	6.88e-45	161
AOJE01000025.1_40	SRIF01000015.1_58	33.8	287	182	4	177	458	341	624	1.31e-39	147
AOJE01000025.1_40	JAAOHU010000009.1_55	28.5	512	302	14	6	459	28	533	5.93e-37	139
AOJE01000025.1_40	SJER01000008.1_143	31.0	316	197	10	160	459	316	626	3.68e-29	116
AOJE01000025.1_41	AOJE01000025.1_41	100	790	0	0	1	790	1	790	0.0	1552
AOJE01000025.1_41	CP101161.1_3069	44.7	807	410	14	1	786	1	792	1.68e-217	628
AOJE01000025.1_41	JAJCVI010000002.1_573	44.6	794	396	15	15	786	14	785	3.01e-213	617
AOJE01000025.1_41	JAAOHU010000009.1_54	40.4	827	443	18	2	789	6	821	6.67e-179	530
AOJE01000025.1_41	CP101158.1_93	39.8	797	422	17	33	785	38	820	9.71e-173	514
AOJE01000025.1_41	LOAJ01000002.1_44	39.1	791	427	15	37	785	50	827	1.07e-170	509
AOJE01000025.1_41	KX906370.1_107	39.0	799	415	20	37	784	47	824	2.12e-166	498
AOJE01000025.1_41	NC_015659.1_84	38.6	748	432	13	40	775	39	771	3.18e-166	496
AOJE01000025.1_41	AOIP01000022.1_36	37.5	798	470	14	1	785	1	782	6.71e-166	495
AOJE01000025.1_41	AOIO01000049.1_112	37.5	798	470	14	1	785	1	782	9.46e-166	495
AOJE01000025.1_41	CP031299.1_28	36.7	790	466	13	1	775	1	771	2.92e-160	481
AOJE01000025.1_41	JDTG01000019.1_101	36.7	790	466	13	1	775	1	771	2.92e-160	481
AOJE01000025.1_41	KX687704.1_26	38.5	801	421	19	37	784	50	831	3.19e-160	482
AOJE01000025.1_41	RJJW01000001.1_46	36.9	805	468	17	8	785	10	801	3.06e-159	479
AOJE01000025.1_41	CP019329.1_57	37.5	774	449	16	40	789	51	813	1.33e-156	472
AOJE01000025.1_41	NC_013748.1_29	37.3	758	440	17	40	784	40	775	2.13e-155	468
AOJE01000025.1_41	CP119801.1_26	35.7	803	477	15	15	789	17	808	3.65e-155	468
AOJE01000025.1_41	CP100004.1_22	36.8	802	465	18	5	785	4	784	4.68e-153	462
AOJE01000025.1_41	Gairdner_NODE_107_length_49922_cov_74.384603_31	38.4	800	448	19	1	779	1	776	2.12e-152	460
AOJE01000025.1_41	Eyresouth_NODE_101_length_48437_cov_7.17035_28	39.1	688	390	14	121	788	143	821	9.44e-152	460
AOJE01000025.1_41	Frome_NODE_383_length_24936_cov_4.316346_20	39.0	688	391	14	121	788	143	821	5.21e-151	458
AOJE01000025.1_41	Eyre_NODE_236_length_33155_cov_19.932_26	35.9	807	479	19	8	788	27	821	7.33e-151	457
AOJE01000025.1_41	CP095494.1_52	36.6	781	447	17	40	789	48	811	1.13e-150	457
AOJE01000025.1_41	WSZK01000033.1_21	35.5	806	481	17	5	788	13	801	3.90e-148	450
AOJE01000025.1_41	AOJE01000051.1_19	39.6	664	347	13	167	784	8	663	9.58e-148	444
AOJE01000025.1_42	AOJE01000025.1_42	100	135	0	0	1	135	1	135	7.68e-67	194
AOJE01000025.1_43	AOJE01000025.1_43	100	302	0	0	1	302	1	302	4.61e-214	580
AOJE01000025.1_44	AOJE01000025.1_44	100	165	0	0	1	165	1	165	2.68e-111	309
AOJE01000025.1_45	AOJE01000025.1_45	100	287	0	0	1	287	1	287	3.37e-188	514
AOJE01000025.1_46	AOJE01000025.1_46	100	481	0	0	1	481	1	481	0.0	927
AOJE01000025.1_47	AOJE01000025.1_47	100	73	0	0	1	73	1	73	3.76e-43	130
AOJE01000025.1_48	AOJE01000025.1_48	100	96	0	0	1	96	1	96	2.32e-61	177
AOJE01000025.1_49	AOJE01000025.1_49	100	560	0	0	1	560	1	560	0.0	1021
AOJE01000025.1_49	LOAJ01000002.1_35	31.4	353	187	8	192	544	169	466	2.61e-42	154
AOJE01000025.1_49	CP101158.1_92	31.9	376	202	8	148	519	9	334	8.87e-42	149
AOJE01000025.1_50	AOJE01000025.1_50	100	158	0	0	1	158	1	158	2.73e-112	311
AOJE01000025.1_51	AOJE01000025.1_51	100	600	0	0	1	600	1	600	0.0	1156
AOJE01000025.1_52	AOJE01000025.1_52	100	206	0	0	1	206	1	206	1.42e-142	392
AOJE01000025.1_53	AOJE01000025.1_53	100	551	0	0	1	551	1	551	0.0	1009
AOJE01000025.1_54	AOJE01000025.1_54	100	826	0	0	1	826	1	826	0.0	1543
AOJE01000025.1_55	AOJE01000025.1_55	100	304	0	0	1	304	1	304	2.14e-188	516
