AOJE01000051.1_6	AOJE01000051.1_6	100	163	0	0	1	163	1	163	1.57e-118	327
AOJE01000051.1_6	KX906370.1_117	69.3	166	48	1	1	163	87	252	2.60e-79	231
AOJE01000051.1_7	AOJE01000051.1_7	100	62	0	0	1	62	1	62	1.01e-42	128
AOJE01000051.1_8	AOJE01000051.1_8	100	85	0	0	1	85	1	85	2.12e-61	177
AOJE01000051.1_8	KX906370.1_116	79.1	86	17	1	1	85	1	86	1.61e-45	137
AOJE01000051.1_8	RJJW01000001.1_57	77.9	86	18	1	1	85	1	86	5.41e-44	133
AOJE01000051.1_9	AOJE01000051.1_9	100	148	0	0	1	148	1	148	1.14e-106	296
AOJE01000051.1_9	RJJW01000001.1_55	91.1	146	13	0	1	146	1	146	8.48e-96	269
AOJE01000051.1_9	KX906370.1_115	89.1	147	16	0	1	147	1	147	2.84e-94	265
AOJE01000051.1_9	QKNW01000002.1_16	42.5	120	66	2	3	121	4	121	1.12e-21	80.9
AOJE01000051.1_10	AOJE01000051.1_10	100	124	0	0	1	124	1	124	1.13e-90	254
AOJE01000051.1_10	KX906370.1_113	68.3	123	39	0	1	123	1	123	1.53e-59	175
AOJE01000051.1_10	KX687704.1_32	67.5	123	40	0	1	123	1	123	8.86e-59	173
AOJE01000051.1_11	AOJE01000051.1_11	100	76	0	0	1	76	1	76	2.44e-56	163
AOJE01000051.1_11	KX687704.1_31	65.8	76	26	0	1	76	1	76	1.97e-35	110
AOJE01000051.1_11	KX906370.1_112	65.8	76	26	0	1	76	1	76	1.97e-35	110
AOJE01000051.1_11	RJJW01000001.1_54	59.2	76	31	0	1	76	1	76	6.34e-32	102
AOJE01000051.1_11	LOAJ01000002.1_30	59.2	76	31	0	1	76	1	76	2.58e-31	100
AOJE01000051.1_12	AOJE01000051.1_12	100	271	0	0	1	271	1	271	3.29e-187	510
AOJE01000051.1_13	AOJE01000051.1_13	100	212	0	0	1	212	1	212	3.76e-150	411
AOJE01000051.1_14	AOJE01000051.1_14	100	227	0	0	1	227	1	227	7.95e-182	493
AOJE01000051.1_14	RJJW01000001.1_53	81.9	227	38	1	1	224	1	227	3.77e-149	410
AOJE01000051.1_14	KX687704.1_30	71.1	228	61	3	1	224	1	227	1.21e-122	343
AOJE01000051.1_14	KX906370.1_111	71.1	228	61	3	1	224	1	227	1.21e-122	343
AOJE01000051.1_15	AOJE01000051.1_15	100	226	0	0	1	226	1	226	4.41e-174	473
AOJE01000051.1_15	LOAJ01000002.1_31	63.6	225	80	1	1	225	1	223	5.42e-106	301
AOJE01000051.1_15	CP100004.1_24	39.4	208	121	4	10	216	12	215	4.20e-43	140
AOJE01000051.1_16	AOJE01000051.1_16	100	270	0	0	1	270	1	270	3.52e-211	570
AOJE01000051.1_16	CP084476.1_68	48.4	62	31	1	16	77	13	73	2.59e-15	65.9
AOJE01000051.1_17	AOJE01000051.1_17	100	416	0	0	1	416	1	416	7.33e-305	820
AOJE01000051.1_17	KX687704.1_29	91.1	416	37	0	1	416	1	416	2.94e-279	755
AOJE01000051.1_17	KX906370.1_110	91.1	416	37	0	1	416	64	479	3.09e-278	755
AOJE01000051.1_17	FNFE01000011.1_11	43.9	387	207	5	13	397	10	388	6.36e-103	307
AOJE01000051.1_17	LOAJ01000002.1_39	34.6	399	230	11	11	395	12	393	9.22e-56	185
AOJE01000051.1_17	RJJW01000001.1_52	30.9	379	247	9	27	400	50	418	1.49e-41	147
AOJE01000051.1_18	AOJE01000051.1_18	100	542	0	0	1	542	1	542	0.0	1041
AOJE01000051.1_18	KX687704.1_28	91.1	542	48	0	1	542	1	542	0.0	958
AOJE01000051.1_18	KX906370.1_109	88.6	542	62	0	1	542	1	542	0.0	936
AOJE01000051.1_18	LOAJ01000002.1_40	87.6	533	66	0	5	537	6	538	0.0	915
AOJE01000051.1_18	CP101158.1_95	51.3	522	251	2	6	526	5	524	2.01e-177	506
AOJE01000051.1_18	CP100004.1_27	44.0	520	288	2	8	526	1	518	8.50e-140	410
AOJE01000051.1_18	WSZK01000033.1_18	42.6	524	293	4	9	526	3	524	1.55e-133	394
AOJE01000051.1_18	Eyre_NODE_236_length_33155_cov_19.932_24	41.9	539	292	7	5	526	9	543	3.90e-132	392
AOJE01000051.1_18	Frome_NODE_383_length_24936_cov_4.316346_22	40.6	539	299	7	5	526	9	543	2.18e-125	374
AOJE01000051.1_18	Eyresouth_NODE_101_length_48437_cov_7.17035_30	40.4	539	300	7	5	526	9	543	8.68e-125	373
AOJE01000051.1_18	QKNW01000002.1_17	35.4	553	320	9	6	526	7	554	6.01e-99	306
AOJE01000051.1_18	RJJW01000001.1_51	79.7	64	12	1	1	64	1	63	1.29e-25	96.3
AOJE01000051.1_18	CP101158.1_98	54.3	46	21	0	11	56	12	57	2.66e-09	49.3
AOJE01000051.1_18	CP101158.1_97	76.2	21	5	0	345	365	25	45	2.18e-05	37.7
AOJE01000051.1_19	AOJE01000051.1_19	100	672	0	0	1	672	1	672	0.0	1342
AOJE01000051.1_19	KX906370.1_107	98.5	672	10	0	1	672	162	833	0.0	1328
AOJE01000051.1_19	LOAJ01000002.1_44	75.9	672	159	2	2	672	166	835	0.0	1048
AOJE01000051.1_19	KX687704.1_26	63.2	673	244	1	2	670	166	838	4.20e-308	856
AOJE01000051.1_19	CP101158.1_93	59.3	659	266	2	11	668	167	824	5.65e-273	766
AOJE01000051.1_19	JAAOHU010000009.1_54	49.6	671	328	5	2	670	161	823	1.15e-227	650
AOJE01000051.1_19	AOIO01000049.1_112	46.0	655	318	9	11	663	161	781	8.96e-188	547
AOJE01000051.1_19	AOIP01000022.1_36	45.6	655	320	10	11	663	161	781	2.85e-186	543
AOJE01000051.1_19	CP031299.1_28	46.2	656	318	9	9	663	158	779	9.57e-184	537
AOJE01000051.1_19	JDTG01000019.1_101	46.2	656	318	9	9	663	158	779	9.57e-184	537
AOJE01000051.1_19	NC_013748.1_29	44.9	655	319	10	11	663	161	775	4.28e-178	522
AOJE01000051.1_19	NC_015659.1_84	45.3	655	319	10	12	663	161	779	6.83e-178	522
AOJE01000051.1_19	CP100004.1_22	43.7	664	336	10	9	667	157	787	3.54e-176	518
AOJE01000051.1_19	CP119801.1_26	42.5	677	337	9	9	667	165	807	7.54e-172	507
AOJE01000051.1_19	SRIF01000015.1_56	42.8	666	354	10	9	667	163	808	1.78e-170	504
AOJE01000051.1_19	CP019329.1_57	41.1	672	355	9	8	667	170	812	1.49e-169	501
AOJE01000051.1_19	RJJW01000001.1_46	42.6	662	342	9	9	663	170	800	9.06e-169	499
AOJE01000051.1_19	WSZK01000033.1_21	43.7	664	341	10	9	667	166	801	1.84e-167	496
AOJE01000051.1_19	CP095494.1_52	41.9	666	359	8	8	667	167	810	1.09e-162	484
AOJE01000051.1_19	Eyresouth_NODE_101_length_48437_cov_7.17035_28	40.4	661	365	9	8	667	189	821	6.87e-160	477
AOJE01000051.1_19	Frome_NODE_383_length_24936_cov_4.316346_20	40.6	662	362	10	8	667	189	821	9.69e-160	476
AOJE01000051.1_19	FNFE01000011.1_39	41.8	677	353	11	7	666	162	814	2.73e-159	475
AOJE01000051.1_19	Eyre_NODE_236_length_33155_cov_19.932_26	40.4	661	365	10	8	667	189	821	2.13e-158	473
AOJE01000051.1_19	CP099999.1_26	41.9	677	344	14	11	667	166	813	2.94e-158	472
AOJE01000051.1_19	AOLZ01000012.1_35	41.2	662	354	12	11	667	187	818	1.78e-153	460
AOJE01000051.1_20	AOJE01000051.1_20	100	149	0	0	1	149	1	149	7.36e-99	276
AOJE01000051.1_20	KX906370.1_107	96.5	115	4	0	1	115	1	115	9.19e-64	204
AOJE01000051.1_20	LOAJ01000002.1_44	78.3	106	23	0	10	115	13	118	2.15e-46	156
AOJE01000051.1_20	KX687704.1_26	74.5	106	27	0	10	115	13	118	1.75e-44	150
AOJE01000051.1_20	CP101158.1_93	52.5	101	46	1	9	109	6	104	1.81e-25	96.7
AOJE01000051.1_20	Gairdner_NODE_107_length_49922_cov_74.384603_31	43.3	67	38	0	17	83	7	73	3.01e-11	55.8
AOJE01000051.1_21	AOJE01000051.1_21	100	500	0	0	1	500	1	500	0.0	957
AOJE01000051.1_21	KX906370.1_106	91.4	500	43	0	1	500	69	568	0.0	890
AOJE01000051.1_21	KX687704.1_25	90.9	493	45	0	8	500	76	568	4.14e-321	871
AOJE01000051.1_21	LOAJ01000002.1_45	82.8	500	86	0	1	500	157	656	9.33e-294	805
AOJE01000051.1_21	CP101158.1_91	52.5	472	220	3	20	490	93	561	1.51e-168	484
AOJE01000051.1_21	CP100004.1_19	33.0	469	298	7	31	490	24	485	1.60e-66	218
AOJE01000051.1_21	FOXI01000018.1_39	30.5	491	306	7	24	489	25	505	1.42e-58	198
AOJE01000051.1_21	JAANTI010000009.1_16	30.5	491	306	7	24	489	25	505	1.42e-58	198
AOJE01000051.1_21	Gairdner_NODE_107_length_49922_cov_74.384603_29	32.5	462	294	6	23	472	79	534	1.97e-54	187
AOJE01000051.1_21	BBJN01000020.1_46	30.3	455	273	6	24	449	25	464	1.00e-49	175
AOJE01000051.1_22	AOJE01000051.1_22	100	249	0	0	1	249	1	249	1.35e-175	479
AOJE01000051.1_22	KX687704.1_24	96.0	249	10	0	1	249	183	431	5.41e-167	464
AOJE01000051.1_22	KX906370.1_105	96.0	249	10	0	1	249	183	431	5.41e-167	464
AOJE01000051.1_22	LOAJ01000002.1_46	90.0	249	25	0	1	249	184	432	8.05e-155	433
AOJE01000051.1_22	CP101158.1_90	49.6	250	124	1	2	249	189	438	3.86e-85	256
AOJE01000051.1_22	CP100004.1_17	35.2	244	150	4	1	241	164	402	2.85e-41	142
AOJE01000051.1_22	Gairdner_NODE_107_length_49922_cov_74.384603_28	31.4	245	164	2	1	245	156	396	8.17e-35	124
AOJE01000051.1_22	WSZK01000033.1_23	30.8	247	159	6	1	242	179	418	1.22e-26	102
AOJE01000051.1_22	AOJE01000025.1_39	29.9	221	153	1	20	240	197	415	3.41e-24	95.9
AOJE01000051.1_23	AOJE01000051.1_23	100	192	0	0	1	192	1	192	6.61e-86	247
AOJE01000051.1_23	KX687704.1_24	66.7	114	31	3	1	109	1	112	1.79e-37	130
AOJE01000051.1_23	KX906370.1_105	66.7	114	31	3	1	109	1	112	1.79e-37	130
AOJE01000051.1_23	LOAJ01000002.1_46	61.1	113	40	2	1	109	1	113	2.64e-34	121
AOJE01000051.1_24	AOJE01000051.1_24	100	344	0	0	1	344	1	344	2.08e-238	645
AOJE01000051.1_24	KX687704.1_23	89.0	344	35	1	1	344	1	341	2.46e-211	577
AOJE01000051.1_24	KX906370.1_104	89.0	344	35	1	1	344	1	341	2.46e-211	577
AOJE01000051.1_24	LOAJ01000002.1_47	82.7	342	57	1	1	342	1	340	1.44e-194	535
AOJE01000051.1_24	CP101158.1_89	45.8	310	158	4	6	306	4	312	1.06e-90	271
AOJE01000051.1_24	Gairdner_NODE_107_length_49922_cov_74.384603_27	32.3	291	185	4	1	284	1	286	4.54e-38	134
AOJE01000051.1_24	CP100004.1_16	29.6	280	190	4	5	282	11	285	3.88e-35	127
AOJE01000051.1_24	CP084476.1_55	32.2	258	162	6	53	303	54	305	9.90e-31	115
AOJE01000051.1_25	AOJE01000051.1_25	100	200	0	0	1	200	1	200	1.50e-150	411
AOJE01000051.1_25	KX687704.1_22	89.9	198	19	1	1	197	1	198	5.12e-133	367
AOJE01000051.1_25	KX906370.1_103	89.4	198	20	1	1	197	1	198	7.28e-133	367
AOJE01000051.1_25	LOAJ01000002.1_48	82.5	200	35	0	1	200	6	205	7.65e-127	352
AOJE01000051.1_25	CP100004.1_15	34.7	170	99	3	20	179	15	182	9.25e-34	115
AOJE01000051.1_25	JAJCVI010000002.1_567	38.5	130	79	1	36	164	21	150	1.95e-28	101
AOJE01000051.1_25	AOLZ01000012.1_31	29.3	184	124	2	21	198	22	205	1.96e-26	97.1
AOJE01000051.1_25	CP019286.1_38	29.3	184	124	2	21	198	22	205	1.96e-26	97.1
AOJE01000051.1_25	Eyre_NODE_236_length_33155_cov_19.932_30	31.8	151	103	0	22	172	23	173	5.39e-24	91.3
AOJE01000051.1_25	Eyresouth_NODE_101_length_48437_cov_7.17035_24	32.5	151	102	0	22	172	23	173	5.39e-24	91.3
AOJE01000051.1_25	Frome_NODE_383_length_24936_cov_4.316346_16	32.5	151	102	0	22	172	23	173	5.39e-24	91.3
AOJE01000051.1_25	SJER01000008.1_140	28.9	180	114	4	21	192	13	186	5.56e-22	85.9
AOJE01000051.1_25	CP101161.1_3065	30.3	155	105	2	36	187	24	178	6.20e-22	84.3
AOJE01000051.1_25	JAAOHU010000009.1_58	29.1	151	103	3	21	168	12	161	7.67e-21	82.8
AOJE01000051.1_25	FNFE01000011.1_34	29.5	149	103	1	21	167	19	167	5.14e-19	77.4
AOJE01000051.1_25	SRIF01000015.1_61	25.5	192	127	4	14	189	5	196	4.58e-16	69.7
AOJE01000051.1_25	WSZK01000033.1_25	26.8	157	93	4	36	175	31	182	1.04e-15	68.6
AOJE01000051.1_25	JAJCVI010000007.1_26	25.8	151	109	2	21	168	14	164	2.61e-13	62.4
AOJE01000051.1_26	AOJE01000051.1_26	100	78	0	0	1	78	1	78	6.43e-53	155
AOJE01000051.1_26	KX687704.1_21	96.1	77	3	0	1	77	1	77	2.60e-50	148
AOJE01000051.1_26	KX906370.1_102	96.1	77	3	0	1	77	1	77	2.60e-50	148
AOJE01000051.1_26	LOAJ01000002.1_49	92.3	78	6	0	1	78	1	78	4.20e-49	145
AOJE01000051.1_26	CP101158.1_87	57.4	68	29	0	1	68	1	68	1.89e-23	80.9
AOJE01000051.1_26	NC_015659.1_89	44.1	68	36	2	2	67	3	70	9.28e-13	53.5
AOJE01000051.1_26	CP084476.1_57	45.8	59	31	1	10	67	12	70	1.86e-12	52.8
AOJE01000051.1_26	CP031299.1_23	47.4	57	29	1	9	64	11	67	1.07e-11	50.8
AOJE01000051.1_26	JDTG01000019.1_96	47.4	57	29	1	9	64	11	67	1.07e-11	50.8
AOJE01000051.1_27	AOJE01000051.1_27	100	94	0	0	1	94	1	94	9.59e-60	173
AOJE01000051.1_27	KX687704.1_20	89.4	94	10	0	1	94	1	94	1.04e-54	160
AOJE01000051.1_27	KX906370.1_101	89.4	94	10	0	1	94	1	94	1.04e-54	160
AOJE01000051.1_27	LOAJ01000002.1_50	79.1	91	19	0	1	91	1	91	6.81e-47	141
AOJE01000051.1_27	CP101158.1_86	43.5	85	48	0	5	89	4	88	2.66e-20	73.9
AOJE01000051.1_27	JAJCVI010000002.1_565	36.4	88	50	2	6	91	2	85	3.35e-09	45.4
AOJE01000051.1_27	Gairdner_NODE_167_length_41210_cov_9.888325_24	36.8	76	43	3	12	84	6	79	9.12e-06	36.6
AOJE01000051.1_28	AOJE01000051.1_28	100	79	0	0	1	79	1	79	9.45e-51	149
AOJE01000051.1_28	LOAJ01000002.1_51	84.8	79	11	1	1	78	1	79	6.30e-45	135
AOJE01000051.1_28	KX687704.1_19	85.5	76	11	0	1	76	1	76	3.65e-44	133
AOJE01000051.1_28	KX906370.1_100	85.5	76	11	0	1	76	1	76	5.19e-44	132
AOJE01000051.1_28	CP101158.1_85	54.5	66	30	0	4	69	3	68	5.20e-21	74.7
AOJE01000051.1_29	AOJE01000051.1_29	100	305	0	0	1	305	1	305	7.70e-219	593
AOJE01000051.1_29	KX687704.1_18	85.0	306	45	1	1	305	1	306	9.76e-188	514
AOJE01000051.1_29	KX906370.1_99	84.0	306	48	1	1	305	1	306	3.26e-186	510
AOJE01000051.1_29	LOAJ01000002.1_52	81.1	297	56	0	1	297	1	297	3.41e-176	485
AOJE01000051.1_29	CP101158.1_84	45.3	311	154	6	3	301	15	321	3.36e-80	243
AOJE01000051.1_29	CP019286.1_42	36.1	294	164	10	9	290	123	404	1.30e-46	158
AOJE01000051.1_29	AOLZ01000012.1_27	36.1	294	164	10	9	290	123	404	2.28e-46	158
AOJE01000051.1_29	CP100004.1_10	37.5	253	141	8	39	284	29	271	1.08e-43	147
AOJE01000051.1_29	Eyresouth_NODE_101_length_48437_cov_7.17035_20	32.9	295	175	9	10	290	19	304	2.27e-42	144
AOJE01000051.1_29	Eyre_NODE_236_length_33155_cov_19.932_34	32.2	273	174	7	23	290	34	300	2.20e-41	141
AOJE01000051.1_29	Frome_NODE_383_length_24936_cov_4.316346_12	32.5	295	176	9	10	290	19	304	3.38e-41	141
AOJE01000051.1_29	NC_015659.1_92	34.6	298	170	11	9	294	4	288	4.85e-41	140
AOJE01000051.1_29	JAJCVI010000002.1_563	35.9	256	142	8	39	286	39	280	3.82e-40	138
AOJE01000051.1_29	CP084476.1_60	32.5	295	177	9	7	294	3	282	3.00e-37	130
AOJE01000051.1_29	Gairdner_NODE_167_length_41210_cov_9.888325_26	31.4	283	180	6	10	287	12	285	3.32e-32	117
AOJE01000051.1_30	AOJE01000051.1_30	100	35	0	0	1	35	1	35	1.97e-20	70.1
AOJE01000051.1_31	AOJE01000051.1_31	100	420	0	0	1	420	1	420	5.60e-321	861
AOJE01000051.1_32	AOJE01000051.1_32	100	46	0	0	1	46	1	46	1.34e-29	94.0
AOJE01000051.1_33	AOJE01000051.1_33	100	106	0	0	1	106	1	106	7.98e-69	197
AOJE01000051.1_33	KX687704.1_16	78.3	106	23	0	1	106	1	106	6.73e-52	154
AOJE01000051.1_33	KX906370.1_97	78.3	106	23	0	1	106	1	106	6.73e-52	154
AOJE01000051.1_33	LOAJ01000002.1_53	74.5	106	27	0	1	106	1	106	6.45e-50	149
AOJE01000051.1_33	CP101158.1_83	46.1	102	52	1	1	102	1	99	3.34e-23	82.0
AOJE01000051.1_34	AOJE01000051.1_34	100	127	0	0	1	127	1	127	1.42e-90	254
AOJE01000051.1_34	LOAJ01000002.1_54	78.9	123	26	0	5	127	6	128	5.65e-70	202
AOJE01000051.1_34	KX687704.1_15	79.7	123	25	0	5	127	6	128	3.27e-69	200
AOJE01000051.1_34	KX906370.1_96	79.7	123	25	0	5	127	6	128	3.27e-69	200
AOJE01000051.1_34	CP101158.1_82	53.0	115	54	0	13	127	10	124	8.92e-43	133
AOJE01000051.1_35	AOJE01000051.1_35	100	248	0	0	1	248	1	248	2.41e-173	473
AOJE01000051.1_35	KX687704.1_14	72.6	241	66	0	1	241	1	241	7.98e-121	340
AOJE01000051.1_35	KX906370.1_95	72.6	241	66	0	1	241	1	241	7.98e-121	340
AOJE01000051.1_35	LOAJ01000002.1_55	71.5	242	67	1	1	242	1	240	1.17e-117	332
AOJE01000051.1_36	AOJE01000051.1_36	100	78	0	0	1	78	1	78	3.59e-50	148
AOJE01000051.1_36	LOAJ01000002.1_56	65.3	72	23	1	8	77	4	75	5.09e-25	84.7
AOJE01000051.1_37	AOJE01000051.1_37	100	103	0	0	1	103	1	103	3.17e-69	198
AOJE01000051.1_38	AOJE01000051.1_38	100	106	0	0	1	106	1	106	1.49e-73	209
AOJE01000051.1_39	AOJE01000051.1_39	100	97	0	0	1	97	1	97	5.40e-74	209
AOJE01000051.1_39	KX687704.1_11	83.0	94	16	0	4	97	6	99	3.78e-61	177
AOJE01000051.1_39	KX906370.1_92	83.0	94	16	0	4	97	6	99	3.78e-61	177
AOJE01000051.1_39	LOAJ01000002.1_57	76.3	97	23	0	1	97	1	97	1.69e-59	173
AOJE01000051.1_40	AOJE01000051.1_40	100	448	0	0	51	498	51	498	6.17e-281	766
AOJE01000051.1_40	KX687704.1_10	74.9	451	110	1	51	498	53	503	4.23e-221	615
AOJE01000051.1_40	KX906370.1_91	74.9	451	110	1	51	498	53	503	4.23e-221	615
AOJE01000051.1_40	LOAJ01000002.1_58	71.2	448	125	2	55	498	57	504	2.69e-205	575
AOJE01000051.1_41	AOJE01000051.1_41	100	256	0	0	1	256	1	256	6.23e-189	513
AOJE01000051.1_41	CP084476.1_69	34.9	241	120	5	17	254	1	207	1.33e-41	137
AOJE01000051.1_42	AOJE01000051.1_42	100	200	0	0	1	200	1	200	1.66e-138	381
AOJE01000051.1_43	AOJE01000051.1_43	100	273	0	0	1	273	1	273	5.09e-192	522
AOJE01000051.1_44	AOJE01000051.1_44	100	330	0	0	1	330	1	330	1.21e-239	647
AOJE01000051.1_44	CP031299.1_12	38.0	329	178	8	3	327	4	310	7.12e-68	211
AOJE01000051.1_44	JDTG01000019.1_85	38.0	329	178	8	3	327	4	310	7.12e-68	211
AOJE01000051.1_44	Eyresouth_NODE_101_length_48437_cov_7.17035_12	28.3	180	110	7	152	324	152	319	4.54e-09	52.4
AOJE01000051.1_44	Frome_NODE_383_length_24936_cov_4.316346_4	26.6	214	138	7	119	324	117	319	6.07e-09	52.0
AOJE01000051.1_45	AOJE01000051.1_45	100	47	0	0	1	47	1	47	1.97e-27	88.6
AOJE01000051.1_46	AOJE01000051.1_46	100	77	0	0	1	77	1	77	1.21e-52	154
AOJE01000051.1_47	AOJE01000051.1_47	100	271	0	0	1	271	1	271	7.09e-207	560
AOJE01000051.1_47	KX687704.1_9	86.7	271	30	1	1	271	1	265	8.11e-182	496
AOJE01000051.1_47	KX906370.1_90	86.7	271	30	1	1	271	1	265	8.11e-182	496
AOJE01000051.1_47	LOAJ01000002.1_59	78.6	271	54	2	1	271	1	267	4.82e-163	449
AOJE01000051.1_47	AOIP01000022.1_23	34.6	205	118	5	65	256	43	244	5.95e-35	122
AOJE01000051.1_48	AOJE01000051.1_48	100	264	0	0	1	264	1	264	3.81e-178	486
AOJE01000051.1_48	KX687704.1_8	91.7	264	22	0	1	264	289	552	2.67e-158	447
AOJE01000051.1_48	KX906370.1_89	91.7	264	22	0	1	264	289	552	2.67e-158	447
AOJE01000051.1_48	LOAJ01000002.1_60	86.0	264	37	0	1	264	296	559	4.33e-146	416
AOJE01000051.1_48	AOLZ01000012.1_20	48.5	266	130	4	1	263	263	524	9.47e-60	193
AOJE01000051.1_48	CP019286.1_49	48.5	266	130	4	1	263	263	524	9.47e-60	193
AOJE01000051.1_48	JAAOHU010000009.1_3	45.3	265	136	5	5	263	253	514	2.46e-49	166
AOJE01000051.1_48	CP095494.1_35	43.6	257	139	3	6	260	272	524	1.14e-47	161
AOJE01000051.1_48	NC_015659.1_101	43.9	244	131	3	15	256	275	514	2.95e-45	155
AOJE01000051.1_48	NC_013748.1_10	45.7	234	122	4	15	245	276	507	5.36e-44	151
AOJE01000051.1_48	CP019329.1_79	44.1	238	119	3	15	249	270	496	1.19e-43	150
AOJE01000051.1_48	FNFE01000011.1_20	44.1	236	119	4	15	247	267	492	5.90e-40	140
AOJE01000051.1_48	Gairdner_NODE_167_length_41210_cov_9.888325_31	40.2	266	138	6	13	262	284	544	7.96e-40	140
AOJE01000051.1_48	CP099999.1_40	40.8	245	131	5	13	248	247	486	8.70e-40	140
AOJE01000051.1_48	Eyre_NODE_236_length_33155_cov_19.932_44	39.3	252	141	5	13	256	1	248	2.89e-37	128
AOJE01000051.1_48	CP101158.1_75	37.9	253	144	5	5	248	267	515	6.59e-34	124
AOJE01000051.1_48	Eyresouth_NODE_101_length_48437_cov_7.17035_10	37.5	256	146	6	13	263	290	536	1.27e-33	123
AOJE01000051.1_48	CP084476.1_75	37.8	238	137	5	15	248	270	500	2.80e-33	122
AOJE01000051.1_48	SRIF01000015.1_78	41.3	254	127	11	11	248	271	518	6.47e-30	113
AOJE01000051.1_48	BBJN01000020.1_33	34.4	279	157	9	2	260	255	527	1.30e-27	106
AOJE01000051.1_48	Gairdner_NODE_107_length_49922_cov_74.384603_13	40.9	208	111	5	19	218	274	477	2.78e-26	102
AOJE01000051.1_48	JAANTI010000009.1_1	35.1	279	150	11	5	260	184	454	5.26e-26	101
AOJE01000051.1_48	FOXI01000018.1_54	35.1	279	150	11	5	260	254	524	7.30e-26	101
AOJE01000051.1_48	Frome_NODE_383_length_24936_cov_4.316346_2	41.3	172	91	5	13	183	290	452	8.74e-25	98.6
AOJE01000051.1_48	AOIR01000042.1_44	34.2	275	154	10	2	264	302	561	9.61e-20	84.0
AOJE01000051.1_49	AOJE01000051.1_49	100	289	0	0	1	289	1	289	1.20e-198	540
AOJE01000051.1_49	KX687704.1_8	87.1	271	32	1	1	271	1	268	9.51e-156	442
AOJE01000051.1_49	KX906370.1_89	87.1	271	32	1	1	271	1	268	9.51e-156	442
AOJE01000051.1_49	LOAJ01000002.1_60	68.1	295	85	7	1	288	1	293	5.30e-120	351
AOJE01000051.1_49	AOJE01000025.1_28	29.3	208	106	12	74	269	49	227	7.50e-04	36.2
AOJE01000051.1_50	AOJE01000051.1_50	100	1275	0	0	1	1275	1	1275	0.0	2419
AOJE01000051.1_50	KX687704.1_7	63.8	1408	353	18	1	1275	1	1385	0.0	1580
AOJE01000051.1_50	KX906370.1_88	63.8	1408	353	18	1	1275	1	1385	0.0	1580
AOJE01000051.1_50	LOAJ01000002.1_61	50.1	944	356	15	395	1272	538	1432	1.68e-277	822
AOJE01000051.1_50	AOLZ01000012.1_19	29.0	855	534	27	398	1222	382	1193	3.69e-69	250
AOJE01000051.1_50	CP019286.1_50	29.0	855	534	27	398	1222	382	1193	3.69e-69	250
AOJE01000051.1_50	CP095494.1_34	26.9	848	528	26	400	1221	262	1043	4.93e-67	242
AOJE01000051.1_50	CP095494.1_33	27.3	862	537	27	388	1223	363	1160	2.12e-65	238
AOJE01000051.1_50	CP100004.1_3	27.6	892	536	30	368	1220	468	1288	3.10e-65	238
AOJE01000051.1_50	JAAOHU010000009.1_4	26.2	845	530	24	398	1218	417	1191	6.97e-63	230
AOJE01000051.1_50	CP019329.1_80	25.9	879	534	27	398	1221	292	1108	1.12e-62	229
AOJE01000051.1_50	NC_015659.1_102	27.7	842	513	31	398	1206	279	1057	1.17e-60	223
AOJE01000051.1_50	AOIO01000049.1_89	26.0	859	540	28	398	1227	266	1057	4.12e-59	218
AOJE01000051.1_50	JDTG01000019.1_67	26.1	872	540	28	401	1228	460	1271	1.05e-58	217
AOJE01000051.1_50	AOIP01000022.1_21	26.6	882	543	26	393	1233	376	1194	6.76e-56	208
AOJE01000051.1_50	BBJN01000020.1_32	26.8	854	509	29	400	1218	573	1345	1.23e-55	207
AOJE01000051.1_50	Gairdner_NODE_167_length_41210_cov_9.888325_32	25.7	875	529	32	398	1228	577	1374	1.52e-54	204
AOJE01000051.1_50	CP119801.1_45	26.7	851	528	31	400	1221	212	995	4.02e-53	198
AOJE01000051.1_50	CP101158.1_74	25.8	856	545	30	398	1220	373	1171	3.43e-51	193
AOJE01000051.1_50	JAJCVI010000002.1_557	24.3	868	581	29	430	1267	556	1377	2.93e-50	190
AOJE01000051.1_50	Eyresouth_NODE_101_length_48437_cov_7.17035_9	25.1	346	238	11	894	1228	797	1132	1.05e-20	94.4
AOJE01000051.1_51	AOJE01000051.1_51	100	219	0	0	1	219	1	219	1.86e-158	433
AOJE01000051.1_51	KX687704.1_5	90.0	219	22	0	1	219	31	249	9.12e-141	389
AOJE01000051.1_51	KX906370.1_86	90.0	219	22	0	1	219	31	249	9.12e-141	389
AOJE01000051.1_51	LOAJ01000002.1_62	83.1	219	37	0	1	219	1	219	3.98e-128	356
AOJE01000051.1_52	AOJE01000051.1_52	100	276	0	0	1	276	1	276	1.82e-216	584
AOJE01000051.1_53	AOJE01000051.1_53	100	621	0	0	1	621	1	621	0.0	1238
AOJE01000051.1_53	CP084476.1_91	25.4	452	291	17	18	452	625	1047	4.07e-28	115
