BBJN01000020.1_17	BBJN01000020.1_17	100	85	0	0	1	85	1	85	1.01e-59	172
BBJN01000020.1_18	BBJN01000020.1_18	100	266	0	0	1	266	1	266	6.04e-201	544
BBJN01000020.1_19	BBJN01000020.1_19	100	125	0	0	1	125	1	125	2.37e-88	248
BBJN01000020.1_20	BBJN01000020.1_20	100	281	0	0	1	281	1	281	1.01e-211	573
BBJN01000020.1_21	BBJN01000020.1_21	100	56	0	0	1	56	1	56	1.18e-34	107
BBJN01000020.1_22	BBJN01000020.1_22	100	132	0	0	1	132	1	132	2.39e-80	228
BBJN01000020.1_23	BBJN01000020.1_23	100	336	0	0	1	336	1	336	3.96e-248	669
BBJN01000020.1_23	CP101158.1_61	26.7	303	214	6	20	314	54	356	9.26e-24	96.3
BBJN01000020.1_24	BBJN01000020.1_24	100	102	0	0	1	102	1	102	6.18e-71	202
BBJN01000020.1_25	BBJN01000020.1_25	100	1287	0	0	1	1287	1	1287	0.0	2537
BBJN01000020.1_26	BBJN01000020.1_26	100	99	0	0	1	99	1	99	4.57e-76	215
BBJN01000020.1_27	BBJN01000020.1_27	100	183	0	0	1	183	1	183	4.86e-125	345
BBJN01000020.1_27	BBJN01000020.1_30	50.6	156	50	3	1	156	1	129	4.38e-35	116
BBJN01000020.1_27	BBJN01000020.1_29	46.9	179	48	5	4	180	2	135	3.73e-34	114
BBJN01000020.1_27	JAJCVI010000002.1_549	51.0	102	37	2	4	105	2	90	4.68e-22	82.8
BBJN01000020.1_27	QKNW01000002.1_44	39.5	152	81	5	5	155	3	144	8.26e-22	82.4
BBJN01000020.1_27	QKNW01000002.1_43	48.5	97	41	2	10	106	8	95	7.59e-21	79.7
BBJN01000020.1_27	Gairdner_NODE_107_length_49922_cov_74.384603_9	49.0	102	47	3	6	106	4	101	1.49e-20	80.5
BBJN01000020.1_27	SRIF01000015.1_82	43.4	122	56	3	5	113	3	124	2.17e-19	76.6
BBJN01000020.1_27	JAJCVI010000002.1_550	37.1	151	74	4	5	140	3	147	6.55e-17	69.7
BBJN01000020.1_27	JAJCVI010000002.1_548	42.9	119	47	3	4	101	2	120	3.23e-16	67.4
BBJN01000020.1_27	WSZK01000033.1_39	34.8	178	73	6	1	164	26	174	1.69e-15	66.6
BBJN01000020.1_27	WSZK01000033.1_40	43.8	96	47	2	11	101	10	103	2.09e-15	66.6
BBJN01000020.1_27	LWLN01000003.1_3	37.1	159	76	6	10	162	14	154	2.32e-14	63.2
BBJN01000020.1_27	SJER01000008.1_122	43.3	97	48	2	11	104	10	102	3.40e-14	62.4
BBJN01000020.1_27	SJER01000008.1_123	64.2	53	19	0	10	62	9	61	5.04e-14	61.6
BBJN01000020.1_27	CP084476.1_85	27.2	180	111	3	10	181	15	182	1.96e-13	61.2
BBJN01000020.1_27	SJER01000008.1_124	68.8	48	15	0	10	57	10	57	7.16e-13	58.5
BBJN01000020.1_27	LWLN01000003.1_2	40.7	108	53	4	10	109	14	118	3.97e-12	57.4
BBJN01000020.1_27	Gairdner_NODE_107_length_49922_cov_74.384603_10	50.7	69	30	3	24	91	1	66	1.08e-11	55.8
BBJN01000020.1_27	JDTG01000019.1_71	69.0	42	13	0	10	51	14	55	2.46e-11	54.7
BBJN01000020.1_27	CP101158.1_69	35.3	170	80	5	12	181	13	152	1.19e-10	53.1
BBJN01000020.1_27	CP095494.1_28	38.8	134	68	5	10	135	13	140	2.04e-10	52.4
BBJN01000020.1_27	AOIP01000022.1_17	27.2	180	114	6	10	181	13	183	2.68e-10	52.8
BBJN01000020.1_27	NC_013748.1_2	32.7	162	93	7	11	165	15	167	2.99e-06	41.2
BBJN01000020.1_27	JAJCVI010000002.1_551	27.3	132	86	5	24	152	1	125	6.42e-05	37.0
BBJN01000020.1_28	BBJN01000020.1_28	100	267	0	0	1	267	1	267	4.55e-192	522
BBJN01000020.1_28	AOIO01000049.1_84	37.1	267	148	8	4	264	7	259	8.15e-40	135
BBJN01000020.1_28	AOIP01000022.1_18	36.0	267	151	8	4	264	7	259	6.29e-39	132
BBJN01000020.1_28	Gairdner_NODE_107_length_49922_cov_74.384603_8	35.5	245	133	8	8	244	21	248	2.48e-30	110
BBJN01000020.1_29	BBJN01000020.1_29	100	139	0	0	1	139	1	139	2.85e-89	251
BBJN01000020.1_29	BBJN01000020.1_30	54.7	137	54	5	2	135	4	135	7.86e-35	114
BBJN01000020.1_29	BBJN01000020.1_27	46.9	179	48	5	2	135	4	180	1.28e-32	109
BBJN01000020.1_29	QKNW01000002.1_43	46.3	121	62	3	1	121	1	118	5.27e-22	81.3
BBJN01000020.1_29	QKNW01000002.1_44	56.0	84	36	1	1	83	1	84	1.25e-21	80.5
BBJN01000020.1_29	JAJCVI010000002.1_549	42.8	145	62	6	1	134	1	135	4.93e-19	73.6
BBJN01000020.1_29	JAJCVI010000002.1_548	51.2	86	37	1	1	86	1	81	3.28e-18	71.2
BBJN01000020.1_29	SJER01000008.1_123	38.6	127	68	3	8	133	9	126	1.01e-16	67.4
BBJN01000020.1_29	Gairdner_NODE_107_length_49922_cov_74.384603_9	49.4	85	37	2	1	79	1	85	2.19e-14	62.8
BBJN01000020.1_29	SRIF01000015.1_82	43.5	108	40	4	1	87	1	108	4.89e-14	61.2
BBJN01000020.1_29	WSZK01000033.1_39	39.4	137	72	4	9	134	37	173	1.15e-13	60.5
BBJN01000020.1_29	SJER01000008.1_124	38.4	125	63	4	7	129	9	121	2.54e-13	58.5
BBJN01000020.1_29	JDTG01000019.1_71	41.3	109	47	3	7	111	13	108	3.18e-13	58.5
BBJN01000020.1_29	CP101158.1_69	40.0	140	69	4	10	135	13	151	5.93e-13	58.2
BBJN01000020.1_29	JAJCVI010000002.1_550	46.7	90	29	3	9	79	9	98	2.04e-12	56.6
BBJN01000020.1_29	WSZK01000033.1_40	60.4	53	21	0	3	55	4	56	3.84e-12	56.6
BBJN01000020.1_29	SJER01000008.1_122	68.1	47	15	0	9	55	10	56	7.02e-12	55.1
BBJN01000020.1_29	LWLN01000003.1_3	62.7	59	18	1	7	65	13	67	1.25e-11	54.7
BBJN01000020.1_29	Gairdner_NODE_107_length_49922_cov_74.384603_10	50.0	66	27	2	22	81	1	66	5.82e-11	52.8
BBJN01000020.1_29	CP095494.1_28	42.1	95	40	3	7	86	12	106	1.12e-10	52.0
BBJN01000020.1_29	LWLN01000003.1_2	77.1	35	8	0	8	42	14	48	1.50e-09	49.3
BBJN01000020.1_29	NC_013748.1_2	38.0	108	55	3	7	102	13	120	5.84e-08	45.1
BBJN01000020.1_29	CP084476.1_85	30.5	141	82	5	7	137	14	148	4.32e-04	34.3
BBJN01000020.1_30	BBJN01000020.1_30	100	137	0	0	1	137	1	137	1.22e-89	252
BBJN01000020.1_30	BBJN01000020.1_27	70.5	95	19	1	1	86	1	95	3.72e-34	113
BBJN01000020.1_30	BBJN01000020.1_29	54.7	137	54	5	4	135	2	135	1.26e-33	110
BBJN01000020.1_30	QKNW01000002.1_43	50.5	95	45	1	10	102	8	102	1.10e-23	85.5
BBJN01000020.1_30	QKNW01000002.1_44	47.2	108	43	2	5	98	3	110	1.48e-22	82.8
BBJN01000020.1_30	JAJCVI010000002.1_549	59.8	82	30	1	4	85	2	80	4.70e-22	81.3
BBJN01000020.1_30	Gairdner_NODE_107_length_49922_cov_74.384603_9	53.3	90	35	2	6	88	4	93	5.37e-21	80.1
BBJN01000020.1_30	JAJCVI010000002.1_548	47.1	102	49	2	4	104	2	99	2.19e-18	71.6
BBJN01000020.1_30	SRIF01000015.1_82	42.7	117	45	2	5	99	3	119	3.49e-18	72.0
BBJN01000020.1_30	WSZK01000033.1_39	41.9	124	58	3	1	110	26	149	2.39e-17	70.1
BBJN01000020.1_30	WSZK01000033.1_40	50.6	81	37	1	11	91	10	87	8.70e-16	66.2
BBJN01000020.1_30	JAJCVI010000002.1_550	45.7	92	45	2	5	91	3	94	1.22e-14	62.4
BBJN01000020.1_30	SJER01000008.1_123	41.4	116	51	3	10	113	9	119	1.62e-14	61.6
BBJN01000020.1_30	JDTG01000019.1_71	58.8	51	21	0	10	60	14	64	1.53e-13	59.3
BBJN01000020.1_30	SJER01000008.1_124	61.0	59	22	1	10	67	10	68	4.75e-13	57.8
BBJN01000020.1_30	Gairdner_NODE_107_length_49922_cov_74.384603_10	48.6	70	29	2	24	86	1	70	9.87e-13	57.4
BBJN01000020.1_30	SJER01000008.1_122	68.1	47	15	0	11	57	10	56	1.73e-12	56.6
BBJN01000020.1_30	LWLN01000003.1_3	54.8	62	28	0	10	71	14	75	2.23e-12	56.6
BBJN01000020.1_30	LWLN01000003.1_2	51.5	66	32	0	10	75	14	79	1.39e-11	54.7
BBJN01000020.1_30	CP095494.1_28	68.3	41	13	0	10	50	13	53	1.48e-10	51.6
BBJN01000020.1_30	CP101158.1_69	82.4	34	6	0	12	45	13	46	6.25e-10	50.1
BBJN01000020.1_30	NC_013748.1_2	51.1	45	22	0	11	55	15	59	3.59e-06	40.0
BBJN01000020.1_30	JAJCVI010000002.1_551	39.7	63	30	2	24	85	1	56	4.87e-06	39.3
BBJN01000020.1_30	CP084476.1_85	28.2	131	69	5	10	120	15	140	1.21e-04	35.8
BBJN01000020.1_31	BBJN01000020.1_31	100	197	0	0	1	197	1	197	3.39e-141	387
BBJN01000020.1_31	CP101158.1_73	32.3	195	108	6	12	191	32	217	2.94e-15	67.4
BBJN01000020.1_32	BBJN01000020.1_32	100	1401	0	0	1	1401	1	1401	0.0	2661
BBJN01000020.1_32	JAJCVI010000002.1_557	31.1	864	529	18	569	1379	521	1371	5.71e-104	358
BBJN01000020.1_32	WSZK01000033.1_36	32.2	828	515	19	565	1357	190	1006	1.19e-101	345
BBJN01000020.1_32	CP119801.1_45	27.8	846	560	21	564	1379	203	1027	6.28e-80	281
BBJN01000020.1_32	Gairdner_NODE_167_length_41210_cov_9.888325_32	28.4	832	528	22	568	1357	574	1379	1.25e-74	269
BBJN01000020.1_32	AOIO01000049.1_89	27.1	824	531	21	567	1352	262	1053	5.95e-74	264
BBJN01000020.1_32	FNFE01000011.1_19	27.1	848	554	29	567	1379	276	1094	6.62e-61	224
BBJN01000020.1_32	KX687704.1_7	26.5	849	520	22	573	1345	508	1328	2.04e-60	223
BBJN01000020.1_32	KX906370.1_88	26.5	849	520	22	573	1345	508	1328	2.04e-60	223
BBJN01000020.1_32	JDTG01000019.1_81	26.0	838	542	26	565	1344	372	1189	1.21e-58	217
BBJN01000020.1_32	AOJE01000051.1_50	26.7	881	530	29	573	1372	400	1245	9.34e-55	205
BBJN01000020.1_32	LOAJ01000002.1_61	24.1	794	501	22	631	1345	606	1376	5.03e-45	174
BBJN01000020.1_32	SJER01000008.1_127	25.1	1159	713	43	23	1101	20	1103	5.12e-40	157
BBJN01000020.1_32	Gairdner_NODE_107_length_49922_cov_74.384603_12	24.3	917	522	28	570	1358	522	1394	9.27e-39	153
BBJN01000020.1_32	JAJCVI010000007.1_12	33.2	199	115	6	567	756	483	672	1.15e-19	90.5
BBJN01000020.1_32	CP031299.1_6	28.9	197	132	5	744	935	16	209	1.19e-16	78.2
BBJN01000020.1_33	BBJN01000020.1_33	100	535	0	0	1	535	1	535	0.0	996
BBJN01000020.1_33	JAJCVI010000002.1_558	37.5	499	258	22	56	528	55	525	2.80e-64	214
BBJN01000020.1_33	QKNW01000002.1_40	37.5	520	276	17	48	533	34	538	2.86e-62	209
BBJN01000020.1_33	SJER01000008.1_128	34.9	496	267	13	78	532	63	543	2.92e-62	209
BBJN01000020.1_33	CP101161.1_3056	36.3	512	276	19	3	490	2	487	4.70e-62	208
BBJN01000020.1_33	FOXI01000018.1_54	35.3	498	267	14	73	535	56	533	3.28e-61	206
BBJN01000020.1_33	JAANTI010000009.1_1	35.6	483	256	14	88	535	1	463	5.59e-58	196
BBJN01000020.1_33	SRIF01000015.1_78	35.4	514	283	17	50	533	41	535	4.97e-56	192
BBJN01000020.1_33	AOJE01000025.1_28	35.3	451	249	16	49	484	34	456	1.13e-48	171
BBJN01000020.1_33	CP099999.1_40	31.6	487	302	14	56	525	33	505	8.43e-48	169
BBJN01000020.1_33	Eyresouth_NODE_101_length_48437_cov_7.17035_10	35.2	469	253	17	66	511	78	518	3.73e-47	168
BBJN01000020.1_33	AOLZ01000012.1_20	35.5	496	270	19	58	524	44	518	3.76e-45	162
BBJN01000020.1_33	CP019286.1_49	35.5	496	270	19	58	524	44	518	3.76e-45	162
BBJN01000020.1_33	KX687704.1_8	32.5	508	275	22	59	525	66	546	9.51e-44	159
BBJN01000020.1_33	KX906370.1_89	32.5	508	275	22	59	525	66	546	9.51e-44	159
BBJN01000020.1_33	JAAOHU010000009.1_3	32.4	500	290	13	46	517	23	502	1.36e-42	155
BBJN01000020.1_33	Frome_NODE_383_length_24936_cov_4.316346_2	35.3	436	236	16	66	478	78	490	1.85e-42	155
BBJN01000020.1_33	FNFE01000011.1_20	34.7	495	249	21	50	517	49	496	2.82e-42	154
BBJN01000020.1_33	LOAJ01000002.1_60	31.9	523	276	24	54	525	60	553	2.05e-38	144
BBJN01000020.1_33	AOIO01000049.1_91	39.0	290	152	9	239	517	515	790	6.61e-37	141
BBJN01000020.1_33	AOIR01000042.1_44	30.3	456	279	14	78	517	118	550	1.11e-34	133
BBJN01000020.1_33	CP100004.1_1	38.3	282	148	9	252	525	2	265	8.16e-34	125
BBJN01000020.1_33	CP095494.1_35	31.3	504	291	21	55	524	39	521	9.38e-34	130
BBJN01000020.1_33	AOJE01000051.1_48	34.8	276	154	9	256	525	3	258	9.17e-27	105
BBJN01000020.1_34	BBJN01000020.1_34	100	253	0	0	1	253	1	253	1.26e-191	520
BBJN01000020.1_34	FOXI01000018.1_53	43.6	236	117	7	5	238	3	224	2.03e-52	166
BBJN01000020.1_34	JAANTI010000009.1_2	43.6	236	117	7	5	238	3	224	2.03e-52	166
BBJN01000020.1_34	QKNW01000002.1_39	41.6	250	126	9	4	248	3	237	2.24e-47	154
BBJN01000020.1_34	NC_013748.1_12	27.8	223	140	6	34	246	135	346	1.26e-19	82.4
BBJN01000020.1_34	FNFE01000011.1_21	25.8	225	128	11	30	219	33	253	4.05e-08	48.5
BBJN01000020.1_35	BBJN01000020.1_35	100	359	0	0	1	359	1	359	4.17e-225	613
BBJN01000020.1_35	FOXI01000018.1_52	44.0	302	146	11	42	339	43	325	4.25e-58	187
BBJN01000020.1_35	JAANTI010000009.1_3	44.0	302	146	11	42	339	43	325	4.25e-58	187
BBJN01000020.1_35	RJJW01000001.1_32	27.8	370	213	14	1	349	1	337	2.26e-13	65.9
BBJN01000020.1_35	QKNW01000002.1_35	39.0	77	38	2	104	173	93	167	9.86e-06	42.4
BBJN01000020.1_35	Eyresouth_NODE_101_length_48437_cov_7.17035_15	26.1	176	110	4	42	211	51	212	4.08e-05	40.4
BBJN01000020.1_35	Frome_NODE_383_length_24936_cov_4.316346_7	26.0	131	92	2	42	172	51	176	2.23e-04	38.1
BBJN01000020.1_36	BBJN01000020.1_36	100	211	0	0	1	211	1	211	1.65e-148	407
BBJN01000020.1_36	FOXI01000018.1_50	91.5	211	18	0	1	211	1	211	9.05e-137	377
BBJN01000020.1_36	JAANTI010000009.1_5	91.5	211	18	0	1	211	1	211	9.05e-137	377
BBJN01000020.1_36	CP100004.1_6	45.8	203	99	5	5	204	11	205	9.81e-51	159
BBJN01000020.1_36	CP101161.1_3059	37.5	120	67	3	78	197	99	210	3.88e-15	67.4
BBJN01000020.1_36	Gairdner_NODE_107_length_49922_cov_74.384603_18	29.9	127	77	4	73	196	74	191	5.24e-06	41.2
BBJN01000020.1_37	BBJN01000020.1_37	100	182	0	0	1	182	1	182	2.03e-112	313
BBJN01000020.1_37	FOXI01000018.1_49	95.6	182	8	0	1	182	1	182	3.92e-110	308
BBJN01000020.1_37	JAANTI010000009.1_6	95.6	182	8	0	1	182	1	182	3.92e-110	308
BBJN01000020.1_37	Gairdner_NODE_107_length_49922_cov_74.384603_19	56.1	180	72	1	3	182	5	177	1.73e-63	189
BBJN01000020.1_37	CP084476.1_61	37.8	119	69	2	62	180	36	149	1.31e-16	68.9
BBJN01000020.1_37	RJJW01000001.1_36	36.3	124	76	2	61	182	84	206	1.02e-15	67.8
BBJN01000020.1_37	Eyre_NODE_236_length_33155_cov_19.932_36	72.7	33	9	0	3	35	4	36	1.73e-10	50.1
BBJN01000020.1_37	Eyresouth_NODE_101_length_48437_cov_7.17035_18	72.7	33	9	0	3	35	4	36	1.73e-10	50.1
BBJN01000020.1_37	Frome_NODE_383_length_24936_cov_4.316346_10	72.7	33	9	0	3	35	4	36	1.73e-10	50.1
BBJN01000020.1_38	BBJN01000020.1_38	100	40	0	0	1	40	1	40	1.42e-24	80.9
BBJN01000020.1_38	FOXI01000018.1_48	97.5	40	1	0	1	40	45	84	3.44e-23	78.6
BBJN01000020.1_38	JAANTI010000009.1_7	97.5	40	1	0	1	40	45	84	3.44e-23	78.6
BBJN01000020.1_38	Gairdner_NODE_107_length_49922_cov_74.384603_20	72.2	36	10	0	1	36	63	98	2.01e-13	54.3
BBJN01000020.1_38	CP100004.1_9	52.8	36	17	0	2	37	64	99	1.59e-07	39.3
BBJN01000020.1_38	WSZK01000033.1_30	56.7	30	13	0	1	30	28	57	7.91e-06	34.3
BBJN01000020.1_39	BBJN01000020.1_39	100	296	0	0	1	296	1	296	4.11e-214	580
BBJN01000020.1_39	FOXI01000018.1_47	95.3	297	13	1	1	296	1	297	8.12e-203	551
BBJN01000020.1_39	JAANTI010000009.1_8	95.3	297	13	1	1	296	1	297	8.12e-203	551
BBJN01000020.1_39	Gairdner_NODE_107_length_49922_cov_74.384603_21	59.7	293	117	1	2	294	5	296	3.10e-119	340
BBJN01000020.1_39	CP100004.1_10	54.7	274	113	4	21	286	8	278	2.44e-96	282
BBJN01000020.1_39	NC_015659.1_92	49.7	296	135	7	9	293	4	296	4.30e-85	254
BBJN01000020.1_39	NC_013748.1_21	48.7	300	140	7	4	293	7	302	2.43e-84	252
BBJN01000020.1_39	AOIO01000049.1_99	51.4	280	122	5	23	293	18	292	3.57e-84	251
BBJN01000020.1_39	AOIP01000022.1_28	50.5	279	125	5	23	293	18	291	1.58e-82	247
BBJN01000020.1_39	WSZK01000033.1_29	46.0	291	153	3	8	295	8	297	4.09e-80	241
BBJN01000020.1_39	CP031299.1_20	46.4	291	143	6	10	292	7	292	5.60e-78	236
BBJN01000020.1_39	JDTG01000019.1_93	46.4	291	143	6	10	292	7	292	5.60e-78	236
BBJN01000020.1_39	CP084476.1_60	43.3	293	158	5	5	293	2	290	3.03e-71	218
BBJN01000020.1_39	RJJW01000001.1_38	41.2	296	159	6	6	292	10	299	2.58e-64	201
BBJN01000020.1_39	JAJCVI010000002.1_563	41.2	289	159	6	6	290	8	289	4.86e-64	199
BBJN01000020.1_39	JAAOHU010000009.1_62	46.8	250	127	5	32	278	150	396	1.26e-61	197
BBJN01000020.1_39	SJER01000008.1_136	45.2	259	132	7	27	281	149	401	3.08e-59	191
BBJN01000020.1_39	SRIF01000015.1_66	40.5	296	166	7	3	290	2	295	2.65e-55	177
BBJN01000020.1_39	CP101161.1_3061	41.5	258	139	5	29	282	22	271	8.36e-54	173
BBJN01000020.1_39	AOIR01000042.1_49	39.5	296	164	9	3	293	3	288	1.59e-53	172
BBJN01000020.1_39	CP095494.1_44	38.2	267	158	6	26	289	27	289	8.80e-53	171
BBJN01000020.1_39	CP019286.1_42	38.9	296	164	9	8	294	126	413	1.95e-52	173
BBJN01000020.1_39	LWLN01000003.1_21	37.4	273	155	9	29	293	42	306	2.73e-52	170
BBJN01000020.1_39	AOLZ01000012.1_27	38.9	296	164	9	8	294	126	413	3.64e-52	173
BBJN01000020.1_39	CP119801.1_35	37.2	258	156	4	34	289	37	290	1.40e-51	167
BBJN01000020.1_40	BBJN01000020.1_40	100	82	0	0	1	82	1	82	1.26e-54	159
BBJN01000020.1_40	FOXI01000018.1_46	96.3	82	3	0	1	82	1	82	3.48e-52	153
BBJN01000020.1_40	JAANTI010000009.1_9	96.3	82	3	0	1	82	1	82	3.48e-52	153
BBJN01000020.1_40	Gairdner_NODE_107_length_49922_cov_74.384603_22	70.0	80	24	0	1	80	1	80	1.07e-35	112
BBJN01000020.1_40	CP100004.1_11	38.1	84	50	1	1	82	1	84	3.30e-16	62.8
BBJN01000020.1_41	BBJN01000020.1_41	100	94	0	0	1	94	1	94	1.59e-58	170
BBJN01000020.1_41	FOXI01000018.1_45	92.6	94	7	0	1	94	1	94	1.79e-55	162
BBJN01000020.1_41	JAANTI010000009.1_10	92.6	94	7	0	1	94	1	94	1.79e-55	162
BBJN01000020.1_41	Gairdner_NODE_107_length_49922_cov_74.384603_23	60.6	94	37	0	1	94	1	94	1.75e-37	117
BBJN01000020.1_42	BBJN01000020.1_42	100	67	0	0	1	67	1	67	1.08e-46	138
BBJN01000020.1_42	FOXI01000018.1_44	92.5	67	5	0	1	67	1	67	1.01e-42	128
BBJN01000020.1_42	JAANTI010000009.1_11	92.5	67	5	0	1	67	1	67	1.01e-42	128
BBJN01000020.1_42	Gairdner_NODE_107_length_49922_cov_74.384603_24	58.7	63	24	1	5	65	5	67	2.73e-19	70.1
BBJN01000020.1_43	BBJN01000020.1_43	100	199	0	0	1	199	1	199	1.05e-145	399
BBJN01000020.1_43	FOXI01000018.1_43	95.5	199	8	1	1	199	1	198	1.67e-135	373
BBJN01000020.1_43	JAANTI010000009.1_12	95.5	199	8	1	1	199	1	198	1.67e-135	373
BBJN01000020.1_43	Gairdner_NODE_107_length_49922_cov_74.384603_25	61.5	200	75	2	1	199	1	199	5.15e-84	243
BBJN01000020.1_43	CP100004.1_15	37.0	192	119	2	5	196	8	197	6.49e-37	123
BBJN01000020.1_43	WSZK01000033.1_25	38.1	189	106	6	11	192	14	198	3.07e-29	104
BBJN01000020.1_43	LOAJ01000002.1_48	31.6	187	108	5	14	196	27	197	1.13e-23	89.4
BBJN01000020.1_43	CP101158.1_88	34.4	154	90	4	25	177	30	173	1.48e-22	86.3
BBJN01000020.1_43	AOIR01000042.1_53	31.0	174	107	5	14	185	26	188	4.51e-17	71.6
BBJN01000020.1_43	QKNW01000002.1_24	36.5	170	81	10	13	170	14	168	1.48e-12	60.1
BBJN01000020.1_44	BBJN01000020.1_44	100	339	0	0	1	339	1	339	4.34e-233	632
BBJN01000020.1_44	FOXI01000018.1_42	98.5	339	5	0	1	339	1	339	4.84e-230	624
BBJN01000020.1_44	JAANTI010000009.1_13	98.5	339	5	0	1	339	1	339	4.84e-230	624
BBJN01000020.1_44	Gairdner_NODE_107_length_49922_cov_74.384603_27	62.6	337	124	1	1	337	1	335	4.41e-144	406
BBJN01000020.1_44	CP100004.1_16	46.5	327	171	3	5	329	6	330	7.40e-94	279
BBJN01000020.1_45	BBJN01000020.1_45	100	419	0	0	1	419	1	419	2.54e-270	733
BBJN01000020.1_45	FOXI01000018.1_40	97.0	365	11	0	55	419	61	425	2.44e-251	685
BBJN01000020.1_45	JAANTI010000009.1_15	97.0	365	11	0	55	419	61	425	2.44e-251	685
BBJN01000020.1_45	Gairdner_NODE_107_length_49922_cov_74.384603_28	74.9	367	92	0	53	419	46	412	5.20e-196	544
BBJN01000020.1_45	CP100004.1_17	59.3	349	140	1	54	400	55	403	3.92e-138	397
BBJN01000020.1_45	AOIP01000022.1_34	47.5	362	187	2	56	417	54	412	3.16e-101	303
BBJN01000020.1_45	CP084476.1_54	47.3	353	184	1	56	408	62	412	7.82e-101	302
BBJN01000020.1_45	AOIO01000049.1_110	47.2	362	188	2	56	417	54	412	1.26e-100	301
BBJN01000020.1_45	NC_015659.1_86	46.3	374	193	3	41	413	50	416	6.05e-100	300
BBJN01000020.1_45	NC_013748.1_27	45.7	372	199	2	43	413	47	416	9.61e-99	297
BBJN01000020.1_45	WSZK01000033.1_23	47.6	351	180	3	52	399	68	417	2.13e-94	286
BBJN01000020.1_45	CP031299.1_26	45.7	359	192	2	56	413	55	411	2.94e-93	283
BBJN01000020.1_45	JDTG01000019.1_99	45.7	359	192	2	56	413	55	411	2.94e-93	283
BBJN01000020.1_45	CP101158.1_90	40.5	353	202	4	56	401	81	432	5.09e-74	234
BBJN01000020.1_45	CP101161.1_3067	38.9	339	205	2	64	401	1	338	1.61e-71	225
BBJN01000020.1_45	JAJCVI010000002.1_569	36.9	374	227	4	54	419	69	441	2.68e-66	214
BBJN01000020.1_45	AOJE01000025.1_39	37.7	353	215	4	50	398	64	415	4.33e-66	213
BBJN01000020.1_45	LWLN01000003.1_27	38.4	370	206	8	43	395	43	407	3.10e-65	211
BBJN01000020.1_45	CP099999.1_28	37.1	369	212	7	45	396	45	410	3.63e-63	206
BBJN01000020.1_45	AOLZ01000012.1_33	36.9	371	211	9	43	395	47	412	6.70e-60	197
BBJN01000020.1_45	CP019286.1_36	36.9	371	211	9	43	395	47	412	6.70e-60	197
BBJN01000020.1_45	FNFE01000011.1_36	36.1	371	213	9	44	395	51	416	2.97e-58	193
BBJN01000020.1_45	AOIR01000042.1_55	32.0	362	239	4	63	419	85	444	6.98e-57	189
BBJN01000020.1_45	RJJW01000001.1_44	32.9	419	235	7	43	419	62	476	1.40e-56	189
BBJN01000020.1_45	SJER01000008.1_142	36.4	363	207	7	57	399	100	458	2.07e-56	189
BBJN01000020.1_46	BBJN01000020.1_46	100	595	0	0	1	595	1	595	0.0	1139
BBJN01000020.1_46	FOXI01000018.1_39	90.6	459	42	1	1	458	1	459	9.25e-297	811
BBJN01000020.1_46	JAANTI010000009.1_16	90.6	459	42	1	1	458	1	459	9.25e-297	811
BBJN01000020.1_46	Gairdner_NODE_107_length_49922_cov_74.384603_29	60.8	457	173	3	2	458	56	506	2.25e-189	540
BBJN01000020.1_46	CP100004.1_19	46.0	413	205	4	46	455	37	434	1.79e-114	346
BBJN01000020.1_46	WSZK01000033.1_22	41.0	400	230	3	59	458	87	480	8.20e-86	273
BBJN01000020.1_46	NC_015659.1_85	34.9	415	264	4	46	455	59	472	4.54e-69	229
BBJN01000020.1_46	AOIP01000022.1_35	34.8	420	260	5	46	455	58	473	1.38e-68	228
BBJN01000020.1_46	AOIO01000049.1_111	34.4	427	272	5	46	465	58	483	2.67e-68	227
BBJN01000020.1_46	NC_013748.1_28	32.8	427	272	7	36	455	72	490	2.83e-63	214
BBJN01000020.1_46	CP084476.1_53	32.1	418	272	4	46	455	58	471	9.76e-60	204
BBJN01000020.1_46	CP031299.1_27	33.2	398	244	7	75	458	160	549	2.04e-59	204
BBJN01000020.1_46	JDTG01000019.1_100	33.2	398	244	7	75	458	160	549	2.04e-59	204
BBJN01000020.1_46	KX906370.1_106	32.6	427	250	6	50	464	117	517	1.06e-55	193
BBJN01000020.1_46	AOJE01000051.1_21	30.5	449	280	6	25	464	24	449	7.13e-53	184
BBJN01000020.1_46	LOAJ01000002.1_45	32.2	416	258	6	50	460	205	601	9.59e-53	187
BBJN01000020.1_46	JAJCVI010000002.1_570	37.4	238	144	3	220	455	301	535	5.86e-39	147
BBJN01000020.1_46	RJJW01000001.1_45	33.5	236	141	5	226	455	376	601	3.82e-35	136
BBJN01000020.1_46	AOLZ01000012.1_34	36.1	238	135	3	224	455	364	590	1.45e-31	125
BBJN01000020.1_46	CP019286.1_35	36.1	238	135	3	224	455	364	590	1.45e-31	125
BBJN01000020.1_46	FNFE01000011.1_37	34.0	238	140	3	224	455	350	576	2.44e-31	124
BBJN01000020.1_46	CP019329.1_60	32.2	236	156	1	220	455	355	586	2.52e-27	112
BBJN01000020.1_46	QKNW01000002.1_21	26.5	249	161	7	219	457	369	605	2.79e-17	80.9
BBJN01000020.1_46	Eyre_NODE_236_length_33155_cov_19.932_27	28.6	248	148	9	221	456	315	545	1.30e-15	75.5
BBJN01000020.1_46	Frome_NODE_383_length_24936_cov_4.316346_19	28.2	248	149	9	221	456	310	540	9.06e-15	72.8
BBJN01000020.1_47	BBJN01000020.1_47	100	180	0	0	1	180	1	180	1.92e-125	346
BBJN01000020.1_48	BBJN01000020.1_48	100	792	0	0	1	792	1	792	0.0	1564
BBJN01000020.1_48	FOXI01000018.1_35	93.3	792	46	1	1	792	1	785	0.0	1467
BBJN01000020.1_48	JAANTI010000009.1_19	93.3	792	46	1	1	792	1	785	0.0	1467
BBJN01000020.1_48	Gairdner_NODE_107_length_49922_cov_74.384603_31	68.5	790	241	2	1	789	1	783	0.0	1100
BBJN01000020.1_48	CP100004.1_22	45.3	800	410	10	5	791	4	788	2.82e-223	643
BBJN01000020.1_48	RJJW01000001.1_46	42.3	809	431	13	7	791	9	805	1.75e-200	585
BBJN01000020.1_48	NC_013748.1_29	42.7	796	435	8	1	791	1	780	8.69e-200	582
BBJN01000020.1_48	CP031299.1_28	42.5	811	419	11	1	791	1	784	1.11e-198	580
BBJN01000020.1_48	JDTG01000019.1_101	42.5	811	419	11	1	791	1	784	1.11e-198	580
BBJN01000020.1_48	NC_015659.1_84	41.5	793	438	8	9	791	8	784	3.53e-194	568
BBJN01000020.1_48	AOIO01000049.1_112	40.7	794	444	8	9	791	9	786	9.40e-189	554
BBJN01000020.1_48	AOIP01000022.1_36	40.6	794	445	8	9	791	9	786	9.40e-189	554
BBJN01000020.1_48	CP101158.1_93	42.2	801	407	13	32	790	37	823	6.50e-187	551
BBJN01000020.1_48	CP119801.1_26	40.3	816	441	14	5	791	10	808	7.95e-185	545
BBJN01000020.1_48	Eyresouth_NODE_101_length_48437_cov_7.17035_28	41.6	808	436	14	7	790	26	821	6.40e-184	543
BBJN01000020.1_48	Frome_NODE_383_length_24936_cov_4.316346_20	41.6	808	436	14	7	790	26	821	6.40e-184	543
BBJN01000020.1_48	JAAOHU010000009.1_54	39.5	826	452	11	3	791	7	821	8.25e-184	543
BBJN01000020.1_48	Eyre_NODE_236_length_33155_cov_19.932_26	40.8	808	442	13	7	790	26	821	1.80e-183	542
BBJN01000020.1_48	CP019329.1_57	40.2	813	445	12	5	791	16	813	7.58e-177	525
BBJN01000020.1_48	LOAJ01000002.1_44	38.2	822	457	13	8	790	21	830	2.98e-174	518
BBJN01000020.1_48	WSZK01000033.1_21	38.6	804	461	10	5	790	13	801	1.03e-173	516
BBJN01000020.1_48	CP084476.1_52	40.1	810	450	13	1	791	1	794	3.50e-173	514
BBJN01000020.1_48	AOLZ01000012.1_35	39.2	809	453	11	5	790	26	818	7.33e-173	514
BBJN01000020.1_48	CP019286.1_34	39.2	809	453	11	5	790	26	818	7.33e-173	514
BBJN01000020.1_48	SRIF01000015.1_56	38.5	818	454	14	5	790	8	808	7.70e-173	514
BBJN01000020.1_49	BBJN01000020.1_49	100	721	0	0	1	721	1	721	0.0	1423
BBJN01000020.1_50	BBJN01000020.1_50	100	485	0	0	1	485	1	485	0.0	887
BBJN01000020.1_51	BBJN01000020.1_51	100	218	0	0	1	218	1	218	7.54e-153	419
BBJN01000020.1_52	BBJN01000020.1_52	100	398	0	0	1	398	1	398	4.97e-287	773
BBJN01000020.1_53	BBJN01000020.1_53	100	48	0	0	1	48	1	48	9.18e-31	97.1
BBJN01000020.1_54	BBJN01000020.1_54	100	148	0	0	1	148	1	148	3.40e-108	300
BBJN01000020.1_54	FOXI01000018.1_35	83.3	144	24	0	5	148	642	785	8.45e-78	241
BBJN01000020.1_54	JAANTI010000009.1_19	83.3	144	24	0	5	148	642	785	8.45e-78	241
BBJN01000020.1_54	BBJN01000020.1_48	83.3	144	24	0	5	148	649	792	6.95e-77	239
BBJN01000020.1_54	Gairdner_NODE_107_length_49922_cov_74.384603_31	53.5	142	66	0	4	145	642	783	1.21e-45	154
BBJN01000020.1_55	BBJN01000020.1_55	100	36	0	0	1	36	1	36	1.26e-21	73.2
BBJN01000020.1_55	FOXI01000018.1_34	65.4	26	9	0	10	35	1	26	7.32e-06	34.7
BBJN01000020.1_55	JAANTI010000009.1_20	65.4	26	9	0	10	35	1	26	7.32e-06	34.7
BBJN01000020.1_56	BBJN01000020.1_56	100	321	0	0	1	321	1	321	2.98e-240	648
BBJN01000020.1_57	BBJN01000020.1_57	100	97	0	0	1	97	1	97	2.50e-61	177
BBJN01000020.1_58	BBJN01000020.1_58	100	485	0	0	1	485	1	485	0.0	932
BBJN01000020.1_59	BBJN01000020.1_59	100	201	0	0	1	201	1	201	6.58e-150	410
BBJN01000020.1_60	BBJN01000020.1_60	100	302	0	0	1	302	1	302	9.82e-225	607
BBJN01000020.1_61	BBJN01000020.1_61	100	594	0	0	1	594	1	594	0.0	1170
