CP019286.1_20	CP019286.1_20	100	137	0	0	1	137	1	137	3.49e-89	251
CP019286.1_20	AOLZ01000012.1_49	99.3	137	1	0	1	137	11	147	1.99e-88	249
CP019286.1_21	AOLZ01000012.1_48	100	82	0	0	1	82	1	82	1.73e-52	154
CP019286.1_21	CP019286.1_21	100	82	0	0	1	82	1	82	1.73e-52	154
CP019286.1_22	CP019286.1_22	100	74	0	0	1	74	1	74	7.76e-50	147
CP019286.1_22	AOLZ01000012.1_47	100	65	0	0	10	74	1	65	4.46e-43	129
CP019286.1_23	AOLZ01000012.1_46	100	381	0	0	1	381	1	381	1.84e-278	750
CP019286.1_23	CP019286.1_23	100	381	0	0	1	381	1	381	1.84e-278	750
CP019286.1_23	AOIP01000022.1_45	75.2	371	88	3	13	381	5	373	9.82e-196	540
CP019286.1_23	NC_013748.1_37	73.6	364	93	2	20	381	8	370	3.06e-189	524
CP019286.1_23	LWLN01000003.1_42	70.4	365	103	2	21	381	10	373	4.54e-180	501
CP019286.1_23	CP031299.1_40	59.8	386	141	7	1	378	1	380	1.43e-150	426
CP019286.1_23	JDTG01000019.1_113	59.8	386	141	7	1	378	1	380	1.43e-150	426
CP019286.1_23	CP119801.1_19	45.4	372	185	5	19	378	20	385	2.50e-95	286
CP019286.1_23	WSZK01000033.1_9	41.6	373	191	10	28	377	41	409	2.91e-76	238
CP019286.1_23	JAAOHU010000009.1_51	40.7	356	200	8	24	378	20	365	8.86e-76	235
CP019286.1_23	Gairdner_NODE_107_length_49922_cov_74.384603_35	39.1	368	210	7	21	380	17	378	2.31e-74	232
CP019286.1_23	FNFE01000011.1_44	37.7	363	216	7	20	378	2	358	7.47e-69	217
CP019286.1_23	CP095494.1_63	87.8	82	10	0	300	381	2	83	1.73e-43	142
CP019286.1_24	AOLZ01000012.1_45	100	59	0	0	1	59	1	59	2.36e-42	127
CP019286.1_24	CP019286.1_24	100	59	0	0	1	59	1	59	2.36e-42	127
CP019286.1_25	AOLZ01000012.1_44	100	50	0	0	1	50	1	50	1.41e-37	114
CP019286.1_25	CP019286.1_25	100	50	0	0	1	50	1	50	1.41e-37	114
CP019286.1_26	CP019286.1_26	100	79	0	0	1	79	1	79	3.95e-61	176
CP019286.1_26	AOLZ01000012.1_43	100	62	0	0	18	79	1	62	1.51e-44	133
CP019286.1_26	CP031299.1_34	68.1	72	21	2	6	76	23	93	5.67e-33	105
CP019286.1_26	JDTG01000019.1_107	68.1	72	21	2	6	76	23	93	5.67e-33	105
CP019286.1_26	CP119801.1_21	60.0	70	27	1	6	75	23	91	6.36e-29	95.1
CP019286.1_27	AOLZ01000012.1_42	100	331	0	0	1	331	1	331	6.68e-233	630
CP019286.1_27	CP019286.1_27	100	331	0	0	1	331	1	331	6.68e-233	630
CP019286.1_28	AOLZ01000012.1_41	100	121	0	0	1	121	1	121	9.96e-61	178
CP019286.1_28	CP019286.1_28	100	121	0	0	1	121	1	121	9.96e-61	178
CP019286.1_28	FNFE01000011.1_40	56.3	80	35	0	11	90	14	93	2.00e-25	89.0
CP019286.1_28	CP099999.1_25	51.6	93	42	1	1	90	1	93	1.79e-23	84.0
CP019286.1_28	NC_013748.1_33	53.0	83	39	0	8	90	8	90	6.99e-23	82.4
CP019286.1_28	NC_015659.1_81	52.4	82	35	1	13	90	16	97	4.68e-19	72.8
CP019286.1_29	AOLZ01000012.1_40	100	61	0	0	1	61	1	61	7.27e-38	115
CP019286.1_29	CP019286.1_29	100	61	0	0	1	61	1	61	7.27e-38	115
CP019286.1_30	AOLZ01000012.1_39	100	167	0	0	1	167	1	167	2.49e-126	347
CP019286.1_30	CP019286.1_30	100	167	0	0	1	167	1	167	2.49e-126	347
CP019286.1_30	CP019329.1_52	79.9	164	33	0	2	165	4	167	1.89e-99	280
CP019286.1_30	LWLN01000003.1_34	76.7	163	37	1	1	163	1	162	7.88e-95	268
CP019286.1_30	CP084476.1_47	66.3	163	53	1	1	163	1	161	4.70e-80	230
CP019286.1_31	AOLZ01000012.1_38	100	80	0	0	1	80	1	80	2.68e-55	161
CP019286.1_31	CP019286.1_31	100	80	0	0	1	80	1	80	2.68e-55	161
CP019286.1_31	CP084476.1_48	72.7	77	21	0	1	77	1	77	2.29e-36	113
CP019286.1_32	AOLZ01000012.1_37	100	270	0	0	1	270	1	270	5.85e-210	567
CP019286.1_32	CP019286.1_32	100	270	0	0	1	270	1	270	5.85e-210	567
CP019286.1_32	CP084476.1_49	83.7	270	44	0	1	270	1	270	3.49e-177	484
CP019286.1_32	LWLN01000003.1_33	81.1	270	51	0	1	270	1	270	3.20e-173	474
CP019286.1_32	CP031299.1_31	80.7	270	51	1	1	270	1	269	1.10e-166	458
CP019286.1_32	JDTG01000019.1_104	80.7	270	51	1	1	270	1	269	1.10e-166	458
CP019286.1_32	CP019329.1_53	68.3	262	77	2	5	264	29	286	8.48e-130	365
CP019286.1_32	SRIF01000015.1_47	49.1	267	121	5	1	260	1	259	1.35e-79	237
CP019286.1_32	Gairdner_NODE_167_length_41210_cov_9.888325_44	46.7	92	49	0	163	254	1	92	6.70e-29	101
CP019286.1_32	CP119801.1_21	44.9	89	49	0	166	254	3	91	6.02e-26	94.0
CP019286.1_33	CP019286.1_33	100	313	0	0	1	313	1	313	1.92e-232	628
CP019286.1_33	AOLZ01000012.1_36	99.7	313	1	0	1	313	1	313	2.24e-231	625
CP019286.1_33	LWLN01000003.1_30	67.6	309	100	0	2	310	4	312	8.54e-156	434
CP019286.1_33	CP084476.1_51	66.2	314	99	3	1	310	1	311	4.70e-148	414
CP019286.1_33	SJER01000008.1_145	62.8	312	113	2	1	310	3	313	2.16e-140	395
CP019286.1_33	NC_013748.1_30	39.6	288	165	5	7	286	14	300	7.01e-63	197
CP019286.1_33	CP031299.1_29	38.6	293	172	5	7	292	14	305	3.81e-62	196
CP019286.1_33	JDTG01000019.1_102	38.6	293	172	5	7	292	14	305	3.81e-62	196
CP019286.1_33	NC_015659.1_83	38.5	286	167	5	7	284	15	299	8.92e-61	192
CP019286.1_33	AOIO01000049.1_113	38.6	298	169	6	7	296	15	306	1.40e-59	189
CP019286.1_33	AOIP01000022.1_37	38.3	298	170	6	7	296	15	306	3.92e-59	188
CP019286.1_33	CP119801.1_25	38.4	284	168	5	23	300	36	318	1.06e-56	182
CP019286.1_33	RJJW01000001.1_47	36.0	297	181	6	3	292	15	309	2.73e-56	181
CP019286.1_33	WSZK01000033.1_20	36.4	280	163	3	23	290	65	341	4.47e-49	163
CP019286.1_33	CP100004.1_28	36.9	225	123	7	9	220	26	244	1.03e-26	105
CP019286.1_33	CP099999.1_52	33.3	171	104	4	23	184	38	207	2.80e-22	92.8
CP019286.1_33	JAAOHU010000009.1_19	36.0	150	86	4	23	164	51	198	3.07e-17	77.8
CP019286.1_34	AOLZ01000012.1_35	100	827	0	0	1	827	1	827	0.0	1644
CP019286.1_34	CP019286.1_34	100	827	0	0	1	827	1	827	0.0	1644
CP019286.1_34	LWLN01000003.1_29	77.4	833	176	6	1	825	1	829	0.0	1275
CP019286.1_34	SJER01000008.1_144	68.7	805	245	3	26	827	16	816	0.0	1110
CP019286.1_34	CP084476.1_52	65.0	806	272	7	25	827	4	802	0.0	1012
CP019286.1_34	CP019329.1_57	49.1	829	395	12	10	824	3	818	5.41e-261	741
CP019286.1_34	CP119801.1_26	48.9	810	395	9	26	823	10	812	5.40e-260	739
CP019286.1_34	CP095494.1_52	48.9	814	393	11	26	825	13	817	2.20e-257	732
CP019286.1_34	SRIF01000015.1_56	45.6	815	421	9	26	825	8	815	5.41e-239	685
CP019286.1_34	CP100004.1_22	47.6	806	393	15	26	821	4	790	5.07e-236	677
CP019286.1_34	CP031299.1_28	47.1	799	397	11	30	822	9	787	6.90e-235	674
CP019286.1_34	JDTG01000019.1_101	47.1	799	397	11	30	822	9	787	6.90e-235	674
CP019286.1_34	NC_015659.1_84	47.1	803	398	11	27	822	5	787	1.38e-234	673
CP019286.1_34	NC_013748.1_29	46.3	805	400	12	25	822	4	783	3.12e-232	667
CP019286.1_34	WSZK01000033.1_21	46.3	804	418	9	25	823	12	806	6.05e-230	662
CP019286.1_34	AOIO01000049.1_112	46.3	801	402	13	30	822	9	789	1.11e-228	658
CP019286.1_34	AOIP01000022.1_36	46.3	801	402	13	30	822	9	789	1.57e-228	657
CP019286.1_34	Eyresouth_NODE_101_length_48437_cov_7.17035_28	45.1	809	417	11	29	821	27	824	2.48e-220	638
CP019286.1_34	Frome_NODE_383_length_24936_cov_4.316346_20	45.1	809	417	11	29	821	27	824	2.48e-220	638
CP019286.1_34	Eyre_NODE_236_length_33155_cov_19.932_26	44.7	809	420	12	29	821	27	824	1.78e-217	630
CP019286.1_34	RJJW01000001.1_46	43.4	818	422	16	29	823	10	809	3.38e-210	611
CP019286.1_34	JAAOHU010000009.1_54	40.8	831	457	13	18	821	1	823	3.71e-192	565
CP019286.1_34	LOAJ01000002.1_44	41.5	817	438	20	28	814	20	826	6.34e-187	552
CP019286.1_34	CP101158.1_93	40.4	826	452	16	28	826	12	824	4.88e-184	545
CP019286.1_34	KX906370.1_107	40.3	829	450	17	19	814	8	824	6.50e-183	542
CP019286.1_35	AOLZ01000012.1_34	100	674	0	0	1	674	1	674	0.0	1332
CP019286.1_35	CP019286.1_35	100	674	0	0	1	674	1	674	0.0	1332
CP019286.1_35	FNFE01000011.1_37	63.5	680	218	8	2	674	3	659	1.21e-297	822
CP019286.1_35	LWLN01000003.1_28	57.6	719	247	10	1	674	1	706	2.48e-267	747
CP019286.1_35	CP019329.1_60	57.9	679	260	11	4	672	6	668	2.33e-256	718
CP019286.1_35	CP099999.1_27	55.9	667	225	12	1	662	1	603	6.56e-244	684
CP019286.1_35	CP095494.1_51	41.7	710	358	13	1	661	1	703	2.73e-153	456
CP019286.1_35	CP119801.1_28	40.1	668	331	14	1	663	1	604	7.81e-131	395
CP019286.1_35	SRIF01000015.1_58	38.0	666	376	11	20	674	20	659	1.43e-117	362
CP019286.1_35	SJER01000008.1_143	33.7	692	409	12	3	674	1	662	1.21e-102	323
CP019286.1_35	JAAOHU010000009.1_55	37.1	423	255	7	253	672	150	564	1.13e-79	260
CP019286.1_35	JAJCVI010000007.1_29	31.7	631	339	14	26	649	79	624	4.48e-76	252
CP019286.1_35	FOXI01000018.1_39	34.8	351	200	6	311	650	181	513	9.84e-45	163
CP019286.1_35	JAANTI010000009.1_16	34.8	351	200	6	311	650	181	513	9.84e-45	163
CP019286.1_35	Gairdner_NODE_107_length_49922_cov_74.384603_29	31.8	314	189	5	349	651	262	561	1.64e-33	131
CP019286.1_35	RJJW01000001.1_45	26.2	618	397	17	26	624	56	633	1.32e-31	126
CP019286.1_35	BBJN01000020.1_46	37.0	227	126	3	364	579	224	444	5.22e-31	124
CP019286.1_36	AOLZ01000012.1_33	100	449	0	0	1	449	1	449	1.70e-313	844
CP019286.1_36	CP019286.1_36	100	449	0	0	1	449	1	449	1.70e-313	844
CP019286.1_36	FNFE01000011.1_36	69.6	454	132	2	1	449	1	453	1.07e-215	597
CP019286.1_36	CP019329.1_61	63.6	473	142	5	5	449	5	475	1.61e-196	549
CP019286.1_36	CP099999.1_28	68.5	432	131	4	18	449	19	445	4.67e-191	534
CP019286.1_36	LWLN01000003.1_27	63.9	449	157	2	1	449	1	444	8.54e-189	528
CP019286.1_36	CP119801.1_29	53.3	437	191	4	10	433	5	441	9.42e-150	430
CP019286.1_36	CP095494.1_50	52.1	426	197	4	10	429	5	429	8.54e-136	394
CP019286.1_36	SRIF01000015.1_59	48.2	446	214	4	20	448	20	465	2.35e-128	375
CP019286.1_36	JAAOHU010000009.1_56	51.5	396	188	3	58	449	77	472	1.20e-118	351
CP019286.1_36	SJER01000008.1_142	49.1	371	187	2	60	428	100	470	2.49e-109	328
CP019286.1_36	JAJCVI010000007.1_28	45.3	358	194	2	61	416	78	435	2.98e-99	301
CP019286.1_36	Gairdner_NODE_107_length_49922_cov_74.384603_28	38.3	376	204	9	55	425	45	397	1.57e-60	199
CP019286.1_36	FOXI01000018.1_40	37.2	358	203	8	59	412	62	401	1.71e-58	194
CP019286.1_36	JAANTI010000009.1_15	37.2	358	203	8	59	412	62	401	1.71e-58	194
CP019286.1_36	BBJN01000020.1_45	37.2	358	203	8	59	412	56	395	2.91e-58	193
CP019286.1_36	CP101158.1_90	36.4	357	213	6	59	412	81	426	1.40e-54	184
CP019286.1_36	NC_015659.1_86	34.7	409	238	11	13	410	5	395	7.43e-51	173
CP019286.1_36	WSZK01000033.1_23	32.3	362	227	6	54	412	67	413	8.93e-49	168
CP019286.1_36	CP031299.1_26	33.6	402	238	9	19	410	8	390	3.65e-48	166
CP019286.1_36	JDTG01000019.1_99	33.6	402	238	9	19	410	8	390	3.65e-48	166
CP019286.1_36	CP084476.1_54	34.0	415	238	15	13	412	6	399	1.57e-45	159
CP019286.1_36	NC_013748.1_27	32.3	415	238	12	14	410	6	395	4.12e-45	158
CP019286.1_36	LOAJ01000002.1_46	32.5	360	221	9	59	412	77	420	1.40e-43	154
CP019286.1_36	JAJCVI010000002.1_569	31.2	433	264	8	7	421	3	419	1.17e-42	152
CP019286.1_37	AOLZ01000012.1_32	100	332	0	0	1	332	1	332	1.46e-232	630
CP019286.1_37	CP019286.1_37	100	332	0	0	1	332	1	332	1.46e-232	630
CP019286.1_37	FNFE01000011.1_35	74.4	324	80	2	5	328	1	321	8.27e-164	456
CP019286.1_37	CP099999.1_29	63.0	332	118	2	1	332	1	327	4.28e-140	395
CP019286.1_37	CP019329.1_62	59.8	336	128	3	1	332	1	333	2.38e-131	374
CP019286.1_37	LWLN01000003.1_26	61.5	314	120	1	3	316	4	316	1.33e-126	362
CP019286.1_37	JAJCVI010000007.1_27	36.1	299	176	4	15	298	15	313	1.33e-46	157
CP019286.1_38	AOLZ01000012.1_31	100	223	0	0	1	223	1	223	1.07e-159	436
CP019286.1_38	CP019286.1_38	100	223	0	0	1	223	1	223	1.07e-159	436
CP019286.1_38	FNFE01000011.1_34	69.8	202	61	0	17	218	14	215	1.69e-98	281
CP019286.1_38	CP099999.1_30	63.6	206	74	1	13	218	12	216	2.44e-91	263
CP019286.1_38	LWLN01000003.1_25	63.2	212	71	4	13	220	11	219	8.54e-87	252
CP019286.1_38	CP019329.1_63	59.8	224	83	4	1	218	1	223	2.04e-84	246
CP019286.1_38	SJER01000008.1_140	44.6	157	83	3	21	175	12	166	3.36e-39	131
CP019286.1_38	JAAOHU010000009.1_58	44.1	161	86	3	21	179	11	169	4.95e-38	128
CP019286.1_38	SRIF01000015.1_61	40.2	164	96	1	18	179	15	178	4.43e-36	123
CP019286.1_38	JAJCVI010000002.1_567	36.6	164	101	2	23	185	7	168	2.04e-27	99.4
CP019286.1_38	KX906370.1_103	32.7	147	97	1	24	170	24	168	1.56e-26	97.4
CP019286.1_38	KX687704.1_22	32.7	147	97	1	24	170	24	168	4.31e-26	96.3
CP019286.1_38	AOJE01000051.1_25	32.0	147	98	1	24	170	23	167	2.34e-25	94.4
CP019286.1_38	LOAJ01000002.1_48	29.9	147	101	1	24	170	28	172	5.74e-23	88.2
CP019286.1_38	Eyre_NODE_236_length_33155_cov_19.932_30	33.5	158	95	2	22	170	12	168	1.40e-22	88.2
CP019286.1_38	JAJCVI010000007.1_26	30.3	165	110	3	14	175	6	168	2.14e-19	79.7
CP019286.1_38	Eyresouth_NODE_101_length_48437_cov_7.17035_24	30.4	158	100	2	22	170	12	168	5.28e-19	78.6
CP019286.1_38	Frome_NODE_383_length_24936_cov_4.316346_16	30.4	158	100	2	22	170	12	168	5.28e-19	78.6
CP019286.1_38	CP101161.1_3065	31.2	157	105	2	23	178	10	164	1.74e-16	70.5
CP019286.1_38	CP100004.1_15	31.0	145	82	3	42	173	34	173	8.16e-14	63.5
CP019286.1_38	WSZK01000033.1_25	30.1	153	92	7	42	180	34	185	1.83e-09	51.6
CP019286.1_39	AOLZ01000012.1_30	100	80	0	0	1	80	1	80	2.68e-55	161
CP019286.1_39	CP019286.1_39	100	80	0	0	1	80	1	80	2.68e-55	161
CP019286.1_39	CP019329.1_64	70.0	70	21	0	1	70	1	70	6.94e-32	102
CP019286.1_39	FNFE01000011.1_33	64.8	71	25	0	1	71	1	71	4.49e-29	95.1
CP019286.1_39	LWLN01000003.1_24	66.2	65	22	0	1	65	1	65	2.84e-26	88.2
CP019286.1_40	AOLZ01000012.1_29	100	102	0	0	1	102	1	102	2.16e-71	203
CP019286.1_40	CP019286.1_40	100	102	0	0	1	102	1	102	2.16e-71	203
CP019286.1_40	FNFE01000011.1_32	64.9	94	33	0	7	100	10	103	1.46e-47	143
CP019286.1_40	CP019329.1_65	72.7	88	24	0	15	102	18	105	2.07e-47	143
CP019286.1_40	LWLN01000003.1_23	56.5	85	37	0	16	100	19	103	7.76e-36	114
CP019286.1_41	AOLZ01000012.1_28	100	104	0	0	1	104	1	104	3.69e-64	185
CP019286.1_41	CP019286.1_41	100	104	0	0	1	104	1	104	3.69e-64	185
CP019286.1_41	FNFE01000011.1_31	68.0	100	29	1	1	100	1	97	8.23e-40	124
CP019286.1_41	CP019329.1_66	72.0	82	23	0	1	82	1	82	1.80e-33	108
CP019286.1_41	CP099999.1_33	62.2	82	31	0	1	82	1	82	9.08e-29	95.9
CP019286.1_41	LWLN01000003.1_22	57.0	100	40	1	1	100	1	97	1.39e-26	90.5
CP019286.1_42	CP019286.1_42	100	423	0	0	1	423	1	423	5.86e-310	833
CP019286.1_42	AOLZ01000012.1_27	100	419	0	0	1	419	1	419	1.75e-307	828
CP019286.1_42	CP099999.1_34	55.9	422	179	6	1	420	1	417	1.55e-159	452
CP019286.1_42	FNFE01000011.1_30	56.5	391	163	4	21	409	2	387	3.79e-151	430
CP019286.1_42	CP019329.1_67	51.4	426	195	5	1	418	1	422	2.75e-144	414
CP019286.1_42	LWLN01000003.1_21	55.4	294	126	5	121	412	16	306	4.81e-106	312
CP019286.1_42	SJER01000008.1_136	36.0	361	212	8	57	410	63	411	2.00e-60	198
CP019286.1_42	CP119801.1_35	39.3	300	169	6	124	417	6	298	3.98e-60	194
CP019286.1_42	JAAOHU010000009.1_62	35.5	363	207	11	58	409	62	408	4.84e-55	184
CP019286.1_42	BBJN01000020.1_39	38.9	296	164	9	126	413	8	294	7.20e-53	174
CP019286.1_42	FOXI01000018.1_47	38.2	293	167	7	128	413	10	295	6.00e-51	169
CP019286.1_42	JAANTI010000009.1_8	38.2	293	167	7	128	413	10	295	6.00e-51	169
CP019286.1_42	SRIF01000015.1_66	37.0	297	170	5	123	408	4	294	2.10e-50	168
CP019286.1_42	JAJCVI010000007.1_22	32.5	369	217	10	57	405	61	417	1.70e-49	170
CP019286.1_42	CP100004.1_10	38.8	278	152	7	157	423	29	299	2.59e-49	165
CP019286.1_42	Gairdner_NODE_107_length_49922_cov_74.384603_21	37.3	300	171	9	122	413	6	296	1.15e-45	155
CP019286.1_42	LOAJ01000002.1_52	34.0	309	173	9	123	419	9	298	2.66e-44	152
CP019286.1_42	AOJE01000051.1_29	36.1	294	164	10	123	404	9	290	2.73e-44	152
CP019286.1_42	KX906370.1_99	35.0	294	167	9	123	404	9	290	1.48e-43	150
CP019286.1_42	KX687704.1_18	35.0	294	167	9	123	404	9	290	1.10e-42	148
CP019286.1_42	CP084476.1_60	36.3	295	149	11	127	401	4	279	1.30e-42	148
CP019286.1_42	AOJE01000025.1_34	32.0	294	178	9	122	408	4	282	2.02e-37	133
CP019286.1_43	AOLZ01000012.1_26	100	88	0	0	1	88	1	88	1.92e-63	182
CP019286.1_43	CP019286.1_43	100	88	0	0	1	88	1	88	1.92e-63	182
CP019286.1_44	AOLZ01000012.1_25	100	86	0	0	1	86	1	86	3.14e-50	149
CP019286.1_44	CP019286.1_44	100	86	0	0	1	86	1	86	3.14e-50	149
CP019286.1_44	CP019329.1_68	56.0	84	36	1	1	84	1	83	3.51e-24	83.2
CP019286.1_45	AOLZ01000012.1_24	100	64	0	0	1	64	1	64	8.19e-43	128
CP019286.1_45	CP019286.1_45	100	64	0	0	1	64	1	64	8.19e-43	128
CP019286.1_45	CP019329.1_69	68.3	60	19	0	5	64	5	64	2.92e-25	84.3
CP019286.1_45	FNFE01000011.1_28	68.3	60	19	0	5	64	4	63	2.34e-24	82.0
CP019286.1_45	SRIF01000015.1_70	50.0	46	23	0	6	51	6	51	1.08e-06	38.5
CP019286.1_46	AOLZ01000012.1_23	100	237	0	0	1	237	1	237	2.84e-171	467
CP019286.1_46	CP019286.1_46	100	237	0	0	1	237	1	237	2.84e-171	467
CP019286.1_46	CP095494.1_39	49.1	232	115	3	3	232	4	234	2.32e-71	214
CP019286.1_46	CP019329.1_70	48.9	227	111	4	9	230	24	250	1.02e-66	202
CP019286.1_46	LWLN01000003.1_19	51.8	195	92	2	40	232	45	239	1.45e-66	202
CP019286.1_46	FNFE01000011.1_27	45.1	233	123	3	1	231	1	230	3.12e-66	201
CP019286.1_46	CP099999.1_36	45.3	223	114	6	9	228	6	223	1.54e-56	176
CP019286.1_46	NC_015659.1_94	42.8	236	121	9	1	228	1	230	3.65e-54	170
CP019286.1_46	CP084476.1_63	40.8	228	128	5	7	231	32	255	5.02e-48	155
CP019286.1_46	NC_013748.1_18	40.7	231	132	4	1	230	1	227	2.98e-46	149
CP019286.1_47	AOLZ01000012.1_22	100	474	0	0	1	474	1	474	3.00e-269	734
CP019286.1_47	CP019286.1_47	100	474	0	0	1	474	1	474	3.00e-269	734
CP019286.1_47	KX687704.1_10	36.6	350	191	14	127	464	129	459	3.80e-35	132
CP019286.1_47	KX906370.1_91	36.6	350	191	14	127	464	129	459	3.80e-35	132
CP019286.1_47	AOIP01000022.1_24	35.6	250	137	10	226	456	88	332	2.43e-22	93.6
CP019286.1_47	FNFE01000011.1_24	32.6	236	129	8	235	452	94	317	1.33e-21	91.3
CP019286.1_47	NC_015659.1_96	69.8	43	10	1	2	44	51	90	4.26e-07	47.4
CP019286.1_47	CP084476.1_66	56.8	44	16	1	1	44	1	41	3.46e-04	38.1
CP019286.1_48	AOLZ01000012.1_21	100	271	0	0	1	271	1	271	1.08e-201	546
CP019286.1_48	CP019286.1_48	100	271	0	0	1	271	1	271	1.08e-201	546
CP019286.1_48	FNFE01000011.1_21	51.4	282	125	6	1	270	1	282	1.08e-97	284
CP019286.1_48	CP019329.1_78	46.6	277	139	6	1	270	5	279	1.19e-83	248
CP019286.1_48	NC_013748.1_11	44.9	272	138	4	1	266	1	266	1.77e-77	232
CP019286.1_48	CP095494.1_36	47.7	277	131	6	1	270	2	271	4.02e-77	231
CP019286.1_48	NC_015659.1_100	43.9	271	142	5	2	270	8	270	3.70e-75	226
CP019286.1_48	AOIP01000022.1_23	35.1	245	127	12	40	271	33	258	1.95e-31	113
CP019286.1_48	CP084476.1_74	33.5	278	159	10	1	270	1	260	5.97e-31	112
CP019286.1_49	AOLZ01000012.1_20	100	526	0	0	1	526	1	526	0.0	1011
CP019286.1_49	CP019286.1_49	100	526	0	0	1	526	1	526	0.0	1011
CP019286.1_49	CP095494.1_35	59.4	527	211	3	1	524	1	527	1.23e-209	588
CP019286.1_49	NC_015659.1_101	56.0	534	216	6	1	526	1	523	9.02e-181	514
CP019286.1_49	NC_013748.1_10	51.4	527	229	9	1	513	1	514	1.98e-152	442
CP019286.1_49	FNFE01000011.1_20	49.0	525	223	17	3	513	4	497	1.27e-129	383
CP019286.1_49	CP019329.1_79	47.2	528	237	16	3	517	5	503	5.66e-123	366
CP019286.1_49	JAAOHU010000009.1_3	38.3	532	295	14	3	524	6	514	1.41e-81	259
CP019286.1_49	KX687704.1_8	38.4	502	256	14	53	524	73	551	1.41e-73	239
CP019286.1_49	KX906370.1_89	38.4	502	256	14	53	524	73	551	1.41e-73	239
CP019286.1_49	Eyresouth_NODE_101_length_48437_cov_7.17035_10	36.8	484	273	11	53	526	78	538	8.40e-71	231
CP019286.1_49	AOIP01000022.1_22	36.2	536	299	16	3	523	6	513	1.32e-70	230
CP019286.1_49	LOAJ01000002.1_60	38.3	501	259	15	53	524	79	558	2.72e-69	228
CP019286.1_49	CP084476.1_75	38.0	413	239	7	108	516	108	507	1.17e-66	220
CP019286.1_49	JDTG01000019.1_82	38.4	422	236	9	111	524	116	521	1.60e-63	212
CP019286.1_49	AOJE01000051.1_48	48.5	266	130	4	263	524	1	263	8.45e-62	199
CP019286.1_49	CP099999.1_40	34.4	488	270	13	44	513	35	490	1.55e-60	203
CP019286.1_49	Frome_NODE_383_length_24936_cov_4.316346_2	36.7	436	243	11	53	478	78	490	8.09e-60	202
CP019286.1_49	CP119801.1_44	37.0	411	237	9	113	515	120	516	1.64e-59	201
CP019286.1_49	BBJN01000020.1_33	35.6	492	262	19	51	518	64	524	1.27e-49	174
CP019286.1_49	CP031299.1_9	42.2	256	136	5	217	468	3	250	7.56e-45	156
CP019286.1_49	WSZK01000033.1_35	32.2	491	275	18	51	513	60	520	2.20e-42	154
CP019286.1_49	AOIR01000042.1_44	30.5	547	325	14	1	519	38	557	4.06e-42	154
CP019286.1_49	RJJW01000001.1_29	31.3	502	290	16	53	521	64	543	6.98e-42	153
CP019286.1_49	CP101161.1_3056	32.6	485	282	17	51	520	62	516	1.03e-41	152
CP019286.1_50	AOLZ01000012.1_19	100	1230	0	0	1	1230	1	1230	0.0	1973
CP019286.1_50	CP019286.1_50	100	1230	0	0	1	1230	1	1230	0.0	1973
CP019286.1_50	CP095494.1_34	39.4	886	478	25	357	1226	238	1080	8.01e-175	541
CP019286.1_50	CP095494.1_33	40.3	862	464	21	379	1226	371	1195	2.26e-170	533
CP019286.1_50	NC_015659.1_102	38.2	876	486	28	377	1230	274	1116	2.73e-154	488
CP019286.1_50	AOIP01000022.1_21	36.8	853	496	21	363	1198	363	1189	5.14e-154	490
CP019286.1_50	CP019329.1_80	34.9	896	500	25	377	1226	287	1145	4.31e-153	486
CP019286.1_50	CP101158.1_74	39.6	859	456	24	365	1197	356	1177	2.96e-151	483
CP019286.1_50	FNFE01000011.1_19	35.7	865	507	25	378	1226	276	1107	2.87e-145	464
CP019286.1_50	JDTG01000019.1_67	35.8	897	495	29	369	1226	443	1297	1.11e-140	456
CP019286.1_50	NC_013748.1_9	35.8	883	503	29	378	1226	281	1133	7.23e-134	434
CP019286.1_50	CP099999.1_41	35.7	854	487	25	379	1203	347	1167	2.03e-131	429
CP019286.1_50	CP119801.1_45	34.1	879	512	23	371	1226	199	1033	4.09e-131	424
CP019286.1_50	JDTG01000019.1_81	35.7	852	473	29	366	1177	362	1178	1.17e-118	394
CP019286.1_50	CP084476.1_77	31.2	876	535	27	375	1225	44	876	1.23e-102	342
CP019286.1_50	LOAJ01000002.1_61	29.8	877	514	29	382	1193	541	1380	5.01e-83	293
CP019286.1_50	KX687704.1_7	27.8	899	551	28	382	1217	506	1369	3.18e-73	263
CP019286.1_50	KX906370.1_88	27.8	899	551	28	382	1217	506	1369	3.18e-73	263
CP019286.1_50	AOJE01000051.1_50	28.8	892	549	29	382	1217	398	1259	1.14e-69	251
CP019286.1_50	CP101161.1_3055	26.9	839	503	29	425	1202	490	1279	7.80e-57	211
CP019286.1_50	Gairdner_NODE_107_length_49922_cov_74.384603_12	22.4	924	597	31	380	1218	521	1409	3.84e-34	138
CP019286.1_50	CP031299.1_6	32.0	222	139	4	562	781	9	220	1.28e-24	101
CP019286.1_50	FOXI01000018.1_55	26.5	181	117	6	1051	1226	6	175	1.22e-06	45.8
CP019286.1_51	AOLZ01000012.1_18	100	201	0	0	1	201	1	201	2.21e-123	343
CP019286.1_51	CP019286.1_51	100	201	0	0	1	201	1	201	2.21e-123	343
CP019286.1_52	CP019286.1_52	100	636	0	0	1	636	1	636	0.0	1319
CP019286.1_52	AOLZ01000012.1_17	100	618	0	0	19	636	1	618	0.0	1280
CP019286.1_53	AOLZ01000012.1_16	100	221	0	0	1	221	1	221	2.45e-164	448
CP019286.1_53	CP019286.1_53	100	221	0	0	1	221	1	221	2.45e-164	448
CP019286.1_54	AOLZ01000012.1_15	100	66	0	0	1	66	1	66	2.70e-42	127
CP019286.1_54	CP019286.1_54	100	66	0	0	1	66	1	66	2.70e-42	127
CP019286.1_54	FNFE01000011.1_17	81.8	66	11	1	1	66	1	65	3.12e-32	102
CP019286.1_54	Eyresouth_NODE_101_length_48437_cov_7.17035_7	45.0	40	22	0	14	53	3	42	5.51e-07	38.5
CP019286.1_55	AOLZ01000012.1_14	100	69	0	0	1	69	1	69	2.61e-48	142
CP019286.1_55	CP019286.1_55	100	69	0	0	1	69	1	69	2.61e-48	142
CP019286.1_56	AOLZ01000012.1_13	100	353	0	0	1	353	1	353	8.61e-272	731
CP019286.1_56	CP019286.1_56	100	353	0	0	1	353	1	353	8.61e-272	731
CP019286.1_56	KX687704.1_12	27.2	375	237	12	2	347	14	381	2.66e-28	110
CP019286.1_56	KX906370.1_93	27.2	375	237	12	2	347	14	381	2.66e-28	110
CP019286.1_57	CP019286.1_57	100	171	0	0	1	171	1	171	1.48e-120	333
CP019286.1_58	AOLZ01000012.1_12	100	98	0	0	1	98	1	98	9.32e-71	201
CP019286.1_58	CP019286.1_58	100	98	0	0	1	98	1	98	9.32e-71	201
CP019286.1_58	CP084476.1_88	87.1	93	12	0	1	93	1	93	2.95e-60	175
CP019286.1_58	FNFE01000011.1_7	83.9	93	15	0	1	93	1	93	1.16e-57	168
CP019286.1_58	AOIP01000022.1_12	85.4	89	13	0	1	89	1	89	4.30e-57	167
CP019286.1_59	AOLZ01000012.1_11	100	345	0	0	1	345	1	345	2.29e-247	668
CP019286.1_59	CP019286.1_59	100	345	0	0	1	345	1	345	2.29e-247	668
CP019286.1_59	AOIP01000022.1_10	56.3	350	143	3	1	345	1	345	2.50e-132	377
CP019286.1_59	CP099999.1_48	51.0	343	166	2	1	341	1	343	1.71e-113	329
CP019286.1_59	CP084476.1_87	50.6	348	161	3	1	342	1	343	2.56e-107	313
CP019286.1_59	CP101158.1_61	38.6	342	207	3	1	340	33	373	2.78e-79	243
CP019286.1_59	CP101158.1_68	34.4	334	212	4	1	332	1	329	8.34e-58	186
CP019286.1_59	CP019329.1_94	34.7	334	212	5	1	330	9	340	2.27e-56	183
CP019286.1_59	WSZK01000033.1_43	34.3	332	214	3	1	330	1	330	1.73e-54	177
CP019286.1_59	FNFE01000011.1_12	31.7	341	229	3	1	339	1	339	3.52e-51	169
CP019286.1_59	JAJCVI010000002.1_546	33.2	322	197	7	19	331	17	329	4.09e-47	158
CP019286.1_59	QKNW01000002.1_7	30.5	325	220	5	1	323	1	321	6.87e-43	147
CP019286.1_59	Gairdner_NODE_167_length_41210_cov_9.888325_13	28.9	336	231	7	1	334	6	335	6.49e-38	134
CP019286.1_59	SRIF01000015.1_87	30.7	309	202	6	21	323	19	321	4.39e-36	129
CP019286.1_60	AOLZ01000012.1_10	100	389	0	0	1	389	1	389	2.57e-289	778
CP019286.1_60	CP019286.1_60	100	389	0	0	1	389	1	389	2.57e-289	778
CP019286.1_61	AOLZ01000012.1_9	100	130	0	0	1	130	1	130	4.02e-96	268
CP019286.1_61	CP019286.1_61	100	130	0	0	1	130	1	130	4.02e-96	268
CP019286.1_62	AOLZ01000012.1_8	100	391	0	0	1	391	1	391	5.19e-290	780
CP019286.1_62	CP019286.1_62	100	391	0	0	1	391	1	391	5.19e-290	780
CP019286.1_63	AOLZ01000012.1_7	100	188	0	0	1	188	1	188	2.89e-124	344
CP019286.1_63	CP019286.1_63	100	188	0	0	1	188	1	188	2.89e-124	344
CP019286.1_64	CP019286.1_64	100	186	0	0	1	186	1	186	3.42e-131	361
CP019286.1_64	AOLZ01000012.1_6	97.8	186	4	0	1	186	1	186	1.63e-129	357
CP019286.1_65	AOLZ01000012.1_5	100	339	0	0	1	339	1	339	3.11e-242	655
CP019286.1_65	CP019286.1_65	100	339	0	0	1	339	1	339	3.11e-242	655
