CP019329.1_45	CP019329.1_45	100	425	0	0	1	425	1	425	5.48e-316	848
CP019329.1_45	NC_015659.1_78	52.3	419	182	5	6	422	10	412	8.83e-138	397
CP019329.1_45	CP084476.1_42	51.4	420	189	6	4	422	3	408	2.27e-129	375
CP019329.1_45	CP101158.1_102	49.4	409	190	5	14	421	2	394	4.42e-126	366
CP019329.1_45	KX687704.1_34	39.3	415	242	5	9	422	7	412	9.22e-94	284
CP019329.1_45	Eyresouth_NODE_101_length_48437_cov_7.17035_31	38.1	412	236	8	14	421	20	416	1.05e-77	243
CP019329.1_45	Eyre_NODE_236_length_33155_cov_19.932_23	38.1	412	236	8	14	421	20	416	1.11e-77	243
CP019329.1_45	Frome_NODE_383_length_24936_cov_4.316346_23	38.1	412	236	8	14	421	20	416	1.48e-77	243
CP019329.1_46	CP019329.1_46	100	81	0	0	1	81	1	81	1.42e-55	162
CP019329.1_47	CP019329.1_47	100	72	0	0	1	72	1	72	1.54e-46	138
CP019329.1_48	CP019329.1_48	100	1205	0	0	1	1205	1	1205	0.0	2371
CP019329.1_48	CP019329.1_95	38.7	1208	660	22	11	1203	10	1152	7.33e-296	857
CP019329.1_48	AOJE01000025.1_13	28.2	631	357	23	583	1193	687	1241	1.39e-52	197
CP019329.1_49	CP019329.1_49	100	50	0	0	1	50	1	50	9.25e-34	104
CP019329.1_50	CP019329.1_50	100	51	0	0	1	51	1	51	5.93e-35	107
CP019329.1_51	CP019329.1_51	100	57	0	0	1	57	1	57	2.33e-39	119
CP019329.1_52	CP019329.1_52	100	170	0	0	1	170	1	170	1.88e-127	350
CP019329.1_52	AOLZ01000012.1_39	79.4	165	34	0	4	168	2	166	1.58e-98	277
CP019329.1_52	CP019286.1_30	79.4	165	34	0	4	168	2	166	1.58e-98	277
CP019329.1_52	LWLN01000003.1_34	72.1	165	43	2	1	165	1	162	8.64e-86	245
CP019329.1_52	CP084476.1_47	64.2	165	55	2	1	165	1	161	6.47e-74	215
CP019329.1_53	CP019329.1_53	100	292	0	0	1	292	1	292	2.32e-227	613
CP019329.1_53	LWLN01000003.1_33	69.1	262	75	2	29	286	5	264	3.57e-134	377
CP019329.1_53	CP084476.1_49	67.7	263	79	2	28	286	4	264	8.34e-133	373
CP019329.1_53	AOLZ01000012.1_37	68.3	262	77	2	29	286	5	264	3.21e-130	367
CP019329.1_53	CP019286.1_32	68.3	262	77	2	29	286	5	264	3.21e-130	367
CP019329.1_53	CP031299.1_31	68.1	263	77	3	28	286	4	263	2.94e-128	362
CP019329.1_53	JDTG01000019.1_104	68.1	263	77	3	28	286	4	263	2.94e-128	362
CP019329.1_53	SRIF01000015.1_47	51.0	259	114	6	29	280	5	257	3.61e-80	239
CP019329.1_53	Gairdner_NODE_167_length_41210_cov_9.888325_44	51.1	92	45	0	185	276	1	92	1.52e-28	101
CP019329.1_53	CP119801.1_21	50.6	89	44	0	188	276	3	91	1.63e-27	98.6
CP019329.1_54	CP019329.1_54	100	523	0	0	1	523	1	523	0.0	1056
CP019329.1_54	CP119801.1_24	76.9	506	117	0	18	523	12	517	2.57e-298	812
CP019329.1_54	SRIF01000015.1_53	67.4	506	165	0	16	521	4	509	1.43e-258	711
CP019329.1_54	RJJW01000001.1_49	53.4	506	211	3	19	523	9	490	5.23e-196	551
CP019329.1_54	LWLN01000003.1_32	52.2	517	218	5	12	523	7	499	3.83e-183	519
CP019329.1_54	NC_013748.1_31	52.1	518	219	5	11	523	4	497	1.77e-178	507
CP019329.1_54	SJER01000008.1_146	50.1	519	228	5	9	521	7	500	3.39e-175	499
CP019329.1_54	CP031299.1_30	51.3	517	221	6	12	523	5	495	7.10e-175	498
CP019329.1_54	JDTG01000019.1_103	51.3	517	221	6	12	523	5	495	7.10e-175	498
CP019329.1_54	NC_015659.1_82	51.1	511	219	6	19	523	16	501	2.30e-172	492
CP019329.1_54	CP084476.1_50	50.3	517	228	5	12	523	6	498	8.36e-172	490
CP019329.1_54	AOIP01000022.1_38	49.0	547	220	6	12	523	6	528	1.15e-171	491
CP019329.1_54	AOIO01000049.1_114	56.6	159	45	2	12	170	6	140	2.95e-52	171
CP019329.1_55	CP019329.1_55	100	322	0	0	1	322	1	322	6.24e-238	642
CP019329.1_55	CP095494.1_53	69.0	316	98	0	7	322	5	320	4.16e-169	468
CP019329.1_55	CP119801.1_25	65.9	314	107	0	6	319	4	317	9.73e-161	447
CP019329.1_55	SRIF01000015.1_55	50.3	316	154	2	6	319	2	316	3.37e-108	314
CP019329.1_55	AOIO01000049.1_113	41.2	294	169	4	22	314	19	309	7.75e-74	226
CP019329.1_55	AOIP01000022.1_37	40.8	294	170	4	22	314	19	309	1.55e-73	225
CP019329.1_55	NC_015659.1_83	39.0	308	184	4	8	314	5	309	6.17e-73	224
CP019329.1_55	NC_013748.1_30	41.6	291	164	5	26	314	22	308	3.38e-72	222
CP019329.1_55	CP100004.1_23	38.6	321	187	7	4	319	7	322	1.44e-70	218
CP019329.1_55	CP031299.1_29	37.4	305	184	6	12	314	8	307	7.35e-68	211
CP019329.1_55	JDTG01000019.1_102	37.4	305	184	6	12	314	8	307	7.35e-68	211
CP019329.1_55	WSZK01000033.1_20	37.4	313	168	8	17	313	44	344	4.98e-59	189
CP019329.1_55	RJJW01000001.1_47	34.8	316	192	10	7	315	4	312	3.25e-57	183
CP019329.1_55	Eyre_NODE_236_length_33155_cov_19.932_25	34.1	314	184	6	20	315	8	316	5.20e-54	175
CP019329.1_55	Eyresouth_NODE_101_length_48437_cov_7.17035_29	32.8	320	200	6	6	315	2	316	1.45e-53	174
CP019329.1_55	LWLN01000003.1_30	33.3	300	195	3	22	321	9	303	1.61e-53	174
CP019329.1_55	Frome_NODE_383_length_24936_cov_4.316346_21	32.8	320	200	6	6	315	2	316	2.04e-53	174
CP019329.1_55	CP084476.1_51	31.0	300	185	9	22	312	7	293	4.80e-43	146
CP019329.1_56	CP019329.1_56	100	556	0	0	1	556	1	556	0.0	1092
CP019329.1_56	CP019329.1_57	49.8	560	250	5	19	551	141	696	7.83e-183	531
CP019329.1_56	CP100004.1_22	50.8	545	254	6	19	551	128	670	4.57e-181	526
CP019329.1_56	CP119801.1_26	48.9	566	257	5	14	551	130	691	3.98e-179	521
CP019329.1_56	CP095494.1_52	49.5	556	257	5	20	551	139	694	1.73e-178	520
CP019329.1_56	CP031299.1_28	47.0	540	279	3	19	551	128	667	9.26e-168	491
CP019329.1_56	JDTG01000019.1_101	47.0	540	279	3	19	551	128	667	9.26e-168	491
CP019329.1_56	SRIF01000015.1_56	46.7	569	268	6	14	551	128	692	6.06e-167	490
CP019329.1_56	NC_015659.1_84	47.8	534	272	3	25	551	134	667	1.47e-166	488
CP019329.1_56	NC_013748.1_29	47.5	541	272	4	19	552	129	664	5.20e-166	487
CP019329.1_56	RJJW01000001.1_46	46.7	544	274	6	19	551	141	679	2.47e-164	483
CP019329.1_56	Eyresouth_NODE_101_length_48437_cov_7.17035_28	47.7	547	274	5	19	554	160	705	7.09e-162	478
CP019329.1_56	AOIO01000049.1_112	46.8	536	275	5	25	551	135	669	1.38e-161	476
CP019329.1_56	AOIP01000022.1_36	46.5	536	277	5	25	551	135	669	3.89e-161	474
CP019329.1_56	Frome_NODE_383_length_24936_cov_4.316346_20	47.5	547	275	5	19	554	160	705	3.97e-161	476
CP019329.1_56	WSZK01000033.1_21	46.7	548	278	5	18	551	135	682	8.95e-161	474
CP019329.1_56	Eyre_NODE_236_length_33155_cov_19.932_26	47.2	547	277	5	19	554	160	705	3.14e-160	473
CP019329.1_56	AOLZ01000012.1_35	45.2	547	284	6	19	550	153	698	1.87e-152	453
CP019329.1_56	CP019286.1_34	45.2	547	284	6	19	550	153	698	1.87e-152	453
CP019329.1_56	LWLN01000003.1_29	43.9	547	291	6	19	550	157	702	1.76e-147	441
CP019329.1_56	SJER01000008.1_144	43.1	548	295	7	19	550	143	689	4.92e-143	429
CP019329.1_56	CP084476.1_52	44.5	548	286	8	19	550	130	675	6.72e-143	428
CP019329.1_56	JAAOHU010000009.1_54	42.2	562	292	8	19	548	137	697	2.16e-136	412
CP019329.1_56	LOAJ01000002.1_44	41.2	573	299	9	19	555	142	712	3.76e-133	404
CP019329.1_56	QKNW01000002.1_20	41.9	549	281	12	33	555	196	732	1.39e-128	392
CP019329.1_57	CP019329.1_57	100	819	0	0	1	819	1	819	0.0	1622
CP019329.1_57	CP095494.1_52	79.1	804	167	1	13	815	10	813	0.0	1293
CP019329.1_57	CP119801.1_26	73.5	808	213	1	11	817	5	812	0.0	1206
CP019329.1_57	SRIF01000015.1_56	64.6	809	282	4	14	818	6	814	0.0	1038
CP019329.1_57	CP100004.1_22	54.6	815	333	10	13	815	1	790	8.98e-300	839
CP019329.1_57	CP031299.1_28	53.2	803	344	7	20	815	9	786	1.94e-282	795
CP019329.1_57	JDTG01000019.1_101	53.2	803	344	7	20	815	9	786	1.94e-282	795
CP019329.1_57	NC_015659.1_84	53.5	803	342	10	20	815	8	786	1.27e-280	790
CP019329.1_57	NC_013748.1_29	53.7	801	339	10	20	815	9	782	1.27e-279	787
CP019329.1_57	AOIP01000022.1_36	52.3	805	350	8	20	815	9	788	1.78e-278	785
CP019329.1_57	AOIO01000049.1_112	52.2	805	351	8	20	815	9	788	3.58e-278	784
CP019329.1_57	LWLN01000003.1_29	49.5	818	393	9	9	818	23	828	3.17e-266	755
CP019329.1_57	WSZK01000033.1_21	51.2	806	375	8	15	815	12	804	2.60e-264	749
CP019329.1_57	Eyresouth_NODE_101_length_48437_cov_7.17035_28	50.4	810	368	7	23	815	32	824	1.45e-263	748
CP019329.1_57	Frome_NODE_383_length_24936_cov_4.316346_20	50.4	810	368	7	23	815	32	824	2.05e-263	748
CP019329.1_57	Eyre_NODE_236_length_33155_cov_19.932_26	50.1	810	370	8	23	815	32	824	2.34e-262	745
CP019329.1_57	AOLZ01000012.1_35	48.9	828	398	11	3	818	10	824	3.32e-262	744
CP019329.1_57	CP019286.1_34	48.9	828	398	11	3	818	10	824	3.32e-262	744
CP019329.1_57	RJJW01000001.1_46	49.5	824	365	14	19	816	10	808	1.45e-256	729
CP019329.1_57	SJER01000008.1_144	44.3	809	434	8	16	818	16	813	3.86e-231	665
CP019329.1_57	CP084476.1_52	43.9	806	432	10	19	818	8	799	5.62e-213	618
CP019329.1_57	LOAJ01000002.1_44	41.7	835	453	13	3	812	5	830	1.15e-209	610
CP019329.1_57	QKNW01000002.1_20	43.8	829	416	17	15	811	40	850	2.50e-209	610
CP019329.1_57	JAAOHU010000009.1_54	42.1	832	433	15	16	815	9	823	7.26e-208	605
CP019329.1_57	CP101158.1_93	42.5	825	431	12	18	812	12	823	3.58e-206	601
CP019329.1_58	CP019329.1_58	100	115	0	0	1	115	1	115	1.27e-85	240
CP019329.1_59	CP019329.1_59	100	86	0	0	1	86	1	86	7.37e-58	168
CP019329.1_59	FNFE01000011.1_38	65.8	76	26	0	11	86	6	81	1.97e-34	108
CP019329.1_60	CP019329.1_60	100	670	0	0	1	670	1	670	0.0	1248
CP019329.1_60	FNFE01000011.1_37	64.6	663	222	5	5	665	4	655	1.57e-299	827
CP019329.1_60	LWLN01000003.1_28	57.1	708	253	6	5	668	3	703	1.87e-253	712
CP019329.1_60	AOLZ01000012.1_34	58.2	677	251	12	5	662	3	666	1.42e-252	708
CP019329.1_60	CP019286.1_35	58.2	677	251	12	5	662	3	666	1.42e-252	708
CP019329.1_60	CP099999.1_27	52.0	652	255	7	11	659	8	604	4.10e-216	613
CP019329.1_60	CP095494.1_51	40.7	705	358	10	7	657	5	703	1.45e-138	418
CP019329.1_60	CP119801.1_28	40.5	660	326	10	4	656	2	601	1.76e-131	396
CP019329.1_60	SRIF01000015.1_58	36.4	640	378	8	24	652	20	641	4.17e-115	355
CP019329.1_60	SJER01000008.1_143	33.0	657	412	11	9	656	9	646	2.14e-89	288
CP019329.1_60	JAAOHU010000009.1_55	39.8	329	194	4	321	645	214	542	3.25e-71	237
CP019329.1_60	JAJCVI010000007.1_29	39.8	349	200	6	300	645	283	624	7.30e-67	227
CP019329.1_60	FOXI01000018.1_39	32.5	302	185	3	355	646	221	513	6.35e-34	132
CP019329.1_60	JAANTI010000009.1_16	32.5	302	185	3	355	646	221	513	6.35e-34	132
CP019329.1_60	Gairdner_NODE_107_length_49922_cov_74.384603_29	27.3	344	226	4	311	647	235	561	3.24e-29	118
CP019329.1_60	RJJW01000001.1_45	24.7	668	412	23	8	638	37	650	4.68e-26	108
CP019329.1_60	BBJN01000020.1_46	32.9	225	147	1	355	575	220	444	6.53e-26	108
CP019329.1_61	CP019329.1_61	100	475	0	0	1	475	1	475	7.32e-319	860
CP019329.1_61	AOLZ01000012.1_33	63.3	477	145	5	1	475	1	449	5.17e-198	553
CP019329.1_61	CP019286.1_36	63.3	477	145	5	1	475	1	449	5.17e-198	553
CP019329.1_61	FNFE01000011.1_36	61.4	477	158	3	1	475	1	453	2.79e-196	549
CP019329.1_61	CP099999.1_28	67.8	395	118	2	85	475	56	445	3.87e-182	513
CP019329.1_61	LWLN01000003.1_27	56.7	469	172	1	7	475	7	444	3.07e-176	498
CP019329.1_61	CP119801.1_29	46.4	468	231	4	7	468	2	455	2.20e-131	384
CP019329.1_61	CP095494.1_50	50.5	372	183	1	85	455	58	429	9.66e-123	362
CP019329.1_61	SRIF01000015.1_59	50.7	363	178	1	85	446	67	429	6.92e-118	350
CP019329.1_61	JAAOHU010000009.1_56	48.4	395	200	3	85	475	78	472	5.19e-110	330
CP019329.1_61	SJER01000008.1_142	46.4	366	194	2	86	449	100	465	1.12e-102	311
CP019329.1_61	JAJCVI010000007.1_28	44.3	359	198	2	86	442	77	435	7.76e-91	280
CP019329.1_61	Gairdner_NODE_107_length_49922_cov_74.384603_28	36.1	363	204	10	85	438	49	392	3.97e-53	180
CP019329.1_61	CP101158.1_90	36.1	363	206	10	85	438	81	426	7.31e-51	174
CP019329.1_61	WSZK01000033.1_23	33.9	357	218	6	85	438	72	413	1.11e-50	174
CP019329.1_61	CP100004.1_17	32.8	366	228	7	85	447	57	407	1.75e-50	173
CP019329.1_61	FOXI01000018.1_40	34.5	359	211	9	85	438	62	401	5.67e-49	169
CP019329.1_61	JAANTI010000009.1_15	34.5	359	211	9	85	438	62	401	5.67e-49	169
CP019329.1_61	BBJN01000020.1_45	34.0	359	213	9	85	438	56	395	5.03e-48	166
CP019329.1_61	NC_013748.1_27	33.3	354	218	4	84	436	59	395	1.35e-46	162
CP019329.1_61	CP084476.1_54	31.4	430	255	11	13	438	6	399	7.04e-45	158
CP019329.1_61	AOIO01000049.1_110	31.5	426	251	7	12	436	4	389	2.27e-44	156
CP019329.1_61	AOIP01000022.1_34	31.0	426	253	7	12	436	4	389	8.38e-44	155
CP019329.1_61	NC_015659.1_86	30.1	422	260	7	16	436	8	395	1.81e-43	154
CP019329.1_61	AOJE01000025.1_39	33.5	334	201	8	109	438	96	412	1.60e-41	149
CP019329.1_62	CP019329.1_62	100	333	0	0	1	333	1	333	3.18e-232	629
CP019329.1_62	FNFE01000011.1_35	63.2	318	117	0	5	322	1	318	3.62e-139	393
CP019329.1_62	AOLZ01000012.1_32	59.8	336	128	3	1	333	1	332	3.90e-130	370
CP019329.1_62	CP019286.1_37	59.8	336	128	3	1	333	1	332	3.90e-130	370
CP019329.1_62	CP099999.1_29	58.8	318	130	1	1	318	1	317	7.16e-127	362
CP019329.1_62	LWLN01000003.1_26	58.0	314	132	0	3	316	4	317	2.62e-119	343
CP019329.1_62	CP119801.1_30	40.7	307	175	3	1	300	1	307	4.10e-67	210
CP019329.1_62	CP095494.1_49	38.6	308	182	3	1	301	1	308	1.23e-62	199
CP019329.1_62	SRIF01000015.1_60	36.9	301	181	4	1	293	1	300	8.05e-50	166
CP019329.1_63	CP019329.1_63	100	228	0	0	1	228	1	228	1.29e-158	434
CP019329.1_63	AOLZ01000012.1_31	59.8	224	83	4	1	223	1	218	2.78e-82	241
CP019329.1_63	CP019286.1_38	59.8	224	83	4	1	223	1	218	2.78e-82	241
CP019329.1_63	CP099999.1_30	54.2	225	94	3	1	224	1	217	1.80e-75	223
CP019329.1_63	FNFE01000011.1_34	56.8	206	85	2	19	224	15	216	8.12e-74	219
CP019329.1_63	LWLN01000003.1_25	50.9	226	101	4	1	224	1	218	1.73e-65	198
CP019329.1_63	SRIF01000015.1_61	36.8	171	106	1	12	180	8	178	2.60e-32	113
CP019329.1_63	JAAOHU010000009.1_58	42.2	166	91	4	12	175	2	164	3.44e-32	113
CP019329.1_63	SJER01000008.1_140	39.7	156	90	3	22	175	12	165	1.60e-29	106
CP019329.1_63	LOAJ01000002.1_48	30.6	147	100	1	25	171	28	172	6.74e-22	85.5
CP019329.1_63	Eyresouth_NODE_101_length_48437_cov_7.17035_24	30.0	150	103	1	22	171	21	168	5.26e-16	70.5
CP019329.1_63	Frome_NODE_383_length_24936_cov_4.316346_16	30.0	150	103	1	22	171	21	168	5.26e-16	70.5
CP019329.1_63	CP100004.1_15	30.5	141	88	3	43	174	34	173	1.69e-13	62.8
CP019329.1_64	CP019329.1_64	100	86	0	0	1	86	1	86	1.88e-60	174
CP019329.1_64	AOLZ01000012.1_30	70.0	70	21	0	1	70	1	70	3.70e-32	103
CP019329.1_64	CP019286.1_39	70.0	70	21	0	1	70	1	70	3.70e-32	103
CP019329.1_64	FNFE01000011.1_33	57.5	73	31	0	1	73	1	73	3.83e-27	90.5
CP019329.1_64	CP099999.1_31	63.6	66	24	0	8	73	40	105	2.66e-25	86.7
CP019329.1_65	CP019329.1_65	100	105	0	0	1	105	1	105	1.49e-77	219
CP019329.1_65	FNFE01000011.1_32	62.9	105	39	0	1	105	1	105	7.32e-51	152
CP019329.1_65	AOLZ01000012.1_29	68.4	95	30	0	9	103	6	100	4.50e-49	147
CP019329.1_65	CP019286.1_40	68.4	95	30	0	9	103	6	100	4.50e-49	147
CP019329.1_65	LWLN01000003.1_23	53.4	103	48	0	1	103	1	103	4.31e-43	132
CP019329.1_65	CP119801.1_33	35.5	93	49	2	12	100	6	91	1.12e-17	67.8
CP019329.1_65	CP095494.1_46	25.0	92	62	1	9	100	7	91	2.07e-12	54.3
CP019329.1_66	CP019329.1_66	100	109	0	0	1	109	1	109	2.23e-56	166
CP019329.1_66	FNFE01000011.1_31	74.4	82	21	0	1	82	1	82	6.38e-36	114
CP019329.1_66	AOLZ01000012.1_28	72.0	82	23	0	1	82	1	82	9.37e-34	108
CP019329.1_66	CP019286.1_41	72.0	82	23	0	1	82	1	82	9.37e-34	108
CP019329.1_66	CP099999.1_33	58.5	82	34	0	1	82	1	82	1.55e-28	95.5
CP019329.1_66	LWLN01000003.1_22	56.8	88	37	1	1	87	1	88	1.11e-24	85.9
CP019329.1_67	CP019329.1_67	100	437	0	0	1	437	1	437	2.72e-313	843
CP019329.1_67	FNFE01000011.1_30	63.1	406	139	5	21	425	2	397	7.26e-177	496
CP019329.1_67	CP099999.1_34	52.3	415	186	7	9	421	9	413	3.64e-144	414
CP019329.1_67	CP019286.1_42	51.4	426	195	5	1	422	1	418	9.26e-143	410
CP019329.1_67	AOLZ01000012.1_27	51.4	426	195	5	1	422	1	418	2.51e-142	410
CP019329.1_67	LWLN01000003.1_21	53.2	316	134	8	103	416	1	304	2.79e-103	306
CP019329.1_67	CP119801.1_35	39.1	294	169	5	119	411	3	287	8.81e-63	201
CP019329.1_67	CP095494.1_44	38.8	291	168	3	122	411	5	286	7.80e-60	193
CP019329.1_67	JAAOHU010000009.1_62	34.6	399	235	13	25	416	30	409	2.30e-57	191
CP019329.1_67	WSZK01000033.1_29	36.1	299	172	8	119	411	3	288	1.56e-46	159
CP019329.1_67	BBJN01000020.1_39	36.7	259	150	7	160	413	38	287	1.10e-43	150
CP019329.1_67	Gairdner_NODE_107_length_49922_cov_74.384603_21	35.3	289	168	10	124	407	10	284	1.66e-43	150
CP019329.1_67	CP084476.1_60	36.3	262	150	7	160	414	35	286	4.55e-43	149
CP019329.1_67	AOIP01000022.1_28	34.1	290	172	7	124	407	4	280	4.66e-43	149
CP019329.1_67	FOXI01000018.1_47	34.5	290	176	7	129	413	8	288	5.99e-43	149
CP019329.1_67	JAANTI010000009.1_8	34.5	290	176	7	129	413	8	288	5.99e-43	149
CP019329.1_67	AOIO01000049.1_99	32.1	290	183	6	121	407	3	281	2.51e-42	147
CP019329.1_67	CP031299.1_20	36.1	255	148	7	160	407	36	282	3.58e-42	147
CP019329.1_67	JDTG01000019.1_93	36.1	255	148	7	160	407	36	282	3.58e-42	147
CP019329.1_67	LOAJ01000002.1_52	32.0	303	184	6	115	410	3	290	1.01e-41	145
CP019329.1_67	NC_013748.1_21	31.3	297	184	8	122	407	4	291	2.34e-39	140
CP019329.1_67	NC_015659.1_92	30.2	295	195	5	124	414	5	292	3.54e-39	139
CP019329.1_67	Frome_NODE_383_length_24936_cov_4.316346_12	28.4	299	203	5	119	411	12	305	6.40e-35	127
CP019329.1_67	Eyre_NODE_236_length_33155_cov_19.932_34	28.1	302	208	5	113	411	6	301	1.56e-34	126
CP019329.1_67	Eyresouth_NODE_101_length_48437_cov_7.17035_20	29.1	299	201	5	119	411	12	305	2.35e-34	126
CP019329.1_68	CP019329.1_68	100	85	0	0	1	85	1	85	2.14e-52	154
CP019329.1_68	AOLZ01000012.1_25	56.0	84	36	1	1	83	1	84	1.04e-25	87.0
CP019329.1_68	CP019286.1_44	56.0	84	36	1	1	83	1	84	1.04e-25	87.0
CP019329.1_68	LWLN01000003.1_20	37.8	82	49	1	4	83	3	84	5.33e-11	49.7
CP019329.1_69	CP019329.1_69	100	64	0	0	1	64	1	64	2.85e-43	129
CP019329.1_69	FNFE01000011.1_28	76.2	63	15	0	2	64	1	63	1.91e-32	102
CP019329.1_69	AOLZ01000012.1_24	65.6	64	22	0	1	64	1	64	1.23e-26	87.8
CP019329.1_69	CP019286.1_45	65.6	64	22	0	1	64	1	64	1.23e-26	87.8
CP019329.1_70	CP019329.1_70	100	254	0	0	1	254	1	254	1.58e-181	494
CP019329.1_70	FNFE01000011.1_27	55.0	229	97	3	25	253	10	232	3.90e-79	234
CP019329.1_70	CP095494.1_39	50.7	229	107	4	24	251	10	233	5.24e-72	216
CP019329.1_70	AOLZ01000012.1_23	46.5	230	118	2	24	253	9	233	6.19e-66	201
CP019329.1_70	CP019286.1_46	46.5	230	118	2	24	253	9	233	6.19e-66	201
CP019329.1_70	CP099999.1_36	45.3	232	114	7	21	249	3	224	2.72e-56	176
CP019329.1_70	LWLN01000003.1_19	45.6	193	102	3	60	250	46	237	2.95e-54	171
CP019329.1_70	CP031299.1_17	42.5	228	124	4	23	250	5	225	1.71e-52	166
CP019329.1_70	JDTG01000019.1_90	42.5	228	124	4	23	250	5	225	1.71e-52	166
CP019329.1_70	CP084476.1_63	42.9	231	124	4	21	250	31	254	1.57e-51	164
CP019329.1_70	NC_015659.1_94	43.2	229	118	7	24	248	10	230	1.82e-50	161
CP019329.1_70	NC_013748.1_18	44.0	193	105	3	58	250	38	227	3.63e-49	157
CP019329.1_71	CP019329.1_71	100	180	0	0	1	180	1	180	2.17e-131	361
CP019329.1_71	FNFE01000011.1_25	47.6	124	62	2	55	178	11	131	1.29e-32	109
CP019329.1_72	CP019329.1_72	100	354	0	0	1	354	1	354	9.74e-233	632
CP019329.1_72	FNFE01000011.1_24	50.1	345	157	10	13	353	1	334	7.65e-85	256
CP019329.1_72	LWLN01000003.1_16	40.2	338	186	8	17	342	17	350	2.79e-57	186
CP019329.1_72	AOIP01000022.1_24	38.8	348	191	8	5	342	5	340	1.75e-56	183
CP019329.1_72	CP095494.1_37	35.6	343	208	7	6	344	6	339	1.34e-44	152
CP019329.1_72	CP099999.1_38	36.1	233	141	6	102	331	93	320	7.52e-30	113
CP019329.1_72	AOIO01000049.1_95	30.1	316	190	9	6	312	6	299	1.31e-16	75.5
CP019329.1_73	CP019329.1_73	100	376	0	0	1	376	1	376	4.34e-279	751
CP019329.1_74	CP019329.1_74	100	247	0	0	1	247	1	247	1.85e-181	493
CP019329.1_75	CP019329.1_75	100	255	0	0	1	255	1	255	3.59e-183	498
CP019329.1_76	CP019329.1_76	100	439	0	0	1	439	1	439	0.0	882
CP019329.1_77	CP019329.1_77	100	400	0	0	1	400	1	400	8.61e-227	621
CP019329.1_77	FNFE01000011.1_22	54.3	363	161	3	14	376	15	372	6.76e-129	372
CP019329.1_77	NC_015659.1_99	43.5	246	132	4	125	366	111	353	2.75e-61	197
CP019329.1_77	CP101158.1_76	26.2	229	149	4	153	363	53	279	2.44e-21	89.0
CP019329.1_77	CP100004.1_2	27.2	202	122	5	151	339	29	218	3.30e-16	73.6
CP019329.1_78	CP019329.1_78	100	282	0	0	1	282	1	282	4.00e-223	602
CP019329.1_78	FNFE01000011.1_21	68.1	288	75	9	5	280	1	283	6.48e-138	386
CP019329.1_78	NC_015659.1_100	46.6	283	135	9	1	280	2	271	9.87e-81	241
CP019329.1_78	AOLZ01000012.1_21	46.6	277	139	6	5	279	1	270	1.86e-80	240
CP019329.1_78	CP019286.1_48	46.6	277	139	6	5	279	1	270	1.86e-80	240
CP019329.1_78	NC_013748.1_11	46.0	278	133	10	7	280	3	267	1.76e-72	219
CP019329.1_78	CP095494.1_36	46.5	284	131	12	5	280	2	272	1.45e-69	212
CP019329.1_78	CP084476.1_74	38.8	242	131	10	46	280	30	261	2.26e-40	137
CP019329.1_79	CP019329.1_79	100	504	0	0	1	504	1	504	0.0	984
CP019329.1_79	FNFE01000011.1_20	70.2	500	146	2	4	502	3	500	3.11e-248	684
CP019329.1_79	NC_013748.1_10	52.1	520	222	11	5	502	3	517	2.96e-159	458
CP019329.1_79	AOLZ01000012.1_20	47.0	528	238	15	5	503	3	517	7.62e-126	373
CP019329.1_79	CP019286.1_49	47.0	528	238	15	5	503	3	517	7.62e-126	373
CP019329.1_79	NC_015659.1_101	45.5	527	244	13	5	503	3	514	1.96e-125	372
CP019329.1_79	CP095494.1_35	45.0	529	250	15	5	503	3	520	9.14e-122	363
CP019329.1_79	JAAOHU010000009.1_3	36.7	526	284	16	4	503	5	507	1.05e-71	233
CP019329.1_79	LOAJ01000002.1_60	34.1	505	271	12	45	503	63	551	2.62e-63	211
CP019329.1_79	Eyresouth_NODE_101_length_48437_cov_7.17035_10	37.6	484	246	20	50	503	72	529	1.25e-62	209
CP019329.1_79	KX687704.1_8	33.9	484	260	14	55	496	72	537	6.50e-59	199
CP019329.1_79	KX906370.1_89	33.9	484	260	14	55	496	72	537	6.50e-59	199
CP019329.1_79	CP099999.1_40	35.0	515	271	18	4	491	5	482	2.64e-58	197
CP019329.1_79	AOIP01000022.1_22	33.5	550	275	22	2	500	3	512	3.14e-57	194
CP019329.1_79	JDTG01000019.1_82	33.8	530	289	16	5	499	8	510	7.71e-55	188
CP019329.1_79	Frome_NODE_383_length_24936_cov_4.316346_2	37.1	445	224	20	50	464	72	490	1.24e-50	177
CP019329.1_79	CP101158.1_75	34.2	483	260	18	57	500	57	520	4.18e-49	172
CP019329.1_79	AOJE01000051.1_48	44.1	238	119	3	270	496	15	249	1.51e-47	161
CP019329.1_79	SJER01000008.1_128	30.0	503	287	19	51	503	42	529	5.40e-45	161
CP019329.1_79	Gairdner_NODE_107_length_49922_cov_74.384603_13	33.7	445	232	21	56	465	61	477	2.17e-41	151
CP019329.1_79	CP119801.1_44	33.7	368	204	10	160	499	159	514	7.81e-41	149
CP019329.1_79	RJJW01000001.1_29	29.8	507	280	21	49	503	57	539	1.91e-39	146
CP019329.1_79	Eyre_NODE_236_length_33155_cov_19.932_44	40.6	249	130	4	270	503	3	248	4.88e-39	138
CP019329.1_79	FOXI01000018.1_54	29.4	517	279	23	44	503	33	520	7.16e-39	144
CP019329.1_79	CP031299.1_9	38.8	255	138	5	224	463	8	259	2.43e-37	135
CP019329.1_80	CP019329.1_80	100	1149	0	0	1	1149	1	1149	0.0	2239
CP019329.1_80	FNFE01000011.1_19	54.0	1136	457	23	28	1149	28	1111	0.0	1070
CP019329.1_80	NC_015659.1_102	44.4	1167	562	31	9	1145	2	1111	2.34e-297	857
CP019329.1_80	NC_013748.1_9	42.5	1096	546	28	91	1145	81	1133	1.29e-260	764
CP019329.1_80	AOIO01000049.1_89	37.1	1043	572	23	98	1112	67	1053	1.34e-215	646
CP019329.1_80	CP095494.1_34	35.8	1143	613	27	31	1145	31	1080	2.65e-200	606
CP019329.1_80	CP095494.1_33	39.3	867	474	14	289	1145	371	1195	8.37e-199	605
CP019329.1_80	CP119801.1_45	34.8	1086	604	32	94	1146	21	1035	2.30e-169	523
CP019329.1_80	AOIP01000022.1_21	37.8	876	484	17	289	1145	379	1212	9.63e-169	527
CP019329.1_80	JDTG01000019.1_67	37.2	879	478	19	286	1131	451	1288	6.16e-161	508
CP019329.1_80	AOLZ01000012.1_19	35.5	895	494	27	288	1145	378	1226	6.06e-148	472
CP019329.1_80	CP019286.1_50	35.5	895	494	27	288	1145	378	1226	6.06e-148	472
CP019329.1_80	JDTG01000019.1_81	33.7	891	518	21	289	1145	375	1226	6.36e-138	445
CP019329.1_80	CP084476.1_77	34.5	880	503	23	288	1144	47	876	2.50e-134	426
CP019329.1_80	JAAOHU010000009.1_4	33.6	851	487	20	288	1119	413	1204	1.57e-132	431
CP019329.1_80	CP101158.1_74	31.0	864	509	26	286	1114	367	1178	6.16e-96	328
CP019329.1_80	CP099999.1_41	29.8	883	510	26	289	1121	347	1169	3.05e-91	315
CP019329.1_80	LWLN01000003.1_13	32.0	778	460	29	364	1112	388	1125	1.24e-75	268
CP019329.1_80	LOAJ01000002.1_61	27.9	928	501	37	285	1118	534	1387	1.12e-74	267
CP019329.1_80	Gairdner_NODE_167_length_41210_cov_9.888325_32	28.3	840	517	22	289	1097	574	1359	3.45e-74	265
CP019329.1_80	AOJE01000051.1_50	25.9	892	542	28	292	1120	398	1233	2.82e-60	221
CP019329.1_80	AOIR01000042.1_43	26.6	881	564	28	267	1118	352	1178	1.37e-48	184
CP019329.1_80	CP031299.1_6	36.5	244	149	3	496	734	9	251	8.37e-42	151
CP019329.1_80	SJER01000008.1_127	31.1	312	173	13	372	665	608	895	1.51e-25	110
CP019329.1_81	CP019329.1_81	100	215	0	0	1	215	1	215	3.47e-152	417
CP019329.1_81	NC_015659.1_103	45.7	197	103	4	14	206	12	208	2.47e-45	146
CP019329.1_81	CP119801.1_46	40.0	200	100	7	14	207	12	197	4.57e-31	108
CP019329.1_81	NC_013748.1_8	28.5	130	81	5	69	193	37	159	3.71e-07	44.3
CP019329.1_81	CP084476.1_79	26.3	133	86	5	69	196	46	171	4.69e-06	41.2
CP019329.1_81	FNFE01000011.1_18	26.9	130	83	5	69	193	61	183	1.30e-05	40.0
CP019329.1_82	CP019329.1_82	100	81	0	0	1	81	1	81	6.02e-57	165
CP019329.1_83	CP019329.1_83	100	135	0	0	1	135	1	135	1.38e-103	287
CP019329.1_84	CP019329.1_84	100	48	0	0	1	48	1	48	5.15e-28	90.1
CP019329.1_85	CP019329.1_85	100	133	0	0	1	133	1	133	4.47e-99	276
CP019329.1_85	JDTG01000019.1_73	80.0	120	24	0	9	128	57	176	1.28e-72	211
CP019329.1_85	CP084476.1_83	77.6	125	28	0	9	133	57	181	1.81e-72	210
CP019329.1_85	LWLN01000003.1_5	79.2	120	25	0	9	128	57	176	3.65e-72	209
CP019329.1_85	CP095494.1_30	75.0	120	30	0	9	128	57	176	7.73e-67	196
CP019329.1_85	CP119801.1_53	75.0	120	30	0	9	128	57	176	3.64e-65	192
CP019329.1_86	CP019329.1_86	100	99	0	0	1	99	1	99	4.09e-70	200
CP019329.1_86	CP119801.1_57	35.5	93	58	2	6	96	7	99	1.15e-13	57.4
CP019329.1_86	CP084476.1_89	36.0	86	47	3	18	95	1	86	2.38e-07	40.8
CP019329.1_86	AOIR01000042.1_58	32.5	77	45	1	16	85	8	84	3.44e-06	37.7
CP019329.1_87	CP019329.1_87	100	89	0	0	1	89	1	89	8.42e-63	181
CP019329.1_88	CP019329.1_88	100	252	0	0	1	252	1	252	1.00e-192	522
CP019329.1_88	AOIO01000049.1_76	53.0	183	55	4	101	252	9	191	5.28e-53	166
CP019329.1_89	CP019329.1_89	100	234	0	0	1	234	1	234	9.63e-182	493
CP019329.1_89	AOIO01000049.1_75	72.8	224	61	0	1	224	1	224	2.33e-129	360
CP019329.1_90	CP019329.1_90	100	299	0	0	1	299	1	299	1.06e-174	481
CP019329.1_91	CP019329.1_91	100	173	0	0	1	173	1	173	7.25e-113	314
CP019329.1_92	CP019329.1_92	100	90	0	0	1	90	1	90	2.93e-59	172
CP019329.1_93	CP019329.1_93	100	99	0	0	1	99	1	99	1.48e-72	206
CP019329.1_94	CP019329.1_94	100	352	0	0	1	352	1	352	5.24e-252	681
CP019329.1_94	FNFE01000011.1_12	38.1	333	204	2	9	341	1	331	4.78e-69	216
CP019329.1_94	CP099999.1_48	38.5	340	201	7	9	344	1	336	1.87e-63	201
CP019329.1_94	CP101158.1_68	36.0	328	205	3	16	343	8	330	3.93e-61	195
CP019329.1_94	AOLZ01000012.1_11	34.8	322	206	4	23	344	17	334	2.32e-56	183
CP019329.1_94	CP019286.1_59	34.8	322	206	4	23	344	17	334	2.32e-56	183
CP019329.1_94	CP084476.1_87	35.5	344	205	6	9	344	1	335	3.94e-54	177
CP019329.1_94	CP101158.1_61	34.9	338	213	6	8	342	32	365	2.58e-53	176
CP019329.1_95	CP019329.1_95	100	1156	0	0	1	1156	1	1156	0.0	2254
CP019329.1_95	CP019329.1_48	39.1	1206	655	23	12	1152	13	1203	4.97e-299	865
CP019329.1_95	AOJE01000025.1_13	27.6	597	387	20	567	1142	669	1241	2.25e-53	199
