CP031299.1_1	CP031299.1_1	100	53	0	0	1	53	1	53	3.25e-33	103
CP031299.1_1	JDTG01000019.1_78	100	53	0	0	1	53	1	53	3.25e-33	103
CP031299.1_2	CP031299.1_2	100	105	0	0	1	105	1	105	7.38e-78	220
CP031299.1_2	JDTG01000019.1_79	100	94	0	0	1	94	1	94	2.84e-68	200
CP031299.1_2	CP095494.1_32	76.6	94	22	0	1	94	1	94	6.72e-52	158
CP031299.1_2	LWLN01000003.1_12	59.8	92	34	2	6	94	5	96	3.60e-33	110
CP031299.1_3	CP031299.1_3	100	118	0	0	1	118	1	118	1.92e-86	243
CP031299.1_3	JDTG01000019.1_79	100	108	0	0	11	118	116	223	5.21e-77	223
CP031299.1_3	CP095494.1_32	87.7	106	12	1	11	116	116	220	1.37e-62	186
CP031299.1_3	LWLN01000003.1_12	63.0	108	39	1	11	118	118	224	2.25e-41	132
CP031299.1_4	CP031299.1_4	100	254	0	0	1	254	1	254	3.18e-75	225
CP031299.1_4	JDTG01000019.1_81	100	235	0	0	1	235	1	235	4.18e-67	220
CP031299.1_4	JDTG01000019.1_67	42.9	105	41	2	15	102	49	151	1.41e-12	62.8
CP031299.1_4	CP095494.1_34	41.7	72	29	3	1	60	1	71	7.01e-05	39.3
CP031299.1_4	FNFE01000011.1_19	52.9	34	16	0	17	50	27	60	2.19e-04	37.7
CP031299.1_5	CP031299.1_5	100	105	0	0	1	105	1	105	2.04e-75	214
CP031299.1_6	CP031299.1_6	100	310	0	0	1	310	1	310	4.95e-213	578
CP031299.1_6	JDTG01000019.1_81	96.4	251	8	1	1	250	548	798	9.48e-156	462
CP031299.1_6	CP084476.1_77	60.9	253	90	4	3	250	205	453	1.10e-90	284
CP031299.1_6	CP095494.1_33	60.6	246	91	3	8	251	540	781	2.81e-87	279
CP031299.1_6	CP119801.1_45	59.6	245	95	2	8	251	375	616	3.20e-87	277
CP031299.1_6	CP095494.1_34	57.5	247	99	3	6	250	423	665	6.55e-83	266
CP031299.1_6	AOIP01000022.1_21	52.9	244	111	2	8	250	561	801	4.77e-76	248
CP031299.1_6	JDTG01000019.1_67	52.7	243	111	2	8	249	636	875	5.06e-72	237
CP031299.1_6	JAAOHU010000009.1_4	44.6	240	129	2	11	249	583	819	6.99e-57	193
CP031299.1_6	NC_015659.1_102	42.7	232	127	3	19	249	465	691	6.79e-51	176
CP031299.1_6	FNFE01000011.1_19	39.8	251	141	4	4	251	450	693	1.46e-47	166
CP031299.1_6	AOIO01000049.1_89	38.7	243	143	3	8	249	434	671	9.12e-47	164
CP031299.1_6	NC_013748.1_9	38.5	257	145	4	1	249	465	716	7.89e-46	161
CP031299.1_6	CP019329.1_80	36.5	244	149	3	9	251	496	734	1.92e-41	149
CP031299.1_6	CP101158.1_74	31.9	210	120	4	9	195	551	760	1.93e-27	108
CP031299.1_6	AOLZ01000012.1_19	31.4	229	145	4	9	227	562	788	2.39e-25	102
CP031299.1_6	CP019286.1_50	31.4	229	145	4	9	227	562	788	2.39e-25	102
CP031299.1_6	CP099999.1_41	33.8	219	120	7	2	197	524	740	1.45e-24	99.8
CP031299.1_6	BBJN01000020.1_32	28.0	207	141	5	16	219	744	945	1.15e-16	76.3
CP031299.1_7	CP031299.1_7	100	151	0	0	1	151	1	151	3.78e-102	285
CP031299.1_7	JDTG01000019.1_81	91.1	124	10	1	1	123	971	1094	4.95e-67	215
CP031299.1_7	CP084476.1_77	59.7	124	46	2	1	123	624	744	6.50e-41	140
CP031299.1_7	AOIP01000022.1_21	55.6	124	51	2	1	123	960	1080	8.45e-38	132
CP031299.1_7	CP119801.1_45	52.9	121	53	2	4	123	778	895	1.08e-32	117
CP031299.1_7	JDTG01000019.1_67	40.5	121	67	3	3	121	1048	1165	2.26e-19	79.3
CP031299.1_8	CP031299.1_8	100	159	0	0	1	159	1	159	3.32e-118	326
CP031299.1_8	JDTG01000019.1_82	78.2	147	20	2	1	141	44	184	2.20e-69	214
CP031299.1_8	CP119801.1_44	50.3	153	61	4	2	148	48	191	4.64e-38	131
CP031299.1_9	CP031299.1_9	100	310	0	0	1	310	1	310	3.12e-216	587
CP031299.1_9	JDTG01000019.1_82	88.2	313	32	2	1	310	216	526	4.13e-179	501
CP031299.1_9	CP084476.1_75	75.7	259	63	0	1	259	210	468	7.17e-130	375
CP031299.1_9	AOIP01000022.1_22	72.8	254	67	1	6	259	215	466	1.03e-115	339
CP031299.1_9	CP119801.1_44	68.6	261	80	1	1	259	218	478	4.10e-109	323
CP031299.1_9	CP099999.1_40	58.7	254	93	4	14	259	205	454	3.64e-81	250
CP031299.1_9	CP101158.1_75	51.1	266	116	6	3	259	223	483	2.70e-64	207
CP031299.1_9	Frome_NODE_383_length_24936_cov_4.316346_2	42.4	257	146	2	3	259	235	489	6.70e-53	177
CP031299.1_9	Gairdner_NODE_167_length_41210_cov_9.888325_31	42.2	306	142	7	13	297	234	525	4.97e-49	167
CP031299.1_9	Gairdner_NODE_107_length_49922_cov_74.384603_13	45.3	258	125	9	13	259	223	475	8.12e-48	163
CP031299.1_9	NC_015659.1_101	42.0	264	137	4	3	259	220	474	4.27e-45	156
CP031299.1_9	AOLZ01000012.1_20	40.9	264	146	4	3	259	217	477	8.60e-45	155
CP031299.1_9	CP019286.1_49	40.9	264	146	4	3	259	217	477	8.60e-45	155
CP031299.1_9	AOIO01000049.1_91	43.6	236	119	6	37	259	521	755	7.13e-39	141
CP031299.1_9	NC_013748.1_10	42.2	256	129	6	14	259	232	478	4.60e-37	134
CP031299.1_9	JAAOHU010000009.1_3	40.3	268	141	9	5	259	206	467	1.18e-36	133
CP031299.1_9	FNFE01000011.1_20	37.9	264	139	8	3	259	216	461	1.83e-35	129
CP031299.1_9	CP019329.1_79	38.5	260	142	5	3	259	219	463	9.37e-35	127
CP031299.1_9	SRIF01000015.1_78	40.8	250	128	8	31	262	242	489	1.17e-33	125
CP031299.1_9	WSZK01000033.1_35	38.0	245	129	5	28	259	249	483	1.17e-33	125
CP031299.1_9	AOJE01000025.1_28	38.0	237	120	6	35	259	228	449	3.94e-32	120
CP031299.1_9	JAANTI010000009.1_1	38.1	244	126	6	37	259	171	410	4.48e-30	114
CP031299.1_9	FOXI01000018.1_54	38.1	244	126	6	37	259	241	480	7.54e-30	114
CP031299.1_9	CP101161.1_3056	35.7	230	124	7	41	259	257	473	2.33e-24	98.6
CP031299.1_10	CP031299.1_10	100	206	0	0	1	206	1	206	1.75e-161	439
CP031299.1_10	JDTG01000019.1_83	99.5	206	1	0	1	206	57	262	3.79e-160	438
CP031299.1_10	CP119801.1_43	69.3	205	62	1	1	204	55	259	7.10e-114	321
CP031299.1_10	AOIP01000022.1_23	65.9	205	69	1	1	204	53	257	2.19e-105	300
CP031299.1_10	AOIO01000049.1_90	48.2	197	98	3	7	202	68	261	1.18e-64	196
CP031299.1_10	CP099999.1_39	44.8	201	108	2	6	206	59	256	5.54e-61	187
CP031299.1_10	CP084476.1_74	47.5	198	94	7	8	199	60	253	2.11e-48	155
CP031299.1_10	JAAOHU010000009.1_2	35.5	197	116	5	5	199	60	247	3.05e-39	131
CP031299.1_10	NC_013748.1_11	36.1	183	100	7	8	182	72	245	4.42e-31	110
CP031299.1_10	AOJE01000025.1_29	29.8	141	93	3	55	194	115	250	1.89e-16	71.2
CP031299.1_11	CP031299.1_11	100	248	0	0	1	248	1	248	8.77e-176	479
CP031299.1_11	JDTG01000019.1_84	100	248	0	0	1	248	1	248	8.77e-176	479
CP031299.1_11	SRIF01000015.1_73	42.8	187	97	4	70	247	76	261	2.13e-35	123
CP031299.1_12	CP031299.1_12	100	316	0	0	1	316	1	316	5.30e-211	574
CP031299.1_12	JDTG01000019.1_85	100	316	0	0	1	316	1	316	5.30e-211	574
CP031299.1_12	AOJE01000051.1_44	38.0	329	178	8	4	310	3	327	1.34e-64	202
CP031299.1_13	CP031299.1_13	100	513	0	0	1	513	1	513	0.0	1043
CP031299.1_13	JDTG01000019.1_86	100	513	0	0	1	513	1	513	0.0	1043
CP031299.1_14	CP031299.1_14	100	508	0	0	1	508	1	508	0.0	974
CP031299.1_14	JDTG01000019.1_87	100	508	0	0	1	508	1	508	0.0	974
CP031299.1_15	CP031299.1_15	100	367	0	0	1	367	1	367	2.34e-219	599
CP031299.1_15	JDTG01000019.1_88	100	367	0	0	1	367	1	367	2.34e-219	599
CP031299.1_15	CP084476.1_66	53.6	364	157	7	9	367	13	369	4.47e-101	299
CP031299.1_15	AOIO01000049.1_95	49.8	323	157	4	10	331	10	328	1.98e-90	271
CP031299.1_15	CP119801.1_42	47.9	365	183	6	3	361	2	365	5.62e-89	268
CP031299.1_15	NC_015659.1_96	46.7	334	165	9	1	330	49	373	2.75e-75	234
CP031299.1_15	CP095494.1_37	39.3	295	156	7	8	287	8	294	1.16e-38	137
CP031299.1_15	AOIP01000022.1_24	35.5	299	170	9	10	293	10	300	3.38e-34	125
CP031299.1_15	Gairdner_NODE_107_length_49922_cov_74.384603_16	36.6	290	165	9	15	293	13	294	6.72e-25	99.4
CP031299.1_15	CP099999.1_38	31.3	374	213	12	10	367	10	355	1.01e-20	87.8
CP031299.1_15	NC_013748.1_15	35.7	98	59	2	221	318	238	331	1.15e-07	48.5
CP031299.1_15	RJJW01000001.1_32	39.3	56	34	0	219	274	222	277	5.36e-04	37.0
CP031299.1_16	CP031299.1_16	100	127	0	0	1	127	1	127	9.22e-87	244
CP031299.1_16	JDTG01000019.1_89	100	127	0	0	1	127	1	127	9.22e-87	244
CP031299.1_16	NC_015659.1_95	64.7	102	35	1	22	123	26	126	3.53e-41	129
CP031299.1_17	CP031299.1_17	100	228	0	0	1	228	1	228	2.08e-164	449
CP031299.1_17	JDTG01000019.1_90	100	228	0	0	1	228	1	228	2.08e-164	449
CP031299.1_17	CP084476.1_63	66.5	224	72	2	4	225	32	254	4.87e-98	282
CP031299.1_17	NC_013748.1_18	57.4	223	94	1	7	228	8	230	7.97e-86	250
CP031299.1_17	NC_015659.1_94	46.8	222	111	5	7	223	11	230	1.69e-63	193
CP031299.1_17	CP095494.1_39	48.0	225	114	3	7	228	11	235	7.00e-63	192
CP031299.1_17	FNFE01000011.1_27	45.0	222	119	3	7	226	10	230	1.30e-57	178
CP031299.1_17	CP019329.1_70	42.5	228	124	4	5	225	23	250	6.81e-54	169
CP031299.1_17	LWLN01000003.1_19	42.4	236	119	6	4	225	5	237	8.03e-50	159
CP031299.1_18	CP031299.1_18	100	67	0	0	1	67	1	67	2.56e-45	135
CP031299.1_18	JDTG01000019.1_91	100	67	0	0	1	67	1	67	2.56e-45	135
CP031299.1_18	CP084476.1_62	82.1	67	12	0	1	67	1	67	1.83e-36	112
CP031299.1_18	NC_013748.1_19	74.6	67	16	1	1	67	1	66	2.26e-30	97.4
CP031299.1_19	CP031299.1_19	100	147	0	0	1	147	1	147	2.69e-100	280
CP031299.1_19	JDTG01000019.1_92	100	147	0	0	1	147	1	147	2.69e-100	280
CP031299.1_19	NC_015659.1_93	62.9	151	52	1	1	147	1	151	3.98e-64	189
CP031299.1_19	CP084476.1_61	59.3	145	58	1	3	147	7	150	3.30e-58	174
CP031299.1_19	NC_013748.1_20	55.6	151	61	3	1	147	1	149	5.14e-50	153
CP031299.1_19	AOIP01000022.1_27	50.0	146	68	2	5	147	9	152	1.42e-45	142
CP031299.1_19	AOIO01000049.1_98	48.1	154	71	3	1	147	1	152	1.64e-44	139
CP031299.1_20	CP031299.1_20	100	316	0	0	1	316	1	316	1.24e-225	611
CP031299.1_20	JDTG01000019.1_93	100	316	0	0	1	316	1	316	1.24e-225	611
CP031299.1_20	NC_013748.1_21	72.6	314	81	1	8	316	12	325	2.27e-161	449
CP031299.1_20	AOIP01000022.1_28	72.3	307	79	3	8	311	6	309	3.38e-151	422
CP031299.1_20	AOIO01000049.1_99	71.8	308	80	3	8	311	6	310	4.06e-150	420
CP031299.1_20	CP084476.1_60	67.2	314	101	2	3	316	2	313	3.22e-144	405
CP031299.1_20	NC_015659.1_92	64.9	313	95	5	11	316	10	314	2.75e-131	372
CP031299.1_20	BBJN01000020.1_39	46.4	291	143	6	7	292	10	292	1.36e-76	232
CP031299.1_20	FOXI01000018.1_47	46.1	297	145	7	3	292	5	293	7.92e-76	230
CP031299.1_20	JAANTI010000009.1_8	46.1	297	145	7	3	292	5	293	7.92e-76	230
CP031299.1_20	CP100004.1_10	46.3	285	145	5	11	290	1	282	3.37e-75	229
CP031299.1_20	Gairdner_NODE_107_length_49922_cov_74.384603_21	46.3	283	143	7	11	290	16	292	6.73e-75	228
CP031299.1_20	JAJCVI010000002.1_563	44.0	298	155	6	7	300	10	299	2.33e-67	209
CP031299.1_20	WSZK01000033.1_29	40.8	294	167	4	14	305	21	309	1.52e-65	204
CP031299.1_20	RJJW01000001.1_38	40.7	295	155	8	7	288	12	299	2.96e-59	188
CP031299.1_20	AOIR01000042.1_49	41.6	305	161	9	6	303	7	301	1.77e-58	186
CP031299.1_20	LWLN01000003.1_21	38.9	288	159	8	2	281	16	294	2.08e-54	176
CP031299.1_20	CP101161.1_3061	40.6	278	146	8	31	300	26	292	1.68e-52	170
CP031299.1_20	Gairdner_NODE_167_length_41210_cov_9.888325_26	39.1	302	163	9	1	290	5	297	2.00e-51	168
CP031299.1_20	JAAOHU010000009.1_62	41.1	270	148	7	22	289	147	407	3.58e-50	168
CP031299.1_20	CP019329.1_67	35.0	254	152	6	36	282	160	407	1.82e-43	150
CP031299.1_20	Eyresouth_NODE_101_length_48437_cov_7.17035_20	32.7	263	170	5	32	291	52	310	1.10e-42	145
CP031299.1_20	CP101158.1_84	32.4	306	183	8	24	313	39	336	2.61e-38	134
CP031299.1_21	CP031299.1_21	100	80	0	0	1	80	1	80	5.03e-51	150
CP031299.1_21	JDTG01000019.1_94	100	80	0	0	1	80	1	80	5.03e-51	150
CP031299.1_21	NC_013748.1_22	73.8	80	20	1	1	80	1	79	6.20e-36	112
CP031299.1_21	NC_015659.1_91	60.0	80	32	0	1	80	1	80	5.62e-30	97.4
CP031299.1_21	AOIO01000049.1_100	61.3	80	30	1	1	80	1	79	7.43e-28	92.0
CP031299.1_21	AOIP01000022.1_29	61.3	80	30	1	1	80	1	79	1.05e-27	91.7
CP031299.1_21	CP084476.1_59	49.4	81	33	4	2	80	3	77	3.65e-16	62.4
CP031299.1_22	CP031299.1_22	100	99	0	0	1	99	1	99	2.89e-61	177
CP031299.1_22	JDTG01000019.1_95	100	99	0	0	1	99	1	99	2.89e-61	177
CP031299.1_22	CP084476.1_58	69.1	97	30	0	1	97	1	97	4.03e-43	132
CP031299.1_22	NC_013748.1_23	67.0	97	32	0	1	97	1	97	1.15e-42	130
CP031299.1_22	AOIP01000022.1_30	60.2	98	35	2	1	97	1	95	1.28e-34	110
CP031299.1_22	AOIO01000049.1_101	60.2	98	35	2	1	97	1	95	3.67e-34	109
CP031299.1_22	NC_015659.1_90	49.5	101	47	1	1	97	1	101	2.00e-25	87.4
CP031299.1_23	CP031299.1_23	100	72	0	0	1	72	1	72	1.16e-50	149
CP031299.1_23	JDTG01000019.1_96	100	72	0	0	1	72	1	72	1.16e-50	149
CP031299.1_23	NC_015659.1_89	81.9	72	13	0	1	72	1	72	1.67e-41	125
CP031299.1_23	CP084476.1_57	81.9	72	13	0	1	72	1	72	1.96e-40	123
CP031299.1_23	AOIP01000022.1_31	79.2	72	15	0	1	72	1	72	6.57e-39	119
CP031299.1_23	AOIO01000049.1_107	77.8	72	16	0	1	72	1	72	2.68e-38	117
CP031299.1_23	NC_013748.1_24	77.8	72	16	0	1	72	1	72	1.82e-36	113
CP031299.1_23	AOJE01000051.1_26	47.4	57	29	1	11	67	9	64	9.85e-12	50.8
CP031299.1_23	KX687704.1_21	45.6	57	30	1	11	67	9	64	2.87e-11	49.7
CP031299.1_23	KX906370.1_102	45.6	57	30	1	11	67	9	64	2.87e-11	49.7
CP031299.1_23	LOAJ01000002.1_49	43.9	57	31	1	11	67	9	64	5.63e-11	48.9
CP031299.1_24	CP031299.1_24	100	193	0	0	1	193	1	193	3.37e-130	359
CP031299.1_24	JDTG01000019.1_97	100	193	0	0	1	193	1	193	3.37e-130	359
CP031299.1_24	CP084476.1_56	75.8	186	45	0	5	190	7	192	9.25e-101	285
CP031299.1_24	NC_013748.1_25	73.7	194	50	1	1	193	1	194	1.27e-100	285
CP031299.1_24	AOIO01000049.1_108	69.3	189	58	0	5	193	7	195	2.66e-93	266
CP031299.1_24	AOIP01000022.1_32	69.3	189	58	0	5	193	7	195	2.66e-93	266
CP031299.1_24	NC_015659.1_88	64.7	187	66	0	7	193	9	195	8.82e-85	244
CP031299.1_24	RJJW01000001.1_42	34.2	155	98	3	7	159	15	167	3.96e-19	77.4
CP031299.1_24	AOJE01000025.1_37	26.7	146	102	3	16	159	7	149	8.93e-12	57.4
CP031299.1_24	CP099999.1_30	24.3	185	108	5	12	189	27	186	5.52e-09	49.7
CP031299.1_25	CP031299.1_25	100	342	0	0	1	342	1	342	6.78e-243	657
CP031299.1_25	JDTG01000019.1_98	100	342	0	0	1	342	1	342	6.78e-243	657
CP031299.1_25	AOIO01000049.1_109	77.8	343	75	1	1	342	1	343	5.61e-194	533
CP031299.1_25	AOIP01000022.1_33	77.8	343	75	1	1	342	1	343	1.13e-193	532
CP031299.1_25	CP084476.1_55	75.2	343	83	2	1	342	1	342	1.16e-181	502
CP031299.1_25	NC_013748.1_26	72.9	343	91	2	1	342	1	342	4.46e-179	495
CP031299.1_25	NC_015659.1_87	68.6	344	106	2	1	342	1	344	2.03e-166	463
CP031299.1_26	CP031299.1_26	100	414	0	0	1	414	1	414	2.20e-289	780
CP031299.1_26	JDTG01000019.1_99	100	414	0	0	1	414	1	414	2.20e-289	780
CP031299.1_26	NC_013748.1_27	75.6	418	96	2	3	414	2	419	8.11e-217	597
CP031299.1_26	AOIP01000022.1_34	74.9	414	98	2	4	414	3	413	1.85e-209	578
CP031299.1_26	AOIO01000049.1_110	74.4	414	100	2	4	414	3	413	2.15e-208	575
CP031299.1_26	CP084476.1_54	72.6	424	102	4	1	414	1	420	9.19e-207	572
CP031299.1_26	NC_015659.1_86	67.9	418	128	2	3	414	2	419	2.84e-191	532
CP031299.1_26	BBJN01000020.1_45	45.7	359	192	2	55	411	56	413	1.46e-93	283
CP031299.1_26	FOXI01000018.1_40	45.4	359	193	2	55	411	62	419	4.90e-93	282
CP031299.1_26	JAANTI010000009.1_15	45.4	359	193	2	55	411	62	419	4.90e-93	282
CP031299.1_26	Gairdner_NODE_107_length_49922_cov_74.384603_28	45.0	349	188	3	55	400	49	396	1.48e-91	278
CP031299.1_26	CP100004.1_17	42.7	365	204	3	46	405	48	412	4.79e-78	243
CP031299.1_26	WSZK01000033.1_23	39.6	361	214	3	55	411	72	432	1.61e-71	227
CP031299.1_26	CP101158.1_90	37.3	391	211	7	42	400	46	434	1.18e-65	212
CP031299.1_26	CP101161.1_3067	38.2	317	192	3	84	397	22	337	1.00e-59	194
CP031299.1_26	KX687704.1_24	32.8	424	253	6	8	400	5	427	4.80e-56	186
CP031299.1_26	LOAJ01000002.1_46	32.9	353	229	4	55	400	77	428	5.15e-55	184
CP031299.1_26	AOLZ01000012.1_33	33.4	419	247	10	16	412	27	435	6.52e-48	165
CP031299.1_26	CP019286.1_36	33.4	419	247	10	16	412	27	435	6.52e-48	165
CP031299.1_26	AOJE01000025.1_39	33.9	351	221	6	52	394	67	414	2.50e-47	163
CP031299.1_26	JAAOHU010000009.1_56	31.7	379	231	8	43	401	72	442	5.17e-45	158
CP031299.1_26	SJER01000008.1_142	30.9	375	234	7	56	407	100	472	5.35e-44	155
CP031299.1_26	CP099999.1_28	32.5	391	234	10	45	411	47	431	4.40e-43	152
CP031299.1_26	AOIR01000042.1_55	33.0	327	201	11	81	397	103	421	8.33e-43	151
CP031299.1_26	Gairdner_NODE_167_length_41210_cov_9.888325_20	32.1	308	204	5	49	353	65	370	2.39e-39	142
CP031299.1_27	CP031299.1_27	100	616	0	0	1	616	1	616	0.0	1085
CP031299.1_27	JDTG01000019.1_100	100	616	0	0	1	616	1	616	0.0	1085
CP031299.1_27	AOIP01000022.1_35	72.1	526	144	3	92	615	18	542	1.98e-262	726
CP031299.1_27	NC_013748.1_28	69.9	559	153	4	65	616	10	560	1.65e-260	722
CP031299.1_27	AOIO01000049.1_111	69.5	538	136	6	92	614	18	542	4.45e-254	705
CP031299.1_27	CP084476.1_53	69.5	521	155	4	97	616	24	541	3.33e-248	690
CP031299.1_27	NC_015659.1_85	68.6	516	158	4	99	612	25	538	2.52e-247	687
CP031299.1_27	CP100004.1_19	37.5	480	281	5	130	609	36	496	1.97e-84	269
CP031299.1_27	FOXI01000018.1_39	33.8	467	296	7	131	594	46	502	2.15e-68	227
CP031299.1_27	JAANTI010000009.1_16	33.8	467	296	7	131	594	46	502	2.15e-68	227
CP031299.1_27	BBJN01000020.1_46	33.5	394	248	5	160	549	75	458	2.82e-58	201
CP031299.1_27	JAJCVI010000002.1_570	34.2	322	199	8	289	606	281	593	3.39e-46	168
CP031299.1_27	CP101158.1_91	28.3	491	324	10	110	597	95	560	9.75e-41	152
CP031299.1_27	CP101161.1_3068	32.2	298	190	8	307	598	282	573	4.48e-37	141
CP031299.1_27	Eyre_NODE_236_length_33155_cov_19.932_27	29.3	331	208	10	282	599	278	595	1.61e-17	81.6
CP031299.1_27	Eyresouth_NODE_101_length_48437_cov_7.17035_27	27.5	517	281	19	157	599	94	590	3.43e-16	77.4
CP031299.1_27	Frome_NODE_383_length_24936_cov_4.316346_19	27.0	518	282	20	157	599	94	590	4.54e-16	77.0
CP031299.1_28	CP031299.1_28	100	788	0	0	1	788	1	788	0.0	1553
CP031299.1_28	JDTG01000019.1_101	100	788	0	0	1	788	1	788	0.0	1553
CP031299.1_28	NC_013748.1_29	88.5	789	85	2	1	788	1	784	0.0	1380
CP031299.1_28	NC_015659.1_84	84.5	787	121	1	3	788	2	788	0.0	1321
CP031299.1_28	AOIO01000049.1_112	83.9	790	125	2	1	788	1	790	0.0	1319
CP031299.1_28	AOIP01000022.1_36	83.7	790	127	2	1	788	1	790	0.0	1317
CP031299.1_28	CP100004.1_22	59.9	790	300	8	9	787	8	791	1.48e-320	890
CP031299.1_28	SRIF01000015.1_56	53.0	800	345	8	12	787	20	812	3.50e-282	794
CP031299.1_28	CP019329.1_57	53.6	802	344	8	9	787	20	816	1.07e-281	793
CP031299.1_28	CP095494.1_52	53.3	799	350	7	9	786	17	813	1.35e-279	787
CP031299.1_28	WSZK01000033.1_21	53.8	793	346	9	9	786	17	804	1.06e-278	785
CP031299.1_28	CP084476.1_52	51.9	800	369	7	1	787	1	797	3.82e-275	775
CP031299.1_28	CP119801.1_26	51.7	814	363	7	1	787	1	811	8.45e-275	775
CP031299.1_28	RJJW01000001.1_46	51.4	814	361	9	1	787	3	808	4.65e-273	770
CP031299.1_28	Eyresouth_NODE_101_length_48437_cov_7.17035_28	51.8	815	338	15	9	786	28	824	8.99e-262	742
CP031299.1_28	Frome_NODE_383_length_24936_cov_4.316346_20	51.8	815	338	15	9	786	28	824	1.80e-261	741
CP031299.1_28	Eyre_NODE_236_length_33155_cov_19.932_26	51.6	803	358	11	9	786	28	824	2.06e-260	739
CP031299.1_28	LWLN01000003.1_29	47.9	800	389	10	9	787	34	826	1.47e-245	701
CP031299.1_28	AOLZ01000012.1_35	47.2	799	396	11	9	787	30	822	8.20e-236	676
CP031299.1_28	CP019286.1_34	47.2	799	396	11	9	787	30	822	8.20e-236	676
CP031299.1_28	SJER01000008.1_144	48.3	760	372	7	40	782	51	806	2.60e-234	672
CP031299.1_28	LOAJ01000002.1_44	44.6	812	402	13	9	779	22	826	3.59e-214	621
CP031299.1_28	QKNW01000002.1_20	45.1	809	400	17	9	779	45	847	3.95e-214	622
CP031299.1_28	CP101158.1_93	44.8	813	400	14	9	779	14	819	4.05e-208	605
CP031299.1_28	FOXI01000018.1_35	43.7	792	420	11	1	779	1	779	6.20e-202	588
CP031299.1_29	CP031299.1_29	100	314	0	0	1	314	1	314	2.43e-231	625
CP031299.1_29	JDTG01000019.1_102	100	314	0	0	1	314	1	314	2.43e-231	625
CP031299.1_29	NC_013748.1_30	74.6	315	79	1	1	314	1	315	5.39e-171	473
CP031299.1_29	NC_015659.1_83	71.6	313	88	1	3	314	4	316	7.95e-164	454
CP031299.1_29	AOIO01000049.1_113	70.9	313	90	1	3	314	4	316	1.31e-162	451
CP031299.1_29	AOIP01000022.1_37	70.6	313	91	1	3	314	4	316	5.32e-162	450
CP031299.1_29	CP119801.1_25	40.1	294	171	5	18	307	20	312	6.02e-72	221
CP031299.1_29	CP100004.1_23	41.2	301	169	6	5	300	11	308	1.11e-70	218
CP031299.1_29	CP095494.1_53	38.6	306	167	7	18	307	12	312	5.38e-70	216
CP031299.1_29	Eyre_NODE_236_length_33155_cov_19.932_25	38.6	321	183	6	1	310	1	318	1.51e-67	210
CP031299.1_29	CP019329.1_55	37.2	309	187	6	4	307	8	314	8.02e-67	208
CP031299.1_29	LWLN01000003.1_30	38.0	295	175	4	12	305	7	294	3.68e-66	206
CP031299.1_29	Eyresouth_NODE_101_length_48437_cov_7.17035_29	37.4	321	187	6	1	310	1	318	3.77e-65	204
CP031299.1_29	Frome_NODE_383_length_24936_cov_4.316346_21	37.4	321	187	6	1	310	1	318	5.32e-65	203
CP031299.1_29	RJJW01000001.1_47	36.7	297	181	5	9	301	10	303	1.08e-62	197
CP031299.1_29	AOLZ01000012.1_36	40.6	266	154	3	33	297	22	284	1.52e-61	194
CP031299.1_29	CP019286.1_33	40.2	266	155	3	33	297	22	284	1.52e-61	194
CP031299.1_29	SRIF01000015.1_55	35.4	297	184	7	22	311	21	316	8.02e-53	172
CP031299.1_29	SJER01000008.1_145	34.6	295	182	5	14	305	9	295	2.53e-50	165
CP031299.1_29	CP100004.1_28	36.4	253	137	8	7	238	10	259	7.58e-41	146
CP031299.1_29	CP099999.1_52	35.3	215	130	6	7	213	10	223	1.91e-33	125
CP031299.1_30	CP031299.1_30	100	495	0	0	1	495	1	495	0.0	990
CP031299.1_30	JDTG01000019.1_103	100	495	0	0	1	495	1	495	0.0	990
CP031299.1_30	LWLN01000003.1_32	85.6	499	68	1	1	495	1	499	0.0	874
CP031299.1_30	CP084476.1_50	83.3	497	79	1	3	495	2	498	7.45e-316	854
CP031299.1_30	NC_013748.1_31	82.5	497	85	1	1	495	1	497	1.54e-310	841
CP031299.1_30	AOIP01000022.1_38	76.7	528	90	2	1	495	1	528	1.35e-300	817
CP031299.1_30	NC_015659.1_82	78.0	501	104	1	1	495	1	501	1.74e-294	800
CP031299.1_30	SJER01000008.1_146	72.9	490	133	0	3	492	10	499	2.17e-270	739
CP031299.1_30	RJJW01000001.1_49	52.2	487	229	2	9	495	8	490	1.17e-177	504
CP031299.1_30	CP019329.1_54	51.5	517	220	6	5	495	12	523	6.24e-173	493
CP031299.1_30	SRIF01000015.1_53	49.1	507	229	4	9	491	6	507	6.44e-167	477
CP031299.1_30	CP119801.1_24	48.2	508	234	4	12	495	15	517	1.39e-162	466
CP031299.1_30	AOIO01000049.1_114	84.3	140	19	1	1	137	1	140	1.23e-85	257
CP031299.1_30	QKNW01000002.1_17	26.3	525	308	16	26	492	47	550	7.47e-28	112
CP031299.1_31	CP031299.1_31	100	269	0	0	1	269	1	269	2.68e-210	568
CP031299.1_31	JDTG01000019.1_104	100	269	0	0	1	269	1	269	2.68e-210	568
CP031299.1_31	LWLN01000003.1_33	86.3	270	36	1	1	269	1	270	8.61e-180	491
CP031299.1_31	CP084476.1_49	83.0	270	45	1	1	269	1	270	4.56e-175	479
CP031299.1_31	AOLZ01000012.1_37	80.7	270	51	1	1	269	1	270	2.31e-168	462
CP031299.1_31	CP019286.1_32	80.7	270	51	1	1	269	1	270	2.31e-168	462
CP031299.1_31	CP019329.1_53	68.1	263	77	3	4	263	28	286	2.33e-129	364
CP031299.1_31	SRIF01000015.1_47	49.6	262	122	5	1	257	1	257	2.28e-80	239
CP031299.1_31	Gairdner_NODE_167_length_41210_cov_9.888325_44	48.9	92	47	0	162	253	1	92	1.09e-30	106
CP031299.1_32	CP031299.1_32	100	200	0	0	1	200	1	200	5.03e-158	430
CP031299.1_32	JDTG01000019.1_105	100	200	0	0	1	200	1	200	5.03e-158	430
CP031299.1_32	CP119801.1_23	69.5	200	61	0	1	200	1	200	6.69e-113	316
CP031299.1_32	AOJE01000025.1_50	33.3	60	38	1	115	174	80	137	7.88e-04	34.3
CP031299.1_33	CP031299.1_33	100	141	0	0	1	141	1	141	9.91e-109	301
CP031299.1_33	JDTG01000019.1_106	100	141	0	0	1	141	1	141	9.91e-109	301
CP031299.1_33	LWLN01000003.1_35	78.7	141	30	0	1	141	1	141	3.04e-85	241
CP031299.1_34	CP031299.1_34	100	98	0	0	1	98	1	98	7.06e-75	212
CP031299.1_34	JDTG01000019.1_107	100	98	0	0	1	98	1	98	7.06e-75	212
CP031299.1_34	CP119801.1_21	59.8	92	36	1	1	92	1	91	1.99e-37	117
CP031299.1_34	CP019286.1_26	68.1	72	21	2	23	93	6	76	4.95e-33	105
CP031299.1_34	AOLZ01000012.1_43	72.4	58	15	1	37	93	2	59	1.92e-27	91.3
CP031299.1_35	CP031299.1_35	100	227	0	0	1	227	1	227	1.85e-162	444
CP031299.1_35	JDTG01000019.1_108	100	227	0	0	1	227	1	227	1.85e-162	444
CP031299.1_35	LWLN01000003.1_36	75.7	222	54	0	1	222	1	222	3.57e-113	319
CP031299.1_36	CP031299.1_36	100	97	0	0	1	97	1	97	2.70e-65	187
CP031299.1_36	JDTG01000019.1_109	100	97	0	0	1	97	1	97	2.70e-65	187
CP031299.1_37	CP031299.1_37	100	65	0	0	1	65	1	65	1.51e-43	130
CP031299.1_37	JDTG01000019.1_110	100	65	0	0	1	65	1	65	1.51e-43	130
CP031299.1_38	CP031299.1_38	100	132	0	0	1	132	1	132	6.63e-96	268
CP031299.1_38	JDTG01000019.1_111	100	132	0	0	1	132	1	132	6.63e-96	268
CP031299.1_39	CP031299.1_39	100	140	0	0	1	140	1	140	7.84e-92	258
CP031299.1_39	JDTG01000019.1_112	100	140	0	0	1	140	1	140	7.84e-92	258
CP031299.1_40	CP031299.1_40	100	385	0	0	1	385	1	385	3.48e-285	767
CP031299.1_40	JDTG01000019.1_113	100	385	0	0	1	385	1	385	3.48e-285	767
CP031299.1_40	AOLZ01000012.1_46	59.8	386	141	7	1	380	1	378	5.40e-153	432
CP031299.1_40	CP019286.1_23	59.8	386	141	7	1	380	1	378	5.40e-153	432
CP031299.1_40	AOIP01000022.1_45	59.1	372	142	5	13	380	5	370	2.75e-146	415
CP031299.1_40	NC_013748.1_37	59.6	366	141	5	20	382	8	369	3.52e-146	415
CP031299.1_40	LWLN01000003.1_42	58.6	374	140	8	18	382	5	372	6.44e-140	399
CP031299.1_40	CP119801.1_19	42.6	373	196	9	20	381	21	386	1.30e-84	258
CP031299.1_40	JAAOHU010000009.1_51	38.6	363	206	8	22	381	18	366	7.61e-72	225
CP031299.1_40	WSZK01000033.1_9	42.5	322	169	7	68	378	92	408	1.35e-71	226
CP031299.1_40	FNFE01000011.1_44	38.3	371	215	10	20	385	2	363	3.32e-68	215
CP031299.1_40	Gairdner_NODE_107_length_49922_cov_74.384603_35	39.3	374	207	11	21	384	17	380	3.63e-67	213
CP031299.1_40	CP095494.1_63	58.0	81	30	3	302	380	2	80	1.39e-22	86.7
CP031299.1_41	CP031299.1_41	100	216	0	0	1	216	1	216	1.54e-160	438
CP031299.1_41	JDTG01000019.1_114	100	216	0	0	1	216	1	216	1.54e-160	438
CP031299.1_42	CP031299.1_42	100	183	0	0	1	183	1	183	3.71e-129	356
CP031299.1_42	JDTG01000019.1_115	100	183	0	0	1	183	1	183	3.71e-129	356
CP031299.1_42	RJJW01000001.1_60	45.4	163	84	2	22	180	29	190	8.19e-43	137
CP031299.1_43	CP031299.1_43	100	172	0	0	1	172	1	172	1.31e-119	331
