CP084476.1_38	CP084476.1_38	100	257	0	0	1	257	1	257	1.00e-199	540
CP084476.1_38	NC_015659.1_72	48.8	242	112	4	4	244	3	233	6.56e-79	234
CP084476.1_39	CP084476.1_39	100	78	0	0	1	78	1	78	1.65e-46	139
CP084476.1_40	CP084476.1_40	100	62	0	0	1	62	1	62	2.31e-39	119
CP084476.1_41	CP084476.1_41	100	171	0	0	1	171	1	171	1.61e-124	343
CP084476.1_42	CP084476.1_42	100	410	0	0	1	410	1	410	1.94e-306	823
CP084476.1_42	NC_015659.1_78	63.6	409	144	2	2	408	7	412	7.62e-182	508
CP084476.1_42	CP101158.1_102	59.7	397	154	4	13	407	2	394	8.57e-165	464
CP084476.1_42	CP019329.1_45	51.7	420	188	7	3	408	4	422	1.35e-130	378
CP084476.1_42	KX687704.1_34	45.3	413	207	6	8	408	7	412	4.66e-110	325
CP084476.1_42	Eyre_NODE_236_length_33155_cov_19.932_23	39.6	402	231	10	13	407	20	416	3.72e-81	251
CP084476.1_42	Eyresouth_NODE_101_length_48437_cov_7.17035_31	39.8	402	230	10	13	407	20	416	6.99e-81	251
CP084476.1_42	Frome_NODE_383_length_24936_cov_4.316346_23	39.6	402	231	10	13	407	20	416	9.85e-81	250
CP084476.1_43	CP084476.1_43	100	148	0	0	1	148	1	148	4.46e-113	312
CP084476.1_44	CP084476.1_44	100	126	0	0	1	126	1	126	8.79e-71	204
CP084476.1_44	NC_013748.1_33	59.5	121	49	0	1	121	1	121	1.77e-44	137
CP084476.1_44	LWLN01000003.1_39	55.8	113	49	1	9	120	8	120	1.34e-31	104
CP084476.1_44	FNFE01000011.1_40	47.8	115	57	2	10	121	10	124	3.98e-29	98.6
CP084476.1_44	CP099999.1_25	53.8	91	40	2	5	94	8	97	4.66e-25	88.2
CP084476.1_44	NC_015659.1_81	41.3	104	57	1	22	121	25	128	3.81e-16	65.5
CP084476.1_45	CP084476.1_45	100	119	0	0	1	119	1	119	3.06e-79	224
CP084476.1_46	CP084476.1_46	100	221	0	0	1	221	1	221	4.43e-176	478
CP084476.1_47	CP084476.1_47	100	163	0	0	1	163	1	163	4.86e-122	336
CP084476.1_47	LWLN01000003.1_34	74.1	162	41	1	1	161	1	162	6.26e-84	240
CP084476.1_47	AOLZ01000012.1_39	66.3	163	53	1	1	161	1	163	7.57e-79	227
CP084476.1_47	CP019286.1_30	66.3	163	53	1	1	161	1	163	7.57e-79	227
CP084476.1_47	CP019329.1_52	64.2	165	55	2	1	161	1	165	6.20e-74	215
CP084476.1_48	CP084476.1_48	100	81	0	0	1	81	1	81	2.98e-57	166
CP084476.1_48	AOLZ01000012.1_38	72.7	77	21	0	1	77	1	77	4.00e-37	115
CP084476.1_48	CP019286.1_31	72.7	77	21	0	1	77	1	77	4.00e-37	115
CP084476.1_49	CP084476.1_49	100	270	0	0	1	270	1	270	1.75e-211	571
CP084476.1_49	AOLZ01000012.1_37	83.7	270	44	0	1	270	1	270	1.05e-178	488
CP084476.1_49	CP019286.1_32	83.7	270	44	0	1	270	1	270	1.05e-178	488
CP084476.1_49	LWLN01000003.1_33	81.9	270	49	0	1	270	1	270	1.73e-177	485
CP084476.1_49	CP031299.1_31	83.0	270	45	1	1	270	1	269	6.50e-175	479
CP084476.1_49	JDTG01000019.1_104	83.0	270	45	1	1	270	1	269	6.50e-175	479
CP084476.1_49	CP019329.1_53	67.7	263	79	2	4	264	28	286	9.43e-134	375
CP084476.1_49	SRIF01000015.1_47	47.3	262	129	5	1	258	1	257	1.42e-76	229
CP084476.1_49	Gairdner_NODE_167_length_41210_cov_9.888325_44	46.7	92	49	0	163	254	1	92	9.42e-29	101
CP084476.1_50	CP084476.1_50	100	498	0	0	1	498	1	498	0.0	1001
CP084476.1_50	LWLN01000003.1_32	87.1	497	64	0	2	498	3	499	0.0	878
CP084476.1_50	NC_013748.1_31	85.3	497	71	1	2	498	3	497	1.90e-314	851
CP084476.1_50	CP031299.1_30	84.2	488	77	0	11	498	8	495	2.05e-313	848
CP084476.1_50	JDTG01000019.1_103	84.2	488	77	0	11	498	8	495	2.05e-313	848
CP084476.1_50	AOIP01000022.1_38	80.3	528	74	1	1	498	1	528	4.75e-311	843
CP084476.1_50	NC_015659.1_82	82.6	501	84	1	1	498	1	501	1.43e-303	823
CP084476.1_50	SJER01000008.1_146	73.6	497	128	1	2	495	3	499	1.21e-270	740
CP084476.1_50	RJJW01000001.1_49	53.1	486	224	2	13	498	9	490	1.99e-179	508
CP084476.1_50	CP019329.1_54	50.5	517	227	5	6	498	12	523	1.37e-167	479
CP084476.1_50	CP119801.1_24	49.4	508	228	4	15	498	15	517	1.04e-165	474
CP084476.1_50	SRIF01000015.1_53	48.6	510	230	5	12	494	3	507	2.67e-164	471
CP084476.1_50	AOIO01000049.1_114	89.0	146	14	1	1	146	1	144	3.71e-91	271
CP084476.1_51	CP084476.1_51	100	314	0	0	1	314	1	314	9.20e-236	636
CP084476.1_51	SJER01000008.1_145	72.0	311	87	0	1	311	3	313	1.48e-171	474
CP084476.1_51	CP019286.1_33	66.2	314	99	3	1	311	1	310	2.34e-148	415
CP084476.1_51	AOLZ01000012.1_36	65.9	314	100	3	1	311	1	310	2.72e-147	412
CP084476.1_51	LWLN01000003.1_30	57.6	311	129	2	2	311	4	312	4.07e-128	364
CP084476.1_51	CP119801.1_25	36.3	295	178	6	12	301	29	318	4.74e-55	177
CP084476.1_51	AOIO01000049.1_113	35.4	274	168	6	23	291	36	305	2.83e-52	170
CP084476.1_51	RJJW01000001.1_47	33.7	291	185	4	3	288	15	302	2.91e-52	170
CP084476.1_51	AOIP01000022.1_37	33.8	299	184	7	3	291	11	305	7.90e-52	169
CP084476.1_51	NC_013748.1_30	32.9	292	184	5	3	285	10	298	1.52e-51	168
CP084476.1_51	WSZK01000033.1_20	34.7	291	171	5	13	291	58	341	1.54e-50	167
CP084476.1_51	CP095494.1_53	33.0	306	191	7	6	302	19	319	3.74e-50	165
CP084476.1_51	CP019329.1_55	31.0	290	182	8	12	292	31	311	4.39e-44	149
CP084476.1_52	CP084476.1_52	100	802	0	0	1	802	1	802	0.0	1607
CP084476.1_52	LWLN01000003.1_29	64.9	806	269	8	4	800	29	829	0.0	1018
CP084476.1_52	AOLZ01000012.1_35	65.0	806	272	7	4	802	25	827	0.0	1014
CP084476.1_52	CP019286.1_34	65.0	806	272	7	4	802	25	827	0.0	1014
CP084476.1_52	SJER01000008.1_144	63.5	801	285	4	7	802	18	816	0.0	988
CP084476.1_52	NC_015659.1_84	52.4	792	362	8	9	797	8	787	9.65e-276	777
CP084476.1_52	CP031299.1_28	51.9	800	369	7	1	797	1	787	1.37e-275	776
CP084476.1_52	JDTG01000019.1_101	51.9	800	369	7	1	797	1	787	1.37e-275	776
CP084476.1_52	AOIP01000022.1_36	50.9	802	376	8	1	797	1	789	3.12e-272	768
CP084476.1_52	NC_013748.1_29	51.3	800	370	8	1	797	1	783	2.05e-271	766
CP084476.1_52	AOIO01000049.1_112	50.6	802	378	8	1	797	1	789	2.52e-271	766
CP084476.1_52	CP100004.1_22	47.7	801	392	14	8	797	7	791	8.98e-233	667
CP084476.1_52	WSZK01000033.1_21	45.3	799	421	10	8	798	16	806	2.82e-221	639
CP084476.1_52	CP019329.1_57	43.7	805	435	9	8	799	19	818	8.77e-212	615
CP084476.1_52	CP119801.1_26	43.7	812	426	11	7	798	12	812	3.48e-210	610
CP084476.1_52	SRIF01000015.1_56	43.1	816	440	13	3	800	6	815	1.18e-208	607
CP084476.1_52	CP095494.1_52	44.4	807	428	11	7	798	15	815	1.54e-206	601
CP084476.1_52	RJJW01000001.1_46	42.2	825	432	17	1	798	3	809	4.84e-200	584
CP084476.1_52	Frome_NODE_383_length_24936_cov_4.316346_20	43.0	819	426	13	5	798	24	826	9.23e-199	582
CP084476.1_52	Eyresouth_NODE_101_length_48437_cov_7.17035_28	43.0	819	426	13	5	798	24	826	1.84e-198	581
CP084476.1_52	Eyre_NODE_236_length_33155_cov_19.932_26	42.6	820	428	14	5	798	24	826	3.67e-198	580
CP084476.1_52	BBJN01000020.1_48	40.2	810	449	13	1	794	1	791	5.00e-173	514
CP084476.1_52	FOXI01000018.1_35	40.0	804	452	12	1	794	1	784	2.26e-172	512
CP084476.1_52	JAANTI010000009.1_19	40.0	804	452	12	1	794	1	784	2.26e-172	512
CP084476.1_52	Gairdner_NODE_107_length_49922_cov_74.384603_31	39.2	799	457	13	1	789	1	780	2.04e-170	507
CP084476.1_53	CP084476.1_53	100	541	0	0	1	541	1	541	0.0	1052
CP084476.1_53	AOIP01000022.1_35	73.4	546	135	2	1	540	1	542	1.27e-286	784
CP084476.1_53	AOIO01000049.1_111	71.9	545	144	2	1	539	1	542	2.19e-280	768
CP084476.1_53	NC_013748.1_28	72.9	535	134	4	8	541	36	560	8.58e-270	742
CP084476.1_53	NC_015659.1_85	68.2	532	164	4	8	537	10	538	1.04e-253	701
CP084476.1_53	CP031299.1_27	69.5	521	155	4	24	541	97	616	5.88e-248	689
CP084476.1_53	JDTG01000019.1_100	69.5	521	155	4	24	541	97	616	5.88e-248	689
CP084476.1_53	CP100004.1_19	36.2	516	301	8	25	534	3	496	1.21e-87	275
CP084476.1_53	FOXI01000018.1_39	32.6	527	331	12	14	530	1	513	1.03e-69	229
CP084476.1_53	JAANTI010000009.1_16	32.6	527	331	12	14	530	1	513	1.03e-69	229
CP084476.1_53	BBJN01000020.1_46	33.6	408	256	6	58	459	46	444	4.55e-59	202
CP084476.1_53	JAJCVI010000002.1_570	37.3	292	173	7	223	511	288	572	8.05e-52	182
CP084476.1_53	CP101158.1_91	31.2	430	268	11	82	507	141	546	1.73e-46	167
CP084476.1_53	CP101161.1_3068	35.1	285	174	7	232	511	282	560	1.14e-42	156
CP084476.1_53	CP095494.1_51	29.4	279	186	4	233	507	398	669	4.36e-28	114
CP084476.1_53	Eyre_NODE_236_length_33155_cov_19.932_27	29.3	256	161	6	236	486	315	555	3.08e-19	86.7
CP084476.1_54	CP084476.1_54	100	420	0	0	1	420	1	420	3.84e-293	790
CP084476.1_54	NC_013748.1_27	75.4	422	96	3	3	420	2	419	5.89e-216	595
CP084476.1_54	AOIO01000049.1_110	73.3	424	98	4	1	420	1	413	2.71e-208	575
CP084476.1_54	AOIP01000022.1_34	73.3	424	98	4	1	420	1	413	3.85e-208	575
CP084476.1_54	CP031299.1_26	72.6	424	102	4	1	420	1	414	1.62e-207	573
CP084476.1_54	JDTG01000019.1_99	72.6	424	102	4	1	420	1	414	1.62e-207	573
CP084476.1_54	NC_015659.1_86	67.1	422	131	4	3	420	2	419	1.11e-187	523
CP084476.1_54	FOXI01000018.1_40	47.5	358	186	1	62	417	62	419	4.19e-102	306
CP084476.1_54	JAANTI010000009.1_15	47.5	358	186	1	62	417	62	419	4.19e-102	306
CP084476.1_54	BBJN01000020.1_45	46.9	358	188	1	62	417	56	413	3.93e-101	303
CP084476.1_54	Gairdner_NODE_107_length_49922_cov_74.384603_28	43.7	359	198	3	62	417	49	406	3.58e-91	277
CP084476.1_54	CP100004.1_17	44.8	364	193	4	62	420	57	417	1.38e-82	255
CP084476.1_54	WSZK01000033.1_23	40.9	359	208	3	62	416	72	430	4.89e-76	239
CP084476.1_54	CP101158.1_90	36.3	353	213	6	62	404	81	431	2.25e-63	206
CP084476.1_54	LOAJ01000002.1_46	35.4	353	220	4	62	407	77	428	5.36e-63	205
CP084476.1_54	KX687704.1_24	36.0	353	218	4	62	407	76	427	7.34e-63	204
CP084476.1_54	KX906370.1_105	34.4	424	253	7	8	407	5	427	2.84e-62	203
CP084476.1_54	CP101161.1_3067	36.4	354	213	4	78	420	9	361	2.00e-61	199
CP084476.1_54	AOJE01000025.1_39	36.2	348	215	5	60	401	68	414	7.81e-57	189
CP084476.1_54	SRIF01000015.1_59	35.0	420	250	6	2	404	13	426	1.23e-55	186
CP084476.1_54	JAJCVI010000002.1_569	34.4	360	230	4	62	416	71	429	1.43e-54	183
CP084476.1_54	LWLN01000003.1_27	34.4	450	239	13	6	418	13	443	8.13e-54	181
CP084476.1_54	CP095494.1_50	35.1	427	231	11	3	403	10	416	5.52e-51	174
CP084476.1_54	FNFE01000011.1_36	34.0	409	238	12	6	393	13	410	2.91e-50	172
CP084476.1_54	JAAOHU010000009.1_56	34.4	369	216	8	62	408	78	442	5.87e-50	171
CP084476.1_55	CP084476.1_55	100	342	0	0	1	342	1	342	6.07e-246	664
CP084476.1_55	CP031299.1_25	75.2	343	83	2	1	342	1	342	3.47e-183	506
CP084476.1_55	JDTG01000019.1_98	75.2	343	83	2	1	342	1	342	3.47e-183	506
CP084476.1_55	AOIO01000049.1_109	72.9	343	92	1	1	342	1	343	1.03e-182	504
CP084476.1_55	AOIP01000022.1_33	72.6	343	93	1	1	342	1	343	5.94e-182	503
CP084476.1_55	NC_013748.1_26	71.7	343	95	2	1	342	1	342	6.02e-177	490
CP084476.1_55	NC_015659.1_87	68.3	344	107	2	1	342	1	344	1.94e-171	476
CP084476.1_55	CP100004.1_16	33.0	345	219	6	1	339	1	339	2.18e-48	162
CP084476.1_55	AOJE01000051.1_24	32.2	258	162	6	54	305	53	303	7.11e-31	115
CP084476.1_55	KX687704.1_23	28.0	296	210	3	11	305	10	303	1.26e-29	112
CP084476.1_55	KX906370.1_104	28.0	296	210	3	11	305	10	303	1.26e-29	112
CP084476.1_55	CP095494.1_49	29.0	245	158	8	7	238	8	249	3.76e-21	88.6
CP084476.1_56	CP084476.1_56	100	195	0	0	1	195	1	195	1.01e-141	389
CP084476.1_56	NC_013748.1_25	79.3	184	38	0	9	192	8	191	3.49e-110	309
CP084476.1_56	AOIP01000022.1_32	75.0	192	48	0	1	192	1	192	5.71e-107	301
CP084476.1_56	AOIO01000049.1_108	74.5	192	49	0	1	192	1	192	4.68e-106	298
CP084476.1_56	CP031299.1_24	76.2	185	44	0	8	192	6	190	9.34e-101	285
CP084476.1_56	JDTG01000019.1_97	76.2	185	44	0	8	192	6	190	9.34e-101	285
CP084476.1_56	NC_015659.1_88	69.3	192	59	0	1	192	1	192	1.50e-95	272
CP084476.1_56	CP101161.1_3065	34.3	137	83	4	29	161	23	156	8.98e-19	75.9
CP084476.1_56	AOJE01000025.1_37	31.5	149	97	3	15	161	4	149	1.05e-16	70.9
CP084476.1_56	CP099999.1_30	25.9	166	113	5	3	161	7	169	2.00e-11	56.6
CP084476.1_57	CP084476.1_57	100	72	0	0	1	72	1	72	3.34e-50	147
CP084476.1_57	AOIP01000022.1_31	90.3	72	7	0	1	72	1	72	2.11e-44	133
CP084476.1_57	NC_015659.1_89	88.9	72	8	0	1	72	1	72	4.26e-44	132
CP084476.1_57	AOIO01000049.1_107	88.9	72	8	0	1	72	1	72	8.59e-44	131
CP084476.1_57	CP031299.1_23	81.9	72	13	0	1	72	1	72	1.96e-40	123
CP084476.1_57	JDTG01000019.1_96	81.9	72	13	0	1	72	1	72	1.96e-40	123
CP084476.1_57	NC_013748.1_24	84.7	72	11	0	1	72	1	72	2.78e-40	122
CP084476.1_57	LOAJ01000002.1_49	45.8	59	31	1	12	70	10	67	6.04e-13	53.9
CP084476.1_57	AOJE01000051.1_26	45.8	59	31	1	12	70	10	67	1.21e-12	53.1
CP084476.1_57	KX687704.1_21	44.1	59	32	1	12	70	10	67	3.54e-12	52.0
CP084476.1_57	KX906370.1_102	44.1	59	32	1	12	70	10	67	3.54e-12	52.0
CP084476.1_58	CP084476.1_58	100	99	0	0	1	99	1	99	6.82e-60	174
CP084476.1_58	NC_013748.1_23	81.8	99	18	0	1	99	1	99	1.08e-47	143
CP084476.1_58	CP031299.1_22	69.1	97	30	0	1	97	1	97	1.34e-41	128
CP084476.1_58	JDTG01000019.1_95	69.1	97	30	0	1	97	1	97	1.34e-41	128
CP084476.1_58	AOIP01000022.1_30	70.0	100	26	2	1	99	1	97	1.28e-34	110
CP084476.1_58	AOIO01000049.1_101	69.0	100	27	2	1	99	1	97	5.20e-34	108
CP084476.1_58	NC_015659.1_90	61.2	103	36	1	1	99	1	103	1.18e-31	103
CP084476.1_59	CP084476.1_59	100	77	0	0	1	77	1	77	1.66e-50	149
CP084476.1_59	AOIO01000049.1_100	55.1	78	32	1	3	77	2	79	3.64e-25	85.1
CP084476.1_59	AOIP01000022.1_29	55.1	78	32	1	3	77	2	79	1.48e-24	83.6
CP084476.1_59	NC_015659.1_91	56.0	75	29	1	7	77	6	80	8.76e-24	81.6
CP084476.1_59	NC_013748.1_22	55.1	78	32	1	3	77	2	79	9.93e-23	79.0
CP084476.1_59	CP031299.1_21	49.4	81	33	4	3	77	2	80	8.68e-17	63.9
CP084476.1_59	JDTG01000019.1_94	49.4	81	33	4	3	77	2	80	8.68e-17	63.9
CP084476.1_60	CP084476.1_60	100	313	0	0	1	313	1	313	1.90e-223	605
CP084476.1_60	NC_013748.1_21	67.9	318	95	3	3	313	8	325	4.44e-151	422
CP084476.1_60	AOIP01000022.1_28	68.2	314	92	4	3	311	2	312	1.81e-145	408
CP084476.1_60	CP031299.1_20	67.2	314	101	2	2	313	3	316	1.58e-144	405
CP084476.1_60	JDTG01000019.1_93	67.2	314	101	2	2	313	3	316	1.58e-144	405
CP084476.1_60	AOIO01000049.1_99	67.6	315	93	4	3	311	2	313	3.08e-144	405
CP084476.1_60	NC_015659.1_92	61.5	322	107	6	1	313	1	314	2.91e-125	357
CP084476.1_60	WSZK01000033.1_29	43.9	280	148	4	5	279	9	284	4.33e-73	224
CP084476.1_60	CP100004.1_10	44.7	284	152	4	7	287	1	282	1.10e-72	222
CP084476.1_60	Gairdner_NODE_107_length_49922_cov_74.384603_21	42.1	290	161	5	6	292	12	297	7.01e-71	218
CP084476.1_60	BBJN01000020.1_39	43.3	291	159	5	2	289	5	292	2.56e-70	216
CP084476.1_60	FOXI01000018.1_47	43.3	293	157	7	2	289	5	293	2.97e-69	213
CP084476.1_60	JAANTI010000009.1_8	43.3	293	157	7	2	289	5	293	2.97e-69	213
CP084476.1_60	JAJCVI010000002.1_563	43.5	283	150	5	10	288	14	290	1.33e-65	204
CP084476.1_60	LWLN01000003.1_21	42.5	266	134	9	23	278	38	294	6.51e-59	187
CP084476.1_60	RJJW01000001.1_38	42.6	265	142	6	19	279	33	291	1.51e-58	186
CP084476.1_60	Gairdner_NODE_167_length_41210_cov_9.888325_26	41.8	294	156	9	7	292	12	298	5.18e-58	185
CP084476.1_60	JAAOHU010000009.1_62	40.4	267	152	3	21	286	147	407	1.15e-56	185
CP084476.1_60	Eyre_NODE_236_length_33155_cov_19.932_34	35.8	279	169	7	16	288	32	306	5.42e-50	164
CP084476.1_60	Frome_NODE_383_length_24936_cov_4.316346_12	33.2	295	183	7	4	288	20	310	8.27e-46	153
CP084476.1_60	CP019329.1_67	36.3	262	150	7	35	286	160	414	8.38e-45	154
CP084476.1_60	Eyresouth_NODE_101_length_48437_cov_7.17035_20	33.8	263	165	6	31	288	52	310	1.25e-44	150
CP084476.1_60	CP019286.1_42	36.3	295	149	11	4	279	127	401	5.17e-41	143
CP084476.1_60	AOLZ01000012.1_27	36.3	295	149	11	4	279	127	401	8.49e-41	143
CP084476.1_60	KX687704.1_18	34.6	295	171	10	3	282	7	294	1.75e-35	126
CP084476.1_61	CP084476.1_61	100	150	0	0	1	150	1	150	4.09e-101	282
CP084476.1_61	CP031299.1_19	59.7	144	57	1	8	150	4	147	9.62e-58	172
CP084476.1_61	JDTG01000019.1_92	59.7	144	57	1	8	150	4	147	9.62e-58	172
CP084476.1_61	NC_015659.1_93	60.3	151	59	1	1	150	1	151	2.20e-57	172
CP084476.1_61	NC_013748.1_20	57.8	147	57	3	8	150	4	149	4.06e-50	153
CP084476.1_61	AOIO01000049.1_98	52.3	153	69	2	1	150	1	152	7.29e-49	150
CP084476.1_61	AOIP01000022.1_27	52.3	153	69	2	1	150	1	152	7.29e-49	150
CP084476.1_61	FOXI01000018.1_49	38.2	123	71	2	32	149	58	180	5.81e-16	67.0
CP084476.1_61	JAANTI010000009.1_6	38.2	123	71	2	32	149	58	180	5.81e-16	67.0
CP084476.1_61	BBJN01000020.1_37	37.8	119	69	2	36	149	62	180	1.14e-15	66.2
CP084476.1_61	WSZK01000033.1_31	35.3	133	77	4	24	149	52	182	3.42e-13	59.7
CP084476.1_62	CP084476.1_62	100	67	0	0	1	67	1	67	8.92e-46	136
CP084476.1_62	CP031299.1_18	82.1	67	12	0	1	67	1	67	1.56e-37	115
CP084476.1_62	JDTG01000019.1_91	82.1	67	12	0	1	67	1	67	1.56e-37	115
CP084476.1_62	NC_013748.1_19	76.1	67	15	1	1	67	1	66	9.57e-32	100
CP084476.1_63	CP084476.1_63	100	257	0	0	1	257	1	257	5.09e-184	501
CP084476.1_63	CP031299.1_17	66.5	224	72	2	32	254	4	225	1.04e-95	276
CP084476.1_63	JDTG01000019.1_90	66.5	224	72	2	32	254	4	225	1.04e-95	276
CP084476.1_63	NC_013748.1_18	59.0	229	90	3	28	254	1	227	2.18e-83	245
CP084476.1_63	CP095494.1_39	46.8	233	117	4	28	254	1	232	1.97e-59	184
CP084476.1_63	FNFE01000011.1_27	45.3	232	122	5	27	255	1	230	1.57e-55	174
CP084476.1_63	NC_015659.1_94	43.8	235	122	6	23	252	1	230	1.77e-54	171
CP084476.1_63	LWLN01000003.1_19	41.5	248	115	6	28	255	1	238	1.16e-51	164
CP084476.1_63	CP019329.1_70	42.9	231	124	4	31	254	21	250	4.46e-51	163
CP084476.1_63	CP099999.1_36	42.4	229	119	6	30	252	2	223	2.74e-48	155
CP084476.1_63	AOLZ01000012.1_23	40.8	228	128	5	32	255	7	231	2.41e-46	150
CP084476.1_63	CP019286.1_46	40.8	228	128	5	32	255	7	231	2.41e-46	150
CP084476.1_64	CP084476.1_64	100	85	0	0	1	85	1	85	1.05e-61	177
CP084476.1_64	NC_013748.1_17	45.1	91	37	3	1	85	1	84	8.41e-20	72.0
CP084476.1_65	CP084476.1_65	100	140	0	0	1	140	1	140	1.65e-102	285
CP084476.1_65	CP095494.1_38	42.1	140	77	1	1	140	1	136	5.46e-30	101
CP084476.1_66	CP084476.1_66	100	369	0	0	1	369	1	369	1.61e-250	678
CP084476.1_66	CP119801.1_42	64.8	372	115	10	1	363	1	365	3.13e-136	389
CP084476.1_66	AOIO01000049.1_95	58.5	330	133	3	11	339	12	338	1.22e-118	343
CP084476.1_66	NC_015659.1_96	56.5	338	136	6	2	336	51	380	4.95e-111	325
CP084476.1_66	CP031299.1_15	55.8	328	136	5	12	332	8	333	3.61e-100	297
CP084476.1_66	JDTG01000019.1_88	55.8	328	136	5	12	332	8	333	3.61e-100	297
CP084476.1_66	AOIP01000022.1_24	40.7	307	159	10	6	295	6	306	9.62e-47	158
CP084476.1_66	CP095494.1_37	46.0	261	125	8	24	271	24	281	1.15e-40	142
CP084476.1_66	Gairdner_NODE_107_length_49922_cov_74.384603_16	30.1	299	196	6	1	291	1	294	1.30e-19	84.3
CP084476.1_66	AOLZ01000012.1_22	56.8	44	16	1	1	41	1	44	8.23e-04	36.6
CP084476.1_66	CP019286.1_47	56.8	44	16	1	1	41	1	44	8.23e-04	36.6
CP084476.1_67	CP084476.1_67	100	301	0	0	1	301	1	301	4.84e-220	595
CP084476.1_68	CP084476.1_68	100	97	0	0	1	97	1	97	2.88e-78	220
CP084476.1_68	AOJE01000051.1_16	48.4	62	31	1	13	73	16	77	1.80e-17	70.5
CP084476.1_69	CP084476.1_69	100	210	0	0	1	210	1	210	1.48e-155	425
CP084476.1_69	SRIF01000015.1_75	54.6	207	92	2	1	206	39	244	6.76e-74	219
CP084476.1_69	AOJE01000051.1_41	39.6	134	78	2	74	207	124	254	4.85e-27	99.8
CP084476.1_70	CP084476.1_70	100	71	0	0	1	71	1	71	1.01e-46	139
CP084476.1_71	CP084476.1_71	100	522	0	0	1	522	1	522	0.0	1006
CP084476.1_72	CP084476.1_72	100	503	0	0	1	503	1	503	0.0	1012
CP084476.1_73	CP084476.1_73	100	354	0	0	1	354	1	354	2.29e-247	669
CP084476.1_74	CP084476.1_74	100	263	0	0	1	263	1	263	7.31e-196	531
CP084476.1_74	AOIP01000022.1_23	44.6	260	133	8	3	258	4	256	7.30e-64	196
CP084476.1_74	JDTG01000019.1_83	47.8	249	116	9	13	253	13	255	5.96e-61	189
CP084476.1_74	CP031299.1_10	47.5	198	94	7	60	253	8	199	1.20e-49	158
CP084476.1_74	NC_013748.1_11	39.1	281	137	12	1	261	1	267	4.00e-48	156
CP084476.1_74	CP019329.1_78	38.8	242	131	10	30	261	46	280	1.06e-44	148
CP084476.1_74	CP095494.1_36	35.0	237	142	10	30	261	43	272	7.23e-34	119
CP084476.1_74	AOLZ01000012.1_21	35.1	242	138	9	30	260	37	270	5.52e-32	114
CP084476.1_74	CP019286.1_48	35.1	242	138	9	30	260	37	270	5.52e-32	114
CP084476.1_74	SRIF01000015.1_77	30.1	226	112	14	3	218	4	193	3.22e-11	57.4
CP084476.1_75	CP084476.1_75	100	516	0	0	1	516	1	516	0.0	975
CP084476.1_75	AOIP01000022.1_22	69.4	516	156	1	1	516	1	514	2.62e-246	680
CP084476.1_75	JDTG01000019.1_82	68.8	526	154	4	1	516	1	526	1.46e-241	668
CP084476.1_75	CP119801.1_44	64.3	512	176	4	2	506	5	516	1.19e-213	597
CP084476.1_75	CP099999.1_40	52.7	522	217	9	1	514	1	500	1.72e-158	456
CP084476.1_75	CP031299.1_9	75.7	259	63	0	210	468	1	259	1.48e-130	378
CP084476.1_75	CP101158.1_75	46.3	534	249	13	5	514	10	529	5.93e-125	372
CP084476.1_75	Eyresouth_NODE_101_length_48437_cov_7.17035_10	38.4	471	274	8	34	499	61	520	1.62e-78	251
CP084476.1_75	Gairdner_NODE_167_length_41210_cov_9.888325_31	37.0	551	264	16	5	504	16	534	2.56e-78	251
CP084476.1_75	Frome_NODE_383_length_24936_cov_4.316346_2	38.8	441	254	8	34	469	61	490	1.54e-73	238
CP084476.1_75	CP095494.1_35	35.4	545	299	15	6	516	3	528	1.02e-70	231
CP084476.1_75	NC_013748.1_10	37.1	542	268	16	6	504	3	514	4.31e-70	229
CP084476.1_75	NC_015659.1_101	34.5	513	301	12	6	496	3	502	4.08e-66	218
CP084476.1_75	AOLZ01000012.1_20	34.3	528	307	13	6	507	3	516	2.39e-64	214
CP084476.1_75	CP019286.1_49	34.3	528	307	13	6	507	3	516	2.39e-64	214
CP084476.1_75	FOXI01000018.1_54	35.3	490	260	13	47	501	46	513	5.94e-56	191
CP084476.1_75	FNFE01000011.1_20	31.8	535	290	15	5	504	3	497	2.29e-55	189
CP084476.1_75	KX687704.1_8	32.1	517	296	15	15	496	36	532	4.17e-53	184
CP084476.1_75	KX906370.1_89	32.1	517	296	15	15	496	36	532	4.17e-53	184
CP084476.1_75	JAANTI010000009.1_1	36.7	417	224	10	112	501	40	443	2.05e-52	180
CP084476.1_75	LOAJ01000002.1_60	33.3	477	274	16	48	496	79	539	3.07e-50	176
CP084476.1_75	AOJE01000025.1_28	34.7	484	242	22	40	498	45	479	1.06e-47	168
CP084476.1_75	AOIO01000049.1_91	42.0	286	152	6	236	508	511	795	2.22e-47	171
CP084476.1_75	CP100004.1_1	40.8	255	139	5	253	496	2	255	7.85e-37	133
CP084476.1_75	AOJE01000051.1_48	36.9	249	146	5	259	500	4	248	3.22e-35	128
CP084476.1_76	CP084476.1_76	100	414	0	0	1	414	1	414	7.96e-308	827
CP084476.1_76	LWLN01000003.1_5	34.7	72	45	2	5	74	57	128	5.69e-08	48.1
CP084476.1_77	CP084476.1_77	100	890	0	0	1	890	1	890	0.0	1742
CP084476.1_77	CP119801.1_45	55.5	851	348	13	41	876	200	1034	7.57e-307	869
CP084476.1_77	JDTG01000019.1_81	53.6	866	358	16	44	876	371	1225	1.07e-292	840
CP084476.1_77	AOIP01000022.1_21	53.7	854	349	17	48	876	379	1211	2.92e-283	815
CP084476.1_77	JDTG01000019.1_67	44.8	868	444	17	36	878	442	1299	9.24e-226	670
CP084476.1_77	CP095494.1_33	44.2	844	440	12	46	876	369	1194	3.63e-217	644
CP084476.1_77	CP095494.1_34	42.3	855	449	14	41	876	250	1079	3.47e-206	612
CP084476.1_77	NC_015659.1_102	38.8	874	465	22	40	876	270	1110	2.40e-173	528
CP084476.1_77	NC_013748.1_9	38.5	886	479	26	40	882	276	1138	7.22e-160	493
CP084476.1_77	AOIO01000049.1_89	36.1	853	500	18	18	852	232	1057	9.60e-160	492
CP084476.1_77	JAAOHU010000009.1_4	36.6	827	478	17	40	851	406	1201	4.11e-152	476
CP084476.1_77	FNFE01000011.1_19	35.9	857	496	18	47	876	276	1106	5.80e-146	456
CP084476.1_77	CP019329.1_80	34.4	880	504	22	47	876	288	1144	2.93e-142	447
CP084476.1_77	CP101158.1_74	33.4	862	483	28	29	843	354	1171	8.84e-115	375
CP084476.1_77	CP099999.1_41	32.2	900	506	27	13	853	311	1165	3.69e-110	362
CP084476.1_77	AOLZ01000012.1_19	31.3	876	534	28	44	876	375	1225	1.06e-105	350
CP084476.1_77	CP019286.1_50	31.3	876	534	28	44	876	375	1225	1.06e-105	350
CP084476.1_77	CP100004.1_3	30.1	827	527	21	60	857	497	1301	9.56e-100	335
CP084476.1_77	CP031299.1_6	59.3	258	100	3	219	472	13	269	1.50e-92	290
CP084476.1_77	LWLN01000003.1_13	27.7	891	572	28	14	867	293	1148	4.00e-81	280
CP084476.1_77	KX687704.1_7	29.2	884	518	30	39	853	494	1338	7.52e-76	266
CP084476.1_77	KX906370.1_88	29.2	884	518	30	39	853	494	1338	7.52e-76	266
CP084476.1_77	Gairdner_NODE_167_length_41210_cov_9.888325_32	27.0	831	549	24	40	841	566	1367	6.70e-69	245
CP084476.1_77	LOAJ01000002.1_61	26.6	931	551	35	18	853	493	1386	3.37e-62	225
CP084476.1_77	CP031299.1_7	59.7	124	46	2	624	744	1	123	1.17e-38	136
CP084476.1_78	CP084476.1_78	100	61	0	0	1	61	1	61	7.01e-36	110
CP084476.1_79	CP084476.1_79	100	184	0	0	1	184	1	184	1.92e-145	397
CP084476.1_79	FNFE01000011.1_18	83.6	183	30	0	2	184	17	199	8.17e-121	335
CP084476.1_79	NC_013748.1_8	85.6	174	25	0	11	184	2	175	3.38e-119	330
CP084476.1_79	AOIO01000049.1_88	38.0	200	95	4	1	172	16	214	2.32e-41	135
CP084476.1_79	JDTG01000019.1_80	42.1	114	64	1	59	172	13	124	2.88e-27	96.3
CP084476.1_79	CP019329.1_81	26.3	133	86	5	46	171	69	196	2.55e-07	44.7
CP084476.1_80	CP084476.1_80	100	68	0	0	1	68	1	68	2.75e-45	135
CP084476.1_80	AOIO01000049.1_87	61.8	68	26	0	1	68	1	68	2.20e-24	82.4
CP084476.1_80	AOIP01000022.1_19	60.3	68	26	1	1	68	1	67	4.16e-22	76.6
CP084476.1_80	CP119801.1_47	57.6	66	27	1	1	65	1	66	1.39e-20	72.8
CP084476.1_80	CP101158.1_72	57.1	56	24	0	11	66	12	67	3.20e-17	64.3
CP084476.1_80	LWLN01000003.1_11	44.8	67	36	1	1	66	1	67	2.62e-14	58.5
CP084476.1_81	CP084476.1_81	100	102	0	0	1	102	1	102	1.52e-71	204
CP084476.1_81	CP095494.1_27	72.7	99	27	0	1	99	1	99	1.50e-51	153
CP084476.1_81	CP119801.1_49	67.6	102	33	0	1	102	1	102	2.57e-45	137
CP084476.1_81	LWLN01000003.1_8	55.7	97	43	0	6	102	9	105	3.47e-32	104
CP084476.1_81	CP099999.1_46	39.4	94	49	3	6	99	4	89	2.32e-15	61.6
CP084476.1_82	CP084476.1_82	100	165	0	0	1	165	1	165	1.14e-121	335
CP084476.1_82	LWLN01000003.1_6	59.9	167	63	2	1	165	1	165	1.68e-61	183
CP084476.1_82	JDTG01000019.1_74	60.9	161	59	2	5	165	14	170	4.99e-57	172
CP084476.1_82	AOIP01000022.1_16	57.3	164	64	3	1	161	43	203	8.96e-56	170
CP084476.1_82	SJER01000008.1_120	29.2	120	72	3	1	108	1	119	5.61e-07	42.4
CP084476.1_83	CP084476.1_83	100	181	0	0	1	181	1	181	1.78e-135	372
CP084476.1_83	LWLN01000003.1_5	79.6	181	37	0	1	181	1	181	3.79e-112	313
CP084476.1_83	JDTG01000019.1_73	80.1	181	36	0	1	181	1	181	2.19e-111	311
CP084476.1_83	CP119801.1_53	75.7	181	44	0	1	181	1	181	2.73e-105	295
CP084476.1_83	CP095494.1_30	72.9	181	49	0	1	181	1	181	7.49e-103	289
CP084476.1_83	CP019329.1_85	80.0	120	24	0	57	176	9	128	1.22e-72	211
CP084476.1_84	CP084476.1_84	100	265	0	0	1	265	1	265	6.52e-200	541
CP084476.1_84	LWLN01000003.1_4	79.6	265	54	0	1	265	1	265	3.53e-163	449
CP084476.1_84	JDTG01000019.1_72	77.8	257	57	0	6	262	5	261	2.97e-157	434
CP084476.1_84	CP119801.1_54	65.5	261	86	3	1	260	1	258	4.62e-126	355
CP084476.1_84	CP095494.1_29	63.8	260	93	1	1	260	1	259	1.11e-125	354
CP084476.1_84	NC_013748.1_3	36.9	260	154	6	7	261	6	260	1.10e-43	145
CP084476.1_84	AOIP01000022.1_18	35.4	260	157	9	7	261	6	259	3.89e-40	135
CP084476.1_84	AOIO01000049.1_84	35.4	260	157	9	7	261	6	259	1.52e-39	134
CP084476.1_85	CP084476.1_85	100	183	0	0	1	183	1	183	1.68e-100	283
CP084476.1_85	AOIP01000022.1_17	54.1	183	73	3	7	182	5	183	1.15e-35	119
CP084476.1_85	JDTG01000019.1_71	90.0	30	3	0	2	31	1	30	1.27e-11	55.5
CP084476.1_85	AOIO01000049.1_83	87.1	31	4	0	1	31	1	31	1.50e-11	55.5
CP084476.1_85	LWLN01000003.1_3	90.0	30	3	0	2	31	1	30	1.73e-11	55.5
CP084476.1_85	BBJN01000020.1_27	29.4	180	107	4	15	182	10	181	2.37e-09	50.1
CP084476.1_85	NC_013748.1_2	73.3	30	8	0	2	31	1	30	3.36e-07	43.9
CP084476.1_85	LWLN01000003.1_2	66.7	27	9	0	5	31	4	30	3.82e-06	40.8
CP084476.1_85	CP095494.1_28	80.0	25	5	0	7	31	5	29	4.26e-06	40.4
CP084476.1_85	SJER01000008.1_124	73.9	23	6	0	9	31	4	26	1.06e-04	36.2
CP084476.1_85	WSZK01000033.1_40	36.2	94	54	3	9	98	4	95	4.42e-04	35.0
CP084476.1_85	BBJN01000020.1_30	28.8	132	67	5	15	140	10	120	7.59e-04	33.9
CP084476.1_86	CP084476.1_86	100	122	0	0	1	122	1	122	1.10e-87	246
CP084476.1_86	LWLN01000003.1_10	50.0	100	48	1	14	113	16	113	1.71e-28	96.7
CP084476.1_87	CP084476.1_87	100	346	0	0	1	346	1	346	2.28e-227	618
CP084476.1_87	AOIP01000022.1_10	61.7	347	130	2	1	346	1	345	5.19e-149	419
CP084476.1_87	CP099999.1_48	50.1	351	164	3	1	345	1	346	3.56e-113	328
CP084476.1_87	AOLZ01000012.1_11	50.6	348	161	3	1	343	1	342	6.88e-110	320
CP084476.1_87	CP019286.1_59	50.6	348	161	3	1	343	1	342	6.88e-110	320
CP084476.1_87	CP101158.1_61	39.2	347	199	5	1	341	33	373	4.00e-76	235
CP084476.1_87	FNFE01000011.1_12	33.2	346	218	3	1	340	1	339	6.30e-57	184
CP084476.1_87	CP019329.1_94	35.6	343	204	6	2	335	10	344	2.34e-56	183
CP084476.1_87	CP101158.1_68	35.1	339	210	4	1	336	1	332	1.69e-53	175
CP084476.1_87	CP119801.1_56	32.0	344	213	4	1	331	1	336	5.07e-50	166
CP084476.1_87	Gairdner_NODE_167_length_41210_cov_9.888325_13	29.6	338	227	6	1	335	6	335	1.18e-40	141
CP084476.1_87	SRIF01000015.1_87	25.8	330	230	5	1	324	1	321	8.36e-24	95.9
CP084476.1_88	CP084476.1_88	100	96	0	0	1	96	1	96	3.84e-69	197
CP084476.1_88	FNFE01000011.1_7	85.4	96	14	0	1	96	1	96	1.91e-60	175
CP084476.1_88	AOLZ01000012.1_12	87.1	93	12	0	1	93	1	93	4.11e-60	174
CP084476.1_88	CP019286.1_58	87.1	93	12	0	1	93	1	93	4.11e-60	174
CP084476.1_88	AOIP01000022.1_12	83.1	89	15	0	1	89	1	89	3.96e-57	167
CP084476.1_89	CP084476.1_89	100	88	0	0	1	88	1	88	6.22e-60	173
CP084476.1_89	AOIP01000022.1_7	88.2	85	10	0	1	85	8	92	2.50e-50	149
CP084476.1_89	CP101158.1_60	46.5	86	38	3	1	83	1	81	5.74e-17	65.1
CP084476.1_89	JAJCVI010000002.1_543	41.6	89	44	2	1	86	9	92	2.16e-12	53.5
CP084476.1_89	JAAOHU010000009.1_16	28.9	90	56	2	1	87	9	93	2.67e-08	43.1
CP084476.1_89	CP019329.1_86	35.6	87	48	3	1	87	18	96	1.17e-06	38.9
CP084476.1_89	CP119801.1_57	27.3	88	58	2	1	88	19	100	5.15e-04	32.0
CP084476.1_90	CP084476.1_90	100	176	0	0	1	176	1	176	1.65e-124	343
CP084476.1_91	CP084476.1_91	100	1150	0	0	1	1150	1	1150	0.0	2273
CP084476.1_91	LOAJ01000002.1_66	28.5	1085	635	34	13	1042	16	1014	9.35e-87	301
CP084476.1_91	KX687704.1_1	29.1	1088	623	35	13	1042	11	1008	1.27e-86	300
CP084476.1_91	KX906370.1_82	29.1	1088	623	35	13	1042	16	1013	1.34e-86	300
CP084476.1_91	AOJE01000051.1_53	25.5	451	292	17	625	1047	18	452	2.93e-26	110
CP084476.1_92	CP084476.1_92	100	172	0	0	1	172	1	172	5.93e-107	299
