CP095494.1_18	CP095494.1_18	100	370	0	0	1	370	1	370	6.58e-271	730
CP095494.1_19	CP095494.1_19	100	284	0	0	1	284	1	284	3.66e-211	572
CP095494.1_20	CP095494.1_20	100	950	0	0	1	950	1	950	0.0	1870
CP095494.1_21	CP095494.1_21	100	190	0	0	1	190	1	190	2.70e-139	382
CP095494.1_22	CP095494.1_22	100	332	0	0	1	332	1	332	5.02e-249	671
CP095494.1_23	CP095494.1_23	100	87	0	0	1	87	1	87	1.21e-61	177
CP095494.1_24	CP095494.1_24	100	211	0	0	1	211	1	211	3.54e-90	259
CP095494.1_25	CP095494.1_25	100	90	0	0	1	90	1	90	3.90e-50	157
CP095494.1_26	CP095494.1_26	100	147	0	0	1	147	1	147	2.12e-65	192
CP095494.1_26	CP095494.1_24	43.1	58	5	3	7	61	5	37	7.38e-04	33.9
CP095494.1_27	CP095494.1_27	100	103	0	0	1	103	1	103	4.00e-72	205
CP095494.1_27	CP084476.1_81	72.7	99	27	0	1	99	1	99	1.51e-51	153
CP095494.1_27	CP119801.1_49	69.0	100	31	0	1	100	1	100	2.68e-45	137
CP095494.1_27	CP099999.1_46	40.2	87	45	3	14	100	11	90	1.36e-14	59.7
CP095494.1_28	CP095494.1_28	100	147	0	0	1	147	1	147	3.24e-92	259
CP095494.1_28	SJER01000008.1_123	59.0	105	39	3	14	115	10	113	6.72e-26	91.3
CP095494.1_28	LWLN01000003.1_2	46.7	150	55	7	1	129	2	147	1.70e-22	83.6
CP095494.1_28	LWLN01000003.1_3	47.8	136	53	6	8	129	9	140	2.66e-22	82.8
CP095494.1_28	JDTG01000019.1_71	60.3	78	29	2	8	83	9	86	1.34e-18	72.8
CP095494.1_28	SJER01000008.1_122	64.9	74	24	2	8	81	4	75	2.02e-18	72.4
CP095494.1_28	SJER01000008.1_124	59.7	77	30	1	13	89	10	85	2.04e-18	72.0
CP095494.1_28	CP101158.1_69	60.3	73	25	2	10	79	8	79	3.11e-16	67.0
CP095494.1_28	NC_013748.1_2	46.6	118	52	3	2	110	3	118	3.42e-15	64.7
CP095494.1_28	CP099999.1_44	64.4	59	18	2	27	83	1	58	1.50e-12	56.6
CP095494.1_28	QKNW01000002.1_44	41.5	106	45	2	13	101	8	113	3.45e-11	53.5
CP095494.1_28	BBJN01000020.1_29	49.2	65	32	1	12	76	7	70	3.21e-10	50.8
CP095494.1_28	JAJCVI010000002.1_549	53.1	64	23	1	14	70	9	72	5.92e-10	50.1
CP095494.1_28	QKNW01000002.1_43	46.1	76	28	1	13	88	8	70	6.13e-10	50.1
CP095494.1_28	WSZK01000033.1_39	66.7	48	14	1	1	48	26	71	2.04e-09	49.3
CP095494.1_28	AOIP01000022.1_17	77.4	31	7	0	1	31	1	31	2.33e-09	49.3
CP095494.1_28	JAJCVI010000002.1_550	75.0	40	10	0	14	53	9	48	2.70e-09	48.5
CP095494.1_28	BBJN01000020.1_30	68.3	41	13	0	13	53	10	50	3.16e-09	48.1
CP095494.1_28	SRIF01000015.1_82	52.5	61	29	0	13	73	8	68	3.42e-09	48.5
CP095494.1_28	JAJCVI010000002.1_548	61.5	52	19	1	14	65	9	59	3.85e-09	47.8
CP095494.1_28	BBJN01000020.1_27	68.3	41	13	0	13	53	10	50	5.83e-09	48.1
CP095494.1_28	WSZK01000033.1_40	75.7	37	9	0	12	48	8	44	1.17e-08	47.4
CP095494.1_28	Gairdner_NODE_107_length_49922_cov_74.384603_9	39.7	116	47	5	14	122	9	108	3.32e-08	46.2
CP095494.1_28	AOIO01000049.1_83	42.5	73	41	1	8	79	10	82	3.63e-07	42.7
CP095494.1_28	CP119801.1_55	71.4	35	10	0	27	61	1	35	7.91e-07	42.0
CP095494.1_29	CP095494.1_29	100	268	0	0	1	268	1	268	2.11e-202	548
CP095494.1_29	LWLN01000003.1_4	66.5	260	86	1	1	259	1	260	1.02e-128	362
CP095494.1_29	CP084476.1_84	63.8	260	93	1	1	259	1	260	5.56e-126	355
CP095494.1_29	JDTG01000019.1_72	66.2	260	86	2	1	259	1	259	1.46e-123	348
CP095494.1_29	CP119801.1_54	59.1	257	103	2	4	259	3	258	7.34e-107	306
CP095494.1_29	NC_013748.1_3	36.6	265	160	6	1	261	1	261	5.49e-45	148
CP095494.1_29	AOIO01000049.1_84	35.0	260	159	8	7	261	6	260	5.37e-37	127
CP095494.1_29	AOIP01000022.1_18	34.6	260	160	8	7	261	6	260	5.37e-37	127
CP095494.1_29	WSZK01000033.1_41	36.0	228	136	5	13	238	11	230	1.46e-35	127
CP095494.1_30	CP095494.1_30	100	181	0	0	1	181	1	181	8.83e-136	372
CP095494.1_30	LWLN01000003.1_5	75.1	181	45	0	1	181	1	181	2.73e-105	295
CP095494.1_30	JDTG01000019.1_73	72.9	181	49	0	1	181	1	181	1.51e-102	288
CP095494.1_30	CP084476.1_83	72.9	181	49	0	1	181	1	181	3.05e-102	288
CP095494.1_30	CP119801.1_53	72.4	181	50	0	1	181	1	181	1.44e-100	283
CP095494.1_30	CP019329.1_85	75.0	120	30	0	57	176	9	128	3.68e-67	197
CP095494.1_31	CP095494.1_31	100	66	0	0	1	66	1	66	1.14e-43	130
CP095494.1_31	CP099999.1_43	77.3	66	15	0	1	66	1	66	2.63e-31	99.8
CP095494.1_31	NC_013748.1_7	50.7	67	32	1	1	66	1	67	1.43e-17	65.1
CP095494.1_32	CP095494.1_32	100	222	0	0	1	222	1	222	7.59e-164	447
CP095494.1_32	JDTG01000019.1_79	80.5	221	42	1	1	220	1	221	6.89e-133	369
CP095494.1_32	LWLN01000003.1_12	68.7	198	61	1	22	218	23	220	1.71e-96	276
CP095494.1_32	CP031299.1_3	87.7	106	12	1	116	220	11	116	1.05e-61	184
CP095494.1_32	CP031299.1_2	76.6	94	22	0	1	94	1	94	4.04e-51	157
CP095494.1_33	CP095494.1_33	100	1200	0	0	1	1200	1	1200	0.0	2049
CP095494.1_33	CP095494.1_34	69.1	835	255	3	367	1200	253	1085	0.0	1160
CP095494.1_33	CP119801.1_45	53.9	837	370	9	369	1196	205	1034	2.67e-294	848
CP095494.1_33	AOIP01000022.1_21	46.5	866	432	13	350	1196	359	1212	4.55e-238	710
CP095494.1_33	JDTG01000019.1_81	47.4	863	413	15	368	1196	372	1227	1.61e-235	704
CP095494.1_33	NC_015659.1_102	44.1	852	434	14	371	1196	276	1111	4.91e-224	670
CP095494.1_33	CP084476.1_77	44.2	844	440	12	369	1194	46	876	2.12e-215	640
CP095494.1_33	JDTG01000019.1_67	44.4	847	424	15	371	1179	454	1291	7.15e-212	644
CP095494.1_33	CP019329.1_80	39.3	867	474	14	371	1195	289	1145	1.02e-205	624
CP095494.1_33	FNFE01000011.1_19	41.2	848	459	18	371	1195	277	1107	2.76e-196	598
CP095494.1_33	NC_013748.1_9	42.0	867	448	20	371	1196	282	1134	2.00e-192	588
CP095494.1_33	JAAOHU010000009.1_4	40.8	804	458	10	371	1169	414	1204	8.67e-192	590
CP095494.1_33	AOIO01000049.1_89	40.7	813	444	17	371	1167	263	1053	2.59e-174	540
CP095494.1_33	AOLZ01000012.1_19	40.0	869	456	22	371	1195	379	1226	5.57e-172	537
CP095494.1_33	CP019286.1_50	40.0	869	456	22	371	1195	379	1226	5.57e-172	537
CP095494.1_33	CP099999.1_41	38.2	844	458	22	370	1170	346	1168	1.26e-147	472
CP095494.1_33	CP101158.1_74	34.3	859	467	23	364	1164	359	1178	3.07e-127	417
CP095494.1_33	CP031299.1_6	60.6	246	91	3	540	781	8	251	4.36e-88	283
CP095494.1_33	LOAJ01000002.1_61	28.2	893	514	32	374	1177	541	1395	2.32e-77	276
CP095494.1_33	KX687704.1_7	27.7	896	546	26	347	1168	472	1339	1.99e-75	270
CP095494.1_33	KX906370.1_88	27.7	896	546	26	347	1168	472	1339	1.99e-75	270
CP095494.1_33	CP101161.1_3055	26.8	871	573	27	371	1193	449	1302	1.14e-72	261
CP095494.1_33	AOJE01000051.1_50	26.5	872	549	25	354	1160	379	1223	9.16e-68	245
CP095494.1_33	WSZK01000033.1_36	26.1	876	578	30	364	1196	186	1035	8.46e-65	234
CP095494.1_33	SRIF01000015.1_79	28.1	851	524	28	364	1147	342	1171	1.74e-60	222
CP095494.1_34	CP095494.1_34	100	1085	0	0	1	1085	1	1085	0.0	2124
CP095494.1_34	CP095494.1_33	69.2	834	254	3	254	1085	368	1200	0.0	1164
CP095494.1_34	CP119801.1_45	48.7	1032	484	19	73	1081	25	1034	6.47e-315	897
CP095494.1_34	AOIP01000022.1_21	47.1	847	419	12	254	1081	376	1212	5.96e-245	724
CP095494.1_34	NC_015659.1_102	45.3	847	430	16	257	1081	276	1111	2.09e-243	716
CP095494.1_34	JDTG01000019.1_81	46.5	863	419	16	254	1081	372	1226	2.15e-235	699
CP095494.1_34	JDTG01000019.1_67	45.2	860	420	17	257	1081	454	1297	2.05e-224	673
CP095494.1_34	NC_013748.1_9	43.5	886	443	23	236	1081	267	1134	1.60e-214	642
CP095494.1_34	FNFE01000011.1_19	42.6	855	452	21	248	1080	270	1107	8.85e-209	627
CP095494.1_34	CP019329.1_80	39.7	874	474	13	250	1080	282	1145	2.77e-207	624
CP095494.1_34	CP084476.1_77	42.4	851	446	14	254	1079	45	876	8.40e-206	612
CP095494.1_34	JAAOHU010000009.1_4	41.0	831	467	13	244	1066	401	1216	4.94e-203	616
CP095494.1_34	AOIO01000049.1_89	41.1	856	462	19	248	1084	256	1088	4.50e-191	580
CP095494.1_34	AOLZ01000012.1_19	39.5	886	477	25	238	1080	357	1226	6.00e-178	550
CP095494.1_34	CP019286.1_50	39.5	886	477	25	238	1080	357	1226	6.00e-178	550
CP095494.1_34	CP101158.1_74	36.4	840	462	20	255	1050	368	1179	8.35e-144	459
CP095494.1_34	CP099999.1_41	36.0	865	469	20	249	1059	339	1172	2.64e-141	452
CP095494.1_34	CP031299.1_6	58.0	245	97	3	425	665	8	250	8.97e-84	270
CP095494.1_34	LOAJ01000002.1_61	29.5	888	506	31	261	1062	542	1395	2.17e-80	283
CP095494.1_34	CP101161.1_3055	27.2	860	547	25	257	1061	449	1284	8.27e-79	278
CP095494.1_34	KX687704.1_7	28.0	868	527	24	262	1060	508	1346	1.28e-74	266
CP095494.1_34	KX906370.1_88	28.0	868	527	24	262	1060	508	1346	1.28e-74	266
CP095494.1_34	AOJE01000051.1_50	26.8	868	535	28	262	1060	400	1236	1.76e-69	249
CP095494.1_34	SRIF01000015.1_79	28.3	866	540	31	257	1059	352	1199	8.05e-64	232
CP095494.1_34	WSZK01000033.1_36	26.0	884	560	34	250	1072	182	1032	6.55e-62	225
CP095494.1_35	CP095494.1_35	100	528	0	0	1	528	1	528	0.0	1025
CP095494.1_35	AOLZ01000012.1_20	59.4	527	211	3	1	527	1	524	3.46e-214	599
CP095494.1_35	CP019286.1_49	59.4	527	211	3	1	527	1	524	3.46e-214	599
CP095494.1_35	NC_015659.1_101	57.2	535	207	9	1	527	1	521	2.28e-194	549
CP095494.1_35	NC_013748.1_10	49.1	529	241	9	1	516	1	514	3.54e-148	431
CP095494.1_35	FNFE01000011.1_20	47.0	525	236	17	3	516	4	497	5.41e-129	381
CP095494.1_35	CP019329.1_79	45.0	529	250	15	3	520	5	503	6.04e-123	366
CP095494.1_35	CP084476.1_75	35.1	541	306	14	3	528	6	516	2.19e-75	243
CP095494.1_35	JAAOHU010000009.1_3	35.1	527	308	15	3	520	6	507	1.75e-73	238
CP095494.1_35	Eyresouth_NODE_101_length_48437_cov_7.17035_10	35.4	497	286	11	41	527	65	536	9.57e-69	226
CP095494.1_35	CP099999.1_40	38.4	464	229	18	72	520	70	491	1.01e-65	217
CP095494.1_35	KX687704.1_8	36.1	496	282	13	53	528	72	552	5.38e-65	216
CP095494.1_35	KX906370.1_89	36.1	496	282	13	53	528	72	552	5.38e-65	216
CP095494.1_35	LOAJ01000002.1_60	35.3	502	279	12	53	528	78	559	6.34e-64	214
CP095494.1_35	CP101158.1_75	34.1	501	287	14	50	527	50	530	7.96e-60	202
CP095494.1_35	Frome_NODE_383_length_24936_cov_4.316346_2	34.1	451	262	11	41	481	65	490	3.15e-56	192
CP095494.1_35	Gairdner_NODE_167_length_41210_cov_9.888325_31	32.4	552	321	15	1	524	15	542	1.19e-55	191
CP095494.1_35	AOJE01000051.1_48	43.3	261	142	3	272	528	6	264	4.02e-51	171
CP095494.1_35	WSZK01000033.1_35	34.0	547	299	26	1	516	5	520	1.91e-49	174
CP095494.1_35	Gairdner_NODE_107_length_49922_cov_74.384603_13	30.5	499	306	13	1	482	3	477	3.19e-45	162
CP095494.1_35	LWLN01000003.1_14	31.8	497	264	17	62	520	78	537	1.01e-41	153
CP095494.1_35	BBJN01000020.1_33	31.1	501	288	21	44	521	58	524	6.99e-41	150
CP095494.1_35	AOIO01000049.1_91	37.8	278	155	5	254	516	517	791	2.47e-37	142
CP095494.1_35	JAJCVI010000002.1_558	30.8	490	294	15	44	516	57	518	1.38e-36	138
CP095494.1_35	AOIR01000042.1_44	29.1	539	338	14	1	518	38	553	5.57e-35	134
CP095494.1_36	CP095494.1_36	100	273	0	0	1	273	1	273	6.81e-206	557
CP095494.1_36	NC_013748.1_11	59.1	274	102	6	2	272	1	267	9.67e-115	327
CP095494.1_36	NC_015659.1_100	57.9	273	106	7	2	272	6	271	2.44e-111	318
CP095494.1_36	AOLZ01000012.1_21	47.7	277	131	6	2	271	1	270	2.71e-80	239
CP095494.1_36	CP019286.1_48	47.7	277	131	6	2	271	1	270	2.71e-80	239
CP095494.1_36	FNFE01000011.1_21	44.6	289	136	10	2	272	1	283	1.10e-77	233
CP095494.1_36	CP019329.1_78	46.5	284	131	12	2	272	5	280	1.31e-75	228
CP095494.1_36	CP084476.1_74	35.3	238	140	11	43	272	30	261	9.89e-35	122
CP095494.1_36	CP119801.1_43	32.6	215	129	8	46	252	35	241	4.57e-29	107
CP095494.1_36	WSZK01000033.1_34	27.0	211	126	10	46	252	47	233	2.80e-12	60.8
CP095494.1_36	JAJCVI010000002.1_559	23.9	222	145	7	46	265	42	241	2.58e-10	55.1
CP095494.1_37	CP095494.1_37	100	342	0	0	1	342	1	342	1.26e-238	646
CP095494.1_37	AOIP01000022.1_24	54.0	346	154	4	1	342	1	345	1.04e-110	322
CP095494.1_37	CP099999.1_38	49.2	333	153	9	1	329	1	321	9.29e-82	248
CP095494.1_37	FNFE01000011.1_24	47.2	341	153	8	13	339	1	328	9.51e-77	235
CP095494.1_37	LWLN01000003.1_16	46.6	365	158	14	1	340	1	353	7.42e-72	224
CP095494.1_37	AOIO01000049.1_95	36.7	354	194	9	1	338	1	340	2.53e-55	180
CP095494.1_37	CP019329.1_72	35.6	343	208	7	6	339	6	344	7.80e-48	160
CP095494.1_37	CP119801.1_42	40.2	323	168	8	7	319	6	313	6.49e-47	159
CP095494.1_37	NC_015659.1_96	36.7	354	191	14	5	342	53	389	9.62e-46	156
CP095494.1_37	CP084476.1_66	42.0	331	163	13	24	338	24	341	3.36e-45	154
CP095494.1_37	CP031299.1_15	39.0	290	161	7	6	290	6	284	7.57e-40	140
CP095494.1_37	JDTG01000019.1_88	39.0	290	161	7	6	290	6	284	7.57e-40	140
CP095494.1_37	Gairdner_NODE_107_length_49922_cov_74.384603_16	34.9	215	122	7	6	215	6	207	7.96e-24	95.9
CP095494.1_38	CP095494.1_38	100	136	0	0	1	136	1	136	2.78e-99	276
CP095494.1_38	CP084476.1_65	42.3	137	75	1	1	133	1	137	3.01e-29	99.8
CP095494.1_38	CP099999.1_37	42.5	120	63	3	18	133	15	132	1.75e-24	87.4
CP095494.1_39	CP095494.1_39	100	235	0	0	1	235	1	235	1.16e-169	462
CP095494.1_39	CP019329.1_70	50.7	229	107	4	10	233	24	251	2.42e-72	217
CP095494.1_39	AOLZ01000012.1_23	49.1	232	115	3	4	234	3	232	4.61e-71	213
CP095494.1_39	CP019286.1_46	49.1	232	115	3	4	234	3	232	4.61e-71	213
CP095494.1_39	CP031299.1_17	48.0	225	114	3	11	235	7	228	8.24e-62	189
CP095494.1_39	JDTG01000019.1_90	48.0	225	114	3	11	235	7	228	8.24e-62	189
CP095494.1_39	CP084476.1_63	46.8	233	117	4	1	232	28	254	7.94e-61	187
CP095494.1_39	FNFE01000011.1_27	45.6	228	119	5	7	232	5	229	7.97e-61	187
CP095494.1_39	CP099999.1_36	44.3	228	119	5	5	230	2	223	1.11e-58	181
CP095494.1_39	NC_015659.1_94	44.2	233	124	4	1	230	1	230	8.28e-58	179
CP095494.1_39	LWLN01000003.1_19	44.9	236	121	4	5	232	3	237	3.07e-57	178
CP095494.1_39	NC_013748.1_18	44.4	232	124	4	1	232	1	227	1.37e-52	166
CP095494.1_40	CP095494.1_40	100	249	0	0	1	249	1	249	4.31e-172	470
CP095494.1_40	CP119801.1_40	46.2	249	129	5	2	246	3	250	5.09e-68	206
CP095494.1_40	SRIF01000015.1_71	40.3	236	132	4	14	246	8	237	2.59e-48	155
CP095494.1_40	JAAOHU010000009.1_65	34.3	239	135	7	14	242	15	241	1.24e-33	118
CP095494.1_41	CP095494.1_41	100	133	0	0	1	133	1	133	4.84e-94	263
CP095494.1_41	CP119801.1_38	78.2	133	29	0	1	133	1	133	6.50e-74	212
CP095494.1_41	SRIF01000015.1_69	60.5	124	46	1	11	131	9	132	7.51e-48	146
CP095494.1_41	FNFE01000011.1_29	58.2	98	41	0	34	131	16	113	1.88e-37	119
CP095494.1_41	CP099999.1_35	52.4	105	50	0	27	131	9	113	3.54e-35	114
CP095494.1_41	JAAOHU010000009.1_63	43.1	137	69	3	5	132	3	139	4.54e-31	104
CP095494.1_41	SJER01000008.1_135	41.9	117	62	2	11	121	16	132	4.38e-23	84.0
CP095494.1_41	JAJCVI010000007.1_21	40.9	110	62	1	16	122	20	129	4.96e-23	84.0
CP095494.1_42	CP095494.1_42	100	107	0	0	1	107	1	107	1.95e-65	189
CP095494.1_42	CP119801.1_37	67.0	103	30	1	2	104	11	109	6.00e-40	124
CP095494.1_42	SRIF01000015.1_68	49.0	98	50	0	2	99	11	108	1.78e-28	95.9
CP095494.1_43	CP095494.1_43	100	112	0	0	1	112	1	112	3.83e-81	229
CP095494.1_43	CP119801.1_36	64.4	104	36	1	4	107	3	105	3.14e-45	138
CP095494.1_44	CP095494.1_44	100	305	0	0	1	305	1	305	8.73e-225	608
CP095494.1_44	CP119801.1_35	66.6	308	98	4	1	305	1	306	1.06e-147	413
CP095494.1_44	SRIF01000015.1_66	49.8	295	137	4	13	299	13	304	2.11e-96	283
CP095494.1_44	SJER01000008.1_136	51.6	258	115	6	33	285	153	405	1.08e-83	254
CP095494.1_44	JAAOHU010000009.1_62	48.1	270	131	5	35	299	152	417	3.23e-82	251
CP095494.1_44	JAJCVI010000007.1_22	44.3	282	144	6	16	286	138	417	2.26e-71	223
CP095494.1_44	FNFE01000011.1_30	40.2	296	170	2	9	299	103	396	2.86e-69	216
CP095494.1_44	RJJW01000001.1_38	39.4	274	162	4	32	303	42	313	3.08e-65	203
CP095494.1_44	CP019329.1_67	38.8	291	168	3	5	286	122	411	5.48e-64	204
CP095494.1_44	Gairdner_NODE_107_length_49922_cov_74.384603_21	39.2	283	165	6	2	280	3	282	1.37e-62	196
CP095494.1_44	LWLN01000003.1_21	39.1	289	163	7	9	289	19	302	2.07e-61	194
CP095494.1_44	NC_013748.1_21	38.8	289	162	6	15	291	15	300	1.39e-59	189
CP095494.1_44	NC_015659.1_92	38.3	274	155	6	17	279	12	282	4.08e-59	187
CP095494.1_44	BBJN01000020.1_39	38.2	267	158	6	27	289	26	289	6.73e-56	179
CP095494.1_44	FOXI01000018.1_47	37.0	281	170	6	13	289	13	290	3.85e-55	177
CP095494.1_44	JAANTI010000009.1_8	37.0	281	170	6	13	289	13	290	3.85e-55	177
CP095494.1_45	CP095494.1_45	100	75	0	0	1	75	1	75	1.29e-44	134
CP095494.1_45	CP119801.1_34	58.7	75	31	0	1	75	1	75	1.74e-24	83.2
CP095494.1_45	CP099999.1_33	46.2	52	28	0	11	62	10	61	1.05e-09	46.2
CP095494.1_45	JAAOHU010000009.1_61	50.0	40	20	0	19	58	19	58	8.35e-08	40.8
CP095494.1_46	CP095494.1_46	100	97	0	0	1	97	1	97	3.83e-65	187
CP095494.1_46	CP119801.1_33	67.0	97	32	0	1	97	1	97	1.27e-45	138
CP095494.1_46	SRIF01000015.1_64	44.0	100	49	1	4	96	5	104	2.17e-22	79.7
CP095494.1_46	CP019329.1_65	27.7	83	53	1	16	91	18	100	4.01e-08	43.1
CP095494.1_47	CP095494.1_47	100	103	0	0	1	103	1	103	9.05e-78	219
CP095494.1_47	CP119801.1_32	62.7	83	31	0	19	101	11	93	1.86e-37	117
CP095494.1_48	CP095494.1_48	100	238	0	0	1	238	1	238	2.16e-171	467
CP095494.1_48	CP119801.1_31	63.5	244	76	4	5	238	4	244	4.88e-100	287
CP095494.1_48	SRIF01000015.1_61	37.4	227	127	2	10	232	15	230	7.05e-46	149
CP095494.1_48	JAAOHU010000009.1_58	39.5	190	106	4	5	187	3	190	5.05e-39	131
CP095494.1_48	SJER01000008.1_140	38.5	221	120	7	13	221	12	228	5.31e-39	131
CP095494.1_48	KX906370.1_103	30.1	163	110	2	14	176	22	180	2.43e-25	94.7
CP095494.1_48	KX687704.1_22	30.1	163	110	2	14	176	22	180	1.31e-24	92.8
CP095494.1_48	Eyresouth_NODE_101_length_48437_cov_7.17035_24	31.9	160	105	2	13	172	21	176	7.43e-23	89.4
CP095494.1_48	Frome_NODE_383_length_24936_cov_4.316346_16	31.9	160	105	2	13	172	21	176	7.43e-23	89.4
CP095494.1_48	Eyre_NODE_236_length_33155_cov_19.932_30	30.0	160	108	2	13	172	21	176	5.39e-22	87.0
CP095494.1_49	CP095494.1_49	100	350	0	0	1	350	1	350	1.13e-245	664
CP095494.1_49	CP119801.1_30	72.2	317	88	0	1	317	1	317	2.16e-162	454
CP095494.1_49	CP019329.1_62	37.9	311	186	2	1	311	1	304	9.52e-66	207
CP095494.1_49	LWLN01000003.1_26	40.0	325	184	3	3	327	4	317	9.00e-64	202
CP095494.1_49	FNFE01000011.1_35	37.6	306	184	2	6	311	2	300	8.54e-62	196
CP095494.1_49	CP099999.1_29	38.3	313	182	5	1	311	1	304	8.08e-59	189
CP095494.1_49	CP084476.1_55	27.9	265	175	8	8	269	7	258	9.75e-21	87.4
CP095494.1_50	CP095494.1_50	100	453	0	0	1	453	1	453	1.71e-315	850
CP095494.1_50	CP119801.1_29	72.9	462	114	4	1	453	1	460	7.36e-226	623
CP095494.1_50	SRIF01000015.1_59	58.1	437	175	3	12	443	19	452	2.47e-160	457
CP095494.1_50	FNFE01000011.1_36	51.0	449	215	3	5	453	10	453	5.79e-140	405
CP095494.1_50	CP099999.1_28	51.7	435	198	4	3	433	4	430	5.08e-139	402
CP095494.1_50	AOLZ01000012.1_33	51.9	430	200	4	5	433	10	433	1.07e-136	396
CP095494.1_50	CP019286.1_36	51.9	430	200	4	5	433	10	433	1.07e-136	396
CP095494.1_50	SJER01000008.1_142	51.2	371	180	1	59	428	100	470	1.85e-127	374
CP095494.1_50	JAAOHU010000009.1_56	49.1	397	199	2	44	437	62	458	3.59e-127	373
CP095494.1_50	CP019329.1_61	50.3	376	186	1	58	433	85	459	2.87e-124	365
CP095494.1_50	LWLN01000003.1_27	45.7	427	222	2	7	433	12	428	1.14e-118	350
CP095494.1_50	JAJCVI010000007.1_28	47.5	358	187	1	61	417	79	436	9.71e-108	323
CP095494.1_50	NC_013748.1_27	34.5	388	218	7	40	416	39	401	2.83e-53	180
CP095494.1_50	CP084476.1_54	35.1	427	231	11	10	416	3	403	1.58e-51	175
CP095494.1_50	CP100004.1_17	33.6	422	252	9	10	421	4	407	7.78e-51	173
CP095494.1_50	BBJN01000020.1_45	34.4	369	223	7	53	419	51	402	4.28e-50	171
CP095494.1_50	NC_015659.1_86	32.9	414	241	9	16	416	12	401	1.16e-49	170
CP095494.1_50	Gairdner_NODE_107_length_49922_cov_74.384603_28	34.5	417	250	7	10	423	3	399	2.69e-49	169
CP095494.1_50	FOXI01000018.1_40	34.1	364	221	7	58	419	62	408	6.96e-48	166
CP095494.1_50	JAANTI010000009.1_15	34.1	364	221	7	58	419	62	408	6.96e-48	166
CP095494.1_50	AOIP01000022.1_34	31.9	407	248	8	16	416	12	395	3.97e-45	158
CP095494.1_50	JAJCVI010000002.1_569	31.3	448	270	10	5	431	2	432	4.86e-44	155
CP095494.1_50	AOIO01000049.1_110	31.0	407	252	8	16	416	12	395	3.92e-43	152
CP095494.1_50	CP101161.1_3067	31.6	358	226	5	76	431	11	351	2.59e-42	149
CP095494.1_50	CP101158.1_90	31.2	362	234	6	58	416	81	430	2.24e-41	148
CP095494.1_51	CP095494.1_51	100	708	0	0	1	708	1	708	0.0	1342
CP095494.1_51	CP119801.1_28	58.2	708	191	5	1	706	1	605	7.67e-263	733
CP095494.1_51	FNFE01000011.1_37	41.6	711	340	14	2	703	3	647	4.69e-160	473
CP095494.1_51	SRIF01000015.1_58	39.7	728	322	14	1	698	1	641	2.61e-156	463
CP095494.1_51	AOLZ01000012.1_34	41.7	712	355	13	1	703	1	661	4.89e-148	442
CP095494.1_51	CP019286.1_35	41.7	712	355	13	1	703	1	661	4.89e-148	442
CP095494.1_51	LWLN01000003.1_28	40.1	724	387	10	1	707	1	694	1.16e-141	427
CP095494.1_51	CP019329.1_60	40.6	705	359	10	5	703	7	657	3.35e-137	414
CP095494.1_51	SJER01000008.1_143	35.3	688	367	10	23	702	29	646	4.81e-110	343
CP095494.1_51	CP099999.1_27	48.2	328	163	2	381	702	275	601	1.41e-92	296
CP095494.1_51	JAAOHU010000009.1_55	48.6	315	158	4	387	699	237	549	3.52e-87	281
CP095494.1_51	JAJCVI010000007.1_29	47.2	307	157	4	390	693	322	626	2.43e-78	259
CP095494.1_51	CP100004.1_19	32.0	316	198	5	386	693	187	493	9.24e-35	134
CP095494.1_51	RJJW01000001.1_45	31.1	302	177	8	383	666	345	633	2.63e-29	119
CP095494.1_51	CP084476.1_53	28.3	315	209	6	388	690	223	532	3.21e-27	112
CP095494.1_51	AOIO01000049.1_111	27.8	320	215	5	381	693	224	534	2.41e-25	106
CP095494.1_51	AOIP01000022.1_35	28.6	315	212	5	386	693	225	533	3.20e-25	105
CP095494.1_51	NC_013748.1_28	28.2	316	213	5	385	693	242	550	3.49e-25	105
CP095494.1_51	JAJCVI010000002.1_570	35.2	142	87	2	16	154	5	144	1.30e-15	75.9
CP095494.1_52	CP095494.1_52	100	818	0	0	1	818	1	818	0.0	1635
CP095494.1_52	CP019329.1_57	78.9	806	169	1	10	815	13	817	0.0	1301
CP095494.1_52	CP119801.1_26	77.4	818	182	1	1	818	1	815	0.0	1283
CP095494.1_52	SRIF01000015.1_56	65.6	811	274	4	11	817	6	815	0.0	1050
CP095494.1_52	CP100004.1_22	57.5	812	315	10	10	813	1	790	2.14e-315	879
CP095494.1_52	NC_015659.1_84	54.5	804	334	7	17	813	8	786	1.65e-288	810
CP095494.1_52	CP031299.1_28	53.3	799	350	7	17	813	9	786	6.58e-283	796
CP095494.1_52	JDTG01000019.1_101	53.3	799	350	7	17	813	9	786	6.58e-283	796
CP095494.1_52	NC_013748.1_29	53.6	800	342	9	17	813	9	782	1.87e-281	792
CP095494.1_52	AOIP01000022.1_36	53.2	801	350	7	17	813	9	788	4.61e-281	791
CP095494.1_52	AOIO01000049.1_112	53.1	801	351	7	17	813	9	788	5.29e-280	788
CP095494.1_52	WSZK01000033.1_21	51.3	822	377	9	1	815	1	806	4.78e-267	756
CP095494.1_52	Eyresouth_NODE_101_length_48437_cov_7.17035_28	51.1	818	362	11	15	813	26	824	1.74e-264	750
CP095494.1_52	Frome_NODE_383_length_24936_cov_4.316346_20	51.1	818	362	11	15	813	26	824	1.74e-264	750
CP095494.1_52	LWLN01000003.1_29	49.4	820	386	12	10	817	27	829	4.55e-263	747
CP095494.1_52	AOLZ01000012.1_35	48.7	821	398	11	6	817	19	825	4.54e-262	744
CP095494.1_52	CP019286.1_34	48.7	821	398	11	6	817	19	825	4.54e-262	744
CP095494.1_52	Eyre_NODE_236_length_33155_cov_19.932_26	50.2	817	371	10	15	813	26	824	4.54e-262	744
CP095494.1_52	RJJW01000001.1_46	49.5	825	369	11	15	815	9	809	8.28e-261	740
CP095494.1_52	SJER01000008.1_144	45.5	816	413	12	13	815	16	812	1.92e-239	686
CP095494.1_52	QKNW01000002.1_20	44.2	837	414	18	12	815	40	856	8.54e-213	619
CP095494.1_52	CP084476.1_52	44.4	807	428	11	15	815	7	798	3.90e-210	610
CP095494.1_52	JAAOHU010000009.1_54	41.8	842	442	13	1	813	1	823	4.42e-209	608
CP095494.1_52	LOAJ01000002.1_44	41.3	819	448	10	16	810	21	830	5.61e-201	588
CP095494.1_52	CP101158.1_93	42.2	819	441	12	16	810	13	823	9.76e-197	577
CP095494.1_53	CP095494.1_53	100	320	0	0	1	320	1	320	1.79e-236	639
CP095494.1_53	CP019329.1_55	69.0	316	98	0	5	320	7	322	4.14e-169	468
CP095494.1_53	CP119801.1_25	70.6	316	93	0	5	320	5	320	1.56e-168	467
CP095494.1_53	SRIF01000015.1_55	52.9	314	146	1	8	319	5	318	2.72e-114	329
CP095494.1_53	NC_013748.1_30	40.8	294	162	5	24	312	22	308	1.41e-73	225
CP095494.1_53	CP100004.1_23	40.9	296	165	6	30	320	35	325	3.38e-71	219
CP095494.1_53	CP031299.1_29	38.6	306	167	7	12	312	18	307	4.88e-71	219
CP095494.1_53	JDTG01000019.1_102	38.6	306	167	7	12	312	18	307	4.88e-71	219
CP095494.1_53	AOIO01000049.1_113	39.7	290	171	4	24	312	23	309	1.03e-70	218
CP095494.1_53	AOIP01000022.1_37	39.3	290	172	4	24	312	23	309	1.46e-70	218
CP095494.1_53	NC_015659.1_83	38.9	298	170	5	20	312	19	309	3.27e-69	214
CP095494.1_53	Eyre_NODE_236_length_33155_cov_19.932_25	36.1	319	188	7	10	318	8	320	1.76e-61	194
CP095494.1_53	Eyresouth_NODE_101_length_48437_cov_7.17035_29	36.1	319	188	7	10	318	8	320	2.48e-61	194
CP095494.1_53	Frome_NODE_383_length_24936_cov_4.316346_21	36.1	319	188	7	10	318	8	320	3.50e-61	194
CP095494.1_53	WSZK01000033.1_20	37.0	319	174	8	15	318	44	350	6.00e-60	191
CP095494.1_53	LWLN01000003.1_30	36.5	310	176	6	18	319	7	303	1.04e-57	184
CP095494.1_53	RJJW01000001.1_47	35.5	304	188	7	5	305	4	302	1.54e-57	184
CP095494.1_53	CP084476.1_51	33.0	306	191	7	19	319	6	302	1.15e-48	161
CP095494.1_54	CP095494.1_54	100	120	0	0	1	120	1	120	5.07e-83	234
CP095494.1_55	CP095494.1_55	100	86	0	0	1	86	1	86	1.37e-62	180
CP095494.1_56	CP095494.1_56	100	183	0	0	1	183	1	183	1.78e-136	374
CP095494.1_57	CP095494.1_57	100	372	0	0	1	372	1	372	2.36e-265	716
CP095494.1_58	CP095494.1_58	100	261	0	0	1	261	1	261	8.44e-185	503
CP095494.1_59	CP095494.1_59	100	200	0	0	1	200	1	200	3.39e-147	403
CP095494.1_60	CP095494.1_60	100	223	0	0	1	223	1	223	8.12e-155	424
CP095494.1_61	CP095494.1_61	100	83	0	0	1	83	1	83	4.72e-55	160
CP095494.1_62	CP095494.1_62	100	173	0	0	1	173	1	173	2.98e-121	335
CP095494.1_62	AOIP01000022.1_41	82.7	173	30	0	1	173	1	173	1.01e-103	291
CP095494.1_63	CP095494.1_63	100	83	0	0	1	83	1	83	9.52e-55	160
CP095494.1_63	AOLZ01000012.1_46	87.8	82	10	0	2	83	300	381	2.46e-45	145
CP095494.1_63	CP019286.1_23	87.8	82	10	0	2	83	300	381	2.46e-45	145
CP095494.1_63	NC_013748.1_37	85.4	82	10	1	2	81	287	368	1.96e-41	134
CP095494.1_63	AOIP01000022.1_45	81.0	84	14	1	2	83	290	373	8.69e-40	130
CP095494.1_63	LWLN01000003.1_42	71.4	84	20	1	2	81	288	371	6.33e-34	115
CP095494.1_63	CP119801.1_19	57.0	79	34	0	2	80	307	385	1.69e-25	92.8
CP095494.1_63	CP031299.1_40	58.0	81	30	3	2	80	302	380	2.99e-23	86.7
CP095494.1_63	JDTG01000019.1_113	58.0	81	30	3	2	80	302	380	2.99e-23	86.7
CP095494.1_63	JAAOHU010000009.1_51	50.6	77	36	2	5	80	290	365	1.46e-17	70.9
CP095494.1_63	Gairdner_NODE_107_length_49922_cov_74.384603_35	43.0	79	45	0	2	80	298	376	7.44e-17	68.9
CP095494.1_64	CP095494.1_64	100	216	0	0	1	216	1	216	1.32e-170	463
CP095494.1_65	CP095494.1_65	100	177	0	0	1	177	1	177	6.42e-118	327
CP095494.1_66	CP095494.1_66	100	41	0	0	1	41	1	41	6.40e-26	84.3
