CP099999.1_12	CP099999.1_12	100	57	0	0	1	57	1	57	2.33e-39	119
CP099999.1_13	CP099999.1_13	100	75	0	0	1	75	1	75	4.43e-54	157
CP099999.1_14	CP099999.1_14	100	101	0	0	1	101	1	101	3.07e-75	213
CP099999.1_15	CP099999.1_15	100	83	0	0	1	83	1	83	1.34e-63	182
CP099999.1_16	CP099999.1_16	100	111	0	0	1	111	1	111	1.70e-79	224
CP099999.1_17	CP099999.1_17	100	71	0	0	1	71	1	71	5.85e-46	137
CP099999.1_18	CP099999.1_18	100	83	0	0	1	83	1	83	1.06e-60	175
CP099999.1_19	CP099999.1_19	100	81	0	0	1	81	1	81	1.08e-59	172
CP099999.1_20	CP099999.1_20	100	68	0	0	1	68	1	68	3.58e-50	147
CP099999.1_21	CP099999.1_21	100	65	0	0	1	65	1	65	8.03e-48	141
CP099999.1_22	CP099999.1_22	100	189	0	0	1	189	1	189	1.45e-147	403
CP099999.1_23	CP099999.1_23	100	72	0	0	1	72	1	72	5.75e-51	149
CP099999.1_24	CP099999.1_24	100	43	0	0	1	43	1	43	1.00e-23	79.0
CP099999.1_25	CP099999.1_25	100	124	0	0	1	124	1	124	1.01e-84	239
CP099999.1_25	FNFE01000011.1_40	60.7	117	46	0	4	120	4	120	2.13e-45	139
CP099999.1_25	LWLN01000003.1_39	45.5	121	63	1	1	121	1	118	1.65e-29	99.4
CP099999.1_25	CP084476.1_44	53.8	91	40	2	8	97	5	94	2.29e-25	89.0
CP099999.1_25	AOLZ01000012.1_41	54.9	82	37	0	12	93	9	90	4.57e-24	85.5
CP099999.1_25	CP019286.1_28	54.9	82	37	0	12	93	9	90	4.57e-24	85.5
CP099999.1_26	CP099999.1_26	100	814	0	0	1	814	1	814	0.0	1631
CP099999.1_26	FNFE01000011.1_39	71.5	814	230	2	1	812	1	814	0.0	1169
CP099999.1_26	JAAOHU010000009.1_54	43.7	826	425	12	11	813	12	820	7.65e-212	615
CP099999.1_26	CP101158.1_93	41.4	842	435	14	5	813	7	823	3.04e-197	578
CP099999.1_26	CP119801.1_26	41.5	828	428	11	9	812	11	806	9.22e-190	558
CP099999.1_26	SRIF01000015.1_56	40.8	833	428	13	11	813	11	808	9.67e-187	551
CP099999.1_26	CP019329.1_57	40.8	828	435	14	9	813	17	812	1.28e-184	545
CP099999.1_26	LOAJ01000002.1_44	41.0	825	452	15	10	813	20	830	2.07e-184	545
CP099999.1_26	CP100004.1_22	42.0	781	415	13	41	813	37	787	1.29e-183	542
CP099999.1_26	CP095494.1_52	40.0	830	438	12	9	812	14	809	1.91e-180	535
CP099999.1_26	KX906370.1_107	40.7	799	424	16	44	813	51	828	2.12e-180	535
CP099999.1_26	Gairdner_NODE_107_length_49922_cov_74.384603_31	38.6	813	455	12	9	812	6	783	7.10e-178	527
CP099999.1_26	CP031299.1_28	41.5	772	413	13	44	809	41	779	5.95e-177	525
CP099999.1_26	JDTG01000019.1_101	41.5	772	413	13	44	809	41	779	5.95e-177	525
CP099999.1_26	NC_013748.1_29	40.7	782	423	12	33	809	30	775	2.09e-176	523
CP099999.1_26	KX687704.1_26	39.0	828	469	14	10	813	20	835	1.08e-175	523
CP099999.1_26	FOXI01000018.1_35	39.9	815	443	12	9	813	6	783	3.37e-175	520
CP099999.1_26	JAANTI010000009.1_19	39.9	815	443	12	9	813	6	783	3.37e-175	520
CP099999.1_26	NC_015659.1_84	41.4	771	416	12	44	809	40	779	2.91e-174	518
CP099999.1_26	AOIP01000022.1_36	40.4	785	427	14	34	810	31	782	1.51e-171	511
CP099999.1_26	AOIO01000049.1_112	40.3	785	428	14	34	810	31	782	4.22e-171	509
CP099999.1_26	Eyresouth_NODE_101_length_48437_cov_7.17035_28	39.2	827	447	16	11	813	27	821	1.26e-170	509
CP099999.1_26	Frome_NODE_383_length_24936_cov_4.316346_20	39.2	827	447	16	11	813	27	821	1.26e-170	509
CP099999.1_26	LWLN01000003.1_29	38.9	821	457	14	9	813	31	822	6.16e-169	505
CP099999.1_26	BBJN01000020.1_48	38.5	824	449	12	9	813	6	790	1.09e-168	503
CP099999.1_27	CP099999.1_27	100	612	0	0	1	612	1	612	0.0	1218
CP099999.1_27	AOLZ01000012.1_34	55.9	667	225	12	1	603	1	662	1.12e-241	678
CP099999.1_27	CP019286.1_35	55.9	667	225	12	1	603	1	662	1.12e-241	678
CP099999.1_27	FNFE01000011.1_37	55.9	657	226	12	2	604	3	649	6.19e-235	660
CP099999.1_27	LWLN01000003.1_28	48.5	712	239	8	1	603	1	693	3.36e-218	620
CP099999.1_27	CP019329.1_60	51.9	655	257	7	5	604	8	659	4.05e-218	618
CP099999.1_27	CP119801.1_28	42.1	611	334	10	1	601	1	601	4.29e-135	404
CP099999.1_27	SRIF01000015.1_58	38.0	616	327	14	22	588	23	632	1.81e-109	339
CP099999.1_27	SJER01000008.1_143	35.0	618	352	14	17	591	26	636	1.45e-94	300
CP099999.1_27	CP095494.1_51	48.2	328	163	2	275	601	381	702	5.92e-94	300
CP099999.1_27	JAAOHU010000009.1_55	33.2	593	331	10	6	591	9	543	9.66e-93	293
CP099999.1_27	JAJCVI010000007.1_29	32.6	608	366	10	13	608	67	642	2.35e-84	273
CP099999.1_27	JAJCVI010000002.1_570	28.0	599	378	14	18	583	6	584	1.01e-42	158
CP099999.1_27	RJJW01000001.1_45	26.2	618	368	22	28	583	59	650	5.00e-29	117
CP099999.1_27	Gairdner_NODE_167_length_41210_cov_9.888325_19	29.4	316	210	7	275	582	406	716	2.86e-19	87.4
CP099999.1_28	CP099999.1_28	100	445	0	0	1	445	1	445	1.52e-314	847
CP099999.1_28	FNFE01000011.1_36	65.3	453	149	2	1	445	1	453	1.36e-198	553
CP099999.1_28	AOLZ01000012.1_33	66.7	450	143	5	1	445	2	449	9.88e-193	538
CP099999.1_28	CP019286.1_36	66.7	450	143	5	1	445	2	449	9.88e-193	538
CP099999.1_28	CP019329.1_61	67.8	395	118	2	56	445	85	475	2.22e-183	516
CP099999.1_28	LWLN01000003.1_27	62.0	429	159	3	19	445	18	444	8.38e-171	483
CP099999.1_28	CP119801.1_29	53.2	444	188	5	2	430	3	441	7.39e-143	412
CP099999.1_28	CP095494.1_50	51.7	435	198	3	4	430	3	433	3.08e-140	405
CP099999.1_28	SRIF01000015.1_59	53.6	379	175	1	41	418	52	430	6.35e-130	379
CP099999.1_28	JAAOHU010000009.1_56	52.8	369	172	2	56	422	78	446	7.23e-122	359
CP099999.1_28	SJER01000008.1_142	51.1	364	176	2	59	420	102	465	1.92e-116	346
CP099999.1_28	JAJCVI010000007.1_28	45.8	378	200	3	57	432	77	451	1.05e-101	307
CP099999.1_28	Gairdner_NODE_107_length_49922_cov_74.384603_28	39.4	363	202	7	56	416	49	395	3.03e-64	208
CP099999.1_28	FOXI01000018.1_40	39.1	361	200	8	53	410	59	402	4.20e-64	208
CP099999.1_28	JAANTI010000009.1_15	39.1	361	200	8	53	410	59	402	4.20e-64	208
CP099999.1_28	BBJN01000020.1_45	36.8	375	217	7	45	416	45	402	1.96e-63	206
CP099999.1_28	CP101158.1_90	32.8	436	245	11	10	410	5	427	2.39e-55	186
CP099999.1_28	WSZK01000033.1_23	35.5	363	214	8	52	410	68	414	2.61e-55	186
CP099999.1_28	CP100004.1_17	34.0	379	231	8	44	418	44	407	1.10e-54	183
CP099999.1_28	LOAJ01000002.1_46	33.4	365	227	8	52	413	73	424	8.75e-52	176
CP099999.1_28	CP084476.1_54	34.6	413	230	13	13	410	13	400	5.09e-50	171
CP099999.1_28	AOJE01000025.1_39	34.4	372	217	10	52	415	66	418	1.81e-49	170
CP099999.1_28	NC_013748.1_27	34.1	367	216	8	49	410	53	398	7.20e-48	165
CP099999.1_28	JAJCVI010000002.1_569	32.3	402	244	8	47	444	62	439	1.56e-47	165
CP099999.1_28	NC_015659.1_86	34.5	371	216	9	45	410	50	398	1.01e-46	162
CP099999.1_29	CP099999.1_29	100	327	0	0	1	327	1	327	2.71e-230	624
CP099999.1_29	AOLZ01000012.1_32	63.0	332	118	2	1	327	1	332	2.97e-140	396
CP099999.1_29	CP019286.1_37	63.0	332	118	2	1	327	1	332	2.97e-140	396
CP099999.1_29	FNFE01000011.1_35	64.2	327	113	2	5	327	1	327	1.92e-137	389
CP099999.1_29	CP019329.1_62	58.8	318	130	1	1	317	1	318	6.10e-128	365
CP099999.1_29	LWLN01000003.1_26	56.2	315	136	1	3	315	4	318	7.91e-112	324
CP099999.1_29	CP119801.1_30	40.7	305	174	2	1	298	1	305	3.29e-64	202
CP099999.1_29	CP095494.1_49	38.3	313	182	5	1	304	1	311	3.55e-56	182
CP099999.1_29	SJER01000008.1_141	31.3	313	206	5	3	306	15	327	2.99e-37	133
CP099999.1_29	JAAOHU010000009.1_57	31.3	304	199	5	13	306	22	325	4.89e-33	121
CP099999.1_29	CP101161.1_3066	28.6	199	131	5	16	205	10	206	4.77e-15	70.5
CP099999.1_30	CP099999.1_30	100	222	0	0	1	222	1	222	1.04e-161	441
CP099999.1_30	AOLZ01000012.1_31	63.6	206	74	1	12	216	13	218	6.00e-92	265
CP099999.1_30	CP019286.1_38	63.6	206	74	1	12	216	13	218	6.00e-92	265
CP099999.1_30	FNFE01000011.1_34	59.7	221	84	3	1	219	1	218	9.51e-86	249
CP099999.1_30	CP019329.1_63	53.9	228	96	3	1	220	1	227	1.15e-78	231
CP099999.1_30	LWLN01000003.1_25	53.2	216	98	3	5	217	3	218	1.62e-69	208
CP099999.1_30	SJER01000008.1_140	43.6	204	103	4	20	213	12	213	2.73e-44	144
CP099999.1_30	SRIF01000015.1_61	36.0	222	126	3	14	219	12	233	1.09e-36	124
CP099999.1_30	Eyre_NODE_236_length_33155_cov_19.932_30	29.1	223	147	2	6	219	7	227	1.34e-23	90.9
CP099999.1_30	KX906370.1_103	29.7	148	102	1	23	170	24	169	3.77e-22	85.9
CP099999.1_30	KX687704.1_22	28.6	175	121	2	23	195	24	196	5.27e-22	85.5
CP099999.1_30	NC_015659.1_88	29.7	165	103	5	22	177	9	169	1.45e-16	70.9
CP099999.1_30	NC_013748.1_25	24.2	182	125	4	21	195	7	182	1.91e-14	65.1
CP099999.1_30	AOIP01000022.1_32	28.8	160	101	5	22	172	9	164	1.94e-14	65.1
CP099999.1_30	AOIO01000049.1_108	28.8	160	101	5	22	172	9	164	3.72e-14	64.3
CP099999.1_30	CP084476.1_56	25.8	178	117	5	22	191	9	179	5.14e-14	63.9
CP099999.1_30	CP031299.1_24	23.3	180	116	4	27	186	12	189	1.48e-10	54.3
CP099999.1_30	JDTG01000019.1_97	23.3	180	116	4	27	186	12	189	1.48e-10	54.3
CP099999.1_31	CP099999.1_31	100	106	0	0	1	106	1	106	1.54e-75	214
CP099999.1_31	FNFE01000011.1_33	61.6	73	28	0	33	105	1	73	4.52e-31	101
CP099999.1_31	CP019329.1_64	63.6	66	24	0	40	105	8	73	4.02e-26	89.0
CP099999.1_32	CP099999.1_32	100	105	0	0	1	105	1	105	3.26e-72	206
CP099999.1_32	FNFE01000011.1_32	57.3	103	44	0	1	103	1	103	2.26e-38	120
CP099999.1_32	LWLN01000003.1_23	53.3	105	49	0	1	105	1	105	1.24e-35	113
CP099999.1_32	CP101158.1_86	31.1	90	51	4	1	84	3	87	7.16e-04	32.0
CP099999.1_33	CP099999.1_33	100	96	0	0	1	96	1	96	3.18e-59	172
CP099999.1_33	LWLN01000003.1_22	63.4	101	32	1	1	96	1	101	7.01e-32	103
CP099999.1_33	AOLZ01000012.1_28	57.0	93	40	0	1	93	1	93	1.19e-28	95.5
CP099999.1_33	CP019286.1_41	57.0	93	40	0	1	93	1	93	1.19e-28	95.5
CP099999.1_33	CP019329.1_66	60.8	79	31	0	1	79	1	79	2.75e-28	94.7
CP099999.1_33	FNFE01000011.1_31	57.3	82	35	0	1	82	1	82	1.80e-27	92.4
CP099999.1_33	CP119801.1_34	46.7	60	32	0	2	61	3	62	1.86e-12	53.5
CP099999.1_33	CP095494.1_45	41.7	60	35	0	2	61	3	62	4.77e-10	47.4
CP099999.1_33	SRIF01000015.1_65	43.5	46	26	0	15	60	15	60	1.50e-05	35.8
CP099999.1_34	CP099999.1_34	100	420	0	0	1	420	1	420	6.58e-310	833
CP099999.1_34	CP019286.1_42	55.9	422	179	6	1	417	1	420	2.34e-161	457
CP099999.1_34	AOLZ01000012.1_27	55.7	418	179	5	1	413	1	417	2.63e-160	455
CP099999.1_34	CP019329.1_67	51.8	423	192	7	1	413	1	421	2.31e-147	422
CP099999.1_34	FNFE01000011.1_30	53.7	389	173	6	21	405	2	387	7.85e-145	414
CP099999.1_34	LWLN01000003.1_21	57.0	309	127	6	103	408	1	306	5.47e-120	348
CP099999.1_34	SJER01000008.1_136	39.8	374	204	10	52	415	58	420	1.27e-74	235
CP099999.1_34	JAAOHU010000009.1_62	38.8	371	206	10	45	405	49	408	5.10e-69	221
CP099999.1_34	SRIF01000015.1_66	39.9	301	159	10	117	404	3	294	7.90e-59	190
CP099999.1_34	NC_013748.1_21	37.3	260	149	4	146	396	36	290	3.29e-55	181
CP099999.1_34	AOIP01000022.1_28	37.6	282	159	6	126	396	4	279	9.50e-55	180
CP099999.1_34	NC_015659.1_92	36.1	285	163	5	126	396	5	284	1.87e-54	179
CP099999.1_34	AOIO01000049.1_99	37.5	283	159	7	126	396	4	280	5.67e-53	175
CP099999.1_34	BBJN01000020.1_39	34.6	283	167	7	120	394	7	279	8.11e-50	166
CP099999.1_34	RJJW01000001.1_38	33.7	312	190	9	116	417	7	311	5.13e-49	165
CP099999.1_34	WSZK01000033.1_29	33.7	297	177	8	118	404	5	291	5.52e-47	159
CP099999.1_34	FOXI01000018.1_47	33.0	282	171	7	121	394	9	280	1.92e-46	157
CP099999.1_34	JAANTI010000009.1_8	33.0	282	171	7	121	394	9	280	1.92e-46	157
CP099999.1_34	Gairdner_NODE_107_length_49922_cov_74.384603_21	35.8	293	166	11	128	408	13	295	2.83e-46	157
CP099999.1_34	LOAJ01000002.1_52	30.6	304	177	7	119	404	7	294	2.59e-43	149
CP099999.1_34	AOJE01000025.1_34	32.3	291	173	9	122	404	8	282	1.71e-42	147
CP099999.1_34	CP101158.1_84	30.6	297	174	13	123	394	13	302	1.58e-32	121
CP099999.1_35	CP099999.1_35	100	117	0	0	1	117	1	117	3.47e-84	237
CP099999.1_35	FNFE01000011.1_29	59.1	115	47	0	1	115	1	115	9.88e-50	150
CP099999.1_35	CP119801.1_38	51.4	111	54	0	3	113	21	131	2.34e-37	119
CP099999.1_35	CP095494.1_41	50.5	111	55	0	3	113	21	131	1.55e-35	114
CP099999.1_35	SRIF01000015.1_69	44.3	115	61	1	3	114	19	133	3.06e-28	96.3
CP099999.1_36	CP099999.1_36	100	225	0	0	1	225	1	225	6.00e-167	455
CP099999.1_36	NC_015659.1_94	45.9	222	115	2	6	223	10	230	5.62e-61	187
CP099999.1_36	CP095494.1_39	44.4	223	117	4	6	223	10	230	1.64e-60	186
CP099999.1_36	CP019329.1_70	45.3	232	114	7	3	224	21	249	6.61e-59	182
CP099999.1_36	AOLZ01000012.1_23	45.3	223	114	6	6	223	9	228	6.42e-58	179
CP099999.1_36	CP019286.1_46	45.3	223	114	6	6	223	9	228	6.42e-58	179
CP099999.1_36	FNFE01000011.1_27	44.0	225	117	6	5	224	8	228	1.52e-55	173
CP099999.1_36	CP084476.1_63	42.4	229	119	6	2	223	30	252	3.39e-51	162
CP099999.1_36	NC_013748.1_18	39.2	222	128	4	6	223	7	225	2.54e-47	152
CP099999.1_36	LWLN01000003.1_19	38.0	234	132	6	2	223	3	235	7.21e-44	143
CP099999.1_37	CP099999.1_37	100	135	0	0	1	135	1	135	9.33e-93	260
CP099999.1_37	CP095494.1_38	42.5	120	63	3	15	132	18	133	5.54e-23	83.6
CP099999.1_37	CP119801.1_41	41.7	103	59	1	34	135	37	139	9.29e-19	72.8
CP099999.1_38	CP099999.1_38	100	355	0	0	1	355	1	355	2.72e-212	580
CP099999.1_38	CP095494.1_37	49.1	330	158	8	1	321	1	329	3.36e-85	257
CP099999.1_38	AOIP01000022.1_24	41.2	330	185	7	1	321	1	330	7.28e-70	218
CP099999.1_38	FNFE01000011.1_24	50.8	236	109	6	93	325	91	322	2.93e-63	201
CP099999.1_38	LWLN01000003.1_16	37.8	381	210	11	1	355	1	380	1.95e-53	176
CP099999.1_38	NC_015659.1_96	36.4	327	183	10	1	317	49	360	1.13e-39	140
CP099999.1_38	AOIO01000049.1_95	32.6	331	202	9	1	321	1	320	3.41e-38	135
CP099999.1_38	CP019329.1_72	32.0	341	203	8	1	321	1	332	2.26e-35	128
CP099999.1_38	CP031299.1_15	31.6	374	212	12	10	355	10	367	1.05e-26	104
CP099999.1_38	JDTG01000019.1_88	31.6	374	212	12	10	355	10	367	1.05e-26	104
CP099999.1_39	CP099999.1_39	100	256	0	0	1	256	1	256	6.03e-196	531
CP099999.1_39	AOIP01000022.1_23	43.1	253	141	2	5	254	4	256	8.40e-77	229
CP099999.1_39	JDTG01000019.1_83	43.4	258	141	3	4	256	5	262	1.31e-71	216
CP099999.1_39	CP031299.1_10	44.8	201	108	2	59	256	6	206	2.76e-60	185
CP099999.1_39	CP101158.1_76	33.9	254	155	7	2	242	19	272	3.92e-40	136
CP099999.1_39	AOIR01000042.1_45	29.2	243	151	7	5	239	22	251	2.26e-24	94.4
CP099999.1_39	NC_013748.1_12	29.7	202	121	6	28	225	133	317	7.78e-18	77.4
CP099999.1_40	CP099999.1_40	100	506	0	0	1	506	1	506	0.0	994
CP099999.1_40	AOIP01000022.1_22	53.7	520	213	8	1	500	1	512	7.84e-172	490
CP099999.1_40	CP084476.1_75	52.7	522	217	9	1	500	1	514	3.79e-165	473
CP099999.1_40	JDTG01000019.1_82	50.3	527	228	12	6	506	8	526	3.04e-148	431
CP099999.1_40	CP119801.1_44	49.1	519	227	14	2	491	5	515	2.78e-140	410
CP099999.1_40	CP101158.1_75	45.5	501	252	8	13	495	25	522	3.81e-123	367
CP099999.1_40	Gairdner_NODE_167_length_41210_cov_9.888325_31	37.5	531	275	13	5	490	16	534	1.93e-92	288
CP099999.1_40	CP031299.1_9	58.7	254	93	4	205	454	14	259	7.87e-85	260
CP099999.1_40	JAAOHU010000009.1_3	36.9	529	288	16	1	498	1	514	8.20e-77	246
CP099999.1_40	NC_013748.1_10	38.4	456	235	12	69	490	71	514	6.55e-76	244
CP099999.1_40	Eyresouth_NODE_101_length_48437_cov_7.17035_10	36.2	505	289	14	15	499	46	537	2.58e-71	232
CP099999.1_40	CP095494.1_35	35.8	537	275	22	6	491	3	520	3.43e-67	221
CP099999.1_40	AOLZ01000012.1_20	34.8	480	263	13	35	482	44	505	2.53e-65	216
CP099999.1_40	CP019286.1_49	34.8	480	263	13	35	482	44	505	2.53e-65	216
CP099999.1_40	FNFE01000011.1_20	34.7	531	266	18	5	490	3	497	2.95e-64	213
CP099999.1_40	Frome_NODE_383_length_24936_cov_4.316346_2	35.2	458	267	13	15	455	46	490	9.41e-63	209
CP099999.1_40	CP019329.1_79	35.1	516	269	19	5	482	4	491	4.83e-61	204
CP099999.1_40	FOXI01000018.1_54	33.8	535	299	18	10	501	8	530	9.00e-60	201
CP099999.1_40	KX687704.1_8	34.5	455	242	13	66	482	96	532	1.82e-59	201
CP099999.1_40	KX906370.1_89	34.5	455	242	13	66	482	96	532	1.82e-59	201
CP099999.1_40	JAJCVI010000002.1_558	34.1	496	279	18	30	498	52	526	2.22e-58	197
CP099999.1_40	Gairdner_NODE_107_length_49922_cov_74.384603_13	35.4	452	244	15	30	455	47	476	5.42e-58	196
CP099999.1_40	BBJN01000020.1_33	31.4	487	303	13	33	505	56	525	3.57e-57	194
CP099999.1_40	JAANTI010000009.1_1	34.4	462	255	15	78	501	9	460	1.15e-56	191
CP099999.1_40	LOAJ01000002.1_60	35.3	439	231	13	80	482	118	539	2.85e-55	190
CP099999.1_41	CP099999.1_41	100	1210	0	0	1	1210	1	1210	0.0	2293
CP099999.1_41	CP101158.1_74	41.9	1024	517	23	229	1194	215	1218	2.90e-217	657
CP099999.1_41	AOIP01000022.1_21	37.3	855	466	23	346	1169	378	1193	6.68e-150	478
CP099999.1_41	JDTG01000019.1_81	36.2	878	481	23	346	1181	374	1214	1.25e-149	478
CP099999.1_41	CP095494.1_33	38.2	844	458	22	346	1168	370	1170	4.69e-149	476
CP099999.1_41	CP095494.1_34	35.9	861	475	19	339	1172	249	1059	7.84e-142	453
CP099999.1_41	CP119801.1_45	35.4	847	476	21	346	1168	206	1005	3.83e-137	439
CP099999.1_41	AOLZ01000012.1_19	35.5	853	490	24	347	1167	379	1203	1.59e-135	440
CP099999.1_41	CP019286.1_50	35.5	853	490	24	347	1167	379	1203	1.59e-135	440
CP099999.1_41	JDTG01000019.1_67	33.9	864	505	21	342	1171	449	1280	4.75e-122	404
CP099999.1_41	NC_015659.1_102	32.5	852	507	25	344	1166	273	1085	1.92e-117	388
CP099999.1_41	FNFE01000011.1_19	33.9	862	507	24	344	1180	274	1097	6.34e-117	386
CP099999.1_41	AOIO01000049.1_89	32.6	872	508	24	344	1187	260	1079	3.55e-112	373
CP099999.1_41	CP084476.1_77	32.9	860	482	26	347	1165	48	853	6.67e-109	359
CP099999.1_41	JAAOHU010000009.1_4	29.4	888	548	22	341	1199	408	1245	1.54e-104	354
CP099999.1_41	NC_013748.1_9	32.3	880	511	27	344	1176	279	1120	3.31e-102	346
CP099999.1_41	CP019329.1_80	29.8	886	512	26	344	1169	286	1121	4.22e-100	340
CP099999.1_41	LOAJ01000002.1_61	26.1	1308	729	52	11	1166	165	1387	5.82e-75	268
CP099999.1_41	Gairdner_NODE_167_length_41210_cov_9.888325_32	27.2	852	517	34	347	1153	574	1367	4.52e-68	247
CP099999.1_41	SRIF01000015.1_79	24.0	871	547	27	347	1149	352	1175	1.94e-47	181
CP099999.1_41	QKNW01000002.1_41	23.5	867	541	28	344	1146	577	1385	7.06e-44	169
CP099999.1_41	AOIR01000042.1_43	24.1	1166	754	46	87	1183	90	1193	2.53e-39	154
CP099999.1_41	JAJCVI010000007.1_13	27.1	343	236	7	835	1167	494	832	5.77e-34	136
CP099999.1_41	CP031299.1_6	31.9	276	154	9	524	795	2	247	1.39e-23	98.6
CP099999.1_42	CP099999.1_42	100	249	0	0	1	249	1	249	1.42e-186	506
CP099999.1_42	JAAOHU010000009.1_6	40.8	250	145	2	1	247	1	250	2.08e-63	194
CP099999.1_43	CP099999.1_43	100	66	0	0	1	66	1	66	8.03e-44	131
CP099999.1_43	CP095494.1_31	77.3	66	15	0	1	66	1	66	1.85e-31	100
CP099999.1_43	NC_013748.1_7	56.7	67	28	1	1	66	1	67	3.15e-21	74.3
CP099999.1_44	CP099999.1_44	100	122	0	0	1	122	1	122	3.67e-77	219
CP099999.1_44	CP101158.1_69	46.6	131	60	6	1	122	25	154	9.51e-18	70.1
CP099999.1_44	AOIO01000049.1_83	42.7	96	51	2	28	122	56	148	1.42e-15	64.3
CP099999.1_44	SJER01000008.1_123	40.3	119	58	5	1	119	23	128	3.44e-12	55.1
CP099999.1_44	CP095494.1_28	48.5	103	43	5	1	100	27	122	6.76e-12	54.7
CP099999.1_44	SJER01000008.1_122	36.1	119	67	4	1	115	23	136	1.80e-10	50.8
CP099999.1_44	JDTG01000019.1_71	37.9	116	61	3	1	115	28	133	1.28e-09	48.5
CP099999.1_44	SJER01000008.1_124	37.0	119	60	4	1	119	24	127	2.92e-09	47.4
CP099999.1_44	CP119801.1_55	66.7	39	13	0	1	39	1	39	1.25e-07	43.5
CP099999.1_44	LWLN01000003.1_3	39.4	109	59	6	1	107	28	131	1.13e-05	38.1
CP099999.1_44	LWLN01000003.1_2	58.7	46	15	3	1	45	28	70	8.20e-05	35.8
CP099999.1_45	CP099999.1_45	100	152	0	0	1	152	1	152	1.32e-107	299
CP099999.1_45	JAJCVI010000002.1_557	36.3	113	68	1	2	114	11	119	6.09e-17	72.4
CP099999.1_46	CP099999.1_46	100	92	0	0	1	92	1	92	1.87e-65	187
CP099999.1_46	CP119801.1_49	44.2	86	41	2	12	90	15	100	1.04e-15	62.4
CP099999.1_46	CP084476.1_81	42.4	85	42	3	12	89	15	99	2.09e-15	61.6
CP099999.1_46	CP095494.1_27	40.2	87	45	3	11	90	14	100	8.59e-15	60.1
CP099999.1_47	CP099999.1_47	100	139	0	0	1	139	1	139	1.26e-101	283
CP099999.1_48	CP099999.1_48	100	348	0	0	1	348	1	348	1.05e-249	674
CP099999.1_48	AOIP01000022.1_10	57.4	350	139	3	1	346	1	344	1.68e-138	393
CP099999.1_48	AOLZ01000012.1_11	51.0	343	166	2	1	343	1	341	4.91e-113	328
CP099999.1_48	CP019286.1_59	51.0	343	166	2	1	343	1	341	4.91e-113	328
CP099999.1_48	CP084476.1_87	50.1	351	164	3	1	346	1	345	3.80e-110	321
CP099999.1_48	CP101158.1_61	44.9	343	186	3	1	342	33	373	3.18e-96	286
CP099999.1_48	CP019329.1_94	39.4	325	189	7	1	321	9	329	3.68e-63	201
CP099999.1_48	FNFE01000011.1_12	34.7	346	222	3	1	345	1	343	1.31e-60	194
CP099999.1_48	CP101158.1_68	36.0	336	206	5	1	334	1	329	2.12e-59	191
CP099999.1_48	QKNW01000002.1_7	35.5	324	201	6	1	322	1	318	1.24e-50	167
CP099999.1_48	CP119801.1_56	32.9	334	204	5	1	322	1	326	4.08e-49	164
CP099999.1_48	JAJCVI010000002.1_546	33.6	318	195	8	1	312	1	308	4.15e-42	145
CP099999.1_49	CP099999.1_49	100	94	0	0	1	94	1	94	1.26e-64	186
CP099999.1_49	AOIP01000022.1_7	34.7	95	57	1	3	92	2	96	4.75e-14	58.2
CP099999.1_49	CP101158.1_60	28.7	87	59	1	9	92	1	87	2.69e-08	43.1
CP099999.1_49	AOIO01000049.1_78	28.2	78	53	2	10	87	3	77	1.46e-06	38.5
CP099999.1_50	CP099999.1_50	100	103	0	0	1	103	1	103	5.69e-72	205
CP099999.1_51	CP099999.1_51	100	206	0	0	1	206	1	206	2.17e-121	338
CP099999.1_51	CP101158.1_57	49.2	187	95	0	1	187	1	187	1.03e-40	133
CP099999.1_52	CP099999.1_52	100	690	0	0	1	690	1	690	0.0	1352
CP099999.1_52	CP101158.1_56	60.9	686	265	3	8	690	5	690	2.40e-292	811
CP099999.1_52	CP100004.1_28	41.8	704	374	14	9	690	9	698	2.23e-169	498
CP099999.1_52	JAAOHU010000009.1_19	42.9	680	358	16	28	690	41	707	2.32e-162	480
CP099999.1_52	Eyresouth_NODE_101_length_48437_cov_7.17035_1	44.3	235	125	5	9	241	11	241	2.17e-57	191
CP099999.1_52	AOIP01000022.1_37	38.1	215	125	5	10	223	8	215	2.33e-35	132
CP099999.1_52	NC_013748.1_30	34.8	230	142	5	10	238	7	229	3.10e-35	131
CP099999.1_52	AOIO01000049.1_113	38.1	215	125	5	10	223	8	215	2.02e-34	129
CP099999.1_52	CP031299.1_29	33.1	251	145	7	10	246	7	248	4.19e-33	125
CP099999.1_52	JDTG01000019.1_102	33.1	251	145	7	10	246	7	248	4.19e-33	125
CP099999.1_52	NC_015659.1_83	34.8	210	129	5	15	223	13	215	1.08e-30	118
CP099999.1_52	LWLN01000003.1_30	36.0	186	110	4	41	226	28	204	1.14e-27	109
CP099999.1_52	AOLZ01000012.1_36	31.6	190	119	5	38	226	23	202	7.59e-23	95.5
CP099999.1_52	CP019286.1_33	31.6	190	119	5	38	226	23	202	7.59e-23	95.5
CP099999.1_53	CP099999.1_53	100	77	0	0	1	77	1	77	2.44e-52	153
CP099999.1_54	CP099999.1_54	100	192	0	0	1	192	1	192	8.72e-146	399
CP099999.1_55	CP099999.1_55	100	103	0	0	1	103	1	103	1.76e-75	214
CP099999.1_56	CP099999.1_56	100	123	0	0	1	123	1	123	3.80e-93	260
