CP100004.1_1	CP100004.1_1	100	284	0	0	1	284	1	284	2.86e-183	501
CP100004.1_1	JAANTI010000009.1_1	46.9	273	128	4	1	261	177	444	9.23e-65	206
CP100004.1_1	FOXI01000018.1_54	46.9	273	128	4	1	261	247	514	4.26e-64	206
CP100004.1_1	SJER01000008.1_128	43.0	263	138	3	1	258	265	520	1.94e-58	191
CP100004.1_1	JAJCVI010000007.1_14	43.0	263	142	3	2	258	265	525	2.55e-57	188
CP100004.1_1	QKNW01000002.1_40	46.9	256	126	8	7	256	265	516	2.65e-45	156
CP100004.1_1	SRIF01000015.1_78	40.4	265	148	5	2	258	255	517	6.55e-45	155
CP100004.1_1	AOIP01000022.1_22	40.6	251	137	5	2	252	253	491	3.33e-40	142
CP100004.1_1	Eyre_NODE_236_length_33155_cov_19.932_44	41.0	249	127	6	16	256	1	237	3.96e-40	136
CP100004.1_1	CP084476.1_75	40.9	252	137	5	2	252	253	493	1.26e-39	140
CP100004.1_1	BBJN01000020.1_33	37.9	290	153	10	2	272	252	533	4.12e-39	139
CP100004.1_1	Eyresouth_NODE_101_length_48437_cov_7.17035_10	35.7	263	156	6	1	262	274	524	3.89e-37	134
CP100004.1_1	CP101161.1_3056	36.5	263	149	6	2	261	260	507	5.22e-37	133
CP100004.1_1	JAAOHU010000009.1_3	38.6	259	148	6	1	256	246	496	1.57e-36	132
CP100004.1_1	WSZK01000033.1_35	41.1	248	131	6	21	260	277	517	5.07e-36	130
CP100004.1_1	AOJE01000025.1_28	39.9	248	122	9	2	241	237	465	9.43e-36	129
CP100004.1_1	LWLN01000003.1_14	36.7	245	148	5	17	256	284	526	1.12e-35	130
CP100004.1_1	RJJW01000001.1_29	38.0	242	135	7	2	236	275	508	1.29e-33	124
CP100004.1_1	NC_013748.1_10	36.4	261	147	6	1	258	265	509	2.99e-31	117
CP100004.1_1	NC_015659.1_101	34.4	276	154	8	2	274	265	516	6.49e-29	110
CP100004.1_1	Frome_NODE_383_length_24936_cov_4.316346_2	36.5	230	131	8	1	228	274	490	1.78e-28	109
CP100004.1_1	FNFE01000011.1_20	34.6	263	141	9	1	258	256	492	2.96e-26	103
CP100004.1_2	CP100004.1_2	100	255	0	0	1	255	1	255	5.58e-196	531
CP100004.1_2	FOXI01000018.1_53	43.3	233	117	8	6	235	3	223	1.63e-60	187
CP100004.1_2	JAANTI010000009.1_2	43.3	233	117	8	6	235	3	223	1.63e-60	187
CP100004.1_2	SJER01000008.1_129	40.7	241	107	10	35	251	42	270	4.18e-50	161
CP100004.1_2	QKNW01000002.1_39	40.2	256	121	13	5	251	3	235	8.51e-48	155
CP100004.1_2	LWLN01000003.1_15	38.7	248	127	7	4	234	12	251	1.60e-47	154
CP100004.1_2	Frome_NODE_383_length_24936_cov_4.316346_3	37.0	270	137	9	4	251	9	267	7.24e-47	153
CP100004.1_2	Eyresouth_NODE_101_length_48437_cov_7.17035_11	36.4	269	139	9	4	251	9	266	4.34e-45	148
CP100004.1_2	Eyre_NODE_236_length_33155_cov_19.932_43	37.1	272	136	10	4	253	2	260	7.50e-44	145
CP100004.1_2	AOIR01000042.1_45	36.8	234	119	9	2	217	18	240	6.17e-38	130
CP100004.1_2	JAJCVI010000002.1_559	33.3	225	131	8	2	217	4	218	7.24e-28	103
CP100004.1_2	AOIP01000022.1_23	32.5	240	123	12	5	217	3	230	1.19e-25	97.4
CP100004.1_2	CP119801.1_43	31.7	243	129	9	1	217	1	232	1.72e-25	97.1
CP100004.1_2	NC_013748.1_12	29.5	207	123	7	35	230	138	332	3.17e-22	89.7
CP100004.1_2	Gairdner_NODE_167_length_41210_cov_9.888325_30	28.4	211	117	7	33	215	53	257	4.05e-22	88.6
CP100004.1_2	FNFE01000011.1_22	27.5	211	134	6	36	237	154	354	4.68e-22	89.7
CP100004.1_2	NC_015659.1_99	29.7	202	112	8	35	222	142	327	2.80e-20	84.3
CP100004.1_2	CP019329.1_77	27.9	197	127	5	29	218	151	339	1.15e-18	80.1
CP100004.1_3	CP100004.1_3	100	1315	0	0	1	1315	1	1315	0.0	2563
CP100004.1_3	WSZK01000033.1_36	34.5	835	501	21	497	1306	205	1018	8.00e-122	400
CP100004.1_3	JAJCVI010000002.1_557	32.0	834	488	18	498	1284	533	1334	3.18e-111	377
CP100004.1_3	CP084476.1_77	30.0	843	539	21	481	1301	44	857	4.37e-101	339
CP100004.1_3	Gairdner_NODE_167_length_41210_cov_9.888325_32	30.1	940	565	27	386	1290	491	1373	9.67e-96	333
CP100004.1_3	QKNW01000002.1_41	30.4	836	507	24	497	1289	592	1395	1.72e-84	299
CP100004.1_3	CP119801.1_45	27.8	844	539	28	497	1314	219	1018	2.37e-75	267
CP100004.1_3	AOIP01000022.1_21	27.7	815	532	21	497	1284	391	1175	2.52e-74	266
CP100004.1_3	NC_015659.1_102	27.7	812	523	25	497	1280	288	1063	2.22e-73	262
CP100004.1_3	LWLN01000003.1_13	25.6	1088	677	38	248	1297	137	1129	2.01e-69	251
CP100004.1_3	AOJE01000051.1_50	28.0	893	531	32	468	1288	368	1220	8.79e-68	246
CP100004.1_3	CP101161.1_3055	27.8	953	572	40	387	1286	374	1263	1.74e-67	245
CP100004.1_3	KX687704.1_7	27.7	881	526	35	497	1312	515	1349	6.45e-67	244
CP100004.1_3	KX906370.1_88	27.7	881	526	35	497	1312	515	1349	6.45e-67	244
CP100004.1_4	CP100004.1_4	100	328	0	0	1	328	1	328	1.05e-223	607
CP100004.1_4	QKNW01000002.1_35	26.2	324	204	10	16	317	2	312	2.62e-18	80.1
CP100004.1_4	Frome_NODE_383_length_24936_cov_4.316346_7	28.1	310	197	11	12	307	13	310	6.78e-15	70.1
CP100004.1_4	SRIF01000015.1_74	27.8	327	194	16	9	309	5	315	3.48e-12	62.0
CP100004.1_4	WSZK01000033.1_33	32.5	126	71	7	184	300	181	301	1.47e-06	44.7
CP100004.1_5	CP100004.1_5	100	87	0	0	1	87	1	87	2.86e-60	174
CP100004.1_5	QKNW01000002.1_34	37.3	51	28	1	33	79	36	86	8.69e-06	36.6
CP100004.1_5	Eyre_NODE_236_length_33155_cov_19.932_38	39.0	59	35	1	1	59	1	58	1.43e-05	35.8
CP100004.1_5	Eyresouth_NODE_101_length_48437_cov_7.17035_16	42.4	59	32	2	1	58	1	58	8.31e-04	31.2
CP100004.1_5	Frome_NODE_383_length_24936_cov_4.316346_8	42.4	59	32	2	1	58	1	58	8.31e-04	31.2
CP100004.1_6	CP100004.1_6	100	214	0	0	1	214	1	214	9.59e-154	421
CP100004.1_6	FOXI01000018.1_50	47.0	200	95	6	14	205	8	204	2.96e-55	171
CP100004.1_6	JAANTI010000009.1_5	47.0	200	95	6	14	205	8	204	2.96e-55	171
CP100004.1_6	BBJN01000020.1_36	45.8	203	99	5	11	205	5	204	9.58e-54	167
CP100004.1_6	CP101161.1_3059	30.7	212	128	6	9	205	11	218	6.03e-21	83.2
CP100004.1_6	QKNW01000002.1_32	33.5	179	107	7	14	182	13	189	3.25e-15	67.4
CP100004.1_6	CP119801.1_40	24.3	210	132	6	12	196	14	221	2.74e-09	51.2
CP100004.1_7	CP100004.1_7	100	86	0	0	1	86	1	86	2.19e-59	172
CP100004.1_8	CP100004.1_8	100	178	0	0	1	178	1	178	9.93e-127	349
CP100004.1_8	WSZK01000033.1_31	43.6	188	85	4	5	178	4	184	4.38e-36	120
CP100004.1_9	CP100004.1_9	100	106	0	0	1	106	1	106	2.78e-69	198
CP100004.1_9	Gairdner_NODE_107_length_49922_cov_74.384603_20	47.9	94	49	0	1	94	1	94	1.17e-23	83.2
CP100004.1_9	FOXI01000018.1_48	45.6	68	37	0	32	99	14	81	7.00e-14	57.8
CP100004.1_9	JAANTI010000009.1_7	45.6	68	37	0	32	99	14	81	7.00e-14	57.8
CP100004.1_9	WSZK01000033.1_30	54.1	37	17	0	56	92	21	57	5.28e-08	42.4
CP100004.1_9	BBJN01000020.1_38	52.8	36	17	0	64	99	2	37	1.50e-07	40.4
CP100004.1_10	CP100004.1_10	100	299	0	0	1	299	1	299	1.09e-215	584
CP100004.1_10	Gairdner_NODE_107_length_49922_cov_74.384603_21	58.8	262	105	2	15	276	28	286	4.16e-103	299
CP100004.1_10	BBJN01000020.1_39	54.4	281	115	5	1	276	12	284	1.74e-96	282
CP100004.1_10	FOXI01000018.1_47	53.0	279	123	4	1	276	12	285	8.32e-95	278
CP100004.1_10	JAANTI010000009.1_8	53.0	279	123	4	1	276	12	285	8.32e-95	278
CP100004.1_10	NC_015659.1_92	48.1	287	141	5	1	282	10	293	1.75e-82	247
CP100004.1_10	AOIP01000022.1_28	47.3	283	145	3	1	282	9	288	1.41e-81	245
CP100004.1_10	AOIO01000049.1_99	47.2	284	145	4	1	282	9	289	6.62e-80	241
CP100004.1_10	NC_013748.1_21	46.7	287	146	5	1	282	15	299	3.60e-79	239
CP100004.1_10	WSZK01000033.1_29	46.2	290	150	5	2	288	13	299	8.26e-78	235
CP100004.1_10	CP031299.1_20	46.3	285	145	5	1	282	11	290	3.52e-77	234
CP100004.1_10	JDTG01000019.1_93	46.3	285	145	5	1	282	11	290	3.52e-77	234
CP100004.1_10	CP084476.1_60	46.0	272	142	4	13	282	19	287	2.33e-74	226
CP100004.1_10	JAAOHU010000009.1_62	43.7	279	147	7	23	298	150	421	1.95e-61	197
CP100004.1_10	CP101161.1_3061	44.0	259	132	6	23	277	25	274	6.15e-61	191
CP100004.1_10	CP119801.1_35	41.0	261	147	4	20	278	32	287	5.99e-58	184
CP100004.1_10	JAJCVI010000002.1_563	39.4	279	156	7	1	274	11	281	5.79e-57	181
CP100004.1_10	SJER01000008.1_136	41.9	246	141	2	25	270	155	398	2.15e-56	184
CP100004.1_10	AOIR01000042.1_49	40.1	274	154	8	2	274	13	277	8.27e-51	166
CP100004.1_10	CP019286.1_42	39.8	279	148	8	29	299	157	423	1.31e-49	166
CP100004.1_10	LOAJ01000002.1_52	40.9	252	134	7	29	271	39	284	3.46e-49	161
CP100004.1_10	AOLZ01000012.1_27	40.3	273	142	9	29	292	157	417	3.47e-48	162
CP100004.1_10	KX687704.1_18	39.7	252	137	7	29	271	39	284	2.38e-46	154
CP100004.1_10	KX906370.1_99	38.9	252	139	7	29	271	39	284	6.60e-46	153
CP100004.1_10	AOJE01000025.1_34	36.8	288	152	12	1	278	12	279	1.41e-42	144
CP100004.1_11	CP100004.1_11	100	84	0	0	1	84	1	84	4.88e-53	155
CP100004.1_11	WSZK01000033.1_28	45.2	93	38	3	1	82	1	91	3.87e-17	65.5
CP100004.1_11	Gairdner_NODE_107_length_49922_cov_74.384603_22	42.2	83	46	1	1	83	1	81	6.05e-17	64.7
CP100004.1_11	FOXI01000018.1_46	39.3	84	49	1	1	84	1	82	6.80e-16	62.0
CP100004.1_11	JAANTI010000009.1_9	39.3	84	49	1	1	84	1	82	6.80e-16	62.0
CP100004.1_11	BBJN01000020.1_40	38.1	84	50	1	1	84	1	82	1.11e-14	58.9
CP100004.1_11	Eyresouth_NODE_101_length_48437_cov_7.17035_21	35.3	68	42	1	5	72	4	69	1.61e-07	40.8
CP100004.1_11	Frome_NODE_383_length_24936_cov_4.316346_13	35.3	68	42	1	5	72	4	69	1.61e-07	40.8
CP100004.1_11	Eyre_NODE_236_length_33155_cov_19.932_33	32.4	68	44	1	5	72	4	69	3.20e-07	40.0
CP100004.1_11	NC_013748.1_22	44.6	56	30	1	5	60	4	58	1.42e-06	38.1
CP100004.1_12	CP100004.1_12	100	96	0	0	1	96	1	96	1.76e-65	188
CP100004.1_12	Gairdner_NODE_107_length_49922_cov_74.384603_23	38.5	96	57	1	1	96	1	94	1.59e-14	59.3
CP100004.1_13	CP100004.1_13	100	392	0	0	1	392	1	392	1.81e-270	731
CP100004.1_14	CP100004.1_14	100	92	0	0	1	92	1	92	1.09e-64	186
CP100004.1_15	CP100004.1_15	100	203	0	0	1	203	1	203	6.57e-151	412
CP100004.1_15	WSZK01000033.1_25	46.5	157	76	4	28	178	28	182	1.17e-40	134
CP100004.1_15	Gairdner_NODE_107_length_49922_cov_74.384603_25	35.4	192	122	1	8	197	5	196	1.67e-40	132
CP100004.1_15	FOXI01000018.1_43	36.1	191	121	1	8	197	5	195	3.64e-39	129
CP100004.1_15	JAANTI010000009.1_12	36.1	191	121	1	8	197	5	195	3.64e-39	129
CP100004.1_15	BBJN01000020.1_43	37.0	192	119	2	8	197	5	196	7.46e-39	128
CP100004.1_15	AOJE01000051.1_25	34.3	166	101	3	17	182	22	179	6.66e-34	115
CP100004.1_15	KX906370.1_103	33.7	166	102	3	17	182	23	180	7.38e-33	113
CP100004.1_15	KX687704.1_22	33.7	166	102	3	17	182	23	180	1.47e-32	112
CP100004.1_15	JAJCVI010000002.1_567	33.0	176	104	6	21	191	11	177	2.04e-19	77.8
CP100004.1_15	CP019329.1_63	30.5	141	88	3	34	173	43	174	1.58e-14	65.5
CP100004.1_15	AOLZ01000012.1_31	30.3	145	83	3	34	173	42	173	3.90e-14	64.3
CP100004.1_15	CP019286.1_38	30.3	145	83	3	34	173	42	173	3.90e-14	64.3
CP100004.1_15	SJER01000008.1_140	27.0	189	128	8	6	193	3	182	9.21e-13	60.8
CP100004.1_16	CP100004.1_16	100	343	0	0	1	343	1	343	4.74e-239	647
CP100004.1_16	FOXI01000018.1_42	46.5	327	171	3	6	330	5	329	9.31e-95	281
CP100004.1_16	JAANTI010000009.1_13	46.5	327	171	3	6	330	5	329	9.31e-95	281
CP100004.1_16	BBJN01000020.1_44	46.5	327	171	3	6	330	5	329	3.74e-94	280
CP100004.1_16	Gairdner_NODE_107_length_49922_cov_74.384603_27	44.4	331	180	3	8	336	7	335	6.19e-84	253
CP100004.1_16	WSZK01000033.1_24	34.0	318	192	8	3	308	4	315	1.55e-48	162
CP100004.1_16	CP084476.1_55	33.3	339	214	6	7	339	7	339	1.88e-45	154
CP100004.1_16	LOAJ01000002.1_47	31.5	279	183	5	12	285	7	282	5.19e-33	121
CP100004.1_16	AOJE01000051.1_24	29.6	280	190	4	11	285	5	282	7.47e-33	120
CP100004.1_16	KX687704.1_23	29.6	284	191	6	8	285	2	282	3.59e-31	116
CP100004.1_16	KX906370.1_104	29.6	284	191	6	8	285	2	282	3.59e-31	116
CP100004.1_16	AOIR01000042.1_54	29.7	310	192	13	10	306	10	306	1.38e-21	89.7
CP100004.1_17	CP100004.1_17	100	417	0	0	1	417	1	417	7.79e-296	797
CP100004.1_17	BBJN01000020.1_45	59.1	350	141	1	55	404	54	401	5.20e-141	405
CP100004.1_17	FOXI01000018.1_40	53.3	409	184	2	1	404	1	407	1.46e-139	401
CP100004.1_17	JAANTI010000009.1_15	53.3	409	184	2	1	404	1	407	1.46e-139	401
CP100004.1_17	Gairdner_NODE_107_length_49922_cov_74.384603_28	57.3	349	147	1	56	404	48	394	5.02e-137	394
CP100004.1_17	AOIP01000022.1_34	43.9	419	220	7	1	413	1	410	8.43e-92	279
CP100004.1_17	WSZK01000033.1_23	46.2	344	183	2	57	399	72	414	2.20e-90	276
CP100004.1_17	AOIO01000049.1_110	43.9	419	220	7	1	413	1	410	2.65e-90	275
CP100004.1_17	CP084476.1_54	43.0	428	225	9	1	417	1	420	1.61e-87	268
CP100004.1_17	NC_015659.1_86	42.7	361	200	3	48	405	48	404	3.03e-84	259
CP100004.1_17	CP031299.1_26	41.2	415	231	6	1	412	1	405	2.92e-83	257
CP100004.1_17	JDTG01000019.1_99	41.2	415	231	6	1	412	1	405	2.92e-83	257
CP100004.1_17	NC_013748.1_27	42.5	365	200	4	54	413	57	416	1.33e-82	255
CP100004.1_17	LOAJ01000002.1_46	36.5	430	240	7	3	405	4	427	2.34e-80	250
CP100004.1_17	CP101158.1_90	42.1	361	199	5	51	404	75	432	2.15e-79	248
CP100004.1_17	KX687704.1_24	38.3	350	210	3	57	402	76	423	3.88e-78	244
CP100004.1_17	KX906370.1_105	38.3	350	210	3	57	402	76	423	3.88e-78	244
CP100004.1_17	JAJCVI010000002.1_569	39.1	440	226	8	1	413	1	425	1.01e-77	243
CP100004.1_17	CP101161.1_3067	40.9	342	198	3	67	407	3	341	3.17e-74	232
CP100004.1_17	AOJE01000025.1_39	36.8	353	218	4	54	403	67	417	3.80e-67	216
CP100004.1_17	LWLN01000003.1_27	35.0	366	220	7	57	407	54	416	1.64e-58	193
CP100004.1_17	CP099999.1_28	34.0	379	231	8	44	407	44	418	3.46e-57	190
CP100004.1_17	Gairdner_NODE_167_length_41210_cov_9.888325_20	35.3	357	226	4	53	407	67	420	8.09e-57	189
CP100004.1_17	CP095494.1_50	33.6	422	252	9	4	407	10	421	4.51e-55	184
CP100004.1_17	CP019329.1_61	32.8	366	228	7	57	407	85	447	1.95e-54	183
CP100004.1_18	CP100004.1_18	100	98	0	0	1	98	1	98	1.81e-68	196
CP100004.1_19	CP100004.1_19	100	499	0	0	1	499	1	499	0.0	968
CP100004.1_19	Gairdner_NODE_107_length_49922_cov_74.384603_29	44.4	462	243	4	45	495	105	563	6.60e-130	385
CP100004.1_19	FOXI01000018.1_39	45.0	476	244	4	34	494	43	515	2.23e-127	377
CP100004.1_19	JAANTI010000009.1_16	45.0	476	244	4	34	494	43	515	2.23e-127	377
CP100004.1_19	BBJN01000020.1_46	45.9	423	209	5	34	439	43	462	1.90e-115	348
CP100004.1_19	WSZK01000033.1_22	42.9	496	271	4	6	494	47	537	1.57e-112	340
CP100004.1_19	NC_015659.1_85	40.0	493	275	7	23	496	45	535	6.16e-98	301
CP100004.1_19	AOIP01000022.1_35	39.1	481	272	7	36	496	57	536	2.02e-93	290
CP100004.1_19	AOIO01000049.1_111	38.5	481	276	6	36	496	57	537	7.91e-93	288
CP100004.1_19	CP084476.1_53	36.2	516	301	8	3	496	25	534	2.20e-87	274
CP100004.1_19	NC_013748.1_28	36.8	514	296	8	6	496	46	553	1.39e-86	273
CP100004.1_19	CP031299.1_27	37.9	480	279	6	36	496	130	609	2.24e-84	268
CP100004.1_19	JDTG01000019.1_100	37.9	480	279	6	36	496	130	609	2.24e-84	268
CP100004.1_19	AOJE01000051.1_21	33.0	469	298	7	24	485	31	490	5.29e-69	225
CP100004.1_19	KX687704.1_25	32.6	463	296	6	30	485	105	558	2.72e-64	214
CP100004.1_19	KX906370.1_106	32.9	444	283	5	30	466	105	540	1.02e-63	213
CP100004.1_19	LOAJ01000002.1_45	31.1	463	307	4	28	485	191	646	2.62e-62	211
CP100004.1_19	JAJCVI010000002.1_570	28.5	583	283	11	5	469	2	568	7.06e-54	187
CP100004.1_19	CP095494.1_51	32.2	307	193	4	199	498	400	698	2.14e-34	132
CP100004.1_19	Frome_NODE_383_length_24936_cov_4.316346_19	32.4	339	205	9	167	495	278	602	3.63e-31	122
CP100004.1_19	Eyre_NODE_236_length_33155_cov_19.932_27	32.8	290	179	5	200	484	315	593	1.63e-30	120
CP100004.1_19	CP101161.1_3068	37.1	140	86	2	19	157	5	143	1.04e-14	72.0
CP100004.1_19	SRIF01000015.1_58	30.8	143	99	0	22	164	21	163	3.17e-09	54.7
CP100004.1_20	CP100004.1_20	100	67	0	0	1	67	1	67	4.57e-48	142
CP100004.1_21	CP100004.1_21	100	110	0	0	1	110	1	110	2.95e-75	214
CP100004.1_22	CP100004.1_22	100	793	0	0	1	793	1	793	0.0	1584
CP100004.1_22	NC_015659.1_84	61.0	795	298	8	1	791	1	787	0.0	915
CP100004.1_22	CP031299.1_28	59.9	790	300	8	8	791	9	787	0.0	896
CP100004.1_22	JDTG01000019.1_101	59.9	790	300	8	8	791	9	787	0.0	896
CP100004.1_22	AOIO01000049.1_112	59.6	789	306	8	8	791	9	789	0.0	893
CP100004.1_22	AOIP01000022.1_36	59.4	789	307	8	8	791	9	789	2.97e-321	892
CP100004.1_22	NC_013748.1_29	60.7	789	291	9	8	791	9	783	3.00e-321	892
CP100004.1_22	CP095494.1_52	57.5	812	315	10	1	790	10	813	3.90e-313	873
CP100004.1_22	SRIF01000015.1_56	55.5	818	325	10	2	791	6	812	4.65e-304	850
CP100004.1_22	CP119801.1_26	55.9	816	322	10	1	790	7	810	6.14e-304	849
CP100004.1_22	RJJW01000001.1_46	55.6	804	333	9	7	791	10	808	2.08e-303	848
CP100004.1_22	CP019329.1_57	54.8	815	331	10	1	790	13	815	2.15e-300	840
CP100004.1_22	Eyresouth_NODE_101_length_48437_cov_7.17035_28	54.6	802	342	12	7	790	27	824	1.20e-286	806
CP100004.1_22	Frome_NODE_383_length_24936_cov_4.316346_20	54.6	802	342	12	7	790	27	824	1.20e-286	806
CP100004.1_22	Eyre_NODE_236_length_33155_cov_19.932_26	54.5	802	343	12	7	790	27	824	2.77e-285	802
CP100004.1_22	WSZK01000033.1_21	54.4	800	344	12	4	790	13	804	6.82e-281	790
CP100004.1_22	LWLN01000003.1_29	48.0	806	390	13	4	790	30	825	1.41e-244	699
CP100004.1_22	AOLZ01000012.1_35	47.6	806	393	15	4	790	26	821	2.66e-238	682
CP100004.1_22	CP019286.1_34	47.6	806	393	15	4	790	26	821	2.66e-238	682
CP100004.1_22	CP084476.1_52	47.8	801	391	14	7	791	8	797	6.88e-235	673
CP100004.1_22	QKNW01000002.1_20	46.6	815	394	16	4	784	41	848	2.28e-234	674
CP100004.1_22	SJER01000008.1_144	46.0	809	403	13	4	791	16	811	5.63e-232	666
CP100004.1_22	FOXI01000018.1_35	45.6	793	412	9	3	788	4	784	6.77e-228	654
CP100004.1_22	JAANTI010000009.1_19	45.6	793	412	9	3	788	4	784	6.77e-228	654
CP100004.1_22	BBJN01000020.1_48	45.4	801	409	11	3	788	4	791	8.79e-225	647
CP100004.1_23	CP100004.1_23	100	325	0	0	1	325	1	325	1.42e-240	649
CP100004.1_23	CP119801.1_25	38.6	316	184	6	13	323	8	318	5.43e-73	224
CP100004.1_23	NC_013748.1_30	42.8	299	164	5	11	306	5	299	5.26e-72	221
CP100004.1_23	AOIP01000022.1_37	41.4	295	167	4	17	308	11	302	7.66e-72	221
CP100004.1_23	AOIO01000049.1_113	41.5	301	169	5	11	308	6	302	2.16e-71	220
CP100004.1_23	CP031299.1_29	41.2	301	169	6	11	308	5	300	1.62e-70	218
CP100004.1_23	JDTG01000019.1_102	41.2	301	169	6	11	308	5	300	1.62e-70	218
CP100004.1_23	CP095494.1_53	38.3	316	185	6	13	323	8	318	1.93e-70	218
CP100004.1_23	NC_015659.1_83	40.8	304	173	5	11	311	5	304	6.83e-70	216
CP100004.1_23	CP019329.1_55	38.6	321	187	7	7	322	4	319	8.14e-70	216
CP100004.1_23	CP100004.1_28	56.4	218	85	5	12	223	8	221	4.70e-69	224
CP100004.1_23	Eyre_NODE_236_length_33155_cov_19.932_25	38.7	300	175	4	17	308	10	308	1.03e-61	195
CP100004.1_23	Eyresouth_NODE_101_length_48437_cov_7.17035_29	38.0	300	177	4	17	308	10	308	5.76e-61	193
CP100004.1_23	Frome_NODE_383_length_24936_cov_4.316346_21	38.0	300	177	4	17	308	10	308	5.76e-61	193
CP100004.1_23	WSZK01000033.1_20	40.0	305	166	7	19	309	38	339	1.26e-60	193
CP100004.1_23	RJJW01000001.1_47	38.3	282	167	4	41	318	34	312	9.95e-57	182
CP100004.1_23	SRIF01000015.1_55	34.6	306	188	6	25	323	17	317	2.14e-56	181
CP100004.1_23	Eyresouth_NODE_101_length_48437_cov_7.17035_1	41.0	239	134	5	7	240	5	241	3.96e-54	173
CP100004.1_23	LWLN01000003.1_30	35.6	306	174	8	25	321	9	300	1.15e-50	166
CP100004.1_23	JAAOHU010000009.1_19	38.5	265	126	10	16	257	18	268	2.72e-43	154
CP100004.1_24	CP100004.1_24	100	218	0	0	1	218	1	218	1.31e-162	443
CP100004.1_24	AOJE01000051.1_15	39.4	208	121	4	12	215	10	216	1.27e-41	137
CP100004.1_24	LOAJ01000002.1_31	39.2	209	121	5	8	213	7	212	3.07e-39	130
CP100004.1_24	AOIR01000042.1_68	26.5	185	119	6	32	208	48	223	4.11e-11	56.2
CP100004.1_25	CP100004.1_25	100	79	0	0	1	79	1	79	1.50e-56	164
CP100004.1_26	CP100004.1_26	100	187	0	0	1	187	1	187	1.51e-139	382
CP100004.1_27	CP100004.1_27	100	521	0	0	1	521	1	521	0.0	1028
CP100004.1_27	WSZK01000033.1_18	47.5	520	266	4	6	519	7	525	1.70e-157	455
CP100004.1_27	AOJE01000051.1_18	44.0	520	288	2	1	518	8	526	3.99e-143	419
CP100004.1_27	LOAJ01000002.1_40	44.7	514	281	2	7	518	15	527	5.64e-143	418
CP100004.1_27	KX687704.1_28	44.0	520	288	2	1	518	8	526	4.08e-140	411
CP100004.1_27	KX906370.1_109	44.4	520	286	2	1	518	8	526	1.63e-139	409
CP100004.1_27	CP101158.1_95	44.5	521	285	3	1	519	7	525	6.86e-135	397
CP100004.1_27	QKNW01000002.1_17	42.0	547	283	6	3	518	11	554	1.52e-129	384
CP100004.1_27	Eyre_NODE_236_length_33155_cov_19.932_24	39.2	530	302	8	6	518	17	543	7.71e-120	359
CP100004.1_27	Frome_NODE_383_length_24936_cov_4.316346_22	38.7	530	305	8	6	518	17	543	5.25e-114	344
CP100004.1_27	Eyresouth_NODE_101_length_48437_cov_7.17035_30	38.5	530	306	8	6	518	17	543	1.47e-113	343
CP100004.1_27	CP101158.1_97	65.4	26	9	0	67	92	3	28	2.55e-07	43.1
CP100004.1_28	CP100004.1_28	100	698	0	0	1	698	1	698	0.0	1342
CP100004.1_28	JAAOHU010000009.1_19	43.2	713	360	16	10	698	16	707	4.82e-170	500
CP100004.1_28	CP099999.1_52	41.2	709	387	13	1	698	1	690	1.01e-164	486
CP100004.1_28	CP101158.1_56	40.3	705	392	12	6	698	3	690	8.00e-164	483
CP100004.1_28	CP100004.1_23	57.3	211	80	5	15	221	19	223	3.93e-67	219
CP100004.1_28	Eyresouth_NODE_101_length_48437_cov_7.17035_1	41.0	239	136	3	5	241	7	242	4.58e-55	184
CP100004.1_28	CP031299.1_29	36.4	253	137	8	10	259	7	238	4.68e-38	139
CP100004.1_28	JDTG01000019.1_102	36.4	253	137	8	10	259	7	238	4.68e-38	139
CP100004.1_28	Eyre_NODE_236_length_33155_cov_19.932_25	33.8	296	167	9	6	282	3	288	1.14e-35	133
CP100004.1_28	Eyresouth_NODE_101_length_48437_cov_7.17035_29	33.2	292	174	9	6	282	3	288	2.48e-34	129
CP100004.1_28	Frome_NODE_383_length_24936_cov_4.316346_21	33.1	296	169	9	6	282	3	288	2.48e-34	129
CP100004.1_28	RJJW01000001.1_47	33.9	224	140	4	38	259	34	251	2.13e-32	123
CP100004.1_28	WSZK01000033.1_20	34.0	253	144	8	15	252	38	282	2.04e-28	112
CP100004.1_28	AOLZ01000012.1_36	36.9	225	123	7	26	244	9	220	1.90e-25	103
CP100004.1_28	CP019286.1_33	36.9	225	123	7	26	244	9	220	1.90e-25	103
CP100004.1_29	CP100004.1_29	100	123	0	0	1	123	1	123	6.57e-94	262
CP100004.1_30	CP100004.1_30	100	42	0	0	1	42	1	42	9.69e-26	84.0
CP100004.1_31	CP100004.1_31	100	102	0	0	1	102	1	102	2.32e-75	213
CP100004.1_32	CP100004.1_32	100	164	0	0	1	164	1	164	3.42e-127	349
CP100004.1_33	CP100004.1_33	100	111	0	0	1	111	1	111	4.32e-82	231
CP100004.1_34	CP100004.1_34	100	128	0	0	1	128	1	128	5.98e-88	247
