CP101161.1_3040	CP101161.1_3040	100	59	0	0	1	59	1	59	7.69e-39	118
CP101161.1_3041	CP101161.1_3041	100	107	0	0	1	107	1	107	6.79e-66	190
CP101161.1_3042	CP101161.1_3042	100	122	0	0	1	122	1	122	4.47e-87	244
CP101161.1_3043	CP101161.1_3043	100	215	0	0	1	215	1	215	2.31e-141	389
CP101161.1_3044	CP101161.1_3044	100	54	0	0	1	54	1	54	4.93e-33	103
CP101161.1_3045	CP101161.1_3045	100	581	0	0	1	581	1	581	0.0	1087
CP101161.1_3046	CP101161.1_3046	100	92	0	0	1	92	1	92	1.13e-66	191
CP101161.1_3047	CP101161.1_3047	100	137	0	0	1	137	1	137	1.54e-101	282
CP101161.1_3048	CP101161.1_3048	100	414	0	0	1	414	1	414	2.40e-293	790
CP101161.1_3049	CP101161.1_3049	100	534	0	0	1	534	1	534	0.0	1093
CP101161.1_3050	CP101161.1_3050	100	138	0	0	1	138	1	138	8.89e-106	293
CP101161.1_3051	CP101161.1_3051	100	357	0	0	1	357	1	357	4.00e-254	686
CP101161.1_3051	CP101161.1_3079	36.5	457	156	8	8	332	17	471	1.02e-71	227
CP101161.1_3052	CP101161.1_3052	100	85	0	0	1	85	1	85	1.60e-65	187
CP101161.1_3053	CP101161.1_3053	100	339	0	0	1	339	1	339	8.41e-256	689
CP101161.1_3053	AOIR01000042.1_41	33.9	339	194	10	16	333	32	361	6.08e-49	164
CP101161.1_3054	CP101161.1_3054	100	95	0	0	1	95	1	95	2.73e-64	185
CP101161.1_3054	JAJCVI010000002.1_543	66.7	93	31	0	3	95	1	93	1.30e-39	122
CP101161.1_3055	CP101161.1_3055	100	1312	0	0	1	1312	1	1312	0.0	2535
CP101161.1_3055	AOIR01000042.1_43	31.3	856	511	28	447	1275	372	1177	2.70e-86	302
CP101161.1_3055	CP095494.1_34	27.3	860	546	25	449	1284	257	1061	6.51e-76	270
CP101161.1_3055	CP095494.1_33	26.6	872	573	28	449	1302	371	1193	2.86e-70	253
CP101161.1_3055	CP100004.1_3	27.4	962	576	37	367	1263	382	1286	3.09e-63	232
CP101161.1_3055	LWLN01000003.1_13	27.8	866	527	31	466	1294	353	1157	1.12e-62	229
CP101161.1_3055	JAAOHU010000009.1_4	26.5	837	525	32	462	1272	428	1200	6.04e-56	208
CP101161.1_3055	AOLZ01000012.1_19	26.7	864	528	29	465	1280	397	1203	1.76e-55	207
CP101161.1_3055	CP019286.1_50	26.7	864	528	29	465	1280	397	1203	1.76e-55	207
CP101161.1_3055	WSZK01000033.1_36	27.6	747	457	29	569	1277	308	1008	3.53e-54	202
CP101161.1_3055	NC_015659.1_102	25.7	848	510	36	501	1304	334	1105	5.37e-52	195
CP101161.1_3055	FNFE01000011.1_19	25.7	781	500	32	502	1257	336	1061	1.77e-43	168
CP101161.1_3055	CP101158.1_74	23.3	889	525	32	443	1260	364	1166	4.93e-36	144
CP101161.1_3055	JAJCVI010000007.1_13	33.3	279	175	7	1005	1274	555	831	4.22e-32	130
CP101161.1_3055	SJER01000008.1_127	29.1	292	190	8	994	1277	1250	1532	1.64e-24	107
CP101161.1_3056	CP101161.1_3056	100	535	0	0	1	535	1	535	0.0	1018
CP101161.1_3056	JAJCVI010000002.1_558	52.6	519	236	4	3	513	6	522	1.49e-167	481
CP101161.1_3056	AOIR01000042.1_44	38.2	521	285	10	19	513	46	555	4.98e-92	288
CP101161.1_3056	AOJE01000025.1_28	38.9	470	256	11	19	477	4	453	1.69e-86	272
CP101161.1_3056	RJJW01000001.1_29	35.7	538	300	14	7	510	11	536	4.18e-77	249
CP101161.1_3056	BBJN01000020.1_33	35.9	512	278	18	2	487	3	490	2.99e-67	222
CP101161.1_3056	FOXI01000018.1_54	32.6	481	260	18	55	490	36	497	6.08e-53	184
CP101161.1_3056	LWLN01000003.1_14	33.8	506	276	19	46	512	51	536	1.26e-52	183
CP101161.1_3056	SRIF01000015.1_78	31.5	537	306	17	3	501	2	514	8.78e-52	181
CP101161.1_3056	WSZK01000033.1_35	32.2	491	278	18	54	510	52	521	2.87e-48	171
CP101161.1_3056	JAANTI010000009.1_1	33.4	440	231	17	94	490	7	427	5.16e-47	166
CP101161.1_3056	QKNW01000002.1_40	31.5	505	302	16	51	525	49	539	9.84e-46	164
CP101161.1_3056	CP099999.1_40	32.6	488	277	19	49	510	30	491	1.05e-45	163
CP101161.1_3056	FNFE01000011.1_20	31.0	481	279	20	54	509	45	497	1.33e-45	163
CP101161.1_3056	Eyresouth_NODE_101_length_48437_cov_7.17035_10	31.4	494	273	18	49	507	61	523	1.60e-44	160
CP101161.1_3056	JAAOHU010000009.1_3	29.8	480	300	13	52	509	39	503	2.78e-43	157
CP101161.1_3056	AOLZ01000012.1_20	32.3	496	291	16	52	517	41	521	7.61e-42	153
CP101161.1_3056	CP019286.1_49	32.3	496	291	16	52	517	41	521	7.61e-42	153
CP101161.1_3056	Frome_NODE_383_length_24936_cov_4.316346_2	30.2	460	255	18	49	473	61	489	1.96e-35	135
CP101161.1_3056	AOIO01000049.1_91	37.5	283	153	8	249	513	519	795	3.04e-35	136
CP101161.1_3056	CP100004.1_1	36.5	263	149	6	260	507	2	261	1.12e-33	125
CP101161.1_3056	JDTG01000019.1_82	28.9	501	300	19	48	513	35	514	3.90e-31	122
CP101161.1_3056	Gairdner_NODE_107_length_49922_cov_74.384603_13	29.4	449	268	14	51	473	50	475	4.18e-30	119
CP101161.1_3056	CP095494.1_35	28.7	494	293	18	54	509	44	516	1.28e-26	108
CP101161.1_3056	Eyre_NODE_236_length_33155_cov_19.932_44	34.3	254	151	4	275	516	2	251	6.81e-26	102
CP101161.1_3057	CP101161.1_3057	100	264	0	0	1	264	1	264	2.36e-197	535
CP101161.1_3057	JAJCVI010000002.1_559	50.2	261	115	2	5	264	7	253	3.91e-86	253
CP101161.1_3057	WSZK01000033.1_34	33.5	206	118	9	60	257	54	248	2.83e-23	91.3
CP101161.1_3058	CP101161.1_3058	100	337	0	0	1	337	1	337	6.15e-232	629
CP101161.1_3058	JAJCVI010000002.1_560	43.3	335	178	8	6	334	3	331	1.83e-80	244
CP101161.1_3058	Gairdner_NODE_167_length_41210_cov_9.888325_29	34.1	290	163	8	57	336	56	327	1.84e-34	124
CP101161.1_3058	Eyresouth_NODE_101_length_48437_cov_7.17035_15	27.6	337	196	14	9	324	7	316	3.47e-13	65.1
CP101161.1_3058	Frome_NODE_383_length_24936_cov_4.316346_7	27.6	337	196	14	9	324	7	316	1.51e-12	63.2
CP101161.1_3059	CP101161.1_3059	100	232	0	0	1	232	1	232	5.88e-157	430
CP101161.1_3059	JAJCVI010000002.1_561	42.0	224	124	3	5	224	5	226	2.46e-43	142
CP101161.1_3059	Gairdner_NODE_167_length_41210_cov_9.888325_28	37.9	240	128	8	9	228	10	248	2.07e-27	101
CP101161.1_3059	CP100004.1_6	31.4	188	111	5	35	218	32	205	1.26e-16	71.6
CP101161.1_3059	FOXI01000018.1_50	31.1	190	107	6	29	210	24	197	2.14e-14	65.5
CP101161.1_3059	JAANTI010000009.1_5	31.1	190	107	6	29	210	24	197	2.14e-14	65.5
CP101161.1_3059	BBJN01000020.1_36	37.9	116	64	3	103	210	82	197	2.02e-13	62.8
CP101161.1_3059	RJJW01000001.1_34	30.9	223	111	8	13	213	12	213	3.17e-10	53.9
CP101161.1_3060	CP101161.1_3060	100	88	0	0	1	88	1	88	2.86e-56	164
CP101161.1_3061	CP101161.1_3061	100	294	0	0	1	294	1	294	6.15e-199	541
CP101161.1_3061	JAJCVI010000002.1_563	52.0	275	127	4	22	294	30	301	1.79e-88	262
CP101161.1_3061	Gairdner_NODE_107_length_49922_cov_74.384603_21	43.0	270	139	6	22	282	32	295	1.36e-62	196
CP101161.1_3061	CP100004.1_10	44.0	259	132	6	25	274	23	277	7.63e-62	194
CP101161.1_3061	Gairdner_NODE_167_length_41210_cov_9.888325_26	40.6	254	140	6	22	268	33	282	2.51e-56	180
CP101161.1_3061	NC_013748.1_21	40.4	277	147	7	26	292	40	308	3.75e-56	180
CP101161.1_3061	CP031299.1_20	40.6	278	146	8	26	292	31	300	3.26e-55	177
CP101161.1_3061	JDTG01000019.1_93	40.6	278	146	8	26	292	31	300	3.26e-55	177
CP101161.1_3061	BBJN01000020.1_39	40.1	269	145	6	22	282	29	289	2.10e-54	174
CP101161.1_3061	AOIP01000022.1_28	40.7	253	139	5	26	271	32	280	7.46e-53	171
CP101161.1_3061	FOXI01000018.1_47	39.4	269	147	6	22	282	30	290	1.33e-52	170
CP101161.1_3061	JAANTI010000009.1_8	39.4	269	147	6	22	282	30	290	1.33e-52	170
CP101161.1_3061	AOIO01000049.1_99	39.9	253	141	5	26	271	33	281	4.24e-52	169
CP101161.1_3061	WSZK01000033.1_29	36.4	294	168	8	4	282	13	302	8.99e-51	166
CP101161.1_3061	SJER01000008.1_136	36.7	248	146	5	23	263	151	394	1.21e-46	158
CP101161.1_3061	AOJE01000025.1_34	37.5	253	144	7	24	271	32	275	1.47e-44	149
CP101161.1_3061	QKNW01000002.1_28	37.1	259	150	8	25	272	30	286	1.49e-43	147
CP101161.1_3061	CP101158.1_84	34.8	287	150	12	26	288	48	321	1.88e-40	139
CP101161.1_3061	SRIF01000015.1_66	34.1	276	160	9	23	284	30	297	9.89e-38	131
CP101161.1_3061	JAJCVI010000007.1_22	29.2	260	165	5	22	266	153	408	1.95e-29	112
CP101161.1_3062	CP101161.1_3062	100	77	0	0	1	77	1	77	5.56e-49	145
CP101161.1_3062	JAJCVI010000002.1_564	53.0	66	31	0	3	68	2	67	2.08e-16	62.8
CP101161.1_3062	Gairdner_NODE_167_length_41210_cov_9.888325_25	39.7	68	41	0	1	68	1	68	2.23e-08	42.4
CP101161.1_3063	CP101161.1_3063	100	89	0	0	1	89	1	89	3.07e-56	164
CP101161.1_3063	JAJCVI010000002.1_565	41.6	89	51	1	1	89	1	88	7.16e-18	67.4
CP101161.1_3063	FNFE01000011.1_32	33.8	77	33	3	8	73	4	73	1.98e-05	35.8
CP101161.1_3064	CP101161.1_3064	100	91	0	0	1	91	1	91	1.33e-60	175
CP101161.1_3064	JAJCVI010000002.1_566	43.2	88	49	1	1	87	1	88	1.28e-20	74.7
CP101161.1_3065	CP101161.1_3065	100	186	0	0	1	186	1	186	7.19e-133	365
CP101161.1_3065	JAJCVI010000002.1_567	55.6	189	73	2	5	186	2	186	2.01e-65	195
CP101161.1_3065	AOIR01000042.1_53	55.2	154	69	0	12	165	28	181	2.79e-52	162
CP101161.1_3065	AOJE01000025.1_37	37.8	164	100	1	13	176	8	169	5.35e-30	105
CP101161.1_3065	Eyresouth_NODE_101_length_48437_cov_7.17035_24	36.8	144	90	1	14	157	27	169	1.33e-24	92.4
CP101161.1_3065	Frome_NODE_383_length_24936_cov_4.316346_16	36.8	144	90	1	14	157	27	169	1.33e-24	92.4
CP101161.1_3065	Eyre_NODE_236_length_33155_cov_19.932_30	34.7	144	93	1	14	157	27	169	1.04e-22	87.4
CP101161.1_3065	KX906370.1_103	32.1	140	94	1	14	153	27	165	6.45e-20	79.0
CP101161.1_3065	KX687704.1_22	32.1	140	94	1	14	153	27	165	4.82e-19	76.6
CP101161.1_3065	AOJE01000051.1_25	33.1	130	86	1	24	153	36	164	1.84e-18	75.1
CP101161.1_3065	CP084476.1_56	33.8	142	87	4	23	161	29	166	6.38e-18	73.6
CP101161.1_3065	SRIF01000015.1_61	29.9	174	112	5	10	176	20	190	4.35e-14	63.9
CP101161.1_3065	AOLZ01000012.1_31	31.1	161	108	2	6	164	19	178	5.21e-14	63.5
CP101161.1_3065	CP019286.1_38	31.1	161	108	2	6	164	19	178	5.21e-14	63.5
CP101161.1_3065	JAJCVI010000007.1_26	25.9	147	104	3	34	178	39	182	4.41e-09	50.1
CP101161.1_3066	CP101161.1_3066	100	338	0	0	1	338	1	338	2.32e-232	630
CP101161.1_3066	JAJCVI010000002.1_568	52.3	331	147	5	9	336	6	328	2.53e-111	323
CP101161.1_3066	AOJE01000025.1_38	30.3	267	182	2	60	322	58	324	2.81e-40	140
CP101161.1_3066	CP101158.1_89	26.9	334	231	4	10	333	6	336	2.50e-29	111
CP101161.1_3066	CP099999.1_29	25.7	284	199	6	10	290	16	290	1.80e-16	74.7
CP101161.1_3067	CP101161.1_3067	100	361	0	0	1	361	1	361	2.08e-258	697
CP101161.1_3067	JAJCVI010000002.1_569	56.5	363	156	1	1	361	79	441	4.25e-138	396
CP101161.1_3067	AOIR01000042.1_55	43.9	362	199	4	1	361	86	444	2.61e-97	292
CP101161.1_3067	AOJE01000025.1_39	44.1	331	178	5	19	345	98	425	1.51e-87	266
CP101161.1_3067	Gairdner_NODE_167_length_41210_cov_9.888325_20	40.9	347	202	3	1	345	79	424	3.10e-79	246
CP101161.1_3067	Gairdner_NODE_107_length_49922_cov_74.384603_28	40.4	337	199	2	3	338	59	394	1.59e-78	243
CP101161.1_3067	CP100004.1_17	40.9	342	198	3	3	341	67	407	1.38e-74	233
CP101161.1_3067	BBJN01000020.1_45	39.2	337	203	2	3	338	66	401	2.90e-74	232
CP101161.1_3067	FOXI01000018.1_40	38.0	337	207	2	3	338	72	407	2.08e-72	227
CP101161.1_3067	JAANTI010000009.1_15	38.0	337	207	2	3	338	72	407	2.08e-72	227
CP101161.1_3067	AOIO01000049.1_110	38.1	336	204	3	3	337	64	396	2.65e-66	211
CP101161.1_3067	AOIP01000022.1_34	37.8	336	205	3	3	337	64	396	5.24e-66	210
CP101161.1_3067	WSZK01000033.1_23	36.3	364	224	6	3	361	82	442	4.57e-64	206
CP101161.1_3067	CP084476.1_54	36.7	354	212	5	9	361	78	420	5.72e-63	202
CP101161.1_3067	CP101158.1_90	37.5	336	203	3	9	338	98	432	2.45e-62	201
CP101161.1_3067	CP031299.1_26	37.3	330	203	3	9	337	71	397	1.05e-61	199
CP101161.1_3067	JDTG01000019.1_99	37.3	330	203	3	9	337	71	397	1.05e-61	199
CP101161.1_3067	NC_013748.1_27	37.6	330	202	3	9	337	76	402	1.19e-61	199
CP101161.1_3067	LOAJ01000002.1_46	35.2	341	215	2	3	338	87	426	6.34e-61	197
CP101161.1_3067	NC_015659.1_86	35.7	336	212	3	3	337	70	402	1.81e-60	196
CP101161.1_3067	KX687704.1_24	33.1	341	222	2	3	338	86	425	2.25e-56	186
CP101161.1_3067	KX906370.1_105	33.1	341	222	2	3	338	86	425	3.15e-56	185
CP101161.1_3067	RJJW01000001.1_44	32.1	399	226	10	3	361	83	476	2.67e-51	173
CP101161.1_3067	SRIF01000015.1_59	32.9	350	216	5	9	341	83	430	9.57e-46	158
CP101161.1_3067	CP095494.1_50	32.0	350	219	5	11	343	76	423	1.04e-45	158
CP101161.1_3068	CP101161.1_3068	100	593	0	0	1	593	1	593	0.0	1088
CP101161.1_3068	JAJCVI010000002.1_570	46.2	610	293	10	5	590	5	603	3.06e-147	434
CP101161.1_3068	AOJE01000025.1_40	39.5	291	168	4	283	571	176	460	9.04e-53	183
CP101161.1_3068	Gairdner_NODE_167_length_41210_cov_9.888325_19	39.7	310	177	7	283	586	426	731	2.84e-52	187
CP101161.1_3068	AOIR01000042.1_56	36.5	285	177	2	286	570	211	491	2.15e-51	180
CP101161.1_3068	NC_015659.1_85	35.7	297	181	7	282	573	233	524	5.55e-48	171
CP101161.1_3068	FOXI01000018.1_39	37.9	317	182	6	279	592	214	518	6.01e-47	168
CP101161.1_3068	JAANTI010000009.1_16	37.9	317	182	6	279	592	214	518	6.01e-47	168
CP101161.1_3068	AOIP01000022.1_35	32.7	312	201	6	274	580	225	532	6.33e-45	163
CP101161.1_3068	AOIO01000049.1_111	32.8	308	198	6	278	580	230	533	2.23e-44	161
CP101161.1_3068	CP084476.1_53	34.6	292	180	7	275	560	225	511	2.06e-41	153
CP101161.1_3068	NC_013748.1_28	32.9	304	194	7	282	580	251	549	5.75e-40	149
CP101161.1_3068	CP119801.1_28	28.0	604	373	18	5	576	16	589	3.63e-38	144
CP101161.1_3068	RJJW01000001.1_45	33.6	301	166	8	285	571	369	649	1.80e-37	143
CP101161.1_3068	CP031299.1_27	31.8	302	194	8	278	573	303	598	1.26e-34	134
CP101161.1_3068	JDTG01000019.1_100	31.8	302	194	8	278	573	303	598	1.26e-34	134
CP101161.1_3068	Eyresouth_NODE_101_length_48437_cov_7.17035_27	26.0	611	342	28	13	582	58	599	1.95e-17	81.3
CP101161.1_3068	Frome_NODE_383_length_24936_cov_4.316346_19	24.4	610	353	22	13	582	58	599	3.40e-17	80.5
CP101161.1_3068	Eyre_NODE_236_length_33155_cov_19.932_27	25.1	601	365	26	13	582	58	604	1.05e-16	79.0
CP101161.1_3068	CP100004.1_19	37.1	140	86	2	5	143	19	157	3.81e-14	70.5
CP101161.1_3068	WSZK01000033.1_22	34.0	150	99	0	32	181	83	232	6.45e-12	63.5
CP101161.1_3068	CP101158.1_91	32.7	110	74	0	14	123	108	217	6.19e-08	50.8
CP101161.1_3069	CP101161.1_3069	100	799	0	0	1	799	1	799	0.0	1563
CP101161.1_3069	JAJCVI010000002.1_573	59.5	802	308	8	1	797	1	790	0.0	905
CP101161.1_3069	AOJE01000025.1_41	44.6	808	412	14	1	793	1	787	6.81e-217	627
CP101161.1_3069	NC_015659.1_84	41.6	805	428	21	9	797	8	786	5.36e-180	532
CP101161.1_3069	CP031299.1_28	40.1	813	444	18	1	797	1	786	3.34e-178	527
CP101161.1_3069	JDTG01000019.1_101	40.1	813	444	18	1	797	1	786	3.34e-178	527
CP101161.1_3069	NC_013748.1_29	40.1	810	444	19	1	797	1	782	8.14e-175	518
CP101161.1_3069	JAAOHU010000009.1_54	39.0	824	455	15	5	793	9	819	1.18e-172	514
CP101161.1_3069	AOIO01000049.1_112	39.2	801	454	18	9	797	9	788	1.20e-172	513
CP101161.1_3069	LOAJ01000002.1_44	38.5	831	456	16	4	795	17	831	1.62e-172	514
CP101161.1_3069	CP095494.1_52	39.3	828	441	18	5	797	13	813	1.96e-172	513
CP101161.1_3069	AOIP01000022.1_36	39.0	801	456	18	9	797	9	788	3.38e-172	512
CP101161.1_3069	FNFE01000011.1_39	38.6	824	465	14	1	793	1	814	5.03e-172	512
CP101161.1_3069	CP100004.1_22	40.4	811	441	19	5	797	4	790	1.15e-170	508
CP101161.1_3069	BBJN01000020.1_48	40.9	814	435	16	1	793	1	789	3.13e-170	507
CP101161.1_3069	CP019329.1_57	38.9	823	452	16	5	798	16	816	3.49e-170	508
CP101161.1_3069	CP119801.1_26	39.4	830	439	19	5	798	10	811	4.85e-169	504
CP101161.1_3069	KX906370.1_107	38.6	827	454	16	8	795	18	829	5.81e-169	505
CP101161.1_3069	CP101158.1_93	39.0	833	442	21	8	795	13	824	3.83e-168	503
CP101161.1_3069	FOXI01000018.1_35	41.2	810	431	17	1	793	1	782	4.41e-168	501
CP101161.1_3069	JAANTI010000009.1_19	41.2	810	431	17	1	793	1	782	4.41e-168	501
CP101161.1_3069	Gairdner_NODE_107_length_49922_cov_74.384603_31	40.1	800	440	15	1	785	1	776	7.10e-167	498
CP101161.1_3069	CP099999.1_26	38.6	782	444	11	38	793	41	812	6.37e-166	496
CP101161.1_3069	AOIR01000042.1_57	39.3	840	416	25	5	795	3	797	2.53e-164	492
CP101161.1_3069	KX687704.1_26	38.8	830	452	17	8	795	21	836	3.15e-163	490
CP101161.1_3070	CP101161.1_3070	100	666	0	0	1	666	1	666	0.0	1329
CP101161.1_3071	CP101161.1_3071	100	110	0	0	1	110	1	110	1.24e-85	240
CP101161.1_3072	CP101161.1_3072	100	225	0	0	1	225	1	225	3.90e-163	445
CP101161.1_3073	CP101161.1_3073	100	97	0	0	1	97	1	97	1.75e-70	201
CP101161.1_3074	CP101161.1_3074	100	164	0	0	1	164	1	164	9.02e-114	315
CP101161.1_3074	FOXI01000018.1_30	39.2	125	66	4	14	128	10	134	2.47e-16	68.2
CP101161.1_3074	JAANTI010000009.1_24	39.2	125	66	4	14	128	10	134	2.47e-16	68.2
CP101161.1_3075	CP101161.1_3075	100	152	0	0	1	152	1	152	6.53e-108	300
CP101161.1_3076	CP101161.1_3076	100	137	0	0	1	137	1	137	4.59e-103	286
CP101161.1_3077	CP101161.1_3077	100	75	0	0	1	75	1	75	7.64e-55	159
CP101161.1_3078	CP101161.1_3078	100	289	0	0	1	289	1	289	1.82e-193	527
CP101161.1_3079	CP101161.1_3079	100	493	0	0	1	493	1	493	0.0	935
CP101161.1_3079	CP101161.1_3051	36.9	461	156	8	17	474	8	336	1.65e-69	222
CP101161.1_3080	CP101161.1_3080	100	481	0	0	1	481	1	481	0.0	891
CP101161.1_3081	CP101161.1_3081	100	97	0	0	1	97	1	97	1.62e-66	191
CP101161.1_3082	CP101161.1_3082	100	263	0	0	1	263	1	263	3.74e-189	514
CP101161.1_3082	RJJW01000001.1_25	26.7	247	177	2	10	255	11	254	7.54e-19	79.3
CP101161.1_3083	CP101161.1_3083	100	132	0	0	1	132	1	132	1.24e-91	257
