CP101158.1_56	CP101158.1_56	100	690	0	0	1	690	1	690	0.0	1362
CP101158.1_56	CP099999.1_52	60.9	686	265	3	5	690	8	690	3.41e-292	810
CP101158.1_56	CP100004.1_28	40.1	705	393	11	3	690	6	698	2.51e-168	495
CP101158.1_56	JAAOHU010000009.1_19	39.4	713	386	18	5	690	14	707	1.99e-154	459
CP101158.1_56	Eyresouth_NODE_101_length_48437_cov_7.17035_1	38.2	249	134	9	6	247	11	246	9.27e-43	150
CP101158.1_57	CP101158.1_57	100	203	0	0	1	203	1	203	1.47e-106	300
CP101158.1_57	CP099999.1_51	47.1	206	106	1	1	203	1	206	1.27e-41	135
CP101158.1_58	CP101158.1_58	100	114	0	0	1	114	1	114	7.97e-84	236
CP101158.1_59	CP101158.1_59	100	146	0	0	1	146	1	146	3.15e-103	287
CP101158.1_60	CP101158.1_60	100	89	0	0	1	89	1	89	4.70e-60	174
CP101158.1_60	JAJCVI010000002.1_543	53.1	81	38	0	1	81	9	89	1.71e-24	84.3
CP101158.1_60	JAAOHU010000009.1_16	47.1	85	45	0	1	85	9	93	9.17e-23	80.1
CP101158.1_60	AOIP01000022.1_7	47.8	92	40	3	1	87	8	96	3.57e-20	73.6
CP101158.1_60	CP084476.1_89	46.5	86	38	3	1	81	1	83	1.44e-17	66.6
CP101158.1_60	CP099999.1_49	29.2	89	60	1	1	89	9	94	6.45e-09	44.7
CP101158.1_60	AOIO01000049.1_78	38.6	83	45	2	5	87	6	82	7.25e-09	44.3
CP101158.1_61	CP101158.1_61	100	381	0	0	1	381	1	381	9.12e-279	751
CP101158.1_61	CP099999.1_48	44.9	343	186	3	33	373	1	342	2.38e-99	295
CP101158.1_61	AOIP01000022.1_10	43.1	346	186	4	33	373	1	340	1.15e-93	280
CP101158.1_61	AOLZ01000012.1_11	38.6	342	207	3	33	373	1	340	8.66e-82	249
CP101158.1_61	CP019286.1_59	38.6	342	207	3	33	373	1	340	8.66e-82	249
CP101158.1_61	CP084476.1_87	39.2	347	199	5	33	373	1	341	2.21e-76	236
CP101158.1_61	FNFE01000011.1_12	36.7	324	201	3	33	355	1	321	1.85e-63	202
CP101158.1_61	WSZK01000033.1_43	35.7	322	203	3	33	353	1	319	1.22e-58	189
CP101158.1_61	CP019329.1_94	34.6	347	220	6	32	374	8	351	6.22e-56	183
CP101158.1_61	QKNW01000002.1_7	32.2	323	213	4	33	354	1	318	3.54e-47	159
CP101158.1_61	JAJCVI010000002.1_546	33.9	327	206	8	33	356	1	320	8.04e-45	153
CP101158.1_61	CP119801.1_56	30.8	334	211	5	33	354	1	326	4.43e-44	152
CP101158.1_61	Gairdner_NODE_167_length_41210_cov_9.888325_13	30.3	317	213	7	40	355	13	322	1.93e-39	139
CP101158.1_61	BBJN01000020.1_23	26.7	315	217	7	42	356	14	314	2.42e-25	100
CP101158.1_62	CP101158.1_62	100	182	0	0	1	182	1	182	1.70e-129	357
CP101158.1_63	CP101158.1_63	100	68	0	0	1	68	1	68	5.16e-41	124
CP101158.1_64	CP101158.1_64	100	412	0	0	1	412	1	412	3.31e-244	666
CP101158.1_65	CP101158.1_65	100	87	0	0	1	87	1	87	1.87e-56	164
CP101158.1_66	CP101158.1_66	100	162	0	0	1	162	1	162	2.41e-117	324
CP101158.1_67	CP101158.1_67	100	45	0	0	1	45	1	45	4.80e-25	82.4
CP101158.1_68	CP101158.1_68	100	343	0	0	1	343	1	343	3.39e-248	670
CP101158.1_68	CP119801.1_56	49.4	344	163	3	1	334	1	343	4.54e-106	310
CP101158.1_68	FNFE01000011.1_12	48.1	345	174	2	1	340	1	345	3.00e-102	301
CP101158.1_68	QKNW01000002.1_7	39.7	335	195	3	1	331	1	332	1.26e-79	242
CP101158.1_68	CP019329.1_94	36.0	328	205	3	8	330	16	343	2.72e-61	196
CP101158.1_68	CP099999.1_48	36.0	336	206	5	1	329	1	334	3.78e-60	192
CP101158.1_68	AOLZ01000012.1_11	34.4	334	212	4	1	329	1	332	2.97e-58	187
CP101158.1_68	CP019286.1_59	34.4	334	212	4	1	329	1	332	2.97e-58	187
CP101158.1_68	CP084476.1_87	35.1	339	210	4	1	332	1	336	9.90e-52	171
CP101158.1_69	CP101158.1_69	100	154	0	0	1	154	1	154	5.09e-97	272
CP101158.1_69	SJER01000008.1_122	45.7	138	66	2	13	150	11	139	3.76e-24	87.4
CP101158.1_69	SJER01000008.1_124	46.0	137	49	4	13	148	12	124	5.21e-24	86.7
CP101158.1_69	SJER01000008.1_123	43.8	137	56	5	13	149	11	126	9.47e-22	80.9
CP101158.1_69	JDTG01000019.1_71	47.5	139	52	6	14	150	17	136	2.31e-18	72.4
CP101158.1_69	CP099999.1_44	46.9	128	58	6	25	151	1	119	3.05e-18	71.6
CP101158.1_69	CP095494.1_28	51.0	104	38	4	13	115	15	106	3.26e-16	67.0
CP101158.1_69	LWLN01000003.1_3	42.1	126	62	3	14	139	17	131	3.31e-13	59.3
CP101158.1_69	QKNW01000002.1_43	44.7	103	53	1	13	115	10	108	6.75e-12	55.5
CP101158.1_69	LWLN01000003.1_2	36.4	129	70	2	1	119	6	132	2.96e-11	54.3
CP101158.1_69	BBJN01000020.1_29	40.0	140	69	4	13	151	10	135	5.10e-11	53.1
CP101158.1_69	SRIF01000015.1_82	38.1	155	74	4	13	149	10	160	7.83e-11	53.1
CP101158.1_69	AOIO01000049.1_83	38.1	147	75	5	8	151	12	145	8.32e-11	52.8
CP101158.1_69	QKNW01000002.1_44	42.0	143	61	7	13	147	10	138	1.54e-10	52.0
CP101158.1_69	JAJCVI010000002.1_549	43.4	113	56	5	11	121	8	114	2.55e-10	51.2
CP101158.1_69	JAJCVI010000002.1_548	83.8	37	6	0	13	49	10	46	6.10e-10	50.1
CP101158.1_69	JAJCVI010000002.1_550	49.0	96	30	3	15	94	12	104	3.14e-09	48.5
CP101158.1_69	BBJN01000020.1_27	48.8	84	30	3	13	91	12	87	3.56e-09	48.9
CP101158.1_69	WSZK01000033.1_39	36.4	154	88	4	1	150	26	173	4.55e-09	48.5
CP101158.1_69	WSZK01000033.1_40	71.4	42	11	1	10	50	8	49	9.83e-09	47.8
CP101158.1_69	BBJN01000020.1_30	82.4	34	6	0	13	46	12	45	1.37e-08	46.6
CP101158.1_69	Gairdner_NODE_107_length_49922_cov_74.384603_9	75.0	40	8	1	13	50	10	49	7.24e-08	45.4
CP101158.1_69	NC_013748.1_2	36.8	106	61	3	8	113	11	110	1.92e-06	41.2
CP101158.1_69	CP119801.1_55	33.6	113	63	4	25	130	1	108	8.30e-06	39.3
CP101158.1_70	CP101158.1_70	100	262	0	0	1	262	1	262	2.96e-190	517
CP101158.1_70	AOIP01000022.1_18	58.8	262	105	2	1	260	1	261	9.84e-101	290
CP101158.1_70	AOIO01000049.1_84	58.4	262	106	2	1	260	1	261	1.98e-100	290
CP101158.1_70	NC_013748.1_3	55.5	263	113	3	1	260	1	262	5.93e-95	276
CP101158.1_70	SJER01000008.1_125	38.5	260	149	4	4	253	2	260	1.17e-55	176
CP101158.1_70	LWLN01000003.1_4	35.2	267	155	7	3	259	4	262	1.24e-41	139
CP101158.1_70	JDTG01000019.1_72	34.2	269	159	7	1	259	1	261	1.02e-39	134
CP101158.1_70	CP119801.1_54	31.8	267	156	7	1	256	1	252	3.49e-36	125
CP101158.1_71	CP101158.1_71	100	320	0	0	1	320	1	320	2.84e-233	630
CP101158.1_72	CP101158.1_72	100	68	0	0	1	68	1	68	3.90e-45	134
CP101158.1_72	CP084476.1_80	57.1	56	24	0	12	67	11	66	6.45e-17	63.5
CP101158.1_72	CP119801.1_47	45.0	60	33	0	7	66	7	66	1.32e-11	50.1
CP101158.1_72	AOIO01000049.1_87	44.8	58	32	0	10	67	9	66	5.48e-11	48.5
CP101158.1_72	AOIP01000022.1_19	44.8	58	32	0	10	67	8	65	7.60e-11	48.1
CP101158.1_73	CP101158.1_73	100	233	0	0	1	233	1	233	1.26e-147	407
CP101158.1_73	AOIP01000022.1_20	48.5	200	93	3	34	227	20	215	4.79e-63	192
CP101158.1_73	BBJN01000020.1_31	32.3	195	108	6	32	217	12	191	6.79e-20	80.1
CP101158.1_74	CP101158.1_74	100	1236	0	0	1	1236	1	1236	0.0	2306
CP101158.1_74	CP099999.1_41	42.3	980	495	20	215	1174	229	1158	7.95e-213	645
CP101158.1_74	AOLZ01000012.1_19	39.6	859	456	24	356	1177	365	1197	8.02e-151	482
CP101158.1_74	CP019286.1_50	39.6	859	456	24	356	1177	365	1197	8.02e-151	482
CP101158.1_74	AOIP01000022.1_21	38.1	837	451	20	368	1171	377	1179	6.16e-149	476
CP101158.1_74	CP119801.1_45	37.2	830	451	19	370	1171	207	994	8.26e-145	461
CP101158.1_74	CP095494.1_34	36.1	840	465	19	368	1179	255	1050	2.60e-141	452
CP101158.1_74	JDTG01000019.1_67	35.7	842	472	20	367	1169	451	1262	1.13e-136	445
CP101158.1_74	CP095494.1_33	34.7	847	480	22	359	1178	364	1164	7.69e-125	410
CP101158.1_74	JDTG01000019.1_81	32.9	850	496	21	370	1174	375	1195	3.62e-119	395
CP101158.1_74	NC_015659.1_102	32.5	840	500	23	350	1159	257	1059	2.82e-116	385
CP101158.1_74	CP084476.1_77	33.3	861	485	26	354	1171	29	843	8.03e-112	367
CP101158.1_74	JAAOHU010000009.1_4	31.6	868	520	19	366	1209	410	1227	2.07e-109	369
CP101158.1_74	AOIO01000049.1_89	31.6	864	501	21	367	1194	260	1069	5.09e-107	359
CP101158.1_74	CP019329.1_80	31.4	863	505	27	367	1177	286	1113	1.52e-99	339
CP101158.1_74	NC_013748.1_9	31.9	860	502	33	367	1176	279	1104	8.18e-92	317
CP101158.1_74	Gairdner_NODE_167_length_41210_cov_9.888325_32	26.1	857	531	27	370	1178	574	1376	5.76e-65	237
CP101158.1_74	LOAJ01000002.1_61	28.9	1204	663	51	77	1171	259	1378	4.13e-64	234
CP101158.1_74	KX687704.1_7	25.0	1048	655	35	210	1171	328	1330	4.07e-61	225
CP101158.1_74	KX906370.1_88	25.0	1048	655	35	210	1171	328	1330	4.07e-61	225
CP101158.1_74	LWLN01000003.1_13	27.5	832	519	28	368	1161	325	1110	3.73e-58	215
CP101158.1_74	SRIF01000015.1_79	25.0	1218	726	46	95	1187	49	1203	7.99e-56	207
CP101158.1_74	WSZK01000033.1_36	25.5	862	556	30	370	1187	193	1012	4.94e-53	198
CP101158.1_74	AOJE01000051.1_50	25.6	853	545	28	376	1171	401	1220	3.02e-50	190
CP101158.1_74	JAJCVI010000002.1_557	24.8	1176	698	44	90	1178	269	1345	7.98e-50	189
CP101158.1_75	CP101158.1_75	100	535	0	0	1	535	1	535	0.0	1041
CP101158.1_75	CP084476.1_75	46.3	534	249	13	10	529	5	514	6.83e-130	384
CP101158.1_75	AOIP01000022.1_22	44.1	526	264	9	10	526	5	509	1.63e-124	370
CP101158.1_75	CP099999.1_40	45.5	501	252	8	25	522	13	495	1.27e-121	363
CP101158.1_75	JDTG01000019.1_82	43.8	537	270	11	9	532	6	523	2.59e-117	352
CP101158.1_75	CP119801.1_44	42.4	528	270	13	7	519	6	514	1.97e-106	324
CP101158.1_75	Eyresouth_NODE_101_length_48437_cov_7.17035_10	35.2	559	291	18	8	534	17	536	4.68e-80	256
CP101158.1_75	Frome_NODE_383_length_24936_cov_4.316346_2	35.6	509	261	17	8	484	17	490	2.39e-74	241
CP101158.1_75	Gairdner_NODE_167_length_41210_cov_9.888325_31	37.6	431	242	7	115	527	121	542	1.77e-67	223
CP101158.1_75	CP031299.1_9	50.7	268	118	6	221	483	1	259	4.36e-65	210
CP101158.1_75	CP095494.1_35	34.3	499	285	14	50	528	50	525	2.15e-60	204
CP101158.1_75	NC_013748.1_10	33.3	477	282	10	59	519	58	514	1.28e-58	199
CP101158.1_75	QKNW01000002.1_40	34.9	499	280	19	57	532	60	536	1.43e-53	186
CP101158.1_75	Gairdner_NODE_107_length_49922_cov_74.384603_13	31.4	465	262	14	42	484	47	476	1.27e-50	177
CP101158.1_75	FNFE01000011.1_20	33.4	479	266	15	57	519	56	497	8.32e-50	174
CP101158.1_75	CP019329.1_79	34.4	485	256	19	57	520	57	500	2.32e-49	173
CP101158.1_75	AOIR01000042.1_44	32.0	537	300	19	9	511	38	543	7.26e-47	167
CP101158.1_75	KX687704.1_8	31.1	556	303	20	5	511	8	532	2.12e-45	163
CP101158.1_75	KX906370.1_89	31.1	556	303	20	5	511	8	532	2.12e-45	163
CP101158.1_75	Eyre_NODE_236_length_33155_cov_19.932_44	42.2	249	135	3	275	519	1	244	7.90e-44	152
CP101158.1_75	LOAJ01000002.1_60	30.2	549	311	17	9	511	17	539	1.78e-42	155
CP101158.1_75	AOJE01000025.1_28	32.0	475	264	17	53	512	48	478	1.27e-40	149
CP101158.1_75	LWLN01000003.1_14	30.0	516	295	18	41	522	53	536	5.02e-38	142
CP101158.1_75	AOJE01000051.1_48	38.6	249	140	5	267	511	5	244	4.18e-36	131
CP101158.1_75	RJJW01000001.1_29	29.1	485	289	16	41	493	48	509	4.95e-36	137
CP101158.1_76	CP101158.1_76	100	288	0	0	1	288	1	288	1.57e-223	603
CP101158.1_76	CP099999.1_39	32.9	255	160	5	19	273	2	245	2.23e-40	137
CP101158.1_76	CP019329.1_77	26.2	229	149	4	53	279	153	363	3.03e-23	94.0
CP101158.1_77	CP101158.1_77	100	368	0	0	1	368	1	368	5.81e-248	672
CP101158.1_78	CP101158.1_78	100	89	0	0	1	89	1	89	8.42e-63	181
CP101158.1_78	RJJW01000001.1_33	61.8	89	34	0	1	89	1	89	1.24e-37	117
CP101158.1_78	QKNW01000002.1_34	43.9	82	46	0	4	85	9	90	1.64e-23	82.0
CP101158.1_78	Eyre_NODE_236_length_33155_cov_19.932_38	24.7	85	63	1	2	86	4	87	7.19e-10	47.0
CP101158.1_79	CP101158.1_79	100	147	0	0	1	147	1	147	2.91e-104	290
CP101158.1_79	LWLN01000003.1_18	41.9	124	66	2	23	144	10	129	6.04e-26	91.7
CP101158.1_79	NC_015659.1_95	39.8	118	65	2	23	139	10	122	2.78e-22	82.0
CP101158.1_80	CP101158.1_80	100	49	0	0	1	49	1	49	1.81e-35	108
CP101158.1_81	CP101158.1_81	100	263	0	0	1	263	1	263	4.18e-186	506
CP101158.1_82	CP101158.1_82	100	124	0	0	1	124	1	124	5.39e-89	249
CP101158.1_82	AOJE01000051.1_34	50.0	124	62	0	1	124	4	127	3.73e-44	136
CP101158.1_82	KX687704.1_15	53.9	115	53	0	10	124	14	128	5.16e-42	131
CP101158.1_82	KX906370.1_96	53.9	115	53	0	10	124	14	128	5.16e-42	131
CP101158.1_82	LOAJ01000002.1_54	51.3	115	56	0	10	124	14	128	1.47e-41	130
CP101158.1_83	CP101158.1_83	100	102	0	0	1	102	1	102	6.96e-68	194
CP101158.1_83	AOJE01000051.1_33	46.9	96	51	0	4	99	7	102	9.82e-25	85.9
CP101158.1_83	LOAJ01000002.1_53	49.5	93	47	0	4	96	7	99	6.46e-23	81.3
CP101158.1_83	KX687704.1_16	48.9	94	48	0	3	96	6	99	3.70e-22	79.3
CP101158.1_83	KX906370.1_97	48.9	94	48	0	3	96	6	99	3.70e-22	79.3
CP101158.1_84	CP101158.1_84	100	343	0	0	1	343	1	343	2.19e-244	660
CP101158.1_84	KX906370.1_99	45.6	294	144	6	16	306	8	288	2.20e-79	241
CP101158.1_84	LOAJ01000002.1_52	45.9	266	134	3	44	306	30	288	5.85e-79	239
CP101158.1_84	AOJE01000051.1_29	45.3	311	154	6	15	321	3	301	8.53e-79	239
CP101158.1_84	KX687704.1_18	45.5	292	143	6	18	306	10	288	1.76e-78	238
CP101158.1_84	FNFE01000011.1_30	35.2	293	170	7	17	304	101	378	1.54e-49	166
CP101158.1_84	Gairdner_NODE_107_length_49922_cov_74.384603_21	35.5	265	152	9	44	304	34	283	2.75e-44	150
CP101158.1_84	CP031299.1_20	33.5	281	163	8	39	311	24	288	1.27e-41	143
CP101158.1_84	JDTG01000019.1_93	33.5	281	163	8	39	311	24	288	1.27e-41	143
CP101158.1_84	SRIF01000015.1_66	31.3	316	183	8	15	316	6	301	1.98e-41	142
CP101158.1_84	CP101161.1_3061	34.8	287	150	12	48	321	26	288	1.12e-40	140
CP101158.1_84	JAAOHU010000009.1_62	36.6	273	151	10	43	309	148	404	4.96e-38	136
CP101158.1_84	AOJE01000025.1_34	31.9	295	171	9	12	302	4	272	3.13e-35	125
CP101158.1_84	CP099999.1_34	29.0	269	166	9	40	302	145	394	6.44e-32	119
CP101158.1_85	CP101158.1_85	100	80	0	0	1	80	1	80	1.23e-51	152
CP101158.1_85	KX906370.1_100	57.6	66	28	0	3	68	4	69	5.84e-23	79.7
CP101158.1_85	KX687704.1_19	56.1	66	29	0	3	68	4	69	6.79e-22	77.0
CP101158.1_85	AOJE01000051.1_28	54.5	66	30	0	3	68	4	69	1.30e-21	76.3
CP101158.1_85	LOAJ01000002.1_51	56.1	66	29	0	3	68	4	69	1.12e-20	73.9
CP101158.1_85	SJER01000008.1_137	51.2	41	18	2	9	48	10	49	9.93e-05	33.1
CP101158.1_86	CP101158.1_86	100	94	0	0	1	94	1	94	5.77e-61	176
CP101158.1_86	LOAJ01000002.1_50	44.4	90	50	0	3	92	4	93	1.88e-23	82.0
CP101158.1_86	KX687704.1_20	46.5	86	46	0	3	88	4	89	2.46e-23	81.6
CP101158.1_86	KX906370.1_101	46.5	86	46	0	3	88	4	89	2.46e-23	81.6
CP101158.1_86	AOJE01000051.1_27	43.0	86	49	0	3	88	4	89	2.00e-22	79.3
CP101158.1_87	CP101158.1_87	100	81	0	0	1	81	1	81	1.37e-53	157
CP101158.1_87	LOAJ01000002.1_49	58.8	68	28	0	1	68	1	68	1.60e-22	78.6
CP101158.1_87	AOJE01000051.1_26	57.4	68	29	0	1	68	1	68	2.28e-22	78.2
CP101158.1_87	KX687704.1_21	57.4	68	29	0	1	68	1	68	2.34e-22	78.2
CP101158.1_87	KX906370.1_102	57.4	68	29	0	1	68	1	68	2.34e-22	78.2
CP101158.1_87	NC_013748.1_24	47.1	51	26	1	18	67	20	70	2.08e-12	52.8
CP101158.1_87	AOIO01000049.1_107	47.1	51	26	1	18	67	20	70	4.17e-12	52.0
CP101158.1_87	AOIP01000022.1_31	47.1	51	26	1	18	67	20	70	4.17e-12	52.0
CP101158.1_88	CP101158.1_88	100	199	0	0	1	199	1	199	2.89e-143	393
CP101158.1_88	Gairdner_NODE_107_length_49922_cov_74.384603_25	33.8	154	91	4	30	173	25	177	2.37e-25	93.6
CP101158.1_88	BBJN01000020.1_43	34.7	150	89	3	30	170	25	174	3.58e-24	90.5
CP101158.1_89	CP101158.1_89	100	348	0	0	1	348	1	348	2.89e-247	668
CP101158.1_89	LOAJ01000002.1_47	46.7	349	163	7	4	344	6	339	6.07e-95	282
CP101158.1_89	AOJE01000051.1_24	45.2	314	164	4	16	328	15	321	3.05e-90	270
CP101158.1_89	KX687704.1_23	45.0	322	168	5	9	328	7	321	7.86e-90	269
CP101158.1_89	KX906370.1_104	45.0	322	168	5	9	328	7	321	7.86e-90	269
CP101158.1_89	CP101161.1_3066	27.3	330	227	4	10	336	14	333	3.67e-30	113
CP101158.1_89	JAJCVI010000002.1_568	26.5	291	197	4	60	345	56	334	7.98e-26	101
CP101158.1_90	CP101158.1_90	100	438	0	0	1	438	1	438	1.12e-301	813
CP101158.1_90	KX687704.1_24	46.9	431	218	6	13	438	7	431	2.30e-127	371
CP101158.1_90	KX906370.1_105	46.9	431	218	6	13	438	7	431	9.24e-127	370
CP101158.1_90	LOAJ01000002.1_46	47.1	393	200	4	47	438	47	432	4.70e-119	350
CP101158.1_90	AOJE01000051.1_22	49.6	250	124	1	189	438	2	249	8.52e-86	258
CP101158.1_90	CP100004.1_17	42.1	361	199	5	75	432	51	404	3.00e-76	239
CP101158.1_90	Gairdner_NODE_107_length_49922_cov_74.384603_28	40.9	357	201	5	81	435	49	397	1.58e-74	235
CP101158.1_90	BBJN01000020.1_45	40.5	353	202	4	81	432	56	401	3.78e-74	234
CP101158.1_90	FOXI01000018.1_40	39.4	355	203	5	81	432	62	407	9.59e-73	231
CP101158.1_90	JAANTI010000009.1_15	39.4	355	203	5	81	432	62	407	9.59e-73	231
CP101158.1_90	CP031299.1_26	36.5	427	234	8	13	434	6	400	4.19e-67	216
CP101158.1_90	JDTG01000019.1_99	36.5	427	234	8	13	434	6	400	4.19e-67	216
CP101158.1_90	CP084476.1_54	36.0	428	244	11	7	431	4	404	1.56e-64	209
CP101158.1_90	JAJCVI010000002.1_569	37.4	366	213	6	73	432	61	416	1.08e-62	205
CP101158.1_90	CP101161.1_3067	37.7	345	203	5	91	432	3	338	1.02e-58	192
CP101158.1_90	AOJE01000025.1_39	34.7	354	222	5	81	431	70	417	2.51e-55	185
CP101158.1_90	CP099999.1_28	33.0	440	245	12	5	430	10	413	6.40e-55	184
CP101158.1_90	AOLZ01000012.1_33	36.4	357	213	6	81	426	59	412	6.99e-55	184
CP101158.1_90	CP019286.1_36	36.4	357	213	6	81	426	59	412	6.99e-55	184
CP101158.1_90	LWLN01000003.1_27	35.4	362	210	9	81	426	54	407	2.46e-53	180
CP101158.1_90	CP019329.1_61	36.1	360	210	9	81	426	85	438	4.77e-52	177
CP101158.1_90	FNFE01000011.1_36	32.5	357	227	5	81	426	63	416	1.67e-49	170
CP101158.1_90	CP095494.1_50	31.2	362	234	6	81	430	58	416	1.13e-41	149
CP101158.1_90	JAAOHU010000009.1_56	29.6	372	240	6	81	436	78	443	1.02e-39	144
CP101158.1_90	QKNW01000002.1_22	27.2	389	243	7	81	436	54	435	2.38e-32	123
CP101158.1_91	CP101158.1_91	100	570	0	0	1	570	1	570	0.0	1070
CP101158.1_91	AOJE01000051.1_21	52.5	472	220	3	93	561	20	490	4.65e-171	490
CP101158.1_91	LOAJ01000002.1_45	52.2	471	221	3	94	561	177	646	1.74e-167	487
CP101158.1_91	KX906370.1_106	51.0	471	227	3	94	561	89	558	1.96e-163	473
CP101158.1_91	KX687704.1_25	51.0	471	227	3	94	561	89	558	7.85e-163	472
CP101158.1_91	AOIO01000049.1_111	31.0	487	309	11	99	560	41	525	1.70e-49	175
CP101158.1_91	NC_015659.1_85	30.5	478	300	9	95	546	37	508	4.11e-49	174
CP101158.1_91	AOIP01000022.1_35	30.2	497	299	11	99	560	41	524	6.13e-49	174
CP101158.1_91	Gairdner_NODE_107_length_49922_cov_74.384603_29	27.7	498	317	11	96	566	79	560	3.87e-47	169
CP101158.1_91	AOJE01000025.1_40	30.6	464	297	13	108	559	10	460	9.24e-47	166
CP101158.1_91	NC_013748.1_28	29.6	558	351	15	32	563	3	544	9.33e-47	168
CP101158.1_91	CP084476.1_53	29.8	470	305	11	99	546	41	507	3.44e-46	166
CP101158.1_91	CP031299.1_27	28.7	491	322	11	95	560	110	597	1.23e-40	151
CP101158.1_91	JDTG01000019.1_100	28.7	491	322	11	95	560	110	597	1.23e-40	151
CP101158.1_91	SRIF01000015.1_58	30.9	282	181	7	289	560	350	627	3.69e-28	114
CP101158.1_91	CP101161.1_3068	32.7	110	74	0	108	217	14	123	3.12e-07	48.5
CP101158.1_91	RJJW01000001.1_45	36.5	96	61	0	140	235	89	184	1.54e-05	43.1
CP101158.1_92	CP101158.1_92	100	354	0	0	1	354	1	354	2.60e-253	684
CP101158.1_92	AOJE01000025.1_49	31.9	376	202	8	9	334	148	519	2.50e-39	142
CP101158.1_93	CP101158.1_93	100	827	0	0	1	827	1	827	0.0	1625
CP101158.1_93	LOAJ01000002.1_44	58.3	832	338	3	1	824	1	831	0.0	941
CP101158.1_93	KX906370.1_107	57.2	830	348	3	1	824	1	829	0.0	910
CP101158.1_93	KX687704.1_26	54.5	840	368	4	1	827	1	839	1.22e-308	863
CP101158.1_93	JAAOHU010000009.1_54	49.8	828	398	10	5	823	2	820	2.69e-278	786
CP101158.1_93	AOJE01000051.1_19	59.3	659	266	2	167	824	11	668	1.98e-272	765
CP101158.1_93	CP100004.1_22	43.5	818	418	12	13	823	7	787	1.97e-210	611
CP101158.1_93	CP031299.1_28	44.3	814	404	13	14	820	9	780	1.70e-207	603
CP101158.1_93	JDTG01000019.1_101	44.3	814	404	13	14	820	9	780	1.70e-207	603
CP101158.1_93	AOIP01000022.1_36	43.3	812	417	11	14	820	9	782	1.02e-206	602
CP101158.1_93	NC_015659.1_84	43.6	826	414	14	1	820	1	780	1.52e-205	598
CP101158.1_93	AOIO01000049.1_112	43.0	812	420	11	14	820	9	782	1.62e-205	598
CP101158.1_93	CP019329.1_57	42.7	819	436	12	13	823	19	812	2.28e-204	597
CP101158.1_93	NC_013748.1_29	43.2	813	411	12	14	820	9	776	6.01e-204	594
CP101158.1_93	SRIF01000015.1_56	43.7	806	414	17	29	823	32	808	3.82e-202	591
CP101158.1_93	FNFE01000011.1_39	42.9	829	429	15	13	822	11	814	2.26e-197	578
CP101158.1_93	CP099999.1_26	41.5	836	443	13	7	823	5	813	1.38e-195	574
CP101158.1_93	CP119801.1_26	42.8	789	419	13	43	823	43	807	3.17e-194	570
CP101158.1_93	WSZK01000033.1_21	40.1	815	455	11	13	823	16	801	7.80e-193	566
CP101158.1_93	CP095494.1_52	42.9	801	425	12	31	823	34	810	2.18e-192	566
CP101158.1_93	FOXI01000018.1_35	42.5	800	409	12	32	823	27	783	1.74e-188	555
CP101158.1_93	JAANTI010000009.1_19	42.5	800	409	12	32	823	27	783	1.74e-188	555
CP101158.1_93	LWLN01000003.1_29	42.0	789	423	13	43	824	63	823	7.93e-187	552
CP101158.1_93	BBJN01000020.1_48	41.9	802	418	12	32	823	27	790	9.58e-187	550
CP101158.1_93	Gairdner_NODE_107_length_49922_cov_74.384603_31	40.6	795	430	10	32	822	27	783	4.98e-185	546
CP101158.1_94	CP101158.1_94	100	303	0	0	1	303	1	303	1.99e-229	619
CP101158.1_95	CP101158.1_95	100	528	0	0	1	528	1	528	0.0	921
CP101158.1_95	LOAJ01000002.1_40	53.6	522	239	2	5	524	7	527	1.64e-191	542
CP101158.1_95	AOJE01000051.1_18	51.3	522	251	2	5	524	6	526	4.64e-186	528
CP101158.1_95	KX906370.1_109	52.5	522	245	2	5	524	6	526	6.58e-186	528
CP101158.1_95	KX687704.1_28	51.7	522	249	2	5	524	6	526	1.51e-184	525
CP101158.1_95	Eyre_NODE_236_length_33155_cov_19.932_24	42.1	541	295	6	3	527	8	546	1.88e-140	412
CP101158.1_95	CP100004.1_27	44.5	521	285	3	7	525	1	519	5.32e-140	410
CP101158.1_95	Eyresouth_NODE_101_length_48437_cov_7.17035_30	43.6	541	287	5	3	527	8	546	3.40e-138	407
CP101158.1_95	Frome_NODE_383_length_24936_cov_4.316346_22	43.4	541	288	6	3	527	8	546	3.83e-137	404
CP101158.1_95	WSZK01000033.1_18	40.7	526	307	3	8	528	3	528	1.11e-129	384
CP101158.1_95	QKNW01000002.1_17	36.4	546	315	6	9	524	11	554	2.89e-106	325
CP101158.1_95	CP101158.1_98	52.3	44	21	0	12	55	14	57	4.35e-08	45.8
CP101158.1_95	CP101158.1_97	76.2	21	5	0	343	363	25	45	4.39e-06	39.7
CP101158.1_96	CP101158.1_96	100	278	0	0	1	278	1	278	1.12e-202	550
CP101158.1_97	CP101158.1_97	100	46	0	0	1	46	1	46	5.86e-33	102
CP101158.1_97	Eyre_NODE_236_length_33155_cov_19.932_24	55.6	45	19	1	2	45	339	383	1.48e-10	49.3
CP101158.1_97	Eyresouth_NODE_101_length_48437_cov_7.17035_30	66.7	27	9	0	1	27	79	105	9.75e-10	47.0
CP101158.1_97	Frome_NODE_383_length_24936_cov_4.316346_22	66.7	27	9	0	1	27	79	105	9.75e-10	47.0
CP101158.1_97	CP100004.1_27	63.0	27	10	0	2	28	66	92	7.93e-08	41.6
CP101158.1_97	CP101158.1_95	69.6	23	7	0	23	45	341	363	1.49e-07	40.8
CP101158.1_97	AOJE01000051.1_18	46.8	47	22	2	2	45	319	365	2.79e-07	40.0
CP101158.1_97	KX687704.1_28	46.8	47	22	2	2	45	319	365	2.79e-07	40.0
CP101158.1_97	KX906370.1_109	46.8	47	22	2	2	45	319	365	2.79e-07	40.0
CP101158.1_97	LOAJ01000002.1_40	46.8	47	22	2	2	45	320	366	2.79e-07	40.0
CP101158.1_97	WSZK01000033.1_18	44.4	45	24	1	2	45	319	363	2.53e-06	37.4
CP101158.1_98	CP101158.1_98	100	63	0	0	1	63	1	63	3.01e-40	122
CP101158.1_98	AOJE01000051.1_18	54.3	46	21	0	12	57	11	56	8.81e-11	50.8
CP101158.1_98	KX906370.1_109	54.3	46	21	0	12	57	11	56	3.09e-10	49.3
CP101158.1_98	CP101158.1_95	52.3	44	21	0	14	57	12	55	4.22e-10	48.9
CP101158.1_98	KX687704.1_28	54.3	46	21	0	12	57	11	56	4.22e-10	48.9
CP101158.1_98	LOAJ01000002.1_40	51.1	47	23	0	11	57	11	57	1.08e-09	47.8
CP101158.1_99	CP101158.1_99	100	209	0	0	1	209	1	209	3.78e-153	419
CP101158.1_100	CP101158.1_100	100	306	0	0	1	306	1	306	6.18e-230	621
CP101158.1_101	CP101158.1_101	100	60	0	0	1	60	1	60	1.13e-36	112
CP101158.1_102	CP101158.1_102	100	397	0	0	1	397	1	397	1.98e-297	799
CP101158.1_102	NC_015659.1_78	64.3	395	138	2	2	394	18	411	9.58e-189	525
CP101158.1_102	CP084476.1_42	59.2	397	156	3	2	394	13	407	8.83e-167	469
CP101158.1_102	CP019329.1_45	49.4	409	190	5	2	394	14	421	1.38e-129	375
CP101158.1_102	KX687704.1_34	45.5	402	208	4	2	394	12	411	5.52e-124	360
CP101158.1_102	Frome_NODE_383_length_24936_cov_4.316346_23	39.9	404	229	9	2	396	20	418	9.91e-90	273
CP101158.1_102	Eyresouth_NODE_101_length_48437_cov_7.17035_31	40.2	405	226	11	2	396	20	418	3.94e-89	271
CP101158.1_102	Eyre_NODE_236_length_33155_cov_19.932_23	40.0	405	227	11	2	396	20	418	4.17e-89	271
CP101158.1_103	CP101158.1_103	100	248	0	0	1	248	1	248	3.61e-184	500
CP101158.1_104	CP101158.1_104	100	987	0	0	1	987	1	987	0.0	1926
CP101158.1_105	CP101158.1_105	100	451	0	0	1	451	1	451	0.0	881
CP101158.1_106	CP101158.1_106	100	521	0	0	1	521	1	521	0.0	1051
