CP119801.1_13	CP119801.1_13	100	71	0	0	1	71	1	71	9.25e-52	151
CP119801.1_14	CP119801.1_14	100	197	0	0	1	197	1	197	1.23e-143	394
CP119801.1_15	CP119801.1_15	100	74	0	0	1	74	1	74	1.20e-44	134
CP119801.1_16	CP119801.1_16	100	99	0	0	1	99	1	99	4.09e-70	200
CP119801.1_17	CP119801.1_17	100	77	0	0	1	77	1	77	1.41e-51	151
CP119801.1_18	CP119801.1_18	100	210	0	0	1	210	1	210	2.19e-157	429
CP119801.1_18	FNFE01000011.1_48	68.6	207	52	2	1	207	1	194	6.61e-103	291
CP119801.1_19	CP119801.1_19	100	389	0	0	1	389	1	389	1.81e-289	778
CP119801.1_19	NC_013748.1_37	45.4	368	190	4	21	385	8	367	1.22e-101	301
CP119801.1_19	AOIP01000022.1_45	45.0	378	191	4	17	385	1	370	4.29e-100	298
CP119801.1_19	AOLZ01000012.1_46	44.3	384	203	5	5	385	3	378	5.52e-100	298
CP119801.1_19	CP019286.1_23	44.3	384	203	5	5	385	3	378	5.52e-100	298
CP119801.1_19	LWLN01000003.1_42	45.6	377	187	6	19	385	2	370	9.73e-99	294
CP119801.1_19	JAAOHU010000009.1_51	43.2	382	198	7	8	387	3	367	2.98e-88	267
CP119801.1_19	CP031299.1_40	41.1	389	212	9	5	386	3	381	3.72e-87	265
CP119801.1_19	JDTG01000019.1_113	41.1	389	212	9	5	386	3	381	3.72e-87	265
CP119801.1_19	FNFE01000011.1_44	40.4	361	199	6	23	379	4	352	1.07e-80	248
CP119801.1_19	WSZK01000033.1_9	39.5	405	216	12	3	384	11	409	1.25e-80	249
CP119801.1_19	Gairdner_NODE_107_length_49922_cov_74.384603_35	37.3	391	221	7	8	388	3	379	7.74e-78	241
CP119801.1_19	CP095494.1_63	57.0	79	34	0	307	385	2	80	4.18e-26	96.3
CP119801.1_20	CP119801.1_20	100	55	0	0	1	55	1	55	1.39e-37	114
CP119801.1_21	CP119801.1_21	100	93	0	0	1	93	1	93	7.85e-72	204
CP119801.1_21	Gairdner_NODE_167_length_41210_cov_9.888325_44	56.2	89	39	0	3	91	4	92	1.15e-37	117
CP119801.1_21	CP031299.1_34	59.8	92	36	1	1	91	1	92	1.89e-37	117
CP119801.1_21	JDTG01000019.1_107	59.8	92	36	1	1	91	1	92	1.89e-37	117
CP119801.1_21	CP019329.1_53	50.6	89	44	0	3	91	188	276	1.75e-29	102
CP119801.1_21	CP019286.1_26	60.0	70	27	1	23	91	6	75	5.27e-29	95.5
CP119801.1_21	AOLZ01000012.1_37	44.9	89	49	0	3	91	166	254	1.05e-26	94.7
CP119801.1_21	CP019286.1_32	44.9	89	49	0	3	91	166	254	1.05e-26	94.7
CP119801.1_21	AOLZ01000012.1_43	59.6	57	22	1	36	91	2	58	1.37e-21	76.3
CP119801.1_22	CP119801.1_22	100	66	0	0	1	66	1	66	5.17e-49	144
CP119801.1_23	CP119801.1_23	100	200	0	0	1	200	1	200	3.15e-161	438
CP119801.1_23	CP031299.1_32	69.5	200	61	0	1	200	1	200	1.92e-112	315
CP119801.1_23	JDTG01000019.1_105	69.5	200	61	0	1	200	1	200	1.92e-112	315
CP119801.1_24	CP119801.1_24	100	517	0	0	1	517	1	517	0.0	1050
CP119801.1_24	CP019329.1_54	76.9	506	117	0	12	517	18	523	1.70e-296	807
CP119801.1_24	SRIF01000015.1_53	67.3	502	164	0	14	515	8	509	3.12e-263	723
CP119801.1_24	RJJW01000001.1_49	53.4	513	214	3	6	517	2	490	3.37e-200	562
CP119801.1_24	CP084476.1_50	49.4	508	228	4	15	517	15	498	5.80e-168	480
CP119801.1_24	LWLN01000003.1_32	48.8	521	236	6	2	517	5	499	8.49e-168	480
CP119801.1_24	NC_015659.1_82	50.4	510	222	5	14	517	17	501	3.66e-167	478
CP119801.1_24	NC_013748.1_31	49.2	508	229	4	15	517	14	497	2.09e-165	474
CP119801.1_24	SJER01000008.1_146	48.6	508	230	5	14	515	18	500	2.13e-164	471
CP119801.1_24	CP031299.1_30	48.2	508	234	4	15	517	12	495	1.80e-163	469
CP119801.1_24	JDTG01000019.1_103	48.2	508	234	4	15	517	12	495	1.80e-163	469
CP119801.1_24	AOIP01000022.1_38	46.7	538	228	5	15	517	15	528	2.18e-162	467
CP119801.1_24	AOIO01000049.1_114	56.7	150	41	1	15	164	15	140	2.08e-50	166
CP119801.1_24	QKNW01000002.1_17	25.2	484	279	15	8	443	21	469	1.57e-28	114
CP119801.1_25	CP119801.1_25	100	320	0	0	1	320	1	320	1.47e-235	636
CP119801.1_25	CP095494.1_53	70.7	314	92	0	5	318	5	318	1.82e-167	464
CP119801.1_25	CP019329.1_55	65.9	314	107	0	4	317	6	319	1.12e-159	444
CP119801.1_25	SRIF01000015.1_55	52.2	314	148	1	7	318	4	317	2.21e-113	327
CP119801.1_25	NC_015659.1_83	41.2	301	168	6	20	317	19	313	8.06e-76	231
CP119801.1_25	NC_013748.1_30	42.4	302	163	7	20	317	18	312	8.83e-75	228
CP119801.1_25	AOIO01000049.1_113	39.5	294	174	4	20	312	19	309	9.10e-75	228
CP119801.1_25	AOIP01000022.1_37	39.5	296	171	5	20	312	19	309	1.82e-74	228
CP119801.1_25	CP100004.1_23	38.3	313	183	6	11	318	16	323	5.34e-73	224
CP119801.1_25	CP031299.1_29	40.1	294	171	5	20	312	18	307	1.73e-71	220
CP119801.1_25	JDTG01000019.1_102	40.1	294	171	5	20	312	18	307	1.73e-71	220
CP119801.1_25	Eyre_NODE_236_length_33155_cov_19.932_25	36.1	327	193	7	3	319	1	321	6.96e-61	193
CP119801.1_25	Eyresouth_NODE_101_length_48437_cov_7.17035_29	35.8	327	194	7	3	319	1	321	9.81e-61	192
CP119801.1_25	Frome_NODE_383_length_24936_cov_4.316346_21	35.8	327	194	7	3	319	1	321	9.81e-61	192
CP119801.1_25	WSZK01000033.1_20	39.2	309	170	9	21	318	49	350	2.15e-60	192
CP119801.1_25	LWLN01000003.1_30	36.6	287	175	5	33	318	22	302	3.70e-58	186
CP119801.1_25	CP019286.1_33	40.3	268	153	5	36	302	23	284	2.15e-56	181
CP119801.1_25	AOLZ01000012.1_36	40.3	268	153	5	36	302	23	284	1.19e-55	179
CP119801.1_25	CP084476.1_51	36.3	295	178	6	29	318	12	301	5.80e-53	172
CP119801.1_26	CP119801.1_26	100	815	0	0	1	815	1	815	0.0	1622
CP119801.1_26	CP095494.1_52	77.4	818	182	1	1	815	1	818	0.0	1278
CP119801.1_26	CP019329.1_57	73.6	807	212	1	5	811	11	816	0.0	1209
CP119801.1_26	SRIF01000015.1_56	62.9	808	297	3	8	812	6	813	0.0	1018
CP119801.1_26	CP100004.1_22	55.9	816	322	10	7	810	1	790	7.79e-305	852
CP119801.1_26	NC_015659.1_84	53.8	801	344	6	14	810	8	786	2.24e-285	802
CP119801.1_26	NC_013748.1_29	53.4	801	342	9	14	810	9	782	1.26e-278	785
CP119801.1_26	AOIO01000049.1_112	51.7	813	365	8	1	810	1	788	3.11e-278	784
CP119801.1_26	AOIP01000022.1_36	51.5	813	366	8	1	810	1	788	1.77e-277	782
CP119801.1_26	CP031299.1_28	51.8	812	363	6	1	810	1	786	2.34e-277	781
CP119801.1_26	JDTG01000019.1_101	51.8	812	363	6	1	810	1	786	2.34e-277	781
CP119801.1_26	LWLN01000003.1_29	49.0	816	395	10	5	812	25	827	1.37e-266	756
CP119801.1_26	AOLZ01000012.1_35	48.6	814	399	9	6	812	22	823	1.44e-262	745
CP119801.1_26	CP019286.1_34	48.6	814	399	9	6	812	22	823	1.44e-262	745
CP119801.1_26	Frome_NODE_383_length_24936_cov_4.316346_20	49.8	817	374	13	12	810	26	824	4.28e-259	736
CP119801.1_26	Eyresouth_NODE_101_length_48437_cov_7.17035_28	49.8	817	374	13	12	810	26	824	8.59e-259	736
CP119801.1_26	WSZK01000033.1_21	49.6	821	390	10	1	812	1	806	8.78e-259	735
CP119801.1_26	Eyre_NODE_236_length_33155_cov_19.932_26	49.6	817	376	13	12	810	26	824	1.96e-257	732
CP119801.1_26	RJJW01000001.1_46	49.5	825	369	13	12	812	9	809	2.89e-255	726
CP119801.1_26	SJER01000008.1_144	45.4	813	418	9	10	812	16	812	4.74e-242	692
CP119801.1_26	CP084476.1_52	43.7	812	426	11	12	812	7	798	5.55e-212	615
CP119801.1_26	JAAOHU010000009.1_54	42.5	831	440	10	6	810	5	823	4.00e-209	608
CP119801.1_26	LOAJ01000002.1_44	41.7	834	450	12	2	807	5	830	1.13e-208	608
CP119801.1_26	KX906370.1_107	41.1	818	452	10	13	807	18	828	3.39e-201	588
CP119801.1_26	QKNW01000002.1_20	41.8	844	436	17	3	812	34	856	3.10e-200	587
CP119801.1_27	CP119801.1_27	100	103	0	0	1	103	1	103	2.93e-74	211
CP119801.1_28	CP119801.1_28	100	608	0	0	1	608	1	608	0.0	1123
CP119801.1_28	CP095494.1_51	55.6	708	209	5	1	605	1	706	3.78e-262	731
CP119801.1_28	SRIF01000015.1_58	43.6	642	316	9	1	597	1	641	1.84e-155	457
CP119801.1_28	FNFE01000011.1_37	39.6	651	333	9	3	601	4	646	2.66e-133	400
CP119801.1_28	CP099999.1_27	42.1	611	334	10	1	601	1	601	5.89e-132	395
CP119801.1_28	CP019329.1_60	40.4	674	328	11	2	608	4	670	2.25e-131	396
CP119801.1_28	AOLZ01000012.1_34	39.7	668	334	13	1	604	1	663	4.12e-126	382
CP119801.1_28	CP019286.1_35	39.7	668	334	13	1	604	1	663	4.12e-126	382
CP119801.1_28	JAAOHU010000009.1_55	38.6	588	285	8	21	598	28	549	2.11e-114	349
CP119801.1_28	LWLN01000003.1_28	37.7	695	335	11	1	601	1	691	2.17e-112	348
CP119801.1_28	SJER01000008.1_143	36.5	619	350	11	24	601	30	646	1.97e-103	323
CP119801.1_28	JAJCVI010000007.1_29	35.8	604	341	10	15	605	70	639	1.93e-98	310
CP119801.1_28	CP101161.1_3068	27.9	609	359	18	20	589	9	576	5.61e-37	141
CP119801.1_28	RJJW01000001.1_45	31.6	316	196	7	278	583	345	650	2.01e-32	128
CP119801.1_28	Gairdner_NODE_167_length_41210_cov_9.888325_19	27.6	322	212	6	272	581	403	715	1.57e-23	100
CP119801.1_29	CP119801.1_29	100	460	0	0	1	460	1	460	5.11e-321	864
CP119801.1_29	CP095494.1_50	72.9	462	114	4	1	460	1	453	1.23e-224	620
CP119801.1_29	SRIF01000015.1_59	58.6	391	161	1	65	455	66	455	2.96e-158	452
CP119801.1_29	AOLZ01000012.1_33	52.5	457	199	6	5	460	10	449	2.40e-150	431
CP119801.1_29	CP019286.1_36	52.5	457	199	6	5	460	10	449	2.40e-150	431
CP119801.1_29	FNFE01000011.1_36	53.7	438	192	5	5	441	10	437	6.30e-149	428
CP119801.1_29	CP099999.1_28	57.4	376	159	1	66	441	56	430	1.24e-141	409
CP119801.1_29	JAAOHU010000009.1_56	52.4	397	187	2	65	460	77	472	5.08e-137	398
CP119801.1_29	SJER01000008.1_142	52.0	371	177	1	67	436	100	470	1.25e-132	388
CP119801.1_29	CP019329.1_61	50.6	393	188	2	66	458	85	471	6.05e-131	383
CP119801.1_29	LWLN01000003.1_27	47.8	435	209	3	7	441	12	428	7.73e-124	363
CP119801.1_29	JAJCVI010000007.1_28	46.8	385	198	3	69	448	79	461	1.36e-112	335
CP119801.1_29	Gairdner_NODE_107_length_49922_cov_74.384603_28	36.7	371	216	6	63	431	46	399	1.29e-56	189
CP119801.1_29	FOXI01000018.1_40	34.3	364	220	6	66	427	62	408	1.82e-55	186
CP119801.1_29	JAANTI010000009.1_15	34.3	364	220	6	66	427	62	408	1.82e-55	186
CP119801.1_29	BBJN01000020.1_45	33.4	368	226	6	62	427	52	402	6.05e-55	184
CP119801.1_29	CP084476.1_54	32.5	422	257	10	10	424	3	403	7.21e-49	168
CP119801.1_29	NC_013748.1_27	31.7	366	229	5	61	424	55	401	9.97e-47	162
CP119801.1_29	NC_015659.1_86	32.1	365	221	5	21	379	14	357	9.97e-47	162
CP119801.1_29	AOIP01000022.1_34	31.1	424	260	8	4	424	1	395	1.70e-46	162
CP119801.1_29	AOJE01000025.1_39	31.6	383	240	8	49	426	53	418	4.92e-46	161
CP119801.1_29	AOIO01000049.1_110	30.6	359	232	4	66	424	54	395	6.35e-45	157
CP119801.1_29	JAJCVI010000002.1_569	30.3	376	240	7	69	439	74	432	7.08e-41	147
CP119801.1_29	CP101161.1_3067	29.4	364	233	7	82	443	9	350	9.83e-37	134
CP119801.1_29	Gairdner_NODE_167_length_41210_cov_9.888325_20	28.2	393	260	7	69	458	74	447	4.60e-36	134
CP119801.1_30	CP119801.1_30	100	350	0	0	1	350	1	350	1.96e-246	666
CP119801.1_30	CP095494.1_49	69.2	338	104	0	1	338	1	338	5.03e-161	450
CP119801.1_30	CP019329.1_62	40.7	307	175	3	1	307	1	300	1.38e-68	214
CP119801.1_30	CP099999.1_29	40.7	305	174	2	1	305	1	298	8.91e-65	204
CP119801.1_30	LWLN01000003.1_26	40.1	299	172	4	3	301	4	295	2.23e-57	185
CP119801.1_30	JAJCVI010000007.1_27	36.5	293	183	3	9	298	15	307	4.35e-56	183
CP119801.1_30	JAAOHU010000009.1_57	32.0	291	193	3	13	298	20	310	4.34e-48	162
CP119801.1_31	CP119801.1_31	100	244	0	0	1	244	1	244	4.22e-181	492
CP119801.1_31	CP095494.1_48	63.5	244	76	4	4	244	5	238	4.57e-103	295
CP119801.1_31	SRIF01000015.1_61	39.0	251	127	3	2	244	3	235	3.71e-56	175
CP119801.1_31	SJER01000008.1_140	41.3	179	93	3	12	180	12	188	1.47e-40	135
CP119801.1_31	JAAOHU010000009.1_58	43.8	160	88	2	4	163	3	160	1.97e-40	135
CP119801.1_31	Eyresouth_NODE_101_length_48437_cov_7.17035_24	34.0	162	103	2	10	171	19	176	7.99e-26	97.4
CP119801.1_31	Frome_NODE_383_length_24936_cov_4.316346_16	34.0	162	103	2	10	171	19	176	7.99e-26	97.4
CP119801.1_31	Eyre_NODE_236_length_33155_cov_19.932_30	32.1	162	106	2	10	171	19	176	1.11e-25	97.1
CP119801.1_31	LOAJ01000002.1_48	31.0	158	105	2	18	175	31	184	4.40e-25	94.4
CP119801.1_32	CP119801.1_32	100	96	0	0	1	96	1	96	3.41e-72	205
CP119801.1_32	CP095494.1_47	65.0	80	28	0	8	87	16	95	3.50e-37	117
CP119801.1_33	CP119801.1_33	100	97	0	0	1	97	1	97	6.87e-68	194
CP119801.1_33	CP095494.1_46	67.0	97	32	0	1	97	1	97	4.64e-48	144
CP119801.1_33	SRIF01000015.1_64	47.5	101	46	1	3	96	4	104	7.51e-28	93.6
CP119801.1_33	FNFE01000011.1_32	38.0	92	50	1	7	91	9	100	7.92e-20	73.2
CP119801.1_33	CP019329.1_65	35.5	93	49	2	6	91	12	100	3.78e-15	61.2
CP119801.1_34	CP119801.1_34	100	75	0	0	1	75	1	75	5.25e-44	132
CP119801.1_34	CP095494.1_45	58.7	75	31	0	1	75	1	75	8.64e-25	84.0
CP119801.1_34	CP099999.1_33	46.7	60	32	0	3	62	2	61	1.17e-11	51.2
CP119801.1_34	SRIF01000015.1_65	43.5	46	26	0	16	61	15	60	9.07e-08	40.8
CP119801.1_34	LWLN01000003.1_22	46.8	47	25	0	16	62	15	61	1.44e-07	40.8
CP119801.1_34	SJER01000008.1_137	37.2	43	27	0	16	58	16	58	1.69e-04	32.3
CP119801.1_35	CP119801.1_35	100	306	0	0	1	306	1	306	8.09e-226	610
CP119801.1_35	CP095494.1_44	67.3	300	94	3	9	306	8	305	2.88e-145	407
CP119801.1_35	JAAOHU010000009.1_62	51.7	267	121	5	37	298	152	415	2.99e-86	261
CP119801.1_35	SRIF01000015.1_66	49.3	272	128	5	37	300	34	303	5.89e-86	256
CP119801.1_35	SJER01000008.1_136	52.8	267	117	6	25	286	143	405	1.26e-85	259
CP119801.1_35	JAJCVI010000007.1_22	45.2	263	133	5	37	289	158	419	6.88e-74	230
CP119801.1_35	CP019329.1_67	37.7	310	183	5	3	303	119	427	7.29e-65	206
CP119801.1_35	RJJW01000001.1_38	37.9	277	167	5	28	301	36	310	8.83e-62	194
CP119801.1_35	CP019286.1_42	39.9	298	166	7	9	299	127	418	2.05e-60	194
CP119801.1_35	AOLZ01000012.1_27	39.9	298	166	7	9	299	127	418	4.10e-60	194
CP119801.1_35	CP100004.1_10	41.0	261	147	4	32	287	20	278	3.91e-59	187
CP119801.1_35	AOIP01000022.1_28	37.8	294	177	5	9	299	5	295	1.18e-58	186
CP119801.1_35	AOIO01000049.1_99	38.4	271	161	5	32	299	29	296	2.67e-57	183
CP119801.1_35	NC_013748.1_21	38.4	271	158	5	32	296	36	303	1.38e-56	181
CP119801.1_35	WSZK01000033.1_29	36.5	304	179	7	3	301	6	300	3.17e-55	177
CP119801.1_35	BBJN01000020.1_39	37.2	258	156	4	37	290	34	289	2.61e-52	169
CP119801.1_35	AOJE01000025.1_34	33.2	289	177	9	6	290	6	282	3.86e-40	137
CP119801.1_36	CP119801.1_36	100	107	0	0	1	107	1	107	1.60e-73	209
CP119801.1_36	CP095494.1_43	64.4	104	36	1	3	105	4	107	6.04e-45	137
CP119801.1_36	SRIF01000015.1_67	51.0	100	49	0	8	107	7	106	2.20e-27	92.8
CP119801.1_36	FNFE01000011.1_30	37.5	80	50	0	25	104	8	87	1.04e-11	55.5
CP119801.1_37	CP119801.1_37	100	110	0	0	1	110	1	110	4.90e-74	211
CP119801.1_37	CP095494.1_42	67.0	103	30	1	11	109	2	104	4.57e-42	130
CP119801.1_37	SRIF01000015.1_68	58.3	96	40	0	1	96	1	96	4.82e-34	110
CP119801.1_38	CP119801.1_38	100	133	0	0	1	133	1	133	7.15e-96	268
CP119801.1_38	CP095494.1_41	78.2	133	29	0	1	133	1	133	3.22e-74	213
CP119801.1_38	SRIF01000015.1_69	59.2	130	50	1	5	131	3	132	1.85e-48	148
CP119801.1_38	FNFE01000011.1_29	55.2	105	47	0	27	131	9	113	2.83e-39	124
CP119801.1_38	CP099999.1_35	53.3	105	49	0	27	131	9	113	1.53e-36	117
CP119801.1_38	JAAOHU010000009.1_63	42.3	137	70	3	5	132	3	139	2.37e-28	97.4
CP119801.1_38	SJER01000008.1_135	44.6	112	59	1	11	119	16	127	3.80e-27	94.4
CP119801.1_38	JAJCVI010000007.1_21	38.7	119	70	1	7	122	11	129	1.23e-20	77.8
CP119801.1_39	CP119801.1_39	100	68	0	0	1	68	1	68	9.57e-46	136
CP119801.1_39	SRIF01000015.1_70	65.9	41	14	0	11	51	11	51	2.90e-15	60.8
CP119801.1_40	CP119801.1_40	100	256	0	0	1	256	1	256	4.34e-180	491
CP119801.1_40	CP095494.1_40	46.9	245	125	5	3	246	2	242	2.72e-65	199
CP119801.1_40	CP100004.1_6	25.5	153	96	2	14	166	12	146	1.01e-06	43.9
CP119801.1_41	CP119801.1_41	100	139	0	0	1	139	1	139	9.59e-106	293
CP119801.1_41	CP099999.1_37	40.0	110	65	1	30	139	27	135	4.89e-22	81.3
CP119801.1_42	CP119801.1_42	100	373	0	0	1	373	1	373	3.56e-256	693
CP119801.1_42	CP084476.1_66	64.8	372	115	10	1	365	1	363	4.49e-136	389
CP119801.1_42	AOIO01000049.1_95	53.6	334	144	8	16	344	13	340	1.19e-101	300
CP119801.1_42	NC_015659.1_96	51.5	338	154	6	3	339	52	380	2.11e-97	291
CP119801.1_42	CP031299.1_15	48.9	354	173	6	2	351	3	352	3.63e-87	264
CP119801.1_42	JDTG01000019.1_88	48.9	354	173	6	2	351	3	352	3.63e-87	264
CP119801.1_42	AOIP01000022.1_24	42.2	320	146	12	16	307	13	321	3.06e-45	154
CP119801.1_42	CP095494.1_37	39.9	323	169	8	6	313	7	319	8.79e-42	145
CP119801.1_43	CP119801.1_43	100	260	0	0	1	260	1	260	6.03e-198	536
CP119801.1_43	AOIP01000022.1_23	62.9	256	95	0	5	260	3	258	3.90e-127	357
CP119801.1_43	JDTG01000019.1_83	67.9	234	74	1	26	259	28	260	3.67e-126	355
CP119801.1_43	CP031299.1_10	69.3	205	62	1	55	259	1	204	2.98e-112	317
CP119801.1_43	AOIO01000049.1_90	50.2	261	118	6	4	257	6	261	3.65e-83	246
CP119801.1_43	JAAOHU010000009.1_2	38.4	250	142	6	1	247	1	241	2.98e-49	159
CP119801.1_43	CP095494.1_36	31.6	212	135	7	35	241	46	252	1.77e-25	97.4
CP119801.1_43	NC_013748.1_12	33.0	200	116	6	32	229	134	317	2.18e-25	98.6
CP119801.1_43	CP100004.1_2	37.6	178	90	7	1	173	1	162	1.78e-21	86.3
CP119801.1_43	WSZK01000033.1_34	31.7	243	127	11	4	234	11	226	1.47e-16	72.8
CP119801.1_44	CP119801.1_44	100	524	0	0	1	524	1	524	0.0	1004
CP119801.1_44	JDTG01000019.1_82	68.5	517	157	4	1	516	1	512	4.22e-231	642
CP119801.1_44	CP084476.1_75	63.6	519	182	4	5	523	2	513	1.48e-214	600
CP119801.1_44	AOIP01000022.1_22	61.8	518	189	5	5	522	2	510	1.42e-204	574
CP119801.1_44	CP099999.1_40	48.3	524	234	13	5	520	2	496	6.05e-134	394
CP119801.1_44	CP031299.1_9	68.6	261	80	1	218	478	1	259	3.46e-109	323
CP119801.1_44	CP101158.1_75	42.2	528	271	12	6	514	7	519	5.70e-102	313
CP119801.1_44	Gairdner_NODE_167_length_41210_cov_9.888325_31	36.7	551	273	19	8	514	16	534	4.11e-73	238
CP119801.1_44	AOLZ01000012.1_20	33.8	532	309	15	9	516	3	515	6.17e-58	197
CP119801.1_44	CP019286.1_49	33.8	532	309	15	9	516	3	515	6.17e-58	197
CP119801.1_44	Gairdner_NODE_107_length_49922_cov_74.384603_13	34.6	468	249	15	35	479	43	476	4.19e-57	194
CP119801.1_44	NC_015659.1_101	33.1	498	294	11	21	506	32	502	3.02e-56	192
CP119801.1_44	CP019329.1_79	29.7	543	303	17	6	514	2	499	3.20e-38	142
CP119801.1_44	CP031299.1_8	50.3	153	61	4	48	191	2	148	2.12e-37	131
CP119801.1_44	RJJW01000001.1_29	31.6	450	247	20	35	448	45	469	3.67e-35	134
CP119801.1_44	LWLN01000003.1_14	32.5	415	235	17	121	508	135	531	3.15e-27	110
CP119801.1_45	CP119801.1_45	100	1037	0	0	1	1037	1	1037	0.0	2045
CP119801.1_45	AOIP01000022.1_21	56.2	850	345	8	203	1035	375	1214	2.70e-320	915
CP119801.1_45	CP095494.1_34	49.1	1024	492	18	25	1034	73	1081	8.75e-315	897
CP119801.1_45	CP084476.1_77	55.5	851	348	13	200	1034	41	876	5.72e-305	864
CP119801.1_45	CP095494.1_33	53.9	837	370	9	205	1034	369	1196	1.63e-294	849
CP119801.1_45	JDTG01000019.1_81	52.6	867	366	13	205	1036	373	1229	1.92e-292	845
CP119801.1_45	JDTG01000019.1_67	45.1	860	425	17	207	1034	454	1298	2.39e-221	664
CP119801.1_45	AOIO01000049.1_89	44.2	806	424	14	207	1000	263	1054	4.57e-214	638
CP119801.1_45	NC_015659.1_102	41.5	856	461	19	207	1037	276	1116	1.64e-198	598
CP119801.1_45	JAAOHU010000009.1_4	40.2	828	458	16	189	998	389	1197	4.69e-184	565
CP119801.1_45	FNFE01000011.1_19	38.3	875	503	16	186	1037	251	1111	2.97e-180	551
CP119801.1_45	CP019329.1_80	35.1	1087	600	34	21	1035	94	1146	1.35e-176	542
CP119801.1_45	NC_013748.1_9	39.7	847	453	20	195	998	272	1103	1.16e-169	524
CP119801.1_45	CP101158.1_74	37.3	830	450	20	207	994	370	1171	2.41e-148	470
CP119801.1_45	CP099999.1_41	35.4	852	479	21	201	1005	341	1168	3.31e-136	437
CP119801.1_45	AOLZ01000012.1_19	34.8	845	486	24	199	998	371	1195	1.80e-132	427
CP119801.1_45	CP019286.1_50	34.8	845	486	24	199	998	371	1195	1.80e-132	427
CP119801.1_45	CP031299.1_6	57.1	259	107	2	375	630	8	265	4.04e-88	281
CP119801.1_45	BBJN01000020.1_32	27.8	846	560	21	203	1027	564	1379	3.75e-83	291
CP119801.1_45	Gairdner_NODE_167_length_41210_cov_9.888325_32	27.3	823	532	24	207	992	574	1367	3.37e-76	270
CP119801.1_45	CP100004.1_3	28.0	840	533	28	219	1013	497	1309	1.96e-74	264
CP119801.1_45	LOAJ01000002.1_61	29.1	877	491	34	211	995	542	1379	2.72e-74	264
CP119801.1_45	KX687704.1_7	28.2	859	505	32	213	995	509	1331	7.78e-63	229
CP119801.1_45	KX906370.1_88	28.2	859	505	32	213	995	509	1331	7.78e-63	229
CP119801.1_45	AOJE01000051.1_50	26.6	851	527	31	213	995	401	1221	2.62e-54	202
CP119801.1_46	CP119801.1_46	100	200	0	0	1	200	1	200	1.44e-148	406
CP119801.1_46	NC_015659.1_103	42.2	218	100	8	1	199	1	211	9.54e-41	134
CP119801.1_46	CP019329.1_81	39.2	199	103	5	12	197	14	207	2.26e-34	117
CP119801.1_47	CP119801.1_47	100	67	0	0	1	67	1	67	8.61e-44	131
CP119801.1_47	AOIO01000049.1_87	66.7	66	21	1	1	66	1	65	8.98e-26	85.9
CP119801.1_47	AOIP01000022.1_19	63.6	66	22	1	1	66	1	64	1.45e-24	82.8
CP119801.1_47	CP084476.1_80	57.6	66	27	1	1	66	1	65	1.37e-20	72.8
CP119801.1_47	LWLN01000003.1_11	57.4	61	26	0	1	61	1	61	3.10e-18	68.6
CP119801.1_47	CP101158.1_72	47.3	55	29	0	12	66	12	66	1.30e-11	50.1
CP119801.1_48	CP119801.1_48	100	66	0	0	1	66	1	66	3.28e-43	129
CP119801.1_49	CP119801.1_49	100	102	0	0	1	102	1	102	4.52e-73	207
CP119801.1_49	CP084476.1_81	67.6	102	33	0	1	102	1	102	1.28e-45	138
CP119801.1_49	CP095494.1_27	69.0	100	31	0	1	100	1	100	1.87e-45	138
CP119801.1_49	LWLN01000003.1_8	58.8	97	40	0	6	102	9	105	6.35e-35	111
CP119801.1_49	CP099999.1_46	42.1	95	47	3	6	100	4	90	1.64e-15	62.0
CP119801.1_50	CP119801.1_50	100	40	0	0	1	40	1	40	1.17e-23	78.6
CP119801.1_51	CP119801.1_51	100	100	0	0	1	100	1	100	3.90e-73	207
CP119801.1_52	CP119801.1_52	100	60	0	0	1	60	1	60	3.60e-42	126
CP119801.1_53	CP119801.1_53	100	181	0	0	1	181	1	181	1.47e-134	369
CP119801.1_53	LWLN01000003.1_5	77.9	181	40	0	1	181	1	181	2.73e-105	295
CP119801.1_53	CP084476.1_83	75.7	181	44	0	1	181	1	181	7.49e-103	289
CP119801.1_53	JDTG01000019.1_73	74.6	181	46	0	1	181	1	181	1.02e-100	284
CP119801.1_53	CP095494.1_30	72.4	181	50	0	1	181	1	181	9.72e-99	279
CP119801.1_53	CP019329.1_85	75.0	120	30	0	57	176	9	128	4.05e-64	189
CP119801.1_54	CP119801.1_54	100	263	0	0	1	263	1	263	1.32e-198	538
CP119801.1_54	CP084476.1_84	65.5	261	86	3	1	258	1	260	9.23e-126	354
CP119801.1_54	LWLN01000003.1_4	63.5	255	90	2	6	258	7	260	3.70e-118	335
CP119801.1_54	JDTG01000019.1_72	63.1	260	93	2	1	258	1	259	1.45e-117	333
CP119801.1_54	CP095494.1_29	59.4	254	101	2	6	258	7	259	2.06e-106	305
CP119801.1_54	NC_013748.1_3	35.9	262	161	6	1	258	1	259	3.70e-44	146
CP119801.1_54	AOIO01000049.1_84	36.8	261	159	5	1	258	1	258	1.42e-43	144
CP119801.1_54	AOIP01000022.1_18	35.9	262	160	6	1	258	1	258	1.42e-43	144
CP119801.1_54	JAJCVI010000002.1_547	32.1	265	151	7	6	249	4	260	3.66e-41	139
CP119801.1_54	SJER01000008.1_125	33.2	265	163	7	6	259	4	265	7.06e-37	127
CP119801.1_54	CP101158.1_70	33.7	246	143	6	1	237	1	235	9.69e-36	124
CP119801.1_55	CP119801.1_55	100	160	0	0	1	160	1	160	1.39e-106	297
CP119801.1_55	CP099999.1_44	66.7	39	13	0	1	39	1	39	2.30e-08	45.8
CP119801.1_55	CP101158.1_69	33.6	113	63	4	1	108	25	130	6.79e-07	42.4
CP119801.1_55	CP095494.1_28	36.6	123	66	3	1	123	27	137	8.61e-07	42.0
CP119801.1_55	JAJCVI010000002.1_549	33.8	130	54	5	1	125	22	124	1.96e-06	40.8
CP119801.1_55	JDTG01000019.1_71	43.1	65	30	2	1	65	28	85	3.58e-05	37.4
CP119801.1_55	WSZK01000033.1_40	44.9	78	35	4	1	74	23	96	3.88e-05	37.7
CP119801.1_55	SJER01000008.1_123	60.5	38	14	1	1	38	23	59	4.36e-05	37.0
CP119801.1_55	JAJCVI010000002.1_550	37.0	81	42	2	1	81	22	93	1.88e-04	35.4
CP119801.1_55	SJER01000008.1_122	84.0	25	4	0	1	25	23	47	3.32e-04	34.7
CP119801.1_55	LWLN01000003.1_3	61.5	39	10	2	1	38	28	62	5.09e-04	34.3
CP119801.1_55	SRIF01000015.1_82	34.1	82	44	1	1	72	22	103	7.36e-04	33.9
CP119801.1_55	LWLN01000003.1_2	64.9	37	8	2	1	36	28	60	7.41e-04	33.9
CP119801.1_56	CP119801.1_56	100	351	0	0	1	351	1	351	6.98e-261	703
CP119801.1_56	CP101158.1_68	49.4	344	163	3	1	343	1	334	1.15e-106	312
CP119801.1_56	FNFE01000011.1_12	44.9	352	183	4	1	350	1	343	4.47e-93	278
CP119801.1_56	QKNW01000002.1_7	35.8	341	209	3	1	340	1	332	3.60e-69	216
CP119801.1_56	CP099999.1_48	32.6	344	212	5	1	336	1	332	1.06e-49	166
CP119801.1_56	CP084476.1_87	32.3	337	207	4	1	329	1	324	1.52e-48	162
CP119801.1_56	JAJCVI010000002.1_546	32.4	340	214	6	1	336	1	328	1.74e-47	159
CP119801.1_56	CP101158.1_61	30.8	334	211	5	1	326	33	354	1.60e-42	147
CP119801.1_57	CP119801.1_57	100	100	0	0	1	100	1	100	7.88e-73	207
CP119801.1_57	CP019329.1_86	35.9	92	57	2	8	99	7	96	9.25e-13	55.1
CP119801.1_57	AOIP01000022.1_7	28.3	92	60	2	12	97	1	92	1.17e-06	39.3
CP119801.1_58	CP119801.1_58	100	146	0	0	1	146	1	146	4.14e-99	277
CP119801.1_58	AOIP01000022.1_6	36.0	111	70	1	36	146	70	179	7.95e-19	74.3
CP119801.1_59	CP119801.1_59	100	414	0	0	1	414	1	414	3.47e-302	813
CP119801.1_60	CP119801.1_60	100	92	0	0	1	92	1	92	7.64e-65	186
