Eyre_NODE_236_length_33155_cov_19.932_12	Eyre_NODE_236_length_33155_cov_19.932_12	100	117	0	0	1	117	1	117	3.08e-87	244
Eyre_NODE_236_length_33155_cov_19.932_13	Eyre_NODE_236_length_33155_cov_19.932_13	100	125	0	0	1	125	1	125	4.25e-91	255
Eyre_NODE_236_length_33155_cov_19.932_13	Eyresouth_NODE_101_length_48437_cov_7.17035_42	80.0	125	25	0	1	125	1	125	1.47e-73	211
Eyre_NODE_236_length_33155_cov_19.932_14	Eyre_NODE_236_length_33155_cov_19.932_14	100	239	0	0	1	239	1	239	2.64e-177	482
Eyre_NODE_236_length_33155_cov_19.932_14	Eyresouth_NODE_101_length_48437_cov_7.17035_41	81.7	240	42	1	1	238	1	240	3.34e-142	394
Eyre_NODE_236_length_33155_cov_19.932_15	Eyre_NODE_236_length_33155_cov_19.932_15	100	137	0	0	1	137	1	137	8.90e-110	303
Eyre_NODE_236_length_33155_cov_19.932_15	CP119801.1_53	35.9	39	25	0	1	39	27	65	1.20e-04	35.8
Eyre_NODE_236_length_33155_cov_19.932_16	Eyre_NODE_236_length_33155_cov_19.932_16	100	86	0	0	1	86	1	86	7.65e-60	173
Eyre_NODE_236_length_33155_cov_19.932_16	Eyresouth_NODE_101_length_48437_cov_7.17035_40	87.2	86	11	0	1	86	1	86	7.70e-51	150
Eyre_NODE_236_length_33155_cov_19.932_17	Eyre_NODE_236_length_33155_cov_19.932_17	100	132	0	0	1	132	1	132	3.29e-96	268
Eyre_NODE_236_length_33155_cov_19.932_18	Eyre_NODE_236_length_33155_cov_19.932_18	100	123	0	0	1	123	1	123	8.28e-97	269
Eyre_NODE_236_length_33155_cov_19.932_18	Eyresouth_NODE_101_length_48437_cov_7.17035_38	84.6	123	19	0	1	123	1	123	7.40e-82	231
Eyre_NODE_236_length_33155_cov_19.932_19	Eyre_NODE_236_length_33155_cov_19.932_19	100	240	0	0	1	240	1	240	2.34e-176	480
Eyre_NODE_236_length_33155_cov_19.932_19	Eyresouth_NODE_101_length_48437_cov_7.17035_37	96.3	240	9	0	1	240	1	240	6.93e-169	461
Eyre_NODE_236_length_33155_cov_19.932_20	Eyre_NODE_236_length_33155_cov_19.932_20	100	125	0	0	1	125	1	125	1.04e-91	256
Eyre_NODE_236_length_33155_cov_19.932_20	Eyresouth_NODE_101_length_48437_cov_7.17035_33	87.0	123	16	0	1	123	1	123	2.46e-81	230
Eyre_NODE_236_length_33155_cov_19.932_21	Eyre_NODE_236_length_33155_cov_19.932_21	100	93	0	0	1	93	1	93	4.38e-69	197
Eyre_NODE_236_length_33155_cov_19.932_22	Eyre_NODE_236_length_33155_cov_19.932_22	100	107	0	0	1	107	1	107	1.32e-72	207
Eyre_NODE_236_length_33155_cov_19.932_23	Eyre_NODE_236_length_33155_cov_19.932_23	100	423	0	0	1	423	1	423	0.0	868
Eyre_NODE_236_length_33155_cov_19.932_23	Eyresouth_NODE_101_length_48437_cov_7.17035_31	98.6	420	6	0	1	420	1	420	3.72e-317	851
Eyre_NODE_236_length_33155_cov_19.932_23	Frome_NODE_383_length_24936_cov_4.316346_23	98.6	420	6	0	1	420	1	420	5.29e-317	851
Eyre_NODE_236_length_33155_cov_19.932_23	CP101158.1_102	40.0	405	227	11	20	418	2	396	4.45e-89	271
Eyre_NODE_236_length_33155_cov_19.932_23	NC_015659.1_78	40.3	404	224	11	20	416	18	411	5.10e-86	264
Eyre_NODE_236_length_33155_cov_19.932_23	CP084476.1_42	39.6	402	231	10	20	416	13	407	1.74e-82	255
Eyre_NODE_236_length_33155_cov_19.932_23	CP019329.1_45	38.1	412	236	8	20	416	14	421	1.16e-80	251
Eyre_NODE_236_length_33155_cov_19.932_23	KX687704.1_34	35.3	408	245	9	20	416	12	411	1.21e-73	232
Eyre_NODE_236_length_33155_cov_19.932_24	Eyre_NODE_236_length_33155_cov_19.932_24	100	554	0	0	1	554	1	554	0.0	1091
Eyre_NODE_236_length_33155_cov_19.932_24	Eyresouth_NODE_101_length_48437_cov_7.17035_30	93.9	554	34	0	1	554	1	554	0.0	1032
Eyre_NODE_236_length_33155_cov_19.932_24	Frome_NODE_383_length_24936_cov_4.316346_22	93.5	554	36	0	1	554	1	554	0.0	1026
Eyre_NODE_236_length_33155_cov_19.932_24	WSZK01000033.1_18	46.0	537	275	6	13	546	3	527	1.56e-153	446
Eyre_NODE_236_length_33155_cov_19.932_24	LOAJ01000002.1_40	43.0	540	287	7	10	545	7	529	6.83e-142	417
Eyre_NODE_236_length_33155_cov_19.932_24	CP101158.1_95	42.4	543	291	6	8	546	3	527	4.02e-137	404
Eyre_NODE_236_length_33155_cov_19.932_24	AOJE01000051.1_18	41.8	538	292	7	10	543	6	526	1.76e-136	403
Eyre_NODE_236_length_33155_cov_19.932_24	KX687704.1_28	41.4	541	296	7	7	543	3	526	3.96e-135	399
Eyre_NODE_236_length_33155_cov_19.932_24	KX906370.1_109	41.0	541	298	7	7	543	3	526	3.99e-132	392
Eyre_NODE_236_length_33155_cov_19.932_24	CP100004.1_27	39.6	530	300	9	17	543	6	518	3.68e-121	363
Eyre_NODE_236_length_33155_cov_19.932_24	QKNW01000002.1_17	36.6	563	321	9	6	543	3	554	7.01e-112	340
Eyre_NODE_236_length_33155_cov_19.932_24	JAJCVI010000007.1_32	41.4	174	99	2	371	543	1	172	6.53e-32	117
Eyre_NODE_236_length_33155_cov_19.932_24	CP101158.1_97	66.7	27	9	0	79	105	1	27	3.35e-09	48.5
Eyre_NODE_236_length_33155_cov_19.932_25	Eyre_NODE_236_length_33155_cov_19.932_25	100	324	0	0	1	324	1	324	7.61e-240	647
Eyre_NODE_236_length_33155_cov_19.932_25	Eyresouth_NODE_101_length_48437_cov_7.17035_29	94.1	324	19	0	1	324	1	324	1.14e-225	612
Eyre_NODE_236_length_33155_cov_19.932_25	Frome_NODE_383_length_24936_cov_4.316346_21	94.1	324	19	0	1	324	1	324	3.27e-225	610
Eyre_NODE_236_length_33155_cov_19.932_25	WSZK01000033.1_20	46.2	314	169	0	7	320	37	350	2.41e-93	277
Eyre_NODE_236_length_33155_cov_19.932_25	CP031299.1_29	38.6	321	183	6	1	318	1	310	5.49e-65	203
Eyre_NODE_236_length_33155_cov_19.932_25	JDTG01000019.1_102	38.6	321	183	6	1	318	1	310	5.49e-65	203
Eyre_NODE_236_length_33155_cov_19.932_25	CP100004.1_23	38.5	301	176	4	9	308	16	308	2.51e-59	189
Eyre_NODE_236_length_33155_cov_19.932_25	CP119801.1_25	36.1	327	193	7	1	321	3	319	1.71e-58	187
Eyre_NODE_236_length_33155_cov_19.932_25	CP095494.1_53	36.4	321	184	8	8	320	10	318	3.40e-58	186
Eyre_NODE_236_length_33155_cov_19.932_25	RJJW01000001.1_47	36.2	298	175	5	28	319	27	315	7.70e-52	169
Eyre_NODE_236_length_33155_cov_19.932_25	CP019329.1_55	33.2	322	196	7	2	316	6	315	3.72e-50	165
Eyre_NODE_236_length_33155_cov_19.932_25	SJER01000008.1_145	34.6	295	168	8	19	303	6	285	1.28e-39	137
Eyre_NODE_236_length_33155_cov_19.932_25	CP100004.1_28	34.3	300	160	10	3	288	6	282	1.33e-35	132
Eyre_NODE_236_length_33155_cov_19.932_26	Eyre_NODE_236_length_33155_cov_19.932_26	100	827	0	0	1	827	1	827	0.0	1622
Eyre_NODE_236_length_33155_cov_19.932_26	Eyresouth_NODE_101_length_48437_cov_7.17035_28	96.7	827	27	0	1	827	1	827	0.0	1582
Eyre_NODE_236_length_33155_cov_19.932_26	Frome_NODE_383_length_24936_cov_4.316346_20	96.6	827	28	0	1	827	1	827	0.0	1580
Eyre_NODE_236_length_33155_cov_19.932_26	CP100004.1_22	54.5	802	343	12	27	824	7	790	3.07e-282	795
Eyre_NODE_236_length_33155_cov_19.932_26	WSZK01000033.1_21	53.7	818	348	11	21	827	10	807	1.31e-279	788
Eyre_NODE_236_length_33155_cov_19.932_26	RJJW01000001.1_46	51.8	815	367	13	26	827	9	810	6.18e-276	779
Eyre_NODE_236_length_33155_cov_19.932_26	AOIO01000049.1_112	51.2	808	362	13	25	824	5	788	3.56e-262	743
Eyre_NODE_236_length_33155_cov_19.932_26	CP019329.1_57	50.1	810	370	8	32	824	23	815	2.18e-260	740
Eyre_NODE_236_length_33155_cov_19.932_26	CP031299.1_28	51.2	810	350	15	28	824	9	786	1.23e-259	737
Eyre_NODE_236_length_33155_cov_19.932_26	JDTG01000019.1_101	51.2	810	350	15	28	824	9	786	1.23e-259	737
Eyre_NODE_236_length_33155_cov_19.932_26	AOIP01000022.1_36	50.9	808	365	13	25	824	5	788	1.86e-259	736
Eyre_NODE_236_length_33155_cov_19.932_26	NC_015659.1_84	50.4	807	367	12	26	824	5	786	3.49e-259	736
Eyre_NODE_236_length_33155_cov_19.932_26	CP095494.1_52	50.1	819	373	10	26	826	15	815	1.10e-257	733
Eyre_NODE_236_length_33155_cov_19.932_26	NC_013748.1_29	51.2	812	359	14	19	824	2	782	3.65e-255	725
Eyre_NODE_236_length_33155_cov_19.932_26	SRIF01000015.1_56	51.2	742	329	10	107	826	83	813	1.11e-254	725
Eyre_NODE_236_length_33155_cov_19.932_26	CP119801.1_26	49.5	819	378	13	26	826	12	812	2.08e-254	724
Eyre_NODE_236_length_33155_cov_19.932_26	QKNW01000002.1_20	49.8	819	386	14	27	826	44	856	4.84e-251	717
Eyre_NODE_236_length_33155_cov_19.932_26	AOLZ01000012.1_35	44.5	811	423	12	27	826	29	823	2.52e-217	630
Eyre_NODE_236_length_33155_cov_19.932_26	CP019286.1_34	44.5	811	423	12	27	826	29	823	2.52e-217	630
Eyre_NODE_236_length_33155_cov_19.932_26	LWLN01000003.1_29	44.0	812	428	9	26	826	32	827	4.56e-216	627
Eyre_NODE_236_length_33155_cov_19.932_26	SJER01000008.1_144	42.2	823	446	12	16	826	8	812	2.94e-204	596
Eyre_NODE_236_length_33155_cov_19.932_26	CP084476.1_52	42.6	820	428	14	24	826	5	798	1.07e-197	579
Eyre_NODE_236_length_33155_cov_19.932_26	LOAJ01000002.1_44	40.0	849	462	12	1	821	1	830	1.15e-190	562
Eyre_NODE_236_length_33155_cov_19.932_26	FOXI01000018.1_35	42.4	802	431	14	26	821	7	783	5.47e-187	551
Eyre_NODE_236_length_33155_cov_19.932_26	JAANTI010000009.1_19	42.4	802	431	14	26	821	7	783	5.47e-187	551
Eyre_NODE_236_length_33155_cov_19.932_27	Eyre_NODE_236_length_33155_cov_19.932_27	100	633	0	0	1	633	1	633	0.0	1200
Eyre_NODE_236_length_33155_cov_19.932_27	Frome_NODE_383_length_24936_cov_4.316346_19	93.8	633	34	1	1	633	1	628	0.0	1125
Eyre_NODE_236_length_33155_cov_19.932_27	Eyresouth_NODE_101_length_48437_cov_7.17035_27	93.2	633	38	1	1	633	1	628	0.0	1125
Eyre_NODE_236_length_33155_cov_19.932_27	CP100004.1_19	32.8	290	179	5	315	593	200	484	3.49e-31	123
Eyre_NODE_236_length_33155_cov_19.932_27	NC_015659.1_85	28.5	277	175	7	316	577	238	506	1.16e-19	88.2
Eyre_NODE_236_length_33155_cov_19.932_27	Gairdner_NODE_107_length_49922_cov_74.384603_29	27.7	300	187	7	315	601	269	551	1.26e-19	88.2
Eyre_NODE_236_length_33155_cov_19.932_27	FOXI01000018.1_39	28.7	317	179	12	315	614	222	508	1.97e-19	87.4
Eyre_NODE_236_length_33155_cov_19.932_27	JAANTI010000009.1_16	28.7	317	179	12	315	614	222	508	1.97e-19	87.4
Eyre_NODE_236_length_33155_cov_19.932_27	CP084476.1_53	29.4	255	160	6	316	555	237	486	8.39e-19	85.5
Eyre_NODE_236_length_33155_cov_19.932_27	CP101161.1_3068	29.3	304	178	15	313	594	285	573	5.55e-15	73.6
Eyre_NODE_236_length_33155_cov_19.932_27	CP031299.1_27	28.5	347	222	10	262	595	266	599	7.59e-15	73.2
Eyre_NODE_236_length_33155_cov_19.932_27	JDTG01000019.1_100	28.5	347	222	10	262	595	266	599	7.59e-15	73.2
Eyre_NODE_236_length_33155_cov_19.932_27	BBJN01000020.1_46	28.6	248	148	9	315	545	221	456	3.90e-14	70.9
Eyre_NODE_236_length_33155_cov_19.932_28	Eyre_NODE_236_length_33155_cov_19.932_28	100	457	0	0	1	457	1	457	4.23e-318	857
Eyre_NODE_236_length_33155_cov_19.932_28	Eyresouth_NODE_101_length_48437_cov_7.17035_26	93.0	457	31	1	1	457	1	456	3.39e-294	796
Eyre_NODE_236_length_33155_cov_19.932_28	Frome_NODE_383_length_24936_cov_4.316346_18	92.6	457	33	1	1	457	1	456	4.60e-292	791
Eyre_NODE_236_length_33155_cov_19.932_28	RJJW01000001.1_44	34.0	409	239	6	75	457	73	476	3.44e-65	213
Eyre_NODE_236_length_33155_cov_19.932_28	QKNW01000002.1_22	33.1	393	227	8	70	432	49	435	6.87e-55	185
Eyre_NODE_236_length_33155_cov_19.932_28	NC_013748.1_27	30.3	379	245	8	64	439	49	411	3.36e-42	150
Eyre_NODE_236_length_33155_cov_19.932_28	KX687704.1_24	29.1	433	260	12	23	431	16	425	2.46e-37	137
Eyre_NODE_236_length_33155_cov_19.932_28	KX906370.1_105	29.0	369	231	9	75	431	76	425	1.67e-36	135
Eyre_NODE_236_length_33155_cov_19.932_28	JAAOHU010000009.1_56	27.0	382	262	10	65	434	66	442	4.41e-31	120
Eyre_NODE_236_length_33155_cov_19.932_29	Eyre_NODE_236_length_33155_cov_19.932_29	100	357	0	0	1	357	1	357	8.07e-254	686
Eyre_NODE_236_length_33155_cov_19.932_29	Eyresouth_NODE_101_length_48437_cov_7.17035_25	85.1	356	53	0	2	357	3	358	2.99e-208	570
Eyre_NODE_236_length_33155_cov_19.932_29	Frome_NODE_383_length_24936_cov_4.316346_17	84.8	356	54	0	2	357	3	358	1.21e-207	569
Eyre_NODE_236_length_33155_cov_19.932_30	Eyre_NODE_236_length_33155_cov_19.932_30	100	251	0	0	1	251	1	251	2.42e-179	488
Eyre_NODE_236_length_33155_cov_19.932_30	Frome_NODE_383_length_24936_cov_4.316346_16	87.6	251	31	0	1	251	1	251	1.45e-155	428
Eyre_NODE_236_length_33155_cov_19.932_30	Eyresouth_NODE_101_length_48437_cov_7.17035_24	87.3	251	32	0	1	251	1	251	1.19e-154	426
Eyre_NODE_236_length_33155_cov_19.932_30	RJJW01000001.1_42	48.0	175	91	0	17	191	16	190	6.81e-54	169
Eyre_NODE_236_length_33155_cov_19.932_30	JAJCVI010000002.1_567	32.9	170	112	2	17	185	1	169	5.81e-27	99.0
Eyre_NODE_236_length_33155_cov_19.932_30	CP101161.1_3065	34.7	144	93	1	27	169	14	157	1.28e-24	92.8
Eyre_NODE_236_length_33155_cov_19.932_30	CP099999.1_30	32.3	161	107	1	7	165	6	166	1.51e-23	90.9
Eyre_NODE_236_length_33155_cov_19.932_30	CP119801.1_31	31.4	169	112	2	19	183	10	178	2.34e-23	90.9
Eyre_NODE_236_length_33155_cov_19.932_30	AOJE01000051.1_25	31.8	151	103	0	23	173	22	172	5.02e-23	89.0
Eyre_NODE_236_length_33155_cov_19.932_30	KX906370.1_103	30.5	151	105	0	23	173	23	173	9.79e-23	88.2
Eyre_NODE_236_length_33155_cov_19.932_30	AOLZ01000012.1_31	33.5	155	93	2	12	165	22	167	4.27e-22	87.0
Eyre_NODE_236_length_33155_cov_19.932_30	CP019286.1_38	33.5	155	93	2	12	165	22	167	4.27e-22	87.0
Eyre_NODE_236_length_33155_cov_19.932_30	KX687704.1_22	30.5	151	105	0	23	173	23	173	7.22e-22	85.9
Eyre_NODE_236_length_33155_cov_19.932_30	CP095494.1_48	30.8	156	104	2	21	172	13	168	2.12e-21	85.5
Eyre_NODE_236_length_33155_cov_19.932_30	Gairdner_NODE_107_length_49922_cov_74.384603_25	33.3	159	94	4	40	187	31	188	1.40e-17	74.3
Eyre_NODE_236_length_33155_cov_19.932_30	AOJE01000025.1_37	28.0	164	108	4	23	183	5	161	6.04e-16	70.1
Eyre_NODE_236_length_33155_cov_19.932_30	JAJCVI010000007.1_26	30.6	134	90	2	21	151	13	146	4.10e-15	68.6
Eyre_NODE_236_length_33155_cov_19.932_30	SRIF01000015.1_61	32.4	142	92	3	16	153	13	154	8.20e-15	67.4
Eyre_NODE_236_length_33155_cov_19.932_31	Eyre_NODE_236_length_33155_cov_19.932_31	100	91	0	0	1	91	1	91	2.39e-63	182
Eyre_NODE_236_length_33155_cov_19.932_31	Eyresouth_NODE_101_length_48437_cov_7.17035_23	90.1	91	9	0	1	91	1	91	5.04e-56	164
Eyre_NODE_236_length_33155_cov_19.932_31	Frome_NODE_383_length_24936_cov_4.316346_15	90.1	91	9	0	1	91	1	91	5.04e-56	164
Eyre_NODE_236_length_33155_cov_19.932_32	Eyre_NODE_236_length_33155_cov_19.932_32	100	92	0	0	1	92	1	92	6.06e-62	179
Eyre_NODE_236_length_33155_cov_19.932_32	Eyresouth_NODE_101_length_48437_cov_7.17035_22	93.5	92	6	0	1	92	1	92	1.38e-58	170
Eyre_NODE_236_length_33155_cov_19.932_32	Frome_NODE_383_length_24936_cov_4.316346_14	93.5	92	6	0	1	92	1	92	1.38e-58	170
Eyre_NODE_236_length_33155_cov_19.932_33	Eyre_NODE_236_length_33155_cov_19.932_33	100	91	0	0	1	91	1	91	9.03e-59	171
Eyre_NODE_236_length_33155_cov_19.932_33	Eyresouth_NODE_101_length_48437_cov_7.17035_21	90.1	91	9	0	1	91	1	91	3.99e-53	156
Eyre_NODE_236_length_33155_cov_19.932_33	Frome_NODE_383_length_24936_cov_4.316346_13	90.1	91	9	0	1	91	1	91	3.99e-53	156
Eyre_NODE_236_length_33155_cov_19.932_33	CP100004.1_11	32.4	68	44	1	4	69	5	72	2.46e-07	40.4
Eyre_NODE_236_length_33155_cov_19.932_34	Eyre_NODE_236_length_33155_cov_19.932_34	100	309	0	0	1	309	1	309	2.73e-230	622
Eyre_NODE_236_length_33155_cov_19.932_34	Frome_NODE_383_length_24936_cov_4.316346_12	92.3	313	20	1	1	309	1	313	6.19e-212	576
Eyre_NODE_236_length_33155_cov_19.932_34	Eyresouth_NODE_101_length_48437_cov_7.17035_20	90.4	313	26	1	1	309	1	313	1.15e-207	565
Eyre_NODE_236_length_33155_cov_19.932_34	QKNW01000002.1_28	42.0	288	159	5	21	302	5	290	3.91e-72	221
Eyre_NODE_236_length_33155_cov_19.932_34	RJJW01000001.1_38	37.7	302	170	5	10	303	6	297	1.76e-71	219
Eyre_NODE_236_length_33155_cov_19.932_34	CP084476.1_60	35.8	279	169	7	32	306	16	288	3.91e-57	182
Eyre_NODE_236_length_33155_cov_19.932_34	NC_013748.1_21	35.4	268	166	5	43	306	36	300	2.13e-56	181
Eyre_NODE_236_length_33155_cov_19.932_34	FOXI01000018.1_47	34.0	259	166	4	45	301	32	287	1.72e-54	175
Eyre_NODE_236_length_33155_cov_19.932_34	JAANTI010000009.1_8	34.0	259	166	4	45	301	32	287	1.72e-54	175
Eyre_NODE_236_length_33155_cov_19.932_34	AOIO01000049.1_99	34.5	290	181	6	19	306	8	290	5.53e-54	174
Eyre_NODE_236_length_33155_cov_19.932_34	AOIP01000022.1_28	34.6	266	168	5	43	306	28	289	2.98e-53	172
Eyre_NODE_236_length_33155_cov_19.932_34	NC_015659.1_92	34.9	292	184	6	17	306	7	294	5.91e-53	172
Eyre_NODE_236_length_33155_cov_19.932_34	LOAJ01000002.1_52	33.0	285	178	7	22	298	9	288	1.26e-44	150
Eyre_NODE_236_length_33155_cov_19.932_34	Gairdner_NODE_167_length_41210_cov_9.888325_26	31.5	289	187	7	22	305	11	293	2.88e-44	149
Eyre_NODE_236_length_33155_cov_19.932_34	AOJE01000051.1_29	32.2	273	174	7	32	298	21	288	3.58e-44	149
Eyre_NODE_236_length_33155_cov_19.932_34	JAJCVI010000007.1_22	30.2	298	198	5	12	301	122	417	7.71e-43	149
Eyre_NODE_236_length_33155_cov_19.932_34	CP019329.1_67	28.1	302	208	5	6	301	113	411	1.57e-41	145
Eyre_NODE_236_length_33155_cov_19.932_34	KX687704.1_18	30.1	282	188	6	23	298	10	288	3.20e-41	141
Eyre_NODE_236_length_33155_cov_19.932_34	KX906370.1_99	30.1	282	188	6	23	298	10	288	1.24e-40	139
Eyre_NODE_236_length_33155_cov_19.932_35	Eyre_NODE_236_length_33155_cov_19.932_35	100	121	0	0	1	121	1	121	1.69e-86	243
Eyre_NODE_236_length_33155_cov_19.932_35	Eyresouth_NODE_101_length_48437_cov_7.17035_19	86.8	121	16	0	1	121	1	121	8.05e-76	216
Eyre_NODE_236_length_33155_cov_19.932_35	Frome_NODE_383_length_24936_cov_4.316346_11	86.8	121	16	0	1	121	1	121	1.14e-75	216
Eyre_NODE_236_length_33155_cov_19.932_35	NC_013748.1_20	30.6	121	77	1	1	114	11	131	6.80e-12	54.7
Eyre_NODE_236_length_33155_cov_19.932_36	Eyre_NODE_236_length_33155_cov_19.932_36	100	47	0	0	1	47	1	47	1.08e-33	104
Eyre_NODE_236_length_33155_cov_19.932_36	Eyresouth_NODE_101_length_48437_cov_7.17035_18	97.9	47	1	0	1	47	1	47	4.40e-33	102
Eyre_NODE_236_length_33155_cov_19.932_36	Frome_NODE_383_length_24936_cov_4.316346_10	97.9	47	1	0	1	47	1	47	4.40e-33	102
Eyre_NODE_236_length_33155_cov_19.932_36	BBJN01000020.1_37	63.4	41	14	1	4	44	3	42	5.98e-12	52.4
Eyre_NODE_236_length_33155_cov_19.932_36	FOXI01000018.1_49	72.7	33	9	0	4	36	3	35	1.63e-11	51.2
Eyre_NODE_236_length_33155_cov_19.932_36	JAANTI010000009.1_6	72.7	33	9	0	4	36	3	35	1.63e-11	51.2
Eyre_NODE_236_length_33155_cov_19.932_36	Gairdner_NODE_107_length_49922_cov_74.384603_19	53.6	28	13	0	3	30	4	31	6.03e-06	36.2
Eyre_NODE_236_length_33155_cov_19.932_37	Eyre_NODE_236_length_33155_cov_19.932_37	100	225	0	0	1	225	1	225	9.56e-164	447
Eyre_NODE_236_length_33155_cov_19.932_37	Frome_NODE_383_length_24936_cov_4.316346_9	92.9	225	16	0	1	225	1	225	7.77e-154	422
Eyre_NODE_236_length_33155_cov_19.932_37	Eyresouth_NODE_101_length_48437_cov_7.17035_17	92.9	225	16	0	1	225	1	225	1.10e-153	421
Eyre_NODE_236_length_33155_cov_19.932_37	FOXI01000018.1_50	30.0	220	129	6	12	219	2	208	3.65e-22	86.3
Eyre_NODE_236_length_33155_cov_19.932_37	JAANTI010000009.1_5	30.0	220	129	6	12	219	2	208	3.65e-22	86.3
Eyre_NODE_236_length_33155_cov_19.932_38	Eyre_NODE_236_length_33155_cov_19.932_38	100	88	0	0	1	88	1	88	2.25e-62	179
Eyre_NODE_236_length_33155_cov_19.932_38	Eyresouth_NODE_101_length_48437_cov_7.17035_16	85.2	88	13	0	1	88	1	88	3.10e-51	151
Eyre_NODE_236_length_33155_cov_19.932_38	Frome_NODE_383_length_24936_cov_4.316346_8	85.2	88	13	0	1	88	1	88	3.10e-51	151
Eyre_NODE_236_length_33155_cov_19.932_38	QKNW01000002.1_34	39.7	78	46	1	6	82	9	86	5.20e-17	65.5
Eyre_NODE_236_length_33155_cov_19.932_38	CP101158.1_78	24.7	85	63	1	4	87	2	86	3.16e-11	50.4
Eyre_NODE_236_length_33155_cov_19.932_38	CP100004.1_5	33.3	84	49	3	1	82	1	79	9.40e-07	38.9
Eyre_NODE_236_length_33155_cov_19.932_39	Eyre_NODE_236_length_33155_cov_19.932_39	100	344	0	0	1	344	1	344	2.23e-233	633
Eyre_NODE_236_length_33155_cov_19.932_39	RJJW01000001.1_32	39.3	323	185	8	14	332	12	327	1.96e-50	167
Eyre_NODE_236_length_33155_cov_19.932_40	Eyre_NODE_236_length_33155_cov_19.932_40	100	229	0	0	1	229	1	229	1.34e-156	429
Eyre_NODE_236_length_33155_cov_19.932_41	Eyre_NODE_236_length_33155_cov_19.932_41	100	235	0	0	1	235	1	235	2.21e-158	434
Eyre_NODE_236_length_33155_cov_19.932_42	Eyre_NODE_236_length_33155_cov_19.932_42	100	336	0	0	1	336	1	336	2.75e-239	647
Eyre_NODE_236_length_33155_cov_19.932_43	Eyre_NODE_236_length_33155_cov_19.932_43	100	261	0	0	1	261	1	261	1.32e-197	535
Eyre_NODE_236_length_33155_cov_19.932_43	CP100004.1_2	37.0	270	139	9	2	260	4	253	1.43e-40	136
Eyre_NODE_236_length_33155_cov_19.932_43	LWLN01000003.1_15	33.6	253	144	8	1	238	11	254	5.60e-28	103
Eyre_NODE_236_length_33155_cov_19.932_44	Eyre_NODE_236_length_33155_cov_19.932_44	100	256	0	0	1	256	1	256	8.39e-178	485
Eyre_NODE_236_length_33155_cov_19.932_44	Gairdner_NODE_107_length_49922_cov_74.384603_13	61.1	208	80	1	3	210	271	477	6.77e-77	238
Eyre_NODE_236_length_33155_cov_19.932_44	Eyresouth_NODE_101_length_48437_cov_7.17035_10	44.0	248	131	4	1	248	290	529	3.81e-48	162
Eyre_NODE_236_length_33155_cov_19.932_44	NC_013748.1_10	44.9	247	127	4	3	246	276	516	1.57e-43	150
Eyre_NODE_236_length_33155_cov_19.932_44	CP101158.1_75	42.2	249	135	3	1	244	275	519	3.77e-43	149
Eyre_NODE_236_length_33155_cov_19.932_44	CP099999.1_40	43.0	249	132	5	1	244	247	490	1.86e-41	144
Eyre_NODE_236_length_33155_cov_19.932_44	AOIO01000049.1_91	40.4	260	142	5	1	252	542	796	2.37e-40	143
Eyre_NODE_236_length_33155_cov_19.932_44	AOJE01000051.1_48	39.3	252	141	5	1	248	13	256	6.62e-39	132
Eyre_NODE_236_length_33155_cov_19.932_44	Frome_NODE_383_length_24936_cov_4.316346_2	42.8	208	111	4	1	208	290	489	4.84e-38	135
Eyre_NODE_236_length_33155_cov_19.932_44	JAJCVI010000002.1_558	39.5	248	134	4	2	245	284	519	2.21e-37	133
Eyre_NODE_236_length_33155_cov_19.932_44	CP019329.1_79	40.6	249	130	4	3	248	270	503	2.39e-37	133
Eyre_NODE_236_length_33155_cov_19.932_44	CP100004.1_1	40.7	253	130	6	1	241	16	260	3.19e-37	128
Eyre_NODE_236_length_33155_cov_19.932_44	KX687704.1_8	38.5	252	143	5	1	248	301	544	4.65e-35	127
Eyre_NODE_236_length_33155_cov_19.932_44	KX906370.1_89	38.5	252	143	5	1	248	301	544	4.65e-35	127
Eyre_NODE_236_length_33155_cov_19.932_44	LOAJ01000002.1_60	38.4	250	142	5	3	248	310	551	4.54e-34	124
Eyre_NODE_236_length_33155_cov_19.932_44	SRIF01000015.1_78	42.3	246	130	7	1	237	273	515	1.01e-33	123
Eyre_NODE_236_length_33155_cov_19.932_44	SJER01000008.1_128	34.9	255	154	4	1	248	280	529	1.86e-32	120
Eyre_NODE_236_length_33155_cov_19.932_44	NC_015659.1_101	42.4	250	132	5	3	249	275	515	4.19e-32	119
Eyre_NODE_236_length_33155_cov_19.932_44	JAJCVI010000007.1_14	38.4	258	144	6	3	251	286	537	4.24e-31	116
Eyre_NODE_236_length_33155_cov_19.932_44	CP095494.1_35	38.5	252	143	6	1	249	279	521	1.41e-30	114
Eyre_NODE_236_length_33155_cov_19.932_44	WSZK01000033.1_35	38.2	251	140	7	4	244	275	520	8.88e-29	109
Eyre_NODE_236_length_33155_cov_19.932_44	CP101161.1_3056	34.3	254	151	4	2	251	275	516	1.28e-26	103
