Eyresouth_NODE_101_length_48437_cov_7.17035_1	Eyresouth_NODE_101_length_48437_cov_7.17035_1	100	249	0	0	1	249	1	249	1.32e-191	519
Eyresouth_NODE_101_length_48437_cov_7.17035_1	CP099999.1_52	44.3	235	125	5	11	241	9	241	7.80e-59	193
Eyresouth_NODE_101_length_48437_cov_7.17035_1	CP100004.1_28	41.2	238	135	3	11	245	9	244	1.20e-57	190
Eyresouth_NODE_101_length_48437_cov_7.17035_1	CP100004.1_23	41.0	239	134	5	5	241	7	240	3.85e-55	176
Eyresouth_NODE_101_length_48437_cov_7.17035_1	CP101158.1_56	38.2	249	134	9	11	246	6	247	1.90e-44	154
Eyresouth_NODE_101_length_48437_cov_7.17035_1	JAAOHU010000009.1_19	37.9	264	141	10	6	249	10	270	1.42e-43	152
Eyresouth_NODE_101_length_48437_cov_7.17035_1	WSZK01000033.1_20	30.9	249	151	5	14	244	39	284	1.23e-33	120
Eyresouth_NODE_101_length_48437_cov_7.17035_2	Eyresouth_NODE_101_length_48437_cov_7.17035_2	100	175	0	0	1	175	1	175	2.82e-95	270
Eyresouth_NODE_101_length_48437_cov_7.17035_3	Eyresouth_NODE_101_length_48437_cov_7.17035_3	100	421	0	0	1	421	1	421	7.75e-314	843
Eyresouth_NODE_101_length_48437_cov_7.17035_4	Eyresouth_NODE_101_length_48437_cov_7.17035_4	100	91	0	0	1	91	1	91	7.16e-56	163
Eyresouth_NODE_101_length_48437_cov_7.17035_5	Eyresouth_NODE_101_length_48437_cov_7.17035_5	100	125	0	0	1	125	1	125	1.54e-93	261
Eyresouth_NODE_101_length_48437_cov_7.17035_6	Eyresouth_NODE_101_length_48437_cov_7.17035_6	100	97	0	0	1	97	1	97	2.80e-67	192
Eyresouth_NODE_101_length_48437_cov_7.17035_7	Eyresouth_NODE_101_length_48437_cov_7.17035_7	100	79	0	0	1	79	1	79	3.42e-53	155
Eyresouth_NODE_101_length_48437_cov_7.17035_7	FNFE01000011.1_17	45.0	40	22	0	3	42	14	53	8.06e-08	40.8
Eyresouth_NODE_101_length_48437_cov_7.17035_7	AOLZ01000012.1_15	45.0	40	22	0	3	42	14	53	1.65e-07	40.0
Eyresouth_NODE_101_length_48437_cov_7.17035_7	CP019286.1_54	45.0	40	22	0	3	42	14	53	1.65e-07	40.0
Eyresouth_NODE_101_length_48437_cov_7.17035_8	Eyresouth_NODE_101_length_48437_cov_7.17035_8	100	222	0	0	1	222	1	222	3.92e-166	452
Eyresouth_NODE_101_length_48437_cov_7.17035_9	Eyresouth_NODE_101_length_48437_cov_7.17035_9	100	1177	0	0	1	1177	1	1177	0.0	2238
Eyresouth_NODE_101_length_48437_cov_7.17035_9	Frome_NODE_383_length_24936_cov_4.316346_1	93.2	560	36	2	619	1177	1	559	0.0	986
Eyresouth_NODE_101_length_48437_cov_7.17035_9	Gairdner_NODE_107_length_49922_cov_74.384603_12	30.2	981	609	36	216	1158	469	1411	3.01e-96	332
Eyresouth_NODE_101_length_48437_cov_7.17035_9	SRIF01000015.1_79	24.5	937	582	27	265	1151	353	1214	1.24e-49	187
Eyresouth_NODE_101_length_48437_cov_7.17035_9	WSZK01000033.1_36	23.3	936	610	34	252	1159	180	1035	1.18e-43	168
Eyresouth_NODE_101_length_48437_cov_7.17035_9	JDTG01000019.1_67	22.7	950	575	30	264	1159	454	1298	1.10e-34	139
Eyresouth_NODE_101_length_48437_cov_7.17035_9	JDTG01000019.1_81	23.9	934	591	29	264	1159	375	1226	2.37e-34	138
Eyresouth_NODE_101_length_48437_cov_7.17035_9	KX687704.1_7	23.2	936	572	42	270	1148	509	1354	3.79e-26	112
Eyresouth_NODE_101_length_48437_cov_7.17035_9	KX906370.1_88	23.2	936	572	42	270	1148	509	1354	3.79e-26	112
Eyresouth_NODE_101_length_48437_cov_7.17035_9	AOIP01000022.1_21	23.3	777	464	27	264	1006	379	1057	9.19e-25	107
Eyresouth_NODE_101_length_48437_cov_7.17035_9	LOAJ01000002.1_61	23.1	981	627	39	193	1132	492	1386	1.17e-21	97.4
Eyresouth_NODE_101_length_48437_cov_7.17035_9	AOJE01000051.1_50	22.7	927	586	34	270	1148	401	1244	2.53e-19	89.7
Eyresouth_NODE_101_length_48437_cov_7.17035_9	CP084476.1_77	28.0	300	164	13	264	547	48	311	1.12e-14	74.3
Eyresouth_NODE_101_length_48437_cov_7.17035_9	JAJCVI010000007.1_12	26.4	208	128	5	264	465	484	672	3.07e-10	59.7
Eyresouth_NODE_101_length_48437_cov_7.17035_10	Eyresouth_NODE_101_length_48437_cov_7.17035_10	100	538	0	0	1	538	1	538	0.0	1008
Eyresouth_NODE_101_length_48437_cov_7.17035_10	Frome_NODE_383_length_24936_cov_4.316346_2	96.5	490	17	0	1	490	1	490	0.0	902
Eyresouth_NODE_101_length_48437_cov_7.17035_10	CP084476.1_75	38.1	467	275	7	61	517	34	496	7.78e-75	242
Eyresouth_NODE_101_length_48437_cov_7.17035_10	AOIP01000022.1_22	37.0	467	278	8	61	517	34	494	1.53e-73	238
Eyresouth_NODE_101_length_48437_cov_7.17035_10	CP101158.1_75	36.3	537	279	17	11	514	2	508	3.00e-69	228
Eyresouth_NODE_101_length_48437_cov_7.17035_10	JDTG01000019.1_82	37.1	475	273	11	61	517	36	502	1.44e-65	218
Eyresouth_NODE_101_length_48437_cov_7.17035_10	AOLZ01000012.1_20	37.3	472	263	11	75	523	50	511	5.58e-64	213
Eyresouth_NODE_101_length_48437_cov_7.17035_10	CP019286.1_49	37.3	472	263	11	75	523	50	511	5.58e-64	213
Eyresouth_NODE_101_length_48437_cov_7.17035_10	JAAOHU010000009.1_3	36.1	540	291	20	20	536	6	514	2.42e-62	209
Eyresouth_NODE_101_length_48437_cov_7.17035_10	CP099999.1_40	37.0	470	266	13	61	517	30	482	1.45e-60	204
Eyresouth_NODE_101_length_48437_cov_7.17035_10	CP095494.1_35	35.1	501	282	12	65	536	41	527	1.20e-58	199
Eyresouth_NODE_101_length_48437_cov_7.17035_10	NC_013748.1_10	37.8	487	255	17	65	521	42	510	7.10e-58	197
Eyresouth_NODE_101_length_48437_cov_7.17035_10	NC_015659.1_101	40.7	359	194	6	190	538	174	523	7.71e-55	189
Eyresouth_NODE_101_length_48437_cov_7.17035_10	CP019329.1_79	37.6	487	242	20	72	529	50	503	1.03e-54	188
Eyresouth_NODE_101_length_48437_cov_7.17035_10	FNFE01000011.1_20	35.2	512	277	18	30	518	11	490	4.99e-54	186
Eyresouth_NODE_101_length_48437_cov_7.17035_10	Gairdner_NODE_107_length_49922_cov_74.384603_13	35.9	502	271	16	16	491	1	477	7.60e-54	186
Eyresouth_NODE_101_length_48437_cov_7.17035_10	SRIF01000015.1_78	36.0	481	253	21	63	509	47	506	1.78e-51	180
Eyresouth_NODE_101_length_48437_cov_7.17035_10	Gairdner_NODE_167_length_41210_cov_9.888325_31	35.4	444	253	9	117	535	110	544	3.12e-49	174
Eyresouth_NODE_101_length_48437_cov_7.17035_10	FOXI01000018.1_54	34.5	527	285	20	50	534	17	525	3.64e-47	168
Eyresouth_NODE_101_length_48437_cov_7.17035_10	BBJN01000020.1_33	35.2	469	253	17	78	518	66	511	6.68e-46	164
Eyresouth_NODE_101_length_48437_cov_7.17035_10	JAANTI010000009.1_1	38.8	374	190	13	191	534	91	455	3.43e-44	158
Eyresouth_NODE_101_length_48437_cov_7.17035_10	Eyre_NODE_236_length_33155_cov_19.932_44	45.1	235	121	4	292	518	3	237	3.07e-43	150
Eyresouth_NODE_101_length_48437_cov_7.17035_10	KX687704.1_8	31.6	507	289	17	68	536	65	551	9.08e-43	156
Eyresouth_NODE_101_length_48437_cov_7.17035_10	KX906370.1_89	31.6	507	289	17	68	536	65	551	9.08e-43	156
Eyresouth_NODE_101_length_48437_cov_7.17035_10	LOAJ01000002.1_60	32.6	506	284	20	68	537	71	555	8.94e-42	153
Eyresouth_NODE_101_length_48437_cov_7.17035_11	Eyresouth_NODE_101_length_48437_cov_7.17035_11	100	270	0	0	1	270	1	270	4.12e-210	568
Eyresouth_NODE_101_length_48437_cov_7.17035_11	Frome_NODE_383_length_24936_cov_4.316346_3	88.9	271	29	1	1	270	1	271	2.32e-189	515
Eyresouth_NODE_101_length_48437_cov_7.17035_11	CP100004.1_2	37.1	275	137	10	9	270	4	255	1.55e-42	142
Eyresouth_NODE_101_length_48437_cov_7.17035_11	AOIR01000042.1_45	33.2	262	146	8	9	256	20	266	7.50e-30	109
Eyresouth_NODE_101_length_48437_cov_7.17035_12	Eyresouth_NODE_101_length_48437_cov_7.17035_12	100	320	0	0	1	320	1	320	1.62e-207	565
Eyresouth_NODE_101_length_48437_cov_7.17035_12	Frome_NODE_383_length_24936_cov_4.316346_4	91.9	320	26	0	1	320	1	320	3.89e-199	544
Eyresouth_NODE_101_length_48437_cov_7.17035_12	AOJE01000051.1_44	26.5	204	133	7	126	319	128	324	3.22e-10	55.8
Eyresouth_NODE_101_length_48437_cov_7.17035_13	Eyresouth_NODE_101_length_48437_cov_7.17035_13	100	404	0	0	1	404	1	404	7.94e-287	773
Eyresouth_NODE_101_length_48437_cov_7.17035_13	Frome_NODE_383_length_24936_cov_4.316346_5	98.8	404	5	0	1	404	1	404	3.10e-284	766
Eyresouth_NODE_101_length_48437_cov_7.17035_13	BBJN01000020.1_32	33.7	83	51	2	121	203	485	563	9.68e-05	40.0
Eyresouth_NODE_101_length_48437_cov_7.17035_14	Eyresouth_NODE_101_length_48437_cov_7.17035_14	100	366	0	0	1	366	1	366	6.47e-244	661
Eyresouth_NODE_101_length_48437_cov_7.17035_14	Frome_NODE_383_length_24936_cov_4.316346_6	98.1	366	7	0	1	366	1	366	5.92e-240	651
Eyresouth_NODE_101_length_48437_cov_7.17035_14	NC_015659.1_97	36.5	296	176	4	25	312	5	296	1.95e-51	171
Eyresouth_NODE_101_length_48437_cov_7.17035_15	Eyresouth_NODE_101_length_48437_cov_7.17035_15	100	345	0	0	1	345	1	345	1.07e-236	641
Eyresouth_NODE_101_length_48437_cov_7.17035_15	Frome_NODE_383_length_24936_cov_4.316346_7	95.1	345	17	0	1	345	1	345	8.59e-227	616
Eyresouth_NODE_101_length_48437_cov_7.17035_15	JAJCVI010000007.1_16	29.7	148	96	2	16	155	13	160	5.91e-10	55.5
Eyresouth_NODE_101_length_48437_cov_7.17035_15	CP101161.1_3058	32.2	177	96	6	109	267	105	275	5.29e-09	52.4
Eyresouth_NODE_101_length_48437_cov_7.17035_15	SRIF01000015.1_74	32.5	154	84	8	16	156	6	152	1.24e-05	42.0
Eyresouth_NODE_101_length_48437_cov_7.17035_15	BBJN01000020.1_35	26.1	165	105	3	59	212	53	211	9.17e-05	39.3
Eyresouth_NODE_101_length_48437_cov_7.17035_16	Eyresouth_NODE_101_length_48437_cov_7.17035_16	100	88	0	0	1	88	1	88	3.74e-61	176
Eyresouth_NODE_101_length_48437_cov_7.17035_16	Frome_NODE_383_length_24936_cov_4.316346_8	100	88	0	0	1	88	1	88	3.74e-61	176
Eyresouth_NODE_101_length_48437_cov_7.17035_16	Eyre_NODE_236_length_33155_cov_19.932_38	85.2	88	13	0	1	88	1	88	3.62e-50	149
Eyresouth_NODE_101_length_48437_cov_7.17035_16	QKNW01000002.1_34	37.2	78	48	1	6	82	9	86	6.78e-15	60.1
Eyresouth_NODE_101_length_48437_cov_7.17035_16	CP100004.1_5	42.4	59	32	2	1	58	1	58	8.40e-04	31.2
Eyresouth_NODE_101_length_48437_cov_7.17035_17	Eyresouth_NODE_101_length_48437_cov_7.17035_17	100	225	0	0	1	225	1	225	2.25e-162	443
Eyresouth_NODE_101_length_48437_cov_7.17035_17	Frome_NODE_383_length_24936_cov_4.316346_9	98.2	225	4	0	1	225	1	225	3.59e-159	435
Eyresouth_NODE_101_length_48437_cov_7.17035_17	Eyre_NODE_236_length_33155_cov_19.932_37	92.9	225	16	0	1	225	1	225	7.45e-152	417
Eyresouth_NODE_101_length_48437_cov_7.17035_18	Eyresouth_NODE_101_length_48437_cov_7.17035_18	100	47	0	0	1	47	1	47	5.33e-34	105
Eyresouth_NODE_101_length_48437_cov_7.17035_18	Frome_NODE_383_length_24936_cov_4.316346_10	100	47	0	0	1	47	1	47	5.33e-34	105
Eyresouth_NODE_101_length_48437_cov_7.17035_18	Eyre_NODE_236_length_33155_cov_19.932_36	97.9	47	1	0	1	47	1	47	4.40e-33	102
Eyresouth_NODE_101_length_48437_cov_7.17035_18	BBJN01000020.1_37	63.4	41	14	1	4	44	3	42	8.37e-12	52.0
Eyresouth_NODE_101_length_48437_cov_7.17035_18	FOXI01000018.1_49	72.7	33	9	0	4	36	3	35	1.63e-11	51.2
Eyresouth_NODE_101_length_48437_cov_7.17035_18	JAANTI010000009.1_6	72.7	33	9	0	4	36	3	35	1.63e-11	51.2
Eyresouth_NODE_101_length_48437_cov_7.17035_18	Gairdner_NODE_107_length_49922_cov_74.384603_19	53.6	28	13	0	3	30	4	31	6.03e-06	36.2
Eyresouth_NODE_101_length_48437_cov_7.17035_19	Eyresouth_NODE_101_length_48437_cov_7.17035_19	100	121	0	0	1	121	1	121	1.19e-86	243
Eyresouth_NODE_101_length_48437_cov_7.17035_19	Frome_NODE_383_length_24936_cov_4.316346_11	97.5	121	3	0	1	121	1	121	5.68e-85	239
Eyresouth_NODE_101_length_48437_cov_7.17035_19	Eyre_NODE_236_length_33155_cov_19.932_35	86.8	121	16	0	1	121	1	121	8.05e-76	216
Eyresouth_NODE_101_length_48437_cov_7.17035_20	Eyresouth_NODE_101_length_48437_cov_7.17035_20	100	313	0	0	1	313	1	313	1.56e-222	603
Eyresouth_NODE_101_length_48437_cov_7.17035_20	Frome_NODE_383_length_24936_cov_4.316346_12	97.1	313	9	0	1	313	1	313	4.10e-218	592
Eyresouth_NODE_101_length_48437_cov_7.17035_20	Eyre_NODE_236_length_33155_cov_19.932_34	90.4	313	26	1	1	313	1	309	3.88e-206	561
Eyresouth_NODE_101_length_48437_cov_7.17035_20	RJJW01000001.1_38	38.3	298	178	5	10	307	6	297	1.27e-69	215
Eyresouth_NODE_101_length_48437_cov_7.17035_20	QKNW01000002.1_28	42.9	261	141	5	52	306	32	290	8.97e-69	213
Eyresouth_NODE_101_length_48437_cov_7.17035_20	FOXI01000018.1_47	34.4	256	163	4	52	305	35	287	6.91e-55	176
Eyresouth_NODE_101_length_48437_cov_7.17035_20	JAANTI010000009.1_8	34.4	256	163	4	52	305	35	287	6.91e-55	176
Eyresouth_NODE_101_length_48437_cov_7.17035_20	CP084476.1_60	33.8	263	165	6	52	310	31	288	3.04e-50	165
Eyresouth_NODE_101_length_48437_cov_7.17035_20	CP031299.1_20	32.7	263	170	5	52	310	32	291	5.44e-48	159
Eyresouth_NODE_101_length_48437_cov_7.17035_20	JDTG01000019.1_93	32.7	263	170	5	52	310	32	291	5.44e-48	159
Eyresouth_NODE_101_length_48437_cov_7.17035_20	AOJE01000051.1_29	33.1	293	173	9	19	302	10	288	2.17e-43	147
Eyresouth_NODE_101_length_48437_cov_7.17035_20	LOAJ01000002.1_52	32.4	256	164	5	53	302	36	288	6.67e-41	140
Eyresouth_NODE_101_length_48437_cov_7.17035_20	KX687704.1_18	31.7	293	177	9	19	302	10	288	7.40e-40	137
Eyresouth_NODE_101_length_48437_cov_7.17035_20	KX906370.1_99	31.9	295	178	9	17	302	8	288	7.40e-40	137
Eyresouth_NODE_101_length_48437_cov_7.17035_20	CP019329.1_67	29.4	293	196	5	18	305	125	411	9.21e-40	140
Eyresouth_NODE_101_length_48437_cov_7.17035_20	JAJCVI010000007.1_22	30.8	263	172	5	51	305	157	417	6.23e-38	135
Eyresouth_NODE_101_length_48437_cov_7.17035_21	Eyresouth_NODE_101_length_48437_cov_7.17035_21	100	91	0	0	1	91	1	91	9.03e-59	171
Eyresouth_NODE_101_length_48437_cov_7.17035_21	Frome_NODE_383_length_24936_cov_4.316346_13	100	91	0	0	1	91	1	91	9.03e-59	171
Eyresouth_NODE_101_length_48437_cov_7.17035_21	Eyre_NODE_236_length_33155_cov_19.932_33	90.1	91	9	0	1	91	1	91	5.67e-53	156
Eyresouth_NODE_101_length_48437_cov_7.17035_21	CP100004.1_11	35.3	68	42	1	4	69	5	72	1.24e-07	41.2
Eyresouth_NODE_101_length_48437_cov_7.17035_22	Eyresouth_NODE_101_length_48437_cov_7.17035_22	100	92	0	0	1	92	1	92	6.06e-62	179
Eyresouth_NODE_101_length_48437_cov_7.17035_22	Frome_NODE_383_length_24936_cov_4.316346_14	100	92	0	0	1	92	1	92	6.06e-62	179
Eyresouth_NODE_101_length_48437_cov_7.17035_22	Eyre_NODE_236_length_33155_cov_19.932_32	93.5	92	6	0	1	92	1	92	2.79e-58	169
Eyresouth_NODE_101_length_48437_cov_7.17035_23	Eyresouth_NODE_101_length_48437_cov_7.17035_23	100	91	0	0	1	91	1	91	3.97e-62	179
Eyresouth_NODE_101_length_48437_cov_7.17035_23	Frome_NODE_383_length_24936_cov_4.316346_15	100	91	0	0	1	91	1	91	3.97e-62	179
Eyresouth_NODE_101_length_48437_cov_7.17035_23	Eyre_NODE_236_length_33155_cov_19.932_31	90.1	91	9	0	1	91	1	91	7.16e-56	163
Eyresouth_NODE_101_length_48437_cov_7.17035_24	Eyresouth_NODE_101_length_48437_cov_7.17035_24	100	251	0	0	1	251	1	251	2.95e-180	491
Eyresouth_NODE_101_length_48437_cov_7.17035_24	Frome_NODE_383_length_24936_cov_4.316346_16	98.8	251	3	0	1	251	1	251	2.83e-178	486
Eyresouth_NODE_101_length_48437_cov_7.17035_24	Eyre_NODE_236_length_33155_cov_19.932_30	87.3	251	32	0	1	251	1	251	3.56e-156	430
Eyresouth_NODE_101_length_48437_cov_7.17035_24	RJJW01000001.1_42	45.7	175	95	0	17	191	16	190	6.15e-52	164
Eyresouth_NODE_101_length_48437_cov_7.17035_24	JAJCVI010000002.1_567	35.9	170	107	2	17	185	1	169	1.20e-30	108
Eyresouth_NODE_101_length_48437_cov_7.17035_24	CP101161.1_3065	36.8	144	90	1	27	169	14	157	8.15e-27	98.6
Eyresouth_NODE_101_length_48437_cov_7.17035_24	CP119801.1_31	34.8	158	99	2	19	172	10	167	2.29e-24	93.6
Eyresouth_NODE_101_length_48437_cov_7.17035_24	AOJE01000051.1_25	32.5	151	102	0	23	173	22	172	1.84e-23	90.1
Eyresouth_NODE_101_length_48437_cov_7.17035_24	KX906370.1_103	30.7	163	111	1	13	173	11	173	5.02e-23	89.0
Eyresouth_NODE_101_length_48437_cov_7.17035_24	CP095494.1_48	32.7	156	101	2	21	172	13	168	5.63e-23	89.7
Eyresouth_NODE_101_length_48437_cov_7.17035_24	KX687704.1_22	30.7	163	111	1	13	173	11	173	3.71e-22	86.7
Eyresouth_NODE_101_length_48437_cov_7.17035_24	AOJE01000025.1_37	29.0	162	112	2	22	182	4	163	4.70e-20	81.3
Eyresouth_NODE_101_length_48437_cov_7.17035_24	LWLN01000003.1_25	32.7	153	90	2	17	165	23	166	1.55e-19	80.1
Eyresouth_NODE_101_length_48437_cov_7.17035_24	FNFE01000011.1_34	32.0	153	102	1	15	165	12	164	2.15e-19	79.7
Eyresouth_NODE_101_length_48437_cov_7.17035_24	AOLZ01000012.1_31	30.3	155	98	2	12	165	22	167	4.29e-19	79.0
Eyresouth_NODE_101_length_48437_cov_7.17035_24	CP019286.1_38	30.3	155	98	2	12	165	22	167	4.29e-19	79.0
Eyresouth_NODE_101_length_48437_cov_7.17035_24	JAJCVI010000007.1_26	33.3	138	85	2	21	153	13	148	5.29e-19	79.3
Eyresouth_NODE_101_length_48437_cov_7.17035_24	Gairdner_NODE_107_length_49922_cov_74.384603_25	31.8	176	108	4	23	187	14	188	2.73e-18	76.3
Eyresouth_NODE_101_length_48437_cov_7.17035_24	CP019329.1_63	29.7	165	112	2	4	165	5	168	2.31e-17	74.3
Eyresouth_NODE_101_length_48437_cov_7.17035_24	SRIF01000015.1_61	29.8	141	95	2	16	152	13	153	7.51e-14	64.7
Eyresouth_NODE_101_length_48437_cov_7.17035_25	Eyresouth_NODE_101_length_48437_cov_7.17035_25	100	358	0	0	1	358	1	358	1.57e-224	612
Eyresouth_NODE_101_length_48437_cov_7.17035_25	Frome_NODE_383_length_24936_cov_4.316346_17	99.7	358	1	0	1	358	1	358	6.40e-224	610
Eyresouth_NODE_101_length_48437_cov_7.17035_25	Eyre_NODE_236_length_33155_cov_19.932_29	85.1	356	53	0	3	358	2	357	2.70e-211	578
Eyresouth_NODE_101_length_48437_cov_7.17035_26	Eyresouth_NODE_101_length_48437_cov_7.17035_26	100	456	0	0	1	456	1	456	3.07e-315	849
Eyresouth_NODE_101_length_48437_cov_7.17035_26	Frome_NODE_383_length_24936_cov_4.316346_18	97.4	456	12	0	1	456	1	456	9.40e-310	835
Eyresouth_NODE_101_length_48437_cov_7.17035_26	Eyre_NODE_236_length_33155_cov_19.932_28	93.0	457	31	1	1	456	1	457	2.38e-294	796
Eyresouth_NODE_101_length_48437_cov_7.17035_26	RJJW01000001.1_44	32.5	409	245	6	74	456	73	476	5.22e-63	207
Eyresouth_NODE_101_length_48437_cov_7.17035_26	QKNW01000002.1_22	32.1	396	233	8	66	431	46	435	1.91e-52	179
Eyresouth_NODE_101_length_48437_cov_7.17035_26	NC_013748.1_27	30.9	372	238	8	70	438	56	411	3.30e-42	150
Eyresouth_NODE_101_length_48437_cov_7.17035_26	JAAOHU010000009.1_56	26.8	381	262	10	64	432	66	441	2.03e-30	118
Eyresouth_NODE_101_length_48437_cov_7.17035_27	Eyresouth_NODE_101_length_48437_cov_7.17035_27	100	628	0	0	1	628	1	628	0.0	1201
Eyresouth_NODE_101_length_48437_cov_7.17035_27	Frome_NODE_383_length_24936_cov_4.316346_19	97.5	628	16	0	1	628	1	628	0.0	1177
Eyresouth_NODE_101_length_48437_cov_7.17035_27	Eyre_NODE_236_length_33155_cov_19.932_27	93.2	633	38	1	1	628	1	633	0.0	1135
Eyresouth_NODE_101_length_48437_cov_7.17035_27	NC_015659.1_85	27.7	296	190	8	310	589	237	524	8.20e-19	85.5
Eyresouth_NODE_101_length_48437_cov_7.17035_27	CP101161.1_3068	26.2	604	350	27	58	599	13	582	1.10e-16	79.0
Eyresouth_NODE_101_length_48437_cov_7.17035_27	CP031299.1_27	27.4	453	240	16	92	528	155	534	7.48e-15	73.2
Eyresouth_NODE_101_length_48437_cov_7.17035_27	JDTG01000019.1_100	27.4	453	240	16	92	528	155	534	7.48e-15	73.2
Eyresouth_NODE_101_length_48437_cov_7.17035_28	Eyresouth_NODE_101_length_48437_cov_7.17035_28	100	827	0	0	1	827	1	827	0.0	1624
Eyresouth_NODE_101_length_48437_cov_7.17035_28	Frome_NODE_383_length_24936_cov_4.316346_20	99.9	827	1	0	1	827	1	827	0.0	1622
Eyresouth_NODE_101_length_48437_cov_7.17035_28	Eyre_NODE_236_length_33155_cov_19.932_26	96.7	827	27	0	1	827	1	827	0.0	1583
Eyresouth_NODE_101_length_48437_cov_7.17035_28	CP100004.1_22	54.6	802	342	12	27	824	7	790	1.16e-284	801
Eyresouth_NODE_101_length_48437_cov_7.17035_28	WSZK01000033.1_21	53.4	822	344	12	21	827	10	807	1.31e-279	788
Eyresouth_NODE_101_length_48437_cov_7.17035_28	RJJW01000001.1_46	51.8	816	365	14	26	827	9	810	1.62e-273	773
Eyresouth_NODE_101_length_48437_cov_7.17035_28	CP031299.1_28	52.1	804	331	14	39	824	19	786	8.26e-263	745
Eyresouth_NODE_101_length_48437_cov_7.17035_28	JDTG01000019.1_101	52.1	804	331	14	39	824	19	786	8.26e-263	745
Eyresouth_NODE_101_length_48437_cov_7.17035_28	CP019329.1_57	50.4	810	368	7	32	824	23	815	8.34e-263	746
Eyresouth_NODE_101_length_48437_cov_7.17035_28	NC_015659.1_84	51.2	807	361	11	26	824	5	786	1.17e-262	744
Eyresouth_NODE_101_length_48437_cov_7.17035_28	AOIO01000049.1_112	50.6	810	364	14	25	824	5	788	3.56e-262	743
Eyresouth_NODE_101_length_48437_cov_7.17035_28	CP095494.1_52	51.0	820	364	11	26	826	15	815	3.70e-261	742
Eyresouth_NODE_101_length_48437_cov_7.17035_28	AOIP01000022.1_36	50.1	810	368	14	25	824	5	788	1.86e-259	736
Eyresouth_NODE_101_length_48437_cov_7.17035_28	SRIF01000015.1_56	52.0	741	322	10	109	826	84	813	3.74e-258	734
Eyresouth_NODE_101_length_48437_cov_7.17035_28	CP119801.1_26	49.7	819	376	13	26	826	12	812	3.99e-257	731
Eyresouth_NODE_101_length_48437_cov_7.17035_28	NC_013748.1_29	52.0	782	341	11	49	824	29	782	2.94e-254	723
Eyresouth_NODE_101_length_48437_cov_7.17035_28	QKNW01000002.1_20	49.7	819	387	14	27	826	44	856	5.50e-250	715
Eyresouth_NODE_101_length_48437_cov_7.17035_28	AOLZ01000012.1_35	45.0	811	419	11	27	826	29	823	3.10e-221	640
Eyresouth_NODE_101_length_48437_cov_7.17035_28	CP019286.1_34	45.0	811	419	11	27	826	29	823	3.10e-221	640
Eyresouth_NODE_101_length_48437_cov_7.17035_28	LWLN01000003.1_29	44.8	812	421	10	26	826	32	827	1.59e-219	636
Eyresouth_NODE_101_length_48437_cov_7.17035_28	SJER01000008.1_144	42.1	826	442	12	16	826	8	812	1.46e-207	605
Eyresouth_NODE_101_length_48437_cov_7.17035_28	CP084476.1_52	42.8	820	426	13	24	826	5	798	3.38e-199	583
Eyresouth_NODE_101_length_48437_cov_7.17035_28	LOAJ01000002.1_44	41.0	819	443	12	31	821	24	830	1.31e-192	567
Eyresouth_NODE_101_length_48437_cov_7.17035_28	FOXI01000018.1_35	42.6	802	429	14	26	821	7	783	9.75e-188	553
Eyresouth_NODE_101_length_48437_cov_7.17035_28	JAANTI010000009.1_19	42.6	802	429	14	26	821	7	783	9.75e-188	553
Eyresouth_NODE_101_length_48437_cov_7.17035_29	Eyresouth_NODE_101_length_48437_cov_7.17035_29	100	324	0	0	1	324	1	324	2.65e-240	649
Eyresouth_NODE_101_length_48437_cov_7.17035_29	Frome_NODE_383_length_24936_cov_4.316346_21	99.4	324	2	0	1	324	1	324	1.54e-239	647
Eyresouth_NODE_101_length_48437_cov_7.17035_29	Eyre_NODE_236_length_33155_cov_19.932_25	94.1	324	19	0	1	324	1	324	2.80e-226	613
Eyresouth_NODE_101_length_48437_cov_7.17035_29	WSZK01000033.1_20	44.9	314	173	0	7	320	37	350	3.12e-91	272
Eyresouth_NODE_101_length_48437_cov_7.17035_29	CP031299.1_29	37.4	321	187	6	1	318	1	310	4.83e-63	198
Eyresouth_NODE_101_length_48437_cov_7.17035_29	JDTG01000019.1_102	37.4	321	187	6	1	318	1	310	4.83e-63	198
Eyresouth_NODE_101_length_48437_cov_7.17035_29	CP100004.1_23	38.0	297	175	4	9	304	16	304	3.53e-59	189
Eyresouth_NODE_101_length_48437_cov_7.17035_29	CP119801.1_25	35.8	327	194	7	1	321	3	319	6.12e-59	188
Eyresouth_NODE_101_length_48437_cov_7.17035_29	CP095494.1_53	36.4	321	184	8	8	320	10	318	8.62e-59	187
Eyresouth_NODE_101_length_48437_cov_7.17035_29	RJJW01000001.1_47	35.2	307	184	5	19	319	18	315	1.66e-50	166
Eyresouth_NODE_101_length_48437_cov_7.17035_29	CP019329.1_55	32.8	326	200	7	2	320	6	319	1.88e-50	166
Eyresouth_NODE_101_length_48437_cov_7.17035_29	SJER01000008.1_145	35.3	221	129	2	30	248	19	227	7.44e-37	130
Eyresouth_NODE_101_length_48437_cov_7.17035_29	CP100004.1_28	33.7	300	162	10	3	288	6	282	1.56e-34	129
Eyresouth_NODE_101_length_48437_cov_7.17035_30	Eyresouth_NODE_101_length_48437_cov_7.17035_30	100	554	0	0	1	554	1	554	0.0	1071
Eyresouth_NODE_101_length_48437_cov_7.17035_30	Frome_NODE_383_length_24936_cov_4.316346_22	99.6	554	2	0	1	554	1	554	0.0	1065
Eyresouth_NODE_101_length_48437_cov_7.17035_30	Eyre_NODE_236_length_33155_cov_19.932_24	93.9	554	34	0	1	554	1	554	0.0	1032
Eyresouth_NODE_101_length_48437_cov_7.17035_30	WSZK01000033.1_18	45.4	537	278	6	13	546	3	527	2.94e-148	432
Eyresouth_NODE_101_length_48437_cov_7.17035_30	LOAJ01000002.1_40	42.0	540	292	7	10	545	7	529	4.97e-136	402
Eyresouth_NODE_101_length_48437_cov_7.17035_30	CP101158.1_95	43.6	543	284	6	8	546	3	527	5.11e-135	399
Eyresouth_NODE_101_length_48437_cov_7.17035_30	AOJE01000051.1_18	40.3	538	300	7	10	543	6	526	2.83e-129	384
Eyresouth_NODE_101_length_48437_cov_7.17035_30	KX687704.1_28	40.5	541	301	7	7	543	3	526	3.99e-129	384
Eyresouth_NODE_101_length_48437_cov_7.17035_30	KX906370.1_109	40.5	541	301	7	7	543	3	526	1.00e-126	378
Eyresouth_NODE_101_length_48437_cov_7.17035_30	CP100004.1_27	38.5	530	306	8	17	543	6	518	3.56e-115	347
Eyresouth_NODE_101_length_48437_cov_7.17035_30	QKNW01000002.1_17	35.9	563	325	9	6	543	3	554	5.78e-107	327
Eyresouth_NODE_101_length_48437_cov_7.17035_30	JAJCVI010000007.1_32	39.1	174	103	2	371	543	1	172	8.65e-28	105
Eyresouth_NODE_101_length_48437_cov_7.17035_30	CP101158.1_97	66.7	27	9	0	79	105	1	27	3.35e-09	48.5
Eyresouth_NODE_101_length_48437_cov_7.17035_31	Eyresouth_NODE_101_length_48437_cov_7.17035_31	100	421	0	0	1	421	1	421	0.0	862
Eyresouth_NODE_101_length_48437_cov_7.17035_31	Frome_NODE_383_length_24936_cov_4.316346_23	99.5	421	2	0	1	421	1	421	2.23e-320	859
Eyresouth_NODE_101_length_48437_cov_7.17035_31	Eyre_NODE_236_length_33155_cov_19.932_23	98.6	420	6	0	1	420	1	420	7.48e-317	850
Eyresouth_NODE_101_length_48437_cov_7.17035_31	CP101158.1_102	40.2	405	226	11	20	418	2	396	5.90e-89	271
Eyresouth_NODE_101_length_48437_cov_7.17035_31	NC_015659.1_78	39.9	404	226	10	20	416	18	411	2.68e-85	262
Eyresouth_NODE_101_length_48437_cov_7.17035_31	CP084476.1_42	39.8	402	230	10	20	416	13	407	4.60e-82	254
Eyresouth_NODE_101_length_48437_cov_7.17035_31	CP019329.1_45	38.1	412	236	8	20	416	14	421	2.17e-80	250
Eyresouth_NODE_101_length_48437_cov_7.17035_31	KX687704.1_34	34.8	408	247	8	20	416	12	411	4.91e-72	228
Eyresouth_NODE_101_length_48437_cov_7.17035_32	Eyresouth_NODE_101_length_48437_cov_7.17035_32	100	431	0	0	1	431	1	431	4.87e-313	842
Eyresouth_NODE_101_length_48437_cov_7.17035_33	Eyresouth_NODE_101_length_48437_cov_7.17035_33	100	125	0	0	1	125	1	125	1.27e-92	259
Eyresouth_NODE_101_length_48437_cov_7.17035_33	Eyre_NODE_236_length_33155_cov_19.932_20	87.0	123	16	0	1	123	1	123	1.73e-81	231
Eyresouth_NODE_101_length_48437_cov_7.17035_34	Eyresouth_NODE_101_length_48437_cov_7.17035_34	100	46	0	0	1	46	1	46	4.67e-30	95.1
Eyresouth_NODE_101_length_48437_cov_7.17035_35	Eyresouth_NODE_101_length_48437_cov_7.17035_35	100	123	0	0	1	123	1	123	2.12e-90	253
Eyresouth_NODE_101_length_48437_cov_7.17035_36	Eyresouth_NODE_101_length_48437_cov_7.17035_36	100	115	0	0	1	115	1	115	1.67e-72	207
Eyresouth_NODE_101_length_48437_cov_7.17035_37	Eyresouth_NODE_101_length_48437_cov_7.17035_37	100	240	0	0	1	240	1	240	3.33e-176	479
Eyresouth_NODE_101_length_48437_cov_7.17035_37	Eyre_NODE_236_length_33155_cov_19.932_19	96.3	240	9	0	1	240	1	240	1.99e-168	460
Eyresouth_NODE_101_length_48437_cov_7.17035_38	Eyresouth_NODE_101_length_48437_cov_7.17035_38	100	123	0	0	1	123	1	123	4.80e-96	267
Eyresouth_NODE_101_length_48437_cov_7.17035_38	Eyre_NODE_236_length_33155_cov_19.932_18	84.6	123	19	0	1	123	1	123	2.12e-81	230
Eyresouth_NODE_101_length_48437_cov_7.17035_39	Eyresouth_NODE_101_length_48437_cov_7.17035_39	100	304	0	0	1	304	1	304	3.15e-222	601
Eyresouth_NODE_101_length_48437_cov_7.17035_40	Eyresouth_NODE_101_length_48437_cov_7.17035_40	100	86	0	0	1	86	1	86	4.77e-63	181
Eyresouth_NODE_101_length_48437_cov_7.17035_40	Eyre_NODE_236_length_33155_cov_19.932_16	87.2	86	11	0	1	86	1	86	2.30e-52	154
Eyresouth_NODE_101_length_48437_cov_7.17035_41	Eyresouth_NODE_101_length_48437_cov_7.17035_41	100	242	0	0	1	242	1	242	4.58e-184	499
Eyresouth_NODE_101_length_48437_cov_7.17035_41	Eyre_NODE_236_length_33155_cov_19.932_14	81.7	240	42	1	1	240	1	238	2.14e-145	402
Eyresouth_NODE_101_length_48437_cov_7.17035_42	Eyresouth_NODE_101_length_48437_cov_7.17035_42	100	125	0	0	1	125	1	125	2.88e-89	250
Eyresouth_NODE_101_length_48437_cov_7.17035_42	Eyre_NODE_236_length_33155_cov_19.932_13	80.0	125	25	0	1	125	1	125	8.52e-73	209
