FNFE01000011.1_4	FNFE01000011.1_4	100	59	0	0	1	59	1	59	2.50e-35	109
FNFE01000011.1_5	FNFE01000011.1_5	100	109	0	0	1	109	1	109	6.72e-76	215
FNFE01000011.1_6	FNFE01000011.1_6	100	194	0	0	1	194	1	194	4.24e-129	357
FNFE01000011.1_7	FNFE01000011.1_7	100	96	0	0	1	96	1	96	2.70e-69	197
FNFE01000011.1_7	CP084476.1_88	85.4	96	14	0	1	96	1	96	9.48e-61	176
FNFE01000011.1_7	AOLZ01000012.1_12	83.9	93	15	0	1	93	1	93	7.98e-58	169
FNFE01000011.1_7	CP019286.1_58	83.9	93	15	0	1	93	1	93	7.98e-58	169
FNFE01000011.1_7	AOIP01000022.1_12	76.4	89	21	0	1	89	1	89	1.81e-53	157
FNFE01000011.1_8	FNFE01000011.1_8	100	205	0	0	1	205	1	205	1.60e-111	313
FNFE01000011.1_9	FNFE01000011.1_9	100	47	0	0	1	47	1	47	6.25e-33	102
FNFE01000011.1_10	FNFE01000011.1_10	100	48	0	0	1	48	1	48	7.08e-26	84.7
FNFE01000011.1_11	FNFE01000011.1_11	100	413	0	0	1	413	1	413	1.78e-299	806
FNFE01000011.1_11	KX687704.1_29	45.0	378	198	4	8	377	11	386	2.52e-102	306
FNFE01000011.1_11	KX906370.1_110	45.0	378	198	4	8	377	74	449	1.66e-101	306
FNFE01000011.1_11	AOJE01000051.1_17	44.4	376	199	4	10	377	13	386	4.02e-101	303
FNFE01000011.1_11	LOAJ01000002.1_39	32.1	377	247	6	2	372	6	379	9.34e-60	195
FNFE01000011.1_11	RJJW01000001.1_52	31.6	354	233	6	29	377	55	404	4.84e-49	167
FNFE01000011.1_11	FNFE01000011.1_12	26.0	358	229	12	13	367	4	328	1.21e-22	94.0
FNFE01000011.1_12	FNFE01000011.1_12	100	354	0	0	1	354	1	354	3.03e-252	681
FNFE01000011.1_12	CP101158.1_68	48.8	330	166	1	1	330	1	327	1.14e-99	294
FNFE01000011.1_12	CP119801.1_56	45.6	338	174	3	1	330	1	336	1.64e-90	271
FNFE01000011.1_12	QKNW01000002.1_7	42.8	332	188	2	1	332	1	330	3.08e-86	259
FNFE01000011.1_12	WSZK01000033.1_43	41.0	332	196	0	1	332	1	332	2.67e-82	249
FNFE01000011.1_12	CP019329.1_94	39.3	318	191	2	4	319	12	329	5.33e-68	213
FNFE01000011.1_12	AOIP01000022.1_10	37.1	345	205	4	1	339	1	339	1.83e-63	201
FNFE01000011.1_12	CP101158.1_61	36.7	324	201	3	1	321	33	355	2.24e-60	194
FNFE01000011.1_12	CP099999.1_48	35.1	342	218	3	1	339	1	341	1.46e-59	191
FNFE01000011.1_12	CP084476.1_87	33.2	346	218	3	1	339	1	340	4.50e-53	174
FNFE01000011.1_12	JAJCVI010000002.1_546	32.7	336	218	3	1	333	1	331	6.71e-53	174
FNFE01000011.1_12	AOLZ01000012.1_11	31.7	341	229	3	1	339	1	339	1.50e-49	165
FNFE01000011.1_12	CP019286.1_59	31.7	341	229	3	1	339	1	339	1.50e-49	165
FNFE01000011.1_12	FNFE01000011.1_11	24.5	359	219	10	4	321	13	360	1.04e-22	94.0
FNFE01000011.1_13	FNFE01000011.1_13	100	122	0	0	1	122	1	122	2.80e-81	230
FNFE01000011.1_13	AOIP01000022.1_11	70.8	106	31	0	17	122	3	108	2.61e-49	149
FNFE01000011.1_13	JAAOHU010000009.1_13	51.4	107	52	0	15	121	9	115	2.03e-33	109
FNFE01000011.1_14	FNFE01000011.1_14	100	102	0	0	1	102	1	102	4.87e-77	218
FNFE01000011.1_15	FNFE01000011.1_15	100	414	0	0	1	414	1	414	6.09e-312	837
FNFE01000011.1_16	FNFE01000011.1_16	100	212	0	0	1	212	1	212	1.27e-157	430
FNFE01000011.1_17	FNFE01000011.1_17	100	65	0	0	1	65	1	65	3.58e-42	127
FNFE01000011.1_17	AOLZ01000012.1_15	81.8	66	11	1	1	65	1	66	3.07e-32	102
FNFE01000011.1_17	CP019286.1_54	81.8	66	11	1	1	65	1	66	3.07e-32	102
FNFE01000011.1_17	JDTG01000019.1_68	46.5	71	29	3	1	65	1	68	1.61e-09	44.7
FNFE01000011.1_17	Eyresouth_NODE_101_length_48437_cov_7.17035_7	45.0	40	22	0	14	53	3	42	2.66e-07	39.3
FNFE01000011.1_18	FNFE01000011.1_18	100	199	0	0	1	199	1	199	8.34e-152	414
FNFE01000011.1_18	CP084476.1_79	83.6	183	30	0	17	199	2	184	4.19e-119	331
FNFE01000011.1_18	NC_013748.1_8	80.3	173	34	0	27	199	3	175	5.79e-108	303
FNFE01000011.1_18	AOIP01000022.1_20	35.2	216	106	6	1	190	1	208	5.16e-29	103
FNFE01000011.1_18	CP019329.1_81	26.9	130	83	5	61	183	69	193	4.86e-06	41.2
FNFE01000011.1_19	FNFE01000011.1_19	100	1111	0	0	1	1111	1	1111	0.0	2162
FNFE01000011.1_19	CP019329.1_80	53.9	1136	458	22	28	1111	28	1149	0.0	1096
FNFE01000011.1_19	NC_015659.1_102	49.1	1108	520	24	26	1107	22	1111	0.0	991
FNFE01000011.1_19	NC_013748.1_9	47.3	1060	511	19	88	1107	82	1133	7.64e-320	914
FNFE01000011.1_19	AOIO01000049.1_89	40.3	1082	573	23	24	1074	14	1053	3.07e-234	693
FNFE01000011.1_19	CP095494.1_34	37.9	1110	598	33	30	1107	30	1080	1.96e-207	623
FNFE01000011.1_19	CP095494.1_33	41.2	848	459	18	277	1107	371	1195	1.07e-194	593
FNFE01000011.1_19	AOIP01000022.1_21	40.0	845	488	12	277	1110	379	1215	3.25e-194	593
FNFE01000011.1_19	JDTG01000019.1_67	37.8	870	482	17	274	1107	451	1297	1.43e-182	565
FNFE01000011.1_19	JDTG01000019.1_81	38.5	868	487	14	277	1110	375	1229	1.05e-180	558
FNFE01000011.1_19	CP119801.1_45	38.3	875	503	16	251	1111	186	1037	2.44e-179	548
FNFE01000011.1_19	AOLZ01000012.1_19	35.7	865	507	25	276	1107	378	1226	6.98e-145	462
FNFE01000011.1_19	CP019286.1_50	35.7	865	507	25	276	1107	378	1226	6.98e-145	462
FNFE01000011.1_19	CP084476.1_77	35.8	857	497	18	276	1106	47	876	6.18e-142	446
FNFE01000011.1_19	JAAOHU010000009.1_4	34.1	828	501	19	271	1081	406	1205	1.42e-140	451
FNFE01000011.1_19	CP099999.1_41	33.6	888	524	27	252	1097	317	1180	1.69e-112	374
FNFE01000011.1_19	KX687704.1_7	28.7	854	514	29	282	1070	508	1331	2.62e-65	237
FNFE01000011.1_19	KX906370.1_88	28.7	854	514	29	282	1070	508	1331	2.62e-65	237
FNFE01000011.1_19	BBJN01000020.1_32	27.3	851	549	31	276	1094	567	1379	1.29e-61	226
FNFE01000011.1_19	CP031299.1_6	39.8	251	141	4	450	693	4	251	2.08e-47	167
FNFE01000011.1_19	CP101161.1_3055	26.2	776	487	33	344	1061	510	1257	6.57e-44	169
FNFE01000011.1_19	Gairdner_NODE_107_length_49922_cov_74.384603_12	21.0	315	191	11	278	554	521	815	1.41e-05	44.7
FNFE01000011.1_19	CP031299.1_4	54.5	33	15	0	28	60	18	50	1.74e-04	40.0
FNFE01000011.1_20	FNFE01000011.1_20	100	501	0	0	1	501	1	501	0.0	968
FNFE01000011.1_20	CP019329.1_79	70.2	500	146	2	3	500	4	502	1.45e-246	679
FNFE01000011.1_20	NC_013748.1_10	56.5	519	202	9	4	501	3	518	3.30e-178	506
FNFE01000011.1_20	NC_015659.1_101	49.1	517	223	16	4	493	3	506	3.74e-136	399
FNFE01000011.1_20	AOLZ01000012.1_20	48.8	525	224	17	4	497	3	513	1.51e-130	385
FNFE01000011.1_20	CP019286.1_49	48.8	525	224	17	4	497	3	513	1.51e-130	385
FNFE01000011.1_20	CP095494.1_35	47.0	525	236	17	4	497	3	516	1.46e-125	372
FNFE01000011.1_20	JAAOHU010000009.1_3	37.9	525	270	15	3	497	5	503	3.17e-79	252
FNFE01000011.1_20	Eyresouth_NODE_101_length_48437_cov_7.17035_10	35.3	519	281	19	11	497	30	525	8.85e-60	201
FNFE01000011.1_20	CP099999.1_40	35.0	528	268	18	3	497	5	490	1.73e-59	200
FNFE01000011.1_20	JDTG01000019.1_82	34.2	535	279	19	4	497	8	510	1.88e-59	200
FNFE01000011.1_20	CP084476.1_75	32.3	536	284	17	4	497	6	504	8.23e-57	193
FNFE01000011.1_20	KX687704.1_8	33.3	543	285	20	3	490	13	533	1.14e-53	185
FNFE01000011.1_20	KX906370.1_89	33.3	543	285	20	3	490	13	533	1.14e-53	185
FNFE01000011.1_20	LOAJ01000002.1_60	34.0	482	254	15	54	490	78	540	1.70e-51	179
FNFE01000011.1_20	Frome_NODE_383_length_24936_cov_4.316346_2	33.3	484	268	17	11	462	30	490	1.57e-49	174
FNFE01000011.1_20	WSZK01000033.1_35	30.9	534	309	20	4	497	7	520	5.25e-47	167
FNFE01000011.1_20	CP101158.1_75	33.3	478	268	15	56	497	57	519	2.50e-46	165
FNFE01000011.1_20	BBJN01000020.1_33	34.5	496	251	20	49	497	50	518	3.45e-46	164
FNFE01000011.1_20	JAJCVI010000002.1_558	32.5	495	277	22	37	498	49	519	9.93e-44	157
FNFE01000011.1_20	CP101161.1_3056	31.0	480	280	19	45	497	54	509	1.10e-43	157
FNFE01000011.1_20	RJJW01000001.1_29	32.1	474	253	19	45	469	54	507	9.52e-43	155
FNFE01000011.1_20	FOXI01000018.1_54	32.4	503	273	23	43	497	33	516	3.53e-42	153
FNFE01000011.1_20	AOJE01000051.1_48	44.1	236	119	4	267	492	15	247	2.17e-40	142
FNFE01000011.1_20	JAANTI010000009.1_1	34.6	422	216	18	118	497	43	446	2.83e-40	147
FNFE01000011.1_21	FNFE01000011.1_21	100	285	0	0	1	285	1	285	2.23e-226	610
FNFE01000011.1_21	CP019329.1_78	68.1	288	75	9	1	283	5	280	5.94e-141	394
FNFE01000011.1_21	AOLZ01000012.1_21	51.4	282	125	6	1	282	1	270	1.62e-97	283
FNFE01000011.1_21	CP019286.1_48	51.4	282	125	6	1	282	1	270	1.62e-97	283
FNFE01000011.1_21	NC_015659.1_100	46.0	287	134	11	1	285	6	273	3.38e-82	244
FNFE01000011.1_21	NC_013748.1_11	44.8	286	136	10	1	283	1	267	2.88e-77	232
FNFE01000011.1_21	CP095494.1_36	44.6	289	136	10	1	283	2	272	2.41e-74	224
FNFE01000011.1_21	BBJN01000020.1_34	26.4	265	131	16	3	253	5	219	5.01e-06	42.4
FNFE01000011.1_22	FNFE01000011.1_22	100	396	0	0	1	396	1	396	6.20e-280	755
FNFE01000011.1_22	CP019329.1_77	54.3	363	161	3	15	372	14	376	7.09e-126	365
FNFE01000011.1_22	NC_015659.1_99	43.5	352	185	10	19	362	8	353	5.28e-81	248
FNFE01000011.1_22	NC_013748.1_12	36.1	349	211	8	19	362	8	349	2.85e-62	200
FNFE01000011.1_22	CP100004.1_2	27.5	211	134	6	154	354	36	237	2.01e-19	82.8
FNFE01000011.1_23	FNFE01000011.1_23	100	619	0	0	1	619	1	619	0.0	1270
FNFE01000011.1_24	FNFE01000011.1_24	100	336	0	0	1	336	1	336	1.70e-233	632
FNFE01000011.1_24	CP019329.1_72	50.1	345	157	10	1	334	13	353	5.02e-88	264
FNFE01000011.1_24	LWLN01000003.1_16	47.7	331	162	5	5	324	16	346	1.13e-81	249
FNFE01000011.1_24	CP095494.1_37	48.7	337	154	10	1	328	13	339	1.66e-74	229
FNFE01000011.1_24	CP099999.1_38	50.8	236	109	6	91	322	93	325	1.69e-61	196
FNFE01000011.1_24	AOIP01000022.1_24	43.3	337	161	14	1	322	13	334	5.24e-57	184
FNFE01000011.1_24	AOIO01000049.1_95	33.3	318	174	15	1	303	13	307	8.17e-21	87.4
FNFE01000011.1_24	AOLZ01000012.1_22	41.9	117	65	3	204	317	336	452	1.42e-20	87.8
FNFE01000011.1_24	CP019286.1_47	41.9	117	65	3	204	317	336	452	1.42e-20	87.8
FNFE01000011.1_25	FNFE01000011.1_25	100	133	0	0	1	133	1	133	8.69e-97	270
FNFE01000011.1_25	CP019329.1_71	46.8	126	64	2	9	131	53	178	3.45e-30	103
FNFE01000011.1_26	FNFE01000011.1_26	100	98	0	0	1	98	1	98	9.73e-64	184
FNFE01000011.1_27	FNFE01000011.1_27	100	234	0	0	1	234	1	234	1.52e-169	462
FNFE01000011.1_27	CP019329.1_70	55.0	229	97	3	10	232	25	253	2.20e-80	237
FNFE01000011.1_27	AOLZ01000012.1_23	45.1	233	123	3	1	230	1	231	4.36e-66	200
FNFE01000011.1_27	CP019286.1_46	45.1	233	123	3	1	230	1	231	4.36e-66	200
FNFE01000011.1_27	LWLN01000003.1_19	48.1	235	111	5	9	233	8	241	9.68e-64	194
FNFE01000011.1_27	CP095494.1_39	45.7	223	117	4	10	229	11	232	9.86e-62	189
FNFE01000011.1_27	CP031299.1_17	45.2	221	118	3	10	229	7	225	1.89e-57	178
FNFE01000011.1_27	JDTG01000019.1_90	45.2	221	118	3	10	229	7	225	1.89e-57	178
FNFE01000011.1_27	CP084476.1_63	46.6	232	118	6	1	230	28	255	2.23e-57	179
FNFE01000011.1_27	NC_013748.1_18	45.0	231	121	6	1	229	1	227	4.57e-56	174
FNFE01000011.1_27	CP099999.1_36	44.0	225	117	6	8	228	5	224	2.53e-54	170
FNFE01000011.1_28	FNFE01000011.1_28	100	63	0	0	1	63	1	63	2.75e-45	134
FNFE01000011.1_28	CP019329.1_69	76.2	63	15	0	1	63	2	64	1.88e-32	102
FNFE01000011.1_28	AOLZ01000012.1_24	68.8	64	19	1	1	63	1	64	2.80e-25	84.3
FNFE01000011.1_28	CP019286.1_45	68.8	64	19	1	1	63	1	64	2.80e-25	84.3
FNFE01000011.1_29	FNFE01000011.1_29	100	117	0	0	1	117	1	117	3.60e-86	242
FNFE01000011.1_29	CP099999.1_35	59.1	115	47	0	1	115	1	115	3.45e-50	151
FNFE01000011.1_29	CP119801.1_38	53.2	111	52	0	3	113	21	131	1.07e-40	127
FNFE01000011.1_29	CP095494.1_41	54.8	104	47	0	10	113	28	131	2.03e-38	122
FNFE01000011.1_29	SRIF01000015.1_69	46.1	115	59	1	3	114	19	133	8.80e-33	107
FNFE01000011.1_30	FNFE01000011.1_30	100	403	0	0	1	403	1	403	1.33e-289	780
FNFE01000011.1_30	CP019329.1_67	63.1	406	139	5	2	397	21	425	3.13e-175	492
FNFE01000011.1_30	CP019286.1_42	56.5	391	163	4	2	387	21	409	4.77e-149	425
FNFE01000011.1_30	AOLZ01000012.1_27	56.5	391	163	4	2	387	21	409	1.31e-148	425
FNFE01000011.1_30	CP099999.1_34	53.7	389	173	6	2	387	21	405	4.60e-141	404
FNFE01000011.1_30	LWLN01000003.1_21	53.4	324	141	7	84	401	1	320	3.32e-109	320
FNFE01000011.1_30	SJER01000008.1_136	37.0	408	231	12	6	402	33	425	2.54e-68	218
FNFE01000011.1_30	CP095494.1_44	40.2	296	170	2	103	396	9	299	5.63e-65	206
FNFE01000011.1_30	JAAOHU010000009.1_62	32.2	407	253	10	6	402	30	423	3.66e-57	189
FNFE01000011.1_30	JAJCVI010000007.1_22	37.9	359	192	15	39	376	62	410	3.28e-55	184
FNFE01000011.1_30	SRIF01000015.1_66	35.8	299	174	9	100	386	2	294	2.93e-53	175
FNFE01000011.1_30	AOIO01000049.1_99	35.7	305	182	9	103	402	8	303	1.33e-48	163
FNFE01000011.1_30	CP101158.1_84	36.0	300	172	9	94	378	10	304	5.20e-48	162
FNFE01000011.1_30	NC_013748.1_21	36.2	268	151	7	122	379	34	291	6.90e-47	159
FNFE01000011.1_30	AOIP01000022.1_28	35.7	286	168	8	102	379	3	280	7.34e-47	159
FNFE01000011.1_30	BBJN01000020.1_39	36.3	289	167	10	102	384	9	286	3.50e-46	156
FNFE01000011.1_30	NC_015659.1_92	34.1	290	171	9	102	379	4	285	2.11e-45	155
FNFE01000011.1_30	Gairdner_NODE_107_length_49922_cov_74.384603_21	34.9	284	170	8	104	379	8	284	5.56e-45	153
FNFE01000011.1_30	WSZK01000033.1_29	33.7	294	180	8	100	386	6	291	6.02e-44	151
FNFE01000011.1_30	FOXI01000018.1_47	37.1	291	163	11	102	384	9	287	1.08e-43	150
FNFE01000011.1_30	JAANTI010000009.1_8	37.1	291	163	11	102	384	9	287	1.08e-43	150
FNFE01000011.1_30	QKNW01000002.1_28	33.6	289	178	9	100	379	2	285	8.12e-43	148
FNFE01000011.1_30	LOAJ01000002.1_52	34.7	285	169	9	100	375	7	283	1.34e-42	147
FNFE01000011.1_30	AOJE01000025.1_34	30.7	293	179	10	101	386	7	282	3.80e-36	129
FNFE01000011.1_30	CP119801.1_36	37.5	80	50	0	8	87	25	104	8.78e-10	51.6
FNFE01000011.1_31	FNFE01000011.1_31	100	101	0	0	1	101	1	101	5.77e-62	179
FNFE01000011.1_31	AOLZ01000012.1_28	66.3	104	32	1	1	101	1	104	5.63e-40	124
FNFE01000011.1_31	CP019286.1_41	66.3	104	32	1	1	101	1	104	5.63e-40	124
FNFE01000011.1_31	CP019329.1_66	76.3	80	19	0	1	80	1	80	9.74e-35	111
FNFE01000011.1_31	LWLN01000003.1_22	57.4	101	43	0	1	101	1	101	1.21e-31	103
FNFE01000011.1_31	CP099999.1_33	57.3	82	35	0	1	82	1	82	7.65e-27	90.9
FNFE01000011.1_32	FNFE01000011.1_32	100	105	0	0	1	105	1	105	9.73e-74	209
FNFE01000011.1_32	CP019329.1_65	62.9	105	39	0	1	105	1	105	9.95e-49	146
FNFE01000011.1_32	AOLZ01000012.1_29	64.9	94	33	0	10	103	7	100	6.12e-47	142
FNFE01000011.1_32	CP019286.1_40	64.9	94	33	0	10	103	7	100	6.12e-47	142
FNFE01000011.1_32	LWLN01000003.1_23	59.2	103	42	0	1	103	1	103	1.44e-41	128
FNFE01000011.1_32	CP099999.1_32	57.3	103	44	0	1	103	1	103	6.46e-38	119
FNFE01000011.1_32	CP119801.1_33	38.0	92	50	1	9	100	7	91	1.50e-20	75.1
FNFE01000011.1_32	CP101161.1_3063	32.5	80	36	3	1	73	5	73	2.87e-07	40.8
FNFE01000011.1_33	FNFE01000011.1_33	100	79	0	0	1	79	1	79	4.15e-54	158
FNFE01000011.1_33	CP099999.1_31	61.6	73	28	0	1	73	33	105	3.91e-30	98.6
FNFE01000011.1_33	AOLZ01000012.1_30	65.7	70	24	0	1	70	1	70	3.12e-29	95.5
FNFE01000011.1_33	CP019286.1_39	65.7	70	24	0	1	70	1	70	3.12e-29	95.5
FNFE01000011.1_33	LWLN01000003.1_24	63.9	72	26	0	1	72	1	72	1.42e-28	94.0
FNFE01000011.1_33	CP019329.1_64	54.5	77	35	0	1	77	1	77	2.48e-27	90.9
FNFE01000011.1_34	FNFE01000011.1_34	100	221	0	0	1	221	1	221	1.46e-156	428
FNFE01000011.1_34	AOLZ01000012.1_31	69.8	202	61	0	14	215	17	218	9.67e-98	280
FNFE01000011.1_34	CP019286.1_38	69.8	202	61	0	14	215	17	218	9.67e-98	280
FNFE01000011.1_34	LWLN01000003.1_25	62.1	219	79	3	1	216	1	218	1.54e-91	264
FNFE01000011.1_34	CP099999.1_30	59.7	221	84	3	1	218	1	219	6.28e-84	244
FNFE01000011.1_34	CP019329.1_63	56.7	208	86	2	15	218	19	226	8.42e-76	224
FNFE01000011.1_34	SJER01000008.1_140	46.0	161	83	3	18	176	12	170	2.32e-42	139
FNFE01000011.1_34	JAAOHU010000009.1_58	46.5	170	86	4	18	185	11	177	8.73e-42	138
FNFE01000011.1_34	SRIF01000015.1_61	38.9	175	103	2	15	185	15	189	6.39e-31	109
FNFE01000011.1_34	JAJCVI010000007.1_26	36.8	185	110	4	14	193	9	191	9.18e-27	99.4
FNFE01000011.1_34	AOJE01000025.1_37	37.4	139	84	2	38	175	21	157	4.34e-23	88.6
FNFE01000011.1_34	Eyresouth_NODE_101_length_48437_cov_7.17035_24	31.6	158	98	2	19	167	12	168	9.71e-19	77.8
FNFE01000011.1_34	Frome_NODE_383_length_24936_cov_4.316346_16	31.6	158	98	2	19	167	12	168	9.71e-19	77.8
FNFE01000011.1_34	KX906370.1_103	29.9	147	101	1	21	167	24	168	1.10e-18	76.6
FNFE01000011.1_34	LOAJ01000002.1_48	29.3	147	102	1	21	167	28	172	1.21e-18	76.6
FNFE01000011.1_34	KX687704.1_22	29.9	147	101	1	21	167	24	168	2.98e-18	75.5
FNFE01000011.1_34	JAJCVI010000002.1_567	33.1	157	102	2	20	175	7	161	3.16e-18	75.1
FNFE01000011.1_34	AOJE01000051.1_25	29.9	147	101	1	21	167	23	167	8.02e-18	74.3
FNFE01000011.1_35	FNFE01000011.1_35	100	327	0	0	1	327	1	327	8.69e-227	615
FNFE01000011.1_35	AOLZ01000012.1_32	74.2	325	81	2	2	323	6	330	9.46e-163	453
FNFE01000011.1_35	CP019286.1_37	74.2	325	81	2	2	323	6	330	9.46e-163	453
FNFE01000011.1_35	CP019329.1_62	63.4	317	116	0	2	318	6	322	7.16e-139	392
FNFE01000011.1_35	CP099999.1_29	64.2	327	113	2	1	327	5	327	3.15e-136	385
FNFE01000011.1_35	LWLN01000003.1_26	59.8	323	130	0	2	324	7	329	1.47e-124	356
FNFE01000011.1_35	CP095494.1_49	37.6	306	184	2	2	300	6	311	2.97e-58	187
FNFE01000011.1_35	JAJCVI010000007.1_27	34.7	297	184	4	7	293	17	313	1.16e-46	157
FNFE01000011.1_36	FNFE01000011.1_36	100	453	0	0	1	453	1	453	1.41e-314	847
FNFE01000011.1_36	AOLZ01000012.1_33	70.5	448	126	3	7	453	7	449	6.20e-215	595
FNFE01000011.1_36	CP019286.1_36	70.5	448	126	3	7	453	7	449	6.20e-215	595
FNFE01000011.1_36	LWLN01000003.1_27	66.5	448	141	1	6	453	6	444	4.96e-201	560
FNFE01000011.1_36	CP099999.1_28	66.5	442	140	2	12	453	12	445	3.04e-195	545
FNFE01000011.1_36	CP019329.1_61	69.4	392	120	0	62	453	84	475	1.76e-194	544
FNFE01000011.1_36	CP119801.1_29	53.7	438	192	5	10	437	5	441	7.10e-148	425
FNFE01000011.1_36	CP095494.1_50	51.0	449	215	3	10	453	5	453	1.51e-137	399
FNFE01000011.1_36	SRIF01000015.1_59	51.8	367	176	1	60	425	64	430	1.47e-119	353
FNFE01000011.1_36	JAAOHU010000009.1_56	47.8	395	202	3	63	453	78	472	1.42e-112	335
FNFE01000011.1_36	SJER01000008.1_142	46.4	366	194	2	64	427	100	465	1.40e-103	313
FNFE01000011.1_36	JAJCVI010000007.1_28	44.7	358	196	2	66	421	79	436	2.62e-95	291
FNFE01000011.1_36	Gairdner_NODE_107_length_49922_cov_74.384603_28	38.4	359	197	9	63	416	49	388	3.60e-59	195
FNFE01000011.1_36	BBJN01000020.1_45	36.1	371	213	9	51	416	44	395	1.80e-56	188
FNFE01000011.1_36	FOXI01000018.1_40	35.4	359	208	9	63	416	62	401	2.24e-54	183
FNFE01000011.1_36	JAANTI010000009.1_15	35.4	359	208	9	63	416	62	401	2.24e-54	183
FNFE01000011.1_36	WSZK01000033.1_23	32.4	361	226	6	59	416	68	413	4.90e-51	174
FNFE01000011.1_36	CP084476.1_54	33.7	415	243	12	13	416	6	399	1.65e-49	170
FNFE01000011.1_36	CP101158.1_90	32.5	354	225	5	66	416	84	426	1.72e-49	170
FNFE01000011.1_36	NC_013748.1_27	33.8	420	221	13	14	410	6	391	2.25e-49	169
FNFE01000011.1_36	CP100004.1_17	33.0	358	220	8	63	416	57	398	4.17e-49	169
FNFE01000011.1_36	RJJW01000001.1_44	31.5	438	253	10	43	452	56	474	6.97e-48	167
FNFE01000011.1_36	AOJE01000025.1_39	34.0	377	226	9	46	416	53	412	1.59e-46	162
FNFE01000011.1_36	NC_015659.1_86	33.4	365	222	8	48	410	46	391	8.45e-43	152
FNFE01000011.1_36	JAJCVI010000002.1_569	30.6	464	279	11	6	452	2	439	3.00e-39	142
FNFE01000011.1_37	FNFE01000011.1_37	100	659	0	0	1	659	1	659	0.0	1290
FNFE01000011.1_37	CP019329.1_60	64.7	665	222	6	5	658	6	668	2.06e-297	822
FNFE01000011.1_37	AOLZ01000012.1_34	63.1	680	221	6	3	659	2	674	2.44e-292	809
FNFE01000011.1_37	CP019286.1_35	63.1	680	221	6	3	659	2	674	2.44e-292	809
FNFE01000011.1_37	LWLN01000003.1_28	56.2	706	255	7	3	658	2	703	2.51e-263	736
FNFE01000011.1_37	CP099999.1_27	55.8	654	231	11	3	649	2	604	8.20e-231	650
FNFE01000011.1_37	CP095494.1_51	41.6	711	340	14	3	647	2	703	1.23e-159	472
FNFE01000011.1_37	CP119801.1_28	39.6	651	333	9	4	646	3	601	2.04e-133	401
FNFE01000011.1_37	SRIF01000015.1_58	37.9	642	359	13	21	642	20	641	3.95e-116	358
FNFE01000011.1_37	SJER01000008.1_143	33.5	642	387	12	13	636	17	636	1.50e-91	293
FNFE01000011.1_37	JAAOHU010000009.1_55	38.3	363	221	3	275	635	181	542	1.33e-72	241
FNFE01000011.1_37	FOXI01000018.1_39	31.5	371	221	5	290	636	152	513	1.22e-40	151
FNFE01000011.1_37	JAANTI010000009.1_16	31.5	371	221	5	290	636	152	513	1.22e-40	151
FNFE01000011.1_37	RJJW01000001.1_45	26.3	640	397	18	23	628	52	650	2.62e-36	140
FNFE01000011.1_37	Gairdner_NODE_107_length_49922_cov_74.384603_29	31.1	322	209	3	323	637	246	561	7.27e-36	138
FNFE01000011.1_37	BBJN01000020.1_46	35.2	227	130	3	350	565	224	444	4.89e-30	120
FNFE01000011.1_37	WSZK01000033.1_22	31.8	292	188	6	345	630	243	529	4.93e-24	102
FNFE01000011.1_37	JAJCVI010000007.1_29	28.3	159	105	2	18	167	70	228	1.79e-10	59.3
FNFE01000011.1_38	FNFE01000011.1_38	100	81	0	0	1	81	1	81	2.88e-55	161
FNFE01000011.1_38	CP019329.1_59	65.8	76	26	0	6	81	11	86	6.47e-35	110
FNFE01000011.1_39	FNFE01000011.1_39	100	815	0	0	1	815	1	815	0.0	1606
FNFE01000011.1_39	CP099999.1_26	72.0	807	224	2	8	814	8	812	0.0	1164
FNFE01000011.1_39	JAAOHU010000009.1_54	43.9	826	425	11	7	811	8	816	9.44e-222	641
FNFE01000011.1_39	CP101158.1_93	42.9	829	429	15	11	814	13	822	7.02e-196	575
FNFE01000011.1_39	CP019329.1_57	39.2	832	439	12	11	814	19	811	2.57e-181	537
FNFE01000011.1_39	CP119801.1_26	39.3	828	447	10	10	814	12	806	2.54e-180	534
FNFE01000011.1_39	SRIF01000015.1_56	39.5	840	449	12	1	814	1	807	7.56e-180	533
FNFE01000011.1_39	LOAJ01000002.1_44	40.6	805	432	12	38	814	43	829	2.58e-179	532
FNFE01000011.1_39	Gairdner_NODE_107_length_49922_cov_74.384603_31	39.0	806	443	13	21	814	15	783	7.32e-178	527
FNFE01000011.1_39	CP095494.1_52	38.8	825	455	11	10	814	15	809	1.92e-177	527
FNFE01000011.1_39	KX906370.1_107	40.4	807	432	14	38	814	40	827	2.99e-177	527
FNFE01000011.1_39	NC_013748.1_29	40.0	783	429	10	33	811	30	775	8.53e-176	521
FNFE01000011.1_39	KX687704.1_26	39.5	800	438	12	43	814	53	834	1.11e-175	523
FNFE01000011.1_39	CP031299.1_28	40.2	784	428	13	34	811	31	779	5.97e-174	517
FNFE01000011.1_39	JDTG01000019.1_101	40.2	784	428	13	34	811	31	779	5.97e-174	517
FNFE01000011.1_39	AOIO01000049.1_112	39.1	782	441	12	34	811	31	781	1.40e-172	513
FNFE01000011.1_39	AOIP01000022.1_36	39.1	783	440	14	34	811	31	781	7.81e-172	511
FNFE01000011.1_39	NC_015659.1_84	39.8	797	429	16	26	811	23	779	3.22e-170	507
FNFE01000011.1_39	CP101161.1_3069	38.7	813	460	13	9	811	6	790	2.49e-169	505
FNFE01000011.1_39	CP100004.1_22	39.8	788	428	16	38	814	34	786	5.61e-166	496
FNFE01000011.1_39	LWLN01000003.1_29	38.0	822	457	13	9	811	31	818	2.05e-163	491
FNFE01000011.1_39	AOLZ01000012.1_35	37.7	817	462	13	11	811	29	814	2.58e-163	491
FNFE01000011.1_39	CP019286.1_34	37.7	817	462	13	11	811	29	814	2.58e-163	491
FNFE01000011.1_39	Frome_NODE_383_length_24936_cov_4.316346_20	38.5	827	449	18	10	811	26	817	1.57e-161	486
FNFE01000011.1_39	Eyresouth_NODE_101_length_48437_cov_7.17035_28	38.3	827	450	18	10	811	26	817	3.12e-161	485
FNFE01000011.1_40	FNFE01000011.1_40	100	125	0	0	1	125	1	125	1.80e-83	236
FNFE01000011.1_40	CP099999.1_25	60.5	119	47	0	1	119	1	119	1.24e-44	137
FNFE01000011.1_40	NC_013748.1_33	57.9	107	44	1	18	124	16	121	6.33e-35	113
FNFE01000011.1_40	LWLN01000003.1_39	48.4	124	59	2	1	123	1	120	1.38e-33	109
FNFE01000011.1_40	NC_015659.1_81	48.8	129	62	1	1	125	1	129	1.62e-31	104
FNFE01000011.1_40	CP084476.1_44	47.5	118	59	2	7	124	7	121	7.92e-29	97.8
FNFE01000011.1_40	AOLZ01000012.1_41	56.3	80	35	0	14	93	11	90	7.29e-26	90.1
FNFE01000011.1_40	CP019286.1_28	56.3	80	35	0	14	93	11	90	7.29e-26	90.1
FNFE01000011.1_41	FNFE01000011.1_41	100	65	0	0	1	65	1	65	6.39e-45	134
FNFE01000011.1_42	FNFE01000011.1_42	100	53	0	0	1	53	1	53	7.69e-32	100
FNFE01000011.1_43	FNFE01000011.1_43	100	35	0	0	1	35	1	35	7.10e-23	76.3
FNFE01000011.1_44	FNFE01000011.1_44	100	363	0	0	1	363	1	363	2.20e-270	728
FNFE01000011.1_44	Gairdner_NODE_107_length_49922_cov_74.384603_35	48.4	368	174	7	3	360	17	378	5.27e-106	312
FNFE01000011.1_44	SJER01000008.1_149	45.9	364	175	7	22	363	40	403	2.61e-96	288
FNFE01000011.1_44	CP119801.1_19	40.4	361	199	6	4	352	23	379	4.44e-79	243
FNFE01000011.1_44	WSZK01000033.1_9	38.6	378	203	9	1	353	32	405	2.71e-71	224
FNFE01000011.1_44	AOLZ01000012.1_46	38.6	368	206	9	2	358	20	378	5.84e-71	222
FNFE01000011.1_44	CP019286.1_23	38.6	368	206	9	2	358	20	378	5.84e-71	222
FNFE01000011.1_44	CP031299.1_40	38.3	371	215	10	2	363	20	385	3.13e-68	215
FNFE01000011.1_44	JDTG01000019.1_113	38.3	371	215	10	2	363	20	385	3.13e-68	215
FNFE01000011.1_44	JAAOHU010000009.1_51	38.4	359	208	9	4	359	18	366	1.27e-66	211
FNFE01000011.1_45	FNFE01000011.1_45	100	131	0	0	1	131	1	131	1.91e-90	254
FNFE01000011.1_46	FNFE01000011.1_46	100	162	0	0	1	162	1	162	1.24e-119	330
FNFE01000011.1_47	FNFE01000011.1_47	100	151	0	0	1	151	1	151	8.82e-92	259
FNFE01000011.1_48	FNFE01000011.1_48	100	195	0	0	1	195	1	195	4.85e-149	407
FNFE01000011.1_48	CP119801.1_18	68.9	206	51	2	1	193	1	206	5.27e-104	294
FNFE01000011.1_49	FNFE01000011.1_49	100	60	0	0	1	60	1	60	5.59e-37	113
FNFE01000011.1_49	NC_013748.1_40	67.9	53	17	0	4	56	22	74	4.55e-19	68.9
FNFE01000011.1_50	FNFE01000011.1_50	100	92	0	0	1	92	1	92	6.78e-68	194
FNFE01000011.1_50	NC_013748.1_41	56.7	90	38	1	4	92	2	91	1.11e-32	105
FNFE01000011.1_51	FNFE01000011.1_51	100	211	0	0	1	211	1	211	1.13e-155	425
FNFE01000011.1_52	FNFE01000011.1_52	100	133	0	0	1	133	1	133	5.02e-87	245
