FOXI01000018.1_24	FOXI01000018.1_24	100	128	0	0	1	128	1	128	5.53e-93	260
FOXI01000018.1_24	JAANTI010000009.1_29	100	128	0	0	1	128	1	128	5.53e-93	260
FOXI01000018.1_25	FOXI01000018.1_25	100	659	0	0	1	659	1	659	0.0	1287
FOXI01000018.1_25	JAANTI010000009.1_28	100	659	0	0	1	659	1	659	0.0	1287
FOXI01000018.1_26	FOXI01000018.1_26	100	161	0	0	1	161	1	161	3.42e-112	311
FOXI01000018.1_26	JAANTI010000009.1_27	100	161	0	0	1	161	1	161	3.42e-112	311
FOXI01000018.1_27	FOXI01000018.1_27	100	182	0	0	1	182	1	182	5.30e-133	365
FOXI01000018.1_27	JAANTI010000009.1_26	100	182	0	0	1	182	1	182	5.30e-133	365
FOXI01000018.1_28	FOXI01000018.1_28	100	99	0	0	1	99	1	99	2.67e-66	190
FOXI01000018.1_28	FOXI01000018.1_29	59.0	83	34	0	14	96	11	93	1.30e-29	97.8
FOXI01000018.1_28	JAANTI010000009.1_25	59.0	83	34	0	14	96	11	93	1.30e-29	97.8
FOXI01000018.1_29	FOXI01000018.1_29	100	96	0	0	1	96	1	96	2.31e-70	200
FOXI01000018.1_29	JAANTI010000009.1_25	100	96	0	0	1	96	1	96	2.31e-70	200
FOXI01000018.1_29	FOXI01000018.1_28	59.0	83	34	0	11	93	14	96	1.89e-31	102
FOXI01000018.1_30	FOXI01000018.1_30	100	170	0	0	1	170	1	170	1.95e-120	333
FOXI01000018.1_30	JAANTI010000009.1_24	100	170	0	0	1	170	1	170	1.95e-120	333
FOXI01000018.1_30	CP101161.1_3074	37.0	135	74	5	10	144	14	137	1.72e-17	71.2
FOXI01000018.1_31	FOXI01000018.1_31	100	181	0	0	1	181	1	181	5.08e-126	348
FOXI01000018.1_31	JAANTI010000009.1_23	100	181	0	0	1	181	1	181	5.08e-126	348
FOXI01000018.1_32	FOXI01000018.1_32	100	662	0	0	1	662	1	662	0.0	1358
FOXI01000018.1_32	JAANTI010000009.1_22	100	662	0	0	1	662	1	662	0.0	1358
FOXI01000018.1_33	FOXI01000018.1_33	100	204	0	0	1	204	1	204	4.45e-154	421
FOXI01000018.1_33	JAANTI010000009.1_21	100	196	0	0	9	204	1	196	1.47e-148	406
FOXI01000018.1_34	FOXI01000018.1_34	100	99	0	0	1	99	1	99	1.95e-68	196
FOXI01000018.1_34	JAANTI010000009.1_20	100	99	0	0	1	99	1	99	1.95e-68	196
FOXI01000018.1_34	BBJN01000020.1_55	65.4	26	9	0	1	26	10	35	3.09e-04	31.6
FOXI01000018.1_35	FOXI01000018.1_35	100	785	0	0	1	785	1	785	0.0	1558
FOXI01000018.1_35	JAANTI010000009.1_19	100	785	0	0	1	785	1	785	0.0	1558
FOXI01000018.1_35	BBJN01000020.1_48	93.3	792	46	1	1	785	1	792	0.0	1467
FOXI01000018.1_35	Gairdner_NODE_107_length_49922_cov_74.384603_31	70.6	783	229	1	1	782	1	783	0.0	1127
FOXI01000018.1_35	CP100004.1_22	45.7	792	411	9	5	784	4	788	2.15e-226	650
FOXI01000018.1_35	NC_013748.1_29	44.1	790	426	8	1	784	1	780	2.69e-205	596
FOXI01000018.1_35	CP031299.1_28	43.5	797	424	11	1	784	1	784	8.74e-202	587
FOXI01000018.1_35	JDTG01000019.1_101	43.5	797	424	11	1	784	1	784	8.74e-202	587
FOXI01000018.1_35	RJJW01000001.1_46	42.5	803	431	13	7	784	9	805	9.84e-201	585
FOXI01000018.1_35	NC_015659.1_84	42.7	787	430	8	9	784	8	784	7.02e-198	577
FOXI01000018.1_35	AOIP01000022.1_36	41.9	788	436	8	9	784	9	786	1.68e-193	566
FOXI01000018.1_35	AOIO01000049.1_112	42.0	788	435	8	9	784	9	786	2.38e-193	566
FOXI01000018.1_35	CP101158.1_93	42.5	800	409	12	27	783	32	823	1.17e-188	555
FOXI01000018.1_35	Eyre_NODE_236_length_33155_cov_19.932_26	42.4	802	431	14	7	783	26	821	6.56e-188	553
FOXI01000018.1_35	Eyresouth_NODE_101_length_48437_cov_7.17035_28	43.0	802	426	15	7	783	26	821	9.26e-188	553
FOXI01000018.1_35	Frome_NODE_383_length_24936_cov_4.316346_20	43.0	802	426	15	7	783	26	821	9.26e-188	553
FOXI01000018.1_35	CP119801.1_26	41.0	815	430	15	5	784	10	808	8.03e-186	547
FOXI01000018.1_35	JAAOHU010000009.1_54	39.9	820	450	11	3	784	7	821	2.10e-185	546
FOXI01000018.1_35	CP019329.1_57	40.6	812	436	12	5	784	16	813	2.21e-180	533
FOXI01000018.1_35	SRIF01000015.1_56	39.5	812	447	14	5	783	8	808	1.65e-179	531
FOXI01000018.1_35	WSZK01000033.1_21	39.6	798	454	11	5	783	13	801	4.73e-176	522
FOXI01000018.1_35	AOLZ01000012.1_35	39.6	803	451	11	5	783	26	818	2.40e-175	521
FOXI01000018.1_35	CP019286.1_34	39.6	803	451	11	5	783	26	818	2.40e-175	521
FOXI01000018.1_35	CP095494.1_52	39.5	810	449	12	5	784	13	811	2.60e-175	520
FOXI01000018.1_35	CP099999.1_26	40.1	813	440	12	8	783	11	813	4.59e-175	520
FOXI01000018.1_36	FOXI01000018.1_36	100	154	0	0	1	154	1	154	2.55e-115	318
FOXI01000018.1_37	FOXI01000018.1_37	100	244	0	0	1	244	1	244	4.92e-180	489
FOXI01000018.1_37	JAANTI010000009.1_18	100	244	0	0	1	244	1	244	4.92e-180	489
FOXI01000018.1_38	FOXI01000018.1_38	100	219	0	0	1	219	1	219	1.47e-155	426
FOXI01000018.1_38	JAANTI010000009.1_17	100	192	0	0	28	219	2	193	6.58e-137	377
FOXI01000018.1_39	FOXI01000018.1_39	100	529	0	0	1	529	1	529	0.0	1037
FOXI01000018.1_39	JAANTI010000009.1_16	100	529	0	0	1	529	1	529	0.0	1037
FOXI01000018.1_39	BBJN01000020.1_46	90.6	459	42	1	1	459	1	458	4.50e-294	805
FOXI01000018.1_39	Gairdner_NODE_107_length_49922_cov_74.384603_29	60.8	515	193	5	2	515	56	562	4.57e-217	608
FOXI01000018.1_39	CP100004.1_19	45.0	473	242	4	46	515	37	494	1.88e-126	375
FOXI01000018.1_39	WSZK01000033.1_22	43.1	452	241	6	59	505	87	527	1.28e-103	318
FOXI01000018.1_39	NC_015659.1_85	35.8	477	293	8	46	513	59	531	1.70e-83	265
FOXI01000018.1_39	AOIP01000022.1_35	35.9	479	292	7	46	513	58	532	4.33e-81	259
FOXI01000018.1_39	AOIO01000049.1_111	35.5	488	299	7	46	519	58	543	6.47e-80	256
FOXI01000018.1_39	NC_013748.1_28	32.4	482	297	6	46	513	83	549	2.44e-74	241
FOXI01000018.1_39	CP084476.1_53	32.4	478	308	6	46	513	58	530	5.37e-69	227
FOXI01000018.1_39	CP031299.1_27	33.6	473	289	8	46	502	131	594	5.08e-67	223
FOXI01000018.1_39	JDTG01000019.1_100	33.6	473	289	8	46	502	131	594	5.08e-67	223
FOXI01000018.1_39	KX906370.1_106	32.2	466	281	7	50	505	117	557	2.10e-63	213
FOXI01000018.1_39	AOJE01000051.1_21	30.5	491	306	7	25	505	24	489	2.77e-61	205
FOXI01000018.1_39	LOAJ01000002.1_45	32.4	463	284	8	50	505	205	645	2.67e-60	206
FOXI01000018.1_39	CP101161.1_3068	39.8	289	166	5	221	504	286	571	2.22e-48	172
FOXI01000018.1_39	JAJCVI010000002.1_570	37.8	288	172	5	221	505	301	584	2.61e-48	172
FOXI01000018.1_39	AOLZ01000012.1_34	33.4	389	221	8	145	513	280	650	4.33e-43	158
FOXI01000018.1_39	CP019286.1_35	33.4	389	221	8	145	513	280	650	4.33e-43	158
FOXI01000018.1_39	RJJW01000001.1_45	34.3	268	159	6	227	487	376	633	2.50e-42	156
FOXI01000018.1_39	FNFE01000011.1_37	32.1	380	219	7	157	513	273	636	5.30e-41	152
FOXI01000018.1_39	CP019329.1_60	32.5	302	185	3	221	513	355	646	4.24e-36	138
FOXI01000018.1_39	QKNW01000002.1_21	29.2	284	174	9	220	490	369	638	1.51e-23	100
FOXI01000018.1_39	Eyre_NODE_236_length_33155_cov_19.932_27	28.7	317	179	12	222	508	315	614	1.76e-21	93.6
FOXI01000018.1_40	FOXI01000018.1_40	100	425	0	0	1	425	1	425	1.97e-277	751
FOXI01000018.1_40	JAANTI010000009.1_15	100	425	0	0	1	425	1	425	1.97e-277	751
FOXI01000018.1_40	BBJN01000020.1_45	97.0	365	11	0	61	425	55	419	2.13e-252	687
FOXI01000018.1_40	Gairdner_NODE_107_length_49922_cov_74.384603_28	75.1	366	91	0	60	425	47	412	3.98e-197	547
FOXI01000018.1_40	CP100004.1_17	53.3	409	184	2	1	407	1	404	3.43e-138	398
FOXI01000018.1_40	CP084476.1_54	47.8	356	184	1	59	414	59	412	5.31e-103	308
FOXI01000018.1_40	AOIO01000049.1_110	48.1	362	185	2	62	423	54	412	6.06e-103	308
FOXI01000018.1_40	AOIP01000022.1_34	47.8	362	186	2	62	423	54	412	1.71e-102	306
FOXI01000018.1_40	NC_013748.1_27	46.8	359	188	2	62	419	60	416	1.47e-99	299
FOXI01000018.1_40	NC_015659.1_86	46.3	361	191	2	60	419	58	416	5.85e-99	298
FOXI01000018.1_40	WSZK01000033.1_23	48.2	353	179	3	59	408	69	420	5.83e-96	291
FOXI01000018.1_40	CP031299.1_26	45.4	359	193	2	62	419	55	411	8.95e-94	284
FOXI01000018.1_40	JDTG01000019.1_99	45.4	359	193	2	62	419	55	411	8.95e-94	284
FOXI01000018.1_40	CP101158.1_90	39.4	355	203	5	62	407	81	432	1.69e-73	233
FOXI01000018.1_40	CP101161.1_3067	38.0	337	207	2	72	407	3	338	2.10e-70	222
FOXI01000018.1_40	LWLN01000003.1_27	38.9	360	200	7	59	401	51	407	4.46e-67	216
FOXI01000018.1_40	JAJCVI010000002.1_569	36.4	376	230	4	58	425	67	441	5.81e-67	216
FOXI01000018.1_40	CP099999.1_28	38.7	367	205	8	59	408	53	416	3.75e-65	211
FOXI01000018.1_40	AOJE01000025.1_39	37.0	346	213	4	62	403	70	414	2.28e-63	206
FOXI01000018.1_40	AOLZ01000012.1_33	37.2	358	203	8	62	401	59	412	2.86e-60	198
FOXI01000018.1_40	CP019286.1_36	37.2	358	203	8	62	401	59	412	2.86e-60	198
FOXI01000018.1_40	CP119801.1_29	34.6	364	219	7	62	408	66	427	1.16e-56	189
FOXI01000018.1_40	JAAOHU010000009.1_56	34.2	363	221	5	60	405	76	437	2.92e-56	188
FOXI01000018.1_40	RJJW01000001.1_44	33.7	406	225	7	62	425	73	476	6.20e-56	187
FOXI01000018.1_40	FNFE01000011.1_36	35.4	362	210	9	59	401	60	416	7.42e-56	187
FOXI01000018.1_41	FOXI01000018.1_41	100	83	0	0	1	83	1	83	3.88e-54	158
FOXI01000018.1_41	JAANTI010000009.1_14	100	83	0	0	1	83	1	83	3.88e-54	158
FOXI01000018.1_42	FOXI01000018.1_42	100	339	0	0	1	339	1	339	1.76e-232	630
FOXI01000018.1_42	JAANTI010000009.1_13	100	339	0	0	1	339	1	339	1.76e-232	630
FOXI01000018.1_42	BBJN01000020.1_44	98.5	339	5	0	1	339	1	339	9.77e-230	623
FOXI01000018.1_42	Gairdner_NODE_107_length_49922_cov_74.384603_27	62.6	337	124	1	1	337	1	335	2.19e-144	407
FOXI01000018.1_42	CP100004.1_16	46.5	327	171	3	5	329	6	330	3.69e-94	280
FOXI01000018.1_43	FOXI01000018.1_43	100	198	0	0	1	198	1	198	1.38e-145	399
FOXI01000018.1_43	JAANTI010000009.1_12	100	198	0	0	1	198	1	198	1.38e-145	399
FOXI01000018.1_43	BBJN01000020.1_43	95.5	199	8	1	1	198	1	199	1.00e-136	376
FOXI01000018.1_43	Gairdner_NODE_107_length_49922_cov_74.384603_25	60.3	199	78	1	1	198	1	199	2.85e-83	241
FOXI01000018.1_43	CP100004.1_15	36.1	191	121	1	5	195	8	197	1.41e-38	127
FOXI01000018.1_43	WSZK01000033.1_25	38.1	189	105	6	11	191	14	198	1.78e-31	110
FOXI01000018.1_43	LOAJ01000002.1_48	30.6	186	110	5	14	195	27	197	5.94e-23	87.4
FOXI01000018.1_43	AOIR01000042.1_53	29.5	173	110	5	14	184	26	188	3.24e-15	66.6
FOXI01000018.1_43	QKNW01000002.1_24	34.3	166	89	8	13	169	14	168	1.65e-14	65.5
FOXI01000018.1_44	FOXI01000018.1_44	100	67	0	0	1	67	1	67	3.77e-47	139
FOXI01000018.1_44	JAANTI010000009.1_11	100	67	0	0	1	67	1	67	3.77e-47	139
FOXI01000018.1_44	BBJN01000020.1_42	92.5	67	5	0	1	67	1	67	7.09e-43	129
FOXI01000018.1_44	Gairdner_NODE_107_length_49922_cov_74.384603_24	55.6	63	26	1	5	65	5	67	9.04e-18	66.2
FOXI01000018.1_45	FOXI01000018.1_45	100	94	0	0	1	94	1	94	1.59e-58	170
FOXI01000018.1_45	JAANTI010000009.1_10	100	94	0	0	1	94	1	94	1.59e-58	170
FOXI01000018.1_45	BBJN01000020.1_41	92.6	94	7	0	1	94	1	94	3.62e-55	162
FOXI01000018.1_45	Gairdner_NODE_107_length_49922_cov_74.384603_23	58.5	94	39	0	1	94	1	94	4.11e-36	114
FOXI01000018.1_46	FOXI01000018.1_46	100	82	0	0	1	82	1	82	8.87e-55	160
FOXI01000018.1_46	JAANTI010000009.1_9	100	82	0	0	1	82	1	82	8.87e-55	160
FOXI01000018.1_46	BBJN01000020.1_40	96.3	82	3	0	1	82	1	82	7.04e-52	152
FOXI01000018.1_46	Gairdner_NODE_107_length_49922_cov_74.384603_22	73.8	80	21	0	1	80	1	80	2.74e-38	118
FOXI01000018.1_46	CP100004.1_11	39.3	84	49	1	1	82	1	84	4.06e-17	65.1
FOXI01000018.1_47	FOXI01000018.1_47	100	297	0	0	1	297	1	297	2.57e-213	578
FOXI01000018.1_47	JAANTI010000009.1_8	100	297	0	0	1	297	1	297	2.57e-213	578
FOXI01000018.1_47	BBJN01000020.1_39	95.3	297	13	1	1	297	1	296	1.16e-202	551
FOXI01000018.1_47	Gairdner_NODE_107_length_49922_cov_74.384603_21	58.8	294	119	2	3	295	4	296	3.03e-117	335
FOXI01000018.1_47	CP100004.1_10	53.2	280	123	4	13	287	2	278	4.72e-94	276
FOXI01000018.1_47	AOIO01000049.1_99	50.4	284	127	5	20	294	14	292	2.97e-83	249
FOXI01000018.1_47	AOIP01000022.1_28	48.3	294	139	5	9	294	3	291	1.31e-81	245
FOXI01000018.1_47	NC_015659.1_92	48.0	296	141	6	9	294	4	296	7.46e-81	243
FOXI01000018.1_47	NC_013748.1_21	47.2	301	144	7	4	294	7	302	6.72e-79	238
FOXI01000018.1_47	WSZK01000033.1_29	45.7	291	153	4	9	296	9	297	6.80e-79	238
FOXI01000018.1_47	CP031299.1_20	46.1	297	145	7	5	293	3	292	3.28e-77	234
FOXI01000018.1_47	JDTG01000019.1_93	46.1	297	145	7	5	293	3	292	3.28e-77	234
FOXI01000018.1_47	CP084476.1_60	43.4	295	156	7	5	294	2	290	3.53e-70	216
FOXI01000018.1_47	JAJCVI010000002.1_563	40.7	290	160	6	6	291	8	289	5.63e-63	197
FOXI01000018.1_47	RJJW01000001.1_38	39.9	296	164	6	6	293	10	299	3.71e-61	192
FOXI01000018.1_47	JAAOHU010000009.1_62	44.8	250	132	5	33	279	150	396	4.27e-59	191
FOXI01000018.1_47	SJER01000008.1_136	44.4	259	134	7	28	282	149	401	4.83e-58	188
FOXI01000018.1_47	SRIF01000015.1_66	41.6	291	160	7	8	291	8	295	1.24e-56	181
FOXI01000018.1_47	AOIR01000042.1_49	39.2	296	166	8	3	294	3	288	5.29e-55	176
FOXI01000018.1_47	CP101161.1_3061	40.7	258	141	5	30	283	22	271	5.29e-52	168
FOXI01000018.1_47	CP095494.1_44	37.0	281	170	6	13	290	13	289	9.99e-52	168
FOXI01000018.1_47	Eyresouth_NODE_101_length_48437_cov_7.17035_20	34.4	256	163	4	35	287	52	305	1.73e-51	167
FOXI01000018.1_47	Frome_NODE_383_length_24936_cov_4.316346_12	34.4	256	163	4	35	287	52	305	3.44e-51	167
FOXI01000018.1_47	LWLN01000003.1_21	37.9	272	155	9	30	294	42	306	4.33e-51	167
FOXI01000018.1_47	CP019286.1_42	38.2	293	167	7	10	295	128	413	1.63e-50	168
FOXI01000018.1_48	FOXI01000018.1_48	100	84	0	0	1	84	1	84	1.11e-49	147
FOXI01000018.1_48	JAANTI010000009.1_7	100	84	0	0	1	84	1	84	1.11e-49	147
FOXI01000018.1_48	BBJN01000020.1_38	97.5	40	1	0	45	84	1	40	2.07e-22	77.4
FOXI01000018.1_48	Gairdner_NODE_107_length_49922_cov_74.384603_20	56.3	80	35	0	1	80	19	98	3.93e-21	75.9
FOXI01000018.1_48	CP100004.1_9	45.6	68	37	0	14	81	32	99	3.54e-12	53.1
FOXI01000018.1_48	WSZK01000033.1_30	58.5	41	17	0	34	74	17	57	2.19e-07	40.0
FOXI01000018.1_49	FOXI01000018.1_49	100	182	0	0	1	182	1	182	1.09e-116	324
FOXI01000018.1_49	JAANTI010000009.1_6	100	182	0	0	1	182	1	182	1.09e-116	324
FOXI01000018.1_49	BBJN01000020.1_37	95.6	182	8	0	1	182	1	182	1.94e-110	308
FOXI01000018.1_49	Gairdner_NODE_107_length_49922_cov_74.384603_19	56.1	180	72	1	3	182	5	177	5.26e-65	193
FOXI01000018.1_49	CP084476.1_61	34.2	149	93	2	32	180	6	149	1.73e-17	71.2
FOXI01000018.1_49	RJJW01000001.1_36	33.3	123	81	1	61	182	84	206	1.42e-15	67.4
FOXI01000018.1_49	Eyre_NODE_236_length_33155_cov_19.932_36	72.7	33	9	0	3	35	4	36	8.85e-11	50.8
FOXI01000018.1_49	Eyresouth_NODE_101_length_48437_cov_7.17035_18	72.7	33	9	0	3	35	4	36	8.85e-11	50.8
FOXI01000018.1_49	Frome_NODE_383_length_24936_cov_4.316346_10	72.7	33	9	0	3	35	4	36	8.85e-11	50.8
FOXI01000018.1_50	FOXI01000018.1_50	100	211	0	0	1	211	1	211	4.06e-149	409
FOXI01000018.1_50	JAANTI010000009.1_5	100	211	0	0	1	211	1	211	4.06e-149	409
FOXI01000018.1_50	BBJN01000020.1_36	91.5	211	18	0	1	211	1	211	1.29e-136	377
FOXI01000018.1_50	CP100004.1_6	47.0	200	95	6	8	204	14	205	2.15e-52	164
FOXI01000018.1_50	Eyre_NODE_236_length_33155_cov_19.932_37	30.0	220	129	6	2	208	12	219	5.13e-19	77.8
FOXI01000018.1_50	CP101161.1_3059	29.7	212	123	6	4	197	7	210	1.06e-15	68.9
FOXI01000018.1_50	Gairdner_NODE_107_length_49922_cov_74.384603_18	29.4	143	87	5	59	196	58	191	1.75e-05	39.7
FOXI01000018.1_51	FOXI01000018.1_51	100	176	0	0	1	176	1	176	2.55e-128	353
FOXI01000018.1_51	JAANTI010000009.1_4	100	163	0	0	14	176	1	163	9.29e-119	328
FOXI01000018.1_52	FOXI01000018.1_52	100	341	0	0	1	341	1	341	3.11e-211	577
FOXI01000018.1_52	JAANTI010000009.1_3	100	341	0	0	1	341	1	341	3.11e-211	577
FOXI01000018.1_52	BBJN01000020.1_35	44.9	303	142	12	43	325	42	339	6.70e-60	192
FOXI01000018.1_53	FOXI01000018.1_53	100	235	0	0	1	235	1	235	4.76e-178	484
FOXI01000018.1_53	JAANTI010000009.1_2	100	235	0	0	1	235	1	235	4.76e-178	484
FOXI01000018.1_53	CP100004.1_2	43.3	233	117	7	3	223	6	235	1.93e-58	181
FOXI01000018.1_53	QKNW01000002.1_39	41.9	229	123	6	3	225	4	228	4.04e-55	173
FOXI01000018.1_53	BBJN01000020.1_34	43.6	236	117	7	3	224	5	238	7.52e-52	164
FOXI01000018.1_53	JAJCVI010000007.1_15	41.0	227	104	8	16	220	26	244	8.45e-50	160
FOXI01000018.1_53	AOJE01000025.1_29	40.0	215	115	6	3	207	25	235	7.61e-40	134
FOXI01000018.1_53	Gairdner_NODE_107_length_49922_cov_74.384603_14	34.3	251	137	10	1	225	1	249	1.38e-29	107
FOXI01000018.1_54	FOXI01000018.1_54	100	533	0	0	1	533	1	533	0.0	977
FOXI01000018.1_54	JAANTI010000009.1_1	100	463	0	0	71	533	1	463	5.99e-314	850
FOXI01000018.1_54	SJER01000008.1_128	37.9	556	297	15	2	528	1	537	5.38e-89	280
FOXI01000018.1_54	JAJCVI010000007.1_14	38.1	527	282	15	16	523	36	537	2.16e-75	244
FOXI01000018.1_54	SRIF01000015.1_78	36.6	514	269	13	43	531	54	535	2.41e-62	209
FOXI01000018.1_54	QKNW01000002.1_40	35.4	520	296	12	27	531	44	538	7.37e-62	208
FOXI01000018.1_54	BBJN01000020.1_33	35.6	506	271	16	47	533	66	535	3.33e-59	201
FOXI01000018.1_54	CP100004.1_1	46.9	273	128	4	247	514	1	261	8.97e-56	184
FOXI01000018.1_54	JAAOHU010000009.1_3	34.1	502	268	16	47	525	51	512	3.13e-54	187
FOXI01000018.1_54	Gairdner_NODE_167_length_41210_cov_9.888325_31	34.4	500	275	13	47	524	74	542	3.45e-54	187
FOXI01000018.1_54	CP084476.1_75	35.5	490	259	14	46	513	47	501	8.22e-53	183
FOXI01000018.1_54	CP099999.1_40	34.1	505	271	15	44	530	41	501	6.34e-50	175
FOXI01000018.1_54	JAJCVI010000002.1_558	33.3	544	286	20	3	508	6	510	8.94e-49	172
FOXI01000018.1_54	LWLN01000003.1_14	32.4	472	284	15	32	490	58	507	9.57e-48	170
FOXI01000018.1_54	Eyresouth_NODE_101_length_48437_cov_7.17035_10	34.7	524	288	20	17	525	50	534	1.38e-47	169
FOXI01000018.1_54	CP101161.1_3056	32.4	485	256	18	36	497	55	490	2.50e-47	168
FOXI01000018.1_54	AOIR01000042.1_44	33.6	476	263	13	49	508	105	543	5.09e-47	168
FOXI01000018.1_54	JDTG01000019.1_82	33.4	491	270	17	46	512	49	506	2.27e-43	157
FOXI01000018.1_54	Frome_NODE_383_length_24936_cov_4.316346_2	35.5	428	234	18	17	429	50	450	2.74e-40	149
FOXI01000018.1_54	KX687704.1_8	32.6	516	288	21	36	524	66	548	8.28e-40	147
FOXI01000018.1_54	KX906370.1_89	32.6	516	288	21	36	524	66	548	8.28e-40	147
FOXI01000018.1_54	WSZK01000033.1_35	34.9	416	203	18	47	428	62	443	3.34e-39	145
FOXI01000018.1_54	FNFE01000011.1_20	32.3	501	270	22	33	513	43	494	7.27e-39	144
FOXI01000018.1_54	NC_013748.1_10	32.4	515	255	17	41	513	48	511	1.50e-37	140
FOXI01000018.1_54	LOAJ01000002.1_60	31.6	519	294	19	36	526	72	557	2.75e-36	137
FOXI01000018.1_55	FOXI01000018.1_55	100	179	0	0	1	179	1	179	3.07e-126	348
FOXI01000018.1_55	LWLN01000003.1_13	32.9	173	95	9	6	168	984	1145	9.24e-11	55.5
FOXI01000018.1_55	AOLZ01000012.1_19	26.5	181	117	6	6	175	1051	1226	1.95e-06	42.7
FOXI01000018.1_55	CP019286.1_50	26.5	181	117	6	6	175	1051	1226	1.95e-06	42.7
