Frome_NODE_383_length_24936_cov_4.316346_1	Frome_NODE_383_length_24936_cov_4.316346_1	100	559	0	0	1	559	1	559	0.0	1054
Frome_NODE_383_length_24936_cov_4.316346_1	Eyresouth_NODE_101_length_48437_cov_7.17035_9	93.2	560	36	2	1	559	619	1177	0.0	984
Frome_NODE_383_length_24936_cov_4.316346_1	Gairdner_NODE_107_length_49922_cov_74.384603_12	32.6	546	337	15	1	540	891	1411	2.49e-61	215
Frome_NODE_383_length_24936_cov_4.316346_1	WSZK01000033.1_36	30.6	376	241	9	179	541	667	1035	1.59e-43	162
Frome_NODE_383_length_24936_cov_4.316346_1	SRIF01000015.1_79	30.7	388	246	11	162	533	834	1214	5.43e-38	145
Frome_NODE_383_length_24936_cov_4.316346_1	JDTG01000019.1_67	27.0	389	254	11	176	541	917	1298	2.21e-23	100
Frome_NODE_383_length_24936_cov_4.316346_2	Frome_NODE_383_length_24936_cov_4.316346_2	100	538	0	0	1	538	1	538	0.0	934
Frome_NODE_383_length_24936_cov_4.316346_2	Eyresouth_NODE_101_length_48437_cov_7.17035_10	90.0	538	54	0	1	538	1	538	0.0	911
Frome_NODE_383_length_24936_cov_4.316346_2	CP084476.1_75	38.4	440	257	7	61	490	34	469	4.86e-71	232
Frome_NODE_383_length_24936_cov_4.316346_2	CP101158.1_75	36.5	513	263	18	11	490	2	484	4.62e-66	219
Frome_NODE_383_length_24936_cov_4.316346_2	JDTG01000019.1_82	36.5	449	257	11	61	490	36	475	2.15e-62	209
Frome_NODE_383_length_24936_cov_4.316346_2	AOLZ01000012.1_20	36.4	439	246	11	75	490	50	478	4.29e-56	192
Frome_NODE_383_length_24936_cov_4.316346_2	CP019286.1_49	36.4	439	246	11	75	490	50	478	4.29e-56	192
Frome_NODE_383_length_24936_cov_4.316346_2	Gairdner_NODE_107_length_49922_cov_74.384603_13	35.5	501	272	16	16	490	1	476	5.48e-54	186
Frome_NODE_383_length_24936_cov_4.316346_2	CP099999.1_40	35.7	443	255	13	61	490	30	455	7.62e-54	186
Frome_NODE_383_length_24936_cov_4.316346_2	CP031299.1_9	42.1	259	148	2	233	489	1	259	1.24e-49	169
Frome_NODE_383_length_24936_cov_4.316346_2	CP095494.1_35	33.8	455	258	12	65	490	41	481	2.69e-49	174
Frome_NODE_383_length_24936_cov_4.316346_2	SRIF01000015.1_78	36.8	462	237	22	63	490	47	487	1.13e-48	172
Frome_NODE_383_length_24936_cov_4.316346_2	NC_013748.1_10	36.2	456	243	17	65	490	42	479	2.86e-47	168
Frome_NODE_383_length_24936_cov_4.316346_2	Gairdner_NODE_167_length_41210_cov_9.888325_31	37.1	399	215	9	117	489	110	498	1.88e-46	166
Frome_NODE_383_length_24936_cov_4.316346_2	CP019329.1_79	37.1	448	220	20	72	490	50	464	2.96e-46	165
Frome_NODE_383_length_24936_cov_4.316346_2	NC_015659.1_101	39.2	311	170	6	190	490	174	475	3.77e-45	162
Frome_NODE_383_length_24936_cov_4.316346_2	FNFE01000011.1_20	33.7	484	266	18	30	490	11	462	9.56e-45	160
Frome_NODE_383_length_24936_cov_4.316346_2	BBJN01000020.1_33	35.3	436	236	16	78	490	66	478	1.86e-42	155
Frome_NODE_383_length_24936_cov_4.316346_2	FOXI01000018.1_54	34.0	483	259	20	50	490	17	481	2.02e-40	149
Frome_NODE_383_length_24936_cov_4.316346_2	JAANTI010000009.1_1	38.8	330	163	13	191	490	91	411	1.43e-37	140
Frome_NODE_383_length_24936_cov_4.316346_2	AOJE01000025.1_28	33.7	442	241	16	72	490	38	450	7.38e-36	135
Frome_NODE_383_length_24936_cov_4.316346_2	KX687704.1_8	32.5	418	238	16	68	452	65	471	1.26e-35	135
Frome_NODE_383_length_24936_cov_4.316346_2	KX906370.1_89	32.5	418	238	16	68	452	65	471	1.26e-35	135
Frome_NODE_383_length_24936_cov_4.316346_2	Eyre_NODE_236_length_33155_cov_19.932_44	43.2	206	109	4	292	489	3	208	1.77e-35	129
Frome_NODE_383_length_24936_cov_4.316346_2	LOAJ01000002.1_60	32.8	421	234	17	68	452	71	478	4.55e-35	134
Frome_NODE_383_length_24936_cov_4.316346_3	Frome_NODE_383_length_24936_cov_4.316346_3	100	271	0	0	1	271	1	271	9.35e-212	572
Frome_NODE_383_length_24936_cov_4.316346_3	Eyresouth_NODE_101_length_48437_cov_7.17035_11	88.9	271	29	1	1	271	1	270	2.33e-189	515
Frome_NODE_383_length_24936_cov_4.316346_3	CP100004.1_2	37.5	272	133	9	9	267	4	251	3.70e-44	146
Frome_NODE_383_length_24936_cov_4.316346_3	AOIR01000042.1_45	34.1	252	142	6	8	250	19	255	2.09e-29	108
Frome_NODE_383_length_24936_cov_4.316346_4	Frome_NODE_383_length_24936_cov_4.316346_4	100	320	0	0	1	320	1	320	1.22e-218	593
Frome_NODE_383_length_24936_cov_4.316346_4	Eyresouth_NODE_101_length_48437_cov_7.17035_12	91.9	320	26	0	1	320	1	320	2.62e-197	540
Frome_NODE_383_length_24936_cov_4.316346_4	AOJE01000051.1_44	26.8	213	139	7	117	319	119	324	2.47e-09	53.1
Frome_NODE_383_length_24936_cov_4.316346_5	Frome_NODE_383_length_24936_cov_4.316346_5	100	404	0	0	1	404	1	404	1.13e-286	773
Frome_NODE_383_length_24936_cov_4.316346_5	Eyresouth_NODE_101_length_48437_cov_7.17035_13	98.8	404	5	0	1	404	1	404	6.25e-284	766
Frome_NODE_383_length_24936_cov_4.316346_5	BBJN01000020.1_32	30.6	108	70	3	121	227	485	588	1.68e-04	39.3
Frome_NODE_383_length_24936_cov_4.316346_6	Frome_NODE_383_length_24936_cov_4.316346_6	100	366	0	0	1	366	1	366	3.07e-242	657
Frome_NODE_383_length_24936_cov_4.316346_6	Eyresouth_NODE_101_length_48437_cov_7.17035_14	98.1	366	7	0	1	366	1	366	1.39e-238	648
Frome_NODE_383_length_24936_cov_4.316346_6	NC_015659.1_97	35.8	296	178	4	25	312	5	296	2.35e-48	162
Frome_NODE_383_length_24936_cov_4.316346_7	Frome_NODE_383_length_24936_cov_4.316346_7	100	345	0	0	1	345	1	345	1.85e-237	643
Frome_NODE_383_length_24936_cov_4.316346_7	Eyresouth_NODE_101_length_48437_cov_7.17035_15	95.1	345	17	0	1	345	1	345	5.19e-228	619
Frome_NODE_383_length_24936_cov_4.316346_7	QKNW01000002.1_35	31.6	345	206	12	14	340	4	336	7.67e-31	115
Frome_NODE_383_length_24936_cov_4.316346_7	CP100004.1_4	28.6	311	196	12	13	311	12	308	1.04e-13	66.6
Frome_NODE_383_length_24936_cov_4.316346_7	JAJCVI010000007.1_16	26.5	298	199	8	16	300	13	303	5.65e-13	64.7
Frome_NODE_383_length_24936_cov_4.316346_7	CP101161.1_3058	28.1	335	197	15	7	316	9	324	2.22e-09	53.5
Frome_NODE_383_length_24936_cov_4.316346_7	SRIF01000015.1_74	34.0	150	79	8	16	152	6	148	1.28e-06	45.1
Frome_NODE_383_length_24936_cov_4.316346_7	BBJN01000020.1_35	24.8	161	109	3	59	207	53	213	5.00e-04	37.0
Frome_NODE_383_length_24936_cov_4.316346_8	Eyresouth_NODE_101_length_48437_cov_7.17035_16	100	88	0	0	1	88	1	88	3.74e-61	176
Frome_NODE_383_length_24936_cov_4.316346_8	Frome_NODE_383_length_24936_cov_4.316346_8	100	88	0	0	1	88	1	88	3.74e-61	176
Frome_NODE_383_length_24936_cov_4.316346_8	Eyre_NODE_236_length_33155_cov_19.932_38	85.2	88	13	0	1	88	1	88	3.62e-50	149
Frome_NODE_383_length_24936_cov_4.316346_8	QKNW01000002.1_34	37.2	78	48	1	6	82	9	86	6.78e-15	60.1
Frome_NODE_383_length_24936_cov_4.316346_8	CP100004.1_5	42.4	59	32	2	1	58	1	58	8.40e-04	31.2
Frome_NODE_383_length_24936_cov_4.316346_9	Frome_NODE_383_length_24936_cov_4.316346_9	100	225	0	0	1	225	1	225	6.73e-164	447
Frome_NODE_383_length_24936_cov_4.316346_9	Eyresouth_NODE_101_length_48437_cov_7.17035_17	98.2	225	4	0	1	225	1	225	3.07e-160	438
Frome_NODE_383_length_24936_cov_4.316346_9	Eyre_NODE_236_length_33155_cov_19.932_37	92.9	225	16	0	1	225	1	225	4.50e-153	420
Frome_NODE_383_length_24936_cov_4.316346_10	Eyresouth_NODE_101_length_48437_cov_7.17035_18	100	47	0	0	1	47	1	47	5.33e-34	105
Frome_NODE_383_length_24936_cov_4.316346_10	Frome_NODE_383_length_24936_cov_4.316346_10	100	47	0	0	1	47	1	47	5.33e-34	105
Frome_NODE_383_length_24936_cov_4.316346_10	Eyre_NODE_236_length_33155_cov_19.932_36	97.9	47	1	0	1	47	1	47	4.40e-33	102
Frome_NODE_383_length_24936_cov_4.316346_10	BBJN01000020.1_37	63.4	41	14	1	4	44	3	42	8.37e-12	52.0
Frome_NODE_383_length_24936_cov_4.316346_10	FOXI01000018.1_49	72.7	33	9	0	4	36	3	35	1.63e-11	51.2
Frome_NODE_383_length_24936_cov_4.316346_10	JAANTI010000009.1_6	72.7	33	9	0	4	36	3	35	1.63e-11	51.2
Frome_NODE_383_length_24936_cov_4.316346_10	Gairdner_NODE_107_length_49922_cov_74.384603_19	53.6	28	13	0	3	30	4	31	6.03e-06	36.2
Frome_NODE_383_length_24936_cov_4.316346_11	Frome_NODE_383_length_24936_cov_4.316346_11	100	121	0	0	1	121	1	121	2.06e-87	245
Frome_NODE_383_length_24936_cov_4.316346_11	Eyresouth_NODE_101_length_48437_cov_7.17035_19	97.5	121	3	0	1	121	1	121	5.68e-85	239
Frome_NODE_383_length_24936_cov_4.316346_11	Eyre_NODE_236_length_33155_cov_19.932_35	86.8	121	16	0	1	121	1	121	1.14e-75	216
Frome_NODE_383_length_24936_cov_4.316346_12	Frome_NODE_383_length_24936_cov_4.316346_12	100	313	0	0	1	313	1	313	9.40e-224	606
Frome_NODE_383_length_24936_cov_4.316346_12	Eyresouth_NODE_101_length_48437_cov_7.17035_20	97.1	313	9	0	1	313	1	313	6.80e-217	588
Frome_NODE_383_length_24936_cov_4.316346_12	Eyre_NODE_236_length_33155_cov_19.932_34	92.3	313	20	1	1	313	1	309	3.47e-209	569
Frome_NODE_383_length_24936_cov_4.316346_12	RJJW01000001.1_38	39.3	298	175	5	10	307	6	297	5.65e-71	218
Frome_NODE_383_length_24936_cov_4.316346_12	QKNW01000002.1_28	42.5	261	142	5	52	306	32	290	2.53e-68	211
Frome_NODE_383_length_24936_cov_4.316346_12	FOXI01000018.1_47	34.4	256	163	4	52	305	35	287	2.72e-54	175
Frome_NODE_383_length_24936_cov_4.316346_12	JAANTI010000009.1_8	34.4	256	163	4	52	305	35	287	2.72e-54	175
Frome_NODE_383_length_24936_cov_4.316346_12	NC_013748.1_21	35.4	263	163	5	52	310	41	300	4.47e-53	172
Frome_NODE_383_length_24936_cov_4.316346_12	NC_015659.1_92	34.7	259	164	5	54	310	39	294	4.02e-51	167
Frome_NODE_383_length_24936_cov_4.316346_12	CP084476.1_60	34.0	265	166	6	50	310	29	288	5.51e-51	167
Frome_NODE_383_length_24936_cov_4.316346_12	AOIO01000049.1_99	34.9	261	164	5	52	310	34	290	5.80e-51	167
Frome_NODE_383_length_24936_cov_4.316346_12	AOIP01000022.1_28	34.9	261	164	5	52	310	33	289	1.12e-50	166
Frome_NODE_383_length_24936_cov_4.316346_12	AOJE01000051.1_29	32.6	285	166	10	29	302	19	288	1.77e-41	142
Frome_NODE_383_length_24936_cov_4.316346_12	LOAJ01000002.1_52	32.4	256	164	5	53	302	36	288	6.67e-41	140
Frome_NODE_383_length_24936_cov_4.316346_12	KX687704.1_18	32.4	259	160	7	53	302	36	288	5.28e-40	138
Frome_NODE_383_length_24936_cov_4.316346_12	KX906370.1_99	32.4	259	160	7	53	302	36	288	7.40e-40	137
Frome_NODE_383_length_24936_cov_4.316346_12	CP019329.1_67	28.7	293	198	5	18	305	125	411	3.44e-39	139
Frome_NODE_383_length_24936_cov_4.316346_12	Gairdner_NODE_167_length_41210_cov_9.888325_26	30.7	257	167	7	58	309	43	293	8.55e-39	135
Frome_NODE_383_length_24936_cov_4.316346_12	JAJCVI010000007.1_22	30.8	263	172	5	51	305	157	417	8.63e-38	135
Frome_NODE_383_length_24936_cov_4.316346_13	Eyresouth_NODE_101_length_48437_cov_7.17035_21	100	91	0	0	1	91	1	91	9.03e-59	171
Frome_NODE_383_length_24936_cov_4.316346_13	Frome_NODE_383_length_24936_cov_4.316346_13	100	91	0	0	1	91	1	91	9.03e-59	171
Frome_NODE_383_length_24936_cov_4.316346_13	Eyre_NODE_236_length_33155_cov_19.932_33	90.1	91	9	0	1	91	1	91	5.67e-53	156
Frome_NODE_383_length_24936_cov_4.316346_13	CP100004.1_11	35.3	68	42	1	4	69	5	72	1.24e-07	41.2
Frome_NODE_383_length_24936_cov_4.316346_14	Eyresouth_NODE_101_length_48437_cov_7.17035_22	100	92	0	0	1	92	1	92	6.06e-62	179
Frome_NODE_383_length_24936_cov_4.316346_14	Frome_NODE_383_length_24936_cov_4.316346_14	100	92	0	0	1	92	1	92	6.06e-62	179
Frome_NODE_383_length_24936_cov_4.316346_14	Eyre_NODE_236_length_33155_cov_19.932_32	93.5	92	6	0	1	92	1	92	2.79e-58	169
Frome_NODE_383_length_24936_cov_4.316346_15	Eyresouth_NODE_101_length_48437_cov_7.17035_23	100	91	0	0	1	91	1	91	3.97e-62	179
Frome_NODE_383_length_24936_cov_4.316346_15	Frome_NODE_383_length_24936_cov_4.316346_15	100	91	0	0	1	91	1	91	3.97e-62	179
Frome_NODE_383_length_24936_cov_4.316346_15	Eyre_NODE_236_length_33155_cov_19.932_31	90.1	91	9	0	1	91	1	91	7.16e-56	163
Frome_NODE_383_length_24936_cov_4.316346_16	Frome_NODE_383_length_24936_cov_4.316346_16	100	251	0	0	1	251	1	251	1.46e-180	491
Frome_NODE_383_length_24936_cov_4.316346_16	Eyresouth_NODE_101_length_48437_cov_7.17035_24	98.8	251	3	0	1	251	1	251	1.99e-178	486
Frome_NODE_383_length_24936_cov_4.316346_16	Eyre_NODE_236_length_33155_cov_19.932_30	87.6	251	31	0	1	251	1	251	3.05e-157	432
Frome_NODE_383_length_24936_cov_4.316346_16	RJJW01000001.1_42	45.7	175	95	0	17	191	16	190	6.15e-52	164
Frome_NODE_383_length_24936_cov_4.316346_16	JAJCVI010000002.1_567	35.9	170	107	2	17	185	1	169	1.20e-30	108
Frome_NODE_383_length_24936_cov_4.316346_16	CP101161.1_3065	36.8	144	90	1	27	169	14	157	8.15e-27	98.6
Frome_NODE_383_length_24936_cov_4.316346_16	CP119801.1_31	34.8	158	99	2	19	172	10	167	2.29e-24	93.6
Frome_NODE_383_length_24936_cov_4.316346_16	AOJE01000051.1_25	32.5	151	102	0	23	173	22	172	1.84e-23	90.1
Frome_NODE_383_length_24936_cov_4.316346_16	KX906370.1_103	30.7	163	111	1	13	173	11	173	5.02e-23	89.0
Frome_NODE_383_length_24936_cov_4.316346_16	CP095494.1_48	32.7	156	101	2	21	172	13	168	5.63e-23	89.7
Frome_NODE_383_length_24936_cov_4.316346_16	KX687704.1_22	30.7	163	111	1	13	173	11	173	3.71e-22	86.7
Frome_NODE_383_length_24936_cov_4.316346_16	AOJE01000025.1_37	29.0	162	112	2	22	182	4	163	4.70e-20	81.3
Frome_NODE_383_length_24936_cov_4.316346_16	LWLN01000003.1_25	32.7	153	90	2	17	165	23	166	1.55e-19	80.1
Frome_NODE_383_length_24936_cov_4.316346_16	FNFE01000011.1_34	32.0	153	102	1	15	165	12	164	2.15e-19	79.7
Frome_NODE_383_length_24936_cov_4.316346_16	AOLZ01000012.1_31	30.3	155	98	2	12	165	22	167	4.29e-19	79.0
Frome_NODE_383_length_24936_cov_4.316346_16	CP019286.1_38	30.3	155	98	2	12	165	22	167	4.29e-19	79.0
Frome_NODE_383_length_24936_cov_4.316346_16	JAJCVI010000007.1_26	33.3	138	85	2	21	153	13	148	5.29e-19	79.3
Frome_NODE_383_length_24936_cov_4.316346_16	Gairdner_NODE_107_length_49922_cov_74.384603_25	31.8	176	108	4	23	187	14	188	2.73e-18	76.3
Frome_NODE_383_length_24936_cov_4.316346_16	CP019329.1_63	29.7	165	112	2	4	165	5	168	2.31e-17	74.3
Frome_NODE_383_length_24936_cov_4.316346_16	SRIF01000015.1_61	29.8	141	95	2	16	152	13	153	7.51e-14	64.7
Frome_NODE_383_length_24936_cov_4.316346_17	Frome_NODE_383_length_24936_cov_4.316346_17	100	358	0	0	1	358	1	358	2.72e-225	613
Frome_NODE_383_length_24936_cov_4.316346_17	Eyresouth_NODE_101_length_48437_cov_7.17035_25	99.7	358	1	0	1	358	1	358	2.23e-224	611
Frome_NODE_383_length_24936_cov_4.316346_17	Eyre_NODE_236_length_33155_cov_19.932_29	84.8	356	54	0	3	358	2	357	5.44e-211	577
Frome_NODE_383_length_24936_cov_4.316346_18	Frome_NODE_383_length_24936_cov_4.316346_18	100	456	0	0	1	456	1	456	3.91e-318	857
Frome_NODE_383_length_24936_cov_4.316346_18	Eyresouth_NODE_101_length_48437_cov_7.17035_26	97.4	456	12	0	1	456	1	456	6.62e-310	836
Frome_NODE_383_length_24936_cov_4.316346_18	Eyre_NODE_236_length_33155_cov_19.932_28	92.6	457	33	1	1	456	1	457	2.27e-292	791
Frome_NODE_383_length_24936_cov_4.316346_18	RJJW01000001.1_44	33.0	409	243	6	74	456	73	476	2.53e-64	211
Frome_NODE_383_length_24936_cov_4.316346_18	QKNW01000002.1_22	31.6	396	235	8	66	431	46	435	7.17e-52	177
Frome_NODE_383_length_24936_cov_4.316346_18	NC_013748.1_27	30.9	372	238	8	70	438	56	411	1.24e-42	151
Frome_NODE_383_length_24936_cov_4.316346_18	JAAOHU010000009.1_56	26.4	382	264	10	64	433	66	442	2.03e-30	118
Frome_NODE_383_length_24936_cov_4.316346_19	Frome_NODE_383_length_24936_cov_4.316346_19	100	628	0	0	1	628	1	628	0.0	1205
Frome_NODE_383_length_24936_cov_4.316346_19	Eyresouth_NODE_101_length_48437_cov_7.17035_27	97.5	628	16	0	1	628	1	628	0.0	1179
Frome_NODE_383_length_24936_cov_4.316346_19	Eyre_NODE_236_length_33155_cov_19.932_27	93.8	633	34	1	1	628	1	633	0.0	1138
Frome_NODE_383_length_24936_cov_4.316346_19	CP100004.1_19	32.4	296	184	5	310	594	200	490	7.68e-32	125
Frome_NODE_383_length_24936_cov_4.316346_19	NC_015659.1_85	28.0	329	206	10	277	589	211	524	6.46e-20	89.0
Frome_NODE_383_length_24936_cov_4.316346_19	Gairdner_NODE_107_length_49922_cov_74.384603_29	28.1	313	198	8	290	586	249	550	9.31e-20	88.6
Frome_NODE_383_length_24936_cov_4.316346_19	FOXI01000018.1_39	25.4	540	297	21	73	588	48	505	1.40e-18	84.7
Frome_NODE_383_length_24936_cov_4.316346_19	JAANTI010000009.1_16	25.4	540	297	21	73	588	48	505	1.40e-18	84.7
Frome_NODE_383_length_24936_cov_4.316346_19	CP101161.1_3068	24.2	607	358	22	58	599	13	582	1.10e-16	79.0
Frome_NODE_383_length_24936_cov_4.316346_19	CP031299.1_27	26.4	518	289	19	92	590	155	599	3.25e-15	74.3
Frome_NODE_383_length_24936_cov_4.316346_19	JDTG01000019.1_100	26.4	518	289	19	92	590	155	599	3.25e-15	74.3
Frome_NODE_383_length_24936_cov_4.316346_19	NC_013748.1_28	26.5	275	185	6	310	572	255	524	1.46e-13	68.9
Frome_NODE_383_length_24936_cov_4.316346_19	BBJN01000020.1_46	28.2	248	149	9	310	540	221	456	2.04e-13	68.6
Frome_NODE_383_length_24936_cov_4.316346_20	Frome_NODE_383_length_24936_cov_4.316346_20	100	827	0	0	1	827	1	827	0.0	1625
Frome_NODE_383_length_24936_cov_4.316346_20	Eyresouth_NODE_101_length_48437_cov_7.17035_28	99.9	827	1	0	1	827	1	827	0.0	1623
Frome_NODE_383_length_24936_cov_4.316346_20	Eyre_NODE_236_length_33155_cov_19.932_26	96.6	827	28	0	1	827	1	827	0.0	1581
Frome_NODE_383_length_24936_cov_4.316346_20	CP100004.1_22	54.6	802	342	12	27	824	7	790	8.21e-285	801
Frome_NODE_383_length_24936_cov_4.316346_20	WSZK01000033.1_21	53.4	822	344	12	21	827	10	807	4.60e-280	790
Frome_NODE_383_length_24936_cov_4.316346_20	RJJW01000001.1_46	51.8	816	365	14	26	827	9	810	1.62e-273	773
Frome_NODE_383_length_24936_cov_4.316346_20	NC_015659.1_84	51.3	807	360	11	26	824	5	786	1.02e-263	747
Frome_NODE_383_length_24936_cov_4.316346_20	CP019329.1_57	50.4	810	368	7	32	824	23	815	8.34e-263	746
Frome_NODE_383_length_24936_cov_4.316346_20	CP031299.1_28	52.1	804	331	14	39	824	19	786	1.17e-262	744
Frome_NODE_383_length_24936_cov_4.316346_20	JDTG01000019.1_101	52.1	804	331	14	39	824	19	786	1.17e-262	744
Frome_NODE_383_length_24936_cov_4.316346_20	AOIO01000049.1_112	50.6	810	364	14	25	824	5	788	5.04e-262	743
Frome_NODE_383_length_24936_cov_4.316346_20	CP095494.1_52	51.0	820	364	11	26	826	15	815	2.61e-261	742
Frome_NODE_383_length_24936_cov_4.316346_20	AOIP01000022.1_36	50.1	810	368	14	25	824	5	788	2.64e-259	736
Frome_NODE_383_length_24936_cov_4.316346_20	SRIF01000015.1_56	51.8	741	323	10	109	826	84	813	5.30e-258	734
Frome_NODE_383_length_24936_cov_4.316346_20	CP119801.1_26	49.7	819	376	13	26	826	12	812	1.41e-257	733
Frome_NODE_383_length_24936_cov_4.316346_20	NC_013748.1_29	52.0	782	341	11	49	824	29	782	4.16e-254	723
Frome_NODE_383_length_24936_cov_4.316346_20	QKNW01000002.1_20	49.8	819	386	14	27	826	44	856	4.84e-251	717
Frome_NODE_383_length_24936_cov_4.316346_20	AOLZ01000012.1_35	45.0	811	419	11	27	826	29	823	2.19e-221	640
Frome_NODE_383_length_24936_cov_4.316346_20	CP019286.1_34	45.0	811	419	11	27	826	29	823	2.19e-221	640
Frome_NODE_383_length_24936_cov_4.316346_20	LWLN01000003.1_29	44.8	812	421	10	26	826	32	827	3.98e-220	637
Frome_NODE_383_length_24936_cov_4.316346_20	SJER01000008.1_144	42.1	826	442	12	16	826	8	812	5.19e-208	606
Frome_NODE_383_length_24936_cov_4.316346_20	CP084476.1_52	42.8	820	426	13	24	826	5	798	8.48e-200	584
Frome_NODE_383_length_24936_cov_4.316346_20	LOAJ01000002.1_44	41.0	819	443	12	31	821	24	830	1.84e-192	566
Frome_NODE_383_length_24936_cov_4.316346_20	FOXI01000018.1_35	42.6	802	429	14	26	821	7	783	6.91e-188	553
Frome_NODE_383_length_24936_cov_4.316346_20	JAANTI010000009.1_19	42.6	802	429	14	26	821	7	783	6.91e-188	553
Frome_NODE_383_length_24936_cov_4.316346_21	Frome_NODE_383_length_24936_cov_4.316346_21	100	324	0	0	1	324	1	324	3.77e-240	648
Frome_NODE_383_length_24936_cov_4.316346_21	Eyresouth_NODE_101_length_48437_cov_7.17035_29	99.4	324	2	0	1	324	1	324	1.54e-239	647
Frome_NODE_383_length_24936_cov_4.316346_21	Eyre_NODE_236_length_33155_cov_19.932_25	94.1	324	19	0	1	324	1	324	8.04e-226	612
Frome_NODE_383_length_24936_cov_4.316346_21	WSZK01000033.1_20	44.6	314	174	0	7	320	37	350	1.25e-90	270
Frome_NODE_383_length_24936_cov_4.316346_21	CP031299.1_29	37.4	321	187	6	1	318	1	310	6.81e-63	198
Frome_NODE_383_length_24936_cov_4.316346_21	JDTG01000019.1_102	37.4	321	187	6	1	318	1	310	6.81e-63	198
Frome_NODE_383_length_24936_cov_4.316346_21	CP100004.1_23	38.0	297	175	4	9	304	16	304	3.53e-59	189
Frome_NODE_383_length_24936_cov_4.316346_21	CP119801.1_25	35.8	327	194	7	1	321	3	319	6.12e-59	188
Frome_NODE_383_length_24936_cov_4.316346_21	CP095494.1_53	36.6	322	182	8	8	320	10	318	1.71e-58	187
Frome_NODE_383_length_24936_cov_4.316346_21	CP019329.1_55	33.0	327	198	7	2	320	6	319	2.65e-50	166
Frome_NODE_383_length_24936_cov_4.316346_21	RJJW01000001.1_47	34.5	307	186	5	19	319	18	315	9.10e-50	164
Frome_NODE_383_length_24936_cov_4.316346_21	SJER01000008.1_145	35.3	221	129	2	30	248	19	227	7.44e-37	130
Frome_NODE_383_length_24936_cov_4.316346_21	CP100004.1_28	33.7	300	162	10	3	288	6	282	1.56e-34	129
Frome_NODE_383_length_24936_cov_4.316346_22	Frome_NODE_383_length_24936_cov_4.316346_22	100	554	0	0	1	554	1	554	0.0	1074
Frome_NODE_383_length_24936_cov_4.316346_22	Eyresouth_NODE_101_length_48437_cov_7.17035_30	99.6	554	2	0	1	554	1	554	0.0	1066
Frome_NODE_383_length_24936_cov_4.316346_22	Eyre_NODE_236_length_33155_cov_19.932_24	93.5	554	36	0	1	554	1	554	0.0	1027
Frome_NODE_383_length_24936_cov_4.316346_22	WSZK01000033.1_18	45.4	537	278	6	13	546	3	527	2.08e-148	433
Frome_NODE_383_length_24936_cov_4.316346_22	LOAJ01000002.1_40	42.7	541	287	9	10	545	7	529	3.12e-137	405
Frome_NODE_383_length_24936_cov_4.316346_22	CP101158.1_95	43.5	543	285	6	8	546	3	527	2.04e-134	397
Frome_NODE_383_length_24936_cov_4.316346_22	KX687704.1_28	41.1	542	296	9	7	543	3	526	1.26e-130	388
Frome_NODE_383_length_24936_cov_4.316346_22	AOJE01000051.1_18	40.5	538	299	7	10	543	6	526	3.56e-130	387
Frome_NODE_383_length_24936_cov_4.316346_22	KX906370.1_109	41.1	542	296	9	7	543	3	526	3.17e-128	382
Frome_NODE_383_length_24936_cov_4.316346_22	CP100004.1_27	38.7	530	305	8	17	543	6	518	1.79e-115	348
Frome_NODE_383_length_24936_cov_4.316346_22	QKNW01000002.1_17	36.1	563	324	9	6	543	3	554	1.04e-107	329
Frome_NODE_383_length_24936_cov_4.316346_22	JAJCVI010000007.1_32	39.1	174	103	2	371	543	1	172	8.65e-28	105
Frome_NODE_383_length_24936_cov_4.316346_22	CP101158.1_97	66.7	27	9	0	79	105	1	27	3.35e-09	48.5
Frome_NODE_383_length_24936_cov_4.316346_23	Frome_NODE_383_length_24936_cov_4.316346_23	100	421	0	0	1	421	1	421	0.0	863
Frome_NODE_383_length_24936_cov_4.316346_23	Eyresouth_NODE_101_length_48437_cov_7.17035_31	99.5	421	2	0	1	421	1	421	2.79e-320	859
Frome_NODE_383_length_24936_cov_4.316346_23	Eyre_NODE_236_length_33155_cov_19.932_23	98.6	420	6	0	1	420	1	420	1.51e-316	850
Frome_NODE_383_length_24936_cov_4.316346_23	CP101158.1_102	39.9	404	229	9	20	418	2	396	2.96e-89	272
Frome_NODE_383_length_24936_cov_4.316346_23	NC_015659.1_78	39.9	404	226	10	20	416	18	411	1.90e-85	263
Frome_NODE_383_length_24936_cov_4.316346_23	CP084476.1_42	39.6	402	231	10	20	416	13	407	9.14e-82	253
Frome_NODE_383_length_24936_cov_4.316346_23	CP019329.1_45	38.1	412	236	8	20	416	14	421	4.31e-80	249
Frome_NODE_383_length_24936_cov_4.316346_23	KX687704.1_34	34.8	408	247	8	20	416	12	411	4.91e-72	228
