Gairdner_NODE_167_length_41210_cov_9.888325_4	Gairdner_NODE_167_length_41210_cov_9.888325_4	100	262	0	0	1	262	1	262	3.18e-185	504
Gairdner_NODE_167_length_41210_cov_9.888325_5	Gairdner_NODE_167_length_41210_cov_9.888325_5	100	307	0	0	1	307	1	307	1.16e-230	623
Gairdner_NODE_167_length_41210_cov_9.888325_6	Gairdner_NODE_167_length_41210_cov_9.888325_6	100	65	0	0	1	65	1	65	8.17e-39	118
Gairdner_NODE_167_length_41210_cov_9.888325_7	Gairdner_NODE_167_length_41210_cov_9.888325_7	100	458	0	0	1	458	1	458	0.0	924
Gairdner_NODE_167_length_41210_cov_9.888325_8	Gairdner_NODE_167_length_41210_cov_9.888325_8	100	475	0	0	1	475	1	475	0.0	888
Gairdner_NODE_167_length_41210_cov_9.888325_9	Gairdner_NODE_167_length_41210_cov_9.888325_9	100	71	0	0	1	71	1	71	1.08e-50	149
Gairdner_NODE_167_length_41210_cov_9.888325_10	Gairdner_NODE_167_length_41210_cov_9.888325_10	100	125	0	0	1	125	1	125	3.64e-83	235
Gairdner_NODE_167_length_41210_cov_9.888325_11	Gairdner_NODE_167_length_41210_cov_9.888325_11	100	82	0	0	1	82	1	82	4.59e-48	143
Gairdner_NODE_167_length_41210_cov_9.888325_12	Gairdner_NODE_167_length_41210_cov_9.888325_12	100	81	0	0	1	81	1	81	3.37e-54	158
Gairdner_NODE_167_length_41210_cov_9.888325_13	Gairdner_NODE_167_length_41210_cov_9.888325_13	100	337	0	0	1	337	1	337	2.18e-241	652
Gairdner_NODE_167_length_41210_cov_9.888325_13	QKNW01000002.1_7	38.8	330	196	3	6	331	1	328	1.03e-67	211
Gairdner_NODE_167_length_41210_cov_9.888325_13	QKNW01000002.1_46	33.3	327	216	2	12	336	7	333	1.15e-59	191
Gairdner_NODE_167_length_41210_cov_9.888325_13	AOIP01000022.1_10	33.8	334	195	11	6	324	1	323	1.44e-42	146
Gairdner_NODE_167_length_41210_cov_9.888325_13	SRIF01000015.1_87	31.6	332	223	3	6	334	1	331	8.07e-42	144
Gairdner_NODE_167_length_41210_cov_9.888325_13	CP084476.1_87	29.6	338	227	6	6	335	1	335	1.19e-39	139
Gairdner_NODE_167_length_41210_cov_9.888325_13	AOLZ01000012.1_11	28.9	336	231	7	6	335	1	334	6.16e-39	137
Gairdner_NODE_167_length_41210_cov_9.888325_13	CP019286.1_59	28.9	336	231	7	6	335	1	334	6.16e-39	137
Gairdner_NODE_167_length_41210_cov_9.888325_13	CP101158.1_61	30.3	317	213	7	13	322	40	355	4.69e-38	135
Gairdner_NODE_167_length_41210_cov_9.888325_14	Gairdner_NODE_167_length_41210_cov_9.888325_14	100	103	0	0	1	103	1	103	2.50e-75	213
Gairdner_NODE_167_length_41210_cov_9.888325_15	Gairdner_NODE_167_length_41210_cov_9.888325_15	100	115	0	0	1	115	1	115	1.17e-90	253
Gairdner_NODE_167_length_41210_cov_9.888325_15	JAAOHU010000009.1_15	63.6	110	39	1	4	112	5	114	3.00e-55	164
Gairdner_NODE_167_length_41210_cov_9.888325_16	Gairdner_NODE_167_length_41210_cov_9.888325_16	100	103	0	0	1	103	1	103	5.07e-66	190
Gairdner_NODE_167_length_41210_cov_9.888325_17	Gairdner_NODE_167_length_41210_cov_9.888325_17	100	96	0	0	1	96	1	96	1.57e-50	150
Gairdner_NODE_167_length_41210_cov_9.888325_18	Gairdner_NODE_167_length_41210_cov_9.888325_18	100	792	0	0	1	792	1	792	0.0	1514
Gairdner_NODE_167_length_41210_cov_9.888325_18	KX906370.1_107	37.2	828	459	17	6	790	18	827	1.59e-159	480
Gairdner_NODE_167_length_41210_cov_9.888325_18	JAJCVI010000002.1_573	36.2	802	476	15	3	790	7	786	1.57e-150	456
Gairdner_NODE_167_length_41210_cov_9.888325_18	JAAOHU010000009.1_54	35.6	828	476	19	3	790	9	819	2.81e-150	456
Gairdner_NODE_167_length_41210_cov_9.888325_18	NC_015659.1_84	35.9	800	472	17	7	790	8	782	2.87e-150	455
Gairdner_NODE_167_length_41210_cov_9.888325_18	LOAJ01000002.1_44	35.3	836	463	15	6	790	21	829	5.34e-150	456
Gairdner_NODE_167_length_41210_cov_9.888325_18	CP101158.1_93	35.5	832	468	18	6	790	13	822	9.26e-149	452
Gairdner_NODE_167_length_41210_cov_9.888325_18	CP101161.1_3069	36.7	802	481	16	3	790	5	793	6.56e-148	449
Gairdner_NODE_167_length_41210_cov_9.888325_18	AOIP01000022.1_36	34.4	800	485	18	7	790	9	784	3.97e-147	447
Gairdner_NODE_167_length_41210_cov_9.888325_18	AOIO01000049.1_112	34.2	805	480	18	7	790	9	784	2.19e-146	445
Gairdner_NODE_167_length_41210_cov_9.888325_18	AOJE01000025.1_41	35.7	809	475	18	2	790	4	787	2.39e-145	442
Gairdner_NODE_167_length_41210_cov_9.888325_18	CP031299.1_28	34.7	799	482	16	7	790	9	782	1.75e-144	440
Gairdner_NODE_167_length_41210_cov_9.888325_18	JDTG01000019.1_101	34.7	799	482	16	7	790	9	782	1.75e-144	440
Gairdner_NODE_167_length_41210_cov_9.888325_18	AOJE01000051.1_19	38.7	667	353	13	168	790	12	666	1.16e-142	431
Gairdner_NODE_167_length_41210_cov_9.888325_18	NC_013748.1_29	34.8	801	474	18	7	790	9	778	1.02e-141	432
Gairdner_NODE_167_length_41210_cov_9.888325_18	Gairdner_NODE_107_length_49922_cov_74.384603_31	34.2	810	487	15	2	792	4	786	2.14e-141	432
Gairdner_NODE_167_length_41210_cov_9.888325_18	BBJN01000020.1_48	34.9	814	475	15	3	790	5	789	3.84e-140	429
Gairdner_NODE_167_length_41210_cov_9.888325_18	KX687704.1_26	34.8	830	480	19	6	790	21	834	1.46e-138	426
Gairdner_NODE_167_length_41210_cov_9.888325_18	FOXI01000018.1_35	34.1	812	477	13	3	790	5	782	2.66e-138	424
Gairdner_NODE_167_length_41210_cov_9.888325_18	JAANTI010000009.1_19	34.1	812	477	13	3	790	5	782	2.66e-138	424
Gairdner_NODE_167_length_41210_cov_9.888325_18	CP100004.1_22	34.1	801	493	14	3	788	4	784	2.75e-136	419
Gairdner_NODE_167_length_41210_cov_9.888325_18	CP095494.1_52	33.7	816	494	15	3	790	13	809	5.76e-135	416
Gairdner_NODE_167_length_41210_cov_9.888325_18	CP099999.1_26	33.6	824	486	17	6	790	11	812	2.83e-134	414
Gairdner_NODE_167_length_41210_cov_9.888325_18	WSZK01000033.1_21	33.9	815	487	17	2	790	12	800	1.29e-133	412
Gairdner_NODE_167_length_41210_cov_9.888325_18	Eyre_NODE_236_length_33155_cov_19.932_26	34.0	830	473	18	3	790	24	820	1.66e-132	410
Gairdner_NODE_167_length_41210_cov_9.888325_19	Gairdner_NODE_167_length_41210_cov_9.888325_19	100	756	0	0	1	756	1	756	0.0	1370
Gairdner_NODE_167_length_41210_cov_9.888325_19	CP101161.1_3068	39.7	310	177	7	426	731	283	586	2.05e-50	182
Gairdner_NODE_167_length_41210_cov_9.888325_19	LWLN01000003.1_28	27.4	733	435	16	5	716	16	672	2.35e-26	110
Gairdner_NODE_167_length_41210_cov_9.888325_19	CP119801.1_28	28.2	298	200	5	427	715	289	581	7.48e-22	95.9
Gairdner_NODE_167_length_41210_cov_9.888325_19	CP099999.1_27	29.9	301	194	9	424	716	291	582	2.79e-16	78.2
Gairdner_NODE_167_length_41210_cov_9.888325_19	NC_015659.1_85	29.2	144	99	2	9	150	43	185	7.05e-09	54.3
Gairdner_NODE_167_length_41210_cov_9.888325_20	Gairdner_NODE_167_length_41210_cov_9.888325_20	100	453	0	0	1	453	1	453	8.85e-302	815
Gairdner_NODE_167_length_41210_cov_9.888325_20	CP101161.1_3067	40.9	347	202	3	79	424	1	345	1.87e-76	239
Gairdner_NODE_167_length_41210_cov_9.888325_20	JAJCVI010000002.1_569	34.7	389	242	3	65	453	65	441	1.22e-71	229
Gairdner_NODE_167_length_41210_cov_9.888325_20	AOJE01000025.1_39	33.2	355	231	4	68	418	67	419	1.05e-60	200
Gairdner_NODE_167_length_41210_cov_9.888325_20	CP100004.1_17	35.3	357	226	4	67	420	53	407	6.84e-55	184
Gairdner_NODE_167_length_41210_cov_9.888325_20	Gairdner_NODE_107_length_49922_cov_74.384603_28	35.0	409	246	7	9	416	4	393	7.28e-49	168
Gairdner_NODE_167_length_41210_cov_9.888325_20	NC_015659.1_86	34.1	317	204	5	56	370	45	358	1.66e-44	156
Gairdner_NODE_167_length_41210_cov_9.888325_20	LOAJ01000002.1_46	29.1	357	246	3	64	415	70	424	2.07e-42	151
Gairdner_NODE_167_length_41210_cov_9.888325_20	AOLZ01000012.1_33	29.6	395	252	9	71	446	59	446	1.02e-41	149
Gairdner_NODE_167_length_41210_cov_9.888325_20	CP019286.1_36	29.6	395	252	9	71	446	59	446	1.02e-41	149
Gairdner_NODE_167_length_41210_cov_9.888325_20	LWLN01000003.1_27	32.9	283	186	4	56	338	40	318	3.30e-40	145
Gairdner_NODE_167_length_41210_cov_9.888325_20	CP031299.1_26	32.1	308	204	5	65	370	49	353	9.90e-40	143
Gairdner_NODE_167_length_41210_cov_9.888325_20	JDTG01000019.1_99	32.1	308	204	5	65	370	49	353	9.90e-40	143
Gairdner_NODE_167_length_41210_cov_9.888325_20	NC_013748.1_27	28.9	353	246	4	65	416	54	402	2.86e-39	142
Gairdner_NODE_167_length_41210_cov_9.888325_20	CP019329.1_61	28.6	398	259	9	71	451	85	474	1.32e-38	141
Gairdner_NODE_167_length_41210_cov_9.888325_20	AOIP01000022.1_34	32.8	302	198	5	71	370	54	352	3.41e-38	139
Gairdner_NODE_167_length_41210_cov_9.888325_20	AOIO01000049.1_110	32.5	302	199	5	71	370	54	352	1.24e-37	137
Gairdner_NODE_167_length_41210_cov_9.888325_20	CP119801.1_29	28.6	416	270	9	56	447	46	458	9.26e-37	136
Gairdner_NODE_167_length_41210_cov_9.888325_20	CP084476.1_54	29.0	362	245	6	57	416	53	404	1.32e-36	135
Gairdner_NODE_167_length_41210_cov_9.888325_20	JAAOHU010000009.1_56	28.0	375	248	9	63	419	71	441	6.66e-35	131
Gairdner_NODE_167_length_41210_cov_9.888325_20	CP099999.1_28	28.0	393	261	8	71	446	56	443	1.85e-32	124
Gairdner_NODE_167_length_41210_cov_9.888325_20	SJER01000008.1_142	26.6	372	252	5	69	422	97	465	4.43e-32	123
Gairdner_NODE_167_length_41210_cov_9.888325_20	FNFE01000011.1_36	29.9	268	185	3	71	338	63	327	5.23e-32	122
Gairdner_NODE_167_length_41210_cov_9.888325_20	SRIF01000015.1_59	25.7	420	285	9	56	453	53	467	3.96e-31	120
Gairdner_NODE_167_length_41210_cov_9.888325_20	RJJW01000001.1_44	25.8	434	267	10	59	453	59	476	2.77e-30	118
Gairdner_NODE_167_length_41210_cov_9.888325_21	Gairdner_NODE_167_length_41210_cov_9.888325_21	100	338	0	0	1	338	1	338	5.56e-240	649
Gairdner_NODE_167_length_41210_cov_9.888325_21	JAJCVI010000002.1_568	37.5	309	184	5	7	314	8	308	2.34e-57	185
Gairdner_NODE_167_length_41210_cov_9.888325_22	Gairdner_NODE_167_length_41210_cov_9.888325_22	100	237	0	0	1	237	1	237	4.52e-168	459
Gairdner_NODE_167_length_41210_cov_9.888325_22	JAJCVI010000002.1_567	47.9	142	74	0	8	149	12	153	1.07e-41	136
Gairdner_NODE_167_length_41210_cov_9.888325_22	AOIR01000042.1_53	43.6	149	84	0	2	150	25	173	2.63e-38	128
Gairdner_NODE_167_length_41210_cov_9.888325_23	Gairdner_NODE_167_length_41210_cov_9.888325_23	100	117	0	0	1	117	1	117	7.58e-79	223
Gairdner_NODE_167_length_41210_cov_9.888325_24	Gairdner_NODE_167_length_41210_cov_9.888325_24	100	90	0	0	1	90	1	90	1.24e-60	175
Gairdner_NODE_167_length_41210_cov_9.888325_24	AOJE01000051.1_27	36.4	66	41	1	6	71	12	76	5.22e-08	42.4
Gairdner_NODE_167_length_41210_cov_9.888325_24	KX687704.1_20	37.9	66	40	1	6	71	12	76	5.22e-08	42.4
Gairdner_NODE_167_length_41210_cov_9.888325_24	KX906370.1_101	37.9	66	40	1	6	71	12	76	5.22e-08	42.4
Gairdner_NODE_167_length_41210_cov_9.888325_24	LOAJ01000002.1_50	34.8	66	42	1	6	71	12	76	1.54e-07	41.2
Gairdner_NODE_167_length_41210_cov_9.888325_25	Gairdner_NODE_167_length_41210_cov_9.888325_25	100	73	0	0	1	73	1	73	3.93e-36	112
Gairdner_NODE_167_length_41210_cov_9.888325_25	CP101161.1_3062	39.7	68	41	0	1	68	1	68	2.39e-07	39.7
Gairdner_NODE_167_length_41210_cov_9.888325_26	Gairdner_NODE_167_length_41210_cov_9.888325_26	100	310	0	0	1	310	1	310	5.62e-219	593
Gairdner_NODE_167_length_41210_cov_9.888325_26	CP084476.1_60	41.1	297	160	9	9	298	4	292	5.30e-61	192
Gairdner_NODE_167_length_41210_cov_9.888325_26	CP101161.1_3061	41.8	244	132	5	42	282	32	268	4.27e-58	184
Gairdner_NODE_167_length_41210_cov_9.888325_26	NC_015659.1_92	39.4	297	161	9	14	298	9	298	1.05e-57	184
Gairdner_NODE_167_length_41210_cov_9.888325_26	NC_013748.1_21	39.5	314	172	9	1	302	1	308	2.81e-57	183
Gairdner_NODE_167_length_41210_cov_9.888325_26	AOIP01000022.1_28	39.3	267	152	6	43	305	39	299	4.57e-56	180
Gairdner_NODE_167_length_41210_cov_9.888325_26	AOIO01000049.1_99	38.4	292	164	7	24	305	15	300	6.62e-56	179
Gairdner_NODE_167_length_41210_cov_9.888325_26	CP031299.1_20	39.1	302	163	9	5	297	1	290	4.15e-54	175
Gairdner_NODE_167_length_41210_cov_9.888325_26	JDTG01000019.1_93	39.1	302	163	9	5	297	1	290	4.15e-54	175
Gairdner_NODE_167_length_41210_cov_9.888325_26	WSZK01000033.1_29	38.9	275	155	8	14	282	14	281	1.57e-49	163
Gairdner_NODE_167_length_41210_cov_9.888325_26	FOXI01000018.1_47	37.2	293	171	9	11	296	8	294	8.57e-48	158
Gairdner_NODE_167_length_41210_cov_9.888325_26	JAANTI010000009.1_8	37.2	293	171	9	11	296	8	294	8.57e-48	158
Gairdner_NODE_167_length_41210_cov_9.888325_26	BBJN01000020.1_39	37.8	299	171	10	4	296	4	293	4.98e-46	153
Gairdner_NODE_167_length_41210_cov_9.888325_26	LWLN01000003.1_21	32.8	265	164	6	28	285	38	295	2.14e-43	147
Gairdner_NODE_167_length_41210_cov_9.888325_26	RJJW01000001.1_38	36.5	249	142	9	43	284	51	290	7.02e-43	145
Gairdner_NODE_167_length_41210_cov_9.888325_26	Eyre_NODE_236_length_33155_cov_19.932_34	33.8	237	146	7	43	273	54	285	2.51e-41	141
Gairdner_NODE_167_length_41210_cov_9.888325_26	Frome_NODE_383_length_24936_cov_4.316346_12	32.5	237	149	7	43	273	58	289	1.18e-38	134
Gairdner_NODE_167_length_41210_cov_9.888325_26	LOAJ01000002.1_52	32.7	257	157	6	44	288	42	294	6.12e-34	122
Gairdner_NODE_167_length_41210_cov_9.888325_26	AOJE01000051.1_29	32.5	252	156	6	43	285	41	287	1.74e-32	118
Gairdner_NODE_167_length_41210_cov_9.888325_26	KX687704.1_18	31.0	252	160	7	43	285	41	287	1.31e-30	113
Gairdner_NODE_167_length_41210_cov_9.888325_26	KX906370.1_99	31.0	252	160	7	43	285	41	287	1.82e-30	112
Gairdner_NODE_167_length_41210_cov_9.888325_27	Gairdner_NODE_167_length_41210_cov_9.888325_27	100	141	0	0	1	141	1	141	1.99e-90	254
Gairdner_NODE_167_length_41210_cov_9.888325_27	AOJE01000025.1_33	41.4	99	58	0	20	118	17	115	3.74e-18	71.2
Gairdner_NODE_167_length_41210_cov_9.888325_27	SRIF01000015.1_69	41.7	72	42	0	45	116	37	108	4.63e-12	55.5
Gairdner_NODE_167_length_41210_cov_9.888325_27	JAJCVI010000007.1_21	42.9	49	28	0	59	107	57	105	1.68e-07	43.5
Gairdner_NODE_167_length_41210_cov_9.888325_28	Gairdner_NODE_167_length_41210_cov_9.888325_28	100	251	0	0	1	251	1	251	5.71e-178	485
Gairdner_NODE_167_length_41210_cov_9.888325_28	CP101161.1_3059	38.6	241	125	9	10	248	9	228	2.66e-30	108
Gairdner_NODE_167_length_41210_cov_9.888325_29	Gairdner_NODE_167_length_41210_cov_9.888325_29	100	329	0	0	1	329	1	329	4.51e-214	583
Gairdner_NODE_167_length_41210_cov_9.888325_29	CP101161.1_3058	34.1	290	163	8	56	327	57	336	6.76e-33	120
Gairdner_NODE_167_length_41210_cov_9.888325_29	AOJE01000025.1_30	32.2	273	159	14	42	297	45	308	1.26e-18	80.9
Gairdner_NODE_167_length_41210_cov_9.888325_29	JAAOHU010000009.1_67	25.6	227	119	9	88	279	85	296	1.11e-04	38.9
Gairdner_NODE_167_length_41210_cov_9.888325_30	Gairdner_NODE_167_length_41210_cov_9.888325_30	100	292	0	0	1	292	1	292	2.47e-213	578
Gairdner_NODE_167_length_41210_cov_9.888325_30	NC_013748.1_12	29.9	241	136	9	52	285	135	349	4.13e-24	95.9
Gairdner_NODE_167_length_41210_cov_9.888325_30	CP100004.1_2	27.3	238	141	8	53	284	33	244	4.63e-22	88.6
Gairdner_NODE_167_length_41210_cov_9.888325_30	AOIR01000042.1_45	27.1	229	131	10	52	273	55	254	5.26e-19	80.5
Gairdner_NODE_167_length_41210_cov_9.888325_30	AOJE01000025.1_29	27.0	215	114	9	56	260	53	234	2.36e-16	72.8
Gairdner_NODE_167_length_41210_cov_9.888325_31	Gairdner_NODE_167_length_41210_cov_9.888325_31	100	557	0	0	1	557	1	557	0.0	1063
Gairdner_NODE_167_length_41210_cov_9.888325_31	JAAOHU010000009.1_3	42.3	487	245	13	72	544	49	513	3.03e-91	285
Gairdner_NODE_167_length_41210_cov_9.888325_31	CP099999.1_40	37.5	530	274	13	17	534	6	490	2.09e-88	278
Gairdner_NODE_167_length_41210_cov_9.888325_31	CP084476.1_75	36.7	551	266	15	16	534	5	504	1.24e-80	258
Gairdner_NODE_167_length_41210_cov_9.888325_31	AOIP01000022.1_22	35.5	549	271	15	17	534	6	502	2.10e-76	246
Gairdner_NODE_167_length_41210_cov_9.888325_31	CP119801.1_44	36.7	550	272	19	17	534	9	514	2.03e-75	244
Gairdner_NODE_167_length_41210_cov_9.888325_31	JDTG01000019.1_82	36.0	558	266	16	15	534	6	510	4.58e-73	238
Gairdner_NODE_167_length_41210_cov_9.888325_31	CP101158.1_75	38.7	411	227	6	132	535	128	520	2.65e-66	220
Gairdner_NODE_167_length_41210_cov_9.888325_31	FOXI01000018.1_54	34.4	500	275	13	74	542	47	524	2.75e-61	207
Gairdner_NODE_167_length_41210_cov_9.888325_31	JAANTI010000009.1_1	36.5	427	241	10	127	542	47	454	1.17e-60	203
Gairdner_NODE_167_length_41210_cov_9.888325_31	Eyresouth_NODE_101_length_48437_cov_7.17035_10	35.3	428	251	7	118	544	133	535	4.18e-57	196
Gairdner_NODE_167_length_41210_cov_9.888325_31	CP095494.1_35	32.4	552	321	15	15	542	1	524	1.21e-53	186
Gairdner_NODE_167_length_41210_cov_9.888325_31	CP031299.1_9	43.9	269	125	5	234	498	13	259	1.64e-52	177
Gairdner_NODE_167_length_41210_cov_9.888325_31	NC_013748.1_10	32.9	556	295	17	17	536	3	516	3.58e-52	182
Gairdner_NODE_167_length_41210_cov_9.888325_31	Frome_NODE_383_length_24936_cov_4.316346_2	36.6	382	216	7	118	498	133	489	3.71e-52	182
Gairdner_NODE_167_length_41210_cov_9.888325_31	KX687704.1_8	31.3	569	330	18	11	544	8	550	3.27e-51	180
Gairdner_NODE_167_length_41210_cov_9.888325_31	KX906370.1_89	31.3	569	330	18	11	544	8	550	3.27e-51	180
Gairdner_NODE_167_length_41210_cov_9.888325_31	LOAJ01000002.1_60	30.2	570	342	16	6	542	9	555	7.45e-47	168
Gairdner_NODE_167_length_41210_cov_9.888325_31	AOIO01000049.1_91	40.9	269	153	3	252	519	513	776	8.62e-47	171
Gairdner_NODE_167_length_41210_cov_9.888325_31	NC_015659.1_101	33.3	441	239	12	126	555	124	520	3.44e-44	160
Gairdner_NODE_167_length_41210_cov_9.888325_31	AOJE01000051.1_48	40.0	280	143	7	272	544	1	262	1.86e-43	151
Gairdner_NODE_167_length_41210_cov_9.888325_31	FNFE01000011.1_20	31.6	551	291	20	17	536	4	499	2.59e-41	151
Gairdner_NODE_167_length_41210_cov_9.888325_32	Gairdner_NODE_167_length_41210_cov_9.888325_32	100	1426	0	0	1	1426	1	1426	0.0	2253
Gairdner_NODE_167_length_41210_cov_9.888325_32	JAAOHU010000009.1_4	30.7	837	516	23	566	1378	406	1202	1.15e-89	314
Gairdner_NODE_167_length_41210_cov_9.888325_32	CP100004.1_3	30.3	946	563	28	487	1373	382	1290	4.09e-87	307
Gairdner_NODE_167_length_41210_cov_9.888325_32	AOIP01000022.1_21	31.1	835	498	28	574	1367	379	1177	4.01e-80	285
Gairdner_NODE_167_length_41210_cov_9.888325_32	CP019329.1_80	28.2	863	531	23	574	1378	289	1120	1.81e-74	266
Gairdner_NODE_167_length_41210_cov_9.888325_32	BBJN01000020.1_32	28.7	830	522	23	574	1376	568	1354	2.10e-73	265
Gairdner_NODE_167_length_41210_cov_9.888325_32	WSZK01000033.1_36	29.1	881	542	26	570	1407	189	1029	2.21e-72	259
Gairdner_NODE_167_length_41210_cov_9.888325_32	CP119801.1_45	27.3	823	532	24	574	1367	207	992	5.17e-71	254
Gairdner_NODE_167_length_41210_cov_9.888325_32	CP101158.1_74	26.0	857	532	28	574	1376	370	1178	2.51e-63	232
Gairdner_NODE_167_length_41210_cov_9.888325_32	CP084476.1_77	27.6	833	541	27	566	1367	40	841	3.96e-63	228
Gairdner_NODE_167_length_41210_cov_9.888325_32	CP099999.1_41	26.8	876	533	34	550	1367	328	1153	1.61e-62	229
Gairdner_NODE_167_length_41210_cov_9.888325_32	LWLN01000003.1_13	26.3	763	486	22	628	1360	395	1111	6.63e-56	208
Gairdner_NODE_167_length_41210_cov_9.888325_32	LOAJ01000002.1_61	26.5	907	530	35	577	1390	541	1403	4.21e-55	206
Gairdner_NODE_167_length_41210_cov_9.888325_32	KX687704.1_7	25.0	895	550	32	577	1393	506	1357	2.41e-53	201
Gairdner_NODE_167_length_41210_cov_9.888325_32	KX906370.1_88	25.0	895	550	32	577	1393	506	1357	2.41e-53	201
Gairdner_NODE_167_length_41210_cov_9.888325_32	SRIF01000015.1_79	29.3	642	403	17	753	1363	554	1175	5.42e-53	199
Gairdner_NODE_167_length_41210_cov_9.888325_32	Gairdner_NODE_107_length_49922_cov_74.384603_12	24.1	1494	906	52	1	1374	1	1386	5.70e-53	199
Gairdner_NODE_167_length_41210_cov_9.888325_32	AOJE01000051.1_50	26.1	889	533	33	577	1387	398	1240	1.26e-51	195
Gairdner_NODE_167_length_41210_cov_9.888325_32	JAJCVI010000007.1_13	29.9	354	224	9	1021	1365	476	814	2.30e-36	144
Gairdner_NODE_167_length_41210_cov_9.888325_32	AOJE01000025.1_27	23.0	849	537	30	574	1374	352	1131	2.42e-34	139
Gairdner_NODE_167_length_41210_cov_9.888325_32	RJJW01000001.1_28	29.2	349	230	10	1037	1378	7	345	1.83e-32	126
Gairdner_NODE_167_length_41210_cov_9.888325_33	Gairdner_NODE_167_length_41210_cov_9.888325_33	100	186	0	0	1	186	1	186	5.71e-139	381
Gairdner_NODE_167_length_41210_cov_9.888325_34	Gairdner_NODE_167_length_41210_cov_9.888325_34	100	131	0	0	1	131	1	131	1.63e-100	279
Gairdner_NODE_167_length_41210_cov_9.888325_35	Gairdner_NODE_167_length_41210_cov_9.888325_35	100	131	0	0	1	131	1	131	5.68e-101	280
Gairdner_NODE_167_length_41210_cov_9.888325_36	Gairdner_NODE_167_length_41210_cov_9.888325_36	100	202	0	0	1	202	1	202	6.76e-139	382
Gairdner_NODE_167_length_41210_cov_9.888325_37	Gairdner_NODE_167_length_41210_cov_9.888325_37	100	70	0	0	1	70	1	70	9.40e-47	139
Gairdner_NODE_167_length_41210_cov_9.888325_38	Gairdner_NODE_167_length_41210_cov_9.888325_38	100	133	0	0	1	133	1	133	2.49e-96	269
Gairdner_NODE_167_length_41210_cov_9.888325_39	Gairdner_NODE_167_length_41210_cov_9.888325_39	100	92	0	0	1	92	1	92	1.81e-63	182
Gairdner_NODE_167_length_41210_cov_9.888325_40	Gairdner_NODE_167_length_41210_cov_9.888325_40	100	126	0	0	1	126	1	126	2.09e-96	268
Gairdner_NODE_167_length_41210_cov_9.888325_40	SJER01000008.1_158	77.4	115	25	1	11	124	7	121	8.55e-66	191
Gairdner_NODE_167_length_41210_cov_9.888325_41	Gairdner_NODE_167_length_41210_cov_9.888325_41	100	53	0	0	1	53	1	53	1.88e-32	101
Gairdner_NODE_167_length_41210_cov_9.888325_42	Gairdner_NODE_167_length_41210_cov_9.888325_42	100	199	0	0	1	199	1	199	8.04e-159	432
Gairdner_NODE_167_length_41210_cov_9.888325_43	Gairdner_NODE_167_length_41210_cov_9.888325_43	100	62	0	0	1	62	1	62	2.12e-44	132
Gairdner_NODE_167_length_41210_cov_9.888325_44	Gairdner_NODE_167_length_41210_cov_9.888325_44	100	93	0	0	1	93	1	93	8.85e-69	196
Gairdner_NODE_167_length_41210_cov_9.888325_44	CP119801.1_21	56.2	89	39	0	4	92	3	91	2.70e-36	114
Gairdner_NODE_167_length_41210_cov_9.888325_44	LWLN01000003.1_33	47.8	92	48	0	1	92	163	254	1.17e-29	102
Gairdner_NODE_167_length_41210_cov_9.888325_44	CP031299.1_31	48.9	92	47	0	1	92	162	253	1.61e-29	102
Gairdner_NODE_167_length_41210_cov_9.888325_44	JDTG01000019.1_104	48.9	92	47	0	1	92	162	253	1.61e-29	102
Gairdner_NODE_167_length_41210_cov_9.888325_44	CP019329.1_53	51.1	92	45	0	1	92	185	276	2.46e-29	102
Gairdner_NODE_167_length_41210_cov_9.888325_44	AOLZ01000012.1_37	46.7	92	49	0	1	92	163	254	2.50e-28	99.0
Gairdner_NODE_167_length_41210_cov_9.888325_44	CP019286.1_32	46.7	92	49	0	1	92	163	254	2.50e-28	99.0
Gairdner_NODE_167_length_41210_cov_9.888325_44	CP084476.1_49	46.7	92	49	0	1	92	163	254	9.76e-28	97.4
Gairdner_NODE_167_length_41210_cov_9.888325_45	Gairdner_NODE_167_length_41210_cov_9.888325_45	100	77	0	0	1	77	1	77	2.35e-50	148
Gairdner_NODE_167_length_41210_cov_9.888325_46	Gairdner_NODE_167_length_41210_cov_9.888325_46	100	217	0	0	1	217	1	217	1.86e-132	367
Gairdner_NODE_167_length_41210_cov_9.888325_47	Gairdner_NODE_167_length_41210_cov_9.888325_47	100	131	0	0	1	131	1	131	3.30e-91	256
Gairdner_NODE_167_length_41210_cov_9.888325_47	NC_015659.1_81	45.8	59	32	0	60	118	61	119	2.41e-11	53.1
