Gairdner_NODE_107_length_49922_cov_74.384603_1	Gairdner_NODE_107_length_49922_cov_74.384603_1	100	184	0	0	1	184	1	184	2.24e-135	372
Gairdner_NODE_107_length_49922_cov_74.384603_2	Gairdner_NODE_107_length_49922_cov_74.384603_2	100	82	0	0	1	82	1	82	8.15e-60	172
Gairdner_NODE_107_length_49922_cov_74.384603_2	KX906370.1_79	49.2	61	31	0	9	69	2	62	5.18e-16	62.0
Gairdner_NODE_107_length_49922_cov_74.384603_2	FNFE01000011.1_7	31.3	67	38	2	13	73	10	74	4.14e-04	32.0
Gairdner_NODE_107_length_49922_cov_74.384603_3	Gairdner_NODE_107_length_49922_cov_74.384603_3	100	83	0	0	1	83	1	83	1.46e-58	169
Gairdner_NODE_107_length_49922_cov_74.384603_4	Gairdner_NODE_107_length_49922_cov_74.384603_4	100	96	0	0	1	96	1	96	9.77e-72	204
Gairdner_NODE_107_length_49922_cov_74.384603_5	Gairdner_NODE_107_length_49922_cov_74.384603_5	100	79	0	0	1	79	1	79	1.98e-52	154
Gairdner_NODE_107_length_49922_cov_74.384603_6	Gairdner_NODE_107_length_49922_cov_74.384603_6	100	202	0	0	1	202	1	202	3.75e-136	375
Gairdner_NODE_107_length_49922_cov_74.384603_7	Gairdner_NODE_107_length_49922_cov_74.384603_7	100	91	0	0	1	91	1	91	1.32e-69	198
Gairdner_NODE_107_length_49922_cov_74.384603_8	Gairdner_NODE_107_length_49922_cov_74.384603_8	100	288	0	0	1	288	1	288	1.39e-217	588
Gairdner_NODE_107_length_49922_cov_74.384603_8	BBJN01000020.1_28	35.5	245	133	8	21	248	8	244	3.45e-32	115
Gairdner_NODE_107_length_49922_cov_74.384603_9	Gairdner_NODE_107_length_49922_cov_74.384603_9	100	198	0	0	1	198	1	198	6.79e-137	377
Gairdner_NODE_107_length_49922_cov_74.384603_9	QKNW01000002.1_44	51.2	125	48	4	1	124	1	113	2.05e-23	87.0
Gairdner_NODE_107_length_49922_cov_74.384603_9	QKNW01000002.1_43	49.2	124	44	4	1	124	1	105	1.03e-21	82.4
Gairdner_NODE_107_length_49922_cov_74.384603_9	SRIF01000015.1_82	42.3	142	59	4	1	126	1	135	2.79e-21	82.0
Gairdner_NODE_107_length_49922_cov_74.384603_9	BBJN01000020.1_30	54.3	92	35	3	2	93	4	88	5.96e-20	77.8
Gairdner_NODE_107_length_49922_cov_74.384603_9	JAJCVI010000002.1_549	38.1	139	72	3	1	136	1	128	1.15e-19	77.0
Gairdner_NODE_107_length_49922_cov_74.384603_9	BBJN01000020.1_27	51.6	93	41	2	2	91	4	95	4.65e-19	76.6
Gairdner_NODE_107_length_49922_cov_74.384603_9	WSZK01000033.1_40	35.6	202	101	6	1	193	1	182	1.40e-18	75.5
Gairdner_NODE_107_length_49922_cov_74.384603_9	Gairdner_NODE_107_length_49922_cov_74.384603_10	45.4	108	53	3	22	124	1	107	2.29e-18	73.9
Gairdner_NODE_107_length_49922_cov_74.384603_9	JAJCVI010000002.1_550	47.0	100	40	2	1	87	1	100	1.29e-16	69.3
Gairdner_NODE_107_length_49922_cov_74.384603_9	WSZK01000033.1_39	51.7	89	40	2	4	92	32	117	8.72e-16	67.8
Gairdner_NODE_107_length_49922_cov_74.384603_9	JAJCVI010000002.1_548	53.8	80	22	3	1	78	1	67	3.38e-15	65.1
Gairdner_NODE_107_length_49922_cov_74.384603_9	BBJN01000020.1_29	49.4	85	37	2	1	85	1	79	1.15e-14	63.9
Gairdner_NODE_107_length_49922_cov_74.384603_9	SJER01000008.1_123	50.5	95	33	3	9	91	10	102	2.63e-12	57.4
Gairdner_NODE_107_length_49922_cov_74.384603_9	JAJCVI010000002.1_551	35.1	74	48	0	22	95	1	74	1.63e-11	55.5
Gairdner_NODE_107_length_49922_cov_74.384603_9	SJER01000008.1_124	76.0	50	9	3	1	48	1	49	3.59e-11	54.3
Gairdner_NODE_107_length_49922_cov_74.384603_9	SJER01000008.1_122	77.5	40	9	0	9	48	10	49	1.25e-10	53.1
Gairdner_NODE_107_length_49922_cov_74.384603_9	JDTG01000019.1_71	47.9	71	31	3	4	69	8	77	8.33e-10	50.8
Gairdner_NODE_107_length_49922_cov_74.384603_9	LWLN01000003.1_3	45.9	74	28	2	4	65	8	81	2.09e-09	50.1
Gairdner_NODE_107_length_49922_cov_74.384603_9	LWLN01000003.1_2	47.4	76	30	2	4	77	8	75	6.29e-09	48.9
Gairdner_NODE_107_length_49922_cov_74.384603_9	CP101158.1_69	75.0	40	8	1	10	49	13	50	1.38e-08	47.8
Gairdner_NODE_107_length_49922_cov_74.384603_9	CP095494.1_28	39.7	116	47	5	9	108	14	122	2.36e-08	47.0
Gairdner_NODE_107_length_49922_cov_74.384603_9	AOIP01000022.1_17	34.9	169	88	7	1	157	5	163	4.05e-06	41.2
Gairdner_NODE_107_length_49922_cov_74.384603_9	NC_013748.1_2	39.2	79	37	2	9	87	15	82	3.48e-04	35.4
Gairdner_NODE_107_length_49922_cov_74.384603_10	Gairdner_NODE_107_length_49922_cov_74.384603_10	100	148	0	0	1	148	1	148	1.75e-101	283
Gairdner_NODE_107_length_49922_cov_74.384603_10	QKNW01000002.1_44	44.2	147	53	5	1	146	22	140	6.56e-21	79.0
Gairdner_NODE_107_length_49922_cov_74.384603_10	SRIF01000015.1_82	40.1	162	56	6	1	145	22	159	1.47e-20	78.6
Gairdner_NODE_107_length_49922_cov_74.384603_10	Gairdner_NODE_107_length_49922_cov_74.384603_9	45.4	108	53	3	1	107	22	124	6.20e-19	75.1
Gairdner_NODE_107_length_49922_cov_74.384603_10	QKNW01000002.1_43	62.5	64	17	2	1	64	22	78	1.61e-16	67.4
Gairdner_NODE_107_length_49922_cov_74.384603_10	WSZK01000033.1_39	35.9	145	70	4	1	145	50	171	2.06e-13	60.1
Gairdner_NODE_107_length_49922_cov_74.384603_10	BBJN01000020.1_30	48.6	70	29	2	1	70	24	86	4.10e-12	55.8
Gairdner_NODE_107_length_49922_cov_74.384603_10	JAJCVI010000002.1_548	43.5	92	38	4	1	89	22	102	6.86e-12	55.1
Gairdner_NODE_107_length_49922_cov_74.384603_10	BBJN01000020.1_29	50.0	66	27	2	1	66	22	81	3.18e-11	53.5
Gairdner_NODE_107_length_49922_cov_74.384603_10	JAJCVI010000002.1_549	49.3	69	25	3	1	69	22	80	4.20e-11	53.1
Gairdner_NODE_107_length_49922_cov_74.384603_10	BBJN01000020.1_27	50.7	69	30	3	1	66	24	91	6.28e-11	53.5
Gairdner_NODE_107_length_49922_cov_74.384603_10	JAJCVI010000002.1_550	37.4	107	46	3	1	89	22	125	1.41e-10	52.0
Gairdner_NODE_107_length_49922_cov_74.384603_10	JAJCVI010000002.1_551	41.4	70	37	2	1	68	1	68	2.37e-08	45.8
Gairdner_NODE_107_length_49922_cov_74.384603_10	WSZK01000033.1_40	45.0	80	36	4	1	73	23	101	3.12e-08	46.2
Gairdner_NODE_107_length_49922_cov_74.384603_10	SJER01000008.1_124	61.5	39	14	1	1	39	24	61	1.30e-04	35.4
Gairdner_NODE_107_length_49922_cov_74.384603_10	SJER01000008.1_122	70.4	27	8	0	1	27	23	49	7.22e-04	33.5
Gairdner_NODE_107_length_49922_cov_74.384603_11	Gairdner_NODE_107_length_49922_cov_74.384603_11	100	213	0	0	1	213	1	213	4.97e-160	436
Gairdner_NODE_107_length_49922_cov_74.384603_12	Gairdner_NODE_107_length_49922_cov_74.384603_12	100	1414	0	0	1	1414	1	1414	0.0	2657
Gairdner_NODE_107_length_49922_cov_74.384603_12	Eyresouth_NODE_101_length_48437_cov_7.17035_9	30.7	929	575	30	519	1411	263	1158	1.65e-95	330
Gairdner_NODE_107_length_49922_cov_74.384603_12	Frome_NODE_383_length_24936_cov_4.316346_1	32.4	546	338	14	891	1411	1	540	2.21e-65	228
Gairdner_NODE_107_length_49922_cov_74.384603_12	Gairdner_NODE_167_length_41210_cov_9.888325_32	24.2	1493	906	50	1	1386	1	1374	1.09e-53	202
Gairdner_NODE_107_length_49922_cov_74.384603_12	BBJN01000020.1_32	23.8	1514	859	51	10	1394	10	1358	5.81e-44	170
Gairdner_NODE_107_length_49922_cov_74.384603_12	QKNW01000002.1_41	26.3	916	548	33	521	1393	581	1412	3.21e-39	155
Gairdner_NODE_107_length_49922_cov_74.384603_12	SRIF01000015.1_79	24.9	915	564	33	522	1389	354	1192	4.79e-37	147
Gairdner_NODE_107_length_49922_cov_74.384603_12	NC_015659.1_102	25.3	932	537	37	522	1407	278	1096	1.14e-35	143
Gairdner_NODE_107_length_49922_cov_74.384603_12	AOLZ01000012.1_19	23.1	922	593	32	521	1409	380	1218	6.56e-35	140
Gairdner_NODE_107_length_49922_cov_74.384603_12	CP019286.1_50	23.1	922	593	32	521	1409	380	1218	6.56e-35	140
Gairdner_NODE_107_length_49922_cov_74.384603_12	KX687704.1_7	22.8	980	611	33	453	1381	446	1330	5.86e-23	102
Gairdner_NODE_107_length_49922_cov_74.384603_12	KX906370.1_88	22.8	980	611	33	453	1381	446	1330	5.86e-23	102
Gairdner_NODE_107_length_49922_cov_74.384603_12	FNFE01000011.1_19	20.5	317	194	11	522	818	279	557	1.79e-05	44.7
Gairdner_NODE_107_length_49922_cov_74.384603_13	Gairdner_NODE_107_length_49922_cov_74.384603_13	100	523	0	0	1	523	1	523	0.0	939
Gairdner_NODE_107_length_49922_cov_74.384603_13	Eyre_NODE_236_length_33155_cov_19.932_44	53.9	254	116	1	271	523	3	256	1.95e-76	237
Gairdner_NODE_107_length_49922_cov_74.384603_13	Eyresouth_NODE_101_length_48437_cov_7.17035_10	34.4	543	305	17	1	518	16	532	1.06e-58	199
Gairdner_NODE_107_length_49922_cov_74.384603_13	Frome_NODE_383_length_24936_cov_4.316346_2	35.7	501	271	17	1	476	16	490	2.05e-57	196
Gairdner_NODE_107_length_49922_cov_74.384603_13	CP119801.1_44	34.8	469	247	16	43	476	35	479	2.17e-56	192
Gairdner_NODE_107_length_49922_cov_74.384603_13	JDTG01000019.1_82	34.8	483	261	16	26	476	15	475	6.04e-56	191
Gairdner_NODE_107_length_49922_cov_74.384603_13	CP099999.1_40	35.8	453	241	16	47	476	30	455	3.96e-52	181
Gairdner_NODE_107_length_49922_cov_74.384603_13	NC_013748.1_10	34.0	447	245	13	61	477	54	480	3.49e-51	178
Gairdner_NODE_107_length_49922_cov_74.384603_13	CP031299.1_9	45.3	258	125	9	223	475	13	259	2.65e-47	162
Gairdner_NODE_107_length_49922_cov_74.384603_13	LOAJ01000002.1_60	32.1	517	285	18	5	477	19	513	7.84e-47	167
Gairdner_NODE_107_length_49922_cov_74.384603_13	CP101158.1_75	31.6	478	269	16	35	476	29	484	1.04e-46	166
Gairdner_NODE_107_length_49922_cov_74.384603_13	JAAOHU010000009.1_3	34.2	450	254	12	50	477	40	469	2.01e-46	165
Gairdner_NODE_107_length_49922_cov_74.384603_13	KX687704.1_8	32.5	514	285	20	5	477	14	506	2.19e-44	160
Gairdner_NODE_107_length_49922_cov_74.384603_13	KX906370.1_89	32.5	514	285	20	5	477	14	506	2.19e-44	160
Gairdner_NODE_107_length_49922_cov_74.384603_13	SRIF01000015.1_78	32.4	479	273	17	32	477	28	488	1.10e-42	155
Gairdner_NODE_107_length_49922_cov_74.384603_13	CP095494.1_35	30.3	499	307	12	3	477	1	482	2.85e-40	148
Gairdner_NODE_107_length_49922_cov_74.384603_13	CP019329.1_79	36.4	382	193	17	111	477	119	465	2.31e-38	142
Gairdner_NODE_107_length_49922_cov_74.384603_13	FNFE01000011.1_20	37.9	309	168	7	172	477	176	463	3.26e-36	136
Gairdner_NODE_107_length_49922_cov_74.384603_13	AOIO01000049.1_91	41.7	240	126	5	249	476	519	756	3.29e-36	139
Gairdner_NODE_107_length_49922_cov_74.384603_13	NC_015659.1_101	35.1	419	242	14	73	477	74	476	4.20e-36	136
Gairdner_NODE_107_length_49922_cov_74.384603_13	JAJCVI010000002.1_558	28.1	513	318	16	35	520	39	527	3.75e-33	128
Gairdner_NODE_107_length_49922_cov_74.384603_13	WSZK01000033.1_35	29.6	506	302	17	2	477	4	485	1.70e-30	120
Gairdner_NODE_107_length_49922_cov_74.384603_13	CP101161.1_3056	29.6	439	262	13	58	475	61	473	8.57e-28	112
Gairdner_NODE_107_length_49922_cov_74.384603_13	AOJE01000051.1_48	40.9	208	111	5	274	477	19	218	2.45e-27	106
Gairdner_NODE_107_length_49922_cov_74.384603_14	Gairdner_NODE_107_length_49922_cov_74.384603_14	100	265	0	0	1	265	1	265	4.10e-203	550
Gairdner_NODE_107_length_49922_cov_74.384603_14	FOXI01000018.1_53	34.3	251	137	10	1	249	1	225	2.18e-29	107
Gairdner_NODE_107_length_49922_cov_74.384603_14	JAANTI010000009.1_2	34.3	251	137	10	1	249	1	225	2.18e-29	107
Gairdner_NODE_107_length_49922_cov_74.384603_14	AOIR01000042.1_45	29.7	269	157	9	1	256	20	269	3.83e-25	96.7
Gairdner_NODE_107_length_49922_cov_74.384603_14	JAJCVI010000007.1_15	31.3	246	145	9	27	262	35	266	2.01e-23	92.0
Gairdner_NODE_107_length_49922_cov_74.384603_15	Gairdner_NODE_107_length_49922_cov_74.384603_15	100	507	0	0	1	507	1	507	0.0	1005
Gairdner_NODE_107_length_49922_cov_74.384603_16	Gairdner_NODE_107_length_49922_cov_74.384603_16	100	333	0	0	1	333	1	333	4.05e-219	596
Gairdner_NODE_107_length_49922_cov_74.384603_16	NC_015659.1_96	37.0	300	169	9	1	294	49	334	9.59e-36	129
Gairdner_NODE_107_length_49922_cov_74.384603_16	AOIO01000049.1_95	34.0	294	181	7	5	294	5	289	1.55e-30	114
Gairdner_NODE_107_length_49922_cov_74.384603_16	AOIP01000022.1_24	35.2	307	159	16	24	306	24	314	9.38e-26	101
Gairdner_NODE_107_length_49922_cov_74.384603_16	CP031299.1_15	36.4	272	156	8	31	294	31	293	6.10e-25	99.4
Gairdner_NODE_107_length_49922_cov_74.384603_16	JDTG01000019.1_88	36.4	272	156	8	31	294	31	293	6.10e-25	99.4
Gairdner_NODE_107_length_49922_cov_74.384603_16	CP084476.1_66	30.5	285	167	6	24	294	24	291	6.18e-22	90.9
Gairdner_NODE_107_length_49922_cov_74.384603_16	CP095494.1_37	40.3	149	83	4	23	166	23	170	8.72e-22	90.1
Gairdner_NODE_107_length_49922_cov_74.384603_16	LWLN01000003.1_16	28.7	327	181	16	24	309	24	339	9.68e-08	48.5
Gairdner_NODE_107_length_49922_cov_74.384603_17	Gairdner_NODE_107_length_49922_cov_74.384603_17	100	173	0	0	1	173	1	173	2.27e-125	345
Gairdner_NODE_107_length_49922_cov_74.384603_18	Gairdner_NODE_107_length_49922_cov_74.384603_18	100	205	0	0	1	205	1	205	7.28e-140	385
Gairdner_NODE_107_length_49922_cov_74.384603_18	AOJE01000025.1_32	39.4	99	60	0	106	204	128	226	3.57e-14	64.7
Gairdner_NODE_107_length_49922_cov_74.384603_18	BBJN01000020.1_36	29.4	194	121	6	11	191	6	196	4.18e-05	38.5
Gairdner_NODE_107_length_49922_cov_74.384603_18	FOXI01000018.1_50	28.1	196	117	6	13	191	8	196	5.64e-05	38.1
Gairdner_NODE_107_length_49922_cov_74.384603_18	JAANTI010000009.1_5	28.1	196	117	6	13	191	8	196	5.64e-05	38.1
Gairdner_NODE_107_length_49922_cov_74.384603_19	Gairdner_NODE_107_length_49922_cov_74.384603_19	100	177	0	0	1	177	1	177	9.58e-129	354
Gairdner_NODE_107_length_49922_cov_74.384603_19	FOXI01000018.1_49	56.1	180	72	1	5	177	3	182	1.79e-65	194
Gairdner_NODE_107_length_49922_cov_74.384603_19	JAANTI010000009.1_6	56.1	180	72	1	5	177	3	182	1.79e-65	194
Gairdner_NODE_107_length_49922_cov_74.384603_19	BBJN01000020.1_37	56.1	180	72	1	5	177	3	182	4.17e-64	191
Gairdner_NODE_107_length_49922_cov_74.384603_19	RJJW01000001.1_36	36.1	122	77	1	57	177	85	206	1.16e-18	75.5
Gairdner_NODE_107_length_49922_cov_74.384603_19	Eyre_NODE_236_length_33155_cov_19.932_36	53.6	28	13	0	4	31	3	30	1.14e-04	34.3
Gairdner_NODE_107_length_49922_cov_74.384603_19	Eyresouth_NODE_101_length_48437_cov_7.17035_18	53.6	28	13	0	4	31	3	30	1.14e-04	34.3
Gairdner_NODE_107_length_49922_cov_74.384603_19	Frome_NODE_383_length_24936_cov_4.316346_10	53.6	28	13	0	4	31	3	30	1.14e-04	34.3
Gairdner_NODE_107_length_49922_cov_74.384603_20	Gairdner_NODE_107_length_49922_cov_74.384603_20	100	102	0	0	1	102	1	102	1.16e-66	191
Gairdner_NODE_107_length_49922_cov_74.384603_20	CP100004.1_9	47.9	94	49	0	1	94	1	94	2.43e-25	87.4
Gairdner_NODE_107_length_49922_cov_74.384603_20	FOXI01000018.1_48	56.3	80	35	0	19	98	1	80	1.09e-24	85.1
Gairdner_NODE_107_length_49922_cov_74.384603_20	JAANTI010000009.1_7	56.3	80	35	0	19	98	1	80	1.09e-24	85.1
Gairdner_NODE_107_length_49922_cov_74.384603_20	BBJN01000020.1_38	72.2	36	10	0	63	98	1	36	4.47e-14	57.0
Gairdner_NODE_107_length_49922_cov_74.384603_20	WSZK01000033.1_30	52.9	51	24	0	51	101	16	66	9.22e-14	57.0
Gairdner_NODE_107_length_49922_cov_74.384603_21	Gairdner_NODE_107_length_49922_cov_74.384603_21	100	299	0	0	1	299	1	299	1.09e-215	584
Gairdner_NODE_107_length_49922_cov_74.384603_21	BBJN01000020.1_39	59.7	293	117	1	5	296	2	294	3.85e-120	342
Gairdner_NODE_107_length_49922_cov_74.384603_21	FOXI01000018.1_47	58.8	294	119	2	4	296	3	295	2.64e-118	338
Gairdner_NODE_107_length_49922_cov_74.384603_21	JAANTI010000009.1_8	58.8	294	119	2	4	296	3	295	2.64e-118	338
Gairdner_NODE_107_length_49922_cov_74.384603_21	CP100004.1_10	56.9	274	113	3	28	296	15	288	1.03e-103	301
Gairdner_NODE_107_length_49922_cov_74.384603_21	NC_015659.1_92	45.4	295	148	6	13	297	7	298	2.92e-78	236
Gairdner_NODE_107_length_49922_cov_74.384603_21	AOIP01000022.1_28	45.1	288	153	3	14	297	7	293	5.84e-78	236
Gairdner_NODE_107_length_49922_cov_74.384603_21	AOIO01000049.1_99	45.3	289	152	4	14	297	7	294	6.02e-78	236
Gairdner_NODE_107_length_49922_cov_74.384603_21	CP031299.1_20	46.1	282	145	6	16	292	11	290	3.52e-77	234
Gairdner_NODE_107_length_49922_cov_74.384603_21	JDTG01000019.1_93	46.1	282	145	6	16	292	11	290	3.52e-77	234
Gairdner_NODE_107_length_49922_cov_74.384603_21	NC_013748.1_21	44.9	294	150	6	14	297	13	304	1.30e-76	233
Gairdner_NODE_107_length_49922_cov_74.384603_21	CP084476.1_60	41.9	289	163	4	12	297	6	292	5.26e-73	223
Gairdner_NODE_107_length_49922_cov_74.384603_21	WSZK01000033.1_29	45.1	295	150	6	12	297	9	300	4.33e-72	221
Gairdner_NODE_107_length_49922_cov_74.384603_21	CP101161.1_3061	43.2	266	136	6	36	295	26	282	5.49e-62	194
Gairdner_NODE_107_length_49922_cov_74.384603_21	JAAOHU010000009.1_62	42.9	266	147	4	35	298	150	412	7.03e-62	198
Gairdner_NODE_107_length_49922_cov_74.384603_21	JAJCVI010000002.1_563	41.6	274	150	6	24	292	21	289	9.48e-62	194
Gairdner_NODE_107_length_49922_cov_74.384603_21	SJER01000008.1_136	42.3	248	141	2	37	283	155	401	8.68e-60	192
Gairdner_NODE_107_length_49922_cov_74.384603_21	CP095494.1_44	39.1	279	163	6	10	285	9	283	1.32e-59	188
Gairdner_NODE_107_length_49922_cov_74.384603_21	RJJW01000001.1_38	39.9	263	152	5	37	296	45	304	5.44e-58	184
Gairdner_NODE_107_length_49922_cov_74.384603_21	AOIR01000042.1_49	40.5	301	153	10	6	297	3	286	2.56e-56	180
Gairdner_NODE_107_length_49922_cov_74.384603_21	SRIF01000015.1_66	39.0	282	161	7	15	288	14	292	6.38e-54	174
Gairdner_NODE_107_length_49922_cov_74.384603_21	LWLN01000003.1_21	38.8	260	138	9	33	278	44	296	1.65e-51	168
Gairdner_NODE_107_length_49922_cov_74.384603_21	CP019329.1_67	34.0	259	159	6	41	291	160	414	1.43e-46	158
Gairdner_NODE_107_length_49922_cov_74.384603_21	CP019286.1_42	37.0	292	168	8	13	296	130	413	1.53e-46	157
Gairdner_NODE_107_length_49922_cov_74.384603_21	AOLZ01000012.1_27	37.0	292	168	8	13	296	130	413	2.68e-46	157
Gairdner_NODE_107_length_49922_cov_74.384603_22	Gairdner_NODE_107_length_49922_cov_74.384603_22	100	83	0	0	1	83	1	83	4.72e-55	160
Gairdner_NODE_107_length_49922_cov_74.384603_22	FOXI01000018.1_46	73.8	80	21	0	1	80	1	80	3.23e-37	115
Gairdner_NODE_107_length_49922_cov_74.384603_22	JAANTI010000009.1_9	73.8	80	21	0	1	80	1	80	3.23e-37	115
Gairdner_NODE_107_length_49922_cov_74.384603_22	BBJN01000020.1_40	70.0	80	24	0	1	80	1	80	2.55e-34	108
Gairdner_NODE_107_length_49922_cov_74.384603_22	CP100004.1_11	42.2	83	46	1	1	81	1	83	5.98e-17	64.7
Gairdner_NODE_107_length_49922_cov_74.384603_23	Gairdner_NODE_107_length_49922_cov_74.384603_23	100	94	0	0	1	94	1	94	9.59e-60	173
Gairdner_NODE_107_length_49922_cov_74.384603_23	BBJN01000020.1_41	60.6	94	37	0	1	94	1	94	5.01e-37	116
Gairdner_NODE_107_length_49922_cov_74.384603_23	FOXI01000018.1_45	58.5	94	39	0	1	94	1	94	5.84e-36	113
Gairdner_NODE_107_length_49922_cov_74.384603_23	JAANTI010000009.1_10	58.5	94	39	0	1	94	1	94	5.84e-36	113
Gairdner_NODE_107_length_49922_cov_74.384603_23	CP100004.1_12	38.5	96	57	1	1	94	1	96	1.77e-13	56.6
Gairdner_NODE_107_length_49922_cov_74.384603_24	Gairdner_NODE_107_length_49922_cov_74.384603_24	100	89	0	0	1	89	1	89	2.93e-63	182
Gairdner_NODE_107_length_49922_cov_74.384603_24	BBJN01000020.1_42	56.7	67	27	1	1	67	1	65	1.47e-18	68.6
Gairdner_NODE_107_length_49922_cov_74.384603_24	FOXI01000018.1_44	53.7	67	29	1	1	67	1	65	6.90e-17	64.3
Gairdner_NODE_107_length_49922_cov_74.384603_24	JAANTI010000009.1_11	53.7	67	29	1	1	67	1	65	6.90e-17	64.3
Gairdner_NODE_107_length_49922_cov_74.384603_25	Gairdner_NODE_107_length_49922_cov_74.384603_25	100	199	0	0	1	199	1	199	1.55e-147	404
Gairdner_NODE_107_length_49922_cov_74.384603_25	BBJN01000020.1_43	61.5	200	75	2	1	199	1	199	3.13e-85	246
Gairdner_NODE_107_length_49922_cov_74.384603_25	FOXI01000018.1_43	60.3	199	78	1	1	199	1	198	2.87e-83	241
Gairdner_NODE_107_length_49922_cov_74.384603_25	JAANTI010000009.1_12	60.3	199	78	1	1	199	1	198	2.87e-83	241
Gairdner_NODE_107_length_49922_cov_74.384603_25	CP100004.1_15	35.4	192	122	1	5	196	8	197	6.51e-40	131
Gairdner_NODE_107_length_49922_cov_74.384603_25	WSZK01000033.1_25	37.7	191	106	6	9	191	12	197	2.36e-32	112
Gairdner_NODE_107_length_49922_cov_74.384603_25	CP101158.1_88	33.8	154	91	4	25	177	30	173	9.23e-25	92.0
Gairdner_NODE_107_length_49922_cov_74.384603_25	Eyre_NODE_236_length_33155_cov_19.932_30	32.6	175	108	5	14	188	23	187	8.01e-18	74.7
Gairdner_NODE_107_length_49922_cov_74.384603_25	Eyresouth_NODE_101_length_48437_cov_7.17035_24	31.4	175	110	3	14	188	23	187	8.01e-18	74.7
Gairdner_NODE_107_length_49922_cov_74.384603_25	Frome_NODE_383_length_24936_cov_4.316346_16	31.4	175	110	3	14	188	23	187	8.01e-18	74.7
Gairdner_NODE_107_length_49922_cov_74.384603_26	Gairdner_NODE_107_length_49922_cov_74.384603_26	100	81	0	0	1	81	1	81	5.60e-53	155
Gairdner_NODE_107_length_49922_cov_74.384603_27	Gairdner_NODE_107_length_49922_cov_74.384603_27	100	337	0	0	1	337	1	337	1.16e-236	640
Gairdner_NODE_107_length_49922_cov_74.384603_27	FOXI01000018.1_42	62.5	339	125	1	1	337	1	339	4.38e-144	406
Gairdner_NODE_107_length_49922_cov_74.384603_27	JAANTI010000009.1_13	62.5	339	125	1	1	337	1	339	4.38e-144	406
Gairdner_NODE_107_length_49922_cov_74.384603_27	BBJN01000020.1_44	62.5	339	125	1	1	337	1	339	1.77e-143	405
Gairdner_NODE_107_length_49922_cov_74.384603_27	CP100004.1_16	44.5	330	179	3	8	335	9	336	6.87e-83	251
Gairdner_NODE_107_length_49922_cov_74.384603_27	NC_013748.1_26	37.7	332	196	6	3	332	4	326	5.94e-55	179
Gairdner_NODE_107_length_49922_cov_74.384603_27	WSZK01000033.1_24	35.1	313	192	5	3	305	6	317	5.43e-52	171
Gairdner_NODE_107_length_49922_cov_74.384603_27	AOIO01000049.1_109	37.3	319	191	6	3	317	4	317	3.26e-50	166
Gairdner_NODE_107_length_49922_cov_74.384603_27	AOIP01000022.1_33	37.0	319	192	6	3	317	4	317	1.78e-49	164
Gairdner_NODE_107_length_49922_cov_74.384603_27	AOJE01000051.1_24	32.4	284	186	3	1	282	1	280	2.45e-34	124
Gairdner_NODE_107_length_49922_cov_74.384603_27	KX687704.1_23	31.7	290	192	3	10	297	10	295	4.48e-34	124
Gairdner_NODE_107_length_49922_cov_74.384603_27	KX906370.1_104	31.7	290	192	3	10	297	10	295	4.48e-34	124
Gairdner_NODE_107_length_49922_cov_74.384603_28	Gairdner_NODE_107_length_49922_cov_74.384603_28	100	412	0	0	1	412	1	412	5.29e-280	756
Gairdner_NODE_107_length_49922_cov_74.384603_28	BBJN01000020.1_45	74.5	369	94	0	44	412	51	419	1.26e-196	546
Gairdner_NODE_107_length_49922_cov_74.384603_28	FOXI01000018.1_40	75.1	366	91	0	47	412	60	425	1.56e-196	546
Gairdner_NODE_107_length_49922_cov_74.384603_28	JAANTI010000009.1_15	75.1	366	91	0	47	412	60	425	1.56e-196	546
Gairdner_NODE_107_length_49922_cov_74.384603_28	CP100004.1_17	57.3	349	147	1	48	394	56	404	3.71e-134	387
Gairdner_NODE_107_length_49922_cov_74.384603_28	AOIO01000049.1_110	46.6	354	185	3	49	401	54	404	1.61e-96	291
Gairdner_NODE_107_length_49922_cov_74.384603_28	NC_015659.1_86	46.6	358	187	3	45	401	56	410	2.72e-96	290
Gairdner_NODE_107_length_49922_cov_74.384603_28	AOIP01000022.1_34	46.3	354	186	3	49	401	54	404	6.41e-96	289
Gairdner_NODE_107_length_49922_cov_74.384603_28	WSZK01000033.1_23	46.9	358	184	4	43	395	64	420	3.39e-94	286
Gairdner_NODE_107_length_49922_cov_74.384603_28	CP031299.1_26	43.2	403	219	5	1	396	1	400	7.40e-92	279
Gairdner_NODE_107_length_49922_cov_74.384603_28	JDTG01000019.1_99	43.2	403	219	5	1	396	1	400	7.40e-92	279
Gairdner_NODE_107_length_49922_cov_74.384603_28	CP084476.1_54	43.4	364	202	3	39	401	52	412	1.25e-91	278
Gairdner_NODE_107_length_49922_cov_74.384603_28	NC_013748.1_27	44.1	356	195	3	47	401	58	410	1.51e-89	273
Gairdner_NODE_107_length_49922_cov_74.384603_28	CP101161.1_3067	39.4	353	211	3	59	409	3	354	6.25e-76	236
Gairdner_NODE_107_length_49922_cov_74.384603_28	CP101158.1_90	41.2	354	198	5	49	394	81	432	2.94e-74	234
Gairdner_NODE_107_length_49922_cov_74.384603_28	LOAJ01000002.1_46	38.6	355	208	3	49	396	77	428	9.85e-74	233
Gairdner_NODE_107_length_49922_cov_74.384603_28	KX687704.1_24	37.8	352	215	2	49	396	76	427	1.14e-71	227
Gairdner_NODE_107_length_49922_cov_74.384603_28	KX906370.1_105	37.8	352	215	2	49	396	76	427	1.14e-71	227
Gairdner_NODE_107_length_49922_cov_74.384603_28	JAJCVI010000002.1_569	37.6	354	217	3	42	394	66	416	1.03e-67	217
Gairdner_NODE_107_length_49922_cov_74.384603_28	AOJE01000025.1_39	37.7	363	221	4	49	407	70	431	6.51e-67	215
Gairdner_NODE_107_length_49922_cov_74.384603_28	LWLN01000003.1_27	39.0	359	199	7	47	388	52	407	1.95e-64	209
Gairdner_NODE_107_length_49922_cov_74.384603_28	CP099999.1_28	39.1	386	208	9	49	409	56	439	3.93e-64	208
Gairdner_NODE_107_length_49922_cov_74.384603_28	AOLZ01000012.1_33	38.3	376	204	9	45	397	55	425	4.93e-62	202
Gairdner_NODE_107_length_49922_cov_74.384603_28	CP019286.1_36	38.3	376	204	9	45	397	55	425	4.93e-62	202
Gairdner_NODE_107_length_49922_cov_74.384603_28	FNFE01000011.1_36	38.3	376	204	10	44	396	58	428	6.08e-60	197
Gairdner_NODE_107_length_49922_cov_74.384603_29	Gairdner_NODE_107_length_49922_cov_74.384603_29	100	565	0	0	1	565	1	565	0.0	1077
Gairdner_NODE_107_length_49922_cov_74.384603_29	FOXI01000018.1_39	61.0	515	192	5	56	562	2	515	1.06e-213	600
Gairdner_NODE_107_length_49922_cov_74.384603_29	JAANTI010000009.1_16	61.0	515	192	5	56	562	2	515	1.06e-213	600
Gairdner_NODE_107_length_49922_cov_74.384603_29	BBJN01000020.1_46	56.3	510	182	4	56	545	2	490	5.16e-185	529
Gairdner_NODE_107_length_49922_cov_74.384603_29	CP100004.1_19	44.8	460	244	4	105	563	45	495	8.43e-126	374
Gairdner_NODE_107_length_49922_cov_74.384603_29	WSZK01000033.1_22	41.6	447	247	6	110	550	87	525	6.19e-93	291
Gairdner_NODE_107_length_49922_cov_74.384603_29	NC_015659.1_85	37.4	465	278	6	110	563	72	534	5.13e-86	273
Gairdner_NODE_107_length_49922_cov_74.384603_29	NC_013748.1_28	33.7	460	294	5	111	563	97	552	1.27e-71	235
Gairdner_NODE_107_length_49922_cov_74.384603_29	AOJE01000051.1_21	32.5	458	283	7	102	554	46	482	1.08e-51	180
Gairdner_NODE_107_length_49922_cov_74.384603_29	AOIR01000042.1_56	30.2	524	323	14	43	554	4	496	1.70e-49	174
Gairdner_NODE_107_length_49922_cov_74.384603_29	KX906370.1_106	30.6	461	288	8	102	554	114	550	4.33e-49	174
Gairdner_NODE_107_length_49922_cov_74.384603_29	RJJW01000001.1_45	35.3	323	187	8	240	551	338	649	4.94e-45	164
Gairdner_NODE_107_length_49922_cov_74.384603_29	CP101158.1_91	28.3	456	295	8	114	560	134	566	1.55e-44	162
Gairdner_NODE_107_length_49922_cov_74.384603_29	FNFE01000011.1_37	32.2	298	192	4	268	561	346	637	1.40e-36	140
Gairdner_NODE_107_length_49922_cov_74.384603_29	AOLZ01000012.1_34	32.1	299	183	4	272	561	364	651	1.93e-32	127
Gairdner_NODE_107_length_49922_cov_74.384603_29	CP019286.1_35	32.1	299	183	4	272	561	364	651	1.93e-32	127
Gairdner_NODE_107_length_49922_cov_74.384603_29	CP019329.1_60	27.4	339	226	4	238	561	314	647	2.73e-29	118
Gairdner_NODE_107_length_49922_cov_74.384603_29	Eyre_NODE_236_length_33155_cov_19.932_27	27.7	300	187	7	269	551	315	601	8.86e-21	91.7
Gairdner_NODE_107_length_49922_cov_74.384603_29	QKNW01000002.1_21	27.2	302	190	10	263	550	365	650	1.68e-20	90.9
Gairdner_NODE_107_length_49922_cov_74.384603_29	Frome_NODE_383_length_24936_cov_4.316346_19	28.1	313	198	8	249	550	290	586	2.71e-20	90.1
Gairdner_NODE_107_length_49922_cov_74.384603_30	Gairdner_NODE_107_length_49922_cov_74.384603_30	100	104	0	0	1	104	1	104	2.69e-75	213
Gairdner_NODE_107_length_49922_cov_74.384603_31	Gairdner_NODE_107_length_49922_cov_74.384603_31	100	786	0	0	1	786	1	786	0.0	1551
Gairdner_NODE_107_length_49922_cov_74.384603_31	FOXI01000018.1_35	70.6	783	229	1	1	783	1	782	0.0	1123
Gairdner_NODE_107_length_49922_cov_74.384603_31	JAANTI010000009.1_19	70.6	783	229	1	1	783	1	782	0.0	1123
Gairdner_NODE_107_length_49922_cov_74.384603_31	BBJN01000020.1_48	68.6	790	240	2	1	783	1	789	0.0	1096
Gairdner_NODE_107_length_49922_cov_74.384603_31	CP100004.1_22	44.7	789	418	9	3	780	2	783	2.14e-218	630
Gairdner_NODE_107_length_49922_cov_74.384603_31	AOIP01000022.1_36	41.8	795	441	9	1	784	1	784	4.35e-197	575
Gairdner_NODE_107_length_49922_cov_74.384603_31	NC_013748.1_29	41.2	789	449	8	1	784	1	779	1.61e-195	571
Gairdner_NODE_107_length_49922_cov_74.384603_31	NC_015659.1_84	42.5	785	427	11	12	784	11	783	2.58e-195	571
Gairdner_NODE_107_length_49922_cov_74.384603_31	AOIO01000049.1_112	41.4	795	444	9	1	784	1	784	1.74e-193	566
Gairdner_NODE_107_length_49922_cov_74.384603_31	CP031299.1_28	41.7	796	439	11	1	784	1	783	5.17e-192	562
Gairdner_NODE_107_length_49922_cov_74.384603_31	JDTG01000019.1_101	41.7	796	439	11	1	784	1	783	5.17e-192	562
Gairdner_NODE_107_length_49922_cov_74.384603_31	RJJW01000001.1_46	40.7	804	441	12	8	784	10	804	2.26e-187	551
Gairdner_NODE_107_length_49922_cov_74.384603_31	WSZK01000033.1_21	40.7	801	442	12	4	783	12	800	8.21e-187	550
Gairdner_NODE_107_length_49922_cov_74.384603_31	CP101158.1_93	40.6	795	430	10	27	783	32	822	3.74e-184	543
Gairdner_NODE_107_length_49922_cov_74.384603_31	CP119801.1_26	40.5	808	441	14	5	783	10	806	3.62e-181	535
Gairdner_NODE_107_length_49922_cov_74.384603_31	JAAOHU010000009.1_54	40.2	794	431	13	28	783	32	819	1.33e-180	534
Gairdner_NODE_107_length_49922_cov_74.384603_31	FNFE01000011.1_39	39.1	808	439	14	15	783	21	814	6.34e-179	530
Gairdner_NODE_107_length_49922_cov_74.384603_31	CP099999.1_26	38.4	813	457	11	6	783	9	812	1.20e-175	521
Gairdner_NODE_107_length_49922_cov_74.384603_31	KX687704.1_26	38.2	816	458	10	7	780	20	831	2.18e-173	516
Gairdner_NODE_107_length_49922_cov_74.384603_31	SRIF01000015.1_56	40.3	775	426	13	38	783	41	807	3.21e-173	515
Gairdner_NODE_107_length_49922_cov_74.384603_31	KX906370.1_107	38.7	817	455	12	7	783	17	827	5.14e-173	515
Gairdner_NODE_107_length_49922_cov_74.384603_31	LOAJ01000002.1_44	38.1	814	463	10	7	783	20	829	4.28e-172	513
Gairdner_NODE_107_length_49922_cov_74.384603_31	CP019329.1_57	38.5	814	448	13	5	783	16	811	4.19e-171	509
Gairdner_NODE_107_length_49922_cov_74.384603_31	CP084476.1_52	39.0	802	460	13	1	783	1	792	6.21e-169	503
Gairdner_NODE_107_length_49922_cov_74.384603_31	AOLZ01000012.1_35	39.2	802	457	13	4	783	25	817	1.43e-167	501
Gairdner_NODE_107_length_49922_cov_74.384603_32	Gairdner_NODE_107_length_49922_cov_74.384603_32	100	126	0	0	1	126	1	126	4.95e-86	242
Gairdner_NODE_107_length_49922_cov_74.384603_33	Gairdner_NODE_107_length_49922_cov_74.384603_33	100	135	0	0	1	135	1	135	3.78e-83	236
Gairdner_NODE_107_length_49922_cov_74.384603_34	Gairdner_NODE_107_length_49922_cov_74.384603_34	100	61	0	0	1	61	1	61	1.34e-42	127
Gairdner_NODE_107_length_49922_cov_74.384603_35	Gairdner_NODE_107_length_49922_cov_74.384603_35	100	388	0	0	1	388	1	388	4.99e-291	782
Gairdner_NODE_107_length_49922_cov_74.384603_35	FNFE01000011.1_44	48.4	368	174	7	17	378	3	360	2.81e-106	313
Gairdner_NODE_107_length_49922_cov_74.384603_35	SJER01000008.1_149	41.3	400	200	9	12	377	1	399	3.85e-94	283
Gairdner_NODE_107_length_49922_cov_74.384603_35	AOLZ01000012.1_46	39.1	368	210	7	17	378	21	380	9.62e-77	238
Gairdner_NODE_107_length_49922_cov_74.384603_35	CP019286.1_23	39.1	368	210	7	17	378	21	380	9.62e-77	238
Gairdner_NODE_107_length_49922_cov_74.384603_35	WSZK01000033.1_9	41.0	398	188	13	5	368	18	402	1.01e-75	236
Gairdner_NODE_107_length_49922_cov_74.384603_35	CP119801.1_19	37.7	387	217	7	4	376	9	385	1.89e-75	235
Gairdner_NODE_107_length_49922_cov_74.384603_35	NC_013748.1_37	37.0	370	216	9	15	376	7	367	3.12e-68	216
Gairdner_NODE_107_length_49922_cov_74.384603_35	CP031299.1_40	39.5	372	205	11	17	378	21	382	1.31e-67	214
Gairdner_NODE_107_length_49922_cov_74.384603_35	JDTG01000019.1_113	39.5	372	205	11	17	378	21	382	1.31e-67	214
Gairdner_NODE_107_length_49922_cov_74.384603_35	LWLN01000003.1_42	36.9	363	206	9	26	376	19	370	2.06e-66	211
Gairdner_NODE_107_length_49922_cov_74.384603_35	JAAOHU010000009.1_51	38.0	389	204	13	1	376	1	365	7.44e-66	209
Gairdner_NODE_107_length_49922_cov_74.384603_35	AOIP01000022.1_45	36.5	373	217	9	15	378	11	372	9.63e-64	204
Gairdner_NODE_107_length_49922_cov_74.384603_35	CP095494.1_63	43.0	79	45	0	298	376	2	80	7.15e-17	70.9
Gairdner_NODE_107_length_49922_cov_74.384603_36	Gairdner_NODE_107_length_49922_cov_74.384603_36	100	129	0	0	1	129	1	129	1.30e-96	269
Gairdner_NODE_107_length_49922_cov_74.384603_37	Gairdner_NODE_107_length_49922_cov_74.384603_37	100	216	0	0	1	216	1	216	8.96e-178	481
Gairdner_NODE_107_length_49922_cov_74.384603_38	Gairdner_NODE_107_length_49922_cov_74.384603_38	100	130	0	0	1	130	1	130	1.24e-99	277
Gairdner_NODE_107_length_49922_cov_74.384603_39	Gairdner_NODE_107_length_49922_cov_74.384603_39	100	91	0	0	1	91	1	91	4.27e-66	189
Gairdner_NODE_107_length_49922_cov_74.384603_40	Gairdner_NODE_107_length_49922_cov_74.384603_40	100	468	0	0	1	468	1	468	0.0	942
Gairdner_NODE_107_length_49922_cov_74.384603_41	Gairdner_NODE_107_length_49922_cov_74.384603_41	100	80	0	0	1	80	1	80	7.69e-55	160
Gairdner_NODE_107_length_49922_cov_74.384603_42	Gairdner_NODE_107_length_49922_cov_74.384603_42	100	72	0	0	1	72	1	72	6.74e-50	147
Gairdner_NODE_107_length_49922_cov_74.384603_43	Gairdner_NODE_107_length_49922_cov_74.384603_43	100	86	0	0	1	86	1	86	2.09e-66	189
Gairdner_NODE_107_length_49922_cov_74.384603_44	Gairdner_NODE_107_length_49922_cov_74.384603_44	100	85	0	0	1	85	1	85	1.37e-66	190
