JAANTI010000009.1_1	JAANTI010000009.1_1	100	463	0	0	1	463	1	463	2.63e-315	850
JAANTI010000009.1_1	FOXI01000018.1_54	100	463	0	0	1	463	71	533	3.66e-314	850
JAANTI010000009.1_1	SJER01000008.1_128	39.0	482	253	11	1	458	73	537	7.26e-81	256
JAANTI010000009.1_1	JAJCVI010000007.1_14	38.2	471	257	11	1	453	83	537	1.47e-66	218
JAANTI010000009.1_1	SRIF01000015.1_78	38.5	449	228	11	38	461	110	535	6.88e-59	198
JAANTI010000009.1_1	CP100004.1_1	46.9	273	128	4	177	444	1	261	1.99e-56	184
JAANTI010000009.1_1	BBJN01000020.1_33	35.9	482	256	15	1	463	88	535	6.91e-56	190
JAANTI010000009.1_1	QKNW01000002.1_40	36.8	438	252	9	38	461	112	538	1.55e-54	186
JAANTI010000009.1_1	Gairdner_NODE_167_length_41210_cov_9.888325_31	36.5	427	241	10	47	454	127	542	3.75e-52	180
JAANTI010000009.1_1	CP084476.1_75	36.9	417	223	11	40	443	112	501	1.30e-49	172
JAANTI010000009.1_1	CP099999.1_40	34.2	468	248	14	9	460	78	501	1.97e-46	164
JAANTI010000009.1_1	JAAOHU010000009.1_3	34.0	465	244	16	14	455	88	512	6.13e-46	162
JAANTI010000009.1_1	LWLN01000003.1_14	34.4	395	228	12	39	420	131	507	1.05e-44	160
JAANTI010000009.1_1	Eyresouth_NODE_101_length_48437_cov_7.17035_10	37.1	421	221	16	49	455	144	534	1.47e-43	156
JAANTI010000009.1_1	AOIR01000042.1_44	35.0	414	221	11	40	438	163	543	3.76e-43	155
JAANTI010000009.1_1	JDTG01000019.1_82	36.1	413	222	13	45	442	121	506	2.22e-42	153
JAANTI010000009.1_1	JAJCVI010000002.1_558	34.5	458	242	17	1	438	91	510	4.33e-42	152
JAANTI010000009.1_1	CP101161.1_3056	33.1	444	227	17	7	427	94	490	1.70e-41	150
JAANTI010000009.1_1	KX687704.1_8	33.3	465	259	18	12	454	113	548	5.56e-38	141
JAANTI010000009.1_1	KX906370.1_89	33.3	465	259	18	12	454	113	548	5.56e-38	141
JAANTI010000009.1_1	AOLZ01000012.1_20	36.6	383	205	12	84	454	165	521	1.32e-36	137
JAANTI010000009.1_1	CP019286.1_49	36.6	383	205	12	84	454	165	521	1.32e-36	137
JAANTI010000009.1_1	Frome_NODE_383_length_24936_cov_4.316346_2	39.1	325	166	14	49	359	144	450	1.50e-36	137
JAANTI010000009.1_1	FNFE01000011.1_20	34.5	420	213	17	43	443	118	494	1.86e-36	136
JAANTI010000009.1_1	WSZK01000033.1_35	34.9	384	190	16	1	358	94	443	1.59e-34	131
JAANTI010000009.1_2	FOXI01000018.1_53	100	235	0	0	1	235	1	235	4.76e-178	484
JAANTI010000009.1_2	JAANTI010000009.1_2	100	235	0	0	1	235	1	235	4.76e-178	484
JAANTI010000009.1_2	CP100004.1_2	43.3	233	117	7	3	223	6	235	1.93e-58	181
JAANTI010000009.1_2	QKNW01000002.1_39	41.9	229	123	6	3	225	4	228	4.04e-55	173
JAANTI010000009.1_2	BBJN01000020.1_34	43.6	236	117	7	3	224	5	238	7.52e-52	164
JAANTI010000009.1_2	JAJCVI010000007.1_15	41.0	227	104	8	16	220	26	244	8.45e-50	160
JAANTI010000009.1_2	AOJE01000025.1_29	40.0	215	115	6	3	207	25	235	7.61e-40	134
JAANTI010000009.1_2	Gairdner_NODE_107_length_49922_cov_74.384603_14	34.3	251	137	10	1	225	1	249	1.38e-29	107
JAANTI010000009.1_3	FOXI01000018.1_52	100	341	0	0	1	341	1	341	3.11e-211	577
JAANTI010000009.1_3	JAANTI010000009.1_3	100	341	0	0	1	341	1	341	3.11e-211	577
JAANTI010000009.1_3	BBJN01000020.1_35	44.9	303	142	12	43	325	42	339	6.70e-60	192
JAANTI010000009.1_4	JAANTI010000009.1_4	100	163	0	0	1	163	1	163	7.76e-119	328
JAANTI010000009.1_4	FOXI01000018.1_51	100	163	0	0	1	163	14	176	1.22e-118	328
JAANTI010000009.1_5	FOXI01000018.1_50	100	211	0	0	1	211	1	211	4.06e-149	409
JAANTI010000009.1_5	JAANTI010000009.1_5	100	211	0	0	1	211	1	211	4.06e-149	409
JAANTI010000009.1_5	BBJN01000020.1_36	91.5	211	18	0	1	211	1	211	1.29e-136	377
JAANTI010000009.1_5	CP100004.1_6	47.0	200	95	6	8	204	14	205	2.15e-52	164
JAANTI010000009.1_5	Eyre_NODE_236_length_33155_cov_19.932_37	30.0	220	129	6	2	208	12	219	5.13e-19	77.8
JAANTI010000009.1_5	CP101161.1_3059	29.7	212	123	6	4	197	7	210	1.06e-15	68.9
JAANTI010000009.1_5	Gairdner_NODE_107_length_49922_cov_74.384603_18	29.4	143	87	5	59	196	58	191	1.75e-05	39.7
JAANTI010000009.1_6	FOXI01000018.1_49	100	182	0	0	1	182	1	182	1.09e-116	324
JAANTI010000009.1_6	JAANTI010000009.1_6	100	182	0	0	1	182	1	182	1.09e-116	324
JAANTI010000009.1_6	BBJN01000020.1_37	95.6	182	8	0	1	182	1	182	1.94e-110	308
JAANTI010000009.1_6	Gairdner_NODE_107_length_49922_cov_74.384603_19	56.1	180	72	1	3	182	5	177	5.26e-65	193
JAANTI010000009.1_6	CP084476.1_61	34.2	149	93	2	32	180	6	149	1.73e-17	71.2
JAANTI010000009.1_6	RJJW01000001.1_36	33.3	123	81	1	61	182	84	206	1.42e-15	67.4
JAANTI010000009.1_6	Eyre_NODE_236_length_33155_cov_19.932_36	72.7	33	9	0	3	35	4	36	8.85e-11	50.8
JAANTI010000009.1_6	Eyresouth_NODE_101_length_48437_cov_7.17035_18	72.7	33	9	0	3	35	4	36	8.85e-11	50.8
JAANTI010000009.1_6	Frome_NODE_383_length_24936_cov_4.316346_10	72.7	33	9	0	3	35	4	36	8.85e-11	50.8
JAANTI010000009.1_7	FOXI01000018.1_48	100	84	0	0	1	84	1	84	1.11e-49	147
JAANTI010000009.1_7	JAANTI010000009.1_7	100	84	0	0	1	84	1	84	1.11e-49	147
JAANTI010000009.1_7	BBJN01000020.1_38	97.5	40	1	0	45	84	1	40	2.07e-22	77.4
JAANTI010000009.1_7	Gairdner_NODE_107_length_49922_cov_74.384603_20	56.3	80	35	0	1	80	19	98	3.93e-21	75.9
JAANTI010000009.1_7	CP100004.1_9	45.6	68	37	0	14	81	32	99	3.54e-12	53.1
JAANTI010000009.1_7	WSZK01000033.1_30	58.5	41	17	0	34	74	17	57	2.19e-07	40.0
JAANTI010000009.1_8	FOXI01000018.1_47	100	297	0	0	1	297	1	297	2.57e-213	578
JAANTI010000009.1_8	JAANTI010000009.1_8	100	297	0	0	1	297	1	297	2.57e-213	578
JAANTI010000009.1_8	BBJN01000020.1_39	95.3	297	13	1	1	297	1	296	1.16e-202	551
JAANTI010000009.1_8	Gairdner_NODE_107_length_49922_cov_74.384603_21	58.8	294	119	2	3	295	4	296	3.03e-117	335
JAANTI010000009.1_8	CP100004.1_10	53.2	280	123	4	13	287	2	278	4.72e-94	276
JAANTI010000009.1_8	AOIO01000049.1_99	50.4	284	127	5	20	294	14	292	2.97e-83	249
JAANTI010000009.1_8	AOIP01000022.1_28	48.3	294	139	5	9	294	3	291	1.31e-81	245
JAANTI010000009.1_8	NC_015659.1_92	48.0	296	141	6	9	294	4	296	7.46e-81	243
JAANTI010000009.1_8	NC_013748.1_21	47.2	301	144	7	4	294	7	302	6.72e-79	238
JAANTI010000009.1_8	WSZK01000033.1_29	45.7	291	153	4	9	296	9	297	6.80e-79	238
JAANTI010000009.1_8	CP031299.1_20	46.1	297	145	7	5	293	3	292	3.28e-77	234
JAANTI010000009.1_8	JDTG01000019.1_93	46.1	297	145	7	5	293	3	292	3.28e-77	234
JAANTI010000009.1_8	CP084476.1_60	43.4	295	156	7	5	294	2	290	3.53e-70	216
JAANTI010000009.1_8	JAJCVI010000002.1_563	40.7	290	160	6	6	291	8	289	5.63e-63	197
JAANTI010000009.1_8	RJJW01000001.1_38	39.9	296	164	6	6	293	10	299	3.71e-61	192
JAANTI010000009.1_8	JAAOHU010000009.1_62	44.8	250	132	5	33	279	150	396	4.27e-59	191
JAANTI010000009.1_8	SJER01000008.1_136	44.4	259	134	7	28	282	149	401	4.83e-58	188
JAANTI010000009.1_8	SRIF01000015.1_66	41.6	291	160	7	8	291	8	295	1.24e-56	181
JAANTI010000009.1_8	AOIR01000042.1_49	39.2	296	166	8	3	294	3	288	5.29e-55	176
JAANTI010000009.1_8	CP101161.1_3061	40.7	258	141	5	30	283	22	271	5.29e-52	168
JAANTI010000009.1_8	CP095494.1_44	37.0	281	170	6	13	290	13	289	9.99e-52	168
JAANTI010000009.1_8	Eyresouth_NODE_101_length_48437_cov_7.17035_20	34.4	256	163	4	35	287	52	305	1.73e-51	167
JAANTI010000009.1_8	Frome_NODE_383_length_24936_cov_4.316346_12	34.4	256	163	4	35	287	52	305	3.44e-51	167
JAANTI010000009.1_8	LWLN01000003.1_21	37.9	272	155	9	30	294	42	306	4.33e-51	167
JAANTI010000009.1_8	CP019286.1_42	38.2	293	167	7	10	295	128	413	1.63e-50	168
JAANTI010000009.1_9	FOXI01000018.1_46	100	82	0	0	1	82	1	82	8.87e-55	160
JAANTI010000009.1_9	JAANTI010000009.1_9	100	82	0	0	1	82	1	82	8.87e-55	160
JAANTI010000009.1_9	BBJN01000020.1_40	96.3	82	3	0	1	82	1	82	7.04e-52	152
JAANTI010000009.1_9	Gairdner_NODE_107_length_49922_cov_74.384603_22	73.8	80	21	0	1	80	1	80	2.74e-38	118
JAANTI010000009.1_9	CP100004.1_11	39.3	84	49	1	1	82	1	84	4.06e-17	65.1
JAANTI010000009.1_10	FOXI01000018.1_45	100	94	0	0	1	94	1	94	1.59e-58	170
JAANTI010000009.1_10	JAANTI010000009.1_10	100	94	0	0	1	94	1	94	1.59e-58	170
JAANTI010000009.1_10	BBJN01000020.1_41	92.6	94	7	0	1	94	1	94	3.62e-55	162
JAANTI010000009.1_10	Gairdner_NODE_107_length_49922_cov_74.384603_23	58.5	94	39	0	1	94	1	94	4.11e-36	114
JAANTI010000009.1_11	FOXI01000018.1_44	100	67	0	0	1	67	1	67	3.77e-47	139
JAANTI010000009.1_11	JAANTI010000009.1_11	100	67	0	0	1	67	1	67	3.77e-47	139
JAANTI010000009.1_11	BBJN01000020.1_42	92.5	67	5	0	1	67	1	67	7.09e-43	129
JAANTI010000009.1_11	Gairdner_NODE_107_length_49922_cov_74.384603_24	55.6	63	26	1	5	65	5	67	9.04e-18	66.2
JAANTI010000009.1_12	FOXI01000018.1_43	100	198	0	0	1	198	1	198	1.38e-145	399
JAANTI010000009.1_12	JAANTI010000009.1_12	100	198	0	0	1	198	1	198	1.38e-145	399
JAANTI010000009.1_12	BBJN01000020.1_43	95.5	199	8	1	1	198	1	199	1.00e-136	376
JAANTI010000009.1_12	Gairdner_NODE_107_length_49922_cov_74.384603_25	60.3	199	78	1	1	198	1	199	2.85e-83	241
JAANTI010000009.1_12	CP100004.1_15	36.1	191	121	1	5	195	8	197	1.41e-38	127
JAANTI010000009.1_12	WSZK01000033.1_25	38.1	189	105	6	11	191	14	198	1.78e-31	110
JAANTI010000009.1_12	LOAJ01000002.1_48	30.6	186	110	5	14	195	27	197	5.94e-23	87.4
JAANTI010000009.1_12	AOIR01000042.1_53	29.5	173	110	5	14	184	26	188	3.24e-15	66.6
JAANTI010000009.1_12	QKNW01000002.1_24	34.3	166	89	8	13	169	14	168	1.65e-14	65.5
JAANTI010000009.1_13	FOXI01000018.1_42	100	339	0	0	1	339	1	339	1.76e-232	630
JAANTI010000009.1_13	JAANTI010000009.1_13	100	339	0	0	1	339	1	339	1.76e-232	630
JAANTI010000009.1_13	BBJN01000020.1_44	98.5	339	5	0	1	339	1	339	9.77e-230	623
JAANTI010000009.1_13	Gairdner_NODE_107_length_49922_cov_74.384603_27	62.6	337	124	1	1	337	1	335	2.19e-144	407
JAANTI010000009.1_13	CP100004.1_16	46.5	327	171	3	5	329	6	330	3.69e-94	280
JAANTI010000009.1_14	FOXI01000018.1_41	100	83	0	0	1	83	1	83	3.88e-54	158
JAANTI010000009.1_14	JAANTI010000009.1_14	100	83	0	0	1	83	1	83	3.88e-54	158
JAANTI010000009.1_15	FOXI01000018.1_40	100	425	0	0	1	425	1	425	1.97e-277	751
JAANTI010000009.1_15	JAANTI010000009.1_15	100	425	0	0	1	425	1	425	1.97e-277	751
JAANTI010000009.1_15	BBJN01000020.1_45	97.0	365	11	0	61	425	55	419	2.13e-252	687
JAANTI010000009.1_15	Gairdner_NODE_107_length_49922_cov_74.384603_28	75.1	366	91	0	60	425	47	412	3.98e-197	547
JAANTI010000009.1_15	CP100004.1_17	53.3	409	184	2	1	407	1	404	3.43e-138	398
JAANTI010000009.1_15	CP084476.1_54	47.8	356	184	1	59	414	59	412	5.31e-103	308
JAANTI010000009.1_15	AOIO01000049.1_110	48.1	362	185	2	62	423	54	412	6.06e-103	308
JAANTI010000009.1_15	AOIP01000022.1_34	47.8	362	186	2	62	423	54	412	1.71e-102	306
JAANTI010000009.1_15	NC_013748.1_27	46.8	359	188	2	62	419	60	416	1.47e-99	299
JAANTI010000009.1_15	NC_015659.1_86	46.3	361	191	2	60	419	58	416	5.85e-99	298
JAANTI010000009.1_15	WSZK01000033.1_23	48.2	353	179	3	59	408	69	420	5.83e-96	291
JAANTI010000009.1_15	CP031299.1_26	45.4	359	193	2	62	419	55	411	8.95e-94	284
JAANTI010000009.1_15	JDTG01000019.1_99	45.4	359	193	2	62	419	55	411	8.95e-94	284
JAANTI010000009.1_15	CP101158.1_90	39.4	355	203	5	62	407	81	432	1.69e-73	233
JAANTI010000009.1_15	CP101161.1_3067	38.0	337	207	2	72	407	3	338	2.10e-70	222
JAANTI010000009.1_15	LWLN01000003.1_27	38.9	360	200	7	59	401	51	407	4.46e-67	216
JAANTI010000009.1_15	JAJCVI010000002.1_569	36.4	376	230	4	58	425	67	441	5.81e-67	216
JAANTI010000009.1_15	CP099999.1_28	38.7	367	205	8	59	408	53	416	3.75e-65	211
JAANTI010000009.1_15	AOJE01000025.1_39	37.0	346	213	4	62	403	70	414	2.28e-63	206
JAANTI010000009.1_15	AOLZ01000012.1_33	37.2	358	203	8	62	401	59	412	2.86e-60	198
JAANTI010000009.1_15	CP019286.1_36	37.2	358	203	8	62	401	59	412	2.86e-60	198
JAANTI010000009.1_15	CP119801.1_29	34.6	364	219	7	62	408	66	427	1.16e-56	189
JAANTI010000009.1_15	JAAOHU010000009.1_56	34.2	363	221	5	60	405	76	437	2.92e-56	188
JAANTI010000009.1_15	RJJW01000001.1_44	33.7	406	225	7	62	425	73	476	6.20e-56	187
JAANTI010000009.1_15	FNFE01000011.1_36	35.4	362	210	9	59	401	60	416	7.42e-56	187
JAANTI010000009.1_16	FOXI01000018.1_39	100	529	0	0	1	529	1	529	0.0	1037
JAANTI010000009.1_16	JAANTI010000009.1_16	100	529	0	0	1	529	1	529	0.0	1037
JAANTI010000009.1_16	BBJN01000020.1_46	90.6	459	42	1	1	459	1	458	4.50e-294	805
JAANTI010000009.1_16	Gairdner_NODE_107_length_49922_cov_74.384603_29	60.8	515	193	5	2	515	56	562	4.57e-217	608
JAANTI010000009.1_16	CP100004.1_19	45.0	473	242	4	46	515	37	494	1.88e-126	375
JAANTI010000009.1_16	WSZK01000033.1_22	43.1	452	241	6	59	505	87	527	1.28e-103	318
JAANTI010000009.1_16	NC_015659.1_85	35.8	477	293	8	46	513	59	531	1.70e-83	265
JAANTI010000009.1_16	AOIP01000022.1_35	35.9	479	292	7	46	513	58	532	4.33e-81	259
JAANTI010000009.1_16	AOIO01000049.1_111	35.5	488	299	7	46	519	58	543	6.47e-80	256
JAANTI010000009.1_16	NC_013748.1_28	32.4	482	297	6	46	513	83	549	2.44e-74	241
JAANTI010000009.1_16	CP084476.1_53	32.4	478	308	6	46	513	58	530	5.37e-69	227
JAANTI010000009.1_16	CP031299.1_27	33.6	473	289	8	46	502	131	594	5.08e-67	223
JAANTI010000009.1_16	JDTG01000019.1_100	33.6	473	289	8	46	502	131	594	5.08e-67	223
JAANTI010000009.1_16	KX906370.1_106	32.2	466	281	7	50	505	117	557	2.10e-63	213
JAANTI010000009.1_16	AOJE01000051.1_21	30.5	491	306	7	25	505	24	489	2.77e-61	205
JAANTI010000009.1_16	LOAJ01000002.1_45	32.4	463	284	8	50	505	205	645	2.67e-60	206
JAANTI010000009.1_16	CP101161.1_3068	39.8	289	166	5	221	504	286	571	2.22e-48	172
JAANTI010000009.1_16	JAJCVI010000002.1_570	37.8	288	172	5	221	505	301	584	2.61e-48	172
JAANTI010000009.1_16	AOLZ01000012.1_34	33.4	389	221	8	145	513	280	650	4.33e-43	158
JAANTI010000009.1_16	CP019286.1_35	33.4	389	221	8	145	513	280	650	4.33e-43	158
JAANTI010000009.1_16	RJJW01000001.1_45	34.3	268	159	6	227	487	376	633	2.50e-42	156
JAANTI010000009.1_16	FNFE01000011.1_37	32.1	380	219	7	157	513	273	636	5.30e-41	152
JAANTI010000009.1_16	CP019329.1_60	32.5	302	185	3	221	513	355	646	4.24e-36	138
JAANTI010000009.1_16	QKNW01000002.1_21	29.2	284	174	9	220	490	369	638	1.51e-23	100
JAANTI010000009.1_16	Eyre_NODE_236_length_33155_cov_19.932_27	28.7	317	179	12	222	508	315	614	1.76e-21	93.6
JAANTI010000009.1_17	JAANTI010000009.1_17	100	193	0	0	1	193	1	193	1.97e-138	380
JAANTI010000009.1_17	FOXI01000018.1_38	99.5	193	1	0	1	193	27	219	2.02e-137	379
JAANTI010000009.1_18	FOXI01000018.1_37	100	244	0	0	1	244	1	244	4.92e-180	489
JAANTI010000009.1_18	JAANTI010000009.1_18	100	244	0	0	1	244	1	244	4.92e-180	489
JAANTI010000009.1_19	FOXI01000018.1_35	100	785	0	0	1	785	1	785	0.0	1558
JAANTI010000009.1_19	JAANTI010000009.1_19	100	785	0	0	1	785	1	785	0.0	1558
JAANTI010000009.1_19	BBJN01000020.1_48	93.3	792	46	1	1	785	1	792	0.0	1467
JAANTI010000009.1_19	Gairdner_NODE_107_length_49922_cov_74.384603_31	70.6	783	229	1	1	782	1	783	0.0	1127
JAANTI010000009.1_19	CP100004.1_22	45.7	792	411	9	5	784	4	788	2.15e-226	650
JAANTI010000009.1_19	NC_013748.1_29	44.1	790	426	8	1	784	1	780	2.69e-205	596
JAANTI010000009.1_19	CP031299.1_28	43.5	797	424	11	1	784	1	784	8.74e-202	587
JAANTI010000009.1_19	JDTG01000019.1_101	43.5	797	424	11	1	784	1	784	8.74e-202	587
JAANTI010000009.1_19	RJJW01000001.1_46	42.5	803	431	13	7	784	9	805	9.84e-201	585
JAANTI010000009.1_19	NC_015659.1_84	42.7	787	430	8	9	784	8	784	7.02e-198	577
JAANTI010000009.1_19	AOIP01000022.1_36	41.9	788	436	8	9	784	9	786	1.68e-193	566
JAANTI010000009.1_19	AOIO01000049.1_112	42.0	788	435	8	9	784	9	786	2.38e-193	566
JAANTI010000009.1_19	CP101158.1_93	42.5	800	409	12	27	783	32	823	1.17e-188	555
JAANTI010000009.1_19	Eyre_NODE_236_length_33155_cov_19.932_26	42.4	802	431	14	7	783	26	821	6.56e-188	553
JAANTI010000009.1_19	Eyresouth_NODE_101_length_48437_cov_7.17035_28	43.0	802	426	15	7	783	26	821	9.26e-188	553
JAANTI010000009.1_19	Frome_NODE_383_length_24936_cov_4.316346_20	43.0	802	426	15	7	783	26	821	9.26e-188	553
JAANTI010000009.1_19	CP119801.1_26	41.0	815	430	15	5	784	10	808	8.03e-186	547
JAANTI010000009.1_19	JAAOHU010000009.1_54	39.9	820	450	11	3	784	7	821	2.10e-185	546
JAANTI010000009.1_19	CP019329.1_57	40.6	812	436	12	5	784	16	813	2.21e-180	533
JAANTI010000009.1_19	SRIF01000015.1_56	39.5	812	447	14	5	783	8	808	1.65e-179	531
JAANTI010000009.1_19	WSZK01000033.1_21	39.6	798	454	11	5	783	13	801	4.73e-176	522
JAANTI010000009.1_19	AOLZ01000012.1_35	39.6	803	451	11	5	783	26	818	2.40e-175	521
JAANTI010000009.1_19	CP019286.1_34	39.6	803	451	11	5	783	26	818	2.40e-175	521
JAANTI010000009.1_19	CP095494.1_52	39.5	810	449	12	5	784	13	811	2.60e-175	520
JAANTI010000009.1_19	CP099999.1_26	40.1	813	440	12	8	783	11	813	4.59e-175	520
JAANTI010000009.1_20	FOXI01000018.1_34	100	99	0	0	1	99	1	99	1.95e-68	196
JAANTI010000009.1_20	JAANTI010000009.1_20	100	99	0	0	1	99	1	99	1.95e-68	196
JAANTI010000009.1_20	BBJN01000020.1_55	65.4	26	9	0	1	26	10	35	3.09e-04	31.6
JAANTI010000009.1_21	JAANTI010000009.1_21	100	196	0	0	1	196	1	196	3.03e-148	405
JAANTI010000009.1_21	FOXI01000018.1_33	100	196	0	0	1	196	9	204	4.04e-148	405
JAANTI010000009.1_22	FOXI01000018.1_32	100	662	0	0	1	662	1	662	0.0	1358
JAANTI010000009.1_22	JAANTI010000009.1_22	100	662	0	0	1	662	1	662	0.0	1358
JAANTI010000009.1_23	FOXI01000018.1_31	100	181	0	0	1	181	1	181	5.08e-126	348
JAANTI010000009.1_23	JAANTI010000009.1_23	100	181	0	0	1	181	1	181	5.08e-126	348
JAANTI010000009.1_24	FOXI01000018.1_30	100	170	0	0	1	170	1	170	1.95e-120	333
JAANTI010000009.1_24	JAANTI010000009.1_24	100	170	0	0	1	170	1	170	1.95e-120	333
JAANTI010000009.1_24	CP101161.1_3074	37.0	135	74	5	10	144	14	137	1.72e-17	71.2
JAANTI010000009.1_25	FOXI01000018.1_29	100	96	0	0	1	96	1	96	2.31e-70	200
JAANTI010000009.1_25	JAANTI010000009.1_25	100	96	0	0	1	96	1	96	2.31e-70	200
JAANTI010000009.1_25	FOXI01000018.1_28	59.0	83	34	0	11	93	14	96	1.89e-31	102
JAANTI010000009.1_26	FOXI01000018.1_27	100	182	0	0	1	182	1	182	5.30e-133	365
JAANTI010000009.1_26	JAANTI010000009.1_26	100	182	0	0	1	182	1	182	5.30e-133	365
JAANTI010000009.1_27	FOXI01000018.1_26	100	161	0	0	1	161	1	161	3.42e-112	311
JAANTI010000009.1_27	JAANTI010000009.1_27	100	161	0	0	1	161	1	161	3.42e-112	311
JAANTI010000009.1_28	FOXI01000018.1_25	100	659	0	0	1	659	1	659	0.0	1287
JAANTI010000009.1_28	JAANTI010000009.1_28	100	659	0	0	1	659	1	659	0.0	1287
JAANTI010000009.1_29	FOXI01000018.1_24	100	128	0	0	1	128	1	128	5.53e-93	260
JAANTI010000009.1_29	JAANTI010000009.1_29	100	128	0	0	1	128	1	128	5.53e-93	260
JAANTI010000009.1_30	JAANTI010000009.1_30	100	149	0	0	1	149	1	149	2.29e-111	308
JAANTI010000009.1_31	JAANTI010000009.1_31	100	596	0	0	1	596	1	596	0.0	1130
