JAAOHU010000009.1_1	JAAOHU010000009.1_1	100	326	0	0	1	326	1	326	3.47e-237	641
JAAOHU010000009.1_1	AOIO01000049.1_92	35.2	284	159	8	46	313	40	314	8.49e-37	130
JAAOHU010000009.1_2	JAAOHU010000009.1_2	100	253	0	0	1	253	1	253	3.62e-191	518
JAAOHU010000009.1_2	JDTG01000019.1_83	37.0	257	150	6	1	247	1	255	3.07e-49	159
JAAOHU010000009.1_2	CP119801.1_43	38.4	250	142	6	1	241	1	247	9.08e-48	155
JAAOHU010000009.1_2	AOIP01000022.1_23	38.7	248	134	8	6	241	4	245	1.21e-47	154
JAAOHU010000009.1_2	NC_013748.1_11	40.5	222	106	11	33	237	41	253	7.44e-38	129
JAAOHU010000009.1_2	CP031299.1_10	35.5	197	116	5	60	247	5	199	1.63e-37	127
JAAOHU010000009.1_3	JAAOHU010000009.1_3	100	516	0	0	1	516	1	516	0.0	980
JAAOHU010000009.1_3	Gairdner_NODE_167_length_41210_cov_9.888325_31	42.3	487	245	13	49	513	72	544	3.95e-91	285
JAAOHU010000009.1_3	NC_013748.1_10	37.3	526	288	10	6	503	3	514	5.47e-87	273
JAAOHU010000009.1_3	AOLZ01000012.1_20	38.3	532	295	14	6	514	3	524	9.84e-82	259
JAAOHU010000009.1_3	CP019286.1_49	38.3	532	295	14	6	514	3	524	9.84e-82	259
JAAOHU010000009.1_3	FNFE01000011.1_20	37.9	525	270	15	5	503	3	497	7.83e-81	256
JAAOHU010000009.1_3	CP099999.1_40	36.9	529	288	16	1	514	1	498	4.10e-72	234
JAAOHU010000009.1_3	KX687704.1_8	36.7	550	297	20	5	514	13	551	3.27e-71	233
JAAOHU010000009.1_3	KX906370.1_89	36.7	550	297	20	5	514	13	551	3.27e-71	233
JAAOHU010000009.1_3	CP019329.1_79	36.7	526	284	16	5	507	4	503	5.78e-71	231
JAAOHU010000009.1_3	Eyresouth_NODE_101_length_48437_cov_7.17035_10	35.8	533	300	18	6	513	20	535	9.12e-71	231
JAAOHU010000009.1_3	NC_015659.1_101	36.1	529	294	14	6	507	3	514	1.77e-70	230
JAAOHU010000009.1_3	CP095494.1_35	35.1	527	308	15	6	507	3	520	3.89e-70	229
JAAOHU010000009.1_3	LOAJ01000002.1_60	36.1	543	298	18	5	507	18	551	5.98e-68	224
JAAOHU010000009.1_3	SJER01000008.1_128	35.5	493	288	9	48	512	44	534	4.76e-65	216
JAAOHU010000009.1_3	FOXI01000018.1_54	33.7	498	275	14	51	512	47	525	1.57e-59	201
JAAOHU010000009.1_3	JDTG01000019.1_82	35.4	492	276	17	40	506	39	513	3.69e-59	200
JAAOHU010000009.1_3	JAANTI010000009.1_1	32.9	474	263	14	75	512	1	455	1.06e-51	178
JAAOHU010000009.1_3	AOJE01000051.1_48	45.3	265	136	5	253	514	5	263	6.49e-50	168
JAAOHU010000009.1_3	Gairdner_NODE_107_length_49922_cov_74.384603_13	34.3	452	251	13	40	469	50	477	2.26e-49	173
JAAOHU010000009.1_3	BBJN01000020.1_33	32.3	501	291	13	23	503	46	518	7.30e-49	172
JAAOHU010000009.1_3	SRIF01000015.1_78	32.4	485	284	17	40	496	47	515	1.15e-44	160
JAAOHU010000009.1_3	CP101161.1_3056	29.8	480	300	13	39	503	52	509	1.04e-43	158
JAAOHU010000009.1_3	RJJW01000001.1_29	30.6	516	296	19	29	503	41	535	2.87e-41	151
JAAOHU010000009.1_3	CP031299.1_9	39.6	265	147	8	206	467	5	259	5.43e-37	134
JAAOHU010000009.1_4	JAAOHU010000009.1_4	100	1248	0	0	1	1248	1	1248	0.0	2115
JAAOHU010000009.1_4	CP095494.1_34	41.1	829	469	12	401	1216	244	1066	2.57e-200	609
JAAOHU010000009.1_4	CP095494.1_33	40.8	804	458	10	414	1204	371	1169	3.90e-189	583
JAAOHU010000009.1_4	CP119801.1_45	40.2	835	461	17	389	1204	189	1004	1.26e-181	558
JAAOHU010000009.1_4	AOIP01000022.1_21	38.3	828	471	14	409	1205	374	1192	1.99e-169	531
JAAOHU010000009.1_4	JDTG01000019.1_67	37.4	870	486	17	389	1215	428	1281	7.61e-169	532
JAAOHU010000009.1_4	JDTG01000019.1_81	36.9	842	485	15	401	1200	362	1199	9.48e-160	506
JAAOHU010000009.1_4	AOIO01000049.1_89	37.0	861	497	22	406	1247	257	1091	4.70e-154	487
JAAOHU010000009.1_4	CP084476.1_77	36.7	826	477	17	406	1200	40	850	1.30e-147	464
JAAOHU010000009.1_4	NC_015659.1_102	35.6	817	483	17	413	1198	275	1079	8.89e-147	468
JAAOHU010000009.1_4	FNFE01000011.1_19	34.0	844	511	20	391	1205	255	1081	3.07e-141	453
JAAOHU010000009.1_4	NC_013748.1_9	34.2	869	511	22	413	1233	281	1136	5.62e-139	448
JAAOHU010000009.1_4	CP019329.1_80	33.4	848	493	19	413	1204	288	1119	3.55e-137	443
JAAOHU010000009.1_4	CP101158.1_74	31.3	890	530	20	410	1242	366	1231	1.68e-110	372
JAAOHU010000009.1_4	CP099999.1_41	29.5	888	547	22	408	1245	341	1199	3.36e-100	342
JAAOHU010000009.1_4	Gairdner_NODE_167_length_41210_cov_9.888325_32	30.5	853	529	23	390	1202	550	1378	1.98e-92	322
JAAOHU010000009.1_4	LOAJ01000002.1_61	27.9	889	510	32	397	1191	525	1376	1.10e-69	252
JAAOHU010000009.1_4	JAJCVI010000002.1_557	27.4	849	486	22	428	1191	533	1336	5.18e-68	247
JAAOHU010000009.1_4	AOIR01000042.1_43	29.2	857	536	33	416	1231	376	1202	2.01e-65	238
JAAOHU010000009.1_4	KX687704.1_7	27.1	846	523	26	417	1191	506	1328	4.28e-65	238
JAAOHU010000009.1_4	KX906370.1_88	27.1	846	523	26	417	1191	506	1328	4.28e-65	238
JAAOHU010000009.1_4	AOJE01000051.1_50	26.6	842	530	25	417	1191	398	1218	2.77e-62	228
JAAOHU010000009.1_4	CP101161.1_3055	26.7	827	536	29	428	1200	462	1272	6.26e-57	211
JAAOHU010000009.1_4	CP031299.1_6	44.6	240	129	2	583	819	11	249	2.07e-56	194
JAAOHU010000009.1_4	JAJCVI010000007.1_13	32.8	335	214	7	867	1197	494	821	2.88e-43	166
JAAOHU010000009.1_5	JAAOHU010000009.1_5	100	165	0	0	1	165	1	165	1.05e-108	303
JAAOHU010000009.1_5	JAJCVI010000002.1_557	42.7	117	63	2	11	126	15	128	1.01e-21	86.7
JAAOHU010000009.1_6	JAAOHU010000009.1_6	100	251	0	0	1	251	1	251	6.74e-186	505
JAAOHU010000009.1_6	CP099999.1_42	40.8	250	145	2	1	250	1	247	1.23e-59	185
JAAOHU010000009.1_7	JAAOHU010000009.1_7	100	63	0	0	1	63	1	63	1.44e-38	117
JAAOHU010000009.1_8	JAAOHU010000009.1_8	100	108	0	0	1	108	1	108	9.56e-80	225
JAAOHU010000009.1_8	SJER01000008.1_121	63.9	108	38	1	1	107	1	108	3.58e-46	140
JAAOHU010000009.1_9	JAAOHU010000009.1_9	100	122	0	0	1	122	1	122	4.47e-87	244
JAAOHU010000009.1_10	JAAOHU010000009.1_10	100	81	0	0	1	81	1	81	1.17e-54	159
JAAOHU010000009.1_11	JAAOHU010000009.1_11	100	76	0	0	1	76	1	76	9.02e-41	124
JAAOHU010000009.1_12	JAAOHU010000009.1_12	100	100	0	0	1	100	1	100	2.01e-75	213
JAAOHU010000009.1_13	JAAOHU010000009.1_13	100	126	0	0	1	126	1	126	1.87e-81	231
JAAOHU010000009.1_13	AOIP01000022.1_11	56.1	107	47	0	9	115	1	107	2.59e-36	116
JAAOHU010000009.1_13	FNFE01000011.1_13	51.4	107	52	0	9	115	15	121	3.42e-32	106
JAAOHU010000009.1_14	JAAOHU010000009.1_14	100	95	0	0	1	95	1	95	1.20e-67	193
JAAOHU010000009.1_15	JAAOHU010000009.1_15	100	117	0	0	1	117	1	117	1.12e-89	251
JAAOHU010000009.1_15	Gairdner_NODE_167_length_41210_cov_9.888325_15	63.6	110	39	1	5	114	4	112	1.02e-53	160
JAAOHU010000009.1_16	JAAOHU010000009.1_16	100	98	0	0	1	98	1	98	7.12e-66	189
JAAOHU010000009.1_16	CP101158.1_60	47.1	85	45	0	9	93	1	85	5.80e-22	78.2
JAAOHU010000009.1_16	JAJCVI010000002.1_543	45.7	92	46	2	3	93	2	90	1.97e-18	69.3
JAAOHU010000009.1_16	AOIP01000022.1_7	32.3	93	55	2	3	90	2	91	3.45e-12	53.5
JAAOHU010000009.1_16	CP084476.1_89	29.2	89	55	2	9	92	1	86	2.11e-08	43.5
JAAOHU010000009.1_17	JAAOHU010000009.1_17	100	136	0	0	1	136	1	136	7.96e-99	275
JAAOHU010000009.1_18	JAAOHU010000009.1_18	100	197	0	0	1	197	1	197	2.83e-124	345
JAAOHU010000009.1_19	JAAOHU010000009.1_19	100	707	0	0	1	707	1	707	0.0	1394
JAAOHU010000009.1_19	CP100004.1_28	43.2	713	360	16	16	707	10	698	6.89e-170	499
JAAOHU010000009.1_19	CP099999.1_52	42.2	699	367	17	22	707	16	690	2.93e-157	467
JAAOHU010000009.1_19	CP101158.1_56	39.4	709	392	17	14	707	5	690	3.46e-149	446
JAAOHU010000009.1_19	CP100004.1_23	38.5	265	126	10	18	268	16	257	6.49e-44	156
JAAOHU010000009.1_19	Eyresouth_NODE_101_length_48437_cov_7.17035_1	37.9	264	141	10	10	270	6	249	1.97e-42	150
JAAOHU010000009.1_19	RJJW01000001.1_47	40.2	132	72	4	51	180	34	160	3.79e-18	81.6
JAAOHU010000009.1_19	WSZK01000033.1_20	29.5	264	143	11	38	290	52	283	1.42e-16	77.4
JAAOHU010000009.1_19	AOLZ01000012.1_36	30.5	223	131	8	51	270	23	224	2.26e-16	76.3
JAAOHU010000009.1_19	CP019286.1_33	30.5	223	131	8	51	270	23	224	2.26e-16	76.3
JAAOHU010000009.1_20	JAAOHU010000009.1_20	100	79	0	0	1	79	1	79	5.03e-55	160
JAAOHU010000009.1_21	JAAOHU010000009.1_21	100	189	0	0	1	189	1	189	1.51e-140	385
JAAOHU010000009.1_22	JAAOHU010000009.1_22	100	58	0	0	1	58	1	58	1.09e-42	127
JAAOHU010000009.1_23	JAAOHU010000009.1_23	100	138	0	0	1	138	1	138	7.61e-98	273
JAAOHU010000009.1_24	JAAOHU010000009.1_24	100	62	0	0	1	62	1	62	1.46e-33	105
JAAOHU010000009.1_25	JAAOHU010000009.1_25	100	72	0	0	1	72	1	72	1.25e-54	159
JAAOHU010000009.1_26	JAAOHU010000009.1_26	100	102	0	0	1	102	1	102	1.25e-61	179
JAAOHU010000009.1_27	JAAOHU010000009.1_27	100	138	0	0	1	138	1	138	8.90e-97	270
JAAOHU010000009.1_28	JAAOHU010000009.1_28	100	47	0	0	1	47	1	47	1.97e-27	88.6
JAAOHU010000009.1_29	JAAOHU010000009.1_29	100	62	0	0	1	62	1	62	6.74e-50	146
JAAOHU010000009.1_29	JAAOHU010000009.1_31	87.1	62	8	0	1	62	1	62	5.19e-45	134
JAAOHU010000009.1_30	JAAOHU010000009.1_30	100	140	0	0	1	140	1	140	1.31e-108	300
JAAOHU010000009.1_30	WSZK01000033.1_10	43.8	73	37	1	67	135	17	89	1.25e-17	70.1
JAAOHU010000009.1_31	JAAOHU010000009.1_31	100	62	0	0	1	62	1	62	1.65e-50	147
JAAOHU010000009.1_31	JAAOHU010000009.1_29	87.1	62	8	0	1	62	1	62	8.95e-46	135
JAAOHU010000009.1_32	JAAOHU010000009.1_32	100	65	0	0	1	65	1	65	1.29e-44	133
JAAOHU010000009.1_33	JAAOHU010000009.1_33	100	99	0	0	1	99	1	99	4.96e-71	202
JAAOHU010000009.1_34	JAAOHU010000009.1_34	100	97	0	0	1	97	1	97	1.05e-71	204
JAAOHU010000009.1_35	JAAOHU010000009.1_35	100	165	0	0	1	165	1	165	2.00e-97	274
JAAOHU010000009.1_36	JAAOHU010000009.1_36	100	241	0	0	1	241	1	241	6.79e-190	514
JAAOHU010000009.1_37	JAAOHU010000009.1_37	100	177	0	0	1	177	1	177	2.45e-140	384
JAAOHU010000009.1_38	JAAOHU010000009.1_38	100	99	0	0	1	99	1	99	6.26e-74	209
JAAOHU010000009.1_39	JAAOHU010000009.1_39	100	77	0	0	1	77	1	77	1.52e-55	161
JAAOHU010000009.1_40	JAAOHU010000009.1_40	100	53	0	0	1	53	1	53	1.47e-38	117
JAAOHU010000009.1_41	JAAOHU010000009.1_41	100	128	0	0	1	128	1	128	2.34e-94	263
JAAOHU010000009.1_42	JAAOHU010000009.1_42	100	109	0	0	1	109	1	109	8.84e-72	205
JAAOHU010000009.1_43	JAAOHU010000009.1_43	100	67	0	0	1	67	1	67	1.08e-46	138
JAAOHU010000009.1_44	JAAOHU010000009.1_44	100	81	0	0	1	81	1	81	1.86e-60	174
JAAOHU010000009.1_45	JAAOHU010000009.1_45	100	165	0	0	1	165	1	165	1.05e-117	325
JAAOHU010000009.1_46	JAAOHU010000009.1_46	100	102	0	0	1	102	1	102	3.30e-75	213
JAAOHU010000009.1_47	JAAOHU010000009.1_47	100	130	0	0	1	130	1	130	9.50e-54	161
JAAOHU010000009.1_48	JAAOHU010000009.1_48	100	270	0	0	1	270	1	270	2.84e-192	523
JAAOHU010000009.1_49	JAAOHU010000009.1_49	100	133	0	0	1	133	1	133	8.69e-97	270
JAAOHU010000009.1_50	JAAOHU010000009.1_50	100	106	0	0	1	106	1	106	1.43e-71	204
JAAOHU010000009.1_51	JAAOHU010000009.1_51	100	370	0	0	1	370	1	370	1.51e-276	744
JAAOHU010000009.1_51	CP119801.1_19	42.8	381	201	6	3	367	8	387	2.25e-87	265
JAAOHU010000009.1_51	NC_013748.1_37	39.7	358	202	7	20	365	12	367	9.03e-79	242
JAAOHU010000009.1_51	AOLZ01000012.1_46	41.1	358	196	9	20	365	24	378	1.24e-78	242
JAAOHU010000009.1_51	CP019286.1_23	41.1	358	196	9	20	365	24	378	1.24e-78	242
JAAOHU010000009.1_51	AOIP01000022.1_45	40.3	357	200	6	20	365	16	370	3.91e-78	241
JAAOHU010000009.1_51	CP031299.1_40	38.7	367	208	8	18	370	22	385	1.19e-73	229
JAAOHU010000009.1_51	JDTG01000019.1_113	38.7	367	208	8	18	370	22	385	1.19e-73	229
JAAOHU010000009.1_51	LWLN01000003.1_42	38.7	364	208	7	16	364	9	372	1.69e-73	229
JAAOHU010000009.1_51	FNFE01000011.1_44	38.4	359	208	9	18	366	4	359	1.18e-67	213
JAAOHU010000009.1_51	Gairdner_NODE_107_length_49922_cov_74.384603_35	38.2	393	206	12	1	369	1	380	3.27e-67	213
JAAOHU010000009.1_51	SJER01000008.1_149	34.2	401	218	13	12	367	1	400	4.40e-60	195
JAAOHU010000009.1_51	CP095494.1_63	48.8	80	39	2	287	365	2	80	4.73e-17	71.2
JAAOHU010000009.1_52	JAAOHU010000009.1_52	100	38	0	0	1	38	1	38	2.88e-21	72.4
JAAOHU010000009.1_53	JAAOHU010000009.1_53	100	146	0	0	1	146	1	146	5.24e-102	284
JAAOHU010000009.1_54	JAAOHU010000009.1_54	100	824	0	0	1	824	1	824	0.0	1633
JAAOHU010000009.1_54	CP101158.1_93	49.6	832	401	10	2	824	5	827	4.69e-279	788
JAAOHU010000009.1_54	LOAJ01000002.1_44	49.6	820	398	8	12	823	21	833	2.81e-264	750
JAAOHU010000009.1_54	KX906370.1_107	47.7	821	413	8	12	823	18	831	5.07e-259	737
JAAOHU010000009.1_54	KX687704.1_26	47.5	827	412	10	12	824	21	839	8.73e-251	716
JAAOHU010000009.1_54	AOJE01000051.1_19	49.6	671	328	5	161	823	2	670	3.99e-227	649
JAAOHU010000009.1_54	FNFE01000011.1_39	43.9	826	425	11	8	816	7	811	1.87e-224	648
JAAOHU010000009.1_54	SRIF01000015.1_56	43.6	832	424	13	9	823	8	811	3.02e-212	617
JAAOHU010000009.1_54	CP099999.1_26	43.7	826	425	12	12	820	11	813	4.37e-211	613
JAAOHU010000009.1_54	CP119801.1_26	42.6	827	437	10	9	823	10	810	5.12e-207	603
JAAOHU010000009.1_54	CP019329.1_57	42.1	832	433	15	9	823	16	815	1.16e-206	602
JAAOHU010000009.1_54	CP095494.1_52	42.1	840	442	14	1	823	1	813	4.48e-206	601
JAAOHU010000009.1_54	SJER01000008.1_144	41.8	826	447	12	5	823	12	810	8.44e-200	585
JAAOHU010000009.1_54	NC_013748.1_29	42.3	821	425	14	9	823	5	782	2.19e-197	577
JAAOHU010000009.1_54	AOIP01000022.1_36	41.7	816	435	12	13	823	9	788	5.93e-196	574
JAAOHU010000009.1_54	AOIO01000049.1_112	41.4	816	437	12	13	823	9	788	1.33e-194	570
JAAOHU010000009.1_54	CP031299.1_28	41.9	824	428	15	9	823	5	786	1.40e-193	568
JAAOHU010000009.1_54	JDTG01000019.1_101	41.9	824	428	15	9	823	5	786	1.40e-193	568
JAAOHU010000009.1_54	NC_015659.1_84	42.0	817	430	13	13	823	8	786	1.40e-193	568
JAAOHU010000009.1_54	CP100004.1_22	41.6	820	441	11	9	823	4	790	4.59e-193	566
JAAOHU010000009.1_54	AOLZ01000012.1_35	40.7	831	458	13	1	823	18	821	1.31e-192	566
JAAOHU010000009.1_54	CP019286.1_34	40.7	831	458	13	1	823	18	821	1.31e-192	566
JAAOHU010000009.1_54	LWLN01000003.1_29	40.5	824	453	13	9	823	30	825	1.66e-191	564
JAAOHU010000009.1_54	RJJW01000001.1_46	39.3	827	460	13	11	823	9	807	2.45e-191	563
JAAOHU010000009.1_54	FOXI01000018.1_35	39.8	821	451	11	6	821	2	784	5.56e-186	548
JAAOHU010000009.1_55	JAAOHU010000009.1_55	100	573	0	0	1	573	1	573	0.0	1112
JAAOHU010000009.1_55	SJER01000008.1_143	55.8	656	195	6	1	562	1	655	6.14e-233	654
JAAOHU010000009.1_55	JAJCVI010000007.1_29	46.0	578	266	12	25	562	73	644	9.02e-143	423
JAAOHU010000009.1_55	SRIF01000015.1_58	37.6	625	289	11	30	555	25	647	1.86e-115	353
JAAOHU010000009.1_55	CP119801.1_28	38.8	583	287	9	28	547	21	596	1.99e-114	349
JAAOHU010000009.1_55	CP099999.1_27	32.8	595	331	10	9	543	6	591	1.17e-88	282
JAAOHU010000009.1_55	CP095494.1_51	48.6	315	158	4	237	549	387	699	3.82e-88	283
JAAOHU010000009.1_55	AOLZ01000012.1_34	40.8	341	199	3	225	564	334	672	1.06e-75	249
JAAOHU010000009.1_55	CP019286.1_35	40.8	341	199	3	225	564	334	672	1.06e-75	249
JAAOHU010000009.1_55	FNFE01000011.1_37	41.1	319	185	3	225	542	319	635	2.26e-71	237
JAAOHU010000009.1_55	CP019329.1_60	39.8	329	194	4	214	542	321	645	5.38e-71	236
JAAOHU010000009.1_55	LWLN01000003.1_28	40.5	309	181	3	242	549	382	688	1.02e-69	234
JAAOHU010000009.1_55	AOJE01000025.1_40	28.5	512	302	14	28	533	6	459	2.92e-40	148
JAAOHU010000009.1_56	JAAOHU010000009.1_56	100	472	0	0	1	472	1	472	7.10e-297	804
JAAOHU010000009.1_56	SJER01000008.1_142	71.1	363	105	0	79	441	100	462	3.96e-176	499
JAAOHU010000009.1_56	CP119801.1_29	52.3	394	180	2	77	463	65	457	8.40e-136	395
JAAOHU010000009.1_56	CP095494.1_50	49.1	397	199	2	62	458	44	437	1.06e-126	372
JAAOHU010000009.1_56	CP099999.1_28	52.8	369	172	2	78	446	56	422	1.09e-121	358
JAAOHU010000009.1_56	SRIF01000015.1_59	48.6	401	199	2	77	471	66	465	9.83e-120	354
JAAOHU010000009.1_56	AOLZ01000012.1_33	51.5	396	188	3	77	472	58	449	2.23e-119	353
JAAOHU010000009.1_56	CP019286.1_36	51.5	396	188	3	77	472	58	449	2.23e-119	353
JAAOHU010000009.1_56	JAJCVI010000007.1_28	48.5	377	193	1	81	456	79	455	4.47e-114	340
JAAOHU010000009.1_56	LWLN01000003.1_27	52.2	362	171	2	76	437	52	411	5.59e-113	336
JAAOHU010000009.1_56	FNFE01000011.1_36	47.2	409	211	4	64	472	50	453	1.48e-112	335
JAAOHU010000009.1_56	CP019329.1_61	48.4	395	200	3	78	472	85	475	1.30e-110	331
JAAOHU010000009.1_56	Gairdner_NODE_107_length_49922_cov_74.384603_28	35.9	370	218	6	70	438	42	393	1.64e-57	191
JAAOHU010000009.1_56	FOXI01000018.1_40	34.2	363	221	5	76	437	60	405	3.36e-55	186
JAAOHU010000009.1_56	JAANTI010000009.1_15	34.2	363	221	5	76	437	60	405	3.36e-55	186
JAAOHU010000009.1_56	BBJN01000020.1_45	33.4	374	231	5	65	437	43	399	5.71e-55	185
JAAOHU010000009.1_56	CP084476.1_54	34.4	369	216	8	78	442	62	408	1.78e-49	170
JAAOHU010000009.1_56	NC_013748.1_27	32.0	384	235	8	63	442	45	406	1.26e-48	168
JAAOHU010000009.1_56	AOJE01000025.1_39	33.3	333	203	6	106	436	100	415	3.25e-46	162
JAAOHU010000009.1_56	WSZK01000033.1_23	30.5	390	253	6	65	452	58	431	5.28e-45	159
JAAOHU010000009.1_56	CP031299.1_26	31.7	379	231	8	72	442	43	401	8.18e-45	157
JAAOHU010000009.1_56	JDTG01000019.1_99	31.7	379	231	8	72	442	43	401	8.18e-45	157
JAAOHU010000009.1_56	JAJCVI010000002.1_569	30.5	390	249	7	64	452	61	429	3.19e-40	145
JAAOHU010000009.1_56	CP101158.1_90	29.5	369	238	6	81	443	84	436	2.88e-39	143
JAAOHU010000009.1_56	CP101161.1_3067	30.4	349	225	4	94	441	9	340	1.63e-36	134
JAAOHU010000009.1_57	JAAOHU010000009.1_57	100	378	0	0	1	378	1	378	4.47e-273	736
JAAOHU010000009.1_57	SJER01000008.1_141	62.7	357	132	1	10	366	13	368	2.65e-160	451
JAAOHU010000009.1_57	CP119801.1_30	32.3	294	192	3	22	310	7	298	3.16e-49	165
JAAOHU010000009.1_57	CP099999.1_29	31.6	288	187	5	22	309	13	290	4.12e-34	124
JAAOHU010000009.1_58	JAAOHU010000009.1_58	100	209	0	0	1	209	1	209	1.14e-150	416
JAAOHU010000009.1_58	SJER01000008.1_140	66.5	203	68	0	7	209	8	210	3.81e-98	283
JAAOHU010000009.1_58	FNFE01000011.1_34	46.5	170	86	4	11	177	18	185	6.92e-42	138
JAAOHU010000009.1_58	CP095494.1_48	43.1	160	89	2	3	160	5	164	5.74e-38	129
JAAOHU010000009.1_58	CP119801.1_31	43.8	160	88	2	3	160	4	163	6.69e-38	129
JAAOHU010000009.1_58	AOLZ01000012.1_31	42.5	167	92	3	11	175	21	185	7.72e-38	128
JAAOHU010000009.1_58	CP019286.1_38	42.5	167	92	3	11	175	21	185	7.72e-38	128
JAAOHU010000009.1_58	JAJCVI010000007.1_26	37.7	204	121	6	2	202	4	204	5.81e-35	121
JAAOHU010000009.1_58	CP019329.1_63	42.9	156	85	3	11	164	22	175	2.66e-32	114
JAAOHU010000009.1_58	SRIF01000015.1_61	38.9	162	97	2	10	169	17	178	5.04e-30	108
JAAOHU010000009.1_58	KX906370.1_103	30.2	149	100	3	14	161	24	169	1.32e-20	82.4
JAAOHU010000009.1_58	KX687704.1_22	30.2	149	100	3	14	161	24	169	6.90e-20	80.5
JAAOHU010000009.1_58	AOJE01000051.1_25	29.5	149	101	3	14	161	23	168	9.60e-20	80.1
JAAOHU010000009.1_58	JAJCVI010000002.1_567	35.5	155	93	5	13	164	7	157	5.27e-18	75.1
JAAOHU010000009.1_59	JAAOHU010000009.1_59	100	91	0	0	1	91	1	91	4.43e-68	194
JAAOHU010000009.1_59	SJER01000008.1_139	73.3	90	22	1	4	91	5	94	3.19e-46	139
JAAOHU010000009.1_59	JAJCVI010000007.1_25	45.9	85	43	2	4	86	5	88	2.27e-21	77.0
JAAOHU010000009.1_60	JAAOHU010000009.1_60	100	106	0	0	1	106	1	106	2.28e-77	219
JAAOHU010000009.1_60	SJER01000008.1_138	49.0	102	52	0	5	106	2	103	2.69e-32	105
JAAOHU010000009.1_61	JAAOHU010000009.1_61	100	73	0	0	1	73	1	73	3.33e-46	137
JAAOHU010000009.1_61	SJER01000008.1_137	56.3	64	28	0	1	64	1	64	1.66e-19	70.5
JAAOHU010000009.1_61	CP095494.1_45	50.0	40	20	0	19	58	19	58	1.43e-08	42.7
JAAOHU010000009.1_62	JAAOHU010000009.1_62	100	434	0	0	1	434	1	434	2.40e-294	795
JAAOHU010000009.1_62	SJER01000008.1_136	53.5	437	196	5	1	433	1	434	1.15e-158	451
JAAOHU010000009.1_62	JAJCVI010000007.1_22	41.4	452	244	10	1	433	1	450	4.11e-102	307
JAAOHU010000009.1_62	CP119801.1_35	51.3	267	122	5	152	415	37	298	4.76e-85	258
JAAOHU010000009.1_62	CP095494.1_44	48.9	270	127	6	152	416	35	298	1.80e-78	241
JAAOHU010000009.1_62	SRIF01000015.1_66	50.2	259	122	4	152	404	34	291	3.71e-78	241
JAAOHU010000009.1_62	CP099999.1_34	39.0	382	209	12	38	408	37	405	1.58e-67	217
JAAOHU010000009.1_62	RJJW01000001.1_38	42.2	256	140	5	152	404	45	295	9.68e-64	204
JAAOHU010000009.1_62	BBJN01000020.1_39	46.8	250	127	5	150	396	32	278	1.85e-61	197
JAAOHU010000009.1_62	CP100004.1_10	44.0	277	145	7	152	421	25	298	5.61e-61	196
JAAOHU010000009.1_62	Gairdner_NODE_107_length_49922_cov_74.384603_21	42.9	266	147	4	150	412	35	298	1.11e-60	195
JAAOHU010000009.1_62	FNFE01000011.1_30	32.2	407	253	10	30	423	6	402	6.49e-60	196
JAAOHU010000009.1_62	NC_015659.1_92	41.6	269	147	5	146	407	27	292	5.10e-59	191
JAAOHU010000009.1_62	CP019329.1_67	34.1	417	240	14	30	427	25	425	5.66e-59	195
JAAOHU010000009.1_62	FOXI01000018.1_47	44.8	250	132	5	150	396	33	279	6.24e-59	191
JAAOHU010000009.1_62	JAANTI010000009.1_8	44.8	250	132	5	150	396	33	279	6.24e-59	191
JAAOHU010000009.1_62	AOIO01000049.1_99	43.2	259	140	6	152	407	34	288	7.37e-59	191
JAAOHU010000009.1_62	CP084476.1_60	40.2	291	164	5	146	428	20	308	2.71e-58	189
JAAOHU010000009.1_62	AOIP01000022.1_28	42.5	259	142	6	152	407	33	287	7.72e-58	188
JAAOHU010000009.1_62	LWLN01000003.1_21	40.9	264	140	8	154	409	49	304	9.62e-58	188
JAAOHU010000009.1_62	NC_013748.1_21	43.1	255	139	6	151	401	40	292	4.35e-56	184
JAAOHU010000009.1_62	CP019286.1_42	35.5	363	207	11	62	408	58	409	2.54e-55	185
JAAOHU010000009.1_62	AOLZ01000012.1_27	35.5	363	207	11	62	408	58	409	4.94e-55	185
JAAOHU010000009.1_62	WSZK01000033.1_29	38.3	287	169	7	148	431	32	313	7.26e-54	178
JAAOHU010000009.1_62	CP031299.1_20	41.1	270	148	7	147	407	22	289	8.64e-52	172
JAAOHU010000009.1_63	JAAOHU010000009.1_63	100	143	0	0	1	143	1	143	2.52e-103	287
JAAOHU010000009.1_63	SJER01000008.1_135	68.0	122	38	1	21	141	21	142	5.51e-52	157
JAAOHU010000009.1_63	JAJCVI010000007.1_21	50.4	113	54	1	21	131	20	132	1.76e-34	113
JAAOHU010000009.1_63	CP095494.1_41	43.1	137	69	3	3	139	5	132	2.13e-32	107
JAAOHU010000009.1_63	SRIF01000015.1_69	42.7	131	74	1	9	139	2	131	1.18e-29	100
JAAOHU010000009.1_63	CP119801.1_38	42.3	137	70	3	3	139	5	132	1.58e-29	100
JAAOHU010000009.1_64	JAAOHU010000009.1_64	100	61	0	0	1	61	1	61	2.24e-41	124
JAAOHU010000009.1_64	SJER01000008.1_134	62.5	56	21	0	6	61	8	63	1.83e-18	67.0
JAAOHU010000009.1_65	JAAOHU010000009.1_65	100	254	0	0	1	254	1	254	2.81e-175	478
JAAOHU010000009.1_65	SJER01000008.1_133	45.2	248	126	4	8	249	9	252	2.93e-68	207
JAAOHU010000009.1_65	JAJCVI010000007.1_19	40.4	178	101	3	73	247	84	259	1.10e-39	135
JAAOHU010000009.1_65	SRIF01000015.1_71	35.3	249	136	7	3	242	2	234	1.91e-39	133
JAAOHU010000009.1_65	CP095494.1_40	35.5	220	120	7	34	241	33	242	2.03e-31	112
JAAOHU010000009.1_65	AOJE01000025.1_32	27.4	215	134	8	1	208	1	200	1.45e-07	46.6
JAAOHU010000009.1_66	JAAOHU010000009.1_66	100	111	0	0	1	111	1	111	1.51e-82	232
JAAOHU010000009.1_67	JAAOHU010000009.1_67	100	352	0	0	1	352	1	352	2.85e-240	651
JAAOHU010000009.1_67	Gairdner_NODE_167_length_41210_cov_9.888325_29	25.1	247	135	9	85	316	88	299	5.09e-05	40.0
JAAOHU010000009.1_68	JAAOHU010000009.1_68	100	495	0	0	1	495	1	495	0.0	1009
