JAJCVI010000002.1_542	JAJCVI010000002.1_542	100	167	0	0	1	167	1	167	9.02e-129	353
JAJCVI010000002.1_543	JAJCVI010000002.1_543	100	93	0	0	1	93	1	93	4.76e-64	184
JAJCVI010000002.1_543	CP101161.1_3054	66.7	93	31	0	1	93	3	95	4.45e-40	124
JAJCVI010000002.1_543	CP101158.1_60	53.1	81	38	0	9	89	1	81	3.60e-24	83.6
JAJCVI010000002.1_543	JAAOHU010000009.1_16	45.7	92	46	2	2	90	3	93	9.30e-19	70.1
JAJCVI010000002.1_543	CP084476.1_89	41.6	89	44	2	9	92	1	86	1.14e-12	54.3
JAJCVI010000002.1_544	JAJCVI010000002.1_544	100	90	0	0	1	90	1	90	1.29e-62	180
JAJCVI010000002.1_545	JAJCVI010000002.1_545	100	189	0	0	1	189	1	189	5.45e-134	369
JAJCVI010000002.1_546	JAJCVI010000002.1_546	100	335	0	0	1	335	1	335	5.99e-238	644
JAJCVI010000002.1_546	QKNW01000002.1_7	35.8	332	205	3	1	328	1	328	7.39e-64	201
JAJCVI010000002.1_546	SRIF01000015.1_87	33.2	337	207	3	1	328	1	328	5.57e-56	181
JAJCVI010000002.1_546	FNFE01000011.1_12	32.7	336	218	3	1	331	1	333	2.97e-54	177
JAJCVI010000002.1_546	AOLZ01000012.1_11	32.6	340	209	8	1	329	1	331	2.83e-47	159
JAJCVI010000002.1_546	CP019286.1_59	32.6	340	209	8	1	329	1	331	2.83e-47	159
JAJCVI010000002.1_546	CP119801.1_56	32.4	340	214	6	1	328	1	336	4.57e-47	158
JAJCVI010000002.1_546	CP101158.1_61	33.9	327	206	8	1	320	33	356	5.49e-43	148
JAJCVI010000002.1_546	CP099999.1_48	33.0	327	203	8	1	317	1	321	2.13e-41	143
JAJCVI010000002.1_547	JAJCVI010000002.1_547	100	280	0	0	1	280	1	280	1.38e-213	577
JAJCVI010000002.1_547	NC_013748.1_3	33.6	250	148	4	4	253	6	237	8.58e-44	145
JAJCVI010000002.1_547	CP119801.1_54	32.1	240	144	3	4	243	6	226	2.54e-42	142
JAJCVI010000002.1_547	QKNW01000002.1_45	31.0	274	167	7	10	278	12	268	5.81e-41	139
JAJCVI010000002.1_547	SJER01000008.1_125	30.5	285	170	7	1	277	1	265	1.36e-38	132
JAJCVI010000002.1_547	AOIO01000049.1_84	34.3	233	134	5	10	242	12	225	6.92e-38	130
JAJCVI010000002.1_547	LWLN01000003.1_4	30.5	256	153	6	2	253	5	239	1.02e-37	130
JAJCVI010000002.1_547	AOIP01000022.1_18	33.8	237	130	5	10	242	12	225	2.88e-36	126
JAJCVI010000002.1_547	JDTG01000019.1_72	28.5	270	174	6	4	272	6	257	4.14e-36	125
JAJCVI010000002.1_548	JAJCVI010000002.1_548	100	129	0	0	1	129	1	129	8.80e-86	242
JAJCVI010000002.1_548	JAJCVI010000002.1_549	56.7	134	51	3	1	127	1	134	5.69e-37	119
JAJCVI010000002.1_548	JAJCVI010000002.1_550	49.7	151	42	5	1	125	1	143	2.13e-34	112
JAJCVI010000002.1_548	QKNW01000002.1_43	46.2	130	63	3	1	123	1	130	1.16e-26	92.8
JAJCVI010000002.1_548	QKNW01000002.1_44	42.6	136	65	2	1	123	1	136	2.02e-23	84.7
JAJCVI010000002.1_548	BBJN01000020.1_30	56.9	72	27	1	2	69	4	75	2.91e-18	71.2
JAJCVI010000002.1_548	BBJN01000020.1_29	51.2	86	37	1	1	81	1	86	3.04e-18	71.2
JAJCVI010000002.1_548	SRIF01000015.1_82	40.7	150	56	5	1	123	1	144	7.57e-18	70.9
JAJCVI010000002.1_548	BBJN01000020.1_27	51.9	81	26	2	2	69	4	84	8.79e-16	65.9
JAJCVI010000002.1_548	Gairdner_NODE_107_length_49922_cov_74.384603_9	52.4	82	24	3	1	69	1	80	1.13e-15	65.9
JAJCVI010000002.1_548	WSZK01000033.1_39	68.0	50	16	0	6	55	34	83	4.44e-14	61.2
JAJCVI010000002.1_548	WSZK01000033.1_40	70.2	47	14	0	9	55	10	56	5.37e-14	61.2
JAJCVI010000002.1_548	SJER01000008.1_124	70.8	48	12	1	1	46	1	48	2.71e-13	58.2
JAJCVI010000002.1_548	SJER01000008.1_123	84.2	38	6	0	7	44	8	45	2.77e-13	58.2
JAJCVI010000002.1_548	SJER01000008.1_122	62.3	53	20	0	9	61	10	62	3.59e-13	58.2
JAJCVI010000002.1_548	LWLN01000003.1_3	57.6	66	25	2	9	71	15	80	4.90e-12	55.5
JAJCVI010000002.1_548	Gairdner_NODE_107_length_49922_cov_74.384603_10	43.8	89	36	4	22	99	1	86	3.21e-11	53.1
JAJCVI010000002.1_548	CP101158.1_69	74.4	43	11	0	8	50	11	53	3.54e-11	53.1
JAJCVI010000002.1_548	JDTG01000019.1_71	59.3	54	20	1	9	60	15	68	1.47e-10	51.2
JAJCVI010000002.1_548	CP095494.1_28	58.2	55	22	1	9	62	14	68	1.69e-10	51.2
JAJCVI010000002.1_548	LWLN01000003.1_2	55.2	67	26	2	9	71	15	81	2.24e-10	51.2
JAJCVI010000002.1_548	NC_013748.1_2	39.7	63	27	1	9	60	15	77	9.86e-05	35.8
JAJCVI010000002.1_548	CP119801.1_55	43.1	65	21	3	22	70	1	65	4.40e-04	33.9
JAJCVI010000002.1_548	CP099999.1_44	81.8	22	4	0	22	43	1	22	8.38e-04	32.7
JAJCVI010000002.1_549	JAJCVI010000002.1_549	100	136	0	0	1	136	1	136	9.28e-89	250
JAJCVI010000002.1_549	JAJCVI010000002.1_548	55.3	132	52	2	1	132	1	125	1.71e-36	117
JAJCVI010000002.1_549	JAJCVI010000002.1_550	45.2	155	50	4	1	132	1	143	1.50e-28	98.2
JAJCVI010000002.1_549	QKNW01000002.1_43	45.7	140	66	5	1	135	1	135	1.84e-27	95.1
JAJCVI010000002.1_549	SRIF01000015.1_82	41.0	156	66	4	1	130	1	156	2.08e-23	85.5
JAJCVI010000002.1_549	QKNW01000002.1_44	39.7	136	76	2	1	130	1	136	3.60e-23	84.3
JAJCVI010000002.1_549	BBJN01000020.1_30	60.8	79	28	1	2	77	4	82	1.86e-21	79.7
JAJCVI010000002.1_549	BBJN01000020.1_27	53.9	89	29	1	2	78	4	92	2.10e-20	78.2
JAJCVI010000002.1_549	Gairdner_NODE_107_length_49922_cov_74.384603_9	39.3	140	69	4	1	128	1	136	2.18e-19	75.9
JAJCVI010000002.1_549	BBJN01000020.1_29	59.3	81	29	2	1	77	1	81	1.35e-18	72.4
JAJCVI010000002.1_549	WSZK01000033.1_39	43.6	133	60	6	2	121	29	159	3.25e-17	69.7
JAJCVI010000002.1_549	WSZK01000033.1_40	45.7	94	35	3	1	78	1	94	1.73e-14	62.8
JAJCVI010000002.1_549	SJER01000008.1_122	64.9	57	19	1	9	65	10	65	8.03e-14	60.1
JAJCVI010000002.1_549	SJER01000008.1_123	42.6	129	53	5	8	130	9	122	8.63e-14	59.7
JAJCVI010000002.1_549	Gairdner_NODE_107_length_49922_cov_74.384603_10	49.3	69	25	3	22	80	1	69	3.86e-11	53.1
JAJCVI010000002.1_549	SJER01000008.1_124	81.1	37	7	0	9	45	11	47	5.28e-11	52.4
JAJCVI010000002.1_549	LWLN01000003.1_3	56.1	66	25	2	9	71	15	79	6.14e-11	52.8
JAJCVI010000002.1_549	LWLN01000003.1_2	54.5	66	27	1	9	71	15	80	7.14e-11	52.8
JAJCVI010000002.1_549	CP101158.1_69	67.3	52	16	1	8	59	11	61	2.25e-10	51.2
JAJCVI010000002.1_549	CP095494.1_28	53.1	64	23	1	9	72	14	70	2.82e-10	50.8
JAJCVI010000002.1_549	JDTG01000019.1_71	59.3	54	18	1	9	58	15	68	3.44e-10	50.4
JAJCVI010000002.1_549	CP119801.1_55	34.6	127	51	5	22	121	1	122	8.75e-07	41.6
JAJCVI010000002.1_549	NC_013748.1_2	34.1	129	76	5	9	133	15	138	2.56e-06	40.4
JAJCVI010000002.1_550	JAJCVI010000002.1_550	100	148	0	0	1	148	1	148	3.25e-97	272
JAJCVI010000002.1_550	JAJCVI010000002.1_548	49.7	151	42	5	1	143	1	125	9.85e-34	111
JAJCVI010000002.1_550	JAJCVI010000002.1_549	45.2	155	50	4	1	143	1	132	4.62e-28	97.1
JAJCVI010000002.1_550	QKNW01000002.1_43	38.1	155	67	4	1	146	1	135	2.78e-21	79.7
JAJCVI010000002.1_550	QKNW01000002.1_44	40.6	155	59	6	1	141	1	136	1.02e-19	75.9
JAJCVI010000002.1_550	SRIF01000015.1_82	39.5	162	77	5	1	144	1	159	3.18e-19	75.1
JAJCVI010000002.1_550	WSZK01000033.1_39	35.5	141	84	2	9	146	37	173	1.28e-16	68.6
JAJCVI010000002.1_550	Gairdner_NODE_107_length_49922_cov_74.384603_9	47.0	100	40	2	1	100	1	87	3.83e-15	65.1
JAJCVI010000002.1_550	BBJN01000020.1_27	37.7	154	69	5	3	147	5	140	8.46e-14	61.2
JAJCVI010000002.1_550	BBJN01000020.1_30	68.8	48	15	0	3	50	5	52	1.41e-13	59.7
JAJCVI010000002.1_550	SJER01000008.1_124	72.3	47	11	1	1	45	1	47	8.89e-13	57.4
JAJCVI010000002.1_550	BBJN01000020.1_29	42.4	92	34	2	9	100	9	81	1.11e-12	57.4
JAJCVI010000002.1_550	SJER01000008.1_123	64.9	57	18	1	5	59	6	62	2.50e-12	56.2
JAJCVI010000002.1_550	WSZK01000033.1_40	59.6	57	22	1	1	56	1	57	1.30e-11	55.5
JAJCVI010000002.1_550	SJER01000008.1_122	70.2	47	13	1	1	46	1	47	9.12e-11	52.4
JAJCVI010000002.1_550	Gairdner_NODE_107_length_49922_cov_74.384603_10	37.4	107	46	3	22	125	1	89	1.96e-10	51.6
JAJCVI010000002.1_550	CP095494.1_28	75.0	40	10	0	9	48	14	53	3.75e-10	50.8
JAJCVI010000002.1_550	CP101158.1_69	60.7	61	21	1	8	68	11	68	5.82e-10	50.4
JAJCVI010000002.1_550	JDTG01000019.1_71	68.9	45	12	1	4	46	8	52	8.88e-10	49.7
JAJCVI010000002.1_550	LWLN01000003.1_2	62.7	51	19	0	9	59	15	65	9.59e-10	50.1
JAJCVI010000002.1_550	LWLN01000003.1_3	75.0	40	8	1	4	41	8	47	1.15e-08	47.0
JAJCVI010000002.1_550	NC_013748.1_2	48.0	50	26	0	9	58	15	64	7.45e-05	36.6
JAJCVI010000002.1_550	CP119801.1_55	47.1	51	20	1	22	65	1	51	3.24e-04	34.7
JAJCVI010000002.1_551	JAJCVI010000002.1_551	100	138	0	0	1	138	1	138	2.98e-95	266
JAJCVI010000002.1_551	Gairdner_NODE_107_length_49922_cov_74.384603_9	30.7	127	83	3	1	126	22	144	1.58e-11	55.1
JAJCVI010000002.1_551	Gairdner_NODE_107_length_49922_cov_74.384603_10	30.6	144	85	6	1	131	1	142	1.54e-10	51.6
JAJCVI010000002.1_551	QKNW01000002.1_43	31.1	135	67	6	1	133	22	132	1.82e-10	51.2
JAJCVI010000002.1_551	QKNW01000002.1_44	31.1	135	73	5	1	133	22	138	1.10e-08	46.6
JAJCVI010000002.1_551	SRIF01000015.1_82	24.2	153	84	5	1	135	22	160	5.94e-05	36.6
JAJCVI010000002.1_551	BBJN01000020.1_30	38.2	68	34	2	1	61	24	90	8.85e-05	35.8
JAJCVI010000002.1_551	BBJN01000020.1_27	27.1	144	93	6	1	137	24	162	3.12e-04	34.7
JAJCVI010000002.1_551	JAJCVI010000002.1_549	26.8	138	75	7	1	136	22	135	8.08e-04	33.1
JAJCVI010000002.1_552	JAJCVI010000002.1_552	100	201	0	0	1	201	1	201	9.73e-152	414
JAJCVI010000002.1_553	JAJCVI010000002.1_553	100	138	0	0	1	138	1	138	1.87e-107	297
JAJCVI010000002.1_554	JAJCVI010000002.1_554	100	212	0	0	1	212	1	212	2.02e-154	422
JAJCVI010000002.1_555	JAJCVI010000002.1_555	100	172	0	0	1	172	1	172	9.63e-122	336
JAJCVI010000002.1_556	JAJCVI010000002.1_556	100	66	0	0	1	66	1	66	5.85e-46	136
JAJCVI010000002.1_557	JAJCVI010000002.1_557	100	1391	0	0	1	1391	1	1391	0.0	2621
JAJCVI010000002.1_557	CP100004.1_3	32.0	834	488	18	533	1334	498	1284	5.62e-106	362
JAJCVI010000002.1_557	BBJN01000020.1_32	30.6	849	526	15	520	1356	568	1365	3.69e-105	361
JAJCVI010000002.1_557	SRIF01000015.1_79	28.0	855	517	23	519	1318	351	1161	1.08e-73	265
JAJCVI010000002.1_557	JAAOHU010000009.1_4	27.1	849	489	21	533	1336	428	1191	1.78e-67	245
JAJCVI010000002.1_557	JDTG01000019.1_81	24.7	889	536	26	520	1342	375	1196	9.18e-63	230
JAJCVI010000002.1_557	QKNW01000002.1_41	26.7	857	530	23	513	1322	573	1378	1.12e-59	221
JAJCVI010000002.1_557	NC_015659.1_102	26.1	880	552	32	516	1356	272	1092	3.38e-59	218
JAJCVI010000002.1_557	JDTG01000019.1_67	25.8	893	562	24	486	1336	429	1262	3.56e-59	219
JAJCVI010000002.1_557	CP101158.1_74	23.9	1170	716	38	269	1345	90	1178	1.40e-48	185
JAJCVI010000002.1_557	AOJE01000051.1_50	23.8	875	578	27	529	1356	404	1236	1.49e-48	185
JAJCVI010000002.1_557	KX687704.1_7	24.9	877	568	35	529	1356	512	1346	2.35e-46	178
JAJCVI010000002.1_557	KX906370.1_88	24.9	877	568	35	529	1356	512	1346	2.35e-46	178
JAJCVI010000002.1_557	JAJCVI010000007.1_13	28.3	357	245	5	999	1349	478	829	6.67e-36	143
JAJCVI010000002.1_557	SJER01000008.1_127	28.5	347	237	8	1007	1351	1196	1533	2.05e-31	129
JAJCVI010000002.1_557	JAAOHU010000009.1_5	42.4	118	64	2	15	129	11	127	7.20e-22	89.7
JAJCVI010000002.1_557	CP099999.1_45	42.9	91	48	1	33	119	24	114	1.92e-15	70.9
JAJCVI010000002.1_558	JAJCVI010000002.1_558	100	528	0	0	1	528	1	528	0.0	981
JAJCVI010000002.1_558	CP101161.1_3056	52.6	519	236	4	6	522	3	513	9.57e-166	476
JAJCVI010000002.1_558	AOIR01000042.1_44	40.6	502	273	15	34	524	70	557	1.09e-87	276
JAJCVI010000002.1_558	BBJN01000020.1_33	37.3	507	264	22	47	525	48	528	1.25e-68	226
JAJCVI010000002.1_558	AOJE01000025.1_28	36.0	467	271	14	62	523	46	489	4.92e-65	215
JAJCVI010000002.1_558	RJJW01000001.1_29	35.0	540	306	17	10	518	10	535	4.18e-63	211
JAJCVI010000002.1_558	CP099999.1_40	34.1	496	279	18	52	526	30	498	8.66e-54	185
JAJCVI010000002.1_558	FOXI01000018.1_54	33.9	507	276	18	58	525	37	523	1.44e-53	185
JAJCVI010000002.1_558	Eyresouth_NODE_101_length_48437_cov_7.17035_10	33.8	524	275	21	36	525	47	532	9.13e-48	169
JAJCVI010000002.1_558	JAANTI010000009.1_1	35.2	435	233	16	121	525	38	453	1.25e-47	167
JAJCVI010000002.1_558	SRIF01000015.1_78	31.0	538	320	16	16	527	11	523	2.36e-47	168
JAJCVI010000002.1_558	QKNW01000002.1_40	33.0	506	284	20	55	527	49	532	8.72e-46	164
JAJCVI010000002.1_558	FNFE01000011.1_20	32.6	488	272	21	56	519	44	498	1.54e-44	160
JAJCVI010000002.1_558	AOIO01000049.1_91	39.4	320	165	8	215	518	485	791	5.87e-41	153
JAJCVI010000002.1_558	AOLZ01000012.1_20	36.5	367	201	11	178	527	171	522	6.07e-38	142
JAJCVI010000002.1_558	CP019286.1_49	36.5	367	201	11	178	527	171	522	6.07e-38	142
JAJCVI010000002.1_558	Eyre_NODE_236_length_33155_cov_19.932_44	39.5	248	134	4	284	519	2	245	1.20e-36	132
JAJCVI010000002.1_558	CP095494.1_35	36.0	336	190	9	204	527	203	525	3.47e-34	131
JAJCVI010000002.1_558	Frome_NODE_383_length_24936_cov_4.316346_2	31.5	483	255	21	36	482	47	489	7.02e-34	130
JAJCVI010000002.1_558	LOAJ01000002.1_60	30.9	508	301	18	53	526	67	558	6.98e-33	127
JAJCVI010000002.1_558	Gairdner_NODE_107_length_49922_cov_74.384603_13	28.7	456	277	13	52	484	47	477	9.43e-33	127
JAJCVI010000002.1_559	JAJCVI010000002.1_559	100	253	0	0	1	253	1	253	5.15e-191	518
JAJCVI010000002.1_559	CP101161.1_3057	50.4	260	114	2	8	253	6	264	3.75e-86	253
JAJCVI010000002.1_559	CP100004.1_2	33.3	225	131	8	4	218	2	217	7.98e-24	92.4
JAJCVI010000002.1_559	CP095494.1_36	23.9	222	145	7	42	241	46	265	6.48e-09	50.8
JAJCVI010000002.1_560	JAJCVI010000002.1_560	100	333	0	0	1	333	1	333	3.87e-233	631
JAJCVI010000002.1_560	CP101161.1_3058	43.3	335	178	8	3	331	6	334	6.48e-78	238
JAJCVI010000002.1_560	AOJE01000025.1_30	30.3	320	194	11	2	310	7	308	2.66e-21	88.6
JAJCVI010000002.1_561	JAJCVI010000002.1_561	100	242	0	0	1	242	1	242	3.94e-160	439
JAJCVI010000002.1_561	CP101161.1_3059	43.7	213	114	3	16	226	16	224	3.63e-43	142
JAJCVI010000002.1_562	JAJCVI010000002.1_562	100	135	0	0	1	135	1	135	1.55e-91	257
JAJCVI010000002.1_563	JAJCVI010000002.1_563	100	301	0	0	1	301	1	301	3.36e-211	573
JAJCVI010000002.1_563	CP101161.1_3061	52.0	275	127	4	30	301	22	294	1.83e-88	262
JAJCVI010000002.1_563	CP031299.1_20	44.3	298	154	6	10	299	7	300	1.24e-69	214
JAJCVI010000002.1_563	JDTG01000019.1_93	44.3	298	154	6	10	299	7	300	1.24e-69	214
JAJCVI010000002.1_563	CP084476.1_60	45.4	262	133	5	35	290	31	288	5.11e-68	210
JAJCVI010000002.1_563	NC_013748.1_21	44.7	273	139	6	35	299	41	309	3.22e-66	206
JAJCVI010000002.1_563	BBJN01000020.1_39	41.2	289	159	6	8	289	6	290	6.23e-65	202
JAJCVI010000002.1_563	FOXI01000018.1_47	40.7	290	160	6	8	289	6	291	5.09e-64	199
JAJCVI010000002.1_563	JAANTI010000009.1_8	40.7	290	160	6	8	289	6	291	5.09e-64	199
JAJCVI010000002.1_563	Gairdner_NODE_107_length_49922_cov_74.384603_21	41.6	274	150	6	21	289	24	292	9.54e-62	194
JAJCVI010000002.1_563	AOIP01000022.1_28	42.5	259	144	4	35	290	33	289	8.17e-61	192
JAJCVI010000002.1_563	AOIO01000049.1_99	42.1	259	145	4	35	290	34	290	2.36e-60	191
JAJCVI010000002.1_563	CP100004.1_10	40.8	277	148	8	16	281	3	274	1.47e-57	183
JAJCVI010000002.1_563	NC_015659.1_92	39.9	273	153	7	15	281	18	285	3.83e-55	177
JAJCVI010000002.1_563	WSZK01000033.1_29	37.9	277	160	7	14	283	15	286	1.83e-52	170
JAJCVI010000002.1_563	AOJE01000051.1_29	35.9	256	142	8	39	280	39	286	1.92e-40	139
JAJCVI010000002.1_563	KX906370.1_99	36.2	271	145	10	39	292	39	298	2.92e-39	135
JAJCVI010000002.1_563	LOAJ01000002.1_52	34.1	267	154	8	39	291	39	297	1.51e-38	134
JAJCVI010000002.1_563	KX687704.1_18	35.1	271	148	10	39	292	39	298	8.47e-38	132
JAJCVI010000002.1_564	JAJCVI010000002.1_564	100	73	0	0	1	73	1	73	6.49e-44	132
JAJCVI010000002.1_564	CP101161.1_3062	53.0	66	31	0	2	67	3	68	4.60e-15	59.3
JAJCVI010000002.1_565	JAJCVI010000002.1_565	100	88	0	0	1	88	1	88	1.42e-56	165
JAJCVI010000002.1_565	CP101161.1_3063	41.6	89	51	1	1	88	1	89	7.08e-18	67.4
JAJCVI010000002.1_565	LOAJ01000002.1_50	36.4	88	54	1	2	87	6	93	1.06e-10	49.3
JAJCVI010000002.1_565	AOJE01000051.1_27	38.2	68	42	0	2	69	6	73	1.11e-09	46.6
JAJCVI010000002.1_565	KX687704.1_20	35.3	68	44	0	2	69	6	73	3.48e-08	42.7
JAJCVI010000002.1_565	KX906370.1_101	35.3	68	44	0	2	69	6	73	3.48e-08	42.7
JAJCVI010000002.1_565	AOIR01000042.1_51	42.5	40	23	0	32	71	32	71	1.50e-05	35.8
JAJCVI010000002.1_566	JAJCVI010000002.1_566	100	97	0	0	1	97	1	97	2.70e-65	187
JAJCVI010000002.1_566	CP101161.1_3064	43.2	88	49	1	1	88	1	87	1.37e-20	74.7
JAJCVI010000002.1_567	JAJCVI010000002.1_567	100	186	0	0	1	186	1	186	1.45e-132	365
JAJCVI010000002.1_567	CP101161.1_3065	57.1	177	72	1	2	174	5	181	3.51e-66	197
JAJCVI010000002.1_567	AOIR01000042.1_53	45.9	157	85	0	8	164	27	183	7.69e-47	148
JAJCVI010000002.1_567	Gairdner_NODE_167_length_41210_cov_9.888325_22	48.2	139	72	0	15	153	11	149	3.33e-41	135
JAJCVI010000002.1_567	AOJE01000025.1_37	37.8	172	97	2	10	173	8	177	2.82e-33	114
JAJCVI010000002.1_567	Eyresouth_NODE_101_length_48437_cov_7.17035_24	35.9	170	107	2	1	169	17	185	1.90e-29	105
JAJCVI010000002.1_567	Frome_NODE_383_length_24936_cov_4.316346_16	35.9	170	107	2	1	169	17	185	1.90e-29	105
JAJCVI010000002.1_567	KX906370.1_103	35.3	173	111	1	11	183	27	198	3.60e-28	100
JAJCVI010000002.1_567	KX687704.1_22	38.6	140	85	1	11	150	27	165	1.41e-27	99.0
JAJCVI010000002.1_567	AOJE01000051.1_25	38.5	130	79	1	21	150	36	164	1.54e-26	96.3
JAJCVI010000002.1_567	Eyre_NODE_236_length_33155_cov_19.932_30	32.9	170	112	2	1	169	17	185	1.66e-26	97.4
JAJCVI010000002.1_567	AOLZ01000012.1_31	36.4	165	102	2	7	169	23	186	3.89e-25	93.2
JAJCVI010000002.1_567	CP019286.1_38	36.4	165	102	2	7	169	23	186	3.89e-25	93.2
JAJCVI010000002.1_567	LOAJ01000002.1_48	36.9	130	81	1	21	150	41	169	2.03e-24	90.9
JAJCVI010000002.1_567	SJER01000008.1_140	37.0	181	97	6	6	178	13	184	1.00e-22	87.4
JAJCVI010000002.1_567	CP100004.1_15	34.8	141	83	4	21	153	31	170	2.00e-17	72.4
JAJCVI010000002.1_567	JAAOHU010000009.1_58	35.8	159	87	5	7	157	13	164	5.47e-17	72.0
JAJCVI010000002.1_567	FNFE01000011.1_34	33.3	153	99	2	7	157	20	171	1.41e-16	70.5
JAJCVI010000002.1_567	SRIF01000015.1_61	27.3	176	115	4	6	173	19	189	1.49e-12	59.7
JAJCVI010000002.1_567	WSZK01000033.1_25	33.3	150	79	8	2	136	15	158	6.60e-12	57.8
JAJCVI010000002.1_567	JAJCVI010000007.1_26	34.7	95	58	2	6	97	14	107	2.72e-10	53.5
JAJCVI010000002.1_568	JAJCVI010000002.1_568	100	338	0	0	1	338	1	338	1.78e-236	640
JAJCVI010000002.1_568	CP101161.1_3066	52.0	333	151	5	6	336	9	334	4.11e-110	320
JAJCVI010000002.1_568	Gairdner_NODE_167_length_41210_cov_9.888325_21	37.5	309	184	5	8	308	7	314	3.92e-55	179
JAJCVI010000002.1_568	NC_015659.1_87	31.0	294	184	10	56	336	54	341	6.40e-30	112
JAJCVI010000002.1_568	CP101158.1_89	25.3	289	203	3	56	334	60	345	9.89e-25	98.6
JAJCVI010000002.1_569	JAJCVI010000002.1_569	100	441	0	0	1	441	1	441	1.58e-298	806
JAJCVI010000002.1_569	CP101161.1_3067	56.5	363	156	1	79	441	1	361	7.35e-138	395
JAJCVI010000002.1_569	AOIR01000042.1_55	45.8	365	192	4	78	441	85	444	6.54e-97	294
JAJCVI010000002.1_569	CP100004.1_17	40.6	367	210	4	62	425	52	413	6.48e-76	239
JAJCVI010000002.1_569	Gairdner_NODE_167_length_41210_cov_9.888325_20	34.7	389	242	3	65	441	65	453	3.66e-74	235
JAJCVI010000002.1_569	Gairdner_NODE_107_length_49922_cov_74.384603_28	37.6	354	217	3	66	416	42	394	6.73e-70	223
JAJCVI010000002.1_569	BBJN01000020.1_45	36.9	374	227	4	69	441	54	419	1.73e-68	219
JAJCVI010000002.1_569	FOXI01000018.1_40	36.4	376	230	4	67	441	58	425	5.60e-68	218
JAJCVI010000002.1_569	JAANTI010000009.1_15	36.4	376	230	4	67	441	58	425	5.60e-68	218
JAJCVI010000002.1_569	CP101158.1_90	37.4	366	213	6	61	416	73	432	4.88e-65	211
JAJCVI010000002.1_569	AOIP01000022.1_34	36.0	381	229	5	62	441	47	413	8.80e-62	202
JAJCVI010000002.1_569	AOIO01000049.1_110	35.7	381	230	5	62	441	47	413	4.76e-61	200
JAJCVI010000002.1_569	WSZK01000033.1_23	34.2	392	247	7	47	433	51	436	5.43e-59	195
JAJCVI010000002.1_569	NC_013748.1_27	34.8	374	231	5	69	441	58	419	6.53e-58	192
JAJCVI010000002.1_569	NC_015659.1_86	32.3	440	275	7	3	441	2	419	1.28e-57	191
JAJCVI010000002.1_569	CP084476.1_54	34.9	430	259	10	1	426	1	413	1.31e-57	191
JAJCVI010000002.1_569	RJJW01000001.1_44	32.7	410	233	8	70	441	72	476	9.26e-56	187
JAJCVI010000002.1_569	LOAJ01000002.1_46	31.9	379	233	3	62	416	49	426	1.89e-55	186
JAJCVI010000002.1_569	KX687704.1_24	30.4	415	264	4	23	416	15	425	5.25e-54	182
JAJCVI010000002.1_569	KX906370.1_105	31.9	351	233	2	71	416	76	425	2.78e-53	180
JAJCVI010000002.1_569	CP099999.1_28	32.4	401	245	8	62	439	47	444	2.84e-51	175
JAJCVI010000002.1_569	AOLZ01000012.1_33	31.2	462	273	10	3	439	7	448	8.68e-47	163
JAJCVI010000002.1_569	CP019286.1_36	31.2	462	273	10	3	439	7	448	8.68e-47	163
JAJCVI010000002.1_569	CP095494.1_50	31.5	448	269	11	2	432	5	431	1.30e-46	162
JAJCVI010000002.1_569	JAAOHU010000009.1_56	30.4	392	251	7	61	431	64	454	4.75e-44	156
JAJCVI010000002.1_570	JAJCVI010000002.1_570	100	605	0	0	1	605	1	605	0.0	1142
JAJCVI010000002.1_570	CP101161.1_3068	46.8	616	283	14	5	604	5	591	8.85e-144	425
JAJCVI010000002.1_570	AOJE01000025.1_40	31.5	587	272	11	8	588	5	467	2.72e-70	231
JAJCVI010000002.1_570	AOIP01000022.1_35	35.7	308	191	6	291	593	228	533	4.42e-50	177
JAJCVI010000002.1_570	CP084476.1_53	34.8	333	205	8	278	603	213	540	7.95e-50	177
JAJCVI010000002.1_570	CP100004.1_19	28.5	599	293	14	2	584	5	484	4.94e-49	174
JAJCVI010000002.1_570	AOIO01000049.1_111	35.0	306	192	6	293	593	231	534	2.02e-48	173
JAJCVI010000002.1_570	FOXI01000018.1_39	36.8	302	184	5	301	598	221	519	3.17e-45	164
JAJCVI010000002.1_570	JAANTI010000009.1_16	36.8	302	184	5	301	598	221	519	3.17e-45	164
JAJCVI010000002.1_570	CP031299.1_27	34.2	333	202	9	273	593	279	606	1.64e-43	160
JAJCVI010000002.1_570	JDTG01000019.1_100	34.2	333	202	9	273	593	279	606	1.64e-43	160
JAJCVI010000002.1_570	CP099999.1_27	28.3	600	375	16	6	584	18	583	3.84e-36	139
JAJCVI010000002.1_570	BBJN01000020.1_46	37.4	238	144	3	301	535	220	455	1.50e-35	137
JAJCVI010000002.1_570	SJER01000008.1_143	31.3	297	180	8	301	584	343	628	2.49e-25	106
JAJCVI010000002.1_570	CP095494.1_51	35.2	142	87	2	5	144	16	154	2.35e-14	71.6
JAJCVI010000002.1_571	JAJCVI010000002.1_571	100	88	0	0	1	88	1	88	6.45e-62	178
JAJCVI010000002.1_572	JAJCVI010000002.1_572	100	120	0	0	1	120	1	120	2.32e-79	225
JAJCVI010000002.1_572	NC_015659.1_81	43.3	120	62	1	4	117	7	126	3.31e-27	93.6
JAJCVI010000002.1_573	JAJCVI010000002.1_573	100	791	0	0	1	791	1	791	0.0	1549
JAJCVI010000002.1_573	CP101161.1_3069	59.5	802	308	8	1	790	1	797	0.0	900
JAJCVI010000002.1_573	AOJE01000025.1_41	44.0	802	408	14	7	786	5	787	1.36e-211	613
JAJCVI010000002.1_573	JAAOHU010000009.1_54	40.3	831	443	15	3	791	5	824	5.66e-184	543
JAJCVI010000002.1_573	CP101158.1_93	40.5	819	436	16	10	786	13	822	6.91e-183	540
JAJCVI010000002.1_573	LOAJ01000002.1_44	38.4	818	454	13	10	786	21	829	5.18e-175	520
JAJCVI010000002.1_573	NC_015659.1_84	39.8	809	445	16	1	790	1	786	2.48e-172	512
JAJCVI010000002.1_573	CP119801.1_26	39.5	812	452	15	7	790	10	810	2.78e-172	513
JAJCVI010000002.1_573	KX906370.1_107	38.5	818	454	12	10	786	18	827	1.86e-171	511
JAJCVI010000002.1_573	CP031299.1_28	39.5	799	443	18	11	790	9	786	5.49e-171	508
JAJCVI010000002.1_573	JDTG01000019.1_101	39.5	799	443	18	11	790	9	786	5.49e-171	508
JAJCVI010000002.1_573	AOIP01000022.1_36	39.3	796	451	14	11	790	9	788	1.63e-170	507
JAJCVI010000002.1_573	RJJW01000001.1_46	39.6	810	450	17	9	790	9	807	2.09e-170	508
JAJCVI010000002.1_573	AOIO01000049.1_112	39.5	803	440	16	11	790	9	788	4.59e-170	506
JAJCVI010000002.1_573	NC_013748.1_29	40.6	803	425	20	11	790	9	782	7.63e-170	505
JAJCVI010000002.1_573	CP100004.1_22	39.4	800	450	15	10	790	7	790	4.37e-168	501
JAJCVI010000002.1_573	AOIR01000042.1_57	39.2	823	427	17	7	786	3	795	1.46e-167	500
JAJCVI010000002.1_573	CP019329.1_57	38.3	811	462	15	7	790	16	815	1.86e-167	500
JAJCVI010000002.1_573	CP095494.1_52	38.3	810	465	13	7	790	13	813	7.89e-166	496
JAJCVI010000002.1_573	KX687704.1_26	38.2	822	449	18	10	783	21	831	1.44e-165	496
JAJCVI010000002.1_573	SRIF01000015.1_56	37.7	817	463	15	7	790	8	811	4.70e-164	491
JAJCVI010000002.1_573	FOXI01000018.1_35	40.4	797	443	12	7	788	5	784	8.94e-162	484
JAJCVI010000002.1_573	JAANTI010000009.1_19	40.4	797	443	12	7	788	5	784	8.94e-162	484
JAJCVI010000002.1_573	BBJN01000020.1_48	40.2	805	440	15	7	788	5	791	3.07e-161	483
JAJCVI010000002.1_573	Gairdner_NODE_107_length_49922_cov_74.384603_31	39.3	798	447	16	7	786	5	783	7.96e-160	479
JAJCVI010000002.1_574	JAJCVI010000002.1_574	100	82	0	0	1	82	1	82	1.12e-57	167
JAJCVI010000002.1_575	JAJCVI010000002.1_575	100	567	0	0	1	567	1	567	0.0	1110
JAJCVI010000002.1_576	JAJCVI010000002.1_576	100	123	0	0	1	123	1	123	1.38e-95	266
JAJCVI010000002.1_577	JAJCVI010000002.1_577	100	165	0	0	1	165	1	165	3.28e-121	334
JAJCVI010000002.1_578	JAJCVI010000002.1_578	100	197	0	0	1	197	1	197	1.10e-155	424
JAJCVI010000002.1_579	JAJCVI010000002.1_579	100	112	0	0	1	112	1	112	1.14e-82	233
JAJCVI010000002.1_580	JAJCVI010000002.1_580	100	219	0	0	1	219	1	219	4.03e-153	419
JAJCVI010000002.1_581	JAJCVI010000002.1_581	100	103	0	0	1	103	1	103	2.82e-72	206
JAJCVI010000002.1_582	JAJCVI010000002.1_582	100	422	0	0	1	422	1	422	1.33e-310	835
JAJCVI010000002.1_583	JAJCVI010000002.1_583	100	312	0	0	1	312	1	312	8.56e-215	583
JAJCVI010000002.1_584	JAJCVI010000002.1_584	100	178	0	0	1	178	1	178	1.25e-120	334
JAJCVI010000002.1_585	JAJCVI010000002.1_585	100	414	0	0	1	414	1	414	7.05e-286	771
