JAJCVI010000007.1_1	JAJCVI010000007.1_1	100	127	0	0	1	127	1	127	1.04e-92	259
JAJCVI010000007.1_2	JAJCVI010000007.1_2	100	629	0	0	1	629	1	629	0.0	1299
JAJCVI010000007.1_3	JAJCVI010000007.1_3	100	300	0	0	1	300	1	300	7.63e-212	575
JAJCVI010000007.1_4	JAJCVI010000007.1_4	100	652	0	0	1	652	1	652	3.19e-278	772
JAJCVI010000007.1_5	JAJCVI010000007.1_5	100	415	0	0	1	415	1	415	0.0	862
JAJCVI010000007.1_5	WSZK01000033.1_14	33.0	188	103	6	3	174	6	186	6.50e-22	93.2
JAJCVI010000007.1_6	JAJCVI010000007.1_6	100	641	0	0	1	641	1	641	0.0	1265
JAJCVI010000007.1_6	WSZK01000033.1_14	35.0	180	93	6	6	166	7	181	1.50e-15	75.1
JAJCVI010000007.1_7	JAJCVI010000007.1_7	100	1383	0	0	1	1383	1	1383	0.0	2666
JAJCVI010000007.1_8	JAJCVI010000007.1_8	100	497	0	0	1	497	1	497	0.0	981
JAJCVI010000007.1_9	JAJCVI010000007.1_9	100	582	0	0	1	582	1	582	0.0	1145
JAJCVI010000007.1_10	JAJCVI010000007.1_10	100	288	0	0	1	288	1	288	1.57e-223	603
JAJCVI010000007.1_11	JAJCVI010000007.1_11	100	235	0	0	1	235	1	235	1.64e-169	462
JAJCVI010000007.1_12	JAJCVI010000007.1_12	100	673	0	0	1	673	1	673	0.0	938
JAJCVI010000007.1_12	BBJN01000020.1_32	33.2	199	115	6	483	672	567	756	1.06e-20	92.8
JAJCVI010000007.1_12	Eyresouth_NODE_101_length_48437_cov_7.17035_9	26.4	208	128	5	484	672	264	465	6.88e-10	57.8
JAJCVI010000007.1_12	CP084476.1_77	34.3	166	83	9	483	636	47	198	5.68e-09	54.7
JAJCVI010000007.1_12	JDTG01000019.1_67	25.2	214	132	10	480	672	450	656	1.91e-06	46.6
JAJCVI010000007.1_12	JDTG01000019.1_81	24.0	125	78	5	484	592	375	498	9.72e-06	44.3
JAJCVI010000007.1_13	JAJCVI010000007.1_13	100	858	0	0	1	858	1	858	0.0	1648
JAJCVI010000007.1_13	SJER01000008.1_127	31.1	874	521	22	12	850	731	1558	4.34e-112	371
JAJCVI010000007.1_13	JAAOHU010000009.1_4	32.1	364	231	8	493	844	866	1225	2.62e-43	166
JAJCVI010000007.1_13	Gairdner_NODE_167_length_41210_cov_9.888325_32	30.7	332	209	8	493	809	1035	1360	4.02e-39	152
JAJCVI010000007.1_13	CP095494.1_33	32.5	379	225	12	494	850	827	1196	1.71e-37	147
JAJCVI010000007.1_13	JAJCVI010000002.1_557	27.8	363	253	4	478	836	999	1356	4.47e-37	146
JAJCVI010000007.1_13	NC_015659.1_102	28.6	381	245	9	493	850	736	1112	4.81e-37	145
JAJCVI010000007.1_13	WSZK01000033.1_36	28.7	369	249	6	497	852	671	1038	5.41e-36	142
JAJCVI010000007.1_13	CP101161.1_3055	33.8	278	175	7	555	831	1005	1274	1.74e-33	134
JAJCVI010000007.1_13	CP099999.1_41	29.6	287	191	5	493	776	834	1112	1.49e-32	131
JAJCVI010000007.1_13	CP095494.1_34	27.3	381	237	14	497	852	718	1083	2.34e-29	121
JAJCVI010000007.1_14	JAJCVI010000007.1_14	100	538	0	0	1	538	1	538	0.0	1032
JAJCVI010000007.1_14	SJER01000008.1_128	40.5	504	260	9	55	535	44	530	9.24e-104	318
JAJCVI010000007.1_14	FOXI01000018.1_54	38.1	525	281	14	36	535	16	521	1.01e-82	263
JAJCVI010000007.1_14	JAANTI010000009.1_1	38.2	469	256	10	83	535	1	451	5.63e-75	241
JAJCVI010000007.1_14	QKNW01000002.1_40	36.8	495	279	15	56	537	57	530	1.41e-67	223
JAJCVI010000007.1_14	LWLN01000003.1_14	35.5	422	241	10	55	465	65	466	1.47e-56	194
JAJCVI010000007.1_14	AOIP01000022.1_22	32.0	518	292	16	29	522	13	494	1.76e-56	193
JAJCVI010000007.1_14	SRIF01000015.1_78	33.8	476	289	13	56	522	56	514	1.02e-55	191
JAJCVI010000007.1_14	CP100004.1_1	43.1	262	141	3	265	524	2	257	1.38e-55	184
JAJCVI010000007.1_14	RJJW01000001.1_29	33.8	468	265	15	58	503	64	508	1.64e-50	177
JAJCVI010000007.1_14	KX687704.1_8	31.0	507	285	16	50	526	65	536	2.82e-44	160
JAJCVI010000007.1_14	KX906370.1_89	31.0	507	285	16	50	526	65	536	2.82e-44	160
JAJCVI010000007.1_14	AOIO01000049.1_91	36.4	335	182	9	209	537	486	795	5.56e-40	150
JAJCVI010000007.1_14	AOJE01000025.1_28	29.2	472	282	15	58	522	51	477	6.20e-37	139
JAJCVI010000007.1_14	WSZK01000033.1_35	29.3	464	263	18	56	494	60	483	2.96e-32	125
JAJCVI010000007.1_14	Eyre_NODE_236_length_33155_cov_19.932_44	38.3	256	147	6	286	537	3	251	5.16e-32	119
JAJCVI010000007.1_15	JAJCVI010000007.1_15	100	274	0	0	1	274	1	274	7.67e-208	562
JAJCVI010000007.1_15	SJER01000008.1_129	48.7	277	128	3	1	268	1	272	4.97e-87	256
JAJCVI010000007.1_15	FOXI01000018.1_53	42.2	211	104	7	36	244	26	220	3.50e-50	161
JAJCVI010000007.1_15	JAANTI010000009.1_2	42.2	211	104	7	36	244	26	220	3.50e-50	161
JAJCVI010000007.1_15	AOIR01000042.1_45	32.9	234	134	7	4	229	22	240	2.08e-31	113
JAJCVI010000007.1_15	AOJE01000025.1_29	33.3	195	118	5	40	231	50	235	2.88e-31	112
JAJCVI010000007.1_15	Gairdner_NODE_107_length_49922_cov_74.384603_14	33.0	215	122	8	35	235	27	233	4.00e-23	91.3
JAJCVI010000007.1_16	JAJCVI010000007.1_16	100	375	0	0	1	375	1	375	1.11e-260	704
JAJCVI010000007.1_16	SJER01000008.1_131	39.6	280	163	4	45	318	36	315	2.93e-51	171
JAJCVI010000007.1_16	Frome_NODE_383_length_24936_cov_4.316346_7	26.5	302	194	9	13	303	16	300	7.93e-14	67.4
JAJCVI010000007.1_16	Eyresouth_NODE_101_length_48437_cov_7.17035_15	30.0	150	97	2	13	162	16	157	6.30e-12	61.6
JAJCVI010000007.1_17	JAJCVI010000007.1_17	100	69	0	0	1	69	1	69	1.03e-45	136
JAJCVI010000007.1_18	JAJCVI010000007.1_18	100	95	0	0	1	95	1	95	1.85e-62	180
JAJCVI010000007.1_19	JAJCVI010000007.1_19	100	291	0	0	1	291	1	291	1.59e-204	555
JAJCVI010000007.1_19	JAAOHU010000009.1_65	40.4	178	101	3	84	259	73	247	4.91e-39	133
JAJCVI010000007.1_19	SRIF01000015.1_71	36.4	247	130	10	17	257	12	237	8.73e-37	127
JAJCVI010000007.1_19	SJER01000008.1_133	39.0	182	102	4	74	253	70	244	1.30e-34	122
JAJCVI010000007.1_20	JAJCVI010000007.1_20	100	60	0	0	1	60	1	60	7.03e-40	120
JAJCVI010000007.1_20	SJER01000008.1_134	54.5	44	20	0	4	47	6	49	8.86e-12	50.1
JAJCVI010000007.1_21	JAJCVI010000007.1_21	100	148	0	0	1	148	1	148	3.97e-107	297
JAJCVI010000007.1_21	JAAOHU010000009.1_63	50.4	113	54	1	20	132	21	131	3.19e-35	115
JAJCVI010000007.1_21	SJER01000008.1_135	44.7	123	68	0	4	126	5	127	2.58e-34	113
JAJCVI010000007.1_21	SRIF01000015.1_69	43.7	119	67	0	11	129	5	123	1.23e-30	103
JAJCVI010000007.1_21	CP095494.1_41	38.2	136	78	2	7	142	3	132	6.17e-25	89.0
JAJCVI010000007.1_21	CP119801.1_38	41.3	104	61	0	11	114	7	110	6.18e-22	81.3
JAJCVI010000007.1_21	Gairdner_NODE_167_length_41210_cov_9.888325_27	37.9	58	36	0	57	114	59	116	2.48e-08	45.8
JAJCVI010000007.1_22	JAJCVI010000007.1_22	100	455	0	0	1	455	1	455	0.0	893
JAJCVI010000007.1_22	SJER01000008.1_136	44.3	433	213	12	1	426	1	412	4.57e-105	315
JAJCVI010000007.1_22	JAAOHU010000009.1_62	42.1	420	226	8	1	418	1	405	2.72e-103	310
JAJCVI010000007.1_22	CP119801.1_35	45.2	263	133	5	158	419	37	289	3.79e-77	239
JAJCVI010000007.1_22	CP095494.1_44	43.0	298	154	7	122	417	3	286	2.17e-72	226
JAJCVI010000007.1_22	SRIF01000015.1_66	37.8	304	175	8	128	426	4	298	8.96e-60	194
JAJCVI010000007.1_22	FNFE01000011.1_30	37.6	359	193	13	62	410	39	376	5.96e-59	194
JAJCVI010000007.1_22	BBJN01000020.1_39	38.0	258	151	5	153	409	29	278	1.88e-54	179
JAJCVI010000007.1_22	FOXI01000018.1_47	37.0	273	161	6	138	409	17	279	7.47e-54	178
JAJCVI010000007.1_22	JAANTI010000009.1_8	37.0	273	161	6	138	409	17	279	7.47e-54	178
JAJCVI010000007.1_22	CP019286.1_42	32.5	369	217	10	61	417	57	405	4.65e-52	177
JAJCVI010000007.1_22	AOLZ01000012.1_27	32.5	369	217	10	61	417	57	405	8.81e-52	177
JAJCVI010000007.1_22	WSZK01000033.1_29	33.1	299	184	6	122	417	3	288	5.55e-49	166
JAJCVI010000007.1_22	NC_015659.1_92	35.2	290	175	8	122	409	3	281	6.34e-45	155
JAJCVI010000007.1_22	RJJW01000001.1_38	33.2	262	162	7	158	417	45	295	9.42e-43	149
JAJCVI010000007.1_22	Eyre_NODE_236_length_33155_cov_19.932_34	30.2	298	198	5	122	417	12	301	4.31e-41	144
JAJCVI010000007.1_22	Frome_NODE_383_length_24936_cov_4.316346_12	29.5	302	199	6	122	417	12	305	1.76e-38	137
JAJCVI010000007.1_22	Eyresouth_NODE_101_length_48437_cov_7.17035_20	30.8	263	172	5	157	417	51	305	9.05e-38	135
JAJCVI010000007.1_22	QKNW01000002.1_28	30.1	296	184	8	121	409	2	281	1.20e-37	135
JAJCVI010000007.1_22	AOIR01000042.1_49	30.4	253	160	6	176	425	51	290	2.68e-35	129
JAJCVI010000007.1_22	CP101161.1_3061	29.3	259	164	5	154	408	23	266	4.99e-32	119
JAJCVI010000007.1_23	JAJCVI010000007.1_23	100	73	0	0	1	73	1	73	1.93e-45	135
JAJCVI010000007.1_24	JAJCVI010000007.1_24	100	103	0	0	1	103	1	103	6.41e-69	197
JAJCVI010000007.1_24	SJER01000008.1_138	39.0	82	49	1	18	98	17	98	2.22e-12	54.3
JAJCVI010000007.1_25	JAJCVI010000007.1_25	100	111	0	0	1	111	1	111	3.04e-82	231
JAJCVI010000007.1_25	SJER01000008.1_139	53.2	79	36	1	1	78	1	79	2.99e-26	89.7
JAJCVI010000007.1_25	JAAOHU010000009.1_59	49.3	75	35	2	5	78	4	76	1.96e-21	77.4
JAJCVI010000007.1_26	JAJCVI010000007.1_26	100	256	0	0	1	256	1	256	7.28e-188	510
JAJCVI010000007.1_26	JAAOHU010000009.1_58	37.7	204	121	6	4	204	2	202	9.35e-38	129
JAJCVI010000007.1_26	SRIF01000015.1_61	31.8	261	135	7	4	255	7	233	1.75e-34	120
JAJCVI010000007.1_26	SJER01000008.1_140	38.3	175	104	4	13	186	12	183	3.70e-33	117
JAJCVI010000007.1_26	FNFE01000011.1_34	36.8	185	110	4	9	191	14	193	9.02e-30	107
JAJCVI010000007.1_26	LWLN01000003.1_25	36.6	175	104	4	5	176	12	182	9.58e-29	104
JAJCVI010000007.1_26	AOLZ01000012.1_31	29.2	178	121	3	6	181	14	188	4.75e-22	87.0
JAJCVI010000007.1_26	CP019286.1_38	29.2	178	121	3	6	181	14	188	4.75e-22	87.0
JAJCVI010000007.1_26	Eyresouth_NODE_101_length_48437_cov_7.17035_24	33.3	138	85	2	13	148	21	153	1.09e-20	84.0
JAJCVI010000007.1_26	Frome_NODE_383_length_24936_cov_4.316346_16	33.3	138	85	2	13	148	21	153	1.09e-20	84.0
JAJCVI010000007.1_26	Eyre_NODE_236_length_33155_cov_19.932_30	30.6	134	90	2	13	146	21	151	9.83e-18	75.9
JAJCVI010000007.1_26	KX687704.1_22	25.3	158	115	2	14	171	22	176	5.53e-16	70.1
JAJCVI010000007.1_26	KX906370.1_103	25.3	158	115	2	14	171	22	176	7.63e-16	69.7
JAJCVI010000007.1_26	AOJE01000051.1_25	25.3	178	129	3	14	191	21	194	1.45e-15	68.9
JAJCVI010000007.1_26	JAJCVI010000002.1_567	27.5	178	120	4	15	189	7	178	2.07e-14	65.5
JAJCVI010000007.1_26	CP101161.1_3065	25.1	167	120	3	19	182	14	178	3.93e-14	64.7
JAJCVI010000007.1_27	JAJCVI010000007.1_27	100	372	0	0	1	372	1	372	1.03e-259	702
JAJCVI010000007.1_27	SJER01000008.1_141	36.3	322	198	3	46	362	53	372	6.67e-59	191
JAJCVI010000007.1_27	CP119801.1_30	38.0	266	162	3	42	307	36	298	8.10e-53	174
JAJCVI010000007.1_27	FNFE01000011.1_35	35.4	294	178	5	21	313	11	293	1.40e-45	155
JAJCVI010000007.1_27	AOLZ01000012.1_32	37.5	251	150	2	63	313	55	298	1.18e-44	152
JAJCVI010000007.1_27	CP019286.1_37	37.5	251	150	2	63	313	55	298	1.18e-44	152
JAJCVI010000007.1_27	LWLN01000003.1_26	35.2	290	175	5	21	307	13	292	4.35e-37	132
JAJCVI010000007.1_28	JAJCVI010000007.1_28	100	463	0	0	1	463	1	463	5.30e-315	849
JAJCVI010000007.1_28	SJER01000008.1_142	52.5	381	173	1	79	459	102	474	2.60e-127	374
JAJCVI010000007.1_28	JAAOHU010000009.1_56	47.7	392	195	2	79	461	81	471	1.92e-118	351
JAJCVI010000007.1_28	CP119801.1_29	47.2	386	195	5	79	461	69	448	6.73e-116	344
JAJCVI010000007.1_28	SRIF01000015.1_59	45.0	438	203	6	17	441	19	431	1.35e-111	333
JAJCVI010000007.1_28	CP095494.1_50	47.5	358	187	1	79	436	61	417	1.75e-111	332
JAJCVI010000007.1_28	CP099999.1_28	42.4	451	232	6	8	451	3	432	9.81e-106	317
JAJCVI010000007.1_28	AOLZ01000012.1_33	41.2	468	244	8	2	461	4	448	1.56e-105	317
JAJCVI010000007.1_28	CP019286.1_36	41.2	468	244	8	2	461	4	448	1.56e-105	317
JAJCVI010000007.1_28	FNFE01000011.1_36	42.7	391	216	3	77	461	64	452	2.45e-99	301
JAJCVI010000007.1_28	CP019329.1_61	43.5	386	212	4	77	459	86	468	5.78e-97	296
JAJCVI010000007.1_28	LWLN01000003.1_27	44.7	369	199	3	77	442	55	421	2.29e-94	288
JAJCVI010000007.1_28	WSZK01000033.1_23	30.4	365	235	6	79	441	75	422	5.89e-43	153
JAJCVI010000007.1_28	NC_015659.1_86	32.9	380	221	10	79	450	63	416	1.96e-42	151
JAJCVI010000007.1_28	JAJCVI010000002.1_569	28.7	390	253	6	78	463	73	441	6.00e-37	136
JAJCVI010000007.1_28	Gairdner_NODE_167_length_41210_cov_9.888325_20	26.0	338	224	7	78	413	73	386	6.26e-30	117
JAJCVI010000007.1_29	JAJCVI010000007.1_29	100	647	0	0	1	647	1	647	0.0	1233
JAJCVI010000007.1_29	JAAOHU010000009.1_55	45.9	577	256	12	79	644	31	562	8.11e-145	429
JAJCVI010000007.1_29	SJER01000008.1_143	40.7	634	294	12	83	645	34	656	1.07e-131	398
JAJCVI010000007.1_29	SRIF01000015.1_58	36.8	646	307	15	79	645	26	649	2.10e-102	322
JAJCVI010000007.1_29	CP119801.1_28	35.9	608	335	10	70	639	15	605	1.36e-99	313
JAJCVI010000007.1_29	CP099999.1_27	33.2	590	350	9	67	624	13	590	3.75e-82	267
JAJCVI010000007.1_29	CP095494.1_51	47.5	305	155	4	322	624	390	691	3.07e-79	261
JAJCVI010000007.1_29	AOLZ01000012.1_34	32.0	631	337	13	79	624	26	649	2.23e-72	242
JAJCVI010000007.1_29	CP019286.1_35	32.0	631	337	13	79	624	26	649	2.23e-72	242
JAJCVI010000007.1_29	LWLN01000003.1_28	29.0	694	324	12	70	624	17	680	2.58e-67	229
JAJCVI010000007.1_29	CP019329.1_60	42.9	303	169	4	323	624	346	645	3.68e-67	228
JAJCVI010000007.1_29	FNFE01000011.1_37	27.8	169	113	2	70	238	18	177	1.61e-12	65.9
JAJCVI010000007.1_30	JAJCVI010000007.1_30	100	71	0	0	1	71	1	71	3.97e-44	132
JAJCVI010000007.1_31	JAJCVI010000007.1_31	100	132	0	0	1	132	1	132	2.50e-91	256
JAJCVI010000007.1_32	JAJCVI010000007.1_32	100	174	0	0	1	174	1	174	3.09e-119	330
JAJCVI010000007.1_32	Eyre_NODE_236_length_33155_cov_19.932_24	41.4	174	99	2	1	172	371	543	2.05e-32	117
JAJCVI010000007.1_32	WSZK01000033.1_18	39.7	174	103	1	1	172	351	524	1.32e-28	106
JAJCVI010000007.1_32	Eyresouth_NODE_101_length_48437_cov_7.17035_30	39.1	174	103	2	1	172	371	543	1.45e-28	106
JAJCVI010000007.1_32	Frome_NODE_383_length_24936_cov_4.316346_22	39.1	174	103	2	1	172	371	543	3.72e-28	105
JAJCVI010000007.1_33	JAJCVI010000007.1_33	100	145	0	0	1	145	1	145	1.06e-105	293
JAJCVI010000007.1_33	JAJCVI010000007.1_35	34.7	147	90	1	1	141	1	147	9.22e-27	94.0
JAJCVI010000007.1_34	JAJCVI010000007.1_34	100	110	0	0	1	110	1	110	9.84e-83	233
JAJCVI010000007.1_35	JAJCVI010000007.1_35	100	148	0	0	1	148	1	148	7.13e-110	304
JAJCVI010000007.1_35	JAJCVI010000007.1_33	34.7	147	90	1	1	147	1	141	1.18e-27	96.3
JAJCVI010000007.1_36	JAJCVI010000007.1_36	100	112	0	0	1	112	1	112	3.03e-78	221
JAJCVI010000007.1_37	JAJCVI010000007.1_37	100	65	0	0	1	65	1	65	1.46e-41	125
JAJCVI010000007.1_38	JAJCVI010000007.1_38	100	274	0	0	1	274	1	274	5.12e-197	535
JAJCVI010000007.1_39	JAJCVI010000007.1_39	100	150	0	0	1	150	1	150	9.69e-109	301
JAJCVI010000007.1_40	JAJCVI010000007.1_40	100	44	0	0	1	44	1	44	3.27e-27	87.8
JAJCVI010000007.1_41	JAJCVI010000007.1_41	100	460	0	0	1	460	1	460	0.0	925
JAJCVI010000007.1_42	JAJCVI010000007.1_42	100	51	0	0	1	51	1	51	4.73e-32	100
JAJCVI010000007.1_43	JAJCVI010000007.1_43	100	65	0	0	1	65	1	65	6.98e-40	121
JAJCVI010000007.1_44	JAJCVI010000007.1_44	100	211	0	0	1	211	1	211	3.65e-161	439
