JDTG01000019.1_67	JDTG01000019.1_67	100	1305	0	0	1	1305	1	1305	0.0	1933
JDTG01000019.1_67	AOIP01000022.1_21	56.7	852	345	8	454	1298	379	1213	7.98e-319	922
JDTG01000019.1_67	JDTG01000019.1_81	49.4	865	405	14	454	1297	375	1227	2.21e-254	756
JDTG01000019.1_67	CP095494.1_34	45.2	860	420	17	454	1297	257	1081	1.61e-225	676
JDTG01000019.1_67	CP084476.1_77	44.8	864	444	16	442	1295	36	876	3.78e-225	669
JDTG01000019.1_67	CP119801.1_45	45.0	860	426	17	454	1298	207	1034	7.04e-223	668
JDTG01000019.1_67	CP095494.1_33	44.4	860	428	17	454	1297	371	1196	1.33e-213	649
JDTG01000019.1_67	NC_015659.1_102	41.4	875	454	17	451	1300	273	1113	5.13e-209	634
JDTG01000019.1_67	FNFE01000011.1_19	37.6	869	485	15	451	1298	274	1106	2.50e-187	577
JDTG01000019.1_67	AOIO01000049.1_89	41.6	837	447	18	451	1279	260	1062	6.11e-187	576
JDTG01000019.1_67	NC_013748.1_9	38.8	879	483	19	451	1297	279	1134	2.99e-185	573
JDTG01000019.1_67	JAAOHU010000009.1_4	37.3	880	493	17	428	1291	389	1225	1.39e-172	542
JDTG01000019.1_67	CP019329.1_80	37.0	879	480	18	451	1288	286	1131	1.05e-169	532
JDTG01000019.1_67	AOLZ01000012.1_19	35.9	889	488	29	452	1297	377	1226	4.68e-145	468
JDTG01000019.1_67	CP019286.1_50	35.9	889	488	29	452	1297	377	1226	4.68e-145	468
JDTG01000019.1_67	CP101158.1_74	36.0	842	470	21	451	1262	367	1169	4.97e-141	457
JDTG01000019.1_67	CP099999.1_41	33.7	864	507	19	449	1280	342	1171	4.80e-121	402
JDTG01000019.1_67	LOAJ01000002.1_61	29.0	903	505	34	458	1278	542	1390	2.41e-73	264
JDTG01000019.1_67	CP031299.1_6	52.7	243	111	2	636	875	8	249	3.74e-73	242
JDTG01000019.1_67	KX687704.1_7	28.0	878	529	32	460	1278	509	1342	4.69e-67	244
JDTG01000019.1_67	KX906370.1_88	28.0	878	529	32	460	1278	509	1342	4.69e-67	244
JDTG01000019.1_67	LWLN01000003.1_13	28.2	794	507	28	483	1255	360	1111	7.24e-66	239
JDTG01000019.1_67	JAJCVI010000002.1_557	25.7	879	563	23	435	1262	497	1336	4.32e-62	228
JDTG01000019.1_67	AOJE01000051.1_50	26.3	875	535	28	460	1271	401	1228	1.79e-61	226
JDTG01000019.1_67	SRIF01000015.1_79	25.6	887	556	28	454	1278	352	1196	7.35e-50	189
JDTG01000019.1_68	JDTG01000019.1_68	100	68	0	0	1	68	1	68	5.35e-43	129
JDTG01000019.1_68	FNFE01000011.1_17	46.5	71	29	3	1	68	1	65	4.80e-09	43.5
JDTG01000019.1_69	JDTG01000019.1_69	100	35	0	0	1	35	1	35	2.80e-20	69.7
JDTG01000019.1_70	JDTG01000019.1_70	100	36	0	0	1	36	1	36	1.30e-23	78.2
JDTG01000019.1_71	JDTG01000019.1_71	100	139	0	0	1	139	1	139	1.35e-87	247
JDTG01000019.1_71	LWLN01000003.1_3	68.8	80	21	1	1	80	1	76	1.31e-23	85.9
JDTG01000019.1_71	SJER01000008.1_124	49.6	119	54	3	13	131	9	121	1.63e-21	79.7
JDTG01000019.1_71	SJER01000008.1_123	49.6	123	52	4	14	133	9	124	2.36e-21	79.3
JDTG01000019.1_71	CP095494.1_28	60.3	78	29	2	9	86	8	83	2.51e-18	72.0
JDTG01000019.1_71	NC_013748.1_2	52.3	86	37	2	1	86	1	82	1.21e-17	70.9
JDTG01000019.1_71	CP101158.1_69	47.5	139	52	6	17	136	14	150	8.89e-17	68.2
JDTG01000019.1_71	SJER01000008.1_122	40.3	144	68	3	9	139	4	142	1.05e-15	65.1
JDTG01000019.1_71	LWLN01000003.1_2	53.3	75	32	1	6	80	6	77	2.40e-15	64.7
JDTG01000019.1_71	AOIO01000049.1_83	37.4	139	78	3	1	131	2	139	2.54e-14	61.6
JDTG01000019.1_71	QKNW01000002.1_44	59.7	77	25	3	14	86	8	82	3.35e-14	61.2
JDTG01000019.1_71	BBJN01000020.1_30	60.0	50	20	0	14	63	10	59	4.57e-12	55.5
JDTG01000019.1_71	QKNW01000002.1_43	62.3	61	21	2	14	74	8	66	6.52e-12	55.1
JDTG01000019.1_71	BBJN01000020.1_29	66.7	45	15	0	13	57	7	51	1.82e-11	53.9
JDTG01000019.1_71	SRIF01000015.1_82	55.2	67	29	1	15	81	9	74	3.92e-11	53.5
JDTG01000019.1_71	WSZK01000033.1_40	51.9	79	29	3	9	87	5	74	5.35e-11	53.5
JDTG01000019.1_71	CP084476.1_85	90.0	30	3	0	1	30	2	31	1.35e-10	52.4
JDTG01000019.1_71	BBJN01000020.1_27	69.0	42	13	0	14	55	10	51	1.87e-10	52.0
JDTG01000019.1_71	JAJCVI010000002.1_548	55.2	67	15	2	15	81	9	60	1.19e-09	48.9
JDTG01000019.1_71	CP099999.1_44	52.5	61	28	1	28	88	1	60	1.46e-09	48.5
JDTG01000019.1_71	JAJCVI010000002.1_549	68.3	41	13	0	15	55	9	49	1.86e-09	48.5
JDTG01000019.1_71	WSZK01000033.1_39	61.1	54	17	1	15	68	37	86	3.26e-09	48.5
JDTG01000019.1_71	JAJCVI010000002.1_550	68.9	45	12	1	8	52	4	46	4.36e-09	47.8
JDTG01000019.1_71	Gairdner_NODE_107_length_49922_cov_74.384603_9	63.0	46	15	1	9	54	5	48	1.06e-08	47.4
JDTG01000019.1_71	AOIP01000022.1_17	70.4	27	8	0	6	32	5	31	4.14e-06	40.0
JDTG01000019.1_72	JDTG01000019.1_72	100	264	0	0	1	264	1	264	2.46e-199	540
JDTG01000019.1_72	LWLN01000003.1_4	87.2	257	33	0	5	261	6	262	9.53e-170	465
JDTG01000019.1_72	CP084476.1_84	77.3	260	59	0	2	261	3	262	2.54e-158	436
JDTG01000019.1_72	CP095494.1_29	66.2	260	86	2	1	259	1	259	3.53e-124	350
JDTG01000019.1_72	CP119801.1_54	63.1	260	93	2	1	259	1	258	6.24e-119	337
JDTG01000019.1_72	NC_013748.1_3	36.4	269	161	6	1	264	1	264	2.45e-45	149
JDTG01000019.1_72	CP101158.1_70	33.8	269	160	7	1	261	1	259	4.76e-41	138
JDTG01000019.1_72	AOIP01000022.1_18	34.3	268	167	7	1	264	1	263	5.32e-40	135
JDTG01000019.1_72	AOIO01000049.1_84	34.3	268	167	7	1	264	1	263	2.08e-39	134
JDTG01000019.1_72	JAJCVI010000002.1_547	28.9	273	169	7	6	257	4	272	5.47e-36	125
JDTG01000019.1_72	SJER01000008.1_125	29.5	264	173	6	6	259	4	264	7.48e-31	111
JDTG01000019.1_73	JDTG01000019.1_73	100	181	0	0	1	181	1	181	4.55e-138	378
JDTG01000019.1_73	LWLN01000003.1_5	90.6	181	17	0	1	181	1	181	6.18e-127	350
JDTG01000019.1_73	CP084476.1_83	80.1	181	36	0	1	181	1	181	7.65e-112	312
JDTG01000019.1_73	CP095494.1_30	72.9	181	49	0	1	181	1	181	1.30e-103	291
JDTG01000019.1_73	CP119801.1_53	74.6	181	46	0	1	181	1	181	1.30e-103	291
JDTG01000019.1_73	CP019329.1_85	80.0	120	24	0	57	176	9	128	4.28e-73	212
JDTG01000019.1_74	JDTG01000019.1_74	100	170	0	0	1	170	1	170	1.22e-123	341
JDTG01000019.1_74	AOIP01000022.1_16	63.1	160	59	0	7	166	44	203	3.16e-72	212
JDTG01000019.1_74	LWLN01000003.1_6	64.3	157	56	0	14	170	9	165	9.32e-72	209
JDTG01000019.1_74	CP084476.1_82	61.6	159	57	2	16	170	7	165	4.18e-56	170
JDTG01000019.1_75	JDTG01000019.1_75	100	80	0	0	1	80	1	80	8.56e-61	175
JDTG01000019.1_76	JDTG01000019.1_76	100	65	0	0	1	65	1	65	4.50e-45	134
JDTG01000019.1_77	JDTG01000019.1_77	100	283	0	0	1	283	1	283	2.50e-222	600
JDTG01000019.1_78	CP031299.1_1	100	53	0	0	1	53	1	53	3.25e-33	103
JDTG01000019.1_78	JDTG01000019.1_78	100	53	0	0	1	53	1	53	3.25e-33	103
JDTG01000019.1_79	JDTG01000019.1_79	100	223	0	0	1	223	1	223	1.32e-169	461
JDTG01000019.1_79	CP095494.1_32	80.5	221	42	1	1	221	1	220	8.44e-134	371
JDTG01000019.1_79	LWLN01000003.1_12	61.5	221	81	3	6	223	5	224	1.95e-93	269
JDTG01000019.1_79	CP031299.1_3	100	108	0	0	116	223	11	118	4.89e-77	223
JDTG01000019.1_79	CP031299.1_2	100	94	0	0	1	94	1	94	6.03e-68	200
JDTG01000019.1_80	JDTG01000019.1_80	100	136	0	0	1	136	1	136	1.38e-99	277
JDTG01000019.1_80	AOIO01000049.1_88	81.0	126	24	0	9	134	99	224	9.23e-74	215
JDTG01000019.1_80	CP084476.1_79	42.1	114	64	1	13	124	59	172	4.72e-26	92.8
JDTG01000019.1_81	JDTG01000019.1_81	100	1231	0	0	1	1231	1	1231	0.0	1872
JDTG01000019.1_81	CP119801.1_45	52.5	867	367	12	373	1229	205	1036	2.88e-290	839
JDTG01000019.1_81	CP084476.1_77	53.6	866	358	16	371	1225	44	876	1.20e-288	830
JDTG01000019.1_81	AOIP01000022.1_21	50.9	877	401	11	361	1231	365	1217	2.47e-284	830
JDTG01000019.1_81	JDTG01000019.1_67	49.5	866	402	15	375	1227	454	1297	1.67e-249	743
JDTG01000019.1_81	CP095494.1_33	47.4	863	413	15	372	1227	368	1196	7.76e-233	697
JDTG01000019.1_81	CP095494.1_34	46.3	863	420	16	372	1226	254	1081	1.80e-231	689
JDTG01000019.1_81	NC_015659.1_102	39.7	873	478	19	375	1231	276	1116	7.96e-184	566
JDTG01000019.1_81	FNFE01000011.1_19	38.5	868	487	14	375	1229	277	1110	3.20e-180	556
JDTG01000019.1_81	NC_013748.1_9	37.0	878	503	15	375	1227	282	1134	3.92e-170	531
JDTG01000019.1_81	JAAOHU010000009.1_4	36.8	840	487	14	363	1199	402	1200	9.53e-159	503
JDTG01000019.1_81	AOIO01000049.1_89	37.9	848	467	19	375	1208	263	1064	2.18e-156	493
JDTG01000019.1_81	CP031299.1_6	96.4	251	8	1	548	798	1	250	1.91e-155	463
JDTG01000019.1_81	CP099999.1_41	36.2	881	483	23	374	1217	346	1184	3.47e-144	463
JDTG01000019.1_81	CP019329.1_80	33.4	888	524	20	375	1226	289	1145	6.89e-142	456
JDTG01000019.1_81	CP101158.1_74	33.5	859	479	23	375	1195	370	1174	4.96e-119	395
JDTG01000019.1_81	AOLZ01000012.1_19	34.7	902	511	31	362	1226	366	1226	1.10e-117	391
JDTG01000019.1_81	CP019286.1_50	34.7	902	511	31	362	1226	366	1226	1.10e-117	391
JDTG01000019.1_81	CP031299.1_4	100	235	0	0	1	235	1	235	2.03e-66	220
JDTG01000019.1_81	CP031299.1_7	91.1	124	10	1	971	1094	1	123	1.03e-65	214
JDTG01000019.1_81	LOAJ01000002.1_61	27.1	915	535	31	379	1216	542	1401	1.86e-65	239
JDTG01000019.1_81	JAJCVI010000002.1_557	24.9	897	533	27	376	1201	521	1347	3.28e-62	228
JDTG01000019.1_81	BBJN01000020.1_32	26.0	860	551	29	372	1208	565	1362	8.71e-60	221
JDTG01000019.1_81	QKNW01000002.1_41	26.4	857	532	29	375	1184	580	1384	7.03e-46	176
JDTG01000019.1_81	Eyresouth_NODE_101_length_48437_cov_7.17035_9	24.3	946	591	32	363	1226	257	1159	2.21e-33	135
JDTG01000019.1_82	JDTG01000019.1_82	100	526	0	0	1	526	1	526	0.0	996
JDTG01000019.1_82	CP084476.1_75	69.5	515	151	3	1	515	1	509	4.93e-240	664
JDTG01000019.1_82	CP119801.1_44	68.5	517	157	4	1	512	1	516	2.82e-229	637
JDTG01000019.1_82	AOIP01000022.1_22	65.1	519	173	4	1	519	1	511	1.26e-220	615
JDTG01000019.1_82	CP031299.1_9	88.2	313	32	2	216	526	1	310	4.02e-178	499
JDTG01000019.1_82	CP099999.1_40	50.0	534	231	13	1	526	1	506	1.74e-139	408
JDTG01000019.1_82	CP101158.1_75	43.9	537	269	11	6	523	9	532	1.51e-109	332
JDTG01000019.1_82	Gairdner_NODE_167_length_41210_cov_9.888325_31	36.5	553	270	16	6	510	15	534	7.09e-69	227
JDTG01000019.1_82	Eyresouth_NODE_101_length_48437_cov_7.17035_10	37.0	497	284	13	19	505	43	520	1.78e-68	225
JDTG01000019.1_82	CP031299.1_8	78.2	147	20	2	44	184	1	141	7.95e-68	211
JDTG01000019.1_82	Frome_NODE_383_length_24936_cov_4.316346_2	36.5	468	266	13	19	475	43	490	5.45e-64	213
JDTG01000019.1_82	AOLZ01000012.1_20	34.8	534	300	14	8	513	3	516	8.72e-61	204
JDTG01000019.1_82	CP019286.1_49	34.8	534	300	14	8	513	3	516	8.72e-61	204
JDTG01000019.1_82	NC_015659.1_101	33.3	514	310	10	8	502	3	502	8.31e-60	202
JDTG01000019.1_82	NC_013748.1_10	38.1	459	244	13	69	502	63	506	7.66e-57	194
JDTG01000019.1_82	FNFE01000011.1_20	34.2	535	279	19	8	510	4	497	5.46e-56	191
JDTG01000019.1_82	JAAOHU010000009.1_3	35.8	495	270	18	39	513	40	506	2.74e-55	189
JDTG01000019.1_82	Gairdner_NODE_107_length_49922_cov_74.384603_13	34.9	498	274	17	5	475	2	476	8.27e-54	186
JDTG01000019.1_82	CP019329.1_79	34.0	535	281	17	8	510	5	499	3.88e-50	175
JDTG01000019.1_82	FOXI01000018.1_54	33.6	491	269	17	49	506	46	512	9.33e-45	161
JDTG01000019.1_82	JAANTI010000009.1_1	36.3	413	221	13	121	506	45	442	3.90e-44	158
JDTG01000019.1_82	SRIF01000015.1_78	32.3	538	289	22	20	514	21	526	1.59e-42	155
JDTG01000019.1_82	AOIO01000049.1_91	42.0	276	146	6	252	514	521	795	3.12e-41	154
JDTG01000019.1_82	WSZK01000033.1_35	31.3	546	312	19	4	512	3	522	5.63e-39	145
JDTG01000019.1_82	AOJE01000025.1_28	33.4	440	232	17	93	509	83	484	5.31e-37	139
JDTG01000019.1_83	JDTG01000019.1_83	100	262	0	0	1	262	1	262	2.67e-202	547
JDTG01000019.1_83	CP031299.1_10	99.5	206	1	0	57	262	1	206	6.85e-160	438
JDTG01000019.1_83	CP119801.1_43	67.9	234	74	1	28	260	26	259	1.11e-127	358
JDTG01000019.1_83	AOIP01000022.1_23	65.8	231	78	1	31	260	27	257	1.70e-119	338
JDTG01000019.1_83	AOIO01000049.1_90	47.7	241	118	4	23	258	24	261	1.44e-75	226
JDTG01000019.1_83	CP099999.1_39	43.4	258	141	3	5	262	4	256	2.36e-72	218
JDTG01000019.1_83	CP084476.1_74	47.4	249	117	9	13	255	13	253	1.34e-59	186
JDTG01000019.1_83	JAAOHU010000009.1_2	37.0	257	150	6	1	255	1	247	2.55e-51	164
JDTG01000019.1_83	NC_013748.1_11	37.6	210	113	8	38	238	45	245	1.90e-37	129
JDTG01000019.1_83	AOJE01000025.1_29	26.7	247	160	8	5	250	24	250	2.87e-16	72.0
JDTG01000019.1_84	CP031299.1_11	100	248	0	0	1	248	1	248	8.77e-176	479
JDTG01000019.1_84	JDTG01000019.1_84	100	248	0	0	1	248	1	248	8.77e-176	479
JDTG01000019.1_84	SRIF01000015.1_73	42.8	187	97	4	70	247	76	261	2.13e-35	123
JDTG01000019.1_85	CP031299.1_12	100	316	0	0	1	316	1	316	5.30e-211	574
JDTG01000019.1_85	JDTG01000019.1_85	100	316	0	0	1	316	1	316	5.30e-211	574
JDTG01000019.1_85	AOJE01000051.1_44	38.0	329	178	8	4	310	3	327	1.34e-64	202
JDTG01000019.1_86	CP031299.1_13	100	513	0	0	1	513	1	513	0.0	1043
JDTG01000019.1_86	JDTG01000019.1_86	100	513	0	0	1	513	1	513	0.0	1043
JDTG01000019.1_87	CP031299.1_14	100	508	0	0	1	508	1	508	0.0	974
JDTG01000019.1_87	JDTG01000019.1_87	100	508	0	0	1	508	1	508	0.0	974
JDTG01000019.1_88	CP031299.1_15	100	367	0	0	1	367	1	367	2.34e-219	599
JDTG01000019.1_88	JDTG01000019.1_88	100	367	0	0	1	367	1	367	2.34e-219	599
JDTG01000019.1_88	CP084476.1_66	53.6	364	157	7	9	367	13	369	4.47e-101	299
JDTG01000019.1_88	AOIO01000049.1_95	49.8	323	157	4	10	331	10	328	1.98e-90	271
JDTG01000019.1_88	CP119801.1_42	47.9	365	183	6	3	361	2	365	5.62e-89	268
JDTG01000019.1_88	NC_015659.1_96	46.7	334	165	9	1	330	49	373	2.75e-75	234
JDTG01000019.1_88	CP095494.1_37	39.3	295	156	7	8	287	8	294	1.16e-38	137
JDTG01000019.1_88	AOIP01000022.1_24	35.5	299	170	9	10	293	10	300	3.38e-34	125
JDTG01000019.1_88	Gairdner_NODE_107_length_49922_cov_74.384603_16	36.6	290	165	9	15	293	13	294	6.72e-25	99.4
JDTG01000019.1_88	CP099999.1_38	31.3	374	213	12	10	367	10	355	1.01e-20	87.8
JDTG01000019.1_88	NC_013748.1_15	35.7	98	59	2	221	318	238	331	1.15e-07	48.5
JDTG01000019.1_88	RJJW01000001.1_32	39.3	56	34	0	219	274	222	277	5.36e-04	37.0
JDTG01000019.1_89	CP031299.1_16	100	127	0	0	1	127	1	127	9.22e-87	244
JDTG01000019.1_89	JDTG01000019.1_89	100	127	0	0	1	127	1	127	9.22e-87	244
JDTG01000019.1_89	NC_015659.1_95	64.7	102	35	1	22	123	26	126	3.53e-41	129
JDTG01000019.1_90	CP031299.1_17	100	228	0	0	1	228	1	228	2.08e-164	449
JDTG01000019.1_90	JDTG01000019.1_90	100	228	0	0	1	228	1	228	2.08e-164	449
JDTG01000019.1_90	CP084476.1_63	66.5	224	72	2	4	225	32	254	4.87e-98	282
JDTG01000019.1_90	NC_013748.1_18	57.4	223	94	1	7	228	8	230	7.97e-86	250
JDTG01000019.1_90	NC_015659.1_94	46.8	222	111	5	7	223	11	230	1.69e-63	193
JDTG01000019.1_90	CP095494.1_39	48.0	225	114	3	7	228	11	235	7.00e-63	192
JDTG01000019.1_90	FNFE01000011.1_27	45.0	222	119	3	7	226	10	230	1.30e-57	178
JDTG01000019.1_90	CP019329.1_70	42.5	228	124	4	5	225	23	250	6.81e-54	169
JDTG01000019.1_90	LWLN01000003.1_19	42.4	236	119	6	4	225	5	237	8.03e-50	159
JDTG01000019.1_91	CP031299.1_18	100	67	0	0	1	67	1	67	2.56e-45	135
JDTG01000019.1_91	JDTG01000019.1_91	100	67	0	0	1	67	1	67	2.56e-45	135
JDTG01000019.1_91	CP084476.1_62	82.1	67	12	0	1	67	1	67	1.83e-36	112
JDTG01000019.1_91	NC_013748.1_19	74.6	67	16	1	1	67	1	66	2.26e-30	97.4
JDTG01000019.1_92	CP031299.1_19	100	147	0	0	1	147	1	147	2.69e-100	280
JDTG01000019.1_92	JDTG01000019.1_92	100	147	0	0	1	147	1	147	2.69e-100	280
JDTG01000019.1_92	NC_015659.1_93	62.9	151	52	1	1	147	1	151	3.98e-64	189
JDTG01000019.1_92	CP084476.1_61	59.3	145	58	1	3	147	7	150	3.30e-58	174
JDTG01000019.1_92	NC_013748.1_20	55.6	151	61	3	1	147	1	149	5.14e-50	153
JDTG01000019.1_92	AOIP01000022.1_27	50.0	146	68	2	5	147	9	152	1.42e-45	142
JDTG01000019.1_92	AOIO01000049.1_98	48.1	154	71	3	1	147	1	152	1.64e-44	139
JDTG01000019.1_93	CP031299.1_20	100	316	0	0	1	316	1	316	1.24e-225	611
JDTG01000019.1_93	JDTG01000019.1_93	100	316	0	0	1	316	1	316	1.24e-225	611
JDTG01000019.1_93	NC_013748.1_21	72.6	314	81	1	8	316	12	325	2.27e-161	449
JDTG01000019.1_93	AOIP01000022.1_28	72.3	307	79	3	8	311	6	309	3.38e-151	422
JDTG01000019.1_93	AOIO01000049.1_99	71.8	308	80	3	8	311	6	310	4.06e-150	420
JDTG01000019.1_93	CP084476.1_60	67.2	314	101	2	3	316	2	313	3.22e-144	405
JDTG01000019.1_93	NC_015659.1_92	64.9	313	95	5	11	316	10	314	2.75e-131	372
JDTG01000019.1_93	BBJN01000020.1_39	46.4	291	143	6	7	292	10	292	1.36e-76	232
JDTG01000019.1_93	FOXI01000018.1_47	46.1	297	145	7	3	292	5	293	7.92e-76	230
JDTG01000019.1_93	JAANTI010000009.1_8	46.1	297	145	7	3	292	5	293	7.92e-76	230
JDTG01000019.1_93	CP100004.1_10	46.3	285	145	5	11	290	1	282	3.37e-75	229
JDTG01000019.1_93	Gairdner_NODE_107_length_49922_cov_74.384603_21	46.3	283	143	7	11	290	16	292	6.73e-75	228
JDTG01000019.1_93	JAJCVI010000002.1_563	44.0	298	155	6	7	300	10	299	2.33e-67	209
JDTG01000019.1_93	WSZK01000033.1_29	40.8	294	167	4	14	305	21	309	1.52e-65	204
JDTG01000019.1_93	RJJW01000001.1_38	40.7	295	155	8	7	288	12	299	2.96e-59	188
JDTG01000019.1_93	AOIR01000042.1_49	41.6	305	161	9	6	303	7	301	1.77e-58	186
JDTG01000019.1_93	LWLN01000003.1_21	38.9	288	159	8	2	281	16	294	2.08e-54	176
JDTG01000019.1_93	CP101161.1_3061	40.6	278	146	8	31	300	26	292	1.68e-52	170
JDTG01000019.1_93	Gairdner_NODE_167_length_41210_cov_9.888325_26	39.1	302	163	9	1	290	5	297	2.00e-51	168
JDTG01000019.1_93	JAAOHU010000009.1_62	41.1	270	148	7	22	289	147	407	3.58e-50	168
JDTG01000019.1_93	CP019329.1_67	35.0	254	152	6	36	282	160	407	1.82e-43	150
JDTG01000019.1_93	Eyresouth_NODE_101_length_48437_cov_7.17035_20	32.7	263	170	5	32	291	52	310	1.10e-42	145
JDTG01000019.1_93	CP101158.1_84	32.4	306	183	8	24	313	39	336	2.61e-38	134
JDTG01000019.1_94	CP031299.1_21	100	80	0	0	1	80	1	80	5.03e-51	150
JDTG01000019.1_94	JDTG01000019.1_94	100	80	0	0	1	80	1	80	5.03e-51	150
JDTG01000019.1_94	NC_013748.1_22	73.8	80	20	1	1	80	1	79	6.20e-36	112
JDTG01000019.1_94	NC_015659.1_91	60.0	80	32	0	1	80	1	80	5.62e-30	97.4
JDTG01000019.1_94	AOIO01000049.1_100	61.3	80	30	1	1	80	1	79	7.43e-28	92.0
JDTG01000019.1_94	AOIP01000022.1_29	61.3	80	30	1	1	80	1	79	1.05e-27	91.7
JDTG01000019.1_94	CP084476.1_59	49.4	81	33	4	2	80	3	77	3.65e-16	62.4
JDTG01000019.1_95	CP031299.1_22	100	99	0	0	1	99	1	99	2.89e-61	177
JDTG01000019.1_95	JDTG01000019.1_95	100	99	0	0	1	99	1	99	2.89e-61	177
JDTG01000019.1_95	CP084476.1_58	69.1	97	30	0	1	97	1	97	4.03e-43	132
JDTG01000019.1_95	NC_013748.1_23	67.0	97	32	0	1	97	1	97	1.15e-42	130
JDTG01000019.1_95	AOIP01000022.1_30	60.2	98	35	2	1	97	1	95	1.28e-34	110
JDTG01000019.1_95	AOIO01000049.1_101	60.2	98	35	2	1	97	1	95	3.67e-34	109
JDTG01000019.1_95	NC_015659.1_90	49.5	101	47	1	1	97	1	101	2.00e-25	87.4
JDTG01000019.1_96	CP031299.1_23	100	72	0	0	1	72	1	72	1.16e-50	149
JDTG01000019.1_96	JDTG01000019.1_96	100	72	0	0	1	72	1	72	1.16e-50	149
JDTG01000019.1_96	NC_015659.1_89	81.9	72	13	0	1	72	1	72	1.67e-41	125
JDTG01000019.1_96	CP084476.1_57	81.9	72	13	0	1	72	1	72	1.96e-40	123
JDTG01000019.1_96	AOIP01000022.1_31	79.2	72	15	0	1	72	1	72	6.57e-39	119
JDTG01000019.1_96	AOIO01000049.1_107	77.8	72	16	0	1	72	1	72	2.68e-38	117
JDTG01000019.1_96	NC_013748.1_24	77.8	72	16	0	1	72	1	72	1.82e-36	113
JDTG01000019.1_96	AOJE01000051.1_26	47.4	57	29	1	11	67	9	64	9.85e-12	50.8
JDTG01000019.1_96	KX687704.1_21	45.6	57	30	1	11	67	9	64	2.87e-11	49.7
JDTG01000019.1_96	KX906370.1_102	45.6	57	30	1	11	67	9	64	2.87e-11	49.7
JDTG01000019.1_96	LOAJ01000002.1_49	43.9	57	31	1	11	67	9	64	5.63e-11	48.9
JDTG01000019.1_97	CP031299.1_24	100	193	0	0	1	193	1	193	3.37e-130	359
JDTG01000019.1_97	JDTG01000019.1_97	100	193	0	0	1	193	1	193	3.37e-130	359
JDTG01000019.1_97	CP084476.1_56	75.8	186	45	0	5	190	7	192	9.25e-101	285
JDTG01000019.1_97	NC_013748.1_25	73.7	194	50	1	1	193	1	194	1.27e-100	285
JDTG01000019.1_97	AOIO01000049.1_108	69.3	189	58	0	5	193	7	195	2.66e-93	266
JDTG01000019.1_97	AOIP01000022.1_32	69.3	189	58	0	5	193	7	195	2.66e-93	266
JDTG01000019.1_97	NC_015659.1_88	64.7	187	66	0	7	193	9	195	8.82e-85	244
JDTG01000019.1_97	RJJW01000001.1_42	34.2	155	98	3	7	159	15	167	3.96e-19	77.4
JDTG01000019.1_97	AOJE01000025.1_37	26.7	146	102	3	16	159	7	149	8.93e-12	57.4
JDTG01000019.1_97	CP099999.1_30	24.3	185	108	5	12	189	27	186	5.52e-09	49.7
JDTG01000019.1_98	CP031299.1_25	100	342	0	0	1	342	1	342	6.78e-243	657
JDTG01000019.1_98	JDTG01000019.1_98	100	342	0	0	1	342	1	342	6.78e-243	657
JDTG01000019.1_98	AOIO01000049.1_109	77.8	343	75	1	1	342	1	343	5.61e-194	533
JDTG01000019.1_98	AOIP01000022.1_33	77.8	343	75	1	1	342	1	343	1.13e-193	532
JDTG01000019.1_98	CP084476.1_55	75.2	343	83	2	1	342	1	342	1.16e-181	502
JDTG01000019.1_98	NC_013748.1_26	72.9	343	91	2	1	342	1	342	4.46e-179	495
JDTG01000019.1_98	NC_015659.1_87	68.6	344	106	2	1	342	1	344	2.03e-166	463
JDTG01000019.1_99	CP031299.1_26	100	414	0	0	1	414	1	414	2.20e-289	780
JDTG01000019.1_99	JDTG01000019.1_99	100	414	0	0	1	414	1	414	2.20e-289	780
JDTG01000019.1_99	NC_013748.1_27	75.6	418	96	2	3	414	2	419	8.11e-217	597
JDTG01000019.1_99	AOIP01000022.1_34	74.9	414	98	2	4	414	3	413	1.85e-209	578
JDTG01000019.1_99	AOIO01000049.1_110	74.4	414	100	2	4	414	3	413	2.15e-208	575
JDTG01000019.1_99	CP084476.1_54	72.6	424	102	4	1	414	1	420	9.19e-207	572
JDTG01000019.1_99	NC_015659.1_86	67.9	418	128	2	3	414	2	419	2.84e-191	532
JDTG01000019.1_99	BBJN01000020.1_45	45.7	359	192	2	55	411	56	413	1.46e-93	283
JDTG01000019.1_99	FOXI01000018.1_40	45.4	359	193	2	55	411	62	419	4.90e-93	282
JDTG01000019.1_99	JAANTI010000009.1_15	45.4	359	193	2	55	411	62	419	4.90e-93	282
JDTG01000019.1_99	Gairdner_NODE_107_length_49922_cov_74.384603_28	45.0	349	188	3	55	400	49	396	1.48e-91	278
JDTG01000019.1_99	CP100004.1_17	42.7	365	204	3	46	405	48	412	4.79e-78	243
JDTG01000019.1_99	WSZK01000033.1_23	39.6	361	214	3	55	411	72	432	1.61e-71	227
JDTG01000019.1_99	CP101158.1_90	37.3	391	211	7	42	400	46	434	1.18e-65	212
JDTG01000019.1_99	CP101161.1_3067	38.2	317	192	3	84	397	22	337	1.00e-59	194
JDTG01000019.1_99	KX687704.1_24	32.8	424	253	6	8	400	5	427	4.80e-56	186
JDTG01000019.1_99	LOAJ01000002.1_46	32.9	353	229	4	55	400	77	428	5.15e-55	184
JDTG01000019.1_99	AOLZ01000012.1_33	33.4	419	247	10	16	412	27	435	6.52e-48	165
JDTG01000019.1_99	CP019286.1_36	33.4	419	247	10	16	412	27	435	6.52e-48	165
JDTG01000019.1_99	AOJE01000025.1_39	33.9	351	221	6	52	394	67	414	2.50e-47	163
JDTG01000019.1_99	JAAOHU010000009.1_56	31.7	379	231	8	43	401	72	442	5.17e-45	158
JDTG01000019.1_99	SJER01000008.1_142	30.9	375	234	7	56	407	100	472	5.35e-44	155
JDTG01000019.1_99	CP099999.1_28	32.5	391	234	10	45	411	47	431	4.40e-43	152
JDTG01000019.1_99	AOIR01000042.1_55	33.0	327	201	11	81	397	103	421	8.33e-43	151
JDTG01000019.1_99	Gairdner_NODE_167_length_41210_cov_9.888325_20	32.1	308	204	5	49	353	65	370	2.39e-39	142
JDTG01000019.1_100	CP031299.1_27	100	616	0	0	1	616	1	616	0.0	1085
JDTG01000019.1_100	JDTG01000019.1_100	100	616	0	0	1	616	1	616	0.0	1085
JDTG01000019.1_100	AOIP01000022.1_35	72.1	526	144	3	92	615	18	542	1.98e-262	726
JDTG01000019.1_100	NC_013748.1_28	69.9	559	153	4	65	616	10	560	1.65e-260	722
JDTG01000019.1_100	AOIO01000049.1_111	69.5	538	136	6	92	614	18	542	4.45e-254	705
JDTG01000019.1_100	CP084476.1_53	69.5	521	155	4	97	616	24	541	3.33e-248	690
JDTG01000019.1_100	NC_015659.1_85	68.6	516	158	4	99	612	25	538	2.52e-247	687
JDTG01000019.1_100	CP100004.1_19	37.5	480	281	5	130	609	36	496	1.97e-84	269
JDTG01000019.1_100	FOXI01000018.1_39	33.8	467	296	7	131	594	46	502	2.15e-68	227
JDTG01000019.1_100	JAANTI010000009.1_16	33.8	467	296	7	131	594	46	502	2.15e-68	227
JDTG01000019.1_100	BBJN01000020.1_46	33.5	394	248	5	160	549	75	458	2.82e-58	201
JDTG01000019.1_100	JAJCVI010000002.1_570	34.2	322	199	8	289	606	281	593	3.39e-46	168
JDTG01000019.1_100	CP101158.1_91	28.3	491	324	10	110	597	95	560	9.75e-41	152
JDTG01000019.1_100	CP101161.1_3068	32.2	298	190	8	307	598	282	573	4.48e-37	141
JDTG01000019.1_100	Eyre_NODE_236_length_33155_cov_19.932_27	29.3	331	208	10	282	599	278	595	1.61e-17	81.6
JDTG01000019.1_100	Eyresouth_NODE_101_length_48437_cov_7.17035_27	27.5	517	281	19	157	599	94	590	3.43e-16	77.4
JDTG01000019.1_100	Frome_NODE_383_length_24936_cov_4.316346_19	27.0	518	282	20	157	599	94	590	4.54e-16	77.0
JDTG01000019.1_101	CP031299.1_28	100	788	0	0	1	788	1	788	0.0	1553
JDTG01000019.1_101	JDTG01000019.1_101	100	788	0	0	1	788	1	788	0.0	1553
JDTG01000019.1_101	NC_013748.1_29	88.5	789	85	2	1	788	1	784	0.0	1380
JDTG01000019.1_101	NC_015659.1_84	84.5	787	121	1	3	788	2	788	0.0	1321
JDTG01000019.1_101	AOIO01000049.1_112	83.9	790	125	2	1	788	1	790	0.0	1319
JDTG01000019.1_101	AOIP01000022.1_36	83.7	790	127	2	1	788	1	790	0.0	1317
JDTG01000019.1_101	CP100004.1_22	59.9	790	300	8	9	787	8	791	1.48e-320	890
JDTG01000019.1_101	SRIF01000015.1_56	53.0	800	345	8	12	787	20	812	3.50e-282	794
JDTG01000019.1_101	CP019329.1_57	53.6	802	344	8	9	787	20	816	1.07e-281	793
JDTG01000019.1_101	CP095494.1_52	53.3	799	350	7	9	786	17	813	1.35e-279	787
JDTG01000019.1_101	WSZK01000033.1_21	53.8	793	346	9	9	786	17	804	1.06e-278	785
JDTG01000019.1_101	CP084476.1_52	51.9	800	369	7	1	787	1	797	3.82e-275	775
JDTG01000019.1_101	CP119801.1_26	51.7	814	363	7	1	787	1	811	8.45e-275	775
JDTG01000019.1_101	RJJW01000001.1_46	51.4	814	361	9	1	787	3	808	4.65e-273	770
JDTG01000019.1_101	Eyresouth_NODE_101_length_48437_cov_7.17035_28	51.8	815	338	15	9	786	28	824	8.99e-262	742
JDTG01000019.1_101	Frome_NODE_383_length_24936_cov_4.316346_20	51.8	815	338	15	9	786	28	824	1.80e-261	741
JDTG01000019.1_101	Eyre_NODE_236_length_33155_cov_19.932_26	51.6	803	358	11	9	786	28	824	2.06e-260	739
JDTG01000019.1_101	LWLN01000003.1_29	47.9	800	389	10	9	787	34	826	1.47e-245	701
JDTG01000019.1_101	AOLZ01000012.1_35	47.2	799	396	11	9	787	30	822	8.20e-236	676
JDTG01000019.1_101	CP019286.1_34	47.2	799	396	11	9	787	30	822	8.20e-236	676
JDTG01000019.1_101	SJER01000008.1_144	48.3	760	372	7	40	782	51	806	2.60e-234	672
JDTG01000019.1_101	LOAJ01000002.1_44	44.6	812	402	13	9	779	22	826	3.59e-214	621
JDTG01000019.1_101	QKNW01000002.1_20	45.1	809	400	17	9	779	45	847	3.95e-214	622
JDTG01000019.1_101	CP101158.1_93	44.8	813	400	14	9	779	14	819	4.05e-208	605
JDTG01000019.1_101	FOXI01000018.1_35	43.7	792	420	11	1	779	1	779	6.20e-202	588
JDTG01000019.1_102	CP031299.1_29	100	314	0	0	1	314	1	314	2.43e-231	625
JDTG01000019.1_102	JDTG01000019.1_102	100	314	0	0	1	314	1	314	2.43e-231	625
JDTG01000019.1_102	NC_013748.1_30	74.6	315	79	1	1	314	1	315	5.39e-171	473
JDTG01000019.1_102	NC_015659.1_83	71.6	313	88	1	3	314	4	316	7.95e-164	454
JDTG01000019.1_102	AOIO01000049.1_113	70.9	313	90	1	3	314	4	316	1.31e-162	451
JDTG01000019.1_102	AOIP01000022.1_37	70.6	313	91	1	3	314	4	316	5.32e-162	450
JDTG01000019.1_102	CP119801.1_25	40.1	294	171	5	18	307	20	312	6.02e-72	221
JDTG01000019.1_102	CP100004.1_23	41.2	301	169	6	5	300	11	308	1.11e-70	218
JDTG01000019.1_102	CP095494.1_53	38.6	306	167	7	18	307	12	312	5.38e-70	216
JDTG01000019.1_102	Eyre_NODE_236_length_33155_cov_19.932_25	38.6	321	183	6	1	310	1	318	1.51e-67	210
JDTG01000019.1_102	CP019329.1_55	37.2	309	187	6	4	307	8	314	8.02e-67	208
JDTG01000019.1_102	LWLN01000003.1_30	38.0	295	175	4	12	305	7	294	3.68e-66	206
JDTG01000019.1_102	Eyresouth_NODE_101_length_48437_cov_7.17035_29	37.4	321	187	6	1	310	1	318	3.77e-65	204
JDTG01000019.1_102	Frome_NODE_383_length_24936_cov_4.316346_21	37.4	321	187	6	1	310	1	318	5.32e-65	203
JDTG01000019.1_102	RJJW01000001.1_47	36.7	297	181	5	9	301	10	303	1.08e-62	197
JDTG01000019.1_102	AOLZ01000012.1_36	40.6	266	154	3	33	297	22	284	1.52e-61	194
JDTG01000019.1_102	CP019286.1_33	40.2	266	155	3	33	297	22	284	1.52e-61	194
JDTG01000019.1_102	SRIF01000015.1_55	35.4	297	184	7	22	311	21	316	8.02e-53	172
JDTG01000019.1_102	SJER01000008.1_145	34.6	295	182	5	14	305	9	295	2.53e-50	165
JDTG01000019.1_102	CP100004.1_28	36.4	253	137	8	7	238	10	259	7.58e-41	146
JDTG01000019.1_102	CP099999.1_52	35.3	215	130	6	7	213	10	223	1.91e-33	125
JDTG01000019.1_103	CP031299.1_30	100	495	0	0	1	495	1	495	0.0	990
JDTG01000019.1_103	JDTG01000019.1_103	100	495	0	0	1	495	1	495	0.0	990
JDTG01000019.1_103	LWLN01000003.1_32	85.6	499	68	1	1	495	1	499	0.0	874
JDTG01000019.1_103	CP084476.1_50	83.3	497	79	1	3	495	2	498	7.45e-316	854
JDTG01000019.1_103	NC_013748.1_31	82.5	497	85	1	1	495	1	497	1.54e-310	841
JDTG01000019.1_103	AOIP01000022.1_38	76.7	528	90	2	1	495	1	528	1.35e-300	817
JDTG01000019.1_103	NC_015659.1_82	78.0	501	104	1	1	495	1	501	1.74e-294	800
JDTG01000019.1_103	SJER01000008.1_146	72.9	490	133	0	3	492	10	499	2.17e-270	739
JDTG01000019.1_103	RJJW01000001.1_49	52.2	487	229	2	9	495	8	490	1.17e-177	504
JDTG01000019.1_103	CP019329.1_54	51.5	517	220	6	5	495	12	523	6.24e-173	493
JDTG01000019.1_103	SRIF01000015.1_53	49.1	507	229	4	9	491	6	507	6.44e-167	477
JDTG01000019.1_103	CP119801.1_24	48.2	508	234	4	12	495	15	517	1.39e-162	466
JDTG01000019.1_103	AOIO01000049.1_114	84.3	140	19	1	1	137	1	140	1.23e-85	257
JDTG01000019.1_103	QKNW01000002.1_17	26.3	525	308	16	26	492	47	550	7.47e-28	112
JDTG01000019.1_104	CP031299.1_31	100	269	0	0	1	269	1	269	2.68e-210	568
JDTG01000019.1_104	JDTG01000019.1_104	100	269	0	0	1	269	1	269	2.68e-210	568
JDTG01000019.1_104	LWLN01000003.1_33	86.3	270	36	1	1	269	1	270	8.61e-180	491
JDTG01000019.1_104	CP084476.1_49	83.0	270	45	1	1	269	1	270	4.56e-175	479
JDTG01000019.1_104	AOLZ01000012.1_37	80.7	270	51	1	1	269	1	270	2.31e-168	462
JDTG01000019.1_104	CP019286.1_32	80.7	270	51	1	1	269	1	270	2.31e-168	462
JDTG01000019.1_104	CP019329.1_53	68.1	263	77	3	4	263	28	286	2.33e-129	364
JDTG01000019.1_104	SRIF01000015.1_47	49.6	262	122	5	1	257	1	257	2.28e-80	239
JDTG01000019.1_104	Gairdner_NODE_167_length_41210_cov_9.888325_44	48.9	92	47	0	162	253	1	92	1.09e-30	106
JDTG01000019.1_105	CP031299.1_32	100	200	0	0	1	200	1	200	5.03e-158	430
JDTG01000019.1_105	JDTG01000019.1_105	100	200	0	0	1	200	1	200	5.03e-158	430
JDTG01000019.1_105	CP119801.1_23	69.5	200	61	0	1	200	1	200	6.69e-113	316
JDTG01000019.1_105	AOJE01000025.1_50	33.3	60	38	1	115	174	80	137	7.88e-04	34.3
JDTG01000019.1_106	CP031299.1_33	100	141	0	0	1	141	1	141	9.91e-109	301
JDTG01000019.1_106	JDTG01000019.1_106	100	141	0	0	1	141	1	141	9.91e-109	301
JDTG01000019.1_106	LWLN01000003.1_35	78.7	141	30	0	1	141	1	141	3.04e-85	241
JDTG01000019.1_107	CP031299.1_34	100	98	0	0	1	98	1	98	7.06e-75	212
JDTG01000019.1_107	JDTG01000019.1_107	100	98	0	0	1	98	1	98	7.06e-75	212
JDTG01000019.1_107	CP119801.1_21	59.8	92	36	1	1	92	1	91	1.99e-37	117
JDTG01000019.1_107	CP019286.1_26	68.1	72	21	2	23	93	6	76	4.95e-33	105
JDTG01000019.1_107	AOLZ01000012.1_43	72.4	58	15	1	37	93	2	59	1.92e-27	91.3
JDTG01000019.1_108	CP031299.1_35	100	227	0	0	1	227	1	227	1.85e-162	444
JDTG01000019.1_108	JDTG01000019.1_108	100	227	0	0	1	227	1	227	1.85e-162	444
JDTG01000019.1_108	LWLN01000003.1_36	75.7	222	54	0	1	222	1	222	3.57e-113	319
JDTG01000019.1_109	CP031299.1_36	100	97	0	0	1	97	1	97	2.70e-65	187
JDTG01000019.1_109	JDTG01000019.1_109	100	97	0	0	1	97	1	97	2.70e-65	187
JDTG01000019.1_110	CP031299.1_37	100	65	0	0	1	65	1	65	1.51e-43	130
JDTG01000019.1_110	JDTG01000019.1_110	100	65	0	0	1	65	1	65	1.51e-43	130
JDTG01000019.1_111	CP031299.1_38	100	132	0	0	1	132	1	132	6.63e-96	268
JDTG01000019.1_111	JDTG01000019.1_111	100	132	0	0	1	132	1	132	6.63e-96	268
JDTG01000019.1_112	CP031299.1_39	100	140	0	0	1	140	1	140	7.84e-92	258
JDTG01000019.1_112	JDTG01000019.1_112	100	140	0	0	1	140	1	140	7.84e-92	258
JDTG01000019.1_113	CP031299.1_40	100	385	0	0	1	385	1	385	3.48e-285	767
JDTG01000019.1_113	JDTG01000019.1_113	100	385	0	0	1	385	1	385	3.48e-285	767
JDTG01000019.1_113	AOLZ01000012.1_46	59.8	386	141	7	1	380	1	378	5.40e-153	432
JDTG01000019.1_113	CP019286.1_23	59.8	386	141	7	1	380	1	378	5.40e-153	432
JDTG01000019.1_113	AOIP01000022.1_45	59.1	372	142	5	13	380	5	370	2.75e-146	415
JDTG01000019.1_113	NC_013748.1_37	59.6	366	141	5	20	382	8	369	3.52e-146	415
JDTG01000019.1_113	LWLN01000003.1_42	58.6	374	140	8	18	382	5	372	6.44e-140	399
JDTG01000019.1_113	CP119801.1_19	42.6	373	196	9	20	381	21	386	1.30e-84	258
JDTG01000019.1_113	JAAOHU010000009.1_51	38.6	363	206	8	22	381	18	366	7.61e-72	225
JDTG01000019.1_113	WSZK01000033.1_9	42.5	322	169	7	68	378	92	408	1.35e-71	226
JDTG01000019.1_113	FNFE01000011.1_44	38.3	371	215	10	20	385	2	363	3.32e-68	215
JDTG01000019.1_113	Gairdner_NODE_107_length_49922_cov_74.384603_35	39.3	374	207	11	21	384	17	380	3.63e-67	213
JDTG01000019.1_113	CP095494.1_63	58.0	81	30	3	302	380	2	80	1.39e-22	86.7
JDTG01000019.1_114	CP031299.1_41	100	216	0	0	1	216	1	216	1.54e-160	438
JDTG01000019.1_114	JDTG01000019.1_114	100	216	0	0	1	216	1	216	1.54e-160	438
JDTG01000019.1_115	CP031299.1_42	100	183	0	0	1	183	1	183	3.71e-129	356
JDTG01000019.1_115	JDTG01000019.1_115	100	183	0	0	1	183	1	183	3.71e-129	356
JDTG01000019.1_115	RJJW01000001.1_60	45.4	163	84	2	22	180	29	190	8.19e-43	137
