KX687704.1_1	KX687704.1_1	100	1144	0	0	1	1144	1	1144	0.0	2246
KX687704.1_1	KX906370.1_82	100	1144	0	0	1	1144	6	1149	0.0	2246
KX687704.1_1	LOAJ01000002.1_66	84.6	1148	172	2	1	1143	6	1153	0.0	1922
KX687704.1_1	CP084476.1_91	29.8	1082	624	37	11	1008	13	1042	1.96e-85	297
KX687704.1_2	KX687704.1_2	100	56	0	0	1	56	1	56	4.82e-34	105
KX687704.1_2	KX906370.1_83	100	56	0	0	1	56	1	56	4.82e-34	105
KX687704.1_3	KX687704.1_3	100	111	0	0	1	111	1	111	8.40e-80	225
KX687704.1_3	KX906370.1_84	100	111	0	0	1	111	1	111	8.40e-80	225
KX687704.1_4	KX687704.1_4	100	230	0	0	1	230	1	230	7.88e-170	462
KX687704.1_5	KX687704.1_5	100	249	0	0	1	249	1	249	3.34e-185	503
KX687704.1_5	KX906370.1_86	100	249	0	0	1	249	1	249	3.34e-185	503
KX687704.1_5	AOJE01000051.1_51	90.0	219	22	0	31	249	1	219	2.19e-142	394
KX687704.1_5	LOAJ01000002.1_62	83.1	219	37	0	31	249	1	219	2.03e-131	366
KX687704.1_6	KX687704.1_6	100	61	0	0	1	61	1	61	1.39e-44	132
KX687704.1_6	KX906370.1_87	100	61	0	0	1	61	1	61	1.39e-44	132
KX687704.1_7	KX687704.1_7	100	1385	0	0	1	1385	1	1385	0.0	2430
KX687704.1_7	KX906370.1_88	100	1385	0	0	1	1385	1	1385	0.0	2430
KX687704.1_7	AOJE01000051.1_50	63.9	1401	364	14	1	1385	1	1275	0.0	1578
KX687704.1_7	LOAJ01000002.1_61	52.0	946	337	16	503	1382	538	1432	4.28e-288	853
KX687704.1_7	CP095494.1_33	27.9	896	544	29	472	1339	347	1168	1.27e-73	264
KX687704.1_7	CP084476.1_77	28.9	886	518	29	494	1338	39	853	1.82e-73	259
KX687704.1_7	CP095494.1_34	28.2	858	524	24	508	1339	262	1053	2.99e-72	259
KX687704.1_7	AOLZ01000012.1_19	27.9	860	539	26	506	1332	382	1193	4.64e-72	259
KX687704.1_7	CP019286.1_50	27.9	860	539	26	506	1332	382	1193	4.64e-72	259
KX687704.1_7	NC_015659.1_102	29.5	838	505	27	506	1316	279	1057	2.17e-71	256
KX687704.1_7	FNFE01000011.1_19	28.9	852	515	29	508	1331	282	1070	3.48e-67	243
KX687704.1_7	JAAOHU010000009.1_4	27.2	846	522	26	506	1328	417	1191	1.55e-65	239
KX687704.1_7	JDTG01000019.1_67	27.9	875	528	31	509	1339	460	1275	1.22e-63	233
KX687704.1_7	CP100004.1_3	27.7	857	514	33	515	1330	497	1288	1.66e-63	233
KX687704.1_7	CP119801.1_45	28.3	858	505	32	509	1331	213	995	1.34e-61	225
KX687704.1_7	BBJN01000020.1_32	26.5	849	520	22	508	1328	573	1345	1.68e-61	227
KX687704.1_7	AOIO01000049.1_89	26.1	858	542	24	506	1337	266	1057	4.43e-61	224
KX687704.1_7	CP101158.1_74	25.0	1040	665	35	328	1330	210	1171	7.95e-61	224
KX687704.1_7	AOIP01000022.1_21	27.1	885	546	28	479	1331	363	1180	1.21e-59	220
KX687704.1_7	Gairdner_NODE_167_length_41210_cov_9.888325_32	25.5	878	529	33	506	1338	577	1374	4.70e-57	213
KX687704.1_7	JAJCVI010000002.1_557	25.0	877	567	36	512	1346	529	1356	1.52e-47	182
KX687704.1_7	Eyresouth_NODE_101_length_48437_cov_7.17035_9	23.9	918	556	42	509	1338	270	1132	5.85e-26	111
KX687704.1_7	AOJE01000025.1_27	23.6	870	539	36	506	1340	355	1133	2.59e-24	106
KX687704.1_7	Gairdner_NODE_107_length_49922_cov_74.384603_12	22.4	970	629	33	445	1330	452	1381	6.57e-24	105
KX687704.1_8	KX687704.1_8	100	552	0	0	1	552	1	552	0.0	1028
KX687704.1_8	KX906370.1_89	100	552	0	0	1	552	1	552	0.0	1028
KX687704.1_8	LOAJ01000002.1_60	78.0	549	115	4	8	552	13	559	3.75e-290	794
KX687704.1_8	AOJE01000051.1_48	91.7	264	22	0	289	552	1	264	9.77e-159	449
KX687704.1_8	AOJE01000051.1_49	87.1	271	32	1	1	268	1	271	2.24e-156	444
KX687704.1_8	AOLZ01000012.1_20	45.9	364	175	8	198	551	173	524	4.43e-71	233
KX687704.1_8	CP019286.1_49	45.9	364	175	8	198	551	173	524	4.43e-71	233
KX687704.1_8	JAAOHU010000009.1_3	36.6	547	302	19	13	551	5	514	3.01e-66	219
KX687704.1_8	NC_013748.1_10	36.5	490	252	12	72	535	53	509	9.15e-63	210
KX687704.1_8	CP095494.1_35	44.4	297	158	4	255	548	232	524	4.33e-60	203
KX687704.1_8	NC_015659.1_101	40.9	359	186	9	198	547	176	517	3.91e-57	195
KX687704.1_8	CP019329.1_79	41.6	315	148	7	226	537	215	496	5.01e-54	186
KX687704.1_8	CP099999.1_40	34.7	458	237	15	96	532	66	482	1.92e-53	185
KX687704.1_8	FNFE01000011.1_20	42.6	319	148	8	218	533	204	490	8.72e-52	180
KX687704.1_8	CP084476.1_75	32.5	517	294	16	36	532	15	496	3.05e-51	179
KX687704.1_8	Gairdner_NODE_167_length_41210_cov_9.888325_31	33.1	502	283	15	72	550	73	544	1.99e-48	172
KX687704.1_8	Eyresouth_NODE_101_length_48437_cov_7.17035_10	31.8	503	285	17	65	547	68	532	3.63e-47	168
KX687704.1_8	BBJN01000020.1_33	32.2	509	279	22	66	548	59	527	3.00e-45	163
KX687704.1_8	FOXI01000018.1_54	33.1	522	277	23	66	548	36	524	8.69e-43	156
KX687704.1_8	Gairdner_NODE_107_length_49922_cov_74.384603_13	33.5	457	260	17	63	506	52	477	3.65e-42	154
KX687704.1_8	JAANTI010000009.1_1	36.2	373	198	14	201	548	97	454	3.72e-42	153
KX687704.1_8	CP101158.1_75	38.2	322	172	8	220	532	208	511	2.53e-40	149
KX687704.1_8	JAJCVI010000007.1_14	31.3	508	282	18	65	536	50	526	3.59e-40	149
KX687704.1_8	SRIF01000015.1_78	31.3	502	286	19	63	536	48	518	2.01e-38	144
KX687704.1_8	RJJW01000001.1_29	31.3	511	287	22	72	548	63	543	1.13e-37	142
KX687704.1_9	KX687704.1_9	100	265	0	0	1	265	1	265	1.17e-202	548
KX687704.1_9	KX906370.1_90	100	265	0	0	1	265	1	265	1.17e-202	548
KX687704.1_9	AOJE01000051.1_47	86.7	271	30	1	1	265	1	271	6.80e-183	499
KX687704.1_9	LOAJ01000002.1_59	82.0	267	46	1	1	265	1	267	2.15e-169	464
KX687704.1_9	AOIP01000022.1_23	33.8	263	137	10	4	250	3	244	6.63e-36	124
KX687704.1_10	KX687704.1_10	100	453	0	0	51	503	51	503	3.58e-308	835
KX687704.1_10	KX906370.1_91	100	453	0	0	51	503	51	503	3.58e-308	835
KX687704.1_10	LOAJ01000002.1_58	79.0	448	93	1	57	503	57	504	7.25e-238	657
KX687704.1_10	AOJE01000051.1_40	74.9	451	110	1	53	503	51	498	1.08e-216	603
KX687704.1_10	AOLZ01000012.1_22	37.4	318	163	11	129	426	127	428	9.22e-32	123
KX687704.1_10	CP019286.1_47	37.4	318	163	11	129	426	127	428	9.22e-32	123
KX687704.1_11	KX687704.1_11	100	99	0	0	1	99	1	99	1.12e-76	216
KX687704.1_11	KX906370.1_92	100	99	0	0	1	99	1	99	1.12e-76	216
KX687704.1_11	AOJE01000051.1_39	83.0	94	16	0	6	99	4	97	3.86e-61	177
KX687704.1_11	LOAJ01000002.1_57	75.5	94	23	0	6	99	4	97	4.17e-56	164
KX687704.1_12	KX687704.1_12	100	435	0	0	1	435	1	435	0.0	893
KX687704.1_12	KX906370.1_93	100	435	0	0	1	435	1	435	0.0	893
KX687704.1_12	AOLZ01000012.1_13	27.4	376	237	12	15	383	3	349	1.27e-28	111
KX687704.1_12	CP019286.1_56	27.4	376	237	12	15	383	3	349	1.27e-28	111
KX687704.1_13	KX687704.1_13	100	46	0	0	1	46	1	46	3.99e-31	97.8
KX687704.1_13	KX906370.1_94	100	46	0	0	1	46	1	46	3.99e-31	97.8
KX687704.1_14	KX687704.1_14	100	246	0	0	1	246	1	246	2.15e-175	478
KX687704.1_14	KX906370.1_95	100	246	0	0	1	246	1	246	2.15e-175	478
KX687704.1_14	LOAJ01000002.1_55	84.6	246	36	1	1	246	1	244	6.05e-145	401
KX687704.1_14	AOJE01000051.1_35	72.6	241	66	0	1	241	1	241	1.18e-122	345
KX687704.1_15	KX687704.1_15	100	128	0	0	1	128	1	128	1.07e-90	254
KX687704.1_15	KX906370.1_96	100	128	0	0	1	128	1	128	1.07e-90	254
KX687704.1_15	LOAJ01000002.1_54	91.4	128	11	0	1	128	1	128	7.85e-84	237
KX687704.1_15	AOJE01000051.1_34	79.7	123	25	0	6	128	5	127	9.44e-69	199
KX687704.1_15	CP101158.1_82	53.9	115	53	0	14	128	10	124	1.76e-40	127
KX687704.1_16	KX687704.1_16	100	106	0	0	1	106	1	106	1.18e-70	202
KX687704.1_16	KX906370.1_97	100	106	0	0	1	106	1	106	1.18e-70	202
KX687704.1_16	LOAJ01000002.1_53	84.0	106	17	0	1	106	1	106	4.60e-59	172
KX687704.1_16	AOJE01000051.1_33	78.3	106	23	0	1	106	1	106	2.35e-52	155
KX687704.1_16	CP101158.1_83	51.7	87	42	0	6	92	3	89	8.84e-21	75.9
KX687704.1_17	KX687704.1_17	100	125	0	0	1	125	1	125	4.42e-93	260
KX687704.1_18	KX687704.1_18	100	306	0	0	1	306	1	306	4.12e-219	593
KX687704.1_18	KX906370.1_99	97.7	306	7	0	1	306	1	306	2.67e-215	584
KX687704.1_18	AOJE01000051.1_29	85.0	306	45	1	1	306	1	305	2.30e-186	511
KX687704.1_18	LOAJ01000002.1_52	82.2	297	53	0	1	297	1	297	3.05e-177	488
KX687704.1_18	CP101158.1_84	44.9	294	148	5	5	288	17	306	8.86e-78	236
KX687704.1_18	CP100004.1_10	39.7	252	137	7	39	284	29	271	6.75e-46	153
KX687704.1_18	SRIF01000015.1_66	34.1	302	184	5	11	304	10	304	6.66e-44	148
KX687704.1_18	CP019286.1_42	35.0	294	167	9	9	290	123	404	2.09e-43	149
KX687704.1_18	AOLZ01000012.1_27	35.0	294	167	9	9	290	123	404	3.54e-43	149
KX687704.1_18	CP084476.1_60	34.6	295	171	10	7	294	3	282	1.57e-37	131
KX687704.1_18	Frome_NODE_383_length_24936_cov_4.316346_12	32.2	295	177	10	10	290	19	304	1.57e-37	131
KX687704.1_18	JAJCVI010000002.1_563	34.1	299	167	11	13	298	11	292	3.30e-37	130
KX687704.1_18	Eyresouth_NODE_101_length_48437_cov_7.17035_20	32.2	295	177	10	10	290	19	304	4.30e-37	130
KX687704.1_18	Eyre_NODE_236_length_33155_cov_19.932_34	31.3	278	179	8	19	290	29	300	1.08e-36	129
KX687704.1_18	NC_015659.1_92	33.8	299	167	12	13	294	4	288	2.34e-36	128
KX687704.1_18	Gairdner_NODE_167_length_41210_cov_9.888325_26	32.6	239	151	6	10	243	12	245	6.73e-29	108
KX687704.1_19	KX687704.1_19	100	81	0	0	1	81	1	81	2.28e-52	154
KX687704.1_19	KX906370.1_100	97.5	81	2	0	1	81	1	81	1.09e-50	149
KX687704.1_19	LOAJ01000002.1_51	81.5	81	15	0	1	81	1	81	3.39e-45	135
KX687704.1_19	AOJE01000051.1_28	85.5	76	11	0	1	76	1	76	5.32e-44	132
KX687704.1_19	CP101158.1_85	56.1	66	29	0	4	69	3	68	1.96e-21	75.9
KX687704.1_20	KX687704.1_20	100	94	0	0	1	94	1	94	4.93e-62	179
KX687704.1_20	KX906370.1_101	100	94	0	0	1	94	1	94	4.93e-62	179
KX687704.1_20	AOJE01000051.1_27	89.4	94	10	0	1	94	1	94	3.10e-56	164
KX687704.1_20	LOAJ01000002.1_50	80.2	91	18	0	1	91	1	91	4.28e-50	149
KX687704.1_20	CP101158.1_86	46.5	86	46	0	4	89	3	88	9.95e-23	80.1
KX687704.1_20	JAJCVI010000002.1_565	33.7	86	55	1	6	91	2	85	2.37e-09	45.8
KX687704.1_20	Gairdner_NODE_167_length_41210_cov_9.888325_24	38.2	76	42	3	12	84	6	79	5.99e-07	39.7
KX687704.1_21	KX687704.1_21	100	79	0	0	1	79	1	79	7.16e-55	160
KX687704.1_21	KX906370.1_102	100	79	0	0	1	79	1	79	7.16e-55	160
KX687704.1_21	AOJE01000051.1_26	96.1	77	3	0	1	77	1	77	6.46e-51	150
KX687704.1_21	LOAJ01000002.1_49	90.9	77	7	0	1	77	1	77	3.74e-50	148
KX687704.1_21	CP101158.1_87	57.4	68	29	0	1	68	1	68	4.83e-24	82.4
KX687704.1_21	NC_015659.1_89	42.6	68	37	2	2	67	3	70	9.62e-13	53.5
KX687704.1_21	CP084476.1_57	44.1	59	32	1	10	67	12	70	2.74e-12	52.4
KX687704.1_21	CP031299.1_23	45.6	57	30	1	9	64	11	67	1.57e-11	50.4
KX687704.1_21	JDTG01000019.1_96	45.6	57	30	1	9	64	11	67	1.57e-11	50.4
KX687704.1_22	KX687704.1_22	100	200	0	0	1	200	1	200	3.53e-149	408
KX687704.1_22	KX906370.1_103	98.5	200	3	0	1	200	1	200	3.96e-146	400
KX687704.1_22	AOJE01000051.1_25	91.6	190	16	0	6	195	5	194	2.96e-132	365
KX687704.1_22	LOAJ01000002.1_48	83.6	195	31	1	7	200	11	205	1.65e-121	338
KX687704.1_22	CP100004.1_15	33.7	166	102	3	23	180	17	182	8.03e-32	110
KX687704.1_22	JAJCVI010000002.1_567	38.6	140	85	1	27	165	11	150	3.52e-29	103
KX687704.1_22	AOLZ01000012.1_31	32.7	147	97	1	24	168	24	170	5.43e-26	95.9
KX687704.1_22	CP019286.1_38	32.7	147	97	1	24	168	24	170	5.43e-26	95.9
KX687704.1_22	CP095494.1_48	30.1	163	110	2	22	180	14	176	1.10e-24	92.8
KX687704.1_22	Eyre_NODE_236_length_33155_cov_19.932_30	30.5	151	105	0	23	173	23	173	2.96e-22	86.7
KX687704.1_22	CP099999.1_30	28.6	175	121	2	24	196	23	195	4.75e-22	85.5
KX687704.1_22	Eyresouth_NODE_101_length_48437_cov_7.17035_24	31.1	151	104	0	23	173	23	173	5.75e-22	85.9
KX687704.1_22	Frome_NODE_383_length_24936_cov_4.316346_16	31.1	151	104	0	23	173	23	173	5.75e-22	85.9
KX687704.1_22	CP101161.1_3065	31.0	155	104	2	37	188	24	178	6.20e-22	84.3
KX687704.1_22	SJER01000008.1_140	28.0	175	122	3	22	193	13	186	4.08e-21	83.6
KX687704.1_22	JAAOHU010000009.1_58	28.3	184	112	5	24	192	14	192	7.67e-21	82.8
KX687704.1_22	FNFE01000011.1_34	29.9	147	101	1	24	168	21	167	9.98e-19	76.6
KX687704.1_22	WSZK01000033.1_25	27.4	157	92	4	37	176	31	182	5.44e-16	69.3
KX687704.1_22	SRIF01000015.1_61	25.7	187	130	3	21	198	18	204	8.78e-16	68.9
KX687704.1_22	JAJCVI010000007.1_26	24.7	178	130	3	22	195	14	191	1.38e-13	63.2
KX687704.1_23	KX687704.1_23	100	341	0	0	1	341	1	341	1.30e-235	638
KX687704.1_23	KX906370.1_104	100	341	0	0	1	341	1	341	1.30e-235	638
KX687704.1_23	AOJE01000051.1_24	89.0	344	35	1	1	341	1	344	4.92e-211	576
KX687704.1_23	LOAJ01000002.1_47	83.8	340	54	1	1	339	1	340	2.00e-198	544
KX687704.1_23	CP101158.1_89	46.5	310	156	4	6	306	4	312	2.72e-90	270
KX687704.1_23	Gairdner_NODE_107_length_49922_cov_74.384603_27	31.2	292	191	3	10	295	10	297	5.91e-38	134
KX687704.1_23	CP100004.1_16	33.5	224	143	5	62	282	65	285	3.65e-33	121
KX687704.1_23	CP084476.1_55	29.6	253	175	3	53	303	54	305	1.26e-29	112
KX687704.1_24	KX687704.1_24	100	431	0	0	1	431	1	431	1.31e-301	813
KX687704.1_24	KX906370.1_105	99.3	431	3	0	1	431	1	431	1.03e-298	805
KX687704.1_24	LOAJ01000002.1_46	84.1	435	62	4	1	431	1	432	1.97e-248	678
KX687704.1_24	AOJE01000051.1_22	96.0	249	10	0	183	431	1	249	9.36e-167	464
KX687704.1_24	CP101158.1_90	46.9	431	218	6	7	431	13	438	5.38e-123	360
KX687704.1_24	CP100004.1_17	38.7	351	207	4	76	423	57	402	1.05e-74	235
KX687704.1_24	Gairdner_NODE_107_length_49922_cov_74.384603_28	37.8	352	215	2	76	427	49	396	1.83e-70	224
KX687704.1_24	CP084476.1_54	34.6	419	249	7	10	427	13	407	4.09e-62	202
KX687704.1_24	WSZK01000033.1_23	36.0	361	219	6	69	424	65	418	3.00e-59	196
KX687704.1_24	CP031299.1_26	32.6	427	256	6	2	427	5	400	1.37e-55	185
KX687704.1_24	JDTG01000019.1_99	32.6	427	256	6	2	427	5	400	1.37e-55	185
KX687704.1_24	AOIO01000049.1_110	31.0	422	253	7	10	427	12	399	5.13e-55	184
KX687704.1_24	AOIP01000022.1_34	30.8	422	254	7	10	427	12	399	1.40e-54	182
KX687704.1_24	NC_015659.1_86	31.3	419	262	5	10	427	12	405	4.40e-54	181
KX687704.1_24	CP101161.1_3067	32.9	343	224	2	84	425	1	338	2.40e-52	175
KX687704.1_24	JAJCVI010000002.1_569	31.9	351	233	2	76	425	71	416	4.12e-50	171
KX687704.1_24	LWLN01000003.1_27	32.7	361	221	8	75	419	53	407	1.70e-46	162
KX687704.1_24	AOJE01000025.1_39	31.9	360	235	5	65	421	62	414	2.67e-45	158
KX687704.1_24	AOIR01000042.1_55	28.7	356	240	7	72	425	79	422	1.05e-38	140
KX687704.1_24	RJJW01000001.1_44	29.0	379	233	8	76	422	73	447	4.15e-37	137
KX687704.1_24	Eyre_NODE_236_length_33155_cov_19.932_28	29.4	432	273	11	10	425	16	431	3.81e-35	131
KX687704.1_24	AOJE01000051.1_23	66.1	112	35	2	1	112	1	109	4.23e-33	119
KX687704.1_24	CP095494.1_50	27.3	362	248	5	76	424	58	417	1.07e-32	124
KX687704.1_24	SJER01000008.1_142	26.0	361	247	3	79	423	102	458	2.79e-31	120
KX687704.1_24	QKNW01000002.1_22	30.0	267	184	3	75	341	53	316	1.49e-29	115
KX687704.1_25	KX687704.1_25	100	568	0	0	1	568	1	568	0.0	1052
KX687704.1_25	KX906370.1_106	95.8	568	24	0	1	568	1	568	0.0	1025
KX687704.1_25	AOJE01000051.1_21	90.9	493	45	0	76	568	8	500	8.99e-318	862
KX687704.1_25	LOAJ01000002.1_45	77.1	554	113	2	27	568	105	656	2.65e-292	804
KX687704.1_25	CP101158.1_91	51.0	471	227	3	89	558	94	561	1.47e-157	458
KX687704.1_25	CP100004.1_19	32.4	487	309	7	81	558	10	485	4.60e-59	200
KX687704.1_26	KX687704.1_26	100	839	0	0	1	839	1	839	0.0	1648
KX687704.1_26	LOAJ01000002.1_44	68.3	838	261	2	1	838	1	833	0.0	1126
KX687704.1_26	KX906370.1_107	65.5	826	281	1	13	838	10	831	0.0	1083
KX687704.1_26	AOJE01000051.1_19	63.2	673	244	1	166	838	2	670	6.45e-309	858
KX687704.1_26	CP101158.1_93	54.5	840	368	4	1	839	1	827	1.75e-308	863
KX687704.1_26	JAAOHU010000009.1_54	47.8	828	408	12	21	839	12	824	2.52e-250	715
KX687704.1_26	NC_013748.1_29	43.2	821	401	16	22	831	9	775	7.07e-200	584
KX687704.1_26	CP100004.1_22	40.9	817	445	10	21	835	7	787	5.92e-198	580
KX687704.1_26	CP031299.1_28	42.5	819	414	15	22	831	9	779	1.79e-195	573
KX687704.1_26	JDTG01000019.1_101	42.5	819	414	15	22	831	9	779	1.79e-195	573
KX687704.1_26	NC_015659.1_84	42.1	817	421	14	22	831	8	779	8.94e-193	566
KX687704.1_26	AOIP01000022.1_36	41.0	817	431	15	22	831	9	781	9.51e-193	566
KX687704.1_26	AOIO01000049.1_112	41.0	817	431	16	22	831	9	781	1.50e-191	563
KX687704.1_26	SRIF01000015.1_56	40.9	804	416	14	53	835	43	808	5.36e-187	552
KX687704.1_26	CP019329.1_57	39.7	827	446	13	21	831	19	808	3.19e-186	550
KX687704.1_26	CP119801.1_26	40.0	828	451	17	21	835	13	807	9.83e-184	544
KX687704.1_26	RJJW01000001.1_46	39.1	829	449	14	21	831	10	800	8.00e-178	528
KX687704.1_26	FNFE01000011.1_39	38.9	831	456	13	27	834	13	814	1.31e-177	528
KX687704.1_26	CP099999.1_26	39.0	825	473	14	20	835	10	813	1.56e-175	523
KX687704.1_26	Gairdner_NODE_107_length_49922_cov_74.384603_31	38.2	816	458	10	20	831	7	780	1.89e-175	521
KX687704.1_26	WSZK01000033.1_21	39.1	820	464	11	19	835	14	801	3.56e-175	521
KX687704.1_26	LWLN01000003.1_29	38.5	827	452	15	21	831	33	818	3.16e-173	517
KX687704.1_26	AOLZ01000012.1_35	39.1	827	447	17	21	831	29	814	4.84e-171	511
KX687704.1_26	CP019286.1_34	39.1	827	447	17	21	831	29	814	4.84e-171	511
KX687704.1_26	FOXI01000018.1_35	39.1	823	446	15	21	835	8	783	1.55e-170	509
KX687704.1_27	KX687704.1_27	100	133	0	0	1	133	1	133	6.65e-67	194
KX687704.1_28	KX687704.1_28	100	542	0	0	1	542	1	542	0.0	1046
KX687704.1_28	KX906370.1_109	95.6	542	24	0	1	542	1	542	0.0	1007
KX687704.1_28	AOJE01000051.1_18	91.1	542	48	0	1	542	1	542	0.0	964
KX687704.1_28	LOAJ01000002.1_40	87.6	533	66	0	5	537	6	538	0.0	917
KX687704.1_28	CP101158.1_95	51.7	522	249	2	6	526	5	524	3.52e-178	508
KX687704.1_28	CP100004.1_27	44.0	520	288	2	8	526	1	518	4.80e-139	408
KX687704.1_28	WSZK01000033.1_18	42.9	524	291	4	9	526	3	524	2.16e-136	402
KX687704.1_28	Eyre_NODE_236_length_33155_cov_19.932_24	41.4	541	296	7	3	526	7	543	6.93e-133	394
KX687704.1_28	Frome_NODE_383_length_24936_cov_4.316346_22	41.1	542	296	9	3	526	7	543	6.19e-128	381
KX687704.1_28	Eyresouth_NODE_101_length_48437_cov_7.17035_30	40.5	541	301	7	3	526	7	543	9.79e-127	378
KX687704.1_28	QKNW01000002.1_17	34.4	552	327	7	6	526	7	554	2.16e-99	307
KX687704.1_28	RJJW01000001.1_51	82.8	64	10	1	1	64	1	63	1.29e-25	96.3
KX687704.1_28	CP101158.1_98	54.3	46	21	0	11	56	12	57	1.27e-08	47.4
KX687704.1_28	CP101158.1_97	76.2	21	5	0	345	365	25	45	1.16e-05	38.5
KX687704.1_29	KX687704.1_29	100	416	0	0	1	416	1	416	8.55e-304	817
KX687704.1_29	KX906370.1_110	100	416	0	0	1	416	64	479	9.23e-303	817
KX687704.1_29	AOJE01000051.1_17	91.1	416	37	0	1	416	1	416	9.80e-278	751
KX687704.1_29	FNFE01000011.1_11	45.5	376	195	5	13	386	10	377	1.80e-102	306
KX687704.1_29	LOAJ01000002.1_39	33.9	392	238	10	11	393	12	391	2.81e-53	178
KX687704.1_29	RJJW01000001.1_52	29.3	375	252	8	27	397	50	415	2.04e-40	144
KX687704.1_30	KX687704.1_30	100	230	0	0	1	230	1	230	1.27e-184	500
KX687704.1_30	KX906370.1_111	100	230	0	0	1	230	1	230	1.27e-184	500
KX687704.1_30	RJJW01000001.1_53	73.2	231	60	2	1	230	1	230	4.94e-132	367
KX687704.1_30	AOJE01000051.1_14	71.1	228	61	3	1	227	1	224	2.48e-122	342
KX687704.1_31	KX687704.1_31	100	76	0	0	1	76	1	76	1.94e-53	156
KX687704.1_31	KX906370.1_112	100	76	0	0	1	76	1	76	1.94e-53	156
KX687704.1_31	AOJE01000051.1_11	65.8	76	26	0	1	76	1	76	2.30e-34	108
KX687704.1_31	LOAJ01000002.1_30	65.8	76	26	0	1	76	1	76	2.30e-34	108
KX687704.1_31	RJJW01000001.1_54	55.3	76	34	0	1	76	1	76	1.01e-28	94.0
KX687704.1_32	KX687704.1_32	100	126	0	0	1	126	1	126	1.12e-91	256
KX687704.1_32	KX906370.1_113	99.2	126	1	0	1	126	1	126	9.25e-91	254
KX687704.1_32	AOJE01000051.1_10	67.5	123	40	0	1	123	1	123	2.12e-57	170
KX687704.1_33	KX687704.1_33	100	446	0	0	1	446	1	446	0.0	874
KX687704.1_34	KX687704.1_34	100	415	0	0	1	415	1	415	1.09e-310	834
KX687704.1_34	NC_015659.1_78	47.1	408	206	3	8	413	14	413	3.85e-126	367
KX687704.1_34	CP101158.1_102	45.5	402	208	4	12	411	2	394	5.31e-122	355
KX687704.1_34	CP084476.1_42	45.3	413	207	6	7	412	8	408	6.68e-110	325
KX687704.1_34	CP019329.1_45	41.0	420	228	9	7	412	9	422	1.14e-94	286
KX687704.1_34	Eyre_NODE_236_length_33155_cov_19.932_23	35.3	408	245	9	12	411	20	416	3.63e-72	228
KX687704.1_34	Frome_NODE_383_length_24936_cov_4.316346_23	34.8	408	247	8	12	411	20	416	5.28e-71	225
KX687704.1_34	Eyresouth_NODE_101_length_48437_cov_7.17035_31	34.8	408	247	8	12	411	20	416	7.43e-71	225
KX687704.1_35	KX687704.1_35	100	203	0	0	1	203	1	203	4.59e-142	390
KX687704.1_36	KX687704.1_36	100	391	0	0	1	391	1	391	3.97e-294	790
KX687704.1_37	KX687704.1_37	100	296	0	0	1	296	1	296	6.09e-216	585
KX687704.1_38	KX687704.1_38	100	177	0	0	1	177	1	177	3.99e-112	312
KX687704.1_39	KX687704.1_39	100	412	0	0	1	412	1	412	3.77e-305	820
KX687704.1_40	KX687704.1_40	100	430	0	0	1	430	1	430	3.17e-313	842
KX687704.1_40	RJJW01000001.1_52	43.9	412	218	6	24	426	10	417	7.73e-107	318
KX687704.1_40	LOAJ01000002.1_39	40.9	394	229	4	36	427	7	398	2.97e-98	295
