KX906370.1_73	KX906370.1_73	100	274	0	0	1	274	1	274	7.28e-197	535
KX906370.1_73	LOAJ01000002.1_73	78.4	273	58	1	3	274	14	286	2.83e-151	420
KX906370.1_74	KX906370.1_74	100	143	0	0	1	143	1	143	5.08e-103	286
KX906370.1_74	LOAJ01000002.1_72	74.1	143	29	2	1	143	1	135	2.33e-70	204
KX906370.1_75	KX906370.1_75	100	46	0	0	1	46	1	46	2.45e-23	78.2
KX906370.1_76	KX906370.1_76	100	85	0	0	1	85	1	85	2.39e-58	169
KX906370.1_76	LOAJ01000002.1_71	91.7	84	7	0	1	84	1	84	2.36e-54	159
KX906370.1_77	KX906370.1_77	100	82	0	0	1	82	1	82	6.01e-53	155
KX906370.1_78	KX906370.1_78	100	98	0	0	1	98	1	98	4.79e-73	207
KX906370.1_78	LOAJ01000002.1_69	72.6	95	26	0	1	95	1	95	5.19e-50	149
KX906370.1_79	KX906370.1_79	100	74	0	0	1	74	1	74	1.14e-51	151
KX906370.1_79	Gairdner_NODE_107_length_49922_cov_74.384603_2	49.2	61	31	0	2	62	9	69	1.89e-15	60.5
KX906370.1_80	KX906370.1_80	100	75	0	0	1	75	1	75	1.44e-50	149
KX906370.1_81	KX906370.1_81	100	188	0	0	1	188	1	188	2.14e-135	372
KX906370.1_81	LOAJ01000002.1_67	64.6	178	58	2	14	188	1	176	8.50e-63	188
KX906370.1_82	KX906370.1_82	100	1149	0	0	1	1149	1	1149	0.0	2258
KX906370.1_82	KX687704.1_1	100	1144	0	0	6	1149	1	1144	0.0	2247
KX906370.1_82	LOAJ01000002.1_66	84.5	1153	174	2	1	1148	1	1153	0.0	1931
KX906370.1_82	CP084476.1_91	29.7	1083	625	37	15	1013	12	1042	8.34e-86	298
KX906370.1_83	KX687704.1_2	100	56	0	0	1	56	1	56	4.82e-34	105
KX906370.1_83	KX906370.1_83	100	56	0	0	1	56	1	56	4.82e-34	105
KX906370.1_84	KX687704.1_3	100	111	0	0	1	111	1	111	8.40e-80	225
KX906370.1_84	KX906370.1_84	100	111	0	0	1	111	1	111	8.40e-80	225
KX906370.1_85	KX906370.1_85	100	418	0	0	1	418	1	418	0.0	881
KX906370.1_86	KX687704.1_5	100	249	0	0	1	249	1	249	3.34e-185	503
KX906370.1_86	KX906370.1_86	100	249	0	0	1	249	1	249	3.34e-185	503
KX906370.1_86	AOJE01000051.1_51	90.0	219	22	0	31	249	1	219	2.19e-142	394
KX906370.1_86	LOAJ01000002.1_62	83.1	219	37	0	31	249	1	219	2.03e-131	366
KX906370.1_87	KX687704.1_6	100	61	0	0	1	61	1	61	1.39e-44	132
KX906370.1_87	KX906370.1_87	100	61	0	0	1	61	1	61	1.39e-44	132
KX906370.1_88	KX687704.1_7	100	1385	0	0	1	1385	1	1385	0.0	2430
KX906370.1_88	KX906370.1_88	100	1385	0	0	1	1385	1	1385	0.0	2430
KX906370.1_88	AOJE01000051.1_50	63.9	1401	364	14	1	1385	1	1275	0.0	1578
KX906370.1_88	LOAJ01000002.1_61	52.0	946	337	16	503	1382	538	1432	4.28e-288	853
KX906370.1_88	CP095494.1_33	27.9	896	544	29	472	1339	347	1168	1.27e-73	264
KX906370.1_88	CP084476.1_77	28.9	886	518	29	494	1338	39	853	1.82e-73	259
KX906370.1_88	CP095494.1_34	28.2	858	524	24	508	1339	262	1053	2.99e-72	259
KX906370.1_88	AOLZ01000012.1_19	27.9	860	539	26	506	1332	382	1193	4.64e-72	259
KX906370.1_88	CP019286.1_50	27.9	860	539	26	506	1332	382	1193	4.64e-72	259
KX906370.1_88	NC_015659.1_102	29.5	838	505	27	506	1316	279	1057	2.17e-71	256
KX906370.1_88	FNFE01000011.1_19	28.9	852	515	29	508	1331	282	1070	3.48e-67	243
KX906370.1_88	JAAOHU010000009.1_4	27.2	846	522	26	506	1328	417	1191	1.55e-65	239
KX906370.1_88	JDTG01000019.1_67	27.9	875	528	31	509	1339	460	1275	1.22e-63	233
KX906370.1_88	CP100004.1_3	27.7	857	514	33	515	1330	497	1288	1.66e-63	233
KX906370.1_88	CP119801.1_45	28.3	858	505	32	509	1331	213	995	1.34e-61	225
KX906370.1_88	BBJN01000020.1_32	26.5	849	520	22	508	1328	573	1345	1.68e-61	227
KX906370.1_88	AOIO01000049.1_89	26.1	858	542	24	506	1337	266	1057	4.43e-61	224
KX906370.1_88	CP101158.1_74	25.0	1040	665	35	328	1330	210	1171	7.95e-61	224
KX906370.1_88	AOIP01000022.1_21	27.1	885	546	28	479	1331	363	1180	1.21e-59	220
KX906370.1_88	Gairdner_NODE_167_length_41210_cov_9.888325_32	25.5	878	529	33	506	1338	577	1374	4.70e-57	213
KX906370.1_88	JAJCVI010000002.1_557	25.0	877	567	36	512	1346	529	1356	1.52e-47	182
KX906370.1_88	Eyresouth_NODE_101_length_48437_cov_7.17035_9	23.9	918	556	42	509	1338	270	1132	5.85e-26	111
KX906370.1_88	AOJE01000025.1_27	23.6	870	539	36	506	1340	355	1133	2.59e-24	106
KX906370.1_88	Gairdner_NODE_107_length_49922_cov_74.384603_12	22.4	970	629	33	445	1330	452	1381	6.57e-24	105
KX906370.1_89	KX687704.1_8	100	552	0	0	1	552	1	552	0.0	1028
KX906370.1_89	KX906370.1_89	100	552	0	0	1	552	1	552	0.0	1028
KX906370.1_89	LOAJ01000002.1_60	78.0	549	115	4	8	552	13	559	3.75e-290	794
KX906370.1_89	AOJE01000051.1_48	91.7	264	22	0	289	552	1	264	9.77e-159	449
KX906370.1_89	AOJE01000051.1_49	87.1	271	32	1	1	268	1	271	2.24e-156	444
KX906370.1_89	AOLZ01000012.1_20	45.9	364	175	8	198	551	173	524	4.43e-71	233
KX906370.1_89	CP019286.1_49	45.9	364	175	8	198	551	173	524	4.43e-71	233
KX906370.1_89	JAAOHU010000009.1_3	36.6	547	302	19	13	551	5	514	3.01e-66	219
KX906370.1_89	NC_013748.1_10	36.5	490	252	12	72	535	53	509	9.15e-63	210
KX906370.1_89	CP095494.1_35	44.4	297	158	4	255	548	232	524	4.33e-60	203
KX906370.1_89	NC_015659.1_101	40.9	359	186	9	198	547	176	517	3.91e-57	195
KX906370.1_89	CP019329.1_79	41.6	315	148	7	226	537	215	496	5.01e-54	186
KX906370.1_89	CP099999.1_40	34.7	458	237	15	96	532	66	482	1.92e-53	185
KX906370.1_89	FNFE01000011.1_20	42.6	319	148	8	218	533	204	490	8.72e-52	180
KX906370.1_89	CP084476.1_75	32.5	517	294	16	36	532	15	496	3.05e-51	179
KX906370.1_89	Gairdner_NODE_167_length_41210_cov_9.888325_31	33.1	502	283	15	72	550	73	544	1.99e-48	172
KX906370.1_89	Eyresouth_NODE_101_length_48437_cov_7.17035_10	31.8	503	285	17	65	547	68	532	3.63e-47	168
KX906370.1_89	BBJN01000020.1_33	32.2	509	279	22	66	548	59	527	3.00e-45	163
KX906370.1_89	FOXI01000018.1_54	33.1	522	277	23	66	548	36	524	8.69e-43	156
KX906370.1_89	Gairdner_NODE_107_length_49922_cov_74.384603_13	33.5	457	260	17	63	506	52	477	3.65e-42	154
KX906370.1_89	JAANTI010000009.1_1	36.2	373	198	14	201	548	97	454	3.72e-42	153
KX906370.1_89	CP101158.1_75	38.2	322	172	8	220	532	208	511	2.53e-40	149
KX906370.1_89	JAJCVI010000007.1_14	31.3	508	282	18	65	536	50	526	3.59e-40	149
KX906370.1_89	SRIF01000015.1_78	31.3	502	286	19	63	536	48	518	2.01e-38	144
KX906370.1_89	RJJW01000001.1_29	31.3	511	287	22	72	548	63	543	1.13e-37	142
KX906370.1_90	KX687704.1_9	100	265	0	0	1	265	1	265	1.17e-202	548
KX906370.1_90	KX906370.1_90	100	265	0	0	1	265	1	265	1.17e-202	548
KX906370.1_90	AOJE01000051.1_47	86.7	271	30	1	1	265	1	271	6.80e-183	499
KX906370.1_90	LOAJ01000002.1_59	82.0	267	46	1	1	265	1	267	2.15e-169	464
KX906370.1_90	AOIP01000022.1_23	33.8	263	137	10	4	250	3	244	6.63e-36	124
KX906370.1_91	KX687704.1_10	100	453	0	0	51	503	51	503	3.58e-308	835
KX906370.1_91	KX906370.1_91	100	453	0	0	51	503	51	503	3.58e-308	835
KX906370.1_91	LOAJ01000002.1_58	79.0	448	93	1	57	503	57	504	7.25e-238	657
KX906370.1_91	AOJE01000051.1_40	74.9	451	110	1	53	503	51	498	1.08e-216	603
KX906370.1_91	AOLZ01000012.1_22	37.4	318	163	11	129	426	127	428	9.22e-32	123
KX906370.1_91	CP019286.1_47	37.4	318	163	11	129	426	127	428	9.22e-32	123
KX906370.1_92	KX687704.1_11	100	99	0	0	1	99	1	99	1.12e-76	216
KX906370.1_92	KX906370.1_92	100	99	0	0	1	99	1	99	1.12e-76	216
KX906370.1_92	AOJE01000051.1_39	83.0	94	16	0	6	99	4	97	3.86e-61	177
KX906370.1_92	LOAJ01000002.1_57	75.5	94	23	0	6	99	4	97	4.17e-56	164
KX906370.1_93	KX687704.1_12	100	435	0	0	1	435	1	435	0.0	893
KX906370.1_93	KX906370.1_93	100	435	0	0	1	435	1	435	0.0	893
KX906370.1_93	AOLZ01000012.1_13	27.4	376	237	12	15	383	3	349	1.27e-28	111
KX906370.1_93	CP019286.1_56	27.4	376	237	12	15	383	3	349	1.27e-28	111
KX906370.1_94	KX687704.1_13	100	46	0	0	1	46	1	46	3.99e-31	97.8
KX906370.1_94	KX906370.1_94	100	46	0	0	1	46	1	46	3.99e-31	97.8
KX906370.1_95	KX687704.1_14	100	246	0	0	1	246	1	246	2.15e-175	478
KX906370.1_95	KX906370.1_95	100	246	0	0	1	246	1	246	2.15e-175	478
KX906370.1_95	LOAJ01000002.1_55	84.6	246	36	1	1	246	1	244	6.05e-145	401
KX906370.1_95	AOJE01000051.1_35	72.6	241	66	0	1	241	1	241	1.18e-122	345
KX906370.1_96	KX687704.1_15	100	128	0	0	1	128	1	128	1.07e-90	254
KX906370.1_96	KX906370.1_96	100	128	0	0	1	128	1	128	1.07e-90	254
KX906370.1_96	LOAJ01000002.1_54	91.4	128	11	0	1	128	1	128	7.85e-84	237
KX906370.1_96	AOJE01000051.1_34	79.7	123	25	0	6	128	5	127	9.44e-69	199
KX906370.1_96	CP101158.1_82	53.9	115	53	0	14	128	10	124	1.76e-40	127
KX906370.1_97	KX687704.1_16	100	106	0	0	1	106	1	106	1.18e-70	202
KX906370.1_97	KX906370.1_97	100	106	0	0	1	106	1	106	1.18e-70	202
KX906370.1_97	LOAJ01000002.1_53	84.0	106	17	0	1	106	1	106	4.60e-59	172
KX906370.1_97	AOJE01000051.1_33	78.3	106	23	0	1	106	1	106	2.35e-52	155
KX906370.1_97	CP101158.1_83	51.7	87	42	0	6	92	3	89	8.84e-21	75.9
KX906370.1_98	KX906370.1_98	100	77	0	0	1	77	1	77	2.75e-49	145
KX906370.1_99	KX906370.1_99	100	306	0	0	1	306	1	306	4.12e-219	593
KX906370.1_99	KX687704.1_18	97.7	306	7	0	1	306	1	306	1.88e-215	584
KX906370.1_99	AOJE01000051.1_29	84.0	306	48	1	1	306	1	305	5.41e-185	507
KX906370.1_99	LOAJ01000002.1_52	82.8	297	51	0	1	297	1	297	3.05e-177	488
KX906370.1_99	CP101158.1_84	44.7	300	150	6	2	288	10	306	1.57e-78	238
KX906370.1_99	SRIF01000015.1_66	35.1	302	181	5	11	304	10	304	3.13e-45	151
KX906370.1_99	CP100004.1_10	38.9	252	139	7	39	284	29	271	5.20e-45	150
KX906370.1_99	CP019286.1_42	35.0	294	167	9	9	290	123	404	3.94e-44	151
KX906370.1_99	AOLZ01000012.1_27	35.0	294	167	9	9	290	123	404	6.73e-44	151
KX906370.1_99	LWLN01000003.1_21	33.8	299	183	10	3	294	12	302	1.55e-41	142
KX906370.1_99	JAJCVI010000002.1_563	34.5	304	169	11	8	298	6	292	1.14e-38	134
KX906370.1_99	CP084476.1_60	34.6	295	171	10	7	294	3	282	2.20e-37	131
KX906370.1_99	Frome_NODE_383_length_24936_cov_4.316346_12	32.3	297	178	10	8	290	17	304	2.20e-37	131
KX906370.1_99	NC_015659.1_92	34.4	299	165	12	13	294	4	288	4.39e-37	130
KX906370.1_99	Eyresouth_NODE_101_length_48437_cov_7.17035_20	32.3	297	178	10	8	290	17	304	6.01e-37	130
KX906370.1_99	Eyre_NODE_236_length_33155_cov_19.932_34	30.4	289	192	7	5	290	18	300	4.11e-36	127
KX906370.1_99	Gairdner_NODE_167_length_41210_cov_9.888325_26	32.8	241	152	6	8	243	10	245	4.85e-29	108
KX906370.1_100	KX906370.1_100	100	81	0	0	1	81	1	81	1.88e-51	151
KX906370.1_100	KX687704.1_19	97.5	81	2	0	1	81	1	81	4.44e-50	148
KX906370.1_100	LOAJ01000002.1_51	81.5	81	15	0	1	81	1	81	1.96e-44	134
KX906370.1_100	AOJE01000051.1_28	85.5	76	11	0	1	76	1	76	3.08e-43	130
KX906370.1_100	CP101158.1_85	57.6	66	28	0	4	69	3	68	6.87e-22	77.0
KX906370.1_101	KX687704.1_20	100	94	0	0	1	94	1	94	4.93e-62	179
KX906370.1_101	KX906370.1_101	100	94	0	0	1	94	1	94	4.93e-62	179
KX906370.1_101	AOJE01000051.1_27	89.4	94	10	0	1	94	1	94	3.10e-56	164
KX906370.1_101	LOAJ01000002.1_50	80.2	91	18	0	1	91	1	91	4.28e-50	149
KX906370.1_101	CP101158.1_86	46.5	86	46	0	4	89	3	88	9.95e-23	80.1
KX906370.1_101	JAJCVI010000002.1_565	33.7	86	55	1	6	91	2	85	2.37e-09	45.8
KX906370.1_101	Gairdner_NODE_167_length_41210_cov_9.888325_24	38.2	76	42	3	12	84	6	79	5.99e-07	39.7
KX906370.1_102	KX687704.1_21	100	79	0	0	1	79	1	79	7.16e-55	160
KX906370.1_102	KX906370.1_102	100	79	0	0	1	79	1	79	7.16e-55	160
KX906370.1_102	AOJE01000051.1_26	96.1	77	3	0	1	77	1	77	6.46e-51	150
KX906370.1_102	LOAJ01000002.1_49	90.9	77	7	0	1	77	1	77	3.74e-50	148
KX906370.1_102	CP101158.1_87	57.4	68	29	0	1	68	1	68	4.83e-24	82.4
KX906370.1_102	NC_015659.1_89	42.6	68	37	2	2	67	3	70	9.62e-13	53.5
KX906370.1_102	CP084476.1_57	44.1	59	32	1	10	67	12	70	2.74e-12	52.4
KX906370.1_102	CP031299.1_23	45.6	57	30	1	9	64	11	67	1.57e-11	50.4
KX906370.1_102	JDTG01000019.1_96	45.6	57	30	1	9	64	11	67	1.57e-11	50.4
KX906370.1_103	KX906370.1_103	100	200	0	0	1	200	1	200	5.01e-149	407
KX906370.1_103	KX687704.1_22	98.5	200	3	0	1	200	1	200	2.78e-146	400
KX906370.1_103	AOJE01000051.1_25	91.1	190	17	0	6	195	5	194	2.96e-132	365
KX906370.1_103	LOAJ01000002.1_48	83.1	195	32	1	7	200	11	205	1.65e-121	338
KX906370.1_103	CP100004.1_15	36.2	152	89	3	37	180	31	182	1.44e-32	112
KX906370.1_103	JAJCVI010000002.1_567	35.3	173	111	1	27	198	11	183	1.61e-30	106
KX906370.1_103	AOLZ01000012.1_31	32.7	147	97	1	24	168	24	170	7.11e-27	98.2
KX906370.1_103	CP019286.1_38	32.7	147	97	1	24	168	24	170	7.11e-27	98.2
KX906370.1_103	CP095494.1_48	30.1	163	110	2	22	180	14	176	7.43e-26	95.9
KX906370.1_103	Eyre_NODE_236_length_33155_cov_19.932_30	30.5	151	105	0	23	173	23	173	1.05e-23	90.5
KX906370.1_103	Eyresouth_NODE_101_length_48437_cov_7.17035_24	31.1	151	104	0	23	173	23	173	2.05e-23	89.7
KX906370.1_103	Frome_NODE_383_length_24936_cov_4.316346_16	31.1	151	104	0	23	173	23	173	2.05e-23	89.7
KX906370.1_103	CP101161.1_3065	31.0	155	104	2	37	188	24	178	5.80e-23	87.0
KX906370.1_103	CP099999.1_30	29.7	148	102	1	24	169	23	170	1.24e-22	87.0
KX906370.1_103	SJER01000008.1_140	28.6	175	121	3	22	193	13	186	2.86e-22	86.7
KX906370.1_103	JAAOHU010000009.1_58	30.2	149	100	3	24	169	14	161	2.03e-21	84.3
KX906370.1_103	FNFE01000011.1_34	29.9	147	101	1	24	168	21	167	1.36e-19	79.0
KX906370.1_103	SRIF01000015.1_61	26.2	187	129	3	21	198	18	204	1.74e-17	73.6
KX906370.1_103	WSZK01000033.1_25	27.4	157	92	4	37	176	31	182	7.62e-17	71.6
KX906370.1_103	JAJCVI010000007.1_26	25.8	151	109	2	22	169	14	164	1.38e-13	63.2
KX906370.1_104	KX687704.1_23	100	341	0	0	1	341	1	341	1.30e-235	638
KX906370.1_104	KX906370.1_104	100	341	0	0	1	341	1	341	1.30e-235	638
KX906370.1_104	AOJE01000051.1_24	89.0	344	35	1	1	341	1	344	4.92e-211	576
KX906370.1_104	LOAJ01000002.1_47	83.8	340	54	1	1	339	1	340	2.00e-198	544
KX906370.1_104	CP101158.1_89	46.5	310	156	4	6	306	4	312	2.72e-90	270
KX906370.1_104	Gairdner_NODE_107_length_49922_cov_74.384603_27	31.2	292	191	3	10	295	10	297	5.91e-38	134
KX906370.1_104	CP100004.1_16	33.5	224	143	5	62	282	65	285	3.65e-33	121
KX906370.1_104	CP084476.1_55	29.6	253	175	3	53	303	54	305	1.26e-29	112
KX906370.1_105	KX906370.1_105	100	431	0	0	1	431	1	431	7.58e-301	811
KX906370.1_105	KX687704.1_24	99.3	431	3	0	1	431	1	431	1.46e-298	805
KX906370.1_105	LOAJ01000002.1_46	83.9	435	63	4	1	431	1	432	4.61e-247	675
KX906370.1_105	AOJE01000051.1_22	96.0	249	10	0	183	431	1	249	9.36e-167	464
KX906370.1_105	CP101158.1_90	46.9	431	218	6	7	431	13	438	3.06e-122	358
KX906370.1_105	CP100004.1_17	38.7	351	207	4	76	423	57	402	7.46e-75	236
KX906370.1_105	Gairdner_NODE_107_length_49922_cov_74.384603_28	37.8	352	215	2	76	427	49	396	1.30e-70	224
KX906370.1_105	CP084476.1_54	34.6	419	249	7	10	427	13	407	4.36e-61	200
KX906370.1_105	WSZK01000033.1_23	36.0	361	219	6	69	424	65	418	2.14e-59	196
KX906370.1_105	AOIO01000049.1_110	31.0	422	253	7	10	427	12	399	5.13e-55	184
KX906370.1_105	AOIP01000022.1_34	30.8	422	254	7	10	427	12	399	1.40e-54	182
KX906370.1_105	NC_015659.1_86	31.5	419	261	5	10	427	12	405	4.40e-54	181
KX906370.1_105	CP101161.1_3067	32.9	343	224	2	84	425	1	338	2.40e-52	175
KX906370.1_105	JAJCVI010000002.1_569	31.9	351	233	2	76	425	71	416	4.12e-50	171
KX906370.1_105	LWLN01000003.1_27	32.4	361	222	8	75	419	53	407	1.23e-45	159
KX906370.1_105	AOJE01000025.1_39	31.9	360	235	5	65	421	62	414	2.67e-45	158
KX906370.1_105	AOIR01000042.1_55	28.7	356	240	7	72	425	79	422	7.63e-39	141
KX906370.1_105	RJJW01000001.1_44	28.8	417	246	10	38	422	50	447	7.86e-37	136
KX906370.1_105	Eyre_NODE_236_length_33155_cov_19.932_28	28.8	361	242	7	76	425	75	431	1.86e-34	129
KX906370.1_105	AOJE01000051.1_23	66.7	114	31	3	1	112	1	109	8.16e-33	118
KX906370.1_105	CP095494.1_50	27.3	362	248	5	76	424	58	417	2.76e-32	123
KX906370.1_105	SJER01000008.1_142	25.8	361	248	3	79	423	102	458	1.78e-30	118
KX906370.1_105	QKNW01000002.1_22	30.0	267	184	3	75	341	53	316	3.76e-29	114
KX906370.1_106	KX906370.1_106	100	568	0	0	1	568	1	568	0.0	1082
KX906370.1_106	KX687704.1_25	95.8	568	24	0	1	568	1	568	0.0	1028
KX906370.1_106	AOJE01000051.1_21	91.4	500	43	0	69	568	1	500	0.0	886
KX906370.1_106	LOAJ01000002.1_45	77.8	554	109	2	27	568	105	656	1.20e-295	813
KX906370.1_106	CP101158.1_91	51.0	471	227	3	89	558	94	561	1.15e-159	464
KX906370.1_106	FOXI01000018.1_39	32.6	457	291	7	117	557	50	505	2.30e-59	202
KX906370.1_106	JAANTI010000009.1_16	32.6	457	291	7	117	557	50	505	2.30e-59	202
KX906370.1_106	CP100004.1_19	32.9	487	307	8	81	558	10	485	3.31e-59	201
KX906370.1_106	BBJN01000020.1_46	32.6	427	250	6	117	517	50	464	7.82e-51	180
KX906370.1_106	Gairdner_NODE_107_length_49922_cov_74.384603_29	30.2	484	306	8	91	550	79	554	1.67e-49	176
KX906370.1_107	KX906370.1_107	100	833	0	0	1	833	1	833	0.0	1646
KX906370.1_107	AOJE01000051.1_19	98.5	672	10	0	162	833	1	672	0.0	1331
KX906370.1_107	LOAJ01000002.1_44	77.3	825	184	2	10	833	13	835	0.0	1295
KX906370.1_107	KX687704.1_26	65.5	826	281	1	10	831	13	838	0.0	1082
KX906370.1_107	CP101158.1_93	57.5	822	345	3	9	829	6	824	0.0	911
KX906370.1_107	JAAOHU010000009.1_54	47.7	821	413	8	18	831	12	823	5.84e-258	734
KX906370.1_107	CP100004.1_22	42.4	818	427	14	18	828	7	787	1.53e-205	599
KX906370.1_107	AOIO01000049.1_112	43.1	810	420	12	19	824	9	781	3.93e-205	598
KX906370.1_107	AOIP01000022.1_36	42.8	810	422	13	19	824	9	781	1.76e-203	593
KX906370.1_107	CP031299.1_28	43.3	813	412	14	19	824	9	779	2.95e-201	588
KX906370.1_107	JDTG01000019.1_101	43.3	813	412	14	19	824	9	779	2.95e-201	588
KX906370.1_107	NC_013748.1_29	43.3	812	409	16	19	824	9	775	5.19e-201	587
KX906370.1_107	CP119801.1_26	40.8	830	437	11	18	828	13	807	3.88e-200	586
KX906370.1_107	NC_015659.1_84	42.9	809	422	12	19	824	8	779	2.96e-198	580
KX906370.1_107	SRIF01000015.1_56	41.9	787	428	12	50	828	43	808	1.83e-195	574
KX906370.1_107	CP019329.1_57	39.4	824	456	11	18	828	19	812	3.89e-195	573
KX906370.1_107	CP095494.1_52	40.5	818	457	10	18	828	16	810	1.65e-190	561
KX906370.1_107	WSZK01000033.1_21	41.4	819	443	14	16	828	14	801	3.65e-186	550
KX906370.1_107	RJJW01000001.1_46	39.7	827	443	15	18	824	10	800	1.59e-185	548
KX906370.1_107	AOLZ01000012.1_35	40.2	830	457	15	8	828	19	818	1.17e-183	544
KX906370.1_107	CP019286.1_34	40.2	830	457	15	8	828	19	818	1.17e-183	544
KX906370.1_107	CP099999.1_26	40.6	799	425	16	51	828	44	813	9.53e-179	531
KX906370.1_107	FNFE01000011.1_39	40.4	807	432	14	40	827	38	814	2.75e-178	530
KX906370.1_107	LWLN01000003.1_29	39.1	823	458	15	18	829	33	823	3.49e-177	527
KX906370.1_107	Eyresouth_NODE_101_length_48437_cov_7.17035_28	39.1	823	454	14	21	828	31	821	1.22e-176	526
KX906370.1_108	KX906370.1_108	100	60	0	0	1	60	1	60	2.16e-43	129
KX906370.1_109	KX906370.1_109	100	542	0	0	1	542	1	542	0.0	1047
KX906370.1_109	KX687704.1_28	95.6	542	24	0	1	542	1	542	0.0	1006
KX906370.1_109	AOJE01000051.1_18	88.6	542	62	0	1	542	1	542	0.0	940
KX906370.1_109	LOAJ01000002.1_40	88.2	533	63	0	5	537	6	538	0.0	915
KX906370.1_109	CP101158.1_95	52.5	522	245	2	6	526	5	524	1.53e-179	512
KX906370.1_109	CP100004.1_27	44.4	520	286	2	8	526	1	518	1.92e-138	407
KX906370.1_109	WSZK01000033.1_18	42.6	524	293	4	9	526	3	524	1.22e-135	400
KX906370.1_109	Eyre_NODE_236_length_33155_cov_19.932_24	41.0	541	298	7	3	526	7	543	3.48e-130	387
KX906370.1_109	Frome_NODE_383_length_24936_cov_4.316346_22	41.1	542	296	9	3	526	7	543	7.76e-126	375
KX906370.1_109	Eyresouth_NODE_101_length_48437_cov_7.17035_30	40.5	541	301	7	3	526	7	543	1.23e-124	372
KX906370.1_109	QKNW01000002.1_17	35.0	552	324	7	6	526	7	554	9.96e-101	311
KX906370.1_109	RJJW01000001.1_51	79.7	64	12	1	1	64	1	63	8.51e-25	94.0
KX906370.1_109	CP101158.1_98	54.3	46	21	0	11	56	12	57	1.27e-08	47.4
KX906370.1_109	CP101158.1_97	76.2	21	5	0	345	365	25	45	1.16e-05	38.5
KX906370.1_110	KX906370.1_110	100	479	0	0	1	479	1	479	0.0	952
KX906370.1_110	KX687704.1_29	100	416	0	0	64	479	1	416	3.71e-303	818
KX906370.1_110	AOJE01000051.1_17	91.1	416	37	0	64	479	1	416	4.15e-277	752
KX906370.1_110	FNFE01000011.1_11	45.2	378	197	5	74	449	8	377	6.85e-102	307
KX906370.1_110	LOAJ01000002.1_39	33.9	392	238	10	74	456	12	391	6.25e-53	179
KX906370.1_110	RJJW01000001.1_52	26.9	443	292	10	22	460	1	415	6.56e-40	144
KX906370.1_111	KX687704.1_30	100	230	0	0	1	230	1	230	1.27e-184	500
KX906370.1_111	KX906370.1_111	100	230	0	0	1	230	1	230	1.27e-184	500
KX906370.1_111	RJJW01000001.1_53	73.2	231	60	2	1	230	1	230	4.94e-132	367
KX906370.1_111	AOJE01000051.1_14	71.1	228	61	3	1	227	1	224	2.48e-122	342
KX906370.1_112	KX687704.1_31	100	76	0	0	1	76	1	76	1.94e-53	156
KX906370.1_112	KX906370.1_112	100	76	0	0	1	76	1	76	1.94e-53	156
KX906370.1_112	AOJE01000051.1_11	65.8	76	26	0	1	76	1	76	2.30e-34	108
KX906370.1_112	LOAJ01000002.1_30	65.8	76	26	0	1	76	1	76	2.30e-34	108
KX906370.1_112	RJJW01000001.1_54	55.3	76	34	0	1	76	1	76	1.01e-28	94.0
KX906370.1_113	KX906370.1_113	100	126	0	0	1	126	1	126	1.12e-91	256
KX906370.1_113	KX687704.1_32	99.2	126	1	0	1	126	1	126	6.51e-91	254
KX906370.1_113	AOJE01000051.1_10	68.3	123	39	0	1	123	1	123	2.58e-58	172
KX906370.1_114	KX906370.1_114	100	79	0	0	1	79	1	79	4.15e-54	158
KX906370.1_115	KX906370.1_115	100	151	0	0	1	151	1	151	4.09e-106	295
KX906370.1_115	RJJW01000001.1_55	89.4	151	16	0	1	151	1	151	7.87e-95	266
KX906370.1_115	AOJE01000051.1_9	89.1	147	16	0	1	147	1	147	3.38e-93	262
KX906370.1_115	QKNW01000002.1_16	41.7	120	67	2	3	121	4	121	5.37e-20	76.6
KX906370.1_116	KX906370.1_116	100	86	0	0	1	86	1	86	1.37e-62	180
KX906370.1_116	RJJW01000001.1_57	84.9	86	13	0	1	86	1	86	2.21e-50	149
KX906370.1_116	AOJE01000051.1_8	79.1	86	17	1	1	86	1	85	6.66e-45	135
KX906370.1_117	KX906370.1_117	100	252	0	0	1	252	1	252	1.58e-180	491
KX906370.1_117	AOJE01000051.1_6	69.3	166	48	1	87	252	1	163	9.33e-78	228
KX906370.1_118	KX906370.1_118	100	389	0	0	1	389	1	389	8.34e-295	792
KX906370.1_119	KX906370.1_119	100	258	0	0	1	258	1	258	3.98e-177	483
KX906370.1_120	KX906370.1_120	100	153	0	0	1	153	1	153	8.22e-107	297
KX906370.1_121	KX906370.1_121	100	119	0	0	1	119	1	119	3.58e-87	244
KX906370.1_121	QKNW01000002.1_36	45.2	62	34	0	4	65	5	66	3.39e-17	67.0
