LOAJ01000002.1_30	LOAJ01000002.1_30	100	76	0	0	1	76	1	76	2.36e-54	158
LOAJ01000002.1_30	KX687704.1_31	65.8	76	26	0	1	76	1	76	5.65e-35	109
LOAJ01000002.1_30	KX906370.1_112	65.8	76	26	0	1	76	1	76	5.65e-35	109
LOAJ01000002.1_30	AOJE01000051.1_11	59.2	76	31	0	1	76	1	76	7.40e-31	99.4
LOAJ01000002.1_30	RJJW01000001.1_54	53.9	76	35	0	1	76	1	76	4.10e-28	92.4
LOAJ01000002.1_31	LOAJ01000002.1_31	100	225	0	0	1	225	1	225	2.65e-170	463
LOAJ01000002.1_31	AOJE01000051.1_15	63.6	225	80	1	1	223	1	225	1.09e-105	300
LOAJ01000002.1_31	CP100004.1_24	39.2	209	121	5	7	212	8	213	5.66e-40	132
LOAJ01000002.1_32	LOAJ01000002.1_32	100	87	0	0	1	87	1	87	1.42e-60	175
LOAJ01000002.1_33	LOAJ01000002.1_33	100	164	0	0	1	164	1	164	3.41e-118	327
LOAJ01000002.1_34	LOAJ01000002.1_34	100	145	0	0	1	145	1	145	2.81e-101	282
LOAJ01000002.1_35	LOAJ01000002.1_35	100	473	0	0	1	473	1	473	0.0	954
LOAJ01000002.1_35	AOJE01000025.1_49	31.4	353	187	8	169	466	192	544	1.60e-42	154
LOAJ01000002.1_36	LOAJ01000002.1_36	100	248	0	0	1	248	1	248	1.10e-169	464
LOAJ01000002.1_37	LOAJ01000002.1_37	100	204	0	0	1	204	1	204	6.54e-147	402
LOAJ01000002.1_38	LOAJ01000002.1_38	100	266	0	0	1	266	1	266	1.93e-172	472
LOAJ01000002.1_39	LOAJ01000002.1_39	100	399	0	0	1	399	1	399	2.98e-284	766
LOAJ01000002.1_39	RJJW01000001.1_52	43.9	403	208	5	9	396	17	416	1.01e-101	304
LOAJ01000002.1_39	KX687704.1_40	41.3	387	223	4	14	398	43	427	1.38e-98	296
LOAJ01000002.1_39	FNFE01000011.1_11	32.4	386	251	8	6	388	2	380	4.90e-59	193
LOAJ01000002.1_39	AOJE01000051.1_17	34.3	399	231	11	12	393	11	395	7.03e-54	180
LOAJ01000002.1_39	KX687704.1_29	34.0	394	239	11	12	393	11	395	3.95e-52	175
LOAJ01000002.1_39	KX906370.1_110	34.0	394	239	11	12	393	74	458	1.45e-51	175
LOAJ01000002.1_39	QKNW01000002.1_7	25.9	343	215	10	32	371	17	323	2.90e-17	77.8
LOAJ01000002.1_40	LOAJ01000002.1_40	100	542	0	0	1	542	1	542	0.0	1044
LOAJ01000002.1_40	AOJE01000051.1_18	87.6	533	66	0	6	538	5	537	0.0	915
LOAJ01000002.1_40	KX687704.1_28	87.3	536	68	0	6	541	5	540	0.0	912
LOAJ01000002.1_40	KX906370.1_109	87.9	536	65	0	6	541	5	540	0.0	912
LOAJ01000002.1_40	CP101158.1_95	53.6	522	239	2	7	527	5	524	1.78e-183	522
LOAJ01000002.1_40	CP100004.1_27	44.7	515	282	2	14	527	6	518	6.01e-140	410
LOAJ01000002.1_40	Eyre_NODE_236_length_33155_cov_19.932_24	43.0	540	287	7	7	529	10	545	7.65e-138	406
LOAJ01000002.1_40	WSZK01000033.1_18	42.2	524	295	4	10	527	3	524	1.94e-134	397
LOAJ01000002.1_40	Frome_NODE_383_length_24936_cov_4.316346_22	42.7	541	287	9	7	529	10	545	6.93e-133	394
LOAJ01000002.1_40	Eyresouth_NODE_101_length_48437_cov_7.17035_30	42.0	540	292	7	7	529	10	545	7.78e-132	391
LOAJ01000002.1_40	QKNW01000002.1_17	35.4	548	317	9	14	529	14	556	2.16e-99	307
LOAJ01000002.1_40	RJJW01000001.1_51	66.7	63	20	1	3	65	2	63	2.05e-18	75.9
LOAJ01000002.1_40	CP101158.1_98	45.6	57	31	0	1	57	1	57	4.47e-08	45.8
LOAJ01000002.1_40	CP101158.1_97	76.2	21	5	0	346	366	25	45	2.18e-05	37.7
LOAJ01000002.1_41	LOAJ01000002.1_41	100	146	0	0	1	146	1	146	1.37e-88	250
LOAJ01000002.1_42	LOAJ01000002.1_42	100	137	0	0	1	137	1	137	6.04e-99	276
LOAJ01000002.1_43	LOAJ01000002.1_43	100	143	0	0	1	143	1	143	4.16e-93	261
LOAJ01000002.1_44	LOAJ01000002.1_44	100	835	0	0	1	835	1	835	0.0	1645
LOAJ01000002.1_44	KX906370.1_107	77.3	825	184	2	13	835	10	833	0.0	1295
LOAJ01000002.1_44	KX687704.1_26	68.3	838	261	2	1	833	1	838	0.0	1123
LOAJ01000002.1_44	AOJE01000051.1_19	75.9	672	159	2	166	835	2	672	0.0	1050
LOAJ01000002.1_44	CP101158.1_93	58.8	815	335	1	18	831	10	824	0.0	939
LOAJ01000002.1_44	JAAOHU010000009.1_54	49.5	820	399	8	21	833	12	823	1.62e-263	748
LOAJ01000002.1_44	CP100004.1_22	44.3	811	421	9	21	830	7	787	1.95e-218	632
LOAJ01000002.1_44	CP031299.1_28	44.6	816	398	14	22	827	9	780	5.38e-214	620
LOAJ01000002.1_44	JDTG01000019.1_101	44.6	816	398	14	22	827	9	780	5.38e-214	620
LOAJ01000002.1_44	AOIP01000022.1_36	44.3	817	401	14	22	827	9	782	6.47e-213	618
LOAJ01000002.1_44	AOIO01000049.1_112	44.3	817	401	15	22	827	9	782	2.58e-212	616
LOAJ01000002.1_44	NC_015659.1_84	44.4	813	405	14	22	827	8	780	5.45e-211	613
LOAJ01000002.1_44	NC_013748.1_29	44.3	813	401	15	22	827	9	776	1.91e-210	611
LOAJ01000002.1_44	CP019329.1_57	42.1	819	440	13	21	830	19	812	4.17e-207	604
LOAJ01000002.1_44	CP119801.1_26	42.1	818	443	11	21	830	13	807	8.24e-206	600
LOAJ01000002.1_44	SRIF01000015.1_56	43.1	791	412	13	53	830	43	808	6.97e-199	583
LOAJ01000002.1_44	CP095494.1_52	41.3	819	448	10	21	830	16	810	2.27e-197	579
LOAJ01000002.1_44	RJJW01000001.1_46	40.4	829	447	11	21	833	10	807	7.88e-196	575
LOAJ01000002.1_44	WSZK01000033.1_21	41.7	818	441	14	19	830	14	801	2.01e-192	566
LOAJ01000002.1_44	Eyresouth_NODE_101_length_48437_cov_7.17035_28	40.8	819	445	11	24	830	31	821	2.63e-192	566
LOAJ01000002.1_44	Frome_NODE_383_length_24936_cov_4.316346_20	40.8	819	445	11	24	830	31	821	5.24e-192	565
LOAJ01000002.1_44	Eyre_NODE_236_length_33155_cov_19.932_26	40.3	819	449	10	24	830	31	821	6.52e-190	560
LOAJ01000002.1_44	AOLZ01000012.1_35	41.3	820	441	20	21	830	29	818	9.04e-187	552
LOAJ01000002.1_44	CP019286.1_34	41.3	820	441	20	21	830	29	818	9.04e-187	552
LOAJ01000002.1_44	CP099999.1_26	41.0	824	453	13	20	830	10	813	4.23e-184	545
LOAJ01000002.1_45	LOAJ01000002.1_45	100	656	0	0	1	656	1	656	0.0	1088
LOAJ01000002.1_45	KX906370.1_106	77.6	554	110	2	105	656	27	568	6.91e-296	813
LOAJ01000002.1_45	KX687704.1_25	77.1	554	113	2	105	656	27	568	4.60e-294	809
LOAJ01000002.1_45	AOJE01000051.1_21	82.8	500	86	0	157	656	1	500	8.17e-292	800
LOAJ01000002.1_45	CP101158.1_91	52.2	471	221	3	177	646	94	561	8.20e-164	478
LOAJ01000002.1_45	CP100004.1_19	31.1	463	307	4	191	646	28	485	1.67e-58	201
LOAJ01000002.1_45	FOXI01000018.1_39	32.2	459	290	7	205	645	50	505	5.75e-57	197
LOAJ01000002.1_45	JAANTI010000009.1_16	32.2	459	290	7	205	645	50	505	5.75e-57	197
LOAJ01000002.1_45	AOJE01000025.1_40	34.0	459	276	12	191	635	10	455	6.66e-53	185
LOAJ01000002.1_45	BBJN01000020.1_46	31.8	421	259	6	205	604	50	463	9.80e-49	176
LOAJ01000002.1_45	RJJW01000001.1_45	34.2	284	176	5	373	649	376	655	9.73e-42	156
LOAJ01000002.1_46	LOAJ01000002.1_46	100	432	0	0	1	432	1	432	3.64e-304	819
LOAJ01000002.1_46	KX687704.1_24	84.1	435	62	4	1	432	1	431	1.03e-250	684
LOAJ01000002.1_46	KX906370.1_105	83.9	435	63	4	1	432	1	431	2.41e-249	681
LOAJ01000002.1_46	AOJE01000051.1_22	90.0	249	25	0	184	432	1	249	2.10e-156	438
LOAJ01000002.1_46	CP101158.1_90	47.1	393	200	4	47	432	47	438	9.28e-119	349
LOAJ01000002.1_46	CP100004.1_17	36.4	429	241	7	1	424	1	402	1.79e-76	240
LOAJ01000002.1_46	Gairdner_NODE_107_length_49922_cov_74.384603_28	38.5	353	211	3	77	428	49	396	9.44e-75	235
LOAJ01000002.1_46	CP084476.1_54	33.8	435	253	7	1	428	1	407	1.33e-64	209
LOAJ01000002.1_46	WSZK01000033.1_23	36.9	360	217	5	70	425	65	418	6.32e-64	208
LOAJ01000002.1_46	CP101161.1_3067	35.0	343	217	2	85	426	1	338	6.23e-59	192
LOAJ01000002.1_46	AOIO01000049.1_110	32.2	363	238	4	67	428	44	399	3.22e-58	192
LOAJ01000002.1_46	AOIP01000022.1_34	32.0	363	239	4	67	428	44	399	6.31e-58	191
LOAJ01000002.1_46	CP031299.1_26	32.9	353	229	4	77	428	55	400	5.13e-56	186
LOAJ01000002.1_46	JDTG01000019.1_99	32.9	353	229	4	77	428	55	400	5.13e-56	186
LOAJ01000002.1_46	NC_015659.1_86	31.5	356	236	4	74	428	57	405	3.08e-55	184
LOAJ01000002.1_46	JAJCVI010000002.1_569	32.5	351	231	2	77	426	71	416	1.02e-53	181
LOAJ01000002.1_46	CP099999.1_28	32.3	365	231	6	73	424	52	413	2.24e-52	177
LOAJ01000002.1_46	AOJE01000025.1_39	33.1	362	230	5	66	423	62	415	1.94e-47	164
LOAJ01000002.1_46	LWLN01000003.1_27	32.9	365	223	8	76	424	53	411	4.66e-47	163
LOAJ01000002.1_46	AOLZ01000012.1_33	32.5	360	221	9	77	420	59	412	1.91e-45	159
LOAJ01000002.1_46	CP019286.1_36	32.5	360	221	9	77	420	59	412	1.91e-45	159
LOAJ01000002.1_46	Gairdner_NODE_167_length_41210_cov_9.888325_20	29.3	352	242	3	75	424	69	415	1.97e-42	151
LOAJ01000002.1_46	AOIR01000042.1_55	28.2	358	239	7	73	426	79	422	4.08e-39	142
LOAJ01000002.1_46	RJJW01000001.1_44	29.4	377	230	8	77	421	73	445	4.80e-39	142
LOAJ01000002.1_46	SRIF01000015.1_59	30.0	363	237	7	77	425	67	426	8.01e-39	141
LOAJ01000002.1_47	LOAJ01000002.1_47	100	342	0	0	1	342	1	342	6.66e-234	634
LOAJ01000002.1_47	KX687704.1_23	84.1	339	53	1	1	339	1	338	2.72e-196	539
LOAJ01000002.1_47	KX906370.1_104	84.1	339	53	1	1	339	1	338	2.72e-196	539
LOAJ01000002.1_47	AOJE01000051.1_24	82.7	342	57	1	1	340	1	342	3.91e-192	528
LOAJ01000002.1_47	CP101158.1_89	46.4	349	164	7	6	339	4	344	4.37e-92	275
LOAJ01000002.1_47	CP100004.1_16	31.5	279	183	5	7	282	12	285	2.68e-33	122
LOAJ01000002.1_47	RJJW01000001.1_43	26.9	309	211	7	2	302	4	305	1.18e-22	92.8
LOAJ01000002.1_48	LOAJ01000002.1_48	100	205	0	0	1	205	1	205	8.64e-157	427
LOAJ01000002.1_48	AOJE01000051.1_25	82.5	200	35	0	6	205	1	200	2.73e-127	353
LOAJ01000002.1_48	KX687704.1_22	83.6	195	31	1	11	205	7	200	7.18e-123	342
LOAJ01000002.1_48	KX906370.1_103	83.1	195	32	1	11	205	7	200	1.02e-122	341
LOAJ01000002.1_48	JAJCVI010000002.1_567	35.9	145	92	1	26	169	6	150	3.47e-27	98.2
LOAJ01000002.1_48	BBJN01000020.1_43	31.4	185	111	4	27	197	14	196	2.60e-26	96.3
LOAJ01000002.1_48	CP119801.1_31	30.3	175	116	3	16	184	1	175	7.24e-25	93.6
LOAJ01000002.1_48	FOXI01000018.1_43	30.8	185	111	5	27	197	14	195	2.09e-24	91.3
LOAJ01000002.1_48	JAANTI010000009.1_12	30.8	185	111	5	27	197	14	195	2.09e-24	91.3
LOAJ01000002.1_48	AOLZ01000012.1_31	29.5	149	103	1	26	172	22	170	3.58e-24	91.3
LOAJ01000002.1_48	CP019286.1_38	29.5	149	103	1	26	172	22	170	3.58e-24	91.3
LOAJ01000002.1_48	CP019329.1_63	30.2	179	119	3	26	198	23	201	5.55e-24	90.9
LOAJ01000002.1_48	SJER01000008.1_140	28.3	180	115	4	26	197	13	186	6.33e-22	85.9
LOAJ01000002.1_48	FNFE01000011.1_34	29.0	169	116	2	6	172	1	167	1.07e-20	82.0
LOAJ01000002.1_49	LOAJ01000002.1_49	100	78	0	0	1	78	1	78	1.11e-53	157
LOAJ01000002.1_49	KX687704.1_21	90.9	77	7	0	1	77	1	77	1.06e-49	147
LOAJ01000002.1_49	KX906370.1_102	90.9	77	7	0	1	77	1	77	1.06e-49	147
LOAJ01000002.1_49	AOJE01000051.1_26	92.3	78	6	0	1	78	1	78	2.96e-49	145
LOAJ01000002.1_49	CP101158.1_87	58.8	68	28	0	1	68	1	68	9.36e-24	81.6
LOAJ01000002.1_49	CP084476.1_57	45.8	59	31	1	10	67	12	70	6.54e-13	53.9
LOAJ01000002.1_49	NC_015659.1_89	42.6	68	37	2	2	67	3	70	9.28e-13	53.5
LOAJ01000002.1_49	CP031299.1_23	43.9	57	31	1	9	64	11	67	3.04e-11	49.7
LOAJ01000002.1_49	JDTG01000019.1_96	43.9	57	31	1	9	64	11	67	3.04e-11	49.7
LOAJ01000002.1_50	LOAJ01000002.1_50	100	97	0	0	1	97	1	97	2.60e-63	182
LOAJ01000002.1_50	KX687704.1_20	80.2	91	18	0	1	91	1	91	2.55e-49	147
LOAJ01000002.1_50	KX906370.1_101	80.2	91	18	0	1	91	1	91	2.55e-49	147
LOAJ01000002.1_50	AOJE01000051.1_27	79.1	91	19	0	1	91	1	91	1.21e-47	143
LOAJ01000002.1_50	CP101158.1_86	44.4	90	50	0	4	93	3	92	3.17e-22	79.0
LOAJ01000002.1_50	JAJCVI010000002.1_565	36.4	88	54	1	6	93	2	87	4.15e-11	50.4
LOAJ01000002.1_50	Gairdner_NODE_167_length_41210_cov_9.888325_24	31.1	74	50	1	12	84	6	79	1.39e-05	36.2
LOAJ01000002.1_51	LOAJ01000002.1_51	100	81	0	0	1	81	1	81	3.37e-54	158
LOAJ01000002.1_51	KX687704.1_19	81.5	81	15	0	1	81	1	81	5.01e-47	140
LOAJ01000002.1_51	KX906370.1_100	81.5	81	15	0	1	81	1	81	7.11e-47	140
LOAJ01000002.1_51	AOJE01000051.1_28	84.8	79	11	1	1	79	1	78	2.74e-46	138
LOAJ01000002.1_51	CP101158.1_85	56.1	66	29	0	4	69	3	68	1.38e-21	76.3
LOAJ01000002.1_52	LOAJ01000002.1_52	100	304	0	0	1	304	1	304	2.38e-217	589
LOAJ01000002.1_52	KX687704.1_18	82.2	297	53	0	1	297	1	297	2.48e-176	485
LOAJ01000002.1_52	KX906370.1_99	82.8	297	51	0	1	297	1	297	3.53e-176	485
LOAJ01000002.1_52	AOJE01000051.1_29	81.1	297	56	0	1	297	1	297	9.29e-174	479
LOAJ01000002.1_52	CP101158.1_84	44.9	294	148	5	5	288	17	306	4.14e-78	237
LOAJ01000002.1_52	CP100004.1_10	40.9	252	134	7	39	284	29	271	2.73e-48	159
LOAJ01000002.1_52	FOXI01000018.1_47	38.6	293	161	11	9	292	8	290	1.82e-44	149
LOAJ01000002.1_52	JAANTI010000009.1_8	38.6	293	161	11	9	292	8	290	1.82e-44	149
LOAJ01000002.1_52	CP019329.1_67	32.0	303	184	6	3	290	115	410	9.37e-44	150
LOAJ01000002.1_52	FNFE01000011.1_30	33.6	286	174	7	12	290	106	382	9.71e-44	150
LOAJ01000002.1_52	CP019286.1_42	34.0	294	170	8	9	290	123	404	1.42e-43	150
LOAJ01000002.1_52	AOLZ01000012.1_27	34.0	294	170	8	9	290	123	404	2.40e-43	150
LOAJ01000002.1_52	LWLN01000003.1_21	32.6	301	182	9	3	293	12	301	1.47e-41	142
LOAJ01000002.1_52	BBJN01000020.1_39	37.8	296	158	12	9	292	8	289	4.35e-41	140
LOAJ01000002.1_52	NC_013748.1_21	35.2	290	168	8	10	288	12	292	2.33e-40	139
LOAJ01000002.1_52	NC_015659.1_92	38.7	261	142	10	39	294	41	288	7.02e-40	137
LOAJ01000002.1_52	CP099999.1_34	30.7	303	176	7	7	293	119	403	1.06e-39	139
LOAJ01000002.1_52	Eyre_NODE_236_length_33155_cov_19.932_34	33.0	273	172	6	21	288	32	298	1.23e-39	137
LOAJ01000002.1_52	AOIO01000049.1_99	36.5	277	159	9	22	294	21	284	2.76e-39	136
LOAJ01000002.1_52	Eyresouth_NODE_101_length_48437_cov_7.17035_20	31.1	280	177	6	19	288	29	302	2.09e-37	131
LOAJ01000002.1_52	Frome_NODE_383_length_24936_cov_4.316346_12	31.8	280	175	7	19	288	29	302	5.71e-37	130
LOAJ01000002.1_52	AOIP01000022.1_28	35.0	294	170	10	9	294	3	283	1.14e-36	129
LOAJ01000002.1_52	JAJCVI010000002.1_563	33.8	278	158	9	18	286	20	280	1.68e-36	128
LOAJ01000002.1_52	JAAOHU010000009.1_62	34.7	259	153	7	38	290	155	403	1.83e-35	128
LOAJ01000002.1_52	Gairdner_NODE_167_length_41210_cov_9.888325_26	31.6	291	181	7	9	294	11	288	6.39e-31	114
LOAJ01000002.1_53	LOAJ01000002.1_53	100	106	0	0	1	106	1	106	5.61e-69	197
LOAJ01000002.1_53	KX687704.1_16	84.0	106	17	0	1	106	1	106	9.29e-59	172
LOAJ01000002.1_53	KX906370.1_97	84.0	106	17	0	1	106	1	106	9.29e-59	172
LOAJ01000002.1_53	AOJE01000051.1_33	74.5	106	27	0	1	106	1	106	4.54e-50	150
LOAJ01000002.1_53	CP101158.1_83	48.5	99	48	1	1	99	1	96	1.09e-21	78.2
LOAJ01000002.1_54	LOAJ01000002.1_54	100	128	0	0	1	128	1	128	1.53e-90	254
LOAJ01000002.1_54	KX687704.1_15	91.4	128	11	0	1	128	1	128	7.85e-84	237
LOAJ01000002.1_54	KX906370.1_96	91.4	128	11	0	1	128	1	128	7.85e-84	237
LOAJ01000002.1_54	AOJE01000051.1_34	78.9	123	26	0	6	128	5	127	1.63e-69	201
LOAJ01000002.1_54	CP101158.1_82	51.3	115	56	0	14	128	10	124	2.50e-40	127
LOAJ01000002.1_55	LOAJ01000002.1_55	100	244	0	0	1	244	1	244	4.87e-171	467
LOAJ01000002.1_55	KX687704.1_14	84.6	246	36	1	1	244	1	246	4.92e-144	399
LOAJ01000002.1_55	KX906370.1_95	84.6	246	36	1	1	244	1	246	4.92e-144	399
LOAJ01000002.1_55	AOJE01000051.1_35	71.5	242	67	1	1	240	1	242	2.82e-118	333
LOAJ01000002.1_56	LOAJ01000002.1_56	100	77	0	0	1	77	1	77	1.94e-49	146
LOAJ01000002.1_56	AOJE01000051.1_36	65.3	72	23	1	4	75	8	77	1.44e-24	83.6
LOAJ01000002.1_57	LOAJ01000002.1_57	100	97	0	0	1	97	1	97	5.21e-72	204
LOAJ01000002.1_57	AOJE01000051.1_39	76.3	97	23	0	1	97	1	97	3.99e-58	169
LOAJ01000002.1_57	KX687704.1_11	75.5	94	23	0	4	97	6	99	9.63e-55	161
LOAJ01000002.1_57	KX906370.1_92	75.5	94	23	0	4	97	6	99	9.63e-55	161
LOAJ01000002.1_58	LOAJ01000002.1_58	100	448	0	0	57	504	57	504	7.79e-308	835
LOAJ01000002.1_58	KX687704.1_10	79.0	448	93	1	57	504	57	503	6.63e-241	665
LOAJ01000002.1_58	KX906370.1_91	79.0	448	93	1	57	504	57	503	6.63e-241	665
LOAJ01000002.1_58	AOJE01000051.1_40	71.2	448	125	2	57	504	55	498	8.96e-204	571
LOAJ01000002.1_58	NC_015659.1_96	29.5	288	172	13	199	468	97	371	4.21e-11	60.1
LOAJ01000002.1_59	LOAJ01000002.1_59	100	267	0	0	1	267	1	267	6.06e-206	557
LOAJ01000002.1_59	KX687704.1_9	82.0	267	46	1	1	267	1	265	6.49e-171	468
LOAJ01000002.1_59	KX906370.1_90	82.0	267	46	1	1	267	1	265	6.49e-171	468
LOAJ01000002.1_59	AOJE01000051.1_47	78.6	271	54	2	1	267	1	271	1.73e-165	455
LOAJ01000002.1_59	AOIP01000022.1_23	32.3	266	139	10	4	252	3	244	1.05e-34	121
LOAJ01000002.1_60	LOAJ01000002.1_60	100	559	0	0	1	559	1	559	0.0	1043
LOAJ01000002.1_60	KX687704.1_8	78.0	549	115	4	13	559	8	552	8.88e-289	791
LOAJ01000002.1_60	KX906370.1_89	78.0	549	115	4	13	559	8	552	8.88e-289	791
LOAJ01000002.1_60	AOJE01000051.1_48	86.0	264	37	0	296	559	1	264	1.49e-144	413
LOAJ01000002.1_60	AOJE01000051.1_49	71.1	277	72	6	1	275	1	271	3.20e-121	355
LOAJ01000002.1_60	AOLZ01000012.1_20	36.3	565	296	18	17	558	1	524	1.22e-64	216
LOAJ01000002.1_60	CP019286.1_49	36.3	565	296	18	17	558	1	524	1.22e-64	216
LOAJ01000002.1_60	JAAOHU010000009.1_3	36.3	543	297	19	18	551	5	507	5.41e-61	206
LOAJ01000002.1_60	NC_013748.1_10	35.6	497	260	14	78	548	53	515	4.08e-57	195
LOAJ01000002.1_60	CP095494.1_35	44.5	301	160	4	262	559	232	528	2.55e-56	193
LOAJ01000002.1_60	CP019329.1_79	34.2	555	279	20	16	544	2	496	1.13e-55	191
LOAJ01000002.1_60	NC_015659.1_101	35.7	431	245	8	133	557	116	520	4.19e-53	184
LOAJ01000002.1_60	FNFE01000011.1_20	34.2	488	245	18	78	540	54	490	8.00e-47	167
LOAJ01000002.1_60	CP084476.1_75	32.6	540	302	19	16	539	3	496	1.42e-46	166
LOAJ01000002.1_60	CP099999.1_40	35.1	439	232	12	118	539	80	482	1.13e-45	164
LOAJ01000002.1_60	Eyresouth_NODE_101_length_48437_cov_7.17035_10	32.2	506	286	19	71	555	68	537	2.14e-43	158
LOAJ01000002.1_60	Gairdner_NODE_107_length_49922_cov_74.384603_13	32.4	521	282	19	17	513	3	477	2.15e-42	155
LOAJ01000002.1_60	Gairdner_NODE_167_length_41210_cov_9.888325_31	31.0	567	324	19	17	555	15	542	5.63e-41	151
LOAJ01000002.1_60	BBJN01000020.1_33	32.5	548	278	27	43	555	37	527	3.97e-38	143
LOAJ01000002.1_60	FOXI01000018.1_54	31.3	528	280	22	72	555	36	524	2.88e-36	137
LOAJ01000002.1_60	CP101158.1_75	36.6	358	188	9	203	539	172	511	9.99e-36	136
LOAJ01000002.1_60	JAANTI010000009.1_1	34.5	377	207	14	204	555	93	454	3.61e-35	133
LOAJ01000002.1_60	Frome_NODE_383_length_24936_cov_4.316346_2	32.3	477	266	20	17	478	18	452	8.68e-35	133
LOAJ01000002.1_60	AOJE01000025.1_28	30.6	474	257	17	77	531	49	469	4.75e-32	125
LOAJ01000002.1_60	Eyre_NODE_236_length_33155_cov_19.932_44	38.4	250	142	5	310	551	3	248	2.15e-31	118
LOAJ01000002.1_61	LOAJ01000002.1_61	100	1435	0	0	1	1435	1	1435	0.0	2695
LOAJ01000002.1_61	KX687704.1_7	51.7	949	341	15	538	1435	503	1385	4.47e-295	871
LOAJ01000002.1_61	KX906370.1_88	51.7	949	341	15	538	1435	503	1385	4.47e-295	871
LOAJ01000002.1_61	AOJE01000051.1_50	49.2	947	366	12	538	1435	395	1275	3.77e-284	839
LOAJ01000002.1_61	AOLZ01000012.1_19	31.2	882	495	28	541	1380	382	1193	1.63e-86	304
LOAJ01000002.1_61	CP019286.1_50	31.2	882	495	28	541	1380	382	1193	1.63e-86	304
LOAJ01000002.1_61	NC_015659.1_102	30.3	880	503	30	534	1379	272	1075	2.13e-86	302
LOAJ01000002.1_61	CP019329.1_80	27.6	920	514	30	534	1387	285	1118	8.48e-84	295
LOAJ01000002.1_61	CP095494.1_34	29.3	888	508	30	542	1395	261	1062	7.96e-83	291
LOAJ01000002.1_61	AOIP01000022.1_21	29.7	890	512	29	541	1393	382	1194	7.19e-82	290
LOAJ01000002.1_61	AOIO01000049.1_89	29.1	916	523	29	534	1410	259	1087	9.80e-81	285
LOAJ01000002.1_61	CP095494.1_33	28.3	893	513	33	541	1395	374	1177	1.55e-78	280
LOAJ01000002.1_61	CP099999.1_41	26.3	1301	736	51	165	1387	11	1166	2.24e-78	279
LOAJ01000002.1_61	CP119801.1_45	28.9	892	509	35	542	1395	211	1015	6.38e-76	270
LOAJ01000002.1_61	JDTG01000019.1_67	29.1	903	504	34	542	1390	458	1278	1.57e-74	268
LOAJ01000002.1_61	JAAOHU010000009.1_4	27.5	859	516	27	541	1376	417	1191	4.66e-73	263
LOAJ01000002.1_61	JDTG01000019.1_81	27.2	903	531	26	538	1386	370	1200	1.22e-70	255
LOAJ01000002.1_61	CP101158.1_74	29.1	1218	642	57	259	1378	77	1171	1.89e-67	245
LOAJ01000002.1_61	WSZK01000033.1_36	26.0	865	539	26	547	1379	202	997	8.79e-63	229
LOAJ01000002.1_61	CP084476.1_77	26.8	883	529	32	541	1386	51	853	4.07e-62	225
LOAJ01000002.1_61	Gairdner_NODE_167_length_41210_cov_9.888325_32	26.5	890	518	34	541	1386	577	1374	1.80e-60	224
LOAJ01000002.1_61	AOIR01000042.1_43	24.8	1255	778	44	173	1386	46	1175	7.04e-59	218
LOAJ01000002.1_61	BBJN01000020.1_32	24.2	796	501	23	604	1376	629	1345	8.83e-52	196
LOAJ01000002.1_61	Eyresouth_NODE_101_length_48437_cov_7.17035_9	23.3	1006	626	42	474	1386	180	1132	1.40e-25	110
LOAJ01000002.1_62	LOAJ01000002.1_62	100	219	0	0	1	219	1	219	1.12e-159	436
LOAJ01000002.1_62	KX687704.1_5	83.1	219	37	0	1	219	31	249	2.95e-130	363
LOAJ01000002.1_62	KX906370.1_86	83.1	219	37	0	1	219	31	249	2.95e-130	363
LOAJ01000002.1_62	AOJE01000051.1_51	83.1	219	37	0	1	219	1	219	1.39e-128	357
LOAJ01000002.1_63	LOAJ01000002.1_63	100	173	0	0	1	173	1	173	4.25e-130	357
LOAJ01000002.1_64	LOAJ01000002.1_64	100	43	0	0	1	43	1	43	3.72e-28	90.1
LOAJ01000002.1_65	LOAJ01000002.1_65	100	394	0	0	1	394	1	394	3.30e-299	803
LOAJ01000002.1_66	LOAJ01000002.1_66	100	1173	0	0	1	1173	1	1173	0.0	2340
LOAJ01000002.1_66	KX906370.1_82	84.5	1153	174	2	1	1153	1	1148	0.0	1942
LOAJ01000002.1_66	KX687704.1_1	84.6	1148	172	2	6	1153	1	1143	0.0	1934
LOAJ01000002.1_66	CP084476.1_91	29.0	1081	634	35	16	1014	13	1042	1.80e-88	306
LOAJ01000002.1_67	LOAJ01000002.1_67	100	176	0	0	1	176	1	176	2.86e-125	345
LOAJ01000002.1_67	KX906370.1_81	64.6	178	58	2	1	176	14	188	9.78e-64	190
LOAJ01000002.1_68	LOAJ01000002.1_68	100	71	0	0	1	71	1	71	3.00e-48	142
LOAJ01000002.1_69	LOAJ01000002.1_69	100	98	0	0	1	98	1	98	2.67e-70	200
LOAJ01000002.1_69	KX906370.1_78	72.6	95	26	0	1	95	1	95	2.47e-48	145
LOAJ01000002.1_70	LOAJ01000002.1_70	100	82	0	0	1	82	1	82	6.53e-48	142
LOAJ01000002.1_71	LOAJ01000002.1_71	100	87	0	0	1	87	1	87	1.42e-60	175
LOAJ01000002.1_71	KX906370.1_76	91.7	84	7	0	1	84	1	84	8.41e-55	160
LOAJ01000002.1_72	LOAJ01000002.1_72	100	135	0	0	1	135	1	135	8.64e-98	273
LOAJ01000002.1_72	KX906370.1_74	74.5	141	28	2	1	133	1	141	8.95e-70	202
LOAJ01000002.1_73	LOAJ01000002.1_73	100	286	0	0	1	286	1	286	8.27e-209	566
LOAJ01000002.1_73	KX906370.1_73	78.4	273	58	1	14	286	3	274	8.88e-153	424
LOAJ01000002.1_74	LOAJ01000002.1_74	100	123	0	0	1	123	1	123	2.21e-83	235
LOAJ01000002.1_75	LOAJ01000002.1_75	100	174	0	0	1	174	1	174	5.58e-131	360
LOAJ01000002.1_76	LOAJ01000002.1_76	100	32	0	0	1	32	1	32	8.94e-16	58.2
