LWLN01000003.1_1	LWLN01000003.1_1	100	31	0	0	1	31	1	31	1.50e-18	65.1
LWLN01000003.1_2	LWLN01000003.1_2	100	166	0	0	1	166	1	166	6.53e-108	301
LWLN01000003.1_2	LWLN01000003.1_3	65.6	157	45	3	6	161	6	154	1.43e-58	176
LWLN01000003.1_2	CP095494.1_28	43.8	169	69	7	2	166	1	147	4.38e-24	87.8
LWLN01000003.1_2	JDTG01000019.1_71	53.3	75	32	1	6	77	6	80	1.45e-15	65.5
LWLN01000003.1_2	SJER01000008.1_122	55.4	74	31	2	9	82	4	75	6.33e-14	61.2
LWLN01000003.1_2	SJER01000008.1_123	49.4	77	38	1	15	91	10	85	2.59e-13	59.3
LWLN01000003.1_2	SJER01000008.1_124	45.3	95	47	2	14	108	10	99	3.55e-13	58.9
LWLN01000003.1_2	CP101158.1_69	66.0	53	16	1	6	56	1	53	2.29e-11	54.7
LWLN01000003.1_2	WSZK01000033.1_40	62.0	50	19	0	13	62	8	57	5.06e-10	51.6
LWLN01000003.1_2	BBJN01000020.1_30	51.5	66	32	0	14	79	10	75	6.45e-10	50.4
LWLN01000003.1_2	JAJCVI010000002.1_549	53.5	71	28	2	10	80	6	71	8.81e-10	50.1
LWLN01000003.1_2	BBJN01000020.1_27	41.2	97	48	3	14	107	10	100	9.09e-10	50.8
LWLN01000003.1_2	SRIF01000015.1_82	74.4	39	10	0	14	52	8	46	9.99e-10	50.4
LWLN01000003.1_2	JAJCVI010000002.1_550	39.7	116	58	2	15	122	9	120	2.87e-09	48.9
LWLN01000003.1_2	NC_013748.1_2	46.5	71	37	1	7	77	7	76	2.93e-09	49.3
LWLN01000003.1_2	JAJCVI010000002.1_548	46.1	89	42	3	15	101	9	93	4.04e-09	48.1
LWLN01000003.1_2	WSZK01000033.1_39	56.9	58	23	1	2	59	26	81	4.19e-09	48.9
LWLN01000003.1_2	QKNW01000002.1_43	77.1	35	8	0	14	48	8	42	9.05e-09	47.4
LWLN01000003.1_2	BBJN01000020.1_29	77.1	35	8	0	14	48	8	42	9.20e-09	47.4
LWLN01000003.1_2	QKNW01000002.1_44	77.1	35	8	0	14	48	8	42	1.01e-08	47.4
LWLN01000003.1_2	Gairdner_NODE_107_length_49922_cov_74.384603_9	72.5	40	9	1	9	48	5	42	3.53e-08	46.6
LWLN01000003.1_2	AOIP01000022.1_17	71.0	31	9	0	2	32	1	31	5.52e-07	43.1
LWLN01000003.1_2	AOIO01000049.1_83	77.8	27	6	0	6	32	7	33	1.32e-06	41.6
LWLN01000003.1_2	CP099999.1_44	56.3	48	17	3	28	72	1	47	6.35e-06	39.3
LWLN01000003.1_2	CP084476.1_85	72.0	25	7	0	6	30	7	31	3.03e-05	38.1
LWLN01000003.1_3	LWLN01000003.1_3	100	156	0	0	1	156	1	156	1.84e-100	281
LWLN01000003.1_3	LWLN01000003.1_2	67.9	156	43	4	6	154	6	161	3.13e-57	172
LWLN01000003.1_3	JDTG01000019.1_71	69.6	79	20	1	1	75	1	79	2.08e-23	85.5
LWLN01000003.1_3	CP095494.1_28	47.8	136	53	6	9	140	8	129	3.99e-22	82.4
LWLN01000003.1_3	SJER01000008.1_122	57.0	79	32	2	9	87	4	80	4.01e-17	69.3
LWLN01000003.1_3	SJER01000008.1_123	46.7	122	53	5	14	134	9	119	3.77e-14	61.2
LWLN01000003.1_3	SJER01000008.1_124	69.4	49	15	0	13	61	9	57	3.93e-13	58.5
LWLN01000003.1_3	AOIO01000049.1_83	90.6	32	3	0	1	32	2	33	3.12e-12	56.6
LWLN01000003.1_3	CP101158.1_69	64.8	54	19	0	17	70	14	67	6.77e-12	55.8
LWLN01000003.1_3	QKNW01000002.1_44	59.4	64	24	1	14	75	8	71	1.57e-11	54.7
LWLN01000003.1_3	QKNW01000002.1_43	58.7	63	24	1	14	74	8	70	1.93e-11	54.3
LWLN01000003.1_3	BBJN01000020.1_27	52.7	74	30	2	14	87	10	78	2.84e-11	54.7
LWLN01000003.1_3	BBJN01000020.1_29	63.2	57	17	1	13	65	7	63	1.04e-10	52.4
LWLN01000003.1_3	BBJN01000020.1_30	66.7	48	16	0	14	61	10	57	1.40e-10	52.0
LWLN01000003.1_3	CP084476.1_85	90.0	30	3	0	1	30	2	31	1.45e-10	52.8
LWLN01000003.1_3	JAJCVI010000002.1_548	48.9	88	40	3	15	100	9	93	3.27e-10	50.8
LWLN01000003.1_3	WSZK01000033.1_39	63.3	49	18	0	15	63	37	85	4.90e-10	51.2
LWLN01000003.1_3	SRIF01000015.1_82	78.9	38	8	0	15	52	9	46	8.13e-10	50.4
LWLN01000003.1_3	JAJCVI010000002.1_549	48.8	84	37	3	15	95	9	89	1.00e-09	49.7
LWLN01000003.1_3	NC_013748.1_2	45.3	75	41	0	1	75	1	75	1.73e-09	49.7
LWLN01000003.1_3	WSZK01000033.1_40	62.7	51	18	1	9	59	5	54	1.02e-08	47.8
LWLN01000003.1_3	Gairdner_NODE_107_length_49922_cov_74.384603_9	75.0	40	8	1	9	48	5	42	1.54e-08	47.4
LWLN01000003.1_3	JAJCVI010000002.1_550	75.0	40	8	1	8	47	4	41	6.16e-08	45.1
LWLN01000003.1_3	AOIP01000022.1_17	70.4	27	8	0	6	32	5	31	4.16e-06	40.4
LWLN01000003.1_3	CP099999.1_44	55.3	47	18	2	28	71	1	47	1.44e-05	38.1
LWLN01000003.1_4	LWLN01000003.1_4	100	265	0	0	1	265	1	265	1.87e-199	540
LWLN01000003.1_4	JDTG01000019.1_72	87.2	257	33	0	6	262	5	261	9.15e-168	460
LWLN01000003.1_4	CP084476.1_84	79.6	265	54	0	1	265	1	265	4.12e-162	446
LWLN01000003.1_4	CP095494.1_29	66.5	260	86	1	1	260	1	259	2.35e-127	358
LWLN01000003.1_4	CP119801.1_54	63.5	255	90	2	7	260	6	258	2.15e-117	333
LWLN01000003.1_4	CP101158.1_70	35.2	267	155	7	4	262	3	259	3.48e-41	138
LWLN01000003.1_4	NC_013748.1_3	35.3	258	158	6	1	253	1	254	1.11e-39	134
LWLN01000003.1_4	AOIP01000022.1_18	33.7	258	164	6	7	261	6	259	2.51e-37	128
LWLN01000003.1_4	AOIO01000049.1_84	33.7	258	164	6	7	261	6	259	9.76e-37	127
LWLN01000003.1_4	JAJCVI010000002.1_547	30.2	268	157	7	5	251	2	260	1.11e-35	124
LWLN01000003.1_4	SJER01000008.1_125	32.5	246	153	6	5	240	2	244	3.72e-32	115
LWLN01000003.1_5	LWLN01000003.1_5	100	181	0	0	1	181	1	181	3.08e-136	374
LWLN01000003.1_5	JDTG01000019.1_73	90.6	181	17	0	1	181	1	181	2.94e-125	346
LWLN01000003.1_5	CP084476.1_83	79.6	181	37	0	1	181	1	181	6.28e-111	310
LWLN01000003.1_5	CP119801.1_53	77.9	181	40	0	1	181	1	181	1.65e-106	298
LWLN01000003.1_5	CP095494.1_30	75.1	181	45	0	1	181	1	181	1.11e-104	294
LWLN01000003.1_5	CP019329.1_85	79.2	120	25	0	57	176	9	128	1.74e-72	211
LWLN01000003.1_5	CP084476.1_76	37.3	59	36	1	57	115	5	62	2.77e-07	45.1
LWLN01000003.1_6	LWLN01000003.1_6	100	165	0	0	1	165	1	165	3.98e-122	337
LWLN01000003.1_6	AOIP01000022.1_16	63.4	161	59	0	1	161	43	203	2.37e-75	220
LWLN01000003.1_6	JDTG01000019.1_74	64.3	157	56	0	9	165	14	170	7.79e-73	212
LWLN01000003.1_6	CP084476.1_82	59.9	167	63	2	1	165	1	165	5.87e-62	184
LWLN01000003.1_7	LWLN01000003.1_7	100	51	0	0	1	51	1	51	2.26e-30	96.3
LWLN01000003.1_8	LWLN01000003.1_8	100	105	0	0	1	105	1	105	8.63e-77	217
LWLN01000003.1_8	CP119801.1_49	58.8	97	40	0	9	105	6	102	7.99e-36	114
LWLN01000003.1_8	CP084476.1_81	55.7	97	43	0	9	105	6	102	2.17e-33	107
LWLN01000003.1_9	LWLN01000003.1_9	100	316	0	0	1	316	1	316	2.57e-202	552
LWLN01000003.1_10	LWLN01000003.1_10	100	120	0	0	1	120	1	120	7.49e-85	239
LWLN01000003.1_10	CP084476.1_86	50.0	100	48	1	16	113	14	113	1.78e-25	89.0
LWLN01000003.1_11	LWLN01000003.1_11	100	131	0	0	1	131	1	131	1.29e-97	272
LWLN01000003.1_11	CP119801.1_47	57.4	61	26	0	1	61	1	61	1.88e-19	72.4
LWLN01000003.1_11	CP084476.1_80	44.8	67	36	1	1	67	1	66	4.49e-15	61.2
LWLN01000003.1_11	AOIP01000022.1_19	46.3	67	34	1	1	67	1	65	2.76e-13	56.6
LWLN01000003.1_11	AOIO01000049.1_87	44.8	67	36	1	1	67	1	66	2.83e-13	56.6
LWLN01000003.1_12	LWLN01000003.1_12	100	224	0	0	1	224	1	224	5.98e-162	442
LWLN01000003.1_12	CP095494.1_32	64.5	220	76	2	1	220	1	218	9.93e-96	275
LWLN01000003.1_12	JDTG01000019.1_79	61.2	224	83	3	2	224	3	223	4.56e-92	265
LWLN01000003.1_12	CP031299.1_3	63.0	108	39	1	118	224	11	118	1.37e-39	128
LWLN01000003.1_12	CP031299.1_2	58.9	95	36	2	2	96	3	94	1.37e-33	112
LWLN01000003.1_13	LWLN01000003.1_13	100	1189	0	0	1	1189	1	1189	0.0	2273
LWLN01000003.1_13	NC_015659.1_102	31.1	867	515	36	307	1132	257	1082	2.28e-87	303
LWLN01000003.1_13	CP084476.1_77	27.6	877	568	27	294	1135	15	859	2.13e-79	276
LWLN01000003.1_13	CP019329.1_80	30.7	847	497	33	335	1125	300	1112	2.37e-79	280
LWLN01000003.1_13	NC_013748.1_9	29.6	847	506	33	345	1132	292	1107	1.68e-74	265
LWLN01000003.1_13	AOIP01000022.1_21	28.5	846	537	28	314	1124	371	1183	1.25e-68	248
LWLN01000003.1_13	CP100004.1_3	27.5	824	536	26	346	1129	495	1297	2.90e-66	241
LWLN01000003.1_13	CP101161.1_3055	28.4	838	515	31	353	1132	466	1276	8.51e-65	236
LWLN01000003.1_13	JDTG01000019.1_67	28.1	805	513	28	353	1111	471	1255	6.01e-64	233
LWLN01000003.1_13	SRIF01000015.1_79	30.1	761	459	29	405	1110	429	1171	1.05e-62	229
LWLN01000003.1_13	Gairdner_NODE_167_length_41210_cov_9.888325_32	26.4	792	502	25	369	1111	601	1360	4.35e-60	221
LWLN01000003.1_13	CP101158.1_74	27.6	832	518	28	325	1110	368	1161	2.90e-59	218
LWLN01000003.1_13	WSZK01000033.1_36	26.8	776	513	24	369	1112	236	988	1.24e-56	209
LWLN01000003.1_13	FOXI01000018.1_55	31.3	150	86	7	984	1125	6	146	3.79e-09	53.1
LWLN01000003.1_14	LWLN01000003.1_14	100	556	0	0	1	556	1	556	0.0	1055
LWLN01000003.1_14	RJJW01000001.1_29	47.7	530	253	12	26	541	24	543	1.93e-136	403
LWLN01000003.1_14	JAJCVI010000007.1_14	35.2	423	251	8	60	466	50	465	5.68e-57	195
LWLN01000003.1_14	QKNW01000002.1_40	31.7	556	336	15	1	539	1	529	1.20e-56	194
LWLN01000003.1_14	CP101161.1_3056	33.8	506	276	19	51	536	46	512	7.19e-55	189
LWLN01000003.1_14	FOXI01000018.1_54	32.3	505	306	17	58	539	32	523	3.53e-54	187
LWLN01000003.1_14	SJER01000008.1_128	34.1	484	276	18	85	539	63	532	1.14e-53	186
LWLN01000003.1_14	JAANTI010000009.1_1	34.1	428	250	14	131	539	39	453	3.14e-51	178
LWLN01000003.1_14	AOJE01000025.1_28	32.7	431	250	13	78	501	56	453	4.50e-49	173
LWLN01000003.1_14	AOIP01000022.1_22	31.2	504	292	18	52	533	32	502	1.05e-43	158
LWLN01000003.1_14	FNFE01000011.1_20	35.4	410	216	19	139	533	122	497	2.55e-41	151
LWLN01000003.1_14	CP095494.1_35	32.7	486	266	18	78	533	62	516	1.31e-40	150
LWLN01000003.1_14	CP101158.1_75	29.9	519	292	18	53	536	41	522	8.34e-37	139
LWLN01000003.1_14	KX687704.1_8	38.6	319	162	15	213	514	220	521	2.11e-35	135
LWLN01000003.1_14	KX906370.1_89	38.6	319	162	15	213	514	220	521	2.11e-35	135
LWLN01000003.1_14	CP019329.1_79	32.4	417	228	19	135	533	119	499	3.18e-35	134
LWLN01000003.1_14	CP100004.1_1	36.7	245	148	5	284	526	17	256	1.86e-33	124
LWLN01000003.1_14	LOAJ01000002.1_60	30.1	479	280	19	78	526	87	540	4.16e-32	125
LWLN01000003.1_14	CP119801.1_44	30.9	492	282	22	52	517	37	496	1.23e-29	118
LWLN01000003.1_14	AOIO01000049.1_91	33.1	139	84	4	132	266	115	248	7.09e-09	53.9
LWLN01000003.1_15	LWLN01000003.1_15	100	266	0	0	1	266	1	266	1.54e-203	551
LWLN01000003.1_15	RJJW01000001.1_30	43.5	260	139	3	8	264	21	275	1.26e-70	214
LWLN01000003.1_15	CP100004.1_2	37.4	265	134	8	12	261	4	251	2.36e-47	154
LWLN01000003.1_15	QKNW01000002.1_39	35.9	256	132	12	14	261	4	235	1.37e-33	119
LWLN01000003.1_15	Eyre_NODE_236_length_33155_cov_19.932_43	33.6	253	144	8	11	254	1	238	1.93e-30	110
LWLN01000003.1_15	NC_015659.1_99	31.1	225	132	9	45	261	141	350	2.55e-20	84.7
LWLN01000003.1_16	LWLN01000003.1_16	100	380	0	0	1	380	1	380	9.89e-246	667
LWLN01000003.1_16	FNFE01000011.1_24	48.6	331	159	6	16	346	5	324	9.02e-82	249
LWLN01000003.1_16	CP095494.1_37	46.3	365	159	14	1	353	1	340	1.82e-70	220
LWLN01000003.1_16	CP019329.1_72	40.4	337	185	8	18	350	18	342	9.17e-60	193
LWLN01000003.1_16	AOIP01000022.1_24	39.9	366	184	12	1	353	1	343	2.28e-53	176
LWLN01000003.1_16	CP099999.1_38	43.3	277	140	9	105	380	95	355	3.75e-49	165
LWLN01000003.1_16	NC_015659.1_96	33.9	242	121	12	12	245	61	271	5.66e-14	68.2
LWLN01000003.1_16	Gairdner_NODE_107_length_49922_cov_74.384603_16	28.0	332	177	16	24	339	24	309	3.52e-08	50.1
LWLN01000003.1_17	LWLN01000003.1_17	100	85	0	0	1	85	1	85	1.39e-57	167
LWLN01000003.1_18	LWLN01000003.1_18	100	138	0	0	1	138	1	138	6.26e-97	271
LWLN01000003.1_18	NC_013748.1_16	62.5	120	45	0	9	128	7	126	1.15e-48	149
LWLN01000003.1_18	CP101158.1_79	41.9	124	66	2	10	129	23	144	2.86e-23	84.7
LWLN01000003.1_18	NC_015659.1_95	39.1	128	76	1	1	128	1	126	7.40e-23	83.2
LWLN01000003.1_19	LWLN01000003.1_19	100	243	0	0	1	243	1	243	1.62e-164	450
LWLN01000003.1_19	AOLZ01000012.1_23	46.0	235	118	3	5	239	7	232	3.70e-67	203
LWLN01000003.1_19	CP019286.1_46	46.0	235	118	3	5	239	7	232	3.70e-67	203
LWLN01000003.1_19	FNFE01000011.1_27	47.7	243	115	6	1	241	1	233	8.82e-65	197
LWLN01000003.1_19	CP095494.1_39	45.3	234	119	4	5	237	7	232	1.40e-58	181
LWLN01000003.1_19	CP019329.1_70	45.6	193	102	3	46	237	60	250	1.41e-54	172
LWLN01000003.1_19	CP084476.1_63	41.5	248	115	6	1	238	28	255	2.18e-54	171
LWLN01000003.1_19	NC_013748.1_18	46.3	240	113	5	1	237	1	227	6.34e-53	167
LWLN01000003.1_19	CP031299.1_17	42.4	236	119	6	5	237	4	225	7.60e-51	161
LWLN01000003.1_19	JDTG01000019.1_90	42.4	236	119	6	5	237	4	225	7.60e-51	161
LWLN01000003.1_19	NC_015659.1_94	39.6	235	132	5	2	235	5	230	1.28e-47	153
LWLN01000003.1_19	CP099999.1_36	38.4	232	130	6	5	235	4	223	2.19e-43	142
LWLN01000003.1_20	LWLN01000003.1_20	100	86	0	0	1	86	1	86	1.05e-48	145
LWLN01000003.1_20	CP019329.1_68	39.2	79	46	1	6	84	7	83	2.73e-08	42.7
LWLN01000003.1_21	LWLN01000003.1_21	100	322	0	0	1	322	1	322	1.65e-233	631
LWLN01000003.1_21	CP099999.1_34	58.9	285	114	3	23	306	126	408	6.28e-117	340
LWLN01000003.1_21	FNFE01000011.1_30	54.9	304	130	5	19	320	103	401	1.64e-110	323
LWLN01000003.1_21	CP019286.1_42	55.4	294	126	5	16	306	121	412	1.83e-106	313
LWLN01000003.1_21	AOLZ01000012.1_27	55.4	294	126	5	16	306	121	412	4.56e-106	313
LWLN01000003.1_21	CP019329.1_67	52.0	331	144	9	1	318	103	431	3.19e-105	310
LWLN01000003.1_21	NC_015659.1_92	40.1	307	171	6	19	319	10	309	1.27e-62	197
LWLN01000003.1_21	CP084476.1_60	42.5	266	134	9	38	294	23	278	2.74e-61	194
LWLN01000003.1_21	NC_013748.1_21	41.6	255	134	6	47	292	40	288	3.83e-61	194
LWLN01000003.1_21	SJER01000008.1_136	40.4	314	165	11	3	303	106	410	2.51e-59	192
LWLN01000003.1_21	CP095494.1_44	39.1	289	163	7	19	302	9	289	3.80e-59	188
LWLN01000003.1_21	JAAOHU010000009.1_62	40.9	264	140	8	49	304	154	409	5.09e-58	189
LWLN01000003.1_21	CP031299.1_20	38.9	288	159	8	16	294	2	281	8.86e-57	182
LWLN01000003.1_21	JDTG01000019.1_93	38.9	288	159	8	16	294	2	281	8.86e-57	182
LWLN01000003.1_21	AOIP01000022.1_28	37.5	288	166	8	17	296	2	283	1.02e-54	177
LWLN01000003.1_21	AOIO01000049.1_99	38.8	281	151	8	31	296	10	284	1.47e-54	176
LWLN01000003.1_21	BBJN01000020.1_39	36.2	293	173	8	21	306	8	293	7.54e-53	171
LWLN01000003.1_21	Gairdner_NODE_107_length_49922_cov_74.384603_21	37.2	290	159	10	16	296	3	278	6.37e-52	169
LWLN01000003.1_21	FOXI01000018.1_47	37.1	294	170	10	21	306	8	294	1.20e-51	168
LWLN01000003.1_21	JAANTI010000009.1_8	37.1	294	170	10	21	306	8	294	1.20e-51	168
LWLN01000003.1_21	SRIF01000015.1_66	35.4	311	175	12	23	316	4	305	4.23e-51	167
LWLN01000003.1_21	RJJW01000001.1_38	37.5	269	156	7	38	301	36	297	7.52e-51	167
LWLN01000003.1_21	AOJE01000025.1_34	33.1	290	179	6	17	302	4	282	1.06e-45	152
LWLN01000003.1_21	Gairdner_NODE_167_length_41210_cov_9.888325_26	32.6	282	176	6	21	295	11	285	1.69e-42	145
LWLN01000003.1_21	LOAJ01000002.1_52	32.5	302	183	9	12	302	3	294	5.65e-42	143
LWLN01000003.1_22	LWLN01000003.1_22	100	101	0	0	1	101	1	101	9.58e-61	176
LWLN01000003.1_22	FNFE01000011.1_31	57.4	101	43	0	1	101	1	101	1.71e-31	102
LWLN01000003.1_22	CP099999.1_33	63.4	101	32	1	1	101	1	96	2.11e-31	102
LWLN01000003.1_22	AOLZ01000012.1_28	55.8	104	43	1	1	101	1	104	1.35e-26	90.5
LWLN01000003.1_22	CP019286.1_41	55.8	104	43	1	1	101	1	104	1.35e-26	90.5
LWLN01000003.1_22	CP019329.1_66	59.5	79	32	0	1	79	1	79	3.36e-23	82.0
LWLN01000003.1_22	CP119801.1_34	46.8	47	25	0	15	61	16	62	4.91e-08	42.4
LWLN01000003.1_23	LWLN01000003.1_23	100	105	0	0	1	105	1	105	9.73e-74	209
LWLN01000003.1_23	FNFE01000011.1_32	59.2	103	42	0	1	103	1	103	1.01e-41	129
LWLN01000003.1_23	CP019329.1_65	53.4	103	48	0	1	103	1	103	5.84e-41	127
LWLN01000003.1_23	AOLZ01000012.1_29	52.6	95	45	0	9	103	6	100	1.13e-35	113
LWLN01000003.1_23	CP019286.1_40	52.6	95	45	0	9	103	6	100	1.13e-35	113
LWLN01000003.1_23	CP099999.1_32	53.3	105	49	0	1	105	1	105	2.49e-35	112
LWLN01000003.1_24	LWLN01000003.1_24	100	84	0	0	1	84	1	84	1.34e-59	172
LWLN01000003.1_24	FNFE01000011.1_33	63.9	72	26	0	1	72	1	72	7.47e-29	94.7
LWLN01000003.1_24	AOLZ01000012.1_30	64.7	68	24	0	1	68	1	68	7.33e-27	89.7
LWLN01000003.1_24	CP019286.1_39	64.7	68	24	0	1	68	1	68	7.33e-27	89.7
LWLN01000003.1_25	LWLN01000003.1_25	100	221	0	0	1	221	1	221	3.86e-152	417
LWLN01000003.1_25	FNFE01000011.1_34	62.1	219	79	3	1	218	1	216	2.07e-89	258
LWLN01000003.1_25	AOLZ01000012.1_31	63.2	212	71	4	11	219	13	220	3.73e-83	243
LWLN01000003.1_25	CP019286.1_38	63.2	212	71	4	11	219	13	220	3.73e-83	243
LWLN01000003.1_25	CP099999.1_30	53.2	216	98	3	3	218	5	217	9.81e-66	198
LWLN01000003.1_25	CP019329.1_63	51.9	214	97	3	9	218	13	224	3.85e-64	194
LWLN01000003.1_25	SJER01000008.1_140	43.8	160	86	3	20	177	12	169	1.16e-35	122
LWLN01000003.1_25	SRIF01000015.1_61	38.8	160	96	1	21	178	19	178	3.49e-30	107
LWLN01000003.1_25	JAJCVI010000007.1_26	37.6	173	101	5	14	182	7	176	1.99e-23	90.5
LWLN01000003.1_25	Eyresouth_NODE_101_length_48437_cov_7.17035_24	32.7	156	92	2	23	169	17	168	2.58e-18	76.6
LWLN01000003.1_25	Frome_NODE_383_length_24936_cov_4.316346_16	32.7	156	92	2	23	169	17	168	2.58e-18	76.6
LWLN01000003.1_25	NC_013748.1_25	41.5	82	46	2	91	170	80	161	6.87e-14	63.5
LWLN01000003.1_25	AOIP01000022.1_32	35.0	123	70	5	53	172	49	164	9.20e-13	60.5
LWLN01000003.1_25	AOIO01000049.1_108	34.2	114	69	4	62	172	54	164	4.56e-12	58.5
LWLN01000003.1_26	LWLN01000003.1_26	100	336	0	0	1	336	1	336	5.10e-235	636
LWLN01000003.1_26	AOLZ01000012.1_32	61.5	314	120	1	4	316	3	316	1.55e-125	359
LWLN01000003.1_26	CP019286.1_37	61.5	314	120	1	4	316	3	316	1.55e-125	359
LWLN01000003.1_26	FNFE01000011.1_35	63.0	300	111	0	7	306	2	301	3.73e-125	358
LWLN01000003.1_26	CP019329.1_62	58.0	314	132	0	4	317	3	316	1.31e-119	344
LWLN01000003.1_26	CP099999.1_29	56.2	315	136	1	4	318	3	315	3.28e-111	322
LWLN01000003.1_26	CP095494.1_49	40.0	325	184	3	4	317	3	327	2.29e-60	193
LWLN01000003.1_26	CP119801.1_30	39.7	302	175	4	4	298	3	304	2.34e-56	182
LWLN01000003.1_26	JAJCVI010000007.1_27	35.0	303	185	6	10	302	16	316	1.96e-39	139
LWLN01000003.1_27	LWLN01000003.1_27	100	444	0	0	1	444	1	444	5.36e-303	817
LWLN01000003.1_27	FNFE01000011.1_36	66.0	453	145	1	1	444	1	453	8.95e-204	566
LWLN01000003.1_27	AOLZ01000012.1_33	63.9	449	157	2	1	444	1	449	1.56e-191	535
LWLN01000003.1_27	CP019286.1_36	63.9	449	157	2	1	444	1	449	1.56e-191	535
LWLN01000003.1_27	CP019329.1_61	63.9	391	141	0	54	444	85	475	3.07e-178	503
LWLN01000003.1_27	CP099999.1_28	60.7	435	168	2	12	444	12	445	7.26e-172	485
LWLN01000003.1_27	CP119801.1_29	47.1	452	216	4	12	440	7	458	8.19e-126	369
LWLN01000003.1_27	CP095494.1_50	45.0	447	232	3	12	444	7	453	1.40e-119	352
LWLN01000003.1_27	SRIF01000015.1_59	48.6	426	204	4	5	416	6	430	8.68e-119	351
LWLN01000003.1_27	JAAOHU010000009.1_56	50.4	397	193	3	52	444	76	472	8.26e-115	341
LWLN01000003.1_27	SJER01000008.1_142	52.0	369	175	2	57	423	102	470	2.97e-112	335
LWLN01000003.1_27	JAJCVI010000007.1_28	44.4	372	202	3	55	424	77	445	2.71e-92	283
LWLN01000003.1_27	FOXI01000018.1_40	38.9	360	200	7	51	407	59	401	6.54e-67	216
LWLN01000003.1_27	JAANTI010000009.1_15	38.9	360	200	7	51	407	59	401	6.54e-67	216
LWLN01000003.1_27	BBJN01000020.1_45	38.7	357	199	7	54	407	56	395	1.19e-65	212
LWLN01000003.1_27	Gairdner_NODE_107_length_49922_cov_74.384603_28	39.0	359	199	7	52	407	47	388	3.86e-65	211
LWLN01000003.1_27	CP100004.1_17	35.0	366	220	7	54	416	57	407	1.93e-56	188
LWLN01000003.1_27	CP084476.1_54	34.4	450	239	13	13	443	6	418	5.91e-55	184
LWLN01000003.1_27	CP101158.1_90	35.4	362	210	9	54	407	81	426	6.35e-55	184
LWLN01000003.1_27	WSZK01000033.1_23	33.4	434	241	10	1	407	1	413	1.35e-54	184
LWLN01000003.1_27	NC_013748.1_27	34.1	370	220	8	40	404	44	394	1.75e-51	175
LWLN01000003.1_27	KX687704.1_24	32.7	361	221	8	53	407	75	419	8.90e-49	168
LWLN01000003.1_27	KX906370.1_105	32.4	361	222	8	53	407	75	419	9.01e-48	165
LWLN01000003.1_27	LOAJ01000002.1_46	33.2	361	219	8	53	407	76	420	1.78e-47	164
LWLN01000003.1_27	RJJW01000001.1_44	31.9	395	232	8	40	407	60	444	4.06e-46	162
LWLN01000003.1_28	LWLN01000003.1_28	100	706	0	0	1	706	1	706	0.0	1274
LWLN01000003.1_28	FNFE01000011.1_37	56.7	704	249	8	2	700	3	655	8.19e-265	740
LWLN01000003.1_28	AOLZ01000012.1_34	57.6	719	247	10	1	706	1	674	9.17e-263	736
LWLN01000003.1_28	CP019286.1_35	57.6	719	247	10	1	706	1	674	9.17e-263	736
LWLN01000003.1_28	CP019329.1_60	57.1	707	252	6	4	703	6	668	3.96e-253	711
LWLN01000003.1_28	CP099999.1_27	48.5	712	239	8	1	693	1	603	4.43e-217	617
LWLN01000003.1_28	CP095494.1_51	40.1	719	386	9	1	691	1	702	5.26e-143	431
LWLN01000003.1_28	CP119801.1_28	35.5	695	350	11	1	691	1	601	1.27e-112	348
LWLN01000003.1_28	SRIF01000015.1_58	34.6	710	370	11	1	686	1	640	2.28e-104	328
LWLN01000003.1_28	SJER01000008.1_143	31.2	701	412	15	12	703	17	656	2.98e-84	275
LWLN01000003.1_28	JAAOHU010000009.1_55	36.4	390	230	6	303	688	174	549	3.39e-70	235
LWLN01000003.1_28	JAJCVI010000007.1_29	28.4	677	350	10	17	680	70	624	7.43e-67	228
LWLN01000003.1_28	Gairdner_NODE_167_length_41210_cov_9.888325_19	27.5	728	429	16	22	672	11	716	1.21e-31	127
LWLN01000003.1_28	RJJW01000001.1_45	27.2	371	244	9	296	655	278	633	4.44e-28	115
LWLN01000003.1_28	BBJN01000020.1_46	29.7	145	99	2	22	165	31	173	6.25e-11	60.8
LWLN01000003.1_28	FOXI01000018.1_39	29.7	145	99	2	22	165	31	173	9.97e-11	60.1
LWLN01000003.1_28	JAANTI010000009.1_16	29.7	145	99	2	22	165	31	173	9.97e-11	60.1
LWLN01000003.1_29	LWLN01000003.1_29	100	831	0	0	1	831	1	831	0.0	1651
LWLN01000003.1_29	AOLZ01000012.1_35	77.4	833	176	6	1	829	1	825	0.0	1270
LWLN01000003.1_29	CP019286.1_34	77.4	833	176	6	1	829	1	825	0.0	1270
LWLN01000003.1_29	SJER01000008.1_144	68.4	800	250	3	30	828	16	813	0.0	1116
LWLN01000003.1_29	CP084476.1_52	65.0	805	268	8	29	828	4	799	0.0	1011
LWLN01000003.1_29	CP019329.1_57	49.5	818	393	9	23	828	9	818	1.69e-263	748
LWLN01000003.1_29	CP119801.1_26	49.0	816	395	10	25	827	5	812	5.92e-263	746
LWLN01000003.1_29	CP095494.1_52	49.1	819	390	11	27	829	10	817	2.53e-257	732
LWLN01000003.1_29	NC_015659.1_84	48.6	798	387	10	34	826	8	787	4.40e-245	700
LWLN01000003.1_29	CP031299.1_28	47.9	800	389	10	34	826	9	787	1.00e-243	696
LWLN01000003.1_29	JDTG01000019.1_101	47.9	800	389	10	34	826	9	787	1.00e-243	696
LWLN01000003.1_29	NC_013748.1_29	47.9	800	385	14	34	826	9	783	3.22e-241	690
LWLN01000003.1_29	AOIO01000049.1_112	48.2	803	384	13	34	826	9	789	3.93e-241	690
LWLN01000003.1_29	AOIP01000022.1_36	48.2	803	384	13	34	826	9	789	5.56e-241	689
LWLN01000003.1_29	CP100004.1_22	48.0	806	390	13	30	825	4	790	4.94e-240	687
LWLN01000003.1_29	SRIF01000015.1_56	45.6	820	418	10	30	831	8	817	2.06e-234	674
LWLN01000003.1_29	WSZK01000033.1_21	45.8	803	423	8	29	827	12	806	4.02e-226	652
LWLN01000003.1_29	Frome_NODE_383_length_24936_cov_4.316346_20	44.7	810	421	9	32	825	26	824	2.03e-217	630
LWLN01000003.1_29	Eyresouth_NODE_101_length_48437_cov_7.17035_28	44.7	810	421	9	32	825	26	824	4.06e-217	630
LWLN01000003.1_29	Eyre_NODE_236_length_33155_cov_19.932_26	44.1	810	426	9	32	825	26	824	7.30e-215	624
LWLN01000003.1_29	RJJW01000001.1_46	42.8	818	429	14	32	827	9	809	4.92e-205	598
LWLN01000003.1_29	JAAOHU010000009.1_54	40.5	824	453	13	30	825	9	823	7.41e-190	560
LWLN01000003.1_29	CP101158.1_93	42.2	784	418	13	63	818	43	819	2.49e-185	548
LWLN01000003.1_29	QKNW01000002.1_20	40.3	837	444	19	30	829	41	858	2.57e-181	539
LWLN01000003.1_29	LOAJ01000002.1_44	40.1	826	445	16	33	823	21	831	7.59e-180	534
LWLN01000003.1_30	LWLN01000003.1_30	100	315	0	0	1	315	1	315	2.01e-235	635
LWLN01000003.1_30	CP019286.1_33	67.6	309	100	0	4	312	2	310	2.12e-156	436
LWLN01000003.1_30	AOLZ01000012.1_36	67.6	309	100	0	4	312	2	310	8.59e-156	434
LWLN01000003.1_30	SJER01000008.1_145	58.6	314	127	2	1	312	1	313	7.50e-132	374
LWLN01000003.1_30	CP084476.1_51	57.6	311	129	2	4	312	2	311	4.09e-128	364
LWLN01000003.1_30	CP031299.1_29	38.0	295	175	4	7	294	12	305	8.29e-68	210
LWLN01000003.1_30	JDTG01000019.1_102	38.0	295	175	4	7	294	12	305	8.29e-68	210
LWLN01000003.1_30	AOIP01000022.1_37	37.0	300	172	5	5	292	11	305	6.06e-62	195
LWLN01000003.1_30	NC_013748.1_30	36.6	290	175	4	5	286	10	298	8.31e-62	195
LWLN01000003.1_30	NC_015659.1_83	36.7	294	169	5	5	286	11	299	6.73e-61	192
LWLN01000003.1_30	AOIO01000049.1_113	37.3	300	171	6	5	292	11	305	2.66e-60	191
LWLN01000003.1_30	CP119801.1_25	35.1	302	189	5	7	302	18	318	5.92e-60	190
LWLN01000003.1_30	CP095494.1_53	36.1	310	177	6	7	303	18	319	1.30e-58	187
LWLN01000003.1_30	CP019329.1_55	33.3	300	195	3	9	303	22	321	1.44e-54	176
LWLN01000003.1_30	CP100004.1_23	35.6	306	174	7	9	300	25	321	1.86e-52	171
LWLN01000003.1_30	WSZK01000033.1_20	33.9	298	179	4	7	292	50	341	2.58e-48	161
LWLN01000003.1_30	CP099999.1_52	36.0	186	110	4	28	204	41	226	7.04e-28	109
LWLN01000003.1_31	LWLN01000003.1_31	100	243	0	0	1	243	1	243	5.11e-177	482
LWLN01000003.1_32	LWLN01000003.1_32	100	499	0	0	1	499	1	499	0.0	994
LWLN01000003.1_32	CP084476.1_50	87.1	497	64	0	3	499	2	498	0.0	877
LWLN01000003.1_32	NC_013748.1_31	86.2	499	67	1	1	499	1	497	0.0	873
LWLN01000003.1_32	CP031299.1_30	85.6	499	68	1	1	499	1	495	1.42e-320	866
LWLN01000003.1_32	JDTG01000019.1_103	85.6	499	68	1	1	499	1	495	1.42e-320	866
LWLN01000003.1_32	AOIP01000022.1_38	81.9	529	65	2	1	499	1	528	5.69e-317	858
LWLN01000003.1_32	NC_015659.1_82	83.9	502	77	2	1	499	1	501	5.99e-310	840
LWLN01000003.1_32	SJER01000008.1_146	74.7	499	123	1	1	496	1	499	4.39e-278	759
LWLN01000003.1_32	RJJW01000001.1_49	54.0	487	220	2	13	499	8	490	6.75e-183	517
LWLN01000003.1_32	CP019329.1_54	52.2	517	218	5	7	499	12	523	1.03e-177	505
LWLN01000003.1_32	SRIF01000015.1_53	50.1	507	224	4	13	495	6	507	3.04e-171	488
LWLN01000003.1_32	CP119801.1_24	48.6	521	237	5	5	499	2	517	7.01e-164	470
LWLN01000003.1_32	AOIO01000049.1_114	92.1	139	11	0	3	141	2	140	3.39e-92	274
LWLN01000003.1_32	QKNW01000002.1_17	25.8	523	317	15	30	498	47	552	3.20e-28	113
LWLN01000003.1_33	LWLN01000003.1_33	100	270	0	0	1	270	1	270	1.75e-211	571
LWLN01000003.1_33	CP031299.1_31	86.3	270	36	1	1	270	1	269	1.49e-180	493
LWLN01000003.1_33	JDTG01000019.1_104	86.3	270	36	1	1	270	1	269	1.49e-180	493
LWLN01000003.1_33	CP084476.1_49	81.9	270	49	0	1	270	1	270	2.11e-178	488
LWLN01000003.1_33	AOLZ01000012.1_37	81.1	270	51	0	1	270	1	270	1.17e-175	481
LWLN01000003.1_33	CP019286.1_32	81.1	270	51	0	1	270	1	270	1.17e-175	481
LWLN01000003.1_33	CP019329.1_53	69.1	262	75	2	5	264	29	286	1.73e-136	382
LWLN01000003.1_33	SRIF01000015.1_47	48.1	262	127	5	1	258	1	257	2.93e-81	241
LWLN01000003.1_33	Gairdner_NODE_167_length_41210_cov_9.888325_44	47.8	92	48	0	163	254	1	92	5.62e-31	107
LWLN01000003.1_34	LWLN01000003.1_34	100	163	0	0	1	163	1	163	1.45e-123	340
LWLN01000003.1_34	AOLZ01000012.1_39	76.7	163	37	1	1	162	1	163	6.31e-94	265
LWLN01000003.1_34	CP019286.1_30	76.7	163	37	1	1	162	1	163	6.31e-94	265
LWLN01000003.1_34	CP019329.1_52	72.1	165	43	2	1	162	1	165	4.11e-86	246
LWLN01000003.1_34	CP084476.1_47	74.1	162	41	1	1	162	1	161	3.10e-84	241
LWLN01000003.1_35	LWLN01000003.1_35	100	141	0	0	1	141	1	141	2.00e-108	300
LWLN01000003.1_35	CP031299.1_33	78.7	141	30	0	1	141	1	141	1.06e-85	243
LWLN01000003.1_35	JDTG01000019.1_106	78.7	141	30	0	1	141	1	141	1.06e-85	243
LWLN01000003.1_36	LWLN01000003.1_36	100	232	0	0	1	232	1	232	6.21e-168	458
LWLN01000003.1_36	CP031299.1_35	75.7	222	54	0	1	222	1	222	5.44e-115	324
LWLN01000003.1_36	JDTG01000019.1_108	75.7	222	54	0	1	222	1	222	5.44e-115	324
LWLN01000003.1_37	LWLN01000003.1_37	100	112	0	0	1	112	1	112	2.70e-81	229
LWLN01000003.1_38	LWLN01000003.1_38	100	351	0	0	1	351	1	351	6.76e-243	657
LWLN01000003.1_38	NC_013748.1_32	59.9	347	138	1	1	347	1	346	7.17e-134	381
LWLN01000003.1_39	LWLN01000003.1_39	100	121	0	0	1	121	1	121	9.07e-82	231
LWLN01000003.1_39	NC_013748.1_33	58.3	115	47	1	6	120	7	120	3.33e-36	116
LWLN01000003.1_39	FNFE01000011.1_40	48.4	124	59	2	1	120	1	123	9.45e-34	110
LWLN01000003.1_39	CP084476.1_44	55.8	113	49	1	8	120	9	120	1.83e-31	104
LWLN01000003.1_39	CP099999.1_25	45.5	121	63	1	1	118	1	121	4.58e-29	98.2
LWLN01000003.1_39	NC_015659.1_81	44.9	127	63	2	1	120	1	127	2.42e-27	94.0
LWLN01000003.1_40	LWLN01000003.1_40	100	132	0	0	1	132	1	132	8.72e-92	257
LWLN01000003.1_40	NC_013748.1_34	63.6	132	48	0	1	132	1	132	4.67e-55	164
LWLN01000003.1_41	LWLN01000003.1_41	100	90	0	0	1	90	1	90	1.38e-66	190
LWLN01000003.1_42	LWLN01000003.1_42	100	373	0	0	1	373	1	373	5.02e-272	733
LWLN01000003.1_42	NC_013748.1_37	79.6	367	73	1	7	373	6	370	7.47e-209	573
LWLN01000003.1_42	AOIP01000022.1_45	70.3	364	105	2	10	373	13	373	2.03e-181	504
LWLN01000003.1_42	AOLZ01000012.1_46	70.4	365	103	2	10	373	21	381	1.10e-180	502
LWLN01000003.1_42	CP019286.1_23	70.4	365	103	2	10	373	21	381	1.10e-180	502
LWLN01000003.1_42	CP031299.1_40	58.6	374	140	8	5	372	18	382	2.90e-138	395
LWLN01000003.1_42	JDTG01000019.1_113	58.6	374	140	8	5	372	18	382	2.90e-138	395
LWLN01000003.1_42	CP119801.1_19	46.0	367	185	5	12	370	24	385	3.82e-95	285
LWLN01000003.1_42	WSZK01000033.1_9	44.6	312	158	8	68	369	103	409	3.04e-73	229
LWLN01000003.1_42	JAAOHU010000009.1_51	40.0	355	198	7	18	372	25	364	5.85e-71	222
LWLN01000003.1_42	Gairdner_NODE_107_length_49922_cov_74.384603_35	36.7	362	208	9	19	370	26	376	6.58e-64	204
LWLN01000003.1_42	CP095494.1_63	71.4	84	20	1	288	371	2	81	2.85e-33	115
LWLN01000003.1_43	LWLN01000003.1_43	100	76	0	0	1	76	1	76	1.81e-49	146
