NC_013748.1_1	NC_013748.1_1	100	116	0	0	1	116	1	116	4.58e-84	236
NC_013748.1_2	NC_013748.1_2	100	173	0	0	1	173	1	173	2.14e-105	295
NC_013748.1_2	JDTG01000019.1_71	52.3	86	37	2	1	82	1	86	5.02e-19	74.7
NC_013748.1_2	CP095494.1_28	46.6	118	52	3	3	118	2	110	3.80e-16	67.4
NC_013748.1_2	SJER01000008.1_122	38.5	117	66	1	9	125	4	114	3.96e-13	59.3
NC_013748.1_2	SJER01000008.1_123	51.3	80	35	2	15	90	10	89	2.26e-12	57.0
NC_013748.1_2	AOIO01000049.1_83	41.3	143	72	4	1	140	2	135	2.39e-11	54.7
NC_013748.1_2	LWLN01000003.1_3	45.3	75	41	0	1	75	1	75	2.74e-11	54.7
NC_013748.1_2	LWLN01000003.1_2	63.6	44	16	0	5	48	5	48	2.28e-10	52.4
NC_013748.1_2	SJER01000008.1_124	44.9	69	37	1	15	82	11	79	3.19e-08	45.8
NC_013748.1_2	BBJN01000020.1_29	41.9	86	38	3	13	98	7	80	3.81e-08	45.8
NC_013748.1_2	CP101158.1_69	40.0	85	45	3	11	89	8	92	4.42e-07	43.1
NC_013748.1_2	CP084476.1_85	73.3	30	8	0	1	30	2	31	1.51e-06	42.0
NC_013748.1_2	AOIP01000022.1_17	71.4	28	8	0	5	32	4	31	2.93e-06	41.2
NC_013748.1_2	BBJN01000020.1_30	45.6	57	28	1	3	59	2	55	4.54e-06	40.0
NC_013748.1_2	QKNW01000002.1_43	44.8	58	30	1	15	70	9	66	6.31e-06	39.7
NC_013748.1_2	JAJCVI010000002.1_549	34.1	129	76	5	15	138	9	133	1.16e-05	38.9
NC_013748.1_2	BBJN01000020.1_27	42.2	64	32	2	3	64	2	62	1.33e-05	39.3
NC_013748.1_2	JAJCVI010000002.1_550	48.0	50	26	0	15	64	9	58	2.50e-05	38.1
NC_013748.1_2	WSZK01000033.1_40	38.2	68	38	1	15	82	10	73	6.35e-05	37.4
NC_013748.1_2	JAJCVI010000002.1_548	39.7	63	27	1	15	77	9	60	7.05e-05	36.6
NC_013748.1_2	QKNW01000002.1_44	55.6	36	16	0	15	50	9	44	8.45e-05	36.6
NC_013748.1_2	Gairdner_NODE_107_length_49922_cov_74.384603_9	44.3	61	21	1	15	62	9	69	9.06e-05	37.0
NC_013748.1_2	SRIF01000015.1_82	57.1	35	15	0	14	48	8	42	1.37e-04	36.2
NC_013748.1_2	WSZK01000033.1_39	47.8	46	22	1	3	48	27	70	2.01e-04	35.8
NC_013748.1_3	NC_013748.1_3	100	264	0	0	1	264	1	264	2.54e-192	522
NC_013748.1_3	AOIP01000022.1_18	66.0	265	87	3	1	264	1	263	1.40e-122	346
NC_013748.1_3	AOIO01000049.1_84	66.0	265	87	3	1	264	1	263	2.82e-122	345
NC_013748.1_3	CP101158.1_70	55.5	263	113	3	1	262	1	260	6.89e-94	273
NC_013748.1_3	SJER01000008.1_125	43.5	262	139	4	6	259	4	264	2.64e-66	203
NC_013748.1_3	WSZK01000033.1_41	42.0	255	140	4	10	263	9	256	9.53e-58	185
NC_013748.1_3	CP095494.1_29	37.8	241	143	5	1	237	1	238	5.41e-45	148
NC_013748.1_3	CP119801.1_54	38.4	229	134	6	1	226	1	225	1.46e-43	144
NC_013748.1_3	JDTG01000019.1_72	36.4	269	161	6	1	264	1	264	2.97e-43	144
NC_013748.1_3	CP084476.1_84	37.0	254	148	6	6	254	7	253	6.04e-43	143
NC_013748.1_3	JAJCVI010000002.1_547	33.6	250	148	4	6	237	4	253	1.24e-42	142
NC_013748.1_3	LWLN01000003.1_4	35.3	258	158	6	1	254	1	253	1.43e-40	137
NC_013748.1_3	QKNW01000002.1_45	34.7	259	161	6	9	259	9	267	3.99e-40	136
NC_013748.1_4	NC_013748.1_4	100	298	0	0	1	298	1	298	1.58e-228	617
NC_013748.1_5	NC_013748.1_5	100	60	0	0	1	60	1	60	1.78e-42	127
NC_013748.1_6	NC_013748.1_6	100	224	0	0	1	224	1	224	3.09e-164	448
NC_013748.1_6	SJER01000008.1_130	48.3	211	101	6	4	210	12	218	1.03e-55	173
NC_013748.1_7	NC_013748.1_7	100	67	0	0	1	67	1	67	2.04e-42	127
NC_013748.1_7	CP099999.1_43	56.7	67	28	1	1	67	1	66	1.85e-20	72.4
NC_013748.1_7	CP095494.1_31	50.7	67	32	1	1	67	1	66	5.90e-17	63.5
NC_013748.1_8	NC_013748.1_8	100	175	0	0	1	175	1	175	1.80e-141	386
NC_013748.1_8	CP084476.1_79	85.6	174	25	0	2	175	11	184	1.17e-121	337
NC_013748.1_8	FNFE01000011.1_18	80.3	173	34	0	3	175	27	199	1.59e-111	311
NC_013748.1_8	AOIO01000049.1_88	37.4	190	90	3	2	163	26	214	6.79e-38	125
NC_013748.1_8	CP019329.1_81	28.5	130	81	5	37	159	69	193	1.09e-09	51.2
NC_013748.1_9	NC_013748.1_9	100	1139	0	0	1	1139	1	1139	0.0	2162
NC_013748.1_9	NC_015659.1_102	50.4	1143	511	24	8	1134	10	1112	0.0	1014
NC_013748.1_9	FNFE01000011.1_19	47.2	1060	512	19	82	1133	88	1107	2.11e-321	919
NC_013748.1_9	CP019329.1_80	42.3	1100	551	27	77	1133	87	1145	1.19e-267	782
NC_013748.1_9	AOIO01000049.1_89	39.7	1135	588	33	6	1118	6	1066	4.60e-228	678
NC_013748.1_9	CP095494.1_34	43.4	889	439	24	267	1134	236	1081	1.56e-211	635
NC_013748.1_9	CP095494.1_33	42.2	870	442	22	282	1134	371	1196	4.00e-191	585
NC_013748.1_9	AOIP01000022.1_21	40.9	871	460	19	282	1134	379	1212	1.38e-188	579
NC_013748.1_9	JDTG01000019.1_67	38.9	879	482	19	279	1134	451	1297	4.25e-182	564
NC_013748.1_9	JDTG01000019.1_81	37.2	878	501	15	282	1134	375	1227	6.79e-171	533
NC_013748.1_9	CP119801.1_45	39.1	886	469	23	272	1132	195	1034	5.20e-168	520
NC_013748.1_9	CP084476.1_77	38.4	878	477	25	282	1138	48	882	7.87e-157	486
NC_013748.1_9	JAAOHU010000009.1_4	34.2	869	511	22	281	1136	413	1233	9.98e-141	452
NC_013748.1_9	AOLZ01000012.1_19	35.9	883	502	29	281	1133	378	1226	6.78e-135	436
NC_013748.1_9	CP019286.1_50	35.9	883	502	29	281	1133	378	1226	6.78e-135	436
NC_013748.1_9	CP099999.1_41	32.1	878	515	26	279	1120	344	1176	7.83e-99	336
NC_013748.1_9	CP101158.1_74	31.7	860	503	33	279	1104	367	1176	1.62e-92	318
NC_013748.1_9	LWLN01000003.1_13	29.2	881	513	33	292	1130	345	1156	6.28e-76	269
NC_013748.1_9	WSZK01000033.1_36	25.3	898	570	31	282	1133	193	1035	1.71e-49	186
NC_013748.1_9	CP031299.1_6	40.0	245	134	4	477	716	13	249	3.94e-45	161
NC_013748.1_10	NC_013748.1_10	100	518	0	0	1	518	1	518	0.0	1001
NC_013748.1_10	FNFE01000011.1_20	56.5	519	202	9	3	518	4	501	8.45e-179	508
NC_013748.1_10	NC_015659.1_101	53.3	527	220	9	1	516	1	512	9.54e-163	468
NC_013748.1_10	CP019329.1_79	52.1	520	222	11	3	517	5	502	4.91e-158	455
NC_013748.1_10	AOLZ01000012.1_20	51.4	527	229	9	1	514	1	513	1.06e-154	447
NC_013748.1_10	CP019286.1_49	51.4	527	229	9	1	514	1	513	1.06e-154	447
NC_013748.1_10	CP095494.1_35	49.1	529	241	9	1	514	1	516	8.96e-146	425
NC_013748.1_10	JAAOHU010000009.1_3	37.3	526	288	10	3	514	6	503	2.78e-87	274
NC_013748.1_10	CP084476.1_75	37.1	542	268	16	3	514	6	504	5.49e-72	234
NC_013748.1_10	CP099999.1_40	38.4	456	235	12	71	514	69	490	4.55e-71	231
NC_013748.1_10	KX687704.1_8	34.9	548	290	15	3	509	14	535	1.09e-66	221
NC_013748.1_10	KX906370.1_89	34.9	548	290	15	3	509	14	535	1.09e-66	221
NC_013748.1_10	AOIP01000022.1_22	37.4	484	257	13	51	514	45	502	2.51e-66	219
NC_013748.1_10	Eyresouth_NODE_101_length_48437_cov_7.17035_10	37.0	535	285	19	3	514	20	525	3.24e-64	214
NC_013748.1_10	LOAJ01000002.1_60	36.2	494	261	13	53	515	78	548	9.71e-64	213
NC_013748.1_10	JDTG01000019.1_82	38.5	460	241	14	63	506	69	502	2.73e-60	203
NC_013748.1_10	CP101158.1_75	33.3	480	276	11	59	514	60	519	2.39e-55	190
NC_013748.1_10	Gairdner_NODE_107_length_49922_cov_74.384603_13	34.2	453	236	15	54	480	61	477	4.90e-52	181
NC_013748.1_10	Gairdner_NODE_167_length_41210_cov_9.888325_31	32.9	556	295	17	3	516	17	536	1.68e-51	180
NC_013748.1_10	Frome_NODE_383_length_24936_cov_4.316346_2	35.6	500	270	19	3	479	20	490	8.58e-51	177
NC_013748.1_10	AOJE01000051.1_48	45.7	234	122	4	276	507	15	245	1.44e-45	156
NC_013748.1_10	Eyre_NODE_236_length_33155_cov_19.932_44	44.9	247	127	4	276	516	3	246	6.13e-43	149
NC_013748.1_10	FOXI01000018.1_54	31.8	510	271	15	48	514	41	516	2.49e-42	154
NC_013748.1_10	JAANTI010000009.1_1	32.4	451	225	13	115	514	25	446	2.06e-37	139
NC_013748.1_10	CP031299.1_9	42.8	264	126	8	229	478	7	259	1.46e-36	133
NC_013748.1_11	NC_013748.1_11	100	269	0	0	1	269	1	269	3.53e-215	580
NC_013748.1_11	NC_015659.1_100	64.7	269	86	4	3	267	8	271	4.21e-130	365
NC_013748.1_11	CP095494.1_36	59.1	274	102	6	1	267	2	272	3.15e-113	323
NC_013748.1_11	FNFE01000011.1_21	44.8	286	136	10	1	267	1	283	2.09e-79	237
NC_013748.1_11	AOLZ01000012.1_21	45.8	260	129	4	1	254	1	254	2.69e-79	236
NC_013748.1_11	CP019286.1_48	45.8	260	129	4	1	254	1	254	2.69e-79	236
NC_013748.1_11	CP019329.1_78	46.0	278	133	10	3	267	7	280	4.97e-77	231
NC_013748.1_11	CP084476.1_74	38.6	285	133	13	1	267	1	261	1.31e-49	160
NC_013748.1_11	AOIP01000022.1_23	39.8	251	123	10	3	245	4	234	2.81e-47	154
NC_013748.1_11	JAAOHU010000009.1_2	40.9	215	102	10	41	246	33	231	2.41e-40	136
NC_013748.1_11	JDTG01000019.1_83	38.3	209	113	8	45	245	38	238	1.28e-38	132
NC_013748.1_11	CP031299.1_10	37.9	177	95	7	77	245	13	182	5.00e-33	115
NC_013748.1_12	NC_013748.1_12	100	351	0	0	1	351	1	351	1.08e-264	712
NC_013748.1_12	NC_015659.1_99	70.5	353	100	1	1	349	1	353	6.14e-187	516
NC_013748.1_12	FNFE01000011.1_22	36.1	349	211	8	8	349	19	362	4.93e-66	209
NC_013748.1_12	AOIP01000022.1_23	30.8	234	137	9	134	349	30	256	1.12e-27	105
NC_013748.1_12	CP119801.1_43	33.2	202	117	6	134	319	32	231	1.61e-27	104
NC_013748.1_12	Gairdner_NODE_167_length_41210_cov_9.888325_30	29.3	239	140	7	135	349	52	285	2.62e-24	96.7
NC_013748.1_12	CP100004.1_2	29.3	208	122	7	138	332	35	230	4.36e-22	89.7
NC_013748.1_12	AOIR01000042.1_45	29.9	224	139	8	125	339	45	259	3.98e-21	87.4
NC_013748.1_12	AOIO01000049.1_90	30.3	218	132	7	147	350	51	262	4.72e-21	87.0
NC_013748.1_12	BBJN01000020.1_34	27.4	219	146	6	135	346	34	246	1.02e-20	85.9
NC_013748.1_12	CP099999.1_39	27.7	235	146	8	132	349	27	254	1.34e-19	82.8
NC_013748.1_13	NC_013748.1_13	100	275	0	0	1	275	1	275	1.36e-197	536
NC_013748.1_13	AOIO01000049.1_94	37.0	92	53	3	48	138	20	107	1.12e-08	50.1
NC_013748.1_14	NC_013748.1_14	100	466	0	0	1	466	1	466	0.0	909
NC_013748.1_15	NC_013748.1_15	100	373	0	0	1	373	1	373	3.12e-250	678
NC_013748.1_15	CP031299.1_15	35.9	103	63	2	219	320	204	304	5.07e-09	52.8
NC_013748.1_15	JDTG01000019.1_88	35.9	103	63	2	219	320	204	304	5.07e-09	52.8
NC_013748.1_16	NC_013748.1_16	100	136	0	0	1	136	1	136	1.09e-96	270
NC_013748.1_16	LWLN01000003.1_18	62.5	120	45	0	7	126	9	128	5.62e-49	149
NC_013748.1_17	NC_013748.1_17	100	84	0	0	1	84	1	84	1.83e-57	167
NC_013748.1_17	CP084476.1_64	42.1	95	34	3	1	84	1	85	3.89e-18	67.8
NC_013748.1_18	NC_013748.1_18	100	230	0	0	1	230	1	230	5.65e-154	422
NC_013748.1_18	CP031299.1_17	57.4	223	94	1	8	230	7	228	2.44e-87	254
NC_013748.1_18	JDTG01000019.1_90	57.4	223	94	1	8	230	7	228	2.44e-87	254
NC_013748.1_18	CP084476.1_63	59.0	229	90	3	1	227	28	254	8.98e-87	253
NC_013748.1_18	FNFE01000011.1_27	44.2	231	125	4	1	228	1	230	9.87e-58	179
NC_013748.1_18	NC_015659.1_94	44.9	227	119	5	3	225	6	230	4.49e-56	174
NC_013748.1_18	CP095494.1_39	44.4	225	122	3	9	230	11	235	5.25e-55	172
NC_013748.1_18	LWLN01000003.1_19	44.2	240	118	5	1	227	1	237	2.12e-53	168
NC_013748.1_18	CP019329.1_70	43.6	195	107	3	36	227	56	250	5.21e-51	162
NC_013748.1_18	AOLZ01000012.1_23	40.8	223	129	3	7	227	9	230	3.25e-48	154
NC_013748.1_18	CP019286.1_46	40.8	223	129	3	7	227	9	230	3.25e-48	154
NC_013748.1_18	CP099999.1_36	39.2	222	128	4	7	225	6	223	6.52e-48	153
NC_013748.1_19	NC_013748.1_19	100	66	0	0	1	66	1	66	2.39e-45	135
NC_013748.1_19	CP084476.1_62	76.1	67	15	1	1	66	1	67	9.43e-32	100
NC_013748.1_19	CP031299.1_18	74.6	67	16	1	1	66	1	67	1.90e-31	100
NC_013748.1_19	JDTG01000019.1_91	74.6	67	16	1	1	66	1	67	1.90e-31	100
NC_013748.1_20	NC_013748.1_20	100	149	0	0	1	149	1	149	1.32e-101	283
NC_013748.1_20	AOIP01000022.1_27	66.9	145	47	1	5	149	9	152	3.45e-61	181
NC_013748.1_20	AOIO01000049.1_98	64.7	153	49	2	1	149	1	152	6.95e-61	181
NC_013748.1_20	NC_015659.1_93	58.7	155	54	4	1	149	1	151	7.67e-53	160
NC_013748.1_20	CP084476.1_61	57.4	148	58	3	3	149	7	150	4.03e-50	153
NC_013748.1_20	CP031299.1_19	55.6	151	61	3	1	149	1	147	2.11e-49	151
NC_013748.1_20	JDTG01000019.1_92	55.6	151	61	3	1	149	1	147	2.11e-49	151
NC_013748.1_20	Eyre_NODE_236_length_33155_cov_19.932_35	32.0	100	68	0	32	131	15	114	2.41e-10	50.8
NC_013748.1_21	NC_013748.1_21	100	325	0	0	1	325	1	325	8.83e-235	635
NC_013748.1_21	CP031299.1_20	72.6	314	81	1	12	325	8	316	1.42e-162	452
NC_013748.1_21	JDTG01000019.1_93	72.6	314	81	1	12	325	8	316	1.42e-162	452
NC_013748.1_21	AOIO01000049.1_99	73.6	314	79	3	8	321	2	311	2.03e-157	439
NC_013748.1_21	AOIP01000022.1_28	72.9	314	80	3	8	321	2	310	2.78e-157	438
NC_013748.1_21	CP084476.1_60	67.9	318	95	3	8	325	3	313	3.98e-152	425
NC_013748.1_21	NC_015659.1_92	65.3	320	101	5	8	325	3	314	1.61e-137	388
NC_013748.1_21	BBJN01000020.1_39	48.7	300	140	7	7	302	4	293	1.07e-83	251
NC_013748.1_21	FOXI01000018.1_47	47.2	301	144	7	7	302	4	294	1.47e-78	238
NC_013748.1_21	JAANTI010000009.1_8	47.2	301	144	7	7	302	4	294	1.47e-78	238
NC_013748.1_21	CP100004.1_10	46.9	286	145	5	16	299	2	282	3.13e-78	237
NC_013748.1_21	Gairdner_NODE_107_length_49922_cov_74.384603_21	44.6	307	157	7	1	304	1	297	3.21e-75	229
NC_013748.1_21	WSZK01000033.1_29	43.7	284	150	3	19	302	22	295	4.06e-71	219
NC_013748.1_21	JAJCVI010000002.1_563	45.1	288	144	8	8	291	4	281	1.95e-65	204
NC_013748.1_21	RJJW01000001.1_38	46.0	274	136	7	29	297	33	299	2.57e-63	199
NC_013748.1_21	LWLN01000003.1_21	41.6	255	134	6	40	288	47	292	8.50e-60	190
NC_013748.1_21	CP095494.1_44	38.0	287	163	6	17	300	17	291	7.91e-56	179
NC_013748.1_21	JAAOHU010000009.1_62	43.1	255	139	6	40	292	151	401	8.99e-56	183
NC_013748.1_21	Gairdner_NODE_167_length_41210_cov_9.888325_26	39.5	314	172	9	1	308	1	302	1.28e-55	179
NC_013748.1_21	CP119801.1_35	38.2	267	157	4	36	300	32	292	3.20e-55	178
NC_013748.1_21	CP101161.1_3061	40.1	277	148	6	40	308	26	292	2.54e-54	175
NC_013748.1_21	CP099999.1_34	37.3	260	149	4	36	290	146	396	4.34e-52	173
NC_013748.1_21	Eyre_NODE_236_length_33155_cov_19.932_34	35.4	268	166	5	36	300	43	306	2.74e-50	165
NC_013748.1_21	QKNW01000002.1_28	36.9	301	163	10	8	295	3	289	3.14e-49	162
NC_013748.1_21	Frome_NODE_383_length_24936_cov_4.316346_12	35.4	263	163	5	41	300	52	310	1.29e-48	161
NC_013748.1_22	NC_013748.1_22	100	79	0	0	1	79	1	79	1.39e-52	154
NC_013748.1_22	CP031299.1_21	73.8	80	20	1	1	79	1	80	5.24e-37	115
NC_013748.1_22	JDTG01000019.1_94	73.8	80	20	1	1	79	1	80	5.24e-37	115
NC_013748.1_22	AOIO01000049.1_100	70.9	79	23	0	1	79	1	79	1.46e-36	114
NC_013748.1_22	AOIP01000022.1_29	70.9	79	23	0	1	79	1	79	2.95e-36	113
NC_013748.1_22	NC_015659.1_91	67.5	80	25	1	1	79	1	80	1.02e-34	109
NC_013748.1_22	CP084476.1_59	55.1	78	32	1	2	79	3	77	2.51e-23	80.5
NC_013748.1_22	CP100004.1_11	44.6	56	30	1	4	58	5	60	2.38e-07	40.0
NC_013748.1_23	NC_013748.1_23	100	99	0	0	1	99	1	99	2.03e-61	178
NC_013748.1_23	CP084476.1_58	81.8	99	18	0	1	99	1	99	3.22e-49	147
NC_013748.1_23	CP031299.1_22	67.0	97	32	0	1	97	1	97	1.15e-42	130
NC_013748.1_23	JDTG01000019.1_95	67.0	97	32	0	1	97	1	97	1.15e-42	130
NC_013748.1_23	AOIP01000022.1_30	65.7	99	32	1	1	99	1	97	9.47e-37	115
NC_013748.1_23	AOIO01000049.1_101	64.6	99	33	1	1	99	1	97	3.85e-36	114
NC_013748.1_23	NC_015659.1_90	55.3	103	42	1	1	99	1	103	3.02e-27	92.0
NC_013748.1_24	NC_013748.1_24	100	72	0	0	1	72	1	72	3.91e-49	145
NC_013748.1_24	NC_015659.1_89	84.7	72	11	0	1	72	1	72	1.67e-41	125
NC_013748.1_24	CP084476.1_57	84.7	72	11	0	1	72	1	72	6.82e-41	124
NC_013748.1_24	AOIP01000022.1_31	79.2	72	15	0	1	72	1	72	3.81e-38	117
NC_013748.1_24	AOIO01000049.1_107	77.8	72	16	0	1	72	1	72	1.55e-37	115
NC_013748.1_24	CP031299.1_23	77.8	72	16	0	1	72	1	72	4.45e-37	114
NC_013748.1_24	JDTG01000019.1_96	77.8	72	16	0	1	72	1	72	4.45e-37	114
NC_013748.1_24	CP101158.1_87	47.1	51	26	1	20	70	18	67	3.97e-14	57.0
NC_013748.1_25	NC_013748.1_25	100	194	0	0	1	194	1	194	2.21e-140	385
NC_013748.1_25	AOIP01000022.1_32	81.3	187	35	0	8	194	9	195	7.00e-110	308
NC_013748.1_25	AOIO01000049.1_108	80.7	187	36	0	8	194	9	195	5.74e-109	306
NC_013748.1_25	CP084476.1_56	79.3	184	38	0	8	191	9	192	1.16e-108	305
NC_013748.1_25	CP031299.1_24	73.7	194	50	1	1	194	1	193	6.03e-99	280
NC_013748.1_25	JDTG01000019.1_97	73.7	194	50	1	1	194	1	193	6.03e-99	280
NC_013748.1_25	NC_015659.1_88	69.5	187	57	0	8	194	9	195	4.80e-94	268
NC_013748.1_25	RJJW01000001.1_42	32.9	158	102	2	5	160	12	167	1.03e-20	81.6
NC_013748.1_25	LWLN01000003.1_25	41.5	82	46	2	80	161	91	170	8.33e-14	63.2
NC_013748.1_25	SRIF01000015.1_61	30.2	129	82	3	38	161	45	170	1.28e-12	60.1
NC_013748.1_25	AOJE01000025.1_37	30.9	149	92	5	17	160	7	149	4.79e-12	58.2
NC_013748.1_25	CP099999.1_30	26.5	162	98	5	7	160	21	169	5.08e-11	55.5
NC_013748.1_26	NC_013748.1_26	100	342	0	0	1	342	1	342	3.51e-245	662
NC_013748.1_26	AOIO01000049.1_109	80.8	343	65	1	1	342	1	343	1.07e-198	545
NC_013748.1_26	AOIP01000022.1_33	80.8	343	65	1	1	342	1	343	2.16e-198	544
NC_013748.1_26	CP031299.1_25	72.9	343	91	2	1	342	1	342	7.74e-180	497
NC_013748.1_26	JDTG01000019.1_98	72.9	343	91	2	1	342	1	342	7.74e-180	497
NC_013748.1_26	NC_015659.1_87	70.9	344	98	2	1	342	1	344	3.38e-179	496
NC_013748.1_26	CP084476.1_55	71.7	343	95	2	1	342	1	342	4.93e-176	488
NC_013748.1_26	Gairdner_NODE_107_length_49922_cov_74.384603_27	38.2	319	187	6	4	316	3	317	3.29e-58	187
NC_013748.1_27	NC_013748.1_27	100	419	0	0	1	419	1	419	1.80e-286	773
NC_013748.1_27	AOIO01000049.1_110	76.8	419	91	1	1	419	1	413	1.24e-220	607
NC_013748.1_27	AOIP01000022.1_34	76.6	419	92	1	1	419	1	413	2.51e-220	606
NC_013748.1_27	CP031299.1_26	75.6	418	96	2	2	419	3	414	1.42e-217	599
NC_013748.1_27	JDTG01000019.1_99	75.6	418	96	2	2	419	3	414	1.42e-217	599
NC_013748.1_27	CP084476.1_54	75.4	422	96	3	2	419	3	420	4.14e-216	595
NC_013748.1_27	NC_015659.1_86	71.4	419	120	0	1	419	1	419	3.76e-207	573
NC_013748.1_27	FOXI01000018.1_40	46.4	364	191	2	60	419	62	425	3.25e-98	296
NC_013748.1_27	JAANTI010000009.1_15	46.4	364	191	2	60	419	62	425	3.25e-98	296
NC_013748.1_27	BBJN01000020.1_45	45.9	368	195	2	56	419	52	419	7.64e-98	295
NC_013748.1_27	Gairdner_NODE_107_length_49922_cov_74.384603_28	44.4	354	193	3	60	410	49	401	2.42e-88	270
NC_013748.1_27	CP100004.1_17	42.5	365	200	4	57	416	54	413	5.05e-79	246
NC_013748.1_27	WSZK01000033.1_23	39.5	370	214	4	54	416	66	432	5.18e-75	236
NC_013748.1_27	CP101161.1_3067	36.7	354	213	4	76	419	9	361	8.78e-59	192
NC_013748.1_27	JAJCVI010000002.1_569	34.8	374	231	5	58	419	69	441	3.65e-55	184
NC_013748.1_27	SRIF01000015.1_59	33.3	421	259	5	2	405	14	429	1.29e-53	181
NC_013748.1_27	AOJE01000025.1_39	36.3	361	215	8	49	399	59	414	1.27e-52	177
NC_013748.1_27	CP095494.1_50	34.5	388	218	7	39	401	40	416	5.25e-52	176
NC_013748.1_27	LWLN01000003.1_27	33.6	402	227	10	52	417	46	443	8.73e-51	173
NC_013748.1_27	FNFE01000011.1_36	33.7	410	235	11	6	391	14	410	2.08e-49	169
NC_013748.1_27	JAAOHU010000009.1_56	32.0	384	235	8	45	406	63	442	8.12e-48	166
NC_013748.1_27	CP019329.1_61	33.2	358	217	5	59	397	84	438	6.17e-47	163
NC_013748.1_27	RJJW01000001.1_44	33.4	374	210	6	40	377	55	425	6.28e-47	163
NC_013748.1_27	CP099999.1_28	34.5	357	208	8	56	391	52	403	1.33e-46	162
NC_013748.1_27	CP119801.1_29	31.7	366	229	5	55	401	61	424	3.39e-46	161
NC_013748.1_28	NC_013748.1_28	100	560	0	0	1	560	1	560	0.0	1070
NC_013748.1_28	AOIP01000022.1_35	71.6	549	134	3	19	559	8	542	2.73e-274	754
NC_013748.1_28	CP084476.1_53	72.5	538	131	4	36	560	8	541	2.54e-269	741
NC_013748.1_28	AOIO01000049.1_111	70.2	551	137	4	19	558	8	542	4.41e-266	733
NC_013748.1_28	NC_015659.1_85	69.5	532	149	5	37	556	8	538	1.63e-262	724
NC_013748.1_28	CP031299.1_27	69.9	559	153	4	10	560	65	616	6.09e-260	720
NC_013748.1_28	JDTG01000019.1_100	69.9	559	153	4	10	560	65	616	6.09e-260	720
NC_013748.1_28	CP100004.1_19	37.0	514	295	8	46	553	6	496	6.08e-86	271
NC_013748.1_28	Gairdner_NODE_107_length_49922_cov_74.384603_29	33.0	494	318	7	63	552	79	563	3.06e-74	242
NC_013748.1_28	FOXI01000018.1_39	32.4	482	297	6	83	549	46	513	9.90e-74	240
NC_013748.1_28	JAANTI010000009.1_16	32.4	482	297	6	83	549	46	513	9.90e-74	240
NC_013748.1_28	WSZK01000033.1_22	35.4	461	291	5	99	557	90	545	9.94e-71	233
NC_013748.1_28	BBJN01000020.1_46	32.7	428	273	7	72	491	36	456	6.94e-60	204
NC_013748.1_28	CP101158.1_91	29.5	556	354	15	3	544	32	563	1.15e-45	165
NC_013748.1_28	CP101161.1_3068	33.6	295	186	7	251	540	282	571	8.54e-41	151
NC_013748.1_28	CP095494.1_51	28.7	307	205	5	242	541	385	684	2.08e-25	106
NC_013748.1_28	Frome_NODE_383_length_24936_cov_4.316346_19	25.7	292	199	7	255	541	310	588	1.30e-13	68.9
NC_013748.1_29	NC_013748.1_29	100	784	0	0	1	784	1	784	0.0	1539
NC_013748.1_29	CP031299.1_28	88.5	789	85	2	1	784	1	788	0.0	1377
NC_013748.1_29	JDTG01000019.1_101	88.5	789	85	2	1	784	1	788	0.0	1377
NC_013748.1_29	AOIP01000022.1_36	83.5	790	124	1	1	784	1	790	0.0	1306
NC_013748.1_29	AOIO01000049.1_112	83.5	790	124	1	1	784	1	790	0.0	1305
NC_013748.1_29	NC_015659.1_84	83.6	787	124	1	3	784	2	788	0.0	1298
NC_013748.1_29	CP100004.1_22	60.7	789	291	9	9	783	8	791	3.27e-318	884
NC_013748.1_29	SRIF01000015.1_56	54.8	785	323	9	28	783	31	812	5.64e-280	788
NC_013748.1_29	WSZK01000033.1_21	54.7	792	337	9	9	782	17	804	1.30e-278	784
NC_013748.1_29	CP019329.1_57	53.6	802	340	10	9	783	20	816	7.92e-278	783
NC_013748.1_29	CP095494.1_52	53.6	800	342	9	9	782	17	813	1.24e-276	780
NC_013748.1_29	CP119801.1_26	53.2	801	346	8	9	783	14	811	1.04e-274	775
NC_013748.1_29	RJJW01000001.1_46	52.9	781	337	10	30	783	32	808	1.62e-272	769
NC_013748.1_29	CP084476.1_52	51.4	800	369	9	1	783	1	797	1.85e-269	761
NC_013748.1_29	Eyre_NODE_236_length_33155_cov_19.932_26	51.6	806	349	13	9	782	28	824	3.95e-254	723
NC_013748.1_29	Eyresouth_NODE_101_length_48437_cov_7.17035_28	52.2	782	340	11	29	782	49	824	5.13e-252	717
NC_013748.1_29	Frome_NODE_383_length_24936_cov_4.316346_20	52.2	782	340	11	29	782	49	824	1.03e-251	716
NC_013748.1_29	LWLN01000003.1_29	47.8	801	384	15	9	783	34	826	5.34e-242	692
NC_013748.1_29	AOLZ01000012.1_35	46.4	798	400	11	9	783	30	822	2.37e-231	664
NC_013748.1_29	CP019286.1_34	46.4	798	400	11	9	783	30	822	2.37e-231	664
NC_013748.1_29	SJER01000008.1_144	45.7	775	388	11	29	778	40	806	6.41e-223	642
NC_013748.1_29	QKNW01000002.1_20	45.2	807	398	18	9	775	45	847	1.55e-212	617
NC_013748.1_29	LOAJ01000002.1_44	44.1	809	406	14	9	775	22	826	5.72e-209	607
NC_013748.1_29	FOXI01000018.1_35	44.2	785	422	8	1	775	1	779	6.05e-204	593
NC_013748.1_29	JAANTI010000009.1_19	44.2	785	422	8	1	775	1	779	6.05e-204	593
NC_013748.1_30	NC_013748.1_30	100	315	0	0	1	315	1	315	5.52e-233	629
NC_013748.1_30	AOIP01000022.1_37	83.4	313	52	0	3	315	4	316	4.35e-196	536
NC_013748.1_30	AOIO01000049.1_113	82.1	313	56	0	3	315	4	316	2.80e-192	526
NC_013748.1_30	NC_015659.1_83	80.8	313	60	0	3	315	4	316	8.01e-192	525
NC_013748.1_30	CP031299.1_29	74.6	315	79	1	1	315	1	314	1.62e-172	476
NC_013748.1_30	JDTG01000019.1_102	74.6	315	79	1	1	315	1	314	1.62e-172	476
NC_013748.1_30	CP119801.1_25	42.4	302	163	7	18	312	20	317	3.85e-76	232
NC_013748.1_30	CP095494.1_53	40.8	294	162	5	22	308	24	312	9.80e-74	226
NC_013748.1_30	CP100004.1_23	42.8	299	164	5	5	299	11	306	3.21e-73	224
NC_013748.1_30	CP019329.1_55	41.6	291	164	5	22	308	26	314	2.34e-72	222
NC_013748.1_30	RJJW01000001.1_47	35.2	310	191	5	9	312	10	315	1.27e-64	202
NC_013748.1_30	SRIF01000015.1_55	37.9	309	185	6	1	304	1	307	3.87e-64	201
NC_013748.1_30	AOLZ01000012.1_36	39.9	288	164	5	14	300	7	286	1.78e-63	199
NC_013748.1_30	CP019286.1_33	39.6	288	165	5	14	300	7	286	1.78e-63	199
NC_013748.1_30	LWLN01000003.1_30	35.6	306	187	5	8	311	3	300	6.55e-61	192
NC_013748.1_30	CP084476.1_51	32.6	298	189	5	10	304	3	291	4.64e-50	164
NC_013748.1_30	SJER01000008.1_145	31.8	267	175	4	35	298	25	287	1.59e-43	147
NC_013748.1_30	CP099999.1_52	35.1	225	138	5	7	224	10	233	2.21e-36	134
NC_013748.1_31	NC_013748.1_31	100	497	0	0	1	497	1	497	0.0	997
NC_013748.1_31	LWLN01000003.1_32	86.2	499	67	1	1	497	1	499	0.0	878
NC_013748.1_31	CP084476.1_50	85.3	497	71	1	3	497	2	498	8.06e-316	854
NC_013748.1_31	CP031299.1_30	82.5	497	85	1	1	497	1	495	1.80e-309	838
NC_013748.1_31	JDTG01000019.1_103	82.5	497	85	1	1	497	1	495	1.80e-309	838
NC_013748.1_31	AOIP01000022.1_38	79.8	529	74	3	1	497	1	528	1.77e-308	837
NC_013748.1_31	NC_015659.1_82	82.8	501	82	1	1	497	1	501	1.51e-307	833
NC_013748.1_31	SJER01000008.1_146	73.3	499	128	2	1	494	1	499	1.00e-271	743
NC_013748.1_31	RJJW01000001.1_49	53.5	484	221	2	14	497	11	490	2.20e-183	518
NC_013748.1_31	CP019329.1_54	52.5	520	216	6	4	497	9	523	2.54e-175	499
NC_013748.1_31	SRIF01000015.1_53	50.3	511	224	5	7	493	3	507	2.47e-172	491
NC_013748.1_31	CP119801.1_24	49.2	508	229	4	14	497	15	517	1.31e-163	469
NC_013748.1_31	AOIO01000049.1_114	90.6	139	11	1	3	139	2	140	3.64e-88	263
NC_013748.1_31	QKNW01000002.1_17	25.7	518	324	15	28	496	47	552	7.11e-29	115
NC_013748.1_32	NC_013748.1_32	100	347	0	0	1	347	1	347	1.04e-244	662
NC_013748.1_32	LWLN01000003.1_38	59.9	347	138	1	1	346	1	347	3.76e-136	387
NC_013748.1_33	NC_013748.1_33	100	123	0	0	1	123	1	123	1.23e-80	228
NC_013748.1_33	CP084476.1_44	59.5	121	49	0	1	121	1	121	4.04e-43	134
NC_013748.1_33	LWLN01000003.1_39	58.3	115	47	1	7	120	6	120	7.86e-35	112
NC_013748.1_33	FNFE01000011.1_40	57.9	107	44	1	16	121	18	124	7.18e-34	110
NC_013748.1_33	NC_015659.1_81	50.4	117	52	2	11	121	12	128	4.57e-28	95.9
NC_013748.1_33	AOLZ01000012.1_41	53.0	83	39	0	8	90	8	90	5.02e-23	82.8
NC_013748.1_33	CP019286.1_28	53.0	83	39	0	8	90	8	90	5.02e-23	82.8
NC_013748.1_34	NC_013748.1_34	100	132	0	0	1	132	1	132	1.63e-87	246
NC_013748.1_34	LWLN01000003.1_40	63.6	132	48	0	1	132	1	132	3.63e-52	157
NC_013748.1_35	NC_013748.1_35	100	350	0	0	1	350	1	350	3.68e-251	678
NC_013748.1_36	NC_013748.1_36	100	1094	0	0	1	1094	1	1094	0.0	2142
NC_013748.1_37	NC_013748.1_37	100	370	0	0	1	370	1	370	1.05e-267	722
NC_013748.1_37	LWLN01000003.1_42	79.6	367	73	1	6	370	7	373	1.00e-206	568
NC_013748.1_37	AOIP01000022.1_45	72.6	369	100	1	2	370	6	373	8.64e-194	535
NC_013748.1_37	AOLZ01000012.1_46	73.6	364	93	2	8	370	20	381	1.99e-187	519
NC_013748.1_37	CP019286.1_23	73.6	364	93	2	8	370	20	381	1.99e-187	519
NC_013748.1_37	CP031299.1_40	59.6	366	141	5	8	369	20	382	7.34e-143	406
NC_013748.1_37	JDTG01000019.1_113	59.6	366	141	5	8	369	20	382	7.34e-143	406
NC_013748.1_37	CP119801.1_19	45.7	363	186	4	13	367	26	385	6.11e-96	287
NC_013748.1_37	JAAOHU010000009.1_51	39.7	358	202	7	12	367	20	365	1.39e-74	231
NC_013748.1_37	WSZK01000033.1_9	44.4	311	158	7	67	366	103	409	3.91e-73	229
NC_013748.1_37	Gairdner_NODE_107_length_49922_cov_74.384603_35	37.0	370	216	9	7	367	15	376	3.04e-64	205
NC_013748.1_37	CP095494.1_63	85.4	82	10	1	287	368	2	81	6.23e-41	135
NC_013748.1_38	NC_013748.1_38	100	82	0	0	1	82	1	82	2.98e-53	156
NC_013748.1_39	NC_013748.1_39	100	126	0	0	1	126	1	126	1.48e-87	246
NC_013748.1_40	NC_013748.1_40	100	79	0	0	1	79	1	79	4.00e-52	153
NC_013748.1_40	FNFE01000011.1_49	67.9	53	17	0	22	74	4	56	7.31e-20	71.2
NC_013748.1_41	NC_013748.1_41	100	91	0	0	1	91	1	91	1.01e-64	186
NC_013748.1_41	FNFE01000011.1_50	58.1	86	35	1	2	87	4	88	7.36e-31	100
NC_013748.1_42	NC_013748.1_42	100	60	0	0	1	60	1	60	3.18e-45	134
NC_013748.1_43	NC_013748.1_43	100	69	0	0	1	69	1	69	3.57e-46	137
