NC_015659.1_70	NC_015659.1_70	100	119	0	0	1	119	1	119	2.61e-89	250
NC_015659.1_71	NC_015659.1_71	100	170	0	0	1	170	1	170	4.62e-128	352
NC_015659.1_72	NC_015659.1_72	100	236	0	0	1	236	1	236	8.58e-186	503
NC_015659.1_72	CP084476.1_38	48.8	242	112	4	3	233	4	244	4.25e-79	234
NC_015659.1_73	NC_015659.1_73	100	126	0	0	1	126	1	126	1.53e-98	274
NC_015659.1_74	NC_015659.1_74	100	236	0	0	1	236	1	236	1.48e-186	505
NC_015659.1_75	NC_015659.1_75	100	258	0	0	1	258	1	258	4.42e-199	539
NC_015659.1_76	NC_015659.1_76	100	61	0	0	1	61	1	61	2.09e-37	114
NC_015659.1_77	NC_015659.1_77	100	58	0	0	1	58	1	58	4.02e-36	111
NC_015659.1_78	NC_015659.1_78	100	414	0	0	1	414	1	414	3.62e-304	818
NC_015659.1_78	CP101158.1_102	64.3	395	138	2	18	411	2	394	6.30e-185	515
NC_015659.1_78	CP084476.1_42	63.5	411	145	2	7	414	2	410	5.12e-180	503
NC_015659.1_78	CP019329.1_45	52.3	419	182	5	10	412	6	422	6.95e-137	394
NC_015659.1_78	KX687704.1_34	47.1	408	206	3	14	413	8	413	2.50e-124	362
NC_015659.1_78	Eyre_NODE_236_length_33155_cov_19.932_23	40.3	404	224	11	18	411	20	416	2.70e-82	254
NC_015659.1_78	Frome_NODE_383_length_24936_cov_4.316346_23	39.9	404	226	10	18	411	20	416	3.59e-82	254
NC_015659.1_78	Eyresouth_NODE_101_length_48437_cov_7.17035_31	39.9	404	226	10	18	411	20	416	7.14e-82	253
NC_015659.1_79	NC_015659.1_79	100	150	0	0	1	150	1	150	5.40e-115	317
NC_015659.1_79	AOIP01000022.1_39	73.3	150	40	0	1	150	1	150	2.30e-82	235
NC_015659.1_80	NC_015659.1_80	100	87	0	0	1	87	1	87	8.59e-53	155
NC_015659.1_81	NC_015659.1_81	100	129	0	0	1	129	1	129	1.03e-84	239
NC_015659.1_81	FNFE01000011.1_40	48.8	129	62	1	1	129	1	125	7.75e-30	100
NC_015659.1_81	NC_013748.1_33	51.3	115	50	2	14	128	13	121	6.78e-28	95.5
NC_015659.1_81	JAJCVI010000002.1_572	43.3	120	62	1	7	126	4	117	5.04e-27	93.2
NC_015659.1_81	LWLN01000003.1_39	44.9	127	63	2	1	127	1	120	1.19e-25	89.7
NC_015659.1_81	AOLZ01000012.1_41	52.4	82	35	1	16	97	13	90	1.25e-19	74.3
NC_015659.1_81	CP019286.1_28	52.4	82	35	1	16	97	13	90	1.25e-19	74.3
NC_015659.1_81	CP084476.1_44	41.3	104	57	1	25	128	22	121	1.20e-14	61.6
NC_015659.1_81	Gairdner_NODE_167_length_41210_cov_9.888325_47	45.8	59	32	0	61	119	60	118	1.34e-09	48.5
NC_015659.1_82	NC_015659.1_82	100	501	0	0	1	501	1	501	0.0	1010
NC_015659.1_82	LWLN01000003.1_32	83.9	502	77	2	1	501	1	499	6.30e-312	845
NC_015659.1_82	NC_013748.1_31	82.8	501	82	1	1	501	1	497	3.07e-307	833
NC_015659.1_82	AOIP01000022.1_38	78.7	531	80	2	1	501	1	528	1.62e-305	830
NC_015659.1_82	CP084476.1_50	82.6	501	84	1	1	501	1	498	1.24e-304	826
NC_015659.1_82	CP031299.1_30	78.0	501	104	1	1	501	1	495	4.12e-293	797
NC_015659.1_82	JDTG01000019.1_103	78.0	501	104	1	1	501	1	495	4.12e-293	797
NC_015659.1_82	SJER01000008.1_146	75.6	499	121	1	1	498	1	499	1.58e-283	773
NC_015659.1_82	RJJW01000001.1_49	55.0	487	215	2	15	501	8	490	7.17e-193	543
NC_015659.1_82	SRIF01000015.1_53	49.8	508	224	5	15	497	6	507	1.51e-169	484
NC_015659.1_82	CP019329.1_54	51.3	511	218	6	16	501	19	523	3.31e-169	484
NC_015659.1_82	CP119801.1_24	50.4	510	222	5	17	501	14	517	4.64e-165	473
NC_015659.1_82	AOIO01000049.1_114	83.9	143	20	1	1	143	1	140	7.23e-83	250
NC_015659.1_83	NC_015659.1_83	100	316	0	0	1	316	1	316	8.13e-231	624
NC_015659.1_83	AOIP01000022.1_37	82.0	316	57	0	1	316	1	316	8.72e-194	530
NC_015659.1_83	NC_013748.1_30	80.8	313	60	0	4	316	3	315	2.68e-190	521
NC_015659.1_83	AOIO01000049.1_113	80.7	316	61	0	1	316	1	316	1.13e-189	520
NC_015659.1_83	CP031299.1_29	71.6	313	88	1	4	316	3	314	1.14e-163	454
NC_015659.1_83	JDTG01000019.1_102	71.6	313	88	1	4	316	3	314	1.14e-163	454
NC_015659.1_83	CP119801.1_25	41.2	301	168	6	19	313	20	317	7.96e-76	231
NC_015659.1_83	CP019329.1_55	39.0	308	184	4	5	309	8	314	6.82e-72	221
NC_015659.1_83	CP100004.1_23	40.9	301	171	5	8	304	14	311	4.70e-70	216
NC_015659.1_83	CP095494.1_53	38.9	298	170	5	19	309	20	312	1.29e-68	213
NC_015659.1_83	RJJW01000001.1_47	35.3	303	192	3	1	301	1	301	2.33e-65	204
NC_015659.1_83	SRIF01000015.1_55	37.3	306	186	5	5	305	3	307	6.99e-62	195
NC_015659.1_83	AOLZ01000012.1_36	39.8	266	155	3	35	299	23	284	9.01e-61	192
NC_015659.1_83	CP019286.1_33	39.5	266	156	3	35	299	23	284	9.01e-61	192
NC_015659.1_83	LWLN01000003.1_30	37.5	285	161	5	13	292	7	279	5.89e-59	187
NC_015659.1_83	CP099999.1_52	34.8	210	129	5	13	215	15	223	3.63e-31	119
NC_015659.1_84	NC_015659.1_84	100	788	0	0	1	788	1	788	0.0	1557
NC_015659.1_84	AOIP01000022.1_36	85.3	784	114	1	6	788	7	790	0.0	1328
NC_015659.1_84	CP031299.1_28	84.5	787	121	1	2	788	3	788	0.0	1323
NC_015659.1_84	JDTG01000019.1_101	84.5	787	121	1	2	788	3	788	0.0	1323
NC_015659.1_84	AOIO01000049.1_112	84.9	784	117	1	6	788	7	790	0.0	1321
NC_015659.1_84	NC_013748.1_29	83.6	787	124	1	2	788	3	784	0.0	1305
NC_015659.1_84	CP100004.1_22	61.0	795	298	8	1	787	1	791	0.0	912
NC_015659.1_84	CP095494.1_52	54.2	806	333	6	8	786	17	813	2.97e-286	804
NC_015659.1_84	CP119801.1_26	53.7	802	345	6	8	787	14	811	3.52e-284	799
NC_015659.1_84	CP019329.1_57	53.4	803	345	9	8	787	20	816	2.14e-281	792
NC_015659.1_84	SRIF01000015.1_56	52.6	803	356	6	8	787	12	812	4.59e-280	788
NC_015659.1_84	WSZK01000033.1_21	54.7	791	343	7	8	786	17	804	9.26e-280	787
NC_015659.1_84	RJJW01000001.1_46	52.3	807	349	10	8	787	11	808	6.72e-278	783
NC_015659.1_84	CP084476.1_52	52.4	792	362	8	8	787	9	797	1.17e-276	779
NC_015659.1_84	Frome_NODE_383_length_24936_cov_4.316346_20	51.4	807	359	11	5	786	26	824	1.71e-264	749
NC_015659.1_84	Eyresouth_NODE_101_length_48437_cov_7.17035_28	51.3	807	360	11	5	786	26	824	1.38e-263	747
NC_015659.1_84	Eyre_NODE_236_length_33155_cov_19.932_26	50.6	807	366	12	5	786	26	824	5.12e-261	740
NC_015659.1_84	LWLN01000003.1_29	48.9	798	385	11	8	787	34	826	2.00e-248	708
NC_015659.1_84	AOLZ01000012.1_35	46.9	802	401	10	5	787	27	822	1.02e-236	678
NC_015659.1_84	CP019286.1_34	46.9	802	401	10	5	787	27	822	1.02e-236	678
NC_015659.1_84	SJER01000008.1_144	46.2	794	398	9	10	782	21	806	1.68e-232	667
NC_015659.1_84	QKNW01000002.1_20	45.5	807	401	16	8	779	45	847	1.75e-215	625
NC_015659.1_84	LOAJ01000002.1_44	44.2	808	412	12	8	779	22	826	6.45e-212	615
NC_015659.1_84	CP101158.1_93	43.6	825	413	14	1	779	1	819	8.09e-208	604
NC_015659.1_84	KX906370.1_107	42.7	811	421	12	8	779	19	824	6.26e-200	584
NC_015659.1_85	NC_015659.1_85	100	539	0	0	1	539	1	539	0.0	1051
NC_015659.1_85	AOIP01000022.1_35	71.3	512	138	3	32	538	32	539	1.14e-265	731
NC_015659.1_85	NC_013748.1_28	69.7	531	148	5	9	538	38	556	4.49e-262	723
NC_015659.1_85	AOIO01000049.1_111	70.3	512	144	3	32	538	32	540	3.37e-260	717
NC_015659.1_85	CP084476.1_53	68.2	532	164	4	10	538	8	537	1.20e-252	698
NC_015659.1_85	CP031299.1_27	68.6	516	158	4	25	538	99	612	5.12e-246	684
NC_015659.1_85	JDTG01000019.1_100	68.6	516	158	4	25	538	99	612	5.12e-246	684
NC_015659.1_85	CP100004.1_19	40.0	493	275	7	45	535	23	496	1.03e-96	298
NC_015659.1_85	Gairdner_NODE_107_length_49922_cov_74.384603_29	36.8	475	285	7	62	534	102	563	3.02e-88	278
NC_015659.1_85	FOXI01000018.1_39	36.1	471	288	8	59	525	46	507	6.71e-83	263
NC_015659.1_85	JAANTI010000009.1_16	36.1	471	288	8	59	525	46	507	6.71e-83	263
NC_015659.1_85	BBJN01000020.1_46	34.8	425	270	5	59	481	46	465	3.12e-66	221
NC_015659.1_85	CP101161.1_3068	35.7	297	181	7	233	524	282	573	7.45e-49	174
NC_015659.1_85	CP101158.1_91	30.5	478	300	9	37	508	95	546	2.65e-48	172
NC_015659.1_85	Frome_NODE_383_length_24936_cov_4.316346_19	28.0	329	206	10	211	524	277	589	1.35e-20	90.9
NC_015659.1_85	Eyresouth_NODE_101_length_48437_cov_7.17035_27	27.7	296	190	8	237	524	310	589	5.55e-20	89.0
NC_015659.1_85	Eyre_NODE_236_length_33155_cov_19.932_27	27.7	296	190	8	237	524	315	594	5.60e-20	89.0
NC_015659.1_85	Gairdner_NODE_167_length_41210_cov_9.888325_19	29.2	144	99	2	43	185	9	150	2.89e-09	55.1
NC_015659.1_86	NC_015659.1_86	100	419	0	0	1	419	1	419	5.26e-295	795
NC_015659.1_86	AOIP01000022.1_34	74.2	419	102	1	1	419	1	413	2.05e-219	603
NC_015659.1_86	AOIO01000049.1_110	74.0	419	103	1	1	419	1	413	2.38e-218	601
NC_015659.1_86	NC_013748.1_27	71.4	419	120	0	1	419	1	419	9.26e-208	574
NC_015659.1_86	CP031299.1_26	67.9	418	128	2	2	419	3	414	8.69e-193	536
NC_015659.1_86	JDTG01000019.1_99	67.9	418	128	2	2	419	3	414	8.69e-193	536
NC_015659.1_86	CP084476.1_54	66.8	422	132	3	2	419	3	420	1.93e-188	525
NC_015659.1_86	BBJN01000020.1_45	46.3	374	193	3	50	416	41	413	6.80e-99	297
NC_015659.1_86	FOXI01000018.1_40	46.3	361	191	2	58	416	60	419	4.59e-98	295
NC_015659.1_86	JAANTI010000009.1_15	46.3	361	191	2	58	416	60	419	4.59e-98	295
NC_015659.1_86	Gairdner_NODE_107_length_49922_cov_74.384603_28	46.6	358	187	3	56	410	45	401	7.81e-96	289
NC_015659.1_86	CP100004.1_17	43.0	351	196	2	58	404	55	405	5.84e-81	251
NC_015659.1_86	WSZK01000033.1_23	39.5	365	216	4	57	416	68	432	2.02e-70	224
NC_015659.1_86	SRIF01000015.1_59	35.8	425	237	9	2	402	14	426	4.87e-61	201
NC_015659.1_86	CP101161.1_3067	35.0	360	223	4	70	419	3	361	1.73e-58	191
NC_015659.1_86	KX906370.1_105	31.1	418	264	4	12	405	10	427	7.64e-56	186
NC_015659.1_86	KX687704.1_24	30.9	418	265	4	12	405	10	427	1.07e-55	186
NC_015659.1_86	JAJCVI010000002.1_569	32.0	444	271	7	2	419	3	441	1.34e-55	186
NC_015659.1_86	LOAJ01000002.1_46	31.5	356	236	4	57	405	74	428	4.37e-54	181
NC_015659.1_86	AOLZ01000012.1_33	34.4	450	247	15	5	419	13	449	2.48e-52	177
NC_015659.1_86	CP019286.1_36	34.4	450	247	15	5	419	13	449	2.48e-52	177
NC_015659.1_86	AOJE01000025.1_39	37.1	350	205	9	60	399	70	414	1.83e-51	174
NC_015659.1_86	CP095494.1_50	32.3	434	256	10	2	411	6	425	5.51e-50	171
NC_015659.1_86	AOIR01000042.1_55	33.6	366	226	9	66	419	84	444	4.77e-48	166
NC_015659.1_86	CP119801.1_29	30.2	410	258	6	14	401	21	424	1.75e-47	164
NC_015659.1_87	NC_015659.1_87	100	344	0	0	1	344	1	344	1.74e-246	666
NC_015659.1_87	AOIO01000049.1_109	74.4	344	87	1	1	344	1	343	5.81e-185	510
NC_015659.1_87	AOIP01000022.1_33	74.1	344	88	1	1	344	1	343	3.35e-184	508
NC_015659.1_87	NC_013748.1_26	70.9	344	98	2	1	344	1	342	4.82e-179	495
NC_015659.1_87	CP084476.1_55	68.3	344	107	2	1	344	1	342	1.59e-170	474
NC_015659.1_87	CP031299.1_25	68.6	344	106	2	1	344	1	342	5.02e-167	465
NC_015659.1_87	JDTG01000019.1_98	68.6	344	106	2	1	344	1	342	5.02e-167	465
NC_015659.1_87	JAJCVI010000002.1_568	31.0	294	184	10	54	341	56	336	6.31e-29	110
NC_015659.1_88	NC_015659.1_88	100	195	0	0	1	195	1	195	4.63e-138	379
NC_015659.1_88	AOIP01000022.1_32	72.8	195	53	0	1	195	1	195	1.22e-101	287
NC_015659.1_88	AOIO01000049.1_108	72.8	195	53	0	1	195	1	195	3.50e-101	286
NC_015659.1_88	NC_013748.1_25	69.5	187	57	0	9	195	8	194	2.39e-94	269
NC_015659.1_88	CP084476.1_56	69.3	192	59	0	1	192	1	192	2.48e-94	269
NC_015659.1_88	CP031299.1_24	64.7	187	66	0	9	195	7	193	1.03e-83	242
NC_015659.1_88	JDTG01000019.1_97	64.7	187	66	0	9	195	7	193	1.03e-83	242
NC_015659.1_88	RJJW01000001.1_42	29.9	164	111	2	13	174	19	180	1.15e-17	73.6
NC_015659.1_88	AOJE01000025.1_37	34.1	135	86	2	28	161	17	149	1.46e-16	70.5
NC_015659.1_88	CP099999.1_30	30.7	166	100	6	9	169	22	177	2.27e-13	62.0
NC_015659.1_89	NC_015659.1_89	100	72	0	0	1	72	1	72	9.58e-50	146
NC_015659.1_89	CP084476.1_57	88.9	72	8	0	1	72	1	72	2.11e-44	133
NC_015659.1_89	AOIP01000022.1_31	84.7	72	11	0	1	72	1	72	4.10e-42	127
NC_015659.1_89	CP031299.1_23	81.9	72	13	0	1	72	1	72	8.28e-42	126
NC_015659.1_89	JDTG01000019.1_96	81.9	72	13	0	1	72	1	72	8.28e-42	126
NC_015659.1_89	AOIO01000049.1_107	83.3	72	12	0	1	72	1	72	1.67e-41	125
NC_015659.1_89	NC_013748.1_24	84.7	72	11	0	1	72	1	72	3.38e-41	125
NC_015659.1_89	AOJE01000051.1_26	44.1	68	36	2	3	70	2	67	4.26e-13	54.3
NC_015659.1_89	LOAJ01000002.1_49	42.6	68	37	2	3	70	2	67	6.04e-13	53.9
NC_015659.1_89	KX687704.1_21	42.6	68	37	2	3	70	2	67	1.24e-12	53.1
NC_015659.1_89	KX906370.1_102	42.6	68	37	2	3	70	2	67	1.24e-12	53.1
NC_015659.1_90	NC_015659.1_90	100	103	0	0	1	103	1	103	5.93e-65	187
NC_015659.1_90	CP084476.1_58	61.2	103	36	1	1	103	1	99	9.14e-34	108
NC_015659.1_90	AOIP01000022.1_30	51.5	103	44	1	1	103	1	97	6.33e-29	96.3
NC_015659.1_90	AOIO01000049.1_101	51.5	103	44	1	1	103	1	97	1.28e-28	95.5
NC_015659.1_90	NC_013748.1_23	55.8	104	40	2	1	103	1	99	5.47e-28	94.0
NC_015659.1_90	CP031299.1_22	49.5	101	47	1	1	101	1	97	5.15e-26	89.0
NC_015659.1_90	JDTG01000019.1_95	49.5	101	47	1	1	101	1	97	5.15e-26	89.0
NC_015659.1_91	NC_015659.1_91	100	80	0	0	1	80	1	80	1.44e-50	149
NC_015659.1_91	NC_013748.1_22	67.5	80	25	1	1	80	1	79	2.42e-33	105
NC_015659.1_91	AOIO01000049.1_100	73.8	80	20	1	1	80	1	79	4.89e-33	105
NC_015659.1_91	AOIP01000022.1_29	73.8	80	20	1	1	80	1	79	9.86e-33	104
NC_015659.1_91	CP031299.1_21	60.0	80	32	0	1	80	1	80	7.98e-30	97.1
NC_015659.1_91	JDTG01000019.1_94	60.0	80	32	0	1	80	1	80	7.98e-30	97.1
NC_015659.1_91	CP084476.1_59	53.2	79	33	1	2	80	3	77	1.06e-22	79.0
NC_015659.1_92	NC_015659.1_92	100	314	0	0	1	314	1	314	5.04e-224	607
NC_015659.1_92	AOIO01000049.1_99	72.4	297	77	3	3	298	2	294	2.76e-145	407
NC_015659.1_92	AOIP01000022.1_28	72.1	297	77	3	3	298	2	293	3.09e-144	405
NC_015659.1_92	NC_013748.1_21	65.3	320	101	5	3	314	8	325	1.80e-136	385
NC_015659.1_92	CP031299.1_20	64.9	313	95	5	10	314	11	316	6.74e-132	374
NC_015659.1_92	JDTG01000019.1_93	64.9	313	95	5	10	314	11	316	6.74e-132	374
NC_015659.1_92	CP084476.1_60	61.5	322	107	6	1	314	1	313	2.92e-125	357
NC_015659.1_92	BBJN01000020.1_39	50.2	287	138	5	13	296	9	293	9.13e-85	253
NC_015659.1_92	CP100004.1_10	48.1	287	141	5	10	293	1	282	5.93e-81	243
NC_015659.1_92	FOXI01000018.1_47	48.0	296	141	6	4	296	9	294	4.48e-80	241
NC_015659.1_92	JAANTI010000009.1_8	48.0	296	141	6	4	296	9	294	4.48e-80	241
NC_015659.1_92	Gairdner_NODE_107_length_49922_cov_74.384603_21	45.4	295	148	6	7	298	13	297	1.57e-75	229
NC_015659.1_92	WSZK01000033.1_29	42.3	310	166	7	4	311	8	306	6.37e-67	208
NC_015659.1_92	LWLN01000003.1_21	40.2	281	156	4	35	309	45	319	1.95e-61	194
NC_015659.1_92	JAAOHU010000009.1_62	42.1	259	145	4	37	292	151	407	1.02e-58	190
NC_015659.1_92	CP095494.1_44	38.3	274	155	6	12	282	17	279	6.28e-55	177
NC_015659.1_92	Gairdner_NODE_167_length_41210_cov_9.888325_26	39.4	297	161	9	9	298	14	298	2.01e-54	176
NC_015659.1_92	JAJCVI010000002.1_563	40.4	267	146	7	25	285	22	281	1.23e-53	173
NC_015659.1_92	RJJW01000001.1_38	41.8	280	151	8	13	285	17	291	1.27e-53	174
NC_015659.1_92	AOIR01000042.1_49	39.0	292	148	9	28	311	26	295	1.51e-52	171
NC_015659.1_92	CP099999.1_34	36.3	256	151	4	34	284	148	396	2.53e-50	168
NC_015659.1_92	SRIF01000015.1_66	40.4	272	149	8	19	282	18	284	2.20e-48	160
NC_015659.1_92	Frome_NODE_383_length_24936_cov_4.316346_12	35.1	259	163	5	39	294	54	310	5.61e-47	156
NC_015659.1_92	Eyre_NODE_236_length_33155_cov_19.932_34	35.5	259	162	5	39	294	50	306	1.00e-46	155
NC_015659.1_92	FNFE01000011.1_30	35.1	259	156	7	34	285	126	379	3.22e-45	154
NC_015659.1_93	NC_015659.1_93	100	151	0	0	1	151	1	151	2.77e-104	290
NC_015659.1_93	CP031299.1_19	65.0	143	50	0	9	151	5	147	2.03e-64	189
NC_015659.1_93	JDTG01000019.1_92	65.0	143	50	0	9	151	5	147	2.03e-64	189
NC_015659.1_93	CP084476.1_61	60.3	151	59	1	1	151	1	150	1.91e-58	174
NC_015659.1_93	AOIO01000049.1_98	56.5	154	62	2	1	151	1	152	1.11e-55	167
NC_015659.1_93	AOIP01000022.1_27	56.5	154	62	2	1	151	1	152	1.57e-55	167
NC_015659.1_93	NC_013748.1_20	60.5	147	52	3	9	151	5	149	9.53e-54	162
NC_015659.1_94	NC_015659.1_94	100	234	0	0	1	234	1	234	6.95e-166	453
NC_015659.1_94	CP031299.1_17	46.8	222	111	5	11	230	7	223	2.46e-63	193
NC_015659.1_94	JDTG01000019.1_90	46.8	222	111	5	11	230	7	223	2.46e-63	193
NC_015659.1_94	CP099999.1_36	45.9	222	115	2	10	230	6	223	6.66e-60	184
NC_015659.1_94	CP095494.1_39	44.2	233	124	4	1	230	1	230	8.25e-58	179
NC_015659.1_94	CP084476.1_63	44.8	223	115	5	11	230	35	252	5.05e-56	175
NC_015659.1_94	NC_013748.1_18	45.3	232	118	6	1	230	1	225	2.08e-54	170
NC_015659.1_94	AOLZ01000012.1_23	42.8	236	121	9	1	230	1	228	7.21e-54	169
NC_015659.1_94	CP019286.1_46	42.8	236	121	9	1	230	1	228	7.21e-54	169
NC_015659.1_94	CP019329.1_70	43.0	228	120	6	10	230	24	248	1.49e-51	164
NC_015659.1_94	LWLN01000003.1_19	44.2	190	102	4	44	230	47	235	1.74e-47	153
NC_015659.1_95	NC_015659.1_95	100	130	0	0	1	130	1	130	1.77e-90	254
NC_015659.1_95	CP031299.1_16	63.9	108	37	2	20	126	17	123	3.61e-41	129
NC_015659.1_95	JDTG01000019.1_89	63.9	108	37	2	20	126	17	123	3.61e-41	129
NC_015659.1_95	LWLN01000003.1_18	39.1	128	76	1	1	126	1	128	4.37e-24	86.3
NC_015659.1_95	CP101158.1_79	40.0	120	66	2	11	125	24	142	1.09e-20	77.8
NC_015659.1_96	NC_015659.1_96	100	389	0	0	1	389	1	389	6.24e-265	716
NC_015659.1_96	AOIO01000049.1_95	56.0	339	140	6	54	386	6	341	4.58e-116	337
NC_015659.1_96	CP084476.1_66	56.5	338	136	6	51	380	2	336	5.68e-113	330
NC_015659.1_96	CP119801.1_42	51.5	338	154	6	52	380	3	339	2.43e-99	296
NC_015659.1_96	CP031299.1_15	46.7	334	165	9	49	373	1	330	3.71e-76	236
NC_015659.1_96	JDTG01000019.1_88	46.7	334	165	9	49	373	1	330	3.71e-76	236
NC_015659.1_96	AOIP01000022.1_24	40.1	364	166	15	54	389	6	345	3.28e-51	171
NC_015659.1_96	CP095494.1_37	37.2	358	184	15	53	389	5	342	4.50e-43	149
NC_015659.1_96	Gairdner_NODE_107_length_49922_cov_74.384603_16	37.7	297	166	9	50	334	5	294	1.55e-37	134
NC_015659.1_96	CP099999.1_38	36.4	327	183	9	49	360	1	317	1.22e-34	127
NC_015659.1_96	LWLN01000003.1_16	33.3	240	125	11	61	271	12	245	3.24e-14	68.9
NC_015659.1_96	LOAJ01000002.1_58	30.6	288	165	14	97	369	199	466	3.14e-10	57.0
NC_015659.1_96	AOLZ01000012.1_22	84.4	32	5	0	51	82	2	33	1.99e-07	48.1
NC_015659.1_96	CP019286.1_47	84.4	32	5	0	51	82	2	33	1.99e-07	48.1
NC_015659.1_97	NC_015659.1_97	100	348	0	0	1	348	1	348	1.72e-239	649
NC_015659.1_97	Eyresouth_NODE_101_length_48437_cov_7.17035_14	36.5	296	176	4	5	296	25	312	1.14e-53	176
NC_015659.1_97	Frome_NODE_383_length_24936_cov_4.316346_6	35.8	296	178	4	5	296	25	312	9.40e-52	171
NC_015659.1_98	NC_015659.1_98	100	253	0	0	1	253	1	253	5.95e-181	493
NC_015659.1_99	NC_015659.1_99	100	355	0	0	1	355	1	355	1.60e-268	723
NC_015659.1_99	NC_013748.1_12	70.5	353	100	1	1	353	1	349	2.65e-188	520
NC_015659.1_99	FNFE01000011.1_22	43.5	352	185	10	8	353	19	362	3.01e-85	259
NC_015659.1_99	CP019329.1_77	46.3	218	111	3	138	353	153	366	1.23e-65	209
NC_015659.1_99	AOIR01000042.1_45	29.7	229	143	8	132	351	48	267	3.80e-24	95.9
NC_015659.1_99	LWLN01000003.1_15	31.1	225	132	9	141	350	45	261	7.03e-21	86.7
NC_015659.1_99	CP100004.1_2	29.7	202	112	8	142	327	35	222	2.84e-20	84.7
NC_015659.1_100	NC_015659.1_100	100	273	0	0	1	273	1	273	1.44e-216	584
NC_015659.1_100	NC_013748.1_11	64.7	269	86	4	8	271	3	267	1.49e-130	367
NC_015659.1_100	CP095494.1_36	57.9	273	106	7	6	271	2	272	1.40e-110	316
NC_015659.1_100	CP019329.1_78	46.6	283	135	9	2	271	1	280	9.77e-86	253
NC_015659.1_100	FNFE01000011.1_21	46.0	287	134	11	6	273	1	285	1.74e-84	250
NC_015659.1_100	AOLZ01000012.1_21	43.9	271	142	5	8	270	2	270	5.74e-77	231
NC_015659.1_100	CP019286.1_48	43.9	271	142	5	8	270	2	270	5.74e-77	231
NC_015659.1_101	NC_015659.1_101	100	523	0	0	1	523	1	523	0.0	1011
NC_015659.1_101	CP095494.1_35	57.0	535	208	8	1	521	1	527	4.53e-194	548
NC_015659.1_101	AOLZ01000012.1_20	56.0	534	216	6	1	523	1	526	5.18e-185	525
NC_015659.1_101	CP019286.1_49	56.0	534	216	6	1	523	1	526	5.18e-185	525
NC_015659.1_101	NC_013748.1_10	53.3	527	220	9	1	512	1	516	5.21e-165	474
NC_015659.1_101	FNFE01000011.1_20	48.4	523	230	15	3	512	4	499	1.08e-138	406
NC_015659.1_101	CP019329.1_79	45.5	527	244	13	3	514	5	503	5.10e-126	374
NC_015659.1_101	AOIP01000022.1_22	35.6	511	296	11	3	502	6	494	4.74e-76	244
NC_015659.1_101	JAAOHU010000009.1_3	36.3	529	293	14	3	514	6	507	3.02e-73	237
NC_015659.1_101	CP084476.1_75	34.5	513	301	12	3	502	6	496	9.16e-71	231
NC_015659.1_101	JDTG01000019.1_82	33.6	515	307	11	3	502	8	502	1.90e-66	219
NC_015659.1_101	Eyresouth_NODE_101_length_48437_cov_7.17035_10	33.5	546	311	15	3	523	20	538	3.64e-64	214
NC_015659.1_101	KX687704.1_8	41.2	359	185	9	176	517	198	547	2.64e-61	206
NC_015659.1_101	KX906370.1_89	41.2	359	185	9	176	517	198	547	2.64e-61	206
NC_015659.1_101	CP119801.1_44	33.1	498	294	11	32	502	21	506	2.94e-60	203
NC_015659.1_101	LOAJ01000002.1_60	36.0	431	244	8	116	520	133	557	3.06e-59	201
NC_015659.1_101	CP099999.1_40	34.7	429	245	12	89	502	74	482	2.86e-52	181
NC_015659.1_101	Frome_NODE_383_length_24936_cov_4.316346_2	31.9	498	287	15	3	475	20	490	4.95e-51	178
NC_015659.1_101	AOJE01000051.1_48	43.9	244	131	3	275	514	15	256	3.79e-50	169
NC_015659.1_101	CP031299.1_9	42.6	265	134	5	220	474	3	259	2.65e-47	162
NC_015659.1_101	Gairdner_NODE_167_length_41210_cov_9.888325_31	35.7	378	209	10	163	514	169	538	3.49e-45	162
NC_015659.1_101	Gairdner_NODE_107_length_49922_cov_74.384603_13	32.5	501	287	19	1	476	3	477	6.15e-39	144
NC_015659.1_101	RJJW01000001.1_29	31.6	493	275	18	54	507	63	532	9.14e-37	139
NC_015659.1_101	Eyre_NODE_236_length_33155_cov_19.932_44	42.4	250	132	5	275	515	3	249	3.95e-35	128
NC_015659.1_101	CP100004.1_1	36.1	255	142	7	280	516	23	274	6.39e-29	111
NC_015659.1_102	NC_015659.1_102	100	1116	0	0	1	1116	1	1116	0.0	2198
NC_015659.1_102	NC_013748.1_9	49.9	1145	514	22	10	1112	8	1134	0.0	1006
NC_015659.1_102	FNFE01000011.1_19	49.1	1108	520	24	22	1111	26	1107	0.0	985
NC_015659.1_102	CP019329.1_80	44.6	1150	556	27	17	1111	22	1145	2.21e-303	873
NC_015659.1_102	AOIO01000049.1_89	42.4	1103	561	28	6	1083	4	1057	3.11e-255	747
NC_015659.1_102	CP095494.1_34	45.3	847	430	16	276	1111	257	1081	1.16e-239	707
NC_015659.1_102	AOIP01000022.1_21	45.0	851	437	16	276	1112	379	1212	1.83e-228	682
NC_015659.1_102	CP095494.1_33	44.3	851	435	15	276	1112	371	1196	5.46e-222	665
NC_015659.1_102	JDTG01000019.1_67	41.4	875	454	17	273	1113	451	1300	2.28e-204	622
NC_015659.1_102	CP119801.1_45	41.4	852	459	19	276	1112	207	1033	1.06e-196	594
NC_015659.1_102	JDTG01000019.1_81	39.5	868	479	18	276	1112	375	1227	5.15e-184	566
NC_015659.1_102	CP084476.1_77	38.7	868	464	21	274	1110	46	876	4.03e-169	517
NC_015659.1_102	AOLZ01000012.1_19	38.4	877	483	28	274	1116	377	1230	9.37e-154	486
NC_015659.1_102	CP019286.1_50	38.4	877	483	28	274	1116	377	1230	9.37e-154	486
NC_015659.1_102	JAAOHU010000009.1_4	35.6	817	483	17	275	1079	413	1198	2.95e-147	469
NC_015659.1_102	CP101158.1_74	33.1	841	490	26	259	1059	352	1159	6.66e-116	384
NC_015659.1_102	CP099999.1_41	32.3	851	510	24	273	1085	344	1166	2.71e-113	376
NC_015659.1_102	LWLN01000003.1_13	31.9	799	473	31	314	1082	375	1132	2.81e-85	296
NC_015659.1_102	LOAJ01000002.1_61	30.4	891	508	31	271	1085	533	1387	2.12e-82	290
NC_015659.1_102	KX687704.1_7	29.6	883	522	29	279	1092	506	1357	1.75e-72	259
NC_015659.1_102	KX906370.1_88	29.6	883	522	29	279	1092	506	1357	1.75e-72	259
NC_015659.1_102	CP100004.1_3	27.7	812	523	25	288	1063	497	1280	1.92e-69	250
NC_015659.1_102	SRIF01000015.1_79	28.4	862	525	27	258	1055	332	1165	3.25e-68	246
NC_015659.1_102	AOJE01000051.1_50	27.3	885	537	31	279	1092	398	1247	3.31e-61	224
NC_015659.1_102	JAJCVI010000002.1_557	26.1	893	536	33	272	1092	516	1356	1.24e-60	223
NC_015659.1_103	NC_015659.1_103	100	220	0	0	1	220	1	220	2.36e-166	453
NC_015659.1_103	CP019329.1_81	45.7	197	103	4	12	208	14	206	8.79e-49	155
NC_015659.1_103	CP119801.1_46	41.7	218	101	7	1	211	1	199	1.48e-40	133
