QKNW01000002.1_3	QKNW01000002.1_3	100	387	0	0	1	387	1	387	1.12e-282	761
QKNW01000002.1_4	QKNW01000002.1_4	100	228	0	0	1	228	1	228	4.07e-171	466
QKNW01000002.1_5	QKNW01000002.1_5	100	94	0	0	1	94	1	94	5.32e-66	189
QKNW01000002.1_6	QKNW01000002.1_6	100	709	0	0	1	709	1	709	0.0	1412
QKNW01000002.1_6	WSZK01000033.1_46	47.5	724	350	10	6	707	5	720	4.92e-215	616
QKNW01000002.1_7	QKNW01000002.1_7	100	333	0	0	1	333	1	333	2.27e-241	652
QKNW01000002.1_7	WSZK01000033.1_43	43.4	332	186	2	1	330	1	332	2.22e-89	267
QKNW01000002.1_7	FNFE01000011.1_12	42.8	332	188	2	1	330	1	332	5.80e-86	259
QKNW01000002.1_7	CP101158.1_68	39.7	335	195	3	1	332	1	331	7.75e-78	238
QKNW01000002.1_7	CP119801.1_56	35.8	341	209	3	1	332	1	340	5.95e-67	210
QKNW01000002.1_7	Gairdner_NODE_167_length_41210_cov_9.888325_13	38.8	330	196	3	1	328	6	331	3.52e-65	205
QKNW01000002.1_7	JAJCVI010000002.1_546	35.8	332	205	3	1	328	1	328	1.15e-62	198
QKNW01000002.1_7	QKNW01000002.1_46	36.1	332	204	6	1	328	1	328	4.22e-62	197
QKNW01000002.1_7	SRIF01000015.1_87	35.0	329	212	2	1	328	1	328	2.42e-57	184
QKNW01000002.1_7	CP099999.1_48	33.9	333	214	4	1	328	1	332	6.96e-49	163
QKNW01000002.1_7	CP101158.1_61	32.2	323	213	4	1	318	33	354	1.91e-43	149
QKNW01000002.1_7	AOLZ01000012.1_11	30.5	325	220	5	1	321	1	323	1.90e-41	143
QKNW01000002.1_7	CP019286.1_59	30.5	325	220	5	1	321	1	323	1.90e-41	143
QKNW01000002.1_7	LOAJ01000002.1_39	25.9	343	215	10	17	323	32	371	7.30e-18	79.3
QKNW01000002.1_8	QKNW01000002.1_8	100	99	0	0	1	99	1	99	1.73e-71	203
QKNW01000002.1_9	QKNW01000002.1_9	100	288	0	0	1	288	1	288	1.81e-213	578
QKNW01000002.1_10	QKNW01000002.1_10	100	408	0	0	1	408	1	408	1.29e-294	793
QKNW01000002.1_11	QKNW01000002.1_11	100	178	0	0	1	178	1	178	4.75e-134	368
QKNW01000002.1_12	QKNW01000002.1_12	100	172	0	0	1	172	1	172	1.00e-123	341
QKNW01000002.1_13	QKNW01000002.1_13	100	162	0	0	1	162	1	162	1.51e-120	332
QKNW01000002.1_14	QKNW01000002.1_14	100	197	0	0	1	197	1	197	1.27e-136	376
QKNW01000002.1_15	QKNW01000002.1_15	100	267	0	0	1	267	1	267	8.67e-181	493
QKNW01000002.1_16	QKNW01000002.1_16	100	143	0	0	1	143	1	143	1.64e-99	278
QKNW01000002.1_16	AOJE01000051.1_9	42.5	120	66	2	4	121	3	121	1.08e-21	80.9
QKNW01000002.1_16	KX906370.1_115	41.7	120	67	2	4	121	3	121	1.82e-20	77.8
QKNW01000002.1_17	QKNW01000002.1_17	100	557	0	0	1	557	1	557	0.0	1077
QKNW01000002.1_17	CP100004.1_27	42.2	547	282	7	11	554	3	518	2.57e-131	389
QKNW01000002.1_17	WSZK01000033.1_18	40.3	548	290	8	14	554	7	524	4.52e-125	373
QKNW01000002.1_17	Eyre_NODE_236_length_33155_cov_19.932_24	37.0	552	312	9	14	554	17	543	7.05e-112	340
QKNW01000002.1_17	Frome_NODE_383_length_24936_cov_4.316346_22	36.4	552	315	9	14	554	17	543	1.05e-107	329
QKNW01000002.1_17	Eyresouth_NODE_101_length_48437_cov_7.17035_30	36.2	552	316	9	14	554	17	543	2.93e-107	328
QKNW01000002.1_17	AOJE01000051.1_18	35.4	545	317	8	14	554	13	526	7.76e-104	319
QKNW01000002.1_17	CP101158.1_95	36.1	546	317	5	11	554	9	524	1.04e-103	318
QKNW01000002.1_17	LOAJ01000002.1_40	35.4	548	317	9	14	556	14	529	1.09e-103	318
QKNW01000002.1_17	KX906370.1_109	35.0	545	319	8	14	554	13	526	6.05e-103	317
QKNW01000002.1_17	KX687704.1_28	34.5	545	322	8	14	554	13	526	1.32e-101	313
QKNW01000002.1_17	NC_013748.1_31	25.7	518	324	15	47	552	28	496	7.97e-29	115
QKNW01000002.1_17	CP119801.1_24	26.4	421	265	12	21	424	8	400	7.38e-28	112
QKNW01000002.1_17	CP031299.1_30	26.3	525	308	16	47	550	26	492	1.52e-27	111
QKNW01000002.1_17	JDTG01000019.1_103	26.3	525	308	16	47	550	26	492	1.52e-27	111
QKNW01000002.1_17	AOIP01000022.1_38	27.5	375	226	11	47	411	29	367	6.51e-25	103
QKNW01000002.1_17	AOIO01000049.1_114	31.6	117	65	4	47	162	29	131	4.28e-07	45.8
QKNW01000002.1_18	QKNW01000002.1_18	100	401	0	0	1	401	1	401	2.74e-132	381
QKNW01000002.1_19	QKNW01000002.1_19	100	238	0	0	1	238	1	238	2.25e-173	472
QKNW01000002.1_20	QKNW01000002.1_20	100	860	0	0	1	860	1	860	0.0	1712
QKNW01000002.1_20	Eyre_NODE_236_length_33155_cov_19.932_26	49.8	819	386	14	44	856	27	826	1.94e-253	724
QKNW01000002.1_20	Frome_NODE_383_length_24936_cov_4.316346_20	49.8	819	386	14	44	856	27	826	3.13e-252	721
QKNW01000002.1_20	Eyresouth_NODE_101_length_48437_cov_7.17035_28	49.7	819	387	14	44	856	27	826	2.51e-251	718
QKNW01000002.1_20	CP100004.1_22	46.4	821	399	16	41	854	4	790	4.95e-234	673
QKNW01000002.1_20	WSZK01000033.1_21	45.8	837	410	16	31	856	3	806	7.61e-223	645
QKNW01000002.1_20	RJJW01000001.1_46	44.8	825	418	18	44	856	10	809	1.07e-220	639
QKNW01000002.1_20	AOIO01000049.1_112	45.5	813	399	19	45	850	9	784	1.28e-216	628
QKNW01000002.1_20	NC_013748.1_29	45.2	807	398	17	45	847	9	775	1.19e-215	625
QKNW01000002.1_20	CP031299.1_28	45.5	809	397	19	45	847	9	779	1.91e-215	625
QKNW01000002.1_20	JDTG01000019.1_101	45.5	809	397	19	45	847	9	779	1.91e-215	625
QKNW01000002.1_20	NC_015659.1_84	45.8	797	393	16	55	847	18	779	2.70e-215	625
QKNW01000002.1_20	AOIP01000022.1_36	45.2	814	400	20	45	850	9	784	3.66e-213	619
QKNW01000002.1_20	CP095494.1_52	44.2	837	414	18	40	856	12	815	5.69e-211	615
QKNW01000002.1_20	CP019329.1_57	43.6	832	421	17	40	854	15	815	4.67e-210	612
QKNW01000002.1_20	CP119801.1_26	41.8	843	442	17	34	858	3	814	3.27e-200	587
QKNW01000002.1_20	SRIF01000015.1_56	43.8	728	372	14	150	858	106	815	2.38e-191	564
QKNW01000002.1_20	LWLN01000003.1_29	40.1	835	450	19	40	858	29	829	6.94e-185	548
QKNW01000002.1_20	AOLZ01000012.1_35	40.0	835	455	19	40	860	25	827	1.22e-184	547
QKNW01000002.1_20	CP019286.1_34	40.0	835	455	19	40	860	25	827	1.22e-184	547
QKNW01000002.1_20	SJER01000008.1_144	39.7	839	449	20	41	860	16	816	2.72e-173	518
QKNW01000002.1_20	CP084476.1_52	40.4	827	443	17	44	856	8	798	7.09e-173	516
QKNW01000002.1_20	BBJN01000020.1_48	37.3	825	464	19	41	851	5	790	3.13e-157	475
QKNW01000002.1_20	FOXI01000018.1_35	36.8	819	470	18	41	851	5	783	8.53e-155	469
QKNW01000002.1_20	JAANTI010000009.1_19	36.8	819	470	18	41	851	5	783	8.53e-155	469
QKNW01000002.1_21	QKNW01000002.1_21	100	677	0	0	1	677	1	677	0.0	1277
QKNW01000002.1_21	RJJW01000001.1_45	29.2	650	387	14	43	658	46	656	8.46e-57	200
QKNW01000002.1_21	FOXI01000018.1_39	29.6	284	173	10	369	638	220	490	1.42e-22	97.4
QKNW01000002.1_21	JAANTI010000009.1_16	29.6	284	173	10	369	638	220	490	1.42e-22	97.4
QKNW01000002.1_21	Gairdner_NODE_107_length_49922_cov_74.384603_29	27.9	301	189	11	365	650	263	550	1.91e-19	87.8
QKNW01000002.1_21	BBJN01000020.1_46	27.3	249	159	8	369	605	219	457	8.96e-16	76.3
QKNW01000002.1_21	WSZK01000033.1_22	29.7	236	137	8	418	638	291	512	1.01e-14	72.8
QKNW01000002.1_22	QKNW01000002.1_22	100	458	0	0	1	458	1	458	1.10e-309	835
QKNW01000002.1_22	RJJW01000001.1_44	34.4	424	264	6	44	458	58	476	1.01e-69	225
QKNW01000002.1_22	Eyre_NODE_236_length_33155_cov_19.932_28	33.1	393	227	8	49	435	70	432	9.33e-56	187
QKNW01000002.1_22	Eyresouth_NODE_101_length_48437_cov_7.17035_26	32.1	396	233	8	46	435	66	431	2.61e-53	181
QKNW01000002.1_22	Frome_NODE_383_length_24936_cov_4.316346_18	31.6	396	235	8	46	435	66	431	9.86e-53	179
QKNW01000002.1_22	NC_013748.1_27	30.4	441	229	13	33	458	42	419	1.29e-42	151
QKNW01000002.1_22	NC_015659.1_86	30.3	445	237	12	28	458	34	419	2.42e-41	148
QKNW01000002.1_22	CP084476.1_54	29.0	420	234	9	49	458	55	420	1.73e-40	145
QKNW01000002.1_22	CP099999.1_28	30.8	351	212	8	49	394	51	375	3.67e-40	145
QKNW01000002.1_22	AOIO01000049.1_110	29.2	418	225	11	54	458	54	413	2.03e-39	142
QKNW01000002.1_22	AOIP01000022.1_34	29.2	418	225	11	54	458	54	413	2.03e-39	142
QKNW01000002.1_22	JAJCVI010000002.1_569	26.5	388	240	8	50	432	67	414	1.84e-35	132
QKNW01000002.1_22	LOAJ01000002.1_46	25.8	411	266	7	27	433	50	425	1.08e-34	130
QKNW01000002.1_22	CP095494.1_50	30.3	389	210	13	29	392	24	376	1.45e-34	130
QKNW01000002.1_22	AOLZ01000012.1_33	31.7	325	206	7	29	344	29	346	2.58e-34	129
QKNW01000002.1_22	CP019286.1_36	31.7	325	206	7	29	344	29	346	2.58e-34	129
QKNW01000002.1_22	CP119801.1_29	30.2	387	210	14	27	392	37	384	4.08e-34	129
QKNW01000002.1_22	CP101158.1_90	32.3	266	177	3	54	316	81	346	5.72e-34	128
QKNW01000002.1_22	CP100004.1_17	26.4	375	237	6	49	420	52	390	5.79e-34	127
QKNW01000002.1_22	SRIF01000015.1_59	29.3	423	254	9	49	451	57	454	6.10e-34	128
QKNW01000002.1_22	KX687704.1_24	29.2	318	207	6	40	341	55	370	7.96e-32	122
QKNW01000002.1_22	KX906370.1_105	29.5	298	199	5	53	341	75	370	3.80e-31	120
QKNW01000002.1_22	SJER01000008.1_142	27.9	401	230	12	57	437	102	463	4.78e-30	117
QKNW01000002.1_22	CP101161.1_3067	25.6	375	236	8	62	432	1	336	1.12e-29	114
QKNW01000002.1_22	JAAOHU010000009.1_56	27.8	284	200	4	48	327	72	354	6.98e-28	111
QKNW01000002.1_23	QKNW01000002.1_23	100	363	0	0	1	363	1	363	1.23e-251	681
QKNW01000002.1_24	QKNW01000002.1_24	100	240	0	0	1	240	1	240	4.54e-174	474
QKNW01000002.1_24	RJJW01000001.1_42	41.6	161	90	3	23	183	26	182	3.20e-36	123
QKNW01000002.1_24	FOXI01000018.1_43	35.0	160	84	8	20	168	19	169	5.49e-15	67.0
QKNW01000002.1_24	JAANTI010000009.1_12	35.0	160	84	8	20	168	19	169	5.49e-15	67.0
QKNW01000002.1_24	BBJN01000020.1_43	35.0	177	92	10	20	183	19	185	1.47e-14	65.9
QKNW01000002.1_25	QKNW01000002.1_25	100	123	0	0	1	123	1	123	3.96e-86	242
QKNW01000002.1_26	QKNW01000002.1_26	100	94	0	0	1	94	1	94	3.47e-62	179
QKNW01000002.1_27	QKNW01000002.1_27	100	83	0	0	1	83	1	83	1.33e-27	91.7
QKNW01000002.1_28	QKNW01000002.1_28	100	311	0	0	1	311	1	311	3.14e-221	599
QKNW01000002.1_28	Eyre_NODE_236_length_33155_cov_19.932_34	43.0	270	146	5	23	290	39	302	1.12e-65	204
QKNW01000002.1_28	RJJW01000001.1_38	38.1	268	158	4	27	293	40	300	1.33e-65	204
QKNW01000002.1_28	Eyresouth_NODE_101_length_48437_cov_7.17035_20	42.9	261	141	5	32	290	52	306	5.57e-64	200
QKNW01000002.1_28	Frome_NODE_383_length_24936_cov_4.316346_12	42.5	261	142	5	32	290	52	306	7.87e-64	200
QKNW01000002.1_28	NC_013748.1_21	38.0	274	147	9	26	289	35	295	2.14e-49	163
QKNW01000002.1_28	FNFE01000011.1_30	32.9	298	186	9	2	294	100	388	8.75e-43	147
QKNW01000002.1_28	CP101161.1_3061	37.1	259	150	8	30	286	25	272	3.33e-42	143
QKNW01000002.1_28	JAJCVI010000007.1_22	30.7	296	182	9	2	281	121	409	1.34e-32	121
QKNW01000002.1_29	QKNW01000002.1_29	100	126	0	0	1	126	1	126	9.61e-84	236
QKNW01000002.1_30	QKNW01000002.1_30	100	98	0	0	1	98	1	98	4.61e-71	202
QKNW01000002.1_31	QKNW01000002.1_31	100	77	0	0	1	77	1	77	1.60e-48	144
QKNW01000002.1_32	QKNW01000002.1_32	100	215	0	0	1	215	1	215	7.40e-138	380
QKNW01000002.1_32	CP100004.1_6	33.5	179	107	7	13	189	14	182	2.36e-15	67.8
QKNW01000002.1_33	QKNW01000002.1_33	100	70	0	0	1	70	1	70	3.70e-44	132
QKNW01000002.1_34	QKNW01000002.1_34	100	99	0	0	1	99	1	99	2.88e-70	200
QKNW01000002.1_34	CP101158.1_78	43.9	82	46	0	9	90	4	85	7.39e-23	80.5
QKNW01000002.1_34	Eyre_NODE_236_length_33155_cov_19.932_38	39.7	78	46	1	9	86	6	82	5.39e-15	60.5
QKNW01000002.1_34	Eyresouth_NODE_101_length_48437_cov_7.17035_16	37.2	78	48	1	9	86	6	82	4.33e-14	58.2
QKNW01000002.1_34	Frome_NODE_383_length_24936_cov_4.316346_8	37.2	78	48	1	9	86	6	82	4.33e-14	58.2
QKNW01000002.1_34	CP100004.1_5	36.5	52	29	1	36	87	33	80	7.04e-06	37.0
QKNW01000002.1_35	QKNW01000002.1_35	100	345	0	0	1	345	1	345	3.82e-230	625
QKNW01000002.1_35	Frome_NODE_383_length_24936_cov_4.316346_7	31.4	344	208	11	4	336	14	340	2.89e-31	116
QKNW01000002.1_35	CP100004.1_4	26.8	313	199	9	2	304	16	308	1.44e-16	75.1
QKNW01000002.1_35	BBJN01000020.1_35	28.6	339	185	18	30	341	42	350	1.76e-07	47.8
QKNW01000002.1_35	SRIF01000015.1_74	27.7	130	83	6	1	124	12	136	2.81e-04	37.7
QKNW01000002.1_36	QKNW01000002.1_36	100	95	0	0	1	95	1	95	1.46e-68	196
QKNW01000002.1_36	KX906370.1_121	40.5	79	45	1	5	83	4	80	4.78e-18	68.9
QKNW01000002.1_37	QKNW01000002.1_37	100	94	0	0	1	94	1	94	2.01e-61	177
QKNW01000002.1_38	QKNW01000002.1_38	100	219	0	0	1	219	1	219	4.52e-150	412
QKNW01000002.1_39	QKNW01000002.1_39	100	268	0	0	1	268	1	268	2.56e-203	550
QKNW01000002.1_39	FOXI01000018.1_53	41.8	237	127	7	4	235	3	233	2.07e-53	169
QKNW01000002.1_39	JAANTI010000009.1_2	41.8	237	127	7	4	235	3	233	2.07e-53	169
QKNW01000002.1_39	BBJN01000020.1_34	41.6	250	126	9	3	237	4	248	4.10e-45	148
QKNW01000002.1_39	CP100004.1_2	40.4	255	120	13	4	235	6	251	4.77e-44	145
QKNW01000002.1_39	LWLN01000003.1_15	36.1	233	124	10	22	235	35	261	1.62e-30	110
QKNW01000002.1_40	QKNW01000002.1_40	100	543	0	0	1	543	1	543	0.0	969
QKNW01000002.1_40	FOXI01000018.1_54	35.4	520	296	12	44	538	27	531	2.62e-65	217
QKNW01000002.1_40	BBJN01000020.1_33	37.2	521	276	17	34	538	48	533	1.44e-64	215
QKNW01000002.1_40	JAJCVI010000007.1_14	35.7	540	304	17	13	530	19	537	1.16e-61	207
QKNW01000002.1_40	JAANTI010000009.1_1	36.8	438	252	9	112	538	38	461	1.26e-58	197
QKNW01000002.1_40	AOIP01000022.1_22	35.4	505	285	20	38	525	24	504	1.33e-52	182
QKNW01000002.1_40	LWLN01000003.1_14	32.1	555	335	15	1	529	1	539	2.80e-52	182
QKNW01000002.1_40	CP101158.1_75	35.3	499	278	20	60	536	57	532	2.97e-47	168
QKNW01000002.1_40	AOIR01000042.1_44	34.2	489	268	17	49	517	91	545	3.77e-45	163
QKNW01000002.1_40	JAJCVI010000002.1_558	33.1	541	301	23	18	534	22	525	7.71e-44	159
QKNW01000002.1_40	CP101161.1_3056	31.5	505	302	16	49	539	51	525	2.01e-42	155
QKNW01000002.1_40	CP100004.1_1	46.9	256	126	8	265	516	7	256	6.78e-42	147
QKNW01000002.1_40	AOJE01000025.1_28	30.6	509	295	19	9	506	7	468	1.76e-39	146
QKNW01000002.1_40	AOIO01000049.1_91	38.1	286	165	8	247	526	515	794	1.51e-33	131
QKNW01000002.1_40	WSZK01000033.1_35	30.7	554	309	24	17	538	21	531	1.70e-32	126
QKNW01000002.1_40	NC_013748.1_10	30.6	543	309	21	15	523	6	514	1.53e-28	114
QKNW01000002.1_41	QKNW01000002.1_41	100	1430	0	0	1	1430	1	1430	0.0	2724
QKNW01000002.1_41	WSZK01000033.1_36	30.5	865	535	26	580	1419	193	1016	1.50e-91	316
QKNW01000002.1_41	CP100004.1_3	30.0	862	517	26	592	1416	497	1309	7.80e-79	281
QKNW01000002.1_41	JAJCVI010000002.1_557	26.7	857	530	23	573	1378	513	1322	2.16e-57	214
QKNW01000002.1_41	CP095494.1_34	25.6	876	573	32	578	1423	255	1081	9.85e-48	182
QKNW01000002.1_41	JDTG01000019.1_81	26.6	858	529	31	580	1384	375	1184	3.78e-44	171
QKNW01000002.1_41	CP119801.1_45	24.4	886	570	27	580	1423	207	1034	4.49e-41	160
QKNW01000002.1_41	CP099999.1_41	23.8	819	515	28	577	1343	344	1105	3.58e-39	154
QKNW01000002.1_41	Gairdner_NODE_107_length_49922_cov_74.384603_12	24.4	1518	910	57	10	1419	13	1401	3.76e-38	151
QKNW01000002.1_42	QKNW01000002.1_42	100	193	0	0	1	193	1	193	1.49e-133	368
QKNW01000002.1_43	QKNW01000002.1_43	100	138	0	0	1	138	1	138	7.89e-91	255
QKNW01000002.1_43	QKNW01000002.1_44	68.3	145	36	3	1	137	1	143	2.07e-53	161
QKNW01000002.1_43	SRIF01000015.1_82	44.8	163	64	3	1	137	1	163	1.74e-31	106
QKNW01000002.1_43	JAJCVI010000002.1_549	45.7	140	66	5	1	135	1	135	5.30e-27	94.0
QKNW01000002.1_43	JAJCVI010000002.1_548	46.2	130	63	3	1	130	1	123	4.98e-26	91.3
QKNW01000002.1_43	WSZK01000033.1_39	45.9	146	51	5	9	135	37	173	5.89e-26	92.4
QKNW01000002.1_43	BBJN01000020.1_30	48.0	100	50	1	6	105	8	105	3.52e-22	81.6
QKNW01000002.1_43	Gairdner_NODE_107_length_49922_cov_74.384603_9	49.2	124	44	4	1	105	1	124	5.54e-21	80.1
QKNW01000002.1_43	BBJN01000020.1_29	48.2	114	56	3	8	118	8	121	1.17e-20	77.8
QKNW01000002.1_43	JAJCVI010000002.1_550	38.1	155	67	4	1	135	1	146	1.45e-20	77.8
QKNW01000002.1_43	BBJN01000020.1_27	52.3	88	33	2	6	84	8	95	1.33e-18	73.6
QKNW01000002.1_43	Gairdner_NODE_107_length_49922_cov_74.384603_10	67.2	64	14	3	22	78	1	64	2.11e-16	67.0
QKNW01000002.1_43	SJER01000008.1_123	40.5	131	45	4	7	125	8	117	3.88e-16	65.9
QKNW01000002.1_43	WSZK01000033.1_40	50.5	91	33	2	9	87	10	100	6.40e-16	66.6
QKNW01000002.1_43	SJER01000008.1_122	66.7	57	17	1	9	65	10	64	6.46e-13	57.8
QKNW01000002.1_43	JDTG01000019.1_71	42.0	131	67	5	8	136	14	137	8.55e-13	57.4
QKNW01000002.1_43	SJER01000008.1_124	63.2	57	19	1	1	55	1	57	1.35e-12	56.6
QKNW01000002.1_43	LWLN01000003.1_3	62.1	58	20	1	8	65	14	69	3.20e-12	56.2
QKNW01000002.1_43	CP101158.1_69	65.4	52	18	0	10	61	13	64	6.04e-12	55.5
QKNW01000002.1_43	CP095494.1_28	70.7	41	12	0	8	48	13	53	1.52e-10	51.6
QKNW01000002.1_43	LWLN01000003.1_2	77.1	35	8	0	8	42	14	48	2.03e-09	48.9
QKNW01000002.1_43	JAJCVI010000002.1_551	31.1	135	67	6	22	132	1	133	5.15e-08	44.7
QKNW01000002.1_43	NC_013748.1_2	34.4	96	61	1	9	104	15	108	2.44e-05	37.7
QKNW01000002.1_43	AOIP01000022.1_17	35.6	87	48	3	8	86	13	99	5.90e-04	33.9
QKNW01000002.1_44	QKNW01000002.1_44	100	145	0	0	1	145	1	145	1.02e-94	266
QKNW01000002.1_44	QKNW01000002.1_43	68.8	144	35	3	1	142	1	136	1.54e-53	161
QKNW01000002.1_44	SRIF01000015.1_82	45.7	162	68	2	1	142	1	162	8.61e-34	112
QKNW01000002.1_44	Gairdner_NODE_107_length_49922_cov_74.384603_9	62.1	87	28	2	1	82	1	87	1.07e-23	87.4
QKNW01000002.1_44	JAJCVI010000002.1_548	42.6	136	65	2	1	136	1	123	2.27e-23	84.7
QKNW01000002.1_44	JAJCVI010000002.1_549	39.7	136	76	2	1	136	1	130	1.08e-22	83.2
QKNW01000002.1_44	WSZK01000033.1_39	43.8	144	72	5	2	138	29	170	1.43e-22	84.0
QKNW01000002.1_44	BBJN01000020.1_30	40.8	142	64	4	2	143	4	125	2.21e-22	82.4
QKNW01000002.1_44	BBJN01000020.1_29	56.0	84	36	1	1	84	1	83	4.63e-22	81.6
QKNW01000002.1_44	BBJN01000020.1_27	55.1	89	33	3	2	83	4	92	2.57e-21	80.9
QKNW01000002.1_44	JAJCVI010000002.1_550	41.0	156	59	6	1	137	1	142	2.54e-20	77.4
QKNW01000002.1_44	Gairdner_NODE_107_length_49922_cov_74.384603_10	45.1	144	50	6	22	137	1	143	3.58e-20	77.0
QKNW01000002.1_44	WSZK01000033.1_40	48.4	93	37	2	1	82	1	93	7.45e-17	69.3
QKNW01000002.1_44	JDTG01000019.1_71	59.7	77	25	3	8	82	14	86	6.41e-15	63.2
QKNW01000002.1_44	SJER01000008.1_124	66.7	57	17	1	1	55	1	57	1.97e-14	61.6
QKNW01000002.1_44	SJER01000008.1_123	45.8	107	53	2	7	113	8	109	2.17e-13	58.9
QKNW01000002.1_44	LWLN01000003.1_3	59.4	64	24	1	8	71	14	75	3.84e-12	56.2
QKNW01000002.1_44	SJER01000008.1_122	64.3	56	19	1	1	55	1	56	4.18e-12	55.8
QKNW01000002.1_44	CP095494.1_28	43.0	114	46	4	8	120	13	108	6.63e-11	52.8
QKNW01000002.1_44	CP101158.1_69	40.6	143	63	6	10	138	13	147	2.80e-10	51.2
QKNW01000002.1_44	LWLN01000003.1_2	77.1	35	8	0	8	42	14	48	2.39e-09	48.9
QKNW01000002.1_44	JAJCVI010000002.1_551	39.4	66	35	2	22	82	1	66	2.15e-06	40.4
QKNW01000002.1_44	NC_013748.1_2	55.6	36	16	0	9	44	15	50	3.35e-04	34.7
QKNW01000002.1_44	AOIP01000022.1_17	35.6	90	51	4	1	83	5	94	9.01e-04	33.5
QKNW01000002.1_45	QKNW01000002.1_45	100	279	0	0	1	279	1	279	1.49e-212	575
QKNW01000002.1_45	NC_013748.1_3	34.7	259	161	6	9	267	9	259	5.46e-41	138
QKNW01000002.1_45	JAJCVI010000002.1_547	31.0	274	167	7	12	268	10	278	4.45e-40	136
QKNW01000002.1_46	QKNW01000002.1_46	100	345	0	0	1	345	1	345	1.68e-249	674
QKNW01000002.1_46	QKNW01000002.1_7	36.1	332	204	6	1	328	1	328	1.41e-63	201
QKNW01000002.1_46	Gairdner_NODE_167_length_41210_cov_9.888325_13	32.9	328	218	2	1	328	6	331	6.49e-59	189
QKNW01000002.1_47	QKNW01000002.1_47	100	99	0	0	1	99	1	99	2.88e-70	200
QKNW01000002.1_48	QKNW01000002.1_48	100	61	0	0	1	61	1	61	6.42e-41	123
QKNW01000002.1_49	QKNW01000002.1_49	100	200	0	0	1	200	1	200	2.43e-131	363
QKNW01000002.1_50	QKNW01000002.1_50	100	70	0	0	1	70	1	70	9.74e-49	144
QKNW01000002.1_51	QKNW01000002.1_51	100	106	0	0	1	106	1	106	3.12e-75	213
QKNW01000002.1_52	QKNW01000002.1_52	100	123	0	0	1	123	1	123	1.23e-89	251
QKNW01000002.1_53	QKNW01000002.1_53	100	123	0	0	1	123	1	123	2.68e-84	238
QKNW01000002.1_54	QKNW01000002.1_54	100	298	0	0	1	298	1	298	5.67e-222	600
QKNW01000002.1_55	QKNW01000002.1_55	100	82	0	0	1	82	1	82	6.78e-50	147
