RJJW01000001.1_13	RJJW01000001.1_13	100	200	0	0	1	200	1	200	1.05e-150	412
RJJW01000001.1_14	RJJW01000001.1_14	100	659	0	0	1	659	1	659	0.0	1342
RJJW01000001.1_15	RJJW01000001.1_15	100	833	0	0	1	833	1	833	0.0	1553
RJJW01000001.1_15	RJJW01000001.1_21	27.6	760	448	17	69	786	123	822	7.67e-59	211
RJJW01000001.1_15	RJJW01000001.1_23	34.1	499	297	11	338	826	7	483	3.34e-57	200
RJJW01000001.1_16	RJJW01000001.1_16	100	62	0	0	1	62	1	62	7.51e-36	110
RJJW01000001.1_17	RJJW01000001.1_17	100	401	0	0	1	401	1	401	2.86e-267	723
RJJW01000001.1_18	RJJW01000001.1_18	100	386	0	0	1	386	1	386	8.71e-300	804
RJJW01000001.1_19	RJJW01000001.1_19	100	243	0	0	1	243	1	243	1.27e-161	443
RJJW01000001.1_20	RJJW01000001.1_20	100	312	0	0	1	312	1	312	4.82e-221	599
RJJW01000001.1_21	RJJW01000001.1_21	100	877	0	0	1	877	1	877	0.0	1658
RJJW01000001.1_21	RJJW01000001.1_23	34.6	529	293	9	357	870	7	497	4.58e-77	256
RJJW01000001.1_21	RJJW01000001.1_15	27.6	774	457	18	123	836	69	799	2.41e-59	213
RJJW01000001.1_22	RJJW01000001.1_22	100	141	0	0	1	141	1	141	1.41e-99	278
RJJW01000001.1_23	RJJW01000001.1_23	100	517	0	0	1	517	1	517	0.0	945
RJJW01000001.1_23	RJJW01000001.1_21	35.7	479	263	7	7	449	357	826	2.65e-76	253
RJJW01000001.1_23	RJJW01000001.1_15	35.5	482	279	12	7	466	338	809	5.34e-57	199
RJJW01000001.1_24	RJJW01000001.1_24	100	529	0	0	1	529	1	529	0.0	1041
RJJW01000001.1_25	RJJW01000001.1_25	100	265	0	0	1	265	1	265	1.16e-193	526
RJJW01000001.1_25	CP101161.1_3082	26.7	247	177	2	11	254	10	255	5.20e-18	77.0
RJJW01000001.1_26	RJJW01000001.1_26	100	80	0	0	1	80	1	80	2.58e-53	156
RJJW01000001.1_27	RJJW01000001.1_27	100	455	0	0	1	455	1	455	2.07e-320	862
RJJW01000001.1_28	RJJW01000001.1_28	100	363	0	0	1	363	1	363	3.91e-264	712
RJJW01000001.1_28	Gairdner_NODE_167_length_41210_cov_9.888325_32	28.7	352	234	10	4	345	1034	1378	1.40e-33	127
RJJW01000001.1_29	RJJW01000001.1_29	100	554	0	0	1	554	1	554	0.0	1066
RJJW01000001.1_29	LWLN01000003.1_14	47.5	530	254	12	24	543	26	541	2.72e-136	403
RJJW01000001.1_29	CP101161.1_3056	35.6	539	301	14	10	536	6	510	3.87e-79	254
RJJW01000001.1_29	JAJCVI010000002.1_558	35.0	548	313	18	1	535	1	518	1.52e-66	221
RJJW01000001.1_29	AOJE01000025.1_28	33.9	466	255	12	48	506	37	456	3.54e-62	208
RJJW01000001.1_29	JAJCVI010000007.1_14	33.8	468	265	15	64	508	58	503	6.15e-50	176
RJJW01000001.1_29	FNFE01000011.1_20	31.8	503	272	20	54	535	45	497	1.69e-44	160
RJJW01000001.1_29	AOLZ01000012.1_20	31.6	503	287	17	64	543	53	521	7.35e-42	153
RJJW01000001.1_29	CP019286.1_49	31.6	503	287	17	64	543	53	521	7.35e-42	153
RJJW01000001.1_29	CP099999.1_40	31.3	479	267	18	49	509	30	464	1.95e-41	152
RJJW01000001.1_29	JAAOHU010000009.1_3	31.0	522	294	21	41	539	29	507	2.25e-41	152
RJJW01000001.1_29	AOIP01000022.1_22	30.7	482	282	19	45	509	30	476	6.88e-40	147
RJJW01000001.1_29	KX687704.1_8	31.0	509	291	21	63	543	72	548	2.06e-39	147
RJJW01000001.1_29	KX906370.1_89	31.0	509	291	21	63	543	72	548	2.06e-39	147
RJJW01000001.1_29	CP019329.1_79	30.4	507	277	23	57	539	49	503	9.99e-39	144
RJJW01000001.1_29	SJER01000008.1_128	30.9	469	250	19	79	507	63	497	3.04e-38	143
RJJW01000001.1_29	NC_015659.1_101	31.7	496	277	18	63	535	54	510	6.12e-36	136
RJJW01000001.1_29	CP119801.1_44	31.3	450	248	20	45	469	35	448	1.55e-35	135
RJJW01000001.1_29	Eyresouth_NODE_101_length_48437_cov_7.17035_10	29.1	553	328	20	15	544	23	534	2.05e-34	132
RJJW01000001.1_29	CP101158.1_75	28.5	485	292	15	48	509	41	493	3.04e-33	129
RJJW01000001.1_29	CP100004.1_1	38.2	241	134	7	275	507	2	235	8.09e-32	120
RJJW01000001.1_29	Frome_NODE_383_length_24936_cov_4.316346_2	29.7	509	294	20	15	500	23	490	1.68e-30	120
RJJW01000001.1_30	RJJW01000001.1_30	100	279	0	0	1	279	1	279	1.01e-210	570
RJJW01000001.1_30	LWLN01000003.1_15	43.5	260	139	3	21	275	8	264	3.00e-69	211
RJJW01000001.1_30	AOIR01000042.1_45	31.3	249	152	7	25	264	20	258	8.24e-33	117
RJJW01000001.1_31	RJJW01000001.1_31	100	254	0	0	1	254	1	254	3.91e-191	518
RJJW01000001.1_32	RJJW01000001.1_32	100	342	0	0	1	342	1	342	8.30e-228	619
RJJW01000001.1_32	Eyre_NODE_236_length_33155_cov_19.932_39	38.9	334	192	8	2	327	3	332	5.38e-50	166
RJJW01000001.1_32	BBJN01000020.1_35	28.6	283	163	10	86	337	75	349	1.52e-14	69.3
RJJW01000001.1_32	AOJE01000025.1_30	35.5	121	71	4	8	126	13	128	5.08e-08	49.3
RJJW01000001.1_33	RJJW01000001.1_33	100	89	0	0	1	89	1	89	2.93e-63	182
RJJW01000001.1_33	CP101158.1_78	61.8	89	34	0	1	89	1	89	5.04e-37	115
RJJW01000001.1_34	RJJW01000001.1_34	100	222	0	0	1	222	1	222	3.43e-151	415
RJJW01000001.1_34	WSZK01000033.1_32	46.2	145	68	2	79	221	104	240	2.55e-29	105
RJJW01000001.1_34	CP101161.1_3059	30.5	233	119	8	2	213	3	213	1.63e-10	54.7
RJJW01000001.1_35	RJJW01000001.1_35	100	104	0	0	1	104	1	104	5.04e-71	202
RJJW01000001.1_36	RJJW01000001.1_36	100	206	0	0	1	206	1	206	1.49e-153	419
RJJW01000001.1_36	Gairdner_NODE_107_length_49922_cov_74.384603_19	36.1	122	77	1	85	206	57	177	2.64e-18	74.7
RJJW01000001.1_36	FOXI01000018.1_49	33.3	123	81	1	84	206	61	182	1.59e-16	70.1
RJJW01000001.1_36	JAANTI010000009.1_6	33.3	123	81	1	84	206	61	182	1.59e-16	70.1
RJJW01000001.1_36	BBJN01000020.1_37	33.3	123	81	1	84	206	61	182	2.21e-16	69.7
RJJW01000001.1_37	RJJW01000001.1_37	100	102	0	0	1	102	1	102	1.20e-68	196
RJJW01000001.1_38	RJJW01000001.1_38	100	315	0	0	1	315	1	315	2.89e-219	595
RJJW01000001.1_38	Frome_NODE_383_length_24936_cov_4.316346_12	39.3	295	173	5	9	297	13	307	1.59e-64	202
RJJW01000001.1_38	QKNW01000002.1_28	38.1	268	158	4	40	300	27	293	2.37e-63	199
RJJW01000001.1_38	Eyresouth_NODE_101_length_48437_cov_7.17035_20	39.8	256	151	3	45	297	52	307	1.40e-62	197
RJJW01000001.1_38	Eyre_NODE_236_length_33155_cov_19.932_34	37.8	299	168	5	9	297	13	303	2.50e-62	196
RJJW01000001.1_38	JAAOHU010000009.1_62	42.6	256	139	6	45	295	152	404	1.17e-61	198
RJJW01000001.1_38	BBJN01000020.1_39	41.2	296	159	6	10	299	6	292	2.71e-61	193
RJJW01000001.1_38	NC_013748.1_21	47.3	262	126	7	45	299	41	297	3.08e-61	194
RJJW01000001.1_38	CP095494.1_44	39.7	272	160	4	42	311	32	301	3.07e-59	188
RJJW01000001.1_38	CP031299.1_20	43.9	262	135	7	45	299	32	288	3.27e-58	186
RJJW01000001.1_38	JDTG01000019.1_93	43.9	262	135	7	45	299	32	288	3.27e-58	186
RJJW01000001.1_38	CP119801.1_35	37.9	277	167	5	36	310	28	301	3.50e-58	185
RJJW01000001.1_38	FOXI01000018.1_47	39.9	296	164	6	10	299	6	293	3.84e-58	185
RJJW01000001.1_38	JAANTI010000009.1_8	39.9	296	164	6	10	299	6	293	3.84e-58	185
RJJW01000001.1_38	CP084476.1_60	41.6	279	147	7	42	314	28	296	1.19e-57	184
RJJW01000001.1_38	AOIP01000022.1_28	43.1	276	138	8	45	313	33	296	2.43e-57	183
RJJW01000001.1_38	AOIO01000049.1_99	42.8	276	139	8	45	313	34	297	4.95e-57	182
RJJW01000001.1_38	SJER01000008.1_136	37.9	298	172	6	4	297	120	408	3.78e-55	181
RJJW01000001.1_38	Gairdner_NODE_107_length_49922_cov_74.384603_21	40.6	251	144	4	45	292	37	285	3.05e-54	175
RJJW01000001.1_38	NC_015659.1_92	41.2	289	142	9	16	291	12	285	2.77e-52	170
RJJW01000001.1_38	WSZK01000033.1_29	38.3	261	153	5	40	295	31	288	1.09e-51	169
RJJW01000001.1_38	SRIF01000015.1_66	35.6	261	159	3	45	297	34	293	1.05e-49	163
RJJW01000001.1_38	LWLN01000003.1_21	37.5	269	156	7	36	297	38	301	1.32e-47	158
RJJW01000001.1_38	CP099999.1_34	37.7	247	143	6	71	311	176	417	3.43e-44	152
RJJW01000001.1_38	AOIR01000042.1_49	39.2	227	131	7	72	295	59	281	4.51e-43	146
RJJW01000001.1_39	RJJW01000001.1_39	100	84	0	0	1	84	1	84	1.16e-42	129
RJJW01000001.1_40	RJJW01000001.1_40	100	93	0	0	1	93	1	93	1.94e-63	182
RJJW01000001.1_41	RJJW01000001.1_41	100	121	0	0	1	121	1	121	1.39e-85	241
RJJW01000001.1_42	RJJW01000001.1_42	100	216	0	0	1	216	1	216	2.35e-155	425
RJJW01000001.1_42	Eyre_NODE_236_length_33155_cov_19.932_30	48.0	175	91	0	16	190	17	191	1.14e-56	176
RJJW01000001.1_42	Eyresouth_NODE_101_length_48437_cov_7.17035_24	45.7	175	95	0	16	190	17	191	8.28e-54	169
RJJW01000001.1_42	Frome_NODE_383_length_24936_cov_4.316346_16	45.7	175	95	0	16	190	17	191	8.28e-54	169
RJJW01000001.1_42	QKNW01000002.1_24	41.6	161	90	3	26	182	23	183	2.04e-36	124
RJJW01000001.1_42	NC_013748.1_25	30.2	189	126	4	12	196	5	191	1.30e-24	92.0
RJJW01000001.1_42	AOIP01000022.1_32	29.0	186	126	4	15	198	9	190	2.93e-22	85.9
RJJW01000001.1_42	CP031299.1_24	34.2	155	98	3	15	167	7	159	5.50e-22	85.1
RJJW01000001.1_42	JDTG01000019.1_97	34.2	155	98	3	15	167	7	159	5.50e-22	85.1
RJJW01000001.1_42	NC_015659.1_88	28.5	186	127	3	15	198	9	190	8.03e-22	84.7
RJJW01000001.1_42	AOIO01000049.1_108	28.5	186	127	4	15	198	9	190	1.57e-21	84.0
RJJW01000001.1_43	RJJW01000001.1_43	100	347	0	0	1	347	1	347	4.25e-244	660
RJJW01000001.1_43	LOAJ01000002.1_47	27.9	258	174	5	53	305	52	302	1.33e-23	95.5
RJJW01000001.1_44	RJJW01000001.1_44	100	476	0	0	1	476	1	476	2.69e-310	838
RJJW01000001.1_44	QKNW01000002.1_22	34.0	385	247	4	73	452	54	436	2.19e-68	221
RJJW01000001.1_44	Eyre_NODE_236_length_33155_cov_19.932_28	34.0	409	239	6	73	476	75	457	3.58e-65	213
RJJW01000001.1_44	Frome_NODE_383_length_24936_cov_4.316346_18	33.0	409	243	6	73	476	74	456	1.42e-63	209
RJJW01000001.1_44	Eyresouth_NODE_101_length_48437_cov_7.17035_26	32.5	409	245	6	73	476	74	456	1.07e-62	206
RJJW01000001.1_44	AOJE01000025.1_39	33.6	399	222	10	71	462	68	430	1.13e-56	190
RJJW01000001.1_44	BBJN01000020.1_45	32.2	407	238	6	62	464	43	415	2.22e-56	189
RJJW01000001.1_44	WSZK01000033.1_23	33.5	376	216	4	72	445	71	414	1.43e-55	187
RJJW01000001.1_44	FOXI01000018.1_40	33.0	394	228	6	73	464	62	421	3.69e-55	186
RJJW01000001.1_44	JAANTI010000009.1_15	33.0	394	228	6	73	464	62	421	3.69e-55	186
RJJW01000001.1_44	JAJCVI010000002.1_569	33.1	411	230	10	72	476	70	441	3.89e-54	183
RJJW01000001.1_44	SRIF01000015.1_59	31.5	428	260	5	41	461	37	438	3.55e-53	181
RJJW01000001.1_44	CP084476.1_54	32.9	398	222	8	57	447	43	402	2.62e-51	175
RJJW01000001.1_44	FNFE01000011.1_36	32.1	430	246	10	63	474	51	452	1.42e-50	174
RJJW01000001.1_44	Gairdner_NODE_107_length_49922_cov_74.384603_28	29.7	397	243	4	70	464	46	408	3.11e-50	172
RJJW01000001.1_44	CP101161.1_3067	31.6	389	225	9	81	464	1	353	3.72e-49	168
RJJW01000001.1_44	NC_013748.1_27	32.1	392	226	7	60	447	45	400	9.87e-49	168
RJJW01000001.1_44	NC_015659.1_86	32.6	374	211	7	60	429	45	381	5.13e-48	166
RJJW01000001.1_44	AOIO01000049.1_110	30.7	362	216	3	68	429	49	375	1.22e-47	165
RJJW01000001.1_44	AOIP01000022.1_34	30.4	362	217	3	68	429	49	375	3.26e-47	164
RJJW01000001.1_44	LWLN01000003.1_27	32.1	392	229	8	63	444	43	407	6.10e-47	164
RJJW01000001.1_44	CP100004.1_17	30.6	376	225	5	73	445	57	399	1.30e-44	157
RJJW01000001.1_44	CP019329.1_61	30.7	381	228	8	73	444	85	438	2.63e-43	155
RJJW01000001.1_44	LOAJ01000002.1_46	29.2	377	231	7	73	445	77	421	2.12e-40	146
RJJW01000001.1_44	KX906370.1_105	28.8	416	245	10	51	447	39	422	5.48e-40	145
RJJW01000001.1_45	RJJW01000001.1_45	100	662	0	0	1	662	1	662	0.0	1251
RJJW01000001.1_45	QKNW01000002.1_21	29.2	631	412	9	46	656	43	658	2.52e-58	204
RJJW01000001.1_45	Gairdner_NODE_107_length_49922_cov_74.384603_29	35.0	323	188	8	338	649	240	551	3.20e-43	159
RJJW01000001.1_45	LOAJ01000002.1_45	34.2	284	176	5	376	655	373	649	9.82e-42	156
RJJW01000001.1_45	FOXI01000018.1_39	34.3	268	159	6	376	633	227	487	7.84e-40	149
RJJW01000001.1_45	JAANTI010000009.1_16	34.3	268	159	6	376	633	227	487	7.84e-40	149
RJJW01000001.1_45	CP101161.1_3068	33.7	300	165	8	369	648	285	570	6.60e-37	141
RJJW01000001.1_45	FNFE01000011.1_37	26.2	637	401	19	52	650	23	628	6.80e-33	130
RJJW01000001.1_45	BBJN01000020.1_46	33.9	233	138	5	376	598	226	452	2.01e-32	128
RJJW01000001.1_45	CP119801.1_28	31.5	295	184	7	367	650	296	583	3.97e-31	124
RJJW01000001.1_45	CP095494.1_51	30.1	292	188	6	367	648	397	682	4.18e-28	115
RJJW01000001.1_45	CP099999.1_27	31.1	302	175	10	367	650	297	583	3.83e-26	108
RJJW01000001.1_45	AOLZ01000012.1_34	31.6	310	193	10	352	650	341	642	4.67e-26	108
RJJW01000001.1_45	CP019286.1_35	31.6	310	193	10	352	650	341	642	4.67e-26	108
RJJW01000001.1_45	LWLN01000003.1_28	29.6	284	181	8	375	647	395	670	8.87e-26	108
RJJW01000001.1_45	CP019329.1_60	29.6	297	186	10	367	650	352	638	1.29e-23	101
RJJW01000001.1_45	CP101158.1_91	35.7	98	63	0	87	184	138	235	1.14e-06	47.0
RJJW01000001.1_46	RJJW01000001.1_46	100	810	0	0	1	810	1	810	0.0	1577
RJJW01000001.1_46	CP100004.1_22	55.6	804	333	9	10	808	7	791	1.21e-297	833
RJJW01000001.1_46	NC_015659.1_84	53.2	797	335	12	22	808	19	787	6.78e-273	770
RJJW01000001.1_46	Eyre_NODE_236_length_33155_cov_19.932_26	51.8	815	367	13	9	810	26	827	1.04e-271	768
RJJW01000001.1_46	NC_013748.1_29	52.9	781	337	10	32	808	30	783	6.25e-270	762
RJJW01000001.1_46	AOIO01000049.1_112	51.0	796	355	10	22	808	20	789	2.18e-269	761
RJJW01000001.1_46	AOIP01000022.1_36	51.1	796	354	10	22	808	20	789	2.18e-269	761
RJJW01000001.1_46	CP031299.1_28	51.9	796	346	9	22	808	20	787	4.09e-269	760
RJJW01000001.1_46	JDTG01000019.1_101	51.9	796	346	9	22	808	20	787	4.09e-269	760
RJJW01000001.1_46	Eyresouth_NODE_101_length_48437_cov_7.17035_28	51.8	816	365	14	9	810	26	827	3.10e-268	759
RJJW01000001.1_46	Frome_NODE_383_length_24936_cov_4.316346_20	51.8	816	365	14	9	810	26	827	4.39e-268	759
RJJW01000001.1_46	CP095494.1_52	49.8	819	363	11	9	803	15	809	4.12e-253	721
RJJW01000001.1_46	CP019329.1_57	49.5	822	368	13	10	808	19	816	1.38e-251	717
RJJW01000001.1_46	CP119801.1_26	49.6	825	368	14	9	809	12	812	8.89e-249	709
RJJW01000001.1_46	SRIF01000015.1_56	46.9	827	390	12	9	809	10	813	9.40e-241	689
RJJW01000001.1_46	WSZK01000033.1_21	48.8	811	372	15	10	803	16	800	3.19e-236	677
RJJW01000001.1_46	QKNW01000002.1_20	45.0	823	416	18	10	807	44	854	4.12e-214	622
RJJW01000001.1_46	AOLZ01000012.1_35	43.2	820	421	16	10	809	29	823	1.33e-206	602
RJJW01000001.1_46	CP019286.1_34	43.2	820	421	16	10	809	29	823	1.33e-206	602
RJJW01000001.1_46	LWLN01000003.1_29	43.0	819	426	15	9	809	32	827	8.54e-203	592
RJJW01000001.1_46	SJER01000008.1_144	41.6	823	431	18	9	809	18	812	3.80e-197	577
RJJW01000001.1_46	CP084476.1_52	42.4	826	429	18	3	809	1	798	9.78e-197	576
RJJW01000001.1_46	FOXI01000018.1_35	42.2	803	433	12	9	805	7	784	1.15e-196	575
RJJW01000001.1_46	JAANTI010000009.1_19	42.2	803	433	12	9	805	7	784	1.15e-196	575
RJJW01000001.1_46	BBJN01000020.1_48	42.0	809	433	12	9	805	7	791	2.02e-196	575
RJJW01000001.1_47	RJJW01000001.1_47	100	317	0	0	1	317	1	317	2.07e-229	620
RJJW01000001.1_47	NC_015659.1_83	36.1	294	184	3	10	301	10	301	3.68e-64	201
RJJW01000001.1_47	AOIP01000022.1_37	35.6	295	186	3	10	302	10	302	4.11e-63	198
RJJW01000001.1_47	NC_013748.1_30	36.0	297	182	4	10	302	9	301	2.23e-62	196
RJJW01000001.1_47	AOIO01000049.1_113	35.6	295	186	3	10	302	10	302	2.30e-62	196
RJJW01000001.1_47	CP031299.1_29	36.8	296	180	5	10	302	9	300	8.60e-62	195
RJJW01000001.1_47	JDTG01000019.1_102	36.8	296	180	5	10	302	9	300	8.60e-62	195
RJJW01000001.1_47	CP100004.1_23	38.3	282	167	4	34	312	41	318	1.93e-56	181
RJJW01000001.1_47	CP095494.1_53	35.8	307	185	9	3	302	4	305	1.32e-55	179
RJJW01000001.1_47	CP019329.1_55	37.5	275	161	8	34	302	38	307	3.88e-55	178
RJJW01000001.1_47	CP019286.1_33	36.2	287	176	5	15	299	3	284	2.38e-54	176
RJJW01000001.1_47	Eyre_NODE_236_length_33155_cov_19.932_25	36.2	298	175	5	27	315	28	319	6.31e-54	175
RJJW01000001.1_47	AOLZ01000012.1_36	35.9	287	177	5	15	299	3	284	2.61e-53	173
RJJW01000001.1_47	Eyresouth_NODE_101_length_48437_cov_7.17035_29	35.2	298	178	5	27	315	28	319	1.49e-51	169
RJJW01000001.1_47	WSZK01000033.1_20	35.5	287	172	4	22	299	53	335	3.07e-51	169
RJJW01000001.1_47	Frome_NODE_383_length_24936_cov_4.316346_21	34.6	298	180	5	27	315	28	319	8.20e-51	167
RJJW01000001.1_47	SJER01000008.1_145	33.3	291	186	4	15	302	5	290	1.51e-49	163
RJJW01000001.1_47	CP084476.1_51	33.7	291	185	4	15	302	3	288	5.34e-49	162
RJJW01000001.1_47	CP100004.1_28	33.9	224	140	4	34	251	38	259	2.09e-33	125
RJJW01000001.1_47	JAAOHU010000009.1_19	40.2	132	72	4	34	160	51	180	6.99e-19	82.8
RJJW01000001.1_48	RJJW01000001.1_48	100	63	0	0	1	63	1	63	2.23e-33	104
RJJW01000001.1_49	RJJW01000001.1_49	100	490	0	0	1	490	1	490	0.0	986
RJJW01000001.1_49	SRIF01000015.1_53	53.8	506	209	3	7	488	5	509	4.09e-199	559
RJJW01000001.1_49	CP119801.1_24	53.2	513	215	2	2	490	6	517	2.99e-198	557
RJJW01000001.1_49	NC_015659.1_82	55.0	487	215	2	8	490	15	501	4.95e-193	543
RJJW01000001.1_49	CP019329.1_54	53.6	506	210	3	9	490	19	523	1.50e-192	543
RJJW01000001.1_49	SJER01000008.1_146	55.3	485	213	2	8	488	16	500	4.49e-187	528
RJJW01000001.1_49	LWLN01000003.1_32	54.0	487	220	2	8	490	13	499	7.10e-185	522
RJJW01000001.1_49	NC_013748.1_31	53.5	486	222	2	9	490	12	497	2.17e-183	518
RJJW01000001.1_49	CP084476.1_50	53.1	486	224	2	9	490	13	498	4.84e-180	510
RJJW01000001.1_49	AOIP01000022.1_38	51.2	516	218	3	9	490	13	528	2.70e-179	509
RJJW01000001.1_49	CP031299.1_30	52.2	487	229	2	8	490	9	495	9.40e-177	501
RJJW01000001.1_49	JDTG01000019.1_103	52.2	487	229	2	8	490	9	495	9.40e-177	501
RJJW01000001.1_49	AOIO01000049.1_114	66.4	128	43	0	9	136	13	140	2.34e-56	181
RJJW01000001.1_50	RJJW01000001.1_50	100	490	0	0	1	490	1	490	0.0	894
RJJW01000001.1_51	RJJW01000001.1_51	100	85	0	0	1	85	1	85	3.98e-57	166
RJJW01000001.1_51	KX687704.1_28	83.3	60	10	0	1	60	1	60	1.08e-26	97.1
RJJW01000001.1_51	AOJE01000051.1_18	80.0	60	12	0	1	60	1	60	1.48e-26	96.7
RJJW01000001.1_51	KX906370.1_109	80.0	60	12	0	1	60	1	60	7.12e-26	94.7
RJJW01000001.1_51	LOAJ01000002.1_40	66.1	59	20	0	2	60	3	61	9.25e-20	77.4
RJJW01000001.1_52	RJJW01000001.1_52	100	420	0	0	1	420	1	420	2.46e-305	821
RJJW01000001.1_52	KX687704.1_40	43.9	412	218	6	10	417	24	426	7.40e-110	326
RJJW01000001.1_52	LOAJ01000002.1_39	43.9	403	208	5	17	416	9	396	4.16e-104	310
RJJW01000001.1_52	FNFE01000011.1_11	31.2	382	251	8	28	404	3	377	1.30e-49	169
RJJW01000001.1_52	AOJE01000051.1_17	30.0	400	257	9	22	411	7	393	1.51e-41	147
RJJW01000001.1_52	KX687704.1_29	28.8	375	254	7	50	415	27	397	3.96e-40	144
RJJW01000001.1_52	KX906370.1_110	28.8	375	254	7	50	415	90	460	1.10e-39	144
RJJW01000001.1_53	RJJW01000001.1_53	100	230	0	0	1	230	1	230	2.99e-183	496
RJJW01000001.1_53	AOJE01000051.1_14	81.9	227	38	1	1	227	1	224	1.28e-147	406
RJJW01000001.1_53	KX687704.1_30	73.2	231	60	2	1	230	1	230	4.05e-131	365
RJJW01000001.1_53	KX906370.1_111	73.2	231	60	2	1	230	1	230	4.05e-131	365
RJJW01000001.1_54	RJJW01000001.1_54	100	76	0	0	1	76	1	76	1.94e-53	156
RJJW01000001.1_54	AOJE01000051.1_11	63.2	68	25	0	1	68	1	68	2.58e-31	100
RJJW01000001.1_54	KX687704.1_31	55.3	76	34	0	1	76	1	76	5.00e-29	94.7
RJJW01000001.1_54	KX906370.1_112	55.3	76	34	0	1	76	1	76	5.00e-29	94.7
RJJW01000001.1_54	LOAJ01000002.1_30	53.9	76	35	0	1	76	1	76	8.28e-28	91.7
RJJW01000001.1_55	RJJW01000001.1_55	100	151	0	0	1	151	1	151	1.43e-106	296
RJJW01000001.1_55	KX906370.1_115	89.4	151	16	0	1	151	1	151	3.90e-95	267
RJJW01000001.1_55	AOJE01000051.1_9	91.1	146	13	0	1	146	1	146	7.11e-95	266
RJJW01000001.1_56	RJJW01000001.1_56	100	140	0	0	1	140	1	140	4.05e-103	286
RJJW01000001.1_57	RJJW01000001.1_57	100	86	0	0	1	86	1	86	9.29e-61	175
RJJW01000001.1_57	KX906370.1_116	84.9	86	13	0	1	86	1	86	3.82e-51	151
RJJW01000001.1_57	AOJE01000051.1_8	77.9	86	18	1	1	86	1	85	3.85e-44	133
RJJW01000001.1_58	RJJW01000001.1_58	100	75	0	0	1	75	1	75	1.49e-52	154
RJJW01000001.1_59	RJJW01000001.1_59	100	59	0	0	1	59	1	59	1.50e-36	112
RJJW01000001.1_60	RJJW01000001.1_60	100	194	0	0	1	194	1	194	1.05e-138	381
RJJW01000001.1_60	CP031299.1_42	43.3	180	96	3	12	190	6	180	1.23e-42	137
RJJW01000001.1_60	JDTG01000019.1_115	43.3	180	96	3	12	190	6	180	1.23e-42	137
