SJER01000008.1_112	SJER01000008.1_112	100	261	0	0	1	261	1	261	3.58e-186	506
SJER01000008.1_113	SJER01000008.1_113	100	188	0	0	1	188	1	188	2.71e-138	379
SJER01000008.1_114	SJER01000008.1_114	100	102	0	0	1	102	1	102	4.35e-71	202
SJER01000008.1_115	SJER01000008.1_115	100	89	0	0	1	89	1	89	1.45e-63	182
SJER01000008.1_116	SJER01000008.1_116	100	52	0	0	1	52	1	52	9.54e-28	89.7
SJER01000008.1_117	SJER01000008.1_117	100	43	0	0	1	43	1	43	3.07e-27	87.8
SJER01000008.1_118	SJER01000008.1_118	100	38	0	0	1	38	1	38	1.17e-20	70.9
SJER01000008.1_119	SJER01000008.1_119	100	241	0	0	1	241	1	241	8.60e-159	436
SJER01000008.1_120	SJER01000008.1_120	100	133	0	0	1	133	1	133	2.05e-95	266
SJER01000008.1_120	CP084476.1_82	29.2	120	72	3	1	119	1	108	1.72e-07	43.5
SJER01000008.1_121	SJER01000008.1_121	100	110	0	0	1	110	1	110	1.58e-79	224
SJER01000008.1_121	JAAOHU010000009.1_8	63.9	108	38	1	1	108	1	107	1.81e-46	141
SJER01000008.1_122	SJER01000008.1_122	100	142	0	0	1	142	1	142	3.86e-93	261
SJER01000008.1_122	SJER01000008.1_123	55.2	143	42	4	1	138	1	126	9.85e-35	113
SJER01000008.1_122	SJER01000008.1_124	53.6	140	46	5	1	137	1	124	3.30e-30	102
SJER01000008.1_122	CP101158.1_69	45.7	138	66	2	11	139	13	150	2.19e-25	90.5
SJER01000008.1_122	JDTG01000019.1_71	40.3	144	68	3	4	142	9	139	1.47e-19	75.1
SJER01000008.1_122	CP095494.1_28	63.2	76	26	2	4	77	8	83	1.77e-19	75.1
SJER01000008.1_122	LWLN01000003.1_3	57.0	79	32	2	4	80	9	87	4.31e-19	74.3
SJER01000008.1_122	LWLN01000003.1_2	55.4	74	31	2	4	75	9	82	3.66e-15	64.3
SJER01000008.1_122	NC_013748.1_2	35.8	151	78	3	4	135	9	159	1.14e-14	63.2
SJER01000008.1_122	JAJCVI010000002.1_549	60.0	70	26	2	1	69	1	69	3.03e-14	61.2
SJER01000008.1_122	BBJN01000020.1_27	57.1	63	27	0	10	72	11	73	7.20e-14	61.2
SJER01000008.1_122	QKNW01000002.1_43	63.9	61	20	1	6	64	5	65	4.74e-13	58.2
SJER01000008.1_122	JAJCVI010000002.1_548	52.1	71	32	1	10	80	9	77	5.54e-13	57.8
SJER01000008.1_122	BBJN01000020.1_29	51.4	70	24	1	8	77	7	66	2.61e-12	56.2
SJER01000008.1_122	CP099999.1_44	36.1	119	67	4	23	136	1	115	5.13e-12	55.1
SJER01000008.1_122	QKNW01000002.1_44	64.3	56	19	1	1	56	1	55	8.00e-12	55.1
SJER01000008.1_122	BBJN01000020.1_30	68.1	47	15	0	10	56	11	57	1.35e-11	54.3
SJER01000008.1_122	WSZK01000033.1_40	47.4	78	37	1	1	78	1	74	5.77e-11	53.5
SJER01000008.1_122	JAJCVI010000002.1_550	70.2	47	13	1	1	47	1	46	1.22e-10	52.0
SJER01000008.1_122	Gairdner_NODE_107_length_49922_cov_74.384603_9	77.5	40	9	0	10	49	9	48	1.72e-10	52.4
SJER01000008.1_122	WSZK01000033.1_39	58.2	55	23	0	3	57	30	84	1.84e-10	52.0
SJER01000008.1_122	SRIF01000015.1_82	55.2	67	27	1	9	72	8	74	2.21e-10	51.6
SJER01000008.1_122	AOIP01000022.1_17	70.4	27	8	0	1	27	5	31	1.54e-05	38.5
SJER01000008.1_122	CP119801.1_55	84.0	25	4	0	23	47	1	25	8.43e-05	36.2
SJER01000008.1_122	AOIO01000049.1_83	29.2	137	90	3	4	137	10	142	1.05e-04	35.8
SJER01000008.1_123	SJER01000008.1_123	100	129	0	0	1	129	1	129	1.99e-82	233
SJER01000008.1_123	SJER01000008.1_124	65.6	122	38	2	9	129	10	128	3.59e-41	129
SJER01000008.1_123	SJER01000008.1_122	55.2	143	42	4	1	126	1	138	5.11e-34	111
SJER01000008.1_123	CP095494.1_28	58.5	106	40	3	9	113	13	115	7.36e-27	93.6
SJER01000008.1_123	JDTG01000019.1_71	49.6	125	53	4	9	126	14	135	1.23e-23	85.1
SJER01000008.1_123	CP101158.1_69	43.2	139	58	5	9	126	11	149	2.82e-22	82.0
SJER01000008.1_123	QKNW01000002.1_43	39.0	136	50	4	8	122	7	130	1.83e-16	66.6
SJER01000008.1_123	BBJN01000020.1_29	38.6	127	68	3	9	126	8	133	1.03e-15	64.7
SJER01000008.1_123	LWLN01000003.1_3	44.6	121	58	5	9	125	14	129	1.05e-15	65.1
SJER01000008.1_123	QKNW01000002.1_44	45.8	107	53	2	8	109	7	113	1.28e-14	62.0
SJER01000008.1_123	LWLN01000003.1_2	55.0	60	27	0	9	68	14	73	5.24e-14	60.8
SJER01000008.1_123	JAJCVI010000002.1_549	45.0	100	40	3	9	93	8	107	5.82e-14	60.1
SJER01000008.1_123	BBJN01000020.1_30	41.0	117	52	3	9	120	10	114	8.35e-14	59.7
SJER01000008.1_123	BBJN01000020.1_27	64.2	53	19	0	9	61	10	62	1.89e-13	59.7
SJER01000008.1_123	JAJCVI010000002.1_548	84.2	38	6	0	8	45	7	44	2.77e-13	58.2
SJER01000008.1_123	CP099999.1_44	40.3	119	58	5	23	128	1	119	6.64e-13	57.0
SJER01000008.1_123	JAJCVI010000002.1_550	38.5	143	62	5	6	125	5	144	7.91e-13	57.4
SJER01000008.1_123	NC_013748.1_2	49.4	85	39	2	9	93	14	94	1.69e-12	57.0
SJER01000008.1_123	Gairdner_NODE_107_length_49922_cov_74.384603_9	50.5	95	33	3	10	102	9	91	1.72e-11	54.7
SJER01000008.1_123	SRIF01000015.1_82	48.9	90	39	4	9	92	8	96	5.86e-11	52.8
SJER01000008.1_123	WSZK01000033.1_39	34.5	139	66	4	10	126	37	172	1.84e-10	51.6
SJER01000008.1_123	WSZK01000033.1_40	43.0	93	48	1	10	102	10	97	5.66e-10	50.4
SJER01000008.1_123	AOIO01000049.1_83	31.3	128	77	5	9	125	15	142	6.39e-06	38.9
SJER01000008.1_123	CP119801.1_55	60.5	38	14	1	23	59	1	38	1.86e-05	37.7
SJER01000008.1_123	AOIP01000022.1_17	84.2	19	3	0	9	27	13	31	6.82e-04	33.5
SJER01000008.1_124	SJER01000008.1_124	100	128	0	0	1	128	1	128	1.58e-83	236
SJER01000008.1_124	SJER01000008.1_123	65.6	122	38	2	10	128	9	129	3.08e-42	132
SJER01000008.1_124	SJER01000008.1_122	53.6	140	46	5	1	124	1	137	8.46e-30	100
SJER01000008.1_124	CP101158.1_69	44.1	145	56	4	4	124	5	148	4.82e-26	91.7
SJER01000008.1_124	JDTG01000019.1_71	49.6	119	54	3	9	121	13	131	4.19e-24	86.3
SJER01000008.1_124	CP095494.1_28	51.5	101	47	2	10	108	13	113	1.14e-19	75.1
SJER01000008.1_124	QKNW01000002.1_44	45.9	111	52	4	1	105	1	109	2.25e-15	63.9
SJER01000008.1_124	LWLN01000003.1_3	60.9	64	24	1	9	72	13	75	1.09e-14	62.4
SJER01000008.1_124	LWLN01000003.1_2	45.3	95	47	2	10	99	14	108	1.85e-14	62.0
SJER01000008.1_124	BBJN01000020.1_29	67.3	49	16	0	9	57	7	55	2.34e-13	58.5
SJER01000008.1_124	JAJCVI010000002.1_548	70.8	48	12	1	1	48	1	46	2.69e-13	58.2
SJER01000008.1_124	QKNW01000002.1_43	63.2	57	19	1	1	57	1	55	4.53e-13	57.8
SJER01000008.1_124	JAJCVI010000002.1_550	72.3	47	11	1	1	47	1	45	5.48e-13	57.8
SJER01000008.1_124	BBJN01000020.1_30	58.7	63	25	1	10	72	10	71	6.24e-13	57.4
SJER01000008.1_124	BBJN01000020.1_27	68.8	48	15	0	10	57	10	57	1.36e-12	57.4
SJER01000008.1_124	Gairdner_NODE_107_length_49922_cov_74.384603_9	46.0	113	49	6	1	109	1	105	1.67e-11	54.7
SJER01000008.1_124	JAJCVI010000002.1_549	68.1	47	13	1	1	47	1	45	1.81e-11	53.5
SJER01000008.1_124	SRIF01000015.1_82	58.8	68	22	3	1	64	1	66	2.10e-11	53.9
SJER01000008.1_124	CP099999.1_44	37.0	119	60	4	24	127	1	119	3.81e-11	52.4
SJER01000008.1_124	WSZK01000033.1_39	71.7	46	12	1	3	48	30	74	4.77e-11	53.1
SJER01000008.1_124	WSZK01000033.1_40	64.6	48	16	1	1	48	1	47	3.98e-10	50.8
SJER01000008.1_124	AOIO01000049.1_83	35.1	134	66	7	11	127	16	145	2.40e-09	48.1
SJER01000008.1_124	NC_013748.1_2	44.9	69	37	1	11	79	15	82	1.23e-08	46.6
SJER01000008.1_124	Gairdner_NODE_107_length_49922_cov_74.384603_10	61.5	39	14	1	24	61	1	39	8.15e-05	35.8
SJER01000008.1_124	CP119801.1_55	95.0	20	1	0	24	43	1	20	3.15e-04	34.3
SJER01000008.1_125	SJER01000008.1_125	100	266	0	0	1	266	1	266	4.57e-196	532
SJER01000008.1_125	AOIO01000049.1_84	46.9	262	129	4	4	264	6	258	1.92e-71	216
SJER01000008.1_125	AOIP01000022.1_18	45.4	262	133	4	4	264	6	258	4.98e-69	210
SJER01000008.1_125	NC_013748.1_3	43.5	262	139	4	4	264	6	259	8.27e-68	207
SJER01000008.1_125	CP101158.1_70	38.3	261	150	4	1	260	3	253	5.98e-56	176
SJER01000008.1_125	JAJCVI010000002.1_547	30.5	285	170	7	1	265	1	277	5.04e-38	130
SJER01000008.1_125	CP119801.1_54	33.2	265	163	7	4	265	6	259	5.09e-37	127
SJER01000008.1_125	LWLN01000003.1_4	32.5	246	153	6	2	244	5	240	9.16e-34	119
SJER01000008.1_125	JDTG01000019.1_72	31.1	244	155	6	4	244	6	239	4.03e-30	109
SJER01000008.1_126	SJER01000008.1_126	100	206	0	0	1	206	1	206	3.65e-154	421
SJER01000008.1_127	SJER01000008.1_127	100	1578	0	0	1	1578	1	1578	0.0	3057
SJER01000008.1_127	JAJCVI010000007.1_13	31.1	874	521	22	731	1558	12	850	2.47e-107	358
SJER01000008.1_127	BBJN01000020.1_32	25.5	1155	699	45	2	1078	5	1076	2.39e-46	178
SJER01000008.1_127	JAJCVI010000002.1_557	28.5	347	237	8	1196	1533	1007	1351	2.32e-31	129
SJER01000008.1_127	CP019329.1_80	30.1	316	185	11	607	901	371	671	2.68e-27	116
SJER01000008.1_127	CP101161.1_3055	29.1	292	190	8	1250	1532	994	1277	1.97e-26	113
SJER01000008.1_127	CP101158.1_74	29.1	326	194	14	600	900	440	753	3.27e-24	106
SJER01000008.1_127	NC_015659.1_102	29.6	287	146	12	147	393	23	293	1.59e-13	71.2
SJER01000008.1_128	SJER01000008.1_128	100	544	0	0	1	544	1	544	0.0	1053
SJER01000008.1_128	JAJCVI010000007.1_14	40.6	508	258	10	44	532	55	537	4.71e-104	319
SJER01000008.1_128	FOXI01000018.1_54	38.1	557	297	16	1	538	2	529	7.83e-97	300
SJER01000008.1_128	JAANTI010000009.1_1	39.1	483	253	12	73	538	1	459	4.46e-89	278
SJER01000008.1_128	SRIF01000015.1_78	33.6	577	301	21	2	539	1	534	9.53e-70	229
SJER01000008.1_128	BBJN01000020.1_33	34.7	528	276	17	40	543	50	532	2.48e-69	228
SJER01000008.1_128	JAAOHU010000009.1_3	35.9	496	282	10	44	534	48	512	6.36e-68	224
SJER01000008.1_128	CP100004.1_1	43.0	263	138	3	265	520	1	258	4.24e-55	183
SJER01000008.1_128	LWLN01000003.1_14	33.8	494	284	19	63	542	85	549	8.31e-55	189
SJER01000008.1_128	CP019329.1_79	30.5	505	282	20	42	529	51	503	8.03e-45	161
SJER01000008.1_128	WSZK01000033.1_35	31.1	495	284	20	45	521	60	515	9.84e-45	161
SJER01000008.1_128	RJJW01000001.1_29	29.3	532	300	21	37	534	55	544	1.12e-40	150
SJER01000008.1_128	Eyre_NODE_236_length_33155_cov_19.932_44	34.9	261	157	5	280	534	1	254	8.08e-33	122
SJER01000008.1_129	SJER01000008.1_129	100	275	0	0	1	275	1	275	6.08e-210	568
SJER01000008.1_129	JAJCVI010000007.1_15	48.7	277	128	3	1	272	1	268	7.61e-89	261
SJER01000008.1_129	CP100004.1_2	40.7	241	107	10	42	270	35	251	1.27e-49	160
SJER01000008.1_129	AOIR01000042.1_45	32.9	228	139	6	5	227	22	240	7.07e-34	120
SJER01000008.1_130	SJER01000008.1_130	100	222	0	0	1	222	1	222	2.01e-159	436
SJER01000008.1_130	NC_013748.1_6	48.3	211	101	6	12	218	4	210	2.11e-52	164
SJER01000008.1_131	SJER01000008.1_131	100	369	0	0	1	369	1	369	3.61e-263	710
SJER01000008.1_131	JAJCVI010000007.1_16	40.1	277	160	4	31	307	40	310	7.46e-52	172
SJER01000008.1_131	WSZK01000033.1_33	31.9	141	93	3	168	307	164	302	6.47e-15	70.5
SJER01000008.1_132	SJER01000008.1_132	100	96	0	0	1	96	1	96	5.06e-65	187
SJER01000008.1_133	SJER01000008.1_133	100	255	0	0	1	255	1	255	1.91e-178	486
SJER01000008.1_133	JAAOHU010000009.1_65	45.2	248	126	4	9	252	8	249	4.53e-70	212
SJER01000008.1_133	JAJCVI010000007.1_19	36.0	225	130	7	31	244	32	253	2.77e-36	126
SJER01000008.1_134	SJER01000008.1_134	100	63	0	0	1	63	1	63	3.12e-42	127
SJER01000008.1_134	JAAOHU010000009.1_64	62.5	56	21	0	8	63	6	61	9.37e-19	67.8
SJER01000008.1_134	JAJCVI010000007.1_20	58.8	34	14	0	16	49	14	47	6.21e-10	45.4
SJER01000008.1_134	SRIF01000015.1_70	55.3	38	17	0	12	49	12	49	8.98e-09	43.9
SJER01000008.1_135	SJER01000008.1_135	100	143	0	0	1	143	1	143	2.62e-105	292
SJER01000008.1_135	JAAOHU010000009.1_63	68.0	122	38	1	21	142	21	141	4.50e-51	155
SJER01000008.1_135	JAJCVI010000007.1_21	43.7	126	71	0	2	127	1	126	1.62e-32	108
SJER01000008.1_135	CP119801.1_38	42.4	125	69	1	16	140	11	132	3.28e-26	92.0
SJER01000008.1_135	CP095494.1_41	39.4	132	70	3	12	139	7	132	2.65e-22	82.0
SJER01000008.1_136	SJER01000008.1_136	100	436	0	0	1	436	1	436	1.09e-307	828
SJER01000008.1_136	JAAOHU010000009.1_62	53.3	437	197	5	1	434	1	433	1.00e-154	441
SJER01000008.1_136	JAJCVI010000007.1_22	44.3	458	225	14	1	435	1	451	9.81e-101	304
SJER01000008.1_136	CP119801.1_35	50.5	289	134	6	121	405	3	286	1.13e-83	255
SJER01000008.1_136	SRIF01000015.1_66	49.0	298	137	7	119	408	3	293	3.19e-83	254
SJER01000008.1_136	CP095494.1_44	48.3	290	138	7	121	405	3	285	1.72e-79	244
SJER01000008.1_136	CP099999.1_34	40.0	365	198	10	58	411	52	406	1.02e-69	223
SJER01000008.1_136	FNFE01000011.1_30	37.0	408	231	12	33	425	6	402	2.12e-67	216
SJER01000008.1_136	Gairdner_NODE_107_length_49922_cov_74.384603_21	40.8	284	161	4	120	401	5	283	6.94e-59	191
SJER01000008.1_136	LWLN01000003.1_21	41.0	315	162	13	106	410	3	303	3.66e-58	189
SJER01000008.1_136	CP019286.1_42	36.1	366	215	8	58	411	52	410	8.86e-58	191
SJER01000008.1_136	RJJW01000001.1_38	37.9	298	172	6	120	408	4	297	1.17e-57	188
SJER01000008.1_136	AOLZ01000012.1_27	36.1	366	215	8	58	411	52	410	1.76e-57	191
SJER01000008.1_136	BBJN01000020.1_39	43.2	280	149	7	127	401	7	281	1.91e-57	187
SJER01000008.1_136	AOIO01000049.1_99	39.8	314	182	5	120	431	1	309	3.24e-57	187
SJER01000008.1_136	FOXI01000018.1_47	41.6	286	154	7	121	401	5	282	1.51e-56	184
SJER01000008.1_136	JAANTI010000009.1_8	41.6	286	154	7	121	401	5	282	1.51e-56	184
SJER01000008.1_136	AOIP01000022.1_28	38.9	314	184	5	120	431	1	308	3.63e-55	181
SJER01000008.1_136	CP100004.1_10	41.9	246	141	2	155	398	25	270	4.73e-55	181
SJER01000008.1_136	CP101161.1_3061	36.7	248	146	5	151	394	23	263	3.78e-44	152
SJER01000008.1_137	SJER01000008.1_137	100	74	0	0	1	74	1	74	7.49e-48	142
SJER01000008.1_137	JAAOHU010000009.1_61	56.3	64	28	0	1	64	1	64	5.88e-20	71.6
SJER01000008.1_137	SRIF01000015.1_65	36.4	44	28	0	15	58	14	57	4.95e-07	38.9
SJER01000008.1_137	CP119801.1_34	40.0	40	24	0	19	58	19	58	5.35e-06	36.2
SJER01000008.1_137	CP101158.1_85	51.2	41	18	2	10	49	9	48	1.82e-04	32.3
SJER01000008.1_138	SJER01000008.1_138	100	103	0	0	1	103	1	103	8.08e-72	204
SJER01000008.1_138	JAAOHU010000009.1_60	49.0	102	52	0	2	103	5	106	9.14e-33	106
SJER01000008.1_138	SRIF01000015.1_64	33.0	103	68	1	1	102	1	103	6.71e-15	60.8
SJER01000008.1_138	JAJCVI010000007.1_24	39.8	88	51	2	7	94	9	94	9.95e-14	57.8
SJER01000008.1_139	SJER01000008.1_139	100	94	0	0	1	94	1	94	1.20e-71	203
SJER01000008.1_139	JAAOHU010000009.1_59	73.3	90	22	1	5	94	4	91	1.15e-46	140
SJER01000008.1_139	JAJCVI010000007.1_25	53.2	79	36	1	1	79	1	78	5.10e-26	89.0
SJER01000008.1_140	SJER01000008.1_140	100	249	0	0	1	249	1	249	7.15e-171	467
SJER01000008.1_140	JAAOHU010000009.1_58	66.2	210	70	1	1	210	1	209	7.08e-101	290
SJER01000008.1_140	CP099999.1_30	42.1	214	112	4	3	214	11	214	3.47e-46	149
SJER01000008.1_140	FNFE01000011.1_34	40.7	209	116	5	12	218	18	220	1.06e-44	145
SJER01000008.1_140	CP095494.1_48	38.5	221	120	7	12	228	13	221	1.16e-41	138
SJER01000008.1_140	AOLZ01000012.1_31	44.9	156	82	3	12	165	21	174	1.71e-40	135
SJER01000008.1_140	CP019286.1_38	44.9	156	82	3	12	165	21	174	1.71e-40	135
SJER01000008.1_140	CP119801.1_31	42.1	171	92	3	12	180	12	177	4.19e-40	134
SJER01000008.1_140	LWLN01000003.1_25	42.2	173	92	4	4	170	8	178	1.40e-38	130
SJER01000008.1_140	SRIF01000015.1_61	38.0	179	108	3	13	189	19	196	7.30e-35	120
SJER01000008.1_140	JAJCVI010000007.1_26	36.6	235	125	9	12	229	13	240	9.93e-33	115
SJER01000008.1_140	CP019329.1_63	38.5	161	95	3	12	170	22	180	1.09e-31	112
SJER01000008.1_140	JAJCVI010000002.1_567	36.9	176	102	6	14	184	7	178	4.21e-26	96.7
SJER01000008.1_140	KX906370.1_103	28.5	172	119	3	13	183	22	190	6.72e-23	88.6
SJER01000008.1_140	AOJE01000051.1_25	28.2	177	123	3	13	188	21	194	9.38e-23	88.2
SJER01000008.1_140	KX687704.1_22	28.2	177	123	3	13	188	22	195	4.96e-22	86.3
SJER01000008.1_140	LOAJ01000002.1_48	28.0	175	122	3	15	188	28	199	1.07e-21	85.5
SJER01000008.1_140	CP100004.1_15	26.3	179	124	6	3	174	6	183	4.70e-14	64.7
SJER01000008.1_140	WSZK01000033.1_25	34.1	173	89	10	18	171	18	184	2.46e-11	57.4
SJER01000008.1_141	SJER01000008.1_141	100	387	0	0	1	387	1	387	6.92e-277	746
SJER01000008.1_141	JAAOHU010000009.1_57	63.5	351	127	1	19	368	16	366	2.03e-162	456
SJER01000008.1_141	JAJCVI010000007.1_27	36.1	324	204	2	26	347	19	341	5.93e-65	207
SJER01000008.1_141	CP099999.1_29	31.2	317	209	5	15	331	3	310	2.41e-40	141
SJER01000008.1_142	SJER01000008.1_142	100	495	0	0	1	495	1	495	4.68e-316	855
SJER01000008.1_142	JAAOHU010000009.1_56	66.9	396	129	1	100	495	79	472	3.61e-177	502
SJER01000008.1_142	CP119801.1_29	51.9	372	178	1	100	471	67	437	4.77e-133	389
SJER01000008.1_142	CP095494.1_50	51.1	372	181	1	100	471	59	429	3.57e-128	376
SJER01000008.1_142	JAJCVI010000007.1_28	52.5	381	173	1	102	474	79	459	1.61e-123	365
SJER01000008.1_142	SRIF01000015.1_59	44.6	502	229	7	4	494	2	465	2.63e-120	357
SJER01000008.1_142	CP099999.1_28	50.7	369	180	2	102	470	59	425	1.51e-116	346
SJER01000008.1_142	LWLN01000003.1_27	52.0	369	175	2	102	470	57	423	1.32e-111	333
SJER01000008.1_142	AOLZ01000012.1_33	47.5	396	202	3	100	495	60	449	4.35e-111	332
SJER01000008.1_142	CP019286.1_36	47.5	396	202	3	100	495	60	449	4.35e-111	332
SJER01000008.1_142	FNFE01000011.1_36	46.1	371	198	2	100	470	64	432	9.71e-105	316
SJER01000008.1_142	CP019329.1_61	46.1	371	198	2	100	470	86	454	1.33e-104	317
SJER01000008.1_142	BBJN01000020.1_45	35.6	379	220	7	100	474	57	415	9.27e-56	187
SJER01000008.1_142	FOXI01000018.1_40	35.1	379	222	7	100	474	63	421	5.77e-54	183
SJER01000008.1_142	JAANTI010000009.1_15	35.1	379	222	7	100	474	63	421	5.77e-54	183
SJER01000008.1_142	Gairdner_NODE_107_length_49922_cov_74.384603_28	34.0	376	230	5	100	474	50	408	4.55e-51	175
SJER01000008.1_142	CP100004.1_17	34.3	367	224	6	97	462	56	406	1.38e-49	171
SJER01000008.1_142	CP084476.1_54	34.1	361	212	8	102	458	65	403	3.90e-46	162
SJER01000008.1_142	NC_013748.1_27	32.1	361	223	6	100	458	61	401	1.00e-44	158
SJER01000008.1_142	CP031299.1_26	30.5	456	260	11	20	472	6	407	1.23e-43	155
SJER01000008.1_142	JDTG01000019.1_99	30.5	456	260	11	20	472	6	407	1.23e-43	155
SJER01000008.1_142	NC_015659.1_86	32.1	364	224	7	97	458	59	401	3.59e-43	154
SJER01000008.1_142	AOJE01000025.1_39	31.3	348	217	7	124	466	97	427	8.18e-41	147
SJER01000008.1_142	WSZK01000033.1_23	29.3	372	246	5	102	471	75	431	1.24e-39	144
SJER01000008.1_142	CP101161.1_3067	31.8	349	220	5	115	462	9	340	2.52e-38	139
SJER01000008.1_143	SJER01000008.1_143	100	662	0	0	1	662	1	662	0.0	1287
SJER01000008.1_143	JAAOHU010000009.1_55	55.8	656	195	6	1	655	1	562	9.36e-236	661
SJER01000008.1_143	JAJCVI010000007.1_29	40.6	645	301	13	23	656	72	645	2.41e-130	394
SJER01000008.1_143	CP095494.1_51	35.6	707	351	13	23	646	17	702	9.49e-109	340
SJER01000008.1_143	CP119801.1_28	35.9	651	326	14	22	646	16	601	2.00e-104	326
SJER01000008.1_143	SRIF01000015.1_58	35.5	677	334	15	24	647	20	646	1.70e-101	320
SJER01000008.1_143	AOLZ01000012.1_34	34.3	680	393	13	18	662	14	674	6.46e-96	305
SJER01000008.1_143	CP019286.1_35	34.3	680	393	13	18	662	14	674	6.46e-96	305
SJER01000008.1_143	CP099999.1_27	35.0	618	352	14	26	636	17	591	7.11e-91	290
SJER01000008.1_143	FNFE01000011.1_37	32.7	630	397	9	22	636	19	636	4.31e-90	290
SJER01000008.1_143	CP019329.1_60	33.3	657	408	12	21	656	21	668	6.22e-87	281
SJER01000008.1_143	LWLN01000003.1_28	30.7	707	397	14	22	656	18	703	5.74e-80	264
SJER01000008.1_143	JAJCVI010000002.1_570	25.9	644	352	20	34	628	17	584	6.89e-28	114
SJER01000008.1_143	AOJE01000025.1_40	31.3	291	187	8	342	627	178	460	4.09e-27	110
SJER01000008.1_144	SJER01000008.1_144	100	816	0	0	1	816	1	816	0.0	1642
SJER01000008.1_144	LWLN01000003.1_29	68.4	800	250	3	16	813	30	828	0.0	1127
SJER01000008.1_144	AOLZ01000012.1_35	68.7	805	245	3	16	816	26	827	0.0	1117
SJER01000008.1_144	CP019286.1_34	68.7	805	245	3	16	816	26	827	0.0	1117
SJER01000008.1_144	CP084476.1_52	63.5	801	285	4	18	816	7	802	0.0	993
SJER01000008.1_144	SRIF01000015.1_56	46.0	813	418	9	16	813	8	814	6.92e-245	700
SJER01000008.1_144	CP119801.1_26	45.4	813	418	9	16	812	10	812	5.91e-243	695
SJER01000008.1_144	CP095494.1_52	45.8	812	416	11	16	812	13	815	3.08e-238	683
SJER01000008.1_144	CP031299.1_28	48.3	760	372	7	51	806	40	782	2.96e-236	677
SJER01000008.1_144	JDTG01000019.1_101	48.3	760	372	7	51	806	40	782	2.96e-236	677
SJER01000008.1_144	NC_015659.1_84	46.2	794	398	9	21	806	10	782	7.63e-234	671
SJER01000008.1_144	CP100004.1_22	46.2	810	400	14	16	811	4	791	2.55e-233	669
SJER01000008.1_144	WSZK01000033.1_21	45.5	804	415	10	19	812	16	806	2.86e-233	670
SJER01000008.1_144	AOIO01000049.1_112	46.7	777	383	10	39	806	30	784	9.26e-233	668
SJER01000008.1_144	CP019329.1_57	44.3	809	434	8	16	813	16	818	1.20e-232	669
SJER01000008.1_144	AOIP01000022.1_36	46.6	777	384	10	39	806	30	784	5.25e-232	666
SJER01000008.1_144	NC_013748.1_29	45.7	775	388	11	40	806	29	778	4.04e-227	653
SJER01000008.1_144	Frome_NODE_383_length_24936_cov_4.316346_20	42.5	816	433	12	18	812	26	826	5.71e-210	611
SJER01000008.1_144	Eyresouth_NODE_101_length_48437_cov_7.17035_28	42.5	816	433	12	18	812	26	826	1.14e-209	610
SJER01000008.1_144	Eyre_NODE_236_length_33155_cov_19.932_26	42.4	813	438	12	18	812	26	826	4.07e-207	603
SJER01000008.1_144	RJJW01000001.1_46	41.6	823	431	18	18	812	9	809	6.77e-204	595
SJER01000008.1_144	JAAOHU010000009.1_54	41.8	823	445	12	12	807	5	820	3.73e-201	588
SJER01000008.1_144	LOAJ01000002.1_44	38.6	836	470	16	1	803	1	826	7.21e-176	523
SJER01000008.1_144	KX906370.1_107	38.7	834	459	16	7	803	6	824	1.35e-175	523
SJER01000008.1_144	QKNW01000002.1_20	39.8	839	448	21	16	816	41	860	4.64e-174	520
SJER01000008.1_145	SJER01000008.1_145	100	318	0	0	1	318	1	318	2.26e-238	643
SJER01000008.1_145	CP084476.1_51	72.0	311	87	0	3	313	1	311	4.98e-170	470
SJER01000008.1_145	CP019286.1_33	62.8	312	113	2	3	313	1	310	3.60e-139	392
SJER01000008.1_145	AOLZ01000012.1_36	62.5	312	114	2	3	313	1	310	4.17e-138	389
SJER01000008.1_145	LWLN01000003.1_30	58.6	314	127	2	1	313	1	312	1.76e-130	370
SJER01000008.1_145	RJJW01000001.1_47	33.3	303	193	5	5	301	15	314	5.02e-51	167
SJER01000008.1_145	CP031299.1_29	34.6	295	182	5	9	295	14	305	2.56e-50	165
SJER01000008.1_145	JDTG01000019.1_102	34.6	295	182	5	9	295	14	305	2.56e-50	165
SJER01000008.1_145	WSZK01000033.1_20	33.5	281	170	4	25	293	66	341	9.91e-44	149
SJER01000008.1_145	NC_013748.1_30	31.8	267	175	4	25	287	35	298	8.70e-43	145
SJER01000008.1_145	Eyre_NODE_236_length_33155_cov_19.932_25	34.6	295	168	8	6	285	19	303	2.95e-42	144
SJER01000008.1_145	Eyresouth_NODE_101_length_48437_cov_7.17035_29	35.3	221	129	2	19	227	30	248	2.58e-38	134
SJER01000008.1_145	Frome_NODE_383_length_24936_cov_4.316346_21	35.3	221	129	2	19	227	30	248	2.58e-38	134
SJER01000008.1_146	SJER01000008.1_146	100	504	0	0	1	504	1	504	0.0	1010
SJER01000008.1_146	NC_015659.1_82	75.7	498	120	1	1	498	1	497	1.30e-282	771
SJER01000008.1_146	LWLN01000003.1_32	74.7	499	123	1	1	499	1	496	7.70e-279	761
SJER01000008.1_146	CP084476.1_50	73.6	497	128	1	3	499	2	495	8.61e-271	741
SJER01000008.1_146	NC_013748.1_31	73.1	499	129	1	1	499	1	494	1.67e-270	740
SJER01000008.1_146	AOIP01000022.1_38	70.3	528	123	3	1	498	1	524	3.68e-270	740
SJER01000008.1_146	CP031299.1_30	72.9	490	133	0	10	499	3	492	2.10e-268	734
SJER01000008.1_146	JDTG01000019.1_103	72.9	490	133	0	10	499	3	492	2.10e-268	734
SJER01000008.1_146	RJJW01000001.1_49	55.3	485	213	2	16	500	8	488	3.75e-186	526
SJER01000008.1_146	CP019329.1_54	50.0	518	230	4	7	500	9	521	4.56e-170	486
SJER01000008.1_146	SRIF01000015.1_53	49.3	509	227	5	17	500	7	509	2.52e-166	476
SJER01000008.1_146	CP119801.1_24	48.5	507	232	4	18	500	14	515	2.19e-161	464
SJER01000008.1_146	AOIO01000049.1_114	83.1	142	21	1	3	144	2	140	6.93e-81	245
SJER01000008.1_147	SJER01000008.1_147	100	103	0	0	1	103	1	103	1.63e-71	204
SJER01000008.1_148	SJER01000008.1_148	100	44	0	0	1	44	1	44	2.70e-26	85.5
SJER01000008.1_149	SJER01000008.1_149	100	403	0	0	1	403	1	403	1.66e-308	828
SJER01000008.1_149	FNFE01000011.1_44	45.9	364	175	7	40	403	22	363	2.83e-99	296
SJER01000008.1_149	Gairdner_NODE_107_length_49922_cov_74.384603_35	40.9	403	203	9	1	402	12	380	3.15e-96	289
SJER01000008.1_149	WSZK01000033.1_9	40.2	396	219	9	1	393	25	405	9.33e-78	242
SJER01000008.1_149	JAAOHU010000009.1_51	34.2	401	218	13	1	400	12	367	1.14e-61	199
SJER01000008.1_149	AOIP01000022.1_45	36.1	360	203	10	42	398	35	370	2.17e-58	191
SJER01000008.1_150	SJER01000008.1_150	100	85	0	0	1	85	1	85	9.39e-56	162
SJER01000008.1_151	SJER01000008.1_151	100	136	0	0	1	136	1	136	7.96e-99	275
SJER01000008.1_152	SJER01000008.1_152	100	96	0	0	1	96	1	96	1.14e-70	201
SJER01000008.1_153	SJER01000008.1_153	100	50	0	0	1	50	1	50	6.73e-36	110
SJER01000008.1_154	SJER01000008.1_154	100	69	0	0	1	69	1	69	4.04e-43	129
SJER01000008.1_155	SJER01000008.1_155	100	138	0	0	1	138	1	138	2.18e-106	295
SJER01000008.1_156	SJER01000008.1_156	100	112	0	0	1	112	1	112	9.40e-82	230
SJER01000008.1_157	SJER01000008.1_157	100	91	0	0	1	91	1	91	1.74e-65	187
SJER01000008.1_158	SJER01000008.1_158	100	123	0	0	1	123	1	123	3.25e-94	263
SJER01000008.1_158	Gairdner_NODE_167_length_41210_cov_9.888325_40	77.4	115	25	1	7	121	11	124	2.39e-65	190
