SRIF01000015.1_43	SRIF01000015.1_43	100	136	0	0	1	136	1	136	1.22e-102	285
SRIF01000015.1_44	SRIF01000015.1_44	100	137	0	0	1	137	1	137	1.60e-103	287
SRIF01000015.1_45	SRIF01000015.1_45	100	167	0	0	1	167	1	167	4.28e-118	327
SRIF01000015.1_46	SRIF01000015.1_46	100	133	0	0	1	133	1	133	6.12e-97	270
SRIF01000015.1_47	SRIF01000015.1_47	100	270	0	0	1	270	1	270	1.75e-211	571
SRIF01000015.1_47	AOLZ01000012.1_37	49.1	267	121	5	1	259	1	260	6.72e-80	238
SRIF01000015.1_47	CP019286.1_32	49.1	267	121	5	1	259	1	260	6.72e-80	238
SRIF01000015.1_47	CP019329.1_53	51.0	259	114	6	5	257	29	280	9.48e-80	238
SRIF01000015.1_47	CP031299.1_31	49.4	265	118	5	1	257	1	257	1.85e-79	237
SRIF01000015.1_47	JDTG01000019.1_104	49.4	265	118	5	1	257	1	257	1.85e-79	237
SRIF01000015.1_47	LWLN01000003.1_33	47.9	265	123	5	1	257	1	258	5.43e-79	236
SRIF01000015.1_47	CP084476.1_49	47.3	262	129	5	1	257	1	258	3.25e-75	226
SRIF01000015.1_48	SRIF01000015.1_48	100	112	0	0	1	112	1	112	5.87e-85	238
SRIF01000015.1_49	SRIF01000015.1_49	100	73	0	0	1	73	1	73	1.03e-49	146
SRIF01000015.1_50	SRIF01000015.1_50	100	481	0	0	1	481	1	481	0.0	961
SRIF01000015.1_51	SRIF01000015.1_51	100	390	0	0	1	390	1	390	5.22e-294	790
SRIF01000015.1_52	SRIF01000015.1_52	100	81	0	0	1	81	1	81	1.04e-57	167
SRIF01000015.1_53	SRIF01000015.1_53	100	510	0	0	1	510	1	510	0.0	1037
SRIF01000015.1_53	CP119801.1_24	67.3	502	164	0	8	509	14	515	3.08e-263	723
SRIF01000015.1_53	CP019329.1_54	67.4	506	165	0	4	509	16	521	6.58e-257	707
SRIF01000015.1_53	RJJW01000001.1_49	53.8	506	209	3	5	509	7	488	5.24e-200	561
SRIF01000015.1_53	LWLN01000003.1_32	50.1	507	224	4	6	507	13	495	2.92e-174	496
SRIF01000015.1_53	NC_013748.1_31	50.3	511	224	5	3	507	7	493	1.10e-173	494
SRIF01000015.1_53	NC_015659.1_82	49.5	517	225	6	2	507	6	497	3.33e-171	488
SRIF01000015.1_53	SJER01000008.1_146	49.4	514	228	6	2	509	13	500	9.70e-169	482
SRIF01000015.1_53	CP031299.1_30	49.1	507	229	4	6	507	9	491	3.30e-167	478
SRIF01000015.1_53	JDTG01000019.1_103	49.1	507	229	4	6	507	9	491	3.30e-167	478
SRIF01000015.1_53	AOIP01000022.1_38	47.9	536	220	5	7	507	13	524	3.52e-167	479
SRIF01000015.1_53	CP084476.1_50	48.6	510	230	5	3	507	12	494	5.93e-166	475
SRIF01000015.1_53	AOIO01000049.1_114	55.9	152	43	1	7	158	13	140	3.24e-52	171
SRIF01000015.1_54	SRIF01000015.1_54	100	118	0	0	1	118	1	118	9.17e-85	238
SRIF01000015.1_55	SRIF01000015.1_55	100	320	0	0	1	320	1	320	3.32e-232	628
SRIF01000015.1_55	CP119801.1_25	52.2	314	148	1	4	317	7	318	6.30e-113	326
SRIF01000015.1_55	CP095494.1_53	53.0	313	145	1	5	317	8	318	1.27e-112	325
SRIF01000015.1_55	CP019329.1_55	50.3	316	154	2	2	316	6	319	1.09e-106	310
SRIF01000015.1_55	AOIP01000022.1_37	38.1	302	177	6	9	307	11	305	2.57e-65	204
SRIF01000015.1_55	AOIO01000049.1_113	37.3	308	183	6	3	307	5	305	5.72e-64	201
SRIF01000015.1_55	NC_013748.1_30	37.7	302	182	5	7	307	8	304	3.46e-62	196
SRIF01000015.1_55	NC_015659.1_83	37.7	300	181	5	9	307	11	305	3.95e-61	193
SRIF01000015.1_55	CP100004.1_23	34.6	306	188	6	17	317	25	323	8.29e-56	180
SRIF01000015.1_55	CP031299.1_29	36.0	292	179	7	26	316	27	311	4.51e-52	170
SRIF01000015.1_55	JDTG01000019.1_102	36.0	292	179	7	26	316	27	311	4.51e-52	170
SRIF01000015.1_55	WSZK01000033.1_20	34.9	298	169	8	33	317	65	350	8.26e-42	144
SRIF01000015.1_56	SRIF01000015.1_56	100	817	0	0	1	817	1	817	0.0	1625
SRIF01000015.1_56	CP095494.1_52	65.6	811	274	4	6	815	11	817	0.0	1045
SRIF01000015.1_56	CP019329.1_57	64.6	809	282	4	6	814	14	818	0.0	1040
SRIF01000015.1_56	CP119801.1_26	62.9	808	297	3	6	813	8	812	0.0	1018
SRIF01000015.1_56	CP100004.1_22	55.6	813	332	10	6	812	2	791	5.91e-305	852
SRIF01000015.1_56	CP031299.1_28	53.0	793	347	7	22	812	19	787	2.76e-284	799
SRIF01000015.1_56	JDTG01000019.1_101	53.0	793	347	7	22	812	19	787	2.76e-284	799
SRIF01000015.1_56	NC_013748.1_29	54.6	786	323	9	31	812	28	783	3.40e-284	799
SRIF01000015.1_56	AOIO01000049.1_112	52.5	805	354	9	12	812	9	789	9.64e-283	795
SRIF01000015.1_56	NC_015659.1_84	54.6	764	316	6	60	812	44	787	2.93e-281	791
SRIF01000015.1_56	AOIP01000022.1_36	52.2	805	357	9	12	812	9	789	1.27e-280	790
SRIF01000015.1_56	WSZK01000033.1_21	50.8	811	379	9	7	813	12	806	2.55e-274	775
SRIF01000015.1_56	Eyresouth_NODE_101_length_48437_cov_7.17035_28	52.8	723	309	9	98	811	125	824	9.21e-259	736
SRIF01000015.1_56	Frome_NODE_383_length_24936_cov_4.316346_20	52.7	723	310	9	98	811	125	824	1.85e-258	735
SRIF01000015.1_56	Eyre_NODE_236_length_33155_cov_19.932_26	51.9	722	317	8	98	811	125	824	1.69e-256	730
SRIF01000015.1_56	RJJW01000001.1_46	46.8	831	393	12	6	813	5	809	6.20e-247	705
SRIF01000015.1_56	SJER01000008.1_144	46.0	813	418	9	8	814	16	813	1.96e-244	699
SRIF01000015.1_56	AOLZ01000012.1_35	45.6	816	422	9	7	815	25	825	7.31e-242	692
SRIF01000015.1_56	CP019286.1_34	45.6	816	422	9	7	815	25	825	7.31e-242	692
SRIF01000015.1_56	LWLN01000003.1_29	45.4	821	420	10	7	817	29	831	3.46e-238	683
SRIF01000015.1_56	JAAOHU010000009.1_54	43.9	832	422	13	8	811	9	823	2.36e-214	622
SRIF01000015.1_56	CP084476.1_52	43.0	820	433	13	6	814	3	799	9.45e-211	612
SRIF01000015.1_56	CP101158.1_93	42.5	830	426	16	11	808	13	823	4.23e-204	596
SRIF01000015.1_56	LOAJ01000002.1_44	43.0	789	416	11	43	808	53	830	3.84e-201	588
SRIF01000015.1_56	KX906370.1_107	41.1	818	444	14	12	808	28	828	1.43e-197	579
SRIF01000015.1_57	SRIF01000015.1_57	100	112	0	0	1	112	1	112	1.14e-73	210
SRIF01000015.1_58	SRIF01000015.1_58	100	659	0	0	1	659	1	659	0.0	1286
SRIF01000015.1_58	CP095494.1_51	40.8	715	332	13	1	641	1	698	1.52e-154	459
SRIF01000015.1_58	CP119801.1_28	43.8	641	314	10	1	640	1	596	1.59e-154	455
SRIF01000015.1_58	JAAOHU010000009.1_55	36.3	642	308	9	8	647	13	555	3.02e-115	353
SRIF01000015.1_58	FNFE01000011.1_37	37.9	642	359	13	20	641	21	642	7.10e-113	349
SRIF01000015.1_58	AOLZ01000012.1_34	38.1	675	365	13	1	641	1	656	2.25e-111	346
SRIF01000015.1_58	CP019286.1_35	38.1	675	365	13	1	641	1	656	2.25e-111	346
SRIF01000015.1_58	CP019329.1_60	36.7	640	376	9	20	641	24	652	2.85e-111	345
SRIF01000015.1_58	CP099999.1_27	37.8	616	328	13	23	632	22	588	1.46e-104	326
SRIF01000015.1_58	LWLN01000003.1_28	34.6	702	381	11	1	640	1	686	9.24e-102	322
SRIF01000015.1_58	JAJCVI010000007.1_29	37.0	643	310	15	26	649	79	645	2.43e-100	316
SRIF01000015.1_58	SJER01000008.1_143	37.6	654	369	18	25	659	29	662	9.76e-100	315
SRIF01000015.1_58	AOJE01000025.1_40	33.8	287	182	4	341	624	177	458	5.99e-37	140
SRIF01000015.1_58	CP101158.1_91	29.5	319	209	8	315	627	252	560	7.53e-27	110
SRIF01000015.1_58	CP100004.1_19	31.1	161	99	2	15	163	4	164	6.68e-08	50.8
SRIF01000015.1_59	SRIF01000015.1_59	100	467	0	0	1	467	1	467	0.0	890
SRIF01000015.1_59	CP095494.1_50	58.1	437	175	3	19	452	12	443	5.50e-162	461
SRIF01000015.1_59	CP119801.1_29	58.6	391	161	1	66	455	65	455	1.14e-160	458
SRIF01000015.1_59	CP099999.1_28	54.2	369	168	1	62	430	51	418	2.07e-131	383
SRIF01000015.1_59	AOLZ01000012.1_33	47.5	461	222	5	8	465	5	448	4.71e-131	382
SRIF01000015.1_59	CP019286.1_36	47.5	461	222	5	8	465	5	448	4.71e-131	382
SRIF01000015.1_59	FNFE01000011.1_36	47.9	426	220	2	5	430	2	425	1.85e-123	363
SRIF01000015.1_59	JAAOHU010000009.1_56	48.6	401	199	2	66	465	77	471	3.37e-123	363
SRIF01000015.1_59	SJER01000008.1_142	46.5	456	211	5	2	425	4	458	2.76e-122	362
SRIF01000015.1_59	CP019329.1_61	50.7	363	178	1	67	429	85	446	2.96e-122	361
SRIF01000015.1_59	LWLN01000003.1_27	48.8	428	200	4	6	430	5	416	1.78e-121	358
SRIF01000015.1_59	JAJCVI010000007.1_28	48.8	367	167	3	70	425	79	435	3.05e-110	330
SRIF01000015.1_59	NC_015659.1_86	35.5	423	241	8	14	426	2	402	8.96e-64	208
SRIF01000015.1_59	CP084476.1_54	35.1	419	249	6	14	426	3	404	1.69e-58	194
SRIF01000015.1_59	NC_013748.1_27	34.4	360	219	3	67	426	60	402	2.51e-56	188
SRIF01000015.1_59	AOIO01000049.1_110	34.0	415	250	7	15	426	3	396	4.43e-55	185
SRIF01000015.1_59	Gairdner_NODE_107_length_49922_cov_74.384603_28	34.3	408	247	5	19	425	5	392	1.65e-54	183
SRIF01000015.1_59	AOIP01000022.1_34	33.7	415	251	7	15	426	3	396	1.69e-54	183
SRIF01000015.1_59	BBJN01000020.1_45	35.6	376	223	4	54	426	41	400	7.36e-54	182
SRIF01000015.1_59	FOXI01000018.1_40	35.2	364	219	3	64	426	59	406	2.29e-53	181
SRIF01000015.1_59	JAANTI010000009.1_15	35.2	364	219	3	64	426	59	406	2.29e-53	181
SRIF01000015.1_59	RJJW01000001.1_44	32.1	393	236	4	56	424	62	447	2.53e-52	179
SRIF01000015.1_59	CP101161.1_3067	32.9	350	216	5	83	430	9	341	2.37e-46	160
SRIF01000015.1_59	AOJE01000025.1_39	32.6	359	220	8	74	427	77	418	7.77e-45	158
SRIF01000015.1_59	JAJCVI010000002.1_569	31.8	327	204	5	74	398	78	387	1.11e-40	147
SRIF01000015.1_60	SRIF01000015.1_60	100	357	0	0	1	357	1	357	4.00e-254	686
SRIF01000015.1_60	CP019329.1_62	36.9	301	181	4	1	300	1	293	5.32e-52	171
SRIF01000015.1_61	SRIF01000015.1_61	100	235	0	0	1	235	1	235	1.35e-168	460
SRIF01000015.1_61	CP119801.1_31	40.1	242	124	2	12	235	6	244	8.09e-55	172
SRIF01000015.1_61	CP095494.1_48	38.2	233	128	3	15	235	10	238	1.11e-47	153
SRIF01000015.1_61	CP099999.1_30	36.0	222	126	3	12	233	14	219	1.05e-37	127
SRIF01000015.1_61	AOLZ01000012.1_31	41.0	161	93	1	12	172	15	173	1.52e-37	127
SRIF01000015.1_61	CP019286.1_38	41.0	161	93	1	12	172	15	173	1.52e-37	127
SRIF01000015.1_61	SJER01000008.1_140	38.0	179	108	3	19	196	13	189	1.91e-34	119
SRIF01000015.1_61	CP019329.1_63	37.7	159	97	1	20	178	24	180	3.20e-34	118
SRIF01000015.1_61	JAJCVI010000007.1_26	34.1	229	121	7	35	233	27	255	1.73e-33	117
SRIF01000015.1_61	LWLN01000003.1_25	37.8	164	100	1	15	178	17	178	5.79e-33	115
SRIF01000015.1_61	FNFE01000011.1_34	39.9	158	93	1	15	172	15	170	1.14e-32	114
SRIF01000015.1_61	JAAOHU010000009.1_58	38.9	162	97	2	17	178	10	169	1.63e-31	112
SRIF01000015.1_61	KX906370.1_103	26.2	187	129	3	18	204	21	198	5.51e-18	75.1
SRIF01000015.1_61	CP101161.1_3065	29.9	174	112	5	20	190	10	176	5.84e-18	74.7
SRIF01000015.1_61	KX687704.1_22	25.7	187	130	3	18	204	21	198	1.46e-16	71.2
SRIF01000015.1_61	Eyre_NODE_236_length_33155_cov_19.932_30	31.2	157	104	3	13	169	16	168	1.66e-16	72.0
SRIF01000015.1_61	NC_013748.1_25	30.3	132	84	3	42	170	35	161	1.82e-16	70.9
SRIF01000015.1_61	AOJE01000051.1_25	26.8	164	116	2	18	181	20	179	5.38e-16	69.7
SRIF01000015.1_61	JAJCVI010000002.1_567	28.5	158	100	4	20	172	7	156	1.09e-14	65.9
SRIF01000015.1_61	Eyresouth_NODE_101_length_48437_cov_7.17035_24	29.3	157	107	3	13	169	16	168	1.99e-14	66.2
SRIF01000015.1_61	Frome_NODE_383_length_24936_cov_4.316346_16	29.3	157	107	3	13	169	16	168	1.99e-14	66.2
SRIF01000015.1_62	SRIF01000015.1_62	100	118	0	0	1	118	1	118	3.20e-85	239
SRIF01000015.1_63	SRIF01000015.1_63	100	349	0	0	1	349	1	349	3.66e-230	625
SRIF01000015.1_64	SRIF01000015.1_64	100	106	0	0	1	106	1	106	4.11e-71	203
SRIF01000015.1_64	CP119801.1_33	48.5	99	44	1	4	102	3	94	1.91e-26	90.1
SRIF01000015.1_64	CP095494.1_46	44.9	98	47	1	5	102	4	94	5.88e-23	81.3
SRIF01000015.1_64	SJER01000008.1_138	33.0	100	66	1	4	103	4	102	2.45e-12	54.3
SRIF01000015.1_65	SRIF01000015.1_65	100	77	0	0	1	77	1	77	1.27e-45	136
SRIF01000015.1_65	CP119801.1_34	43.5	46	26	0	15	60	16	61	1.16e-08	43.1
SRIF01000015.1_65	SJER01000008.1_137	36.4	44	28	0	14	57	15	58	1.03e-06	38.1
SRIF01000015.1_65	CP099999.1_33	40.0	55	33	0	15	69	15	69	3.07e-06	37.4
SRIF01000015.1_66	SRIF01000015.1_66	100	306	0	0	1	306	1	306	1.09e-214	582
SRIF01000015.1_66	CP095494.1_44	49.8	295	137	4	13	304	13	299	1.68e-90	268
SRIF01000015.1_66	CP119801.1_35	49.8	265	124	4	34	297	37	293	1.23e-82	248
SRIF01000015.1_66	SJER01000008.1_136	48.4	308	143	8	3	303	119	417	2.80e-81	248
SRIF01000015.1_66	JAAOHU010000009.1_62	50.2	259	122	4	34	291	152	404	3.24e-76	235
SRIF01000015.1_66	FOXI01000018.1_47	41.6	291	160	7	8	295	8	291	3.11e-54	174
SRIF01000015.1_66	JAANTI010000009.1_8	41.6	291	160	7	8	295	8	291	3.11e-54	174
SRIF01000015.1_66	JAJCVI010000007.1_22	37.7	305	176	9	3	298	127	426	6.80e-53	175
SRIF01000015.1_66	CP099999.1_34	41.8	244	124	7	57	294	173	404	1.76e-52	173
SRIF01000015.1_66	BBJN01000020.1_39	40.7	285	160	6	13	295	13	290	2.61e-52	169
SRIF01000015.1_66	FNFE01000011.1_30	37.3	263	150	6	38	294	133	386	1.82e-51	170
SRIF01000015.1_66	Gairdner_NODE_107_length_49922_cov_74.384603_21	39.1	281	160	7	14	291	15	287	1.72e-50	165
SRIF01000015.1_66	RJJW01000001.1_38	35.6	261	159	3	34	293	45	297	1.02e-49	163
SRIF01000015.1_66	LWLN01000003.1_21	35.7	294	166	11	21	305	37	316	1.43e-47	158
SRIF01000015.1_66	CP019286.1_42	37.0	297	170	5	4	294	123	408	1.78e-47	160
SRIF01000015.1_66	WSZK01000033.1_29	35.2	287	173	6	13	294	13	291	2.32e-47	157
SRIF01000015.1_66	AOLZ01000012.1_27	37.0	297	170	5	4	294	123	408	3.16e-47	160
SRIF01000015.1_66	NC_015659.1_92	39.1	271	154	6	18	284	19	282	9.06e-47	155
SRIF01000015.1_66	KX906370.1_99	35.1	302	181	5	10	304	11	304	2.11e-41	141
SRIF01000015.1_66	KX687704.1_18	34.1	302	184	5	10	304	11	304	6.17e-40	137
SRIF01000015.1_66	CP101158.1_84	32.6	276	164	6	37	301	52	316	1.08e-37	132
SRIF01000015.1_66	CP101161.1_3061	35.0	257	148	8	33	284	26	268	8.80e-34	121
SRIF01000015.1_66	AOJE01000025.1_34	29.4	255	161	8	33	284	34	272	2.94e-24	95.5
SRIF01000015.1_67	SRIF01000015.1_67	100	106	0	0	1	106	1	106	2.89e-71	203
SRIF01000015.1_67	CP119801.1_36	51.4	107	45	2	5	106	3	107	1.54e-27	93.2
SRIF01000015.1_68	SRIF01000015.1_68	100	116	0	0	1	116	1	116	2.65e-74	212
SRIF01000015.1_68	CP119801.1_37	58.9	95	39	0	1	95	1	95	1.18e-32	106
SRIF01000015.1_68	CP095494.1_42	49.0	98	50	0	11	108	2	99	6.76e-29	97.1
SRIF01000015.1_69	SRIF01000015.1_69	100	135	0	0	1	135	1	135	2.04e-96	269
SRIF01000015.1_69	CP119801.1_38	60.2	128	48	1	5	132	7	131	1.88e-48	148
SRIF01000015.1_69	CP095494.1_41	60.5	124	46	1	9	132	11	131	5.37e-48	147
SRIF01000015.1_69	FNFE01000011.1_29	52.0	98	44	1	36	133	20	114	1.65e-31	104
SRIF01000015.1_69	JAJCVI010000007.1_21	43.7	119	67	0	5	123	11	129	6.37e-30	101
SRIF01000015.1_69	JAAOHU010000009.1_63	44.5	119	65	1	2	119	9	127	7.87e-30	101
SRIF01000015.1_69	CP099999.1_35	50.0	98	46	1	36	133	20	114	2.85e-27	94.0
SRIF01000015.1_69	Gairdner_NODE_167_length_41210_cov_9.888325_27	39.4	109	63	2	3	108	8	116	1.61e-12	56.6
SRIF01000015.1_70	SRIF01000015.1_70	100	125	0	0	1	125	1	125	1.13e-86	244
SRIF01000015.1_70	CP119801.1_39	67.5	40	13	0	12	51	12	51	4.25e-14	58.5
SRIF01000015.1_70	SJER01000008.1_134	54.8	42	19	0	8	49	8	49	1.27e-08	44.3
SRIF01000015.1_70	AOLZ01000012.1_24	57.5	40	17	0	6	45	6	45	2.95e-06	38.1
SRIF01000015.1_70	CP019286.1_45	57.5	40	17	0	6	45	6	45	2.95e-06	38.1
SRIF01000015.1_71	SRIF01000015.1_71	100	244	0	0	1	244	1	244	3.43e-171	467
SRIF01000015.1_71	CP095494.1_40	41.4	215	118	3	28	237	35	246	3.58e-48	155
SRIF01000015.1_71	JAAOHU010000009.1_65	36.1	249	134	8	2	234	3	242	5.12e-39	132
SRIF01000015.1_71	JAJCVI010000007.1_19	37.0	238	125	9	19	237	26	257	6.80e-38	130
SRIF01000015.1_72	SRIF01000015.1_72	100	176	0	0	1	176	1	176	1.16e-124	344
SRIF01000015.1_73	SRIF01000015.1_73	100	270	0	0	1	270	1	270	2.72e-190	518
SRIF01000015.1_73	CP031299.1_11	41.7	187	99	3	76	261	70	247	1.26e-34	121
SRIF01000015.1_73	JDTG01000019.1_84	41.7	187	99	3	76	261	70	247	1.26e-34	121
SRIF01000015.1_74	SRIF01000015.1_74	100	352	0	0	1	352	1	352	1.32e-229	624
SRIF01000015.1_74	CP100004.1_4	27.6	323	192	16	9	315	13	309	3.00e-08	50.1
SRIF01000015.1_74	Frome_NODE_383_length_24936_cov_4.316346_7	34.0	150	79	8	6	148	16	152	3.81e-04	37.4
SRIF01000015.1_75	SRIF01000015.1_75	100	247	0	0	1	247	1	247	1.52e-180	491
SRIF01000015.1_75	CP084476.1_69	54.6	207	92	2	39	244	1	206	4.55e-73	218
SRIF01000015.1_76	SRIF01000015.1_76	100	547	0	0	1	547	1	547	0.0	1123
SRIF01000015.1_77	SRIF01000015.1_77	100	235	0	0	1	235	1	235	6.27e-183	496
SRIF01000015.1_77	CP084476.1_74	28.1	224	119	13	4	193	3	218	8.26e-10	53.1
SRIF01000015.1_78	SRIF01000015.1_78	100	537	0	0	1	537	1	537	0.0	1003
SRIF01000015.1_78	FOXI01000018.1_54	36.4	511	278	12	54	537	43	533	1.64e-65	218
SRIF01000015.1_78	SJER01000008.1_128	33.7	576	300	21	2	534	3	539	1.52e-64	215
SRIF01000015.1_78	JAANTI010000009.1_1	38.3	446	237	10	110	537	38	463	3.67e-63	209
SRIF01000015.1_78	BBJN01000020.1_33	35.1	516	286	17	41	537	50	535	3.62e-57	195
SRIF01000015.1_78	Eyresouth_NODE_101_length_48437_cov_7.17035_10	35.0	528	284	23	7	514	29	517	9.29e-52	181
SRIF01000015.1_78	JAJCVI010000007.1_14	33.7	493	279	14	50	514	50	522	1.24e-50	177
SRIF01000015.1_78	CP101161.1_3056	31.8	538	303	18	2	514	3	501	5.66e-49	173
SRIF01000015.1_78	Frome_NODE_383_length_24936_cov_4.316346_2	36.9	466	237	23	7	452	29	457	7.78e-48	170
SRIF01000015.1_78	JAJCVI010000002.1_558	31.4	523	316	15	11	516	16	512	5.90e-46	164
SRIF01000015.1_78	JDTG01000019.1_82	32.3	538	299	22	21	531	20	519	3.05e-42	154
SRIF01000015.1_78	AOJE01000025.1_28	31.0	490	290	16	26	508	20	468	1.97e-41	151
SRIF01000015.1_78	JAAOHU010000009.1_3	32.3	489	277	17	47	514	40	495	1.16e-40	149
SRIF01000015.1_78	CP100004.1_1	40.4	265	148	5	255	517	2	258	5.95e-40	142
SRIF01000015.1_78	Gairdner_NODE_107_length_49922_cov_74.384603_13	32.6	479	272	17	28	488	32	477	8.40e-40	147
SRIF01000015.1_78	AOIO01000049.1_91	38.9	285	164	5	246	527	519	796	4.74e-38	144
SRIF01000015.1_78	KX687704.1_8	32.5	499	272	20	50	514	65	532	4.94e-38	142
SRIF01000015.1_78	KX906370.1_89	32.5	499	272	20	50	514	65	532	4.94e-38	142
SRIF01000015.1_78	CP031299.1_9	40.3	253	131	8	239	489	28	262	8.91e-32	120
SRIF01000015.1_78	Eyre_NODE_236_length_33155_cov_19.932_44	42.4	245	129	7	273	514	1	236	1.21e-30	115
SRIF01000015.1_78	AOJE01000051.1_48	40.9	259	131	11	266	518	6	248	3.37e-29	112
SRIF01000015.1_79	SRIF01000015.1_79	100	1216	0	0	1	1216	1	1216	0.0	2363
SRIF01000015.1_79	JAJCVI010000002.1_557	28.1	860	519	25	351	1166	519	1323	2.30e-76	273
SRIF01000015.1_79	NC_015659.1_102	28.6	858	521	27	332	1161	258	1051	4.69e-69	248
SRIF01000015.1_79	CP095494.1_34	28.4	838	524	28	352	1173	257	1034	9.03e-64	232
SRIF01000015.1_79	LWLN01000003.1_13	30.0	761	460	29	429	1171	405	1110	2.50e-62	228
SRIF01000015.1_79	CP095494.1_33	27.7	851	527	27	342	1171	364	1147	1.26e-59	219
SRIF01000015.1_79	CP101158.1_74	25.3	1013	605	33	212	1175	256	1165	3.96e-58	215
SRIF01000015.1_79	AOIO01000049.1_89	26.6	872	538	28	352	1197	263	1058	7.72e-58	213
SRIF01000015.1_79	Gairdner_NODE_167_length_41210_cov_9.888325_32	28.9	643	404	17	554	1175	753	1363	6.09e-56	208
SRIF01000015.1_79	Eyresouth_NODE_101_length_48437_cov_7.17035_9	24.2	921	581	24	353	1199	265	1142	1.69e-49	187
SRIF01000015.1_79	JDTG01000019.1_67	25.6	890	552	29	352	1196	454	1278	2.46e-48	184
SRIF01000015.1_79	CP099999.1_41	24.3	914	590	26	301	1175	299	1149	1.35e-46	178
SRIF01000015.1_79	Frome_NODE_383_length_24936_cov_4.316346_1	30.6	363	237	8	835	1191	163	516	8.13e-40	152
SRIF01000015.1_79	Gairdner_NODE_107_length_49922_cov_74.384603_12	24.2	994	618	36	276	1192	454	1389	8.02e-38	150
SRIF01000015.1_80	SRIF01000015.1_80	100	336	0	0	1	336	1	336	1.61e-247	668
SRIF01000015.1_81	SRIF01000015.1_81	100	64	0	0	1	64	1	64	6.99e-44	131
SRIF01000015.1_82	SRIF01000015.1_82	100	165	0	0	1	165	1	165	5.81e-106	296
SRIF01000015.1_82	QKNW01000002.1_44	45.5	165	70	2	1	165	1	145	9.80e-34	112
SRIF01000015.1_82	QKNW01000002.1_43	46.8	156	57	3	1	156	1	130	5.88e-31	105
SRIF01000015.1_82	JAJCVI010000002.1_549	41.8	153	63	4	1	153	1	127	1.41e-22	83.6
SRIF01000015.1_82	Gairdner_NODE_107_length_49922_cov_74.384603_9	42.1	140	58	4	1	133	1	124	4.88e-20	78.6
SRIF01000015.1_82	JAJCVI010000002.1_550	40.0	160	75	5	1	157	1	142	6.44e-20	77.0
SRIF01000015.1_82	Gairdner_NODE_107_length_49922_cov_74.384603_10	40.1	162	56	6	22	159	1	145	4.99e-19	74.7
SRIF01000015.1_82	BBJN01000020.1_27	51.0	104	38	4	3	106	5	95	1.58e-17	71.6
SRIF01000015.1_82	BBJN01000020.1_30	41.2	131	47	3	3	133	5	105	9.00e-17	68.6
SRIF01000015.1_82	JAJCVI010000002.1_548	40.7	150	56	5	1	144	1	123	1.05e-16	68.2
SRIF01000015.1_82	WSZK01000033.1_39	39.6	154	73	4	9	160	37	172	7.78e-16	67.0
SRIF01000015.1_82	WSZK01000033.1_40	43.9	107	49	3	1	106	1	97	5.22e-14	62.4
SRIF01000015.1_82	BBJN01000020.1_29	45.0	100	34	4	9	108	9	87	8.13e-14	60.8
SRIF01000015.1_82	JDTG01000019.1_71	60.3	58	22	1	9	65	15	72	2.39e-11	54.3
SRIF01000015.1_82	SJER01000008.1_124	58.8	68	22	3	1	66	1	64	1.99e-10	51.6
SRIF01000015.1_82	LWLN01000003.1_3	78.9	38	8	0	9	46	15	52	4.47e-10	51.2
SRIF01000015.1_82	LWLN01000003.1_2	74.4	39	10	0	8	46	14	52	5.18e-10	51.2
SRIF01000015.1_82	SJER01000008.1_123	50.0	88	37	4	9	95	10	91	5.48e-10	50.4
SRIF01000015.1_82	CP101158.1_69	37.4	155	75	4	10	160	13	149	8.35e-10	50.4
SRIF01000015.1_82	SJER01000008.1_122	78.9	38	8	0	9	46	10	47	9.57e-10	50.1
SRIF01000015.1_82	CP095494.1_28	60.8	51	20	0	8	58	13	63	2.77e-09	48.9
SRIF01000015.1_82	JAJCVI010000002.1_551	51.6	31	15	0	22	52	1	31	9.73e-05	36.2
SRIF01000015.1_82	CP119801.1_55	34.1	82	44	1	22	103	1	72	7.59e-04	33.9
SRIF01000015.1_83	SRIF01000015.1_83	100	143	0	0	1	143	1	143	1.20e-101	283
SRIF01000015.1_84	SRIF01000015.1_84	100	84	0	0	1	84	1	84	2.14e-56	164
SRIF01000015.1_85	SRIF01000015.1_85	100	108	0	0	1	108	1	108	6.99e-82	230
SRIF01000015.1_86	SRIF01000015.1_86	100	53	0	0	1	53	1	53	3.25e-33	103
SRIF01000015.1_87	SRIF01000015.1_87	100	332	0	0	1	332	1	332	5.16e-242	654
SRIF01000015.1_87	WSZK01000033.1_43	38.0	326	194	4	1	321	1	323	1.46e-66	208
SRIF01000015.1_87	QKNW01000002.1_7	35.0	329	212	2	1	328	1	328	4.59e-61	194
SRIF01000015.1_87	JAJCVI010000002.1_546	33.5	331	214	3	1	328	1	328	2.32e-58	187
SRIF01000015.1_87	Gairdner_NODE_167_length_41210_cov_9.888325_13	31.6	332	223	3	1	331	6	334	3.86e-43	147
SRIF01000015.1_87	AOLZ01000012.1_11	29.8	325	222	5	1	321	1	323	5.62e-38	134
SRIF01000015.1_87	CP019286.1_59	29.8	325	222	5	1	321	1	323	5.62e-38	134
SRIF01000015.1_87	AOIP01000022.1_10	29.3	338	221	6	1	328	1	330	5.88e-36	129
SRIF01000015.1_87	CP084476.1_87	25.5	337	236	5	1	328	1	331	5.84e-24	96.3
SRIF01000015.1_88	SRIF01000015.1_88	100	81	0	0	1	81	1	81	2.55e-58	169
SRIF01000015.1_89	SRIF01000015.1_89	100	106	0	0	1	106	1	106	2.03e-71	204
SRIF01000015.1_90	SRIF01000015.1_90	100	123	0	0	1	123	1	123	3.14e-83	235
SRIF01000015.1_91	SRIF01000015.1_91	100	140	0	0	1	140	1	140	6.72e-93	261
SRIF01000015.1_92	SRIF01000015.1_92	100	72	0	0	1	72	1	72	2.85e-51	150
SRIF01000015.1_93	SRIF01000015.1_93	100	107	0	0	1	107	1	107	2.19e-71	204
SRIF01000015.1_94	SRIF01000015.1_94	100	39	0	0	1	39	1	39	5.46e-24	79.3
