WSZK01000033.1_7	WSZK01000033.1_7	100	109	0	0	1	109	1	109	8.48e-79	223
WSZK01000033.1_8	WSZK01000033.1_8	100	382	0	0	1	382	1	382	6.37e-243	660
WSZK01000033.1_9	WSZK01000033.1_9	100	416	0	0	1	416	1	416	2.04e-311	836
WSZK01000033.1_9	CP119801.1_19	39.2	403	220	10	11	409	3	384	9.47e-81	249
WSZK01000033.1_9	AOLZ01000012.1_46	41.8	373	190	10	41	409	28	377	2.11e-80	248
WSZK01000033.1_9	CP019286.1_23	41.8	373	190	10	41	409	28	377	2.11e-80	248
WSZK01000033.1_9	AOIP01000022.1_45	40.6	379	184	12	41	408	20	368	1.31e-79	246
WSZK01000033.1_9	SJER01000008.1_149	40.2	396	219	9	25	405	1	393	9.63e-78	242
WSZK01000033.1_9	LWLN01000003.1_42	40.1	394	195	13	29	409	4	369	1.62e-77	241
WSZK01000033.1_9	NC_013748.1_37	44.4	311	158	7	103	409	67	366	2.09e-77	240
WSZK01000033.1_9	Gairdner_NODE_107_length_49922_cov_74.384603_35	41.0	398	188	13	18	402	5	368	2.49e-77	241
WSZK01000033.1_9	CP031299.1_40	43.0	323	166	8	92	408	68	378	6.09e-74	232
WSZK01000033.1_9	JDTG01000019.1_113	43.0	323	166	8	92	408	68	378	6.09e-74	232
WSZK01000033.1_9	FNFE01000011.1_44	41.9	341	175	9	76	408	35	360	1.81e-73	230
WSZK01000033.1_10	WSZK01000033.1_10	100	141	0	0	1	141	1	141	1.58e-105	293
WSZK01000033.1_10	JAAOHU010000009.1_30	43.8	73	37	1	17	89	67	135	1.14e-18	72.8
WSZK01000033.1_11	WSZK01000033.1_11	100	74	0	0	1	74	1	74	3.28e-51	150
WSZK01000033.1_12	WSZK01000033.1_12	100	72	0	0	1	72	1	72	3.46e-52	152
WSZK01000033.1_13	WSZK01000033.1_13	100	75	0	0	1	75	1	75	3.65e-53	155
WSZK01000033.1_14	WSZK01000033.1_14	100	498	0	0	1	498	1	498	0.0	1021
WSZK01000033.1_14	JAJCVI010000007.1_5	33.0	188	103	6	6	186	3	174	4.04e-23	97.1
WSZK01000033.1_14	JAJCVI010000007.1_6	33.5	176	101	5	7	181	6	166	9.70e-18	81.6
WSZK01000033.1_15	WSZK01000033.1_15	100	117	0	0	1	117	1	117	4.93e-84	236
WSZK01000033.1_16	WSZK01000033.1_16	100	85	0	0	1	85	1	85	3.65e-62	179
WSZK01000033.1_17	WSZK01000033.1_17	100	108	0	0	1	108	1	108	1.46e-83	234
WSZK01000033.1_18	WSZK01000033.1_18	100	528	0	0	1	528	1	528	0.0	1048
WSZK01000033.1_18	CP100004.1_27	47.4	523	268	4	4	525	3	519	1.17e-160	463
WSZK01000033.1_18	Eyre_NODE_236_length_33155_cov_19.932_24	46.0	537	275	6	3	527	13	546	2.31e-155	451
WSZK01000033.1_18	Frome_NODE_383_length_24936_cov_4.316346_22	45.4	537	278	6	3	527	13	546	4.36e-150	437
WSZK01000033.1_18	Eyresouth_NODE_101_length_48437_cov_7.17035_30	45.4	537	278	6	3	527	13	546	6.17e-150	437
WSZK01000033.1_18	KX687704.1_28	43.5	524	288	5	3	524	9	526	4.57e-141	414
WSZK01000033.1_18	LOAJ01000002.1_40	42.7	524	292	5	3	524	10	527	1.29e-140	412
WSZK01000033.1_18	AOJE01000051.1_18	43.1	524	290	5	3	524	9	526	1.83e-140	412
WSZK01000033.1_18	KX906370.1_109	43.1	524	290	5	3	524	9	526	2.59e-140	412
WSZK01000033.1_18	CP101158.1_95	40.7	526	307	3	3	528	8	528	3.54e-128	380
WSZK01000033.1_18	QKNW01000002.1_17	40.3	551	292	8	4	524	11	554	1.92e-126	377
WSZK01000033.1_18	JAJCVI010000007.1_32	39.7	174	103	1	351	524	1	172	6.47e-30	111
WSZK01000033.1_18	CP101158.1_97	50.0	26	13	0	71	96	3	28	1.55e-05	38.1
WSZK01000033.1_19	WSZK01000033.1_19	100	42	0	0	1	42	1	42	1.78e-30	95.9
WSZK01000033.1_20	WSZK01000033.1_20	100	353	0	0	1	353	1	353	7.83e-259	698
WSZK01000033.1_20	Eyre_NODE_236_length_33155_cov_19.932_25	46.2	314	169	0	37	350	7	320	5.26e-93	276
WSZK01000033.1_20	Eyresouth_NODE_101_length_48437_cov_7.17035_29	44.9	314	173	0	37	350	7	320	3.86e-90	269
WSZK01000033.1_20	Frome_NODE_383_length_24936_cov_4.316346_21	44.6	314	174	0	37	350	7	320	1.55e-89	268
WSZK01000033.1_20	CP100004.1_23	38.1	318	182	6	20	335	1	305	2.33e-58	187
WSZK01000033.1_20	CP119801.1_25	38.9	314	164	10	49	350	21	318	1.12e-57	186
WSZK01000033.1_20	CP095494.1_53	37.0	319	174	8	44	350	15	318	3.14e-57	184
WSZK01000033.1_20	CP019329.1_55	36.8	321	175	8	36	344	9	313	2.57e-56	182
WSZK01000033.1_20	RJJW01000001.1_47	35.4	294	177	4	53	342	22	306	3.69e-50	166
WSZK01000033.1_20	AOLZ01000012.1_36	38.2	249	124	2	65	313	23	241	1.14e-46	157
WSZK01000033.1_20	CP019286.1_33	41.1	214	114	1	65	278	23	224	8.67e-46	154
WSZK01000033.1_20	CP084476.1_51	39.1	225	121	3	58	278	13	225	1.75e-45	154
WSZK01000033.1_20	LWLN01000003.1_30	34.0	303	180	5	42	341	7	292	2.66e-44	150
WSZK01000033.1_20	SJER01000008.1_145	36.6	232	131	3	51	278	8	227	6.51e-41	142
WSZK01000033.1_20	SRIF01000015.1_55	33.8	299	174	7	65	352	33	318	1.93e-39	138
WSZK01000033.1_20	Eyresouth_NODE_101_length_48437_cov_7.17035_1	30.9	249	151	5	39	284	14	244	3.57e-30	111
WSZK01000033.1_20	CP100004.1_28	34.0	253	144	8	38	282	15	252	6.27e-28	110
WSZK01000033.1_20	JAAOHU010000009.1_19	35.7	157	85	5	52	203	38	183	3.09e-15	72.4
WSZK01000033.1_21	WSZK01000033.1_21	100	807	0	0	1	807	1	807	0.0	1610
WSZK01000033.1_21	AOIO01000049.1_112	55.1	797	332	10	17	804	9	788	2.09e-289	812
WSZK01000033.1_21	AOIP01000022.1_36	54.5	796	338	9	17	804	9	788	3.40e-288	809
WSZK01000033.1_21	NC_013748.1_29	54.5	797	341	9	12	804	4	782	7.76e-283	795
WSZK01000033.1_21	Eyre_NODE_236_length_33155_cov_19.932_26	54.2	807	340	10	20	807	32	827	8.51e-283	796
WSZK01000033.1_21	CP100004.1_22	54.4	800	344	12	13	804	4	790	4.28e-282	793
WSZK01000033.1_21	Frome_NODE_383_length_24936_cov_4.316346_20	54.4	807	338	10	20	807	32	827	9.74e-282	794
WSZK01000033.1_21	NC_015659.1_84	54.7	791	343	7	17	804	8	786	1.45e-281	792
WSZK01000033.1_21	Eyresouth_NODE_101_length_48437_cov_7.17035_28	54.4	807	338	10	20	807	32	827	1.96e-281	793
WSZK01000033.1_21	CP031299.1_28	53.8	792	348	8	17	804	9	786	2.91e-281	791
WSZK01000033.1_21	JDTG01000019.1_101	53.8	792	348	8	17	804	9	786	2.91e-281	791
WSZK01000033.1_21	SRIF01000015.1_56	51.0	810	377	9	13	806	8	813	4.43e-275	776
WSZK01000033.1_21	CP019329.1_57	51.2	805	375	8	13	804	16	815	3.93e-266	754
WSZK01000033.1_21	CP095494.1_52	51.6	810	369	9	13	806	13	815	7.62e-266	753
WSZK01000033.1_21	CP119801.1_26	49.8	809	385	9	13	806	10	812	1.08e-259	737
WSZK01000033.1_21	RJJW01000001.1_46	48.8	811	372	15	16	800	10	803	5.20e-243	694
WSZK01000033.1_21	SJER01000008.1_144	45.5	804	415	10	16	806	19	812	9.99e-234	671
WSZK01000033.1_21	AOLZ01000012.1_35	46.3	804	418	9	12	806	25	823	1.01e-233	671
WSZK01000033.1_21	CP019286.1_34	46.3	804	418	9	12	806	25	823	1.01e-233	671
WSZK01000033.1_21	LWLN01000003.1_29	45.8	803	423	8	12	806	29	827	2.10e-231	665
WSZK01000033.1_21	CP084476.1_52	45.4	799	420	11	16	806	8	798	1.38e-224	647
WSZK01000033.1_21	QKNW01000002.1_20	46.0	831	405	16	9	806	37	856	8.94e-224	647
WSZK01000033.1_21	LOAJ01000002.1_44	41.7	818	441	14	14	801	19	830	3.48e-196	575
WSZK01000033.1_21	CP101158.1_93	40.6	817	450	14	15	801	12	823	7.66e-196	574
WSZK01000033.1_21	Gairdner_NODE_107_length_49922_cov_74.384603_31	40.7	801	442	12	12	800	4	783	1.07e-190	560
WSZK01000033.1_22	WSZK01000033.1_22	100	553	0	0	1	553	1	553	0.0	1050
WSZK01000033.1_22	CP100004.1_19	42.9	496	271	4	47	537	6	494	3.04e-110	334
WSZK01000033.1_22	FOXI01000018.1_39	43.1	452	241	6	87	527	59	505	2.27e-101	312
WSZK01000033.1_22	JAANTI010000009.1_16	43.1	452	241	6	87	527	59	505	2.27e-101	312
WSZK01000033.1_22	Gairdner_NODE_107_length_49922_cov_74.384603_29	41.7	448	247	6	87	526	110	551	3.68e-95	297
WSZK01000033.1_22	BBJN01000020.1_46	41.0	400	230	3	87	480	59	458	2.50e-82	264
WSZK01000033.1_22	NC_013748.1_28	35.7	470	294	6	81	545	91	557	1.97e-69	229
WSZK01000033.1_22	AOJE01000025.1_40	30.8	445	287	6	87	526	32	460	3.86e-48	170
WSZK01000033.1_22	FNFE01000011.1_37	31.0	306	201	5	243	544	345	644	7.11e-23	98.2
WSZK01000033.1_22	QKNW01000002.1_21	29.7	259	159	7	291	538	418	664	1.34e-13	68.9
WSZK01000033.1_22	CP101161.1_3068	34.2	149	98	0	83	231	32	180	9.69e-11	59.7
WSZK01000033.1_23	WSZK01000033.1_23	100	442	0	0	1	442	1	442	7.11e-307	827
WSZK01000033.1_23	FOXI01000018.1_40	48.2	353	179	3	69	420	59	408	3.42e-98	296
WSZK01000033.1_23	JAANTI010000009.1_15	48.2	353	179	3	69	420	59	408	3.42e-98	296
WSZK01000033.1_23	BBJN01000020.1_45	47.5	354	182	3	68	420	52	402	8.04e-98	295
WSZK01000033.1_23	Gairdner_NODE_107_length_49922_cov_74.384603_28	46.9	358	184	4	64	420	43	395	2.59e-97	294
WSZK01000033.1_23	CP100004.1_17	46.2	344	183	2	72	414	57	399	8.29e-91	277
WSZK01000033.1_23	CP084476.1_54	40.1	406	232	6	16	420	11	406	2.77e-79	248
WSZK01000033.1_23	NC_013748.1_27	40.4	356	202	4	66	418	54	402	1.49e-78	246
WSZK01000033.1_23	AOIO01000049.1_110	40.3	365	214	3	68	432	50	410	1.08e-76	241
WSZK01000033.1_23	AOIP01000022.1_34	40.3	365	214	3	68	432	50	410	1.08e-76	241
WSZK01000033.1_23	CP031299.1_26	39.6	361	214	3	72	432	55	411	2.63e-74	234
WSZK01000033.1_23	JDTG01000019.1_99	39.6	361	214	3	72	432	55	411	2.63e-74	234
WSZK01000033.1_23	NC_015659.1_86	39.9	361	212	4	58	418	47	402	1.66e-73	233
WSZK01000033.1_23	LOAJ01000002.1_46	36.3	383	223	6	53	418	47	425	5.66e-66	213
WSZK01000033.1_23	KX906370.1_105	34.5	420	252	7	17	418	10	424	1.52e-65	212
WSZK01000033.1_23	KX687704.1_24	34.5	420	252	7	17	418	10	424	3.00e-65	211
WSZK01000033.1_23	CP101161.1_3067	36.1	366	226	6	80	442	1	361	3.68e-65	209
WSZK01000033.1_23	JAJCVI010000002.1_569	34.9	370	233	6	71	437	70	434	1.42e-59	197
WSZK01000033.1_23	CP099999.1_28	35.2	369	219	8	68	420	52	416	3.20e-58	193
WSZK01000033.1_23	AOJE01000025.1_39	36.9	355	217	6	65	415	63	414	4.75e-58	192
WSZK01000033.1_23	LWLN01000003.1_27	33.9	434	239	10	1	413	1	407	8.55e-58	192
WSZK01000033.1_23	RJJW01000001.1_44	33.2	392	228	4	57	416	58	447	1.73e-57	192
WSZK01000033.1_23	FNFE01000011.1_36	32.1	418	246	9	14	413	19	416	8.11e-56	187
WSZK01000033.1_23	CP019329.1_61	33.7	356	220	5	72	413	85	438	1.33e-54	184
WSZK01000033.1_23	AOIR01000042.1_55	32.1	368	238	7	79	442	85	444	3.78e-53	180
WSZK01000033.1_24	WSZK01000033.1_24	100	356	0	0	1	356	1	356	2.73e-240	651
WSZK01000033.1_24	Gairdner_NODE_107_length_49922_cov_74.384603_27	35.3	312	191	5	7	317	4	305	1.38e-57	186
WSZK01000033.1_24	CP100004.1_16	33.4	317	197	7	4	318	3	307	1.22e-52	173
WSZK01000033.1_25	WSZK01000033.1_25	100	224	0	0	1	224	1	224	1.65e-159	436
WSZK01000033.1_25	CP100004.1_15	43.9	171	88	4	14	182	14	178	7.26e-40	132
WSZK01000033.1_25	Gairdner_NODE_107_length_49922_cov_74.384603_25	36.0	197	115	5	5	197	2	191	7.41e-32	111
WSZK01000033.1_25	FOXI01000018.1_43	38.1	189	105	6	14	198	11	191	3.10e-30	107
WSZK01000033.1_25	JAANTI010000009.1_12	38.1	189	105	6	14	198	11	191	3.10e-30	107
WSZK01000033.1_25	BBJN01000020.1_43	38.1	189	106	6	14	198	11	192	3.45e-29	104
WSZK01000033.1_25	AOJE01000051.1_25	27.5	171	106	5	17	182	18	175	1.17e-15	68.6
WSZK01000033.1_25	KX906370.1_103	28.8	153	95	5	31	182	37	176	1.62e-15	68.2
WSZK01000033.1_25	KX687704.1_22	27.7	159	101	4	25	182	31	176	2.24e-15	67.8
WSZK01000033.1_25	JAJCVI010000002.1_567	32.1	168	90	9	15	174	2	153	6.10e-13	60.8
WSZK01000033.1_25	AOIR01000042.1_53	28.6	161	100	4	21	179	30	177	9.51e-13	60.5
WSZK01000033.1_25	SJER01000008.1_140	31.5	184	103	9	5	183	5	170	4.83e-10	53.5
WSZK01000033.1_25	AOLZ01000012.1_31	30.3	145	87	6	34	177	42	173	1.58e-08	48.9
WSZK01000033.1_25	CP019286.1_38	30.3	145	87	6	34	177	42	173	1.58e-08	48.9
WSZK01000033.1_26	WSZK01000033.1_26	100	100	0	0	1	100	1	100	2.75e-73	208
WSZK01000033.1_27	WSZK01000033.1_27	100	100	0	0	1	100	1	100	2.76e-64	185
WSZK01000033.1_28	WSZK01000033.1_28	100	93	0	0	1	93	1	93	2.11e-58	170
WSZK01000033.1_28	CP100004.1_11	45.2	93	38	3	1	91	1	82	3.47e-16	63.2
WSZK01000033.1_29	WSZK01000033.1_29	100	314	0	0	1	314	1	314	2.33e-229	620
WSZK01000033.1_29	BBJN01000020.1_39	46.0	291	153	3	8	297	8	295	5.91e-83	248
WSZK01000033.1_29	FOXI01000018.1_47	45.7	291	153	4	9	297	9	296	6.94e-82	246
WSZK01000033.1_29	JAANTI010000009.1_8	45.7	291	153	4	9	297	9	296	6.94e-82	246
WSZK01000033.1_29	CP100004.1_10	46.2	290	150	5	13	299	2	288	1.35e-79	240
WSZK01000033.1_29	CP084476.1_60	44.7	266	142	3	23	284	15	279	7.54e-77	233
WSZK01000033.1_29	NC_013748.1_21	42.6	298	159	4	22	309	19	314	3.89e-74	227
WSZK01000033.1_29	Gairdner_NODE_107_length_49922_cov_74.384603_21	46.2	279	141	5	9	284	12	284	2.85e-73	224
WSZK01000033.1_29	NC_015659.1_92	42.3	312	163	8	8	306	4	311	1.60e-70	217
WSZK01000033.1_29	CP031299.1_20	40.1	314	174	5	1	309	1	305	9.55e-70	215
WSZK01000033.1_29	JDTG01000019.1_93	40.1	314	174	5	1	309	1	305	9.55e-70	215
WSZK01000033.1_29	AOIO01000049.1_99	40.2	311	179	6	6	312	2	309	2.33e-67	209
WSZK01000033.1_29	AOIP01000022.1_28	40.6	281	160	5	8	284	3	280	2.83e-65	204
WSZK01000033.1_29	RJJW01000001.1_38	38.3	261	153	5	31	288	40	295	3.41e-57	183
WSZK01000033.1_29	JAAOHU010000009.1_62	38.5	283	166	7	36	313	152	431	4.28e-57	186
WSZK01000033.1_29	CP119801.1_35	36.7	294	174	6	6	292	3	291	7.47e-57	182
WSZK01000033.1_29	JAJCVI010000002.1_563	38.0	276	159	7	16	286	15	283	3.13e-54	175
WSZK01000033.1_29	SRIF01000015.1_66	35.1	296	182	7	3	291	2	294	2.18e-52	170
WSZK01000033.1_29	CP101161.1_3061	38.7	253	143	6	36	284	27	271	6.22e-52	169
WSZK01000033.1_29	CP019329.1_67	37.4	257	148	6	40	288	160	411	4.77e-51	170
WSZK01000033.1_29	Gairdner_NODE_167_length_41210_cov_9.888325_26	38.6	277	157	8	14	283	14	284	4.07e-50	164
WSZK01000033.1_29	JAJCVI010000007.1_22	33.8	290	176	6	2	278	121	407	7.77e-48	162
WSZK01000033.1_29	CP099999.1_34	36.2	232	134	6	66	291	181	404	1.08e-47	161
WSZK01000033.1_29	FNFE01000011.1_30	35.0	260	155	7	40	291	133	386	1.57e-46	157
WSZK01000033.1_29	AOJE01000025.1_34	38.1	294	161	12	1	288	1	279	6.56e-45	150
WSZK01000033.1_30	WSZK01000033.1_30	100	72	0	0	1	72	1	72	1.18e-41	126
WSZK01000033.1_30	Gairdner_NODE_107_length_49922_cov_74.384603_20	52.9	51	24	0	16	66	51	101	4.20e-12	52.4
WSZK01000033.1_30	FOXI01000018.1_48	58.5	41	17	0	17	57	34	74	3.33e-08	42.0
WSZK01000033.1_30	JAANTI010000009.1_7	58.5	41	17	0	17	57	34	74	3.33e-08	42.0
WSZK01000033.1_30	CP100004.1_9	41.2	51	30	0	17	67	52	102	1.00e-07	41.2
WSZK01000033.1_30	BBJN01000020.1_38	56.7	30	13	0	28	57	1	30	1.42e-05	34.3
WSZK01000033.1_31	WSZK01000033.1_31	100	184	0	0	1	184	1	184	1.91e-127	352
WSZK01000033.1_31	CP100004.1_8	41.4	181	99	1	4	184	5	178	1.44e-34	116
WSZK01000033.1_31	CP084476.1_61	34.8	132	79	3	52	182	24	149	5.71e-14	62.0
WSZK01000033.1_32	WSZK01000033.1_32	100	247	0	0	1	247	1	247	9.09e-173	471
WSZK01000033.1_32	RJJW01000001.1_34	45.8	155	74	3	94	240	69	221	2.47e-31	111
WSZK01000033.1_33	WSZK01000033.1_33	100	329	0	0	1	329	1	329	6.55e-223	605
WSZK01000033.1_33	SJER01000008.1_131	31.2	141	94	3	164	302	168	307	5.77e-15	70.5
WSZK01000033.1_33	CP100004.1_4	32.3	127	72	7	180	301	183	300	4.63e-06	43.1
WSZK01000033.1_33	CP031299.1_15	33.0	100	62	3	197	295	197	292	6.47e-05	39.7
WSZK01000033.1_33	JDTG01000019.1_88	33.0	100	62	3	197	295	197	292	6.47e-05	39.7
WSZK01000033.1_34	WSZK01000033.1_34	100	257	0	0	1	257	1	257	4.26e-201	544
WSZK01000033.1_34	CP101161.1_3057	33.1	263	144	11	10	248	3	257	5.16e-26	98.6
WSZK01000033.1_34	CP119801.1_43	29.7	263	150	10	11	248	4	256	2.39e-19	80.5
WSZK01000033.1_34	CP095494.1_36	27.0	211	126	10	47	233	46	252	2.64e-12	60.8
WSZK01000033.1_35	WSZK01000033.1_35	100	538	0	0	1	538	1	538	0.0	1068
WSZK01000033.1_35	AOJE01000025.1_28	33.2	485	246	17	75	530	60	495	9.64e-53	182
WSZK01000033.1_35	CP101161.1_3056	32.0	500	283	19	44	522	48	511	6.49e-52	181
WSZK01000033.1_35	FNFE01000011.1_20	30.9	540	303	21	6	520	3	497	6.36e-50	175
WSZK01000033.1_35	CP095494.1_35	34.6	489	268	22	60	520	52	516	3.72e-49	173
WSZK01000033.1_35	AOLZ01000012.1_20	31.2	561	293	22	5	520	1	513	6.53e-48	170
WSZK01000033.1_35	CP019286.1_49	31.2	561	293	22	5	520	1	513	6.53e-48	170
WSZK01000033.1_35	JDTG01000019.1_82	31.4	561	300	22	3	526	4	516	1.62e-46	166
WSZK01000033.1_35	AOIO01000049.1_91	38.3	287	151	6	254	522	515	793	2.40e-45	166
WSZK01000033.1_35	SJER01000008.1_128	30.6	496	287	19	60	516	45	522	5.15e-45	162
WSZK01000033.1_35	FOXI01000018.1_54	31.7	520	272	23	42	515	29	511	5.12e-43	156
WSZK01000033.1_35	QKNW01000002.1_40	31.0	533	297	22	21	514	17	517	2.04e-39	146
WSZK01000033.1_35	JAANTI010000009.1_1	31.8	468	246	19	94	515	1	441	5.57e-38	141
WSZK01000033.1_35	CP031299.1_9	37.9	248	129	6	247	483	26	259	1.34e-36	134
WSZK01000033.1_35	CP100004.1_1	41.1	248	131	6	277	517	21	260	5.06e-36	131
WSZK01000033.1_35	Gairdner_NODE_107_length_49922_cov_74.384603_13	29.7	472	281	15	36	485	35	477	6.81e-34	130
WSZK01000033.1_35	JAJCVI010000007.1_14	29.3	464	263	18	60	483	56	494	4.00e-32	125
WSZK01000033.1_35	Eyre_NODE_236_length_33155_cov_19.932_44	38.2	251	140	7	275	520	4	244	1.83e-31	118
WSZK01000033.1_36	WSZK01000033.1_36	100	1040	0	0	1	1040	1	1040	0.0	1855
WSZK01000033.1_36	CP100004.1_3	34.5	833	504	20	205	1018	497	1306	1.10e-119	394
WSZK01000033.1_36	BBJN01000020.1_32	31.8	851	527	20	174	1006	542	1357	2.97e-106	358
WSZK01000033.1_36	QKNW01000002.1_41	30.4	866	535	25	193	1016	580	1419	2.94e-95	327
WSZK01000033.1_36	Gairdner_NODE_167_length_41210_cov_9.888325_32	28.6	884	534	24	193	1029	574	1407	4.51e-77	273
WSZK01000033.1_36	CP095494.1_33	26.2	871	576	30	190	1035	368	1196	1.73e-65	236
WSZK01000033.1_36	CP095494.1_34	25.5	884	565	31	182	1032	250	1072	8.38e-62	224
WSZK01000033.1_36	LOAJ01000002.1_61	25.9	873	540	26	197	997	542	1379	7.62e-60	219
WSZK01000033.1_36	CP101161.1_3055	28.6	784	447	34	291	1008	541	1277	7.64e-57	210
WSZK01000033.1_36	LWLN01000003.1_13	26.9	777	511	25	236	988	369	1112	8.19e-57	209
WSZK01000033.1_36	CP101158.1_74	25.8	862	554	29	193	1012	370	1187	1.51e-55	206
WSZK01000033.1_36	NC_013748.1_9	25.2	898	571	31	193	1035	282	1133	4.10e-51	191
WSZK01000033.1_36	Frome_NODE_383_length_24936_cov_4.316346_1	30.9	376	232	10	671	1035	183	541	1.92e-45	168
WSZK01000033.1_36	Eyresouth_NODE_101_length_48437_cov_7.17035_9	23.4	824	537	29	286	1035	356	1159	4.54e-44	169
WSZK01000033.1_36	JAJCVI010000007.1_13	28.7	369	249	6	671	1038	497	852	1.40e-34	138
WSZK01000033.1_37	WSZK01000033.1_37	100	176	0	0	1	176	1	176	1.66e-133	366
WSZK01000033.1_38	WSZK01000033.1_38	100	91	0	0	1	91	1	91	1.27e-67	193
WSZK01000033.1_39	WSZK01000033.1_39	100	176	0	0	1	176	1	176	3.96e-107	300
WSZK01000033.1_39	WSZK01000033.1_40	43.7	190	57	3	30	174	3	187	2.03e-31	108
WSZK01000033.1_39	QKNW01000002.1_43	44.5	146	53	4	37	173	9	135	1.06e-25	92.0
WSZK01000033.1_39	QKNW01000002.1_44	44.9	136	67	4	37	170	9	138	6.19e-23	85.1
WSZK01000033.1_39	JAJCVI010000002.1_550	35.1	148	88	3	30	173	3	146	3.93e-17	70.1
WSZK01000033.1_39	BBJN01000020.1_30	40.9	127	61	3	26	152	1	113	4.30e-17	69.7
WSZK01000033.1_39	JAJCVI010000002.1_549	43.6	133	60	6	29	159	2	121	1.63e-16	68.2
WSZK01000033.1_39	SRIF01000015.1_82	39.1	161	77	6	30	172	3	160	2.17e-16	68.6
WSZK01000033.1_39	Gairdner_NODE_107_length_49922_cov_74.384603_9	52.9	87	38	2	34	117	6	92	2.10e-15	66.6
WSZK01000033.1_39	BBJN01000020.1_27	61.3	62	23	1	26	87	1	61	4.49e-14	62.8
WSZK01000033.1_39	Gairdner_NODE_107_length_49922_cov_74.384603_10	35.9	145	70	4	50	171	1	145	1.25e-13	60.8
WSZK01000033.1_39	JAJCVI010000002.1_548	68.0	50	16	0	34	83	6	55	1.24e-12	57.8
WSZK01000033.1_39	BBJN01000020.1_29	41.2	119	61	3	37	155	9	118	1.51e-12	57.8
WSZK01000033.1_39	SJER01000008.1_124	71.7	46	12	1	30	74	3	48	6.61e-10	50.4
WSZK01000033.1_39	LWLN01000003.1_3	63.3	49	18	0	37	85	15	63	7.65e-10	50.8
WSZK01000033.1_39	SJER01000008.1_122	70.5	44	13	0	30	73	3	46	1.63e-09	49.7
WSZK01000033.1_39	SJER01000008.1_123	33.8	139	67	4	37	172	10	126	1.80e-09	49.3
WSZK01000033.1_39	LWLN01000003.1_2	54.1	61	26	1	26	84	2	62	3.22e-09	49.3
WSZK01000033.1_39	CP101158.1_69	36.4	154	88	4	26	173	1	150	3.76e-09	48.9
WSZK01000033.1_39	JDTG01000019.1_71	61.1	54	17	1	37	86	15	68	4.12e-09	48.5
WSZK01000033.1_39	CP095494.1_28	66.7	48	14	1	26	71	1	48	4.68e-09	48.5
WSZK01000033.1_39	AOIP01000022.1_17	64.5	31	9	1	26	54	1	31	4.08e-04	35.0
WSZK01000033.1_40	WSZK01000033.1_40	100	188	0	0	1	188	1	188	1.44e-108	304
WSZK01000033.1_40	WSZK01000033.1_39	43.5	191	58	3	2	187	29	174	1.55e-34	116
WSZK01000033.1_40	Gairdner_NODE_107_length_49922_cov_74.384603_9	35.6	202	101	6	1	182	1	193	1.22e-20	80.9
WSZK01000033.1_40	SRIF01000015.1_82	33.8	195	84	6	1	185	1	160	1.98e-17	71.6
WSZK01000033.1_40	QKNW01000002.1_44	46.9	96	40	2	1	96	1	85	6.90e-17	69.7
WSZK01000033.1_40	QKNW01000002.1_43	48.0	100	39	3	1	100	1	87	2.27e-16	68.2
WSZK01000033.1_40	BBJN01000020.1_30	48.3	89	42	2	2	87	4	91	1.67e-15	65.9
WSZK01000033.1_40	JAJCVI010000002.1_548	43.6	101	53	2	10	108	9	107	5.36e-15	64.3
WSZK01000033.1_40	JAJCVI010000002.1_549	44.0	100	40	3	1	100	1	84	1.22e-14	63.5
WSZK01000033.1_40	BBJN01000020.1_27	42.2	102	55	2	2	103	4	101	1.56e-14	64.3
WSZK01000033.1_40	JDTG01000019.1_71	42.3	123	45	5	5	102	9	130	1.93e-12	57.8
WSZK01000033.1_40	BBJN01000020.1_29	46.4	84	37	2	10	87	9	90	1.40e-11	55.5
WSZK01000033.1_40	JAJCVI010000002.1_550	55.7	61	26	1	1	61	1	60	2.29e-11	55.1
WSZK01000033.1_40	SJER01000008.1_123	43.0	93	48	1	10	97	10	102	5.98e-11	53.5
WSZK01000033.1_40	SJER01000008.1_122	40.4	109	58	2	1	102	1	109	1.47e-10	52.8
WSZK01000033.1_40	LWLN01000003.1_2	62.0	50	19	0	8	57	13	62	1.57e-10	53.1
WSZK01000033.1_40	SJER01000008.1_124	40.5	111	49	4	1	95	1	110	5.84e-10	50.8
WSZK01000033.1_40	CP101158.1_69	52.2	67	25	2	8	74	10	69	3.32e-09	49.3
WSZK01000033.1_40	LWLN01000003.1_3	61.5	52	19	1	5	55	9	60	3.42e-09	49.3
WSZK01000033.1_40	Gairdner_NODE_107_length_49922_cov_74.384603_10	31.9	163	92	6	23	184	1	145	4.18e-09	48.9
WSZK01000033.1_40	CP095494.1_28	75.7	37	9	0	8	44	12	48	1.08e-08	47.8
WSZK01000033.1_40	AOIP01000022.1_17	34.0	103	62	2	1	102	5	102	1.66e-05	39.3
WSZK01000033.1_40	CP119801.1_55	43.2	81	38	4	23	99	1	77	6.21e-05	37.4
WSZK01000033.1_40	NC_013748.1_2	38.2	68	38	1	10	73	15	82	3.16e-04	35.4
WSZK01000033.1_41	WSZK01000033.1_41	100	394	0	0	1	394	1	394	2.45e-285	768
WSZK01000033.1_41	NC_013748.1_3	42.0	255	140	4	9	256	10	263	8.59e-56	180
WSZK01000033.1_41	AOIO01000049.1_84	42.0	257	138	7	8	256	9	262	1.04e-48	162
WSZK01000033.1_41	AOIP01000022.1_18	42.4	262	130	9	8	256	9	262	1.11e-47	159
WSZK01000033.1_41	CP095494.1_29	36.0	228	136	5	11	230	13	238	3.02e-33	121
WSZK01000033.1_42	WSZK01000033.1_42	100	154	0	0	1	154	1	154	1.73e-113	314
WSZK01000033.1_43	WSZK01000033.1_43	100	335	0	0	1	335	1	335	1.01e-245	663
WSZK01000033.1_43	QKNW01000002.1_7	43.2	333	187	2	1	333	1	331	1.73e-91	272
WSZK01000033.1_43	FNFE01000011.1_12	41.0	334	197	0	1	334	1	334	1.40e-84	255
WSZK01000033.1_43	SRIF01000015.1_87	37.8	328	196	4	1	325	1	323	2.31e-65	205
WSZK01000033.1_43	AOIP01000022.1_10	36.3	339	200	6	1	333	1	329	4.49e-62	197
WSZK01000033.1_43	CP101158.1_61	35.4	328	208	3	1	325	33	359	1.27e-56	184
WSZK01000033.1_43	AOLZ01000012.1_11	34.3	332	214	3	1	330	1	330	8.51e-55	178
WSZK01000033.1_43	CP019286.1_59	34.3	332	214	3	1	330	1	330	8.51e-55	178
WSZK01000033.1_44	WSZK01000033.1_44	100	240	0	0	1	240	1	240	2.25e-174	475
WSZK01000033.1_45	WSZK01000033.1_45	100	89	0	0	1	89	1	89	1.99e-61	177
WSZK01000033.1_46	WSZK01000033.1_46	100	728	0	0	1	728	1	728	0.0	1467
WSZK01000033.1_46	QKNW01000002.1_6	47.2	724	352	9	5	720	6	707	1.71e-218	625
