#                                                                               --- full sequence --- -------------- this domain -------------   hmm coord   ali coord   env coord
# target name        accession   tlen query name           accession      qlen   E-value  score  bias   #  of  c-Evalue  i-Evalue  score  bias  from    to  from    to  from    to  acc description of target
#------------------- ---------- ----- --------------------    ---------- ----- --------- ------ ----- --- --- --------- --------- ------ ----- ----- ----- ----- ----- ----- ----- ---- ---------------------
1                    -            271 PIRSR000094-1        PIRSR000094-1   260   1.7e-14   46.2   0.0   1   1     2e-16   2.1e-14   45.9   0.0     4   250    27   269    25   271 0.87 -
1                    -            271 PIRSR000094-2        PIRSR000094-2   260   1.7e-14   46.2   0.0   1   1     2e-16   2.1e-14   45.9   0.0     4   250    27   269    25   271 0.87 -
1                    -            271 PIRSR000094-3        PIRSR000094-3   260   1.7e-14   46.2   0.0   1   1     2e-16   2.1e-14   45.9   0.0     4   250    27   269    25   271 0.87 -
1                    -            271 PIRSR000094-4        PIRSR000094-4   260   1.7e-14   46.2   0.0   1   1     2e-16   2.1e-14   45.9   0.0     4   250    27   269    25   271 0.87 -
1                    -            271 PIRSR000095-1        PIRSR000095-1   268   3.1e-30   98.0   0.0   1   1   3.5e-32   3.7e-30   97.7   0.0     1   201    33   238    33   260 0.89 -
1                    -            271 PIRSR000095-2        PIRSR000095-2   268   3.1e-30   98.0   0.0   1   1   3.5e-32   3.7e-30   97.7   0.0     1   201    33   238    33   260 0.89 -
14                   -            410 PIRSR000216-1        PIRSR000216-1   155   1.2e-09   30.8   0.1   1   1     2e-11   2.2e-09   30.0   0.1    72   150   318   392   313   396 0.78 -
31                   -            274 PIRSR000443-1        PIRSR000443-1   376    0.0006   11.2   0.0   1   2   1.3e-05    0.0014   10.0   0.0   146   185    79   117    46   130 0.82 -
31                   -            274 PIRSR000443-1        PIRSR000443-1   376    0.0006   11.2   0.0   2   2     0.061       6.4   -2.1   0.0   276   351   190   253   162   256 0.61 -
94                   -            201 PIRSR003085-1        PIRSR003085-1   327   0.00024   12.8   0.0   1   1   3.5e-06   0.00037   12.2   0.0    95   161    23    88    14    97 0.90 -
94                   -            201 PIRSR003085-2        PIRSR003085-2   327   0.00024   12.8   0.0   1   1   3.5e-06   0.00037   12.2   0.0    95   161    23    88    14    97 0.90 -
31                   -            274 PIRSR005539-1        PIRSR005539-1   290     1e-20   66.9   0.0   1   2   1.7e-17   1.9e-15   49.7   0.0    17   132    11   126     4   130 0.89 -
31                   -            274 PIRSR005539-1        PIRSR005539-1   290     1e-20   66.9   0.0   2   2     5e-07   5.3e-05   15.3   0.0   225   286   209   271   193   274 0.90 -
70                   -            217 PIRSR005562-1        PIRSR005562-1  2069   5.7e-07   19.4   0.0   1   1   6.5e-09   6.9e-07   19.1   0.0  1566  1674   104   209    77   212 0.81 -
20                   -            453 PIRSR005639-1        PIRSR005639-1   195   1.9e-06   20.3   0.0   1   2       0.3        32   -3.3   0.0    46    72     7    33     4    36 0.82 -
20                   -            453 PIRSR005639-1        PIRSR005639-1   195   1.9e-06   20.3   0.0   2   2   4.3e-08   4.5e-06   19.1   0.0    36   102   287   354   269   363 0.86 -
20                   -            453 PIRSR005639-2        PIRSR005639-2   195   1.9e-06   20.3   0.0   1   2       0.3        32   -3.3   0.0    46    72     7    33     4    36 0.82 -
20                   -            453 PIRSR005639-2        PIRSR005639-2   195   1.9e-06   20.3   0.0   2   2   4.3e-08   4.5e-06   19.1   0.0    36   102   287   354   269   363 0.86 -
42                   -             88 PIRSR006250-1        PIRSR006250-1   282   8.4e-05   14.5   0.3   1   1   9.2e-07   9.8e-05   14.2   0.3    76   115    16    55     8    62 0.85 -
31                   -            274 PIRSR006431-1        PIRSR006431-1   300   1.3e-19   63.4   0.0   1   2     2e-19   2.1e-17   56.1   0.0    14   125    10   120     3   126 0.92 -
31                   -            274 PIRSR006431-1        PIRSR006431-1   300   1.3e-19   63.4   0.0   2   2    0.0007     0.074    5.1   0.0   245   288   214   257   210   265 0.93 -
95                   -            560 PIRSR015477-1        PIRSR015477-1  1442     1e-08   25.9  18.6   1   1   1.4e-10   1.5e-08   25.4  18.6   211   514   238   525   229   539 0.80 -
82                   -            510 PIRSR017267-1        PIRSR017267-1   106   0.00096   12.4   0.0   1   2   5.6e-05    0.0059    9.9   0.0    46    85   285   329   270   343 0.71 -
82                   -            510 PIRSR017267-1        PIRSR017267-1   106   0.00096   12.4   0.0   2   2       0.1        11   -0.6   0.0    45    79   452   488   430   508 0.70 -
82                   -            510 PIRSR017267-2        PIRSR017267-2   106   0.00096   12.4   0.0   1   2   5.6e-05    0.0059    9.9   0.0    46    85   285   329   270   343 0.71 -
82                   -            510 PIRSR017267-2        PIRSR017267-2   106   0.00096   12.4   0.0   2   2       0.1        11   -0.6   0.0    45    79   452   488   430   508 0.70 -
94                   -            201 PIRSR017269-1        PIRSR017269-1   208     1e-05   17.8   0.2   1   2   2.1e-07   2.2e-05   16.7   0.0    57   112    26    78    20    91 0.82 -
94                   -            201 PIRSR017269-1        PIRSR017269-1   208     1e-05   17.8   0.2   2   2      0.11        12   -2.0   0.0    77   129   111   130   105   157 0.50 -
31                   -            274 PIRSR017388-1        PIRSR017388-1   245   2.8e-06   19.8   0.0   1   2   0.00049     0.052    5.8   0.0    41   101    46   105    35   135 0.79 -
31                   -            274 PIRSR017388-1        PIRSR017388-1   245   2.8e-06   19.8   0.0   2   2   5.4e-06   0.00057   12.2   0.0   170   227   204   259   153   271 0.78 -
31                   -            274 PIRSR017388-2        PIRSR017388-2   245   2.8e-06   19.8   0.0   1   2   0.00049     0.052    5.8   0.0    41   101    46   105    35   135 0.79 -
31                   -            274 PIRSR017388-2        PIRSR017388-2   245   2.8e-06   19.8   0.0   2   2   5.4e-06   0.00057   12.2   0.0   170   227   204   259   153   271 0.78 -
31                   -            274 PIRSR017388-3        PIRSR017388-3   245   2.8e-06   19.8   0.0   1   2   0.00049     0.052    5.8   0.0    41   101    46   105    35   135 0.79 -
31                   -            274 PIRSR017388-3        PIRSR017388-3   245   2.8e-06   19.8   0.0   2   2   5.4e-06   0.00057   12.2   0.0   170   227   204   259   153   271 0.78 -
31                   -            274 PIRSR022950-1        PIRSR022950-1   371   1.8e-15   49.8   0.0   1   2     1e-15   1.1e-13   43.9   0.0    95   189    24   107     8   119 0.85 -
31                   -            274 PIRSR022950-1        PIRSR022950-1   371   1.8e-15   49.8   0.0   2   2    0.0016      0.17    3.7   0.0   325   349   247   271   245   272 0.88 -
14                   -            410 PIRSR033579-1        PIRSR033579-1   271   7.5e-07   21.3   0.0   1   2   1.2e-05    0.0013   10.7   0.0   139   215    17    94    12   105 0.91 -
14                   -            410 PIRSR033579-1        PIRSR033579-1   271   7.5e-07   21.3   0.0   2   2   5.7e-05    0.0061    8.5   0.0   119   261   125   264   108   274 0.71 -
14                   -            410 PIRSR033579-2        PIRSR033579-2   271   7.5e-07   21.3   0.0   1   2   1.2e-05    0.0013   10.7   0.0   139   215    17    94    12   105 0.91 -
14                   -            410 PIRSR033579-2        PIRSR033579-2   271   7.5e-07   21.3   0.0   2   2   5.7e-05    0.0061    8.5   0.0   119   261   125   264   108   274 0.71 -
14                   -            410 PIRSR033579-3        PIRSR033579-3   271   7.5e-07   21.3   0.0   1   2   1.2e-05    0.0013   10.7   0.0   139   215    17    94    12   105 0.91 -
14                   -            410 PIRSR033579-3        PIRSR033579-3   271   7.5e-07   21.3   0.0   2   2   5.7e-05    0.0061    8.5   0.0   119   261   125   264   108   274 0.71 -
32                   -            306 PIRSR036426-1        PIRSR036426-1   232   1.3e-40  132.0   0.0   1   1   8.4e-42   1.8e-40  131.5   0.0     4   229    39   270    36   273 0.88 -
22                   -            346 PIRSR036426-1        PIRSR036426-1   232   5.5e-20   64.5   0.0   1   1   3.4e-21   7.2e-20   64.1   0.0     3   219    92   312    90   324 0.85 -
86                   -            290 PIRSR036426-1        PIRSR036426-1   232   1.3e-19   63.3   0.0   1   1   1.9e-20   4.1e-19   61.7   0.0     2   198    17   227    16   258 0.67 -
104                  -            263 PIRSR036426-1        PIRSR036426-1   232   5.2e-13   41.7   0.0   1   1   8.6e-14   1.8e-12   39.9   0.0     5   214    33   239    29   242 0.79 -
91                   -            267 PIRSR036426-1        PIRSR036426-1   232   1.9e-12   39.8   0.1   1   1   1.4e-13   2.9e-12   39.2   0.1     8   131     6   134     2   148 0.77 -
91                   -            267 PIRSR036432-1        PIRSR036432-1   207   6.9e-09   28.2   0.0   1   2   6.4e-05    0.0034    9.6   0.0     2    30     3    32     2    49 0.88 -
91                   -            267 PIRSR036432-1        PIRSR036432-1   207   6.9e-09   28.2   0.0   2   2   4.7e-07   2.5e-05   16.6   0.0    55   108    74   129    55   135 0.81 -
86                   -            290 PIRSR036432-1        PIRSR036432-1   207   0.00045   12.5   0.0   1   2   4.8e-05    0.0025   10.0   0.0     1    32    19    51    19    91 0.83 -
86                   -            290 PIRSR036432-1        PIRSR036432-1   207   0.00045   12.5   0.0   2   2     0.052       2.8    0.1   0.0    42    76    87   121    80   152 0.70 -
95                   -            560 PIRSR037875-50       PIRSR037875-50   471   4.5e-09   28.1   3.8   1   3   4.2e-11   4.5e-09   28.1   3.8   142   262   243   362   227   391 0.80 -
95                   -            560 PIRSR037875-50       PIRSR037875-50   471   4.5e-09   28.1   3.8   2   3      0.05       5.3   -1.9   0.0   328   360   392   424   365   428 0.76 -
95                   -            560 PIRSR037875-50       PIRSR037875-50   471   4.5e-09   28.1   3.8   3   3    0.0027      0.28    2.3   0.1   408   424   463   479   455   484 0.89 -
95                   -            560 PIRSR037907-1        PIRSR037907-1   660   2.4e-37  121.0  24.3   1   1   3.2e-39   3.4e-37  120.5  24.3   150   442   233   525   223   544 0.85 -
95                   -            560 PIRSR037907-2        PIRSR037907-2   664   6.8e-30   96.3  21.9   1   1   9.4e-32     1e-29   95.8  21.9   150   441   234   524   223   537 0.82 -
95                   -            560 PIRSR037907-3        PIRSR037907-3   660   2.4e-37  121.0  24.3   1   1   3.2e-39   3.4e-37  120.5  24.3   150   442   233   525   223   544 0.85 -
39                   -            148 PIRSR605856-50       PIRSR605856-50   316   1.5e-22   72.9   0.0   1   1   1.7e-24   1.8e-22   72.7   0.0   182   308     8   145     6   148 0.84 -
39                   -            148 PIRSR605856-51       PIRSR605856-51   316   1.5e-22   72.9   0.0   1   1   1.7e-24   1.8e-22   72.7   0.0   182   308     8   145     6   148 0.84 -
53                   -            441 PIRSR617512-1        PIRSR617512-1   726   3.3e-14   44.7  11.8   1   5      0.03       3.2   -1.6   0.0   214   238   115   138   106   147 0.58 -
53                   -            441 PIRSR617512-1        PIRSR617512-1   726   3.3e-14   44.7  11.8   2   5   1.5e-08   1.6e-06   19.3   0.7   152   181   149   178   141   187 0.89 -
53                   -            441 PIRSR617512-1        PIRSR617512-1   726   3.3e-14   44.7  11.8   3   5    0.0041      0.43    1.3   0.1   151   183   282   314   274   325 0.86 -
53                   -            441 PIRSR617512-1        PIRSR617512-1   726   3.3e-14   44.7  11.8   4   5   6.4e-07   6.8e-05   13.9   0.0   156   183   329   356   318   364 0.89 -
53                   -            441 PIRSR617512-1        PIRSR617512-1   726   3.3e-14   44.7  11.8   5   5     5e-07   5.4e-05   14.2   0.2   152   203   365   410   360   416 0.81 -
53                   -            441 PIRSR617512-2        PIRSR617512-2   726   3.3e-14   44.7  11.8   1   5      0.03       3.2   -1.6   0.0   214   238   115   138   106   147 0.58 -
53                   -            441 PIRSR617512-2        PIRSR617512-2   726   3.3e-14   44.7  11.8   2   5   1.5e-08   1.6e-06   19.3   0.7   152   181   149   178   141   187 0.89 -
53                   -            441 PIRSR617512-2        PIRSR617512-2   726   3.3e-14   44.7  11.8   3   5    0.0041      0.43    1.3   0.1   151   183   282   314   274   325 0.86 -
53                   -            441 PIRSR617512-2        PIRSR617512-2   726   3.3e-14   44.7  11.8   4   5   6.4e-07   6.8e-05   13.9   0.0   156   183   329   356   318   364 0.89 -
53                   -            441 PIRSR617512-2        PIRSR617512-2   726   3.3e-14   44.7  11.8   5   5     5e-07   5.4e-05   14.2   0.2   152   203   365   410   360   416 0.81 -
53                   -            441 PIRSR617512-3        PIRSR617512-3   726   3.3e-14   44.7  11.8   1   5      0.03       3.2   -1.6   0.0   214   238   115   138   106   147 0.58 -
53                   -            441 PIRSR617512-3        PIRSR617512-3   726   3.3e-14   44.7  11.8   2   5   1.5e-08   1.6e-06   19.3   0.7   152   181   149   178   141   187 0.89 -
53                   -            441 PIRSR617512-3        PIRSR617512-3   726   3.3e-14   44.7  11.8   3   5    0.0041      0.43    1.3   0.1   151   183   282   314   274   325 0.86 -
53                   -            441 PIRSR617512-3        PIRSR617512-3   726   3.3e-14   44.7  11.8   4   5   6.4e-07   6.8e-05   13.9   0.0   156   183   329   356   318   364 0.89 -
53                   -            441 PIRSR617512-3        PIRSR617512-3   726   3.3e-14   44.7  11.8   5   5     5e-07   5.4e-05   14.2   0.2   152   203   365   410   360   416 0.81 -
53                   -            441 PIRSR617512-4        PIRSR617512-4   726   3.3e-14   44.7  11.8   1   5      0.03       3.2   -1.6   0.0   214   238   115   138   106   147 0.58 -
53                   -            441 PIRSR617512-4        PIRSR617512-4   726   3.3e-14   44.7  11.8   2   5   1.5e-08   1.6e-06   19.3   0.7   152   181   149   178   141   187 0.89 -
53                   -            441 PIRSR617512-4        PIRSR617512-4   726   3.3e-14   44.7  11.8   3   5    0.0041      0.43    1.3   0.1   151   183   282   314   274   325 0.86 -
53                   -            441 PIRSR617512-4        PIRSR617512-4   726   3.3e-14   44.7  11.8   4   5   6.4e-07   6.8e-05   13.9   0.0   156   183   329   356   318   364 0.89 -
53                   -            441 PIRSR617512-4        PIRSR617512-4   726   3.3e-14   44.7  11.8   5   5     5e-07   5.4e-05   14.2   0.2   152   203   365   410   360   416 0.81 -
1                    -            271 PIRSR617711-1        PIRSR617711-1   277   2.9e-20   65.2   0.2   1   1     7e-22   7.5e-20   63.8   0.2     3   253    27   267    25   270 0.81 -
1                    -            271 PIRSR617711-2        PIRSR617711-2   277   2.9e-20   65.2   0.2   1   1     7e-22   7.5e-20   63.8   0.2     3   253    27   267    25   270 0.81 -
1                    -            271 PIRSR629511-1        PIRSR629511-1   279   6.6e-37  119.7   0.0   1   1   8.1e-39   8.6e-37  119.4   0.0    27   275    23   269    10   270 0.93 -
1                    -            271 PIRSR629511-2        PIRSR629511-2   279   6.6e-37  119.7   0.0   1   1   8.1e-39   8.6e-37  119.4   0.0    27   275    23   269    10   270 0.93 -
100                  -            228 PIRSR633567-1        PIRSR633567-1   302    0.0013   10.8   0.0   1   1     2e-05    0.0021   10.0   0.0   134   174   182   222   177   228 0.90 -
100                  -            228 PIRSR633567-2        PIRSR633567-2   302    0.0013   10.8   0.0   1   1     2e-05    0.0021   10.0   0.0   134   174   182   222   177   228 0.90 -
#
# Program:         hmmsearch
# Version:         3.1b1 (May 2013)
# Pipeline mode:   SEARCH
# Query file:      data/pirsr/2021_05/sr_hmm_all
# Target file:     /home/dlueckin/projects/pR1SE_australian_lakes/G_annotate_complete_relatives/scripts/../interpro_tmp/AOIR01000042.1.fasta.faa/hpc-node2_20230626_111205598_kyge//jobPIRSR/000000000001_000000000106.fasta
# Option settings: bin/hmmer/hmmer3/3.1b1/hmmsearch -o /home/dlueckin/projects/pR1SE_australian_lakes/G_annotate_complete_relatives/scripts/../interpro_tmp/AOIR01000042.1.fasta.faa/hpc-node2_20230626_111205598_kyge//jobPIRSR/000000000001_000000000106.raw.out -A /home/dlueckin/projects/pR1SE_australian_lakes/G_annotate_complete_relatives/scripts/../interpro_tmp/AOIR01000042.1.fasta.faa/hpc-node2_20230626_111205598_kyge//jobPIRSR/000000000001_000000000106.raw.align.out --domtblout /home/dlueckin/projects/pR1SE_australian_lakes/G_annotate_complete_relatives/scripts/../interpro_tmp/AOIR01000042.1.fasta.faa/hpc-node2_20230626_111205598_kyge//jobPIRSR/000000000001_000000000106.raw.domtblout.out --acc -E 0.01 --cpu 1 data/pirsr/2021_05/sr_hmm_all /home/dlueckin/projects/pR1SE_australian_lakes/G_annotate_complete_relatives/scripts/../interpro_tmp/AOIR01000042.1.fasta.faa/hpc-node2_20230626_111205598_kyge//jobPIRSR/000000000001_000000000106.fasta 
# Current dir:     /bioinf/home/dlueckin/dbs/interproscan-5.62-94.0
# Date:            Mon Jun 26 11:12:57 2023
# [ok]
