lcl|KX687704.1_prot_AQM75265.1_1	JAJNEG010000027.1_11	100	1083	0	0	1	1083	66	1148	0.0	2118
lcl|KX687704.1_prot_AQM75265.1_1	KX687704.1_1	100	1083	0	0	1	1083	61	1143	0.0	2118
lcl|KX687704.1_prot_AQM75265.1_1	KX906370.1_82	100	1083	0	0	1	1083	66	1148	0.0	2118
lcl|KX687704.1_prot_AQM75265.1_1	LOAJ01000002.1_66	84.9	1088	159	2	1	1083	66	1153	0.0	1815
lcl|KX687704.1_prot_AQM75265.1_1	CP019329.1_127	30.0	990	576	30	99	1026	173	1107	1.48e-86	303
lcl|KX687704.1_prot_AQM75265.1_1	JABUQZ010000003.1_16	29.3	1026	602	30	1	948	70	1050	8.93e-85	298
lcl|KX687704.1_prot_AQM75265.1_1	AOIO01000049.1_42	31.5	764	468	19	230	966	313	1048	1.82e-82	291
lcl|KX687704.1_prot_AQM75265.1_1	CP084476.1_91	31.7	875	497	27	129	948	214	1042	3.26e-81	288
lcl|KX687704.1_prot_AQM75266.1_2	JAJNEG010000027.1_10	100	55	0	0	1	55	1	55	4.31e-32	104
lcl|KX687704.1_prot_AQM75266.1_2	KX687704.1_2	100	55	0	0	1	55	1	55	4.31e-32	104
lcl|KX687704.1_prot_AQM75266.1_2	KX906370.1_83	100	55	0	0	1	55	1	55	4.31e-32	104
lcl|KX687704.1_prot_AQM75267.1_3	JAJNEG010000027.1_9	100	110	0	0	1	110	1	110	2.62e-78	225
lcl|KX687704.1_prot_AQM75267.1_3	KX687704.1_3	100	110	0	0	1	110	1	110	2.62e-78	225
lcl|KX687704.1_prot_AQM75267.1_3	KX906370.1_84	100	110	0	0	1	110	1	110	2.62e-78	225
lcl|KX687704.1_prot_AQM75267.1_3	CP058909.1_945	55.9	93	41	0	17	109	4	96	5.93e-36	117
lcl|KX687704.1_prot_AQM75268.1_4	KX687704.1_4	100	229	0	0	1	229	1	229	4.96e-168	461
lcl|KX687704.1_prot_AQM75268.1_4	JAJNEG010000027.1_8	100	202	0	0	28	229	1	202	1.44e-147	409
lcl|KX687704.1_prot_AQM75269.1_5	JAJNEG010000027.1_7	100	218	0	0	1	218	1	218	1.48e-159	439
lcl|KX687704.1_prot_AQM75269.1_5	KX687704.1_5	100	218	0	0	1	218	31	248	4.39e-159	439
lcl|KX687704.1_prot_AQM75269.1_5	KX906370.1_86	100	218	0	0	1	218	31	248	4.39e-159	439
lcl|KX687704.1_prot_AQM75269.1_5	AOJE01000051.1_51	89.9	218	22	0	1	218	1	218	2.92e-141	393
lcl|KX687704.1_prot_AQM75269.1_5	RJJW01000001.1_485	87.2	218	28	0	1	218	1	218	1.55e-136	381
lcl|KX687704.1_prot_AQM75269.1_5	LOAJ01000002.1_62	83.0	218	37	0	1	218	1	218	2.74e-130	365
lcl|KX687704.1_prot_AQM75269.1_5	CP058909.1_3648	36.9	141	80	4	25	165	10	141	5.58e-18	77.8
lcl|KX687704.1_prot_AQM75269.1_5	CP100004.1_131	33.8	154	83	5	58	208	46	183	7.06e-14	67.0
lcl|KX687704.1_prot_AQM75270.1_6	JAJNEG010000027.1_6	100	1384	0	0	1	1384	1	1384	0.0	2429
lcl|KX687704.1_prot_AQM75270.1_6	KX687704.1_7	100	1384	0	0	1	1384	1	1384	0.0	2429
lcl|KX687704.1_prot_AQM75270.1_6	KX906370.1_88	100	1384	0	0	1	1384	1	1384	0.0	2429
lcl|KX687704.1_prot_AQM75270.1_6	AOJE01000051.1_50	63.9	1400	364	14	1	1384	1	1274	0.0	1578
lcl|KX687704.1_prot_AQM75270.1_6	LOAJ01000002.1_61	52.0	946	337	16	503	1382	538	1432	9.50e-287	853
lcl|KX687704.1_prot_AQM75270.1_6	JAKRVX010000010.1_7	28.3	966	524	30	509	1376	523	1417	5.59e-77	280
lcl|KX687704.1_prot_AQM75270.1_6	CP095494.1_33	27.9	896	544	29	472	1339	347	1168	2.89e-72	264
lcl|KX687704.1_prot_AQM75270.1_6	CP084476.1_77	28.9	886	518	29	494	1338	39	853	4.15e-72	259
lcl|KX687704.1_prot_AQM75270.1_6	CP095494.1_34	28.2	858	524	24	508	1339	262	1053	6.82e-71	259
lcl|KX687704.1_prot_AQM75270.1_6	AOLZ01000012.1_19	27.9	860	539	26	506	1332	382	1193	1.06e-70	259
lcl|KX687704.1_prot_AQM75270.1_6	CP019286.1_50	27.9	860	539	26	506	1332	382	1193	1.06e-70	259
lcl|KX687704.1_prot_AQM75270.1_6	NC_015659.1_102	29.5	838	505	27	506	1316	279	1057	4.94e-70	256
lcl|KX687704.1_prot_AQM75270.1_6	FNFE01000011.1_19	28.9	852	515	29	508	1331	282	1070	7.93e-66	243
lcl|KX687704.1_prot_AQM75270.1_6	JAAOHU010000009.1_4	27.2	846	522	26	506	1328	417	1191	3.54e-64	239
lcl|KX687704.1_prot_AQM75270.1_6	JAQLTW010000001.1_877	28.9	847	500	35	517	1330	3	780	7.11e-64	233
lcl|KX687704.1_prot_AQM75270.1_6	CP040639.1_10	27.4	881	531	27	509	1339	568	1389	1.19e-62	235
lcl|KX687704.1_prot_AQM75270.1_6	CP104003.1_1992	27.6	718	440	25	640	1330	22	686	1.49e-62	228
lcl|KX687704.1_prot_AQM75270.1_6	CP031299.1_116	27.9	875	528	31	509	1339	460	1275	2.79e-62	233
lcl|KX687704.1_prot_AQM75270.1_6	JDTG01000019.1_67	27.9	875	528	31	509	1339	460	1275	2.79e-62	233
lcl|KX687704.1_prot_AQM75270.1_6	CP100004.1_3	27.7	857	514	33	515	1330	497	1288	3.79e-62	233
lcl|KX687704.1_prot_AQM75270.1_6	CP100004.1_143	27.7	857	514	33	515	1330	497	1288	3.79e-62	233
lcl|KX687704.1_prot_AQM75270.1_6	BMCI01000010.1_63	28.4	894	545	34	510	1369	258	1090	3.40e-61	229
lcl|KX687704.1_prot_AQM75270.1_6	AOMA01000019.1_18	26.2	945	580	33	443	1352	269	1131	1.10e-60	228
lcl|KX687704.1_prot_AQM75270.1_6	CP119801.1_45	28.3	858	505	32	509	1331	213	995	3.06e-60	225
lcl|KX687704.1_prot_AQM75270.1_6	BBJN01000020.1_32	26.5	849	520	22	508	1328	573	1345	3.83e-60	227
lcl|KX687704.1_prot_AQM75271.1_7	JAJNEG010000027.1_5	100	551	0	0	1	551	1	551	0.0	1027
lcl|KX687704.1_prot_AQM75271.1_7	KX687704.1_8	100	551	0	0	1	551	1	551	0.0	1027
lcl|KX687704.1_prot_AQM75271.1_7	KX906370.1_89	100	551	0	0	1	551	1	551	0.0	1027
lcl|KX687704.1_prot_AQM75271.1_7	LOAJ01000002.1_60	77.9	548	115	4	8	551	13	558	1.17e-288	794
lcl|KX687704.1_prot_AQM75271.1_7	AOJE01000051.1_48	91.6	263	22	0	289	551	1	263	3.06e-157	449
lcl|KX687704.1_prot_AQM75271.1_7	AOJE01000051.1_49	87.1	271	32	1	1	268	1	271	4.95e-155	444
lcl|KX687704.1_prot_AQM75271.1_7	CP019330.1_1	40.6	503	261	17	60	544	39	521	7.48e-77	251
lcl|KX687704.1_prot_AQM75271.1_7	AOLZ01000012.1_20	45.9	364	175	8	198	551	173	524	9.88e-70	233
lcl|KX687704.1_prot_AQM75271.1_7	CP019286.1_49	45.9	364	175	8	198	551	173	524	9.88e-70	233
lcl|KX687704.1_prot_AQM75271.1_7	JAAOHU010000009.1_3	36.6	547	302	19	13	551	5	514	6.73e-65	219
lcl|KX687704.1_prot_AQM75271.1_7	JABUQZ010000003.1_3	37.0	489	253	12	71	535	52	509	1.41e-63	216
lcl|KX687704.1_prot_AQM75271.1_7	AOMA01000019.1_17	42.9	359	179	10	198	546	172	514	3.73e-62	212
lcl|KX687704.1_prot_AQM75271.1_7	NC_013748.1_10	36.5	490	252	12	72	535	53	509	2.05e-61	210
lcl|KX687704.1_prot_AQM75271.1_7	CP095494.1_35	44.4	297	158	4	255	548	232	524	9.69e-59	203
lcl|KX687704.1_prot_AQM75271.1_7	JAKRVX010000010.1_8	34.4	561	304	20	12	547	3	524	5.14e-58	201
lcl|KX687704.1_prot_AQM75271.1_7	NC_015659.1_101	40.9	359	186	9	198	547	176	517	8.76e-56	195
lcl|KX687704.1_prot_AQM75271.1_7	CP058909.1_3646	39.8	369	198	11	198	551	164	523	6.51e-55	193
lcl|KX687704.1_prot_AQM75271.1_7	CP019329.1_79	41.6	315	148	7	226	537	215	496	1.12e-52	186
lcl|KX687704.1_prot_AQM75271.1_7	CP081958.1_2402	32.8	524	285	16	61	548	1565	2057	2.01e-52	192
lcl|KX687704.1_prot_AQM75271.1_7	CP099999.1_40	34.7	458	237	15	96	532	66	482	4.32e-52	185
lcl|KX687704.1_prot_AQM75271.1_7	FNFE01000011.1_20	42.6	319	148	8	218	533	204	490	1.96e-50	180
lcl|KX687704.1_prot_AQM75271.1_7	CP084476.1_75	32.5	517	294	16	36	532	15	496	6.84e-50	179
lcl|KX687704.1_prot_AQM75271.1_7	Kenyon_NODE_596_length_16493_cov_7.34451_20	37.7	361	197	10	206	548	156	506	1.65e-49	178
lcl|KX687704.1_prot_AQM75271.1_7	WPCC01000021.1_22	33.6	503	280	17	73	551	69	541	2.13e-49	178
lcl|KX687704.1_prot_AQM75271.1_7	CP040639.1_11	33.3	568	295	23	9	547	3	515	5.22e-49	177
lcl|KX687704.1_prot_AQM75272.1_8	JAJNEG010000027.1_4	100	264	0	0	1	264	1	264	5.20e-201	548
lcl|KX687704.1_prot_AQM75272.1_8	KX687704.1_9	100	264	0	0	1	264	1	264	5.20e-201	548
lcl|KX687704.1_prot_AQM75272.1_8	KX906370.1_90	100	264	0	0	1	264	1	264	5.20e-201	548
lcl|KX687704.1_prot_AQM75272.1_8	AOJE01000051.1_47	86.7	270	30	1	1	264	1	270	3.01e-181	498
lcl|KX687704.1_prot_AQM75272.1_8	LOAJ01000002.1_59	82.0	266	46	1	1	264	1	266	9.53e-168	464
lcl|KX687704.1_prot_AQM75272.1_8	AOIP01000022.1_23	33.8	263	137	10	4	250	3	244	1.48e-34	124
lcl|KX687704.1_prot_AQM75272.1_8	Gairdner_NODE_1649_length_16492_cov_7.650423_15	30.8	260	142	9	4	252	3	235	1.28e-22	92.8
lcl|KX687704.1_prot_AQM75273.1_9	JAJNEG010000027.1_3	100	452	0	0	51	502	51	502	2.25e-306	834
lcl|KX687704.1_prot_AQM75273.1_9	KX687704.1_10	100	452	0	0	51	502	51	502	2.25e-306	834
lcl|KX687704.1_prot_AQM75273.1_9	KX906370.1_91	100	452	0	0	51	502	51	502	2.25e-306	834
lcl|KX687704.1_prot_AQM75273.1_9	LOAJ01000002.1_58	79.0	447	93	1	57	502	57	503	4.56e-236	656
lcl|KX687704.1_prot_AQM75273.1_9	AOJE01000051.1_40	74.9	450	110	1	53	502	51	497	6.80e-215	602
lcl|KX687704.1_prot_AQM75273.1_9	NXNI01000003.1_87	37.6	450	226	17	51	482	51	463	8.99e-50	177
lcl|KX687704.1_prot_AQM75273.1_9	AOLZ01000012.1_22	37.4	318	163	11	129	426	127	428	2.08e-30	123
lcl|KX687704.1_prot_AQM75273.1_9	CP019286.1_47	37.4	318	163	11	129	426	127	428	2.08e-30	123
lcl|KX687704.1_prot_AQM75273.1_9	WPCC01000021.1_24	28.7	265	176	6	170	423	35	297	6.58e-17	81.6
lcl|KX687704.1_prot_AQM75273.1_9	CP040639.1_13	27.9	272	171	10	201	461	58	315	8.42e-12	66.2
lcl|KX687704.1_prot_AQM75274.1_10	JAJNEG010000027.1_2	100	98	0	0	1	98	1	98	7.05e-75	215
lcl|KX687704.1_prot_AQM75274.1_10	KX687704.1_11	100	98	0	0	1	98	1	98	7.05e-75	215
lcl|KX687704.1_prot_AQM75274.1_10	KX906370.1_92	100	98	0	0	1	98	1	98	7.05e-75	215
lcl|KX687704.1_prot_AQM75274.1_10	AOJE01000051.1_39	82.8	93	16	0	6	98	4	96	2.43e-59	176
lcl|KX687704.1_prot_AQM75274.1_10	LOAJ01000002.1_57	75.3	93	23	0	6	98	4	96	2.62e-54	163
lcl|KX687704.1_prot_AQM75275.1_11	KX687704.1_12	100	434	0	0	1	434	1	434	0.0	892
lcl|KX687704.1_prot_AQM75275.1_11	KX906370.1_93	100	434	0	0	1	434	1	434	0.0	892
lcl|KX687704.1_prot_AQM75275.1_11	CP019329.1_6	79.6	411	83	1	10	419	1	411	1.47e-241	664
lcl|KX687704.1_prot_AQM75275.1_11	CP058909.1_1326	64.1	409	143	2	13	417	3	411	2.64e-193	542
lcl|KX687704.1_prot_AQM75275.1_11	CP058334.1_3095	65.3	412	138	4	10	417	1	411	3.05e-192	539
lcl|KX687704.1_prot_AQM75275.1_11	KX906370.1_62	64.1	396	140	2	13	406	4	399	1.44e-189	532
lcl|KX687704.1_prot_AQM75275.1_11	CP104003.1_1741	64.1	401	140	3	10	406	1	401	1.47e-185	522
lcl|KX687704.1_prot_AQM75275.1_11	CP100355.1_50	62.6	396	146	2	13	406	3	398	2.33e-185	522
lcl|KX687704.1_prot_AQM75275.1_11	CP104003.1_2932	46.8	410	210	5	15	419	5	411	3.19e-116	345
lcl|KX687704.1_prot_AQM75275.1_11	CP019329.1_223	47.4	363	184	6	15	372	5	365	4.45e-105	317
lcl|KX687704.1_prot_AQM75275.1_11	CP100355.1_1114	57.8	192	81	0	10	201	1	192	5.13e-73	229
lcl|KX687704.1_prot_AQM75275.1_11	AOLZ01000012.1_13	27.4	376	237	12	15	383	3	349	2.87e-27	111
lcl|KX687704.1_prot_AQM75275.1_11	CP019286.1_56	27.4	376	237	12	15	383	3	349	2.87e-27	111
lcl|KX687704.1_prot_AQM75275.1_11	AOLZ01000012.1_88	36.4	195	113	5	185	374	19	207	8.80e-25	101
lcl|KX687704.1_prot_AQM75275.1_11	CP025066.1_3286	35.7	207	125	6	167	370	167	368	6.72e-23	100
lcl|KX687704.1_prot_AQM75275.1_11	CP019329.1_156	30.9	243	157	6	133	370	134	370	1.10e-21	96.3
lcl|KX687704.1_prot_AQM75275.1_11	CP025066.1_2038	34.1	205	131	4	167	370	1	202	1.31e-21	94.0
lcl|KX687704.1_prot_AQM75277.1_13	JAJNEG010000028.1_25	100	245	0	0	83	327	1	245	8.71e-173	478
lcl|KX687704.1_prot_AQM75277.1_13	KX687704.1_14	100	245	0	0	83	327	1	245	8.71e-173	478
lcl|KX687704.1_prot_AQM75277.1_13	KX906370.1_95	100	245	0	0	83	327	1	245	8.71e-173	478
lcl|KX687704.1_prot_AQM75277.1_13	LOAJ01000002.1_55	84.5	245	36	1	83	327	1	243	2.27e-142	401
lcl|KX687704.1_prot_AQM75277.1_13	AOJE01000051.1_35	72.6	241	66	0	83	323	1	241	2.04e-120	346
lcl|KX687704.1_prot_AQM75278.1_14	KX687704.1_15	100	127	0	0	1	127	1	127	9.60e-89	253
lcl|KX687704.1_prot_AQM75278.1_14	KX906370.1_96	100	127	0	0	1	127	1	127	9.60e-89	253
lcl|KX687704.1_prot_AQM75278.1_14	JAJNEG010000028.1_24	99.2	127	1	0	1	127	1	127	7.90e-88	250
lcl|KX687704.1_prot_AQM75278.1_14	LOAJ01000002.1_54	91.3	127	11	0	1	127	1	127	7.02e-82	235
lcl|KX687704.1_prot_AQM75278.1_14	AOJE01000051.1_34	79.5	122	25	0	6	127	5	126	8.44e-67	197
lcl|KX687704.1_prot_AQM75278.1_14	CP101158.1_82	53.5	114	53	0	14	127	10	123	1.57e-38	125
lcl|KX687704.1_prot_AQM75279.1_15	KX687704.1_16	100	105	0	0	1	105	1	105	5.22e-69	201
lcl|KX687704.1_prot_AQM75279.1_15	KX906370.1_97	100	105	0	0	1	105	1	105	5.22e-69	201
lcl|KX687704.1_prot_AQM75279.1_15	JAJNEG010000028.1_23	99.0	105	1	0	1	105	1	105	1.50e-68	200
lcl|KX687704.1_prot_AQM75279.1_15	LOAJ01000002.1_53	83.8	105	17	0	1	105	1	105	2.04e-57	172
lcl|KX687704.1_prot_AQM75279.1_15	AOJE01000051.1_33	78.1	105	23	0	1	105	1	105	1.04e-50	155
lcl|KX687704.1_prot_AQM75279.1_15	CP101158.1_83	51.7	87	42	0	6	92	3	89	1.95e-19	75.9
lcl|KX687704.1_prot_AQM75280.1_16	KX687704.1_17	100	124	0	0	9	132	1	124	1.11e-90	258
lcl|KX687704.1_prot_AQM75280.1_16	CP100355.1_261	34.1	82	53	1	31	111	25	106	7.64e-11	55.1
lcl|KX687704.1_prot_AQM75280.1_16	CP100355.1_589	38.0	79	47	2	33	109	12	90	7.81e-09	49.3
lcl|KX687704.1_prot_AQM75280.1_16	CP100355.1_319	52.1	48	22	1	25	71	50	97	1.85e-07	46.6
lcl|KX687704.1_prot_AQM75280.1_16	CP058909.1_5101	56.8	37	16	0	38	74	18	54	8.24e-07	43.9
lcl|KX687704.1_prot_AQM75280.1_16	CP058909.1_707	38.5	65	34	2	41	104	17	76	1.04e-06	43.5
lcl|KX687704.1_prot_AQM75280.1_16	CP101161.1_2874	37.2	78	47	2	24	100	21	97	1.18e-06	43.9
lcl|KX687704.1_prot_AQM75280.1_16	CP100355.1_1472	43.2	44	25	0	29	72	24	67	1.20e-06	43.9
lcl|KX687704.1_prot_AQM75280.1_16	CP101161.1_3432	40.0	65	35	1	40	104	79	139	1.51e-06	44.3
lcl|KX687704.1_prot_AQM75280.1_16	JAJCVI010000002.1_15	36.8	68	42	1	38	104	38	105	2.70e-06	43.1
lcl|KX687704.1_prot_AQM75280.1_16	CP101161.1_813	52.6	38	18	0	35	72	13	50	5.38e-06	41.6
lcl|KX687704.1_prot_AQM75280.1_16	CP101161.1_258	38.0	79	43	2	28	104	13	87	9.39e-06	41.2
lcl|KX687704.1_prot_AQM75280.1_16	CP058909.1_4903	32.9	76	48	1	32	107	10	82	1.14e-05	40.8
lcl|KX687704.1_prot_AQM75280.1_16	CP058909.1_2235	58.1	31	13	0	41	71	14	44	1.42e-05	40.8
lcl|KX687704.1_prot_AQM75280.1_16	CP058909.1_4394	34.6	78	46	2	35	110	6	80	2.21e-05	40.4
lcl|KX687704.1_prot_AQM75280.1_16	JAJCVI010000007.1_86	35.2	54	33	1	28	79	2	55	7.26e-05	38.5
lcl|KX687704.1_prot_AQM75280.1_16	JAJCVI010000002.1_385	38.1	63	38	1	35	97	45	106	2.19e-04	38.1
lcl|KX687704.1_prot_AQM75280.1_16	CP081958.1_2461	41.2	68	37	1	37	104	33	97	3.22e-04	37.4
lcl|KX687704.1_prot_AQM75281.1_17	KX687704.1_18	100	305	0	0	1	305	1	305	1.29e-217	593
lcl|KX687704.1_prot_AQM75281.1_17	JAJNEG010000028.1_21	97.7	305	7	0	1	305	1	305	8.32e-214	583
lcl|KX687704.1_prot_AQM75281.1_17	KX906370.1_99	97.7	305	7	0	1	305	1	305	8.32e-214	583
lcl|KX687704.1_prot_AQM75281.1_17	AOJE01000051.1_29	84.9	305	45	1	1	305	1	304	7.18e-185	510
lcl|KX687704.1_prot_AQM75281.1_17	LOAJ01000002.1_52	82.2	297	53	0	1	297	1	297	6.70e-176	488
lcl|KX687704.1_prot_AQM75281.1_17	CP101158.1_84	44.9	294	148	5	5	288	17	306	1.96e-76	236
lcl|KX687704.1_prot_AQM75281.1_17	CP100004.1_10	39.7	252	137	7	39	284	29	271	1.50e-44	153
lcl|KX687704.1_prot_AQM75281.1_17	CP100004.1_150	39.7	252	137	7	39	284	29	271	1.50e-44	153
lcl|KX687704.1_prot_AQM75281.1_17	SRIF01000015.1_66	34.1	302	184	5	11	304	10	304	1.48e-42	148
lcl|KX687704.1_prot_AQM75281.1_17	CP019286.1_42	35.0	294	167	9	9	290	123	404	4.65e-42	149
lcl|KX687704.1_prot_AQM75281.1_17	AOLZ01000012.1_27	35.0	294	167	9	9	290	123	404	7.87e-42	149
lcl|KX687704.1_prot_AQM75281.1_17	BMCI01000011.1_5	37.1	283	166	8	7	286	5	278	5.09e-41	144
lcl|KX687704.1_prot_AQM75281.1_17	CP084476.1_60	34.6	295	171	10	7	294	3	282	3.50e-36	131
lcl|KX687704.1_prot_AQM75281.1_17	Frome_NODE_383_length_24936_cov_4.316346_12	32.2	295	177	10	10	290	19	304	3.50e-36	131
lcl|KX687704.1_prot_AQM75281.1_17	JAJCVI010000002.1_563	34.1	299	167	11	13	298	11	292	7.37e-36	130
lcl|KX687704.1_prot_AQM75281.1_17	Eyresouth_NODE_101_length_48437_cov_7.17035_20	32.2	295	177	10	10	290	19	304	9.58e-36	130
lcl|KX687704.1_prot_AQM75281.1_17	Eyre_NODE_236_length_33155_cov_19.932_34	31.3	278	179	8	19	290	29	300	2.40e-35	129
lcl|KX687704.1_prot_AQM75281.1_17	NC_015659.1_92	33.8	299	167	12	13	294	4	288	5.22e-35	128
lcl|KX687704.1_prot_AQM75281.1_17	Gairdner_NODE_167_length_41210_cov_9.888325_26	32.6	239	151	6	10	243	12	245	1.51e-27	108
lcl|KX687704.1_prot_AQM75282.1_18	KX687704.1_19	100	80	0	0	1	80	1	80	1.01e-50	153
lcl|KX687704.1_prot_AQM75282.1_18	JAJNEG010000028.1_20	97.5	80	2	0	1	80	1	80	4.82e-49	149
lcl|KX687704.1_prot_AQM75282.1_18	KX906370.1_100	97.5	80	2	0	1	80	1	80	4.82e-49	149
lcl|KX687704.1_prot_AQM75282.1_18	LOAJ01000002.1_51	81.3	80	15	0	1	80	1	80	1.50e-43	135
lcl|KX687704.1_prot_AQM75282.1_18	AOJE01000051.1_28	85.5	76	11	0	1	76	1	76	1.66e-42	132
lcl|KX687704.1_prot_AQM75282.1_18	CP101158.1_85	56.1	66	29	0	4	69	3	68	4.32e-20	75.9
lcl|KX687704.1_prot_AQM75283.1_19	JAJNEG010000028.1_19	100	93	0	0	1	93	1	93	2.18e-60	178
lcl|KX687704.1_prot_AQM75283.1_19	KX687704.1_20	100	93	0	0	1	93	1	93	2.18e-60	178
lcl|KX687704.1_prot_AQM75283.1_19	KX906370.1_101	100	93	0	0	1	93	1	93	2.18e-60	178
lcl|KX687704.1_prot_AQM75283.1_19	AOJE01000051.1_27	89.2	93	10	0	1	93	1	93	1.37e-54	164
lcl|KX687704.1_prot_AQM75283.1_19	LOAJ01000002.1_50	80.2	91	18	0	1	91	1	91	1.33e-48	149
lcl|KX687704.1_prot_AQM75283.1_19	CP101158.1_86	46.5	86	46	0	4	89	3	88	3.11e-21	79.7
lcl|KX687704.1_prot_AQM75283.1_19	JAJCVI010000002.1_565	33.7	86	55	1	6	91	2	85	7.42e-08	45.4
lcl|KX687704.1_prot_AQM75283.1_19	Gairdner_NODE_167_length_41210_cov_9.888325_24	38.2	76	42	3	12	84	6	79	1.33e-05	39.7
lcl|KX687704.1_prot_AQM75284.1_20	JAJNEG010000028.1_18	100	78	0	0	1	78	1	78	3.17e-53	159
lcl|KX687704.1_prot_AQM75284.1_20	KX687704.1_21	100	78	0	0	1	78	1	78	3.17e-53	159
lcl|KX687704.1_prot_AQM75284.1_20	KX906370.1_102	100	78	0	0	1	78	1	78	3.17e-53	159
lcl|KX687704.1_prot_AQM75284.1_20	AOJE01000051.1_26	96.1	77	3	0	1	77	1	77	2.01e-49	149
lcl|KX687704.1_prot_AQM75284.1_20	LOAJ01000002.1_49	90.9	77	7	0	1	77	1	77	1.17e-48	147
lcl|KX687704.1_prot_AQM75284.1_20	CP101158.1_87	57.4	68	29	0	1	68	1	68	1.51e-22	82.0
lcl|KX687704.1_prot_AQM75284.1_20	NC_015659.1_89	42.6	68	37	2	2	67	3	70	2.12e-11	53.5
lcl|KX687704.1_prot_AQM75284.1_20	CP084476.1_57	44.1	59	32	1	10	67	12	70	6.04e-11	52.4
lcl|KX687704.1_prot_AQM75284.1_20	CP031299.1_23	45.6	57	30	1	9	64	11	67	3.46e-10	50.4
lcl|KX687704.1_prot_AQM75284.1_20	JDTG01000019.1_96	45.6	57	30	1	9	64	11	67	3.46e-10	50.4
lcl|KX687704.1_prot_AQM75285.1_21	KX687704.1_22	100	199	0	0	1	199	1	199	3.15e-147	406
lcl|KX687704.1_prot_AQM75285.1_21	JAJNEG010000028.1_17	98.5	199	3	0	1	199	1	199	3.54e-144	399
lcl|KX687704.1_prot_AQM75285.1_21	KX906370.1_103	98.5	199	3	0	1	199	1	199	3.54e-144	399
lcl|KX687704.1_prot_AQM75285.1_21	AOJE01000051.1_25	91.6	190	16	0	6	195	5	194	1.87e-130	364
lcl|KX687704.1_prot_AQM75285.1_21	LOAJ01000002.1_48	83.5	194	31	1	7	199	11	204	1.47e-119	337
lcl|KX687704.1_prot_AQM75285.1_21	CP100004.1_15	33.7	166	102	3	23	180	17	182	1.78e-30	110
lcl|KX687704.1_prot_AQM75285.1_21	CP100004.1_155	33.7	166	102	3	23	180	17	182	1.78e-30	110
lcl|KX687704.1_prot_AQM75285.1_21	JAJCVI010000002.1_567	38.6	140	85	1	27	165	11	150	7.82e-28	103
lcl|KX687704.1_prot_AQM75285.1_21	AOLZ01000012.1_31	32.7	147	97	1	24	168	24	170	1.21e-24	95.9
lcl|KX687704.1_prot_AQM75285.1_21	CP019286.1_38	32.7	147	97	1	24	168	24	170	1.21e-24	95.9
lcl|KX687704.1_prot_AQM75285.1_21	CP095494.1_48	30.1	163	110	2	22	180	14	176	2.45e-23	92.8
lcl|KX687704.1_prot_AQM75285.1_21	Eyre_NODE_236_length_33155_cov_19.932_30	30.5	151	105	0	23	173	23	173	6.59e-21	86.7
lcl|KX687704.1_prot_AQM75285.1_21	Eyresouth_NODE_101_length_48437_cov_7.17035_24	31.1	151	104	0	23	173	23	173	1.28e-20	85.9
lcl|KX687704.1_prot_AQM75285.1_21	Frome_NODE_383_length_24936_cov_4.316346_16	31.1	151	104	0	23	173	23	173	1.28e-20	85.9
lcl|KX687704.1_prot_AQM75285.1_21	CP099999.1_30	29.7	148	102	1	24	169	23	170	2.07e-20	84.7
lcl|KX687704.1_prot_AQM75285.1_21	CP101161.1_3065	33.1	130	86	1	37	165	24	153	3.80e-20	83.2
lcl|KX687704.1_prot_AQM75285.1_21	AOID01000019.1_118	31.0	145	98	1	27	169	26	170	5.97e-20	83.6
lcl|KX687704.1_prot_AQM75285.1_21	SJER01000008.1_140	28.0	175	122	3	22	193	13	186	2.46e-19	82.4
lcl|KX687704.1_prot_AQM75285.1_21	JAAOHU010000009.1_58	28.3	184	112	5	24	192	14	192	3.32e-19	82.0
lcl|KX687704.1_prot_AQM75285.1_21	FNFE01000011.1_34	29.9	147	101	1	24	168	21	167	2.23e-17	76.6
lcl|KX687704.1_prot_AQM75285.1_21	WSZK01000033.1_25	27.4	157	92	4	37	176	31	182	1.22e-14	69.3
lcl|KX687704.1_prot_AQM75285.1_21	SRIF01000015.1_61	25.7	187	130	3	21	198	18	204	5.20e-14	67.8
lcl|KX687704.1_prot_AQM75285.1_21	JAJCVI010000007.1_26	25.8	151	109	2	22	169	14	164	5.84e-12	62.4
lcl|KX687704.1_prot_AQM75286.1_22	JAJNEG010000028.1_16	100	340	0	0	1	340	1	340	4.05e-234	638
lcl|KX687704.1_prot_AQM75286.1_22	KX687704.1_23	100	340	0	0	1	340	1	340	4.05e-234	638
lcl|KX687704.1_prot_AQM75286.1_22	KX906370.1_104	100	340	0	0	1	340	1	340	4.05e-234	638
lcl|KX687704.1_prot_AQM75286.1_22	AOJE01000051.1_24	88.9	343	35	1	1	340	1	343	1.54e-209	576
lcl|KX687704.1_prot_AQM75286.1_22	LOAJ01000002.1_47	83.8	340	54	1	1	339	1	340	4.39e-197	544
lcl|KX687704.1_prot_AQM75286.1_22	CP101158.1_89	46.5	310	156	4	6	306	4	312	6.01e-89	270
lcl|KX687704.1_prot_AQM75286.1_22	CP058334.1_684	31.7	281	182	3	10	284	10	286	5.07e-37	135
lcl|KX687704.1_prot_AQM75286.1_22	Gairdner_NODE_107_length_49922_cov_74.384603_27	31.2	292	191	3	10	295	10	297	1.32e-36	134
lcl|KX687704.1_prot_AQM75286.1_22	CP100004.1_16	33.5	224	143	5	62	282	65	285	8.16e-32	121
lcl|KX687704.1_prot_AQM75286.1_22	CP100004.1_156	33.5	224	143	5	62	282	65	285	8.16e-32	121
lcl|KX687704.1_prot_AQM75286.1_22	BMCI01000011.1_10	29.0	303	207	5	7	303	10	310	6.76e-29	114
lcl|KX687704.1_prot_AQM75286.1_22	CP084476.1_55	29.6	253	175	3	53	303	54	305	2.82e-28	112
lcl|KX687704.1_prot_AQM75287.1_23	KX687704.1_24	100	430	0	0	1	430	1	430	8.25e-300	811
lcl|KX687704.1_prot_AQM75287.1_23	JAJNEG010000028.1_15	99.3	430	3	0	1	430	1	430	6.48e-297	804
lcl|KX687704.1_prot_AQM75287.1_23	KX906370.1_105	99.3	430	3	0	1	430	1	430	6.48e-297	804
lcl|KX687704.1_prot_AQM75287.1_23	LOAJ01000002.1_46	84.1	434	62	4	1	430	1	431	1.24e-246	677
lcl|KX687704.1_prot_AQM75287.1_23	AOJE01000051.1_22	96.0	248	10	0	183	430	1	248	5.90e-165	463
lcl|KX687704.1_prot_AQM75287.1_23	CP101158.1_90	46.7	430	218	6	7	430	13	437	3.37e-121	359
lcl|KX687704.1_prot_AQM75287.1_23	CP058334.1_683	40.5	348	203	2	76	423	53	396	1.61e-73	236
lcl|KX687704.1_prot_AQM75287.1_23	CP100004.1_17	38.7	351	207	4	76	423	57	402	3.28e-73	235
lcl|KX687704.1_prot_AQM75287.1_23	CP100004.1_157	38.7	351	207	4	76	423	57	402	3.28e-73	235
lcl|KX687704.1_prot_AQM75287.1_23	Gairdner_NODE_107_length_49922_cov_74.384603_28	37.8	352	215	2	76	427	49	396	8.04e-69	223
lcl|KX687704.1_prot_AQM75287.1_23	CP084476.1_54	34.6	419	249	7	10	427	13	407	1.79e-60	202
lcl|KX687704.1_prot_AQM75287.1_23	WSZK01000033.1_23	36.0	361	219	6	69	424	65	418	9.36e-58	195
lcl|KX687704.1_prot_AQM75287.1_23	CP031299.1_26	32.6	427	256	6	2	427	5	400	5.98e-54	184
lcl|KX687704.1_prot_AQM75287.1_23	JDTG01000019.1_99	32.6	427	256	6	2	427	5	400	5.98e-54	184
lcl|KX687704.1_prot_AQM75287.1_23	AOIO01000049.1_110	31.3	418	249	7	10	423	12	395	2.24e-53	183
lcl|KX687704.1_prot_AQM75287.1_23	AOIP01000022.1_34	31.1	418	250	7	10	423	12	395	6.12e-53	182
lcl|KX687704.1_prot_AQM75287.1_23	NC_015659.1_86	31.3	419	262	5	10	427	12	405	1.92e-52	181
lcl|KX687704.1_prot_AQM75287.1_23	CP101161.1_3067	32.9	343	224	2	84	425	1	338	7.49e-51	175
lcl|KX687704.1_prot_AQM75287.1_23	JAJCVI010000002.1_569	31.9	351	233	2	76	425	71	416	1.28e-48	171
lcl|KX687704.1_prot_AQM75287.1_23	LWLN01000003.1_27	32.7	361	221	8	75	419	53	407	3.81e-45	162
lcl|KX687704.1_prot_AQM75287.1_23	BMCI01000011.1_11	30.2	447	261	10	6	425	7	429	3.55e-44	159
lcl|KX687704.1_prot_AQM75287.1_23	AOJE01000025.1_39	31.9	360	235	5	65	421	62	414	5.97e-44	158
lcl|KX687704.1_prot_AQM75287.1_23	AOIR01000042.1_55	28.7	356	240	7	72	425	79	422	3.26e-37	140
lcl|KX687704.1_prot_AQM75287.1_23	RJJW01000001.1_44	29.0	379	233	8	76	422	73	447	1.28e-35	136
lcl|KX687704.1_prot_AQM75287.1_23	Eyre_NODE_236_length_33155_cov_19.932_28	29.4	432	273	11	10	425	16	431	1.18e-33	130
lcl|KX687704.1_prot_AQM75288.1_24	KX687704.1_25	100	567	0	0	1	567	1	567	0.0	1051
lcl|KX687704.1_prot_AQM75288.1_24	JAJNEG010000028.1_14	95.8	567	24	0	1	567	1	567	0.0	1025
lcl|KX687704.1_prot_AQM75288.1_24	KX906370.1_106	95.8	567	24	0	1	567	1	567	0.0	1025
lcl|KX687704.1_prot_AQM75288.1_24	AOJE01000051.1_21	90.9	492	45	0	76	567	8	499	3.99e-316	862
lcl|KX687704.1_prot_AQM75288.1_24	LOAJ01000002.1_45	77.0	553	113	2	27	567	105	655	1.18e-290	803
lcl|KX687704.1_prot_AQM75288.1_24	CP101158.1_91	51.0	471	227	3	89	558	94	561	4.61e-156	458
lcl|KX687704.1_prot_AQM75288.1_24	CP100004.1_19	32.4	487	309	7	81	558	10	485	1.43e-57	200
lcl|KX687704.1_prot_AQM75288.1_24	CP100004.1_159	32.4	487	309	7	81	558	10	485	1.43e-57	200
lcl|KX687704.1_prot_AQM75289.1_25	KX687704.1_26	100	838	0	0	1	838	1	838	0.0	1647
lcl|KX687704.1_prot_AQM75289.1_25	LOAJ01000002.1_44	68.3	838	261	2	1	838	1	833	0.0	1125
lcl|KX687704.1_prot_AQM75289.1_25	JAJNEG010000028.1_13	65.5	826	281	1	13	838	10	831	0.0	1083
lcl|KX687704.1_prot_AQM75289.1_25	KX906370.1_107	65.5	826	281	1	13	838	10	831	0.0	1083
lcl|KX687704.1_prot_AQM75289.1_25	AOJE01000051.1_19	63.2	673	244	1	166	838	2	670	2.86e-307	857
lcl|KX687704.1_prot_AQM75289.1_25	CP101158.1_93	54.6	837	366	4	1	836	1	824	1.10e-306	862
lcl|KX687704.1_prot_AQM75289.1_25	JAAOHU010000009.1_54	47.8	827	408	12	21	838	12	823	1.58e-248	714
lcl|KX687704.1_prot_AQM75289.1_25	NC_013748.1_29	43.2	821	401	16	22	831	9	775	3.12e-198	583
lcl|KX687704.1_prot_AQM75289.1_25	CP100004.1_22	40.9	817	445	10	21	835	7	787	2.62e-196	579
lcl|KX687704.1_prot_AQM75289.1_25	CP100004.1_162	40.9	817	445	10	21	835	7	787	2.62e-196	579
lcl|KX687704.1_prot_AQM75289.1_25	CP031299.1_28	42.5	819	414	15	22	831	9	779	7.92e-194	572
lcl|KX687704.1_prot_AQM75289.1_25	JDTG01000019.1_101	42.5	819	414	15	22	831	9	779	7.92e-194	572
lcl|KX687704.1_prot_AQM75289.1_25	NC_015659.1_84	42.1	817	421	14	22	831	8	779	3.95e-191	565
lcl|KX687704.1_prot_AQM75289.1_25	AOIP01000022.1_36	41.0	817	431	15	22	831	9	781	4.20e-191	565
lcl|KX687704.1_prot_AQM75289.1_25	AOIO01000049.1_112	41.0	817	431	16	22	831	9	781	6.64e-190	562
lcl|KX687704.1_prot_AQM75289.1_25	SRIF01000015.1_56	40.9	804	416	14	53	835	43	808	2.36e-185	551
lcl|KX687704.1_prot_AQM75289.1_25	CP019329.1_57	39.7	827	446	13	21	831	19	808	1.41e-184	550
lcl|KX687704.1_prot_AQM75289.1_25	AOID01000019.1_113	39.5	835	456	14	15	831	4	807	4.37e-184	548
lcl|KX687704.1_prot_AQM75289.1_25	CP119801.1_26	40.0	828	451	17	21	835	13	807	4.34e-182	543
lcl|KX687704.1_prot_AQM75289.1_25	RJJW01000001.1_46	39.1	829	449	14	21	831	10	800	3.53e-176	528
lcl|KX687704.1_prot_AQM75289.1_25	FNFE01000011.1_39	38.9	831	456	13	27	834	13	814	5.78e-176	527
lcl|KX687704.1_prot_AQM75289.1_25	CP099999.1_26	39.0	825	473	14	20	835	10	813	6.89e-174	522
lcl|KX687704.1_prot_AQM75289.1_25	Gairdner_NODE_107_length_49922_cov_74.384603_31	38.2	816	458	10	20	831	7	780	8.35e-174	521
lcl|KX687704.1_prot_AQM75289.1_25	WSZK01000033.1_21	39.1	820	464	11	19	835	14	801	1.57e-173	521
lcl|KX687704.1_prot_AQM75289.1_25	CP058334.1_681	38.3	815	457	10	21	831	8	780	1.84e-172	517
lcl|KX687704.1_prot_AQM75290.1_26	KX687704.1_28	100	541	0	0	37	577	1	541	0.0	1045
lcl|KX687704.1_prot_AQM75290.1_26	JAJNEG010000028.1_11	99.6	541	2	0	37	577	1	541	0.0	1042
lcl|KX687704.1_prot_AQM75290.1_26	KX906370.1_109	95.6	541	24	0	37	577	1	541	0.0	1006
lcl|KX687704.1_prot_AQM75290.1_26	AOJE01000051.1_18	91.1	541	48	0	37	577	1	541	0.0	963
lcl|KX687704.1_prot_AQM75290.1_26	LOAJ01000002.1_40	86.8	538	71	0	36	573	1	538	0.0	917
lcl|KX687704.1_prot_AQM75290.1_26	CP101158.1_95	51.7	522	249	2	42	562	5	524	1.37e-176	509
lcl|KX687704.1_prot_AQM75290.1_26	CP100004.1_27	44.0	520	288	2	44	562	1	518	2.45e-137	409
lcl|KX687704.1_prot_AQM75290.1_26	WSZK01000033.1_18	42.9	524	291	4	45	562	3	524	7.75e-135	402
lcl|KX687704.1_prot_AQM75290.1_26	Eyre_NODE_236_length_33155_cov_19.932_24	41.4	541	296	7	39	562	7	543	2.47e-131	394
lcl|KX687704.1_prot_AQM75290.1_26	Frome_NODE_383_length_24936_cov_4.316346_22	41.1	542	296	9	39	562	7	543	2.17e-126	382
lcl|KX687704.1_prot_AQM75290.1_26	Eyresouth_NODE_101_length_48437_cov_7.17035_30	40.5	541	301	7	39	562	7	543	3.43e-125	379
lcl|KX687704.1_prot_AQM75290.1_26	QKNW01000002.1_17	34.4	552	327	7	42	562	7	554	6.87e-98	308
lcl|KX687704.1_prot_AQM75290.1_26	CP100004.1_167	46.1	356	189	2	208	562	7	360	1.01e-87	275
lcl|KX687704.1_prot_AQM75290.1_26	CP100004.1_168	43.0	158	84	1	44	195	1	158	1.85e-40	144
lcl|KX687704.1_prot_AQM75290.1_26	RJJW01000001.1_51	82.8	64	10	1	37	100	1	63	1.28e-24	97.4
lcl|KX687704.1_prot_AQM75290.1_26	CP101158.1_98	54.3	46	21	0	47	92	12	57	3.11e-07	47.4
lcl|KX687704.1_prot_AQM75290.1_26	CP101158.1_97	76.2	21	5	0	381	401	25	45	2.82e-04	38.5
lcl|KX687704.1_prot_AQM75293.1_29	JAJNEG010000028.1_10	100	374	0	0	1	374	42	415	3.63e-271	736
lcl|KX687704.1_prot_AQM75293.1_29	KX687704.1_29	100	374	0	0	1	374	42	415	3.63e-271	736
lcl|KX687704.1_prot_AQM75293.1_29	KX906370.1_110	100	374	0	0	1	374	105	478	3.80e-270	736
lcl|KX687704.1_prot_AQM75293.1_29	AOJE01000051.1_17	91.2	374	33	0	1	374	42	415	3.68e-248	678
lcl|KX687704.1_prot_AQM75293.1_29	SJER01000008.1_105	46.4	360	184	3	6	365	44	394	1.29e-103	310
lcl|KX687704.1_prot_AQM75293.1_29	JAKRVX010000010.1_26	46.3	352	182	2	5	356	45	389	9.73e-100	300
lcl|KX687704.1_prot_AQM75293.1_29	CP095494.1_111	45.5	343	177	5	5	345	43	377	8.39e-92	281
lcl|KX687704.1_prot_AQM75293.1_29	FNFE01000011.1_11	45.5	343	177	5	5	345	43	377	1.19e-91	280
lcl|KX687704.1_prot_AQM75293.1_29	AP017558.1_2225	43.7	359	194	3	5	363	43	393	3.95e-90	276
lcl|KX687704.1_prot_AQM75293.1_29	RJJW01000001.1_439	42.1	354	196	4	5	358	43	387	6.33e-89	273
lcl|KX687704.1_prot_AQM75293.1_29	JAJCVI010000007.1_185	40.7	354	201	4	5	358	45	389	7.04e-87	268
lcl|KX687704.1_prot_AQM75293.1_29	CP100355.1_2640	41.4	370	208	4	5	373	43	404	9.44e-87	268
lcl|KX687704.1_prot_AQM75293.1_29	AOIO01000049.1_38	42.0	362	197	6	5	365	44	393	1.93e-84	262
lcl|KX687704.1_prot_AQM75293.1_29	CP019286.1_184	42.7	354	193	6	5	358	43	386	2.17e-84	261
lcl|KX687704.1_prot_AQM75293.1_29	KX906370.1_190	40.3	350	201	3	5	354	43	384	5.59e-84	260
lcl|KX687704.1_prot_AQM75293.1_29	CP101158.1_19	42.7	354	194	4	5	358	45	389	9.09e-84	259
lcl|KX687704.1_prot_AQM75293.1_29	CP058909.1_1312	41.9	353	196	4	5	357	45	388	5.10e-83	258
lcl|KX687704.1_prot_AQM75293.1_29	CP019329.1_161	41.5	354	197	5	5	358	43	386	5.40e-82	255
lcl|KX687704.1_prot_AQM75293.1_29	CP100004.1_79	41.1	355	197	7	6	358	61	405	1.46e-81	255
lcl|KX687704.1_prot_AQM75293.1_29	FOXI01000019.1_1	39.0	354	207	5	5	358	45	389	7.96e-77	242
lcl|KX687704.1_prot_AQM75293.1_29	BMCI01000010.1_1	35.9	351	216	5	3	352	44	386	7.96e-64	208
lcl|KX687704.1_prot_AQM75293.1_29	CP081958.1_428	37.6	383	212	9	5	369	46	419	1.15e-62	206
lcl|KX687704.1_prot_AQM75293.1_29	CP025066.1_2939	36.1	355	217	6	2	354	42	388	2.06e-62	204
lcl|KX687704.1_prot_AQM75293.1_29	RJJW01000001.1_627	36.1	366	211	10	6	364	57	406	1.37e-58	195
lcl|KX687704.1_prot_AQM75293.1_29	CP058909.1_753	33.6	414	215	7	6	369	178	581	1.57e-56	194
lcl|KX687704.1_prot_AQM75294.1_30	JAJNEG010000028.1_9	100	229	0	0	1	229	1	229	7.99e-183	499
lcl|KX687704.1_prot_AQM75294.1_30	KX687704.1_30	100	229	0	0	1	229	1	229	7.99e-183	499
lcl|KX687704.1_prot_AQM75294.1_30	KX906370.1_111	100	229	0	0	1	229	1	229	7.99e-183	499
lcl|KX687704.1_prot_AQM75294.1_30	RJJW01000001.1_53	73.0	230	60	2	1	229	1	229	3.11e-130	366
lcl|KX687704.1_prot_AQM75294.1_30	AOJE01000051.1_14	71.1	228	61	3	1	227	1	224	1.10e-120	342
lcl|KX687704.1_prot_AQM75294.1_30	SJER01000008.1_54	52.7	207	85	4	24	229	16	210	1.54e-72	219
lcl|KX687704.1_prot_AQM75294.1_30	QPLN01000011.1_39	46.9	211	94	5	25	228	17	216	1.30e-64	200
lcl|KX687704.1_prot_AQM75294.1_30	SRIF01000015.1_22	46.6	208	96	4	25	228	17	213	1.32e-61	192
lcl|KX687704.1_prot_AQM75294.1_30	CP019329.1_225	51.2	170	75	3	67	229	4	172	4.86e-60	186
lcl|KX687704.1_prot_AQM75294.1_30	CP100355.1_594	34.3	67	43	1	137	203	86	151	8.23e-04	38.5
lcl|KX687704.1_prot_AQM75295.1_31	KX687704.1_32	100	125	0	0	1	125	1	125	1.43e-89	254
lcl|KX687704.1_prot_AQM75295.1_31	JAJNEG010000028.1_7	99.2	125	1	0	1	125	1	125	1.18e-88	252
lcl|KX687704.1_prot_AQM75295.1_31	KX906370.1_113	99.2	125	1	0	1	125	1	125	1.18e-88	252
lcl|KX687704.1_prot_AQM75295.1_31	AOJE01000051.1_10	67.5	123	40	0	1	123	1	123	1.89e-55	168
lcl|KX687704.1_prot_AQM75295.1_31	LOAJ01000002.1_29	57.8	116	49	0	6	121	112	227	3.36e-44	143
lcl|KX687704.1_prot_AQM75296.1_32	KX687704.1_33	100	445	0	0	1	445	1	445	0.0	873
lcl|KX687704.1_prot_AQM75296.1_32	KX906370.1_188	100	445	0	0	1	445	1	445	0.0	873
lcl|KX687704.1_prot_AQM75296.1_32	AOLZ01000012.1_53	61.9	446	169	1	1	445	1	446	1.36e-194	546
lcl|KX687704.1_prot_AQM75296.1_32	CP019286.1_15	61.9	446	169	1	1	445	1	446	1.36e-194	546
lcl|KX687704.1_prot_AQM75296.1_32	CP019286.1_109	88.9	297	33	0	149	445	1	297	6.74e-187	521
lcl|KX687704.1_prot_AQM75296.1_32	CP019286.1_108	83.4	145	24	0	1	145	1	145	2.38e-79	242
lcl|KX687704.1_prot_AQM75298.1_34	KX687704.1_34	100	414	0	0	1	414	1	414	6.88e-309	833
lcl|KX687704.1_prot_AQM75298.1_34	KX906370.1_187	99.5	414	2	0	1	414	1	414	1.33e-306	827
lcl|KX687704.1_prot_AQM75298.1_34	NC_015659.1_78	47.1	408	206	3	8	413	14	413	1.70e-124	366
lcl|KX687704.1_prot_AQM75298.1_34	CP101158.1_102	45.5	402	208	4	12	411	2	394	2.35e-120	355
lcl|KX687704.1_prot_AQM75298.1_34	CP040639.1_37	45.2	409	214	3	5	411	6	406	2.45e-120	355
lcl|KX687704.1_prot_AQM75298.1_34	FOXI01000019.1_27	45.5	407	211	4	8	411	7	405	3.34e-113	337
lcl|KX687704.1_prot_AQM75298.1_34	JAKRVX010000010.1_30	41.5	402	226	2	12	411	2	396	7.84e-109	325
lcl|KX687704.1_prot_AQM75298.1_34	CP084476.1_42	45.3	413	207	6	7	412	8	408	2.95e-108	324
lcl|KX687704.1_prot_AQM75298.1_34	AOID01000019.1_107	45.3	413	205	8	7	411	9	408	3.91e-106	319
lcl|KX687704.1_prot_AQM75298.1_34	CP019329.1_45	41.0	420	228	9	7	412	9	422	5.01e-93	286
lcl|KX687704.1_prot_AQM75298.1_34	CP019286.1_192	35.4	418	247	7	8	412	25	432	1.49e-85	267
lcl|KX687704.1_prot_AQM75298.1_34	JAJCVI010000007.1_130	34.7	412	255	8	8	412	19	423	2.67e-79	251
lcl|KX687704.1_prot_AQM75298.1_34	QPLN01000011.1_53	34.9	410	247	8	8	411	34	429	4.32e-77	245
lcl|KX687704.1_prot_AQM75298.1_34	WOWA01000007.1_8	34.1	410	250	8	8	411	34	429	4.17e-74	237
lcl|KX687704.1_prot_AQM75298.1_34	Eyre_NODE_236_length_33155_cov_19.932_23	35.3	408	245	9	12	411	20	416	1.59e-70	228
lcl|KX687704.1_prot_AQM75298.1_34	Frome_NODE_383_length_24936_cov_4.316346_23	34.8	408	247	8	12	411	20	416	2.32e-69	224
lcl|KX687704.1_prot_AQM75298.1_34	Eyresouth_NODE_101_length_48437_cov_7.17035_31	34.8	408	247	8	12	411	20	416	3.26e-69	224
lcl|KX687704.1_prot_AQM75300.1_36	KX687704.1_35	100	202	0	0	1	202	1	202	2.03e-140	389
lcl|KX687704.1_prot_AQM75300.1_36	KX906370.1_186	100	66	0	0	137	202	6	71	1.87e-37	124
lcl|KX687704.1_prot_AQM75301.1_37	KX687704.1_36	100	390	0	0	1	390	1	390	7.17e-292	788
lcl|KX687704.1_prot_AQM75301.1_37	CP025066.1_2980	75.6	390	95	0	1	390	1	390	4.30e-222	612
lcl|KX687704.1_prot_AQM75301.1_37	CP025066.1_2236	75.1	390	97	0	1	390	1	390	1.17e-219	605
lcl|KX687704.1_prot_AQM75301.1_37	CP025066.1_3053	75.1	390	97	0	1	390	1	390	1.17e-219	605
lcl|KX687704.1_prot_AQM75301.1_37	CP025066.1_1631	74.9	390	98	0	1	390	1	390	9.61e-219	603
lcl|KX687704.1_prot_AQM75301.1_37	CP025066.1_1682	74.6	390	99	0	1	390	1	390	1.94e-218	602
lcl|KX687704.1_prot_AQM75301.1_37	CP025066.1_2234	48.9	380	193	1	7	386	10	388	1.23e-123	362
lcl|KX687704.1_prot_AQM75301.1_37	CP019286.1_96	48.6	331	169	1	4	334	10	339	1.27e-101	305
lcl|KX687704.1_prot_AQM75301.1_37	CP025066.1_2974	78.0	123	27	0	159	281	1	123	3.32e-59	187
lcl|KX687704.1_prot_AQM75301.1_37	CP025066.1_657	49.2	191	89	1	106	296	8	190	1.70e-56	184
lcl|KX687704.1_prot_AQM75301.1_37	CP025066.1_2973	81.7	71	13	0	320	390	2	72	1.95e-33	120
lcl|KX687704.1_prot_AQM75301.1_37	CP025066.1_2976	62.7	59	22	0	1	59	1	59	2.48e-21	86.3
lcl|KX687704.1_prot_AQM75301.1_37	CP025066.1_2975	70.0	50	15	0	97	146	1	50	9.05e-19	79.0
lcl|KX687704.1_prot_AQM75302.1_38	KX687704.1_37	100	295	0	0	1	295	1	295	7.73e-214	583
lcl|KX687704.1_prot_AQM75302.1_38	RJJW01000001.1_649	31.9	260	167	7	9	263	3	257	3.56e-33	122
lcl|KX687704.1_prot_AQM75303.1_39	KX687704.1_38	100	176	0	0	1	176	1	176	3.57e-110	311
lcl|KX687704.1_prot_AQM75304.1_40	KX687704.1_39	100	386	0	0	1	386	26	411	2.20e-281	762
lcl|KX687704.1_prot_AQM75305.1_41	KX687704.1_40	100	429	0	0	1	429	1	429	2.83e-311	840
lcl|KX687704.1_prot_AQM75305.1_41	CP058909.1_1276	52.2	393	184	4	36	427	10	399	2.95e-141	409
lcl|KX687704.1_prot_AQM75305.1_41	AP017558.1_294	52.3	394	182	4	35	425	6	396	2.65e-139	404
lcl|KX687704.1_prot_AQM75305.1_41	RJJW01000001.1_52	43.9	412	218	6	24	426	10	417	3.42e-105	317
lcl|KX687704.1_prot_AQM75305.1_41	RJJW01000001.1_627	44.3	388	210	5	36	422	14	396	3.34e-100	304
lcl|KX687704.1_prot_AQM75305.1_41	CP025066.1_2999	42.7	396	212	6	36	420	25	416	7.57e-99	301
lcl|KX687704.1_prot_AQM75305.1_41	LOAJ01000002.1_39	40.9	394	229	4	36	427	7	398	1.31e-96	295
lcl|KX687704.1_prot_AQM75305.1_41	CP058909.1_3418	40.3	409	232	7	21	422	1	404	2.27e-93	287
lcl|KX687704.1_prot_AQM75305.1_41	AP017558.1_1575	39.1	391	225	7	36	420	12	395	2.66e-80	253
lcl|KX687704.1_prot_AQM75305.1_41	JAJCVI010000007.1_217	37.1	404	226	7	43	425	41	437	1.52e-71	232
lcl|KX687704.1_prot_AQM75305.1_41	CP081958.1_1709	33.0	421	227	9	35	406	208	622	4.71e-51	182
lcl|KX687704.1_prot_AQM75305.1_41	CP101161.1_1099	32.7	443	235	11	20	406	84	519	2.88e-50	178
lcl|KX687704.1_prot_AQM75305.1_41	CP058909.1_753	33.4	425	220	9	35	406	136	550	3.44e-50	178
lcl|KX687704.1_prot_AQM75305.1_41	CP104003.1_3021	33.0	437	236	10	20	406	83	512	1.32e-49	176
lcl|KX687704.1_prot_AQM75305.1_41	CP058334.1_1773	33.3	417	215	10	43	406	152	558	1.36e-49	177
lcl|KX687704.1_prot_AQM75305.1_41	BMCI01000010.1_1	31.3	396	257	10	36	425	5	391	1.59e-49	172
lcl|KX687704.1_prot_AQM75305.1_41	CP101158.1_19	31.6	377	237	9	37	406	6	368	1.75e-49	172
lcl|KX687704.1_prot_AQM75305.1_41	CP100355.1_814	30.6	470	247	10	9	406	17	479	3.93e-48	171
lcl|KX687704.1_prot_AQM75305.1_41	CP025066.1_1	31.3	453	229	9	30	406	134	580	8.95e-48	172
lcl|KX687704.1_prot_AQM75305.1_41	AP017558.1_1462	28.8	482	227	9	35	406	182	657	3.25e-42	157
lcl|KX687704.1_prot_AQM75305.1_41	CP025066.1_2939	33.0	373	228	13	43	406	12	371	1.11e-39	146
lcl|KX687704.1_prot_AQM75305.1_41	KX687704.1_43	37.0	230	140	4	179	406	11	237	5.99e-36	132
lcl|KX687704.1_prot_AQM75305.1_41	AP017558.1_1549	28.9	374	236	9	37	390	4	367	2.77e-30	120
lcl|KX687704.1_prot_AQM75305.1_41	CP019286.1_13	26.3	361	226	9	36	368	3	351	1.82e-26	110
lcl|KX687704.1_prot_AQM75308.1_44	KX687704.1_43	100	264	0	0	1	264	1	264	7.54e-185	507
lcl|KX687704.1_prot_AQM75308.1_44	CP101158.1_19	60.4	260	103	0	1	260	132	391	2.76e-104	308
lcl|KX687704.1_prot_AQM75308.1_44	CP058909.1_1312	56.3	263	115	0	1	263	132	394	2.17e-98	293
lcl|KX687704.1_prot_AQM75308.1_44	JAJCVI010000007.1_185	51.2	260	127	0	1	260	132	391	2.53e-84	257
lcl|KX687704.1_prot_AQM75308.1_44	CP019329.1_161	44.2	260	145	0	1	260	129	388	1.27e-77	240
lcl|KX687704.1_prot_AQM75308.1_44	AOIO01000049.1_38	44.8	261	144	0	1	261	131	391	1.00e-75	235
lcl|KX687704.1_prot_AQM75308.1_44	CP019286.1_184	44.2	260	145	0	1	260	129	388	4.53e-75	233
lcl|KX687704.1_prot_AQM75308.1_44	RJJW01000001.1_439	44.2	260	145	0	1	260	130	389	1.02e-72	228
lcl|KX687704.1_prot_AQM75308.1_44	CP100004.1_79	45.6	263	139	2	1	260	146	407	2.95e-72	227
lcl|KX687704.1_prot_AQM75308.1_44	FOXI01000019.1_1	44.4	261	144	1	1	260	131	391	5.94e-68	215
lcl|KX687704.1_prot_AQM75308.1_44	AP017558.1_2225	39.4	259	156	1	1	258	130	388	3.36e-61	197
lcl|KX687704.1_prot_AQM75308.1_44	KX906370.1_190	39.8	246	147	1	1	245	130	375	6.66e-61	197
lcl|KX687704.1_prot_AQM75308.1_44	CP025066.1_2939	40.3	253	149	2	2	252	134	386	8.04e-58	189
lcl|KX687704.1_prot_AQM75308.1_44	CP100355.1_2640	40.2	246	146	1	1	245	130	375	1.02e-57	189
lcl|KX687704.1_prot_AQM75308.1_44	FNFE01000011.1_11	38.3	248	150	2	1	245	130	377	1.58e-57	188
lcl|KX687704.1_prot_AQM75308.1_44	CP095494.1_111	37.5	248	152	2	1	245	130	377	4.81e-56	184
lcl|KX687704.1_prot_AQM75308.1_44	CP081958.1_428	37.6	263	160	3	1	259	144	406	1.52e-54	181
lcl|KX687704.1_prot_AQM75308.1_44	JAKRVX010000010.1_26	38.0	258	158	2	1	256	132	389	2.77e-53	177
lcl|KX687704.1_prot_AQM75308.1_44	CP025066.1_2964	39.2	240	144	2	2	239	127	366	1.10e-49	167
lcl|KX687704.1_prot_AQM75308.1_44	SJER01000008.1_105	37.7	260	159	3	1	258	129	387	1.59e-48	164
lcl|KX687704.1_prot_AQM75308.1_44	KX906370.1_167	35.7	252	160	2	1	250	166	417	8.21e-48	164
lcl|KX687704.1_prot_AQM75308.1_44	LOAJ01000002.1_39	39.4	236	139	2	13	245	150	384	7.53e-46	157
lcl|KX687704.1_prot_AQM75308.1_44	BMCI01000010.1_1	35.9	248	156	3	1	245	132	379	1.28e-45	157
lcl|KX687704.1_prot_AQM75308.1_44	CP058909.1_1276	38.6	251	150	3	11	259	151	399	8.18e-45	155
lcl|KX687704.1_prot_AQM75308.1_44	RJJW01000001.1_627	36.9	249	154	3	11	258	154	400	1.66e-41	146
lcl|KX687704.1_prot_AQM75309.1_45	KX687704.1_44	100	388	0	0	1	388	1	388	7.45e-293	790
lcl|KX687704.1_prot_AQM75309.1_45	KX906370.1_118	100	388	0	0	1	388	1	388	7.45e-293	790
lcl|KX687704.1_prot_AQM75309.1_45	KX906370.1_165	100	388	0	0	1	388	1	388	7.45e-293	790
lcl|KX687704.1_prot_AQM75309.1_45	KX906370.1_185	100	388	0	0	1	388	1	388	7.45e-293	790
lcl|KX687704.1_prot_AQM75309.1_45	KX906370.1_194	100	388	0	0	1	388	1	388	7.45e-293	790
lcl|KX687704.1_prot_AQM75309.1_45	CP058909.1_2035	89.5	389	40	1	1	388	1	389	3.35e-262	713
lcl|KX687704.1_prot_AQM75309.1_45	RJJW01000001.1_3	82.7	388	67	0	1	388	1	388	2.51e-243	665
lcl|KX687704.1_prot_AQM75309.1_45	CP058909.1_2201	72.4	388	107	0	1	388	1	388	1.75e-213	590
lcl|KX687704.1_prot_AQM75309.1_45	CP025066.1_3046	66.5	385	121	2	5	388	4	381	6.30e-184	514
lcl|KX687704.1_prot_AQM75309.1_45	CP025066.1_3110	64.9	387	128	2	3	388	2	381	5.97e-182	509
lcl|KX687704.1_prot_AQM75309.1_45	RJJW01000001.1_63	64.6	384	128	2	6	388	5	381	2.80e-180	505
lcl|KX687704.1_prot_AQM75309.1_45	RJJW01000001.1_433	64.6	384	128	2	6	388	5	381	2.80e-180	505
lcl|KX687704.1_prot_AQM75309.1_45	RJJW01000001.1_561	64.6	384	128	2	6	388	5	381	2.80e-180	505
lcl|KX687704.1_prot_AQM75309.1_45	CP058909.1_2192	91.4	128	11	0	106	233	1	128	5.68e-81	243
lcl|KX687704.1_prot_AQM75309.1_45	CP019286.1_96	27.9	297	209	3	42	337	47	339	5.00e-27	110
lcl|KX687704.1_prot_AQM75309.1_45	AOJE01000025.1_2	61.5	52	16	1	337	388	43	90	2.53e-11	59.3
lcl|KX687704.1_prot_AQM75309.1_45	KX906370.1_1	100	26	0	0	1	26	1	26	6.41e-10	53.5
lcl|KX687704.1_prot_AQM75310.1_46	KX687704.1_45	100	100	0	0	1	100	1	100	1.79e-69	202
lcl|KX687704.1_prot_AQM75311.1_47	KX687704.1_46	100	116	0	0	43	158	1	116	7.77e-78	226
lcl|KX687704.1_prot_AQM75311.1_47	JAJCVI010000002.1_515	43.1	116	63	2	43	156	1	115	1.99e-23	88.6
lcl|KX687704.1_prot_AQM75311.1_47	AP017558.1_1708	39.5	114	69	0	43	156	1	114	5.17e-23	87.4
lcl|KX687704.1_prot_AQM75311.1_47	CP101161.1_1408	42.1	114	65	1	43	156	1	113	1.03e-22	86.7
lcl|KX687704.1_prot_AQM75311.1_47	CP058909.1_64	38.4	112	69	0	45	156	4	115	6.14e-22	84.7
lcl|KX687704.1_prot_AQM75311.1_47	CP025066.1_422	39.5	114	69	0	43	156	1	114	8.01e-22	84.3
lcl|KX687704.1_prot_AQM75311.1_47	CP104003.1_3176	38.9	113	68	1	43	155	1	112	1.84e-20	80.9
lcl|KX687704.1_prot_AQM75311.1_47	CP100355.1_1377	38.6	114	70	0	43	156	1	114	1.06e-19	79.0
lcl|KX687704.1_prot_AQM75312.1_48	KX687704.1_47	100	220	0	0	1	220	1	220	7.09e-168	460
lcl|KX687704.1_prot_AQM75312.1_48	KX906370.1_31	100	44	0	0	173	216	1	44	8.65e-27	101
