AOIO01000049.1_1	WP_121919459.1	42.5	294	164	4	39	327	1	294	1.32e-82	257
AOIO01000049.1_2	WP_083759884.1	33.8	325	160	12	16	324	47	332	1.98e-36	139
AOIO01000049.1_3	WP_067272343.1	32.3	260	169	2	3	255	11	270	5.09e-25	107
AOIO01000049.1_5	WP_096391131.1	60.4	490	194	0	4	493	7	496	2.01e-179	517
AOIO01000049.1_6	WP_089671010.1	49.2	122	62	0	9	130	19	140	4.86e-36	125
AOIO01000049.1_7	WP_086890154.1	54.1	157	70	2	1	156	6	161	1.91e-48	164
AOIO01000049.1_8	YP_001702791.1	39.8	133	78	1	5	137	7	137	6.82e-26	100
AOIO01000049.1_9	WP_096391138.1	56.8	264	114	0	1	264	1	264	3.31e-97	290
AOIO01000049.1_10	WP_015323421.1	51.4	142	69	0	1	142	1	142	6.34e-48	156
AOIO01000049.1_11	WP_005576614.1	51.9	77	37	0	1	77	75	151	7.46e-18	77.8
AOIO01000049.1_13	WP_004216592.1	74.4	219	56	0	4	222	187	405	1.21e-118	348
AOIO01000049.1_14	WP_004267470.1	61.7	392	150	0	9	400	11	402	3.94e-164	471
AOIO01000049.1_15	WP_005816607.1	53.0	264	115	4	3	257	327	590	2.26e-86	273
AOIO01000049.1_16	WP_128467212.1	47.5	179	89	2	7	181	37	214	9.41e-46	163
AOIO01000049.1_17	WP_015130651.1	47.8	184	89	3	39	221	44	221	5.36e-50	167
AOIO01000049.1_18	WP_096391132.1	43.8	493	242	4	15	473	24	515	1.71e-123	375
AOIO01000049.1_19	WP_012943099.1	81.8	472	86	0	1	472	1	472	1.47e-275	759
AOIO01000049.1_20	WP_012996381.1	90.8	392	36	0	1	392	1	392	4.69e-263	721
AOIO01000049.1_22	WP_089423594.1	52.8	53	24	1	1	52	1	53	1.17e-09	58.9
AOIO01000049.1_23	WP_014865608.1	90.6	96	9	0	1	96	1	96	1.88e-56	178
AOIO01000049.1_37	WP_129889481.1	46.3	136	72	1	4	138	2	137	2.53e-28	106
AOIO01000049.1_38	WP_004965595.1	81.5	410	76	0	3	412	2	411	3.45e-246	680
AOIO01000049.1_42	WP_012946224.1	28.5	480	240	18	5	456	4	408	1.58e-28	130
AOIO01000049.1_46	WP_008452623.1	43.0	79	37	3	5	83	6	76	4.73e-09	53.5
AOIO01000049.1_52	WP_013881829.1	87.0	345	45	0	1	345	1	345	2.28e-230	634
AOIO01000049.1_53	WP_013881830.1	82.1	448	80	0	1	448	1	448	2.08e-276	759
AOIO01000049.1_54	WP_014050461.1	86.7	90	12	0	1	90	1	90	1.61e-53	166
AOIO01000049.1_55	WP_014050462.1	78.8	325	69	0	1	325	7	331	3.35e-187	523
AOIO01000049.1_56	WP_128478963.1	72.5	200	55	0	1	200	1	200	3.46e-105	306
AOIO01000049.1_57	WP_128478964.1	48.2	714	332	19	3	705	2	688	6.70e-202	591
AOIO01000049.1_58	WP_119814701.1	59.7	238	90	3	5	242	4	235	4.79e-96	285
AOIO01000049.1_59	WP_128478966.1	70.1	331	88	3	1	326	1	325	2.20e-157	448
AOIO01000049.1_60	WP_128478967.1	56.8	139	60	0	5	143	827	965	8.02e-38	141
AOIO01000049.1_61	WP_119814692.1	51.0	828	380	13	9	833	28	832	4.42e-280	800
AOIO01000049.1_62	WP_011323343.1	48.6	286	134	4	1	282	14	290	8.17e-91	276
AOIO01000049.1_63	WP_128478969.1	44.0	209	116	1	1	208	1	209	2.76e-53	175
AOIO01000049.1_65	WP_007139910.1	39.2	352	202	4	1	352	1	340	1.78e-71	231
AOIO01000049.1_66	WP_108382945.1	91.2	91	8	0	1	91	1	91	7.37e-58	177
AOIO01000049.1_69	WP_015911624.1	86.0	93	13	0	1	93	1	93	7.83e-51	159
AOIO01000049.1_70	WP_008524789.1	72.6	157	43	0	1	157	1	157	2.51e-81	242
AOIO01000049.1_75	WP_014863968.1	73.9	218	54	2	7	224	56	270	6.39e-120	347
AOIO01000049.1_77	WP_013881742.1	48.8	121	42	2	71	171	6	126	4.24e-24	97.1
AOIO01000049.1_78	WP_008452623.1	61.0	77	30	0	1	77	1	77	1.39e-27	100
AOIO01000049.1_83	WP_013878842.1	38.6	153	84	3	2	147	1	150	5.82e-23	93.2
AOIO01000049.1_86	WP_008414589.1	30.8	536	339	16	1	521	1	519	7.28e-62	217
AOIO01000049.1_91	WP_096391477.1	38.7	315	180	6	485	793	206	513	1.78e-52	196
AOIO01000049.1_102	WP_004043289.1	54.4	171	77	1	5	174	2	172	8.93e-60	189
AOIO01000049.1_104	WP_004043288.1	54.5	110	50	0	1	110	1	110	2.70e-36	124
AOIO01000049.1_105	WP_013035057.1	69.5	676	205	1	2	676	6	681	0.0	931
AOIO01000049.1_106	WP_004043279.1	69.3	597	169	4	10	600	3	591	7.47e-305	843
AOIO01000049.1_113	WP_012946165.1	82.1	312	56	0	4	315	3	314	6.02e-188	524
