AOLZ01000012.1_1	WP_029601814.1	100	135	0	0	1	135	1	135	3.41e-65	210
AOLZ01000012.1_5	WP_007139904.1	100	338	0	0	1	338	1	338	1.15e-238	654
AOLZ01000012.1_8	WP_007139907.1	100	390	0	0	1	390	1	390	1.92e-286	780
AOLZ01000012.1_9	WP_007139908.1	100	129	0	0	1	129	1	129	1.50e-92	268
AOLZ01000012.1_11	WP_007139910.1	100	344	0	0	1	344	1	344	8.51e-244	668
AOLZ01000012.1_12	WP_007139911.1	100	97	0	0	1	97	1	97	3.48e-67	201
AOLZ01000012.1_13	WP_007139913.1	100	352	0	0	1	352	1	352	3.20e-268	730
AOLZ01000012.1_14	WP_086887253.1	79.2	24	5	0	15	38	4	27	8.06e-05	43.9
AOLZ01000012.1_19	WP_076738804.1	99.9	1151	1	0	79	1229	1	1151	0.0	1825
AOLZ01000012.1_20	WP_007139919.1	99.8	498	1	0	28	525	1	498	0.0	964
AOLZ01000012.1_36	WP_010546857.1	99.7	312	1	0	1	312	1	312	5.87e-228	625
AOLZ01000012.1_42	WP_081605832.1	100	330	0	0	1	330	1	330	2.48e-229	630
AOLZ01000012.1_46	WP_007139940.1	100	348	0	0	33	380	1	348	6.07e-252	690
AOLZ01000012.1_51	WP_015762056.1	27.9	301	168	11	6	286	6	277	7.89e-13	75.1
AOLZ01000012.1_52	WP_007139945.1	100	302	0	0	1	302	1	302	6.01e-216	594
AOLZ01000012.1_54	WP_007139947.1	100	120	0	0	1	120	1	120	6.07e-81	238
AOLZ01000012.1_55	WP_007139948.1	100	310	0	0	1	310	1	310	1.17e-217	599
AOLZ01000012.1_56	WP_007139949.1	100	223	0	0	1	223	1	223	1.29e-157	440
AOLZ01000012.1_57	WP_007139950.1	100	959	0	0	1	959	1	959	0.0	1782
AOLZ01000012.1_58	WP_005579747.1	61.7	47	17	1	1	46	138	184	1.54e-14	68.2
AOLZ01000012.1_59	WP_010546557.1	100	211	0	0	1	211	1	211	2.59e-142	400
AOLZ01000012.1_60	WP_007139953.1	100	258	0	0	1	258	1	258	4.99e-177	492
AOLZ01000012.1_61	WP_007139954.1	100	373	0	0	1	373	1	373	1.73e-269	735
AOLZ01000012.1_63	WP_007139956.1	100	272	0	0	1	272	1	272	8.61e-185	513
AOLZ01000012.1_64	WP_124897045.1	35.2	88	53	1	6	93	251	334	1.01e-06	50.4
AOLZ01000012.1_65	WP_007139958.1	100	256	0	0	1	256	1	256	6.40e-188	519
AOLZ01000012.1_66	WP_007139959.1	100	399	0	0	1	399	1	399	1.01e-297	809
AOLZ01000012.1_68	WP_084672724.1	30.0	423	268	12	7	416	27	434	4.41e-26	115
AOLZ01000012.1_72	WP_044961609.1	100	614	0	0	1	614	1	614	0.0	1167
AOLZ01000012.1_73	WP_007139965.1	100	320	0	0	1	320	1	320	1.94e-221	609
AOLZ01000012.1_75	WP_011322603.1	39.0	223	134	1	1	221	1	223	6.37e-38	137
AOLZ01000012.1_76	WP_007139968.1	100	419	0	0	1	419	1	419	1.17e-288	788
AOLZ01000012.1_79	WP_007139971.1	100	557	0	0	1	557	1	557	0.0	1066
AOLZ01000012.1_81	WP_007139973.1	100	140	0	0	1	140	1	140	3.99e-91	265
AOLZ01000012.1_83	WP_007139975.1	100	191	0	0	1	191	1	191	7.77e-93	273
AOLZ01000012.1_84	WP_007139976.1	100	320	0	0	1	320	1	320	2.53e-242	662
AOLZ01000012.1_88	WP_007139980.1	100	220	0	0	1	220	1	220	1.24e-158	442
AOLZ01000012.1_93	WP_006180986.1	100	90	0	0	1	90	1	90	2.89e-56	173
AOLZ01000012.1_94	WP_006180987.1	100	99	0	0	1	99	1	99	5.94e-69	206
AOLZ01000012.1_97	WP_007139985.1	100	413	0	0	1	413	1	413	3.30e-301	819
AOLZ01000012.1_98	WP_007139986.1	100	140	0	0	1	140	1	140	9.40e-90	261
AOLZ01000012.1_100	WP_007139988.1	100	275	0	0	1	275	1	275	8.42e-198	546
AOLZ01000012.1_101	WP_007139989.1	100	116	0	0	1	116	1	116	9.83e-85	247
AOLZ01000012.1_102	WP_007139990.1	100	262	0	0	1	262	1	262	1.81e-181	503
AOLZ01000012.1_103	WP_007139991.1	100	264	0	0	1	264	1	264	5.65e-186	515
AOLZ01000012.1_104	WP_086890204.1	65.1	433	149	1	1	431	1	433	2.83e-192	545
AOLZ01000012.1_105	WP_007139993.1	100	370	0	0	1	370	1	370	8.59e-273	743
AOLZ01000012.1_106	WP_007139994.1	100	405	0	0	1	405	1	405	7.49e-303	822
AOLZ01000012.1_108	WP_029601527.1	100	398	0	0	1	398	1	398	8.60e-294	799
AOLZ01000012.1_109	WP_044961597.1	100	349	0	0	1	349	1	349	5.04e-259	707
AOLZ01000012.1_110	WP_029601526.1	99.9	687	1	0	1	687	1	687	0.0	1279
AOLZ01000012.1_111	WP_007139999.1	100	320	0	0	1	320	1	320	5.20e-226	621
AOLZ01000012.1_112	WP_076738712.1	99.9	717	1	0	1	717	1	717	0.0	1330
AOLZ01000012.1_113	WP_007140001.1	100	359	0	0	21	379	1	359	3.50e-258	706
AOLZ01000012.1_115	WP_007140003.1	100	566	0	0	1	566	1	566	0.0	1102
AOLZ01000012.1_116	WP_007140004.1	100	381	0	0	1	381	1	381	1.94e-270	738
AOLZ01000012.1_117	WP_007140005.1	100	249	0	0	1	249	1	249	1.99e-158	444
AOLZ01000012.1_118	WP_007140006.1	100	471	0	0	1	471	1	471	0.0	891
AOLZ01000012.1_121	WP_011322603.1	40.5	205	111	3	15	212	15	215	6.38e-28	111
AOLZ01000012.1_122	WP_007140009.1	100	545	0	0	1	545	1	545	1.61e-178	519
AOLZ01000012.1_123	WP_007140010.1	100	259	0	0	1	259	1	259	1.34e-186	516
AOLZ01000012.1_124	WP_007140011.1	100	305	0	0	1	305	1	305	3.76e-216	595
AOLZ01000012.1_125	WP_007140012.1	100	168	0	0	1	168	1	168	5.13e-121	343
AOLZ01000012.1_128	WP_007140014.1	100	499	0	0	1	499	1	499	0.0	944
AOLZ01000012.1_129	WP_007140015.1	100	289	0	0	1	289	1	289	2.74e-210	578
AOLZ01000012.1_130	WP_007140016.1	100	124	0	0	1	124	1	124	3.08e-85	249
AOLZ01000012.1_132	WP_007140018.1	100	420	0	0	1	420	17	436	1.23e-260	717
AOLZ01000012.1_133	WP_007140019.1	100	368	0	0	1	368	1	368	2.29e-276	752
AOLZ01000012.1_134	WP_007140020.1	100	369	0	0	1	369	1	369	1.69e-258	707
AOLZ01000012.1_137	WP_007140023.1	100	389	0	0	3	391	1	389	2.25e-285	777
AOLZ01000012.1_138	WP_007140024.1	100	359	0	0	1	359	1	359	1.85e-266	726
AOLZ01000012.1_139	WP_007140025.1	100	507	0	0	2	508	32	538	0.0	962
AOLZ01000012.1_140	WP_007140026.1	100	168	0	0	1	168	1	168	6.68e-108	310
AOLZ01000012.1_141	WP_007140027.1	100	429	0	0	1	429	1	429	2.03e-310	843
AOLZ01000012.1_142	WP_007140028.1	100	132	0	0	1	132	1	132	2.07e-85	253
AOLZ01000012.1_144	WP_007140030.1	100	384	0	0	1	384	1	384	2.91e-278	758
AOLZ01000012.1_145	WP_007140031.1	99.6	258	1	0	10	267	1	258	3.06e-162	455
AOLZ01000012.1_146	WP_007140032.1	100	277	0	0	1	277	1	277	1.34e-195	540
AOLZ01000012.1_147	WP_007140033.1	100	244	0	0	1	244	1	244	5.65e-151	425
AOLZ01000012.1_148	WP_007140034.1	100	313	0	0	1	313	1	313	2.03e-224	616
AOLZ01000012.1_149	WP_007140035.1	100	247	0	0	1	247	1	247	2.32e-181	502
AOLZ01000012.1_150	WP_007140036.1	100	406	0	0	1	406	1	406	5.70e-303	823
AOLZ01000012.1_151	WP_007140037.1	100	338	0	0	1	338	1	338	8.24e-248	677
AOLZ01000012.1_153	WP_076738711.1	100	490	0	0	1	490	1	490	0.0	942
AOLZ01000012.1_154	WP_007140040.1	100	618	0	0	1	618	1	618	0.0	1184
AOLZ01000012.1_155	WP_007140041.1	100	216	0	0	1	216	1	216	6.38e-150	420
AOLZ01000012.1_156	WP_007140042.1	100	214	0	0	1	214	1	214	3.33e-169	468
AOLZ01000012.1_158	WP_007140044.1	100	93	0	0	1	93	1	93	6.67e-61	185
AOLZ01000012.1_159	WP_007140045.1	100	473	0	0	1	473	1	473	1.24e-315	860
AOLZ01000012.1_160	WP_004217113.1	70.7	232	58	2	1	224	1	230	5.17e-102	300
AOLZ01000012.1_161	WP_007140047.1	100	361	0	0	1	361	1	361	1.91e-260	711
AOLZ01000012.1_163	WP_007140049.1	100	314	0	0	1	314	1	314	3.26e-226	621
AOLZ01000012.1_166	WP_007140052.1	100	502	0	0	1	502	1	502	0.0	1000
AOLZ01000012.1_167	WP_089671176.1	82.2	90	16	0	1	90	1	90	6.32e-51	159
AOLZ01000012.1_169	WP_007140055.1	99.5	201	1	0	10	210	1	201	7.09e-142	399
AOLZ01000012.1_170	WP_007140056.1	100	445	0	0	1	445	1	445	7.91e-291	795
AOLZ01000012.1_172	WP_007140058.1	100	494	0	0	1	494	1	494	0.0	899
AOLZ01000012.1_173	WP_007140059.1	100	308	0	0	1	308	1	308	2.07e-194	540
AOLZ01000012.1_175	WP_076738710.1	99.6	517	2	0	1	517	1	517	0.0	975
AOLZ01000012.1_178	WP_012379520.1	31.4	137	92	1	37	171	42	178	2.24e-06	54.3
AOLZ01000012.1_179	WP_007140065.1	100	291	0	0	1	291	1	291	3.44e-205	566
AOLZ01000012.1_181	WP_007143543.1	35.2	105	66	1	8	112	9	111	6.89e-17	75.5
AOLZ01000012.1_184	WP_015447300.1	28.2	213	120	5	22	212	98	299	9.86e-06	51.2
AOLZ01000012.1_185	WP_007140071.1	100	350	0	0	1	350	1	350	1.06e-256	701
AOLZ01000012.1_187	WP_007140073.1	100	873	0	0	1	873	1	873	0.0	1558
AOLZ01000012.1_189	WP_007140075.1	100	258	0	0	7	264	1	258	9.15e-186	514
AOLZ01000012.1_190	WP_007140076.1	100	893	0	0	1	893	1	893	0.0	1823
AOLZ01000012.1_192	WP_013881887.1	47.1	104	54	1	2	105	162	264	2.14e-18	82.4
AOLZ01000012.1_194	WP_013881887.1	37.9	261	150	7	8	260	8	264	3.05e-39	142
AOLZ01000012.1_195	WP_007140080.1	100	327	0	0	1	327	1	327	3.40e-230	632
AOLZ01000012.1_197	WP_007140082.1	100	235	0	0	1	235	1	235	1.57e-173	481
AOLZ01000012.1_198	WP_076738709.1	100	252	0	0	110	361	1	252	1.83e-151	431
AOLZ01000012.1_199	WP_007140084.1	100	302	0	0	1	302	1	302	7.85e-212	583
AOLZ01000012.1_200	WP_007140085.1	99.7	355	1	0	24	378	1	355	1.35e-247	679
AOLZ01000012.1_202	WP_007140087.1	100	293	0	0	1	293	1	293	2.39e-197	546
AOLZ01000012.1_203	WP_029601520.1	100	640	0	0	1	640	1	640	0.0	934
AOLZ01000012.1_204	WP_007140089.1	100	455	0	0	1	455	1	455	0.0	915
AOLZ01000012.1_206	WP_007140091.1	100	411	0	0	1	411	1	411	7.23e-304	825
AOLZ01000012.1_207	WP_007140092.1	100	109	0	0	1	109	1	109	6.88e-75	221
AOLZ01000012.1_208	WP_007140093.1	100	140	0	0	1	140	1	140	2.67e-80	238
AOLZ01000012.1_209	WP_007140094.1	100	444	0	0	13	456	1	444	0.0	872
AOLZ01000012.1_210	WP_007140095.1	100	233	0	0	1	233	1	233	1.18e-158	443
