BBJN01000020.1_1	WP_012659372.1	58.6	58	24	0	3	60	4	61	8.94e-13	67.4
BBJN01000020.1_2	WP_121920228.1	30.2	328	152	14	34	299	4	316	9.20e-17	88.6
BBJN01000020.1_4	WP_012246346.1	35.5	121	76	2	24	143	43	162	1.47e-14	73.9
BBJN01000020.1_6	WP_005576619.1	55.9	395	171	2	8	400	10	403	2.36e-154	446
BBJN01000020.1_14	WP_007140880.1	46.3	164	67	4	126	289	12	154	3.70e-36	132
BBJN01000020.1_18	WP_012660082.1	46.8	263	133	5	1	259	1	260	1.83e-73	231
BBJN01000020.1_20	WP_052236954.1	33.1	163	104	1	108	265	181	343	8.06e-21	96.3
BBJN01000020.1_23	WP_011222195.1	33.0	318	196	4	9	312	9	323	6.42e-49	172
BBJN01000020.1_25	WP_089672686.1	65.1	1284	433	5	10	1286	10	1285	0.0	1685
BBJN01000020.1_27	WP_050048799.1	44.4	180	76	6	4	179	2	161	1.25e-25	101
BBJN01000020.1_29	WP_050048799.1	41.4	162	66	3	1	134	1	161	3.01e-23	94.0
BBJN01000020.1_30	WP_121921475.1	49.6	123	53	5	4	121	2	120	1.93e-21	88.6
BBJN01000020.1_32	WP_096391478.1	27.8	851	539	24	566	1379	483	1295	1.07e-63	244
BBJN01000020.1_33	WP_096391477.1	37.8	482	260	18	55	517	50	510	3.63e-62	218
BBJN01000020.1_50	WP_007188349.1	86.8	484	64	0	1	484	1	484	1.03e-285	786
BBJN01000020.1_51	WP_004962845.1	83.9	217	35	0	1	217	1	217	3.53e-127	362
BBJN01000020.1_58	WP_010904188.1	73.8	484	122	2	1	484	1	479	2.02e-249	694
BBJN01000020.1_61	WP_004043362.1	57.2	360	136	5	243	592	746	1097	7.33e-125	399
BBJN01000020.1_70	WP_089673166.1	31.3	179	114	4	21	191	12	189	4.77e-19	86.3
BBJN01000020.1_71	WP_012263976.1	30.5	597	316	9	17	515	15	610	1.02e-77	271
BBJN01000020.1_72	WP_015321116.1	65.7	169	55	1	1	166	203	371	1.07e-69	221
BBJN01000020.1_73	WP_012943963.1	80.6	175	32	1	1	175	1	173	4.07e-92	278
BBJN01000020.1_74	WP_014051736.1	61.2	178	66	2	4	180	52	227	3.24e-71	219
BBJN01000020.1_79	WP_015320416.1	53.3	30	14	0	2	31	157	186	9.39e-05	42.0
BBJN01000020.1_85	WP_004041727.1	32.8	582	323	17	12	577	4	533	1.29e-72	249
BBJN01000020.1_92	WP_014050374.1	77.4	340	69	2	1	332	1	340	1.11e-180	508
BBJN01000020.1_93	WP_014050373.1	64.9	413	128	2	17	417	16	423	6.33e-165	475
BBJN01000020.1_94	WP_014050372.1	81.2	357	67	0	1	357	1	357	1.74e-192	539
BBJN01000020.1_95	WP_014050371.1	59.3	393	143	6	1	381	1	388	1.84e-131	387
BBJN01000020.1_96	WP_103425142.1	82.6	92	16	0	1	92	1	92	1.42e-48	154
BBJN01000020.1_97	WP_083823690.1	78.7	75	16	0	1	75	97	171	2.61e-34	119
BBJN01000020.1_98	WP_014050368.1	79.1	326	66	2	1	326	1	324	9.14e-165	466
BBJN01000020.1_99	WP_014050367.1	81.0	158	30	0	1	158	1	158	2.15e-89	262
BBJN01000020.1_100	WP_014050366.1	89.7	165	17	0	1	165	1	165	2.72e-101	293
BBJN01000020.1_102	WP_014050365.1	74.6	284	71	1	1	284	12	294	3.83e-141	404
BBJN01000020.1_103	WP_014050364.1	78.7	254	54	0	5	258	8	261	1.29e-132	380
BBJN01000020.1_104	WP_014050363.1	79.4	277	57	0	1	277	1	277	3.95e-149	423
BBJN01000020.1_105	WP_014050362.1	77.0	317	70	1	1	314	108	424	1.89e-174	495
BBJN01000020.1_106	WP_014050361.1	67.4	322	71	3	2	289	4	325	3.49e-141	406
BBJN01000020.1_107	WP_014050360.1	74.1	394	96	3	1	388	1	394	6.80e-191	538
BBJN01000020.1_108	WP_014050359.1	66.5	266	88	1	1	265	1	266	5.15e-112	328
BBJN01000020.1_109	WP_014050358.1	86.3	461	63	0	1	461	1	461	9.60e-282	774
BBJN01000020.1_110	WP_014050357.1	78.1	538	117	1	1	538	1	537	1.23e-297	820
BBJN01000020.1_112	WP_096390975.1	67.7	384	100	1	6	365	228	611	1.00e-168	493
BBJN01000020.1_113	WP_096390976.1	61.0	259	101	0	1	259	1	259	8.41e-105	309
BBJN01000020.1_114	WP_096390977.1	73.8	413	108	0	1	413	1	413	6.18e-228	634
BBJN01000020.1_115	WP_010903324.1	40.0	402	225	8	28	419	37	432	5.19e-69	230
BBJN01000020.1_116	WP_014050356.1	72.3	618	151	4	1	603	1	613	4.98e-308	862
