CP019286.1_1	WP_029601814.1	100	345	0	0	1	345	1	345	2.46e-234	649
CP019286.1_2	WP_076738790.1	100	122	0	0	1	122	1	122	1.60e-77	229
CP019286.1_3	WP_029601814.1	99.5	389	2	0	1	389	1	389	1.28e-265	731
CP019286.1_4	WP_029601789.1	100	302	0	0	44	345	1	302	5.01e-217	598
CP019286.1_8	WP_007143127.1	100	1062	0	0	1	1062	1	1062	0.0	2076
CP019286.1_9	WP_007143128.1	100	1222	0	0	1	1222	1	1222	0.0	2371
CP019286.1_12	WP_007142633.1	88.9	81	9	0	1	81	1	81	1.58e-44	154
CP019286.1_13	WP_010546873.1	100	426	0	0	1	426	1	426	4.93e-305	830
CP019286.1_16	WP_007139945.1	100	302	0	0	1	302	1	302	6.01e-216	594
CP019286.1_23	WP_007139940.1	100	348	0	0	33	380	1	348	6.07e-252	690
CP019286.1_27	WP_081605832.1	100	330	0	0	1	330	1	330	2.48e-229	630
CP019286.1_33	WP_010546857.1	100	312	0	0	1	312	1	312	7.14e-229	627
CP019286.1_49	WP_007139919.1	99.8	498	1	0	28	525	1	498	0.0	964
CP019286.1_50	WP_076738804.1	99.9	1151	1	0	79	1229	1	1151	0.0	1825
CP019286.1_55	WP_086887253.1	79.2	24	5	0	15	38	4	27	8.06e-05	43.9
CP019286.1_56	WP_007139913.1	100	352	0	0	1	352	1	352	3.20e-268	730
CP019286.1_58	WP_007139911.1	100	97	0	0	1	97	1	97	3.48e-67	201
CP019286.1_59	WP_007139910.1	100	344	0	0	1	344	1	344	8.51e-244	668
CP019286.1_61	WP_007139908.1	100	129	0	0	1	129	1	129	1.50e-92	268
CP019286.1_62	WP_007139907.1	100	390	0	0	1	390	1	390	1.92e-286	780
CP019286.1_65	WP_007139904.1	100	338	0	0	1	338	1	338	1.15e-238	654
CP019286.1_68	WP_029601814.1	100	478	0	0	1	478	1	478	0.0	912
CP019286.1_70	WP_128477169.1	53.0	149	66	3	1	146	1	148	1.17e-41	140
CP019286.1_72	WP_007139898.1	100	144	0	0	1	144	1	144	5.62e-102	293
CP019286.1_73	WP_021029382.1	39.5	81	44	2	1	76	1	81	4.40e-12	61.2
CP019286.1_74	WP_007140938.1	90.5	42	4	0	45	86	172	213	1.83e-17	78.2
CP019286.1_77	WP_007139895.1	100	182	0	0	1	182	1	182	3.68e-130	367
CP019286.1_78	WP_076738795.1	100	458	0	0	1	458	1	458	0.0	893
CP019286.1_79	WP_007139893.1	100	245	0	0	1	245	1	245	1.11e-187	518
CP019286.1_80	WP_007139892.1	99.9	803	1	0	27	829	1	803	0.0	1638
CP019286.1_81	WP_004267716.1	59.3	59	24	0	22	80	15	73	6.44e-18	82.0
CP019286.1_87	WP_007143036.1	100	86	0	0	13	98	1	86	3.43e-54	168
CP019286.1_88	WP_007143037.1	100	331	0	0	1	331	1	331	7.58e-245	669
CP019286.1_89	WP_007143038.1	100	182	0	0	1	182	1	182	1.82e-130	368
CP019286.1_90	WP_076738796.1	100	942	0	0	1	942	1	942	0.0	1852
CP019286.1_91	WP_013035118.1	75.6	266	64	1	1	266	1	265	2.28e-140	400
CP019286.1_92	WP_007143041.1	100	341	0	0	1	341	1	341	4.95e-246	673
CP019286.1_93	WP_007143042.1	100	682	0	0	30	711	1	682	0.0	1344
CP019286.1_94	WP_007143043.1	100	273	0	0	1	273	1	273	6.99e-205	563
CP019286.1_95	WP_010546908.1	99.0	97	1	0	1	97	1	97	3.54e-68	207
CP019286.1_101	WP_029601771.1	100	310	0	0	1	310	1	310	4.07e-218	600
CP019286.1_102	WP_007143048.1	100	280	0	0	1	280	1	280	2.15e-198	548
CP019286.1_103	WP_007143049.1	100	1086	0	0	1	1086	1	1086	0.0	2155
CP019286.1_104	WP_007143050.1	100	348	0	0	1	348	1	348	2.45e-245	672
CP019286.1_105	WP_049940736.1	40.8	250	141	1	11	260	24	266	1.53e-55	184
CP019286.1_111	WP_081605850.1	100	226	0	0	185	410	1	226	5.78e-161	456
CP019286.1_112	WP_007143056.1	100	407	0	0	1	407	2	408	2.61e-302	821
CP019286.1_116	WP_007143060.1	100	953	0	0	1	953	1	953	0.0	1890
CP019286.1_120	WP_029601814.1	100	478	0	0	1	478	1	478	0.0	912
CP019286.1_121	WP_013284933.1	35.7	112	58	5	52	155	39	144	1.28e-04	50.8
CP019286.1_123	WP_007143065.1	100	585	0	0	1	585	1	585	0.0	1133
CP019286.1_125	WP_076738800.1	100	889	0	0	1	889	7	895	0.0	1837
CP019286.1_128	WP_020447287.1	32.2	513	291	15	14	515	9	475	5.07e-65	227
CP019286.1_129	WP_010546867.1	100	411	0	0	1	411	1	411	2.42e-302	822
CP019286.1_130	WP_020446089.1	37.3	601	354	8	5	599	8	591	2.87e-124	384
CP019286.1_132	WP_007143074.1	100	875	0	0	1	875	1	875	0.0	1771
CP019286.1_133	WP_012659171.1	48.7	1080	538	11	1	1077	1	1067	0.0	1006
CP019286.1_136	WP_076738806.1	100	886	0	0	11	896	1	886	0.0	1812
CP019286.1_137	WP_076738801.1	99.8	441	1	0	1	441	4	444	0.0	874
CP019286.1_138	WP_014186590.1	27.4	234	138	10	4	232	2	208	1.15e-09	68.9
CP019286.1_143	WP_076738807.1	100	478	0	0	1	478	1	478	0.0	913
CP019286.1_145	WP_007143087.1	100	741	0	0	1	741	1	741	0.0	1436
CP019286.1_146	WP_007143088.1	100	1274	0	0	1	1274	1	1274	0.0	2486
CP019286.1_153	WP_014865847.1	93.4	196	13	0	1	196	1	196	3.55e-122	348
CP019286.1_158	WP_010904220.1	63.5	299	94	2	1	285	1	298	4.49e-118	345
CP019286.1_164	WP_076738684.1	99.8	441	1	0	1	441	4	444	0.0	874
CP019286.1_166	WP_013881844.1	86.7	90	11	1	2	91	1	89	1.40e-44	152
CP019286.1_170	WP_041573993.1	28.4	327	175	10	55	352	51	347	1.14e-19	97.1
CP019286.1_173	WP_007143107.1	100	308	0	0	18	325	1	308	7.73e-215	592
CP019286.1_176	WP_014053103.1	74.5	1394	350	2	1	1390	1	1393	0.0	2107
CP019286.1_177	WP_015233529.1	94.2	330	19	0	1	330	1	330	5.22e-231	634
CP019286.1_178	WP_007143111.1	100	759	0	0	1	759	1	759	0.0	1305
CP019286.1_179	WP_083822819.1	26.7	525	286	21	1	506	12	456	1.24e-23	110
CP019286.1_182	WP_007143113.1	100	308	0	0	1	308	1	308	2.38e-225	618
CP019286.1_184	WP_007143115.1	100	405	0	0	1	405	1	405	4.09e-291	793
CP019286.1_185	WP_011222486.1	75.0	48	12	0	1	48	629	676	1.31e-15	74.3
CP019286.1_187	WP_014063801.1	33.3	627	361	19	17	629	656	1239	7.87e-86	298
CP019286.1_189	WP_029601814.1	100	478	0	0	1	478	1	478	0.0	912
CP019286.1_192	WP_007143121.1	100	435	0	0	1	435	1	435	0.0	885
CP019286.1_193	WP_007143120.1	100	303	0	0	1	303	1	303	9.23e-216	593
CP019286.1_195	WP_029601814.1	96.5	115	4	0	19	133	364	478	5.48e-70	222
