CP019329.1_1	WP_011222252.1	93.4	424	28	0	1	424	1	424	1.73e-288	788
CP019329.1_2	WP_004216169.1	55.9	279	119	3	1	276	679	956	9.75e-85	278
CP019329.1_3	WP_086887215.1	54.4	169	66	2	2	159	527	695	1.41e-51	181
CP019329.1_4	WP_049888709.1	97.4	381	10	0	1	381	1	381	1.47e-265	726
CP019329.1_6	WP_014050861.1	68.9	409	127	0	1	409	1	409	5.83e-204	573
CP019329.1_8	WP_012941878.1	48.3	149	72	2	1	146	76	222	7.50e-40	138
CP019329.1_9	WP_014053531.1	94.1	68	4	0	1	68	1	68	1.91e-36	131
CP019329.1_10	WP_015233195.1	94.6	351	19	0	1	351	74	424	1.49e-240	663
CP019329.1_11	WP_008414173.1	46.9	224	105	4	1	220	1	214	3.34e-62	199
CP019329.1_18	WP_120649689.1	27.6	421	214	15	178	575	20	372	5.69e-21	100
CP019329.1_22	WP_009486601.1	50.4	127	59	2	6	131	4	127	3.34e-33	118
CP019329.1_23	WP_014053362.1	54.8	365	157	4	15	377	42	400	1.66e-147	428
CP019329.1_24	WP_014053359.1	66.4	330	111	0	1	330	1	330	5.25e-157	447
CP019329.1_25	WP_012944348.1	33.9	227	149	1	5	230	9	235	1.75e-35	132
CP019329.1_26	WP_005580002.1	76.0	759	170	5	2	759	4	751	0.0	1035
CP019329.1_27	WP_015321884.1	64.1	245	88	0	1	245	1	245	2.11e-108	317
CP019329.1_28	WP_077207071.1	41.9	136	76	2	3	138	2	134	5.15e-28	105
CP019329.1_29	WP_013879389.1	81.1	222	42	0	1	222	1	222	1.03e-124	357
CP019329.1_30	WP_007142149.1	76.1	511	122	0	4	514	2	512	7.83e-294	809
CP019329.1_31	WP_120649689.1	24.6	407	244	15	173	569	18	371	3.22e-15	83.6
CP019329.1_34	WP_007141769.1	47.9	215	103	4	7	220	33	239	9.80e-64	202
CP019329.1_35	WP_011322528.1	55.1	176	77	2	1	176	1	174	1.23e-63	198
CP019329.1_36	WP_011322529.1	53.7	218	100	1	6	222	1	218	6.30e-66	207
CP019329.1_38	WP_015910470.1	70.2	766	213	4	1	760	77	833	0.0	1006
CP019329.1_39	WP_004594570.1	54.2	236	104	2	6	239	5	238	7.11e-72	228
CP019329.1_40	WP_119818582.1	75.0	787	185	4	8	788	8	788	0.0	1115
CP019329.1_41	WP_049953129.1	61.3	439	164	2	17	454	1	434	3.24e-205	579
CP019329.1_42	WP_015322602.1	51.6	306	142	2	1	303	1	303	2.12e-91	279
CP019329.1_43	WP_007142766.1	63.9	219	79	0	1	219	1	219	4.40e-98	290
CP019329.1_44	WP_015321947.1	80.9	319	61	0	1	319	1	319	2.35e-177	499
CP019329.1_45	WP_012946017.1	69.8	417	125	1	6	421	5	421	1.23e-209	588
CP019329.1_48	WP_096391436.1	28.5	1112	565	38	14	1022	4	988	3.27e-98	345
CP019329.1_55	WP_013876064.1	39.0	308	184	4	8	314	5	309	1.63e-69	224
CP019329.1_73	WP_077206817.1	38.9	373	210	8	7	367	4	370	2.63e-74	240
CP019329.1_74	WP_008528118.1	44.4	63	31	2	43	103	803	863	1.30e-04	48.9
CP019329.1_79	WP_012946145.1	52.1	520	222	11	5	502	3	517	7.76e-156	458
CP019329.1_80	WP_076738804.1	35.5	895	494	27	288	1145	300	1148	3.02e-145	472
CP019329.1_86	WP_119821830.1	42.7	89	50	1	11	98	1	89	8.74e-12	61.6
CP019329.1_89	WP_014863968.1	74.4	223	54	2	6	228	55	274	2.92e-119	345
CP019329.1_91	WP_015323362.1	72.1	172	48	0	1	172	1	172	1.96e-79	238
CP019329.1_92	WP_006180986.1	90.0	90	7	1	1	88	1	90	2.03e-49	155
CP019329.1_93	WP_006180987.1	93.9	98	6	0	1	98	1	98	4.52e-66	198
CP019329.1_94	WP_049934659.1	35.8	338	215	2	9	346	1	336	6.54e-66	216
CP019329.1_95	WP_096391436.1	26.9	1229	696	42	32	1142	22	1166	6.75e-94	332
CP019329.1_96	WP_015322857.1	80.0	95	19	0	1	95	1	95	6.35e-52	162
CP019329.1_98	WP_049954145.1	85.7	224	32	0	3	226	6	229	1.26e-132	377
CP019329.1_100	WP_077208406.1	67.3	55	18	0	1	55	1	55	2.42e-20	81.3
CP019329.1_101	WP_089673568.1	66.7	78	26	0	5	82	6	83	2.39e-30	111
CP019329.1_102	WP_121921565.1	71.1	398	112	1	7	401	8	405	4.10e-207	580
CP019329.1_103	WP_029601571.1	56.4	360	152	3	1	355	1	360	5.20e-131	384
CP019329.1_104	AEG16394.1	52.9	153	72	0	2	154	6	158	4.22e-50	163
CP019329.1_105	WP_012301506.1	51.8	417	193	4	3	415	4	416	2.02e-137	405
CP019329.1_106	WP_012170998.1	27.9	337	216	6	14	349	8	318	5.51e-28	117
CP019329.1_107	WP_069688622.1	55.1	243	109	0	15	257	30	272	1.24e-91	277
CP019329.1_108	WP_011492772.1	38.2	238	147	0	28	265	11	248	5.47e-45	157
CP019329.1_109	WP_011492771.1	38.1	223	138	0	21	243	22	244	1.42e-43	153
CP019329.1_111	WP_049939930.1	45.3	201	109	1	1	201	1	200	4.62e-51	169
CP019329.1_113	WP_108380900.1	37.9	124	69	4	4	126	5	121	2.51e-11	62.0
CP019329.1_118	WP_010901973.1	63.0	73	27	0	1	73	1	73	1.82e-28	102
CP019329.1_119	WP_050048712.1	79.5	83	17	0	1	83	1	83	7.70e-47	149
CP019329.1_121	WP_011224404.1	45.3	75	37	1	38	108	180	254	8.56e-16	76.6
CP019329.1_124	WP_008452623.1	44.3	79	36	3	12	90	6	76	1.97e-09	54.7
CP019329.1_133	WP_014863007.1	54.7	258	105	2	55	312	2	247	3.33e-80	248
CP019329.1_152	WP_013876008.1	52.9	590	235	7	9	586	4	562	3.80e-172	505
CP019329.1_153	WP_076738804.1	36.0	853	480	19	294	1089	296	1139	2.76e-126	420
CP019329.1_154	AGB15573.1	90.9	406	37	0	6	411	3	408	2.11e-273	748
CP019329.1_156	WP_011223251.1	94.6	424	23	0	1	424	1	424	2.39e-295	805
CP019329.1_158	WP_012808097.1	97.4	38	1	0	1	38	1	38	1.58e-22	87.4
CP019329.1_159	WP_011223250.1	92.3	91	7	0	1	91	42	132	7.38e-61	186
CP019329.1_160	WP_052288864.1	38.6	88	36	3	28	105	13	92	1.04e-09	58.2
CP019329.1_161	WP_007143115.1	88.6	403	46	0	1	403	1	403	6.48e-256	704
CP019329.1_165	WP_108383178.1	37.5	80	41	1	31	110	243	313	6.51e-07	53.5
CP019329.1_175	WP_082386618.1	33.3	408	211	13	12	413	3	355	5.24e-45	164
CP019329.1_182	WP_121921475.1	36.7	128	67	5	25	146	10	129	9.35e-14	69.3
CP019329.1_184	WP_008413617.1	71.0	279	81	0	1	279	1	279	8.30e-137	392
CP019329.1_187	WP_005579294.1	42.6	458	224	10	11	461	3	428	1.81e-107	331
CP019329.1_193	WP_084790896.1	67.9	268	85	1	16	282	14	281	1.32e-129	374
CP019329.1_194	WP_011682640.1	52.9	444	207	2	1	442	7	450	2.41e-148	440
CP019329.1_195	WP_075054746.1	32.0	440	257	5	24	427	3	436	3.86e-54	194
CP019329.1_203	WP_077205265.1	54.3	70	31	1	46	115	21	89	2.78e-14	68.6
CP019329.1_208	WP_008528728.1	82.0	423	76	0	1	423	1	423	4.89e-259	713
CP019329.1_218	WP_012660082.1	46.0	276	144	3	9	281	4	277	6.21e-83	256
CP019329.1_223	WP_004041294.1	90.3	411	40	0	1	411	1	411	2.00e-285	779
CP019329.1_224	WP_012660096.1	92.2	128	10	0	1	128	1	128	2.21e-85	249
