CP100004.1_1	WP_103428369.1	38.2	280	161	5	2	271	252	529	7.05e-44	161
CP100004.1_3	WP_103428368.1	35.9	817	464	22	523	1309	6	792	5.07e-133	434
CP100004.1_23	WP_012946165.1	42.8	299	164	5	11	306	5	299	1.39e-68	221
CP100004.1_24	WP_128478448.1	58.7	213	88	0	4	216	28	240	4.29e-82	249
CP100004.1_28	WP_128478975.1	64.8	698	240	4	1	697	1	693	1.84e-317	884
CP100004.1_39	WP_128478981.1	71.2	382	110	0	1	382	1	382	3.11e-203	568
CP100004.1_40	WP_117614905.1	32.7	104	61	4	41	144	4	98	1.47e-05	49.3
CP100004.1_43	WP_014053506.1	34.8	554	282	16	14	525	13	529	6.65e-79	263
CP100004.1_52	WP_070364361.1	51.7	207	98	1	13	219	8	212	2.11e-65	207
CP100004.1_54	WP_077208388.1	61.2	699	265	3	3	700	11	704	1.34e-303	849
CP100004.1_55	WP_066501984.1	38.4	73	42	1	13	82	159	231	1.25e-04	46.6
CP100004.1_74	WP_008524815.1	54.2	472	206	3	40	511	6	467	1.05e-164	486
CP100004.1_78	WP_096388843.1	45.0	751	393	12	8	748	7	747	1.04e-193	573
CP100004.1_79	WP_128478185.1	68.7	402	123	2	19	419	4	403	6.28e-192	543
CP100004.1_81	WP_013876046.1	67.1	164	54	0	7	170	3	166	6.88e-82	244
CP100004.1_85	WP_004045340.1	48.7	279	138	1	18	296	10	283	6.59e-83	256
CP100004.1_91	WP_014053459.1	68.8	285	85	1	20	304	6	286	6.37e-137	394
CP100004.1_94	WP_013876002.1	49.4	628	228	11	46	631	5	584	1.28e-201	586
CP100004.1_100	WP_004268285.1	37.3	217	133	2	5	220	9	223	4.52e-45	154
CP100004.1_114	WP_050047885.1	60.3	78	29	1	33	110	16	91	1.05e-24	95.9
CP100004.1_116	WP_013881829.1	59.6	339	137	0	8	346	7	345	2.92e-151	434
CP100004.1_122	WP_012946207.1	65.3	196	62	2	10	205	3	192	1.16e-80	243
CP100004.1_128	WP_128478185.1	35.2	423	241	10	1	413	1	400	5.60e-60	205
CP100004.1_132	WP_103428368.1	36.6	759	440	14	427	1159	32	775	7.21e-134	433
CP100004.1_137	WP_004040986.1	46.4	153	71	5	5	155	2	145	1.68e-26	102
CP100004.1_141	WP_103428369.1	36.7	520	277	14	28	522	42	534	1.79e-77	258
CP100004.1_143	WP_103428368.1	35.9	817	464	22	523	1309	6	792	5.07e-133	434
CP100004.1_163	WP_012946165.1	42.8	299	164	5	11	306	5	299	1.39e-68	221
CP100004.1_164	WP_128478448.1	58.7	213	88	0	4	216	28	240	4.29e-82	249
CP100004.1_170	WP_128478975.1	63.2	318	116	1	1	318	377	693	1.02e-134	403
