JABUQZ010000003.1_3	WP_012946145.1	91.5	517	44	0	1	517	1	517	0.0	920
JABUQZ010000003.1_4	WP_076738804.1	37.7	883	492	27	357	1196	281	1148	8.20e-154	496
JABUQZ010000003.1_14	WP_084568960.1	52.5	80	37	1	1	80	8	86	1.42e-24	92.8
JABUQZ010000003.1_16	WP_012946224.1	28.2	209	107	5	5	201	4	181	2.78e-12	77.8
JABUQZ010000003.1_19	WP_008452572.1	42.4	66	38	0	8	73	5	70	5.59e-11	57.8
JABUQZ010000003.1_33	WP_076738804.1	35.7	838	473	27	261	1041	300	1128	1.93e-117	394
JABUQZ010000003.1_34	WP_013876010.1	72.0	93	26	0	2	94	10	102	2.18e-42	139
JABUQZ010000003.1_45	WP_081633076.1	27.9	111	47	4	53	161	119	198	8.47e-05	47.4
JABUQZ010000003.1_50	WP_119819147.1	43.5	62	30	1	10	71	13	69	1.03e-07	53.9
JABUQZ010000003.1_51	WP_008413617.1	69.9	279	84	0	1	279	1	279	5.41e-137	392
JABUQZ010000003.1_53	WP_012946193.1	79.4	126	26	0	1	126	1	126	1.03e-60	187
JABUQZ010000003.1_77	WP_007190503.1	60.7	117	43	2	1	117	3	116	7.59e-44	144
JABUQZ010000003.1_93	WP_086890106.1	21.5	620	388	18	77	665	39	590	1.34e-08	64.3
JABUQZ010000003.1_95	WP_012945862.1	92.0	374	30	0	3	376	7	380	5.61e-257	704
JABUQZ010000003.1_97	WP_103427369.1	38.6	57	35	0	63	119	522	578	2.36e-05	47.8
JABUQZ010000003.1_118	AGB15629.1	32.2	283	151	13	51	326	44	292	1.68e-19	92.4
JABUQZ010000003.1_120	WP_014863857.1	49.7	382	179	6	6	383	13	385	2.00e-118	354
JABUQZ010000003.1_121	WP_015909807.1	45.7	291	147	6	21	305	16	301	3.14e-71	228
JABUQZ010000003.1_122	WP_049939864.1	56.8	44	19	0	1	44	5	48	2.90e-09	52.8
JABUQZ010000003.1_123	WP_012966850.1	29.5	264	147	9	9	262	5	239	6.31e-30	118
