JAJCVI010000007.1_3	AGB17578.1	36.9	293	167	4	15	298	7	290	3.93e-52	177
JAJCVI010000007.1_4	AGB17577.1	32.2	171	97	4	490	651	474	634	6.50e-14	81.3
JAJCVI010000007.1_5	WP_013404816.1	52.1	411	177	10	5	404	5	406	1.12e-135	399
JAJCVI010000007.1_6	WP_012200933.1	34.5	414	234	9	8	401	4	400	1.19e-61	219
JAJCVI010000007.1_7	WP_084802567.1	28.9	1388	888	31	22	1368	22	1351	1.71e-145	493
JAJCVI010000007.1_10	WP_011322895.1	54.0	272	123	1	5	274	5	276	2.32e-105	313
JAJCVI010000007.1_13	WP_103428368.1	32.7	352	224	7	496	836	440	789	3.06e-43	175
JAJCVI010000007.1_14	WP_103428369.1	34.3	487	280	12	53	523	52	514	4.13e-60	213
JAJCVI010000007.1_33	WP_008524572.1	96.5	144	5	0	1	144	1	144	1.55e-99	286
JAJCVI010000007.1_34	WP_021029382.1	38.3	81	45	2	27	102	1	81	2.15e-11	60.5
JAJCVI010000007.1_35	WP_096391805.1	36.7	147	87	1	1	147	1	141	7.79e-25	97.8
JAJCVI010000007.1_36	WP_008452572.1	37.5	72	41	2	8	77	4	73	6.42e-05	43.5
JAJCVI010000007.1_38	WP_121919657.1	89.0	273	30	0	1	273	1	273	4.52e-176	491
JAJCVI010000007.1_49	WP_012843715.1	37.5	64	36	2	4	63	2	65	1.15e-06	46.6
JAJCVI010000007.1_50	WP_007141009.1	25.6	430	170	12	350	675	367	750	7.32e-16	87.8
JAJCVI010000007.1_51	WP_015911601.1	74.6	63	16	0	101	163	101	163	2.42e-20	90.9
JAJCVI010000007.1_52	WP_096390181.1	66.7	457	152	0	1	457	1	457	2.26e-228	639
JAJCVI010000007.1_56	WP_121919326.1	66.6	365	122	0	1	365	1	365	4.29e-185	521
JAJCVI010000007.1_60	WP_128477663.1	54.5	356	161	1	7	362	11	365	2.03e-128	382
JAJCVI010000007.1_61	AGB16492.1	32.0	319	208	8	1	315	1	314	1.63e-37	145
JAJCVI010000007.1_62	WP_010902322.1	44.7	539	228	5	1	539	1	469	9.54e-136	412
JAJCVI010000007.1_63	WP_012082494.1	28.8	153	101	1	122	266	25	177	2.10e-10	63.9
JAJCVI010000007.1_64	WP_011170757.1	37.1	237	143	3	99	331	65	299	5.18e-49	175
JAJCVI010000007.1_72	WP_084568960.1	43.4	83	41	2	8	90	7	83	4.45e-14	66.6
JAJCVI010000007.1_74	WP_013881745.1	44.3	334	183	3	1	331	1	334	2.57e-82	258
JAJCVI010000007.1_76	WP_011224404.1	49.3	71	32	1	27	93	180	250	1.59e-15	75.5
JAJCVI010000007.1_79	WP_011222770.1	88.3	273	32	0	1	273	1	273	4.90e-176	491
JAJCVI010000007.1_80	WP_021029443.1	65.7	35	12	0	1	35	53	87	1.86e-09	52.4
JAJCVI010000007.1_82	WP_012235411.1	36.2	177	100	4	11	175	7	182	4.63e-27	108
JAJCVI010000007.1_83	WP_013405506.1	23.9	322	213	9	24	325	13	322	3.80e-11	70.9
JAJCVI010000007.1_84	WP_009942843.1	27.1	221	136	8	43	254	43	247	9.64e-08	57.4
JAJCVI010000007.1_90	WP_004960144.1	54.6	97	44	0	21	117	1	97	3.95e-25	97.4
JAJCVI010000007.1_93	WP_049919141.1	52.7	207	98	0	1	207	1	207	1.21e-65	206
JAJCVI010000007.1_94	WP_004044957.1	70.6	361	106	0	2	362	6	366	2.10e-180	510
JAJCVI010000007.1_95	WP_049954992.1	76.4	254	60	0	1	254	1	254	1.71e-150	424
JAJCVI010000007.1_97	WP_049954458.1	66.1	292	97	2	1	292	1	290	3.12e-135	389
JAJCVI010000007.1_100	WP_015909608.1	53.3	122	57	0	6	127	1	122	1.11e-30	115
JAJCVI010000007.1_102	WP_012944399.1	43.7	87	48	1	24	109	12	98	5.74e-17	76.3
JAJCVI010000007.1_103	WP_012866111.1	28.1	331	194	13	107	410	5	318	2.97e-04	49.3
JAJCVI010000007.1_104	WP_014555559.1	36.0	1180	517	13	243	1199	636	1800	5.87e-205	648
JAJCVI010000007.1_105	WP_007140249.1	47.9	883	390	15	1	821	1	875	1.20e-214	635
JAJCVI010000007.1_107	WP_015911014.1	83.3	258	43	0	1	258	1	258	9.51e-157	441
JAJCVI010000007.1_108	WP_121918907.1	85.1	404	58	2	1	403	1	403	1.67e-227	632
JAJCVI010000007.1_109	WP_012660344.1	74.4	473	121	0	1	473	1	473	5.72e-260	720
JAJCVI010000007.1_110	WP_103426283.1	90.7	226	21	0	1	226	1	226	1.50e-137	389
JAJCVI010000007.1_112	WP_014555930.1	89.3	270	29	0	1	270	1	270	2.22e-170	476
JAJCVI010000007.1_113	WP_103426286.1	82.3	265	47	0	7	271	11	275	8.58e-152	431
JAJCVI010000007.1_114	WP_010890413.1	91.5	331	28	0	1	331	1	331	5.78e-208	576
JAJCVI010000007.1_115	WP_010890412.1	94.0	483	28	1	1	483	1	482	0.0	915
JAJCVI010000007.1_116	WP_128478166.1	46.5	258	116	4	1	243	1	251	2.61e-61	199
JAJCVI010000007.1_117	AGB16610.1	58.1	1000	366	10	1	990	1	957	0.0	1017
JAJCVI010000007.1_119	WP_070365940.1	79.3	479	98	1	1	478	1	479	1.50e-260	722
JAJCVI010000007.1_120	WP_005580533.1	42.0	181	103	2	16	195	18	197	1.28e-35	129
JAJCVI010000007.1_122	WP_008528082.1	49.0	196	99	1	1	195	1	196	2.07e-54	177
JAJCVI010000007.1_123	WP_004045186.1	68.1	47	15	0	1	47	239	285	7.10e-13	67.4
JAJCVI010000007.1_127	WP_121921043.1	88.2	119	14	0	1	119	1	119	2.57e-68	206
JAJCVI010000007.1_128	WP_121921044.1	91.8	279	23	0	1	279	1	279	1.65e-182	508
JAJCVI010000007.1_129	WP_096390181.1	67.0	457	151	0	1	457	1	457	8.32e-231	645
JAJCVI010000007.1_130	WP_049933923.1	55.3	409	178	3	18	422	23	430	5.26e-156	453
JAJCVI010000007.1_131	WP_008524572.1	71.0	69	20	0	10	78	61	129	3.23e-24	98.6
JAJCVI010000007.1_132	WP_006056724.1	34.5	261	158	5	51	302	65	321	5.77e-37	139
JAJCVI010000007.1_133	WP_121919087.1	39.8	399	216	7	18	410	7	387	4.33e-89	280
JAJCVI010000007.1_135	WP_128477510.1	58.4	305	124	3	1	302	1	305	1.77e-114	338
JAJCVI010000007.1_136	WP_128477511.1	39.0	292	138	9	1	266	1	278	6.15e-37	137
JAJCVI010000007.1_137	WP_096389319.1	52.8	106	50	0	21	126	17	122	2.12e-27	107
JAJCVI010000007.1_138	WP_049892503.1	35.9	92	59	0	37	128	5	96	6.02e-13	65.9
JAJCVI010000007.1_139	WP_004044654.1	39.3	527	297	7	1	525	1	506	1.12e-110	344
JAJCVI010000007.1_140	WP_004044653.1	43.4	348	165	11	15	348	4	333	3.23e-66	217
JAJCVI010000007.1_141	WP_128478285.1	54.3	151	69	0	1	151	1	151	2.16e-50	163
JAJCVI010000007.1_142	WP_004044658.1	52.5	539	256	0	9	547	9	547	1.08e-184	535
JAJCVI010000007.1_144	WP_014862696.1	50.8	197	93	2	1	197	1	193	4.60e-63	198
JAJCVI010000007.1_146	WP_013881393.1	45.7	346	181	6	185	527	86	427	3.82e-84	272
JAJCVI010000007.1_147	WP_007140249.1	50.2	882	381	13	5	838	6	877	4.16e-229	673
JAJCVI010000007.1_148	WP_004216948.1	28.0	404	217	16	1	389	1	345	2.87e-14	79.7
JAJCVI010000007.1_149	WP_128476056.1	46.1	436	224	7	11	439	32	463	5.02e-112	343
JAJCVI010000007.1_150	WP_020445751.1	53.8	184	84	1	10	193	15	197	7.93e-57	182
JAJCVI010000007.1_151	WP_004044658.1	31.4	471	293	12	86	535	86	547	2.22e-45	173
JAJCVI010000007.1_154	WP_012942032.1	54.5	77	35	0	1	77	40	116	1.90e-16	79.0
JAJCVI010000007.1_155	WP_008415711.1	68.3	164	52	0	8	171	6	169	1.33e-79	238
JAJCVI010000007.1_156	WP_103424996.1	53.2	355	165	1	1	355	1	354	4.25e-130	381
JAJCVI010000007.1_158	WP_084802645.1	64.7	252	86	2	1	250	1	251	8.65e-112	326
JAJCVI010000007.1_159	WP_077207379.1	69.3	238	73	0	18	255	25	262	5.63e-116	338
JAJCVI010000007.1_160	WP_012944912.1	47.1	350	179	4	30	374	11	359	4.85e-94	293
JAJCVI010000007.1_161	WP_049951473.1	47.3	275	143	2	10	284	10	282	1.56e-75	237
JAJCVI010000007.1_162	WP_007140089.1	36.5	389	240	5	91	474	64	450	9.20e-76	249
JAJCVI010000007.1_164	WP_013673775.1	39.7	494	272	9	24	502	23	505	6.65e-99	312
JAJCVI010000007.1_166	WP_011593745.1	36.6	637	388	8	26	651	26	657	4.63e-118	375
JAJCVI010000007.1_167	WP_124691971.1	40.8	703	389	11	9	700	7	693	1.87e-161	486
JAJCVI010000007.1_168	WP_121047983.1	31.9	389	246	7	10	392	13	388	2.35e-44	163
JAJCVI010000007.1_169	WP_008413813.1	46.5	142	72	2	5	142	4	145	9.57e-35	123
JAJCVI010000007.1_170	WP_013176763.1	63.5	252	92	0	1	252	1	252	5.43e-101	299
JAJCVI010000007.1_171	WP_077206191.1	62.9	572	195	5	1	557	1	570	1.37e-262	735
JAJCVI010000007.1_172	WP_077207374.1	64.8	253	86	2	11	262	5	255	8.35e-102	301
JAJCVI010000007.1_173	WP_011024967.1	43.9	255	141	2	5	258	5	258	2.18e-60	196
JAJCVI010000007.1_174	WP_012396279.1	46.9	388	204	2	1	386	1	388	3.90e-114	343
JAJCVI010000007.1_175	WP_066743437.1	27.1	140	90	3	1	134	1	134	5.44e-10	59.3
JAJCVI010000007.1_176	WP_050048142.1	42.4	314	180	1	19	332	14	326	1.22e-82	259
JAJCVI010000007.1_177	WP_010923452.1	52.9	323	151	1	1	322	1	323	1.34e-110	329
JAJCVI010000007.1_178	WP_103424615.1	35.4	567	263	13	4	507	4	530	4.84e-68	233
JAJCVI010000007.1_180	WP_011595243.1	32.6	273	170	5	6	266	2	272	3.09e-38	140
JAJCVI010000007.1_181	WP_006055834.1	71.1	402	116	0	1	402	1	402	1.42e-211	592
JAJCVI010000007.1_182	WP_049953180.1	67.3	349	114	0	10	358	5	353	3.85e-179	505
JAJCVI010000007.1_183	WP_121922088.1	47.8	249	117	6	3	248	2	240	3.69e-59	192
JAJCVI010000007.1_184	WP_128475812.1	53.3	542	246	4	7	541	10	551	9.81e-204	583
JAJCVI010000007.1_185	WP_015323227.1	62.1	391	148	0	1	391	1	391	6.39e-170	485
JAJCVI010000007.1_192	WP_014053137.1	74.4	301	76	1	1	300	1	301	1.65e-153	436
JAJCVI010000007.1_195	WP_012807429.1	65.8	79	27	0	78	156	230	308	4.93e-23	97.4
JAJCVI010000007.1_196	WP_012807430.1	46.3	637	310	5	11	631	11	631	3.58e-155	466
JAJCVI010000007.1_198	WP_050761677.1	39.3	735	367	14	62	773	60	738	1.52e-136	444
JAJCVI010000007.1_200	WP_010890416.1	84.6	397	61	0	1	397	1	397	1.02e-248	685
JAJCVI010000007.1_201	WP_015764173.1	84.3	375	59	0	1	375	1	375	2.62e-204	572
JAJCVI010000007.1_202	WP_011222592.1	82.3	130	23	0	1	130	5	134	4.68e-77	229
JAJCVI010000007.1_203	WP_015764175.1	74.6	118	30	0	1	118	1	118	5.13e-59	182
JAJCVI010000007.1_205	WP_005579511.1	42.9	259	144	3	7	262	19	276	2.35e-45	159
JAJCVI010000007.1_206	WP_077207812.1	54.8	221	100	0	30	250	6	226	2.96e-74	231
JAJCVI010000007.1_207	WP_008528168.1	48.5	646	295	7	9	649	6	618	1.90e-136	419
JAJCVI010000007.1_208	WP_007142658.1	44.2	208	112	2	11	215	15	221	3.96e-36	132
JAJCVI010000007.1_209	WP_011322528.1	48.0	175	89	2	4	178	1	173	2.51e-47	157
JAJCVI010000007.1_210	WP_015910448.1	56.7	277	102	2	3	261	22	298	6.39e-102	303
JAJCVI010000007.1_211	WP_049933447.1	50.2	229	107	5	1	227	1	224	2.76e-68	214
JAJCVI010000007.1_212	WP_005580988.1	48.4	153	79	0	129	281	55	207	1.89e-44	155
JAJCVI010000007.1_214	WP_108381215.1	62.6	658	239	3	1	654	1	655	2.02e-289	809
JAJCVI010000007.1_216	WP_129885668.1	34.8	293	162	12	2	279	13	291	7.59e-39	143
JAJCVI010000007.1_217	WP_004216706.1	73.9	459	116	3	1	458	3	458	1.15e-232	649
JAJCVI010000007.1_219	WP_012943898.1	57.3	351	141	4	4	345	5	355	1.13e-135	395
JAJCVI010000007.1_222	WP_029601789.1	75.3	299	73	1	1	298	1	299	2.23e-158	448
JAJCVI010000007.1_223	WP_129891273.1	32.7	312	167	4	36	339	29	305	2.37e-38	144
JAJCVI010000007.1_224	WP_011323741.1	48.5	165	84	1	4	168	4	167	2.59e-51	167
JAJCVI010000007.1_225	WP_012807655.1	42.1	316	175	4	3	314	6	317	1.74e-55	188
JAJCVI010000007.1_226	WP_121919207.1	68.3	139	44	0	6	144	5	143	2.35e-67	205
JAJCVI010000007.1_230	WP_050048236.1	90.5	105	10	0	1	105	1	105	3.76e-68	204
JAJCVI010000007.1_231	WP_049939213.1	37.2	94	56	2	9	99	4	97	2.12e-11	61.2
JAJCVI010000007.1_233	WP_077206526.1	40.5	390	215	7	5	381	5	390	1.36e-50	179
JAJCVI010000007.1_234	WP_004041015.1	37.1	429	252	9	1	424	1	416	1.33e-78	254
JAJCVI010000007.1_236	WP_004043378.1	95.7	187	8	0	1	187	1	187	7.99e-122	350
JAJCVI010000007.1_237	WP_128478926.1	41.0	602	325	9	1	582	443	1034	3.61e-143	445
JAJCVI010000007.1_238	NP_630085.1	46.2	104	54	1	8	111	11	112	9.17e-24	93.2
JAJCVI010000007.1_239	WP_011916175.1	31.0	242	121	9	529	747	458	676	2.13e-19	100
JAJCVI010000007.1_241	WP_077205129.1	51.7	205	95	3	8	212	7	207	2.76e-67	210
JAJCVI010000007.1_242	WP_041068733.1	30.5	95	63	1	280	374	252	343	1.38e-04	50.4
JAJCVI010000007.1_244	WP_084179157.1	33.4	824	461	19	312	1114	277	1033	5.50e-119	400
