KX906370.1_6	WP_014053535.1	100	274	0	0	1	274	1	274	5.10e-203	559
KX906370.1_8	WP_009486658.1	28.1	121	86	1	14	133	59	179	5.78e-04	44.3
KX906370.1_9	WP_086890106.1	24.0	600	337	22	46	578	49	596	1.60e-14	82.8
KX906370.1_10	WP_012945410.1	41.4	428	189	12	9	428	6	379	6.27e-87	275
KX906370.1_23	WP_015911530.1	36.0	200	112	6	16	201	18	215	2.61e-25	107
KX906370.1_27	WP_083769180.1	47.9	48	23	1	115	160	50	97	8.75e-07	50.8
KX906370.1_34	WP_121922118.1	44.8	290	147	5	30	315	3	283	3.69e-67	218
KX906370.1_35	WP_009762312.1	86.3	432	40	1	1	413	1	432	4.68e-276	756
KX906370.1_36	WP_004056662.1	70.5	44	13	0	3	46	4	47	2.52e-16	69.3
KX906370.1_37	WP_005576062.1	49.6	113	48	2	9	121	12	115	1.31e-18	81.6
KX906370.1_45	WP_077350611.1	42.2	166	78	6	2	150	8	172	3.40e-18	89.4
KX906370.1_46	WP_128425579.1	25.6	316	216	10	54	355	105	415	3.09e-17	88.2
KX906370.1_47	WP_013879879.1	51.4	222	107	1	2	223	5	225	6.33e-75	231
KX906370.1_48	WP_013879856.1	51.2	332	150	4	3	325	10	338	8.55e-103	310
KX906370.1_49	WP_014862644.1	43.0	300	153	8	14	305	4	293	4.73e-63	222
KX906370.1_54	WP_052883012.1	36.1	83	51	1	40	120	481	563	2.63e-05	47.8
KX906370.1_62	WP_009486680.1	100	419	0	0	1	419	1	419	0.0	865
KX906370.1_63	WP_009486679.1	100	130	0	0	1	130	1	130	2.21e-90	262
KX906370.1_66	WP_011980903.1	31.7	180	112	6	188	359	10	186	5.68e-14	77.8
KX906370.1_67	WP_008525717.1	31.4	242	141	9	343	577	293	516	2.40e-09	67.8
KX906370.1_73	WP_015911334.1	57.2	257	99	4	17	273	2	247	1.65e-85	260
KX906370.1_84	WP_128477926.1	60.6	109	43	0	1	109	1	109	5.68e-45	146
KX906370.1_85	WP_015911486.1	99.3	417	3	0	1	417	1	417	0.0	873
KX906370.1_88	WP_076738804.1	27.9	860	539	26	506	1332	304	1115	7.68e-69	259
KX906370.1_89	WP_007139919.1	45.9	364	175	8	198	551	146	497	6.17e-68	233
KX906370.1_93	WP_008527164.1	68.1	407	129	1	13	418	4	410	7.99e-196	553
KX906370.1_110	WP_128478914.1	43.0	423	219	3	67	474	3	418	2.94e-115	350
KX906370.1_111	WP_089673065.1	34.6	211	127	4	25	229	15	220	4.29e-38	137
KX906370.1_118	WP_076611400.1	63.3	384	133	2	6	388	5	381	1.05e-174	496
KX906370.1_121	WP_014053379.1	100	118	0	0	1	118	1	118	1.33e-83	244
KX906370.1_122	WP_006057214.1	79.1	91	19	0	1	91	1	91	5.38e-46	147
KX906370.1_126	WP_012945940.1	56.2	530	208	6	2	512	5	529	2.60e-198	567
KX906370.1_128	WP_004216255.1	95.9	468	19	0	1	468	1	468	0.0	902
KX906370.1_129	WP_015911303.1	96.8	156	5	0	17	172	257	412	2.03e-106	315
KX906370.1_132	WP_086887544.1	43.7	103	56	2	1	102	1	102	2.43e-17	80.9
KX906370.1_135	WP_014053427.1	81.6	321	58	1	7	326	98	418	1.43e-174	495
KX906370.1_139	WP_049954756.1	81.7	218	40	0	1	218	1	218	1.69e-133	379
KX906370.1_140	WP_077207650.1	87.3	213	27	0	1	213	1	213	2.52e-130	370
KX906370.1_143	WP_020446706.1	48.9	270	120	5	1	259	1	263	2.48e-80	248
KX906370.1_145	WP_081638689.1	45.0	451	192	2	19	413	159	609	1.48e-128	389
KX906370.1_146	WP_020446722.1	72.0	353	99	0	1	353	1	353	7.55e-190	533
KX906370.1_147	WP_075093539.1	32.2	261	148	6	13	248	41	297	1.70e-32	125
KX906370.1_148	WP_103424643.1	46.7	137	69	3	34	169	188	321	1.65e-29	123
KX906370.1_149	WP_050049106.1	63.4	500	181	1	12	509	11	510	1.87e-199	569
KX906370.1_150	WP_096388838.1	95.8	261	11	0	1	261	13	273	9.09e-182	504
KX906370.1_152	WP_012660235.1	87.3	212	27	0	1	212	1	212	1.74e-136	385
KX906370.1_153	WP_103423890.1	76.6	633	145	2	8	637	1	633	0.0	932
KX906370.1_155	WP_077207982.1	56.6	311	132	1	23	330	1	311	2.57e-113	336
KX906370.1_156	WP_084568987.1	52.0	277	132	1	1	276	43	319	2.04e-93	284
KX906370.1_157	WP_012945012.1	76.9	212	49	0	9	220	1	212	2.95e-105	307
KX906370.1_158	WP_012944996.1	88.8	384	43	0	1	384	1	384	3.66e-256	702
KX906370.1_159	WP_012807654.1	80.3	264	52	0	6	269	5	268	4.13e-154	435
KX906370.1_161	WP_128478792.1	74.0	420	100	1	1	411	1	420	7.59e-226	629
KX906370.1_162	WP_108381705.1	68.2	286	91	0	1	286	1	286	8.50e-135	388
KX906370.1_163	WP_020446043.1	58.3	36	15	0	3	38	122	157	5.72e-08	50.8
KX906370.1_164	WP_004956661.1	74.0	100	26	0	1	100	1	100	8.23e-50	168
KX906370.1_165	WP_076611400.1	63.3	384	133	2	6	388	5	381	1.05e-174	496
KX906370.1_167	WP_089673429.1	46.7	430	205	2	2	427	3	412	2.09e-130	388
KX906370.1_178	WP_088901369.1	100	168	0	0	1	168	1	168	2.01e-118	336
KX906370.1_181	WP_088901367.1	100	292	0	0	1	292	1	292	1.79e-212	584
KX906370.1_183	WP_052301007.1	36.5	1221	667	27	10	1158	14	1198	1.15e-239	734
KX906370.1_185	WP_076611400.1	63.3	384	133	2	6	388	5	381	1.05e-174	496
KX906370.1_187	WP_004043258.1	52.8	407	183	3	7	411	2	401	4.67e-142	416
KX906370.1_190	WP_089673769.1	96.8	402	13	0	1	402	1	402	2.24e-282	770
KX906370.1_191	WP_089673766.1	86.8	598	79	0	1	598	2	599	0.0	999
KX906370.1_192	WP_005619955.1	47.4	194	101	1	41	233	33	226	2.13e-53	176
KX906370.1_193	WP_010890462.1	91.2	91	8	0	1	91	334	424	6.96e-48	162
KX906370.1_194	WP_076611400.1	63.3	384	133	2	6	388	5	381	1.05e-174	496
