QKNW01000002.1_1	WP_108383846.1	33.7	1363	674	43	10	1336	12	1181	4.28e-164	529
QKNW01000002.1_2	WP_108383847.1	28.5	1136	668	37	17	1114	17	1046	2.28e-72	267
QKNW01000002.1_3	WP_081422761.1	62.6	382	137	2	11	386	10	391	1.39e-162	466
QKNW01000002.1_4	WP_086887507.1	43.1	202	110	3	21	218	24	224	5.67e-42	147
QKNW01000002.1_6	WP_108383488.1	53.0	709	318	7	3	707	1	698	3.57e-241	691
QKNW01000002.1_7	WP_119816702.1	56.3	332	145	0	1	332	1	332	4.43e-126	369
QKNW01000002.1_9	WP_077205417.1	51.2	283	129	2	1	274	1	283	7.66e-88	269
QKNW01000002.1_11	WP_020446073.1	38.0	79	48	1	96	174	106	183	7.58e-05	47.0
QKNW01000002.1_14	WP_010904190.1	92.9	196	14	0	1	196	1	196	1.10e-122	349
QKNW01000002.1_18	WP_081638694.1	71.8	39	11	0	60	98	38	76	5.42e-09	64.3
QKNW01000002.1_36	WP_014555016.1	91.5	94	8	0	1	94	1	94	4.00e-58	178
QKNW01000002.1_37	WP_077206779.1	75.3	93	23	0	1	93	1	93	1.29e-40	134
QKNW01000002.1_38	WP_015909763.1	63.1	214	78	1	1	214	1	213	3.58e-90	269
QKNW01000002.1_40	WP_103428369.1	34.4	532	313	18	13	526	11	524	8.76e-51	187
QKNW01000002.1_41	WP_103428368.1	31.2	780	469	17	639	1384	18	763	2.09e-92	324
QKNW01000002.1_43	WP_103428390.1	50.7	148	59	5	1	134	1	148	1.17e-33	120
QKNW01000002.1_44	WP_014051805.1	51.3	156	61	3	1	142	1	155	2.81e-32	117
QKNW01000002.1_46	WP_119816702.1	39.8	339	190	6	1	331	1	333	1.64e-68	223
QKNW01000002.1_59	WP_077205438.1	53.5	86	40	0	43	128	16	101	4.87e-25	97.1
QKNW01000002.1_62	WP_010903433.1	52.2	571	237	13	33	578	26	585	8.91e-174	509
QKNW01000002.1_68	WP_015322309.1	46.7	60	30	1	56	113	58	117	3.14e-08	61.2
QKNW01000002.1_69	WP_077207598.1	37.4	107	66	1	9	115	17	122	9.29e-14	67.8
QKNW01000002.1_70	WP_108381501.1	51.3	80	39	0	1	80	1	80	4.55e-22	86.3
QKNW01000002.1_76	WP_011322900.1	52.4	84	40	0	5	88	24	107	2.56e-25	96.3
QKNW01000002.1_83	WP_059398698.1	34.9	83	53	1	9	91	4	85	1.87e-06	47.8
QKNW01000002.1_85	WP_020931469.1	75.3	434	106	1	6	439	54	486	5.67e-225	630
QKNW01000002.1_88	WP_084569144.1	55.2	232	103	1	5	236	153	383	9.17e-81	261
QKNW01000002.1_89	WP_004044658.1	45.9	538	288	2	8	542	9	546	1.69e-156	463
QKNW01000002.1_94	WP_084802636.1	30.4	664	425	19	316	965	181	821	1.66e-54	210
QKNW01000002.1_97	WP_011224781.1	31.3	96	66	0	17	112	10	105	5.03e-12	63.2
QKNW01000002.1_99	WP_014053154.1	83.3	66	11	0	1	66	1	66	6.86e-33	112
QKNW01000002.1_101	WP_014053152.1	90.4	271	22	1	1	267	1	271	3.97e-169	473
QKNW01000002.1_103	WP_014053149.1	90.7	474	44	0	1	474	1	474	2.80e-302	827
QKNW01000002.1_105	WP_014053147.1	92.4	263	20	0	1	263	1	263	2.40e-166	465
QKNW01000002.1_107	WP_049795874.1	33.9	124	69	3	39	159	33	146	6.54e-07	55.5
QKNW01000002.1_109	WP_012942016.1	41.4	382	218	6	86	465	50	427	1.91e-83	268
QKNW01000002.1_110	WP_004044656.1	62.0	184	69	1	31	214	8	190	9.17e-75	229
QKNW01000002.1_112	WP_020445753.1	43.3	517	276	7	13	515	5	518	1.54e-126	385
QKNW01000002.1_113	WP_004044653.1	41.2	340	160	12	22	335	11	336	1.06e-63	210
QKNW01000002.1_114	WP_015319753.1	78.6	56	12	0	42	97	362	417	2.10e-22	94.7
QKNW01000002.1_115	WP_021029485.1	36.3	102	62	1	17	118	28	126	3.32e-12	64.3
QKNW01000002.1_117	WP_128477511.1	36.3	284	156	9	1	265	1	278	6.84e-30	118
QKNW01000002.1_118	WP_128477510.1	57.4	298	124	3	4	298	2	299	3.25e-110	327
QKNW01000002.1_119	WP_070365122.1	74.6	224	57	0	1	224	1	224	7.40e-112	324
QKNW01000002.1_123	WP_079892117.1	67.2	463	148	3	14	472	1	463	7.73e-219	615
QKNW01000002.1_126	WP_012660072.1	72.0	279	77	1	1	279	1	278	8.05e-141	402
QKNW01000002.1_127	WP_006056135.1	48.9	360	174	7	41	398	31	382	6.04e-101	310
QKNW01000002.1_128	WP_121921360.1	37.5	640	350	10	1	628	1	602	2.32e-31	135
QKNW01000002.1_130	WP_089671577.1	54.6	141	64	0	257	397	326	466	3.98e-50	180
QKNW01000002.1_132	WP_012659171.1	55.5	1071	465	6	17	1085	6	1066	0.0	1200
QKNW01000002.1_133	WP_012659173.1	64.8	883	298	5	11	885	14	891	0.0	1165
QKNW01000002.1_134	WP_007143065.1	76.7	545	126	1	45	588	39	583	1.51e-293	815
QKNW01000002.1_136	WP_012946171.1	24.6	686	309	14	33	702	10	503	4.13e-39	163
QKNW01000002.1_140	WP_015763962.1	47.2	381	166	11	513	879	163	522	1.76e-89	299
QKNW01000002.1_145	WP_077205438.1	48.9	90	44	2	8	95	16	105	1.97e-20	84.3
QKNW01000002.1_150	WP_103427973.1	61.5	878	330	6	9	881	13	887	0.0	1129
QKNW01000002.1_152	WP_015320466.1	38.6	158	97	0	714	871	784	941	1.99e-23	113
QKNW01000002.1_153	WP_121922150.1	26.1	253	182	2	61	312	9	257	3.30e-14	81.6
QKNW01000002.1_154	WP_012996351.1	61.1	848	325	2	1	844	48	894	0.0	1102
QKNW01000002.1_158	WP_045930849.1	28.6	717	456	20	9	684	4	705	3.41e-84	285
QKNW01000002.1_159	WP_011321731.1	31.2	369	195	13	1	321	1	358	5.46e-38	144
QKNW01000002.1_161	WP_013408611.1	25.9	263	187	5	117	378	115	370	2.81e-07	58.5
QKNW01000002.1_162	WP_011224201.1	39.6	530	255	17	263	757	43	542	3.14e-100	325
