RJJW01000001.1_3	WP_076611400.1	64.6	384	128	2	6	388	5	381	9.54e-178	504
RJJW01000001.1_4	WP_006056143.1	65.8	79	27	0	1	79	3	81	2.95e-27	108
RJJW01000001.1_6	WP_119815036.1	41.8	91	53	0	134	224	131	221	6.90e-15	76.3
RJJW01000001.1_11	WP_010890494.1	72.9	255	69	0	1	255	1	255	9.32e-136	387
RJJW01000001.1_13	WP_008524226.1	63.4	194	71	0	1	194	1	194	1.07e-87	261
RJJW01000001.1_14	WP_010890539.1	99.3	604	4	0	55	658	1	604	0.0	1223
RJJW01000001.1_15	WP_015910470.1	87.4	832	104	1	1	831	1	832	0.0	1357
RJJW01000001.1_18	WP_103428014.1	85.1	382	57	0	1	382	1	382	1.81e-254	698
RJJW01000001.1_19	WP_004594570.1	69.9	236	71	0	7	242	6	241	2.12e-110	322
RJJW01000001.1_20	WP_004594560.1	74.0	311	81	0	1	311	1	311	5.83e-161	456
RJJW01000001.1_21	WP_004594558.1	86.0	886	112	3	1	874	1	886	0.0	1440
RJJW01000001.1_22	WP_012945098.1	83.6	140	23	0	1	140	1	140	3.79e-80	237
RJJW01000001.1_23	WP_011222423.1	93.7	510	32	0	7	516	251	760	0.0	881
RJJW01000001.1_24	WP_120649689.1	29.7	354	227	8	160	499	6	351	1.06e-30	128
RJJW01000001.1_25	WP_014053113.1	77.2	259	59	0	1	259	1	259	3.10e-140	399
RJJW01000001.1_27	WP_050048231.1	87.2	454	57	1	1	454	1	453	1.06e-274	755
RJJW01000001.1_29	WP_103428369.1	36.4	568	300	19	4	548	3	532	5.07e-74	250
RJJW01000001.1_31	WP_089133042.1	42.7	206	109	6	52	250	25	228	2.39e-43	151
RJJW01000001.1_47	WP_013876064.1	36.1	294	184	3	10	301	10	301	9.72e-61	201
RJJW01000001.1_50	WP_012944105.1	45.4	469	254	1	5	473	2	468	1.89e-127	384
RJJW01000001.1_52	WP_119821022.1	60.1	406	158	2	16	418	19	423	2.52e-162	468
RJJW01000001.1_53	WP_089673065.1	38.0	208	125	3	24	229	15	220	2.44e-40	142
RJJW01000001.1_61	WP_082897077.1	46.2	65	29	2	116	180	76	134	7.84e-07	52.4
RJJW01000001.1_62	WP_095532204.1	41.1	419	191	10	18	427	4	375	4.48e-86	273
RJJW01000001.1_63	WP_076611400.1	84.3	381	60	0	1	381	1	381	4.99e-241	664
RJJW01000001.1_66	WP_089671591.1	36.5	137	79	5	23	157	18	148	4.10e-13	68.6
RJJW01000001.1_70	WP_005579313.1	37.7	77	41	3	13	82	5	81	1.76e-05	44.3
RJJW01000001.1_72	WP_013878531.1	52.9	977	421	9	1	972	1	943	0.0	958
RJJW01000001.1_73	WP_086887711.1	65.0	40	14	0	27	66	950	989	9.14e-09	55.1
RJJW01000001.1_75	WP_011222523.1	80.2	212	42	0	1	212	6	217	6.80e-126	359
RJJW01000001.1_76	WP_011222524.1	68.6	484	152	0	7	490	1	484	4.01e-240	671
RJJW01000001.1_77	WP_049938523.1	87.2	257	33	0	1	257	1	257	9.15e-152	428
RJJW01000001.1_78	WP_049938525.1	67.4	383	125	0	1	383	1	383	1.43e-197	554
RJJW01000001.1_79	WP_011222527.1	76.4	343	81	0	1	343	1	343	1.73e-192	538
RJJW01000001.1_80	WP_004965889.1	46.9	245	130	0	25	269	9	253	2.51e-65	209
RJJW01000001.1_81	WP_020446448.1	54.9	339	153	0	1	339	1	339	1.59e-120	355
RJJW01000001.1_82	WP_011222519.1	78.5	480	92	4	6	477	5	481	9.13e-269	743
RJJW01000001.1_83	WP_103426490.1	80.6	314	57	1	1	314	1	310	5.90e-180	504
RJJW01000001.1_84	WP_103427699.1	87.6	290	35	1	6	294	2	291	8.21e-175	489
RJJW01000001.1_86	WP_103426489.1	77.5	377	85	0	1	377	1	377	2.82e-206	577
RJJW01000001.1_87	WP_015910622.1	72.1	409	109	3	6	412	13	418	2.23e-222	620
RJJW01000001.1_88	WP_049895381.1	86.5	310	41	1	12	320	1	310	9.08e-204	564
RJJW01000001.1_89	WP_049955093.1	61.6	292	111	1	1	292	1	291	6.22e-126	365
RJJW01000001.1_90	WP_020446126.1	42.2	348	191	7	7	347	10	354	7.16e-83	260
RJJW01000001.1_92	WP_049888558.1	59.2	103	37	2	32	132	20	119	5.70e-34	120
RJJW01000001.1_93	WP_015910091.1	89.5	305	32	0	1	305	1	305	1.58e-192	535
RJJW01000001.1_95	WP_015910089.1	82.3	186	33	0	4	189	3	188	1.04e-105	306
RJJW01000001.1_96	WP_015910088.1	94.9	390	20	0	22	411	1	390	6.47e-247	681
RJJW01000001.1_97	WP_049933376.1	85.3	259	38	0	1	259	1	259	8.93e-161	451
RJJW01000001.1_101	WP_015910632.1	91.5	306	26	0	1	306	1	306	4.87e-208	574
RJJW01000001.1_102	WP_015910633.1	96.0	149	6	0	1	149	1	149	6.69e-92	268
RJJW01000001.1_103	WP_015910634.1	85.6	270	39	0	1	270	1	270	3.92e-153	432
RJJW01000001.1_104	WP_089673330.1	37.0	162	96	5	1	160	104	261	6.49e-12	67.0
RJJW01000001.1_105	WP_015910636.1	95.8	192	8	0	1	192	1	192	4.16e-121	345
RJJW01000001.1_106	WP_015910637.1	92.3	284	22	0	1	284	1	284	2.38e-193	535
RJJW01000001.1_107	WP_121921145.1	55.7	273	111	4	7	279	6	268	1.91e-87	266
RJJW01000001.1_108	WP_070364746.1	69.7	132	37	2	1	132	1	129	1.01e-60	187
RJJW01000001.1_109	WP_014051606.1	62.7	335	124	1	1	335	5	338	9.05e-145	417
RJJW01000001.1_110	WP_011571668.1	58.0	255	104	2	2	254	12	265	7.81e-93	280
RJJW01000001.1_111	WP_014051607.1	57.8	287	88	6	3	282	2	262	4.96e-91	275
RJJW01000001.1_112	WP_014051608.1	66.3	676	213	2	1	676	1	661	0.0	892
RJJW01000001.1_113	WP_049943358.1	63.2	380	129	4	1	371	1	378	7.47e-153	440
RJJW01000001.1_117	WP_015910640.1	93.2	427	29	0	1	427	1	427	1.95e-291	795
RJJW01000001.1_118	WP_014050359.1	43.0	151	62	3	76	225	141	268	1.09e-25	106
RJJW01000001.1_119	WP_096391326.1	89.2	158	17	0	1	158	1	158	4.07e-94	274
RJJW01000001.1_120	WP_006053402.1	77.2	338	77	0	1	338	1	338	8.00e-184	516
RJJW01000001.1_121	WP_004042300.1	71.2	496	140	1	1	496	1	493	3.46e-220	621
RJJW01000001.1_122	WP_004042299.1	73.5	830	195	7	1	825	1	810	0.0	1206
RJJW01000001.1_123	WP_015910642.1	95.6	317	14	0	1	317	1	317	1.08e-200	560
RJJW01000001.1_124	WP_015910643.1	95.8	214	9	0	1	214	1	214	1.81e-139	393
RJJW01000001.1_125	WP_015910644.1	93.5	553	30	2	20	572	8	554	0.0	991
RJJW01000001.1_126	WP_015910645.1	88.6	202	18	1	1	202	1	197	4.52e-126	358
RJJW01000001.1_127	WP_015910646.1	88.6	149	17	0	51	199	56	204	4.64e-89	267
RJJW01000001.1_130	WP_015910650.1	93.7	413	26	0	1	413	1	413	3.79e-291	793
RJJW01000001.1_132	WP_015910653.1	87.3	346	44	0	1	346	1	346	6.76e-203	565
RJJW01000001.1_133	WP_015910654.1	87.1	178	22	1	1	177	1	178	2.94e-102	296
RJJW01000001.1_134	WP_015763728.1	49.0	198	67	3	1	198	1	164	6.52e-46	154
RJJW01000001.1_135	WP_015910656.1	90.1	191	19	0	1	191	1	191	2.31e-117	335
RJJW01000001.1_136	WP_049933509.1	89.4	322	33	1	14	334	1	322	5.34e-214	591
RJJW01000001.1_137	WP_015910658.1	84.2	437	69	0	1	437	1	437	1.99e-252	698
RJJW01000001.1_138	WP_049933721.1	87.2	345	44	0	1	345	1	345	1.71e-223	617
RJJW01000001.1_139	WP_020445847.1	43.8	137	77	0	70	206	2	138	5.09e-27	105
RJJW01000001.1_140	WP_015910627.1	90.5	441	34	3	3	440	23	458	1.57e-269	742
RJJW01000001.1_142	WP_015910625.1	88.8	249	28	0	1	249	1	249	4.67e-157	441
RJJW01000001.1_143	WP_015910622.1	89.3	419	41	1	1	415	1	419	5.05e-282	771
RJJW01000001.1_144	WP_077204923.1	71.1	425	99	7	1	415	1	411	3.09e-204	574
RJJW01000001.1_145	WP_084802537.1	80.8	437	84	0	1	437	1	437	2.48e-260	718
RJJW01000001.1_147	WP_077204921.1	74.2	349	90	0	8	356	2	350	2.97e-188	530
RJJW01000001.1_148	WP_015910618.1	90.0	309	31	0	1	309	1	309	1.55e-202	561
RJJW01000001.1_149	WP_013158442.1	26.9	420	246	14	25	438	4	368	1.28e-12	75.1
RJJW01000001.1_150	WP_015910616.1	85.6	305	41	2	1	303	1	304	1.02e-178	500
RJJW01000001.1_151	WP_015910615.1	93.7	207	13	0	1	207	1	207	1.76e-138	390
RJJW01000001.1_152	WP_015910614.1	92.0	176	14	0	1	176	1	176	1.26e-120	343
RJJW01000001.1_153	WP_096390530.1	72.6	124	32	1	1	122	1	124	5.10e-54	170
RJJW01000001.1_155	WP_015910611.1	84.7	510	78	0	1	510	1	510	4.47e-305	838
RJJW01000001.1_157	WP_015910609.1	80.7	197	23	4	1	195	1	184	1.34e-104	303
RJJW01000001.1_158	WP_015910607.1	89.4	398	41	1	1	398	1	397	1.37e-272	745
RJJW01000001.1_159	WP_096389808.1	79.8	124	25	0	17	140	19	142	4.64e-70	212
RJJW01000001.1_160	WP_015910605.1	93.8	762	47	0	1	762	1	762	0.0	1438
RJJW01000001.1_161	WP_086888995.1	44.2	129	71	1	3	130	5	133	2.70e-28	106
RJJW01000001.1_162	WP_015911501.1	86.3	131	18	0	1	131	1	131	1.42e-73	220
RJJW01000001.1_164	WP_015910758.1	91.5	248	21	0	4	251	3	250	1.11e-158	445
RJJW01000001.1_165	WP_049933524.1	89.7	233	24	0	6	238	8	240	7.36e-133	379
RJJW01000001.1_166	WP_015910760.1	85.0	314	43	1	1	310	1	314	4.24e-189	527
RJJW01000001.1_167	WP_015910761.1	77.6	245	42	2	22	266	19	250	2.94e-109	320
RJJW01000001.1_169	WP_015910763.1	97.3	597	16	0	1	597	1	597	0.0	1117
RJJW01000001.1_170	WP_015910764.1	97.5	81	2	0	1	81	1	81	2.25e-49	155
RJJW01000001.1_171	WP_015910765.1	97.4	152	4	0	1	152	1	152	1.25e-102	295
RJJW01000001.1_172	WP_015910766.1	92.9	308	22	0	1	308	1	308	1.35e-198	553
RJJW01000001.1_174	WP_015910768.1	92.1	215	17	0	1	215	1	215	4.15e-151	423
RJJW01000001.1_175	WP_007140616.1	66.3	86	29	0	1	86	1	86	1.98e-36	124
RJJW01000001.1_176	WP_015910770.1	86.1	165	22	1	1	165	1	164	2.12e-91	268
RJJW01000001.1_178	WP_049933528.1	92.5	763	46	2	1	753	1	762	0.0	1320
RJJW01000001.1_179	WP_049933530.1	87.6	403	37	4	1	395	1	398	1.41e-241	667
RJJW01000001.1_180	WP_077205879.1	50.3	612	299	5	1	608	1	611	4.56e-193	561
RJJW01000001.1_181	WP_077207995.1	75.4	342	80	4	60	399	5	344	2.48e-188	530
RJJW01000001.1_182	WP_077205878.1	75.8	422	100	1	1	422	1	420	1.76e-236	656
RJJW01000001.1_183	WP_077205877.1	84.7	1077	163	2	10	1085	15	1090	0.0	1900
RJJW01000001.1_184	WP_077205876.1	58.7	242	94	2	1	237	1	241	2.85e-88	266
RJJW01000001.1_185	WP_103425886.1	59.8	343	133	2	6	348	1	338	6.76e-140	405
RJJW01000001.1_186	WP_014052586.1	60.2	186	74	0	14	199	6	191	1.66e-73	225
RJJW01000001.1_187	WP_015910776.1	95.2	456	22	0	1	456	1	456	3.45e-302	825
RJJW01000001.1_190	WP_015910780.1	91.5	448	30	1	1	448	1	440	6.62e-294	803
RJJW01000001.1_191	WP_012289069.1	72.2	126	30	2	1	124	6	128	4.77e-51	171
RJJW01000001.1_192	WP_015910661.1	94.9	468	24	0	1	468	1	468	0.0	868
RJJW01000001.1_193	WP_015910662.1	94.4	198	9	1	1	198	1	196	3.76e-135	381
RJJW01000001.1_194	WP_128475918.1	57.9	247	100	2	1	245	1	245	8.07e-83	253
RJJW01000001.1_197	WP_015910666.1	95.6	293	13	0	1	293	1	293	3.04e-184	513
RJJW01000001.1_198	WP_015910667.1	88.5	529	61	0	1	529	1	529	0.0	887
RJJW01000001.1_200	WP_015910668.1	88.3	247	26	1	1	244	1	247	6.71e-146	412
RJJW01000001.1_201	WP_015910669.1	85.3	238	31	2	1	238	1	234	1.20e-132	378
RJJW01000001.1_202	WP_015910670.1	94.3	123	7	0	1	123	1	123	4.74e-75	223
RJJW01000001.1_203	WP_020445679.1	58.7	126	50	1	1	126	1	124	4.50e-40	135
RJJW01000001.1_205	WP_015910674.1	98.7	233	3	0	1	233	1	233	6.08e-161	449
RJJW01000001.1_206	WP_015910675.1	93.9	181	11	0	1	181	1	181	3.82e-127	359
RJJW01000001.1_208	WP_015910676.1	96.2	345	13	0	1	345	1	345	1.22e-248	680
RJJW01000001.1_209	WP_015910677.1	95.9	413	17	0	1	413	1	413	3.88e-285	780
RJJW01000001.1_211	WP_010902069.1	45.9	220	118	1	1	219	1	220	1.86e-59	192
RJJW01000001.1_213	WP_015910682.1	92.5	627	41	2	121	745	1	623	0.0	1126
RJJW01000001.1_214	WP_015910683.1	91.3	150	13	0	1	150	1	150	4.17e-91	266
RJJW01000001.1_217	WP_015910686.1	95.5	157	7	0	1	157	1	157	2.78e-102	295
RJJW01000001.1_218	WP_015910687.1	92.8	456	33	0	5	460	2	457	2.09e-291	798
RJJW01000001.1_219	WP_015910688.1	80.8	265	37	2	1	251	1	265	1.47e-134	385
RJJW01000001.1_220	WP_015910689.1	95.3	64	3	0	1	64	1	64	1.63e-39	129
RJJW01000001.1_221	WP_015910690.1	96.5	142	5	0	1	142	1	142	9.73e-93	269
RJJW01000001.1_222	WP_103425904.1	83.6	122	19	1	1	122	1	121	8.11e-65	197
RJJW01000001.1_223	WP_015910692.1	90.5	296	28	0	1	296	1	296	2.74e-177	496
RJJW01000001.1_224	WP_015910693.1	95.1	609	30	0	1	609	1	609	0.0	1148
RJJW01000001.1_226	WP_015910695.1	92.4	211	16	0	1	211	1	211	1.10e-143	404
RJJW01000001.1_227	WP_015910696.1	88.9	398	44	0	1	398	1	398	2.83e-240	664
RJJW01000001.1_228	WP_015910697.1	86.7	428	51	1	1	428	1	422	3.99e-237	658
RJJW01000001.1_229	WP_049933726.1	88.3	394	43	2	30	423	10	400	3.73e-233	650
RJJW01000001.1_230	WP_015910699.1	86.3	95	12	1	1	95	1	94	7.50e-52	162
RJJW01000001.1_231	WP_015910700.1	95.9	341	14	0	26	366	5	345	7.00e-233	641
RJJW01000001.1_234	WP_015910747.1	89.5	342	36	0	1	342	1	342	2.09e-219	607
RJJW01000001.1_235	WP_015910748.1	96.6	58	2	0	1	58	1	58	6.04e-37	122
RJJW01000001.1_236	WP_015910749.1	96.3	80	3	0	1	80	1	80	1.79e-50	157
RJJW01000001.1_237	WP_015910750.1	97.1	450	13	0	1	450	1	450	0.0	886
RJJW01000001.1_238	WP_015910751.1	95.7	348	15	0	1	348	1	348	5.78e-228	628
RJJW01000001.1_239	WP_015910752.1	85.7	308	44	0	1	308	1	308	8.33e-178	498
RJJW01000001.1_240	WP_015910753.1	86.5	155	21	0	1	155	1	155	9.74e-97	280
RJJW01000001.1_241	WP_049933519.1	85.2	714	98	1	1	706	1	714	0.0	1173
RJJW01000001.1_242	WP_015910755.1	98.3	302	5	0	1	302	1	302	1.58e-211	583
RJJW01000001.1_243	WP_015910756.1	91.3	183	16	0	1	183	1	183	1.06e-124	353
RJJW01000001.1_244	WP_007143469.1	55.4	184	80	2	4	185	7	190	2.19e-67	209
RJJW01000001.1_245	WP_015910602.1	93.0	287	20	0	9	295	7	293	1.31e-190	529
RJJW01000001.1_246	WP_015910601.1	90.0	301	28	2	1	301	1	299	6.51e-194	538
RJJW01000001.1_247	WP_015910600.1	95.0	499	25	0	1	499	1	499	0.0	976
RJJW01000001.1_248	WP_015910599.1	88.8	249	24	2	5	250	1	248	5.94e-144	407
RJJW01000001.1_249	AGB16121.1	55.3	266	110	3	13	278	6	262	7.57e-78	243
RJJW01000001.1_250	WP_013878884.1	65.4	208	72	0	1	208	1	208	4.04e-84	253
RJJW01000001.1_253	WP_096389773.1	68.3	473	130	2	1	473	1	453	2.12e-219	617
RJJW01000001.1_254	WP_004046475.1	98.3	120	2	0	1	120	1	120	8.96e-74	219
RJJW01000001.1_255	WP_004046478.1	100	74	0	0	1	74	1	74	4.44e-46	146
RJJW01000001.1_256	WP_008008468.1	95.2	62	3	0	1	62	1	62	4.08e-39	127
RJJW01000001.1_257	WP_015910553.1	95.0	159	8	0	1	159	1	159	1.75e-110	315
RJJW01000001.1_259	WP_015910555.1	79.9	239	46	1	1	237	1	239	2.95e-127	364
RJJW01000001.1_261	WP_128478499.1	56.5	161	69	1	49	208	12	172	6.17e-51	167
RJJW01000001.1_262	WP_049933486.1	96.8	94	3	0	1	94	1	94	3.27e-66	198
RJJW01000001.1_263	WP_015910558.1	95.5	380	17	0	1	380	1	380	1.02e-260	714
RJJW01000001.1_264	WP_015910559.1	89.6	521	52	1	1	519	1	521	0.0	909
RJJW01000001.1_265	WP_015910560.1	90.6	223	21	0	1	223	1	223	5.94e-138	390
RJJW01000001.1_266	WP_015910561.1	90.8	306	28	0	1	306	1	306	2.46e-185	517
RJJW01000001.1_267	WP_015910562.1	91.9	197	16	0	1	197	1	197	8.11e-130	367
RJJW01000001.1_269	WP_015910564.1	91.3	150	13	0	1	150	1	150	1.58e-95	277
RJJW01000001.1_270	WP_015910565.1	86.3	211	24	1	1	211	1	206	2.39e-114	329
RJJW01000001.1_273	WP_015910567.1	95.8	334	14	0	1	334	1	334	7.24e-240	657
RJJW01000001.1_274	WP_012943853.1	66.8	217	72	0	1	217	1	217	2.26e-99	293
RJJW01000001.1_275	WP_096388979.1	71.0	255	74	0	1	255	1	255	4.14e-127	366
RJJW01000001.1_276	WP_015910570.1	96.5	141	5	0	1	141	1	141	2.39e-88	258
RJJW01000001.1_277	WP_015910571.1	90.5	548	38	2	1	548	1	534	0.0	985
RJJW01000001.1_279	WP_049933491.1	84.2	665	86	6	1	665	1	646	0.0	979
RJJW01000001.1_280	WP_015910574.1	84.0	324	33	2	1	324	1	305	6.88e-185	516
RJJW01000001.1_283	WP_012659843.1	96.7	243	8	0	1	243	1	243	1.08e-159	447
RJJW01000001.1_284	WP_012659842.1	92.0	264	18	1	1	264	1	261	6.22e-155	436
RJJW01000001.1_285	WP_012659841.1	97.9	380	6	1	1	378	1	380	3.86e-214	596
RJJW01000001.1_286	WP_012659840.1	88.0	208	22	1	1	205	1	208	8.38e-121	345
RJJW01000001.1_288	WP_049933646.1	82.4	199	33	1	1	199	4	200	9.56e-105	304
RJJW01000001.1_289	WP_012659837.1	84.9	258	39	0	1	258	1	258	1.95e-158	445
RJJW01000001.1_290	WP_012659836.1	99.4	324	2	0	1	324	1	324	8.85e-220	605
RJJW01000001.1_291	WP_012659835.1	88.5	234	27	0	1	234	1	234	4.28e-141	399
RJJW01000001.1_293	WP_012659834.1	79.2	307	63	1	1	307	1	306	5.75e-164	464
RJJW01000001.1_294	WP_012659833.1	81.6	299	38	2	7	305	12	293	1.65e-165	466
RJJW01000001.1_297	WP_012659830.1	98.0	255	5	0	1	255	1	255	3.56e-148	419
RJJW01000001.1_300	WP_012659827.1	91.4	788	56	2	1	776	1	788	0.0	1377
RJJW01000001.1_301	WP_012659826.1	91.0	355	32	0	1	355	1	355	1.04e-229	633
RJJW01000001.1_302	WP_121921341.1	57.7	222	87	4	1	220	8	224	2.93e-82	249
RJJW01000001.1_303	WP_012659824.1	95.2	147	7	0	1	147	16	162	5.84e-102	293
RJJW01000001.1_304	WP_049933182.1	95.5	561	25	0	1	561	1	561	0.0	1022
RJJW01000001.1_306	WP_012659820.1	93.4	320	21	0	1	320	1	320	7.43e-210	580
RJJW01000001.1_307	WP_012659819.1	98.4	182	3	0	1	182	10	191	4.42e-115	329
RJJW01000001.1_308	WP_012659818.1	86.8	212	24	3	1	211	1	209	4.80e-117	336
RJJW01000001.1_309	WP_012659817.1	92.0	349	28	0	1	349	1	349	1.06e-235	648
RJJW01000001.1_310	WP_012659816.1	90.8	632	54	1	1	632	1	628	0.0	1165
RJJW01000001.1_311	WP_049933179.1	94.3	261	15	0	16	276	1	261	1.86e-182	506
RJJW01000001.1_312	WP_012659812.1	89.0	847	84	3	1	843	1	842	0.0	1382
RJJW01000001.1_313	WP_049933642.1	88.7	282	24	1	1	282	1	274	1.49e-168	472
RJJW01000001.1_314	WP_012659810.1	89.4	141	15	0	1	141	1	141	2.59e-92	268
RJJW01000001.1_315	WP_012659808.1	98.2	112	2	0	1	112	1	112	1.17e-72	216
RJJW01000001.1_316	WP_012659807.1	88.0	490	35	3	1	473	1	483	1.42e-312	853
RJJW01000001.1_317	WP_012659806.1	98.4	184	3	0	1	184	1	184	6.08e-130	367
RJJW01000001.1_318	WP_012659805.1	90.8	141	13	0	1	141	1	141	1.96e-87	256
RJJW01000001.1_321	WP_049933639.1	100	112	0	0	5	116	1	112	3.18e-32	115
RJJW01000001.1_322	WP_012659801.1	90.7	86	8	0	9	94	2	87	6.55e-49	154
RJJW01000001.1_323	WP_004049526.1	100	44	0	0	1	44	1	44	1.20e-28	100
RJJW01000001.1_324	WP_008849122.1	97.7	88	2	0	1	88	1	88	2.06e-55	171
RJJW01000001.1_325	WP_012659796.1	90.4	156	15	0	1	156	1	156	3.40e-102	294
RJJW01000001.1_328	WP_011224748.1	48.6	348	178	1	1	348	1	347	7.04e-101	306
RJJW01000001.1_329	WP_096390621.1	59.9	299	66	6	1	270	1	274	3.74e-108	319
RJJW01000001.1_330	WP_012659793.1	85.4	301	44	0	1	301	1	301	2.08e-179	501
RJJW01000001.1_331	WP_012659792.1	77.1	367	82	2	1	366	1	366	6.71e-125	369
RJJW01000001.1_332	WP_012659791.1	82.7	456	77	2	9	462	39	494	1.06e-269	746
RJJW01000001.1_333	WP_049933171.1	90.3	216	20	1	1	216	1	215	2.27e-136	385
RJJW01000001.1_334	WP_012659789.1	91.2	137	12	0	1	137	1	137	3.27e-80	237
RJJW01000001.1_335	WP_012659788.1	87.4	254	26	1	1	248	1	254	5.16e-156	438
RJJW01000001.1_336	WP_012659787.1	95.4	130	6	0	1	130	1	130	1.82e-89	260
RJJW01000001.1_337	WP_077205265.1	67.1	70	23	0	21	90	17	86	1.27e-25	95.9
RJJW01000001.1_338	WP_012659785.1	86.2	349	37	2	1	338	1	349	3.67e-186	523
RJJW01000001.1_339	WP_012659784.1	94.5	272	15	0	1	272	1	272	4.45e-187	518
RJJW01000001.1_341	WP_089670878.1	66.5	179	57	1	1	179	1	176	1.23e-71	221
RJJW01000001.1_343	WP_012659799.1	95.4	585	27	0	1	585	1	585	0.0	1049
RJJW01000001.1_344	WP_011222176.1	38.6	166	86	3	1	164	1	152	3.41e-24	97.4
RJJW01000001.1_345	WP_121919608.1	79.4	311	61	1	1	311	1	308	7.69e-177	496
RJJW01000001.1_346	WP_049933167.1	87.2	725	76	3	1	717	1	716	0.0	1240
RJJW01000001.1_347	WP_012659780.1	89.5	363	37	1	1	362	1	363	1.10e-220	612
RJJW01000001.1_349	WP_012659779.1	84.1	283	38	3	1	280	1	279	6.72e-156	440
RJJW01000001.1_351	WP_049954378.1	69.0	406	103	2	1	406	1	383	8.01e-206	576
RJJW01000001.1_352	WP_012659777.1	86.3	299	35	2	1	299	1	293	8.07e-173	484
RJJW01000001.1_353	WP_012659776.1	91.5	390	32	1	1	389	1	390	2.58e-245	676
RJJW01000001.1_354	WP_012659775.1	78.1	334	62	3	1	334	1	323	5.14e-173	488
RJJW01000001.1_355	WP_012659774.1	83.2	428	68	1	1	424	1	428	8.45e-251	692
RJJW01000001.1_356	WP_012659773.1	94.5	181	10	0	1	181	1	181	1.73e-114	327
RJJW01000001.1_359	WP_004958315.1	68.8	109	34	0	15	123	7	115	6.23e-48	156
RJJW01000001.1_361	WP_012659770.1	95.4	304	14	0	1	304	1	304	3.48e-216	595
RJJW01000001.1_362	WP_049933164.1	81.3	289	35	3	1	289	20	289	3.65e-166	467
RJJW01000001.1_363	WP_012659768.1	88.3	291	21	1	1	278	1	291	3.56e-190	527
RJJW01000001.1_365	WP_012659766.1	87.2	266	34	0	1	266	1	266	1.03e-158	446
RJJW01000001.1_367	WP_012659679.1	89.6	604	43	1	1	584	1	604	0.0	1023
RJJW01000001.1_369	WP_012659682.1	96.9	194	6	0	1	194	1	194	1.92e-131	372
RJJW01000001.1_370	WP_012659683.1	92.2	306	20	1	1	302	1	306	4.84e-191	531
RJJW01000001.1_371	WP_012659684.1	85.3	735	87	2	1	735	1	714	0.0	1209
RJJW01000001.1_373	WP_012659686.1	89.2	139	15	0	1	139	1	139	6.09e-81	239
RJJW01000001.1_374	WP_012659687.1	85.9	412	54	1	1	408	1	412	2.81e-234	649
RJJW01000001.1_375	WP_096391390.1	80.2	232	41	2	1	227	1	232	1.03e-121	350
RJJW01000001.1_376	WP_012659689.1	97.7	307	7	0	1	307	1	307	1.04e-86	267
RJJW01000001.1_377	WP_049933153.1	86.8	501	66	0	1	501	1	501	3.91e-301	826
RJJW01000001.1_378	WP_012659691.1	91.6	311	26	0	1	311	1	311	3.33e-197	547
RJJW01000001.1_379	WP_012659692.1	94.1	375	22	0	1	375	1	375	2.87e-237	654
RJJW01000001.1_380	WP_012659693.1	91.6	274	23	0	1	274	1	274	9.43e-174	485
RJJW01000001.1_382	WP_103425028.1	48.2	56	29	0	206	261	419	474	4.66e-08	59.3
RJJW01000001.1_383	WP_012659696.1	87.6	581	55	3	1	569	1	576	0.0	970
RJJW01000001.1_384	WP_012659697.1	92.5	201	15	0	18	218	12	212	7.40e-135	382
RJJW01000001.1_385	WP_012659698.1	91.7	303	25	0	3	305	9	311	3.19e-198	550
RJJW01000001.1_386	WP_012659700.1	95.6	318	14	0	1	318	1	318	2.83e-213	588
RJJW01000001.1_389	WP_012659702.1	87.3	448	54	1	1	445	1	448	7.59e-269	740
RJJW01000001.1_392	WP_012659705.1	87.5	351	40	1	1	351	1	347	1.12e-226	625
RJJW01000001.1_393	WP_012659706.1	69.8	381	70	2	4	347	5	377	9.50e-174	492
RJJW01000001.1_395	WP_012659708.1	92.3	762	53	3	1	759	1	759	0.0	1298
RJJW01000001.1_396	WP_012659709.1	90.7	389	36	0	1	389	1	389	9.24e-241	664
RJJW01000001.1_404	WP_049893955.1	40.4	89	53	0	362	450	2159	2247	1.39e-06	57.8
RJJW01000001.1_406	WP_119821654.1	58.5	386	158	1	1	386	1	384	3.55e-147	427
RJJW01000001.1_408	WP_012659719.1	87.0	300	39	0	80	379	1	300	1.54e-187	525
RJJW01000001.1_409	WP_012659720.1	83.5	801	129	1	1	801	1	798	0.0	1209
RJJW01000001.1_410	WP_008414308.1	66.4	149	48	1	1	149	6	152	1.96e-57	181
RJJW01000001.1_411	WP_012659722.1	90.4	114	11	0	1	114	1	114	6.71e-64	194
RJJW01000001.1_412	WP_012659723.1	87.9	535	65	0	1	535	1	535	0.0	875
RJJW01000001.1_413	WP_012659724.1	88.5	209	24	0	1	209	1	209	4.35e-129	368
RJJW01000001.1_414	WP_012659725.1	90.7	97	9	0	1	97	1	97	8.58e-50	157
RJJW01000001.1_415	WP_012659726.1	92.9	113	8	0	1	113	1	113	3.62e-72	215
RJJW01000001.1_420	WP_012659886.1	67.6	293	66	2	1	293	1	264	5.00e-118	344
RJJW01000001.1_421	WP_012659887.1	91.8	438	36	0	1	438	1	438	1.38e-292	799
RJJW01000001.1_422	WP_012659888.1	90.7	215	20	0	1	215	1	215	6.43e-136	385
RJJW01000001.1_423	WP_012659889.1	98.3	349	6	0	1	349	1	349	3.72e-241	662
RJJW01000001.1_424	WP_012659890.1	92.2	230	18	0	1	230	1	230	5.56e-139	394
RJJW01000001.1_425	WP_049933195.1	83.5	218	36	0	1	218	1	218	8.04e-118	339
RJJW01000001.1_426	WP_012659892.1	88.3	264	22	1	1	264	1	255	2.84e-161	452
RJJW01000001.1_428	WP_089671307.1	72.5	200	55	0	10	209	6	205	2.85e-100	294
RJJW01000001.1_429	WP_012659895.1	78.5	409	71	5	1	409	1	392	4.70e-205	575
RJJW01000001.1_431	WP_012659897.1	91.7	169	14	0	1	169	1	169	1.41e-103	299
RJJW01000001.1_433	WP_076611400.1	84.3	381	60	0	1	381	1	381	4.99e-241	664
RJJW01000001.1_436	WP_089673650.1	42.0	150	86	1	11	160	84	232	3.71e-32	120
RJJW01000001.1_438	WP_096391787.1	60.8	143	53	2	1	141	1	142	3.23e-48	157
RJJW01000001.1_439	WP_004965595.1	76.8	414	94	1	1	414	1	412	3.47e-230	639
RJJW01000001.1_442	WP_094245813.1	23.3	344	222	9	213	520	58	395	2.38e-08	62.4
RJJW01000001.1_443	WP_020444935.1	35.6	118	76	0	151	268	255	372	7.76e-14	77.4
RJJW01000001.1_446	WP_096391012.1	82.8	116	20	0	1	116	1	116	2.39e-63	193
RJJW01000001.1_450	WP_050048262.1	73.4	372	99	0	474	845	1	372	7.98e-193	560
RJJW01000001.1_452	WP_050048259.1	68.8	936	284	3	1	934	1	930	0.0	1289
RJJW01000001.1_460	WP_072514103.1	35.2	91	50	3	13	101	6	89	6.79e-04	48.1
RJJW01000001.1_462	WP_014051376.1	64.5	124	44	0	1	124	24	147	8.79e-49	163
RJJW01000001.1_463	WP_014051376.1	61.0	123	48	0	5	127	211	333	3.68e-41	144
RJJW01000001.1_470	WP_119817855.1	54.3	138	55	1	1	138	1	130	4.05e-38	131
RJJW01000001.1_477	WP_011222227.1	84.7	294	45	0	1	294	1	294	4.00e-185	515
RJJW01000001.1_479	WP_004962182.1	66.9	133	44	0	16	148	2	134	9.92e-55	192
RJJW01000001.1_481	WP_050048231.1	87.2	454	57	1	1	454	1	453	1.06e-274	755
RJJW01000001.1_487	WP_049942011.1	46.0	63	28	1	790	852	20	76	5.09e-07	56.6
RJJW01000001.1_489	WP_012945185.1	31.7	63	41	1	7	67	5	67	5.68e-04	42.4
RJJW01000001.1_496	WP_121921221.1	59.3	258	93	4	18	275	2	247	5.42e-87	264
RJJW01000001.1_507	WP_052883012.1	36.3	91	48	1	43	123	475	565	2.71e-05	47.8
RJJW01000001.1_513	WP_077350611.1	35.4	384	188	14	11	384	27	360	7.96e-39	148
RJJW01000001.1_521	WP_103428390.1	46.1	152	70	6	1	145	1	147	2.36e-21	89.4
RJJW01000001.1_522	WP_103427022.1	40.1	137	56	6	3	117	2	134	1.45e-14	71.6
RJJW01000001.1_525	WP_096391478.1	29.6	835	514	26	220	1019	479	1274	5.51e-72	267
RJJW01000001.1_529	WP_121922118.1	44.7	291	148	5	29	315	2	283	6.56e-68	219
RJJW01000001.1_539	WP_011384457.1	37.6	93	46	4	4	91	331	416	2.06e-07	55.8
RJJW01000001.1_540	WP_052716097.1	25.0	148	78	4	23	152	315	447	2.67e-06	53.1
RJJW01000001.1_542	WP_083769180.1	45.8	48	24	1	115	160	50	97	8.81e-06	48.1
RJJW01000001.1_548	WP_015911530.1	37.8	196	108	5	7	188	18	213	8.19e-29	116
RJJW01000001.1_557	WP_050047850.1	48.7	39	20	0	20	58	3	41	3.49e-05	42.7
RJJW01000001.1_561	WP_076611400.1	84.3	381	60	0	1	381	1	381	4.99e-241	664
RJJW01000001.1_565	WP_011223828.1	74.5	499	127	0	1	499	1	499	2.96e-246	687
RJJW01000001.1_566	WP_011223827.1	62.3	236	80	1	8	234	7	242	1.02e-100	298
RJJW01000001.1_567	WP_012943853.1	83.1	219	37	0	1	219	1	219	3.60e-137	388
RJJW01000001.1_569	WP_049890655.1	78.3	437	95	0	1	437	1	437	7.26e-225	628
RJJW01000001.1_570	WP_012943697.1	66.0	303	103	0	1	303	1	303	5.33e-139	400
RJJW01000001.1_571	WP_119820351.1	64.2	455	159	3	1	453	1	453	3.82e-194	551
RJJW01000001.1_573	WP_014865862.1	94.7	454	24	0	1	454	1	454	5.46e-314	855
RJJW01000001.1_579	WP_014555220.1	91.7	276	23	0	1	276	1	276	8.82e-180	500
RJJW01000001.1_580	WP_014555921.1	85.7	565	81	0	1	565	1	565	0.0	994
RJJW01000001.1_585	WP_014081126.1	33.2	295	174	7	25	307	15	298	1.99e-35	141
RJJW01000001.1_586	WP_049888720.1	50.7	67	31	1	7	73	51	115	1.25e-11	60.5
RJJW01000001.1_587	WP_013881877.1	78.6	332	71	0	2	333	8	339	5.71e-191	535
RJJW01000001.1_588	WP_004965691.1	79.8	119	24	0	1	119	1	119	2.03e-65	198
RJJW01000001.1_589	WP_011222592.1	90.3	134	13	0	1	134	1	134	1.36e-86	253
RJJW01000001.1_590	WP_089673521.1	85.1	335	50	0	18	352	1	335	1.42e-196	548
RJJW01000001.1_592	WP_011224899.1	74.2	279	70	1	1	279	1	277	5.50e-146	415
RJJW01000001.1_593	WP_010890424.1	94.3	418	24	0	1	418	1	418	9.78e-293	798
RJJW01000001.1_594	WP_015764173.1	87.7	391	48	0	1	391	1	391	8.15e-229	634
RJJW01000001.1_595	WP_049940923.1	86.8	151	19	1	2	152	3	152	2.50e-93	271
RJJW01000001.1_596	WP_049940918.1	85.9	185	26	0	1	185	1	185	3.71e-111	319
RJJW01000001.1_597	WP_010890416.1	91.9	397	32	0	1	397	1	397	6.19e-266	728
RJJW01000001.1_598	WP_010890415.1	88.8	80	9	0	1	80	1	80	8.84e-47	148
RJJW01000001.1_599	WP_015764168.1	93.2	190	13	0	1	190	1	190	1.35e-120	343
RJJW01000001.1_600	WP_015911112.1	72.7	198	54	0	11	208	17	214	5.33e-89	265
RJJW01000001.1_601	WP_020445457.1	79.0	381	80	0	1	381	1	381	2.80e-231	639
RJJW01000001.1_602	WP_089673528.1	76.0	75	18	0	4	78	6	80	8.56e-35	118
RJJW01000001.1_603	WP_013881937.1	64.8	196	69	0	2	197	4	199	1.16e-95	281
RJJW01000001.1_605	WP_049895714.1	75.5	404	99	0	9	412	11	414	3.21e-224	625
RJJW01000001.1_609	WP_108381344.1	63.6	239	85	2	7	245	5	241	2.14e-106	312
RJJW01000001.1_611	WP_083823756.1	75.0	120	30	0	15	134	15	134	7.54e-57	178
RJJW01000001.1_612	WP_103425413.1	60.0	125	50	0	4	128	3	127	1.27e-46	152
RJJW01000001.1_613	WP_014052918.1	87.0	146	19	0	1	146	1	146	5.13e-90	263
RJJW01000001.1_614	WP_011222590.1	79.0	186	39	0	1	186	1	186	3.21e-101	294
RJJW01000001.1_615	WP_084569144.1	66.7	702	234	0	19	720	16	717	0.0	949
RJJW01000001.1_617	WP_015233769.1	33.6	307	196	5	22	322	19	323	1.90e-53	183
RJJW01000001.1_618	WP_005580915.1	38.5	377	212	9	15	378	12	381	8.87e-56	207
RJJW01000001.1_620	WP_011222211.1	86.4	448	59	2	1	446	1	448	1.58e-289	792
RJJW01000001.1_623	WP_013875937.1	96.4	137	5	0	1	137	1	137	9.14e-91	264
RJJW01000001.1_624	WP_006054727.1	95.4	304	14	0	1	304	1	304	1.84e-210	580
RJJW01000001.1_626	WP_010904195.1	98.1	215	4	0	1	215	1	215	2.58e-144	405
RJJW01000001.1_627	WP_010904194.1	99.3	410	3	0	1	410	1	410	1.94e-287	784
RJJW01000001.1_628	WP_010904193.1	96.0	722	29	0	1	722	1	722	0.0	1386
RJJW01000001.1_630	WP_008414173.1	43.0	244	103	6	3	240	12	225	5.42e-52	174
RJJW01000001.1_632	WP_050048253.1	82.7	452	59	2	5	438	1	451	1.17e-271	747
RJJW01000001.1_634	WP_004043364.1	97.4	228	6	0	9	236	1	228	3.91e-168	467
RJJW01000001.1_635	WP_004043363.1	98.5	342	5	0	1	342	1	342	2.43e-242	664
RJJW01000001.1_639	WP_121921657.1	92.1	491	39	0	1	491	1	491	0.0	941
RJJW01000001.1_640	WP_121921658.1	76.0	675	162	0	1	675	1	675	0.0	920
RJJW01000001.1_642	WP_121921660.1	84.7	392	60	0	1	392	1	392	3.14e-245	676
RJJW01000001.1_643	WP_083216079.1	45.8	530	272	5	122	650	1	516	1.56e-139	423
RJJW01000001.1_645	WP_011578992.1	29.0	631	424	9	1	615	21	643	3.10e-64	229
RJJW01000001.1_649	WP_011222401.1	98.5	272	4	0	1	272	1	272	1.28e-186	517
RJJW01000001.1_651	WP_010890413.1	92.1	331	26	0	1	331	1	331	4.65e-214	592
RJJW01000001.1_652	WP_010890412.1	89.8	482	49	0	1	482	1	482	0.0	886
RJJW01000001.1_653	WP_008453325.1	54.8	219	99	0	1	219	1	219	5.31e-71	221
RJJW01000001.1_654	WP_015910355.1	67.7	189	53	1	1	181	1	189	3.92e-88	261
RJJW01000001.1_655	WP_096389858.1	74.9	227	56	1	1	227	1	226	3.21e-119	343
RJJW01000001.1_658	WP_049892503.1	38.5	109	66	1	5	112	3	111	2.54e-20	84.3
RJJW01000001.1_660	WP_086890106.1	35.4	384	234	8	55	428	23	402	8.24e-58	208
RJJW01000001.1_661	WP_077207898.1	65.9	214	73	0	5	218	13	226	7.65e-90	268
RJJW01000001.1_662	WP_006056132.1	63.8	94	34	0	1	94	325	418	2.54e-33	124
