SJER01000008.1_4	WP_004216322.1	49.9	393	170	6	11	402	7	373	3.75e-120	358
SJER01000008.1_30	WP_007190503.1	82.8	116	20	0	1	116	1	116	1.84e-70	211
SJER01000008.1_31	WP_049951608.1	30.5	442	254	9	26	419	264	700	5.67e-52	190
SJER01000008.1_48	WP_049890677.1	68.3	268	80	2	1	268	1	263	3.77e-126	364
SJER01000008.1_51	WP_013906788.1	42.9	49	28	0	72	120	538	586	8.32e-05	46.2
SJER01000008.1_54	WP_011958531.1	29.7	111	73	2	50	159	28	134	7.37e-04	44.7
SJER01000008.1_62	WP_121918993.1	57.1	91	38	1	27	116	5	95	2.95e-26	99.0
SJER01000008.1_67	WP_103428398.1	69.2	260	80	0	33	292	1	260	5.95e-134	385
SJER01000008.1_69	WP_081461325.1	46.0	215	114	2	10	223	1	214	1.10e-63	202
SJER01000008.1_75	WP_012946216.1	63.6	651	173	8	1	624	1	614	2.15e-282	789
SJER01000008.1_92	WP_128477169.1	47.3	150	74	4	1	147	1	148	1.50e-37	130
SJER01000008.1_94	WP_008414059.1	61.6	73	28	0	41	113	1	73	3.60e-22	88.2
SJER01000008.1_96	WP_049891783.1	42.7	96	54	1	22	117	19	113	2.07e-17	77.0
SJER01000008.1_104	WP_049934659.1	35.0	340	206	7	1	331	1	334	5.62e-45	162
SJER01000008.1_105	WP_014554940.1	56.3	396	172	1	1	395	1	396	2.02e-152	441
SJER01000008.1_107	WP_008524892.1	34.6	156	101	1	13	168	12	166	6.45e-21	89.4
SJER01000008.1_111	WP_089672686.1	34.8	587	308	22	51	593	71	626	2.19e-70	264
SJER01000008.1_122	WP_007142725.1	61.3	75	28	1	4	78	9	82	1.35e-18	82.0
SJER01000008.1_123	WP_014864112.1	47.4	137	52	5	9	128	14	147	6.09e-21	87.4
SJER01000008.1_124	WP_086887052.1	44.5	128	61	2	4	121	9	136	2.31e-19	83.6
SJER01000008.1_128	WP_103428369.1	31.4	490	290	14	44	517	54	513	1.55e-47	179
SJER01000008.1_145	WP_010546857.1	62.8	312	113	2	3	313	1	310	9.44e-136	392
SJER01000008.1_149	WP_004216322.1	49.9	393	170	6	11	402	7	373	3.75e-120	358
