#                                                                            --- full sequence --- -------------- this domain -------------   hmm coord   ali coord   env coord
# target name        accession   tlen query name           accession   qlen   E-value  score  bias   #  of  c-Evalue  i-Evalue  score  bias  from    to  from    to  from    to  acc description of target
#------------------- ---------- ----- -------------------- ---------- ----- --------- ------ ----- --- --- --------- --------- ------ ----- ----- ----- ----- ----- ----- ----- ---- ---------------------
28                   -            336 3t61A00-i2           -            202   6.5e-05   24.5   0.3   1   2   1.9e-08    0.0012   20.4   0.0    15    56    42    83    32   129 0.79 -
28                   -            336 3t61A00-i2           -            202   6.5e-05   24.5   0.3   2   2     0.015     1e+03    1.1   0.1   133   164   241   272   222   283 0.76 -
2                    -           1425 1vyhC01-i1           -            310   6.4e-10   40.2   1.9   1   2   9.9e-15   6.4e-10   40.2   1.9    25   264   232   441   208   452 0.67 -
2                    -           1425 1vyhC01-i1           -            310   6.4e-10   40.2   1.9   2   2   1.3e-06     0.086   13.5   5.3    20   246   307   535   300   560 0.70 -
33                   -            306 3guvA00-i2           -            167   2.2e-42  146.5   0.1   1   1     1e-46   3.3e-42  145.9   0.1     5   158    14   164    11   166 0.98 -
43                   -            474 3guvA00-i2           -            167   5.2e-27   96.5   0.9   1   1   3.9e-31   1.3e-26   95.2   0.9     8   157   123   273   120   275 0.93 -
2                    -           1425 4ozuA01-i2           -            351   1.3e-08   36.4   7.7   1   1   4.5e-12   2.9e-07   32.0   7.7    58   309   236   453   226   536 0.60 -
25                   -            556 2z30A00-i2           -            320   2.2e-46  160.4  17.4   1   1   5.2e-51   3.4e-46  159.8  17.4    26   313   209   504   191   508 0.78 -
24                   -            130 1bvsA02-i2           -             83   6.1e-07   31.3   0.0   1   2     4e-06      0.26   13.3   0.0    46    66    77    96    43   102 0.70 -
24                   -            130 1bvsA02-i2           -             83   6.1e-07   31.3   0.0   2   2   6.3e-09   0.00041   22.2   0.0    10    58    76   121    67   126 0.85 -
28                   -            336 1njgB01-i2           -             84   0.00013   23.6   0.4   1   1   4.2e-09   0.00028   22.5   0.4    37    80   204   251   163   255 0.73 -
25                   -            556 4hvlA00-i2           -            377   9.4e-46  158.2  21.0   1   1   2.2e-50   1.4e-45  157.7  21.0    35   365   184   504   167   509 0.79 -
2                    -           1425 4czxA00-i2           -            324   6.1e-12   47.2  17.7   1   2   1.8e-10   1.2e-05   26.5   1.7   163   283   228   334   204   340 0.81 -
2                    -           1425 4czxA00-i2           -            324   6.1e-12   47.2  17.7   2   2   1.2e-09   7.7e-05   23.9  13.3   105   217   321   448   305   568 0.70 -
38                   -             85 2w25A01-i2           -             52   0.00063   21.4   0.1   1   1   1.5e-08   0.00097   20.8   0.1     4    47    13    58    12    59 0.82 -
14                   -            791 3mq0A01-i2           -             79   0.00056   21.4   0.0   1   1   2.8e-08    0.0018   19.7   0.0    11    68   721   777   720   781 0.93 -
28                   -            336 2ce7A01-i2           -            185   2.7e-08   35.7   0.0   1   2   1.3e-12   8.5e-08   34.1   0.0    45   122    41   136    16   180 0.73 -
28                   -            336 2ce7A01-i2           -            185   2.7e-08   35.7   0.0   2   2      0.12   7.8e+03   -1.7   0.0    85   124   275   297   231   328 0.61 -
2                    -           1425 4j82A01-i1           -            294   3.7e-07   31.3   9.5   1   2   1.9e-09   0.00012   23.0   0.2    65   176   232   298   192   334 0.53 -
2                    -           1425 4j82A01-i1           -            294   3.7e-07   31.3   9.5   2   2   5.3e-05       3.5    8.4   7.3    24   212   313   486   301   556 0.67 -
33                   -            306 5c31L00-i2           -            128   5.6e-25   89.8   0.0   1   1   2.8e-29     9e-25   89.2   0.0     4   125    18   143    17   145 0.92 -
43                   -            474 5c31L00-i2           -            128   2.1e-17   65.3   2.5   1   2   6.5e-22   2.1e-17   65.3   0.3     3   122   123   253   123   258 0.83 -
43                   -            474 5c31L00-i2           -            128   2.1e-17   65.3   2.5   2   2      0.24   7.8e+03   -1.2   0.1    68   106   334   372   331   388 0.76 -
33                   -            306 4bqqB02-i2           -            221   3.9e-11   45.3   0.1   1   1     2e-15   6.4e-11   44.6   0.1     9   162   155   254   148   293 0.81 -
43                   -            474 4bqqB02-i2           -            221   1.3e-05   27.2   0.0   1   2      0.21   6.7e+03   -1.2   0.0    70   110   124   162    92   173 0.55 -
43                   -            474 4bqqB02-i2           -            221   1.3e-05   27.2   0.0   2   2   2.3e-09   7.5e-05   24.8   0.0    22   203   280   396   278   430 0.71 -
42                   -            989 2b3tA02-i2           -            192   3.1e-08   35.4   0.0   1   1   1.5e-12   9.8e-08   33.8   0.0    22   156   317   528   298   559 0.64 -
28                   -            336 6gcnB01-i2           -            196   1.9e-08   36.1   0.0   1   2   8.6e-13   5.6e-08   34.6   0.0    55   132    41   136    15   181 0.72 -
28                   -            336 6gcnB01-i2           -            196   1.9e-08   36.1   0.0   2   2      0.12   7.7e+03   -1.7   0.0    88    88   268   268   227   327 0.59 -
28                   -            336 2v1uA01-i2           -            107   5.1e-19   69.9   3.4   1   1   2.3e-23   1.5e-18   68.4   3.4     8    99   171   259   167   266 0.93 -
28                   -            336 1d2nA01-i2           -            172   3.4e-09   38.6   0.0   1   2   1.8e-13   1.1e-08   36.9   0.0    16   115    27   137    14   175 0.73 -
28                   -            336 1d2nA01-i2           -            172   3.4e-09   38.6   0.0   2   2      0.11   7.3e+03   -1.5   0.0   101   120   282   301   229   329 0.61 -
25                   -            556 3f7mA00-i2           -            279   1.6e-46  160.7  14.7   1   1   3.9e-51   2.5e-46  160.1  14.7    20   244   199   465   189   493 0.77 -
2                    -           1425 4hdjA00-i2           -            367   9.6e-15   56.7  19.2   1   1   1.8e-17   1.2e-12   49.8  19.2    52   319   228   480   182   599 0.64 -
44                   -            457 4mz7A01-i2           -            340   2.9e-22   81.4   0.2   1   1     8e-27   5.2e-22   80.6   0.2    15   203    33   222    20   273 0.81 -
28                   -            336 2a5yC01-i2           -            182   5.1e-06   28.1   0.0   1   1   1.6e-10   1.1e-05   27.0   0.0    21   150    20   137     9   158 0.75 -
28                   -            336 4ww0B01-i2           -            189   1.9e-08   36.2   0.0   1   2   9.2e-13     6e-08   34.6   0.0    47   125    41   137    15   183 0.70 -
28                   -            336 4ww0B01-i2           -            189   1.9e-08   36.2   0.0   2   2      0.11   7.3e+03   -1.6   0.0   100   100   273   273   227   328 0.58 -
4                    -             95 1n0eA00-i2           -            145   0.00015   23.5   0.0   1   2   1.6e-05         1   11.1   0.0    80   103     4    27     1    41 0.78 -
4                    -             95 1n0eA00-i2           -            145   0.00015   23.5   0.0   2   2   1.7e-05       1.1   11.0   0.0    74   105    46    77    36    85 0.87 -
33                   -            306 4bqqA01-i2           -            149   1.2e-30  108.3   0.0   1   1   5.3e-35   1.7e-30  107.7   0.0     4   137    15   135    12   144 0.91 -
43                   -            474 4bqqA01-i2           -            149   5.9e-23   83.3   0.5   1   1   4.3e-27   1.4e-22   82.0   0.5     6   143   123   253   120   258 0.83 -
25                   -            556 2gkoA00-i2           -            309   2.8e-50  173.1  18.4   1   1   6.8e-55   4.4e-50  172.5  18.4    17   284   202   486   194   501 0.82 -
28                   -            336 2qz4A01-i2           -            176   9.2e-09   37.2   0.0   1   2   5.1e-13   3.4e-08   35.4   0.0    37   112    43   136    19   183 0.77 -
28                   -            336 2qz4A01-i2           -            176   9.2e-09   37.2   0.0   2   2       0.1   6.6e+03   -1.4   0.0    72    89   272   289   221   328 0.63 -
28                   -            336 4w5wA01-i2           -            185   6.2e-08   34.4   0.0   1   3   9.5e-12   6.2e-07   31.2   0.0    35   113    44   136    20   167 0.86 -
28                   -            336 4w5wA01-i2           -            185   6.2e-08   34.4   0.0   2   3     0.039   2.5e+03   -0.2   0.1   113   147   234   268   230   287 0.69 -
28                   -            336 4w5wA01-i2           -            185   6.2e-08   34.4   0.0   3   3      0.43   2.8e+04   -3.6   0.0   106   130   288   312   285   329 0.50 -
28                   -            336 1jbkA00-i2           -            195   4.2e-12   47.7   0.3   1   2   2.3e-16   1.5e-11   45.9   0.1    22   194    20   193     8   194 0.72 -
28                   -            336 1jbkA00-i2           -            195   4.2e-12   47.7   0.3   2   2     0.065   4.3e+03   -1.3   0.0   104   145   273   313   226   323 0.62 -
28                   -            336 3uk6F01-i2           -            237   6.2e-05   24.8   0.5   1   1   2.1e-09   0.00014   23.7   0.5    23   127    21   136     3   293 0.72 -
2                    -           1425 2pm7D01-i1           -            288   0.00013   23.1   2.9   1   2   2.4e-09   0.00016   22.8   0.6    67   277   234   447   227   454 0.68 -
2                    -           1425 2pm7D01-i1           -            288   0.00013   23.1   2.9   2   2     0.072   4.7e+03   -1.8   0.1   141   182  1156  1198  1142  1227 0.62 -
38                   -             85 5dukB00-i2           -             77   8.3e-05   24.1   0.0   1   1   1.5e-09   9.9e-05   23.8   0.0    11    62    13    66    10    72 0.84 -
25                   -            556 2x8jB01-i2           -            312   3.2e-48  166.3  17.4   1   1   7.5e-53   4.9e-48  165.6  17.4    32   293   202   489   185   506 0.78 -
28                   -            336 4lgmA01-i2           -            174   1.5e-09   39.9   0.0   1   2   1.1e-13   6.9e-09   37.8   0.0    32   164    41   171    15   181 0.74 -
28                   -            336 4lgmA01-i2           -            174   1.5e-09   39.9   0.0   2   2      0.08   5.2e+03   -0.9   0.0    69   118   272   299   227   329 0.59 -
25                   -            556 3f7oA00-i2           -            284     4e-46  159.5  14.4   1   1   9.4e-51   6.1e-46  158.8  14.4    23   252   201   471   189   494 0.79 -
25                   -            556 4kg7A00-i2           -            381   1.7e-43  151.0  20.7   1   1   3.8e-48   2.5e-43  150.5  20.7    42   372   188   504   167   509 0.75 -
25                   -            556 5fbzA01-i2           -            316   3.7e-45  156.4  17.8   1   1   8.9e-50   5.8e-45  155.8  17.8    16   312   205   503   195   505 0.80 -
2                    -           1425 3ow8C00-i1           -            301   4.9e-09   37.5   9.1   1   3   5.6e-11   3.7e-06   28.0   0.5   155   265   227   332   192   336 0.80 -
2                    -           1425 3ow8C00-i1           -            301   4.9e-09   37.5   9.1   2   3   5.7e-07     0.037   14.9   1.7   159   293   310   438   306   446 0.59 -
2                    -           1425 3ow8C00-i1           -            301   4.9e-09   37.5   9.1   3   3      0.17   1.1e+04   -3.1   0.2   167   183   508   524   497   564 0.50 -
28                   -            336 2w58B01-i2           -            196   0.00018   23.3   0.0   1   1   5.7e-09   0.00037   22.3   0.0    47   189    38   175    12   179 0.72 -
38                   -             85 4pcqA01-i2           -             50   0.00025   22.7   0.1   1   1   5.2e-09   0.00034   22.3   0.1    10    45    23    58    13    60 0.85 -
28                   -            336 1sxjE01-i2           -            193   6.2e-05   25.1   0.0   1   1   4.4e-09   0.00029   22.9   0.0    24    83    34    92    13   139 0.62 -
2                    -           1425 4ci8A01-i2           -            342   4.6e-10   40.8  10.9   1   2     4e-10   2.6e-05   25.2   0.0   170   238   232   295   207   303 0.81 -
2                    -           1425 4ci8A01-i2           -            342   4.6e-10   40.8  10.9   2   2   3.4e-07     0.022   15.6   8.0    81   231   306   449   298   535 0.72 -
28                   -            336 4loaA00-i2           -            173   0.00054   22.0   0.0   1   1   1.9e-08    0.0012   20.8   0.0     9   114    50   169    48   217 0.63 -
44                   -            457 2dqbB00-i1           -            376   8.6e-82  277.3   0.9   1   1     5e-86   3.3e-81  275.4   0.9    22   374    15   442     3   444 0.70 -
28                   -            336 3sfzA01-i2           -            183   1.5e-09   39.6   0.0   1   1   5.1e-14   3.3e-09   38.5   0.0    20   148    17   135     9   159 0.76 -
42                   -            989 1o9gA01-i2           -            207   8.1e-08   33.9   0.1   1   2   2.1e-08    0.0014   20.1   0.0    43    98   311   380   295   407 0.70 -
42                   -            989 1o9gA01-i2           -            207   8.1e-08   33.9   0.1   2   2     1e-05      0.68   11.3   0.0   119   158   452   482   430   503 0.71 -
25                   -            556 1t1gA00-i2           -            364   3.1e-22   81.3  16.6   1   1   1.1e-26   7.3e-22   80.0  16.6    18   292   205   459   192   484 0.72 -
20                   -            261 5iybM01-i2           -             98   1.4e-23   84.8   0.1   1   2   1.7e-14   1.1e-09   40.3   0.0     3    92    74   163    72   166 0.96 -
20                   -            261 5iybM01-i2           -             98   1.4e-23   84.8   0.1   2   2   3.8e-15   2.5e-10   42.3   0.0    12    92   177   254   171   257 0.87 -
14                   -            791 2wteA02-i2           -             72   0.00095   20.8   0.0   1   2     0.046     3e+03   -0.0   0.0    22    62   367   409   361   412 0.79 -
14                   -            791 2wteA02-i2           -             72   0.00095   20.8   0.0   2   2   1.5e-07    0.0096   17.6   0.0     9    67   725   782   720   785 0.87 -
28                   -            336 6blbA01-i2           -            162   1.2e-09   40.0   0.0   1   1   3.4e-14   2.2e-09   39.2   0.0    10   153    22   172    13   181 0.71 -
28                   -            336 6blbA02-i2           -             76   8.3e-05   24.3   0.5   1   2       0.3   1.9e+04   -2.5   0.2    41    50    89    98    84   108 0.77 -
28                   -            336 6blbA02-i2           -             76   8.3e-05   24.3   0.5   2   2   1.3e-09   8.3e-05   24.3   0.5     1    73   184   258   184   260 0.94 -
14                   -            791 1mkmB01-i2           -             78   0.00037   21.9   0.0   1   1   1.5e-08   0.00095   20.6   0.0     8    65   721   777   720   784 0.93 -
33                   -            306 6dgcA01-i2           -            101   8.6e-24   85.7   0.0   1   1   4.3e-28   1.4e-23   85.1   0.0     2    99    15   117    14   119 0.94 -
43                   -            474 6dgcA01-i2           -            101   1.2e-20   75.7   0.9   1   2   8.8e-25   2.9e-20   74.4   0.1     4    97   123   224   122   226 0.91 -
43                   -            474 6dgcA01-i2           -            101   1.2e-20   75.7   0.9   2   2      0.76   2.5e+04   -2.4   0.1    41    70   312   341   294   345 0.69 -
2                    -           1425 4d0kA01-i2           -            322   2.9e-11   45.1  19.0   1   2   7.1e-11   4.6e-06   28.0   1.3   152   281   217   334   204   344 0.81 -
2                    -           1425 4d0kA01-i2           -            322   2.9e-11   45.1  19.0   2   2   7.8e-09   0.00051   21.3  13.1   109   274   327   487   319   574 0.65 -
38                   -             85 2k4bA00-i2           -             69   0.00016   23.7   0.0   1   1   3.6e-09   0.00023   23.1   0.0     8    61    14    66    12    71 0.84 -
38                   -             85 2p4wA01-i2           -            103   0.00068   21.4   0.0   1   1   1.2e-08   0.00077   21.2   0.0    25    69    23    65    11    78 0.80 -
25                   -            556 1sbtA00-i2           -            275   3.4e-48  166.2  15.6   1   1   8.3e-53   5.4e-48  165.6  15.6    15   270   202   502   194   504 0.83 -
2                    -           1425 2pbiB00-i1           -            354   8.8e-08   33.2   5.7   1   1   1.5e-11   9.6e-07   29.8   5.7   109   346   219   435   188   535 0.80 -
25                   -            556 1wmdA01-i2           -            317   1.7e-44  154.2  18.4   1   1     4e-49   2.6e-44  153.7  18.4    15   313   204   503   194   505 0.80 -
14                   -            791 4nh0A02-i2           -            308   2.1e-07   32.4   0.0   1   2   0.00054        35    5.3   0.0    31    87   167   221   140   229 0.74 -
14                   -            791 4nh0A02-i2           -            308   2.1e-07   32.4   0.0   2   2   9.1e-10   5.9e-05   24.3   0.0   167   261   454   568   408   604 0.77 -
24                   -            130 1kftA00-i2           -             56   6.8e-07   31.5   0.0   1   1   1.7e-11   1.1e-06   30.8   0.0     7    49    78   120    76   125 0.95 -
24                   -            130 4bxoB02-i2           -             72     6e-07   31.5   0.0   1   1   1.4e-11   9.1e-07   30.9   0.0    15    64    69   120    62   125 0.89 -
28                   -            336 3h4mA01-i2           -            187   7.5e-08   34.3   0.0   1   2   3.2e-12   2.1e-07   32.9   0.0    48   124    42   136    17   181 0.71 -
28                   -            336 3h4mA01-i2           -            187   7.5e-08   34.3   0.0   2   2      0.16   1.1e+04   -2.0   0.0    90    90   278   278   231   326 0.60 -
28                   -            336 6g2zA01-i2           -            189   8.2e-09   37.3   0.0   1   2   3.3e-13   2.1e-08   36.0   0.0    50   126    42   136    16   182 0.74 -
28                   -            336 6g2zA01-i2           -            189   8.2e-09   37.3   0.0   2   2      0.17   1.1e+04   -2.3   0.0    89    99   275   285   232   320 0.59 -
28                   -            336 1sxjA01-i2           -            183   5.9e-10   41.4   0.0   1   1   1.8e-14   1.2e-09   40.4   0.0    23   164    29   158    17   172 0.72 -
2                    -           1425 3jbtA05-i1           -            357   2.4e-05   25.1   3.9   1   2   3.7e-10   2.4e-05   25.1   3.9   121   342   236   443   208   455 0.78 -
2                    -           1425 3jbtA05-i1           -            357   2.4e-05   25.1   3.9   2   2    0.0016   1.1e+02    3.2   5.0   111   199   345   432   306   565 0.60 -
28                   -            336 2p5tF00-i2           -            253   0.00032   22.0   1.5   1   1   1.6e-08     0.001   20.4   1.4    19    65    32    78    25   280 0.88 -
24                   -            130 2m9nA00-i2           -             63   8.7e-08   34.2   0.0   1   1     2e-12   1.3e-07   33.6   0.0    12    54    76   120    67   125 0.90 -
25                   -            556 3ti9A00-i2           -            352   5.8e-46  159.1  18.4   1   1   1.4e-50   8.9e-46  158.4  18.4    24   335   202   505   184   515 0.78 -
42                   -            989 2f8lA02-i2           -            245   2.8e-32  113.7   0.0   1   1   7.4e-37   4.8e-32  113.0   0.0     8   211   301   582   296   599 0.82 -
2                    -           1425 4jdzA03-i2           -            115   0.00013   24.2   9.0   1   5     0.011   7.4e+02    2.4   0.4    60   105   216   260   187   267 0.66 -
2                    -           1425 4jdzA03-i2           -            115   0.00013   24.2   9.0   2   5     2e-09   0.00013   24.2   9.0    18    83   496   558   493   603 0.82 -
2                    -           1425 4jdzA03-i2           -            115   0.00013   24.2   9.0   3   5      0.54   3.5e+04   -3.0   0.1    40    52   717   729   703   776 0.60 -
2                    -           1425 4jdzA03-i2           -            115   0.00013   24.2   9.0   4   5   2.7e-05       1.8   10.8   0.9    36    91   814   864   791   900 0.67 -
2                    -           1425 4jdzA03-i2           -            115   0.00013   24.2   9.0   5   5     0.027   1.8e+03    1.2   3.5    21    78  1169  1234  1147  1281 0.56 -
25                   -            556 4mzdA00-i2           -            356   7.1e-46  158.7  19.3   1   1   1.7e-50   1.1e-45  158.1  19.3    20   311   203   468   194   498 0.82 -
13                   -            114 4h9dB00-i2           -             95   1.4e-09   39.7   1.0   1   1   2.7e-14   1.8e-09   39.3   1.0    24    79    32    94    24   103 0.80 -
28                   -            336 1njgA02-i2           -             66   0.00028   22.3   0.5   1   1     1e-08   0.00067   21.0   0.5    20    60   205   249   188   255 0.78 -
2                    -           1425 5u69A00-i2           -            369   6.4e-10   40.7  11.6   1   1     3e-13     2e-08   35.8  11.6    92   323   231   438   200   555 0.71 -
25                   -            556 2iy9A00-i2           -            325   1.5e-42  147.8  18.7   1   1   3.6e-47   2.3e-42  147.1  18.7    17   307   206   508   195   523 0.77 -
28                   -            336 1r6bX04-i2           -            214   2.3e-07   32.5   0.0   1   1   6.7e-12   4.4e-07   31.6   0.0    17   132    17   135    12   184 0.77 -
28                   -            336 4cvnA00-i2           -            191   0.00097   21.1   0.0   1   1   3.1e-08     0.002   20.0   0.0    17    88    51   124    49   262 0.67 -
25                   -            556 3wqbA01-i2           -            412   3.6e-41  143.4  21.1   1   1   8.1e-46   5.3e-41  142.9  21.1    42   398   202   500   168   521 0.76 -
44                   -            457 2hekA01-i2           -            281   9.3e-21   76.3   0.1   1   1   3.1e-25     2e-20   75.2   0.1    13   137    32   177    20   273 0.62 -
25                   -            556 5yl7A00-i2           -            347   2.6e-45  157.0  19.6   1   1   6.1e-50     4e-45  156.4  19.6    24   334   202   505   176   511 0.78 -
44                   -            457 2q14C01-i2           -            241   6.4e-11   43.7   0.1   1   1   1.5e-15     1e-10   43.1   0.1    25   123    39   221    20   274 0.60 -
42                   -            989 5hfjC00-i2           -            232   0.00024   22.8   0.0   1   2   1.3e-05      0.83   11.2   0.0   184   208   317   341   274   375 0.81 -
42                   -            989 5hfjC00-i2           -            232   0.00024   22.8   0.0   2   2   5.3e-05       3.5    9.1   0.0    16    90   454   533   447   636 0.65 -
28                   -            336 5bq5B00-i2           -            189   1.3e-06   30.3   0.1   1   2   5.9e-11   3.8e-06   28.7   0.0    24   165    29   175    21   185 0.73 -
28                   -            336 5bq5B00-i2           -            189   1.3e-06   30.3   0.1   2   2      0.15     1e+04   -2.0   0.1   129   152   293   316   284   332 0.50 -
25                   -            556 1dbiA00-i2           -            280   3.4e-48  166.2  15.5   1   1   7.9e-53   5.2e-48  165.6  15.5    22   274   202   502   186   505 0.80 -
42                   -            989 2pjdA02-i2           -            185   9.6e-09   36.6   0.0   1   1     5e-13   3.3e-08   34.8   0.0    23   147   305   528   291   543 0.74 -
2                    -           1425 4yvdA01-i1           -            296   9.6e-13   49.5  18.0   1   4   6.9e-17   4.5e-12   47.3   3.9    25   241   232   439   207   464 0.84 -
2                    -           1425 4yvdA01-i1           -            296   9.6e-13   49.5  18.0   2   4   7.2e-08    0.0047   17.7   6.2    61   251   306   488   296   533 0.73 -
2                    